LDR: E PSFLoader::Load() failed: unknown magic (0x0)
G: ! RPCS3 v0.0.0.6-3686-2f211e4
G: ! 
G: ! Stopping emulator...
LDR: ! Loading 'D:/Emulateurs/Rpcs3/dev_hdd0/game/NPEA00241/USRDIR/BOOT.BIN'...
G: W fs::file::open('D:/Emulateurs/Rpcs3/dev_hdd0/game/NPEA00241/dev_bdvd.path', 0x1) failed: error 0x2
LDR: ! 
LDR: ! Mount info:
LDR: ! /dev_usb000/ -> D:/Emulateurs/Rpcs3/dev_usb000/
LDR: ! /dev_flash/ -> D:/Emulateurs/Rpcs3/dev_flash/
LDR: ! /host_root/ -> 
LDR: ! /dev_hdd0/ -> D:/Emulateurs/Rpcs3/dev_hdd0/
LDR: ! /dev_hdd1/ -> D:/Emulateurs/Rpcs3/dev_hdd1/
LDR: ! /dev_usb/ -> D:/Emulateurs/Rpcs3/dev_usb000/
LDR: ! 
LDR: ! Settings:
LDR: ! CPU: PPU Interpreter 2
LDR: ! SPU: SPU Recompiler (ASMJIT)
LDR: ! Renderer: DirectX 12
LDR: ! D3D Adapter: WARP
LDR: ! Resolution: 1280x720
LDR: ! Write Depth Buffer: No
LDR: ! Write Color Buffers: No
LDR: ! Read Color Buffer: No
LDR: ! Audio Out: XAudio2
LDR: ! Log Everything: No
LDR: ! RSX Logging: No
LDR: ! 
LDR: ! Title: LittleBigPlanet™
LDR: ! Serial: NPEA00241
LDR: ! Elf path: /dev_hdd0/game/NPEA00241/USRDIR/BOOT.BIN
LDR: ! 
LDR: ! loader::init() failed: Broken file
LDR: ! *** sdk version: 0x310001
LDR: ! *** primary prio: 800
LDR: ! *** primary stacksize: 0x40000
LDR: ! *** malloc pagesize: 0x100000
LDR: ! *** ppc seg: 0x0
LDR: ! Imported function 'cellAudioPortClose' in 'cellAudio' module (0x747ffc)
LDR: ! Imported function 'cellAudioPortStop' in 'cellAudio' module (0x74801c)
LDR: ! Imported function 'cellAudioGetPortConfig' in 'cellAudio' module (0x74803c)
LDR: ! Imported function 'cellAudioPortStart' in 'cellAudio' module (0x74805c)
LDR: ! Imported function 'cellAudioPortOpen' in 'cellAudio' module (0x74807c)
LDR: ! Imported function 'cellAudioInit' in 'cellAudio' module (0x74a4bc)
LDR: ! Imported function 'cellAudioQuit' in 'cellAudio' module (0x74a4dc)
LDR: ! Imported function 'cellCameraStop' in 'cellCamera' module (0x74809c)
LDR: ! Imported function 'cellCameraClose' in 'cellCamera' module (0x7480bc)
LDR: ! Imported function 'cellCameraRead' in 'cellCamera' module (0x7480dc)
LDR: ! Imported function 'cellCameraStart' in 'cellCamera' module (0x7480fc)
LDR: ! Imported function 'cellCameraGetType' in 'cellCamera' module (0x74811c)
LDR: ! Imported function 'cellCameraEnd' in 'cellCamera' module (0x74813c)
LDR: ! Imported function 'cellCameraOpenEx' in 'cellCamera' module (0x74815c)
LDR: ! Imported function 'cellCameraGetBufferSize' in 'cellCamera' module (0x74817c)
LDR: ! Imported function 'cellCameraReset' in 'cellCamera' module (0x74819c)
LDR: ! Imported function 'cellCameraSetAttribute' in 'cellCamera' module (0x7481bc)
LDR: ! Imported function 'cellCameraInit' in 'cellCamera' module (0x7481dc)
LDR: ! Imported function 'cellFsOpendir' in 'sys_fs' module (0x7481fc)
LDR: ! Imported function 'cellFsOpen' in 'sys_fs' module (0x74821c)
LDR: ! Imported function 'cellFsStat' in 'sys_fs' module (0x74823c)
LDR: ! Imported function 'cellFsGetDirectoryEntries' in 'sys_fs' module (0x74825c)
LDR: ! Imported function 'cellFsClosedir' in 'sys_fs' module (0x74827c)
LDR: ! Imported function 'cellFsClose' in 'sys_fs' module (0x74a4fc)
LDR: ! Imported function 'cellFsRead' in 'sys_fs' module (0x74a51c)
LDR: ! Imported function 'cellFsLseek' in 'sys_fs' module (0x74a53c)
LDR: ! Imported function 'cellFsMkdir' in 'sys_fs' module (0x74a55c)
LDR: ! Imported function 'cellFsFstat' in 'sys_fs' module (0x74a57c)
LDR: ! Imported function 'cellFsFtruncate' in 'sys_fs' module (0x74ac3c)
LDR: ! Imported function 'cellFsRmdir' in 'sys_fs' module (0x74ac5c)
LDR: ! Imported function 'cellFsReaddir' in 'sys_fs' module (0x74ac7c)
LDR: ! Imported function 'cellFsAllocateFileAreaWithoutZeroFill' in 'sys_fs' module (0x74ac9c)
LDR: ! Imported function 'cellFsUnlink' in 'sys_fs' module (0x74acbc)
LDR: ! Imported function 'cellFsFsync' in 'sys_fs' module (0x74acdc)
LDR: ! Imported function 'cellFsGetFreeSize' in 'sys_fs' module (0x74acfc)
LDR: ! Imported function 'cellFsSdataOpen' in 'sys_fs' module (0x74ad1c)
LDR: ! Imported function 'cellFsWrite' in 'sys_fs' module (0x74ad3c)
LDR: ! Imported function 'cellFsRename' in 'sys_fs' module (0x74ad5c)
LDR: ! Imported function 'cellGcmGetTiledPitchSize' in 'cellGcmSys' module (0x74829c)
LDR: ! Imported function 'cellGcmSetUserHandler' in 'cellGcmSys' module (0x7482bc)
LDR: ! Imported function '_cellGcmInitBody' in 'cellGcmSys' module (0x7482dc)
LDR: ! Imported function '_cellGcmSetFlipCommand' in 'cellGcmSys' module (0x7482fc)
LDR: ! Imported function 'cellGcmAddressToOffset' in 'cellGcmSys' module (0x74831c)
LDR: ! Imported function '_cellGcmFunc15' in 'cellGcmSys' module (0x74833c)
LDR: ! Imported function 'cellGcmSetFlipMode' in 'cellGcmSys' module (0x74835c)
LDR: ! Imported function 'cellGcmSetDebugOutputLevel' in 'cellGcmSys' module (0x74837c)
LDR: ! Imported function 'cellGcmGetDefaultCommandWordSize' in 'cellGcmSys' module (0x74839c)
LDR: ! Imported function 'cellGcmGetFlipStatus' in 'cellGcmSys' module (0x7483bc)
LDR: ! Imported function 'cellGcmGetDefaultSegmentWordSize' in 'cellGcmSys' module (0x7483dc)
LDR: ! Imported function 'cellGcmSetDefaultFifoSize' in 'cellGcmSys' module (0x7483fc)
LDR: ! Imported function 'cellGcmMapMainMemory' in 'cellGcmSys' module (0x74841c)
LDR: ! Imported function 'cellGcmSetDisplayBuffer' in 'cellGcmSys' module (0x74843c)
LDR: ! Imported function 'cellGcmGetControlRegister' in 'cellGcmSys' module (0x74845c)
LDR: ! Imported function 'cellGcmSetVBlankHandler' in 'cellGcmSys' module (0x74847c)
LDR: ! Imported function 'cellGcmResetFlipStatus' in 'cellGcmSys' module (0x74849c)
LDR: ! Imported function 'cellGcmSetInvalidateTile' in 'cellGcmSys' module (0x7484bc)
LDR: ! Imported function 'cellGcmSetTile' in 'cellGcmSys' module (0x7484dc)
LDR: ! Imported function 'cellGcmSetZcull' in 'cellGcmSys' module (0x7484fc)
LDR: ! Imported function '_cellGcmSetFlipCommandWithWaitLabel' in 'cellGcmSys' module (0x74851c)
LDR: ! Imported function 'cellGcmGetConfiguration' in 'cellGcmSys' module (0x74853c)
LDR: ! Imported function 'cellGcmGetLabelAddress' in 'cellGcmSys' module (0x74855c)
LDR: ! Imported function 'cellPadInit' in 'sys_io' module (0x74857c)
LDR: ! Imported function 'cellKbGetConfiguration' in 'sys_io' module (0x74859c)
LDR: ! Imported function 'cellKbGetInfo' in 'sys_io' module (0x7485bc)
LDR: ! Imported function 'cellKbInit' in 'sys_io' module (0x7485dc)
LDR: ! Imported function 'cellPadPeriphGetInfo' in 'sys_io' module (0x7485fc)
LDR: ! Imported function 'cellPadEnd' in 'sys_io' module (0x74861c)
LDR: ! Imported function 'cellPadSetPortSetting' in 'sys_io' module (0x74863c)
LDR: ! Imported function 'cellMouseGetInfo' in 'sys_io' module (0x74865c)
LDR: ! Imported function 'cellPadGetData' in 'sys_io' module (0x74867c)
LDR: ! Imported function 'cellKbSetCodeType' in 'sys_io' module (0x74869c)
LDR: ! Imported function 'cellKbEnd' in 'sys_io' module (0x7486bc)
LDR: ! Imported function 'cellMouseInit' in 'sys_io' module (0x7486dc)
LDR: ! Imported function 'cellKbSetReadMode' in 'sys_io' module (0x7486fc)
LDR: ! Imported function 'cellMouseEnd' in 'sys_io' module (0x74871c)
LDR: ! Imported function 'cellPadSetActDirect' in 'sys_io' module (0x74873c)
LDR: ! Imported function 'cellKbRead' in 'sys_io' module (0x74875c)
LDR: ! Imported function 'cellJpgDecReadHeader' in 'cellJpgDec' module (0x74877c)
LDR: ! Imported function 'cellJpgDecClose' in 'cellJpgDec' module (0x74879c)
LDR: ! Imported function 'cellJpgDecOpen' in 'cellJpgDec' module (0x7487bc)
LDR: ! Imported function 'cellJpgDecCreate' in 'cellJpgDec' module (0x7487dc)
LDR: ! Imported function 'cellJpgDecDecodeData' in 'cellJpgDec' module (0x7487fc)
LDR: ! Imported function 'cellJpgDecDestroy' in 'cellJpgDec' module (0x74881c)
LDR: ! Imported function 'cellJpgDecSetParameter' in 'cellJpgDec' module (0x74883c)
LDR: ! Imported function 'cellKey2CharClose' in 'cellKey2char' module (0x74885c)
LDR: ! Imported function 'cellKey2CharGetChar' in 'cellKey2char' module (0x74887c)
LDR: ! Imported function 'cellKey2CharOpen' in 'cellKey2char' module (0x74889c)
LDR: ! Imported function 'cellKey2CharSetMode' in 'cellKey2char' module (0x7488bc)
LDR: ! Imported function 'sys_lwmutex_lock' in 'sysPrxForUser' module (0x7488dc)
LDR: ! Imported function 'sys_lwmutex_unlock' in 'sysPrxForUser' module (0x7488fc)
LDR: ! Imported function 'sys_ppu_thread_create' in 'sysPrxForUser' module (0x74891c)
LDR: ! Imported function '_sys_process_atexitspawn' in 'sysPrxForUser' module (0x74893c)
LDR: ! Imported function 'sys_lwmutex_create' in 'sysPrxForUser' module (0x74895c)
LDR: ! Imported function 'sys_ppu_thread_get_id' in 'sysPrxForUser' module (0x74897c)
LDR: ! Imported function 'sys_prx_register_library' in 'sysPrxForUser' module (0x74899c)
LDR: ! Imported function 'sys_initialize_tls' in 'sysPrxForUser' module (0x7489bc)
LDR: ! Imported function 'sys_time_get_system_time' in 'sysPrxForUser' module (0x7489dc)
LDR: ! Imported function '_sys_process_at_Exitspawn' in 'sysPrxForUser' module (0x7489fc)
LDR: ! Imported function 'sys_prx_exitspawn_with_level' in 'sysPrxForUser' module (0x748a1c)
LDR: ! Imported function 'sys_ppu_thread_exit' in 'sysPrxForUser' module (0x748a3c)
LDR: ! Imported function 'sys_lwmutex_destroy' in 'sysPrxForUser' module (0x748a5c)
LDR: ! Imported function 'sys_process_exit' in 'sysPrxForUser' module (0x748a7c)
LDR: ! Imported function 'sys_spu_image_import' in 'sysPrxForUser' module (0x74a59c)
LDR: ! Imported function 'sys_process_is_stack' in 'sysPrxForUser' module (0x74a87c)
LDR: ! Imported function 'sys_game_process_exitspawn2' in 'sysPrxForUser' module (0x74b1fc)
LDR: ! Imported function 'sys_net_initialize_network_ex' in 'sys_net' module (0x748a9c)
LDR: ! Imported function 'recvfrom' in 'sys_net' module (0x748abc)
LDR: ! Imported function 'socketselect' in 'sys_net' module (0x748adc)
LDR: ! Imported function '_sys_net_errno_loc' in 'sys_net' module (0x748afc)
LDR: ! Imported function 'socketclose' in 'sys_net' module (0x748b1c)
LDR: ! Imported function 'gethostbyname' in 'sys_net' module (0x748b3c)
LDR: ! Imported function 'setsockopt' in 'sys_net' module (0x748b5c)
LDR: ! Imported function 'sendto' in 'sys_net' module (0x748b7c)
LDR: ! Imported function 'socket' in 'sys_net' module (0x748b9c)
LDR: ! Imported function 'bind' in 'sys_net' module (0x748bbc)
LDR: ! Imported function 'sys_net_finalize_network' in 'sys_net' module (0x748bdc)
LDR: ! Imported function 'recv' in 'sys_net' module (0x748bfc)
LDR: ! Imported function 'sys_net_free_thread_context' in 'sys_net' module (0x74b0fc)
LDR: ! Imported function 'cellNetCtlNetStartDialogLoadAsync' in 'cellNetCtl' module (0x748c1c)
LDR: ! Imported function 'cellNetCtlNetStartDialogUnloadAsync' in 'cellNetCtl' module (0x748c3c)
LDR: ! Imported function 'cellNetCtlTerm' in 'cellNetCtl' module (0x748c5c)
LDR: ! Imported function 'cellNetCtlGetInfo' in 'cellNetCtl' module (0x748c7c)
LDR: ! Imported function 'cellNetCtlGetNatInfo' in 'cellNetCtl' module (0x748c9c)
LDR: ! Imported function 'cellNetCtlGetState' in 'cellNetCtl' module (0x748cbc)
LDR: ! Imported function 'cellNetCtlInit' in 'cellNetCtl' module (0x748cdc)
LDR: ! Imported function 'cellRtcGetCurrentTick' in 'cellRtc' module (0x748cfc)
LDR: ! Imported function 'cellRtcSetTime_t' in 'cellRtc' module (0x748d1c)
LDR: ! Imported function 'cellRtcGetTick' in 'cellRtc' module (0x748d3c)
LDR: ! Imported function 'cellRtcGetCurrentClock' in 'cellRtc' module (0x74b11c)
LDR: ! Imported function 'cellRtcGetTime_t' in 'cellRtc' module (0x74b13c)
LDR: ! Imported function 'cellSpursAttributeSetNamePrefix' in 'cellSpurs' module (0x748d5c)
LDR: ! Imported function '_cellSpursQueueInitialize' in 'cellSpurs' module (0x748d7c)
LDR: ! Imported function 'cellSpursCreateTaskWithAttribute' in 'cellSpurs' module (0x748d9c)
LDR: ! Imported function 'cellSpursGetInfo' in 'cellSpurs' module (0x748dbc)
LDR: ! Imported function 'cellSpursQueueClear' in 'cellSpurs' module (0x748ddc)
LDR: ! Imported function 'cellSpursCreateTaskset' in 'cellSpurs' module (0x748dfc)
LDR: ! Imported function '_cellSpursEventFlagInitialize' in 'cellSpurs' module (0x748e1c)
LDR: ! Imported function 'cellSpursQueuePushBody' in 'cellSpurs' module (0x748e3c)
LDR: ! Imported function '_cellSpursAttributeInitialize' in 'cellSpurs' module (0x748e5c)
LDR: ! Imported function 'cellSpursJoinTaskset' in 'cellSpurs' module (0x748e7c)
LDR: ! Imported function 'cellSpursShutdownTaskset' in 'cellSpurs' module (0x748e9c)
LDR: ! Imported function 'cellSpursAttributeSetSpuThreadGroupType' in 'cellSpurs' module (0x748ebc)
LDR: ! Imported function 'cellSpursInitializeWithAttribute' in 'cellSpurs' module (0x748edc)
LDR: ! Imported function '_cellSpursTaskAttributeInitialize' in 'cellSpurs' module (0x748efc)
LDR: ! Imported function 'cellSpursFinalize' in 'cellSpurs' module (0x748f1c)
LDR: ! Imported function 'cellSpursEventFlagSet' in 'cellSpurs' module (0x748f3c)
LDR: ! Imported function '_cellSpursTasksetAttributeInitialize' in 'cellSpurs' module (0x74a5bc)
LDR: ! Imported function 'cellSpursRequestIdleSpu' in 'cellSpurs' module (0x74a5dc)
LDR: ! Imported function 'cellSpursEventFlagDetachLv2EventQueue' in 'cellSpurs' module (0x74a5fc)
LDR: ! Imported function 'cellSpursEventFlagWait' in 'cellSpurs' module (0x74a61c)
LDR: ! Imported function 'cellSpursWorkloadAttributeSetName' in 'cellSpurs' module (0x74a63c)
LDR: ! Imported function 'cellSpursGetWorkloadInfo' in 'cellSpurs' module (0x74a65c)
LDR: ! Imported function 'cellSpursDetachLv2EventQueue' in 'cellSpurs' module (0x74a67c)
LDR: ! Imported function 'cellSpursRemoveWorkload' in 'cellSpurs' module (0x74a69c)
LDR: ! Imported function 'cellSpursWaitForWorkloadShutdown' in 'cellSpurs' module (0x74a6bc)
LDR: ! Imported function 'cellSpursTasksetAttributeSetName' in 'cellSpurs' module (0x74a6dc)
LDR: ! Imported function 'cellSpursSetPriorities' in 'cellSpurs' module (0x74a6fc)
LDR: ! Imported function 'cellSpursEventFlagAttachLv2EventQueue' in 'cellSpurs' module (0x74a71c)
LDR: ! Imported function 'cellSpursShutdownWorkload' in 'cellSpurs' module (0x74a73c)
LDR: ! Imported function 'cellSpursAttachLv2EventQueue' in 'cellSpurs' module (0x74a75c)
LDR: ! Imported function 'cellSpursCreateTask' in 'cellSpurs' module (0x74a77c)
LDR: ! Imported function 'cellSpursAddWorkloadWithAttribute' in 'cellSpurs' module (0x74a79c)
LDR: ! Imported function 'cellSpursCreateTasksetWithAttribute' in 'cellSpurs' module (0x74a7bc)
LDR: ! Imported function 'cellSpursSetExceptionEventHandler' in 'cellSpurs' module (0x74a7dc)
LDR: ! Imported function '_cellSpursWorkloadAttributeInitialize' in 'cellSpurs' module (0x74a7fc)
LDR: ! Imported function 'cellSpursReadyCountStore' in 'cellSpurs' module (0x74a81c)
LDR: ! Imported function 'cellSpursJobChainGetError' in 'cellSpurs' module (0x74a9dc)
LDR: ! Imported function 'cellSpursCreateJobChainWithAttribute' in 'cellSpurs' module (0x74a9fc)
LDR: ! Imported function '_cellSpursJobChainAttributeInitialize' in 'cellSpurs' module (0x74aa1c)
LDR: ! Imported function 'cellSpursJobChainAttributeSetName' in 'cellSpurs' module (0x74aa3c)
LDR: ! Imported function 'cellSpursJoinJobChain' in 'cellSpurs' module (0x74aa5c)
LDR: ! Imported function 'cellSpursRunJobChain' in 'cellSpurs' module (0x74aa7c)
LDR: ! Imported function 'cellSysmoduleUnloadModule' in 'cellSysmodule' module (0x748f5c)
LDR: ! Imported function 'cellSysmoduleLoadModule' in 'cellSysmodule' module (0x748f7c)
LDR: ! Imported function 'cellSysmoduleIsLoaded' in 'cellSysmodule' module (0x748f9c)
LDR: ! Imported function 'cellSysmoduleInitialize' in 'cellSysmodule' module (0x748fbc)
LDR: ! Imported function 'cellVideoOutSetGamma' in 'cellSysutilAvconfExt' module (0x748fdc)
LDR: ! Imported function 'cellGameGetHomeLaunchOptionPath' in 'cellGameExec' module (0x748ffc)
LDR: ! Imported function 'cellGameGetBootGameInfo' in 'cellGameExec' module (0x74901c)
LDR: ! Imported function 'cellGameGetParamString' in 'cellGame' module (0x74903c)
LDR: ! Imported function 'cellGameCreateGameData' in 'cellGame' module (0x74905c)
LDR: ! Imported function 'cellGameContentPermit' in 'cellGame' module (0x74907c)
LDR: ! Imported function 'cellGameContentErrorDialog' in 'cellGame' module (0x74909c)
LDR: ! Imported function 'cellGameGetParamInt' in 'cellGame' module (0x7490bc)
LDR: ! Imported function 'cellGamePatchCheck' in 'cellGame' module (0x7490dc)
LDR: ! Imported function 'cellGameSetParamString' in 'cellGame' module (0x7490fc)
LDR: ! Imported function 'cellGameDataCheck' in 'cellGame' module (0x74911c)
LDR: ! Imported function 'cellGameBootCheck' in 'cellGame' module (0x74913c)
LDR: ! Imported function 'cellImeJpGetFocusTop' in 'cellImeJpUtility' module (0x74915c)
LDR: ! Imported function 'cellImeJpConvertForward' in 'cellImeJpUtility' module (0x74917c)
LDR: ! Imported function 'cellImeJpMoveFocusClause' in 'cellImeJpUtility' module (0x74919c)
LDR: ! Imported function 'cellImeJpSetKanaInputMode' in 'cellImeJpUtility' module (0x7491bc)
LDR: ! Imported function 'cellImeJpReset' in 'cellImeJpUtility' module (0x7491dc)
LDR: ! Imported function 'cellImeJpExtendConvertArea' in 'cellImeJpUtility' module (0x7491fc)
LDR: ! Imported function 'cellImeJpClose' in 'cellImeJpUtility' module (0x74921c)
LDR: ! Imported function 'cellImeJpOpen2' in 'cellImeJpUtility' module (0x74923c)
LDR: ! Imported function 'cellImeJpEnterCharExt' in 'cellImeJpUtility' module (0x74925c)
LDR: ! Imported function 'cellImeJpGetFocusLength' in 'cellImeJpUtility' module (0x74927c)
LDR: ! Imported function 'cellImeJpGetStatus' in 'cellImeJpUtility' module (0x74929c)
LDR: ! Imported function 'cellImeJpAllConfirm' in 'cellImeJpUtility' module (0x7492bc)
LDR: ! Imported function 'cellImeJpDeleteWord' in 'cellImeJpUtility' module (0x7492dc)
LDR: ! Imported function 'cellImeJpPostConvert' in 'cellImeJpUtility' module (0x7492fc)
LDR: ! Imported function 'cellImeJpBackspaceWord' in 'cellImeJpUtility' module (0x74931c)
LDR: ! Imported function 'cellImeJpShortenConvertArea' in 'cellImeJpUtility' module (0x74933c)
LDR: ! Imported function 'cellImeJpModeCaretRight' in 'cellImeJpUtility' module (0x74935c)
LDR: ! Imported function 'cellImeJpTemporalConfirm' in 'cellImeJpUtility' module (0x74937c)
LDR: ! Imported function 'cellImeJpConvertBackward' in 'cellImeJpUtility' module (0x74939c)
LDR: ! Imported function 'cellImeJpGetCandidateListSize' in 'cellImeJpUtility' module (0x7493bc)
LDR: ! Imported function 'cellImeJpGetConfirmString' in 'cellImeJpUtility' module (0x7493dc)
LDR: ! Imported function 'cellImeJpGetCandidateList' in 'cellImeJpUtility' module (0x7493fc)
LDR: ! Imported function 'cellImeJpModeCaretLeft' in 'cellImeJpUtility' module (0x74941c)
LDR: ! Imported function 'cellImeJpGetConvertString' in 'cellImeJpUtility' module (0x74943c)
LDR: ! Imported function 'cellMusicSetSelectionContext2' in 'cellMusicUtility' module (0x74945c)
LDR: ! Imported function 'cellMusicSetVolume2' in 'cellMusicUtility' module (0x74947c)
LDR: ! Imported function 'cellMusicGetContentsId2' in 'cellMusicUtility' module (0x74949c)
LDR: ! Imported function 'cellMusicFinalize2' in 'cellMusicUtility' module (0x7494bc)
LDR: ! Imported function 'cellMusicGetSelectionContext2' in 'cellMusicUtility' module (0x7494dc)
LDR: ! Imported function 'cellMusicSetPlaybackCommand2' in 'cellMusicUtility' module (0x7494fc)
LDR: ! Imported function 'cellMusicSelectContents2' in 'cellMusicUtility' module (0x74951c)
LDR: ! Imported function 'cellMusicInitialize2' in 'cellMusicUtility' module (0x74953c)
LDR: ! Imported function 'sceNpMatching2DestroyContext' in 'sceNp2' module (0x74955c)
LDR: ! Imported function 'sceNpMatching2GetWorldInfoList' in 'sceNp2' module (0x74957c)
LDR: ! Imported function 'sceNpMatching2SearchRoom' in 'sceNp2' module (0x74959c)
LDR: ! Imported function 'sceNpMatching2LeaveRoom' in 'sceNp2' module (0x7495bc)
LDR: ! Imported function 'sceNpMatching2SetRoomDataExternal' in 'sceNp2' module (0x7495dc)
LDR: ! Imported function 'sceNpMatching2Term' in 'sceNp2' module (0x7495fc)
LDR: ! Imported function 'sceNpMatching2GetServerInfo' in 'sceNp2' module (0x74961c)
LDR: ! Imported function 'sceNpMatching2GetEventData' in 'sceNp2' module (0x74963c)
LDR: ! Imported function 'sceNpMatching2Init' in 'sceNp2' module (0x74965c)
LDR: ! Imported function 'sceNp2Init' in 'sceNp2' module (0x74967c)
LDR: ! Imported function 'sceNpMatching2JoinRoom' in 'sceNp2' module (0x74969c)
LDR: ! Imported function 'sceNpMatching2ContextStartAsync' in 'sceNp2' module (0x7496bc)
LDR: ! Imported function 'sceNpMatching2RegisterContextCallback' in 'sceNp2' module (0x7496dc)
LDR: ! Imported function 'sceNpMatching2SetRoomDataInternal' in 'sceNp2' module (0x7496fc)
LDR: ! Imported function 'sceNpMatching2GetServerIdListLocal' in 'sceNp2' module (0x74971c)
LDR: ! Imported function 'sceNpMatching2CreateContext' in 'sceNp2' module (0x74973c)
LDR: ! Imported function 'sceNpMatching2ClearEventData' in 'sceNp2' module (0x74975c)
LDR: ! Imported function 'sceNpMatching2SetDefaultRequestOptParam' in 'sceNp2' module (0x74977c)
LDR: ! Imported function 'sceNpMatching2RegisterRoomEventCallback' in 'sceNp2' module (0x74979c)
LDR: ! Imported function 'sceNpMatching2CreateJoinRoom' in 'sceNp2' module (0x7497bc)
LDR: ! Imported function 'sceNpMatching2ContextStop' in 'sceNp2' module (0x7497dc)
LDR: ! Imported function 'sceNpMatching2RegisterRoomMessageCallback' in 'sceNp2' module (0x7497fc)
LDR: ! Imported function 'sceNpCommerce2DoCheckoutStartAsync' in 'sceNpCommerce2' module (0x74981c)
LDR: ! Imported function 'sceNpCommerce2DestroyReq' in 'sceNpCommerce2' module (0x74983c)
LDR: ! Imported function 'sceNpCommerce2Init' in 'sceNpCommerce2' module (0x74985c)
LDR: ! Imported function 'sceNpCommerce2DoDlListFinishAsync' in 'sceNpCommerce2' module (0x74987c)
LDR: ! Imported function 'sceNpCommerce2Term' in 'sceNpCommerce2' module (0x74989c)
LDR: ! Imported function 'sceNpCommerce2CreateSessionAbort' in 'sceNpCommerce2' module (0x7498bc)
LDR: ! Imported function 'sceNpCommerce2DoDlListStartAsync' in 'sceNpCommerce2' module (0x7498dc)
LDR: ! Imported function 'sceNpCommerce2DestroyCtx' in 'sceNpCommerce2' module (0x7498fc)
LDR: ! Imported function 'sceNpCommerce2AbortReq' in 'sceNpCommerce2' module (0x74991c)
LDR: ! Imported function 'sceNpCommerce2GetProductInfoStart' in 'sceNpCommerce2' module (0x74993c)
LDR: ! Imported function 'sceNpCommerce2CreateSessionFinish' in 'sceNpCommerce2' module (0x74995c)
LDR: ! Imported function 'sceNpCommerce2SetBGDLAvailability' in 'sceNpCommerce2' module (0x74997c)
LDR: ! Imported function 'sceNpCommerce2GetProductInfoCreateReq' in 'sceNpCommerce2' module (0x74999c)
LDR: ! Imported function 'sceNpCommerce2GetProductInfoGetResult' in 'sceNpCommerce2' module (0x7499bc)
LDR: ! Imported function 'sceNpCommerce2CreateSessionStart' in 'sceNpCommerce2' module (0x7499dc)
LDR: ! Imported function 'sceNpCommerce2DoCheckoutFinishAsync' in 'sceNpCommerce2' module (0x7499fc)
LDR: ! Imported function 'sceNpCommerce2CreateCtx' in 'sceNpCommerce2' module (0x749a1c)
LDR: ! Imported function 'sceNpCommerce2GetGameSkuInfoFromGameProductInfo' in 'sceNpCommerce2' module (0x749a3c)
LDR: ! Imported function 'sceNpCommerce2GetGameProductInfo' in 'sceNpCommerce2' module (0x749a5c)
LDR: ! Imported function 'sceNpCommerce2DestroyGetProductInfoResult' in 'sceNpCommerce2' module (0x749a7c)
LDR: ! Imported function 'sceNpCommerce2InitGetProductInfoResult' in 'sceNpCommerce2' module (0x749a9c)
LDR: ! Imported function 'sceNpBasicSendMessageGui' in 'sceNp' module (0x749abc)
LDR: ! Imported function 'sceNpManagerGetTicket' in 'sceNp' module (0x749adc)
LDR: ! Imported function 'sceNpSignalingGetConnectionInfo' in 'sceNp' module (0x749afc)
LDR: ! Imported function 'sceNpLookupNpId' in 'sceNp' module (0x749b1c)
LDR: ! Imported function 'sceNpBasicAddPlayersHistory' in 'sceNp' module (0x749b3c)
LDR: ! Imported function 'sceNpBasicAddFriend' in 'sceNp' module (0x749b5c)
LDR: ! Imported function 'sceNpBasicRegisterContextSensitiveHandler' in 'sceNp' module (0x749b7c)
LDR: ! Imported function 'sceNpSignalingAddExtendedHandler' in 'sceNp' module (0x749b9c)
LDR: ! Imported function 'sceNpManagerUnregisterCallback' in 'sceNp' module (0x749bbc)
LDR: ! Imported function 'sceNpManagerGetTicketParam' in 'sceNp' module (0x749bdc)
LDR: ! Imported function 'sceNpLookupDestroyTitleCtx' in 'sceNp' module (0x749bfc)
LDR: ! Imported function 'sceNpLookupInit' in 'sceNp' module (0x749c1c)
LDR: ! Imported function 'sceNpSignalingActivateConnection' in 'sceNp' module (0x749c3c)
LDR: ! Imported function 'sceNpSignalingCreateCtx' in 'sceNp' module (0x749c5c)
LDR: ! Imported function 'sceNpBasicRecvMessageAttachmentLoad' in 'sceNp' module (0x749c7c)
LDR: ! Imported function 'sceNpManagerGetContentRatingFlag' in 'sceNp' module (0x749c9c)
LDR: ! Imported function 'sceNpBasicGetBlockListEntryCount' in 'sceNp' module (0x749cbc)
LDR: ! Imported function 'sceNpManagerRequestTicket2' in 'sceNp' module (0x749cdc)
LDR: ! Imported function 'sceNpLookupTerm' in 'sceNp' module (0x749cfc)
LDR: ! Imported function 'sceNpManagerGetStatus' in 'sceNp' module (0x749d1c)
LDR: ! Imported function 'sceNpSignalingDestroyCtx' in 'sceNp' module (0x749d3c)
LDR: ! Imported function 'sceNpBasicUnregisterHandler' in 'sceNp' module (0x749d5c)
LDR: ! Imported function 'sceNpDrmIsAvailable' in 'sceNp' module (0x749d7c)
LDR: ! Imported function 'sceNpBasicRecvMessageAttachment' in 'sceNp' module (0x749d9c)
LDR: ! Imported function 'sceNpBasicSetPresenceDetails' in 'sceNp' module (0x749dbc)
LDR: ! Imported function 'sceNpSignalingGetConnectionStatus' in 'sceNp' module (0x749ddc)
LDR: ! Imported function 'sceNpLookupCreateTitleCtx' in 'sceNp' module (0x749dfc)
LDR: ! Imported function 'sceNpLookupUserProfile' in 'sceNp' module (0x749e1c)
LDR: ! Imported function 'sceNpBasicGetEvent' in 'sceNp' module (0x749e3c)
LDR: ! Imported function 'sceNpManagerRegisterCallback' in 'sceNp' module (0x749e5c)
LDR: ! Imported function 'sceNpLookupCreateTransactionCtx' in 'sceNp' module (0x749e7c)
LDR: ! Imported function 'sceNpManagerGetChatRestrictionFlag' in 'sceNp' module (0x749e9c)
LDR: ! Imported function 'sceNpBasicSendMessage' in 'sceNp' module (0x749ebc)
LDR: ! Imported function 'sceNpFriendlist' in 'sceNp' module (0x749edc)
LDR: ! Imported function 'sceNpBasicGetBlockListEntry' in 'sceNp' module (0x749efc)
LDR: ! Imported function 'sceNpManagerGetOnlineName' in 'sceNp' module (0x749f1c)
LDR: ! Imported function 'sceNpLookupDestroyTransactionCtx' in 'sceNp' module (0x749f3c)
LDR: ! Imported function 'sceNpSignalingDeactivateConnection' in 'sceNp' module (0x749f5c)
LDR: ! Imported function 'sceNpManagerGetNpId' in 'sceNp' module (0x749f7c)
LDR: ! Imported function 'sceNpUtilCmpNpId' in 'sceNp' module (0x74b1bc)
LDR: ! Imported function 'sceNpTrophyRegisterContext' in 'sceNpTrophy' module (0x749f9c)
LDR: ! Imported function 'sceNpTrophyCreateHandle' in 'sceNpTrophy' module (0x749fbc)
LDR: ! Imported function 'sceNpTrophyGetRequiredDiskSpace' in 'sceNpTrophy' module (0x749fdc)
LDR: ! Imported function 'sceNpTrophyDestroyContext' in 'sceNpTrophy' module (0x749ffc)
LDR: ! Imported function 'sceNpTrophyInit' in 'sceNpTrophy' module (0x74a01c)
LDR: ! Imported function 'sceNpTrophyGetGameInfo' in 'sceNpTrophy' module (0x74a03c)
LDR: ! Imported function 'sceNpTrophyDestroyHandle' in 'sceNpTrophy' module (0x74a05c)
LDR: ! Imported function 'sceNpTrophyUnlockTrophy' in 'sceNpTrophy' module (0x74a07c)
LDR: ! Imported function 'sceNpTrophyTerm' in 'sceNpTrophy' module (0x74a09c)
LDR: ! Imported function 'sceNpTrophyCreateContext' in 'sceNpTrophy' module (0x74a0bc)
LDR: ! Imported function 'sceNpTrophyGetTrophyInfo' in 'sceNpTrophy' module (0x74a0dc)
LDR: ! Imported function 'cellPhotoDecodeInitialize2' in 'cellPhotoDecodeUtil' module (0x74a0fc)
LDR: ! Imported function 'cellPhotoDecodeFromFile' in 'cellPhotoDecodeUtil' module (0x74a11c)
LDR: ! Imported function 'cellPhotoDecodeFinalize' in 'cellPhotoDecodeUtil' module (0x74a13c)
LDR: ! Imported function 'cellPhotoExportInitialize2' in 'cellPhotoUtility' module (0x74a15c)
LDR: ! Imported function 'cellPhotoExportFromFile' in 'cellPhotoUtility' module (0x74a17c)
LDR: ! Imported function 'cellPhotoExportFinalize' in 'cellPhotoUtility' module (0x74a19c)
LDR: ! Imported function 'cellPhotoImport2' in 'cellPhotoImportUtil' module (0x74a1bc)
LDR: ! Imported function 'cellSaveDataUserListDelete' in 'cellSaveData' module (0x74a1dc)
LDR: ! Imported function 'cellSearchGetContentInfoByContentId' in 'cellSearchUtility' module (0x74a1fc)
LDR: ! Imported function 'cellSearchFinalize' in 'cellSearchUtility' module (0x74a21c)
LDR: ! Imported function 'cellSearchInitialize' in 'cellSearchUtility' module (0x74a23c)
LDR: ! Imported function 'cellVideoOutConfigure' in 'cellSysutil' module (0x74a25c)
LDR: ! Imported function 'cellSaveDataUserListSave' in 'cellSysutil' module (0x74a27c)
LDR: ! Imported function 'cellSysutilCheckCallback' in 'cellSysutil' module (0x74a29c)
LDR: ! Imported function 'cellSysCacheMount' in 'cellSysutil' module (0x74a2bc)
LDR: ! Imported function 'cellSaveDataUserListLoad' in 'cellSysutil' module (0x74a2dc)
LDR: ! Imported function 'cellOskDialogUnloadAsync' in 'cellSysutil' module (0x74a2fc)
LDR: ! Imported function 'cellSysutilGetSystemParamInt' in 'cellSysutil' module (0x74a31c)
LDR: ! Imported function 'cellSaveDataUserAutoSave' in 'cellSysutil' module (0x74a33c)
LDR: ! Imported function 'cellOskDialogAddSupportLanguage' in 'cellSysutil' module (0x74a35c)
LDR: ! Imported function 'cellOskDialogLoadAsync' in 'cellSysutil' module (0x74a37c)
LDR: ! Imported function 'cellVideoOutGetState' in 'cellSysutil' module (0x74a39c)
LDR: ! Imported function 'cellSysutilRegisterCallback' in 'cellSysutil' module (0x74a3bc)
LDR: ! Imported function 'cellSysconfOpen' in 'cellSysutil' module (0x74a3dc)
LDR: ! Imported function 'cellOskDialogSetKeyLayoutOption' in 'cellSysutil' module (0x74a3fc)
LDR: ! Imported function 'cellOskDialogAbort' in 'cellSysutil' module (0x74a41c)
LDR: ! Imported function 'cellSaveDataUserAutoLoad' in 'cellSysutil' module (0x74a43c)
LDR: ! Imported function 'cellVideoOutGetResolution' in 'cellSysutil' module (0x74a45c)
LDR: ! Imported function 'cellAudioOutConfigure' in 'cellSysutil' module (0x74a83c)
LDR: ! Imported function 'cellAudioOutGetSoundAvailability' in 'cellSysutil' module (0x74a85c)
LDR: ! Imported function 'cellUserInfoGetStat' in 'cellUserInfo' module (0x74a47c)
LDR: ! Imported function 'cellUserInfoGetList' in 'cellUserInfo' module (0x74a49c)
LDR: ! Imported function 'cellMicGetDeviceGUID' in 'cellMic' module (0x74a89c)
LDR: ! Imported function 'cellMicRead' in 'cellMic' module (0x74a8bc)
LDR: ! Imported function 'cellMicSetNotifyEventQueue' in 'cellMic' module (0x74a8dc)
LDR: ! Imported function 'cellMicInit' in 'cellMic' module (0x74a8fc)
LDR: ! Imported function 'cellMicClose' in 'cellMic' module (0x74a91c)
LDR: ! Imported function 'cellMicGetType' in 'cellMic' module (0x74a93c)
LDR: ! Imported function 'cellMicGetSignalState' in 'cellMic' module (0x74a95c)
LDR: ! Imported function 'cellMicEnd' in 'cellMic' module (0x74a97c)
LDR: ! Imported function 'cellMicOpen' in 'cellMic' module (0x74a99c)
LDR: ! Imported function 'cellMicStart' in 'cellMic' module (0x74a9bc)
LDR: ! Imported function 'cellFiberPpuYield' in 'cellFiber' module (0x74aa9c)
LDR: ! Imported function 'cellFiberPpuRunFibers' in 'cellFiber' module (0x74aabc)
LDR: ! Imported function 'cellFiberPpuWaitSignal' in 'cellFiber' module (0x74aadc)
LDR: ! Imported function 'cellFiberPpuCreateFiber' in 'cellFiber' module (0x74aafc)
LDR: ! Imported function 'cellFiberPpuSendSignal' in 'cellFiber' module (0x74ab1c)
LDR: ! Imported function 'cellFiberPpuFinalizeScheduler' in 'cellFiber' module (0x74ab3c)
LDR: ! Imported function '_cellFiberPpuSchedulerAttributeInitialize' in 'cellFiber' module (0x74ab5c)
LDR: ! Imported function 'cellFiberPpuWaitFlag' in 'cellFiber' module (0x74ab7c)
LDR: ! Imported function 'cellFiberPpuJoinFiber' in 'cellFiber' module (0x74ab9c)
LDR: ! Imported function '_cellFiberPpuAttributeInitialize' in 'cellFiber' module (0x74abbc)
LDR: ! Imported function 'cellFiberPpuInitializeScheduler' in 'cellFiber' module (0x74abdc)
LDR: ! Imported function 'cellFiberPpuCheckFlags' in 'cellFiber' module (0x74abfc)
LDR: ! Imported function 'cellFiberPpuExit' in 'cellFiber' module (0x74ac1c)
LDR: ! Imported function '_cellFiberPpuInitialize' in 'cellFiber' module (0x74b1dc)
LDR: ! Imported function 'cellHttpCreateTransaction' in 'cellHttp' module (0x74ad7c)
LDR: ! Imported function 'cellHttpResponseGetStatusCode' in 'cellHttp' module (0x74ad9c)
LDR: ! Imported function 'cellHttpClientSetSslCallback' in 'cellHttp' module (0x74adbc)
LDR: ! Imported function 'cellHttpClientSetRecvTimeout' in 'cellHttp' module (0x74addc)
LDR: ! Imported function 'cellHttpInit' in 'cellHttp' module (0x74adfc)
LDR: ! Imported function 'cellHttpTransactionAbortConnection' in 'cellHttp' module (0x74ae1c)
LDR: ! Imported function 'cellHttpDestroyTransaction' in 'cellHttp' module (0x74ae3c)
LDR: ! Imported function 'cellHttpClientSetVersion' in 'cellHttp' module (0x74ae5c)
LDR: ! Imported function 'cellHttpClientSetCookieStatus' in 'cellHttp' module (0x74ae7c)
LDR: ! Imported function 'cellHttpResponseGetContentLength' in 'cellHttp' module (0x74ae9c)
LDR: ! Imported function 'cellHttpClientSetRedirectCallback' in 'cellHttp' module (0x74aebc)
LDR: ! Imported function 'cellHttpCreateClient' in 'cellHttp' module (0x74aedc)
LDR: ! Imported function 'cellHttpResponseGetHeader' in 'cellHttp' module (0x74aefc)
LDR: ! Imported function 'cellHttpsInit' in 'cellHttp' module (0x74af1c)
LDR: ! Imported function 'cellHttpRequestSetHeader' in 'cellHttp' module (0x74af3c)
LDR: ! Imported function 'cellHttpClientSetKeepAlive' in 'cellHttp' module (0x74af5c)
LDR: ! Imported function 'cellHttpRecvResponse' in 'cellHttp' module (0x74af7c)
LDR: ! Imported function 'cellHttpClientSetAuthenticationCallback' in 'cellHttp' module (0x74af9c)
LDR: ! Imported function 'cellHttpClientSetSendTimeout' in 'cellHttp' module (0x74afbc)
LDR: ! Imported function 'cellHttpInitCookie' in 'cellHttp' module (0x74afdc)
LDR: ! Imported function 'cellHttpDestroyClient' in 'cellHttp' module (0x74affc)
LDR: ! Imported function 'cellHttpSendRequest' in 'cellHttp' module (0x74b01c)
LDR: ! Imported function 'cellHttpRequestSetContentLength' in 'cellHttp' module (0x74b03c)
LDR: ! Imported function 'cellHttpClientSetTransactionStateCallback' in 'cellHttp' module (0x74b05c)
LDR: ! Imported function 'cellHttpClientSetUserAgent' in 'cellHttp' module (0x74b07c)
LDR: ! Imported function 'cellHttpEnd' in 'cellHttp' module (0x74b09c)
LDR: ! Imported function 'cellHttpsEnd' in 'cellHttp' module (0x74b0bc)
LDR: ! Imported function 'cellHttpUtilBuildUri' in 'cellHttpUtil' module (0x74b0dc)
LDR: ! Imported function 'cellSslEnd' in 'cellSsl' module (0x74b15c)
LDR: ! Imported function 'cellSslCertificateLoader' in 'cellSsl' module (0x74b17c)
LDR: ! Imported function 'cellSslInit' in 'cellSsl' module (0x74b19c)
MEM: ! Thread Local Storage initialized (g_tls_start=0x96d000, user_size=0x220)
*** TLS segment addr: 0x00881180
*** TLS segment size: 0x00000004
HLE: W {PPU[0x1] Thread (main_thread)[0x0074895c]} sysPrxForUser: sys_lwmutex_create(lwmutex=*0x9658e0, attr=*0x75b268)
HLE: W {PPU[0x1] Thread (main_thread)[0x00539b2c]} sys_memory: sys_memory_get_user_memory_size(mem_info=*0xd003fc04)
HLE: W {PPU[0x1] Thread (main_thread)[0x0074895c]} sysPrxForUser: sys_lwmutex_create(lwmutex=*0x9656e8, attr=*0x75b268)
HLE: W {PPU[0x1] Thread (main_thread)[0x0074895c]} sysPrxForUser: sys_lwmutex_create(lwmutex=*0x964e70, attr=*0x75b268)
HLE: W {PPU[0x1] Thread (main_thread)[0x0074895c]} sysPrxForUser: sys_lwmutex_create(lwmutex=*0x964e98, attr=*0x75b268)
HLE: W {PPU[0x1] Thread (main_thread)[0x0074895c]} sysPrxForUser: sys_lwmutex_create(lwmutex=*0x964ec0, attr=*0x75b268)
HLE: W {PPU[0x1] Thread (main_thread)[0x0074895c]} sysPrxForUser: sys_lwmutex_create(lwmutex=*0x964da8, attr=*0x75b268)
HLE: W {PPU[0x1] Thread (main_thread)[0x0074895c]} sysPrxForUser: sys_lwmutex_create(lwmutex=*0x964dd0, attr=*0x75b268)
HLE: W {PPU[0x1] Thread (main_thread)[0x0074895c]} sysPrxForUser: sys_lwmutex_create(lwmutex=*0x964df8, attr=*0x75b268)
HLE: W {PPU[0x1] Thread (main_thread)[0x0074895c]} sysPrxForUser: sys_lwmutex_create(lwmutex=*0x964e20, attr=*0x75b268)
HLE: W {PPU[0x1] Thread (main_thread)[0x0074895c]} sysPrxForUser: sys_lwmutex_create(lwmutex=*0x964e48, attr=*0x75b268)
HLE: W {PPU[0x1] Thread (main_thread)[0x00538630]} sys_memory: sys_memory_allocate(size=0x7a00000, flags=0x400, alloc_addr=*0xd003f840)
HLE: W {PPU[0x1] Thread (main_thread)[0x0074895c]} sysPrxForUser: sys_lwmutex_create(lwmutex=*0x965a28, attr=*0x88a200)
HLE: W {PPU[0x1] Thread (main_thread)[0x0074895c]} sysPrxForUser: sys_lwmutex_create(lwmutex=*0x9659e8, attr=*0x88a210)
HLE: W {PPU[0x1] Thread (main_thread)[0x0074895c]} sysPrxForUser: sys_lwmutex_create(lwmutex=*0x962bd0, attr=*0xd003fbd0)
HLE: W {PPU[0x1] Thread (main_thread)[0x0074895c]} sysPrxForUser: sys_lwmutex_create(lwmutex=*0x962ab8, attr=*0xd003fbd0)
HLE: W {PPU[0x1] Thread (main_thread)[0x0074895c]} sysPrxForUser: sys_lwmutex_create(lwmutex=*0x20000020, attr=*0x75b268)
HLE: W {PPU[0x1] Thread (main_thread)[0x0074895c]} sysPrxForUser: sys_lwmutex_create(lwmutex=*0x200000a0, attr=*0x75b268)
HLE: W {PPU[0x1] Thread (main_thread)[0x0074895c]} sysPrxForUser: sys_lwmutex_create(lwmutex=*0x20000130, attr=*0x75b268)
HLE: W {PPU[0x1] Thread (main_thread)[0x0074895c]} sysPrxForUser: sys_lwmutex_create(lwmutex=*0x20000190, attr=*0x75b268)
HLE: W {PPU[0x1] Thread (main_thread)[0x0074895c]} sysPrxForUser: sys_lwmutex_create(lwmutex=*0x200001d0, attr=*0x75b268)
HLE: W {PPU[0x1] Thread (main_thread)[0x0074895c]} sysPrxForUser: sys_lwmutex_create(lwmutex=*0x20000210, attr=*0x75b268)
HLE: W {PPU[0x1] Thread (main_thread)[0x0074895c]} sysPrxForUser: sys_lwmutex_create(lwmutex=*0x200002d0, attr=*0x75b268)
HLE: W {PPU[0x1] Thread (main_thread)[0x0074895c]} sysPrxForUser: sys_lwmutex_create(lwmutex=*0x20000300, attr=*0x75b268)
HLE: W {PPU[0x1] Thread (main_thread)[0x0074895c]} sysPrxForUser: sys_lwmutex_create(lwmutex=*0x20000330, attr=*0x75b268)
HLE: W {PPU[0x1] Thread (main_thread)[0x0074895c]} sysPrxForUser: sys_lwmutex_create(lwmutex=*0x20000360, attr=*0x75b268)
HLE: W {PPU[0x1] Thread (main_thread)[0x0074895c]} sysPrxForUser: sys_lwmutex_create(lwmutex=*0x20000390, attr=*0x75b268)
HLE: W {PPU[0x1] Thread (main_thread)[0x0074895c]} sysPrxForUser: sys_lwmutex_create(lwmutex=*0x200003c0, attr=*0x75b268)
HLE: W {PPU[0x1] Thread (main_thread)[0x0074895c]} sysPrxForUser: sys_lwmutex_create(lwmutex=*0x922518, attr=*0xd003fbc0)
HLE: W {PPU[0x1] Thread (main_thread)[0x0074895c]} sysPrxForUser: sys_lwmutex_create(lwmutex=*0x921c80, attr=*0xd003fb20)
HLE: W {PPU[0x1] Thread (main_thread)[0x0074895c]} sysPrxForUser: sys_lwmutex_create(lwmutex=*0x921b88, attr=*0xd003fb20)
HLE: W {PPU[0x1] Thread (main_thread)[0x0074895c]} sysPrxForUser: sys_lwmutex_create(lwmutex=*0x921cb0, attr=*0xd003fb20)
HLE: W {PPU[0x1] Thread (main_thread)[0x0074895c]} sysPrxForUser: sys_lwmutex_create(lwmutex=*0x921ce0, attr=*0xd003fb20)
HLE: W {PPU[0x1] Thread (main_thread)[0x0074895c]} sysPrxForUser: sys_lwmutex_create(lwmutex=*0x921d10, attr=*0xd003fbd0)
HLE: W {PPU[0x1] Thread (main_thread)[0x0074895c]} sysPrxForUser: sys_lwmutex_create(lwmutex=*0x918bf8, attr=*0xd003fbd0)
HLE: W {PPU[0x1] Thread (main_thread)[0x0074895c]} sysPrxForUser: sys_lwmutex_create(lwmutex=*0x910bb0, attr=*0xd003fbc0)
HLE: W {PPU[0x1] Thread (main_thread)[0x0074895c]} sysPrxForUser: sys_lwmutex_create(lwmutex=*0x90ce30, attr=*0xd003fbb0)
HLE: W {PPU[0x1] Thread (main_thread)[0x0074895c]} sysPrxForUser: sys_lwmutex_create(lwmutex=*0x90ce88, attr=*0xd003fbb0)
HLE: W {PPU[0x1] Thread (main_thread)[0x0074895c]} sysPrxForUser: sys_lwmutex_create(lwmutex=*0x90ceb0, attr=*0xd003fbb0)
HLE: W {PPU[0x1] Thread (main_thread)[0x0074895c]} sysPrxForUser: sys_lwmutex_create(lwmutex=*0x90ced8, attr=*0xd003fbb0)
HLE: W {PPU[0x1] Thread (main_thread)[0x0074895c]} sysPrxForUser: sys_lwmutex_create(lwmutex=*0x906498, attr=*0xd003fbb0)
HLE: W {PPU[0x1] Thread (main_thread)[0x0074895c]} sysPrxForUser: sys_lwmutex_create(lwmutex=*0x9064c0, attr=*0xd003fbb0)
HLE: W {PPU[0x1] Thread (main_thread)[0x0074895c]} sysPrxForUser: sys_lwmutex_create(lwmutex=*0x9064f8, attr=*0xd003fbb0)
HLE: W {PPU[0x1] Thread (main_thread)[0x0074895c]} sysPrxForUser: sys_lwmutex_create(lwmutex=*0x8bcb30, attr=*0xd003f9d0)
HLE: W {PPU[0x1] Thread (main_thread)[0x0074895c]} sysPrxForUser: sys_lwmutex_create(lwmutex=*0x8bf558, attr=*0xd003f9d0)
HLE: W {PPU[0x1] Thread (main_thread)[0x0074895c]} sysPrxForUser: sys_lwmutex_create(lwmutex=*0x8c32f8, attr=*0xd003f9e0)
HLE: W {PPU[0x1] Thread (main_thread)[0x0074895c]} sysPrxForUser: sys_lwmutex_create(lwmutex=*0x8bc308, attr=*0xd003fba0)
HLE: W {PPU[0x1] Thread (main_thread)[0x0074895c]} sysPrxForUser: sys_lwmutex_create(lwmutex=*0x8bc340, attr=*0xd003fba0)
HLE: W {PPU[0x1] Thread (main_thread)[0x005139bc]} sys_semaphore: sys_semaphore_create(sem_id=*0x8bb528, attr=*0xd003fb70, initial_val=0, max_val=1)
HLE: W {PPU[0x1] Thread (main_thread)[0x005139bc]} sys_semaphore: sys_semaphore_create(sem_id=*0x8bb530, attr=*0xd003fb70, initial_val=0, max_val=1)
HLE: W {PPU[0x1] Thread (main_thread)[0x0074895c]} sysPrxForUser: sys_lwmutex_create(lwmutex=*0x88e190, attr=*0xd003fbc0)
HLE: W {PPU[0x1] Thread (main_thread)[0x00010e54]} sys_memory: sys_memory_get_user_memory_size(mem_info=*0xd003fcc0)
HLE: W {PPU[0x1] Thread (main_thread)[0x00748fbc]} cellSysmodule: cellSysmoduleInitialize()
HLE: W {PPU[0x1] Thread (main_thread)[0x00748f7c]} cellSysmodule: cellSysmoduleLoadModule(id=0x002e: CELL_SYSMODULE_LV2DBG)
HLE: W {PPU[0x1] Thread (main_thread)[0x00748f7c]} cellSysmodule: cellSysmoduleLoadModule(id=0x000e: CELL_SYSMODULE_FS)
HLE: W {PPU[0x1] Thread (main_thread)[0x00748f7c]} cellSysmodule: cellSysmoduleLoadModule(id=0x000a: CELL_SYSMODULE_SPURS)
HLE: W {PPU[0x1] Thread (main_thread)[0x00748f7c]} cellSysmodule: cellSysmoduleLoadModule(id=0x0013: CELL_SYSMODULE_ATRAC3PLUS)
HLE: W {PPU[0x1] Thread (main_thread)[0x00748f7c]} cellSysmodule: cellSysmoduleLoadModule(id=0x0010: CELL_SYSMODULE_GCM_SYS)
HLE: W {PPU[0x1] Thread (main_thread)[0x00748f7c]} cellSysmodule: cellSysmoduleLoadModule(id=0x0000: CELL_SYSMODULE_NET)
HLE: W {PPU[0x1] Thread (main_thread)[0x00748f7c]} cellSysmodule: cellSysmoduleLoadModule(id=0x000d: CELL_SYSMODULE_SYNC)
HLE: W {PPU[0x1] Thread (main_thread)[0x00748f7c]} cellSysmodule: cellSysmoduleLoadModule(id=0x0005: CELL_SYSMODULE_VDEC)
HLE: W {PPU[0x1] Thread (main_thread)[0x00748f7c]} cellSysmodule: cellSysmoduleLoadModule(id=0x0017: CELL_SYSMODULE_IO)
HLE: W {PPU[0x1] Thread (main_thread)[0x00748f7c]} cellSysmodule: cellSysmoduleLoadModule(id=0x0001: CELL_SYSMODULE_HTTP)
HLE: W {PPU[0x1] Thread (main_thread)[0x00748f7c]} cellSysmodule: cellSysmoduleLoadModule(id=0x0002: CELL_SYSMODULE_HTTP_UTIL)
HLE: W {PPU[0x1] Thread (main_thread)[0x00748f7c]} cellSysmodule: cellSysmoduleLoadModule(id=0x0003: CELL_SYSMODULE_SSL)
HLE: W {PPU[0x1] Thread (main_thread)[0x00748f7c]} cellSysmodule: cellSysmoduleLoadModule(id=0x0009: CELL_SYSMODULE_RTC)
HLE: W {PPU[0x1] Thread (main_thread)[0x00748f7c]} cellSysmodule: cellSysmoduleLoadModule(id=0x0016: CELL_SYSMODULE_SYSUTIL_NP)
HLE: W {PPU[0x1] Thread (main_thread)[0x00748f7c]} cellSysmodule: cellSysmoduleLoadModule(id=0x0038: CELL_SYSMODULE_SYSUTIL_NP2)
HLE: W {PPU[0x1] Thread (main_thread)[0x00748f7c]} cellSysmodule: cellSysmoduleLoadModule(id=0x003e: CELL_SYSMODULE_SYSUTIL_GAME)
HLE: W {PPU[0x1] Thread (main_thread)[0x00748f7c]} cellSysmodule: cellSysmoduleLoadModule(id=0x0032: CELL_SYSMODULE_SYSUTIL_USERINFO)
HLE: W {PPU[0x1] Thread (main_thread)[0x00748f7c]} cellSysmodule: cellSysmoduleLoadModule(id=0xf035: CELL_SYSMODULE_SYSUTIL_NP_TROPHY)
HLE: W {PPU[0x1] Thread (main_thread)[0x00748f7c]} cellSysmodule: cellSysmoduleLoadModule(id=0x0033: CELL_SYSMODULE_SYSUTIL_SAVEDATA)
HLE: W {PPU[0x1] Thread (main_thread)[0x00748f7c]} cellSysmodule: cellSysmoduleLoadModule(id=0x0031: CELL_SYSMODULE_AVCONF_EXT)
HLE: W {PPU[0x1] Thread (main_thread)[0x00748f7c]} cellSysmodule: cellSysmoduleLoadModule(id=0x0044: CELL_SYSMODULE_SYSUTIL_NP_COMMERCE2)
HLE: W {PPU[0x1] Thread (main_thread)[0x00748f7c]} cellSysmodule: cellSysmoduleLoadModule(id=0x004a: CELL_SYSMODULE_SYSUTIL_MUSIC2)
HLE: W {PPU[0x1] Thread (main_thread)[0x00748f7c]} cellSysmodule: cellSysmoduleLoadModule(id=0xf02f: CELL_SYSMODULE_SYSUTIL_SEARCH)
HLE: W {PPU[0x1] Thread (main_thread)[0x00748f7c]} cellSysmodule: cellSysmoduleLoadModule(id=0x0037: CELL_SYSMODULE_SYSUTIL_GAME_EXEC)
HLE: W {PPU[0x1] Thread (main_thread)[0x0074895c]} sysPrxForUser: sys_lwmutex_create(lwmutex=*0x27820b40, attr=*0xd003fb90)
HLE: W {PPU[0x1] Thread (main_thread)[0x0074891c]} sysPrxForUser: sys_ppu_thread_create(thread_id=*0xd003fb10, entry=0x85c098, arg=0x0, prio=3000, stacksize=0x10000, flags=0x1, threadname=*0x75b6f8)
HLE: W {PPU[0x1] Thread (main_thread)[0x0074891c]} sys_ppu_thread: _sys_ppu_thread_create(thread_id=*0xd003fb10, param=*0xd003fa98, arg=0x0, unk=0x0, prio=3000, stacksize=0x10000, flags=0x1, threadname=*0x75b6f8)
HLE: W {PPU[0x1] Thread (main_thread)[0x0074891c]} sys_ppu_thread: sys_ppu_thread_start(thread_id=0x35)
HLE: W {PPU[0x35] Thread (bringup)[0x0074895c]} sysPrxForUser: sys_lwmutex_create(lwmutex=*0x27720028, attr=*0xd005fba8)
HLE: W {PPU[0x35] Thread (bringup)[0x005139bc]} sys_semaphore: sys_semaphore_create(sem_id=*0x27720050, attr=*0xd005fb10, initial_val=0, max_val=2147483647)
HLE: W {PPU[0x35] Thread (bringup)[0x0074895c]} sysPrxForUser: sys_lwmutex_create(lwmutex=*0x27720068, attr=*0xd005fba8)
HLE: W {PPU[0x35] Thread (bringup)[0x005139bc]} sys_semaphore: sys_semaphore_create(sem_id=*0x27720090, attr=*0xd005fb10, initial_val=0, max_val=2147483647)
HLE: W {PPU[0x35] Thread (bringup)[0x0074891c]} sysPrxForUser: sys_ppu_thread_create(thread_id=*0xd005fb20, entry=0x869180, arg=0x27720000, prio=1000, stacksize=0x10000, flags=0x1, threadname=*0x79fdf0)
HLE: W {PPU[0x35] Thread (bringup)[0x0074891c]} sys_ppu_thread: _sys_ppu_thread_create(thread_id=*0xd005fb20, param=*0xd005faa8, arg=0x27720000, unk=0x0, prio=1000, stacksize=0x10000, flags=0x1, threadname=*0x79fdf0)
HLE: W {PPU[0x35] Thread (bringup)[0x0074891c]} sys_ppu_thread: sys_ppu_thread_start(thread_id=0x3a)
HLE: W {PPU[0x35] Thread (bringup)[0x0074891c]} sysPrxForUser: sys_ppu_thread_create(thread_id=*0xd005fb20, entry=0x869180, arg=0x27720000, prio=1000, stacksize=0x10000, flags=0x1, threadname=*0x79fdf0)
HLE: W {PPU[0x35] Thread (bringup)[0x0074891c]} sys_ppu_thread: _sys_ppu_thread_create(thread_id=*0xd005fb20, param=*0xd005faa8, arg=0x27720000, unk=0x0, prio=1000, stacksize=0x10000, flags=0x1, threadname=*0x79fdf0)
HLE: W {PPU[0x35] Thread (bringup)[0x0074891c]} sys_ppu_thread: sys_ppu_thread_start(thread_id=0x3b)
HLE: W {PPU[0x35] Thread (bringup)[0x0074891c]} sysPrxForUser: sys_ppu_thread_create(thread_id=*0xd005fb20, entry=0x869180, arg=0x27720000, prio=1000, stacksize=0x10000, flags=0x1, threadname=*0x79fdf0)
HLE: W {PPU[0x35] Thread (bringup)[0x0074891c]} sys_ppu_thread: _sys_ppu_thread_create(thread_id=*0xd005fb20, param=*0xd005faa8, arg=0x27720000, unk=0x0, prio=1000, stacksize=0x10000, flags=0x1, threadname=*0x79fdf0)
HLE: W {PPU[0x35] Thread (bringup)[0x0074891c]} sys_ppu_thread: sys_ppu_thread_start(thread_id=0x3c)
HLE: W {PPU[0x35] Thread (bringup)[0x0074891c]} sysPrxForUser: sys_ppu_thread_create(thread_id=*0xd005fb20, entry=0x869180, arg=0x27720000, prio=1000, stacksize=0x10000, flags=0x1, threadname=*0x79fdf0)
HLE: W {PPU[0x35] Thread (bringup)[0x0074891c]} sys_ppu_thread: _sys_ppu_thread_create(thread_id=*0xd005fb20, param=*0xd005faa8, arg=0x27720000, unk=0x0, prio=1000, stacksize=0x10000, flags=0x1, threadname=*0x79fdf0)
HLE: W {PPU[0x35] Thread (bringup)[0x0074891c]} sys_ppu_thread: sys_ppu_thread_start(thread_id=0x3d)
HLE: W {PPU[0x35] Thread (bringup)[0x0074895c]} sysPrxForUser: sys_lwmutex_create(lwmutex=*0x277200c8, attr=*0xd005fba8)
HLE: W {PPU[0x35] Thread (bringup)[0x005139bc]} sys_semaphore: sys_semaphore_create(sem_id=*0x277200f0, attr=*0xd005fb10, initial_val=0, max_val=2147483647)
HLE: W {PPU[0x35] Thread (bringup)[0x0074895c]} sysPrxForUser: sys_lwmutex_create(lwmutex=*0x27720108, attr=*0xd005fba8)
HLE: W {PPU[0x35] Thread (bringup)[0x005139bc]} sys_semaphore: sys_semaphore_create(sem_id=*0x27720130, attr=*0xd005fb10, initial_val=0, max_val=2147483647)
HLE: W {PPU[0x35] Thread (bringup)[0x0074891c]} sysPrxForUser: sys_ppu_thread_create(thread_id=*0xd005fb20, entry=0x869180, arg=0x277200a0, prio=1000, stacksize=0x10000, flags=0x1, threadname=*0x79fdf0)
HLE: W {PPU[0x35] Thread (bringup)[0x0074891c]} sys_ppu_thread: _sys_ppu_thread_create(thread_id=*0xd005fb20, param=*0xd005faa8, arg=0x277200a0, unk=0x0, prio=1000, stacksize=0x10000, flags=0x1, threadname=*0x79fdf0)
HLE: W {PPU[0x35] Thread (bringup)[0x0074891c]} sys_ppu_thread: sys_ppu_thread_start(thread_id=0x42)
HLE: W {PPU[0x35] Thread (bringup)[0x0074891c]} sysPrxForUser: sys_ppu_thread_create(thread_id=*0xd005fb20, entry=0x869180, arg=0x277200a0, prio=1000, stacksize=0x10000, flags=0x1, threadname=*0x79fdf0)
HLE: W {PPU[0x35] Thread (bringup)[0x0074891c]} sys_ppu_thread: _sys_ppu_thread_create(thread_id=*0xd005fb20, param=*0xd005faa8, arg=0x277200a0, unk=0x0, prio=1000, stacksize=0x10000, flags=0x1, threadname=*0x79fdf0)
HLE: W {PPU[0x35] Thread (bringup)[0x0074891c]} sys_ppu_thread: sys_ppu_thread_start(thread_id=0x43)
HLE: E {PPU[0x35] Thread (bringup)[0x00380038]} Unimplemented syscall 872: sys_ss_get_open_psid -> CELL_OK
HLE: W {PPU[0x35] Thread (bringup)[0x0074a49c]} cellUserInfo: cellUserInfoGetList(listNum=*0x921b48, listBuf=*0xd005fbe0, currentUserId=*0x921b4c)
HLE: W {PPU[0x35] Thread (bringup)[0x0074a47c]} cellUserInfo: cellUserInfoGetStat(id=1, stat=*0xd005fc20)
HLE: W {PPU[0x35] Thread (bringup)[0x0074a01c]} sceNpTrophy: sceNpTrophyInit(pool=*0x0, poolSize=0x0, containerId=0xffffffff, options=0x0)
HLE: W {PPU[0x35] Thread (bringup)[0x0074a0bc]} sceNpTrophy: sceNpTrophyCreateContext(context=*0x8bbaf0, commId=*0x74c2c1, commSign=*0x74c34d, options=0x0)
HLE: W {PPU[0x35] Thread (bringup)[0x00749fbc]} sceNpTrophy: sceNpTrophyCreateHandle(handle=*0x8bbaf4)
HLE: W {PPU[0x35] Thread (bringup)[0x0074a3bc]} cellSysutil: cellSysutilRegisterCallback(slot=0, func=*0x863ae0, userdata=*0x0)
HLE: W {PPU[0x35] Thread (bringup)[0x0074913c]} cellGame: cellGameBootCheck(type=*0x91ea90, attributes=*0x91eb24, size=*0x91ea80, dirName=*0x0)
HLE: W {PPU[0x35] Thread (bringup)[0x0074903c]} cellGame: cellGameGetParamString(id=100, buf=*0x881f68, bufsize=10)
HLE: W {PPU[0x35] Thread (bringup)[0x007490bc]} cellGame: cellGameGetParamInt(id=102, value=*0x882000)
HLE: W {PPU[0x35] Thread (bringup)[0x0074907c]} cellGame: cellGameContentPermit(contentInfoPath=*0xd005f610, usrdirPath=*0xd005f590)
HLE: W {PPU[0x35] Thread (bringup)[0x0074911c]} cellGame: cellGameDataCheck(type=2, dirName=*0x881f68, size=*0x0)
HLE: W {PPU[0x35] Thread (bringup)[0x0074903c]} cellGame: cellGameGetParamString(id=100, buf=*0x881f68, bufsize=10)
HLE: W {PPU[0x35] Thread (bringup)[0x0074903c]} cellGame: cellGameGetParamString(id=1, buf=*0x881f80, bufsize=128)
HLE: W {PPU[0x35] Thread (bringup)[0x0074903c]} cellGame: cellGameGetParamString(id=2, buf=*0x91eaa0, bufsize=128)
HLE: W {PPU[0x35] Thread (bringup)[0x0074903c]} cellGame: cellGameGetParamString(id=101, buf=*0x881f78, bufsize=6)
HLE: W {PPU[0x35] Thread (bringup)[0x0074903c]} cellGame: cellGameGetParamString(id=106, buf=*0x882010, bufsize=6)
HLE: W {PPU[0x35] Thread (bringup)[0x007490bc]} cellGame: cellGameGetParamInt(id=102, value=*0x882000)
HLE: W {PPU[0x35] Thread (bringup)[0x0074907c]} cellGame: cellGameContentPermit(contentInfoPath=*0xd005f610, usrdirPath=*0xd005f590)
HLE: W {PPU[0x35] Thread (bringup)[0x0074a2bc]} cellSysutil: cellSysCacheMount(param=*0xd005f810)
G: W {PPU[0x35] Thread (bringup)[0x0074a2bc]} Error creating directory 'D:/Emulateurs/Rpcs3/dev_hdd1/cache/NPEA00241': 0xb7
HLE: W {PPU[0x35] Thread (bringup)[0x0074823c]} cellFs: cellFsStat(path=*0x9628b1, sb=*0xd005f450) -> sys_fs_stat()
HLE: W {PPU[0x35] Thread (bringup)[0x0074823c]} sys_fs: sys_fs_stat(path=*0x9628b1, sb=*0xd005f450)
HLE: E {PPU[0x3a] Thread (JobManagerWorker)[0x00749fdc]} sceNpTrophy TODO: sceNpTrophyGetRequiredDiskSpace(context=0x44, handle=0x45, reqspace=*0xd006f960, options=0x0)
HLE: W {PPU[0x35] Thread (bringup)[0x0074823c]} sys_fs: *** path = '/dev_hdd0/game/NPEA00241/USRDIR/'
HLE: W {PPU[0x3a] Thread (JobManagerWorker)[0x0074911c]} cellGame: cellGameDataCheck(type=3, dirName=*0xd006f7b0, size=*0xd006f7a0)
HLE: W {PPU[0x35] Thread (bringup)[0x0074821c]} cellFs: cellFsOpen(path=*0xd005fb80, flags=0, fd=*0xd005f4f0, arg=*0x0, size=0x0) -> sys_fs_open()
HLE: W {PPU[0x35] Thread (bringup)[0x0074821c]} sys_fs: sys_fs_open(path=*0xd005fb80, flags=0, fd=*0xd005f4f0, mode=0, arg=*0x0, size=0x0)
HLE: W {PPU[0x35] Thread (bringup)[0x0074821c]} sys_fs: *** path = '/dev_hdd0/game/NPEA00241/USRDIR/gamedata/data/craftworld.ini'
HLE: W {PPU[0x3a] Thread (JobManagerWorker)[0x0074911c]} cellGame: cellGameDataCheck(): '/dev_hdd0/game/BCES00141_USER1' directory not found
HLE: W {PPU[0x3a] Thread (JobManagerWorker)[0x0074907c]} cellGame: cellGameContentPermit(contentInfoPath=*0xd006f7d0, usrdirPath=*0xd006f850)
HLE: W {PPU[0x3a] Thread (JobManagerWorker)[0x0074823c]} cellFs: cellFsStat(path=*0xd006f840, sb=*0xd006f770) -> sys_fs_stat()
HLE: W {PPU[0x3a] Thread (JobManagerWorker)[0x0074823c]} sys_fs: sys_fs_stat(path=*0xd006f840, sb=*0xd006f770)
HLE: W {PPU[0x3a] Thread (JobManagerWorker)[0x0074823c]} sys_fs: *** path = '/dev_hdd0/game/NPEA00241/USRDIR/output/dl'
G: W {PPU[0x35] Thread (bringup)[0x0074821c]} fs::file::open('D:/Emulateurs/Rpcs3/dev_hdd0/game/NPEA00241/USRDIR/gamedata/data/craftworld.ini', 0x1) failed: error 0x2
HLE: E {PPU[0x35] Thread (bringup)[0x0074821c]} sys_fs: sys_fs_open('/dev_hdd0/game/NPEA00241/USRDIR/gamedata/data/craftworld.ini'): failed to open file (flags=0, mode=0)
HLE: W {PPU[0x35] Thread (bringup)[0x0074a31c]} cellSysutil: cellSysutilGetSystemParamInt(id=0x111(ID_LANG), value=*0x881598)
HLE: E {PPU[0x3a] Thread (JobManagerWorker)[0x0074823c]} sys_fs: sys_fs_stat('/dev_hdd0/game/NPEA00241/USRDIR/output/dl') failed: not found
HLE: W {PPU[0x35] Thread (bringup)[0x007482dc]} cellGcmSys: _cellGcmInitBody(context=**0x931e80, cmdSize=0x3ff000, ioSize=0x400000, ioAddress=0x20100000)
HLE: W {PPU[0x35] Thread (bringup)[0x007482dc]} cellGcmSys: *** local memory(addr=0xc0000000, size=0xf900000)
HLE: W {PPU[0x35] Thread (bringup)[0x007482dc]} cellGcmSys: cellGcmInit(): 256MB io address space used
RSX: ! {RSXThread} RSX thread started
HLE: W {PPU[0x35] Thread (bringup)[0x0074a25c]} cellSysutil: cellVideoOutConfigure(videoOut=0, config=*0xd005fc34, option=*0x0, waitForEvent=0)
HLE: W {PPU[0x35] Thread (bringup)[0x0074835c]} cellGcmSys: cellGcmSetFlipMode(mode=1)
HLE: W {PPU[0x35] Thread (bringup)[0x007484dc]} cellGcmSys: cellGcmSetTile(index=0, location=0, offset=0, size=7405568, pitch=5120, comp=0, base=0, bank=0)
HLE: W {PPU[0x35] Thread (bringup)[0x0074847c]} cellGcmSys: cellGcmSetVBlankHandler(handler=*0x863a78)
HLE: W {PPU[0x35] Thread (bringup)[0x0074837c]} cellGcmSys: cellGcmSetDebugOutputLevel(level=2)
HLE: W {PPU[0x35] Thread (bringup)[0x0074823c]} cellFs: cellFsStat(path=*0xd005f7b0, sb=*0xd005f6e0) -> sys_fs_stat()
HLE: W {PPU[0x35] Thread (bringup)[0x0074823c]} sys_fs: sys_fs_stat(path=*0xd005f7b0, sb=*0xd005f6e0)
HLE: W {PPU[0x35] Thread (bringup)[0x0074823c]} sys_fs: *** path = '/dev_hdd0/game/NPEA00241/USRDIR/patch19.farc'
HLE: E {PPU[0x35] Thread (bringup)[0x0074823c]} sys_fs: sys_fs_stat('/dev_hdd0/game/NPEA00241/USRDIR/patch19.farc') failed: not found
HLE: W {PPU[0x35] Thread (bringup)[0x0074823c]} cellFs: cellFsStat(path=*0xd005f7b0, sb=*0xd005f6e0) -> sys_fs_stat()
HLE: W {PPU[0x35] Thread (bringup)[0x0074823c]} sys_fs: sys_fs_stat(path=*0xd005f7b0, sb=*0xd005f6e0)
HLE: W {PPU[0x35] Thread (bringup)[0x0074823c]} sys_fs: *** path = '/dev_hdd0/game/NPEA00241/USRDIR/patch18.farc'
HLE: E {PPU[0x35] Thread (bringup)[0x0074823c]} sys_fs: sys_fs_stat('/dev_hdd0/game/NPEA00241/USRDIR/patch18.farc') failed: not found
HLE: W {PPU[0x35] Thread (bringup)[0x0074823c]} cellFs: cellFsStat(path=*0xd005f7b0, sb=*0xd005f6e0) -> sys_fs_stat()
HLE: W {PPU[0x35] Thread (bringup)[0x0074823c]} sys_fs: sys_fs_stat(path=*0xd005f7b0, sb=*0xd005f6e0)
HLE: W {PPU[0x35] Thread (bringup)[0x0074823c]} sys_fs: *** path = '/dev_hdd0/game/NPEA00241/USRDIR/patch17.farc'
HLE: E {PPU[0x35] Thread (bringup)[0x0074823c]} sys_fs: sys_fs_stat('/dev_hdd0/game/NPEA00241/USRDIR/patch17.farc') failed: not found
HLE: W {PPU[0x35] Thread (bringup)[0x0074823c]} cellFs: cellFsStat(path=*0xd005f7b0, sb=*0xd005f6e0) -> sys_fs_stat()
HLE: W {PPU[0x35] Thread (bringup)[0x0074823c]} sys_fs: sys_fs_stat(path=*0xd005f7b0, sb=*0xd005f6e0)
HLE: W {PPU[0x35] Thread (bringup)[0x0074823c]} sys_fs: *** path = '/dev_hdd0/game/NPEA00241/USRDIR/patch16.farc'
HLE: E {PPU[0x35] Thread (bringup)[0x0074823c]} sys_fs: sys_fs_stat('/dev_hdd0/game/NPEA00241/USRDIR/patch16.farc') failed: not found
HLE: W {PPU[0x35] Thread (bringup)[0x0074823c]} cellFs: cellFsStat(path=*0xd005f7b0, sb=*0xd005f6e0) -> sys_fs_stat()
HLE: W {PPU[0x35] Thread (bringup)[0x0074823c]} sys_fs: sys_fs_stat(path=*0xd005f7b0, sb=*0xd005f6e0)
HLE: W {PPU[0x35] Thread (bringup)[0x0074823c]} sys_fs: *** path = '/dev_hdd0/game/NPEA00241/USRDIR/patch15.farc'
HLE: E {PPU[0x35] Thread (bringup)[0x0074823c]} sys_fs: sys_fs_stat('/dev_hdd0/game/NPEA00241/USRDIR/patch15.farc') failed: not found
HLE: W {PPU[0x35] Thread (bringup)[0x0074823c]} cellFs: cellFsStat(path=*0xd005f7b0, sb=*0xd005f6e0) -> sys_fs_stat()
HLE: W {PPU[0x35] Thread (bringup)[0x0074823c]} sys_fs: sys_fs_stat(path=*0xd005f7b0, sb=*0xd005f6e0)
HLE: W {PPU[0x35] Thread (bringup)[0x0074823c]} sys_fs: *** path = '/dev_hdd0/game/NPEA00241/USRDIR/patch14.farc'
HLE: E {PPU[0x35] Thread (bringup)[0x0074823c]} sys_fs: sys_fs_stat('/dev_hdd0/game/NPEA00241/USRDIR/patch14.farc') failed: not found
HLE: W {PPU[0x35] Thread (bringup)[0x0074823c]} cellFs: cellFsStat(path=*0xd005f7b0, sb=*0xd005f6e0) -> sys_fs_stat()
HLE: W {PPU[0x35] Thread (bringup)[0x0074823c]} sys_fs: sys_fs_stat(path=*0xd005f7b0, sb=*0xd005f6e0)
HLE: W {PPU[0x35] Thread (bringup)[0x0074823c]} sys_fs: *** path = '/dev_hdd0/game/NPEA00241/USRDIR/patch13.farc'
HLE: E {PPU[0x35] Thread (bringup)[0x0074823c]} sys_fs: sys_fs_stat('/dev_hdd0/game/NPEA00241/USRDIR/patch13.farc') failed: not found
HLE: W {PPU[0x35] Thread (bringup)[0x0074823c]} cellFs: cellFsStat(path=*0xd005f7b0, sb=*0xd005f6e0) -> sys_fs_stat()
HLE: W {PPU[0x35] Thread (bringup)[0x0074823c]} sys_fs: sys_fs_stat(path=*0xd005f7b0, sb=*0xd005f6e0)
HLE: W {PPU[0x35] Thread (bringup)[0x0074823c]} sys_fs: *** path = '/dev_hdd0/game/NPEA00241/USRDIR/patch12.farc'
HLE: E {PPU[0x35] Thread (bringup)[0x0074823c]} sys_fs: sys_fs_stat('/dev_hdd0/game/NPEA00241/USRDIR/patch12.farc') failed: not found
HLE: W {PPU[0x35] Thread (bringup)[0x0074823c]} cellFs: cellFsStat(path=*0xd005f7b0, sb=*0xd005f6e0) -> sys_fs_stat()
HLE: W {PPU[0x35] Thread (bringup)[0x0074823c]} sys_fs: sys_fs_stat(path=*0xd005f7b0, sb=*0xd005f6e0)
HLE: W {PPU[0x35] Thread (bringup)[0x0074823c]} sys_fs: *** path = '/dev_hdd0/game/NPEA00241/USRDIR/patch11.farc'
HLE: E {PPU[0x35] Thread (bringup)[0x0074823c]} sys_fs: sys_fs_stat('/dev_hdd0/game/NPEA00241/USRDIR/patch11.farc') failed: not found
HLE: W {PPU[0x35] Thread (bringup)[0x0074823c]} cellFs: cellFsStat(path=*0xd005f7b0, sb=*0xd005f6e0) -> sys_fs_stat()
HLE: W {PPU[0x35] Thread (bringup)[0x0074823c]} sys_fs: sys_fs_stat(path=*0xd005f7b0, sb=*0xd005f6e0)
HLE: W {PPU[0x35] Thread (bringup)[0x0074823c]} sys_fs: *** path = '/dev_hdd0/game/NPEA00241/USRDIR/patch10.farc'
HLE: E {PPU[0x35] Thread (bringup)[0x0074823c]} sys_fs: sys_fs_stat('/dev_hdd0/game/NPEA00241/USRDIR/patch10.farc') failed: not found
HLE: W {PPU[0x35] Thread (bringup)[0x0074823c]} cellFs: cellFsStat(path=*0xd005f7b0, sb=*0xd005f6e0) -> sys_fs_stat()
HLE: W {PPU[0x35] Thread (bringup)[0x0074823c]} sys_fs: sys_fs_stat(path=*0xd005f7b0, sb=*0xd005f6e0)
HLE: W {PPU[0x35] Thread (bringup)[0x0074823c]} sys_fs: *** path = '/dev_hdd0/game/NPEA00241/USRDIR/patch9.farc'
HLE: E {PPU[0x35] Thread (bringup)[0x0074823c]} sys_fs: sys_fs_stat('/dev_hdd0/game/NPEA00241/USRDIR/patch9.farc') failed: not found
HLE: W {PPU[0x35] Thread (bringup)[0x0074823c]} cellFs: cellFsStat(path=*0xd005f7b0, sb=*0xd005f6e0) -> sys_fs_stat()
HLE: W {PPU[0x35] Thread (bringup)[0x0074823c]} sys_fs: sys_fs_stat(path=*0xd005f7b0, sb=*0xd005f6e0)
HLE: W {PPU[0x35] Thread (bringup)[0x0074823c]} sys_fs: *** path = '/dev_hdd0/game/NPEA00241/USRDIR/patch8.farc'
HLE: W {PPU[0x35] Thread (bringup)[0x0074895c]} sysPrxForUser: sys_lwmutex_create(lwmutex=*0x200fc4a8, attr=*0xd005f630)
HLE: W {PPU[0x35] Thread (bringup)[0x0074821c]} cellFs: cellFsOpen(path=*0x200fc4d0, flags=0, fd=*0xd005f640, arg=*0x0, size=0x0) -> sys_fs_open()
HLE: W {PPU[0x35] Thread (bringup)[0x0074821c]} sys_fs: sys_fs_open(path=*0x200fc4d0, flags=0, fd=*0xd005f640, mode=0, arg=*0x0, size=0x0)
HLE: W {PPU[0x35] Thread (bringup)[0x0074821c]} sys_fs: *** path = '/dev_hdd0/game/NPEA00241/USRDIR/patch8.farc'
HLE: W {PPU[0x35] Thread (bringup)[0x0074895c]} sysPrxForUser: sys_lwmutex_create(lwmutex=*0x277a0008, attr=*0xd005f660)
HLE: W {PPU[0x35] Thread (bringup)[0x0074823c]} cellFs: cellFsStat(path=*0xd005f7b0, sb=*0xd005f6e0) -> sys_fs_stat()
HLE: W {PPU[0x35] Thread (bringup)[0x0074823c]} sys_fs: sys_fs_stat(path=*0xd005f7b0, sb=*0xd005f6e0)
HLE: W {PPU[0x35] Thread (bringup)[0x0074823c]} sys_fs: *** path = '/dev_hdd0/game/NPEA00241/USRDIR/patch7.farc'
HLE: W {PPU[0x35] Thread (bringup)[0x0074895c]} sysPrxForUser: sys_lwmutex_create(lwmutex=*0x200fc608, attr=*0xd005f630)
HLE: W {PPU[0x35] Thread (bringup)[0x0074821c]} cellFs: cellFsOpen(path=*0x200fc630, flags=0, fd=*0xd005f640, arg=*0x0, size=0x0) -> sys_fs_open()
HLE: W {PPU[0x35] Thread (bringup)[0x0074821c]} sys_fs: sys_fs_open(path=*0x200fc630, flags=0, fd=*0xd005f640, mode=0, arg=*0x0, size=0x0)
HLE: W {PPU[0x35] Thread (bringup)[0x0074821c]} sys_fs: *** path = '/dev_hdd0/game/NPEA00241/USRDIR/patch7.farc'
HLE: W {PPU[0x35] Thread (bringup)[0x0074823c]} cellFs: cellFsStat(path=*0xd005f7b0, sb=*0xd005f6e0) -> sys_fs_stat()
HLE: W {PPU[0x35] Thread (bringup)[0x0074823c]} sys_fs: sys_fs_stat(path=*0xd005f7b0, sb=*0xd005f6e0)
HLE: W {PPU[0x35] Thread (bringup)[0x0074823c]} sys_fs: *** path = '/dev_hdd0/game/NPEA00241/USRDIR/patch6.farc'
HLE: E {PPU[0x35] Thread (bringup)[0x0074823c]} sys_fs: sys_fs_stat('/dev_hdd0/game/NPEA00241/USRDIR/patch6.farc') failed: not found
HLE: W {PPU[0x35] Thread (bringup)[0x0074823c]} cellFs: cellFsStat(path=*0xd005f7b0, sb=*0xd005f6e0) -> sys_fs_stat()
HLE: W {PPU[0x35] Thread (bringup)[0x0074823c]} sys_fs: sys_fs_stat(path=*0xd005f7b0, sb=*0xd005f6e0)
HLE: W {PPU[0x35] Thread (bringup)[0x0074823c]} sys_fs: *** path = '/dev_hdd0/game/NPEA00241/USRDIR/patch5.farc'
HLE: E {PPU[0x35] Thread (bringup)[0x0074823c]} sys_fs: sys_fs_stat('/dev_hdd0/game/NPEA00241/USRDIR/patch5.farc') failed: not found
HLE: W {PPU[0x35] Thread (bringup)[0x0074823c]} cellFs: cellFsStat(path=*0xd005f7b0, sb=*0xd005f6e0) -> sys_fs_stat()
HLE: W {PPU[0x35] Thread (bringup)[0x0074823c]} sys_fs: sys_fs_stat(path=*0xd005f7b0, sb=*0xd005f6e0)
HLE: W {PPU[0x35] Thread (bringup)[0x0074823c]} sys_fs: *** path = '/dev_hdd0/game/NPEA00241/USRDIR/patch4.farc'
HLE: E {PPU[0x35] Thread (bringup)[0x0074823c]} sys_fs: sys_fs_stat('/dev_hdd0/game/NPEA00241/USRDIR/patch4.farc') failed: not found
HLE: W {PPU[0x35] Thread (bringup)[0x0074823c]} cellFs: cellFsStat(path=*0xd005f7b0, sb=*0xd005f6e0) -> sys_fs_stat()
HLE: W {PPU[0x35] Thread (bringup)[0x0074823c]} sys_fs: sys_fs_stat(path=*0xd005f7b0, sb=*0xd005f6e0)
HLE: W {PPU[0x35] Thread (bringup)[0x0074823c]} sys_fs: *** path = '/dev_hdd0/game/NPEA00241/USRDIR/patch3.farc'
HLE: E {PPU[0x35] Thread (bringup)[0x0074823c]} sys_fs: sys_fs_stat('/dev_hdd0/game/NPEA00241/USRDIR/patch3.farc') failed: not found
HLE: W {PPU[0x35] Thread (bringup)[0x0074823c]} cellFs: cellFsStat(path=*0xd005f7b0, sb=*0xd005f6e0) -> sys_fs_stat()
HLE: W {PPU[0x35] Thread (bringup)[0x0074823c]} sys_fs: sys_fs_stat(path=*0xd005f7b0, sb=*0xd005f6e0)
HLE: W {PPU[0x35] Thread (bringup)[0x0074823c]} sys_fs: *** path = '/dev_hdd0/game/NPEA00241/USRDIR/patch2.farc'
HLE: E {PPU[0x35] Thread (bringup)[0x0074823c]} sys_fs: sys_fs_stat('/dev_hdd0/game/NPEA00241/USRDIR/patch2.farc') failed: not found
HLE: W {PPU[0x35] Thread (bringup)[0x0074823c]} cellFs: cellFsStat(path=*0xd005f7b0, sb=*0xd005f6e0) -> sys_fs_stat()
HLE: W {PPU[0x35] Thread (bringup)[0x0074823c]} sys_fs: sys_fs_stat(path=*0xd005f7b0, sb=*0xd005f6e0)
HLE: W {PPU[0x35] Thread (bringup)[0x0074823c]} sys_fs: *** path = '/dev_hdd0/game/NPEA00241/USRDIR/patch1.farc'
HLE: E {PPU[0x35] Thread (bringup)[0x0074823c]} sys_fs: sys_fs_stat('/dev_hdd0/game/NPEA00241/USRDIR/patch1.farc') failed: not found
HLE: W {PPU[0x35] Thread (bringup)[0x0074823c]} cellFs: cellFsStat(path=*0xd005f7b0, sb=*0xd005f6e0) -> sys_fs_stat()
HLE: W {PPU[0x35] Thread (bringup)[0x0074823c]} sys_fs: sys_fs_stat(path=*0xd005f7b0, sb=*0xd005f6e0)
HLE: W {PPU[0x35] Thread (bringup)[0x0074823c]} sys_fs: *** path = '/dev_hdd0/game/NPEA00241/USRDIR/patch0.farc'
HLE: E {PPU[0x35] Thread (bringup)[0x0074823c]} sys_fs: sys_fs_stat('/dev_hdd0/game/NPEA00241/USRDIR/patch0.farc') failed: not found
HLE: W {PPU[0x35] Thread (bringup)[0x0074823c]} cellFs: cellFsStat(path=*0xd005f7b0, sb=*0xd005f6e0) -> sys_fs_stat()
HLE: W {PPU[0x35] Thread (bringup)[0x0074823c]} sys_fs: sys_fs_stat(path=*0xd005f7b0, sb=*0xd005f6e0)
HLE: W {PPU[0x35] Thread (bringup)[0x0074823c]} sys_fs: *** path = '/dev_hdd0/game/NPEA00241/USRDIR/patch.sdat'
HLE: W {PPU[0x35] Thread (bringup)[0x0074895c]} sysPrxForUser: sys_lwmutex_create(lwmutex=*0x200fc768, attr=*0xd005f630)
HLE: ! {PPU[0x35] Thread (bringup)[0x0074ad1c]} cellFs: cellFsSdataOpen(path=*0x200fc790, flags=0, fd=*0xd005f640, arg=*0x0, size=0x0)
HLE: W {PPU[0x35] Thread (bringup)[0x0074ad1c]} cellFs: cellFsOpen(path=*0x200fc790, flags=0, fd=*0xd005f640, arg=*0xd005f4f8, size=0x8) -> sys_fs_open()
HLE: W {PPU[0x35] Thread (bringup)[0x0074ad1c]} sys_fs: sys_fs_open(path=*0x200fc790, flags=0, fd=*0xd005f640, mode=0, arg=*0xd005f4f8, size=0x8)
HLE: W {PPU[0x35] Thread (bringup)[0x0074ad1c]} sys_fs: *** path = '/dev_hdd0/game/NPEA00241/USRDIR/patch.sdat'
HLE: W {PPU[0x35] Thread (bringup)[0x0074a55c]} cellFs: cellFsMkdir(path=*0xd005f5c0, mode=0755) -> sys_fs_mkdir()
HLE: W {PPU[0x35] Thread (bringup)[0x0074a55c]} sys_fs: sys_fs_mkdir(path=*0xd005f5c0, mode=0755)
HLE: W {PPU[0x35] Thread (bringup)[0x0074a55c]} sys_fs: *** path = ''
HLE: W {PPU[0x35] Thread (bringup)[0x0074a55c]} cellFs: cellFsMkdir(path=*0xd005f5c0, mode=0755) -> sys_fs_mkdir()
HLE: W {PPU[0x35] Thread (bringup)[0x0074a55c]} sys_fs: sys_fs_mkdir(path=*0xd005f5c0, mode=0755)
HLE: W {PPU[0x35] Thread (bringup)[0x0074a55c]} sys_fs: *** path = '/dev_hdd1'
HLE: W {PPU[0x35] Thread (bringup)[0x0074823c]} cellFs: cellFsStat(path=*0xd005f5c0, sb=*0xd005f500) -> sys_fs_stat()
HLE: W {PPU[0x35] Thread (bringup)[0x0074823c]} sys_fs: sys_fs_stat(path=*0xd005f5c0, sb=*0xd005f500)
HLE: W {PPU[0x35] Thread (bringup)[0x0074823c]} sys_fs: *** path = '/dev_hdd1'
HLE: W {PPU[0x35] Thread (bringup)[0x0074a55c]} cellFs: cellFsMkdir(path=*0xd005f5c0, mode=0755) -> sys_fs_mkdir()
HLE: W {PPU[0x35] Thread (bringup)[0x0074a55c]} sys_fs: sys_fs_mkdir(path=*0xd005f5c0, mode=0755)
HLE: W {PPU[0x35] Thread (bringup)[0x0074a55c]} sys_fs: *** path = '/dev_hdd1/cache'
HLE: W {PPU[0x35] Thread (bringup)[0x0074823c]} cellFs: cellFsStat(path=*0xd005f5c0, sb=*0xd005f500) -> sys_fs_stat()
HLE: W {PPU[0x35] Thread (bringup)[0x0074823c]} sys_fs: sys_fs_stat(path=*0xd005f5c0, sb=*0xd005f500)
HLE: W {PPU[0x35] Thread (bringup)[0x0074823c]} sys_fs: *** path = '/dev_hdd1/cache'
HLE: W {PPU[0x35] Thread (bringup)[0x0074a55c]} cellFs: cellFsMkdir(path=*0xd005f5c0, mode=0755) -> sys_fs_mkdir()
HLE: W {PPU[0x35] Thread (bringup)[0x0074a55c]} sys_fs: sys_fs_mkdir(path=*0xd005f5c0, mode=0755)
HLE: W {PPU[0x35] Thread (bringup)[0x0074a55c]} sys_fs: *** path = '/dev_hdd1/cache/NPEA00241'
HLE: W {PPU[0x35] Thread (bringup)[0x0074823c]} cellFs: cellFsStat(path=*0xd005f5c0, sb=*0xd005f500) -> sys_fs_stat()
HLE: W {PPU[0x35] Thread (bringup)[0x0074823c]} sys_fs: sys_fs_stat(path=*0xd005f5c0, sb=*0xd005f500)
HLE: W {PPU[0x35] Thread (bringup)[0x0074823c]} sys_fs: *** path = '/dev_hdd1/cache/NPEA00241'
HLE: W {PPU[0x35] Thread (bringup)[0x0074a55c]} cellFs: cellFsMkdir(path=*0xd005f5c0, mode=0755) -> sys_fs_mkdir()
HLE: W {PPU[0x35] Thread (bringup)[0x0074a55c]} sys_fs: sys_fs_mkdir(path=*0xd005f5c0, mode=0755)
HLE: W {PPU[0x35] Thread (bringup)[0x0074a55c]} sys_fs: *** path = '/dev_hdd1/cache/NPEA00241/output'
HLE: W {PPU[0x35] Thread (bringup)[0x0074823c]} cellFs: cellFsStat(path=*0xd005f5c0, sb=*0xd005f500) -> sys_fs_stat()
HLE: W {PPU[0x35] Thread (bringup)[0x0074823c]} sys_fs: sys_fs_stat(path=*0xd005f5c0, sb=*0xd005f500)
HLE: W {PPU[0x35] Thread (bringup)[0x0074823c]} sys_fs: *** path = '/dev_hdd1/cache/NPEA00241/output'
HLE: W {PPU[0x35] Thread (bringup)[0x0074895c]} sysPrxForUser: sys_lwmutex_create(lwmutex=*0x200fc8c8, attr=*0xd005f870)
HLE: W {PPU[0x35] Thread (bringup)[0x0074a55c]} cellFs: cellFsMkdir(path=*0xd005f3d0, mode=0755) -> sys_fs_mkdir()
HLE: W {PPU[0x35] Thread (bringup)[0x0074a55c]} sys_fs: sys_fs_mkdir(path=*0xd005f3d0, mode=0755)
HLE: W {PPU[0x35] Thread (bringup)[0x0074a55c]} sys_fs: *** path = ''
HLE: W {PPU[0x35] Thread (bringup)[0x0074a55c]} cellFs: cellFsMkdir(path=*0xd005f3d0, mode=0755) -> sys_fs_mkdir()
HLE: W {PPU[0x35] Thread (bringup)[0x0074a55c]} sys_fs: sys_fs_mkdir(path=*0xd005f3d0, mode=0755)
HLE: W {PPU[0x35] Thread (bringup)[0x0074a55c]} sys_fs: *** path = '/dev_hdd1'
HLE: W {PPU[0x35] Thread (bringup)[0x0074823c]} cellFs: cellFsStat(path=*0xd005f3d0, sb=*0xd005f310) -> sys_fs_stat()
HLE: W {PPU[0x35] Thread (bringup)[0x0074823c]} sys_fs: sys_fs_stat(path=*0xd005f3d0, sb=*0xd005f310)
HLE: W {PPU[0x35] Thread (bringup)[0x0074823c]} sys_fs: *** path = '/dev_hdd1'
HLE: W {PPU[0x35] Thread (bringup)[0x0074a55c]} cellFs: cellFsMkdir(path=*0xd005f3d0, mode=0755) -> sys_fs_mkdir()
HLE: W {PPU[0x35] Thread (bringup)[0x0074a55c]} sys_fs: sys_fs_mkdir(path=*0xd005f3d0, mode=0755)
HLE: W {PPU[0x35] Thread (bringup)[0x0074a55c]} sys_fs: *** path = '/dev_hdd1/cache'
HLE: W {PPU[0x35] Thread (bringup)[0x0074823c]} cellFs: cellFsStat(path=*0xd005f3d0, sb=*0xd005f310) -> sys_fs_stat()
HLE: W {PPU[0x35] Thread (bringup)[0x0074823c]} sys_fs: sys_fs_stat(path=*0xd005f3d0, sb=*0xd005f310)
HLE: W {PPU[0x35] Thread (bringup)[0x0074823c]} sys_fs: *** path = '/dev_hdd1/cache'
HLE: W {PPU[0x35] Thread (bringup)[0x0074a55c]} cellFs: cellFsMkdir(path=*0xd005f3d0, mode=0755) -> sys_fs_mkdir()
HLE: W {PPU[0x35] Thread (bringup)[0x0074a55c]} sys_fs: sys_fs_mkdir(path=*0xd005f3d0, mode=0755)
HLE: W {PPU[0x35] Thread (bringup)[0x0074a55c]} sys_fs: *** path = '/dev_hdd1/cache/NPEA00241'
HLE: W {PPU[0x35] Thread (bringup)[0x0074823c]} cellFs: cellFsStat(path=*0xd005f3d0, sb=*0xd005f310) -> sys_fs_stat()
HLE: W {PPU[0x35] Thread (bringup)[0x0074823c]} sys_fs: sys_fs_stat(path=*0xd005f3d0, sb=*0xd005f310)
HLE: W {PPU[0x35] Thread (bringup)[0x0074823c]} sys_fs: *** path = '/dev_hdd1/cache/NPEA00241'
HLE: W {PPU[0x35] Thread (bringup)[0x0074a55c]} cellFs: cellFsMkdir(path=*0xd005f3d0, mode=0755) -> sys_fs_mkdir()
HLE: W {PPU[0x35] Thread (bringup)[0x0074a55c]} sys_fs: sys_fs_mkdir(path=*0xd005f3d0, mode=0755)
HLE: W {PPU[0x35] Thread (bringup)[0x0074a55c]} sys_fs: *** path = '/dev_hdd1/cache/NPEA00241/output'
HLE: W {PPU[0x35] Thread (bringup)[0x0074823c]} cellFs: cellFsStat(path=*0xd005f3d0, sb=*0xd005f310) -> sys_fs_stat()
HLE: W {PPU[0x35] Thread (bringup)[0x0074823c]} sys_fs: sys_fs_stat(path=*0xd005f3d0, sb=*0xd005f310)
HLE: W {PPU[0x35] Thread (bringup)[0x0074823c]} sys_fs: *** path = '/dev_hdd1/cache/NPEA00241/output'
HLE: W {PPU[0x35] Thread (bringup)[0x0074823c]} cellFs: cellFsStat(path=*0xd005f870, sb=*0xd005f640) -> sys_fs_stat()
HLE: W {PPU[0x35] Thread (bringup)[0x0074823c]} sys_fs: sys_fs_stat(path=*0xd005f870, sb=*0xd005f640)
HLE: W {PPU[0x35] Thread (bringup)[0x0074823c]} sys_fs: *** path = '/dev_hdd1/cache/NPEA00241/output/temp'
HLE: W {PPU[0x35] Thread (bringup)[0x0074821c]} cellFs: cellFsOpen(path=*0xd005f870, flags=01101, fd=*0xd005f700, arg=*0x0, size=0x0) -> sys_fs_open()
HLE: W {PPU[0x35] Thread (bringup)[0x0074821c]} sys_fs: sys_fs_open(path=*0xd005f870, flags=01101, fd=*0xd005f700, mode=0600, arg=*0x0, size=0x0)
HLE: W {PPU[0x35] Thread (bringup)[0x0074821c]} sys_fs: *** path = '/dev_hdd1/cache/NPEA00241/output/temp'
HLE: S {PPU[0x35] Thread (bringup)[0x0074ac9c]} Last function: cellFsAllocateFileAreaWithoutZeroFill (0x7a0329a1)
G: ! {PPU[0x35] Thread (bringup)[0x0074ac9c]} Registers:
=========
GPR[0] = 0x51b604
GPR[1] = 0xd005f690
GPR[2] = 0x881314
GPR[3] = 0xd005f870
GPR[4] = 0x1c9c380
GPR[5] = 0xd005f700
GPR[6] = 0x0
GPR[7] = 0x0
GPR[8] = 0x800000
GPR[9] = 0x1c9c380
GPR[10] = 0xd005f870
GPR[11] = 0xffffffffffffffff
GPR[12] = 0x82002088
GPR[13] = 0x9744d0
GPR[14] = 0x0
GPR[15] = 0x0
GPR[16] = 0x0
GPR[17] = 0x0
GPR[18] = 0x1000
GPR[19] = 0x40000000
GPR[20] = 0xd005fb78
GPR[21] = 0x200fc8c0
GPR[22] = 0x200fc9fc
GPR[23] = 0x7602c0
GPR[24] = 0x0
GPR[25] = 0x40000000
GPR[26] = 0xd005f870
GPR[27] = 0x200fc8c0
GPR[28] = 0xd005f870
GPR[29] = 0xd005f700
GPR[30] = 0x40000000
GPR[31] = 0x1c9c380
FPR[0] = 640
FPR[1] = 0
FPR[2] = 1
FPR[3] = 640
FPR[4] = -360
FPR[5] = 0
FPR[6] = 1
FPR[7] = 0
FPR[8] = 0
FPR[9] = 0.5
FPR[10] = -360
FPR[11] = 640
FPR[12] = 0.5
FPR[13] = 360
FPR[14] = 0
FPR[15] = 0
FPR[16] = 0
FPR[17] = 0
FPR[18] = 0
FPR[19] = 0
FPR[20] = 0
FPR[21] = 0
FPR[22] = 0
FPR[23] = 0
FPR[24] = 0
FPR[25] = 0
FPR[26] = 0
FPR[27] = 0
FPR[28] = 0
FPR[29] = 0
FPR[30] = 0
FPR[31] = 0
VPR[0] = 0x00000000000000000000000000000000 [x: 0 y: 0 z: 0 w: 0]
VPR[1] = 0x00000000000000000000000000000000 [x: 0 y: 0 z: 0 w: 0]
VPR[2] = 0x00000000000000000000000000000000 [x: 0 y: 0 z: 0 w: 0]
VPR[3] = 0x00000000000000000000000000000000 [x: 0 y: 0 z: 0 w: 0]
VPR[4] = 0x00000000000000000000000000000000 [x: 0 y: 0 z: 0 w: 0]
VPR[5] = 0x00000000000000000000000000000000 [x: 0 y: 0 z: 0 w: 0]
VPR[6] = 0x00000000000000000000000000000000 [x: 0 y: 0 z: 0 w: 0]
VPR[7] = 0x00000000000000000000000000000000 [x: 0 y: 0 z: 0 w: 0]
VPR[8] = 0x00000000000000000000000000000000 [x: 0 y: 0 z: 0 w: 0]
VPR[9] = 0x00000000000000000000000000000000 [x: 0 y: 0 z: 0 w: 0]
VPR[10] = 0x00000000000000000000000000000000 [x: 0 y: 0 z: 0 w: 0]
VPR[11] = 0x00000000000000000000000000000000 [x: 0 y: 0 z: 0 w: 0]
VPR[12] = 0x00000000000000000000000000000000 [x: 0 y: 0 z: 0 w: 0]
VPR[13] = 0x00000000000000000000000000000000 [x: 0 y: 0 z: 0 w: 0]
VPR[14] = 0x00000000000000000000000000000000 [x: 0 y: 0 z: 0 w: 0]
VPR[15] = 0x00000000000000000000000000000000 [x: 0 y: 0 z: 0 w: 0]
VPR[16] = 0x00000000000000000000000000000000 [x: 0 y: 0 z: 0 w: 0]
VPR[17] = 0x00000000000000000000000000000000 [x: 0 y: 0 z: 0 w: 0]
VPR[18] = 0x00000000000000000000000000000000 [x: 0 y: 0 z: 0 w: 0]
VPR[19] = 0x00000000000000000000000000000000 [x: 0 y: 0 z: 0 w: 0]
VPR[20] = 0x00000000000000000000000000000000 [x: 0 y: 0 z: 0 w: 0]
VPR[21] = 0x00000000000000000000000000000000 [x: 0 y: 0 z: 0 w: 0]
VPR[22] = 0x00000000000000000000000000000000 [x: 0 y: 0 z: 0 w: 0]
VPR[23] = 0x00000000000000000000000000000000 [x: 0 y: 0 z: 0 w: 0]
VPR[24] = 0x00000000000000000000000000000000 [x: 0 y: 0 z: 0 w: 0]
VPR[25] = 0x00000000000000000000000000000000 [x: 0 y: 0 z: 0 w: 0]
VPR[26] = 0x00000000000000000000000000000000 [x: 0 y: 0 z: 0 w: 0]
VPR[27] = 0x00000000000000000000000000000000 [x: 0 y: 0 z: 0 w: 0]
VPR[28] = 0x00000000000000000000000000000000 [x: 0 y: 0 z: 0 w: 0]
VPR[29] = 0x00000000000000000000000000000000 [x: 0 y: 0 z: 0 w: 0]
VPR[30] = 0x00000000000000000000000000000000 [x: 0 y: 0 z: 0 w: 0]
VPR[31] = 0x00000000000000000000000000000000 [x: 0 y: 0 z: 0 w: 0]
CR = 0x42002024
LR = 0x51b554
CTR = 0x51af98
XER = 0x0 [CA=0 | OV=8589934592 | SO=0]
FPSCR = 0x0 [RN=0 | NI=0 | XE=0 | ZE=0 | UE=0 | OE=0 | VE=0 | VXCVI=0 | VXSQRT=0 | VXSOFT=0 | FPRF=0 | FI=0 | FR=0 | VXVC=0 | VXIMZ=0 | VXZDZ=0 | VXIDI=0 | VXISI=0 | VXSNAN=0 | XX=0 | ZX=0 | UX=0 | OX=0 | VX=0 | FEX=0 | FX=0]

G: E {PPU[0x35] Thread (bringup)[0x0074ac9c]} Exception: 
(in file Emu\SysCalls\Modules\cellFs.cpp:1030, in function cellFsAllocateFileAreaWithoutZeroFill)
G: ! Stopping emulator...
G: ! All threads signaled...
G: ! {PPU[0x1] Thread (main_thread)[0x005261c4]} Thread aborted
G: ! {PPU[0x2] Thread (Callback Thread)[0x0037a498]} Thread aborted
HLE: S {PPU[0x3a] Thread (JobManagerWorker)[0x00513924]} Last syscall: 92 (sys_semaphore_wait)
G: ! {VBlank Thread} Thread aborted
HLE: S {PPU[0x3c] Thread (JobManagerWorker)[0x00513924]} Last syscall: 92 (sys_semaphore_wait)
HLE: S {PPU[0x3b] Thread (JobManagerWorker)[0x00513924]} Last syscall: 92 (sys_semaphore_wait)
G: ! {PPU[0x3a] Thread (JobManagerWorker)[0x00513924]} Thread aborted
G: ! {PPU[0x3b] Thread (JobManagerWorker)[0x00513924]} Thread aborted
HLE: S {PPU[0x3d] Thread (JobManagerWorker)[0x00513924]} Last syscall: 92 (sys_semaphore_wait)
HLE: S {PPU[0x42] Thread (JobManagerWorker)[0x00513924]} Last syscall: 92 (sys_semaphore_wait)
G: ! {PPU[0x3c] Thread (JobManagerWorker)[0x00513924]} Thread aborted
HLE: S {PPU[0x43] Thread (JobManagerWorker)[0x00513924]} Last syscall: 92 (sys_semaphore_wait)
G: ! {PPU[0x3d] Thread (JobManagerWorker)[0x00513924]} Thread aborted
G: ! {PPU[0x43] Thread (JobManagerWorker)[0x00513924]} Thread aborted
G: ! {PPU[0x42] Thread (JobManagerWorker)[0x00513924]} Thread aborted
G: ! All threads stopped...
G: ! Objects cleared...
