LDR: E PSFLoader::Load() failed: unknown magic (0x0)
G: ! RPCS3 v0.0.0.6-3827-a6beb0e
G: ! 
LDR: ! Loading 'D:\Emulateurs\Rpcs3\dev_hdd0\game\NPEA00315\USRDIR\BOOT.BIN'...
G: W fs::file::open('D:/Emulateurs/Rpcs3/dev_hdd0/game/NPEA00315/dev_bdvd.path', 0x1) failed: error 0x2
LDR: ! 
LDR: ! Mount info:
LDR: ! /dev_usb000/ -> D:/Emulateurs/Rpcs3/dev_usb000/
LDR: ! /dev_flash/ -> D:/Emulateurs/Rpcs3/dev_flash/
LDR: ! /host_root/ -> 
LDR: ! /dev_hdd0/ -> D:/Emulateurs/Rpcs3/dev_hdd0/
LDR: ! /dev_hdd1/ -> D:/Emulateurs/Rpcs3/dev_hdd1/
LDR: ! /dev_usb/ -> D:/Emulateurs/Rpcs3/dev_usb000/
LDR: ! 
LDR: ! 
LDR: ! Title: MOTORSTORM®: APOCALYPSE Digital Edition
LDR: ! Serial: NPEA00315
LDR: ! Used configuration: 'rpcs3.new.ini'
LDR: ! 
LDR: ! [gui]
MainFrameAui=layout2|name~Pane_0;caption~Game List;state~4196348;dir~5;layer~0;row~0;pos~0;prop~100000;bestw~283;besth~279;minw~-1;minh~-1;maxw~-1;maxh~-1;floatx~-1;floaty~-1;floatw~-1;floath~-1|name~Pane_1;caption~Log;state~4196348;dir~4;layer~0;row~1;pos~1;prop~99647;bestw~600;besth~300;minw~-1;minh~-1;maxw~-1;maxh~-1;floatx~52;floaty~489;floatw~616;floath~339|name~Pane_2;caption~Debugger;state~4196348;dir~4;layer~0;row~1;pos~0;prop~100353;bestw~400;besth~300;minw~-1;minh~-1;maxw~-1;maxh~-1;floatx~47;floaty~117;floatw~416;floath~339|dock_size(5,0,0)~265|dock_size(4,0,1)~400|

[system]
Emulation dir path=
Language=2
Use path below as EmulationDir=false

[rsx/opengl]
Write Color Buffers=false
Write Depth Buffer=false
Read Color Buffers=false
Read Depth Buffer=false

[gui/size]
width=963
height=626

[gui/position]
horizontal=-5
vertical=145

[core]
PPU Decoder=interpreter2
Load liblv2.sprx=false
Hook static functions=false
SPU Decoder=recompiler_asmjit

[rsx]
VSync=true
Aspect ratio=16x9
Renderer=DX12
Resolution=1280x720
Frame limit=Auto
Log shader programs=false
3D Monitor=false

[core/llvm]
Compiled blocks exclusion=false
Excluded block range min=200
Excluded block range max=250
Compilation threshold=1000

[audio]
Audio Out=XAudio2
Dump to file=false
Convert to 16 bit=false

[io]
Pad Handler=windows
Camera=connected
Camera type=PlayStationEye
Mouse Handler=null
Keyboard Handler=null

[rsx/d3d12]
D3D Adaptater=0
Debug Output=false
Debug overlay=true

[io/pad]
Circle=76
Left Analog Stick Left=314
Left Analog Stick Down=317
Left Analog Stick Right=316
R2=69
Right=68
Triangle=73
Right Analog Stick Right=312
Down=83
Right Analog Stick Down=367
Left Analog Stick Up=315
Up=90
Right Analog Stick Up=366
Left=81
Right Analog Stick Left=313
Start=13
Select=32
Square=74
Cross=75
R1=51
R3=67
L1=49
L2=65
L3=87

[misc]
Exit RPCS3 when process finishes=false
Always start after boot=true
Use default configuration=true

[misc/log]
RSX Logging=false
Log Level=Errors
Log everything=false
Save TTY output to file=false

[misc/net]
Connection status=Connecting
Network adapter=0

[misc/debug]
Auto Pause at System Call=false
Auto Pause at Function Call=false


LDR: ! Elf path: /dev_hdd0/game/NPEA00315/USRDIR/BOOT.BIN
LDR: ! 
LDR: ! loader::init() failed: Broken file
LDR: ! *** sdk version: 0x370001
LDR: ! *** primary prio: 1024
LDR: ! *** primary stacksize: 0x80000
LDR: ! *** malloc pagesize: 0x100000
LDR: ! *** ppc seg: 0x0
LDR: ! Imported function 'cellSysmoduleUnloadModule' in 'cellSysmodule' module (0xf4a67c)
LDR: ! Imported function 'cellSysmoduleLoadModule' in 'cellSysmodule' module (0xf4a6b4)
LDR: ! Imported function 'cellSysmoduleIsLoaded' in 'cellSysmodule' module (0xf4a6ec)
LDR: ! Imported function 'cellSysmoduleInitialize' in 'cellSysmodule' module (0xf4e42c)
LDR: ! Imported function 'cellSysmoduleFinalize' in 'cellSysmodule' module (0xf4e464)
LDR: ! Imported function 'cellUsbdInit' in 'cellUsbd' module (0xf4a724)
LDR: ! Imported function 'cellUsbdInterruptTransfer' in 'cellUsbd' module (0xf4e544)
LDR: ! Imported function 'cellUsbdOpenPipe' in 'cellUsbd' module (0xf4e57c)
LDR: ! Imported function 'cellUsbdScanStaticDescriptor' in 'cellUsbd' module (0xf4e5b4)
LDR: ! Imported function 'cellUsbdGetPrivateData' in 'cellUsbd' module (0xf4e5ec)
LDR: ! Imported function 'cellUsbdSetPrivateData' in 'cellUsbd' module (0xf4e624)
LDR: ! Imported function 'cellUsbdUnregisterExtraLdd' in 'cellUsbd' module (0xf4e65c)
LDR: ! Imported function 'cellUsbdClosePipe' in 'cellUsbd' module (0xf4e694)
LDR: ! Imported function 'cellUsbdControlTransfer' in 'cellUsbd' module (0xf4e6cc)
LDR: ! Imported function 'cellUsbdRegisterExtraLdd2' in 'cellUsbd' module (0xf4e704)
LDR: ! Imported function 'cellUsbdGetDeviceLocation' in 'cellUsbd' module (0xf4e73c)
LDR: ! Imported function 'cellPadGetInfo2' in 'sys_io' module (0xf4a75c)
LDR: ! Imported function 'cellPadSetActDirect' in 'sys_io' module (0xf4a794)
LDR: ! Imported function 'cellPadInit' in 'sys_io' module (0xf4e774)
LDR: ! Imported function 'cellKbGetConfiguration' in 'sys_io' module (0xf4e7ac)
LDR: ! Imported function 'cellKbClearBuf' in 'sys_io' module (0xf4e7e4)
LDR: ! Imported function 'cellPadLddRegisterController' in 'sys_io' module (0xf4e81c)
LDR: ! Imported function 'cellKbGetInfo' in 'sys_io' module (0xf4e854)
LDR: ! Imported function 'cellMouseGetData' in 'sys_io' module (0xf4e88c)
LDR: ! Imported function 'cellMouseClearBuf' in 'sys_io' module (0xf4e8c4)
LDR: ! Imported function 'cellKbInit' in 'sys_io' module (0xf4e8fc)
LDR: ! Imported function 'cellKbCnvRawCode' in 'sys_io' module (0xf4e934)
LDR: ! Imported function 'cellPadEnd' in 'sys_io' module (0xf4e96c)
LDR: ! Imported function 'cellPadSetPortSetting' in 'sys_io' module (0xf4e9a4)
LDR: ! Imported function 'cellMouseGetInfo' in 'sys_io' module (0xf4e9dc)
LDR: ! Imported function 'cellPadGetData' in 'sys_io' module (0xf4ea14)
LDR: ! Imported function 'cellPadLddGetPortNo' in 'sys_io' module (0xf4ea4c)
LDR: ! Imported function 'cellKbSetCodeType' in 'sys_io' module (0xf4ea84)
LDR: ! Imported function 'cellPadLddDataInsert' in 'sys_io' module (0xf4eabc)
LDR: ! Imported function 'cellKbEnd' in 'sys_io' module (0xf4eaf4)
LDR: ! Imported function 'cellMouseInit' in 'sys_io' module (0xf4eb2c)
LDR: ! Imported function 'cellKbSetReadMode' in 'sys_io' module (0xf4eb64)
LDR: ! Imported function 'cellMouseEnd' in 'sys_io' module (0xf4eb9c)
LDR: ! Imported function 'cellPadLddUnregisterController' in 'sys_io' module (0xf4ebd4)
LDR: ! Imported function 'cellKbRead' in 'sys_io' module (0xf4ec0c)
LDR: ! Imported function 'cellFsRmdir' in 'sys_fs' module (0xf4a7cc)
LDR: ! Imported function 'cellFsClose' in 'sys_fs' module (0xf4a804)
LDR: ! Imported function 'cellFsOpendir' in 'sys_fs' module (0xf4a83c)
LDR: ! Imported function 'cellFsRead' in 'sys_fs' module (0xf4a874)
LDR: ! Imported function 'cellFsReaddir' in 'sys_fs' module (0xf4a8ac)
LDR: ! Imported function 'cellFsOpen' in 'sys_fs' module (0xf4a8e4)
LDR: ! Imported function 'cellFsStat' in 'sys_fs' module (0xf4a91c)
LDR: ! Imported function 'cellFsUnlink' in 'sys_fs' module (0xf4a954)
LDR: ! Imported function 'cellFsGetDirectoryEntries' in 'sys_fs' module (0xf4a98c)
LDR: ! Imported function 'cellFsLseek' in 'sys_fs' module (0xf4a9c4)
LDR: ! Imported function 'cellFsGetFreeSize' in 'sys_fs' module (0xf4a9fc)
LDR: ! Imported function 'cellFsMkdir' in 'sys_fs' module (0xf4aa34)
LDR: ! Imported function 'cellFsUtime' in 'sys_fs' module (0xf4aa6c)
LDR: ! Imported function 'cellFsWrite' in 'sys_fs' module (0xf4aaa4)
LDR: ! Imported function 'cellFsFstat' in 'sys_fs' module (0xf4aadc)
LDR: ! Imported function 'cellFsRename' in 'sys_fs' module (0xf4ab14)
LDR: ! Imported function 'cellFsClosedir' in 'sys_fs' module (0xf4ab4c)
LDR: ! Imported function 'cellFsSdataOpenByFd' in 'sys_fs' module (0xf4e49c)
LDR: ! Imported function 'cellFsFsync' in 'sys_fs' module (0xf4e4d4)
LDR: ! Imported function 'cellFsSdataOpen' in 'sys_fs' module (0xf4e50c)
LDR: ! Imported function 'sceNpManagerSubSignout' in 'sceNp' module (0xf4ab84)
LDR: ! Imported function 'sceNpBasicSendMessageGui' in 'sceNp' module (0xf4abbc)
LDR: ! Imported function 'sceNpManagerGetTicket' in 'sceNp' module (0xf4abf4)
LDR: ! Imported function 'sceNpBasicGetFriendPresenceByNpId2' in 'sceNp' module (0xf4ac2c)
LDR: ! Imported function 'sceNpBasicGetMessageEntry' in 'sceNp' module (0xf4ac64)
LDR: ! Imported function 'sceNpBasicRegisterContextSensitiveHandler' in 'sceNp' module (0xf4ac9c)
LDR: ! Imported function 'sceNpManagerSubSignin' in 'sceNp' module (0xf4acd4)
LDR: ! Imported function 'sceNpBasicAbortGui' in 'sceNp' module (0xf4ad0c)
LDR: ! Imported function 'sceNpManagerUnregisterCallback' in 'sceNp' module (0xf4ad44)
LDR: ! Imported function 'sceNpManagerGetTicketParam' in 'sceNp' module (0xf4ad7c)
LDR: ! Imported function 'sceNpBasicSetPresenceDetails2' in 'sceNp' module (0xf4adb4)
LDR: ! Imported function 'sceNpLookupInit' in 'sceNp' module (0xf4adec)
LDR: ! Imported function 'sceNpSignalingActivateConnection' in 'sceNp' module (0xf4ae24)
LDR: ! Imported function 'sceNpSignalingCreateCtx' in 'sceNp' module (0xf4ae5c)
LDR: ! Imported function 'sceNpBasicGetFriendPresenceByIndex2' in 'sceNp' module (0xf4ae94)
LDR: ! Imported function 'sceNpBasicRecvMessageAttachmentLoad' in 'sceNp' module (0xf4aecc)
LDR: ! Imported function 'sceNpManagerGetContentRatingFlag' in 'sceNp' module (0xf4af04)
LDR: ! Imported function 'sceNpLookupPollAsync' in 'sceNp' module (0xf4af3c)
LDR: ! Imported function 'sceNpBasicRecvMessageCustom' in 'sceNp' module (0xf4af74)
LDR: ! Imported function 'sceNpManagerRequestTicket2' in 'sceNp' module (0xf4afac)
LDR: ! Imported function 'sceNpLookupTerm' in 'sceNp' module (0xf4afe4)
LDR: ! Imported function 'sceNpBasicGetPlayersHistoryEntryCount' in 'sceNp' module (0xf4b01c)
LDR: ! Imported function 'sceNpManagerGetStatus' in 'sceNp' module (0xf4b054)
LDR: ! Imported function 'sceNpSignalingDestroyCtx' in 'sceNp' module (0xf4b08c)
LDR: ! Imported function 'sceNpBasicUnregisterHandler' in 'sceNp' module (0xf4b0c4)
LDR: ! Imported function 'sceNpDrmIsAvailable' in 'sceNp' module (0xf4b0fc)
LDR: ! Imported function 'sceNpBasicGetFriendListEntryCount' in 'sceNp' module (0xf4b134)
LDR: ! Imported function 'sceNpManagerGetAccountRegion' in 'sceNp' module (0xf4b16c)
LDR: ! Imported function 'sceNpBasicGetPlayersHistoryEntry' in 'sceNp' module (0xf4b1a4)
LDR: ! Imported function 'sceNpBasicAddPlayersHistoryAsync' in 'sceNp' module (0xf4b1dc)
LDR: ! Imported function 'sceNpManagerGetOnlineId' in 'sceNp' module (0xf4b214)
LDR: ! Imported function 'sceNpSignalingGetConnectionStatus' in 'sceNp' module (0xf4b24c)
LDR: ! Imported function 'sceNpLookupCreateTitleCtx' in 'sceNp' module (0xf4b284)
LDR: ! Imported function 'sceNpLookupNpIdAsync' in 'sceNp' module (0xf4b2bc)
LDR: ! Imported function 'sceNpUtilCmpNpId' in 'sceNp' module (0xf4b2f4)
LDR: ! Imported function 'sceNpBasicGetEvent' in 'sceNp' module (0xf4b32c)
LDR: ! Imported function 'sceNpManagerRegisterCallback' in 'sceNp' module (0xf4b364)
LDR: ! Imported function 'sceNpLookupCreateTransactionCtx' in 'sceNp' module (0xf4b39c)
LDR: ! Imported function 'sceNpManagerGetChatRestrictionFlag' in 'sceNp' module (0xf4b3d4)
LDR: ! Imported function 'sceNpBasicGetMessageEntryCount' in 'sceNp' module (0xf4b40c)
LDR: ! Imported function 'sceNpManagerGetOnlineName' in 'sceNp' module (0xf4b444)
LDR: ! Imported function 'sceNpSignalingDeactivateConnection' in 'sceNp' module (0xf4b47c)
LDR: ! Imported function 'sceNpManagerGetNpId' in 'sceNp' module (0xf4b4b4)
LDR: ! Imported function 'sceNpDrmIsAvailable2' in 'sceNp' module (0xf4ecec)
LDR: ! Imported function 'sceNp2Init' in 'sceNp2' module (0xf4b4ec)
LDR: ! Imported function 'sceNp2Term' in 'sceNp2' module (0xf4b524)
LDR: ! Imported function 'cellSpursAttributeSetNamePrefix' in 'cellSpurs' module (0xf4b55c)
LDR: ! Imported function '_cellSpursTasksetAttributeInitialize' in 'cellSpurs' module (0xf4b594)
LDR: ! Imported function 'cellSpursEventFlagDetachLv2EventQueue' in 'cellSpurs' module (0xf4b5cc)
LDR: ! Imported function 'cellSpursEventFlagWait' in 'cellSpurs' module (0xf4b604)
LDR: ! Imported function 'cellSpursEventFlagClear' in 'cellSpurs' module (0xf4b63c)
LDR: ! Imported function '_cellSpursEventFlagInitialize' in 'cellSpurs' module (0xf4b674)
LDR: ! Imported function 'cellSpursTasksetAttributeSetName' in 'cellSpurs' module (0xf4b6ac)
LDR: ! Imported function 'cellSpursEventFlagAttachLv2EventQueue' in 'cellSpurs' module (0xf4b6e4)
LDR: ! Imported function '_cellSpursAttributeInitialize' in 'cellSpurs' module (0xf4b71c)
LDR: ! Imported function 'cellSpursJoinTaskset' in 'cellSpurs' module (0xf4b754)
LDR: ! Imported function 'cellSpursShutdownTaskset' in 'cellSpurs' module (0xf4b78c)
LDR: ! Imported function 'cellSpursAttributeSetSpuThreadGroupType' in 'cellSpurs' module (0xf4b7c4)
LDR: ! Imported function 'cellSpursInitializeWithAttribute' in 'cellSpurs' module (0xf4b7fc)
LDR: ! Imported function 'cellSpursInitialize' in 'cellSpurs' module (0xf4b834)
LDR: ! Imported function 'cellSpursCreateTasksetWithAttribute' in 'cellSpurs' module (0xf4b86c)
LDR: ! Imported function 'cellSpursFinalize' in 'cellSpurs' module (0xf4b8a4)
LDR: ! Imported function '_cellSpursLFQueueInitialize' in 'cellSpurs' module (0xf4ed24)
LDR: ! Imported function 'cellSpursLFQueueAttachLv2EventQueue' in 'cellSpurs' module (0xf4ed5c)
LDR: ! Imported function 'cellSpursRequestIdleSpu' in 'cellSpurs' module (0xf4ed94)
LDR: ! Imported function 'cellSpursCreateTaskWithAttribute' in 'cellSpurs' module (0xf4edcc)
LDR: ! Imported function 'cellSpursDestroyTaskset2' in 'cellSpurs' module (0xf4ee04)
LDR: ! Imported function 'cellSpursGetInfo' in 'cellSpurs' module (0xf4ee3c)
LDR: ! Imported function 'cellSpursWorkloadAttributeSetName' in 'cellSpurs' module (0xf4ee74)
LDR: ! Imported function 'cellSpursCreateTaskset2' in 'cellSpurs' module (0xf4eeac)
LDR: ! Imported function 'cellSpursGetWorkloadInfo' in 'cellSpurs' module (0xf4eee4)
LDR: ! Imported function 'cellSpursDetachLv2EventQueue' in 'cellSpurs' module (0xf4ef1c)
LDR: ! Imported function 'cellSpursCreateTaskset' in 'cellSpurs' module (0xf4ef54)
LDR: ! Imported function 'cellSpursRemoveWorkload' in 'cellSpurs' module (0xf4ef8c)
LDR: ! Imported function 'cellSpursWaitForWorkloadShutdown' in 'cellSpurs' module (0xf4efc4)
LDR: ! Imported function 'cellSpursLFQueueDetachLv2EventQueue' in 'cellSpurs' module (0xf4effc)
LDR: ! Imported function 'cellSpursBarrierInitialize' in 'cellSpurs' module (0xf4f034)
LDR: ! Imported function 'cellSpursSetPriorities' in 'cellSpurs' module (0xf4f06c)
LDR: ! Imported function 'cellSpursTryJoinTask2' in 'cellSpurs' module (0xf4f0a4)
LDR: ! Imported function '_cellSpursLFQueuePushBody' in 'cellSpurs' module (0xf4f0dc)
LDR: ! Imported function 'cellSpursTaskGetContextSaveAreaSize' in 'cellSpurs' module (0xf4f114)
LDR: ! Imported function 'cellSpursShutdownWorkload' in 'cellSpurs' module (0xf4f14c)
LDR: ! Imported function 'cellSpursJoinTask2' in 'cellSpurs' module (0xf4f184)
LDR: ! Imported function '_cellSpursTaskAttributeInitialize' in 'cellSpurs' module (0xf4f1bc)
LDR: ! Imported function 'cellSpursAttachLv2EventQueue' in 'cellSpurs' module (0xf4f1f4)
LDR: ! Imported function 'cellSpursCreateTask' in 'cellSpurs' module (0xf4f22c)
LDR: ! Imported function 'cellSpursAddWorkloadWithAttribute' in 'cellSpurs' module (0xf4f264)
LDR: ! Imported function '_cellSpursTasksetAttribute2Initialize' in 'cellSpurs' module (0xf4f29c)
LDR: ! Imported function 'cellSpursSetExceptionEventHandler' in 'cellSpurs' module (0xf4f2d4)
LDR: ! Imported function '_cellSpursSendSignal' in 'cellSpurs' module (0xf4f30c)
LDR: ! Imported function 'cellSpursCreateTask2' in 'cellSpurs' module (0xf4f344)
LDR: ! Imported function '_cellSpursWorkloadAttributeInitialize' in 'cellSpurs' module (0xf4f37c)
LDR: ! Imported function 'cellSpursReadyCountStore' in 'cellSpurs' module (0xf4f3b4)
LDR: ! Imported function 'cellHttpCreateTransaction' in 'cellHttp' module (0xf4b8dc)
LDR: ! Imported function 'cellHttpResponseGetStatusCode' in 'cellHttp' module (0xf4b914)
LDR: ! Imported function 'cellHttpClientSetSslCallback' in 'cellHttp' module (0xf4b94c)
LDR: ! Imported function 'cellHttpClientSetAutoRedirect' in 'cellHttp' module (0xf4b984)
LDR: ! Imported function 'cellHttpClientSetRecvTimeout' in 'cellHttp' module (0xf4b9bc)
LDR: ! Imported function 'cellHttpInit' in 'cellHttp' module (0xf4b9f4)
LDR: ! Imported function 'cellHttpClientSetPipeline' in 'cellHttp' module (0xf4ba2c)
LDR: ! Imported function 'cellHttpTransactionGetSslId' in 'cellHttp' module (0xf4ba64)
LDR: ! Imported function 'cellHttpTransactionAbortConnection' in 'cellHttp' module (0xf4ba9c)
LDR: ! Imported function 'cellHttpDestroyTransaction' in 'cellHttp' module (0xf4bad4)
LDR: ! Imported function 'cellHttpClientSetCookieStatus' in 'cellHttp' module (0xf4bb0c)
LDR: ! Imported function 'cellHttpResponseGetContentLength' in 'cellHttp' module (0xf4bb44)
LDR: ! Imported function 'cellHttpCreateClient' in 'cellHttp' module (0xf4bb7c)
LDR: ! Imported function 'cellHttpsInit' in 'cellHttp' module (0xf4bbb4)
LDR: ! Imported function 'cellHttpRequestSetHeader' in 'cellHttp' module (0xf4bbec)
LDR: ! Imported function 'cellHttpClientSetPerHostKeepAliveMax' in 'cellHttp' module (0xf4bc24)
LDR: ! Imported function 'cellHttpEndCookie' in 'cellHttp' module (0xf4bc5c)
LDR: ! Imported function 'cellHttpRecvResponse' in 'cellHttp' module (0xf4bc94)
LDR: ! Imported function 'cellHttpClientSetSendTimeout' in 'cellHttp' module (0xf4bccc)
LDR: ! Imported function 'cellHttpClientSetTotalPoolSize' in 'cellHttp' module (0xf4bd04)
LDR: ! Imported function 'cellHttpClientSetAutoAuthentication' in 'cellHttp' module (0xf4bd3c)
LDR: ! Imported function 'cellHttpInitCookie' in 'cellHttp' module (0xf4bd74)
LDR: ! Imported function 'cellHttpDestroyClient' in 'cellHttp' module (0xf4bdac)
LDR: ! Imported function 'cellHttpClientSetHeader' in 'cellHttp' module (0xf4bde4)
LDR: ! Imported function 'cellHttpSendRequest' in 'cellHttp' module (0xf4be1c)
LDR: ! Imported function 'cellHttpClientPollConnections' in 'cellHttp' module (0xf4be54)
LDR: ! Imported function 'cellHttpClientSetResponseBufferMax' in 'cellHttp' module (0xf4be8c)
LDR: ! Imported function 'cellHttpRequestSetContentLength' in 'cellHttp' module (0xf4bec4)
LDR: ! Imported function 'cellHttpResponseGetAllHeaders' in 'cellHttp' module (0xf4befc)
LDR: ! Imported function 'cellHttpClientSetUserAgent' in 'cellHttp' module (0xf4bf34)
LDR: ! Imported function 'cellHttpEnd' in 'cellHttp' module (0xf4bf6c)
LDR: ! Imported function 'cellHttpClientSetConnTimeout' in 'cellHttp' module (0xf4bfa4)
LDR: ! Imported function 'cellHttpsEnd' in 'cellHttp' module (0xf4bfdc)
LDR: ! Imported function 'cellHttpClientSetTransactionStateCallback' in 'cellHttp' module (0xf4f92c)
LDR: ! Imported function 'cellRtcGetCurrentClockLocalTime' in 'cellRtc' module (0xf4c014)
LDR: ! Imported function 'cellRtcGetCurrentClock' in 'cellRtc' module (0xf4c04c)
LDR: ! Imported function 'cellRtcGetDosTime' in 'cellRtc' module (0xf4c084)
LDR: ! Imported function 'cellSysutilUnregisterCallback' in 'cellSysutil' module (0xf4c0bc)
LDR: ! Imported function 'cellVideoOutConfigure' in 'cellSysutil' module (0xf4c0f4)
LDR: ! Imported function 'cellSysutilCheckCallback' in 'cellSysutil' module (0xf4c12c)
LDR: ! Imported function 'cellSysCacheMount' in 'cellSysutil' module (0xf4c164)
LDR: ! Imported function 'cellVideoOutGetDeviceInfo' in 'cellSysutil' module (0xf4c19c)
LDR: ! Imported function 'cellSysutilEnableBgmPlayback' in 'cellSysutil' module (0xf4c1d4)
LDR: ! Imported function 'cellOskDialogUnloadAsync' in 'cellSysutil' module (0xf4c20c)
LDR: ! Imported function 'cellSysutilGetSystemParamInt' in 'cellSysutil' module (0xf4c244)
LDR: ! Imported function 'cellOskDialogDisableDimmer' in 'cellSysutil' module (0xf4c27c)
LDR: ! Imported function 'cellAudioOutConfigure' in 'cellSysutil' module (0xf4c2b4)
LDR: ! Imported function 'cellSaveDataUserAutoSave' in 'cellSysutil' module (0xf4c2ec)
LDR: ! Imported function 'cellMsgDialogAbort' in 'cellSysutil' module (0xf4c324)
LDR: ! Imported function 'cellSysCacheClear' in 'cellSysutil' module (0xf4c35c)
LDR: ! Imported function 'cellVideoOutGetNumberOfDevice' in 'cellSysutil' module (0xf4c394)
LDR: ! Imported function 'cellMsgDialogOpen2' in 'cellSysutil' module (0xf4c3cc)
LDR: ! Imported function 'cellAudioOutGetDeviceInfo' in 'cellSysutil' module (0xf4c404)
LDR: ! Imported function 'cellOskDialogLoadAsync' in 'cellSysutil' module (0xf4c43c)
LDR: ! Imported function 'cellVideoOutGetState' in 'cellSysutil' module (0xf4c474)
LDR: ! Imported function 'cellSysutilRegisterCallback' in 'cellSysutil' module (0xf4c4ac)
LDR: ! Imported function 'cellVideoOutGetResolutionAvailability' in 'cellSysutil' module (0xf4c4e4)
LDR: ! Imported function 'cellOskDialogSetKeyLayoutOption' in 'cellSysutil' module (0xf4c51c)
LDR: ! Imported function 'cellOskDialogAbort' in 'cellSysutil' module (0xf4c554)
LDR: ! Imported function 'cellAudioOutGetSoundAvailability' in 'cellSysutil' module (0xf4c58c)
LDR: ! Imported function 'cellOskDialogSetInitialKeyLayout' in 'cellSysutil' module (0xf4c5c4)
LDR: ! Imported function 'cellSaveDataUserAutoLoad' in 'cellSysutil' module (0xf4c5fc)
LDR: ! Imported function 'cellSysutilDisableBgmPlayback' in 'cellSysutil' module (0xf4c634)
LDR: ! Imported function 'cellVideoOutGetResolution' in 'cellSysutil' module (0xf4c66c)
LDR: ! Imported function 'cellAudioOutGetNumberOfDevice' in 'cellSysutil' module (0xf4c6a4)
LDR: ! Imported function 'cellSaveDataDelete2' in 'cellSysutil' module (0xf4c6dc)
LDR: ! Imported function 'cellSysutilSetBgmPlaybackExtraParam' in 'cellSysutil' module (0xf4c714)
LDR: ! Imported function 'cellAudioOutGetState' in 'cellSysutil' module (0xf4c74c)
LDR: ! Imported function 'cellAudioOutGetConfiguration' in 'cellSysutil' module (0xf4f964)
LDR: ! Imported function 'cellUserInfoGetStat' in 'cellUserInfo' module (0xf4c784)
LDR: ! Imported function 'cellUserInfoSelectUser_ListType' in 'cellUserInfo' module (0xf4c7bc)
LDR: ! Imported function 'cellUserInfoEnableOverlay' in 'cellUserInfo' module (0xf4c7f4)
LDR: ! Imported function 'cellUserInfoGetList' in 'cellUserInfo' module (0xf4c82c)
LDR: ! Imported function 'cellPhotoExportInitialize2' in 'cellPhotoUtility' module (0xf4c864)
LDR: ! Imported function 'cellPhotoExportFromFileWithCopy' in 'cellPhotoUtility' module (0xf4c89c)
LDR: ! Imported function 'cellPhotoExportFinalize' in 'cellPhotoUtility' module (0xf4c8d4)
LDR: ! Imported function 'cellFontInitLibraryFreeTypeWithRevision' in 'cellFontFT' module (0xf4c90c)
LDR: ! Imported function 'cellFontCreateRenderer' in 'cellFont' module (0xf4c944)
LDR: ! Imported function 'cellFontGetKerning' in 'cellFont' module (0xf4c97c)
LDR: ! Imported function 'cellFontOpenFontFile' in 'cellFont' module (0xf4c9b4)
LDR: ! Imported function 'cellFontGetHorizontalLayout' in 'cellFont' module (0xf4c9ec)
LDR: ! Imported function 'cellFontDestroyRenderer' in 'cellFont' module (0xf4ca24)
LDR: ! Imported function 'cellFontSetScalePixel' in 'cellFont' module (0xf4ca5c)
LDR: ! Imported function 'cellFontEndLibrary' in 'cellFont' module (0xf4ca94)
LDR: ! Imported function 'cellFontSetupRenderScalePoint' in 'cellFont' module (0xf4cacc)
LDR: ! Imported function 'cellFontBindRenderer' in 'cellFont' module (0xf4cb04)
LDR: ! Imported function 'cellFontEnd' in 'cellFont' module (0xf4cb3c)
LDR: ! Imported function 'cellFontRenderCharGlyphImage' in 'cellFont' module (0xf4cb74)
LDR: ! Imported function 'cellFontRenderSurfaceInit' in 'cellFont' module (0xf4cbac)
LDR: ! Imported function 'cellFontCloseFont' in 'cellFont' module (0xf4cbe4)
LDR: ! Imported function 'cellFontRenderSurfaceSetScissor' in 'cellFont' module (0xf4cc1c)
LDR: ! Imported function 'cellFontGetCharGlyphMetrics' in 'cellFont' module (0xf4cc54)
LDR: ! Imported function 'cellFontInitializeWithRevision' in 'cellFont' module (0xf4cc8c)
LDR: ! Imported function 'cellSslCertGetNameEntryInfo' in 'cellSsl' module (0xf4ccc4)
LDR: ! Imported function 'cellSslEnd' in 'cellSsl' module (0xf4ccfc)
LDR: ! Imported function 'cellSslCertGetSubjectName' in 'cellSsl' module (0xf4cd34)
LDR: ! Imported function 'cellSslCertificateLoader' in 'cellSsl' module (0xf4cd6c)
LDR: ! Imported function 'cellSslCertGetNameEntryCount' in 'cellSsl' module (0xf4cda4)
LDR: ! Imported function 'cellSslCertGetIssuerName' in 'cellSsl' module (0xf4cddc)
LDR: ! Imported function 'cellSslInit' in 'cellSsl' module (0xf4ce14)
LDR: ! Imported function '_cellGcmInitBody' in 'cellGcmSys' module (0xf4ce4c)
LDR: ! Imported function '_cellGcmFunc15' in 'cellGcmSys' module (0xf4ce84)
LDR: ! Imported function 'cellGcmSetFlipMode' in 'cellGcmSys' module (0xf4cebc)
LDR: ! Imported function 'cellGcmSetFlipImmediate' in 'cellGcmSys' module (0xf4cef4)
LDR: ! Imported function 'cellGcmSetUserHandler' in 'cellGcmSys' module (0xf4fce4)
LDR: ! Imported function 'cellGcmSetQueueHandler' in 'cellGcmSys' module (0xf4fd1c)
LDR: ! Imported function 'cellGcmSetPrepareFlip' in 'cellGcmSys' module (0xf4fd54)
LDR: ! Imported function 'cellGcmDumpGraphicsError' in 'cellGcmSys' module (0xf4fd8c)
LDR: ! Imported function '_cellGcmSetFlipCommand' in 'cellGcmSys' module (0xf4fdc4)
LDR: ! Imported function 'cellGcmSortRemapEaIoAddress' in 'cellGcmSys' module (0xf4fdfc)
LDR: ! Imported function 'cellGcmGetOffsetTable' in 'cellGcmSys' module (0xf4fe34)
LDR: ! Imported function 'cellGcmBindTile' in 'cellGcmSys' module (0xf4fe6c)
LDR: ! Imported function 'cellGcmSetDebugOutputLevel' in 'cellGcmSys' module (0xf4fea4)
LDR: ! Imported function 'cellGcmMapEaIoAddressWithFlags' in 'cellGcmSys' module (0xf4fedc)
LDR: ! Imported function 'cellGcmBindZcull' in 'cellGcmSys' module (0xf4ff14)
LDR: ! Imported function 'cellGcmMapMainMemory' in 'cellGcmSys' module (0xf4ff4c)
LDR: ! Imported function 'cellGcmSetFlipHandler' in 'cellGcmSys' module (0xf4ff84)
LDR: ! Imported function 'cellGcmSetDisplayBuffer' in 'cellGcmSys' module (0xf4ffbc)
LDR: ! Imported function 'cellGcmGetControlRegister' in 'cellGcmSys' module (0xf4fff4)
LDR: ! Imported function 'cellGcmUnbindZcull' in 'cellGcmSys' module (0xf5002c)
LDR: ! Imported function 'cellGcmSetVBlankHandler' in 'cellGcmSys' module (0xf50064)
LDR: ! Imported function 'cellGcmResetFlipStatus' in 'cellGcmSys' module (0xf5009c)
LDR: ! Imported function 'cellGcmSetTileInfo' in 'cellGcmSys' module (0xf500d4)
LDR: ! Imported function 'cellGcmSetGraphicsHandler' in 'cellGcmSys' module (0xf5010c)
LDR: ! Imported function '_cellGcmSetFlipCommandWithWaitLabel' in 'cellGcmSys' module (0xf50144)
LDR: ! Imported function 'cellGcmUnbindTile' in 'cellGcmSys' module (0xf5017c)
LDR: ! Imported function 'cellGcmUnmapIoAddress' in 'cellGcmSys' module (0xf501b4)
LDR: ! Imported function 'cellGcmGetConfiguration' in 'cellGcmSys' module (0xf501ec)
LDR: ! Imported function 'cellGcmGetLabelAddress' in 'cellGcmSys' module (0xf50224)
LDR: ! Imported function 'cellAudioInit' in 'cellAudio' module (0xf4cf2c)
LDR: ! Imported function 'cellAudioPortClose' in 'cellAudio' module (0xf4cf64)
LDR: ! Imported function 'cellAudioPortStop' in 'cellAudio' module (0xf4cf9c)
LDR: ! Imported function 'cellAudioGetPortConfig' in 'cellAudio' module (0xf4cfd4)
LDR: ! Imported function 'cellAudioPortStart' in 'cellAudio' module (0xf4d00c)
LDR: ! Imported function 'cellAudioQuit' in 'cellAudio' module (0xf4d044)
LDR: ! Imported function 'cellAudioPortOpen' in 'cellAudio' module (0xf4d07c)
LDR: ! Imported function 'cellAudioSetNotifyEventQueue' in 'cellAudio' module (0xf5025c)
LDR: ! Imported function 'cellAudioGetPortTimestamp' in 'cellAudio' module (0xf50294)
LDR: ! Imported function 'cellAudioGetPortBlockTag' in 'cellAudio' module (0xf502cc)
LDR: ! Imported function 'cellAudioRemoveNotifyEventQueue' in 'cellAudio' module (0xf50304)
LDR: ! Imported function 'cellVoiceStart' in 'cellVoice' module (0xf4d0b4)
LDR: ! Imported function 'cellVoiceDisconnectIPortFromOPort' in 'cellVoice' module (0xf4d0ec)
LDR: ! Imported function 'cellVoiceCreatePort' in 'cellVoice' module (0xf4d124)
LDR: ! Imported function 'cellVoiceReadFromOPort' in 'cellVoice' module (0xf4d15c)
LDR: ! Imported function 'cellVoiceWriteToIPort' in 'cellVoice' module (0xf4d194)
LDR: ! Imported function 'cellVoiceGetPortInfo' in 'cellVoice' module (0xf4d1cc)
LDR: ! Imported function 'cellVoiceStartEx' in 'cellVoice' module (0xf4d204)
LDR: ! Imported function 'cellVoiceSetPortAttr' in 'cellVoice' module (0xf4d23c)
LDR: ! Imported function 'cellVoiceDeletePort' in 'cellVoice' module (0xf4d274)
LDR: ! Imported function 'cellVoiceConnectIPortToOPort' in 'cellVoice' module (0xf4d2ac)
LDR: ! Imported function 'cellVoiceInitEx' in 'cellVoice' module (0xf4d2e4)
LDR: ! Imported function 'cellVoiceInit' in 'cellVoice' module (0xf4d31c)
LDR: ! Imported function 'cellVoiceStop' in 'cellVoice' module (0xf4d354)
LDR: ! Imported function 'cellVoiceSetVolume' in 'cellVoice' module (0xf4d38c)
LDR: ! Imported function 'cellVoiceEnd' in 'cellVoice' module (0xf4d3c4)
LDR: ! Imported function 'cellVoiceGetPortAttr' in 'cellVoice' module (0xf4d3fc)
LDR: ! Imported function 'sceNpTrophyRegisterContext' in 'sceNpTrophy' module (0xf4d434)
LDR: ! Imported function 'sceNpTrophyCreateHandle' in 'sceNpTrophy' module (0xf4d46c)
LDR: ! Imported function 'sceNpTrophyGetRequiredDiskSpace' in 'sceNpTrophy' module (0xf4d4a4)
LDR: ! Imported function 'sceNpTrophyDestroyContext' in 'sceNpTrophy' module (0xf4d4dc)
LDR: ! Imported function 'sceNpTrophyInit' in 'sceNpTrophy' module (0xf4d514)
LDR: ! Imported function 'sceNpTrophyDestroyHandle' in 'sceNpTrophy' module (0xf4d54c)
LDR: ! Imported function 'sceNpTrophyUnlockTrophy' in 'sceNpTrophy' module (0xf4d584)
LDR: ! Imported function 'sceNpTrophyTerm' in 'sceNpTrophy' module (0xf4d5bc)
LDR: ! Imported function 'sceNpTrophyGetTrophyUnlockState' in 'sceNpTrophy' module (0xf4d5f4)
LDR: ! Imported function 'sceNpTrophyCreateContext' in 'sceNpTrophy' module (0xf4d62c)
LDR: ! Imported function 'sceNpTrophyGetTrophyInfo' in 'sceNpTrophy' module (0xf4d664)
LDR: ! Imported function 'cellGameGetHomeDataExportPath' in 'cellGameExec' module (0xf4d69c)
LDR: ! Imported function 'cellNetCtlNetStartDialogLoadAsync' in 'cellNetCtl' module (0xf4d6d4)
LDR: ! Imported function 'cellNetCtlNetStartDialogUnloadAsync' in 'cellNetCtl' module (0xf4d70c)
LDR: ! Imported function 'cellNetCtlTerm' in 'cellNetCtl' module (0xf4d744)
LDR: ! Imported function 'cellNetCtlGetInfo' in 'cellNetCtl' module (0xf4d77c)
LDR: ! Imported function 'cellNetCtlGetState' in 'cellNetCtl' module (0xf4d7b4)
LDR: ! Imported function 'cellNetCtlInit' in 'cellNetCtl' module (0xf4d7ec)
LDR: ! Imported function 'sys_net_initialize_network_ex' in 'sys_net' module (0xf4d824)
LDR: ! Imported function 'recvfrom' in 'sys_net' module (0xf4d85c)
LDR: ! Imported function '_sys_net_errno_loc' in 'sys_net' module (0xf4d894)
LDR: ! Imported function 'connect' in 'sys_net' module (0xf4d8cc)
LDR: ! Imported function 'socketclose' in 'sys_net' module (0xf4d904)
LDR: ! Imported function 'inet_ntoa' in 'sys_net' module (0xf4d93c)
LDR: ! Imported function 'setsockopt' in 'sys_net' module (0xf4d974)
LDR: ! Imported function 'sendto' in 'sys_net' module (0xf4d9ac)
LDR: ! Imported function 'socket' in 'sys_net' module (0xf4d9e4)
LDR: ! Imported function 'shutdown' in 'sys_net' module (0xf4da1c)
LDR: ! Imported function 'bind' in 'sys_net' module (0xf4da54)
LDR: ! Imported function 'sys_net_finalize_network' in 'sys_net' module (0xf4da8c)
LDR: ! Imported function 'inet_addr' in 'sys_net' module (0xf4dac4)
LDR: ! Imported function 'send' in 'sys_net' module (0xf4dafc)
LDR: ! Imported function 'recv' in 'sys_net' module (0xf4db34)
LDR: ! Imported function 'sys_net_free_thread_context' in 'sys_net' module (0xf4db6c)
LDR: ! Imported function 'socketpoll' in 'sys_net' module (0xf5041c)
LDR: ! Imported function 'getsockname' in 'sys_net' module (0xf50454)
LDR: ! Imported function 'listen' in 'sys_net' module (0xf5048c)
LDR: ! Imported function 'socketselect' in 'sys_net' module (0xf504c4)
LDR: ! Imported function 'getsockopt' in 'sys_net' module (0xf504fc)
LDR: ! Imported function 'gethostbyname' in 'sys_net' module (0xf50534)
LDR: ! Imported function 'inet_aton' in 'sys_net' module (0xf5056c)
LDR: ! Imported function 'sys_net_show_ifconfig' in 'sys_net' module (0xf505a4)
LDR: ! Imported function 'accept' in 'sys_net' module (0xf505dc)
LDR: ! Imported function 'gethostbyaddr' in 'sys_net' module (0xf50614)
LDR: ! Imported function 'getpeername' in 'sys_net' module (0xf5064c)
LDR: ! Imported function 'UTF16stoUTF8s' in 'cellL10n' module (0xf4dba4)
LDR: ! Imported function 'UTF8stoUTF16s' in 'cellL10n' module (0xf4dbdc)
LDR: ! Imported function 'cellGameGetParamString' in 'cellGame' module (0xf4dc14)
LDR: ! Imported function 'cellGameCreateGameData' in 'cellGame' module (0xf4dc4c)
LDR: ! Imported function 'cellGameContentPermit' in 'cellGame' module (0xf4dc84)
LDR: ! Imported function 'cellGameContentErrorDialog' in 'cellGame' module (0xf4dcbc)
LDR: ! Imported function 'cellGameGetParamInt' in 'cellGame' module (0xf4dcf4)
LDR: ! Imported function 'cellGameDataCheck' in 'cellGame' module (0xf4dd2c)
LDR: ! Imported function 'cellGameBootCheck' in 'cellGame' module (0xf4dd64)
LDR: ! Imported function 'cellVideoOutGetScreenSize' in 'cellSysutilAvconfExt' module (0xf4dd9c)
LDR: ! Imported function 'cellGemUpdateStart' in 'libgem' module (0xf4ddd4)
LDR: ! Imported function 'cellGemReadExternalPortDeviceInfo' in 'libgem' module (0xf4de0c)
LDR: ! Imported function 'cellGemInit' in 'libgem' module (0xf4de44)
LDR: ! Imported function 'cellGemEnableMagnetometer' in 'libgem' module (0xf4de7c)
LDR: ! Imported function 'cellGemWriteExternalPort' in 'libgem' module (0xf4deb4)
LDR: ! Imported function 'cellGemUpdateFinish' in 'libgem' module (0xf4deec)
LDR: ! Imported function 'cellGemSetRumble' in 'libgem' module (0xf4df24)
LDR: ! Imported function 'cellGemGetState' in 'libgem' module (0xf4df5c)
LDR: ! Imported function 'cellGemSetYaw' in 'libgem' module (0xf4df94)
LDR: ! Imported function 'cellGemTrackHues' in 'libgem' module (0xf4dfcc)
LDR: ! Imported function 'cellGemGetInfo' in 'libgem' module (0xf4e004)
LDR: ! Imported function 'cellGemPrepareCamera' in 'libgem' module (0xf4e03c)
LDR: ! Imported function 'cellGemCalibrate' in 'libgem' module (0xf4e074)
LDR: ! Imported function 'cellGemForceRGB' in 'libgem' module (0xf4e0ac)
LDR: ! Imported function 'cellGemGetInertialState' in 'libgem' module (0xf4e0e4)
LDR: ! Imported function 'cellGemEnd' in 'libgem' module (0xf4e11c)
LDR: ! Imported function 'cellGemInvalidateCalibration' in 'libgem' module (0xf4e154)
LDR: ! Imported function 'cellCameraReadEx' in 'cellCamera' module (0xf4e18c)
LDR: ! Imported function 'cellCameraRemoveNotifyEventQueue2' in 'cellCamera' module (0xf4e1c4)
LDR: ! Imported function 'cellCameraStart' in 'cellCamera' module (0xf4e1fc)
LDR: ! Imported function 'cellCameraGetType' in 'cellCamera' module (0xf4e234)
LDR: ! Imported function 'cellCameraEnd' in 'cellCamera' module (0xf4e26c)
LDR: ! Imported function 'cellCameraOpenEx' in 'cellCamera' module (0xf4e2a4)
LDR: ! Imported function 'cellCameraReset' in 'cellCamera' module (0xf4e2dc)
LDR: ! Imported function 'cellCameraSetNotifyEventQueue2' in 'cellCamera' module (0xf4e314)
LDR: ! Imported function 'cellCameraInit' in 'cellCamera' module (0xf4e34c)
LDR: E Unknown module 'cellSysutilNpEula'
LDR: E Unknown function '0x59D1629A' in 'cellSysutilNpEula' module (0xf4e384)
LDR: E Unknown function '0x5EC05AD8' in 'cellSysutilNpEula' module (0xf4e3bc)
LDR: E Unknown function '0x6599500D' in 'cellSysutilNpEula' module (0xf4e3f4)
LDR: ! Imported function 'cellSyncMutexUnlock' in 'cellSync' module (0xf4ec44)
LDR: ! Imported function 'cellSyncMutexInitialize' in 'cellSync' module (0xf4ec7c)
LDR: ! Imported function 'cellSyncMutexTryLock' in 'cellSync' module (0xf4ecb4)
LDR: E Unknown module 'libmedi'
LDR: E Unknown function 'cellMediatorCreateContext' in 'libmedi' module (0xf4f3ec)
LDR: E Unknown function 'cellMediatorGetSignatureLength' in 'libmedi' module (0xf4f424)
LDR: E Unknown function 'cellMediatorGetUserInfo' in 'libmedi' module (0xf4f45c)
LDR: E Unknown function 'cellMediatorPostReports' in 'libmedi' module (0xf4f494)
LDR: E Unknown function 'cellMediatorGetProviderUrl' in 'libmedi' module (0xf4f4cc)
LDR: E Unknown function 'cellMediatorCloseContext' in 'libmedi' module (0xf4f504)
LDR: E Unknown function 'cellMediatorGetStatus' in 'libmedi' module (0xf4f53c)
LDR: ! Imported function 'cellVdecOpenEx' in 'libvdec' module (0xf4f574)
LDR: ! Imported function 'cellVdecClose' in 'libvdec' module (0xf4f5ac)
LDR: ! Imported function 'cellVdecGetPicItem' in 'libvdec' module (0xf4f5e4)
LDR: ! Imported function 'cellVdecDecodeAu' in 'libvdec' module (0xf4f61c)
LDR: ! Imported function 'cellVdecGetPicture' in 'libvdec' module (0xf4f654)
LDR: ! Imported function 'cellVdecEndSeq' in 'libvdec' module (0xf4f68c)
LDR: ! Imported function 'cellVdecStartSeq' in 'libvdec' module (0xf4f6c4)
LDR: ! Imported function 'cellVdecQueryAttrEx' in 'libvdec' module (0xf4f6fc)
LDR: ! Imported function 'cellVdecSetFrameRate' in 'libvdec' module (0xf4f734)
LDR: ! Imported function 'cellAdecDecodeAu' in 'cellAdec' module (0xf4f76c)
LDR: ! Imported function 'cellAdecStartSeq' in 'cellAdec' module (0xf4f7a4)
LDR: ! Imported function 'cellAdecQueryAttr' in 'cellAdec' module (0xf4f7dc)
LDR: ! Imported function 'cellAdecClose' in 'cellAdec' module (0xf4f814)
LDR: ! Imported function 'cellAdecOpenEx' in 'cellAdec' module (0xf4f84c)
LDR: ! Imported function 'cellAdecGetPcm' in 'cellAdec' module (0xf4f884)
LDR: ! Imported function 'cellAdecGetPcmItem' in 'cellAdec' module (0xf4f8bc)
LDR: ! Imported function 'cellAdecEndSeq' in 'cellAdec' module (0xf4f8f4)
LDR: ! Imported function 'cellJpgEncQueryAttr' in 'cellJpgEnc' module (0xf4f99c)
LDR: ! Imported function 'cellJpgEncWaitForInput' in 'cellJpgEnc' module (0xf4f9d4)
LDR: ! Imported function 'cellJpgEncGetStreamInfo' in 'cellJpgEnc' module (0xf4fa0c)
LDR: ! Imported function 'cellJpgEncEncodePicture2' in 'cellJpgEnc' module (0xf4fa44)
LDR: ! Imported function 'cellJpgEncOpenEx' in 'cellJpgEnc' module (0xf4fa7c)
LDR: ! Imported function 'cellJpgEncClose' in 'cellJpgEnc' module (0xf4fab4)
LDR: ! Imported function 'cellJpgEncWaitForOutput' in 'cellJpgEnc' module (0xf4faec)
LDR: ! Imported function 'cellJpgEncOpen' in 'cellJpgEnc' module (0xf4fb24)
LDR: ! Imported function 'cellJpgDecReadHeader' in 'cellJpgDec' module (0xf4fb5c)
LDR: ! Imported function 'cellJpgDecExtCreate' in 'cellJpgDec' module (0xf4fb94)
LDR: ! Imported function 'cellJpgDecClose' in 'cellJpgDec' module (0xf4fbcc)
LDR: ! Imported function 'cellJpgDecOpen' in 'cellJpgDec' module (0xf4fc04)
LDR: ! Imported function 'cellJpgDecDecodeData' in 'cellJpgDec' module (0xf4fc3c)
LDR: ! Imported function 'cellJpgDecDestroy' in 'cellJpgDec' module (0xf4fc74)
LDR: ! Imported function 'cellJpgDecSetParameter' in 'cellJpgDec' module (0xf4fcac)
LDR: ! Imported function 'cellKey2CharClose' in 'cellKey2char' module (0xf5033c)
LDR: ! Imported function 'cellKey2CharGetChar' in 'cellKey2char' module (0xf50374)
LDR: ! Imported function 'cellKey2CharOpen' in 'cellKey2char' module (0xf503ac)
LDR: ! Imported function 'cellKey2CharSetMode' in 'cellKey2char' module (0xf503e4)
LDR: ! Imported function 'cellHttpUtilParseUri' in 'cellHttpUtil' module (0xf50684)
LDR: ! Imported function 'sys_mempool_try_allocate_block' in 'sysPrxForUser' module (0xf506bc)
LDR: ! Imported function 'sys_lwmutex_lock' in 'sysPrxForUser' module (0xf506f4)
LDR: ! Imported function 'sys_lwmutex_unlock' in 'sysPrxForUser' module (0xf5072c)
LDR: ! Imported function 'sys_lwcond_destroy' in 'sysPrxForUser' module (0xf50764)
LDR: ! Imported function 'sys_ppu_thread_create' in 'sysPrxForUser' module (0xf5079c)
LDR: ! Imported function 'sys_prx_load_module' in 'sysPrxForUser' module (0xf507d4)
LDR: ! Imported function 'sys_lwcond_wait' in 'sysPrxForUser' module (0xf5080c)
LDR: ! Imported function '_sys_process_atexitspawn' in 'sysPrxForUser' module (0xf50844)
LDR: ! Imported function 'sys_lwmutex_create' in 'sysPrxForUser' module (0xf5087c)
LDR: ! Imported function 'sys_ppu_thread_get_id' in 'sysPrxForUser' module (0xf508b4)
LDR: ! Imported function '_sys_heap_malloc' in 'sysPrxForUser' module (0xf508ec)
LDR: ! Imported function 'sys_prx_register_library' in 'sysPrxForUser' module (0xf50924)
LDR: ! Imported function '_sys_heap_memalign' in 'sysPrxForUser' module (0xf5095c)
LDR: ! Imported function 'sys_process_is_stack' in 'sysPrxForUser' module (0xf50994)
LDR: ! Imported function 'sys_spinlock_unlock' in 'sysPrxForUser' module (0xf509cc)
LDR: ! Imported function 'sys_mempool_free_block' in 'sysPrxForUser' module (0xf50a04)
LDR: ! Imported function 'sys_initialize_tls' in 'sysPrxForUser' module (0xf50a3c)
LDR: ! Imported function 'sys_time_get_system_time' in 'sysPrxForUser' module (0xf50a74)
LDR: ! Imported function 'sys_prx_get_module_info' in 'sysPrxForUser' module (0xf50aac)
LDR: ! Imported function '_sys_heap_free' in 'sysPrxForUser' module (0xf50ae4)
LDR: ! Imported function 'sys_spinlock_initialize' in 'sysPrxForUser' module (0xf50b1c)
LDR: ! Imported function '_sys_process_at_Exitspawn' in 'sysPrxForUser' module (0xf50b54)
LDR: ! Imported function 'sys_mempool_destroy' in 'sysPrxForUser' module (0xf50b8c)
LDR: ! Imported function 'sys_spinlock_lock' in 'sysPrxForUser' module (0xf50bc4)
LDR: ! Imported function 'sys_prx_exitspawn_with_level' in 'sysPrxForUser' module (0xf50bfc)
LDR: ! Imported function 'sys_prx_load_module_on_memcontainer_by_fd' in 'sysPrxForUser' module (0xf50c34)
LDR: ! Imported function 'sys_prx_get_module_list' in 'sysPrxForUser' module (0xf50c6c)
LDR: ! Imported function 'sys_prx_load_module_on_memcontainer' in 'sysPrxForUser' module (0xf50ca4)
LDR: ! Imported function 'sys_lwmutex_trylock' in 'sysPrxForUser' module (0xf50cdc)
LDR: ! Imported function '_sys_heap_delete_heap' in 'sysPrxForUser' module (0xf50d14)
LDR: ! Imported function 'sys_ppu_thread_exit' in 'sysPrxForUser' module (0xf50d4c)
LDR: ! Imported function '_sys_heap_create_heap' in 'sysPrxForUser' module (0xf50d84)
LDR: ! Imported function 'sys_lwmutex_destroy' in 'sysPrxForUser' module (0xf50dbc)
LDR: ! Imported function 'sys_mempool_create' in 'sysPrxForUser' module (0xf50df4)
LDR: ! Imported function 'sys_lwcond_create' in 'sysPrxForUser' module (0xf50e2c)
LDR: ! Imported function 'sys_spu_image_close' in 'sysPrxForUser' module (0xf50e64)
LDR: ! Imported function 'sys_process_exit' in 'sysPrxForUser' module (0xf50e9c)
LDR: ! Imported function 'sys_lwcond_signal_all' in 'sysPrxForUser' module (0xf50ed4)
LDR: ! Imported function 'sys_prx_load_module_by_fd' in 'sysPrxForUser' module (0xf50f0c)
LDR: ! Imported function 'sys_lwcond_signal' in 'sysPrxForUser' module (0xf50f44)
MEM: ! Thread Local Storage initialized (g_tls_start=0x13be000, user_size=0x298)
*** TLS segment addr: 0x012e14d0
*** TLS segment size: 0x00000298
HLE: W {PPU[0x1] Thread (main_thread)[0x00f5087c]} sysPrxForUser: sys_lwmutex_create(lwmutex=*0x1378778, attr=*0xfca878)
HLE: W {PPU[0x1] Thread (main_thread)[0x00aacc24]} sys_memory: sys_memory_get_user_memory_size(mem_info=*0xd007fc04)
HLE: W {PPU[0x1] Thread (main_thread)[0x00f5087c]} sysPrxForUser: sys_lwmutex_create(lwmutex=*0x1378578, attr=*0xfca878)
HLE: W {PPU[0x1] Thread (main_thread)[0x00f5087c]} sysPrxForUser: sys_lwmutex_create(lwmutex=*0x1377d00, attr=*0xfca878)
HLE: W {PPU[0x1] Thread (main_thread)[0x00f5087c]} sysPrxForUser: sys_lwmutex_create(lwmutex=*0x1377d28, attr=*0xfca878)
HLE: W {PPU[0x1] Thread (main_thread)[0x00f5087c]} sysPrxForUser: sys_lwmutex_create(lwmutex=*0x1377d50, attr=*0xfca878)
HLE: W {PPU[0x1] Thread (main_thread)[0x00f5087c]} sysPrxForUser: sys_lwmutex_create(lwmutex=*0x1377c38, attr=*0xfca878)
HLE: W {PPU[0x1] Thread (main_thread)[0x00f5087c]} sysPrxForUser: sys_lwmutex_create(lwmutex=*0x1377c60, attr=*0xfca878)
HLE: W {PPU[0x1] Thread (main_thread)[0x00f5087c]} sysPrxForUser: sys_lwmutex_create(lwmutex=*0x1377c88, attr=*0xfca878)
HLE: W {PPU[0x1] Thread (main_thread)[0x00f5087c]} sysPrxForUser: sys_lwmutex_create(lwmutex=*0x1377cb0, attr=*0xfca878)
HLE: W {PPU[0x1] Thread (main_thread)[0x00f5087c]} sysPrxForUser: sys_lwmutex_create(lwmutex=*0x1377cd8, attr=*0xfca878)
HLE: W {PPU[0x1] Thread (main_thread)[0x005bc72c]} sys_memory: sys_memory_get_user_memory_size(mem_info=*0x132b638)
HLE: W {PPU[0x1] Thread (main_thread)[0x00f5087c]} sysPrxForUser: sys_lwmutex_create(lwmutex=*0x1378d38, attr=*0x12f5e9c)
HLE: W {PPU[0x1] Thread (main_thread)[0x00f5087c]} sysPrxForUser: sys_lwmutex_create(lwmutex=*0x1378cf8, attr=*0x12f5eac)
HLE: W {PPU[0x1] Thread (main_thread)[0x00aab7d8]} sys_memory: sys_memory_allocate(size=0x100000, flags=0x400, alloc_addr=*0xd007f700)
HLE: W {PPU[0x1] Thread (main_thread)[0x00f5087c]} sysPrxForUser: sys_lwmutex_create(lwmutex=*0x20000020, attr=*0xfca878)
HLE: W {PPU[0x1] Thread (main_thread)[0x00f5087c]} sysPrxForUser: sys_lwmutex_create(lwmutex=*0x200000a0, attr=*0xfca878)
HLE: W {PPU[0x1] Thread (main_thread)[0x00f5087c]} sysPrxForUser: sys_lwmutex_create(lwmutex=*0x20000130, attr=*0xfca878)
HLE: W {PPU[0x1] Thread (main_thread)[0x00f5087c]} sysPrxForUser: sys_lwmutex_create(lwmutex=*0x20000190, attr=*0xfca878)
HLE: W {PPU[0x1] Thread (main_thread)[0x00f5087c]} sysPrxForUser: sys_lwmutex_create(lwmutex=*0x200001d0, attr=*0xfca878)
HLE: W {PPU[0x1] Thread (main_thread)[0x00f5087c]} sysPrxForUser: sys_lwmutex_create(lwmutex=*0x20000210, attr=*0xfca878)
HLE: W {PPU[0x1] Thread (main_thread)[0x00f5087c]} sysPrxForUser: sys_lwmutex_create(lwmutex=*0x200002d0, attr=*0xfca878)
HLE: W {PPU[0x1] Thread (main_thread)[0x00f5087c]} sysPrxForUser: sys_lwmutex_create(lwmutex=*0x20000300, attr=*0xfca878)
HLE: W {PPU[0x1] Thread (main_thread)[0x00f5087c]} sysPrxForUser: sys_lwmutex_create(lwmutex=*0x20000330, attr=*0xfca878)
HLE: W {PPU[0x1] Thread (main_thread)[0x00f5087c]} sysPrxForUser: sys_lwmutex_create(lwmutex=*0x20000360, attr=*0xfca878)
HLE: W {PPU[0x1] Thread (main_thread)[0x00f5087c]} sysPrxForUser: sys_lwmutex_create(lwmutex=*0x20000390, attr=*0xfca878)
HLE: W {PPU[0x1] Thread (main_thread)[0x00f5087c]} sysPrxForUser: sys_lwmutex_create(lwmutex=*0x200003c0, attr=*0xfca878)
HLE: W {PPU[0x1] Thread (main_thread)[0x00a9b3a4]} sys_time: sys_time_get_timezone(timezone=*0xd007fb20, summertime=*0xd007fb24)
HLE: W {PPU[0x1] Thread (main_thread)[0x00a9ce14]} sys_time: sys_time_get_timezone(timezone=*0xd007fb20, summertime=*0xd007fb24)
HLE: W {PPU[0x1] Thread (main_thread)[0x00a9b328]} sys_time: sys_time_get_timezone(timezone=*0xd007fb20, summertime=*0xd007fb24)
HLE: W {PPU[0x1] Thread (main_thread)[0x00a9ce14]} sys_time: sys_time_get_timezone(timezone=*0xd007fb20, summertime=*0xd007fb24)
HLE: W {PPU[0x1] Thread (main_thread)[0x00f5087c]} sysPrxForUser: sys_lwmutex_create(lwmutex=*0x136bff0, attr=*0xd007fb50)
HLE: W {PPU[0x1] Thread (main_thread)[0x00f5087c]} sysPrxForUser: sys_lwmutex_create(lwmutex=*0x1351b10, attr=*0xd007fbe0)
HLE: W {PPU[0x1] Thread (main_thread)[0x00f5087c]} sysPrxForUser: sys_lwmutex_create(lwmutex=*0x134c448, attr=*0xd007fbf0)
HLE: W {PPU[0x1] Thread (main_thread)[0x00f5087c]} sysPrxForUser: sys_lwmutex_create(lwmutex=*0x134bf88, attr=*0xd007fbe0)
HLE: W {PPU[0x1] Thread (main_thread)[0x00f5087c]} sysPrxForUser: sys_lwmutex_create(lwmutex=*0x12fe130, attr=*0xd007fbd0)
HLE: W {PPU[0x1] Thread (main_thread)[0x00f4a6ec]} cellSysmodule: cellSysmoduleIsLoaded(id=0x003e: CELL_SYSMODULE_SYSUTIL_GAME)
HLE: E {PPU[0x1] Thread (main_thread)[0x00f4a6ec]} cellSysmodule: cellSysmoduleIsLoaded() failed: module not loaded (id=0x003e)
HLE: W {PPU[0x1] Thread (main_thread)[0x00f4a6b4]} cellSysmodule: cellSysmoduleLoadModule(id=0x003e: CELL_SYSMODULE_SYSUTIL_GAME)
HLE: W {PPU[0x1] Thread (main_thread)[0x00f5087c]} sysPrxForUser: sys_lwmutex_create(lwmutex=*0x20060480, attr=*0xfca878)
HLE: W {PPU[0x1] Thread (main_thread)[0x00f50dbc]} sys_lwmutex: _sys_lwmutex_destroy(lwmutex_id=0x20)
HLE: W {PPU[0x1] Thread (main_thread)[0x00f4dd64]} cellGame: cellGameBootCheck(type=*0xd007dfa8, attributes=*0xd007dfac, size=*0xd007dfb4, dirName=*0x0)
HLE: W {PPU[0x1] Thread (main_thread)[0x00f4dc14]} cellGame: cellGameGetParamString(id=100, buf=*0xd007dfc0, bufsize=12)
HLE: W {PPU[0x1] Thread (main_thread)[0x00f4dc14]} cellGame: cellGameGetParamString(id=0, buf=*0xd007e14c, bufsize=128)
HLE: W {PPU[0x1] Thread (main_thread)[0x00f4dcf4]} cellGame: cellGameGetParamInt(id=102, value=*0xd007dfb0)
HLE: W {PPU[0x1] Thread (main_thread)[0x00f4dc14]} cellGame: cellGameGetParamString(id=106, buf=*0xd007e1cc, bufsize=8)
HLE: W {PPU[0x1] Thread (main_thread)[0x00f4dc84]} cellGame: cellGameContentPermit(contentInfoPath=*0xd007de68, usrdirPath=*0xd007dfcc)
HLE: W {PPU[0x1] Thread (main_thread)[0x00f4dd2c]} cellGame: cellGameDataCheck(type=3, dirName=*0xd007e1d4, size=*0xd007dfb4)
HLE: W {PPU[0x1] Thread (main_thread)[0x00f4dd2c]} cellGame: cellGameDataCheck(): '/dev_hdd0/game/NPEA00315DATA' directory not found
HLE: W {PPU[0x1] Thread (main_thread)[0x00f4dc84]} cellGame: cellGameContentPermit(contentInfoPath=*0xd007e04c, usrdirPath=*0xd007e0cc)
HLE: W {PPU[0x1] Thread (main_thread)[0x005bc144]} sys_memory: sys_memory_get_user_memory_size(mem_info=*0xd007b754)
HLE: W {PPU[0x1] Thread (main_thread)[0x00f4a6ec]} cellSysmodule: cellSysmoduleIsLoaded(id=0x0017: CELL_SYSMODULE_IO)
HLE: E {PPU[0x1] Thread (main_thread)[0x00f4a6ec]} cellSysmodule: cellSysmoduleIsLoaded() failed: module not loaded (id=0x0017)
HLE: W {PPU[0x1] Thread (main_thread)[0x00f4a6b4]} cellSysmodule: cellSysmoduleLoadModule(id=0x0017: CELL_SYSMODULE_IO)
HLE: W {PPU[0x1] Thread (main_thread)[0x00f4a6ec]} cellSysmodule: cellSysmoduleIsLoaded(id=0x0010: CELL_SYSMODULE_GCM_SYS)
HLE: E {PPU[0x1] Thread (main_thread)[0x00f4a6ec]} cellSysmodule: cellSysmoduleIsLoaded() failed: module not loaded (id=0x0010)
HLE: W {PPU[0x1] Thread (main_thread)[0x00f4a6b4]} cellSysmodule: cellSysmoduleLoadModule(id=0x0010: CELL_SYSMODULE_GCM_SYS)
HLE: W {PPU[0x1] Thread (main_thread)[0x00f4a6ec]} cellSysmodule: cellSysmoduleIsLoaded(id=0x000e: CELL_SYSMODULE_FS)
HLE: E {PPU[0x1] Thread (main_thread)[0x00f4a6ec]} cellSysmodule: cellSysmoduleIsLoaded() failed: module not loaded (id=0x000e)
HLE: W {PPU[0x1] Thread (main_thread)[0x00f4a6b4]} cellSysmodule: cellSysmoduleLoadModule(id=0x000e: CELL_SYSMODULE_FS)
HLE: W {PPU[0x1] Thread (main_thread)[0x00f4a6ec]} cellSysmodule: cellSysmoduleIsLoaded(id=0x0009: CELL_SYSMODULE_RTC)
HLE: E {PPU[0x1] Thread (main_thread)[0x00f4a6ec]} cellSysmodule: cellSysmoduleIsLoaded() failed: module not loaded (id=0x0009)
HLE: W {PPU[0x1] Thread (main_thread)[0x00f4a6b4]} cellSysmodule: cellSysmoduleLoadModule(id=0x0009: CELL_SYSMODULE_RTC)
HLE: W {PPU[0x1] Thread (main_thread)[0x00f4a6ec]} cellSysmodule: cellSysmoduleIsLoaded(id=0x0038: CELL_SYSMODULE_SYSUTIL_NP2)
HLE: E {PPU[0x1] Thread (main_thread)[0x00f4a6ec]} cellSysmodule: cellSysmoduleIsLoaded() failed: module not loaded (id=0x0038)
HLE: W {PPU[0x1] Thread (main_thread)[0x00f4a6b4]} cellSysmodule: cellSysmoduleLoadModule(id=0x0038: CELL_SYSMODULE_SYSUTIL_NP2)
HLE: W {PPU[0x1] Thread (main_thread)[0x00f4a6ec]} cellSysmodule: cellSysmoduleIsLoaded(id=0x0005: CELL_SYSMODULE_VDEC)
HLE: E {PPU[0x1] Thread (main_thread)[0x00f4a6ec]} cellSysmodule: cellSysmoduleIsLoaded() failed: module not loaded (id=0x0005)
HLE: W {PPU[0x1] Thread (main_thread)[0x00f4a6b4]} cellSysmodule: cellSysmoduleLoadModule(id=0x0005: CELL_SYSMODULE_VDEC)
HLE: W {PPU[0x1] Thread (main_thread)[0x00f4a6ec]} cellSysmodule: cellSysmoduleIsLoaded(id=0x0014: CELL_SYSMODULE_NETCTL)
HLE: E {PPU[0x1] Thread (main_thread)[0x00f4a6ec]} cellSysmodule: cellSysmoduleIsLoaded() failed: module not loaded (id=0x0014)
HLE: W {PPU[0x1] Thread (main_thread)[0x00f4a6b4]} cellSysmodule: cellSysmoduleLoadModule(id=0x0014: CELL_SYSMODULE_NETCTL)
HLE: W {PPU[0x1] Thread (main_thread)[0x00f4a6ec]} cellSysmodule: cellSysmoduleIsLoaded(id=0x0000: CELL_SYSMODULE_NET)
HLE: E {PPU[0x1] Thread (main_thread)[0x00f4a6ec]} cellSysmodule: cellSysmoduleIsLoaded() failed: module not loaded (id=0x0000)
HLE: W {PPU[0x1] Thread (main_thread)[0x00f4a6b4]} cellSysmodule: cellSysmoduleLoadModule(id=0x0000: CELL_SYSMODULE_NET)
HLE: W {PPU[0x1] Thread (main_thread)[0x00f4a6ec]} cellSysmodule: cellSysmoduleIsLoaded(id=0xf044: UNKNOWN MODULE)
HLE: W {PPU[0x1] Thread (main_thread)[0x00f4a6b4]} cellSysmodule: cellSysmoduleLoadModule(id=0xf044: UNKNOWN MODULE)
HLE: W {PPU[0x1] Thread (main_thread)[0x00f4a6ec]} cellSysmodule: cellSysmoduleIsLoaded(id=0x0003: CELL_SYSMODULE_SSL)
HLE: E {PPU[0x1] Thread (main_thread)[0x00f4a6ec]} cellSysmodule: cellSysmoduleIsLoaded() failed: module not loaded (id=0x0003)
HLE: W {PPU[0x1] Thread (main_thread)[0x00f4a6b4]} cellSysmodule: cellSysmoduleLoadModule(id=0x0003: CELL_SYSMODULE_SSL)
HLE: W {PPU[0x1] Thread (main_thread)[0x00f4a6ec]} cellSysmodule: cellSysmoduleIsLoaded(id=0x0001: CELL_SYSMODULE_HTTP)
HLE: E {PPU[0x1] Thread (main_thread)[0x00f4a6ec]} cellSysmodule: cellSysmoduleIsLoaded() failed: module not loaded (id=0x0001)
HLE: W {PPU[0x1] Thread (main_thread)[0x00f4a6b4]} cellSysmodule: cellSysmoduleLoadModule(id=0x0001: CELL_SYSMODULE_HTTP)
HLE: W {PPU[0x1] Thread (main_thread)[0x00f4a6ec]} cellSysmodule: cellSysmoduleIsLoaded(id=0x0002: CELL_SYSMODULE_HTTP_UTIL)
HLE: E {PPU[0x1] Thread (main_thread)[0x00f4a6ec]} cellSysmodule: cellSysmoduleIsLoaded() failed: module not loaded (id=0x0002)
HLE: W {PPU[0x1] Thread (main_thread)[0x00f4a6b4]} cellSysmodule: cellSysmoduleLoadModule(id=0x0002: CELL_SYSMODULE_HTTP_UTIL)
HLE: W {PPU[0x1] Thread (main_thread)[0x00f4a6ec]} cellSysmodule: cellSysmoduleIsLoaded(id=0x0004: CELL_SYSMODULE_HTTPS)
HLE: E {PPU[0x1] Thread (main_thread)[0x00f4a6ec]} cellSysmodule: cellSysmoduleIsLoaded() failed: module not loaded (id=0x0004)
HLE: W {PPU[0x1] Thread (main_thread)[0x00f4a6b4]} cellSysmodule: cellSysmoduleLoadModule(id=0x0004: CELL_SYSMODULE_HTTPS)
HLE: W {PPU[0x1] Thread (main_thread)[0x00f4a6ec]} cellSysmodule: cellSysmoduleIsLoaded(id=0x001e: CELL_SYSMODULE_L10N)
HLE: E {PPU[0x1] Thread (main_thread)[0x00f4a6ec]} cellSysmodule: cellSysmoduleIsLoaded() failed: module not loaded (id=0x001e)
HLE: W {PPU[0x1] Thread (main_thread)[0x00f4a6b4]} cellSysmodule: cellSysmoduleLoadModule(id=0x001e: CELL_SYSMODULE_L10N)
HLE: W {PPU[0x1] Thread (main_thread)[0x00f4a6ec]} cellSysmodule: cellSysmoduleIsLoaded(id=0x0011: CELL_SYSMODULE_AUDIO)
HLE: E {PPU[0x1] Thread (main_thread)[0x00f4a6ec]} cellSysmodule: cellSysmoduleIsLoaded() failed: module not loaded (id=0x0011)
HLE: W {PPU[0x1] Thread (main_thread)[0x00f4a6b4]} cellSysmodule: cellSysmoduleLoadModule(id=0x0011: CELL_SYSMODULE_AUDIO)
HLE: W {PPU[0x1] Thread (main_thread)[0x00f4a6ec]} cellSysmodule: cellSysmoduleIsLoaded(id=0xf02f: CELL_SYSMODULE_SYSUTIL_SEARCH)
HLE: E {PPU[0x1] Thread (main_thread)[0x00f4a6ec]} cellSysmodule: cellSysmoduleIsLoaded() failed: module not loaded (id=0xf02f)
HLE: W {PPU[0x1] Thread (main_thread)[0x00f4a6b4]} cellSysmodule: cellSysmoduleLoadModule(id=0xf02f: CELL_SYSMODULE_SYSUTIL_SEARCH)
HLE: W {PPU[0x1] Thread (main_thread)[0x00f4a6ec]} cellSysmodule: cellSysmoduleIsLoaded(id=0x003e: CELL_SYSMODULE_SYSUTIL_GAME)
HLE: W {PPU[0x1] Thread (main_thread)[0x00f4a6ec]} cellSysmodule: cellSysmoduleIsLoaded(id=0x0046: CELL_SYSMODULE_VOICE)
HLE: E {PPU[0x1] Thread (main_thread)[0x00f4a6ec]} cellSysmodule: cellSysmoduleIsLoaded() failed: module not loaded (id=0x0046)
HLE: W {PPU[0x1] Thread (main_thread)[0x00f4a6b4]} cellSysmodule: cellSysmoduleLoadModule(id=0x0046: CELL_SYSMODULE_VOICE)
HLE: W {PPU[0x1] Thread (main_thread)[0x00f4a6ec]} cellSysmodule: cellSysmoduleIsLoaded(id=0xf035: CELL_SYSMODULE_SYSUTIL_NP_TROPHY)
HLE: E {PPU[0x1] Thread (main_thread)[0x00f4a6ec]} cellSysmodule: cellSysmoduleIsLoaded() failed: module not loaded (id=0xf035)
HLE: W {PPU[0x1] Thread (main_thread)[0x00f4a6b4]} cellSysmodule: cellSysmoduleLoadModule(id=0xf035: CELL_SYSMODULE_SYSUTIL_NP_TROPHY)
HLE: W {PPU[0x1] Thread (main_thread)[0x00f4a6ec]} cellSysmodule: cellSysmoduleIsLoaded(id=0x0037: CELL_SYSMODULE_SYSUTIL_GAME_EXEC)
HLE: E {PPU[0x1] Thread (main_thread)[0x00f4a6ec]} cellSysmodule: cellSysmoduleIsLoaded() failed: module not loaded (id=0x0037)
HLE: W {PPU[0x1] Thread (main_thread)[0x00f4a6b4]} cellSysmodule: cellSysmoduleLoadModule(id=0x0037: CELL_SYSMODULE_SYSUTIL_GAME_EXEC)
HLE: W {PPU[0x1] Thread (main_thread)[0x00f4a6ec]} cellSysmodule: cellSysmoduleIsLoaded(id=0x0032: CELL_SYSMODULE_SYSUTIL_USERINFO)
HLE: E {PPU[0x1] Thread (main_thread)[0x00f4a6ec]} cellSysmodule: cellSysmoduleIsLoaded() failed: module not loaded (id=0x0032)
HLE: W {PPU[0x1] Thread (main_thread)[0x00f4a6b4]} cellSysmodule: cellSysmoduleLoadModule(id=0x0032: CELL_SYSMODULE_SYSUTIL_USERINFO)
HLE: W {PPU[0x1] Thread (main_thread)[0x00f4a6ec]} cellSysmodule: cellSysmoduleIsLoaded(id=0x0019: CELL_SYSMODULE_FONT)
HLE: E {PPU[0x1] Thread (main_thread)[0x00f4a6ec]} cellSysmodule: cellSysmoduleIsLoaded() failed: module not loaded (id=0x0019)
HLE: W {PPU[0x1] Thread (main_thread)[0x00f4a6b4]} cellSysmodule: cellSysmoduleLoadModule(id=0x0019: CELL_SYSMODULE_FONT)
HLE: W {PPU[0x1] Thread (main_thread)[0x00f4a6ec]} cellSysmodule: cellSysmoduleIsLoaded(id=0x001b: CELL_SYSMODULE_FREETYPE)
HLE: W {PPU[0x1] Thread (main_thread)[0x00f4a6ec]} cellSysmodule: cellSysmoduleIsLoaded(id=0x001a: CELL_SYSMODULE_FONTFT)
HLE: E {PPU[0x1] Thread (main_thread)[0x00f4a6ec]} cellSysmodule: cellSysmoduleIsLoaded() failed: module not loaded (id=0x001a)
HLE: W {PPU[0x1] Thread (main_thread)[0x00f4a6b4]} cellSysmodule: cellSysmoduleLoadModule(id=0x001a: CELL_SYSMODULE_FONTFT)
HLE: W {PPU[0x1] Thread (main_thread)[0x00f4a6ec]} cellSysmodule: cellSysmoduleIsLoaded(id=0x003c: CELL_SYSMODULE_VDEC_DIVX)
HLE: W {PPU[0x1] Thread (main_thread)[0x00f4a6ec]} cellSysmodule: cellSysmoduleIsLoaded(id=0xf01e: CELL_SYSMODULE_ADEC_MP3)
HLE: W {PPU[0x1] Thread (main_thread)[0x00f4a6ec]} cellSysmodule: cellSysmoduleIsLoaded(id=0x0027: CELL_SYSMODULE_ADEC_AC3)
HLE: W {PPU[0x1] Thread (main_thread)[0x00f4a6ec]} cellSysmodule: cellSysmoduleIsLoaded(id=0x0006: CELL_SYSMODULE_ADEC)
HLE: E {PPU[0x1] Thread (main_thread)[0x00f4a6ec]} cellSysmodule: cellSysmoduleIsLoaded() failed: module not loaded (id=0x0006)
HLE: W {PPU[0x1] Thread (main_thread)[0x00f4a6b4]} cellSysmodule: cellSysmoduleLoadModule(id=0x0006: CELL_SYSMODULE_ADEC)
HLE: W {PPU[0x1] Thread (main_thread)[0x00f4a6ec]} cellSysmodule: cellSysmoduleIsLoaded(id=0x0031: CELL_SYSMODULE_AVCONF_EXT)
HLE: E {PPU[0x1] Thread (main_thread)[0x00f4a6ec]} cellSysmodule: cellSysmoduleIsLoaded() failed: module not loaded (id=0x0031)
HLE: W {PPU[0x1] Thread (main_thread)[0x00f4a6b4]} cellSysmodule: cellSysmoduleLoadModule(id=0x0031: CELL_SYSMODULE_AVCONF_EXT)
HLE: W {PPU[0x1] Thread (main_thread)[0x00f4a6ec]} cellSysmodule: cellSysmoduleIsLoaded(id=0x003d: CELL_SYSMODULE_JPGENC)
HLE: E {PPU[0x1] Thread (main_thread)[0x00f4a6ec]} cellSysmodule: cellSysmoduleIsLoaded() failed: module not loaded (id=0x003d)
HLE: W {PPU[0x1] Thread (main_thread)[0x00f4a6b4]} cellSysmodule: cellSysmoduleLoadModule(id=0x003d: CELL_SYSMODULE_JPGENC)
HLE: W {PPU[0x1] Thread (main_thread)[0x00f4a6ec]} cellSysmodule: cellSysmoduleIsLoaded(id=0x000f: CELL_SYSMODULE_JPGDEC)
HLE: E {PPU[0x1] Thread (main_thread)[0x00f4a6ec]} cellSysmodule: cellSysmoduleIsLoaded() failed: module not loaded (id=0x000f)
HLE: W {PPU[0x1] Thread (main_thread)[0x00f4a6b4]} cellSysmodule: cellSysmoduleLoadModule(id=0x000f: CELL_SYSMODULE_JPGDEC)
HLE: W {PPU[0x1] Thread (main_thread)[0x00f4a6ec]} cellSysmodule: cellSysmoduleIsLoaded(id=0x005a: CELL_SYSMODULE_GEM)
HLE: E {PPU[0x1] Thread (main_thread)[0x00f4a6ec]} cellSysmodule: cellSysmoduleIsLoaded() failed: module not loaded (id=0x005a)
HLE: W {PPU[0x1] Thread (main_thread)[0x00f4a6b4]} cellSysmodule: cellSysmoduleLoadModule(id=0x005a: CELL_SYSMODULE_GEM)
HLE: W {PPU[0x1] Thread (main_thread)[0x00f4a6ec]} cellSysmodule: cellSysmoduleIsLoaded(id=0x0023: CELL_SYSMODULE_CAMERA)
HLE: E {PPU[0x1] Thread (main_thread)[0x00f4a6ec]} cellSysmodule: cellSysmoduleIsLoaded() failed: module not loaded (id=0x0023)
HLE: W {PPU[0x1] Thread (main_thread)[0x00f4a6b4]} cellSysmodule: cellSysmoduleLoadModule(id=0x0023: CELL_SYSMODULE_CAMERA)
HLE: W {PPU[0x1] Thread (main_thread)[0x00f4a6ec]} cellSysmodule: cellSysmoduleIsLoaded(id=0x001c: CELL_SYSMODULE_USBD)
HLE: E {PPU[0x1] Thread (main_thread)[0x00f4a6ec]} cellSysmodule: cellSysmoduleIsLoaded() failed: module not loaded (id=0x001c)
HLE: W {PPU[0x1] Thread (main_thread)[0x00f4a6b4]} cellSysmodule: cellSysmoduleLoadModule(id=0x001c: CELL_SYSMODULE_USBD)
HLE: W {PPU[0x1] Thread (main_thread)[0x00f4a6ec]} cellSysmodule: cellSysmoduleIsLoaded(id=0x0016: CELL_SYSMODULE_SYSUTIL_NP)
HLE: E {PPU[0x1] Thread (main_thread)[0x00f4a6ec]} cellSysmodule: cellSysmoduleIsLoaded() failed: module not loaded (id=0x0016)
HLE: W {PPU[0x1] Thread (main_thread)[0x00f4a6b4]} cellSysmodule: cellSysmoduleLoadModule(id=0x0016: CELL_SYSMODULE_SYSUTIL_NP)
HLE: W {PPU[0x1] Thread (main_thread)[0x00f4a6ec]} cellSysmodule: cellSysmoduleIsLoaded(id=0x0054: UNKNOWN MODULE)
HLE: W {PPU[0x1] Thread (main_thread)[0x00f4a6b4]} cellSysmodule: cellSysmoduleLoadModule(id=0x0054: UNKNOWN MODULE)
HLE: W {PPU[0x1] Thread (main_thread)[0x005bc158]} sys_spu: sys_spu_initialize(max_usable_spu=6, max_raw_spu=0)
HLE: W {PPU[0x1] Thread (main_thread)[0x005bc168]} sys_memory: sys_memory_get_user_memory_size(mem_info=*0xd007b75c)
HLE: E {PPU[0x1] Thread (main_thread)[0x00f50c6c]} sys_prx TODO: sys_prx_get_module_list(flags=0, pInfo=*0xd007b3b0)
HLE: W {PPU[0x1] Thread (main_thread)[0x0063accc]} sys_mutex: sys_mutex_create(mutex_id=*0x20060548, attr=*0xd007b4a0)
HLE: W {PPU[0x1] Thread (main_thread)[0x00f4c244]} cellSysutil: cellSysutilGetSystemParamInt(id=0x112(ID_ENTER_BUTTON_ASSIGN), value=*0x132b8f8)
HLE: W {PPU[0x1] Thread (main_thread)[0x00f4c244]} cellSysutil: cellSysutilGetSystemParamInt(id=0x111(ID_LANG), value=*0x132b8fc)
HLE: W {PPU[0x1] Thread (main_thread)[0x00f4c394]} cellSysutil: cellVideoOutGetNumberOfDevice(videoOut=0)
HLE: W {PPU[0x1] Thread (main_thread)[0x00f4c19c]} cellSysutil: cellVideoOutGetDeviceInfo(videoOut=0, deviceIndex=0, info=*0x132b710)
HLE: W {PPU[0x1] Thread (main_thread)[0x00f4dd9c]} cellAvconfExt: cellVideoOutGetScreenSize(videoOut=0, screenSize=*0xd007b490)
HLE: W {PPU[0x1] Thread (main_thread)[0x00f4c4e4]} cellSysutil: cellVideoOutGetResolutionAvailability(videoOut=0, resolutionId=0x81, aspect=2, option=0)
HLE: W {PPU[0x1] Thread (main_thread)[0x00f4c4e4]} cellSysutil: cellVideoOutGetResolutionAvailability(videoOut=0, resolutionId=0x88, aspect=2, option=0)
HLE: W {PPU[0x1] Thread (main_thread)[0x00f4c4e4]} cellSysutil: cellVideoOutGetResolutionAvailability(videoOut=0, resolutionId=0x89, aspect=2, option=0)
HLE: W {PPU[0x1] Thread (main_thread)[0x00f4c4e4]} cellSysutil: cellVideoOutGetResolutionAvailability(videoOut=0, resolutionId=0x8a, aspect=2, option=0)
HLE: W {PPU[0x1] Thread (main_thread)[0x00f4c4e4]} cellSysutil: cellVideoOutGetResolutionAvailability(videoOut=0, resolutionId=0x8b, aspect=2, option=0)
HLE: W {PPU[0x1] Thread (main_thread)[0x00f4c4e4]} cellSysutil: cellVideoOutGetResolutionAvailability(videoOut=0, resolutionId=0x91, aspect=2, option=0)
HLE: W {PPU[0x1] Thread (main_thread)[0x00f4c4e4]} cellSysutil: cellVideoOutGetResolutionAvailability(videoOut=0, resolutionId=0x98, aspect=2, option=0)
HLE: W {PPU[0x1] Thread (main_thread)[0x00f4c4e4]} cellSysutil: cellVideoOutGetResolutionAvailability(videoOut=0, resolutionId=0x99, aspect=2, option=0)
HLE: W {PPU[0x1] Thread (main_thread)[0x00f4c4e4]} cellSysutil: cellVideoOutGetResolutionAvailability(videoOut=0, resolutionId=0x9a, aspect=2, option=0)
HLE: W {PPU[0x1] Thread (main_thread)[0x00f4c4e4]} cellSysutil: cellVideoOutGetResolutionAvailability(videoOut=0, resolutionId=0x9b, aspect=2, option=0)
HLE: W {PPU[0x1] Thread (main_thread)[0x00f4c4e4]} cellSysutil: cellVideoOutGetResolutionAvailability(videoOut=0, resolutionId=0x1, aspect=2, option=0)
HLE: W {PPU[0x1] Thread (main_thread)[0x00f4c4e4]} cellSysutil: cellVideoOutGetResolutionAvailability(videoOut=0, resolutionId=0xa, aspect=2, option=0)
HLE: W {PPU[0x1] Thread (main_thread)[0x00f4c4e4]} cellSysutil: cellVideoOutGetResolutionAvailability(videoOut=0, resolutionId=0xb, aspect=2, option=0)
HLE: W {PPU[0x1] Thread (main_thread)[0x00f4c4e4]} cellSysutil: cellVideoOutGetResolutionAvailability(videoOut=0, resolutionId=0xc, aspect=2, option=0)
HLE: W {PPU[0x1] Thread (main_thread)[0x00f4c4e4]} cellSysutil: cellVideoOutGetResolutionAvailability(videoOut=0, resolutionId=0xd, aspect=2, option=0)
HLE: W {PPU[0x1] Thread (main_thread)[0x00f4c4e4]} cellSysutil: cellVideoOutGetResolutionAvailability(videoOut=0, resolutionId=0x2, aspect=2, option=0)
HLE: W {PPU[0x1] Thread (main_thread)[0x00f4c58c]} cellSysutil: cellAudioOutGetSoundAvailability(audioOut=0, type=0, fs=0x4, option=0)
HLE: W {PPU[0x1] Thread (main_thread)[0x00f4c58c]} cellSysutil: cellAudioOutGetSoundAvailability(audioOut=0, type=1, fs=0x4, option=0)
HLE: W {PPU[0x1] Thread (main_thread)[0x00f4c58c]} cellSysutil: cellAudioOutGetSoundAvailability(audioOut=0, type=6, fs=0x4, option=0)
HLE: W {PPU[0x1] Thread (main_thread)[0x00f4c6a4]} cellSysutil: cellAudioOutGetNumberOfDevice(audioOut=0)
HLE: W {PPU[0x1] Thread (main_thread)[0x00f4c74c]} cellSysutil: cellAudioOutGetState(audioOut=0x0, deviceIndex=0x0, state=*0xd007b414)
HLE: E {PPU[0x1] Thread (main_thread)[0x00f4c404]} cellSysutil TODO: cellAudioOutGetDeviceInfo(audioOut=0, deviceIndex=0, info=*0xd007b428)
HLE: W {PPU[0x1] Thread (main_thread)[0x00f4c2b4]} cellSysutil: cellAudioOutConfigure(audioOut=0, config=*0xd007b400, option=*0xd007b410, waitForEvent=0)
HLE: W {PPU[0x1] Thread (main_thread)[0x00f4c74c]} cellSysutil: cellAudioOutGetState(audioOut=0x0, deviceIndex=0x0, state=*0x132b8e4)
HLE: W {PPU[0x1] Thread (main_thread)[0x00f4c244]} cellSysutil: cellSysutilGetSystemParamInt(id=0x112(ID_ENTER_BUTTON_ASSIGN), value=*0x132b8f8)
HLE: W {PPU[0x1] Thread (main_thread)[0x00f4c244]} cellSysutil: cellSysutilGetSystemParamInt(id=0x111(ID_LANG), value=*0x132b8fc)
HLE: W {PPU[0x1] Thread (main_thread)[0x00f4c394]} cellSysutil: cellVideoOutGetNumberOfDevice(videoOut=0)
HLE: W {PPU[0x1] Thread (main_thread)[0x00f4c19c]} cellSysutil: cellVideoOutGetDeviceInfo(videoOut=0, deviceIndex=0, info=*0x132b710)
HLE: W {PPU[0x1] Thread (main_thread)[0x00f4dd9c]} cellAvconfExt: cellVideoOutGetScreenSize(videoOut=0, screenSize=*0xd007b490)
HLE: W {PPU[0x1] Thread (main_thread)[0x00f4c4e4]} cellSysutil: cellVideoOutGetResolutionAvailability(videoOut=0, resolutionId=0x81, aspect=2, option=0)
HLE: W {PPU[0x1] Thread (main_thread)[0x00f4c4e4]} cellSysutil: cellVideoOutGetResolutionAvailability(videoOut=0, resolutionId=0x88, aspect=2, option=0)
HLE: W {PPU[0x1] Thread (main_thread)[0x00f4c4e4]} cellSysutil: cellVideoOutGetResolutionAvailability(videoOut=0, resolutionId=0x89, aspect=2, option=0)
HLE: W {PPU[0x1] Thread (main_thread)[0x00f4c4e4]} cellSysutil: cellVideoOutGetResolutionAvailability(videoOut=0, resolutionId=0x8a, aspect=2, option=0)
HLE: W {PPU[0x1] Thread (main_thread)[0x00f4c4e4]} cellSysutil: cellVideoOutGetResolutionAvailability(videoOut=0, resolutionId=0x8b, aspect=2, option=0)
HLE: W {PPU[0x1] Thread (main_thread)[0x00f4c4e4]} cellSysutil: cellVideoOutGetResolutionAvailability(videoOut=0, resolutionId=0x91, aspect=2, option=0)
HLE: W {PPU[0x1] Thread (main_thread)[0x00f4c4e4]} cellSysutil: cellVideoOutGetResolutionAvailability(videoOut=0, resolutionId=0x98, aspect=2, option=0)
HLE: W {PPU[0x1] Thread (main_thread)[0x00f4c4e4]} cellSysutil: cellVideoOutGetResolutionAvailability(videoOut=0, resolutionId=0x99, aspect=2, option=0)
HLE: W {PPU[0x1] Thread (main_thread)[0x00f4c4e4]} cellSysutil: cellVideoOutGetResolutionAvailability(videoOut=0, resolutionId=0x9a, aspect=2, option=0)
HLE: W {PPU[0x1] Thread (main_thread)[0x00f4c4e4]} cellSysutil: cellVideoOutGetResolutionAvailability(videoOut=0, resolutionId=0x9b, aspect=2, option=0)
HLE: W {PPU[0x1] Thread (main_thread)[0x00f4c4e4]} cellSysutil: cellVideoOutGetResolutionAvailability(videoOut=0, resolutionId=0x1, aspect=2, option=0)
HLE: W {PPU[0x1] Thread (main_thread)[0x00f4c4e4]} cellSysutil: cellVideoOutGetResolutionAvailability(videoOut=0, resolutionId=0xa, aspect=2, option=0)
HLE: W {PPU[0x1] Thread (main_thread)[0x00f4c4e4]} cellSysutil: cellVideoOutGetResolutionAvailability(videoOut=0, resolutionId=0xb, aspect=2, option=0)
HLE: W {PPU[0x1] Thread (main_thread)[0x00f4c4e4]} cellSysutil: cellVideoOutGetResolutionAvailability(videoOut=0, resolutionId=0xc, aspect=2, option=0)
HLE: W {PPU[0x1] Thread (main_thread)[0x00f4c4e4]} cellSysutil: cellVideoOutGetResolutionAvailability(videoOut=0, resolutionId=0xd, aspect=2, option=0)
HLE: W {PPU[0x1] Thread (main_thread)[0x00f4c4e4]} cellSysutil: cellVideoOutGetResolutionAvailability(videoOut=0, resolutionId=0x2, aspect=2, option=0)
HLE: W {PPU[0x1] Thread (main_thread)[0x00f4c58c]} cellSysutil: cellAudioOutGetSoundAvailability(audioOut=0, type=0, fs=0x4, option=0)
HLE: W {PPU[0x1] Thread (main_thread)[0x00f4c58c]} cellSysutil: cellAudioOutGetSoundAvailability(audioOut=0, type=1, fs=0x4, option=0)
HLE: W {PPU[0x1] Thread (main_thread)[0x00f4c58c]} cellSysutil: cellAudioOutGetSoundAvailability(audioOut=0, type=6, fs=0x4, option=0)
HLE: W {PPU[0x1] Thread (main_thread)[0x00f4c6a4]} cellSysutil: cellAudioOutGetNumberOfDevice(audioOut=0)
HLE: W {PPU[0x1] Thread (main_thread)[0x00f4c74c]} cellSysutil: cellAudioOutGetState(audioOut=0x0, deviceIndex=0x0, state=*0x132b8e4)
HLE: W {PPU[0x1] Thread (main_thread)[0x00f4b7c4]} cellSpurs: cellSpursAttributeSetSpuThreadGroupType(attr=*0xd007b550, type=24)
HLE: W {PPU[0x1] Thread (main_thread)[0x00f4b71c]} cellSpurs: _cellSpursAttributeInitialize(attr=*0xd007b550, revision=2, sdkVersion=0x330000, nSpus=5, spuPriority=100, ppuPriority=1023, exitIfNoWork=0)
HLE: W {PPU[0x1] Thread (main_thread)[0x00f4b55c]} cellSpurs: cellSpursAttributeSetNamePrefix(attr=*0xd007b550, prefix=*0xf9d420, size=12)
HLE: W {PPU[0x1] Thread (main_thread)[0x00f4b7fc]} cellSpurs: cellSpursInitializeWithAttribute(spurs=*0x20060600, attr=*0xd007b550)
HLE: W {PPU[0x1] Thread (main_thread)[0x00f4b7fc]} sys_process: sys_process_is_spu_lock_line_reservation_address(addr=0x20060600, flags=0x2)
HLE: W {PPU[0x1] Thread (main_thread)[0x00f4b7fc]} sys_semaphore: sys_semaphore_create(sem_id=*0xd007b4d8, attr=*0xd007b4b0, initial_val=0, max_val=1)
HLE: W {PPU[0x1] Thread (main_thread)[0x00f4b7fc]} sys_semaphore: sys_semaphore_create(sem_id=*0xd007b4d8, attr=*0xd007b4b0, initial_val=0, max_val=1)
HLE: W {PPU[0x1] Thread (main_thread)[0x00f4b7fc]} sys_semaphore: sys_semaphore_create(sem_id=*0xd007b4d8, attr=*0xd007b4b0, initial_val=0, max_val=1)
HLE: W {PPU[0x1] Thread (main_thread)[0x00f4b7fc]} sys_semaphore: sys_semaphore_create(sem_id=*0xd007b4d8, attr=*0xd007b4b0, initial_val=0, max_val=1)
HLE: W {PPU[0x1] Thread (main_thread)[0x00f4b7fc]} sys_semaphore: sys_semaphore_create(sem_id=*0xd007b4d8, attr=*0xd007b4b0, initial_val=0, max_val=1)
HLE: W {PPU[0x1] Thread (main_thread)[0x00f4b7fc]} sys_semaphore: sys_semaphore_create(sem_id=*0xd007b4d8, attr=*0xd007b4b0, initial_val=0, max_val=1)
HLE: W {PPU[0x1] Thread (main_thread)[0x00f4b7fc]} sys_semaphore: sys_semaphore_create(sem_id=*0xd007b4d8, attr=*0xd007b4b0, initial_val=0, max_val=1)
HLE: W {PPU[0x1] Thread (main_thread)[0x00f4b7fc]} sys_semaphore: sys_semaphore_create(sem_id=*0xd007b4d8, attr=*0xd007b4b0, initial_val=0, max_val=1)
HLE: W {PPU[0x1] Thread (main_thread)[0x00f4b7fc]} sys_semaphore: sys_semaphore_create(sem_id=*0xd007b4d8, attr=*0xd007b4b0, initial_val=0, max_val=1)
HLE: W {PPU[0x1] Thread (main_thread)[0x00f4b7fc]} sys_semaphore: sys_semaphore_create(sem_id=*0xd007b4d8, attr=*0xd007b4b0, initial_val=0, max_val=1)
HLE: W {PPU[0x1] Thread (main_thread)[0x00f4b7fc]} sys_semaphore: sys_semaphore_create(sem_id=*0xd007b4d8, attr=*0xd007b4b0, initial_val=0, max_val=1)
HLE: W {PPU[0x1] Thread (main_thread)[0x00f4b7fc]} sys_semaphore: sys_semaphore_create(sem_id=*0xd007b4d8, attr=*0xd007b4b0, initial_val=0, max_val=1)
HLE: W {PPU[0x1] Thread (main_thread)[0x00f4b7fc]} sys_semaphore: sys_semaphore_create(sem_id=*0xd007b4d8, attr=*0xd007b4b0, initial_val=0, max_val=1)
HLE: W {PPU[0x1] Thread (main_thread)[0x00f4b7fc]} sys_semaphore: sys_semaphore_create(sem_id=*0xd007b4d8, attr=*0xd007b4b0, initial_val=0, max_val=1)
HLE: W {PPU[0x1] Thread (main_thread)[0x00f4b7fc]} sys_semaphore: sys_semaphore_create(sem_id=*0xd007b4d8, attr=*0xd007b4b0, initial_val=0, max_val=1)
HLE: W {PPU[0x1] Thread (main_thread)[0x00f4b7fc]} sys_semaphore: sys_semaphore_create(sem_id=*0xd007b4d8, attr=*0xd007b4b0, initial_val=0, max_val=1)
HLE: W {PPU[0x1] Thread (main_thread)[0x00f4b7fc]} sys_semaphore: sys_semaphore_create(sem_id=*0xd007b4d8, attr=*0xd007b4b0, initial_val=0, max_val=1)
HLE: W {PPU[0x1] Thread (main_thread)[0x00f4b7fc]} sys_spu: sys_spu_thread_group_create(id=*0x20061330, num=5, prio=100, attr=*0xd007b410)
HLE: W {PPU[0x1] Thread (main_thread)[0x00f4b7fc]} sys_spu: sys_spu_thread_initialize(thread=*0x20061334, group=0x33, spu_num=0, img=*0x20061370, attr=*0xd007b3d8, arg=*0xd007b3e8)
HLE: E {PPU[0x1] Thread (main_thread)[0x00f4b7fc]} sys_spu: Unsupported SPU Thread options (0x2)
HLE: W {PPU[0x1] Thread (main_thread)[0x00f4b7fc]} sys_spu: sys_spu_thread_initialize(thread=*0x20061338, group=0x33, spu_num=1, img=*0x20061370, attr=*0xd007b3d8, arg=*0xd007b3e8)
HLE: E {PPU[0x1] Thread (main_thread)[0x00f4b7fc]} sys_spu: Unsupported SPU Thread options (0x2)
HLE: W {PPU[0x1] Thread (main_thread)[0x00f4b7fc]} sys_spu: sys_spu_thread_initialize(thread=*0x2006133c, group=0x33, spu_num=2, img=*0x20061370, attr=*0xd007b3d8, arg=*0xd007b3e8)
HLE: E {PPU[0x1] Thread (main_thread)[0x00f4b7fc]} sys_spu: Unsupported SPU Thread options (0x2)
HLE: W {PPU[0x1] Thread (main_thread)[0x00f4b7fc]} sys_spu: sys_spu_thread_initialize(thread=*0x20061340, group=0x33, spu_num=3, img=*0x20061370, attr=*0xd007b3d8, arg=*0xd007b3e8)
HLE: E {PPU[0x1] Thread (main_thread)[0x00f4b7fc]} sys_spu: Unsupported SPU Thread options (0x2)
HLE: W {PPU[0x1] Thread (main_thread)[0x00f4b7fc]} sys_spu: sys_spu_thread_initialize(thread=*0x20061344, group=0x33, spu_num=4, img=*0x20061370, attr=*0xd007b3d8, arg=*0xd007b3e8)
HLE: E {PPU[0x1] Thread (main_thread)[0x00f4b7fc]} sys_spu: Unsupported SPU Thread options (0x2)
HLE: W {PPU[0x1] Thread (main_thread)[0x00f4b7fc]} sysPrxForUser: sys_lwmutex_create(lwmutex=*0x200613b0, attr=*0xd007b338)
HLE: W {PPU[0x1] Thread (main_thread)[0x00f4b7fc]} sysPrxForUser: sys_lwcond_create(lwcond=*0x200613c8, lwmutex=*0x200613b0, attr=*0xd007b340)
HLE: W {PPU[0x1] Thread (main_thread)[0x00f4b7fc]} sys_event: sys_event_queue_create(equeue_id=*0x2006135c, attr=*0xd007b338, event_queue_key=0x0, size=42)
HLE: W {PPU[0x1] Thread (main_thread)[0x00f4b7fc]} sys_spu: sys_spu_thread_group_connect_event_all_threads(id=0x33, eq=0x3b, req=0xffffffffffff0000, spup=*0x200606c9)
HLE: W {PPU[0x1] Thread (main_thread)[0x00f4b7fc]} sys_event: sys_event_port_create(eport_id=*0x20061360, port_type=1, name=0x0)
HLE: W {PPU[0x1] Thread (main_thread)[0x00f4b7fc]} sys_event: sys_event_port_connect_local(eport_id=0x3c, equeue_id=0x3b)
HLE: W {PPU[0x1] Thread (main_thread)[0x00f4b7fc]} cellSpurs: cellSpursEnableExceptionEventHandler(spurs=*0x20060600, flag=1)
HLE: W {PPU[0x3e] Thread (MS3)[0x00000000]} sys_spu: sys_spu_thread_group_start(id=0x33)
HLE: W {PPU[0x1] Thread (main_thread)[0x00f4b7fc]} sys_spu: sys_spu_thread_group_connect_event(id=0x33, eq=0x3b, et=2)
SPU: S {PPU[0x3e] Thread (MS3)[0x00000000]} SPU Database initialized...
SPU: S {PPU[0x3e] Thread (MS3)[0x00000000]} SPU Recompiler (ASMJIT) created...
HLE: W {PPU[0x3e] Thread (MS3)[0x00000000]} sys_spu: sys_spu_thread_group_join(id=0x33, cause=*0x0, status=*0x0)
HLE: W {PPU[0x1] Thread (main_thread)[0x00015a90]} sys_memory: sys_memory_get_user_memory_size(mem_info=*0xd007ded0)
TTY: [INFO]STATS: @@@@@@@@@@@@@@@@@@@@@@@@@@@@@@@@@@@@@@@@@@@@@@@@@@@@@@@@@@@@@@@@@@@@@@@@@@@\n
STATS: memorysetup(255 MiB/256 MiB)\n
\n
TTY: [INFO]STATS: heap_total = 268435456 (256 MiB)  excess = 0 (0 MiB)   budget = 268435456 (256 MiB)\n
\n
TTY: [INFO]STATS: @@@@@@@@@@@@@@@@@@@@@@@@@@@@@@@@@@@@@@@@@@@@@@@@@@@@@@@@@@@@@@@@@@@@@@@@@@@\n
STATS: Main Heap Size = 177209344 (169 MiB)   Phys4Virt = 2097152 (2 MiB)\n
STATS: @@@@@@@@@@@@@@@@@@@@@@@@@@@@@@@@@@@@@@@@@@@@@@@@@@@@@@@@@@@@@@@@@@@@@@@@@@@\n
\n
HLE: W {PPU[0x1] Thread (main_thread)[0x00aab7d8]} sys_memory: sys_memory_allocate(size=0xaa00000, flags=0x400, alloc_addr=*0xd007dcf0)
HLE: W {PPU[0x1] Thread (main_thread)[0x005c4334]} sys_memory: sys_memory_container_create(cid=*0x2006048c, size=0x200000)
HLE: E {PPU[0x1] Thread (main_thread)[0x005c4358]} sys_vm: sys_vm_memory_map(vsize=0x6000000, psize=0x200000, cid=0x3f, flags=0x200, policy=0x1, addr=*0xd007dc70)
HLE: W {PPU[0x1] Thread (main_thread)[0x00f4c1d4]} cellSysutil: cellSysutilEnableBgmPlayback()
HLE: S {PPU[0x1] Thread (main_thread)[0x00f4c714]} Last function: cellSysutilSetBgmPlaybackExtraParam (0xf3dbf5a7)
G: ! {PPU[0x1] Thread (main_thread)[0x00f4c714]} Registers:
=========
GPR[0] = 0x1577c
GPR[1] = 0xd007df20
GPR[2] = 0x12e4c40
GPR[3] = 0xd007df90
GPR[4] = 0x6d6
GPR[5] = 0x1330000
GPR[6] = 0xc
GPR[7] = 0x200b72a0
GPR[8] = 0x200b7268
GPR[9] = 0x200b72e3
GPR[10] = 0x200b72e0
GPR[11] = 0x66
GPR[12] = 0x200b72e0
GPR[13] = 0x13c5030
GPR[14] = 0x0
GPR[15] = 0x1279000
GPR[16] = 0x1278000
GPR[17] = 0x0
GPR[18] = 0x1277000
GPR[19] = 0x100000
GPR[20] = 0x0
GPR[21] = 0x0
GPR[22] = 0x0
GPR[23] = 0x1
GPR[24] = 0x0
GPR[25] = 0x0
GPR[26] = 0x12841c8
GPR[27] = 0x0
GPR[28] = 0x0
GPR[29] = 0x1
GPR[30] = 0x1279000
GPR[31] = 0xd007e1fc
FPR[0] = 0.0001
FPR[1] = 0.8855
FPR[2] = 1.31641
FPR[3] = 1
FPR[4] = 0.0253994
FPR[5] = 0
FPR[6] = 0
FPR[7] = 0
FPR[8] = -0.23263
FPR[9] = 1.25
FPR[10] = 1
FPR[11] = 0.0999749
FPR[12] = 1.12183
FPR[13] = -0.11642
FPR[14] = 0
FPR[15] = 0
FPR[16] = 0
FPR[17] = 0
FPR[18] = 0
FPR[19] = 0
FPR[20] = 0
FPR[21] = 0
FPR[22] = 0
FPR[23] = 0
FPR[24] = 0
FPR[25] = 0
FPR[26] = 0
FPR[27] = 0
FPR[28] = 0
FPR[29] = 0
FPR[30] = 0
FPR[31] = 0
VPR[0] = 0x00000000000000000000000000000000 [x: 0 y: 0 z: 0 w: 0]
VPR[1] = 0x00000000560f12ff00000000560f12be [x: 0 y: 3.93279e+13 z: 0 w: 3.93277e+13]
VPR[2] = 0x421c0000421c0000421c0000421c0000 [x: 39 y: 39 z: 39 w: 39]
VPR[3] = 0x00000000000000003f80000000000000 [x: 0 y: 0 z: 1 w: 0]
VPR[4] = 0x0000000000000000000000003f800000 [x: 0 y: 0 z: 0 w: 1]
VPR[5] = 0x00000000000000000000000000000000 [x: 0 y: 0 z: 0 w: 0]
VPR[6] = 0x00000000560f12be00000000560f12ff [x: 0 y: 3.93277e+13 z: 0 w: 3.93279e+13]
VPR[7] = 0x00000000000000000000000000000000 [x: 0 y: 0 z: 0 w: 0]
VPR[8] = 0x000000000000000f0000000000000000 [x: 0 y: 2.10195e-44 z: 0 w: 0]
VPR[9] = 0x00000000000014320000000000000062 [x: 0 y: 7.24471e-42 z: 0 w: 1.37327e-43]
VPR[10] = 0x00000000560f12ff00000000560f12be [x: 0 y: 3.93279e+13 z: 0 w: 3.93277e+13]
VPR[11] = 0x000000000000000000000000560f12be [x: 0 y: 0 z: 0 w: 3.93277e+13]
VPR[12] = 0x00000000000000000000000000000007 [x: 0 y: 0 z: 0 w: 9.80909e-45]
VPR[13] = 0x0000000200000062000000000000000f [x: 2.8026e-45 y: 1.37327e-43 z: 0 w: 2.10195e-44]
VPR[14] = 0x00000000560f12bf00000000000031f6 [x: 0 y: 3.93277e+13 z: 0 w: 1.79226e-41]
VPR[15] = 0x00000000560f12bf00000000560f12ff [x: 0 y: 3.93277e+13 z: 0 w: 3.93279e+13]
VPR[16] = 0x000000000249e2500000000000000000 [x: 0 y: 1.48321e-37 z: 0 w: 0]
VPR[17] = 0x000000000000000f0000000000000000 [x: 0 y: 2.10195e-44 z: 0 w: 0]
VPR[18] = 0x00000000000042510000000000000062 [x: 0 y: 2.37898e-41 z: 0 w: 1.37327e-43]
VPR[19] = 0x00000000560f12ff00000000560f12bf [x: 0 y: 3.93279e+13 z: 0 w: 3.93277e+13]
VPR[20] = 0x000000000000000000000000560f12bf [x: 0 y: 0 z: 0 w: 3.93277e+13]
VPR[21] = 0x00000000000000000000000000000000 [x: 0 y: 0 z: 0 w: 0]
VPR[22] = 0x0000000000000062000000000000000f [x: 0 y: 1.37327e-43 z: 0 w: 2.10195e-44]
VPR[23] = 0x00000000560f12be0000000000001360 [x: 0 y: 3.93277e+13 z: 0 w: 6.95044e-42]
VPR[24] = 0x00000000560f12be00000000560f12ff [x: 0 y: 3.93277e+13 z: 0 w: 3.93279e+13]
VPR[25] = 0x00000000000000000000000000000000 [x: 0 y: 0 z: 0 w: 0]
VPR[26] = 0x000000000000000f0000000000000000 [x: 0 y: 2.10195e-44 z: 0 w: 0]
VPR[27] = 0x000000000000248d0000000000000062 [x: 0 y: 1.31119e-41 z: 0 w: 1.37327e-43]
VPR[28] = 0x00000000560f12ff00000000560f12be [x: 0 y: 3.93279e+13 z: 0 w: 3.93277e+13]
VPR[29] = 0x000000000000000000000000560f12be [x: 0 y: 0 z: 0 w: 3.93277e+13]
VPR[30] = 0x0000000000000000000000003f800000 [x: 0 y: 0 z: 0 w: 1]
VPR[31] = 0x0000000000000062000000000000000f [x: 0 y: 1.37327e-43 z: 0 w: 2.10195e-44]
CR = 0x48000084
LR = 0x1579c
CTR = 0xe99ebc
XER = 0x0 [CA=0 | OV=8589934592 | SO=0]
FPSCR = 0x0 [RN=0 | NI=0 | XE=0 | ZE=0 | UE=0 | OE=0 | VE=0 | VXCVI=0 | VXSQRT=0 | VXSOFT=0 | FPRF=0 | FI=0 | FR=0 | VXVC=0 | VXIMZ=0 | VXZDZ=0 | VXIDI=0 | VXISI=0 | VXSNAN=0 | XX=0 | ZX=0 | UX=0 | OX=0 | VX=0 | FEX=0 | FX=0]

G: E {PPU[0x1] Thread (main_thread)[0x00f4c714]} Exception: 
(in file Emu\SysCalls\Modules\cellSysutil.cpp:306, in function cellSysutilSetBgmPlaybackExtraParam)
G: ! Stopping emulator...
G: ! All threads signaled...
G: ! {PPU[0x2] Thread (Callback Thread)[0x00000000]} Thread aborted
G: ! {SPU[0x38] Thread (MS3CellSpursKernel4)[0x00818]} Thread aborted
G: ! {SPU[0x34] Thread (MS3CellSpursKernel0)[0x00818]} Thread aborted
G: ! {SPU[0x37] Thread (MS3CellSpursKernel3)[0x00818]} Thread aborted
G: ! {SPU[0x36] Thread (MS3CellSpursKernel2)[0x00818]} Thread aborted
G: ! {SPU[0x35] Thread (MS3CellSpursKernel1)[0x00818]} Thread aborted
G: ! {PPU[0x3d] Thread (MS3)[0x00000000]} Thread aborted
G: ! {PPU[0x3e] Thread (MS3)[0x00000000]} Thread aborted
G: ! All threads stopped...
G: ! Objects cleared...
G: ! Stopping emulator...
