HLE: ! path: /dev_hdd0/game/
LDR: E PSFLoader::Load() failed: unknown magic (0x0)
LDR: ! Loading 'D:/Emulateurs/Rpcs3/dev_hdd0/game/NPEA00280/USRDIR/BOOT.BIN'...
G: W fs::file::open('D:/Emulateurs/Rpcs3/dev_hdd0/game/NPEA00280/dev_bdvd.path', 0x1) failed: error 0x2
LDR: !  
LDR: ! Mount info:
LDR: ! /dev_usb000/ -> D:/Emulateurs/Rpcs3/dev_usb000/
LDR: ! /dev_flash/ -> D:/Emulateurs/Rpcs3/dev_flash/
LDR: ! /host_root/ -> 
LDR: ! /dev_hdd0/ -> D:/Emulateurs/Rpcs3/dev_hdd0/
LDR: ! /dev_hdd1/ -> D:/Emulateurs/Rpcs3/dev_hdd1/
LDR: ! /dev_usb/ -> D:/Emulateurs/Rpcs3/dev_usb000/
LDR: !  
LDR: ! Title: Shadow of the Colossus™ (PlayStation®Store)
LDR: ! Serial: NPEA00280
LDR: ! Elf path: /dev_hdd0/game/NPEA00280/USRDIR/BOOT.BIN
LDR: ! loader::init() failed: Broken file
MEM: ! Initializing memory: g_base_addr = 0xd04e00000, g_priv_addr = 0xe04e00000
MEM: ! Memory initialized.
LDR: ! Imported function 'cellPadInit' in 'sys_io' module (0x4eb6d4)
LDR: ! Imported function 'cellPadGetData' in 'sys_io' module (0x4eb6f4)
LDR: ! Imported function 'cellPadGetInfo2' in 'sys_io' module (0x4eb714)
LDR: ! Imported function 'cellPadSetActDirect' in 'sys_io' module (0x4eb734)
LDR: ! Imported function 'cellRtcGetTime_t' in 'cellRtc' module (0x4eb754)
LDR: ! Imported function 'cellRtcGetCurrentClockLocalTime' in 'cellRtc' module (0x4eb954)
LDR: ! Imported function 'cellRtcGetCurrentClock' in 'cellRtc' module (0x4eb974)
LDR: ! Imported function '_cellFiberPpuContextAttributeInitialize' in 'cellFiber' module (0x4eb774)
LDR: ! Imported function 'cellFiberPpuContextInitialize' in 'cellFiber' module (0x4eb794)
LDR: ! Imported function 'cellFiberPpuContextRun' in 'cellFiber' module (0x4eb7b4)
LDR: ! Imported function 'cellFiberPpuContextFinalize' in 'cellFiber' module (0x4eb7d4)
LDR: ! Imported function 'cellFiberPpuContextSwitch' in 'cellFiber' module (0x4eb7f4)
LDR: ! Imported function '_cellFiberPpuInitialize' in 'cellFiber' module (0x4eb814)
LDR: ! Imported function 'cellFsClose' in 'sys_fs' module (0x4eb834)
LDR: ! Imported function 'cellFsRead' in 'sys_fs' module (0x4eb854)
LDR: ! Imported function 'cellFsOpen' in 'sys_fs' module (0x4eb874)
LDR: ! Imported function 'cellFsStat' in 'sys_fs' module (0x4eb894)
LDR: ! Imported function 'cellFsAioCancel' in 'sys_fs' module (0x4eb8b4)
LDR: ! Imported function 'cellFsLseek' in 'sys_fs' module (0x4eb8d4)
LDR: ! Imported function 'cellFsAioRead' in 'sys_fs' module (0x4eb8f4)
LDR: ! Imported function 'cellFsAioInit' in 'sys_fs' module (0x4eb914)
LDR: ! Imported function 'cellFsFstat' in 'sys_fs' module (0x4eb934)
LDR: ! Imported function 'cellFsRmdir' in 'sys_fs' module (0x4ec6d4)
LDR: ! Imported function 'cellFsOpendir' in 'sys_fs' module (0x4ec6f4)
LDR: ! Imported function 'cellFsReaddir' in 'sys_fs' module (0x4ec714)
LDR: ! Imported function 'cellFsSdataOpenByFd' in 'sys_fs' module (0x4ec734)
LDR: ! Imported function 'cellFsUnlink' in 'sys_fs' module (0x4ec754)
LDR: ! Imported function 'cellFsFsync' in 'sys_fs' module (0x4ec774)
LDR: ! Imported function 'cellFsGetFreeSize' in 'sys_fs' module (0x4ec794)
LDR: ! Imported function 'cellFsSdataOpen' in 'sys_fs' module (0x4ec7b4)
LDR: ! Imported function 'cellFsMkdir' in 'sys_fs' module (0x4ec7d4)
LDR: ! Imported function 'cellFsWrite' in 'sys_fs' module (0x4ec7f4)
LDR: ! Imported function 'cellFsClosedir' in 'sys_fs' module (0x4ec814)
LDR: ! Imported function '_cellSpursLFQueueInitialize' in 'cellSpurs' module (0x4eb994)
LDR: ! Imported function 'cellSpursAttributeSetNamePrefix' in 'cellSpurs' module (0x4eb9b4)
LDR: ! Imported function 'cellSpursAttributeEnableSpuPrintfIfAvailable' in 'cellSpurs' module (0x4eb9d4)
LDR: ! Imported function '_cellSpursTasksetAttributeInitialize' in 'cellSpurs' module (0x4eb9f4)
LDR: ! Imported function 'cellSpursLFQueueAttachLv2EventQueue' in 'cellSpurs' module (0x4eba14)
LDR: ! Imported function 'cellSpursEventFlagDetachLv2EventQueue' in 'cellSpurs' module (0x4eba34)
LDR: ! Imported function 'cellSpursInitializeWithAttribute2' in 'cellSpurs' module (0x4eba54)
LDR: ! Imported function 'cellSpursEventFlagWait' in 'cellSpurs' module (0x4eba74)
LDR: ! Imported function 'cellSpursCreateTaskset2' in 'cellSpurs' module (0x4eba94)
LDR: ! Imported function 'cellSpursEventFlagClear' in 'cellSpurs' module (0x4ebab4)
LDR: ! Imported function 'cellSpursDetachLv2EventQueue' in 'cellSpurs' module (0x4ebad4)
LDR: ! Imported function 'cellSpursCreateTaskset' in 'cellSpurs' module (0x4ebaf4)
LDR: ! Imported function '_cellSpursEventFlagInitialize' in 'cellSpurs' module (0x4ebb14)
LDR: ! Imported function 'cellSpursTasksetAttributeSetName' in 'cellSpurs' module (0x4ebb34)
LDR: ! Imported function 'cellSpursLFQueueDetachLv2EventQueue' in 'cellSpurs' module (0x4ebb54)
LDR: ! Imported function 'cellSpursEventFlagAttachLv2EventQueue' in 'cellSpurs' module (0x4ebb74)
LDR: ! Imported function '_cellSpursLFQueuePushBody' in 'cellSpurs' module (0x4ebb94)
LDR: ! Imported function '_cellSpursTaskAttribute2Initialize' in 'cellSpurs' module (0x4ebbb4)
LDR: ! Imported function '_cellSpursAttributeInitialize' in 'cellSpurs' module (0x4ebbd4)
LDR: ! Imported function 'cellSpursJoinTaskset' in 'cellSpurs' module (0x4ebbf4)
LDR: ! Imported function 'cellSpursShutdownTaskset' in 'cellSpurs' module (0x4ebc14)
LDR: ! Imported function 'cellSpursAttributeSetSpuThreadGroupType' in 'cellSpurs' module (0x4ebc34)
LDR: ! Imported function 'cellSpursAttachLv2EventQueue' in 'cellSpurs' module (0x4ebc54)
LDR: ! Imported function 'cellSpursCreateTask' in 'cellSpurs' module (0x4ebc74)
LDR: ! Imported function 'cellSpursCreateTasksetWithAttribute' in 'cellSpurs' module (0x4ebc94)
LDR: ! Imported function '_cellSpursTasksetAttribute2Initialize' in 'cellSpurs' module (0x4ebcb4)
LDR: ! Imported function 'cellSpursFinalize' in 'cellSpurs' module (0x4ebcd4)
LDR: ! Imported function '_cellSpursSendSignal' in 'cellSpurs' module (0x4ebcf4)
LDR: ! Imported function 'cellSpursCreateTask2' in 'cellSpurs' module (0x4ebd14)
LDR: ! Imported function 'cellSpursCreateTaskWithAttribute' in 'cellSpurs' module (0x4ec834)
LDR: ! Imported function 'cellSpursBarrierInitialize' in 'cellSpurs' module (0x4ec854)
LDR: ! Imported function 'cellSpursTaskGetContextSaveAreaSize' in 'cellSpurs' module (0x4ec874)
LDR: ! Imported function '_cellSpursTaskAttributeInitialize' in 'cellSpurs' module (0x4ec894)
LDR: ! Imported function 'cellSpursJobQueueAttributeSetDoBusyWaiting' in 'cellSpursJq' module (0x4ebd34)
LDR: ! Imported function 'cellSpursJobQueueAttributeSetSubmitWithEntryLock' in 'cellSpursJq' module (0x4ebd54)
LDR: ! Imported function 'cellSpursJobQueueAttributeSetMaxSizeJobDescriptor' in 'cellSpursJq' module (0x4ebd74)
LDR: ! Imported function 'cellSpursJobQueueAttributeInitialize' in 'cellSpursJq' module (0x4ebd94)
LDR: ! Imported function 'cellSpursJobQueueAttributeSetIsJobTypeMemoryCheck' in 'cellSpursJq' module (0x4ebdb4)
LDR: ! Imported function 'cellSpursShutdownJobQueue' in 'cellSpursJq' module (0x4ebdd4)
LDR: ! Imported function 'cellSpursJoinJobQueue' in 'cellSpursJq' module (0x4ebdf4)
LDR: ! Imported function '_cellSpursJobQueuePort2PushJobListBody' in 'cellSpursJq' module (0x4ebe14)
LDR: ! Imported function 'cellSpursJobQueuePort2Destroy' in 'cellSpursJq' module (0x4ebe34)
LDR: ! Imported function '_cellSpursJobQueuePort2PushJobBody' in 'cellSpursJq' module (0x4ebe54)
LDR: ! Imported function 'cellSpursJobQueueAttributeSetGrabParameters' in 'cellSpursJq' module (0x4ebe74)
LDR: ! Imported function 'cellSpursJobQueuePort2Create' in 'cellSpursJq' module (0x4ebe94)
LDR: ! Imported function '_cellSpursCreateJobQueue' in 'cellSpursJq' module (0x4ebeb4)
LDR: ! Imported function 'cellSpursJobQueuePort2Sync' in 'cellSpursJq' module (0x4ebed4)
LDR: ! Imported function 'cellSpursJobQueueAttributeSetIsHaltOnError' in 'cellSpursJq' module (0x4ebef4)
LDR: W Unknown module 'cellSync'
LDR: ! Imported function 'cellSyncLFQueueSize' in 'cellSync' module (0x4ebf14)
LDR: ! Imported function 'cellSysmoduleUnloadModule' in 'cellSysmodule' module (0x4ebf34)
LDR: ! Imported function 'cellSysmoduleLoadModule' in 'cellSysmodule' module (0x4ebf54)
LDR: ! Imported function 'cellSysmoduleIsLoaded' in 'cellSysmodule' module (0x4ebf74)
LDR: ! Imported function 'cellSysmoduleInitialize' in 'cellSysmodule' module (0x4ec8b4)
LDR: ! Imported function 'cellVideoOutConfigure' in 'cellSysutil' module (0x4ebf94)
LDR: ! Imported function 'cellSysutilCheckCallback' in 'cellSysutil' module (0x4ebfb4)
LDR: ! Imported function 'cellSysCacheMount' in 'cellSysutil' module (0x4ebfd4)
LDR: ! Imported function 'cellSysutilGetSystemParamInt' in 'cellSysutil' module (0x4ebff4)
LDR: ! Imported function 'cellAudioOutConfigure' in 'cellSysutil' module (0x4ec014)
LDR: ! Imported function 'cellSysCacheClear' in 'cellSysutil' module (0x4ec034)
LDR: ! Imported function 'cellMsgDialogOpen2' in 'cellSysutil' module (0x4ec054)
LDR: ! Imported function 'cellAudioOutGetDeviceInfo' in 'cellSysutil' module (0x4ec074)
LDR: ! Imported function 'cellVideoOutGetState' in 'cellSysutil' module (0x4ec094)
LDR: ! Imported function 'cellSaveDataAutoSave2' in 'cellSysutil' module (0x4ec0b4)
LDR: ! Imported function 'cellSysutilRegisterCallback' in 'cellSysutil' module (0x4ec0d4)
LDR: ! Imported function 'cellVideoOutGetResolutionAvailability' in 'cellSysutil' module (0x4ec0f4)
LDR: ! Imported function 'cellAudioOutGetSoundAvailability' in 'cellSysutil' module (0x4ec114)
LDR: ! Imported function 'cellVideoOutGetResolution' in 'cellSysutil' module (0x4ec134)
LDR: ! Imported function 'cellAudioOutGetNumberOfDevice' in 'cellSysutil' module (0x4ec154)
LDR: ! Imported function 'cellAudioOutGetConfiguration' in 'cellSysutil' module (0x4ec174)
LDR: ! Imported function 'cellAudioOutGetState' in 'cellSysutil' module (0x4ec194)
LDR: ! Imported function 'cellSaveDataAutoLoad2' in 'cellSysutil' module (0x4ec1b4)
LDR: W Unknown module 'cellSysutilAvconfExt'
LDR: ! Imported function 'cellVideoOutSetGamma' in 'cellSysutilAvconfExt' module (0x4ec1d4)
LDR: ! Imported function 'cellVideoOutGetScreenSize' in 'cellSysutilAvconfExt' module (0x4ec1f4)
LDR: ! Imported function 'sceNpTerm' in 'sceNp' module (0x4ec214)
LDR: ! Imported function 'sceNpDrmIsAvailable' in 'sceNp' module (0x4ec234)
LDR: ! Imported function 'sceNpInit' in 'sceNp' module (0x4ec254)
LDR: ! Imported function 'sceNpDrmIsAvailable2' in 'sceNp' module (0x4ec8d4)
LDR: ! Imported function 'sceNpTrophyRegisterContext' in 'sceNpTrophy' module (0x4ec274)
LDR: ! Imported function 'sceNpTrophyCreateHandle' in 'sceNpTrophy' module (0x4ec294)
LDR: ! Imported function 'sceNpTrophyGetRequiredDiskSpace' in 'sceNpTrophy' module (0x4ec2b4)
LDR: ! Imported function 'sceNpTrophyDestroyContext' in 'sceNpTrophy' module (0x4ec2d4)
LDR: ! Imported function 'sceNpTrophyInit' in 'sceNpTrophy' module (0x4ec2f4)
LDR: ! Imported function 'sceNpTrophyDestroyHandle' in 'sceNpTrophy' module (0x4ec314)
LDR: ! Imported function 'sceNpTrophyUnlockTrophy' in 'sceNpTrophy' module (0x4ec334)
LDR: ! Imported function 'sceNpTrophyTerm' in 'sceNpTrophy' module (0x4ec354)
LDR: ! Imported function 'sceNpTrophyCreateContext' in 'sceNpTrophy' module (0x4ec374)
LDR: ! Imported function 'cellGameGetParamString' in 'cellGame' module (0x4ec394)
LDR: ! Imported function 'cellGameContentPermit' in 'cellGame' module (0x4ec3b4)
LDR: ! Imported function 'cellGameContentErrorDialog' in 'cellGame' module (0x4ec3d4)
LDR: ! Imported function 'cellGameBootCheck' in 'cellGame' module (0x4ec3f4)
LDR: ! Imported function 'cellGcmGetTiledPitchSize' in 'cellGcmSys' module (0x4ec414)
LDR: ! Imported function 'cellGcmSetUserHandler' in 'cellGcmSys' module (0x4ec434)
LDR: ! Imported function 'cellGcmSetPrepareFlip' in 'cellGcmSys' module (0x4ec454)
LDR: ! Imported function 'cellGcmAddressToOffset' in 'cellGcmSys' module (0x4ec474)
LDR: ! Imported function 'cellGcmBindTile' in 'cellGcmSys' module (0x4ec494)
LDR: ! Imported function 'cellGcmSetFlipMode' in 'cellGcmSys' module (0x4ec4b4)
LDR: ! Imported function 'cellGcmBindZcull' in 'cellGcmSys' module (0x4ec4d4)
LDR: ! Imported function 'cellGcmSetFlipHandler' in 'cellGcmSys' module (0x4ec4f4)
LDR: ! Imported function 'cellGcmSetDisplayBuffer' in 'cellGcmSys' module (0x4ec514)
LDR: ! Imported function 'cellGcmUnbindZcull' in 'cellGcmSys' module (0x4ec534)
LDR: ! Imported function 'cellGcmSetVBlankHandler' in 'cellGcmSys' module (0x4ec554)
LDR: ! Imported function 'cellGcmSetFlipImmediate' in 'cellGcmSys' module (0x4ec574)
LDR: ! Imported function 'cellGcmSetTileInfo' in 'cellGcmSys' module (0x4ec594)
LDR: ! Imported function 'cellGcmUnbindTile' in 'cellGcmSys' module (0x4ec5b4)
LDR: ! Imported function 'cellGcmGetConfiguration' in 'cellGcmSys' module (0x4ec5d4)
LDR: ! Imported function 'cellGcmGetLabelAddress' in 'cellGcmSys' module (0x4ec5f4)
LDR: ! Imported function '_cellGcmInitBody' in 'cellGcmSys' module (0x4ec8f4)
LDR: ! Imported function '_cellGcmFunc15' in 'cellGcmSys' module (0x4ec914)
LDR: ! Imported function 'cellGcmGetDefaultCommandWordSize' in 'cellGcmSys' module (0x4ec934)
LDR: ! Imported function 'cellGcmGetDefaultSegmentWordSize' in 'cellGcmSys' module (0x4ec954)
LDR: ! Imported function 'cellGcmSetDefaultFifoSize' in 'cellGcmSys' module (0x4ec974)
LDR: ! Imported function 'cellGcmGetControlRegister' in 'cellGcmSys' module (0x4ec994)
LDR: ! Imported function 'cellAudioInit' in 'cellAudio' module (0x4ec614)
LDR: ! Imported function 'cellAudioPortStop' in 'cellAudio' module (0x4ec634)
LDR: ! Imported function 'cellAudioGetPortConfig' in 'cellAudio' module (0x4ec654)
LDR: ! Imported function 'cellAudioPortStart' in 'cellAudio' module (0x4ec674)
LDR: ! Imported function 'cellAudioQuit' in 'cellAudio' module (0x4ec694)
LDR: ! Imported function 'cellAudioPortOpen' in 'cellAudio' module (0x4ec6b4)
LDR: ! Imported function 'sys_lwmutex_lock' in 'sysPrxForUser' module (0x4ec9b4)
LDR: ! Imported function 'sys_lwmutex_unlock' in 'sysPrxForUser' module (0x4ec9d4)
LDR: ! Imported function 'sys_lwcond_destroy' in 'sysPrxForUser' module (0x4ec9f4)
LDR: ! Imported function 'sys_ppu_thread_create' in 'sysPrxForUser' module (0x4eca14)
LDR: ! Imported function 'sys_prx_load_module' in 'sysPrxForUser' module (0x4eca34)
LDR: ! Imported function 'sys_lwcond_wait' in 'sysPrxForUser' module (0x4eca54)
LDR: ! Imported function '_sys_process_atexitspawn' in 'sysPrxForUser' module (0x4eca74)
LDR: ! Imported function 'sys_lwmutex_create' in 'sysPrxForUser' module (0x4eca94)
LDR: ! Imported function 'sys_ppu_thread_get_id' in 'sysPrxForUser' module (0x4ecab4)
LDR: ! Imported function 'sys_prx_register_library' in 'sysPrxForUser' module (0x4ecad4)
LDR: ! Imported function '_sys_spu_printf_initialize' in 'sysPrxForUser' module (0x4ecaf4)
LDR: ! Imported function 'sys_process_is_stack' in 'sysPrxForUser' module (0x4ecb14)
LDR: ! Imported function 'sys_initialize_tls' in 'sysPrxForUser' module (0x4ecb34)
LDR: ! Imported function 'sys_time_get_system_time' in 'sysPrxForUser' module (0x4ecb54)
LDR: ! Imported function '_sys_process_at_Exitspawn' in 'sysPrxForUser' module (0x4ecb74)
LDR: ! Imported function 'sys_prx_exitspawn_with_level' in 'sysPrxForUser' module (0x4ecb94)
LDR: E Unimplemented function 'sys_prx_load_module_on_memcontainer_by_fd' in 'sysPrxForUser' module (0x4ecbb4)
LDR: ! Imported function 'sys_ppu_thread_once' in 'sysPrxForUser' module (0x4ecbd4)
LDR: ! Imported function 'sys_prx_load_module_on_memcontainer' in 'sysPrxForUser' module (0x4ecbf4)
LDR: ! Imported function 'sys_lwmutex_trylock' in 'sysPrxForUser' module (0x4ecc14)
LDR: ! Imported function 'sys_ppu_thread_exit' in 'sysPrxForUser' module (0x4ecc34)
LDR: ! Imported function 'sys_lwmutex_destroy' in 'sysPrxForUser' module (0x4ecc54)
LDR: ! Imported function 'sys_lwcond_create' in 'sysPrxForUser' module (0x4ecc74)
LDR: ! Imported function '_sys_spu_printf_finalize' in 'sysPrxForUser' module (0x4ecc94)
LDR: ! Imported function 'sys_spu_image_close' in 'sysPrxForUser' module (0x4eccb4)
LDR: ! Imported function 'sys_process_exit' in 'sysPrxForUser' module (0x4eccd4)
LDR: ! Imported function 'sys_lwcond_signal_all' in 'sysPrxForUser' module (0x4eccf4)
LDR: E Unimplemented function 'sys_prx_load_module_by_fd' in 'sysPrxForUser' module (0x4ecd14)
LDR: ! Imported function 'sys_lwcond_signal' in 'sysPrxForUser' module (0x4ecd34)
HLE: ! sysPrxForUser: Thread Local Storage initialized (g_tls_start=0x1f54000, user_size=0x238)
*** TLS segment addr: 0x00739c50
*** TLS segment size: 0x00000004
LDR: E 'BreakPoints.dat' is broken (version=0xdae0, break_count=0x0, marked_count=0x93173968, length=0x6)
HLE: W {PPU[0x1] Thread (main_thread)[0x004eca94]} sysPrxForUser: sys_lwmutex_create(lwmutex=*0x16f54b0, attr=*0x4f5d18)
HLE: W {PPU[0x1] Thread (main_thread)[0x0044ffc8]} sys_memory: sys_memory_get_user_memory_size(mem_info_addr=0xd000fc04)
HLE: W {PPU[0x1] Thread (main_thread)[0x004eca94]} sysPrxForUser: sys_lwmutex_create(lwmutex=*0x16f52b8, attr=*0x4f5d18)
HLE: W {PPU[0x1] Thread (main_thread)[0x004eca94]} sysPrxForUser: sys_lwmutex_create(lwmutex=*0x16f4608, attr=*0x4f5d18)
HLE: W {PPU[0x1] Thread (main_thread)[0x004eca94]} sysPrxForUser: sys_lwmutex_create(lwmutex=*0x16f4630, attr=*0x4f5d18)
HLE: W {PPU[0x1] Thread (main_thread)[0x004eca94]} sysPrxForUser: sys_lwmutex_create(lwmutex=*0x16f4658, attr=*0x4f5d18)
HLE: W {PPU[0x1] Thread (main_thread)[0x004eca94]} sysPrxForUser: sys_lwmutex_create(lwmutex=*0x16f4540, attr=*0x4f5d18)
HLE: W {PPU[0x1] Thread (main_thread)[0x004eca94]} sysPrxForUser: sys_lwmutex_create(lwmutex=*0x16f4568, attr=*0x4f5d18)
HLE: W {PPU[0x1] Thread (main_thread)[0x004eca94]} sysPrxForUser: sys_lwmutex_create(lwmutex=*0x16f4590, attr=*0x4f5d18)
HLE: W {PPU[0x1] Thread (main_thread)[0x004eca94]} sysPrxForUser: sys_lwmutex_create(lwmutex=*0x16f45b8, attr=*0x4f5d18)
HLE: W {PPU[0x1] Thread (main_thread)[0x004eca94]} sysPrxForUser: sys_lwmutex_create(lwmutex=*0x16f45e0, attr=*0x4f5d18)
HLE: W {PPU[0x1] Thread (main_thread)[0x004eca94]} sysPrxForUser: sys_lwmutex_create(lwmutex=*0x20000020, attr=*0x4f5d18)
HLE: W {PPU[0x1] Thread (main_thread)[0x004eca94]} sysPrxForUser: sys_lwmutex_create(lwmutex=*0x200000a0, attr=*0x4f5d18)
HLE: W {PPU[0x1] Thread (main_thread)[0x004eca94]} sysPrxForUser: sys_lwmutex_create(lwmutex=*0x20000130, attr=*0x4f5d18)
HLE: W {PPU[0x1] Thread (main_thread)[0x004eca94]} sysPrxForUser: sys_lwmutex_create(lwmutex=*0x20000190, attr=*0x4f5d18)
HLE: W {PPU[0x1] Thread (main_thread)[0x004eca94]} sysPrxForUser: sys_lwmutex_create(lwmutex=*0x200001d0, attr=*0x4f5d18)
HLE: W {PPU[0x1] Thread (main_thread)[0x004eca94]} sysPrxForUser: sys_lwmutex_create(lwmutex=*0x20000210, attr=*0x4f5d18)
HLE: W {PPU[0x1] Thread (main_thread)[0x004eca94]} sysPrxForUser: sys_lwmutex_create(lwmutex=*0x200002d0, attr=*0x4f5d18)
HLE: W {PPU[0x1] Thread (main_thread)[0x004eca94]} sysPrxForUser: sys_lwmutex_create(lwmutex=*0x20000300, attr=*0x4f5d18)
HLE: W {PPU[0x1] Thread (main_thread)[0x004eca94]} sysPrxForUser: sys_lwmutex_create(lwmutex=*0x20000330, attr=*0x4f5d18)
HLE: W {PPU[0x1] Thread (main_thread)[0x004eca94]} sysPrxForUser: sys_lwmutex_create(lwmutex=*0x20000360, attr=*0x4f5d18)
HLE: W {PPU[0x1] Thread (main_thread)[0x004eca94]} sysPrxForUser: sys_lwmutex_create(lwmutex=*0x20000390, attr=*0x4f5d18)
HLE: W {PPU[0x1] Thread (main_thread)[0x004eca94]} sysPrxForUser: sys_lwmutex_create(lwmutex=*0x200003c0, attr=*0x4f5d18)
HLE: W {PPU[0x1] Thread (main_thread)[0x0043f490]} sys_time: sys_time_get_timezone(timezone_addr=0xd000fb20, summertime_addr=0xd000fb24)
HLE: W {PPU[0x1] Thread (main_thread)[0x0043f490]} cellSysutil: cellSysutilGetSystemParamInt: CELL_SYSUTIL_SYSTEMPARAM_ID_TIMEZONE
HLE: W {PPU[0x1] Thread (main_thread)[0x0043f490]} cellSysutil: cellSysutilGetSystemParamInt: CELL_SYSUTIL_SYSTEMPARAM_ID_SUMMERTIME
HLE: W {PPU[0x1] Thread (main_thread)[0x00446750]} sys_time: sys_time_get_timezone(timezone_addr=0xd000fa70, summertime_addr=0xd000fa74)
HLE: W {PPU[0x1] Thread (main_thread)[0x00446750]} cellSysutil: cellSysutilGetSystemParamInt: CELL_SYSUTIL_SYSTEMPARAM_ID_TIMEZONE
HLE: W {PPU[0x1] Thread (main_thread)[0x00446750]} cellSysutil: cellSysutilGetSystemParamInt: CELL_SYSUTIL_SYSTEMPARAM_ID_SUMMERTIME
HLE: W {PPU[0x1] Thread (main_thread)[0x00440f00]} sys_time: sys_time_get_timezone(timezone_addr=0xd000fb20, summertime_addr=0xd000fb24)
HLE: W {PPU[0x1] Thread (main_thread)[0x00440f00]} cellSysutil: cellSysutilGetSystemParamInt: CELL_SYSUTIL_SYSTEMPARAM_ID_TIMEZONE
HLE: W {PPU[0x1] Thread (main_thread)[0x00440f00]} cellSysutil: cellSysutilGetSystemParamInt: CELL_SYSUTIL_SYSTEMPARAM_ID_SUMMERTIME
HLE: W {PPU[0x1] Thread (main_thread)[0x00446750]} sys_time: sys_time_get_timezone(timezone_addr=0xd000fa70, summertime_addr=0xd000fa74)
HLE: W {PPU[0x1] Thread (main_thread)[0x00446750]} cellSysutil: cellSysutilGetSystemParamInt: CELL_SYSUTIL_SYSTEMPARAM_ID_TIMEZONE
HLE: W {PPU[0x1] Thread (main_thread)[0x00446750]} cellSysutil: cellSysutilGetSystemParamInt: CELL_SYSUTIL_SYSTEMPARAM_ID_SUMMERTIME
HLE: W {PPU[0x1] Thread (main_thread)[0x0043f434]} sys_time: sys_time_get_timezone(timezone_addr=0xd000fb20, summertime_addr=0xd000fb24)
HLE: W {PPU[0x1] Thread (main_thread)[0x0043f434]} cellSysutil: cellSysutilGetSystemParamInt: CELL_SYSUTIL_SYSTEMPARAM_ID_TIMEZONE
HLE: W {PPU[0x1] Thread (main_thread)[0x0043f434]} cellSysutil: cellSysutilGetSystemParamInt: CELL_SYSUTIL_SYSTEMPARAM_ID_SUMMERTIME
HLE: W {PPU[0x1] Thread (main_thread)[0x00440f00]} sys_time: sys_time_get_timezone(timezone_addr=0xd000fb20, summertime_addr=0xd000fb24)
HLE: W {PPU[0x1] Thread (main_thread)[0x00440f00]} cellSysutil: cellSysutilGetSystemParamInt: CELL_SYSUTIL_SYSTEMPARAM_ID_TIMEZONE
HLE: W {PPU[0x1] Thread (main_thread)[0x00440f00]} cellSysutil: cellSysutilGetSystemParamInt: CELL_SYSUTIL_SYSTEMPARAM_ID_SUMMERTIME
HLE: W {PPU[0x1] Thread (main_thread)[0x004eca94]} sysPrxForUser: sys_lwmutex_create(lwmutex=*0x16f40b8, attr=*0xd000fb50)
HLE: W {PPU[0x1] Thread (main_thread)[0x004ec0d4]} cellSysutil: cellSysutilRegisterCallback(slot=0, func_addr=0x723a70, userdata=0x0)
HLE: W {PPU[0x1] Thread (main_thread)[0x004ebf54]} cellSysmodule: cellSysmoduleLoadModule(id=0x0043: CELL_SYSMODULE_FIBER)
HLE: W {PPU[0x1] Thread (main_thread)[0x004ebf54]} cellSysmodule: cellSysmoduleLoadModule(id=0x0011: CELL_SYSMODULE_AUDIO)
HLE: W {PPU[0x1] Thread (main_thread)[0x004ebf54]} cellSysmodule: cellSysmoduleLoadModule(id=0x000e: CELL_SYSMODULE_FS)
HLE: W {PPU[0x1] Thread (main_thread)[0x004ebf54]} cellSysmodule: cellSysmoduleLoadModule(id=0x000a: CELL_SYSMODULE_SPURS)
HLE: W {PPU[0x1] Thread (main_thread)[0x004ebf54]} cellSysmodule: cellSysmoduleLoadModule(id=0x0010: CELL_SYSMODULE_GCM_SYS)
HLE: W {PPU[0x1] Thread (main_thread)[0x004ebf54]} cellSysmodule: cellSysmoduleLoadModule(id=0x0017: CELL_SYSMODULE_IO)
HLE: W {PPU[0x1] Thread (main_thread)[0x004ebf54]} cellSysmodule: cellSysmoduleLoadModule(id=0x0009: CELL_SYSMODULE_RTC)
HLE: W {PPU[0x1] Thread (main_thread)[0x004ebf54]} cellSysmodule: cellSysmoduleLoadModule(id=0x0016: CELL_SYSMODULE_SYSUTIL_NP)
HLE: W {PPU[0x1] Thread (main_thread)[0x004ebf54]} cellSysmodule: cellSysmoduleLoadModule(id=0xf035: CELL_SYSMODULE_SYSUTIL_NP_TROPHY)
HLE: W {PPU[0x1] Thread (main_thread)[0x004ebf54]} cellSysmodule: cellSysmoduleLoadModule(id=0x0024: CELL_SYSMODULE_VDEC_MPEG2)
HLE: W {PPU[0x1] Thread (main_thread)[0x004ebf54]} cellSysmodule: cellSysmoduleLoadModule(id=0x0031: CELL_SYSMODULE_AVCONF_EXT)
HLE: W {PPU[0x1] Thread (main_thread)[0x004ec254]} sceNp: sceNpInit(mem_size=0x20000, mem_addr=0x20000e80)
HLE: W {PPU[0x1] Thread (main_thread)[0x003108dc]} sys_memory: sys_memory_container_create(cid_addr=0x20000e70, yield_size=0x100000)
HLE: W {PPU[0x1] Thread (main_thread)[0x003108dc]} sys_memory: *** memory_container created(addr=0xffffffff20100000): id = 26
HLE: W {PPU[0x1] Thread (main_thread)[0x004ebf54]} cellSysmodule: cellSysmoduleLoadModule(id=0x003e: CELL_SYSMODULE_SYSUTIL_GAME)
HLE: W {PPU[0x1] Thread (main_thread)[0x004ec3f4]} cellGame: cellGameBootCheck(type=*0xd000f8d0, attributes=*0xd000f8d4, size=*0xd000f8d8, dirName=*0xd000f8e8)
HLE: W {PPU[0x1] Thread (main_thread)[0x004ec394]} cellGame: cellGameGetParamString(id=100, buf=*0xd000f8e8, bufsize=10)
HLE: W {PPU[0x1] Thread (main_thread)[0x004ec3b4]} cellGame: cellGameContentPermit(contentInfoPath=*0xd000f8e8, usrdirPath=*0x758c80)
HLE: W {PPU[0x1] Thread (main_thread)[0x004ec3b4]} cellGame: cellGameContentPermit(): path_set=1, contentInfo='/dev_hdd0/game/NPEA00280', usrdir='/dev_hdd0/game/NPEA00280/USRDIR'
HLE: W {PPU[0x1] Thread (main_thread)[0x004ebf34]} cellSysmodule: cellSysmoduleUnloadModule(id=0x003e: CELL_SYSMODULE_SYSUTIL_GAME)
HLE: W {PPU[0x1] Thread (main_thread)[0x004ebff4]} cellSysutil: cellSysutilGetSystemParamInt: CELL_SYSUTIL_SYSTEMPARAM_ID_LANG
HLE: W {PPU[0x1] Thread (main_thread)[0x0019ca98]} sys_event: sys_event_port_create(eport_id=*0x154c91c, port_type=1, name=0x0)
HLE: W {PPU[0x1] Thread (main_thread)[0x0019cac4]} sys_event: sys_event_queue_create(equeue_id=*0x154c920, attr=*0xd000f990, event_queue_key=0x0, size=32)
HLE: W {PPU[0x1] Thread (main_thread)[0x0019cad4]} sys_event: sys_event_port_connect_local(eport_id=0x1b, equeue_id=0x1c)
HLE: W {PPU[0x1] Thread (main_thread)[0x004eca14]} sysPrxForUser: sys_ppu_thread_create(thread_id=*0x154c928, entry=0x71ce58, arg=0x0, prio=1001, stacksize=0x8000, flags=0x1, threadname=*0x6be940)
HLE: W {PPU[0x1] Thread (main_thread)[0x004eca14]} sys_ppu_thread: _sys_ppu_thread_create(thread_id=*0x154c928, param=*0xd000f918, arg=0x0, unk=0x0, prio=1001, stacksize=0x8000, flags=0x1, threadname=*0x6be940)
HLE: W {PPU[0x1] Thread (main_thread)[0x004eca14]} sys_ppu_thread: sys_ppu_thread_start(thread_id=0x1d)
HLE: W {PPU[0x1d] Thread (BPETrophyInitThread)[0x004ebf54]} cellSysmodule: cellSysmoduleLoadModule(id=0xf035: CELL_SYSMODULE_SYSUTIL_NP_TROPHY)
HLE: W {PPU[0x1d] Thread (BPETrophyInitThread)[0x004ec374]} sceNpTrophy: sceNpTrophyCreateContext(context_addr=0x154c930, commID_addr=0x4ee410, commSign_addr=0x4ee41c, options=0x0)
HLE: W {PPU[0x1] Thread (main_thread)[0x0030ee34]} sys_spu: sys_spu_initialize(max_usable_spu=6, max_raw_spu=0)
HLE: W {PPU[0x1] Thread (main_thread)[0x004ecbd4]} sysPrxForUser: sys_ppu_thread_once(once_ctrl=*0x16f4ab4, init=*0x72c470)
HLE: W {PPU[0x1] Thread (main_thread)[0x004eca94]} sysPrxForUser: sys_lwmutex_create(lwmutex=*0x16f4680, attr=*0xd000f660)
HLE: W {PPU[0x1] Thread (main_thread)[0x0044a04c]} sys_event: sys_event_queue_create(equeue_id=*0x16f469c, attr=*0xd000f750, event_queue_key=0x0, size=127)
HLE: W {PPU[0x1] Thread (main_thread)[0x0044a070]} sys_event: sys_event_port_create(eport_id=*0x16f46a0, port_type=1, name=0xffffffff0000dead)
HLE: W {PPU[0x1] Thread (main_thread)[0x0044a08c]} sys_event: sys_event_port_connect_local(eport_id=0x20, equeue_id=0x1f)
HLE: W {PPU[0x1] Thread (main_thread)[0x004eca14]} sysPrxForUser: sys_ppu_thread_create(thread_id=*0x16f46a8, entry=0x72c468, arg=0x0, prio=10, stacksize=0x1000, flags=0x1, threadname=*0x6cbee0)
HLE: W {PPU[0x1] Thread (main_thread)[0x004eca14]} sys_ppu_thread: _sys_ppu_thread_create(thread_id=*0x16f46a8, param=*0xd000f6d8, arg=0x0, unk=0x0, prio=10, stacksize=0x1000, flags=0x1, threadname=*0x6cbee0)
HLE: W {PPU[0x1] Thread (main_thread)[0x004eca14]} sys_ppu_thread: sys_ppu_thread_start(thread_id=0x21)
HLE: W {PPU[0x1] Thread (main_thread)[0x004ecaf4]} sysPrxForUser: _sys_spu_printf_initialize(agcb=*0x72c450, dgcb=*0x72c448, atcb=*0x72c440, dtcb=*0x72c438)
HLE: W {PPU[0x1] Thread (main_thread)[0x004ebbd4]} cellSpurs: _cellSpursAttributeInitialize(attr_addr=0xd000f810, revision=2, sdkVersion=0x330000, nSpus=5, spuPriority=100, ppuPriority=10, exitIfNoWork=0)
HLE: W {PPU[0x1] Thread (main_thread)[0x004ebc34]} cellSpurs: cellSpursAttributeSetSpuThreadGroupType(attr_addr=0xd000f810, type=24)
HLE: W {PPU[0x1] Thread (main_thread)[0x004eb9b4]} cellSpurs: cellSpursAttributeSetNamePrefix(attr_addr=0xd000f810, prefix_addr=0xd000f800, size=8)
HLE: W {PPU[0x1] Thread (main_thread)[0x004eb9d4]} cellSpurs: cellSpursAttributeEnableSpuPrintfIfAvailable(attr_addr=0xd000f810)
HLE: W {PPU[0x1] Thread (main_thread)[0x004eba54]} cellSpurs: cellSpursInitializeWithAttribute2(spurs_addr=0x20020f00, attr_addr=0xd000f810)
HLE: E {PPU[0x1d] Thread (BPETrophyInitThread)[0x004ec294]} sceNpTrophy TODO: sceNpTrophyCreateHandle(handle_addr=0x154c934)
HLE: W {PPU[0x1d] Thread (BPETrophyInitThread)[0x004ec2b4]} sceNpTrophy: sceNpTrophyGetRequiredDiskSpace(context=0x1, handle=0x0, reqspace_addr=0x154c910, options=0x0)
HLE: E {PPU[0x1] Thread (main_thread)[0x004eba54]} sys_spu TODO: Unsupported SPU Thread Group type (0x18)
HLE: E {PPU[0x1] Thread (main_thread)[0x004eba54]} sys_spu TODO: Unsupported SPU Thread options (0x2)
HLE: W {PPU[0x1d] Thread (BPETrophyInitThread)[0x004eca14]} sysPrxForUser: sys_ppu_thread_create(thread_id=*0xd0027d10, entry=0x71cc98, arg=0x154146c, prio=1001, stacksize=0x4000, flags=0x0, threadname=*0x6be7e0)
HLE: W {PPU[0x1d] Thread (BPETrophyInitThread)[0x004eca14]} sys_ppu_thread: _sys_ppu_thread_create(thread_id=*0xd0027d10, param=*0xd0027c98, arg=0x154146c, unk=0x0, prio=1001, stacksize=0x4000, flags=0x0, threadname=*0x6be7e0)
HLE: E {PPU[0x1] Thread (main_thread)[0x004eba54]} sys_spu TODO: Unsupported SPU Thread options (0x2)
HLE: W {PPU[0x1d] Thread (BPETrophyInitThread)[0x004eca14]} sys_ppu_thread: sys_ppu_thread_start(thread_id=0x45)
HLE: E {PPU[0x1] Thread (main_thread)[0x004eba54]} sys_spu TODO: Unsupported SPU Thread options (0x2)
HLE: W {PPU[0x45] Thread (AUTO_LOAD)[0x004ec1b4]} cellSysutil: cellSaveDataAutoLoad2(version=0, dirName=*0x15414c0, errDialog=0, setBuf=*0xd002fce0, funcStat=*0x71cc58, funcFile=*0x0, container=0xffffffff, userdata=*0x0)
G: W {PPU[0x45] Thread (AUTO_LOAD)[0x004ec1b4]} fs::file::open('D:/Emulateurs/Rpcs3/dev_hdd0/home/00000001/savedata/BCES01097_ICO/PARAM.SFO', 0x1) failed: error 0x3
HLE: E {PPU[0x1] Thread (main_thread)[0x004eba54]} sys_spu TODO: Unsupported SPU Thread options (0x2)
HLE: E {PPU[0x1] Thread (main_thread)[0x004eba54]} sys_spu TODO: Unsupported SPU Thread options (0x2)
HLE: W {PPU[0x1] Thread (main_thread)[0x00449c58]} sys_spu: sys_spu_thread_group_connect_event_all_threads(id=0x43, eq=0x1f, req=0x2, spup=*0xd000f6f0)
HLE: W {PPU[0x1] Thread (main_thread)[0x004eba54]} sys_spu: sys_spu_thread_group_connect_event_all_threads(id=0x43, eq=0x4c, req=0xffffffffffff0000, spup=*0x20020fc9)
HLE: W {PPU[0x1] Thread (main_thread)[0x004eba54]} sys_event: sys_event_port_connect_local(eport_id=0x4d, equeue_id=0x4c)
HLE: W {PPU[0x4e] Thread (BP_Main)[0x00000000]} sys_spu: sys_spu_thread_group_start(id=0x43)
HLE: W {PPU[0x1] Thread (main_thread)[0x004eba54]} sys_spu: sys_spu_thread_group_connect_event(id=0x43, eq=0x4c, et=2)
HLE: W {PPU[0x4e] Thread (BP_Main)[0x00000000]} sys_spu: sys_spu_thread_group_join(id=0x43, cause=*0x0, status=*0x0)
HLE: W {PPU[0x1] Thread (main_thread)[0x004ebbd4]} cellSpurs: _cellSpursAttributeInitialize(attr_addr=0xd000f810, revision=2, sdkVersion=0x330000, nSpus=1, spuPriority=100, ppuPriority=10, exitIfNoWork=0)
HLE: W {PPU[0x1] Thread (main_thread)[0x004eb9b4]} cellSpurs: cellSpursAttributeSetNamePrefix(attr_addr=0xd000f810, prefix_addr=0xd000f800, size=10)
HLE: W {PPU[0x1] Thread (main_thread)[0x004eb9d4]} cellSpurs: cellSpursAttributeEnableSpuPrintfIfAvailable(attr_addr=0xd000f810)
HLE: W {PPU[0x1] Thread (main_thread)[0x004eba54]} cellSpurs: cellSpursInitializeWithAttribute2(spurs_addr=0x20022f80, attr_addr=0xd000f810)
HLE: E {PPU[0x1] Thread (main_thread)[0x004eba54]} sys_spu TODO: Unsupported SPU Thread options (0x2)
HLE: W {PPU[0x1] Thread (main_thread)[0x00449c58]} sys_spu: sys_spu_thread_group_connect_event_all_threads(id=0x71, eq=0x1f, req=0x2, spup=*0xd000f6f0)
HLE: W {PPU[0x1] Thread (main_thread)[0x004eba54]} sys_spu: sys_spu_thread_group_connect_event_all_threads(id=0x71, eq=0x75, req=0xffffffffffff0000, spup=*0x20023049)
HLE: W {PPU[0x1] Thread (main_thread)[0x004eba54]} sys_event: sys_event_port_connect_local(eport_id=0x76, equeue_id=0x75)
HLE: W {PPU[0x77] Thread (BP_System)[0x00000000]} sys_spu: sys_spu_thread_group_start(id=0x71)
HLE: W {PPU[0x1] Thread (main_thread)[0x004eba54]} sys_spu: sys_spu_thread_group_connect_event(id=0x71, eq=0x75, et=2)
HLE: W {PPU[0x77] Thread (BP_System)[0x00000000]} sys_spu: sys_spu_thread_group_join(id=0x71, cause=*0x0, status=*0x0)
HLE: W {PPU[0x1] Thread (main_thread)[0x004eb914]} cellFs: cellFsAioInit(mount_point=*0x758d00)
HLE: W {PPU[0x1] Thread (main_thread)[0x004eb914]} cellFs: *** mount_point = '/dev_hdd0/game/NPEA00280/USRDIR/SHADOW/'
HLE: W {PPU[0x1] Thread (main_thread)[0x004ebf54]} cellSysmodule: cellSysmoduleLoadModule(id=0x0050: CELL_SYSMODULE_SPURS_JQ)
HLE: E {PPU[0x1] Thread (main_thread)[0x004ebd94]} cellSpursJq error: cellSpursJobQueueAttributeInitialize
HLE: E {PPU[0x1] Thread (main_thread)[0x004ebe74]} cellSpursJq error: cellSpursJobQueueAttributeSetGrabParameters
HLE: E {PPU[0x1] Thread (main_thread)[0x004ebd74]} cellSpursJq error: cellSpursJobQueueAttributeSetMaxSizeJobDescriptor
HLE: E {PPU[0x1] Thread (main_thread)[0x004ebd54]} cellSpursJq error: cellSpursJobQueueAttributeSetSubmitWithEntryLock
HLE: E {PPU[0x1] Thread (main_thread)[0x004ebd34]} cellSpursJq error: cellSpursJobQueueAttributeSetDoBusyWaiting
HLE: E {PPU[0x1] Thread (main_thread)[0x004ebef4]} cellSpursJq error: cellSpursJobQueueAttributeSetIsHaltOnError
HLE: E {PPU[0x1] Thread (main_thread)[0x004ebdb4]} cellSpursJq error: cellSpursJobQueueAttributeSetIsJobTypeMemoryCheck
HLE: E {PPU[0x1] Thread (main_thread)[0x004ebeb4]} cellSpursJq error: _cellSpursCreateJobQueue
HLE: E {PPU[0x1] Thread (main_thread)[0x004ebe94]} cellSpursJq error: cellSpursJobQueuePort2Create
HLE: W {PPU[0x1] Thread (main_thread)[0x004ebcb4]} cellSpurs: _cellSpursTasksetAttribute2Initialize(attribute_addr=0xd000f6c0, revision=0)
HLE: W {PPU[0x1] Thread (main_thread)[0x004eba94]} cellSpurs: cellSpursCreateTaskset2(spurs=0x20020f00, taskset=0x20027100, attr=0xd000f6c0)
HLE: W {PPU[0x1] Thread (main_thread)[0x004eba94]} cellSpurs: _cellSpursWorkloadAttributeInitialize(attr_addr=0x20400000, revision=1, sdkVersion=0x33, pm_addr=0x200, size=0x1e40, data=0x20027100, priorityTable_addr=0xd000f6d0, minContention=0x8, maxContention=0x1)
HLE: W {PPU[0x1] Thread (main_thread)[0x004eba94]} cellSpurs: cellSpursWorkloadAttributeSetName(attr_addr=0x20400000, nameClass_addr=0x0, nameInstance_addr=0x6c46d8)
HLE: W {PPU[0x1] Thread (main_thread)[0x004eba94]} cellSpurs: cellSpursAddWorkloadWithAttribute(spurs_addr=0x20020f00, wid_addr=0x20401000, attr_addr=0x20400000)
HLE: E {PPU[0x1] Thread (main_thread)[0x004eb994]} cellSpurs error: _cellSpursLFQueueInitialize
HLE: E {PPU[0x1] Thread (main_thread)[0x004eba14]} cellSpurs error: cellSpursLFQueueAttachLv2EventQueue
HLE: W {PPU[0x1] Thread (main_thread)[0x004ebbb4]} cellSpurs: _cellSpursTaskAttribute2Initialize(attribute_addr=0xd000f5c0, revision=0)
HLE: E {PPU[0x1] Thread (main_thread)[0x004ebd14]} cellSpurs error: cellSpursCreateTask2
G: E {PPU[0x45] Thread (AUTO_LOAD)[0x004ec1b4]} Exception: Access violation reading location 0x0
G: E {PPU[0x45] Thread (AUTO_LOAD)[0x004ec1b4]} Information: is_alive=1, m_last_syscall=0xfbd5c856 (cellSaveDataAutoLoad2)
G: W {PPU[0x45] Thread (AUTO_LOAD)[0x004ec1b4]} Registers:
=========
GPR[0] = 0x705000
GPR[1] = 0xd002f9c0
GPR[2] = 0x735ca8
GPR[3] = 0xd002f9a8
GPR[4] = 0xd002f300
GPR[5] = 0xd002f2f0
GPR[6] = 0xd002fce0
GPR[7] = 0x71cc58
GPR[8] = 0x0
GPR[9] = 0x0
GPR[10] = 0x0
GPR[11] = 0x0
GPR[12] = 0xd002fcd0
GPR[13] = 0x1f5b9d0
GPR[14] = 0x0
GPR[15] = 0x0
GPR[16] = 0x0
GPR[17] = 0x0
GPR[18] = 0x0
GPR[19] = 0x0
GPR[20] = 0x0
GPR[21] = 0x0
GPR[22] = 0x0
GPR[23] = 0x0
GPR[24] = 0x0
GPR[25] = 0x0
GPR[26] = 0x0
GPR[27] = 0x154146c
GPR[28] = 0x0
GPR[29] = 0xd002fa30
GPR[30] = 0x1541468
GPR[31] = 0xd002fc70
FPR[0] = 0
FPR[1] = 0
FPR[2] = 0
FPR[3] = 0
FPR[4] = 0
FPR[5] = 0
FPR[6] = 0
FPR[7] = 0
FPR[8] = 0
FPR[9] = 0
FPR[10] = 0
FPR[11] = 0
FPR[12] = 0
FPR[13] = 0
FPR[14] = 0
FPR[15] = 0
FPR[16] = 0
FPR[17] = 0
FPR[18] = 0
FPR[19] = 0
FPR[20] = 0
FPR[21] = 0
FPR[22] = 0
FPR[23] = 0
FPR[24] = 0
FPR[25] = 0
FPR[26] = 0
FPR[27] = 0
FPR[28] = 0
FPR[29] = 0
FPR[30] = 0
FPR[31] = 0
VPR[0] = 0x00000000000000000000000000000000 [x: 0 y: 0 z: 0 w: 0]
VPR[1] = 0x00000000000000000000000000000000 [x: 0 y: 0 z: 0 w: 0]
VPR[2] = 0x00000000000000000000000000000000 [x: 0 y: 0 z: 0 w: 0]
VPR[3] = 0x00000000000000000000000000000000 [x: 0 y: 0 z: 0 w: 0]
VPR[4] = 0x00000000000000000000000000000000 [x: 0 y: 0 z: 0 w: 0]
VPR[5] = 0x00000000000000000000000000000000 [x: 0 y: 0 z: 0 w: 0]
VPR[6] = 0x00000000000000000000000000000000 [x: 0 y: 0 z: 0 w: 0]
VPR[7] = 0x00000000000000000000000000000000 [x: 0 y: 0 z: 0 w: 0]
VPR[8] = 0x00000000000000000000000000000000 [x: 0 y: 0 z: 0 w: 0]
VPR[9] = 0x00000000000000000000000000000000 [x: 0 y: 0 z: 0 w: 0]
VPR[10] = 0x00000000000000000000000000000000 [x: 0 y: 0 z: 0 w: 0]
VPR[11] = 0x00000000000000000000000000000000 [x: 0 y: 0 z: 0 w: 0]
VPR[12] = 0x00000000000000000000000000000000 [x: 0 y: 0 z: 0 w: 0]
VPR[13] = 0x00000000000000000000000000000000 [x: 0 y: 0 z: 0 w: 0]
VPR[14] = 0x00000000000000000000000000000000 [x: 0 y: 0 z: 0 w: 0]
VPR[15] = 0x00000000000000000000000000000000 [x: 0 y: 0 z: 0 w: 0]
VPR[16] = 0x00000000000000000000000000000000 [x: 0 y: 0 z: 0 w: 0]
VPR[17] = 0x00000000000000000000000000000000 [x: 0 y: 0 z: 0 w: 0]
VPR[18] = 0x00000000000000000000000000000000 [x: 0 y: 0 z: 0 w: 0]
VPR[19] = 0x00000000000000000000000000000000 [x: 0 y: 0 z: 0 w: 0]
VPR[20] = 0x00000000000000000000000000000000 [x: 0 y: 0 z: 0 w: 0]
VPR[21] = 0x00000000000000000000000000000000 [x: 0 y: 0 z: 0 w: 0]
VPR[22] = 0x00000000000000000000000000000000 [x: 0 y: 0 z: 0 w: 0]
VPR[23] = 0x00000000000000000000000000000000 [x: 0 y: 0 z: 0 w: 0]
VPR[24] = 0x00000000000000000000000000000000 [x: 0 y: 0 z: 0 w: 0]
VPR[25] = 0x00000000000000000000000000000000 [x: 0 y: 0 z: 0 w: 0]
VPR[26] = 0x00000000000000000000000000000000 [x: 0 y: 0 z: 0 w: 0]
VPR[27] = 0x00000000000000000000000000000000 [x: 0 y: 0 z: 0 w: 0]
VPR[28] = 0x00000000000000000000000000000000 [x: 0 y: 0 z: 0 w: 0]
VPR[29] = 0x00000000000000000000000000000000 [x: 0 y: 0 z: 0 w: 0]
VPR[30] = 0x00000000000000000000000000000000 [x: 0 y: 0 z: 0 w: 0]
VPR[31] = 0x00000000000000000000000000000000 [x: 0 y: 0 z: 0 w: 0]
CR = 0x22000088
LR = 0x1995d0
CTR = 0x19a720
XER = 0x0 [CA=68719476736 | OV=0 | SO=140694538682368]
FPSCR = 0x0 [RN=0 | NI=0 | XE=0 | ZE=0 | UE=0 | OE=0 | VE=0 | VXCVI=0 | VXSQRT=0 | VXSOFT=0 | FPRF=0 | FI=0 | FR=0 | VXVC=0 | VXIMZ=0 | VXZDZ=0 | VXIDI=0 | VXISI=0 | VXSNAN=0 | XX=0 | ZX=0 | UX=0 | OX=0 | VX=0 | FEX=0 | FX=0]

HLE: W {PPU[0x1] Thread (main_thread)[0x004ec8f4]} cellGcmSys: _cellGcmInitBody(context_addr=0x16e1038, cmdSize=0x200000, ioSize=0x3400000, ioAddress=0x20400000)
HLE: W {PPU[0x1] Thread (main_thread)[0x004ec8f4]} cellGcmSys: *** local memory(addr=0xc0000000, size=0xf900000)
HLE: W {PPU[0x1] Thread (main_thread)[0x004ec8f4]} cellGcmSys: cellGcmInit(): 256MB io address space used
RSX: ! {RSXThread} RSX thread started
HLE: W {PPU[0x1] Thread (main_thread)[0x004eca94]} sysPrxForUser: sys_lwmutex_create(lwmutex=*0x20025578, attr=*0xd000f988)
HLE: ! {VBlank thread} VBlank thread aborted
HLE: W {PPU[0x4e] Thread (BP_Main)[0x00000000]} sys_spu: sys_spu_thread_group_join(id=0x43) aborted
RSX: W {RSXThread} RSX thread aborted
HLE: ! {PPU[0x2] Thread (Callback Thread)[0x00000000]} CallbackManager thread aborted
RSX: ! {RSXThread} RSX thread ended
HLE: W {PPU[0x4e] Thread (BP_Main)[0x00000000]} cellSpurs: SPURS Handler Thread 0 aborted
HLE: W {PPU[0x77] Thread (BP_System)[0x00000000]} sys_spu: sys_spu_thread_group_join(id=0x71) aborted
HLE: W {PPU[0x77] Thread (BP_System)[0x00000000]} cellSpurs: SPURS Handler Thread 0 aborted
HLE: W {PPU[0x21] Thread (_SPU_printf_server)[0x00449e28]} sys_event: sys_event_queue_receive(equeue_id=0x1f) aborted
HLE: ! All threads stopped...
MEM: ! Closing memory...
