LDR: E PSFLoader::Load() failed: unknown magic (0x0)
G: ! Stopping emulator...
LDR: ! Loading 'D:/Emulateurs/Rpcs3/dev_hdd0/game/NPEA00433/USRDIR/BOOT.BIN'...
G: W fs::file::open('D:/Emulateurs/Rpcs3/dev_hdd0/game/NPEA00433/dev_bdvd.path', 0x1) failed: error 0x2
LDR: !  
LDR: ! Mount info:
LDR: ! /dev_usb000/ -> D:/Emulateurs/Rpcs3/dev_usb000/
LDR: ! /dev_flash/ -> D:/Emulateurs/Rpcs3/dev_flash/
LDR: ! /host_root/ -> 
LDR: ! /dev_hdd0/ -> D:/Emulateurs/Rpcs3/dev_hdd0/
LDR: ! /dev_hdd1/ -> D:/Emulateurs/Rpcs3/dev_hdd1/
LDR: ! /dev_usb/ -> D:/Emulateurs/Rpcs3/dev_usb000/
LDR: !  
LDR: ! Title: RESOGUN™
LDR: ! Serial: NPEA00433
LDR: ! Elf path: /dev_hdd0/game/NPEA00433/USRDIR/BOOT.BIN
LDR: ! loader::init() failed: Broken file
LDR: ! *** sdk version: 0x460001
LDR: ! *** primary prio: 1001
LDR: ! *** primary stacksize: 0x100000
LDR: ! *** malloc pagesize: 0x100000
LDR: ! *** ppc seg: 0x0
LDR: ! Imported function 'cellSysmoduleUnloadModule' in 'cellSysmodule' module (0x7dba10)
LDR: ! Imported function 'cellSysmoduleLoadModule' in 'cellSysmodule' module (0x7dba30)
LDR: ! Imported function 'cellSysmoduleInitialize' in 'cellSysmodule' module (0x7dba50)
LDR: ! Imported function 'cellSysmoduleFinalize' in 'cellSysmodule' module (0x7dba70)
LDR: ! Imported function 'cellSysmoduleIsLoaded' in 'cellSysmodule' module (0x7dd8f0)
LDR: ! Imported function 'cellGcmGetTiledPitchSize' in 'cellGcmSys' module (0x7dba90)
LDR: ! Imported function '_cellGcmInitBody' in 'cellGcmSys' module (0x7dbab0)
LDR: ! Imported function 'cellGcmAddressToOffset' in 'cellGcmSys' module (0x7dbad0)
LDR: ! Imported function '_cellGcmFunc15' in 'cellGcmSys' module (0x7dbaf0)
LDR: ! Imported function 'cellGcmBindTile' in 'cellGcmSys' module (0x7dbb10)
LDR: ! Imported function 'cellGcmGetDefaultCommandWordSize' in 'cellGcmSys' module (0x7dbb30)
LDR: ! Imported function 'cellGcmGetLastFlipTime' in 'cellGcmSys' module (0x7dbb50)
LDR: ! Imported function 'cellGcmGetDefaultSegmentWordSize' in 'cellGcmSys' module (0x7dbb70)
LDR: ! Imported function 'cellGcmSetDefaultFifoSize' in 'cellGcmSys' module (0x7dbb90)
LDR: ! Imported function 'cellGcmGetControlRegister' in 'cellGcmSys' module (0x7dbbb0)
LDR: ! Imported function 'cellGcmSetTileInfo' in 'cellGcmSys' module (0x7dbbd0)
LDR: ! Imported function 'cellGcmUnbindTile' in 'cellGcmSys' module (0x7dbbf0)
LDR: ! Imported function 'cellGcmGetConfiguration' in 'cellGcmSys' module (0x7dbc10)
LDR: ! Imported function 'cellGcmGetLabelAddress' in 'cellGcmSys' module (0x7dbc30)
LDR: ! Imported function 'cellGcmSetUserHandler' in 'cellGcmSys' module (0x7dcef0)
LDR: ! Imported function '_cellGcmSetFlipCommand' in 'cellGcmSys' module (0x7dcf10)
LDR: ! Imported function 'cellGcmSetFlipMode' in 'cellGcmSys' module (0x7dcf30)
LDR: ! Imported function 'cellGcmGetFlipStatus' in 'cellGcmSys' module (0x7dcf50)
LDR: ! Imported function 'cellGcmGetReportDataAddress' in 'cellGcmSys' module (0x7dcf70)
LDR: ! Imported function 'cellGcmBindZcull' in 'cellGcmSys' module (0x7dcf90)
LDR: ! Imported function 'cellGcmSetFlipHandler' in 'cellGcmSys' module (0x7dcfb0)
LDR: ! Imported function 'cellGcmSetDisplayBuffer' in 'cellGcmSys' module (0x7dcfd0)
LDR: ! Imported function 'cellGcmUnbindZcull' in 'cellGcmSys' module (0x7dcff0)
LDR: ! Imported function 'cellGcmSetVBlankHandler' in 'cellGcmSys' module (0x7dd010)
LDR: ! Imported function 'cellGcmResetFlipStatus' in 'cellGcmSys' module (0x7dd030)
LDR: ! Imported function 'cellGcmSetGraphicsHandler' in 'cellGcmSys' module (0x7dd050)
LDR: ! Imported function '_cellGcmSetFlipCommandWithWaitLabel' in 'cellGcmSys' module (0x7dd070)
LDR: ! Imported function 'cellGcmSetVBlankFrequency' in 'cellGcmSys' module (0x7dd090)
LDR: ! Imported function 'sys_lwmutex_lock' in 'sysPrxForUser' module (0x7dbc50)
LDR: ! Imported function 'sys_lwmutex_unlock' in 'sysPrxForUser' module (0x7dbc70)
LDR: ! Imported function 'sys_ppu_thread_create' in 'sysPrxForUser' module (0x7dbc90)
LDR: ! Imported function '_sys_process_atexitspawn' in 'sysPrxForUser' module (0x7dbcb0)
LDR: ! Imported function 'sys_lwmutex_create' in 'sysPrxForUser' module (0x7dbcd0)
LDR: ! Imported function 'sys_ppu_thread_get_id' in 'sysPrxForUser' module (0x7dbcf0)
LDR: ! Imported function 'sys_prx_register_library' in 'sysPrxForUser' module (0x7dbd10)
LDR: ! Imported function 'sys_initialize_tls' in 'sysPrxForUser' module (0x7dbd30)
LDR: ! Imported function 'sys_time_get_system_time' in 'sysPrxForUser' module (0x7dbd50)
LDR: ! Imported function '_sys_process_at_Exitspawn' in 'sysPrxForUser' module (0x7dbd70)
LDR: ! Imported function 'sys_prx_exitspawn_with_level' in 'sysPrxForUser' module (0x7dbd90)
LDR: ! Imported function 'sys_ppu_thread_exit' in 'sysPrxForUser' module (0x7dbdb0)
LDR: ! Imported function 'sys_lwmutex_destroy' in 'sysPrxForUser' module (0x7dbdd0)
LDR: ! Imported function 'sys_process_exit' in 'sysPrxForUser' module (0x7dbdf0)
LDR: ! Imported function 'sys_lwcond_destroy' in 'sysPrxForUser' module (0x7dddb0)
LDR: ! Imported function 'sys_lwcond_wait' in 'sysPrxForUser' module (0x7dddd0)
LDR: ! Imported function 'sys_lwcond_signal_to' in 'sysPrxForUser' module (0x7dddf0)
LDR: ! Imported function 'sys_lwcond_create' in 'sysPrxForUser' module (0x7dde10)
LDR: ! Imported function 'sys_lwcond_signal' in 'sysPrxForUser' module (0x7dde30)
LDR: ! Imported function 'cellFsReadWithOffset' in 'sys_fs' module (0x7dbe10)
LDR: ! Imported function 'cellFsClose' in 'sys_fs' module (0x7dbe30)
LDR: ! Imported function 'cellFsAioWrite' in 'sys_fs' module (0x7dbe50)
LDR: ! Imported function 'cellFsRead' in 'sys_fs' module (0x7dbe70)
LDR: ! Imported function 'cellFsOpen' in 'sys_fs' module (0x7dbe90)
LDR: ! Imported function 'cellFsStat' in 'sys_fs' module (0x7dbeb0)
LDR: ! Imported function 'cellFsAioCancel' in 'sys_fs' module (0x7dbed0)
LDR: ! Imported function 'cellFsWriteWithOffset' in 'sys_fs' module (0x7dbef0)
LDR: ! Imported function 'cellFsAioFinish' in 'sys_fs' module (0x7dbf10)
LDR: ! Imported function 'cellFsLseek' in 'sys_fs' module (0x7dbf30)
LDR: ! Imported function 'cellFsMkdir' in 'sys_fs' module (0x7dbf50)
LDR: ! Imported function 'cellFsAioRead' in 'sys_fs' module (0x7dbf70)
LDR: ! Imported function 'cellFsAioInit' in 'sys_fs' module (0x7dbf90)
LDR: ! Imported function 'cellFsWrite' in 'sys_fs' module (0x7dbfb0)
LDR: ! Imported function 'cellFsFstat' in 'sys_fs' module (0x7dbfd0)
LDR: ! Imported function 'cellSysutilUnregisterCallback' in 'cellSysutil' module (0x7dbff0)
LDR: ! Imported function 'cellVideoOutConfigure' in 'cellSysutil' module (0x7dc010)
LDR: ! Imported function 'cellSysutilCheckCallback' in 'cellSysutil' module (0x7dc030)
LDR: ! Imported function 'cellVideoOutGetDeviceInfo' in 'cellSysutil' module (0x7dc050)
LDR: ! Imported function 'cellSysutilEnableBgmPlayback' in 'cellSysutil' module (0x7dc070)
LDR: ! Imported function 'cellSysutilGetSystemParamInt' in 'cellSysutil' module (0x7dc090)
LDR: ! Imported function 'cellVideoOutGetNumberOfDevice' in 'cellSysutil' module (0x7dc0b0)
LDR: ! Imported function 'cellVideoOutGetState' in 'cellSysutil' module (0x7dc0d0)
LDR: ! Imported function 'cellSaveDataAutoSave2' in 'cellSysutil' module (0x7dc0f0)
LDR: ! Imported function 'cellSysutilGetSystemParamString' in 'cellSysutil' module (0x7dc110)
LDR: ! Imported function 'cellSysutilRegisterCallback' in 'cellSysutil' module (0x7dc130)
LDR: ! Imported function 'cellVideoOutGetResolutionAvailability' in 'cellSysutil' module (0x7dc150)
LDR: E Unknown function 'cellSysconfOpen' in 'cellSysutil' module (0x7dc170)
LDR: ! Imported function 'cellSysutilDisableBgmPlayback' in 'cellSysutil' module (0x7dc190)
LDR: ! Imported function 'cellVideoOutGetResolution' in 'cellSysutil' module (0x7dc1b0)
LDR: ! Imported function 'cellSaveDataAutoLoad2' in 'cellSysutil' module (0x7dc1d0)
LDR: ! Imported function 'cellMsgDialogOpenErrorCode' in 'cellSysutil' module (0x7dd2d0)
LDR: E Unknown function '0x5D883B1C' in 'cellSysutil' module (0x7dd2f0)
LDR: ! Imported function 'cellMsgDialogAbort' in 'cellSysutil' module (0x7dd310)
LDR: ! Imported function 'cellMsgDialogOpen2' in 'cellSysutil' module (0x7dd330)
LDR: ! Imported function 'cellSysutilGetBgmPlaybackStatus' in 'cellSysutil' module (0x7dde50)
LDR: ! Imported function 'cellAudioOutGetState' in 'cellSysutil' module (0x7dde70)
LDR: ! Imported function 'cellGameContentPermit' in 'cellGame' module (0x7dc1f0)
LDR: ! Imported function 'cellGameContentErrorDialog' in 'cellGame' module (0x7dc210)
LDR: ! Imported function 'cellGameBootCheck' in 'cellGame' module (0x7dc230)
LDR: ! Imported function 'sceNpBasicGetFriendListEntry' in 'sceNp' module (0x7dc250)
LDR: ! Imported function 'sceNpScoreGetRankingByRangeAsync' in 'sceNp' module (0x7dc270)
LDR: ! Imported function 'sceNpScoreDestroyTitleCtx' in 'sceNp' module (0x7dc290)
LDR: ! Imported function 'sceNpScoreInit' in 'sceNp' module (0x7dc2b0)
LDR: ! Imported function 'sceNpLookupAbortTransaction' in 'sceNp' module (0x7dc2d0)
LDR: ! Imported function 'sceNpScoreGetRankingByNpIdAsync' in 'sceNp' module (0x7dc2f0)
LDR: ! Imported function 'sceNpBasicRegisterContextSensitiveHandler' in 'sceNp' module (0x7dc310)
LDR: ! Imported function 'sceNpManagerGetCachedInfo' in 'sceNp' module (0x7dc330)
LDR: ! Imported function 'sceNpManagerUnregisterCallback' in 'sceNp' module (0x7dc350)
LDR: ! Imported function 'sceNpLookupDestroyTitleCtx' in 'sceNp' module (0x7dc370)
LDR: ! Imported function 'sceNpLookupInit' in 'sceNp' module (0x7dc390)
LDR: ! Imported function 'sceNpBasicGetFriendPresenceByIndex2' in 'sceNp' module (0x7dc3b0)
LDR: ! Imported function 'sceNpBasicRecvMessageAttachmentLoad' in 'sceNp' module (0x7dc3d0)
LDR: ! Imported function 'sceNpManagerGetContentRatingFlag' in 'sceNp' module (0x7dc3f0)
LDR: ! Imported function 'sceNpScoreCreateTransactionCtx' in 'sceNp' module (0x7dc410)
LDR: ! Imported function 'sceNpBasicGetBlockListEntryCount' in 'sceNp' module (0x7dc430)
LDR: ! Imported function 'sceNpLookupPollAsync' in 'sceNp' module (0x7dc450)
LDR: ! Imported function 'sceNpLookupTerm' in 'sceNp' module (0x7dc470)
LDR: E Unknown function '0x8C760B52' in 'sceNp' module (0x7dc490)
LDR: ! Imported function 'sceNpScoreTerm' in 'sceNp' module (0x7dc4b0)
LDR: ! Imported function 'sceNpScorePollAsync' in 'sceNp' module (0x7dc4d0)
LDR: ! Imported function 'sceNpManagerGetStatus' in 'sceNp' module (0x7dc4f0)
LDR: ! Imported function 'sceNpBasicUnregisterHandler' in 'sceNp' module (0x7dc510)
LDR: ! Imported function 'sceNpDrmIsAvailable' in 'sceNp' module (0x7dc530)
LDR: ! Imported function 'sceNpBasicGetFriendListEntryCount' in 'sceNp' module (0x7dc550)
LDR: ! Imported function 'sceNpManagerGetAccountRegion' in 'sceNp' module (0x7dc570)
LDR: ! Imported function 'sceNpScoreCreateTitleCtx' in 'sceNp' module (0x7dc590)
LDR: ! Imported function 'sceNpScoreDestroyTransactionCtx' in 'sceNp' module (0x7dc5b0)
LDR: ! Imported function 'sceNpLookupCreateTitleCtx' in 'sceNp' module (0x7dc5d0)
LDR: ! Imported function 'sceNpProfileCallGui' in 'sceNp' module (0x7dc5f0)
LDR: ! Imported function 'sceNpUtilCmpNpId' in 'sceNp' module (0x7dc610)
LDR: ! Imported function 'sceNpBasicGetEvent' in 'sceNp' module (0x7dc630)
LDR: ! Imported function 'sceNpManagerRegisterCallback' in 'sceNp' module (0x7dc650)
LDR: ! Imported function 'sceNpLookupCreateTransactionCtx' in 'sceNp' module (0x7dc670)
LDR: ! Imported function 'sceNpManagerGetChatRestrictionFlag' in 'sceNp' module (0x7dc690)
LDR: ! Imported function 'sceNpScoreAbortTransaction' in 'sceNp' module (0x7dc6b0)
LDR: ! Imported function 'sceNpScoreRecordScoreAsync' in 'sceNp' module (0x7dc6d0)
LDR: ! Imported function 'sceNpBasicGetBlockListEntry' in 'sceNp' module (0x7dc6f0)
LDR: ! Imported function 'sceNpLookupDestroyTransactionCtx' in 'sceNp' module (0x7dc710)
LDR: ! Imported function 'sceNpManagerGetNpId' in 'sceNp' module (0x7dc730)
LDR: ! Imported function 'sceNpLookupUserProfileAsync' in 'sceNp' module (0x7dc750)
LDR: ! Imported function 'sceNpBasicSendMessageGui' in 'sceNp' module (0x7dd350)
LDR: ! Imported function 'sceNpBasicRecvMessageCustom' in 'sceNp' module (0x7dd370)
LDR: E Unknown function 'sceNpMatching2SignalingGetConnectionStatus' in 'sceNp2' module (0x7dc770)
LDR: ! Imported function 'sceNpMatching2Term2' in 'sceNp2' module (0x7dc790)
LDR: E Unknown function 'sceNpMatching2GetEventData' in 'sceNp2' module (0x7dc7b0)
LDR: ! Imported function 'sceNp2Init' in 'sceNp2' module (0x7dc7d0)
LDR: E Unknown function 'sceNpMatching2RegisterSignalingCallback' in 'sceNp2' module (0x7dc7f0)
LDR: ! Imported function 'sceNp2Term' in 'sceNp2' module (0x7dc810)
LDR: E Unknown function 'sceNpMatching2SetDefaultRequestOptParam' in 'sceNp2' module (0x7dc830)
LDR: E Unknown function 'sceNpMatching2RegisterRoomEventCallback' in 'sceNp2' module (0x7dc850)
LDR: ! Imported function 'sceNpMatching2Init2' in 'sceNp2' module (0x7dc870)
LDR: E Unknown function 'sceNpMatching2RegisterRoomMessageCallback' in 'sceNp2' module (0x7dc890)
LDR: E Unknown function 'sceNpMatching2DestroyContext' in 'sceNp2' module (0x7dd390)
LDR: E Unknown function 'sceNpMatching2GetWorldInfoList' in 'sceNp2' module (0x7dd3b0)
LDR: E Unknown function 'sceNpMatching2SearchRoom' in 'sceNp2' module (0x7dd3d0)
LDR: E Unknown function 'sceNpMatching2CreateServerContext' in 'sceNp2' module (0x7dd3f0)
LDR: E Unknown function 'sceNpMatching2LeaveRoom' in 'sceNp2' module (0x7dd410)
LDR: E Unknown function 'sceNpMatching2AbortRequest' in 'sceNp2' module (0x7dd430)
LDR: E Unknown function 'sceNpMatching2GetServerInfo' in 'sceNp2' module (0x7dd450)
LDR: E Unknown function 'sceNpMatching2JoinRoom' in 'sceNp2' module (0x7dd470)
LDR: E Unknown function 'sceNpMatching2ContextStartAsync' in 'sceNp2' module (0x7dd490)
LDR: E Unknown function 'sceNpMatching2RegisterContextCallback' in 'sceNp2' module (0x7dd4b0)
LDR: E Unknown function 'sceNpMatching2SignalingGetPingInfo' in 'sceNp2' module (0x7dd4d0)
LDR: E Unknown function 'sceNpMatching2GetServerIdListLocal' in 'sceNp2' module (0x7dd4f0)
LDR: E Unknown function 'sceNpMatching2CreateContext' in 'sceNp2' module (0x7dd510)
LDR: E Unknown function 'sceNpMatching2ClearEventData' in 'sceNp2' module (0x7dd530)
LDR: E Unknown function 'sceNpMatching2DeleteServerContext' in 'sceNp2' module (0x7dd550)
LDR: E Unknown function 'sceNpMatching2CreateJoinRoom' in 'sceNp2' module (0x7dd570)
LDR: E Unknown function 'sceNpMatching2ContextStop' in 'sceNp2' module (0x7dd590)
LDR: ! Imported function 'sceNpTusCreateTransactionCtx' in 'sceNpTus' module (0x7dc8b0)
LDR: ! Imported function 'sceNpTusPollAsync' in 'sceNpTus' module (0x7dc8d0)
LDR: ! Imported function 'sceNpTusTerm' in 'sceNpTus' module (0x7dc8f0)
LDR: ! Imported function 'sceNpTusDestroyTitleCtx' in 'sceNpTus' module (0x7dc910)
LDR: ! Imported function 'sceNpTusDeleteMultiSlotDataAsync' in 'sceNpTus' module (0x7dc930)
LDR: ! Imported function 'sceNpTusAbortTransaction' in 'sceNpTus' module (0x7dc950)
LDR: ! Imported function 'sceNpTusDestroyTransactionCtx' in 'sceNpTus' module (0x7dc970)
LDR: ! Imported function 'sceNpTusGetDataAsync' in 'sceNpTus' module (0x7dc990)
LDR: ! Imported function 'sceNpTusCreateTitleCtx' in 'sceNpTus' module (0x7dc9b0)
LDR: ! Imported function 'sceNpTusInit' in 'sceNpTus' module (0x7dc9d0)
LDR: ! Imported function 'sceNpTusAddAndGetVariableVUserAsync' in 'sceNpTus' module (0x7dc9f0)
LDR: ! Imported function 'sceNpTusSetDataAsync' in 'sceNpTus' module (0x7dca10)
LDR: ! Imported function 'sceNpTusGetMultiSlotVariableVUserAsync' in 'sceNpTus' module (0x7dca30)
LDR: ! Imported function 'cellUserInfoGetList' in 'cellUserInfo' module (0x7dca50)
LDR: ! Imported function 'cellNetCtlNetStartDialogLoadAsync' in 'cellNetCtl' module (0x7dca70)
LDR: ! Imported function 'cellNetCtlNetStartDialogUnloadAsync' in 'cellNetCtl' module (0x7dca90)
LDR: ! Imported function 'cellNetCtlTerm' in 'cellNetCtl' module (0x7dcab0)
LDR: ! Imported function 'cellNetCtlInit' in 'cellNetCtl' module (0x7dcad0)
LDR: ! Imported function 'cellNetCtlAddHandler' in 'cellNetCtl' module (0x7dd5b0)
LDR: ! Imported function 'cellNetCtlGetNatInfo' in 'cellNetCtl' module (0x7dd5d0)
LDR: ! Imported function 'cellNetCtlGetState' in 'cellNetCtl' module (0x7dd5f0)
LDR: ! Imported function 'cellNetCtlDelHandler' in 'cellNetCtl' module (0x7dd610)
LDR: ! Imported function '_cellSpursTasksetAttributeInitialize' in 'cellSpurs' module (0x7dcaf0)
LDR: ! Imported function 'cellSpursTasksetAttributeSetName' in 'cellSpurs' module (0x7dcb10)
LDR: ! Imported function 'cellSpursTasksetAttributeSetTasksetSize' in 'cellSpurs' module (0x7dcb30)
LDR: ! Imported function 'cellSpursJoinTaskset' in 'cellSpurs' module (0x7dcb50)
LDR: ! Imported function 'cellSpursShutdownTaskset' in 'cellSpurs' module (0x7dcb70)
LDR: ! Imported function 'cellSpursInitialize' in 'cellSpurs' module (0x7dcb90)
LDR: ! Imported function 'cellSpursCreateTask' in 'cellSpurs' module (0x7dcbb0)
LDR: ! Imported function 'cellSpursCreateTasksetWithAttribute' in 'cellSpurs' module (0x7dcbd0)
LDR: ! Imported function 'cellSpursFinalize' in 'cellSpurs' module (0x7dcbf0)
LDR: ! Imported function 'cellSpursDetachLv2EventQueue' in 'cellSpurs' module (0x7dd630)
LDR: ! Imported function 'cellSpursAttachLv2EventQueue' in 'cellSpurs' module (0x7dd650)
LDR: ! Imported function '_cellSpursLFQueueInitialize' in 'cellSpurs' module (0x7dd910)
LDR: ! Imported function 'cellSpursLFQueueAttachLv2EventQueue' in 'cellSpurs' module (0x7dd930)
LDR: ! Imported function 'cellSpursEventFlagDetachLv2EventQueue' in 'cellSpurs' module (0x7dd950)
LDR: ! Imported function 'cellSpursEventFlagWait' in 'cellSpurs' module (0x7dd970)
LDR: ! Imported function '_cellSpursEventFlagInitialize' in 'cellSpurs' module (0x7dd990)
LDR: ! Imported function 'cellSpursLFQueueDetachLv2EventQueue' in 'cellSpurs' module (0x7dd9b0)
LDR: ! Imported function 'cellSpursEventFlagAttachLv2EventQueue' in 'cellSpurs' module (0x7dd9d0)
LDR: ! Imported function '_cellSpursLFQueuePushBody' in 'cellSpurs' module (0x7dd9f0)
LDR: ! Imported function 'cellSpursAttributeSetNamePrefix' in 'cellSpurs' module (0x7dde90)
LDR: ! Imported function 'cellSpursCreateJobChainWithAttribute' in 'cellSpurs' module (0x7ddeb0)
LDR: ! Imported function '_cellSpursJobChainAttributeInitialize' in 'cellSpurs' module (0x7dded0)
LDR: ! Imported function 'cellSpursJobGuardInitialize' in 'cellSpurs' module (0x7ddef0)
LDR: ! Imported function 'cellSpursShutdownJobChain' in 'cellSpurs' module (0x7ddf10)
LDR: ! Imported function '_cellSpursAttributeInitialize' in 'cellSpurs' module (0x7ddf30)
LDR: ! Imported function 'cellSpursJobChainAttributeSetName' in 'cellSpurs' module (0x7ddf50)
LDR: ! Imported function 'cellSpursJoinJobChain' in 'cellSpurs' module (0x7ddf70)
LDR: ! Imported function 'cellSpursInitializeWithAttribute' in 'cellSpurs' module (0x7ddf90)
LDR: ! Imported function 'cellSpursJobGuardNotify' in 'cellSpurs' module (0x7ddfb0)
LDR: ! Imported function 'cellSpursRunJobChain' in 'cellSpurs' module (0x7ddfd0)
LDR: ! Imported function 'sys_net_initialize_network_ex' in 'sys_net' module (0x7dcc10)
LDR: ! Imported function 'recvfrom' in 'sys_net' module (0x7dcc30)
LDR: ! Imported function 'socketselect' in 'sys_net' module (0x7dcc50)
LDR: ! Imported function 'socketclose' in 'sys_net' module (0x7dcc70)
LDR: ! Imported function 'inet_ntoa' in 'sys_net' module (0x7dcc90)
LDR: ! Imported function 'setsockopt' in 'sys_net' module (0x7dccb0)
LDR: ! Imported function 'sendto' in 'sys_net' module (0x7dccd0)
LDR: ! Imported function 'socket' in 'sys_net' module (0x7dccf0)
LDR: ! Imported function 'bind' in 'sys_net' module (0x7dcd10)
LDR: ! Imported function 'sys_net_finalize_network' in 'sys_net' module (0x7dcd30)
LDR: ! Imported function 'inet_addr' in 'sys_net' module (0x7dcd50)
LDR: ! Imported function 'listen' in 'sys_net' module (0x7dda10)
LDR: ! Imported function 'sys_net_get_sockinfo' in 'sys_net' module (0x7dda30)
LDR: ! Imported function '_sys_net_errno_loc' in 'sys_net' module (0x7dda50)
LDR: ! Imported function 'connect' in 'sys_net' module (0x7dda70)
LDR: ! Imported function 'gethostbyname' in 'sys_net' module (0x7dda90)
LDR: ! Imported function 'shutdown' in 'sys_net' module (0x7ddab0)
LDR: ! Imported function 'accept' in 'sys_net' module (0x7ddad0)
LDR: ! Imported function 'send' in 'sys_net' module (0x7ddaf0)
LDR: ! Imported function 'recv' in 'sys_net' module (0x7ddb10)
LDR: ! Imported function 'cellRtcSetTick' in 'cellRtc' module (0x7dcd70)
LDR: ! Imported function 'cellRtcGetTime_t' in 'cellRtc' module (0x7dcd90)
LDR: ! Imported function 'sceNpTrophyRegisterContext' in 'sceNpTrophy' module (0x7dcdb0)
LDR: ! Imported function 'sceNpTrophyCreateHandle' in 'sceNpTrophy' module (0x7dcdd0)
LDR: ! Imported function 'sceNpTrophySetSoundLevel' in 'sceNpTrophy' module (0x7dcdf0)
LDR: ! Imported function 'sceNpTrophyGetRequiredDiskSpace' in 'sceNpTrophy' module (0x7dce10)
LDR: ! Imported function 'sceNpTrophyDestroyContext' in 'sceNpTrophy' module (0x7dce30)
LDR: ! Imported function 'sceNpTrophyInit' in 'sceNpTrophy' module (0x7dce50)
LDR: ! Imported function 'sceNpTrophyDestroyHandle' in 'sceNpTrophy' module (0x7dce70)
LDR: ! Imported function 'sceNpTrophyUnlockTrophy' in 'sceNpTrophy' module (0x7dce90)
LDR: ! Imported function 'sceNpTrophyTerm' in 'sceNpTrophy' module (0x7dceb0)
LDR: ! Imported function 'sceNpTrophyCreateContext' in 'sceNpTrophy' module (0x7dced0)
LDR: ! Imported function 'cellRescGcmSurface2RescSrc' in 'cellResc' module (0x7dd0b0)
LDR: ! Imported function 'cellRescSetWaitFlip' in 'cellResc' module (0x7dd0d0)
LDR: ! Imported function 'cellRescSetDsts' in 'cellResc' module (0x7dd0f0)
LDR: ! Imported function 'cellRescResetFlipStatus' in 'cellResc' module (0x7dd110)
LDR: ! Imported function 'cellRescGetRegisterCount' in 'cellResc' module (0x7dd130)
LDR: ! Imported function 'cellRescSetDisplayMode' in 'cellResc' module (0x7dd150)
LDR: ! Imported function 'cellRescSetConvertAndFlip' in 'cellResc' module (0x7dd170)
LDR: ! Imported function 'cellRescExit' in 'cellResc' module (0x7dd190)
LDR: ! Imported function 'cellRescSetFlipHandler' in 'cellResc' module (0x7dd1b0)
LDR: ! Imported function 'cellRescInit' in 'cellResc' module (0x7dd1d0)
LDR: ! Imported function 'cellRescGetBufferSize' in 'cellResc' module (0x7dd1f0)
LDR: ! Imported function 'cellRescSetSrc' in 'cellResc' module (0x7dd210)
LDR: ! Imported function 'cellRescSetRegisterCount' in 'cellResc' module (0x7dd230)
LDR: ! Imported function 'cellRescSetBufferAddress' in 'cellResc' module (0x7dd250)
LDR: ! Imported function 'cellRescGetFlipStatus' in 'cellResc' module (0x7dd270)
LDR: ! Imported function 'cellRescSetVBlankHandler' in 'cellResc' module (0x7dd290)
LDR: ! Imported function 'cellRescCreateInterlaceTable' in 'cellResc' module (0x7dd2b0)
LDR: ! Imported function 'cellFiberPpuContextReturnToThread' in 'cellFiber' module (0x7dd670)
LDR: ! Imported function '_cellFiberPpuContextAttributeInitialize' in 'cellFiber' module (0x7dd690)
LDR: ! Imported function 'cellFiberPpuContextSelf' in 'cellFiber' module (0x7dd6b0)
LDR: ! Imported function 'cellFiberPpuContextInitialize' in 'cellFiber' module (0x7dd6d0)
LDR: ! Imported function 'cellFiberPpuContextRun' in 'cellFiber' module (0x7dd6f0)
LDR: ! Imported function 'cellFiberPpuContextFinalize' in 'cellFiber' module (0x7dd710)
LDR: ! Imported function 'cellFiberPpuContextSwitch' in 'cellFiber' module (0x7dd730)
LDR: ! Imported function '_cellFiberPpuInitialize' in 'cellFiber' module (0x7dd750)
LDR: ! Imported function 'cellPadInit' in 'sys_io' module (0x7dd770)
LDR: ! Imported function 'cellKbClearBuf' in 'sys_io' module (0x7dd790)
LDR: ! Imported function 'cellKbInit' in 'sys_io' module (0x7dd7b0)
LDR: ! Imported function 'cellPadEnd' in 'sys_io' module (0x7dd7d0)
LDR: ! Imported function 'cellPadSetPortSetting' in 'sys_io' module (0x7dd7f0)
LDR: ! Imported function 'cellPadGetData' in 'sys_io' module (0x7dd810)
LDR: ! Imported function 'cellKbSetCodeType' in 'sys_io' module (0x7dd830)
LDR: ! Imported function 'cellPadGetInfo2' in 'sys_io' module (0x7dd850)
LDR: ! Imported function 'cellKbEnd' in 'sys_io' module (0x7dd870)
LDR: ! Imported function 'cellKbSetReadMode' in 'sys_io' module (0x7dd890)
LDR: ! Imported function 'cellPadSetActDirect' in 'sys_io' module (0x7dd8b0)
LDR: ! Imported function 'cellKbRead' in 'sys_io' module (0x7dd8d0)
LDR: ! Imported function 'cellSailGraphicsAdapterGetFrame' in 'cellSail' module (0x7ddb30)
LDR: ! Imported function 'cellSailPlayerFinalize' in 'cellSail' module (0x7ddb50)
LDR: ! Imported function 'cellSailPlayerSetGraphicsAdapter' in 'cellSail' module (0x7ddb70)
LDR: ! Imported function 'cellSailGraphicsAdapterInitialize' in 'cellSail' module (0x7ddb90)
LDR: ! Imported function 'cellSailPlayerInitialize2' in 'cellSail' module (0x7ddbb0)
LDR: ! Imported function 'cellSailGraphicsAdapterSetPreferredFormat' in 'cellSail' module (0x7ddbd0)
LDR: ! Imported function 'cellSailMemAllocatorInitialize' in 'cellSail' module (0x7ddbf0)
LDR: ! Imported function 'cellSailPlayerOpenStream' in 'cellSail' module (0x7ddc10)
LDR: ! Imported function 'cellSailGraphicsAdapterUpdateAvSync' in 'cellSail' module (0x7ddc30)
LDR: ! Imported function 'cellSailGraphicsAdapterFinalize' in 'cellSail' module (0x7ddc50)
LDR: ! Imported function 'cellSailPlayerAddDescriptor' in 'cellSail' module (0x7ddc70)
LDR: ! Imported function 'cellSailPlayerCloseStream' in 'cellSail' module (0x7ddc90)
LDR: ! Imported function 'cellSailPlayerRemoveDescriptor' in 'cellSail' module (0x7ddcb0)
LDR: ! Imported function 'cellSailPlayerBoot' in 'cellSail' module (0x7ddcd0)
LDR: ! Imported function 'cellSailPlayerCreateDescriptor' in 'cellSail' module (0x7ddcf0)
LDR: ! Imported function 'cellSailPlayerStart' in 'cellSail' module (0x7ddd10)
LDR: ! Imported function 'cellSailPlayerStop' in 'cellSail' module (0x7ddd30)
LDR: ! Imported function 'cellSailPlayerSetRepeatMode' in 'cellSail' module (0x7ddd50)
LDR: ! Imported function 'cellSailPlayerDestroyDescriptor' in 'cellSail' module (0x7ddd70)
LDR: ! Imported function 'cellSailGraphicsAdapterGetFormat' in 'cellSail' module (0x7ddd90)
LDR: ! Imported function 'cellAudioCreateNotifyEventQueue' in 'cellAudio' module (0x7ddff0)
LDR: ! Imported function 'cellAudioInit' in 'cellAudio' module (0x7de010)
LDR: ! Imported function 'cellAudioRemoveNotifyEventQueueEx' in 'cellAudio' module (0x7de030)
LDR: ! Imported function 'cellAudioPortClose' in 'cellAudio' module (0x7de050)
LDR: ! Imported function 'cellAudioSetPortLevel' in 'cellAudio' module (0x7de070)
LDR: ! Imported function 'cellAudioPortStop' in 'cellAudio' module (0x7de090)
LDR: ! Imported function 'cellAudioGetPortConfig' in 'cellAudio' module (0x7de0b0)
LDR: ! Imported function 'cellAudioPortStart' in 'cellAudio' module (0x7de0d0)
LDR: ! Imported function 'cellAudioSetNotifyEventQueueEx' in 'cellAudio' module (0x7de0f0)
LDR: ! Imported function 'cellAudioQuit' in 'cellAudio' module (0x7de110)
LDR: ! Imported function 'cellAudioPortOpen' in 'cellAudio' module (0x7de130)
LDR: ! Imported function 'cellAudioRemoveNotifyEventQueue' in 'cellAudio' module (0x7de150)
HLE: ! sysPrxForUser: Thread Local Storage initialized (g_tls_start=0xf72000, user_size=0x23c)
*** TLS segment addr: 0x009bcd7c
*** TLS segment size: 0x0000023c
HLE: W {PPU[0x1] Thread (main_thread)[0x007dbcd0]} sysPrxForUser: sys_lwmutex_create(lwmutex=*0xaba778, attr=*0x8bea30)
HLE: W {PPU[0x1] Thread (main_thread)[0x00539504]} sys_memory: sys_memory_get_user_memory_size(mem_info=*0xd00ffc04)
HLE: W {PPU[0x1] Thread (main_thread)[0x007dbcd0]} sysPrxForUser: sys_lwmutex_create(lwmutex=*0xaba578, attr=*0x8bea30)
HLE: W {PPU[0x1] Thread (main_thread)[0x007dbcd0]} sysPrxForUser: sys_lwmutex_create(lwmutex=*0xab9d00, attr=*0x8bea30)
HLE: W {PPU[0x1] Thread (main_thread)[0x007dbcd0]} sysPrxForUser: sys_lwmutex_create(lwmutex=*0xab9d28, attr=*0x8bea30)
HLE: W {PPU[0x1] Thread (main_thread)[0x007dbcd0]} sysPrxForUser: sys_lwmutex_create(lwmutex=*0xab9d50, attr=*0x8bea30)
HLE: W {PPU[0x1] Thread (main_thread)[0x007dbcd0]} sysPrxForUser: sys_lwmutex_create(lwmutex=*0xab9c38, attr=*0x8bea30)
HLE: W {PPU[0x1] Thread (main_thread)[0x007dbcd0]} sysPrxForUser: sys_lwmutex_create(lwmutex=*0xab9c60, attr=*0x8bea30)
HLE: W {PPU[0x1] Thread (main_thread)[0x007dbcd0]} sysPrxForUser: sys_lwmutex_create(lwmutex=*0xab9c88, attr=*0x8bea30)
HLE: W {PPU[0x1] Thread (main_thread)[0x007dbcd0]} sysPrxForUser: sys_lwmutex_create(lwmutex=*0xab9cb0, attr=*0x8bea30)
HLE: W {PPU[0x1] Thread (main_thread)[0x007dbcd0]} sysPrxForUser: sys_lwmutex_create(lwmutex=*0xab9cd8, attr=*0x8bea30)
HLE: W {PPU[0x1] Thread (main_thread)[0x00537e00]} sys_memory: sys_memory_allocate(size=0x100000, flags=0x400, alloc_addr=*0xd00ff770)
HLE: W {PPU[0x1] Thread (main_thread)[0x007dbcd0]} sysPrxForUser: sys_lwmutex_create(lwmutex=*0x20000020, attr=*0x8bea30)
HLE: W {PPU[0x1] Thread (main_thread)[0x007dbcd0]} sysPrxForUser: sys_lwmutex_create(lwmutex=*0x200000a0, attr=*0x8bea30)
HLE: W {PPU[0x1] Thread (main_thread)[0x007dbcd0]} sysPrxForUser: sys_lwmutex_create(lwmutex=*0x20000130, attr=*0x8bea30)
HLE: W {PPU[0x1] Thread (main_thread)[0x007dbcd0]} sysPrxForUser: sys_lwmutex_create(lwmutex=*0x20000190, attr=*0x8bea30)
HLE: W {PPU[0x1] Thread (main_thread)[0x007dbcd0]} sysPrxForUser: sys_lwmutex_create(lwmutex=*0x200001d0, attr=*0x8bea30)
HLE: W {PPU[0x1] Thread (main_thread)[0x007dbcd0]} sysPrxForUser: sys_lwmutex_create(lwmutex=*0x20000210, attr=*0x8bea30)
HLE: W {PPU[0x1] Thread (main_thread)[0x007dbcd0]} sysPrxForUser: sys_lwmutex_create(lwmutex=*0x200002d0, attr=*0x8bea30)
HLE: W {PPU[0x1] Thread (main_thread)[0x007dbcd0]} sysPrxForUser: sys_lwmutex_create(lwmutex=*0x20000300, attr=*0x8bea30)
HLE: W {PPU[0x1] Thread (main_thread)[0x007dbcd0]} sysPrxForUser: sys_lwmutex_create(lwmutex=*0x20000330, attr=*0x8bea30)
HLE: W {PPU[0x1] Thread (main_thread)[0x007dbcd0]} sysPrxForUser: sys_lwmutex_create(lwmutex=*0x20000360, attr=*0x8bea30)
HLE: W {PPU[0x1] Thread (main_thread)[0x007dbcd0]} sysPrxForUser: sys_lwmutex_create(lwmutex=*0x20000390, attr=*0x8bea30)
HLE: W {PPU[0x1] Thread (main_thread)[0x007dbcd0]} sysPrxForUser: sys_lwmutex_create(lwmutex=*0x200003c0, attr=*0x8bea30)
HLE: W {PPU[0x1] Thread (main_thread)[0x007dbcd0]} sysPrxForUser: sys_lwmutex_create(lwmutex=*0xab99e8, attr=*0xd00ffbf0)
HLE: W {PPU[0x1] Thread (main_thread)[0x007dbcd0]} sysPrxForUser: sys_lwmutex_create(lwmutex=*0xab30b8, attr=*0xd00ffbf0)
HLE: W {PPU[0x1] Thread (main_thread)[0x007dbcd0]} sysPrxForUser: sys_lwmutex_create(lwmutex=*0xab3018, attr=*0xd00ffbd0)
HLE: W {PPU[0x1] Thread (main_thread)[0x007dbcd0]} sysPrxForUser: sys_lwmutex_create(lwmutex=*0xab2f70, attr=*0xd00ffb60)
HLE: W {PPU[0x1] Thread (main_thread)[0x007dbcd0]} sysPrxForUser: sys_lwmutex_create(lwmutex=*0xaaec88, attr=*0xd00ffbf0)
HLE: W {PPU[0x1] Thread (main_thread)[0x007dbcd0]} sysPrxForUser: sys_lwmutex_create(lwmutex=*0xa71f98, attr=*0xd00ffbf0)
HLE: W {PPU[0x1] Thread (main_thread)[0x007dbcd0]} sysPrxForUser: sys_lwmutex_create(lwmutex=*0xa56158, attr=*0xd00ffbf0)
HLE: W {PPU[0x1] Thread (main_thread)[0x00537e00]} sys_memory: sys_memory_allocate(size=0x100000, flags=0x400, alloc_addr=*0xd00ff9e0)
HLE: W {PPU[0x1] Thread (main_thread)[0x00537e00]} sys_memory: sys_memory_allocate(size=0x400000, flags=0x400, alloc_addr=*0xd00ffa80)
HLE: W {PPU[0x1] Thread (main_thread)[0x00537e00]} sys_memory: sys_memory_allocate(size=0x300000, flags=0x400, alloc_addr=*0xd00ffa80)
TTY: Engine started\n
HLE: W {PPU[0x1] Thread (main_thread)[0x0024ee58]} sys_spu: sys_spu_initialize(max_usable_spu=6, max_raw_spu=0)
HLE: W {PPU[0x1] Thread (main_thread)[0x007dba50]} cellSysmodule: cellSysmoduleInitialize()
HLE: W {PPU[0x1] Thread (main_thread)[0x007dba30]} cellSysmodule: cellSysmoduleLoadModule(id=0x000e: CELL_SYSMODULE_FS)
HLE: W {PPU[0x1] Thread (main_thread)[0x007dba30]} cellSysmodule: cellSysmoduleLoadModule(id=0x0009: CELL_SYSMODULE_RTC)
HLE: W {PPU[0x1] Thread (main_thread)[0x007dba30]} cellSysmodule: cellSysmoduleLoadModule(id=0x0000: CELL_SYSMODULE_NET)
HLE: W {PPU[0x1] Thread (main_thread)[0x007dba30]} cellSysmodule: cellSysmoduleLoadModule(id=0x0014: CELL_SYSMODULE_NETCTL)
HLE: W {PPU[0x1] Thread (main_thread)[0x007dba30]} cellSysmodule: cellSysmoduleLoadModule(id=0x0001: CELL_SYSMODULE_HTTP)
HLE: W {PPU[0x1] Thread (main_thread)[0x007dba30]} cellSysmodule: cellSysmoduleLoadModule(id=0x002e: CELL_SYSMODULE_LV2DBG)
HLE: W {PPU[0x1] Thread (main_thread)[0x007dba30]} cellSysmodule: cellSysmoduleLoadModule(id=0xf028: CELL_SYSMODULE_SYSUTIL_MUSIC)
HLE: W {PPU[0x1] Thread (main_thread)[0x007dba30]} cellSysmodule: cellSysmoduleLoadModule(id=0x003e: CELL_SYSMODULE_SYSUTIL_GAME)
HLE: W {PPU[0x1] Thread (main_thread)[0x007dba30]} cellSysmodule: cellSysmoduleLoadModule(id=0x0031: CELL_SYSMODULE_AVCONF_EXT)
HLE: W {PPU[0x1] Thread (main_thread)[0x007dba30]} cellSysmodule: cellSysmoduleLoadModule(id=0x001f: CELL_SYSMODULE_RESC)
HLE: W {PPU[0x1] Thread (main_thread)[0x007dba30]} cellSysmodule: cellSysmoduleLoadModule(id=0x0032: CELL_SYSMODULE_SYSUTIL_USERINFO)
HLE: W {PPU[0x1] Thread (main_thread)[0x007dba30]} cellSysmodule: cellSysmoduleLoadModule(id=0xf035: CELL_SYSMODULE_SYSUTIL_NP_TROPHY)
HLE: W {PPU[0x1] Thread (main_thread)[0x007dba30]} cellSysmodule: cellSysmoduleLoadModule(id=0x0038: CELL_SYSMODULE_SYSUTIL_NP2)
HLE: W {PPU[0x1] Thread (main_thread)[0x007dba30]} cellSysmodule: cellSysmoduleLoadModule(id=0x0045: CELL_SYSMODULE_SYSUTIL_NP_TUS)
HLE: W {PPU[0x1] Thread (main_thread)[0x007dba30]} cellSysmodule: cellSysmoduleLoadModule(id=0xf030: CELL_SYSMODULE_SYSUTIL_AVCHAT2)
HLE: W {PPU[0x1] Thread (main_thread)[0x007dba30]} cellSysmodule: cellSysmoduleLoadModule(id=0x001d: CELL_SYSMODULE_SAIL)
HLE: W {PPU[0x1] Thread (main_thread)[0x007dba30]} cellSysmodule: cellSysmoduleLoadModule(id=0x0044: CELL_SYSMODULE_SYSUTIL_NP_COMMERCE2)
HLE: W {PPU[0x1] Thread (main_thread)[0x007dba30]} cellSysmodule: cellSysmoduleLoadModule(id=0x0043: CELL_SYSMODULE_FIBER)
TTY: UDP LOG: =================================\n
TTY: UDP LOG: Modules loaded\n
TTY: Initialize SPURS\n
TTY: \n
HLE: W {PPU[0x1] Thread (main_thread)[0x007dcb90]} cellSpurs: cellSpursInitialize(spurs=*0x207ee580, nSpus=5, spuPriority=250, ppuPriority=1000, exitIfNoWork=0)
HLE: W {PPU[0x1] Thread (main_thread)[0x007dcb90]} sys_process: sys_process_is_spu_lock_line_reservation_address(addr=0x207ee580, flags=0x2)
HLE: W {PPU[0x1] Thread (main_thread)[0x007dcb90]} sys_semaphore: sys_semaphore_create(sem=*0xd00ffad8, attr=*0xd00ffab8, initial_val=0, max_val=1)
HLE: W {PPU[0x1] Thread (main_thread)[0x007dcb90]} sys_semaphore: sys_semaphore_create(sem=*0xd00ffad8, attr=*0xd00ffab8, initial_val=0, max_val=1)
HLE: W {PPU[0x1] Thread (main_thread)[0x007dcb90]} sys_semaphore: sys_semaphore_create(sem=*0xd00ffad8, attr=*0xd00ffab8, initial_val=0, max_val=1)
HLE: W {PPU[0x1] Thread (main_thread)[0x007dcb90]} sys_semaphore: sys_semaphore_create(sem=*0xd00ffad8, attr=*0xd00ffab8, initial_val=0, max_val=1)
HLE: W {PPU[0x1] Thread (main_thread)[0x007dcb90]} sys_semaphore: sys_semaphore_create(sem=*0xd00ffad8, attr=*0xd00ffab8, initial_val=0, max_val=1)
HLE: W {PPU[0x1] Thread (main_thread)[0x007dcb90]} sys_semaphore: sys_semaphore_create(sem=*0xd00ffad8, attr=*0xd00ffab8, initial_val=0, max_val=1)
HLE: W {PPU[0x1] Thread (main_thread)[0x007dcb90]} sys_semaphore: sys_semaphore_create(sem=*0xd00ffad8, attr=*0xd00ffab8, initial_val=0, max_val=1)
HLE: W {PPU[0x1] Thread (main_thread)[0x007dcb90]} sys_semaphore: sys_semaphore_create(sem=*0xd00ffad8, attr=*0xd00ffab8, initial_val=0, max_val=1)
HLE: W {PPU[0x1] Thread (main_thread)[0x007dcb90]} sys_semaphore: sys_semaphore_create(sem=*0xd00ffad8, attr=*0xd00ffab8, initial_val=0, max_val=1)
HLE: W {PPU[0x1] Thread (main_thread)[0x007dcb90]} sys_semaphore: sys_semaphore_create(sem=*0xd00ffad8, attr=*0xd00ffab8, initial_val=0, max_val=1)
HLE: W {PPU[0x1] Thread (main_thread)[0x007dcb90]} sys_semaphore: sys_semaphore_create(sem=*0xd00ffad8, attr=*0xd00ffab8, initial_val=0, max_val=1)
HLE: W {PPU[0x1] Thread (main_thread)[0x007dcb90]} sys_semaphore: sys_semaphore_create(sem=*0xd00ffad8, attr=*0xd00ffab8, initial_val=0, max_val=1)
HLE: W {PPU[0x1] Thread (main_thread)[0x007dcb90]} sys_semaphore: sys_semaphore_create(sem=*0xd00ffad8, attr=*0xd00ffab8, initial_val=0, max_val=1)
HLE: W {PPU[0x1] Thread (main_thread)[0x007dcb90]} sys_semaphore: sys_semaphore_create(sem=*0xd00ffad8, attr=*0xd00ffab8, initial_val=0, max_val=1)
HLE: W {PPU[0x1] Thread (main_thread)[0x007dcb90]} sys_semaphore: sys_semaphore_create(sem=*0xd00ffad8, attr=*0xd00ffab8, initial_val=0, max_val=1)
HLE: W {PPU[0x1] Thread (main_thread)[0x007dcb90]} sys_semaphore: sys_semaphore_create(sem=*0xd00ffad8, attr=*0xd00ffab8, initial_val=0, max_val=1)
HLE: W {PPU[0x1] Thread (main_thread)[0x007dcb90]} sys_semaphore: sys_semaphore_create(sem=*0xd00ffad8, attr=*0xd00ffab8, initial_val=0, max_val=1)
HLE: W {PPU[0x1] Thread (main_thread)[0x007dcb90]} sys_spu: sys_spu_thread_group_create(id=*0xd00ffa98, num=5, prio=250, attr=*0xd00ffa08)
HLE: W {PPU[0x1] Thread (main_thread)[0x007dcb90]} sys_spu: sys_spu_thread_initialize(thread=*0xd00ff9e0, group=0x31, spu_num=0, img=*0x207ef2f0, attr=*0xd00ff9d0, arg=*0xd00ff9e8)
HLE: E {PPU[0x1] Thread (main_thread)[0x007dcb90]} sys_spu: Unsupported SPU Thread options (0x2)
HLE: W {PPU[0x1] Thread (main_thread)[0x007dcb90]} sys_spu: sys_spu_thread_initialize(thread=*0xd00ff9e0, group=0x31, spu_num=1, img=*0x207ef2f0, attr=*0xd00ff9d0, arg=*0xd00ff9e8)
HLE: E {PPU[0x1] Thread (main_thread)[0x007dcb90]} sys_spu: Unsupported SPU Thread options (0x2)
HLE: W {PPU[0x1] Thread (main_thread)[0x007dcb90]} sys_spu: sys_spu_thread_initialize(thread=*0xd00ff9e0, group=0x31, spu_num=2, img=*0x207ef2f0, attr=*0xd00ff9d0, arg=*0xd00ff9e8)
HLE: E {PPU[0x1] Thread (main_thread)[0x007dcb90]} sys_spu: Unsupported SPU Thread options (0x2)
HLE: W {PPU[0x1] Thread (main_thread)[0x007dcb90]} sys_spu: sys_spu_thread_initialize(thread=*0xd00ff9e0, group=0x31, spu_num=3, img=*0x207ef2f0, attr=*0xd00ff9d0, arg=*0xd00ff9e8)
HLE: E {PPU[0x1] Thread (main_thread)[0x007dcb90]} sys_spu: Unsupported SPU Thread options (0x2)
HLE: W {PPU[0x1] Thread (main_thread)[0x007dcb90]} sys_spu: sys_spu_thread_initialize(thread=*0xd00ff9e0, group=0x31, spu_num=4, img=*0x207ef2f0, attr=*0xd00ff9d0, arg=*0xd00ff9e8)
HLE: E {PPU[0x1] Thread (main_thread)[0x007dcb90]} sys_spu: Unsupported SPU Thread options (0x2)
HLE: W {PPU[0x1] Thread (main_thread)[0x007dcb90]} sysPrxForUser: sys_lwmutex_create(lwmutex=*0x207ef330, attr=*0xd00ffaa0)
HLE: W {PPU[0x1] Thread (main_thread)[0x007dcb90]} sysPrxForUser: sys_lwcond_create(lwcond=*0x207ef348, lwmutex=*0x207ef330, attr=*0xd00ffab0)
HLE: W {PPU[0x1] Thread (main_thread)[0x007dcb90]} sys_event: sys_event_queue_create(equeue_id=*0x207ef2dc, attr=*0xd00ff938, event_queue_key=0x0, size=42)
HLE: W {PPU[0x1] Thread (main_thread)[0x007dcb90]} sys_spu: sys_spu_thread_group_connect_event_all_threads(id=0x31, eq=0x39, req=0xffffffffffff0000, spup=*0xd00ff928)
HLE: W {PPU[0x1] Thread (main_thread)[0x007dcb90]} sys_event: sys_event_port_create(eport_id=*0x207ef2e0, port_type=1, name=0x0)
HLE: W {PPU[0x1] Thread (main_thread)[0x007dcb90]} sys_event: sys_event_port_connect_local(eport_id=0x3a, equeue_id=0x39)
HLE: W {PPU[0x1] Thread (main_thread)[0x007dcb90]} cellSpurs: cellSpursEnableExceptionEventHandler(spurs=*0x207ee580, flag=1)
HLE: W {PPU[0x3c] Thread (SpursHdlr0)[0x00000000]} sys_spu: sys_spu_thread_group_start(id=0x31)
HLE: W {PPU[0x1] Thread (main_thread)[0x007dcb90]} sys_spu: sys_spu_thread_group_connect_event(id=0x31, eq=0x39, et=2)
HLE: W {PPU[0x3c] Thread (SpursHdlr0)[0x00000000]} sys_spu: sys_spu_thread_group_join(id=0x31, cause=*0x0, status=*0x0)
HLE: W {PPU[0x1] Thread (main_thread)[0x003356b0]} sys_event: sys_event_queue_create(equeue_id=*0xa9b214, attr=*0xd00ffab0, event_queue_key=0x0, size=8)
HLE: W {PPU[0x1] Thread (main_thread)[0x007dbc90]} sysPrxForUser: sys_ppu_thread_create(thread_id=*0xa9b218, entry=0x9a4e90, arg=0xa9b210, prio=1000, stacksize=0x10000, flags=0x1, threadname=*0x88b844)
HLE: W {PPU[0x1] Thread (main_thread)[0x007dbc90]} sys_ppu_thread: _sys_ppu_thread_create(thread_id=*0xa9b218, param=*0xd00ffa38, arg=0xa9b210, unk=0x0, prio=1000, stacksize=0x10000, flags=0x1, threadname=*0x88b844)
HLE: W {PPU[0x1] Thread (main_thread)[0x007dbc90]} sys_ppu_thread: sys_ppu_thread_start(thread_id=0x3e)
HLE: W {PPU[0x1] Thread (main_thread)[0x00335748]} sys_event: sys_event_port_create(eport_id=*0xa9b220, port_type=1, name=0xfee1dead)
HLE: W {PPU[0x1] Thread (main_thread)[0x00335780]} sys_event: sys_event_port_connect_local(eport_id=0x3f, equeue_id=0x3d)
HLE: W {PPU[0x1] Thread (main_thread)[0x007dd650]} cellSpurs: cellSpursAttachLv2EventQueue(spurs=*0x207ee580, queue=0x3d, port=*0xd00ffac0, isDynamic=0)
HLE: W {PPU[0x1] Thread (main_thread)[0x007dd650]} sys_spu: sys_spu_thread_group_connect_event_all_threads(id=0x31, eq=0x3d, req=0x2, spup=*0xd00ffa38)
TTY: UDP LOG: SPURS initialized\n
HLE: W {PPU[0x1] Thread (main_thread)[0x007dc130]} cellSysutil: cellSysutilRegisterCallback(slot=0, func=*0x9966b0, userdata=*0x0)
HLE: W {PPU[0x1] Thread (main_thread)[0x007dd8f0]} cellSysmodule: cellSysmoduleIsLoaded(id=0x0043: CELL_SYSMODULE_FIBER)
G: W {PPU[0x1] Thread (main_thread)[0x007dd750]} Registers:
=========
GPR[0] = 0xffffffff80012003
GPR[1] = 0xd00ff930
GPR[2] = 0x9c2330
GPR[3] = 0xf72038
GPR[4] = 0x9d0000
GPR[5] = 0x8d6718
GPR[6] = 0x1
GPR[7] = 0x0
GPR[8] = 0x23
GPR[9] = 0xf79030
GPR[10] = 0x7ef360
GPR[11] = 0xabaa68
GPR[12] = 0x22000082
GPR[13] = 0xf79030
GPR[14] = 0x0
GPR[15] = 0x96b000
GPR[16] = 0x0
GPR[17] = 0x1
GPR[18] = 0x969000
GPR[19] = 0x100000
GPR[20] = 0x9cb130
GPR[21] = 0x0
GPR[22] = 0x0
GPR[23] = 0x0
GPR[24] = 0x0
GPR[25] = 0x1
GPR[26] = 0x0
GPR[27] = 0x98c698
GPR[28] = 0xd00ffca0
GPR[29] = 0x1
GPR[30] = 0x99ab70
GPR[31] = 0x0
FPR[0] = 0.25
FPR[1] = 16
FPR[2] = 16
FPR[3] = 0.06
FPR[4] = 25.6
FPR[5] = 0.25
FPR[6] = 0.666667
FPR[7] = 0.4
FPR[8] = 0.285714
FPR[9] = 0.0268564
FPR[10] = 0.181837
FPR[11] = 0.15311
FPR[12] = 0.111111
FPR[13] = 0.693147
FPR[14] = 0
FPR[15] = 0
FPR[16] = 0
FPR[17] = 0
FPR[18] = 0
FPR[19] = 0
FPR[20] = 0
FPR[21] = 0
FPR[22] = 0
FPR[23] = 0
FPR[24] = 0
FPR[25] = 0
FPR[26] = 0
FPR[27] = 0
FPR[28] = 0
FPR[29] = 0
FPR[30] = 0
FPR[31] = 0
VPR[0] = 0x00000000000000000000000000000000 [x: 0 y: 0 z: 0 w: 0]
VPR[1] = 0x3f59999a3f59999a3f59999a3f59999a [x: 0.85 y: 0.85 z: 0.85 w: 0.85]
VPR[2] = 0x3f800000000000000000000000000000 [x: 1 y: 0 z: 0 w: 0]
VPR[3] = 0x00000000000000003f80000000000000 [x: 0 y: 0 z: 1 w: 0]
VPR[4] = 0x000000003f8000000000000000000000 [x: 0 y: 1 z: 0 w: 0]
VPR[5] = 0x0000000000000000000000003f800000 [x: 0 y: 0 z: 0 w: 1]
VPR[6] = 0x00000000c34b8000000000003f800000 [x: 0 y: -203.5 z: 0 w: 1]
VPR[7] = 0x00000000000000000000000000000000 [x: 0 y: 0 z: 0 w: 0]
VPR[8] = 0x3f8000003f8000003f8000003f800000 [x: 1 y: 1 z: 1 w: 1]
VPR[9] = 0x00000000000000003f59999a00000000 [x: 0 y: 0 z: 0.85 w: 0]
VPR[10] = 0x00000000000000000000000000000000 [x: 0 y: 0 z: 0 w: 0]
VPR[11] = 0x000000003f59999a0000000000000000 [x: 0 y: 0.85 z: 0 w: 0]
VPR[12] = 0x00000000000000000000000000000000 [x: 0 y: 0 z: 0 w: 0]
VPR[13] = 0x00000000000000000000000000000000 [x: 0 y: 0 z: 0 w: 0]
VPR[14] = 0x00000000000000003f80000000000000 [x: 0 y: 0 z: 1 w: 0]
VPR[15] = 0x0000000000000000000000003f800000 [x: 0 y: 0 z: 0 w: 1]
VPR[16] = 0x00000000c34b8000000000003f800000 [x: 0 y: -203.5 z: 0 w: 1]
VPR[17] = 0x00000000000000000000000000000000 [x: 0 y: 0 z: 0 w: 0]
VPR[18] = 0x00000000000000000000000000000000 [x: 0 y: 0 z: 0 w: 0]
VPR[19] = 0x00000000000000000000000000000000 [x: 0 y: 0 z: 0 w: 0]
VPR[20] = 0x00000000000000000000000000000000 [x: 0 y: 0 z: 0 w: 0]
VPR[21] = 0x00000000000000000000000000000000 [x: 0 y: 0 z: 0 w: 0]
VPR[22] = 0x00000000000000000000000000000000 [x: 0 y: 0 z: 0 w: 0]
VPR[23] = 0x00000000000000000000000000000000 [x: 0 y: 0 z: 0 w: 0]
VPR[24] = 0x00000000000000000000000000000000 [x: 0 y: 0 z: 0 w: 0]
VPR[25] = 0x00000000000000000000000000000000 [x: 0 y: 0 z: 0 w: 0]
VPR[26] = 0x00000000000000000000000000000000 [x: 0 y: 0 z: 0 w: 0]
VPR[27] = 0x00000000000000000000000000000000 [x: 0 y: 0 z: 0 w: 0]
VPR[28] = 0x00000000000000000000000000000000 [x: 0 y: 0 z: 0 w: 0]
VPR[29] = 0x00000000000000000000000000000000 [x: 0 y: 0 z: 0 w: 0]
VPR[30] = 0x00000000000000000000000000000000 [x: 0 y: 0 z: 0 w: 0]
VPR[31] = 0x00000000000000000000000000000000 [x: 0 y: 0 z: 0 w: 0]
CR = 0x22000024
LR = 0x420bfc
CTR = 0x552f28
XER = 0x0 [CA=0 | OV=0 | SO=8589934592]
FPSCR = 0x0 [RN=0 | NI=0 | XE=0 | ZE=0 | UE=0 | OE=0 | VE=0 | VXCVI=0 | VXSQRT=0 | VXSOFT=0 | FPRF=0 | FI=0 | FR=0 | VXVC=0 | VXIMZ=0 | VXZDZ=0 | VXIDI=0 | VXISI=0 | VXSNAN=0 | XX=0 | ZX=0 | UX=0 | OX=0 | VX=0 | FEX=0 | FX=0]

G: E {PPU[0x1] Thread (main_thread)[0x007dd750]} Exception: LLE function not set: _cellFiberPpuInitialize (0x55870804)
(in file Emu\SysCalls\Modules.cpp:126, in function execute_ppu_func_by_index)
G: ! Stopping emulator...
G: ! All threads signaled...
G: W {PPU[0x2] Thread (Callback Thread)[0x00000000]} Registers:
=========
GPR[0] = 0x0
GPR[1] = 0xd010fe00
GPR[2] = 0x0
GPR[3] = 0x0
GPR[4] = 0x0
GPR[5] = 0x0
GPR[6] = 0x0
GPR[7] = 0x0
GPR[8] = 0x0
GPR[9] = 0x0
GPR[10] = 0x0
GPR[11] = 0x0
GPR[12] = 0x0
GPR[13] = 0xf7929c
GPR[14] = 0x0
GPR[15] = 0x0
GPR[16] = 0x0
GPR[17] = 0x0
GPR[18] = 0x0
GPR[19] = 0x0
GPR[20] = 0x0
GPR[21] = 0x0
GPR[22] = 0x0
GPR[23] = 0x0
GPR[24] = 0x0
GPR[25] = 0x0
GPR[26] = 0x0
GPR[27] = 0x0
GPR[28] = 0x0
GPR[29] = 0x0
GPR[30] = 0x0
GPR[31] = 0x0
FPR[0] = 0
FPR[1] = 0
FPR[2] = 0
FPR[3] = 0
FPR[4] = 0
FPR[5] = 0
FPR[6] = 0
FPR[7] = 0
FPR[8] = 0
FPR[9] = 0
FPR[10] = 0
FPR[11] = 0
FPR[12] = 0
FPR[13] = 0
FPR[14] = 0
FPR[15] = 0
FPR[16] = 0
FPR[17] = 0
FPR[18] = 0
FPR[19] = 0
FPR[20] = 0
FPR[21] = 0
FPR[22] = 0
FPR[23] = 0
FPR[24] = 0
FPR[25] = 0
FPR[26] = 0
FPR[27] = 0
FPR[28] = 0
FPR[29] = 0
FPR[30] = 0
FPR[31] = 0
VPR[0] = 0x00000000000000000000000000000000 [x: 0 y: 0 z: 0 w: 0]
VPR[1] = 0x00000000000000000000000000000000 [x: 0 y: 0 z: 0 w: 0]
VPR[2] = 0x00000000000000000000000000000000 [x: 0 y: 0 z: 0 w: 0]
VPR[3] = 0x00000000000000000000000000000000 [x: 0 y: 0 z: 0 w: 0]
VPR[4] = 0x00000000000000000000000000000000 [x: 0 y: 0 z: 0 w: 0]
VPR[5] = 0x00000000000000000000000000000000 [x: 0 y: 0 z: 0 w: 0]
VPR[6] = 0x00000000000000000000000000000000 [x: 0 y: 0 z: 0 w: 0]
VPR[7] = 0x00000000000000000000000000000000 [x: 0 y: 0 z: 0 w: 0]
VPR[8] = 0x00000000000000000000000000000000 [x: 0 y: 0 z: 0 w: 0]
VPR[9] = 0x00000000000000000000000000000000 [x: 0 y: 0 z: 0 w: 0]
VPR[10] = 0x00000000000000000000000000000000 [x: 0 y: 0 z: 0 w: 0]
VPR[11] = 0x00000000000000000000000000000000 [x: 0 y: 0 z: 0 w: 0]
VPR[12] = 0x00000000000000000000000000000000 [x: 0 y: 0 z: 0 w: 0]
VPR[13] = 0x00000000000000000000000000000000 [x: 0 y: 0 z: 0 w: 0]
VPR[14] = 0x00000000000000000000000000000000 [x: 0 y: 0 z: 0 w: 0]
VPR[15] = 0x00000000000000000000000000000000 [x: 0 y: 0 z: 0 w: 0]
VPR[16] = 0x00000000000000000000000000000000 [x: 0 y: 0 z: 0 w: 0]
VPR[17] = 0x00000000000000000000000000000000 [x: 0 y: 0 z: 0 w: 0]
VPR[18] = 0x00000000000000000000000000000000 [x: 0 y: 0 z: 0 w: 0]
VPR[19] = 0x00000000000000000000000000000000 [x: 0 y: 0 z: 0 w: 0]
VPR[20] = 0x00000000000000000000000000000000 [x: 0 y: 0 z: 0 w: 0]
VPR[21] = 0x00000000000000000000000000000000 [x: 0 y: 0 z: 0 w: 0]
VPR[22] = 0x00000000000000000000000000000000 [x: 0 y: 0 z: 0 w: 0]
VPR[23] = 0x00000000000000000000000000000000 [x: 0 y: 0 z: 0 w: 0]
VPR[24] = 0x00000000000000000000000000000000 [x: 0 y: 0 z: 0 w: 0]
VPR[25] = 0x00000000000000000000000000000000 [x: 0 y: 0 z: 0 w: 0]
VPR[26] = 0x00000000000000000000000000000000 [x: 0 y: 0 z: 0 w: 0]
VPR[27] = 0x00000000000000000000000000000000 [x: 0 y: 0 z: 0 w: 0]
VPR[28] = 0x00000000000000000000000000000000 [x: 0 y: 0 z: 0 w: 0]
VPR[29] = 0x00000000000000000000000000000000 [x: 0 y: 0 z: 0 w: 0]
VPR[30] = 0x00000000000000000000000000000000 [x: 0 y: 0 z: 0 w: 0]
VPR[31] = 0x00000000000000000000000000000000 [x: 0 y: 0 z: 0 w: 0]
CR = 0x22000082
LR = 0x0
CTR = 0x0
XER = 0x0 [CA=0 | OV=0 | SO=8589934592]
FPSCR = 0x0 [RN=0 | NI=0 | XE=0 | ZE=0 | UE=0 | OE=0 | VE=0 | VXCVI=0 | VXSQRT=0 | VXSOFT=0 | FPRF=0 | FI=0 | FR=0 | VXVC=0 | VXIMZ=0 | VXZDZ=0 | VXIDI=0 | VXISI=0 | VXSNAN=0 | XX=0 | ZX=0 | UX=0 | OX=0 | VX=0 | FEX=0 | FX=0]

G: W {PPU[0x2] Thread (Callback Thread)[0x00000000]} Exception: Aborted (emulation stopped)
(in file Emu\SysCalls\Callback.cpp:58, in function CallbackManager::Init::<lambda_46ea869b6054320987a0d5fa0b32bb88>::operator ())
HLE: S {PPU[0x3e] Thread (spu_printf_handler)[0x003359f0]} Last syscall: 130 (sys_event_queue_receive)
G: W {PPU[0x3c] Thread (SpursHdlr0)[0x00000000]} Registers:
=========
GPR[0] = 0x0
GPR[1] = 0xd011be00
GPR[2] = 0x0
GPR[3] = 0x207ee580
GPR[4] = 0x0
GPR[5] = 0x0
GPR[6] = 0x0
GPR[7] = 0x0
GPR[8] = 0x0
GPR[9] = 0x0
GPR[10] = 0x0
GPR[11] = 0x0
GPR[12] = 0x0
GPR[13] = 0xf79774
GPR[14] = 0x0
GPR[15] = 0x0
GPR[16] = 0x0
GPR[17] = 0x0
GPR[18] = 0x0
GPR[19] = 0x0
GPR[20] = 0x0
GPR[21] = 0x0
GPR[22] = 0x0
GPR[23] = 0x0
GPR[24] = 0x0
GPR[25] = 0x0
GPR[26] = 0x0
GPR[27] = 0x0
GPR[28] = 0x0
GPR[29] = 0x0
GPR[30] = 0x0
GPR[31] = 0x0
FPR[0] = 0
FPR[1] = 0
FPR[2] = 0
FPR[3] = 0
FPR[4] = 0
FPR[5] = 0
FPR[6] = 0
FPR[7] = 0
FPR[8] = 0
FPR[9] = 0
FPR[10] = 0
FPR[11] = 0
FPR[12] = 0
FPR[13] = 0
FPR[14] = 0
FPR[15] = 0
FPR[16] = 0
FPR[17] = 0
FPR[18] = 0
FPR[19] = 0
FPR[20] = 0
FPR[21] = 0
FPR[22] = 0
FPR[23] = 0
FPR[24] = 0
FPR[25] = 0
FPR[26] = 0
FPR[27] = 0
FPR[28] = 0
FPR[29] = 0
FPR[30] = 0
FPR[31] = 0
VPR[0] = 0x00000000000000000000000000000000 [x: 0 y: 0 z: 0 w: 0]
VPR[1] = 0x00000000000000000000000000000000 [x: 0 y: 0 z: 0 w: 0]
VPR[2] = 0x00000000000000000000000000000000 [x: 0 y: 0 z: 0 w: 0]
VPR[3] = 0x00000000000000000000000000000000 [x: 0 y: 0 z: 0 w: 0]
VPR[4] = 0x00000000000000000000000000000000 [x: 0 y: 0 z: 0 w: 0]
VPR[5] = 0x00000000000000000000000000000000 [x: 0 y: 0 z: 0 w: 0]
VPR[6] = 0x00000000000000000000000000000000 [x: 0 y: 0 z: 0 w: 0]
VPR[7] = 0x00000000000000000000000000000000 [x: 0 y: 0 z: 0 w: 0]
VPR[8] = 0x00000000000000000000000000000000 [x: 0 y: 0 z: 0 w: 0]
VPR[9] = 0x00000000000000000000000000000000 [x: 0 y: 0 z: 0 w: 0]
VPR[10] = 0x00000000000000000000000000000000 [x: 0 y: 0 z: 0 w: 0]
VPR[11] = 0x00000000000000000000000000000000 [x: 0 y: 0 z: 0 w: 0]
VPR[12] = 0x00000000000000000000000000000000 [x: 0 y: 0 z: 0 w: 0]
VPR[13] = 0x00000000000000000000000000000000 [x: 0 y: 0 z: 0 w: 0]
VPR[14] = 0x00000000000000000000000000000000 [x: 0 y: 0 z: 0 w: 0]
VPR[15] = 0x00000000000000000000000000000000 [x: 0 y: 0 z: 0 w: 0]
VPR[16] = 0x00000000000000000000000000000000 [x: 0 y: 0 z: 0 w: 0]
VPR[17] = 0x00000000000000000000000000000000 [x: 0 y: 0 z: 0 w: 0]
VPR[18] = 0x00000000000000000000000000000000 [x: 0 y: 0 z: 0 w: 0]
VPR[19] = 0x00000000000000000000000000000000 [x: 0 y: 0 z: 0 w: 0]
VPR[20] = 0x00000000000000000000000000000000 [x: 0 y: 0 z: 0 w: 0]
VPR[21] = 0x00000000000000000000000000000000 [x: 0 y: 0 z: 0 w: 0]
VPR[22] = 0x00000000000000000000000000000000 [x: 0 y: 0 z: 0 w: 0]
VPR[23] = 0x00000000000000000000000000000000 [x: 0 y: 0 z: 0 w: 0]
VPR[24] = 0x00000000000000000000000000000000 [x: 0 y: 0 z: 0 w: 0]
VPR[25] = 0x00000000000000000000000000000000 [x: 0 y: 0 z: 0 w: 0]
VPR[26] = 0x00000000000000000000000000000000 [x: 0 y: 0 z: 0 w: 0]
VPR[27] = 0x00000000000000000000000000000000 [x: 0 y: 0 z: 0 w: 0]
VPR[28] = 0x00000000000000000000000000000000 [x: 0 y: 0 z: 0 w: 0]
VPR[29] = 0x00000000000000000000000000000000 [x: 0 y: 0 z: 0 w: 0]
VPR[30] = 0x00000000000000000000000000000000 [x: 0 y: 0 z: 0 w: 0]
VPR[31] = 0x00000000000000000000000000000000 [x: 0 y: 0 z: 0 w: 0]
CR = 0x22000082
LR = 0x0
CTR = 0x0
XER = 0x0 [CA=0 | OV=0 | SO=8589934592]
FPSCR = 0x0 [RN=0 | NI=0 | XE=0 | ZE=0 | UE=0 | OE=0 | VE=0 | VXCVI=0 | VXSQRT=0 | VXSOFT=0 | FPRF=0 | FI=0 | FR=0 | VXVC=0 | VXIMZ=0 | VXZDZ=0 | VXIDI=0 | VXISI=0 | VXSNAN=0 | XX=0 | ZX=0 | UX=0 | OX=0 | VX=0 | FEX=0 | FX=0]

G: W {PPU[0x3c] Thread (SpursHdlr0)[0x00000000]} Exception: Aborted (emulation stopped)
(in file Emu\SysCalls\lv2\sys_spu.cpp:550, in function sys_spu_thread_group_join)
G: W {PPU[0x3e] Thread (spu_printf_handler)[0x003359f0]} Registers:
=========
GPR[0] = 0x0
GPR[1] = 0xd012bd40
GPR[2] = 0x9c2330
GPR[3] = 0x3d
GPR[4] = 0xd012bdb0
GPR[5] = 0x0
GPR[6] = 0x0
GPR[7] = 0x0
GPR[8] = 0x0
GPR[9] = 0x0
GPR[10] = 0x0
GPR[11] = 0x82
GPR[12] = 0x0
GPR[13] = 0xf799e0
GPR[14] = 0x0
GPR[15] = 0x0
GPR[16] = 0x0
GPR[17] = 0x0
GPR[18] = 0x0
GPR[19] = 0x0
GPR[20] = 0x0
GPR[21] = 0x0
GPR[22] = 0x0
GPR[23] = 0x0
GPR[24] = 0x0
GPR[25] = 0x0
GPR[26] = 0x0
GPR[27] = 0x0
GPR[28] = 0xa9b210
GPR[29] = 0xfee1dead
GPR[30] = 0x88b7c8
GPR[31] = 0x88b7f0
FPR[0] = 0
FPR[1] = 0
FPR[2] = 0
FPR[3] = 0
FPR[4] = 0
FPR[5] = 0
FPR[6] = 0
FPR[7] = 0
FPR[8] = 0
FPR[9] = 0
FPR[10] = 0
FPR[11] = 0
FPR[12] = 0
FPR[13] = 0
FPR[14] = 0
FPR[15] = 0
FPR[16] = 0
FPR[17] = 0
FPR[18] = 0
FPR[19] = 0
FPR[20] = 0
FPR[21] = 0
FPR[22] = 0
FPR[23] = 0
FPR[24] = 0
FPR[25] = 0
FPR[26] = 0
FPR[27] = 0
FPR[28] = 0
FPR[29] = 0
FPR[30] = 0
FPR[31] = 0
VPR[0] = 0x00000000000000000000000000000000 [x: 0 y: 0 z: 0 w: 0]
VPR[1] = 0x00000000000000000000000000000000 [x: 0 y: 0 z: 0 w: 0]
VPR[2] = 0x00000000000000000000000000000000 [x: 0 y: 0 z: 0 w: 0]
VPR[3] = 0x00000000000000000000000000000000 [x: 0 y: 0 z: 0 w: 0]
VPR[4] = 0x00000000000000000000000000000000 [x: 0 y: 0 z: 0 w: 0]
VPR[5] = 0x00000000000000000000000000000000 [x: 0 y: 0 z: 0 w: 0]
VPR[6] = 0x00000000000000000000000000000000 [x: 0 y: 0 z: 0 w: 0]
VPR[7] = 0x00000000000000000000000000000000 [x: 0 y: 0 z: 0 w: 0]
VPR[8] = 0x00000000000000000000000000000000 [x: 0 y: 0 z: 0 w: 0]
VPR[9] = 0x00000000000000000000000000000000 [x: 0 y: 0 z: 0 w: 0]
VPR[10] = 0x00000000000000000000000000000000 [x: 0 y: 0 z: 0 w: 0]
VPR[11] = 0x00000000000000000000000000000000 [x: 0 y: 0 z: 0 w: 0]
VPR[12] = 0x00000000000000000000000000000000 [x: 0 y: 0 z: 0 w: 0]
VPR[13] = 0x00000000000000000000000000000000 [x: 0 y: 0 z: 0 w: 0]
VPR[14] = 0x00000000000000000000000000000000 [x: 0 y: 0 z: 0 w: 0]
VPR[15] = 0x00000000000000000000000000000000 [x: 0 y: 0 z: 0 w: 0]
VPR[16] = 0x00000000000000000000000000000000 [x: 0 y: 0 z: 0 w: 0]
VPR[17] = 0x00000000000000000000000000000000 [x: 0 y: 0 z: 0 w: 0]
VPR[18] = 0x00000000000000000000000000000000 [x: 0 y: 0 z: 0 w: 0]
VPR[19] = 0x00000000000000000000000000000000 [x: 0 y: 0 z: 0 w: 0]
VPR[20] = 0x00000000000000000000000000000000 [x: 0 y: 0 z: 0 w: 0]
VPR[21] = 0x00000000000000000000000000000000 [x: 0 y: 0 z: 0 w: 0]
VPR[22] = 0x00000000000000000000000000000000 [x: 0 y: 0 z: 0 w: 0]
VPR[23] = 0x00000000000000000000000000000000 [x: 0 y: 0 z: 0 w: 0]
VPR[24] = 0x00000000000000000000000000000000 [x: 0 y: 0 z: 0 w: 0]
VPR[25] = 0x00000000000000000000000000000000 [x: 0 y: 0 z: 0 w: 0]
VPR[26] = 0x00000000000000000000000000000000 [x: 0 y: 0 z: 0 w: 0]
VPR[27] = 0x00000000000000000000000000000000 [x: 0 y: 0 z: 0 w: 0]
VPR[28] = 0x00000000000000000000000000000000 [x: 0 y: 0 z: 0 w: 0]
VPR[29] = 0x00000000000000000000000000000000 [x: 0 y: 0 z: 0 w: 0]
VPR[30] = 0x00000000000000000000000000000000 [x: 0 y: 0 z: 0 w: 0]
VPR[31] = 0x00000000000000000000000000000000 [x: 0 y: 0 z: 0 w: 0]
CR = 0x22000082
LR = 0x0
CTR = 0x0
XER = 0x0 [CA=0 | OV=0 | SO=8589934592]
FPSCR = 0x0 [RN=0 | NI=0 | XE=0 | ZE=0 | UE=0 | OE=0 | VE=0 | VXCVI=0 | VXSQRT=0 | VXSOFT=0 | FPRF=0 | FI=0 | FR=0 | VXVC=0 | VXIMZ=0 | VXZDZ=0 | VXIDI=0 | VXISI=0 | VXSNAN=0 | XX=0 | ZX=0 | UX=0 | OX=0 | VX=0 | FEX=0 | FX=0]

G: W {PPU[0x3b] Thread (SpursHdlr1)[0x00000000]} Registers:
=========
GPR[0] = 0x0
GPR[1] = 0xd0117cf8
GPR[2] = 0x0
GPR[3] = 0x207ee580
GPR[4] = 0x0
GPR[5] = 0x0
GPR[6] = 0x0
GPR[7] = 0x0
GPR[8] = 0x0
GPR[9] = 0x0
GPR[10] = 0x0
GPR[11] = 0x0
GPR[12] = 0x0
GPR[13] = 0xf79508
GPR[14] = 0x0
GPR[15] = 0x0
GPR[16] = 0x0
GPR[17] = 0x0
GPR[18] = 0x0
GPR[19] = 0x0
GPR[20] = 0x0
GPR[21] = 0x0
GPR[22] = 0x0
GPR[23] = 0x0
GPR[24] = 0x0
GPR[25] = 0x0
GPR[26] = 0x0
GPR[27] = 0x0
GPR[28] = 0x0
GPR[29] = 0x0
GPR[30] = 0x0
GPR[31] = 0x0
FPR[0] = 0
FPR[1] = 0
FPR[2] = 0
FPR[3] = 0
FPR[4] = 0
FPR[5] = 0
FPR[6] = 0
FPR[7] = 0
FPR[8] = 0
FPR[9] = 0
FPR[10] = 0
FPR[11] = 0
FPR[12] = 0
FPR[13] = 0
FPR[14] = 0
FPR[15] = 0
FPR[16] = 0
FPR[17] = 0
FPR[18] = 0
FPR[19] = 0
FPR[20] = 0
FPR[21] = 0
FPR[22] = 0
FPR[23] = 0
FPR[24] = 0
FPR[25] = 0
FPR[26] = 0
FPR[27] = 0
FPR[28] = 0
FPR[29] = 0
FPR[30] = 0
FPR[31] = 0
VPR[0] = 0x00000000000000000000000000000000 [x: 0 y: 0 z: 0 w: 0]
VPR[1] = 0x00000000000000000000000000000000 [x: 0 y: 0 z: 0 w: 0]
VPR[2] = 0x00000000000000000000000000000000 [x: 0 y: 0 z: 0 w: 0]
VPR[3] = 0x00000000000000000000000000000000 [x: 0 y: 0 z: 0 w: 0]
VPR[4] = 0x00000000000000000000000000000000 [x: 0 y: 0 z: 0 w: 0]
VPR[5] = 0x00000000000000000000000000000000 [x: 0 y: 0 z: 0 w: 0]
VPR[6] = 0x00000000000000000000000000000000 [x: 0 y: 0 z: 0 w: 0]
VPR[7] = 0x00000000000000000000000000000000 [x: 0 y: 0 z: 0 w: 0]
VPR[8] = 0x00000000000000000000000000000000 [x: 0 y: 0 z: 0 w: 0]
VPR[9] = 0x00000000000000000000000000000000 [x: 0 y: 0 z: 0 w: 0]
VPR[10] = 0x00000000000000000000000000000000 [x: 0 y: 0 z: 0 w: 0]
VPR[11] = 0x00000000000000000000000000000000 [x: 0 y: 0 z: 0 w: 0]
VPR[12] = 0x00000000000000000000000000000000 [x: 0 y: 0 z: 0 w: 0]
VPR[13] = 0x00000000000000000000000000000000 [x: 0 y: 0 z: 0 w: 0]
VPR[14] = 0x00000000000000000000000000000000 [x: 0 y: 0 z: 0 w: 0]
VPR[15] = 0x00000000000000000000000000000000 [x: 0 y: 0 z: 0 w: 0]
VPR[16] = 0x00000000000000000000000000000000 [x: 0 y: 0 z: 0 w: 0]
VPR[17] = 0x00000000000000000000000000000000 [x: 0 y: 0 z: 0 w: 0]
VPR[18] = 0x00000000000000000000000000000000 [x: 0 y: 0 z: 0 w: 0]
VPR[19] = 0x00000000000000000000000000000000 [x: 0 y: 0 z: 0 w: 0]
VPR[20] = 0x00000000000000000000000000000000 [x: 0 y: 0 z: 0 w: 0]
VPR[21] = 0x00000000000000000000000000000000 [x: 0 y: 0 z: 0 w: 0]
VPR[22] = 0x00000000000000000000000000000000 [x: 0 y: 0 z: 0 w: 0]
VPR[23] = 0x00000000000000000000000000000000 [x: 0 y: 0 z: 0 w: 0]
VPR[24] = 0x00000000000000000000000000000000 [x: 0 y: 0 z: 0 w: 0]
VPR[25] = 0x00000000000000000000000000000000 [x: 0 y: 0 z: 0 w: 0]
VPR[26] = 0x00000000000000000000000000000000 [x: 0 y: 0 z: 0 w: 0]
VPR[27] = 0x00000000000000000000000000000000 [x: 0 y: 0 z: 0 w: 0]
VPR[28] = 0x00000000000000000000000000000000 [x: 0 y: 0 z: 0 w: 0]
VPR[29] = 0x00000000000000000000000000000000 [x: 0 y: 0 z: 0 w: 0]
VPR[30] = 0x00000000000000000000000000000000 [x: 0 y: 0 z: 0 w: 0]
VPR[31] = 0x00000000000000000000000000000000 [x: 0 y: 0 z: 0 w: 0]
CR = 0x22000082
LR = 0x0
CTR = 0x0
XER = 0x0 [CA=0 | OV=0 | SO=8589934592]
FPSCR = 0x0 [RN=0 | NI=0 | XE=0 | ZE=0 | UE=0 | OE=0 | VE=0 | VXCVI=0 | VXSQRT=0 | VXSOFT=0 | FPRF=0 | FI=0 | FR=0 | VXVC=0 | VXIMZ=0 | VXZDZ=0 | VXIDI=0 | VXISI=0 | VXSNAN=0 | XX=0 | ZX=0 | UX=0 | OX=0 | VX=0 | FEX=0 | FX=0]

G: W {PPU[0x3e] Thread (spu_printf_handler)[0x003359f0]} Exception: Aborted (emulation stopped)
(in file Emu\SysCalls\lv2\sys_event.cpp:175, in function sys_event_queue_receive)
G: W {PPU[0x3b] Thread (SpursHdlr1)[0x00000000]} Exception: Aborted (emulation stopped)
(in file Emu\SysCalls\lv2\sys_event.cpp:175, in function sys_event_queue_receive)
G: W {SPU[0x32] Thread (CellSpursKernel0)[0x00000818]} Registers:
=========
GPR[0] = 0x00000000000000000000000000000000
GPR[1] = 0x0003fff0000000000000000000000000
GPR[2] = 0x00000000000000000000000000000000
GPR[3] = 0x00000000000000000000000000000000
GPR[4] = 0x00000000207ee5800000000000000000
GPR[5] = 0x84000082000000030000000000000000
GPR[6] = 0x00000000005397680000000000000000
GPR[7] = 0x00000000000000000000000000000000
GPR[8] = 0x00000000000000000000000000000000
GPR[9] = 0x00000000000000000000000000000000
GPR[10] = 0x00000000000000000000000000000000
GPR[11] = 0x00000000000000000000000000000000
GPR[12] = 0x00000000000000000000000000000000
GPR[13] = 0x00000000000000000000000000000000
GPR[14] = 0x00000000000000000000000000000000
GPR[15] = 0x00000000000000000000000000000000
GPR[16] = 0x00000000000000000000000000000000
GPR[17] = 0x00000000000000000000000000000000
GPR[18] = 0x00000000000000000000000000000000
GPR[19] = 0x00000000000000000000000000000000
GPR[20] = 0x00000000000000000000000000000000
GPR[21] = 0x00000000000000000000000000000000
GPR[22] = 0x00000000000000000000000000000000
GPR[23] = 0x00000000000000000000000000000000
GPR[24] = 0x00000000000000000000000000000000
GPR[25] = 0x00000000000000000000000000000000
GPR[26] = 0x00000000000000000000000000000000
GPR[27] = 0x00000000000000000000000000000000
GPR[28] = 0x00000000000000000000000000000000
GPR[29] = 0x00000000000000000000000000000000
GPR[30] = 0x00000000000000000000000000000000
GPR[31] = 0x00000000000000000000000000000000
GPR[32] = 0x00000000000000000000000000000000
GPR[33] = 0x00000000000000000000000000000000
GPR[34] = 0x00000000000000000000000000000000
GPR[35] = 0x00000000000000000000000000000000
GPR[36] = 0x00000000000000000000000000000000
GPR[37] = 0x00000000000000000000000000000000
GPR[38] = 0x00000000000000000000000000000000
GPR[39] = 0x00000000000000000000000000000000
GPR[40] = 0x00000000000000000000000000000000
GPR[41] = 0x00000000000000000000000000000000
GPR[42] = 0x00000000000000000000000000000000
GPR[43] = 0x00000000000000000000000000000000
GPR[44] = 0x00000000000000000000000000000000
GPR[45] = 0x00000000000000000000000000000000
GPR[46] = 0x00000000000000000000000000000000
GPR[47] = 0x00000000000000000000000000000000
GPR[48] = 0x00000000000000000000000000000000
GPR[49] = 0x00000000000000000000000000000000
GPR[50] = 0x00000000000000000000000000000000
GPR[51] = 0x00000000000000000000000000000000
GPR[52] = 0x00000000000000000000000000000000
GPR[53] = 0x00000000000000000000000000000000
GPR[54] = 0x00000000000000000000000000000000
GPR[55] = 0x00000000000000000000000000000000
GPR[56] = 0x00000000000000000000000000000000
GPR[57] = 0x00000000000000000000000000000000
GPR[58] = 0x00000000000000000000000000000000
GPR[59] = 0x00000000000000000000000000000000
GPR[60] = 0x00000000000000000000000000000000
GPR[61] = 0x00000000000000000000000000000000
GPR[62] = 0x00000000000000000000000000000000
GPR[63] = 0x00000000000000000000000000000000
GPR[64] = 0x00000000000000000000000000000000
GPR[65] = 0x00000000000000000000000000000000
GPR[66] = 0x00000000000000000000000000000000
GPR[67] = 0x00000000000000000000000000000000
GPR[68] = 0x00000000000000000000000000000000
GPR[69] = 0x00000000000000000000000000000000
GPR[70] = 0x00000000000000000000000000000000
GPR[71] = 0x00000000000000000000000000000000
GPR[72] = 0x00000000000000000000000000000000
GPR[73] = 0x00000000000000000000000000000000
GPR[74] = 0x00000000000000000000000000000000
GPR[75] = 0x00000000000000000000000000000000
GPR[76] = 0x00000000000000000000000000000000
GPR[77] = 0x00000000000000000000000000000000
GPR[78] = 0x00000000000000000000000000000000
GPR[79] = 0x00000000000000000000000000000000
GPR[80] = 0x00000000000000000000000000000000
GPR[81] = 0x00000000000000000000000000000000
GPR[82] = 0x00000000000000000000000000000000
GPR[83] = 0x00000000000000000000000000000000
GPR[84] = 0x00000000000000000000000000000000
GPR[85] = 0x00000000000000000000000000000000
GPR[86] = 0x00000000000000000000000000000000
GPR[87] = 0x00000000000000000000000000000000
GPR[88] = 0x00000000000000000000000000000000
GPR[89] = 0x00000000000000000000000000000000
GPR[90] = 0x00000000000000000000000000000000
GPR[91] = 0x00000000000000000000000000000000
GPR[92] = 0x00000000000000000000000000000000
GPR[93] = 0x00000000000000000000000000000000
GPR[94] = 0x00000000000000000000000000000000
GPR[95] = 0x00000000000000000000000000000000
GPR[96] = 0x00000000000000000000000000000000
GPR[97] = 0x00000000000000000000000000000000
GPR[98] = 0x00000000000000000000000000000000
GPR[99] = 0x00000000000000000000000000000000
GPR[100] = 0x00000000000000000000000000000000
GPR[101] = 0x00000000000000000000000000000000
GPR[102] = 0x00000000000000000000000000000000
GPR[103] = 0x00000000000000000000000000000000
GPR[104] = 0x00000000000000000000000000000000
GPR[105] = 0x00000000000000000000000000000000
GPR[106] = 0x00000000000000000000000000000000
GPR[107] = 0x00000000000000000000000000000000
GPR[108] = 0x00000000000000000000000000000000
GPR[109] = 0x00000000000000000000000000000000
GPR[110] = 0x00000000000000000000000000000000
GPR[111] = 0x00000000000000000000000000000000
GPR[112] = 0x00000000000000000000000000000000
GPR[113] = 0x00000000000000000000000000000000
GPR[114] = 0x00000000000000000000000000000000
GPR[115] = 0x00000000000000000000000000000000
GPR[116] = 0x00000000000000000000000000000000
GPR[117] = 0x00000000000000000000000000000000
GPR[118] = 0x00000000000000000000000000000000
GPR[119] = 0x00000000000000000000000000000000
GPR[120] = 0x00000000000000000000000000000000
GPR[121] = 0x00000000000000000000000000000000
GPR[122] = 0x00000000000000000000000000000000
GPR[123] = 0x00000000000000000000000000000000
GPR[124] = 0x00000000000000000000000000000000
GPR[125] = 0x00000000000000000000000000000000
GPR[126] = 0x00000000000000000000000000000000
GPR[127] = 0x00000000000000000000000000000000

G: W {SPU[0x32] Thread (CellSpursKernel0)[0x00000818]} Exception: Aborted (emulation stopped)
(in file Emu\SysCalls\Modules\cellSpursSpu.cpp:533, in function spursKernelEntry)
G: W {SPU[0x35] Thread (CellSpursKernel3)[0x00000818]} Registers:
=========
GPR[0] = 0x00000000000000000000000000000000
GPR[1] = 0x0003fff0000000000000000000000000
GPR[2] = 0x00000000000000000000000000000000
GPR[3] = 0x00000003000000000000000000000000
GPR[4] = 0x00000000207ee5800000000000000000
GPR[5] = 0x84000082000000030000000000000000
GPR[6] = 0x00000000005397680000000000000000
GPR[7] = 0x00000000000000000000000000000000
GPR[8] = 0x00000000000000000000000000000000
GPR[9] = 0x00000000000000000000000000000000
GPR[10] = 0x00000000000000000000000000000000
GPR[11] = 0x00000000000000000000000000000000
GPR[12] = 0x00000000000000000000000000000000
GPR[13] = 0x00000000000000000000000000000000
GPR[14] = 0x00000000000000000000000000000000
GPR[15] = 0x00000000000000000000000000000000
GPR[16] = 0x00000000000000000000000000000000
GPR[17] = 0x00000000000000000000000000000000
GPR[18] = 0x00000000000000000000000000000000
GPR[19] = 0x00000000000000000000000000000000
GPR[20] = 0x00000000000000000000000000000000
GPR[21] = 0x00000000000000000000000000000000
GPR[22] = 0x00000000000000000000000000000000
GPR[23] = 0x00000000000000000000000000000000
GPR[24] = 0x00000000000000000000000000000000
GPR[25] = 0x00000000000000000000000000000000
GPR[26] = 0x00000000000000000000000000000000
GPR[27] = 0x00000000000000000000000000000000
GPR[28] = 0x00000000000000000000000000000000
GPR[29] = 0x00000000000000000000000000000000
GPR[30] = 0x00000000000000000000000000000000
GPR[31] = 0x00000000000000000000000000000000
GPR[32] = 0x00000000000000000000000000000000
GPR[33] = 0x00000000000000000000000000000000
GPR[34] = 0x00000000000000000000000000000000
GPR[35] = 0x00000000000000000000000000000000
GPR[36] = 0x00000000000000000000000000000000
GPR[37] = 0x00000000000000000000000000000000
GPR[38] = 0x00000000000000000000000000000000
GPR[39] = 0x00000000000000000000000000000000
GPR[40] = 0x00000000000000000000000000000000
GPR[41] = 0x00000000000000000000000000000000
GPR[42] = 0x00000000000000000000000000000000
GPR[43] = 0x00000000000000000000000000000000
GPR[44] = 0x00000000000000000000000000000000
GPR[45] = 0x00000000000000000000000000000000
GPR[46] = 0x00000000000000000000000000000000
GPR[47] = 0x00000000000000000000000000000000
GPR[48] = 0x00000000000000000000000000000000
GPR[49] = 0x00000000000000000000000000000000
GPR[50] = 0x00000000000000000000000000000000
GPR[51] = 0x00000000000000000000000000000000
GPR[52] = 0x00000000000000000000000000000000
GPR[53] = 0x00000000000000000000000000000000
GPR[54] = 0x00000000000000000000000000000000
GPR[55] = 0x00000000000000000000000000000000
GPR[56] = 0x00000000000000000000000000000000
GPR[57] = 0x00000000000000000000000000000000
GPR[58] = 0x00000000000000000000000000000000
GPR[59] = 0x00000000000000000000000000000000
GPR[60] = 0x00000000000000000000000000000000
GPR[61] = 0x00000000000000000000000000000000
GPR[62] = 0x00000000000000000000000000000000
GPR[63] = 0x00000000000000000000000000000000
GPR[64] = 0x00000000000000000000000000000000
GPR[65] = 0x00000000000000000000000000000000
GPR[66] = 0x00000000000000000000000000000000
GPR[67] = 0x00000000000000000000000000000000
GPR[68] = 0x00000000000000000000000000000000
GPR[69] = 0x00000000000000000000000000000000
GPR[70] = 0x00000000000000000000000000000000
GPR[71] = 0x00000000000000000000000000000000
GPR[72] = 0x00000000000000000000000000000000
GPR[73] = 0x00000000000000000000000000000000
GPR[74] = 0x00000000000000000000000000000000
GPR[75] = 0x00000000000000000000000000000000
GPR[76] = 0x00000000000000000000000000000000
GPR[77] = 0x00000000000000000000000000000000
GPR[78] = 0x00000000000000000000000000000000
GPR[79] = 0x00000000000000000000000000000000
GPR[80] = 0x00000000000000000000000000000000
GPR[81] = 0x00000000000000000000000000000000
GPR[82] = 0x00000000000000000000000000000000
GPR[83] = 0x00000000000000000000000000000000
GPR[84] = 0x00000000000000000000000000000000
GPR[85] = 0x00000000000000000000000000000000
GPR[86] = 0x00000000000000000000000000000000
GPR[87] = 0x00000000000000000000000000000000
GPR[88] = 0x00000000000000000000000000000000
GPR[89] = 0x00000000000000000000000000000000
GPR[90] = 0x00000000000000000000000000000000
GPR[91] = 0x00000000000000000000000000000000
GPR[92] = 0x00000000000000000000000000000000
GPR[93] = 0x00000000000000000000000000000000
GPR[94] = 0x00000000000000000000000000000000
GPR[95] = 0x00000000000000000000000000000000
GPR[96] = 0x00000000000000000000000000000000
GPR[97] = 0x00000000000000000000000000000000
GPR[98] = 0x00000000000000000000000000000000
GPR[99] = 0x00000000000000000000000000000000
GPR[100] = 0x00000000000000000000000000000000
GPR[101] = 0x00000000000000000000000000000000
GPR[102] = 0x00000000000000000000000000000000
GPR[103] = 0x00000000000000000000000000000000
GPR[104] = 0x00000000000000000000000000000000
GPR[105] = 0x00000000000000000000000000000000
GPR[106] = 0x00000000000000000000000000000000
GPR[107] = 0x00000000000000000000000000000000
GPR[108] = 0x00000000000000000000000000000000
GPR[109] = 0x00000000000000000000000000000000
GPR[110] = 0x00000000000000000000000000000000
GPR[111] = 0x00000000000000000000000000000000
GPR[112] = 0x00000000000000000000000000000000
GPR[113] = 0x00000000000000000000000000000000
GPR[114] = 0x00000000000000000000000000000000
GPR[115] = 0x00000000000000000000000000000000
GPR[116] = 0x00000000000000000000000000000000
GPR[117] = 0x00000000000000000000000000000000
GPR[118] = 0x00000000000000000000000000000000
GPR[119] = 0x00000000000000000000000000000000
GPR[120] = 0x00000000000000000000000000000000
GPR[121] = 0x00000000000000000000000000000000
GPR[122] = 0x00000000000000000000000000000000
GPR[123] = 0x00000000000000000000000000000000
GPR[124] = 0x00000000000000000000000000000000
GPR[125] = 0x00000000000000000000000000000000
GPR[126] = 0x00000000000000000000000000000000
GPR[127] = 0x00000000000000000000000000000000

G: W {SPU[0x35] Thread (CellSpursKernel3)[0x00000818]} Exception: Aborted (emulation stopped)
(in file Emu\SysCalls\Modules\cellSpursSpu.cpp:533, in function spursKernelEntry)
G: W {SPU[0x36] Thread (CellSpursKernel4)[0x00000818]} Registers:
=========
GPR[0] = 0x00000000000000000000000000000000
GPR[1] = 0x0003fff0000000000000000000000000
GPR[2] = 0x00000000000000000000000000000000
GPR[3] = 0x00000004000000000000000000000000
GPR[4] = 0x00000000207ee5800000000000000000
GPR[5] = 0x84000082000000030000000000000000
GPR[6] = 0x00000000005397680000000000000000
GPR[7] = 0x00000000000000000000000000000000
GPR[8] = 0x00000000000000000000000000000000
GPR[9] = 0x00000000000000000000000000000000
GPR[10] = 0x00000000000000000000000000000000
GPR[11] = 0x00000000000000000000000000000000
GPR[12] = 0x00000000000000000000000000000000
GPR[13] = 0x00000000000000000000000000000000
GPR[14] = 0x00000000000000000000000000000000
GPR[15] = 0x00000000000000000000000000000000
GPR[16] = 0x00000000000000000000000000000000
GPR[17] = 0x00000000000000000000000000000000
GPR[18] = 0x00000000000000000000000000000000
GPR[19] = 0x00000000000000000000000000000000
GPR[20] = 0x00000000000000000000000000000000
GPR[21] = 0x00000000000000000000000000000000
GPR[22] = 0x00000000000000000000000000000000
GPR[23] = 0x00000000000000000000000000000000
GPR[24] = 0x00000000000000000000000000000000
GPR[25] = 0x00000000000000000000000000000000
GPR[26] = 0x00000000000000000000000000000000
GPR[27] = 0x00000000000000000000000000000000
GPR[28] = 0x00000000000000000000000000000000
GPR[29] = 0x00000000000000000000000000000000
GPR[30] = 0x00000000000000000000000000000000
GPR[31] = 0x00000000000000000000000000000000
GPR[32] = 0x00000000000000000000000000000000
GPR[33] = 0x00000000000000000000000000000000
GPR[34] = 0x00000000000000000000000000000000
GPR[35] = 0x00000000000000000000000000000000
GPR[36] = 0x00000000000000000000000000000000
GPR[37] = 0x00000000000000000000000000000000
GPR[38] = 0x00000000000000000000000000000000
GPR[39] = 0x00000000000000000000000000000000
GPR[40] = 0x00000000000000000000000000000000
GPR[41] = 0x00000000000000000000000000000000
GPR[42] = 0x00000000000000000000000000000000
GPR[43] = 0x00000000000000000000000000000000
GPR[44] = 0x00000000000000000000000000000000
GPR[45] = 0x00000000000000000000000000000000
GPR[46] = 0x00000000000000000000000000000000
GPR[47] = 0x00000000000000000000000000000000
GPR[48] = 0x00000000000000000000000000000000
GPR[49] = 0x00000000000000000000000000000000
GPR[50] = 0x00000000000000000000000000000000
GPR[51] = 0x00000000000000000000000000000000
GPR[52] = 0x00000000000000000000000000000000
GPR[53] = 0x00000000000000000000000000000000
GPR[54] = 0x00000000000000000000000000000000
GPR[55] = 0x00000000000000000000000000000000
GPR[56] = 0x00000000000000000000000000000000
GPR[57] = 0x00000000000000000000000000000000
GPR[58] = 0x00000000000000000000000000000000
GPR[59] = 0x00000000000000000000000000000000
GPR[60] = 0x00000000000000000000000000000000
GPR[61] = 0x00000000000000000000000000000000
GPR[62] = 0x00000000000000000000000000000000
GPR[63] = 0x00000000000000000000000000000000
GPR[64] = 0x00000000000000000000000000000000
GPR[65] = 0x00000000000000000000000000000000
GPR[66] = 0x00000000000000000000000000000000
GPR[67] = 0x00000000000000000000000000000000
GPR[68] = 0x00000000000000000000000000000000
GPR[69] = 0x00000000000000000000000000000000
GPR[70] = 0x00000000000000000000000000000000
GPR[71] = 0x00000000000000000000000000000000
GPR[72] = 0x00000000000000000000000000000000
GPR[73] = 0x00000000000000000000000000000000
GPR[74] = 0x00000000000000000000000000000000
GPR[75] = 0x00000000000000000000000000000000
GPR[76] = 0x00000000000000000000000000000000
GPR[77] = 0x00000000000000000000000000000000
GPR[78] = 0x00000000000000000000000000000000
GPR[79] = 0x00000000000000000000000000000000
GPR[80] = 0x00000000000000000000000000000000
GPR[81] = 0x00000000000000000000000000000000
GPR[82] = 0x00000000000000000000000000000000
GPR[83] = 0x00000000000000000000000000000000
GPR[84] = 0x00000000000000000000000000000000
GPR[85] = 0x00000000000000000000000000000000
GPR[86] = 0x00000000000000000000000000000000
GPR[87] = 0x00000000000000000000000000000000
GPR[88] = 0x00000000000000000000000000000000
GPR[89] = 0x00000000000000000000000000000000
GPR[90] = 0x00000000000000000000000000000000
GPR[91] = 0x00000000000000000000000000000000
GPR[92] = 0x00000000000000000000000000000000
GPR[93] = 0x00000000000000000000000000000000
GPR[94] = 0x00000000000000000000000000000000
GPR[95] = 0x00000000000000000000000000000000
GPR[96] = 0x00000000000000000000000000000000
GPR[97] = 0x00000000000000000000000000000000
GPR[98] = 0x00000000000000000000000000000000
GPR[99] = 0x00000000000000000000000000000000
GPR[100] = 0x00000000000000000000000000000000
GPR[101] = 0x00000000000000000000000000000000
GPR[102] = 0x00000000000000000000000000000000
GPR[103] = 0x00000000000000000000000000000000
GPR[104] = 0x00000000000000000000000000000000
GPR[105] = 0x00000000000000000000000000000000
GPR[106] = 0x00000000000000000000000000000000
GPR[107] = 0x00000000000000000000000000000000
GPR[108] = 0x00000000000000000000000000000000
GPR[109] = 0x00000000000000000000000000000000
GPR[110] = 0x00000000000000000000000000000000
GPR[111] = 0x00000000000000000000000000000000
GPR[112] = 0x00000000000000000000000000000000
GPR[113] = 0x00000000000000000000000000000000
GPR[114] = 0x00000000000000000000000000000000
GPR[115] = 0x00000000000000000000000000000000
GPR[116] = 0x00000000000000000000000000000000
GPR[117] = 0x00000000000000000000000000000000
GPR[118] = 0x00000000000000000000000000000000
GPR[119] = 0x00000000000000000000000000000000
GPR[120] = 0x00000000000000000000000000000000
GPR[121] = 0x00000000000000000000000000000000
GPR[122] = 0x00000000000000000000000000000000
GPR[123] = 0x00000000000000000000000000000000
GPR[124] = 0x00000000000000000000000000000000
GPR[125] = 0x00000000000000000000000000000000
GPR[126] = 0x00000000000000000000000000000000
GPR[127] = 0x00000000000000000000000000000000

G: W {SPU[0x34] Thread (CellSpursKernel2)[0x00000818]} Registers:
=========
GPR[0] = 0x00000000000000000000000000000000
GPR[1] = 0x0003fff0000000000000000000000000
GPR[2] = 0x00000000000000000000000000000000
GPR[3] = 0x00000002000000000000000000000000
GPR[4] = 0x00000000207ee5800000000000000000
GPR[5] = 0x84000082000000030000000000000000
GPR[6] = 0x00000000005397680000000000000000
GPR[7] = 0x00000000000000000000000000000000
GPR[8] = 0x00000000000000000000000000000000
GPR[9] = 0x00000000000000000000000000000000
GPR[10] = 0x00000000000000000000000000000000
GPR[11] = 0x00000000000000000000000000000000
GPR[12] = 0x00000000000000000000000000000000
GPR[13] = 0x00000000000000000000000000000000
GPR[14] = 0x00000000000000000000000000000000
GPR[15] = 0x00000000000000000000000000000000
GPR[16] = 0x00000000000000000000000000000000
GPR[17] = 0x00000000000000000000000000000000
GPR[18] = 0x00000000000000000000000000000000
GPR[19] = 0x00000000000000000000000000000000
GPR[20] = 0x00000000000000000000000000000000
GPR[21] = 0x00000000000000000000000000000000
GPR[22] = 0x00000000000000000000000000000000
GPR[23] = 0x00000000000000000000000000000000
GPR[24] = 0x00000000000000000000000000000000
GPR[25] = 0x00000000000000000000000000000000
GPR[26] = 0x00000000000000000000000000000000
GPR[27] = 0x00000000000000000000000000000000
GPR[28] = 0x00000000000000000000000000000000
GPR[29] = 0x00000000000000000000000000000000
GPR[30] = 0x00000000000000000000000000000000
GPR[31] = 0x00000000000000000000000000000000
GPR[32] = 0x00000000000000000000000000000000
GPR[33] = 0x00000000000000000000000000000000
GPR[34] = 0x00000000000000000000000000000000
GPR[35] = 0x00000000000000000000000000000000
GPR[36] = 0x00000000000000000000000000000000
GPR[37] = 0x00000000000000000000000000000000
GPR[38] = 0x00000000000000000000000000000000
GPR[39] = 0x00000000000000000000000000000000
GPR[40] = 0x00000000000000000000000000000000
GPR[41] = 0x00000000000000000000000000000000
GPR[42] = 0x00000000000000000000000000000000
GPR[43] = 0x00000000000000000000000000000000
GPR[44] = 0x00000000000000000000000000000000
GPR[45] = 0x00000000000000000000000000000000
GPR[46] = 0x00000000000000000000000000000000
GPR[47] = 0x00000000000000000000000000000000
GPR[48] = 0x00000000000000000000000000000000
GPR[49] = 0x00000000000000000000000000000000
GPR[50] = 0x00000000000000000000000000000000
GPR[51] = 0x00000000000000000000000000000000
GPR[52] = 0x00000000000000000000000000000000
GPR[53] = 0x00000000000000000000000000000000
GPR[54] = 0x00000000000000000000000000000000
GPR[55] = 0x00000000000000000000000000000000
GPR[56] = 0x00000000000000000000000000000000
GPR[57] = 0x00000000000000000000000000000000
GPR[58] = 0x00000000000000000000000000000000
GPR[59] = 0x00000000000000000000000000000000
GPR[60] = 0x00000000000000000000000000000000
GPR[61] = 0x00000000000000000000000000000000
GPR[62] = 0x00000000000000000000000000000000
GPR[63] = 0x00000000000000000000000000000000
GPR[64] = 0x00000000000000000000000000000000
GPR[65] = 0x00000000000000000000000000000000
GPR[66] = 0x00000000000000000000000000000000
GPR[67] = 0x00000000000000000000000000000000
GPR[68] = 0x00000000000000000000000000000000
GPR[69] = 0x00000000000000000000000000000000
GPR[70] = 0x00000000000000000000000000000000
GPR[71] = 0x00000000000000000000000000000000
GPR[72] = 0x00000000000000000000000000000000
GPR[73] = 0x00000000000000000000000000000000
GPR[74] = 0x00000000000000000000000000000000
GPR[75] = 0x00000000000000000000000000000000
GPR[76] = 0x00000000000000000000000000000000
GPR[77] = 0x00000000000000000000000000000000
GPR[78] = 0x00000000000000000000000000000000
GPR[79] = 0x00000000000000000000000000000000
GPR[80] = 0x00000000000000000000000000000000
GPR[81] = 0x00000000000000000000000000000000
GPR[82] = 0x00000000000000000000000000000000
GPR[83] = 0x00000000000000000000000000000000
GPR[84] = 0x00000000000000000000000000000000
GPR[85] = 0x00000000000000000000000000000000
GPR[86] = 0x00000000000000000000000000000000
GPR[87] = 0x00000000000000000000000000000000
GPR[88] = 0x00000000000000000000000000000000
GPR[89] = 0x00000000000000000000000000000000
GPR[90] = 0x00000000000000000000000000000000
GPR[91] = 0x00000000000000000000000000000000
GPR[92] = 0x00000000000000000000000000000000
GPR[93] = 0x00000000000000000000000000000000
GPR[94] = 0x00000000000000000000000000000000
GPR[95] = 0x00000000000000000000000000000000
GPR[96] = 0x00000000000000000000000000000000
GPR[97] = 0x00000000000000000000000000000000
GPR[98] = 0x00000000000000000000000000000000
GPR[99] = 0x00000000000000000000000000000000
GPR[100] = 0x00000000000000000000000000000000
GPR[101] = 0x00000000000000000000000000000000
GPR[102] = 0x00000000000000000000000000000000
GPR[103] = 0x00000000000000000000000000000000
GPR[104] = 0x00000000000000000000000000000000
GPR[105] = 0x00000000000000000000000000000000
GPR[106] = 0x00000000000000000000000000000000
GPR[107] = 0x00000000000000000000000000000000
GPR[108] = 0x00000000000000000000000000000000
GPR[109] = 0x00000000000000000000000000000000
GPR[110] = 0x00000000000000000000000000000000
GPR[111] = 0x00000000000000000000000000000000
GPR[112] = 0x00000000000000000000000000000000
GPR[113] = 0x00000000000000000000000000000000
GPR[114] = 0x00000000000000000000000000000000
GPR[115] = 0x00000000000000000000000000000000
GPR[116] = 0x00000000000000000000000000000000
GPR[117] = 0x00000000000000000000000000000000
GPR[118] = 0x00000000000000000000000000000000
GPR[119] = 0x00000000000000000000000000000000
GPR[120] = 0x00000000000000000000000000000000
GPR[121] = 0x00000000000000000000000000000000
GPR[122] = 0x00000000000000000000000000000000
GPR[123] = 0x00000000000000000000000000000000
GPR[124] = 0x00000000000000000000000000000000
GPR[125] = 0x00000000000000000000000000000000
GPR[126] = 0x00000000000000000000000000000000
GPR[127] = 0x00000000000000000000000000000000

G: W {SPU[0x36] Thread (CellSpursKernel4)[0x00000818]} Exception: Aborted (emulation stopped)
(in file Emu\SysCalls\Modules\cellSpursSpu.cpp:533, in function spursKernelEntry)
G: W {SPU[0x33] Thread (CellSpursKernel1)[0x00000818]} Registers:
=========
GPR[0] = 0x00000000000000000000000000000000
GPR[1] = 0x0003fff0000000000000000000000000
GPR[2] = 0x00000000000000000000000000000000
GPR[3] = 0x00000001000000000000000000000000
GPR[4] = 0x00000000207ee5800000000000000000
GPR[5] = 0x84000082000000030000000000000000
GPR[6] = 0x00000000005397680000000000000000
GPR[7] = 0x00000000000000000000000000000000
GPR[8] = 0x00000000000000000000000000000000
GPR[9] = 0x00000000000000000000000000000000
GPR[10] = 0x00000000000000000000000000000000
GPR[11] = 0x00000000000000000000000000000000
GPR[12] = 0x00000000000000000000000000000000
GPR[13] = 0x00000000000000000000000000000000
GPR[14] = 0x00000000000000000000000000000000
GPR[15] = 0x00000000000000000000000000000000
GPR[16] = 0x00000000000000000000000000000000
GPR[17] = 0x00000000000000000000000000000000
GPR[18] = 0x00000000000000000000000000000000
GPR[19] = 0x00000000000000000000000000000000
GPR[20] = 0x00000000000000000000000000000000
GPR[21] = 0x00000000000000000000000000000000
GPR[22] = 0x00000000000000000000000000000000
GPR[23] = 0x00000000000000000000000000000000
GPR[24] = 0x00000000000000000000000000000000
GPR[25] = 0x00000000000000000000000000000000
GPR[26] = 0x00000000000000000000000000000000
GPR[27] = 0x00000000000000000000000000000000
GPR[28] = 0x00000000000000000000000000000000
GPR[29] = 0x00000000000000000000000000000000
GPR[30] = 0x00000000000000000000000000000000
GPR[31] = 0x00000000000000000000000000000000
GPR[32] = 0x00000000000000000000000000000000
GPR[33] = 0x00000000000000000000000000000000
GPR[34] = 0x00000000000000000000000000000000
GPR[35] = 0x00000000000000000000000000000000
GPR[36] = 0x00000000000000000000000000000000
GPR[37] = 0x00000000000000000000000000000000
GPR[38] = 0x00000000000000000000000000000000
GPR[39] = 0x00000000000000000000000000000000
GPR[40] = 0x00000000000000000000000000000000
GPR[41] = 0x00000000000000000000000000000000
GPR[42] = 0x00000000000000000000000000000000
GPR[43] = 0x00000000000000000000000000000000
GPR[44] = 0x00000000000000000000000000000000
GPR[45] = 0x00000000000000000000000000000000
GPR[46] = 0x00000000000000000000000000000000
GPR[47] = 0x00000000000000000000000000000000
GPR[48] = 0x00000000000000000000000000000000
GPR[49] = 0x00000000000000000000000000000000
GPR[50] = 0x00000000000000000000000000000000
GPR[51] = 0x00000000000000000000000000000000
GPR[52] = 0x00000000000000000000000000000000
GPR[53] = 0x00000000000000000000000000000000
GPR[54] = 0x00000000000000000000000000000000
GPR[55] = 0x00000000000000000000000000000000
GPR[56] = 0x00000000000000000000000000000000
GPR[57] = 0x00000000000000000000000000000000
GPR[58] = 0x00000000000000000000000000000000
GPR[59] = 0x00000000000000000000000000000000
GPR[60] = 0x00000000000000000000000000000000
GPR[61] = 0x00000000000000000000000000000000
GPR[62] = 0x00000000000000000000000000000000
GPR[63] = 0x00000000000000000000000000000000
GPR[64] = 0x00000000000000000000000000000000
GPR[65] = 0x00000000000000000000000000000000
GPR[66] = 0x00000000000000000000000000000000
GPR[67] = 0x00000000000000000000000000000000
GPR[68] = 0x00000000000000000000000000000000
GPR[69] = 0x00000000000000000000000000000000
GPR[70] = 0x00000000000000000000000000000000
GPR[71] = 0x00000000000000000000000000000000
GPR[72] = 0x00000000000000000000000000000000
GPR[73] = 0x00000000000000000000000000000000
GPR[74] = 0x00000000000000000000000000000000
GPR[75] = 0x00000000000000000000000000000000
GPR[76] = 0x00000000000000000000000000000000
GPR[77] = 0x00000000000000000000000000000000
GPR[78] = 0x00000000000000000000000000000000
GPR[79] = 0x00000000000000000000000000000000
GPR[80] = 0x00000000000000000000000000000000
GPR[81] = 0x00000000000000000000000000000000
GPR[82] = 0x00000000000000000000000000000000
GPR[83] = 0x00000000000000000000000000000000
GPR[84] = 0x00000000000000000000000000000000
GPR[85] = 0x00000000000000000000000000000000
GPR[86] = 0x00000000000000000000000000000000
GPR[87] = 0x00000000000000000000000000000000
GPR[88] = 0x00000000000000000000000000000000
GPR[89] = 0x00000000000000000000000000000000
GPR[90] = 0x00000000000000000000000000000000
GPR[91] = 0x00000000000000000000000000000000
GPR[92] = 0x00000000000000000000000000000000
GPR[93] = 0x00000000000000000000000000000000
GPR[94] = 0x00000000000000000000000000000000
GPR[95] = 0x00000000000000000000000000000000
GPR[96] = 0x00000000000000000000000000000000
GPR[97] = 0x00000000000000000000000000000000
GPR[98] = 0x00000000000000000000000000000000
GPR[99] = 0x00000000000000000000000000000000
GPR[100] = 0x00000000000000000000000000000000
GPR[101] = 0x00000000000000000000000000000000
GPR[102] = 0x00000000000000000000000000000000
GPR[103] = 0x00000000000000000000000000000000
GPR[104] = 0x00000000000000000000000000000000
GPR[105] = 0x00000000000000000000000000000000
GPR[106] = 0x00000000000000000000000000000000
GPR[107] = 0x00000000000000000000000000000000
GPR[108] = 0x00000000000000000000000000000000
GPR[109] = 0x00000000000000000000000000000000
GPR[110] = 0x00000000000000000000000000000000
GPR[111] = 0x00000000000000000000000000000000
GPR[112] = 0x00000000000000000000000000000000
GPR[113] = 0x00000000000000000000000000000000
GPR[114] = 0x00000000000000000000000000000000
GPR[115] = 0x00000000000000000000000000000000
GPR[116] = 0x00000000000000000000000000000000
GPR[117] = 0x00000000000000000000000000000000
GPR[118] = 0x00000000000000000000000000000000
GPR[119] = 0x00000000000000000000000000000000
GPR[120] = 0x00000000000000000000000000000000
GPR[121] = 0x00000000000000000000000000000000
GPR[122] = 0x00000000000000000000000000000000
GPR[123] = 0x00000000000000000000000000000000
GPR[124] = 0x00000000000000000000000000000000
GPR[125] = 0x00000000000000000000000000000000
GPR[126] = 0x00000000000000000000000000000000
GPR[127] = 0x00000000000000000000000000000000

G: W {SPU[0x34] Thread (CellSpursKernel2)[0x00000818]} Exception: Aborted (emulation stopped)
(in file Emu\SysCalls\Modules\cellSpursSpu.cpp:533, in function spursKernelEntry)
G: W {SPU[0x33] Thread (CellSpursKernel1)[0x00000818]} Exception: Aborted (emulation stopped)
(in file Emu\SysCalls\Modules\cellSpursSpu.cpp:533, in function spursKernelEntry)
G: ! All threads stopped...
