LDR: E PSFLoader::Load() failed: unknown magic (0x0)
G: ! RPCS3 0.0.0.5 v0.0.0.5-2533-g467bea3
G: ! 
G: ! Stopping emulator...
LDR: ! Decrypting 'D:/Emulateurs/Rpcs3/dev_hdd0/game/NPEA00342/USRDIR/EBOOT.BIN'...
LDR: ! Loading RAP file EP9000-NPEA00342_00-SLY2EU110100SHIP.rap
LDR: ! Loading 'D:/Emulateurs/Rpcs3/dev_hdd0/game/NPEA00342/USRDIR/BOOT.BIN'...
G: W fs::file::open('D:/Emulateurs/Rpcs3/dev_hdd0/game/NPEA00342/dev_bdvd.path', 0x1) failed: error 0x2
LDR: ! 
LDR: ! Mount info:
LDR: ! /dev_usb000/ -> D:/Emulateurs/Rpcs3/dev_usb000/
LDR: ! /dev_flash/ -> D:/Emulateurs/Rpcs3/dev_flash/
LDR: ! /host_root/ -> 
LDR: ! /dev_hdd0/ -> D:/Emulateurs/Rpcs3/dev_hdd0/
LDR: ! /dev_hdd1/ -> D:/Emulateurs/Rpcs3/dev_hdd1/
LDR: ! /dev_usb/ -> D:/Emulateurs/Rpcs3/dev_usb000/
LDR: ! 
LDR: ! Settings:
LDR: ! CPU: PPU Interpreter 2
LDR: ! SPU: SPU Recompiler (ASMJIT)
LDR: ! Renderer: DirectX 12
LDR: ! D3D Adapter: Default
LDR: ! Resolution: 1280x720
LDR: ! Write Depth Buffer: No
LDR: ! Write Color Buffers: No
LDR: ! Read Color Buffer: No
LDR: ! Audio Out: XAudio2
LDR: ! Log Everything: No
LDR: ! RSX Logging: No
LDR: ! 
LDR: ! Title: Sly 2: Band of Thieves™
LDR: ! Serial: NPEA00342
LDR: ! Elf path: /dev_hdd0/game/NPEA00342/USRDIR/BOOT.BIN
LDR: ! 
LDR: ! loader::init() failed: Broken file
LDR: ! *** sdk version: 0x360001
LDR: ! *** primary prio: 1001
LDR: ! *** primary stacksize: 0x80000
LDR: ! *** malloc pagesize: 0x100000
LDR: ! *** ppc seg: 0x0
LDR: ! Imported function 'cellGcmGetTiledPitchSize' in 'cellGcmSys' module (0x315b04)
LDR: ! Imported function '_cellGcmInitBody' in 'cellGcmSys' module (0x315b24)
LDR: ! Imported function '_cellGcmSetFlipCommand' in 'cellGcmSys' module (0x315b44)
LDR: ! Imported function 'cellGcmAddressToOffset' in 'cellGcmSys' module (0x315b64)
LDR: ! Imported function '_cellGcmFunc15' in 'cellGcmSys' module (0x315b84)
LDR: ! Imported function 'cellGcmBindTile' in 'cellGcmSys' module (0x315ba4)
LDR: ! Imported function 'cellGcmSetFlipMode' in 'cellGcmSys' module (0x315bc4)
LDR: ! Imported function 'cellGcmGetTimeStamp' in 'cellGcmSys' module (0x315be4)
LDR: ! Imported function 'cellGcmGetDefaultCommandWordSize' in 'cellGcmSys' module (0x315c04)
LDR: ! Imported function 'cellGcmGetVBlankCount' in 'cellGcmSys' module (0x315c24)
LDR: ! Imported function 'cellGcmGetDefaultSegmentWordSize' in 'cellGcmSys' module (0x315c44)
LDR: ! Imported function 'cellGcmSetDefaultFifoSize' in 'cellGcmSys' module (0x315c64)
LDR: ! Imported function 'cellGcmBindZcull' in 'cellGcmSys' module (0x315c84)
LDR: ! Imported function 'cellGcmMapMainMemory' in 'cellGcmSys' module (0x315ca4)
LDR: ! Imported function 'cellGcmSetDisplayBuffer' in 'cellGcmSys' module (0x315cc4)
LDR: ! Imported function 'cellGcmGetControlRegister' in 'cellGcmSys' module (0x315ce4)
LDR: ! Imported function 'cellGcmUnbindZcull' in 'cellGcmSys' module (0x315d04)
LDR: ! Imported function 'cellGcmSetVBlankHandler' in 'cellGcmSys' module (0x315d24)
LDR: ! Imported function 'cellGcmResetFlipStatus' in 'cellGcmSys' module (0x315d44)
LDR: ! Imported function 'cellGcmSetTileInfo' in 'cellGcmSys' module (0x315d64)
LDR: ! Imported function 'cellGcmInitDefaultFifoMode' in 'cellGcmSys' module (0x315d84)
LDR: ! Imported function '_cellGcmSetFlipCommandWithWaitLabel' in 'cellGcmSys' module (0x315da4)
LDR: ! Imported function 'cellGcmUnbindTile' in 'cellGcmSys' module (0x315dc4)
LDR: ! Imported function 'cellGcmGetConfiguration' in 'cellGcmSys' module (0x315de4)
LDR: ! Imported function 'cellGcmGetLabelAddress' in 'cellGcmSys' module (0x315e04)
LDR: ! Imported function 'cellGcmSetVBlankFrequency' in 'cellGcmSys' module (0x315e24)
LDR: ! Imported function 'cellSysmoduleUnloadModule' in 'cellSysmodule' module (0x315e44)
LDR: ! Imported function 'cellSysmoduleLoadModule' in 'cellSysmodule' module (0x315e64)
LDR: ! Imported function 'cellSysmoduleIsLoaded' in 'cellSysmodule' module (0x315e84)
LDR: ! Imported function 'cellSysmoduleInitialize' in 'cellSysmodule' module (0x3168c4)
LDR: ! Imported function 'cellVideoOutConfigure' in 'cellSysutil' module (0x315ea4)
LDR: ! Imported function 'cellSysutilCheckCallback' in 'cellSysutil' module (0x315ec4)
LDR: ! Imported function 'cellSaveDataListLoad2' in 'cellSysutil' module (0x315ee4)
LDR: ! Imported function 'cellSaveDataListSave2' in 'cellSysutil' module (0x315f04)
LDR: ! Imported function 'cellSysutilGetSystemParamInt' in 'cellSysutil' module (0x315f24)
LDR: ! Imported function 'cellAudioOutConfigure' in 'cellSysutil' module (0x315f44)
LDR: ! Imported function 'cellVideoOutGetState' in 'cellSysutil' module (0x315f64)
LDR: ! Imported function 'cellSaveDataAutoSave2' in 'cellSysutil' module (0x315f84)
LDR: ! Imported function 'cellSysutilRegisterCallback' in 'cellSysutil' module (0x315fa4)
LDR: ! Imported function 'cellVideoOutGetResolutionAvailability' in 'cellSysutil' module (0x315fc4)
LDR: ! Imported function 'cellAudioOutGetSoundAvailability' in 'cellSysutil' module (0x315fe4)
LDR: ! Imported function 'cellAudioOutSetCopyControl' in 'cellSysutil' module (0x316004)
LDR: ! Imported function 'cellSaveDataFixedDelete' in 'cellSysutil' module (0x316024)
LDR: ! Imported function 'cellVideoOutGetResolution' in 'cellSysutil' module (0x316044)
LDR: ! Imported function 'cellSaveDataEnableOverlay' in 'cellSysutil' module (0x316064)
LDR: ! Imported function 'cellSaveDataAutoLoad2' in 'cellSysutil' module (0x316084)
LDR: ! Imported function 'cellPadInit' in 'sys_io' module (0x3160a4)
LDR: ! Imported function 'cellPadSetPortSetting' in 'sys_io' module (0x3160c4)
LDR: ! Imported function 'cellPadGetData' in 'sys_io' module (0x3160e4)
LDR: ! Imported function 'cellPadGetInfo2' in 'sys_io' module (0x316104)
LDR: ! Imported function 'cellPadSetActDirect' in 'sys_io' module (0x316124)
LDR: ! Imported function 'cellSpursAttributeSetNamePrefix' in 'cellSpurs' module (0x316144)
LDR: ! Imported function 'cellSpursAttributeEnableSpuPrintfIfAvailable' in 'cellSpurs' module (0x316164)
LDR: ! Imported function '_cellSpursTasksetAttributeInitialize' in 'cellSpurs' module (0x316184)
LDR: ! Imported function 'cellSpursEventFlagDetachLv2EventQueue' in 'cellSpurs' module (0x3161a4)
LDR: ! Imported function 'cellSpursCreateJobChainWithAttribute' in 'cellSpurs' module (0x3161c4)
LDR: ! Imported function '_cellSpursJobChainAttributeInitialize' in 'cellSpurs' module (0x3161e4)
LDR: ! Imported function 'cellSpursEventFlagWait' in 'cellSpurs' module (0x316204)
LDR: ! Imported function 'cellSpursEventFlagClear' in 'cellSpurs' module (0x316224)
LDR: ! Imported function 'cellSpursTraceInitialize' in 'cellSpurs' module (0x316244)
LDR: ! Imported function '_cellSpursEventFlagInitialize' in 'cellSpurs' module (0x316264)
LDR: ! Imported function 'cellSpursTasksetAttributeSetName' in 'cellSpurs' module (0x316284)
LDR: ! Imported function 'cellSpursJobGuardInitialize' in 'cellSpurs' module (0x3162a4)
LDR: ! Imported function 'cellSpursEventFlagTryWait' in 'cellSpurs' module (0x3162c4)
LDR: ! Imported function 'cellSpursShutdownJobChain' in 'cellSpurs' module (0x3162e4)
LDR: ! Imported function 'cellSpursEventFlagAttachLv2EventQueue' in 'cellSpurs' module (0x316304)
LDR: ! Imported function '_cellSpursAttributeInitialize' in 'cellSpurs' module (0x316324)
LDR: ! Imported function 'cellSpursJoinTaskset' in 'cellSpurs' module (0x316344)
LDR: ! Imported function 'cellSpursJobChainAttributeSetName' in 'cellSpurs' module (0x316364)
LDR: ! Imported function 'cellSpursShutdownTaskset' in 'cellSpurs' module (0x316384)
LDR: ! Imported function 'cellSpursJoinJobChain' in 'cellSpurs' module (0x3163a4)
LDR: ! Imported function 'cellSpursAttributeSetSpuThreadGroupType' in 'cellSpurs' module (0x3163c4)
LDR: ! Imported function 'cellSpursInitializeWithAttribute' in 'cellSpurs' module (0x3163e4)
LDR: ! Imported function 'cellSpursCreateTasksetWithAttribute' in 'cellSpurs' module (0x316404)
LDR: ! Imported function 'cellSpursFinalize' in 'cellSpurs' module (0x316424)
LDR: ! Imported function 'cellSpursTraceStart' in 'cellSpurs' module (0x316444)
LDR: ! Imported function 'cellSpursJobGuardNotify' in 'cellSpurs' module (0x316464)
LDR: ! Imported function 'cellSpursRunJobChain' in 'cellSpurs' module (0x316484)
LDR: ! Imported function '_cellSpursLFQueueInitialize' in 'cellSpurs' module (0x3168e4)
LDR: ! Imported function 'cellSpursLFQueueAttachLv2EventQueue' in 'cellSpurs' module (0x316904)
LDR: ! Imported function 'cellSpursRequestIdleSpu' in 'cellSpurs' module (0x316924)
LDR: ! Imported function 'cellSpursGetInfo' in 'cellSpurs' module (0x316944)
LDR: ! Imported function 'cellSpursWorkloadAttributeSetName' in 'cellSpurs' module (0x316964)
LDR: ! Imported function 'cellSpursGetWorkloadInfo' in 'cellSpurs' module (0x316984)
LDR: ! Imported function 'cellSpursRemoveWorkload' in 'cellSpurs' module (0x3169a4)
LDR: ! Imported function 'cellSpursWaitForWorkloadShutdown' in 'cellSpurs' module (0x3169c4)
LDR: ! Imported function 'cellSpursLFQueueDetachLv2EventQueue' in 'cellSpurs' module (0x3169e4)
LDR: ! Imported function 'cellSpursSetPriorities' in 'cellSpurs' module (0x316a04)
LDR: ! Imported function '_cellSpursLFQueuePushBody' in 'cellSpurs' module (0x316a24)
LDR: ! Imported function 'cellSpursShutdownWorkload' in 'cellSpurs' module (0x316a44)
LDR: ! Imported function 'cellSpursCreateTask' in 'cellSpurs' module (0x316a64)
LDR: ! Imported function 'cellSpursAddWorkloadWithAttribute' in 'cellSpurs' module (0x316a84)
LDR: ! Imported function 'cellSpursSetExceptionEventHandler' in 'cellSpurs' module (0x316aa4)
LDR: ! Imported function '_cellSpursWorkloadAttributeInitialize' in 'cellSpurs' module (0x316ac4)
LDR: ! Imported function 'cellSpursReadyCountStore' in 'cellSpurs' module (0x316ae4)
LDR: ! Imported function 'cellFsClose' in 'sys_fs' module (0x3164a4)
LDR: ! Imported function 'cellFsOpendir' in 'sys_fs' module (0x3164c4)
LDR: ! Imported function 'cellFsRead' in 'sys_fs' module (0x3164e4)
LDR: ! Imported function 'cellFsReaddir' in 'sys_fs' module (0x316504)
LDR: ! Imported function 'cellFsOpen' in 'sys_fs' module (0x316524)
LDR: ! Imported function 'cellFsStat' in 'sys_fs' module (0x316544)
LDR: ! Imported function 'cellFsUnlink' in 'sys_fs' module (0x316564)
LDR: ! Imported function 'cellFsLseek' in 'sys_fs' module (0x316584)
LDR: ! Imported function 'cellFsRmdir' in 'sys_fs' module (0x316b04)
LDR: ! Imported function 'cellFsAioWrite' in 'sys_fs' module (0x316b24)
LDR: ! Imported function 'cellFsSdataOpenByFd' in 'sys_fs' module (0x316b44)
LDR: ! Imported function 'cellFsFsync' in 'sys_fs' module (0x316b64)
LDR: ! Imported function 'cellFsAioFinish' in 'sys_fs' module (0x316b84)
LDR: ! Imported function 'cellFsGetFreeSize' in 'sys_fs' module (0x316ba4)
LDR: ! Imported function 'cellFsSdataOpen' in 'sys_fs' module (0x316bc4)
LDR: ! Imported function 'cellFsMkdir' in 'sys_fs' module (0x316be4)
LDR: ! Imported function 'cellFsAioRead' in 'sys_fs' module (0x316c04)
LDR: ! Imported function 'cellFsAioInit' in 'sys_fs' module (0x316c24)
LDR: ! Imported function 'cellFsWrite' in 'sys_fs' module (0x316c44)
LDR: ! Imported function 'cellFsFstat' in 'sys_fs' module (0x316c64)
LDR: ! Imported function 'cellFsClosedir' in 'sys_fs' module (0x316c84)
LDR: ! Imported function 'cellAudioInit' in 'cellAudio' module (0x3165a4)
LDR: ! Imported function 'cellAudioPortClose' in 'cellAudio' module (0x316ca4)
LDR: ! Imported function 'cellAudioPortStop' in 'cellAudio' module (0x316cc4)
LDR: ! Imported function 'cellAudioGetPortConfig' in 'cellAudio' module (0x316ce4)
LDR: ! Imported function 'cellAudioPortStart' in 'cellAudio' module (0x316d04)
LDR: ! Imported function 'cellAudioQuit' in 'cellAudio' module (0x316d24)
LDR: ! Imported function 'cellAudioPortOpen' in 'cellAudio' module (0x316d44)
LDR: ! Imported function 'cellVideoOutSetGamma' in 'cellSysutilAvconfExt' module (0x3165c4)
LDR: ! Imported function 'cellVideoOutGetScreenSize' in 'cellSysutilAvconfExt' module (0x3165e4)
LDR: ! Imported function 'cellGameGetParamString' in 'cellGame' module (0x316604)
LDR: ! Imported function 'cellGameContentPermit' in 'cellGame' module (0x316624)
LDR: ! Imported function 'cellGameContentErrorDialog' in 'cellGame' module (0x316644)
LDR: ! Imported function 'cellGameGetParamInt' in 'cellGame' module (0x316664)
LDR: ! Imported function 'cellGamePatchCheck' in 'cellGame' module (0x316684)
LDR: ! Imported function 'cellGameBootCheck' in 'cellGame' module (0x3166a4)
LDR: ! Imported function 'sceNpTerm' in 'sceNp' module (0x3166c4)
LDR: ! Imported function 'sceNpDrmIsAvailable' in 'sceNp' module (0x3166e4)
LDR: ! Imported function 'sceNpInit' in 'sceNp' module (0x316704)
LDR: ! Imported function 'sceNpDrmIsAvailable2' in 'sceNp' module (0x316724)
LDR: ! Imported function 'sceNpTrophyRegisterContext' in 'sceNpTrophy' module (0x316744)
LDR: ! Imported function 'sceNpTrophyCreateHandle' in 'sceNpTrophy' module (0x316764)
LDR: ! Imported function 'sceNpTrophyGetRequiredDiskSpace' in 'sceNpTrophy' module (0x316784)
LDR: ! Imported function 'sceNpTrophyDestroyContext' in 'sceNpTrophy' module (0x3167a4)
LDR: ! Imported function 'sceNpTrophyInit' in 'sceNpTrophy' module (0x3167c4)
LDR: ! Imported function 'sceNpTrophyGetGameInfo' in 'sceNpTrophy' module (0x3167e4)
LDR: ! Imported function 'sceNpTrophyDestroyHandle' in 'sceNpTrophy' module (0x316804)
LDR: ! Imported function 'sceNpTrophyUnlockTrophy' in 'sceNpTrophy' module (0x316824)
LDR: ! Imported function 'sceNpTrophyTerm' in 'sceNpTrophy' module (0x316844)
LDR: ! Imported function 'sceNpTrophyGetTrophyUnlockState' in 'sceNpTrophy' module (0x316864)
LDR: ! Imported function 'sceNpTrophyCreateContext' in 'sceNpTrophy' module (0x316884)
LDR: ! Imported function 'sceNpTrophyGetTrophyInfo' in 'sceNpTrophy' module (0x3168a4)
LDR: ! Imported function 'sys_lwmutex_lock' in 'sysPrxForUser' module (0x316d64)
LDR: ! Imported function 'sys_lwmutex_unlock' in 'sysPrxForUser' module (0x316d84)
LDR: ! Imported function 'sys_lwcond_destroy' in 'sysPrxForUser' module (0x316da4)
LDR: ! Imported function 'sys_ppu_thread_create' in 'sysPrxForUser' module (0x316dc4)
LDR: ! Imported function 'sys_prx_load_module' in 'sysPrxForUser' module (0x316de4)
LDR: ! Imported function 'sys_lwcond_wait' in 'sysPrxForUser' module (0x316e04)
LDR: ! Imported function '_sys_process_atexitspawn' in 'sysPrxForUser' module (0x316e24)
LDR: ! Imported function 'sys_lwmutex_create' in 'sysPrxForUser' module (0x316e44)
LDR: ! Imported function 'sys_ppu_thread_get_id' in 'sysPrxForUser' module (0x316e64)
LDR: ! Imported function 'sys_prx_register_library' in 'sysPrxForUser' module (0x316e84)
LDR: ! Imported function '_sys_spu_printf_initialize' in 'sysPrxForUser' module (0x316ea4)
LDR: ! Imported function 'sys_process_is_stack' in 'sysPrxForUser' module (0x316ec4)
LDR: ! Imported function 'sys_initialize_tls' in 'sysPrxForUser' module (0x316ee4)
LDR: ! Imported function 'sys_time_get_system_time' in 'sysPrxForUser' module (0x316f04)
LDR: ! Imported function '_sys_process_at_Exitspawn' in 'sysPrxForUser' module (0x316f24)
LDR: ! Imported function 'sys_prx_exitspawn_with_level' in 'sysPrxForUser' module (0x316f44)
LDR: ! Imported function 'sys_prx_load_module_on_memcontainer_by_fd' in 'sysPrxForUser' module (0x316f64)
LDR: ! Imported function 'sys_ppu_thread_once' in 'sysPrxForUser' module (0x316f84)
LDR: ! Imported function 'sys_prx_load_module_on_memcontainer' in 'sysPrxForUser' module (0x316fa4)
LDR: ! Imported function 'sys_lwmutex_trylock' in 'sysPrxForUser' module (0x316fc4)
LDR: ! Imported function 'sys_ppu_thread_exit' in 'sysPrxForUser' module (0x316fe4)
LDR: ! Imported function 'sys_lwmutex_destroy' in 'sysPrxForUser' module (0x317004)
LDR: ! Imported function 'sys_lwcond_create' in 'sysPrxForUser' module (0x317024)
LDR: ! Imported function '_sys_spu_printf_finalize' in 'sysPrxForUser' module (0x317044)
LDR: ! Imported function 'sys_process_exit' in 'sysPrxForUser' module (0x317064)
LDR: ! Imported function 'sys_lwcond_signal_all' in 'sysPrxForUser' module (0x317084)
LDR: ! Imported function 'sys_prx_load_module_by_fd' in 'sysPrxForUser' module (0x3170a4)
LDR: ! Imported function 'sys_lwcond_signal' in 'sysPrxForUser' module (0x3170c4)
MEM: ! Thread Local Storage initialized (g_tls_start=0x976000, user_size=0x150)
*** TLS segment addr: 0x003fcc9c
*** TLS segment size: 0x00000004
HLE: W {PPU[0x1] Thread (main_thread)[0x00316e44]} sysPrxForUser: sys_lwmutex_create(lwmutex=*0x942d18, attr=*0x31e998)
HLE: W {PPU[0x1] Thread (main_thread)[0x0029c730]} sys_memory: sys_memory_get_user_memory_size(mem_info=*0xd007fc04)
HLE: W {PPU[0x1] Thread (main_thread)[0x00316e44]} sysPrxForUser: sys_lwmutex_create(lwmutex=*0x942960, attr=*0x31e998)
HLE: W {PPU[0x1] Thread (main_thread)[0x00316e44]} sysPrxForUser: sys_lwmutex_create(lwmutex=*0x941cb0, attr=*0x31e998)
HLE: W {PPU[0x1] Thread (main_thread)[0x00316e44]} sysPrxForUser: sys_lwmutex_create(lwmutex=*0x941cd8, attr=*0x31e998)
HLE: W {PPU[0x1] Thread (main_thread)[0x00316e44]} sysPrxForUser: sys_lwmutex_create(lwmutex=*0x941d00, attr=*0x31e998)
HLE: W {PPU[0x1] Thread (main_thread)[0x00316e44]} sysPrxForUser: sys_lwmutex_create(lwmutex=*0x941be8, attr=*0x31e998)
HLE: W {PPU[0x1] Thread (main_thread)[0x00316e44]} sysPrxForUser: sys_lwmutex_create(lwmutex=*0x941c10, attr=*0x31e998)
HLE: W {PPU[0x1] Thread (main_thread)[0x00316e44]} sysPrxForUser: sys_lwmutex_create(lwmutex=*0x941c38, attr=*0x31e998)
HLE: W {PPU[0x1] Thread (main_thread)[0x00316e44]} sysPrxForUser: sys_lwmutex_create(lwmutex=*0x941c60, attr=*0x31e998)
HLE: W {PPU[0x1] Thread (main_thread)[0x00316e44]} sysPrxForUser: sys_lwmutex_create(lwmutex=*0x941c88, attr=*0x31e998)
HLE: W {PPU[0x1] Thread (main_thread)[0x00316e44]} sysPrxForUser: sys_lwmutex_create(lwmutex=*0x942e60, attr=*0x406280)
HLE: W {PPU[0x1] Thread (main_thread)[0x00316e44]} sysPrxForUser: sys_lwmutex_create(lwmutex=*0x942e20, attr=*0x406290)
HLE: W {PPU[0x1] Thread (main_thread)[0x0028cad4]} sys_time: sys_time_get_timezone(timezone=*0xd007fb20, summertime=*0xd007fb24)
HLE: W {PPU[0x1] Thread (main_thread)[0x0028e544]} sys_time: sys_time_get_timezone(timezone=*0xd007fb20, summertime=*0xd007fb24)
HLE: W {PPU[0x1] Thread (main_thread)[0x0028ca80]} sys_time: sys_time_get_timezone(timezone=*0xd007fb20, summertime=*0xd007fb24)
HLE: W {PPU[0x1] Thread (main_thread)[0x0028e544]} sys_time: sys_time_get_timezone(timezone=*0xd007fb20, summertime=*0xd007fb24)
HLE: W {PPU[0x1] Thread (main_thread)[0x00316e44]} sysPrxForUser: sys_lwmutex_create(lwmutex=*0x940ec8, attr=*0xd007fb50)
HLE: W {PPU[0x1] Thread (main_thread)[0x00316e44]} sysPrxForUser: sys_lwmutex_create(lwmutex=*0x403818, attr=*0xd007fbb0)
HLE: W {PPU[0x1] Thread (main_thread)[0x00316e44]} sysPrxForUser: sys_lwmutex_create(lwmutex=*0x41b500, attr=*0xd007fbb0)
HLE: W {PPU[0x1] Thread (main_thread)[0x00316e44]} sysPrxForUser: sys_lwmutex_create(lwmutex=*0x41b4d8, attr=*0xd007fbd0)
HLE: W {PPU[0x1] Thread (main_thread)[0x0029b01c]} sys_memory: sys_memory_allocate(size=0x100000, flags=0x400, alloc_addr=*0xd007f6f0)
HLE: W {PPU[0x1] Thread (main_thread)[0x00240e00]} sys_mutex: sys_mutex_create(mutex_id=*0x909180, attr=*0xd007fbb0)
HLE: W {PPU[0x1] Thread (main_thread)[0x00315fa4]} cellSysutil: cellSysutilRegisterCallback(slot=0, func=*0x3ebb78, userdata=*0x0)
TTY: SPU Initialize\n
HLE: W {PPU[0x1] Thread (main_thread)[0x00242d20]} sys_spu: sys_spu_initialize(max_usable_spu=6, max_raw_spu=0)
HLE: W {PPU[0x1] Thread (main_thread)[0x00315e64]} cellSysmodule: cellSysmoduleLoadModule(id=0x0017: CELL_SYSMODULE_IO)
HLE: W {PPU[0x1] Thread (main_thread)[0x00315e64]} cellSysmodule: cellSysmoduleLoadModule(id=0x001c: CELL_SYSMODULE_USBD)
HLE: W {PPU[0x1] Thread (main_thread)[0x00315e64]} cellSysmodule: cellSysmoduleLoadModule(id=0x0010: CELL_SYSMODULE_GCM_SYS)
HLE: W {PPU[0x1] Thread (main_thread)[0x00315e64]} cellSysmodule: cellSysmoduleLoadModule(id=0x000e: CELL_SYSMODULE_FS)
HLE: W {PPU[0x1] Thread (main_thread)[0x00315e64]} cellSysmodule: cellSysmoduleLoadModule(id=0x0031: CELL_SYSMODULE_AVCONF_EXT)
HLE: W {PPU[0x1] Thread (main_thread)[0x00315e64]} cellSysmodule: cellSysmoduleLoadModule(id=0x003e: CELL_SYSMODULE_SYSUTIL_GAME)
HLE: W {PPU[0x1] Thread (main_thread)[0x00315e64]} cellSysmodule: cellSysmoduleLoadModule(id=0x0016: CELL_SYSMODULE_SYSUTIL_NP)
TTY: NP Initialize\n
HLE: W {PPU[0x1] Thread (main_thread)[0x00316704]} sceNp: sceNpInit(poolsize=0x20000, poolptr=*0x909da8)
HLE: W {PPU[0x1] Thread (main_thread)[0x00316f84]} sysPrxForUser: sys_ppu_thread_once(once_ctrl=*0x94215c, init=*0x3f2ed0)
HLE: W {PPU[0x1] Thread (main_thread)[0x00316e44]} sysPrxForUser: sys_lwmutex_create(lwmutex=*0x941d28, attr=*0xd007f680)
HLE: W {PPU[0x1] Thread (main_thread)[0x00295f40]} sys_event: sys_event_queue_create(equeue_id=*0x941d44, attr=*0xd007f770, event_queue_key=0x0, size=127)
HLE: W {PPU[0x1] Thread (main_thread)[0x00295f64]} sys_event: sys_event_port_create(eport_id=*0x941d48, port_type=1, name=0xffffffff0000dead)
HLE: W {PPU[0x1] Thread (main_thread)[0x00295f80]} sys_event: sys_event_port_connect_local(eport_id=0x16, equeue_id=0x15)
HLE: W {PPU[0x1] Thread (main_thread)[0x00316dc4]} sysPrxForUser: sys_ppu_thread_create(thread_id=*0x941d50, entry=0x3f2ec8, arg=0x0, prio=100, stacksize=0x1000, flags=0x1, threadname=*0x343208)
HLE: W {PPU[0x1] Thread (main_thread)[0x00316dc4]} sys_ppu_thread: _sys_ppu_thread_create(thread_id=*0x941d50, param=*0xd007f6f8, arg=0x0, unk=0x0, prio=100, stacksize=0x1000, flags=0x1, threadname=*0x343208)
HLE: W {PPU[0x1] Thread (main_thread)[0x00316dc4]} sys_ppu_thread: sys_ppu_thread_start(thread_id=0x17)
HLE: W {PPU[0x1] Thread (main_thread)[0x00316ea4]} sysPrxForUser: _sys_spu_printf_initialize(agcb=*0x3f2eb0, dgcb=*0x3f2ea8, atcb=*0x3f2ea0, dtcb=*0x3f2e98)
HLE: W {PPU[0x1] Thread (main_thread)[0x00316324]} cellSpurs: _cellSpursAttributeInitialize(attr=*0xd007f838, revision=2, sdkVersion=0x330000, nSpus=5, spuPriority=100, ppuPriority=100, exitIfNoWork=0)
HLE: W {PPU[0x1] Thread (main_thread)[0x00316144]} cellSpurs: cellSpursAttributeSetNamePrefix(attr=*0xd007f838, prefix=*0x327f70, size=7)
HLE: W {PPU[0x1] Thread (main_thread)[0x00316164]} cellSpurs: cellSpursAttributeEnableSpuPrintfIfAvailable(attr=*0xd007f838)
HLE: W {PPU[0x1] Thread (main_thread)[0x003163c4]} cellSpurs: cellSpursAttributeSetSpuThreadGroupType(attr=*0xd007f838, type=24)
HLE: W {PPU[0x1] Thread (main_thread)[0x003163e4]} cellSpurs: cellSpursInitializeWithAttribute(spurs=*0x200d3d00, attr=*0xd007f838)
HLE: W {PPU[0x1] Thread (main_thread)[0x003163e4]} sys_process: sys_process_is_spu_lock_line_reservation_address(addr=0x200d3d00, flags=0x2)
HLE: W {PPU[0x1] Thread (main_thread)[0x003163e4]} sys_semaphore: sys_semaphore_create(sem_id=*0xd007f7a8, attr=*0xd007f788, initial_val=0, max_val=1)
HLE: W {PPU[0x1] Thread (main_thread)[0x003163e4]} sys_semaphore: sys_semaphore_create(sem_id=*0xd007f7a8, attr=*0xd007f788, initial_val=0, max_val=1)
HLE: W {PPU[0x1] Thread (main_thread)[0x003163e4]} sys_semaphore: sys_semaphore_create(sem_id=*0xd007f7a8, attr=*0xd007f788, initial_val=0, max_val=1)
HLE: W {PPU[0x1] Thread (main_thread)[0x003163e4]} sys_semaphore: sys_semaphore_create(sem_id=*0xd007f7a8, attr=*0xd007f788, initial_val=0, max_val=1)
HLE: W {PPU[0x1] Thread (main_thread)[0x003163e4]} sys_semaphore: sys_semaphore_create(sem_id=*0xd007f7a8, attr=*0xd007f788, initial_val=0, max_val=1)
HLE: W {PPU[0x1] Thread (main_thread)[0x003163e4]} sys_semaphore: sys_semaphore_create(sem_id=*0xd007f7a8, attr=*0xd007f788, initial_val=0, max_val=1)
HLE: W {PPU[0x1] Thread (main_thread)[0x003163e4]} sys_semaphore: sys_semaphore_create(sem_id=*0xd007f7a8, attr=*0xd007f788, initial_val=0, max_val=1)
HLE: W {PPU[0x1] Thread (main_thread)[0x003163e4]} sys_semaphore: sys_semaphore_create(sem_id=*0xd007f7a8, attr=*0xd007f788, initial_val=0, max_val=1)
HLE: W {PPU[0x1] Thread (main_thread)[0x003163e4]} sys_semaphore: sys_semaphore_create(sem_id=*0xd007f7a8, attr=*0xd007f788, initial_val=0, max_val=1)
HLE: W {PPU[0x1] Thread (main_thread)[0x003163e4]} sys_semaphore: sys_semaphore_create(sem_id=*0xd007f7a8, attr=*0xd007f788, initial_val=0, max_val=1)
HLE: W {PPU[0x1] Thread (main_thread)[0x003163e4]} sys_semaphore: sys_semaphore_create(sem_id=*0xd007f7a8, attr=*0xd007f788, initial_val=0, max_val=1)
HLE: W {PPU[0x1] Thread (main_thread)[0x003163e4]} sys_semaphore: sys_semaphore_create(sem_id=*0xd007f7a8, attr=*0xd007f788, initial_val=0, max_val=1)
HLE: W {PPU[0x1] Thread (main_thread)[0x003163e4]} sys_semaphore: sys_semaphore_create(sem_id=*0xd007f7a8, attr=*0xd007f788, initial_val=0, max_val=1)
HLE: W {PPU[0x1] Thread (main_thread)[0x003163e4]} sys_semaphore: sys_semaphore_create(sem_id=*0xd007f7a8, attr=*0xd007f788, initial_val=0, max_val=1)
HLE: W {PPU[0x1] Thread (main_thread)[0x003163e4]} sys_semaphore: sys_semaphore_create(sem_id=*0xd007f7a8, attr=*0xd007f788, initial_val=0, max_val=1)
HLE: W {PPU[0x1] Thread (main_thread)[0x003163e4]} sys_semaphore: sys_semaphore_create(sem_id=*0xd007f7a8, attr=*0xd007f788, initial_val=0, max_val=1)
HLE: W {PPU[0x1] Thread (main_thread)[0x003163e4]} sys_semaphore: sys_semaphore_create(sem_id=*0xd007f7a8, attr=*0xd007f788, initial_val=0, max_val=1)
HLE: W {PPU[0x1] Thread (main_thread)[0x003163e4]} sys_spu: sys_spu_thread_group_create(id=*0xd007f768, num=5, prio=100, attr=*0xd007f6d8)
HLE: E {PPU[0x1] Thread (main_thread)[0x003163e4]} sys_spu TODO: Unsupported SPU Thread Group type (0x18)
HLE: W {PPU[0x1] Thread (main_thread)[0x003163e4]} sys_spu: sys_spu_thread_initialize(thread=*0xd007f6b0, group=0x29, spu_num=0, img=*0x200d4a70, attr=*0xd007f6a0, arg=*0xd007f6b8)
HLE: E {PPU[0x1] Thread (main_thread)[0x003163e4]} sys_spu: Unsupported SPU Thread options (0x2)
HLE: W {PPU[0x1] Thread (main_thread)[0x003163e4]} sys_spu: sys_spu_thread_initialize(thread=*0xd007f6b0, group=0x29, spu_num=1, img=*0x200d4a70, attr=*0xd007f6a0, arg=*0xd007f6b8)
HLE: E {PPU[0x1] Thread (main_thread)[0x003163e4]} sys_spu: Unsupported SPU Thread options (0x2)
HLE: W {PPU[0x1] Thread (main_thread)[0x003163e4]} sys_spu: sys_spu_thread_initialize(thread=*0xd007f6b0, group=0x29, spu_num=2, img=*0x200d4a70, attr=*0xd007f6a0, arg=*0xd007f6b8)
HLE: E {PPU[0x1] Thread (main_thread)[0x003163e4]} sys_spu: Unsupported SPU Thread options (0x2)
HLE: W {PPU[0x1] Thread (main_thread)[0x003163e4]} sys_spu: sys_spu_thread_initialize(thread=*0xd007f6b0, group=0x29, spu_num=3, img=*0x200d4a70, attr=*0xd007f6a0, arg=*0xd007f6b8)
HLE: E {PPU[0x1] Thread (main_thread)[0x003163e4]} sys_spu: Unsupported SPU Thread options (0x2)
HLE: W {PPU[0x1] Thread (main_thread)[0x003163e4]} sys_spu: sys_spu_thread_initialize(thread=*0xd007f6b0, group=0x29, spu_num=4, img=*0x200d4a70, attr=*0xd007f6a0, arg=*0xd007f6b8)
HLE: E {PPU[0x1] Thread (main_thread)[0x003163e4]} sys_spu: Unsupported SPU Thread options (0x2)
HLE: W {PPU[0x1] Thread (main_thread)[0x00295b4c]} sys_spu: sys_spu_thread_group_connect_event_all_threads(id=0x29, eq=0x15, req=0x2, spup=*0xd007f580)
HLE: W {PPU[0x1] Thread (main_thread)[0x003163e4]} sysPrxForUser: sys_lwmutex_create(lwmutex=*0x200d4ab0, attr=*0xd007f770)
HLE: W {PPU[0x1] Thread (main_thread)[0x003163e4]} sysPrxForUser: sys_lwcond_create(lwcond=*0x200d4ac8, lwmutex=*0x200d4ab0, attr=*0xd007f780)
HLE: W {PPU[0x1] Thread (main_thread)[0x003163e4]} sys_event: sys_event_queue_create(equeue_id=*0x200d4a5c, attr=*0xd007f608, event_queue_key=0x0, size=42)
HLE: W {PPU[0x1] Thread (main_thread)[0x003163e4]} sys_spu: sys_spu_thread_group_connect_event_all_threads(id=0x29, eq=0x31, req=0xffffffffffff0000, spup=*0x200d3dc9)
HLE: W {PPU[0x1] Thread (main_thread)[0x003163e4]} sys_event: sys_event_port_create(eport_id=*0x200d4a60, port_type=1, name=0x0)
HLE: W {PPU[0x1] Thread (main_thread)[0x003163e4]} sys_event: sys_event_port_connect_local(eport_id=0x32, equeue_id=0x31)
HLE: W {PPU[0x1] Thread (main_thread)[0x003163e4]} cellSpurs: cellSpursEnableExceptionEventHandler(spurs=*0x200d3d00, flag=1)
HLE: W {PPU[0x34] Thread (ApeCoreSpursHdlr0)[0x00000000]} sys_spu: sys_spu_thread_group_start(id=0x29)
HLE: W {PPU[0x1] Thread (main_thread)[0x003163e4]} sys_spu: sys_spu_thread_group_connect_event(id=0x29, eq=0x31, et=2)
SPU: S {PPU[0x34] Thread (ApeCoreSpursHdlr0)[0x00000000]} SPU Database initialized...
SPU: S {PPU[0x34] Thread (ApeCoreSpursHdlr0)[0x00000000]} SPU Recompiler (ASMJIT) created...
HLE: W {PPU[0x34] Thread (ApeCoreSpursHdlr0)[0x00000000]} sys_spu: sys_spu_thread_group_join(id=0x29, cause=*0x0, status=*0x0)
HLE: E {PPU[0x1] Thread (main_thread)[0x003161e4]} cellSpurs: _cellSpursJobChainAttributeInitialize
HLE: E {PPU[0x1] Thread (main_thread)[0x00316364]} cellSpurs: cellSpursJobChainAttributeSetName
HLE: E {PPU[0x1] Thread (main_thread)[0x003161c4]} cellSpurs: cellSpursCreateJobChainWithAttribute
HLE: W {PPU[0x1] Thread (main_thread)[0x00316264]} cellSpurs: _cellSpursEventFlagInitialize(spurs=*0x200d3d00, taskset=*0x0, eventFlag=*0x909300, flagClearMode=0, flagDirection=1)
HLE: W {PPU[0x1] Thread (main_thread)[0x00316304]} cellSpurs: cellSpursEventFlagAttachLv2EventQueue(eventFlag=*0x909300)
HLE: W {PPU[0x1] Thread (main_thread)[0x00316304]} sys_event: sys_event_queue_create(equeue_id=*0xd007f4c8, attr=*0xd007f4a8, event_queue_key=0x0, size=1)
HLE: W {PPU[0x1] Thread (main_thread)[0x00316304]} sys_spu: sys_spu_thread_group_connect_event_all_threads(id=0x29, eq=0x35, req=0xffffffffffff0000, spup=*0xd007f4c0)
HLE: E {PPU[0x1] Thread (main_thread)[0x003162a4]} cellSpurs: cellSpursJobGuardInitialize
HLE: W {PPU[0x1] Thread (main_thread)[0x00316264]} cellSpurs: _cellSpursEventFlagInitialize(spurs=*0x200d3d00, taskset=*0x0, eventFlag=*0x909500, flagClearMode=0, flagDirection=1)
HLE: W {PPU[0x1] Thread (main_thread)[0x00316304]} cellSpurs: cellSpursEventFlagAttachLv2EventQueue(eventFlag=*0x909500)
HLE: W {PPU[0x1] Thread (main_thread)[0x00316304]} sys_event: sys_event_queue_create(equeue_id=*0xd007f7a8, attr=*0xd007f788, event_queue_key=0x0, size=1)
HLE: W {PPU[0x1] Thread (main_thread)[0x00316304]} sys_spu: sys_spu_thread_group_connect_event_all_threads(id=0x29, eq=0x36, req=0xffffffffffff0000, spup=*0xd007f7a0)
HLE: W {PPU[0x1] Thread (main_thread)[0x00316324]} cellSpurs: _cellSpursAttributeInitialize(attr=*0xd007f838, revision=2, sdkVersion=0x330000, nSpus=1, spuPriority=101, ppuPriority=101, exitIfNoWork=9475328)
HLE: W {PPU[0x1] Thread (main_thread)[0x00316144]} cellSpurs: cellSpursAttributeSetNamePrefix(attr=*0xd007f838, prefix=*0x327f78, size=13)
HLE: W {PPU[0x1] Thread (main_thread)[0x003163e4]} cellSpurs: cellSpursInitializeWithAttribute(spurs=*0x200f9000, attr=*0xd007f838)
HLE: W {PPU[0x1] Thread (main_thread)[0x003163e4]} sys_process: sys_process_is_spu_lock_line_reservation_address(addr=0x200f9000, flags=0x2)
HLE: W {PPU[0x1] Thread (main_thread)[0x003163e4]} sys_semaphore: sys_semaphore_create(sem_id=*0xd007f7a8, attr=*0xd007f788, initial_val=0, max_val=1)
HLE: W {PPU[0x1] Thread (main_thread)[0x003163e4]} sys_semaphore: sys_semaphore_create(sem_id=*0xd007f7a8, attr=*0xd007f788, initial_val=0, max_val=1)
HLE: W {PPU[0x1] Thread (main_thread)[0x003163e4]} sys_semaphore: sys_semaphore_create(sem_id=*0xd007f7a8, attr=*0xd007f788, initial_val=0, max_val=1)
HLE: W {PPU[0x1] Thread (main_thread)[0x003163e4]} sys_semaphore: sys_semaphore_create(sem_id=*0xd007f7a8, attr=*0xd007f788, initial_val=0, max_val=1)
HLE: W {PPU[0x1] Thread (main_thread)[0x003163e4]} sys_semaphore: sys_semaphore_create(sem_id=*0xd007f7a8, attr=*0xd007f788, initial_val=0, max_val=1)
HLE: W {PPU[0x1] Thread (main_thread)[0x003163e4]} sys_semaphore: sys_semaphore_create(sem_id=*0xd007f7a8, attr=*0xd007f788, initial_val=0, max_val=1)
SPU: S {SPU[0x2c] Thread (ApeCoreCellSpursKernel2)[0x00818]} Function detected [0x00818-0x00820] (size=0x8)
HLE: W {PPU[0x1] Thread (main_thread)[0x003163e4]} sys_semaphore: sys_semaphore_create(sem_id=*0xd007f7a8, attr=*0xd007f788, initial_val=0, max_val=1)
HLE: W {PPU[0x1] Thread (main_thread)[0x003163e4]} sys_semaphore: sys_semaphore_create(sem_id=*0xd007f7a8, attr=*0xd007f788, initial_val=0, max_val=1)
HLE: W {PPU[0x1] Thread (main_thread)[0x003163e4]} sys_semaphore: sys_semaphore_create(sem_id=*0xd007f7a8, attr=*0xd007f788, initial_val=0, max_val=1)
HLE: W {PPU[0x1] Thread (main_thread)[0x003163e4]} sys_semaphore: sys_semaphore_create(sem_id=*0xd007f7a8, attr=*0xd007f788, initial_val=0, max_val=1)
HLE: W {PPU[0x1] Thread (main_thread)[0x003163e4]} sys_semaphore: sys_semaphore_create(sem_id=*0xd007f7a8, attr=*0xd007f788, initial_val=0, max_val=1)
HLE: W {PPU[0x1] Thread (main_thread)[0x003163e4]} sys_semaphore: sys_semaphore_create(sem_id=*0xd007f7a8, attr=*0xd007f788, initial_val=0, max_val=1)
HLE: W {PPU[0x1] Thread (main_thread)[0x003163e4]} sys_semaphore: sys_semaphore_create(sem_id=*0xd007f7a8, attr=*0xd007f788, initial_val=0, max_val=1)
HLE: W {PPU[0x1] Thread (main_thread)[0x003163e4]} sys_semaphore: sys_semaphore_create(sem_id=*0xd007f7a8, attr=*0xd007f788, initial_val=0, max_val=1)
HLE: W {PPU[0x1] Thread (main_thread)[0x003163e4]} sys_semaphore: sys_semaphore_create(sem_id=*0xd007f7a8, attr=*0xd007f788, initial_val=0, max_val=1)
HLE: W {PPU[0x1] Thread (main_thread)[0x003163e4]} sys_semaphore: sys_semaphore_create(sem_id=*0xd007f7a8, attr=*0xd007f788, initial_val=0, max_val=1)
HLE: W {PPU[0x1] Thread (main_thread)[0x003163e4]} sys_semaphore: sys_semaphore_create(sem_id=*0xd007f7a8, attr=*0xd007f788, initial_val=0, max_val=1)
HLE: W {PPU[0x1] Thread (main_thread)[0x003163e4]} sys_spu: sys_spu_thread_group_create(id=*0xd007f768, num=1, prio=101, attr=*0xd007f6d8)
HLE: W {PPU[0x1] Thread (main_thread)[0x003163e4]} sys_spu: sys_spu_thread_initialize(thread=*0xd007f6b0, group=0x48, spu_num=0, img=*0x200f9d70, attr=*0xd007f6a0, arg=*0xd007f6b8)
HLE: E {PPU[0x1] Thread (main_thread)[0x003163e4]} sys_spu: Unsupported SPU Thread options (0x2)
HLE: W {PPU[0x1] Thread (main_thread)[0x003163e4]} sysPrxForUser: sys_lwmutex_create(lwmutex=*0x200f9db0, attr=*0xd007f770)
HLE: W {PPU[0x1] Thread (main_thread)[0x003163e4]} sysPrxForUser: sys_lwcond_create(lwcond=*0x200f9dc8, lwmutex=*0x200f9db0, attr=*0xd007f780)
HLE: W {PPU[0x1] Thread (main_thread)[0x003163e4]} sys_event: sys_event_queue_create(equeue_id=*0x200f9d5c, attr=*0xd007f608, event_queue_key=0x0, size=42)
HLE: W {PPU[0x1] Thread (main_thread)[0x003163e4]} sys_spu: sys_spu_thread_group_connect_event_all_threads(id=0x48, eq=0x4c, req=0xffffffffffff0000, spup=*0x200f90c9)
HLE: W {PPU[0x1] Thread (main_thread)[0x003163e4]} sys_event: sys_event_port_create(eport_id=*0x200f9d60, port_type=1, name=0x0)
HLE: W {PPU[0x1] Thread (main_thread)[0x003163e4]} sys_event: sys_event_port_connect_local(eport_id=0x4d, equeue_id=0x4c)
HLE: W {PPU[0x1] Thread (main_thread)[0x003163e4]} cellSpurs: cellSpursEnableExceptionEventHandler(spurs=*0x200f9000, flag=1)
HLE: W {PPU[0x4f] Thread (ApeSpurs_1SPUSpursHdlr0)[0x00000000]} sys_spu: sys_spu_thread_group_start(id=0x48)
HLE: W {PPU[0x1] Thread (main_thread)[0x003163e4]} sys_spu: sys_spu_thread_group_connect_event(id=0x48, eq=0x4c, et=2)
HLE: W {PPU[0x4f] Thread (ApeSpurs_1SPUSpursHdlr0)[0x00000000]} sys_spu: sys_spu_thread_group_join(id=0x48, cause=*0x0, status=*0x0)
HLE: E {PPU[0x1] Thread (main_thread)[0x003161e4]} cellSpurs: _cellSpursJobChainAttributeInitialize
HLE: E {PPU[0x1] Thread (main_thread)[0x00316364]} cellSpurs: cellSpursJobChainAttributeSetName
HLE: E {PPU[0x1] Thread (main_thread)[0x003161c4]} cellSpurs: cellSpursCreateJobChainWithAttribute
HLE: W {PPU[0x1] Thread (main_thread)[0x00316264]} cellSpurs: _cellSpursEventFlagInitialize(spurs=*0x200f9000, taskset=*0x0, eventFlag=*0x909680, flagClearMode=0, flagDirection=1)
HLE: W {PPU[0x1] Thread (main_thread)[0x00316304]} cellSpurs: cellSpursEventFlagAttachLv2EventQueue(eventFlag=*0x909680)
HLE: W {PPU[0x1] Thread (main_thread)[0x00316304]} sys_event: sys_event_queue_create(equeue_id=*0xd007f4c8, attr=*0xd007f4a8, event_queue_key=0x0, size=1)
HLE: W {PPU[0x1] Thread (main_thread)[0x00316304]} sys_spu: sys_spu_thread_group_connect_event_all_threads(id=0x48, eq=0x50, req=0xffffffffffff0000, spup=*0xd007f4c0)
HLE: E {PPU[0x1] Thread (main_thread)[0x003162a4]} cellSpurs: cellSpursJobGuardInitialize
HLE: W {PPU[0x1] Thread (main_thread)[0x0029b01c]} sys_memory: sys_memory_allocate(size=0x100000, flags=0x400, alloc_addr=*0xd007f2b0)
HLE: W {PPU[0x1] Thread (main_thread)[0x003168c4]} cellSysmodule: cellSysmoduleInitialize()
HLE: W {PPU[0x1] Thread (main_thread)[0x00315e64]} cellSysmodule: cellSysmoduleLoadModule(id=0x0017: CELL_SYSMODULE_IO)
HLE: W {PPU[0x1] Thread (main_thread)[0x00315e64]} cellSysmodule: cellSysmoduleLoadModule(id=0x000e: CELL_SYSMODULE_FS)
HLE: W {PPU[0x1] Thread (main_thread)[0x00316e44]} sysPrxForUser: sys_lwmutex_create(lwmutex=*0x200fc1d0, attr=*0xd007f5c0)
HLE: W {PPU[0x1] Thread (main_thread)[0x00317024]} sysPrxForUser: sys_lwcond_create(lwcond=*0x200d6ec0, lwmutex=*0x200fc1d0, attr=*0xd007f5b0)
HLE: W {PPU[0x1] Thread (main_thread)[0x00316e44]} sysPrxForUser: sys_lwmutex_create(lwmutex=*0x200d6ee0, attr=*0xd007f550)
HLE: W {PPU[0x1] Thread (main_thread)[0x003166a4]} cellGame: cellGameBootCheck(type=*0xd007f6c0, attributes=*0xd007f6c4, size=*0xd007f6c8, dirName=*0xd007f6d8)
TTY: cellGameBootCheck() OK\n
TTY:   get_type = [2]\n
TTY:     CELL_GAME_GAMETYPE_HDD\n
TTY:   get_attributes = [0x00000000]\n
TTY:   dirName = [NPEA00342]\n
TTY:   hddFreeSizeKB = [40000000] sizeKB = [-1] sysSizeKB = [0]\n
HLE: W {PPU[0x1] Thread (main_thread)[0x00316664]} cellGame: cellGameGetParamInt(id=102, value=*0xd007f580)
TTY: cellGameGetParamInt() OK id:[PARENTAL_LEVEL] value = [5]\n
HLE: W {PPU[0x1] Thread (main_thread)[0x00316664]} cellGame: cellGameGetParamInt(id=103, value=*0xd007f580)
TTY: cellGameGetParamInt() OK id:[RESOLUTION] value = [38]\n
HLE: W {PPU[0x1] Thread (main_thread)[0x00316664]} cellGame: cellGameGetParamInt(id=104, value=*0xd007f580)
TTY: cellGameGetParamInt() OK id:[SOUND_FORMAT] value = [1]\n
HLE: W {PPU[0x1] Thread (main_thread)[0x00316604]} cellGame: cellGameGetParamString(id=0, buf=*0xd007f5b8, bufsize=128)
TTY: cellGameGetParamString() OK id:[TITLE_CURRENT] string = [Sly 2: Band of Thieves™]\n
HLE: W {PPU[0x1] Thread (main_thread)[0x00316604]} cellGame: cellGameGetParamString(id=1, buf=*0xd007f5b8, bufsize=128)
TTY: cellGameGetParamString() OK id:[TITLE_DEFAULT] string = [Sly 2: Band of Thieves™]\n
HLE: W {PPU[0x1] Thread (main_thread)[0x00316604]} cellGame: cellGameGetParamString(id=100, buf=*0xd007f5b8, bufsize=128)
TTY: cellGameGetParamString() OK id:[TITLE_ID] string = [NPEA00342]\n
HLE: W {PPU[0x1] Thread (main_thread)[0x00316624]} cellGame: cellGameContentPermit(contentInfoPath=*0x909808, usrdirPath=*0x909888)
TTY: cellGameContentPermit() OK\n
TTY:   contentInfoPath:[/dev_hdd0/game/NPEA00342]\n
TTY:   usrdirPath:[/dev_hdd0/game/NPEA00342/USRDIR]\n
HLE: W {PPU[0x1] Thread (main_thread)[0x00316e44]} sysPrxForUser: sys_lwmutex_create(lwmutex=*0x2011e2b0, attr=*0xd007f5d0)
HLE: W {PPU[0x1] Thread (main_thread)[0x00316e44]} sysPrxForUser: sys_lwmutex_create(lwmutex=*0x2011e338, attr=*0xd007f670)
HLE: W {PPU[0x1] Thread (main_thread)[0x002770fc]} sys_rwlock: sys_rwlock_create(rw_lock_id=*0x2011e36c, attr=*0xd007f660)
HLE: W {PPU[0x1] Thread (main_thread)[0x00316e44]} sysPrxForUser: sys_lwmutex_create(lwmutex=*0x2011e388, attr=*0xd007f670)
HLE: W {PPU[0x1] Thread (main_thread)[0x00317024]} sysPrxForUser: sys_lwcond_create(lwcond=*0x2011e3b0, lwmutex=*0x2011e388, attr=*0xd007f660)
HLE: W {PPU[0x1] Thread (main_thread)[0x002770fc]} sys_rwlock: sys_rwlock_create(rw_lock_id=*0x2011c26c, attr=*0xd007f660)
HLE: W {PPU[0x1] Thread (main_thread)[0x00316184]} cellSpurs: _cellSpursTasksetAttributeInitialize(attribute=*0xd007f810, revision=1, skd_version=0x330000, args=0x0, priority=*0xd007f7c0, max_contention=8)
HLE: W {PPU[0x1] Thread (main_thread)[0x00316284]} cellSpurs: cellSpursTasksetAttributeSetName(attr=*0xd007f810, name=*0x328018)
HLE: W {PPU[0x1] Thread (main_thread)[0x00316404]} cellSpurs: cellSpursCreateTasksetWithAttribute(spurs=*0x200d3d00, taskset=*0x2011f780, attr=*0xd007f810)
HLE: W {PPU[0x1] Thread (main_thread)[0x00316404]} cellSpurs: _cellSpursWorkloadAttributeInitialize(attr=*0xd007f550, revision=1, sdkVersion=0x33, pm=*0x200, size=0x1e40, data=0x2011f780, priority=*0xd007f820, minCnt=0x8, maxCnt=0x8)
HLE: W {PPU[0x1] Thread (main_thread)[0x00316404]} cellSpurs: cellSpursWorkloadAttributeSetName(attr=*0xd007f550, nameClass=*0x0, nameInstance=*0x328018)
HLE: W {PPU[0x1] Thread (main_thread)[0x00316404]} cellSpurs: cellSpursAddWorkloadWithAttribute(spurs=*0x200d3d00, wid=*0xd007f548, attr=*0xd007f550)
HLE: W {PPU[0x1] Thread (main_thread)[0x00316264]} cellSpurs: _cellSpursEventFlagInitialize(spurs=*0x200d3d00, taskset=*0x0, eventFlag=*0x20121080, flagClearMode=0, flagDirection=1)
HLE: W {PPU[0x1] Thread (main_thread)[0x00316304]} cellSpurs: cellSpursEventFlagAttachLv2EventQueue(eventFlag=*0x20121080)
HLE: W {PPU[0x1] Thread (main_thread)[0x00316304]} sys_event: sys_event_queue_create(equeue_id=*0xd007f748, attr=*0xd007f728, event_queue_key=0x0, size=1)
HLE: W {PPU[0x1] Thread (main_thread)[0x00316304]} sys_spu: sys_spu_thread_group_connect_event_all_threads(id=0x29, eq=0x5a, req=0xffffffffffff0000, spup=*0xd007f740)
HLE: E {PPU[0x1] Thread (main_thread)[0x003168e4]} cellSpurs TODO: _cellSpursLFQueueInitialize(pTasksetOrSpurs=*0x200d3d01, pQueue=*0x20121100, buffer=*0x20121180, size=0x20, depth=0xc, direction=3)
HLE: W {PPU[0x1] Thread (main_thread)[0x003168e4]} cellSync: cellSyncLFQueueInitialize(queue=*0x20121100, buffer=*0x20121180, size=0x20, depth=0xc, direction=3, eaSignal=*0x200d3d01)
HLE: E {PPU[0x1] Thread (main_thread)[0x00316904]} cellSpurs: cellSpursLFQueueAttachLv2EventQueue
HLE: W {PPU[0x1] Thread (main_thread)[0x00316a64]} cellSpurs: cellSpursCreateTask(taskset=*0x2011f780, taskID=*0xd007f6b0, elf=*0x34a480, context=*0x2011e780, size=0xc00, lsPattern=*0x31b978, argument=*0xd007f6b8)
HLE: W {PPU[0x1] Thread (main_thread)[0x00316a64]} cellSpurs: cellSpursSendWorkloadSignal(spurs=*0x200d3d00, wid=0)
HLE: W {PPU[0x1] Thread (main_thread)[0x00316a64]} cellSpurs: cellSpursWakeUp(spurs=*0x200d3d00)
HLE: W {PPU[0x1] Thread (main_thread)[0x00316e44]} sysPrxForUser: sys_lwmutex_create(lwmutex=*0x20121630, attr=*0xd007f530)
HLE: W {PPU[0x1] Thread (main_thread)[0x002770fc]} sys_rwlock: sys_rwlock_create(rw_lock_id=*0x201216b4, attr=*0xd007f650)
HLE: W {PPU[0x1] Thread (main_thread)[0x00316e44]} sysPrxForUser: sys_lwmutex_create(lwmutex=*0x201216d0, attr=*0xd007f660)
HLE: W {PPU[0x1] Thread (main_thread)[0x00316e44]} sysPrxForUser: sys_lwmutex_create(lwmutex=*0x201216f8, attr=*0xd007f660)
HLE: W {PPU[0x1] Thread (main_thread)[0x00316e44]} sysPrxForUser: sys_lwmutex_create(lwmutex=*0x20121790, attr=*0xd007f660)
HLE: W {PPU[0x1] Thread (main_thread)[0x00317024]} sysPrxForUser: sys_lwcond_create(lwcond=*0x201217b8, lwmutex=*0x20121790, attr=*0xd007f650)
HLE: W {PPU[0x1] Thread (main_thread)[0x00316e44]} sysPrxForUser: sys_lwmutex_create(lwmutex=*0x20121860, attr=*0xd007f660)
HLE: W {PPU[0x1] Thread (main_thread)[0x00316e44]} sysPrxForUser: sys_lwmutex_create(lwmutex=*0x20122110, attr=*0xd007f530)
HLE: W {PPU[0x1] Thread (main_thread)[0x002770fc]} sys_rwlock: sys_rwlock_create(rw_lock_id=*0x20122194, attr=*0xd007f650)
HLE: W {PPU[0x1] Thread (main_thread)[0x002770fc]} sys_rwlock: sys_rwlock_create(rw_lock_id=*0x20122a14, attr=*0xd007f650)
HLE: W {PPU[0x1] Thread (main_thread)[0x00316e44]} sysPrxForUser: sys_lwmutex_create(lwmutex=*0x20122ba0, attr=*0xd007f560)
HLE: W {PPU[0x1] Thread (main_thread)[0x00316e44]} sysPrxForUser: sys_lwmutex_create(lwmutex=*0x20122bc8, attr=*0xd007f560)
HLE: W {PPU[0x1] Thread (main_thread)[0x002770fc]} sys_rwlock: sys_rwlock_create(rw_lock_id=*0x20122bec, attr=*0xd007f550)
HLE: W {PPU[0x1] Thread (main_thread)[0x00316e44]} sysPrxForUser: sys_lwmutex_create(lwmutex=*0x20122c08, attr=*0xd007f560)
HLE: W {PPU[0x1] Thread (main_thread)[0x00316e44]} sysPrxForUser: sys_lwmutex_create(lwmutex=*0x20122c70, attr=*0xd007f560)
HLE: W {PPU[0x1] Thread (main_thread)[0x00317024]} sysPrxForUser: sys_lwcond_create(lwcond=*0x20122c98, lwmutex=*0x20122c70, attr=*0xd007f550)
HLE: W {PPU[0x1] Thread (main_thread)[0x00317024]} sysPrxForUser: sys_lwcond_create(lwcond=*0x20122cb0, lwmutex=*0x20122c70, attr=*0xd007f550)
HLE: W {PPU[0x1] Thread (main_thread)[0x00316e44]} sysPrxForUser: sys_lwmutex_create(lwmutex=*0x20122cc8, attr=*0xd007f560)
HLE: W {PPU[0x1] Thread (main_thread)[0x00316e44]} sysPrxForUser: sys_lwmutex_create(lwmutex=*0x20122d18, attr=*0xd007f560)
HLE: W {PPU[0x1] Thread (main_thread)[0x00317024]} sysPrxForUser: sys_lwcond_create(lwcond=*0x201378d0, lwmutex=*0x20122d18, attr=*0xd007f550)
HLE: W {PPU[0x1] Thread (main_thread)[0x00317024]} sysPrxForUser: sys_lwcond_create(lwcond=*0x201378e8, lwmutex=*0x20122d18, attr=*0xd007f550)
HLE: W {PPU[0x1] Thread (main_thread)[0x00317024]} sysPrxForUser: sys_lwcond_create(lwcond=*0x20137900, lwmutex=*0x20122d18, attr=*0xd007f550)
HLE: W {PPU[0x1] Thread (main_thread)[0x00316dc4]} sysPrxForUser: sys_ppu_thread_create(thread_id=*0x20137940, entry=0x3f0228, arg=0x20137908, prio=99, stacksize=0x8000, flags=0x1, threadname=*0x20137910)
HLE: W {PPU[0x1] Thread (main_thread)[0x00316dc4]} sys_ppu_thread: _sys_ppu_thread_create(thread_id=*0x20137940, param=*0xd007f508, arg=0x20137908, unk=0x0, prio=99, stacksize=0x8000, flags=0x1, threadname=*0x20137910)
HLE: W {PPU[0x1] Thread (main_thread)[0x00316dc4]} sys_ppu_thread: sys_ppu_thread_start(thread_id=0x71)
HLE: W {PPU[0x1] Thread (main_thread)[0x00316dc4]} sysPrxForUser: sys_ppu_thread_create(thread_id=*0x20137980, entry=0x3f0228, arg=0x20137948, prio=99, stacksize=0x8000, flags=0x1, threadname=*0x20137950)
HLE: W {PPU[0x1] Thread (main_thread)[0x00316dc4]} sys_ppu_thread: _sys_ppu_thread_create(thread_id=*0x20137980, param=*0xd007f508, arg=0x20137948, unk=0x0, prio=99, stacksize=0x8000, flags=0x1, threadname=*0x20137950)
HLE: W {PPU[0x1] Thread (main_thread)[0x00316dc4]} sys_ppu_thread: sys_ppu_thread_start(thread_id=0x72)
HLE: W {PPU[0x1] Thread (main_thread)[0x00316dc4]} sysPrxForUser: sys_ppu_thread_create(thread_id=*0x201379c0, entry=0x3f0228, arg=0x20137988, prio=99, stacksize=0x8000, flags=0x1, threadname=*0x20137990)
HLE: W {PPU[0x1] Thread (main_thread)[0x00316dc4]} sys_ppu_thread: _sys_ppu_thread_create(thread_id=*0x201379c0, param=*0xd007f508, arg=0x20137988, unk=0x0, prio=99, stacksize=0x8000, flags=0x1, threadname=*0x20137990)
HLE: W {PPU[0x1] Thread (main_thread)[0x00316dc4]} sys_ppu_thread: sys_ppu_thread_start(thread_id=0x73)
HLE: W {PPU[0x1] Thread (main_thread)[0x00316dc4]} sysPrxForUser: sys_ppu_thread_create(thread_id=*0x20122c58, entry=0x3f0228, arg=0x20122c20, prio=100, stacksize=0x10000, flags=0x1, threadname=*0x20122c28)
HLE: W {PPU[0x1] Thread (main_thread)[0x00316dc4]} sys_ppu_thread: _sys_ppu_thread_create(thread_id=*0x20122c58, param=*0xd007f508, arg=0x20122c20, unk=0x0, prio=100, stacksize=0x10000, flags=0x1, threadname=*0x20122c28)
HLE: W {PPU[0x1] Thread (main_thread)[0x00316dc4]} sys_ppu_thread: sys_ppu_thread_start(thread_id=0x74)
HLE: W {PPU[0x1] Thread (main_thread)[0x003160a4]} sys_io: cellPadInit(max_connect=4)
HLE: W {PPU[0x71] Thread (fios mediathread 2)[0x00316524]} cellFs: cellFsOpen(path=*0xd00b30b0, flags=0, fd=*0xd00b2f64, arg=*0x0, size=0x0) -> sys_fs_open()
HLE: W {PPU[0x71] Thread (fios mediathread 2)[0x00316524]} sys_fs: sys_fs_open(path=*0xd00b30b0, flags=0, fd=*0xd00b2f64, mode=0, arg=*0x0, size=0x0)
HLE: W {PPU[0x71] Thread (fios mediathread 2)[0x00316524]} sys_fs: *** path = '/dev_hdd0/game/NPEA00342/USRDIR/System.psarc'
HLE: W {PPU[0x71] Thread (fios mediathread 2)[0x00316c64]} sys_fs: sys_fs_fstat(fd=3, sb=*0xd00b3024)
HLE: W {PPU[0x71] Thread (fios mediathread 2)[0x00316544]} cellFs: cellFsStat(path=*0xd00b30a0, sb=*0xd00b3014) -> sys_fs_stat()
HLE: W {PPU[0x71] Thread (fios mediathread 2)[0x00316544]} sys_fs: sys_fs_stat(path=*0xd00b30a0, sb=*0xd00b3014)
HLE: W {PPU[0x71] Thread (fios mediathread 2)[0x00316544]} sys_fs: *** path = '/dev_hdd0/game/NPEA00342/USRDIR/System.psarc'
HLE: W {PPU[0x71] Thread (fios mediathread 2)[0x0028ca80]} sys_time: sys_time_get_timezone(timezone=*0xd00b2eb0, summertime=*0xd00b2eb4)
HLE: W {PPU[0x71] Thread (fios mediathread 2)[0x0028e544]} sys_time: sys_time_get_timezone(timezone=*0xd00b2e00, summertime=*0xd00b2e04)
HLE: W {PPU[0x71] Thread (fios mediathread 2)[0x0028ca80]} sys_time: sys_time_get_timezone(timezone=*0xd00b2eb0, summertime=*0xd00b2eb4)
HLE: W {PPU[0x71] Thread (fios mediathread 2)[0x0028e544]} sys_time: sys_time_get_timezone(timezone=*0xd00b2e00, summertime=*0xd00b2e04)
HLE: W {PPU[0x71] Thread (fios mediathread 2)[0x0028ca80]} sys_time: sys_time_get_timezone(timezone=*0xd00b2eb0, summertime=*0xd00b2eb4)
HLE: W {PPU[0x71] Thread (fios mediathread 2)[0x0028e544]} sys_time: sys_time_get_timezone(timezone=*0xd00b2e00, summertime=*0xd00b2e04)
HLE: W {PPU[0x1] Thread (main_thread)[0x00315e64]} cellSysmodule: cellSysmoduleLoadModule(id=0x0010: CELL_SYSMODULE_GCM_SYS)
HLE: W {PPU[0x1] Thread (main_thread)[0x00315d84]} cellGcmSys: cellGcmInitDefaultFifoMode(mode=1)
HLE: W {PPU[0x1] Thread (main_thread)[0x0029b01c]} sys_memory: sys_memory_allocate(size=0x300000, flags=0x400, alloc_addr=*0xd007f710)
HLE: W {PPU[0x1] Thread (main_thread)[0x00315b24]} cellGcmSys: _cellGcmInitBody(context=**0x92be40, cmdSize=0xff000, ioSize=0x100000, ioAddress=0x20200000)
HLE: W {PPU[0x1] Thread (main_thread)[0x00315b24]} cellGcmSys: *** local memory(addr=0xc0000000, size=0xf900000)
HLE: W {PPU[0x1] Thread (main_thread)[0x00315b24]} cellGcmSys: cellGcmInit(): 256MB io address space used
RSX: ! {RSXThread} RSX thread started
HLE: W {PPU[0x1] Thread (main_thread)[0x0029b01c]} sys_memory: sys_memory_allocate(size=0x4c00000, flags=0x400, alloc_addr=*0xd007f790)
HLE: W {PPU[0x1] Thread (main_thread)[0x00315ca4]} cellGcmSys: cellGcmMapMainMemory(ea=0x20400000, size=0x4a00000, offset=*0xd007f900)
HLE: E {PPU[0x1] Thread (main_thread)[0x00315e24]} cellGcmSys: cellGcmSetVBlankFrequency
HLE: W {PPU[0x1] Thread (main_thread)[0x00315d24]} cellGcmSys: cellGcmSetVBlankHandler(handler=*0x3ece10)
HLE: W {PPU[0x1] Thread (main_thread)[0x00315fc4]} cellSysutil: cellVideoOutGetResolutionAvailability(videoOut=0, resolutionId=0x8b, aspect=2, option=0)
HLE: W {PPU[0x1] Thread (main_thread)[0x00315fc4]} cellSysutil: cellVideoOutGetResolutionAvailability(videoOut=0, resolutionId=0x2, aspect=2, option=0)
TTY: 2D Video mode configured as 1280x720\n
HLE: W {PPU[0x1] Thread (main_thread)[0x00315d64]} cellGcmSys: cellGcmSetTileInfo(index=0, location=0, offset=65536, size=3801088, pitch=5120, comp=10, base=0, bank=1)
HLE: E {PPU[0x1] Thread (main_thread)[0x00315d64]} cellGcmSys: cellGcmSetTileInfo: bad compression mode! (10)
HLE: W {PPU[0x1] Thread (main_thread)[0x00315ba4]} cellGcmSys: cellGcmBindTile(index=0)
HLE: W {PPU[0x1] Thread (main_thread)[0x00315c84]} cellGcmSys: cellGcmBindZcull(index=0)
HLE: W {PPU[0x1] Thread (main_thread)[0x00315d64]} cellGcmSys: cellGcmSetTileInfo(index=1, location=0, offset=3932160, size=3801088, pitch=5120, comp=0, base=0, bank=0)
HLE: W {PPU[0x1] Thread (main_thread)[0x00315ba4]} cellGcmSys: cellGcmBindTile(index=1)
HLE: W {PPU[0x1] Thread (main_thread)[0x00315d64]} cellGcmSys: cellGcmSetTileInfo(index=2, location=0, offset=7798784, size=3801088, pitch=5120, comp=0, base=0, bank=0)
HLE: W {PPU[0x1] Thread (main_thread)[0x00315ba4]} cellGcmSys: cellGcmBindTile(index=2)
HLE: W {PPU[0x1] Thread (main_thread)[0x00315d64]} cellGcmSys: cellGcmSetTileInfo(index=3, location=0, offset=11665408, size=7536640, pitch=10240, comp=7, base=58, bank=0)
HLE: E {PPU[0x1] Thread (main_thread)[0x00315d64]} cellGcmSys: cellGcmSetTileInfo: bad compression mode! (7)
HLE: W {PPU[0x1] Thread (main_thread)[0x00315ba4]} cellGcmSys: cellGcmBindTile(index=3)
HLE: W {PPU[0x1] Thread (main_thread)[0x00315d64]} cellGcmSys: cellGcmSetTileInfo(index=4, location=0, offset=19267584, size=7536640, pitch=10240, comp=11, base=173, bank=1)
HLE: E {PPU[0x1] Thread (main_thread)[0x00315d64]} cellGcmSys: cellGcmSetTileInfo: bad compression mode! (11)
HLE: W {PPU[0x1] Thread (main_thread)[0x00315ba4]} cellGcmSys: cellGcmBindTile(index=4)
HLE: W {PPU[0x1] Thread (main_thread)[0x00315c84]} cellGcmSys: cellGcmBindZcull(index=1)
HLE: W {PPU[0x1] Thread (main_thread)[0x00315ea4]} cellSysutil: cellVideoOutConfigure(videoOut=0, config=*0xd007f968, option=*0x0, waitForEvent=0)
HLE: W {PPU[0x1] Thread (main_thread)[0x00315d64]} cellGcmSys: cellGcmSetTileInfo(index=1, location=0, offset=3932160, size=3801088, pitch=5120, comp=0, base=0, bank=0)
HLE: W {PPU[0x1] Thread (main_thread)[0x00315ba4]} cellGcmSys: cellGcmBindTile(index=1)
HLE: W {PPU[0x1] Thread (main_thread)[0x00315d64]} cellGcmSys: cellGcmSetTileInfo(index=2, location=0, offset=7798784, size=3801088, pitch=5120, comp=0, base=0, bank=0)
HLE: W {PPU[0x1] Thread (main_thread)[0x00315ba4]} cellGcmSys: cellGcmBindTile(index=2)
HLE: W {PPU[0x1] Thread (main_thread)[0x00315d64]} cellGcmSys: cellGcmSetTileInfo(index=0, location=0, offset=65536, size=3801088, pitch=5120, comp=10, base=0, bank=1)
HLE: E {PPU[0x1] Thread (main_thread)[0x00315d64]} cellGcmSys: cellGcmSetTileInfo: bad compression mode! (10)
HLE: W {PPU[0x1] Thread (main_thread)[0x00315ba4]} cellGcmSys: cellGcmBindTile(index=0)
HLE: W {PPU[0x1] Thread (main_thread)[0x00315c84]} cellGcmSys: cellGcmBindZcull(index=0)
HLE: W {PPU[0x1] Thread (main_thread)[0x00315d64]} cellGcmSys: cellGcmSetTileInfo(index=3, location=0, offset=11665408, size=7536640, pitch=10240, comp=7, base=58, bank=0)
HLE: E {PPU[0x1] Thread (main_thread)[0x00315d64]} cellGcmSys: cellGcmSetTileInfo: bad compression mode! (7)
HLE: W {PPU[0x1] Thread (main_thread)[0x00315ba4]} cellGcmSys: cellGcmBindTile(index=3)
HLE: W {PPU[0x1] Thread (main_thread)[0x00315d64]} cellGcmSys: cellGcmSetTileInfo(index=4, location=0, offset=19267584, size=7536640, pitch=10240, comp=11, base=173, bank=1)
HLE: E {PPU[0x1] Thread (main_thread)[0x00315d64]} cellGcmSys: cellGcmSetTileInfo: bad compression mode! (11)
HLE: W {PPU[0x1] Thread (main_thread)[0x00315ba4]} cellGcmSys: cellGcmBindTile(index=4)
HLE: W {PPU[0x1] Thread (main_thread)[0x00315c84]} cellGcmSys: cellGcmBindZcull(index=1)
HLE: W {PPU[0x1] Thread (main_thread)[0x00315bc4]} cellGcmSys: cellGcmSetFlipMode(mode=2)
HLE: W {PPU[0x1] Thread (main_thread)[0x00315d64]} cellGcmSys: cellGcmSetTileInfo(index=5, location=0, offset=26869760, size=3801088, pitch=5120, comp=0, base=0, bank=0)
HLE: W {PPU[0x1] Thread (main_thread)[0x00315ba4]} cellGcmSys: cellGcmBindTile(index=5)
HLE: E {PPU[0x1] Thread (main_thread)[0x00316484]} cellSpurs: cellSpursRunJobChain
HLE: W {PPU[0x1] Thread (main_thread)[0x00316204]} cellSpurs: cellSpursEventFlagWait(eventFlag=*0x909500, mask=*0xd007f730, mode=1)
G: ! Stopping emulator...
G: ! All threads signaled...
G: ! {VBlank Thread} Thread aborted
G: ! {PPU[0x2] Thread (Callback Thread)[0x00000000]} Thread aborted
HLE: S {PPU[0x1] Thread (main_thread)[0x00316204]} Last function: cellSpursEventFlagWait (0x373523d4)
G: ! {PPU[0x1] Thread (main_thread)[0x00316204]} Thread aborted
HLE: S {PPU[0x17] Thread (_SPU_printf_server)[0x00295d1c]} Last syscall: 130 (sys_event_queue_receive)
G: ! {PPU[0x17] Thread (_SPU_printf_server)[0x00295d1c]} Thread aborted
G: ! {PPU[0x4e] Thread (ApeSpurs_1SPUSpursHdlr1)[0x00000000]} Thread aborted
G: ! {PPU[0x33] Thread (ApeCoreSpursHdlr1)[0x00000000]} Thread aborted
HLE: S {PPU[0x71] Thread (fios mediathread 2)[0x00316e04]} Last function: sys_lwcond_wait (0x2a6d9d51)
HLE: S {PPU[0x72] Thread (fios mediathread 3)[0x00316e04]} Last function: sys_lwcond_wait (0x2a6d9d51)
G: ! {PPU[0x71] Thread (fios mediathread 2)[0x00316e04]} Thread aborted
HLE: S {PPU[0x73] Thread (fios mediathread 4)[0x00316e04]} Last function: sys_lwcond_wait (0x2a6d9d51)
G: ! {PPU[0x72] Thread (fios mediathread 3)[0x00316e04]} Thread aborted
HLE: S {PPU[0x74] Thread (fios scheduler 1)[0x00316e04]} Last function: sys_lwcond_wait (0x2a6d9d51)
G: ! {PPU[0x73] Thread (fios mediathread 4)[0x00316e04]} Thread aborted
G: ! {PPU[0x74] Thread (fios scheduler 1)[0x00316e04]} Thread aborted
G: ! {PPU[0x4f] Thread (ApeSpurs_1SPUSpursHdlr0)[0x00000000]} Thread aborted
G: ! {PPU[0x34] Thread (ApeCoreSpursHdlr0)[0x00000000]} Thread aborted
G: ! {SPU[0x2b] Thread (ApeCoreCellSpursKernel1)[0x00818]} Thread aborted
G: ! {SPU[0x2a] Thread (ApeCoreCellSpursKernel0)[0x00818]} Thread aborted
G: ! {SPU[0x2c] Thread (ApeCoreCellSpursKernel2)[0x00818]} Thread aborted
G: ! {SPU[0x2e] Thread (ApeCoreCellSpursKernel4)[0x00818]} Thread aborted
G: ! {SPU[0x49] Thread (ApeSpurs_1SPUCellSpursKernel0)[0x00818]} Thread aborted
G: ! {SPU[0x2d] Thread (ApeCoreCellSpursKernel3)[0x00818]} Thread aborted
G: ! All threads stopped...
G: ! Objects cleared...
