LDR: E PSFLoader::Load() failed: unknown magic (0x0)
G: ! Stopping emulator...
LDR: ! Loading 'D:/Emulateurs/Rpcs3/dev_hdd0/game/NPEA00308/USRDIR/BOOT.BIN'...
G: W fs::file::open('D:/Emulateurs/Rpcs3/dev_hdd0/game/NPEA00308/dev_bdvd.path', 0x1) failed: error 0x2
LDR: !  
LDR: ! Mount info:
LDR: ! /dev_usb000/ -> D:/Emulateurs/Rpcs3/dev_usb000/
LDR: ! /dev_flash/ -> D:/Emulateurs/Rpcs3/dev_flash/
LDR: ! /host_root/ -> 
LDR: ! /dev_hdd0/ -> D:/Emulateurs/Rpcs3/dev_hdd0/
LDR: ! /dev_hdd1/ -> D:/Emulateurs/Rpcs3/dev_hdd1/
LDR: ! /dev_usb/ -> D:/Emulateurs/Rpcs3/dev_usb000/
LDR: !  
LDR: ! Title: God of War®: Chains of Olympus (Digital)
LDR: ! Serial: NPEA00308
LDR: ! Elf path: /dev_hdd0/game/NPEA00308/USRDIR/BOOT.BIN
LDR: ! loader::init() failed: Broken file
LDR: ! *** sdk version: 0x360001
LDR: ! *** primary prio: 1001
LDR: ! *** primary stacksize: 0x70
LDR: ! *** malloc pagesize: 0x100000
LDR: ! *** ppc seg: 0x0
LDR: E Unknown module 'cellSysutilAvconfExt'
LDR: ! Imported function 'cellVideoOutGetScreenSize' in 'cellSysutilAvconfExt' module (0x457fdc)
LDR: ! Imported function 'sceNpDrmIsAvailable' in 'sceNp' module (0x457ffc)
LDR: ! Imported function 'sceNpInit' in 'sceNp' module (0x45801c)
LDR: ! Imported function 'cellGameContentPermit' in 'cellGame' module (0x45803c)
LDR: ! Imported function 'cellGameContentErrorDialog' in 'cellGame' module (0x45805c)
LDR: ! Imported function 'cellGameBootCheck' in 'cellGame' module (0x45807c)
LDR: ! Imported function 'cellPadInit' in 'sys_io' module (0x45809c)
LDR: ! Imported function 'cellPadSetPortSetting' in 'sys_io' module (0x4580bc)
LDR: ! Imported function 'cellPadGetData' in 'sys_io' module (0x4580dc)
LDR: ! Imported function 'cellPadGetInfo2' in 'sys_io' module (0x4580fc)
LDR: ! Imported function 'cellPadSetActDirect' in 'sys_io' module (0x45811c)
LDR: ! Imported function 'cellSpursAttributeSetNamePrefix' in 'cellSpurs' module (0x45813c)
LDR: ! Imported function 'cellSpursAttributeSetMemoryContainerForSpuThread' in 'cellSpurs' module (0x45815c)
LDR: ! Imported function '_cellSpursAttributeInitialize' in 'cellSpurs' module (0x45817c)
LDR: ! Imported function 'cellSpursInitializeWithAttribute' in 'cellSpurs' module (0x45819c)
LDR: ! Imported function 'cellSpursRequestIdleSpu' in 'cellSpurs' module (0x45925c)
LDR: ! Imported function 'cellSpursGetInfo' in 'cellSpurs' module (0x45927c)
LDR: ! Imported function 'cellSpursWorkloadAttributeSetName' in 'cellSpurs' module (0x45929c)
LDR: ! Imported function 'cellSpursGetWorkloadInfo' in 'cellSpurs' module (0x4592bc)
LDR: ! Imported function 'cellSpursRemoveWorkload' in 'cellSpurs' module (0x4592dc)
LDR: ! Imported function 'cellSpursWaitForWorkloadShutdown' in 'cellSpurs' module (0x4592fc)
LDR: ! Imported function 'cellSpursSetPriorities' in 'cellSpurs' module (0x45931c)
LDR: ! Imported function 'cellSpursShutdownWorkload' in 'cellSpurs' module (0x45933c)
LDR: ! Imported function 'cellSpursAddWorkloadWithAttribute' in 'cellSpurs' module (0x45935c)
LDR: ! Imported function 'cellSpursSetExceptionEventHandler' in 'cellSpurs' module (0x45937c)
LDR: ! Imported function '_cellSpursWorkloadAttributeInitialize' in 'cellSpurs' module (0x45939c)
LDR: ! Imported function 'cellSpursReadyCountStore' in 'cellSpurs' module (0x4593bc)
LDR: ! Imported function 'cellFsRmdir' in 'sys_fs' module (0x4581bc)
LDR: ! Imported function 'cellFsClose' in 'sys_fs' module (0x4581dc)
LDR: ! Imported function 'cellFsOpendir' in 'sys_fs' module (0x4581fc)
LDR: ! Imported function 'cellFsRead' in 'sys_fs' module (0x45821c)
LDR: ! Imported function 'cellFsOpen' in 'sys_fs' module (0x45823c)
LDR: ! Imported function 'cellFsStat' in 'sys_fs' module (0x45825c)
LDR: ! Imported function 'cellFsUnlink' in 'sys_fs' module (0x45827c)
LDR: ! Imported function 'cellFsGetDirectoryEntries' in 'sys_fs' module (0x45829c)
LDR: ! Imported function 'cellFsAioFinish' in 'sys_fs' module (0x4582bc)
LDR: ! Imported function 'cellFsLseek' in 'sys_fs' module (0x4582dc)
LDR: ! Imported function 'cellFsMkdir' in 'sys_fs' module (0x4582fc)
LDR: ! Imported function 'cellFsAioInit' in 'sys_fs' module (0x45831c)
LDR: ! Imported function 'cellFsWrite' in 'sys_fs' module (0x45833c)
LDR: ! Imported function 'cellFsFstat' in 'sys_fs' module (0x45835c)
LDR: ! Imported function 'cellFsClosedir' in 'sys_fs' module (0x45837c)
LDR: ! Imported function 'cellFsAioWrite' in 'sys_fs' module (0x4593dc)
LDR: ! Imported function 'cellFsAioRead' in 'sys_fs' module (0x4593fc)
LDR: ! Imported function 'cellVideoOutConfigure' in 'cellSysutil' module (0x45839c)
LDR: ! Imported function 'cellSysutilCheckCallback' in 'cellSysutil' module (0x4583bc)
LDR: ! Imported function 'cellSaveDataListLoad2' in 'cellSysutil' module (0x4583dc)
LDR: ! Imported function 'cellSaveDataListSave2' in 'cellSysutil' module (0x4583fc)
LDR: ! Imported function 'cellMsgDialogOpen2' in 'cellSysutil' module (0x45841c)
LDR: ! Imported function 'cellVideoOutGetState' in 'cellSysutil' module (0x45843c)
LDR: ! Imported function 'cellSaveDataAutoSave2' in 'cellSysutil' module (0x45845c)
LDR: ! Imported function 'cellSysutilRegisterCallback' in 'cellSysutil' module (0x45847c)
LDR: ! Imported function 'cellVideoOutGetResolutionAvailability' in 'cellSysutil' module (0x45849c)
LDR: ! Imported function 'cellSaveDataDelete2' in 'cellSysutil' module (0x4584bc)
LDR: ! Imported function 'cellSaveDataAutoLoad2' in 'cellSysutil' module (0x4584dc)
LDR: ! Imported function 'cellSysutilGetSystemParamInt' in 'cellSysutil' module (0x458cdc)
LDR: ! Imported function 'cellVideoOutGetResolution' in 'cellSysutil' module (0x458cfc)
LDR: ! Imported function 'cellAudioOutConfigure' in 'cellSysutil' module (0x45941c)
LDR: ! Imported function 'cellAudioOutGetSoundAvailability' in 'cellSysutil' module (0x45943c)
LDR: ! Imported function 'cellSysmoduleUnloadModule' in 'cellSysmodule' module (0x4584fc)
LDR: ! Imported function 'cellSysmoduleLoadModule' in 'cellSysmodule' module (0x45851c)
LDR: ! Imported function 'cellSysmoduleIsLoaded' in 'cellSysmodule' module (0x458d1c)
LDR: ! Imported function 'cellGcmGetTiledPitchSize' in 'cellGcmSys' module (0x45853c)
LDR: ! Imported function '_cellGcmInitBody' in 'cellGcmSys' module (0x45855c)
LDR: ! Imported function '_cellGcmSetFlipCommand' in 'cellGcmSys' module (0x45857c)
LDR: ! Imported function 'cellGcmAddressToOffset' in 'cellGcmSys' module (0x45859c)
LDR: ! Imported function 'cellGcmGetLastSecondVTime' in 'cellGcmSys' module (0x4585bc)
LDR: ! Imported function 'cellGcmIoOffsetToAddress' in 'cellGcmSys' module (0x4585dc)
LDR: ! Imported function '_cellGcmFunc15' in 'cellGcmSys' module (0x4585fc)
LDR: ! Imported function 'cellGcmBindTile' in 'cellGcmSys' module (0x45861c)
LDR: ! Imported function 'cellGcmSetFlipMode' in 'cellGcmSys' module (0x45863c)
LDR: ! Imported function 'cellGcmSetSecondVFrequency' in 'cellGcmSys' module (0x45865c)
LDR: ! Imported function 'cellGcmGetDefaultCommandWordSize' in 'cellGcmSys' module (0x45867c)
LDR: ! Imported function 'cellGcmGetLastFlipTime' in 'cellGcmSys' module (0x45869c)
LDR: ! Imported function 'cellGcmGetFlipStatus' in 'cellGcmSys' module (0x4586bc)
LDR: ! Imported function 'cellGcmGetDefaultSegmentWordSize' in 'cellGcmSys' module (0x4586dc)
LDR: ! Imported function 'cellGcmSetDefaultFifoSize' in 'cellGcmSys' module (0x4586fc)
LDR: ! Imported function 'cellGcmBindZcull' in 'cellGcmSys' module (0x45871c)
LDR: ! Imported function 'cellGcmSetFlipHandler' in 'cellGcmSys' module (0x45873c)
LDR: ! Imported function 'cellGcmSetDisplayBuffer' in 'cellGcmSys' module (0x45875c)
LDR: ! Imported function 'cellGcmGetControlRegister' in 'cellGcmSys' module (0x45877c)
LDR: ! Imported function 'cellGcmUnbindZcull' in 'cellGcmSys' module (0x45879c)
LDR: ! Imported function 'cellGcmSetVBlankHandler' in 'cellGcmSys' module (0x4587bc)
LDR: ! Imported function 'cellGcmResetFlipStatus' in 'cellGcmSys' module (0x4587dc)
LDR: ! Imported function 'cellGcmSetTileInfo' in 'cellGcmSys' module (0x4587fc)
LDR: ! Imported function 'cellGcmInitDefaultFifoMode' in 'cellGcmSys' module (0x45881c)
LDR: ! Imported function '_cellGcmSetFlipCommandWithWaitLabel' in 'cellGcmSys' module (0x45883c)
LDR: ! Imported function 'cellGcmUnbindTile' in 'cellGcmSys' module (0x45885c)
LDR: ! Imported function 'cellGcmGetConfiguration' in 'cellGcmSys' module (0x45887c)
LDR: ! Imported function 'cellGcmGetLabelAddress' in 'cellGcmSys' module (0x45889c)
LDR: ! Imported function 'cellGcmMapMainMemory' in 'cellGcmSys' module (0x4591fc)
LDR: ! Imported function 'cellFiberPpuRunFibers' in 'cellFiber' module (0x4588bc)
LDR: ! Imported function 'cellFiberPpuWaitSignal' in 'cellFiber' module (0x4588dc)
LDR: ! Imported function 'cellFiberPpuCreateFiber' in 'cellFiber' module (0x4588fc)
LDR: ! Imported function 'cellFiberPpuSendSignal' in 'cellFiber' module (0x45891c)
LDR: ! Imported function '_cellFiberPpuSchedulerAttributeInitialize' in 'cellFiber' module (0x45893c)
LDR: ! Imported function '_cellFiberPpuAttributeInitialize' in 'cellFiber' module (0x45895c)
LDR: ! Imported function 'cellFiberPpuInitializeScheduler' in 'cellFiber' module (0x45897c)
LDR: ! Imported function '_cellFiberPpuInitialize' in 'cellFiber' module (0x45899c)
LDR: ! Imported function 'sceNpTrophyRegisterContext' in 'sceNpTrophy' module (0x4589bc)
LDR: ! Imported function 'sceNpTrophyCreateHandle' in 'sceNpTrophy' module (0x4589dc)
LDR: ! Imported function 'sceNpTrophyGetRequiredDiskSpace' in 'sceNpTrophy' module (0x4589fc)
LDR: ! Imported function 'sceNpTrophyDestroyContext' in 'sceNpTrophy' module (0x458a1c)
LDR: ! Imported function 'sceNpTrophyInit' in 'sceNpTrophy' module (0x458a3c)
LDR: ! Imported function 'sceNpTrophyGetGameInfo' in 'sceNpTrophy' module (0x458a5c)
LDR: ! Imported function 'sceNpTrophyDestroyHandle' in 'sceNpTrophy' module (0x458a7c)
LDR: ! Imported function 'sceNpTrophyUnlockTrophy' in 'sceNpTrophy' module (0x458a9c)
LDR: ! Imported function 'sceNpTrophyTerm' in 'sceNpTrophy' module (0x458abc)
LDR: ! Imported function 'sceNpTrophyGetTrophyUnlockState' in 'sceNpTrophy' module (0x458adc)
LDR: ! Imported function 'sceNpTrophyCreateContext' in 'sceNpTrophy' module (0x458afc)
LDR: ! Imported function 'cellAudioCreateNotifyEventQueue' in 'cellAudio' module (0x458b1c)
LDR: ! Imported function 'cellAudioSetNotifyEventQueue' in 'cellAudio' module (0x458b3c)
LDR: ! Imported function 'cellAudioGetPortTimestamp' in 'cellAudio' module (0x458b5c)
LDR: ! Imported function 'cellAudioPortClose' in 'cellAudio' module (0x458b7c)
LDR: ! Imported function 'cellAudioPortStop' in 'cellAudio' module (0x458b9c)
LDR: ! Imported function 'cellAudioGetPortConfig' in 'cellAudio' module (0x458bbc)
LDR: ! Imported function 'cellAudioAdd6chData' in 'cellAudio' module (0x458bdc)
LDR: ! Imported function 'cellAudioPortStart' in 'cellAudio' module (0x458bfc)
LDR: ! Imported function 'cellAudioAdd2chData' in 'cellAudio' module (0x458c1c)
LDR: ! Imported function 'cellAudioQuit' in 'cellAudio' module (0x458c3c)
LDR: ! Imported function 'cellAudioPortOpen' in 'cellAudio' module (0x458c5c)
LDR: ! Imported function 'cellAudioAddData' in 'cellAudio' module (0x458c7c)
LDR: ! Imported function 'cellAudioGetPortBlockTag' in 'cellAudio' module (0x458c9c)
LDR: ! Imported function 'cellAudioRemoveNotifyEventQueue' in 'cellAudio' module (0x458cbc)
LDR: ! Imported function 'cellAudioInit' in 'cellAudio' module (0x45945c)
LDR: ! Imported function 'cellSailGraphicsAdapterGetFrame' in 'cellSail' module (0x458d3c)
LDR: ! Imported function 'cellSailDescriptorCreateDatabase' in 'cellSail' module (0x458d5c)
LDR: ! Imported function 'cellSailFutureReset' in 'cellSail' module (0x458d7c)
LDR: ! Imported function 'cellSailPlayerSetSoundAdapter' in 'cellSail' module (0x458d9c)
LDR: ! Imported function 'cellSailGraphicsAdapterPtsToTimePosition' in 'cellSail' module (0x458dbc)
LDR: ! Imported function 'cellSailPlayerFinalize' in 'cellSail' module (0x458ddc)
LDR: ! Imported function 'cellSailPlayerSetGraphicsAdapter' in 'cellSail' module (0x458dfc)
LDR: ! Imported function 'cellSailGraphicsAdapterInitialize' in 'cellSail' module (0x458e1c)
LDR: ! Imported function 'cellSailSoundAdapterSetPreferredFormat' in 'cellSail' module (0x458e3c)
LDR: ! Imported function 'cellSailPlayerInitialize2' in 'cellSail' module (0x458e5c)
LDR: ! Imported function 'cellSailDescriptorDestroyDatabase' in 'cellSail' module (0x458e7c)
LDR: ! Imported function 'cellSailGraphicsAdapterSetPreferredFormat' in 'cellSail' module (0x458e9c)
LDR: ! Imported function 'cellSailMemAllocatorInitialize' in 'cellSail' module (0x458ebc)
LDR: ! Imported function 'cellSailPlayerOpenStream' in 'cellSail' module (0x458edc)
LDR: ! Imported function 'cellSailFutureGet' in 'cellSail' module (0x458efc)
LDR: ! Imported function 'cellSailSoundAdapterInitialize' in 'cellSail' module (0x458f1c)
LDR: ! Imported function 'cellSailGraphicsAdapterUpdateAvSync' in 'cellSail' module (0x458f3c)
LDR: ! Imported function 'cellSailSoundAdapterPtsToTimePosition' in 'cellSail' module (0x458f5c)
LDR: ! Imported function 'cellSailFutureInitialize' in 'cellSail' module (0x458f7c)
LDR: ! Imported function 'cellSailMp4MovieGetMovieInfo' in 'cellSail' module (0x458f9c)
LDR: ! Imported function 'cellSailPlayerSetParameter' in 'cellSail' module (0x458fbc)
LDR: ! Imported function 'cellSailAviMovieGetMovieInfo' in 'cellSail' module (0x458fdc)
LDR: ! Imported function 'cellSailGraphicsAdapterFinalize' in 'cellSail' module (0x458ffc)
LDR: ! Imported function 'cellSailPlayerAddDescriptor' in 'cellSail' module (0x45901c)
LDR: ! Imported function 'cellSailSoundAdapterGetFrame' in 'cellSail' module (0x45903c)
LDR: ! Imported function 'cellSailFutureFinalize' in 'cellSail' module (0x45905c)
LDR: ! Imported function 'cellSailFutureSet' in 'cellSail' module (0x45907c)
LDR: ! Imported function 'cellSailPlayerBoot' in 'cellSail' module (0x45909c)
LDR: ! Imported function 'cellSailSoundAdapterFinalize' in 'cellSail' module (0x4590bc)
LDR: ! Imported function 'cellSailPlayerSetPaused' in 'cellSail' module (0x4590dc)
LDR: ! Imported function 'cellSailPlayerCreateDescriptor' in 'cellSail' module (0x4590fc)
LDR: ! Imported function 'cellSailPlayerStart' in 'cellSail' module (0x45911c)
LDR: ! Imported function 'cellSailPlayerStop' in 'cellSail' module (0x45913c)
LDR: ! Imported function 'cellSailSoundAdapterUpdateAvSync' in 'cellSail' module (0x45915c)
LDR: ! Imported function 'cellSailSoundAdapterGetFormat' in 'cellSail' module (0x45917c)
LDR: ! Imported function 'cellSailPlayerSetRepeatMode' in 'cellSail' module (0x45919c)
LDR: ! Imported function 'cellSailPlayerDestroyDescriptor' in 'cellSail' module (0x4591bc)
LDR: ! Imported function 'cellSailGraphicsAdapterGetFormat' in 'cellSail' module (0x4591dc)
LDR: ! Imported function 'cellPamfReaderGetPresentationStartTime' in 'cellPamf' module (0x45921c)
LDR: ! Imported function 'cellPamfReaderGetPresentationEndTime' in 'cellPamf' module (0x45923c)
LDR: ! Imported function 'sys_lwmutex_lock' in 'sysPrxForUser' module (0x45947c)
LDR: ! Imported function 'sys_lwmutex_unlock' in 'sysPrxForUser' module (0x45949c)
LDR: ! Imported function 'sys_lwcond_destroy' in 'sysPrxForUser' module (0x4594bc)
LDR: ! Imported function 'sys_ppu_thread_create' in 'sysPrxForUser' module (0x4594dc)
LDR: ! Imported function 'sys_lwcond_wait' in 'sysPrxForUser' module (0x4594fc)
LDR: ! Imported function '_sys_process_atexitspawn' in 'sysPrxForUser' module (0x45951c)
LDR: ! Imported function 'sys_lwmutex_create' in 'sysPrxForUser' module (0x45953c)
LDR: ! Imported function 'sys_ppu_thread_get_id' in 'sysPrxForUser' module (0x45955c)
LDR: ! Imported function '_sys_heap_malloc' in 'sysPrxForUser' module (0x45957c)
LDR: ! Imported function 'sys_prx_register_library' in 'sysPrxForUser' module (0x45959c)
LDR: ! Imported function '_sys_heap_memalign' in 'sysPrxForUser' module (0x4595bc)
LDR: ! Imported function 'sys_process_is_stack' in 'sysPrxForUser' module (0x4595dc)
LDR: ! Imported function 'sys_initialize_tls' in 'sysPrxForUser' module (0x4595fc)
LDR: ! Imported function 'sys_time_get_system_time' in 'sysPrxForUser' module (0x45961c)
LDR: ! Imported function '_sys_heap_free' in 'sysPrxForUser' module (0x45963c)
LDR: ! Imported function '_sys_process_at_Exitspawn' in 'sysPrxForUser' module (0x45965c)
LDR: ! Imported function 'sys_prx_exitspawn_with_level' in 'sysPrxForUser' module (0x45967c)
LDR: ! Imported function 'sys_lwmutex_trylock' in 'sysPrxForUser' module (0x45969c)
LDR: ! Imported function '_sys_heap_delete_heap' in 'sysPrxForUser' module (0x4596bc)
LDR: ! Imported function 'sys_ppu_thread_exit' in 'sysPrxForUser' module (0x4596dc)
LDR: ! Imported function '_sys_heap_create_heap' in 'sysPrxForUser' module (0x4596fc)
LDR: ! Imported function 'sys_lwmutex_destroy' in 'sysPrxForUser' module (0x45971c)
LDR: ! Imported function 'sys_lwcond_create' in 'sysPrxForUser' module (0x45973c)
LDR: ! Imported function 'sys_process_exit' in 'sysPrxForUser' module (0x45975c)
LDR: ! Imported function 'sys_lwcond_signal' in 'sysPrxForUser' module (0x45977c)
HLE: ! sysPrxForUser: Thread Local Storage initialized (g_tls_start=0xfc2000, user_size=0xe8)
*** TLS segment addr: 0x006515d4
*** TLS segment size: 0x00000000
G: W {PPU[0x1] Thread (main_thread)[0x00010d30]} Registers:
=========
GPR[0] = 0x10d20
GPR[1] = 0xd0000000
GPR[2] = 0x658a20
GPR[3] = 0x1
GPR[4] = 0x569000
GPR[5] = 0x568000
GPR[6] = 0x0
GPR[7] = 0x0
GPR[8] = 0x0
GPR[9] = 0x0
GPR[10] = 0x0
GPR[11] = 0x567000
GPR[12] = 0x100000
GPR[13] = 0xfc9030
GPR[14] = 0x1
GPR[15] = 0x569000
GPR[16] = 0x568000
GPR[17] = 0x0
GPR[18] = 0x567000
GPR[19] = 0x100000
GPR[20] = 0x0
GPR[21] = 0x0
GPR[22] = 0x0
GPR[23] = 0x0
GPR[24] = 0x0
GPR[25] = 0x0
GPR[26] = 0x0
GPR[27] = 0x0
GPR[28] = 0x0
GPR[29] = 0x0
GPR[30] = 0x0
GPR[31] = 0x0
FPR[0] = 0
FPR[1] = 0
FPR[2] = 0
FPR[3] = 0
FPR[4] = 0
FPR[5] = 0
FPR[6] = 0
FPR[7] = 0
FPR[8] = 0
FPR[9] = 0
FPR[10] = 0
FPR[11] = 0
FPR[12] = 0
FPR[13] = 0
FPR[14] = 0
FPR[15] = 0
FPR[16] = 0
FPR[17] = 0
FPR[18] = 0
FPR[19] = 0
FPR[20] = 0
FPR[21] = 0
FPR[22] = 0
FPR[23] = 0
FPR[24] = 0
FPR[25] = 0
FPR[26] = 0
FPR[27] = 0
FPR[28] = 0
FPR[29] = 0
FPR[30] = 0
FPR[31] = 0
VPR[0] = 0x00000000000000000000000000000000 [x: 0 y: 0 z: 0 w: 0]
VPR[1] = 0x00000000000000000000000000000000 [x: 0 y: 0 z: 0 w: 0]
VPR[2] = 0x00000000000000000000000000000000 [x: 0 y: 0 z: 0 w: 0]
VPR[3] = 0x00000000000000000000000000000000 [x: 0 y: 0 z: 0 w: 0]
VPR[4] = 0x00000000000000000000000000000000 [x: 0 y: 0 z: 0 w: 0]
VPR[5] = 0x00000000000000000000000000000000 [x: 0 y: 0 z: 0 w: 0]
VPR[6] = 0x00000000000000000000000000000000 [x: 0 y: 0 z: 0 w: 0]
VPR[7] = 0x00000000000000000000000000000000 [x: 0 y: 0 z: 0 w: 0]
VPR[8] = 0x00000000000000000000000000000000 [x: 0 y: 0 z: 0 w: 0]
VPR[9] = 0x00000000000000000000000000000000 [x: 0 y: 0 z: 0 w: 0]
VPR[10] = 0x00000000000000000000000000000000 [x: 0 y: 0 z: 0 w: 0]
VPR[11] = 0x00000000000000000000000000000000 [x: 0 y: 0 z: 0 w: 0]
VPR[12] = 0x00000000000000000000000000000000 [x: 0 y: 0 z: 0 w: 0]
VPR[13] = 0x00000000000000000000000000000000 [x: 0 y: 0 z: 0 w: 0]
VPR[14] = 0x00000000000000000000000000000000 [x: 0 y: 0 z: 0 w: 0]
VPR[15] = 0x00000000000000000000000000000000 [x: 0 y: 0 z: 0 w: 0]
VPR[16] = 0x00000000000000000000000000000000 [x: 0 y: 0 z: 0 w: 0]
VPR[17] = 0x00000000000000000000000000000000 [x: 0 y: 0 z: 0 w: 0]
VPR[18] = 0x00000000000000000000000000000000 [x: 0 y: 0 z: 0 w: 0]
VPR[19] = 0x00000000000000000000000000000000 [x: 0 y: 0 z: 0 w: 0]
VPR[20] = 0x00000000000000000000000000000000 [x: 0 y: 0 z: 0 w: 0]
VPR[21] = 0x00000000000000000000000000000000 [x: 0 y: 0 z: 0 w: 0]
VPR[22] = 0x00000000000000000000000000000000 [x: 0 y: 0 z: 0 w: 0]
VPR[23] = 0x00000000000000000000000000000000 [x: 0 y: 0 z: 0 w: 0]
VPR[24] = 0x00000000000000000000000000000000 [x: 0 y: 0 z: 0 w: 0]
VPR[25] = 0x00000000000000000000000000000000 [x: 0 y: 0 z: 0 w: 0]
VPR[26] = 0x00000000000000000000000000000000 [x: 0 y: 0 z: 0 w: 0]
VPR[27] = 0x00000000000000000000000000000000 [x: 0 y: 0 z: 0 w: 0]
VPR[28] = 0x00000000000000000000000000000000 [x: 0 y: 0 z: 0 w: 0]
VPR[29] = 0x00000000000000000000000000000000 [x: 0 y: 0 z: 0 w: 0]
VPR[30] = 0x00000000000000000000000000000000 [x: 0 y: 0 z: 0 w: 0]
VPR[31] = 0x00000000000000000000000000000000 [x: 0 y: 0 z: 0 w: 0]
CR = 0x22000082
LR = 0x567058
CTR = 0x10d20
XER = 0x0 [CA=0 | OV=0 | SO=8589934592]
FPSCR = 0x0 [RN=0 | NI=0 | XE=0 | ZE=0 | UE=0 | OE=0 | VE=0 | VXCVI=0 | VXSQRT=0 | VXSOFT=0 | FPRF=0 | FI=0 | FR=0 | VXVC=0 | VXIMZ=0 | VXZDZ=0 | VXIDI=0 | VXISI=0 | VXSNAN=0 | XX=0 | ZX=0 | UX=0 | OX=0 | VX=0 | FEX=0 | FX=0]

G: E {PPU[0x1] Thread (main_thread)[0x00010d30]} Exception: Access violation writing location 0xcfffff90
(in file ..\Utilities\Thread.cpp:1098, in function _se_translator)
G: ! Stopping emulator...
G: ! All threads signaled...
G: W {PPU[0x2] Thread (Callback Thread)[0x00000000]} Registers:
=========
GPR[0] = 0x0
GPR[1] = 0xd0010e00
GPR[2] = 0x0
GPR[3] = 0x0
GPR[4] = 0x0
GPR[5] = 0x0
GPR[6] = 0x0
GPR[7] = 0x0
GPR[8] = 0x0
GPR[9] = 0x0
GPR[10] = 0x0
GPR[11] = 0x0
GPR[12] = 0x0
GPR[13] = 0xfc9148
GPR[14] = 0x0
GPR[15] = 0x0
GPR[16] = 0x0
GPR[17] = 0x0
GPR[18] = 0x0
GPR[19] = 0x0
GPR[20] = 0x0
GPR[21] = 0x0
GPR[22] = 0x0
GPR[23] = 0x0
GPR[24] = 0x0
GPR[25] = 0x0
GPR[26] = 0x0
GPR[27] = 0x0
GPR[28] = 0x0
GPR[29] = 0x0
GPR[30] = 0x0
GPR[31] = 0x0
FPR[0] = 0
FPR[1] = 0
FPR[2] = 0
FPR[3] = 0
FPR[4] = 0
FPR[5] = 0
FPR[6] = 0
FPR[7] = 0
FPR[8] = 0
FPR[9] = 0
FPR[10] = 0
FPR[11] = 0
FPR[12] = 0
FPR[13] = 0
FPR[14] = 0
FPR[15] = 0
FPR[16] = 0
FPR[17] = 0
FPR[18] = 0
FPR[19] = 0
FPR[20] = 0
FPR[21] = 0
FPR[22] = 0
FPR[23] = 0
FPR[24] = 0
FPR[25] = 0
FPR[26] = 0
FPR[27] = 0
FPR[28] = 0
FPR[29] = 0
FPR[30] = 0
FPR[31] = 0
VPR[0] = 0x00000000000000000000000000000000 [x: 0 y: 0 z: 0 w: 0]
VPR[1] = 0x00000000000000000000000000000000 [x: 0 y: 0 z: 0 w: 0]
VPR[2] = 0x00000000000000000000000000000000 [x: 0 y: 0 z: 0 w: 0]
VPR[3] = 0x00000000000000000000000000000000 [x: 0 y: 0 z: 0 w: 0]
VPR[4] = 0x00000000000000000000000000000000 [x: 0 y: 0 z: 0 w: 0]
VPR[5] = 0x00000000000000000000000000000000 [x: 0 y: 0 z: 0 w: 0]
VPR[6] = 0x00000000000000000000000000000000 [x: 0 y: 0 z: 0 w: 0]
VPR[7] = 0x00000000000000000000000000000000 [x: 0 y: 0 z: 0 w: 0]
VPR[8] = 0x00000000000000000000000000000000 [x: 0 y: 0 z: 0 w: 0]
VPR[9] = 0x00000000000000000000000000000000 [x: 0 y: 0 z: 0 w: 0]
VPR[10] = 0x00000000000000000000000000000000 [x: 0 y: 0 z: 0 w: 0]
VPR[11] = 0x00000000000000000000000000000000 [x: 0 y: 0 z: 0 w: 0]
VPR[12] = 0x00000000000000000000000000000000 [x: 0 y: 0 z: 0 w: 0]
VPR[13] = 0x00000000000000000000000000000000 [x: 0 y: 0 z: 0 w: 0]
VPR[14] = 0x00000000000000000000000000000000 [x: 0 y: 0 z: 0 w: 0]
VPR[15] = 0x00000000000000000000000000000000 [x: 0 y: 0 z: 0 w: 0]
VPR[16] = 0x00000000000000000000000000000000 [x: 0 y: 0 z: 0 w: 0]
VPR[17] = 0x00000000000000000000000000000000 [x: 0 y: 0 z: 0 w: 0]
VPR[18] = 0x00000000000000000000000000000000 [x: 0 y: 0 z: 0 w: 0]
VPR[19] = 0x00000000000000000000000000000000 [x: 0 y: 0 z: 0 w: 0]
VPR[20] = 0x00000000000000000000000000000000 [x: 0 y: 0 z: 0 w: 0]
VPR[21] = 0x00000000000000000000000000000000 [x: 0 y: 0 z: 0 w: 0]
VPR[22] = 0x00000000000000000000000000000000 [x: 0 y: 0 z: 0 w: 0]
VPR[23] = 0x00000000000000000000000000000000 [x: 0 y: 0 z: 0 w: 0]
VPR[24] = 0x00000000000000000000000000000000 [x: 0 y: 0 z: 0 w: 0]
VPR[25] = 0x00000000000000000000000000000000 [x: 0 y: 0 z: 0 w: 0]
VPR[26] = 0x00000000000000000000000000000000 [x: 0 y: 0 z: 0 w: 0]
VPR[27] = 0x00000000000000000000000000000000 [x: 0 y: 0 z: 0 w: 0]
VPR[28] = 0x00000000000000000000000000000000 [x: 0 y: 0 z: 0 w: 0]
VPR[29] = 0x00000000000000000000000000000000 [x: 0 y: 0 z: 0 w: 0]
VPR[30] = 0x00000000000000000000000000000000 [x: 0 y: 0 z: 0 w: 0]
VPR[31] = 0x00000000000000000000000000000000 [x: 0 y: 0 z: 0 w: 0]
CR = 0x22000082
LR = 0x0
CTR = 0x0
XER = 0x0 [CA=0 | OV=0 | SO=8589934592]
FPSCR = 0x0 [RN=0 | NI=0 | XE=0 | ZE=0 | UE=0 | OE=0 | VE=0 | VXCVI=0 | VXSQRT=0 | VXSOFT=0 | FPRF=0 | FI=0 | FR=0 | VXVC=0 | VXIMZ=0 | VXZDZ=0 | VXIDI=0 | VXISI=0 | VXSNAN=0 | XX=0 | ZX=0 | UX=0 | OX=0 | VX=0 | FEX=0 | FX=0]

G: W {PPU[0x2] Thread (Callback Thread)[0x00000000]} Exception: Aborted (emulation stopped)
(in file Emu\SysCalls\Callback.cpp:58, in function CallbackManager::Init::<lambda_46ea869b6054320987a0d5fa0b32bb88>::operator ())
G: ! All threads stopped...
