LDR: E PSFLoader::Load() failed: unknown magic (0x0)
G: ! RPCS3 v0.0.0.6-3827-a6beb0e
G: ! 
LDR: ! Loading 'D:\Emulateurs\Rpcs3\dev_hdd0\game\NPEA00252\USRDIR\BOOT.BIN'...
G: W fs::file::open('D:/Emulateurs/Rpcs3/dev_hdd0/game/NPEA00252/dev_bdvd.path', 0x1) failed: error 0x2
LDR: ! 
LDR: ! Mount info:
LDR: ! /dev_usb000/ -> D:/Emulateurs/Rpcs3/dev_usb000/
LDR: ! /dev_flash/ -> D:/Emulateurs/Rpcs3/dev_flash/
LDR: ! /host_root/ -> 
LDR: ! /dev_hdd0/ -> D:/Emulateurs/Rpcs3/dev_hdd0/
LDR: ! /dev_hdd1/ -> D:/Emulateurs/Rpcs3/dev_hdd1/
LDR: ! /dev_usb/ -> D:/Emulateurs/Rpcs3/dev_usb000/
LDR: ! 
LDR: ! 
LDR: ! Title: inFamous
LDR: ! Serial: NPEA00252
LDR: ! Used configuration: 'rpcs3.new.ini'
LDR: ! 
LDR: ! [gui]
MainFrameAui=layout2|name~Pane_0;caption~Game List;state~4196348;dir~5;layer~0;row~0;pos~0;prop~100000;bestw~283;besth~279;minw~-1;minh~-1;maxw~-1;maxh~-1;floatx~-1;floaty~-1;floatw~-1;floath~-1|name~Pane_1;caption~Log;state~4196348;dir~4;layer~0;row~1;pos~1;prop~99647;bestw~600;besth~300;minw~-1;minh~-1;maxw~-1;maxh~-1;floatx~52;floaty~489;floatw~616;floath~339|name~Pane_2;caption~Debugger;state~4196348;dir~4;layer~0;row~1;pos~0;prop~100353;bestw~400;besth~300;minw~-1;minh~-1;maxw~-1;maxh~-1;floatx~47;floaty~117;floatw~416;floath~339|dock_size(5,0,0)~265|dock_size(4,0,1)~400|

[system]
Emulation dir path=
Language=2
Use path below as EmulationDir=false

[rsx/opengl]
Write Color Buffers=false
Write Depth Buffer=false
Read Color Buffers=false
Read Depth Buffer=false

[gui/size]
width=963
height=626

[gui/position]
horizontal=-5
vertical=145

[core]
PPU Decoder=interpreter2
Load liblv2.sprx=false
Hook static functions=false
SPU Decoder=recompiler_asmjit

[rsx]
VSync=true
Aspect ratio=16x9
Renderer=DX12
Resolution=1280x720
Frame limit=Auto
Log shader programs=false
3D Monitor=false

[core/llvm]
Compiled blocks exclusion=false
Excluded block range min=200
Excluded block range max=250
Compilation threshold=1000

[audio]
Audio Out=XAudio2
Dump to file=false
Convert to 16 bit=false

[io]
Pad Handler=windows
Camera=connected
Camera type=PlayStationEye
Mouse Handler=null
Keyboard Handler=null

[rsx/d3d12]
D3D Adaptater=0
Debug Output=false
Debug overlay=true

[io/pad]
Circle=76
Left Analog Stick Left=314
Left Analog Stick Down=317
Left Analog Stick Right=316
R2=69
Right=68
Triangle=73
Right Analog Stick Right=312
Down=83
Right Analog Stick Down=367
Left Analog Stick Up=315
Up=90
Right Analog Stick Up=366
Left=81
Right Analog Stick Left=313
Start=13
Select=32
Square=74
Cross=75
R1=51
R3=67
L1=49
L2=65
L3=87

[misc]
Exit RPCS3 when process finishes=false
Always start after boot=true
Use default configuration=true

[misc/log]
RSX Logging=false
Log Level=Errors
Log everything=false
Save TTY output to file=false

[misc/net]
Connection status=Connecting
Network adapter=0

[misc/debug]
Auto Pause at System Call=false
Auto Pause at Function Call=false


LDR: ! Elf path: /dev_hdd0/game/NPEA00252/USRDIR/BOOT.BIN
LDR: ! 
LDR: ! loader::init() failed: Broken file
LDR: ! *** sdk version: 0x250001
LDR: ! *** primary prio: 250
LDR: ! *** primary stacksize: 0x40000
LDR: ! *** malloc pagesize: 0x100000
LDR: ! *** ppc seg: 0x0
LDR: ! Imported function '_cellSpursTasksetAttributeInitialize' in 'cellSpurs' module (0x55d284)
LDR: ! Imported function 'cellSpursRequestIdleSpu' in 'cellSpurs' module (0x55d2a4)
LDR: ! Imported function 'cellSpursGetInfo' in 'cellSpurs' module (0x55d2c4)
LDR: ! Imported function 'cellSpursEventFlagDetachLv2EventQueue' in 'cellSpurs' module (0x55d2e4)
LDR: ! Imported function 'cellSpursEventFlagWait' in 'cellSpurs' module (0x55d304)
LDR: ! Imported function 'cellSpursWorkloadAttributeSetName' in 'cellSpurs' module (0x55d324)
LDR: ! Imported function 'cellSpursEventFlagClear' in 'cellSpurs' module (0x55d344)
LDR: ! Imported function 'cellSpursGetWorkloadInfo' in 'cellSpurs' module (0x55d364)
LDR: ! Imported function 'cellSpursDetachLv2EventQueue' in 'cellSpurs' module (0x55d384)
LDR: ! Imported function 'cellSpursRemoveWorkload' in 'cellSpurs' module (0x55d3a4)
LDR: ! Imported function '_cellSpursEventFlagInitialize' in 'cellSpurs' module (0x55d3c4)
LDR: ! Imported function 'cellSpursWaitForWorkloadShutdown' in 'cellSpurs' module (0x55d3e4)
LDR: ! Imported function 'cellSpursTasksetAttributeSetName' in 'cellSpurs' module (0x55d404)
LDR: ! Imported function 'cellSpursSetPriorities' in 'cellSpurs' module (0x55d424)
LDR: ! Imported function 'cellSpursEventFlagAttachLv2EventQueue' in 'cellSpurs' module (0x55d444)
LDR: ! Imported function '_cellSpursAttributeInitialize' in 'cellSpurs' module (0x55d464)
LDR: ! Imported function 'cellSpursShutdownWorkload' in 'cellSpurs' module (0x55d484)
LDR: ! Imported function 'cellSpursJoinTaskset' in 'cellSpurs' module (0x55d4a4)
LDR: ! Imported function 'cellSpursShutdownTaskset' in 'cellSpurs' module (0x55d4c4)
LDR: ! Imported function 'cellSpursInitializeWithAttribute' in 'cellSpurs' module (0x55d4e4)
LDR: ! Imported function 'cellSpursAttachLv2EventQueue' in 'cellSpurs' module (0x55d504)
LDR: ! Imported function 'cellSpursAddWorkloadWithAttribute' in 'cellSpurs' module (0x55d524)
LDR: ! Imported function 'cellSpursCreateTasksetWithAttribute' in 'cellSpurs' module (0x55d544)
LDR: ! Imported function 'cellSpursFinalize' in 'cellSpurs' module (0x55d564)
LDR: ! Imported function 'cellSpursSetExceptionEventHandler' in 'cellSpurs' module (0x55d584)
LDR: ! Imported function '_cellSpursWorkloadAttributeInitialize' in 'cellSpurs' module (0x55d5a4)
LDR: ! Imported function 'cellSpursReadyCountStore' in 'cellSpurs' module (0x55d5c4)
LDR: ! Imported function '_cellSpursLFQueueInitialize' in 'cellSpurs' module (0x55e9e4)
LDR: ! Imported function 'cellSpursLFQueueAttachLv2EventQueue' in 'cellSpurs' module (0x55ea04)
LDR: ! Imported function 'cellSpursLFQueueDetachLv2EventQueue' in 'cellSpurs' module (0x55ea24)
LDR: ! Imported function '_cellSpursLFQueuePushBody' in 'cellSpurs' module (0x55ea44)
LDR: ! Imported function 'cellSpursCreateTask' in 'cellSpurs' module (0x55ea64)
LDR: ! Imported function 'cellSysmoduleUnloadModule' in 'cellSysmodule' module (0x55d5e4)
LDR: ! Imported function 'cellSysmoduleLoadModule' in 'cellSysmodule' module (0x55d604)
LDR: ! Imported function 'cellSysmoduleInitialize' in 'cellSysmodule' module (0x55d624)
LDR: ! Imported function 'cellFsRmdir' in 'sys_fs' module (0x55d644)
LDR: ! Imported function 'cellFsClose' in 'sys_fs' module (0x55d664)
LDR: ! Imported function 'cellFsOpendir' in 'sys_fs' module (0x55d684)
LDR: ! Imported function 'cellFsRead' in 'sys_fs' module (0x55d6a4)
LDR: ! Imported function 'cellFsReaddir' in 'sys_fs' module (0x55d6c4)
LDR: ! Imported function 'cellFsOpen' in 'sys_fs' module (0x55d6e4)
LDR: ! Imported function 'cellFsStat' in 'sys_fs' module (0x55d704)
LDR: ! Imported function 'cellFsUnlink' in 'sys_fs' module (0x55d724)
LDR: ! Imported function 'cellFsFsync' in 'sys_fs' module (0x55d744)
LDR: ! Imported function 'cellFsLseek' in 'sys_fs' module (0x55d764)
LDR: ! Imported function 'cellFsMkdir' in 'sys_fs' module (0x55d784)
LDR: ! Imported function 'cellFsUtime' in 'sys_fs' module (0x55d7a4)
LDR: ! Imported function 'cellFsWrite' in 'sys_fs' module (0x55d7c4)
LDR: ! Imported function 'cellFsFstat' in 'sys_fs' module (0x55d7e4)
LDR: ! Imported function 'cellFsRename' in 'sys_fs' module (0x55d804)
LDR: ! Imported function 'cellFsClosedir' in 'sys_fs' module (0x55d824)
LDR: ! Imported function 'cellPadInit' in 'sys_io' module (0x55d844)
LDR: ! Imported function 'cellKbClearBuf' in 'sys_io' module (0x55d864)
LDR: ! Imported function 'cellKbGetInfo' in 'sys_io' module (0x55d884)
LDR: ! Imported function 'cellMouseClearBuf' in 'sys_io' module (0x55d8a4)
LDR: ! Imported function 'cellKbSetLEDStatus' in 'sys_io' module (0x55d8c4)
LDR: ! Imported function 'cellKbInit' in 'sys_io' module (0x55d8e4)
LDR: ! Imported function 'cellPadEnd' in 'sys_io' module (0x55d904)
LDR: ! Imported function 'cellPadSetPortSetting' in 'sys_io' module (0x55d924)
LDR: ! Imported function 'cellMouseGetInfo' in 'sys_io' module (0x55d944)
LDR: ! Imported function 'cellMouseGetDataList' in 'sys_io' module (0x55d964)
LDR: ! Imported function 'cellPadGetData' in 'sys_io' module (0x55d984)
LDR: ! Imported function 'cellKbSetCodeType' in 'sys_io' module (0x55d9a4)
LDR: ! Imported function 'cellPadGetInfo2' in 'sys_io' module (0x55d9c4)
LDR: ! Imported function 'cellKbEnd' in 'sys_io' module (0x55d9e4)
LDR: ! Imported function 'cellMouseInit' in 'sys_io' module (0x55da04)
LDR: ! Imported function 'cellKbSetReadMode' in 'sys_io' module (0x55da24)
LDR: ! Imported function 'cellMouseEnd' in 'sys_io' module (0x55da44)
LDR: ! Imported function 'cellPadSetActDirect' in 'sys_io' module (0x55da64)
LDR: ! Imported function 'cellKbRead' in 'sys_io' module (0x55da84)
LDR: ! Imported function 'sys_net_initialize_network_ex' in 'sys_net' module (0x55daa4)
LDR: ! Imported function 'recvfrom' in 'sys_net' module (0x55dac4)
LDR: ! Imported function 'listen' in 'sys_net' module (0x55dae4)
LDR: ! Imported function 'socketselect' in 'sys_net' module (0x55db04)
LDR: ! Imported function 'sys_net_close_dump' in 'sys_net' module (0x55db24)
LDR: ! Imported function 'getsockopt' in 'sys_net' module (0x55db44)
LDR: ! Imported function '_sys_net_errno_loc' in 'sys_net' module (0x55db64)
LDR: ! Imported function 'connect' in 'sys_net' module (0x55db84)
LDR: ! Imported function 'socketclose' in 'sys_net' module (0x55dba4)
LDR: ! Imported function 'inet_ntoa' in 'sys_net' module (0x55dbc4)
LDR: ! Imported function 'setsockopt' in 'sys_net' module (0x55dbe4)
LDR: ! Imported function 'sys_net_read_dump' in 'sys_net' module (0x55dc04)
LDR: ! Imported function 'sendto' in 'sys_net' module (0x55dc24)
LDR: ! Imported function 'socket' in 'sys_net' module (0x55dc44)
LDR: ! Imported function 'shutdown' in 'sys_net' module (0x55dc64)
LDR: ! Imported function 'sys_net_open_dump' in 'sys_net' module (0x55dc84)
LDR: ! Imported function 'bind' in 'sys_net' module (0x55dca4)
LDR: ! Imported function 'sys_net_show_ifconfig' in 'sys_net' module (0x55dcc4)
LDR: ! Imported function 'sys_net_finalize_network' in 'sys_net' module (0x55dce4)
LDR: ! Imported function 'accept' in 'sys_net' module (0x55dd04)
LDR: ! Imported function 'inet_addr' in 'sys_net' module (0x55dd24)
LDR: ! Imported function 'send' in 'sys_net' module (0x55dd44)
LDR: ! Imported function 'recv' in 'sys_net' module (0x55dd64)
LDR: ! Imported function 'cellNetCtlTerm' in 'cellNetCtl' module (0x55dd84)
LDR: ! Imported function 'cellNetCtlGetInfo' in 'cellNetCtl' module (0x55dda4)
LDR: ! Imported function 'cellNetCtlGetState' in 'cellNetCtl' module (0x55ddc4)
LDR: ! Imported function 'cellNetCtlInit' in 'cellNetCtl' module (0x55dde4)
LDR: ! Imported function 'cellAudioPortClose' in 'cellAudio' module (0x55de04)
LDR: ! Imported function 'cellAudioPortStop' in 'cellAudio' module (0x55de24)
LDR: ! Imported function 'cellAudioGetPortConfig' in 'cellAudio' module (0x55de44)
LDR: ! Imported function 'cellAudioPortStart' in 'cellAudio' module (0x55de64)
LDR: ! Imported function 'cellAudioPortOpen' in 'cellAudio' module (0x55de84)
LDR: ! Imported function 'cellAudioInit' in 'cellAudio' module (0x55ea84)
LDR: ! Imported function 'cellAudioQuit' in 'cellAudio' module (0x55eaa4)
LDR: ! Imported function 'cellAudioGetPortBlockTag' in 'cellAudio' module (0x55eac4)
LDR: ! Imported function 'cellSysutilUnregisterCallback' in 'cellSysutil' module (0x55dea4)
LDR: ! Imported function 'cellVideoOutConfigure' in 'cellSysutil' module (0x55dec4)
LDR: ! Imported function 'cellSysutilCheckCallback' in 'cellSysutil' module (0x55dee4)
LDR: ! Imported function 'cellSaveDataListLoad2' in 'cellSysutil' module (0x55df04)
LDR: ! Imported function 'cellVideoOutGetDeviceInfo' in 'cellSysutil' module (0x55df24)
LDR: ! Imported function 'cellMsgDialogClose' in 'cellSysutil' module (0x55df44)
LDR: ! Imported function 'cellSaveDataListAutoLoad' in 'cellSysutil' module (0x55df64)
LDR: ! Imported function 'cellGameUnregisterDiscChangeCallback' in 'cellSysutil' module (0x55df84)
LDR: ! Imported function 'cellSaveDataListSave2' in 'cellSysutil' module (0x55dfa4)
LDR: ! Imported function 'cellSysutilGetSystemParamInt' in 'cellSysutil' module (0x55dfc4)
LDR: ! Imported function 'cellAudioOutConfigure' in 'cellSysutil' module (0x55dfe4)
LDR: ! Imported function 'cellMsgDialogAbort' in 'cellSysutil' module (0x55e004)
LDR: ! Imported function 'cellVideoOutGetNumberOfDevice' in 'cellSysutil' module (0x55e024)
LDR: ! Imported function 'cellMsgDialogOpen2' in 'cellSysutil' module (0x55e044)
LDR: ! Imported function 'cellVideoOutGetState' in 'cellSysutil' module (0x55e064)
LDR: ! Imported function 'cellSaveDataAutoSave2' in 'cellSysutil' module (0x55e084)
LDR: ! Imported function 'cellSysutilGetSystemParamString' in 'cellSysutil' module (0x55e0a4)
LDR: ! Imported function 'cellSysutilRegisterCallback' in 'cellSysutil' module (0x55e0c4)
LDR: ! Imported function 'cellVideoOutGetResolutionAvailability' in 'cellSysutil' module (0x55e0e4)
LDR: ! Imported function 'cellAudioOutGetSoundAvailability' in 'cellSysutil' module (0x55e104)
LDR: ! Imported function 'cellVideoOutGetResolution' in 'cellSysutil' module (0x55e124)
LDR: ! Imported function 'cellGameRegisterDiscChangeCallback' in 'cellSysutil' module (0x55e144)
LDR: ! Imported function 'cellAudioOutGetDeviceInfo' in 'cellSysutil' module (0x55eae4)
LDR: ! Imported function 'cellAudioOutGetNumberOfDevice' in 'cellSysutil' module (0x55eb04)
LDR: ! Imported function 'cellAudioOutGetState' in 'cellSysutil' module (0x55eb24)
LDR: ! Imported function 'cellGameGetParamString' in 'cellGame' module (0x55e164)
LDR: ! Imported function 'cellGameCreateGameData' in 'cellGame' module (0x55e184)
LDR: ! Imported function 'cellGameContentPermit' in 'cellGame' module (0x55e1a4)
LDR: ! Imported function 'cellGameGetParamInt' in 'cellGame' module (0x55e1c4)
LDR: ! Imported function 'cellGameDataCheck' in 'cellGame' module (0x55e1e4)
LDR: ! Imported function 'cellGameGetSizeKB' in 'cellGame' module (0x55e204)
LDR: ! Imported function 'cellGameBootCheck' in 'cellGame' module (0x55e224)
LDR: ! Imported function 'sceNpTrophyRegisterContext' in 'sceNpTrophy' module (0x55e244)
LDR: ! Imported function 'sceNpTrophyCreateHandle' in 'sceNpTrophy' module (0x55e264)
LDR: ! Imported function 'sceNpTrophyDestroyContext' in 'sceNpTrophy' module (0x55e284)
LDR: ! Imported function 'sceNpTrophyInit' in 'sceNpTrophy' module (0x55e2a4)
LDR: ! Imported function 'sceNpTrophyDestroyHandle' in 'sceNpTrophy' module (0x55e2c4)
LDR: ! Imported function 'sceNpTrophyUnlockTrophy' in 'sceNpTrophy' module (0x55e2e4)
LDR: ! Imported function 'sceNpTrophyTerm' in 'sceNpTrophy' module (0x55e304)
LDR: ! Imported function 'sceNpTrophyGetTrophyUnlockState' in 'sceNpTrophy' module (0x55e324)
LDR: ! Imported function 'sceNpTrophyCreateContext' in 'sceNpTrophy' module (0x55e344)
LDR: ! Imported function 'sceNpTerm' in 'sceNp' module (0x55e364)
LDR: ! Imported function 'sceNpDrmIsAvailable' in 'sceNp' module (0x55e384)
LDR: ! Imported function 'sceNpInit' in 'sceNp' module (0x55e3a4)
LDR: ! Imported function 'cellGcmSetUserHandler' in 'cellGcmSys' module (0x55e3c4)
LDR: ! Imported function 'cellGcmSetQueueHandler' in 'cellGcmSys' module (0x55e3e4)
LDR: ! Imported function '_cellGcmInitBody' in 'cellGcmSys' module (0x55e404)
LDR: ! Imported function '_cellGcmSetFlipCommand' in 'cellGcmSys' module (0x55e424)
LDR: ! Imported function 'cellGcmAddressToOffset' in 'cellGcmSys' module (0x55e444)
LDR: ! Imported function 'cellGcmSortRemapEaIoAddress' in 'cellGcmSys' module (0x55e464)
LDR: ! Imported function 'cellGcmGetOffsetTable' in 'cellGcmSys' module (0x55e484)
LDR: ! Imported function '_cellGcmFunc15' in 'cellGcmSys' module (0x55e4a4)
LDR: ! Imported function 'cellGcmBindTile' in 'cellGcmSys' module (0x55e4c4)
LDR: ! Imported function 'cellGcmSetFlipMode' in 'cellGcmSys' module (0x55e4e4)
LDR: ! Imported function 'cellGcmSetDebugOutputLevel' in 'cellGcmSys' module (0x55e504)
LDR: ! Imported function 'cellGcmBindZcull' in 'cellGcmSys' module (0x55e524)
LDR: ! Imported function 'cellGcmMapMainMemory' in 'cellGcmSys' module (0x55e544)
LDR: ! Imported function 'cellGcmSetFlipHandler' in 'cellGcmSys' module (0x55e564)
LDR: ! Imported function 'cellGcmSetDisplayBuffer' in 'cellGcmSys' module (0x55e584)
LDR: ! Imported function 'cellGcmGetControlRegister' in 'cellGcmSys' module (0x55e5a4)
LDR: ! Imported function 'cellGcmUnbindZcull' in 'cellGcmSys' module (0x55e5c4)
LDR: ! Imported function 'cellGcmSetVBlankHandler' in 'cellGcmSys' module (0x55e5e4)
LDR: ! Imported function 'cellGcmSetFlipImmediate' in 'cellGcmSys' module (0x55e604)
LDR: ! Imported function 'cellGcmSetTileInfo' in 'cellGcmSys' module (0x55e624)
LDR: ! Imported function 'cellGcmSetGraphicsHandler' in 'cellGcmSys' module (0x55e644)
LDR: ! Imported function '_cellGcmSetFlipCommandWithWaitLabel' in 'cellGcmSys' module (0x55e664)
LDR: ! Imported function 'cellGcmUnbindTile' in 'cellGcmSys' module (0x55e684)
LDR: ! Imported function 'cellGcmUnmapIoAddress' in 'cellGcmSys' module (0x55e6a4)
LDR: ! Imported function 'cellGcmGetConfiguration' in 'cellGcmSys' module (0x55e6c4)
LDR: ! Imported function 'cellGcmGetLabelAddress' in 'cellGcmSys' module (0x55e6e4)
LDR: ! Imported function 'sys_lwmutex_lock' in 'sysPrxForUser' module (0x55e704)
LDR: ! Imported function 'sys_lwmutex_unlock' in 'sysPrxForUser' module (0x55e724)
LDR: ! Imported function 'sys_lwcond_destroy' in 'sysPrxForUser' module (0x55e744)
LDR: ! Imported function 'sys_ppu_thread_create' in 'sysPrxForUser' module (0x55e764)
LDR: ! Imported function 'sys_lwcond_wait' in 'sysPrxForUser' module (0x55e784)
LDR: ! Imported function '_sys_process_atexitspawn' in 'sysPrxForUser' module (0x55e7a4)
LDR: ! Imported function 'sys_lwmutex_create' in 'sysPrxForUser' module (0x55e7c4)
LDR: ! Imported function 'sys_ppu_thread_get_id' in 'sysPrxForUser' module (0x55e7e4)
LDR: ! Imported function 'sys_prx_register_library' in 'sysPrxForUser' module (0x55e804)
LDR: ! Imported function 'sys_process_is_stack' in 'sysPrxForUser' module (0x55e824)
LDR: ! Imported function 'sys_initialize_tls' in 'sysPrxForUser' module (0x55e844)
LDR: ! Imported function 'sys_time_get_system_time' in 'sysPrxForUser' module (0x55e864)
LDR: ! Imported function '_sys_process_at_Exitspawn' in 'sysPrxForUser' module (0x55e884)
LDR: ! Imported function 'sys_prx_exitspawn_with_level' in 'sysPrxForUser' module (0x55e8a4)
LDR: ! Imported function 'sys_lwmutex_trylock' in 'sysPrxForUser' module (0x55e8c4)
LDR: ! Imported function 'sys_ppu_thread_exit' in 'sysPrxForUser' module (0x55e8e4)
LDR: ! Imported function 'sys_lwmutex_destroy' in 'sysPrxForUser' module (0x55e904)
LDR: ! Imported function 'sys_lwcond_create' in 'sysPrxForUser' module (0x55e924)
LDR: ! Imported function 'sys_spu_image_close' in 'sysPrxForUser' module (0x55e944)
LDR: ! Imported function 'sys_process_exit' in 'sysPrxForUser' module (0x55e964)
LDR: ! Imported function 'sys_lwcond_signal_all' in 'sysPrxForUser' module (0x55e984)
LDR: ! Imported function 'sys_spu_image_import' in 'sysPrxForUser' module (0x55e9a4)
LDR: ! Imported function 'sys_lwcond_signal' in 'sysPrxForUser' module (0x55e9c4)
MEM: ! Thread Local Storage initialized (g_tls_start=0x9f1000, user_size=0x200)
*** TLS segment addr: 0x00785fc4
*** TLS segment size: 0x00000004
HLE: W {PPU[0x1] Thread (main_thread)[0x0055e7c4]} sysPrxForUser: sys_lwmutex_create(lwmutex=*0x9b6500, attr=*0x5a0a78)
HLE: W {PPU[0x1] Thread (main_thread)[0x00457150]} sys_memory: sys_memory_get_user_memory_size(mem_info=*0xd003fc04)
HLE: W {PPU[0x1] Thread (main_thread)[0x0055e7c4]} sysPrxForUser: sys_lwmutex_create(lwmutex=*0x9b6308, attr=*0x5a0a78)
HLE: W {PPU[0x1] Thread (main_thread)[0x0055e7c4]} sysPrxForUser: sys_lwmutex_create(lwmutex=*0x9b5a98, attr=*0x5a0a78)
HLE: W {PPU[0x1] Thread (main_thread)[0x0055e7c4]} sysPrxForUser: sys_lwmutex_create(lwmutex=*0x9b5ac0, attr=*0x5a0a78)
HLE: W {PPU[0x1] Thread (main_thread)[0x0055e7c4]} sysPrxForUser: sys_lwmutex_create(lwmutex=*0x9b5ae8, attr=*0x5a0a78)
HLE: W {PPU[0x1] Thread (main_thread)[0x0055e7c4]} sysPrxForUser: sys_lwmutex_create(lwmutex=*0x9b59d0, attr=*0x5a0a78)
HLE: W {PPU[0x1] Thread (main_thread)[0x0055e7c4]} sysPrxForUser: sys_lwmutex_create(lwmutex=*0x9b59f8, attr=*0x5a0a78)
HLE: W {PPU[0x1] Thread (main_thread)[0x0055e7c4]} sysPrxForUser: sys_lwmutex_create(lwmutex=*0x9b5a20, attr=*0x5a0a78)
HLE: W {PPU[0x1] Thread (main_thread)[0x0055e7c4]} sysPrxForUser: sys_lwmutex_create(lwmutex=*0x9b5a48, attr=*0x5a0a78)
HLE: W {PPU[0x1] Thread (main_thread)[0x0055e7c4]} sysPrxForUser: sys_lwmutex_create(lwmutex=*0x9b5a70, attr=*0x5a0a78)
HLE: W {PPU[0x1] Thread (main_thread)[0x0055e7c4]} sysPrxForUser: sys_lwmutex_create(lwmutex=*0x9b6648, attr=*0x78efb0)
HLE: W {PPU[0x1] Thread (main_thread)[0x0055e7c4]} sysPrxForUser: sys_lwmutex_create(lwmutex=*0x9b65c8, attr=*0x78efb0)
HLE: W {PPU[0x1] Thread (main_thread)[0x00455dbc]} sys_memory: sys_memory_allocate(size=0x100000, flags=0x400, alloc_addr=*0xd003f710)
HLE: W {PPU[0x1] Thread (main_thread)[0x0055e7c4]} sysPrxForUser: sys_lwmutex_create(lwmutex=*0x20000020, attr=*0x5a0a78)
HLE: W {PPU[0x1] Thread (main_thread)[0x0055e7c4]} sysPrxForUser: sys_lwmutex_create(lwmutex=*0x200000a0, attr=*0x5a0a78)
HLE: W {PPU[0x1] Thread (main_thread)[0x0055e7c4]} sysPrxForUser: sys_lwmutex_create(lwmutex=*0x20000130, attr=*0x5a0a78)
HLE: W {PPU[0x1] Thread (main_thread)[0x0055e7c4]} sysPrxForUser: sys_lwmutex_create(lwmutex=*0x20000190, attr=*0x5a0a78)
HLE: W {PPU[0x1] Thread (main_thread)[0x0055e7c4]} sysPrxForUser: sys_lwmutex_create(lwmutex=*0x200001d0, attr=*0x5a0a78)
HLE: W {PPU[0x1] Thread (main_thread)[0x0055e7c4]} sysPrxForUser: sys_lwmutex_create(lwmutex=*0x20000210, attr=*0x5a0a78)
HLE: W {PPU[0x1] Thread (main_thread)[0x0055e7c4]} sysPrxForUser: sys_lwmutex_create(lwmutex=*0x200002d0, attr=*0x5a0a78)
HLE: W {PPU[0x1] Thread (main_thread)[0x0055e7c4]} sysPrxForUser: sys_lwmutex_create(lwmutex=*0x20000300, attr=*0x5a0a78)
HLE: W {PPU[0x1] Thread (main_thread)[0x0055e7c4]} sysPrxForUser: sys_lwmutex_create(lwmutex=*0x20000330, attr=*0x5a0a78)
HLE: W {PPU[0x1] Thread (main_thread)[0x0055e7c4]} sysPrxForUser: sys_lwmutex_create(lwmutex=*0x20000360, attr=*0x5a0a78)
HLE: W {PPU[0x1] Thread (main_thread)[0x0055e7c4]} sysPrxForUser: sys_lwmutex_create(lwmutex=*0x20000390, attr=*0x5a0a78)
HLE: W {PPU[0x1] Thread (main_thread)[0x0055e7c4]} sysPrxForUser: sys_lwmutex_create(lwmutex=*0x200003c0, attr=*0x5a0a78)
HLE: W {PPU[0x1] Thread (main_thread)[0x004489c4]} sys_time: sys_time_get_timezone(timezone=*0xd003fb20, summertime=*0xd003fb24)
HLE: W {PPU[0x1] Thread (main_thread)[0x0044a4ac]} sys_time: sys_time_get_timezone(timezone=*0xd003fb20, summertime=*0xd003fb24)
HLE: W {PPU[0x1] Thread (main_thread)[0x00448968]} sys_time: sys_time_get_timezone(timezone=*0xd003fb20, summertime=*0xd003fb24)
HLE: W {PPU[0x1] Thread (main_thread)[0x0044a4ac]} sys_time: sys_time_get_timezone(timezone=*0xd003fb20, summertime=*0xd003fb24)
HLE: W {PPU[0x1] Thread (main_thread)[0x0055e7c4]} sysPrxForUser: sys_lwmutex_create(lwmutex=*0x925aa0, attr=*0xd003fab0)
HLE: W {PPU[0x1] Thread (main_thread)[0x0055e7c4]} sysPrxForUser: sys_lwmutex_create(lwmutex=*0x925998, attr=*0xd003fab0)
HLE: W {PPU[0x1] Thread (main_thread)[0x0055e7c4]} sysPrxForUser: sys_lwmutex_create(lwmutex=*0x916770, attr=*0xd003faa0)
HLE: W {PPU[0x1] Thread (main_thread)[0x00455dbc]} sys_memory: sys_memory_allocate(size=0x100000, flags=0x400, alloc_addr=*0xd003f860)
HLE: W {PPU[0x1] Thread (main_thread)[0x00455dbc]} sys_memory: sys_memory_allocate(size=0x200000, flags=0x400, alloc_addr=*0xd003f7a0)
HLE: W {PPU[0x1] Thread (main_thread)[0x00455dbc]} sys_memory: sys_memory_allocate(size=0x100000, flags=0x400, alloc_addr=*0xd003f910)
HLE: W {PPU[0x1] Thread (main_thread)[0x0055e7c4]} sysPrxForUser: sys_lwmutex_create(lwmutex=*0x8eb360, attr=*0xd003f9c8)
HLE: W {PPU[0x1] Thread (main_thread)[0x0055e924]} sysPrxForUser: sys_lwcond_create(lwcond=*0x8eb378, lwmutex=*0x8eb360, attr=*0xd003f9c0)
HLE: W {PPU[0x1] Thread (main_thread)[0x0055e924]} sysPrxForUser: sys_lwcond_create(lwcond=*0x8eb380, lwmutex=*0x8eb360, attr=*0xd003f9c0)
HLE: W {PPU[0x1] Thread (main_thread)[0x0055e924]} sysPrxForUser: sys_lwcond_create(lwcond=*0x8eb388, lwmutex=*0x8eb360, attr=*0xd003f9c0)
HLE: W {PPU[0x1] Thread (main_thread)[0x0055e924]} sysPrxForUser: sys_lwcond_create(lwcond=*0x8eb390, lwmutex=*0x8eb360, attr=*0xd003f9c0)
HLE: W {PPU[0x1] Thread (main_thread)[0x0055e7c4]} sysPrxForUser: sys_lwmutex_create(lwmutex=*0x8eb410, attr=*0xd003f948)
HLE: W {PPU[0x1] Thread (main_thread)[0x0055e924]} sysPrxForUser: sys_lwcond_create(lwcond=*0x8eb428, lwmutex=*0x8eb410, attr=*0xd003f940)
HLE: W {PPU[0x1] Thread (main_thread)[0x0055e7c4]} sysPrxForUser: sys_lwmutex_create(lwmutex=*0x7d5ee0, attr=*0xd003fb28)
HLE: W {PPU[0x1] Thread (main_thread)[0x0055e924]} sysPrxForUser: sys_lwcond_create(lwcond=*0x7d5ef8, lwmutex=*0x7d5ee0, attr=*0xd003fb20)
HLE: W {PPU[0x1] Thread (main_thread)[0x0055e7c4]} sysPrxForUser: sys_lwmutex_create(lwmutex=*0x7d2a58, attr=*0xd003fab8)
HLE: W {PPU[0x1] Thread (main_thread)[0x0055e924]} sysPrxForUser: sys_lwcond_create(lwcond=*0x7d2a70, lwmutex=*0x7d2a58, attr=*0xd003fab0)
HLE: W {PPU[0x1] Thread (main_thread)[0x0055d604]} cellSysmodule: cellSysmoduleLoadModule(id=0x000e: CELL_SYSMODULE_FS)
HLE: W {PPU[0x1] Thread (main_thread)[0x0055d604]} cellSysmodule: cellSysmoduleLoadModule(id=0x000a: CELL_SYSMODULE_SPURS)
HLE: W {PPU[0x1] Thread (main_thread)[0x0055d604]} cellSysmodule: cellSysmoduleLoadModule(id=0x0017: CELL_SYSMODULE_IO)
HLE: W {PPU[0x1] Thread (main_thread)[0x0055d604]} cellSysmodule: cellSysmoduleLoadModule(id=0x0009: CELL_SYSMODULE_RTC)
HLE: W {PPU[0x1] Thread (main_thread)[0x0055d604]} cellSysmodule: cellSysmoduleLoadModule(id=0x0000: CELL_SYSMODULE_NET)
HLE: W {PPU[0x1] Thread (main_thread)[0x0055d604]} cellSysmodule: cellSysmoduleLoadModule(id=0x0014: CELL_SYSMODULE_NETCTL)
HLE: W {PPU[0x1] Thread (main_thread)[0x0055d604]} cellSysmodule: cellSysmoduleLoadModule(id=0x0011: CELL_SYSMODULE_AUDIO)
HLE: W {PPU[0x1] Thread (main_thread)[0x0055d604]} cellSysmodule: cellSysmoduleLoadModule(id=0x0015: CELL_SYSMODULE_SYSUTIL)
HLE: W {PPU[0x1] Thread (main_thread)[0x0055d604]} cellSysmodule: cellSysmoduleLoadModule(id=0x0033: CELL_SYSMODULE_SYSUTIL_SAVEDATA)
HLE: W {PPU[0x1] Thread (main_thread)[0x0055d604]} cellSysmodule: cellSysmoduleLoadModule(id=0x0010: CELL_SYSMODULE_GCM_SYS)
HLE: W {PPU[0x1] Thread (main_thread)[0x0055d604]} cellSysmodule: cellSysmoduleLoadModule(id=0x001c: CELL_SYSMODULE_USBD)
HLE: W {PPU[0x1] Thread (main_thread)[0x0055d604]} cellSysmodule: cellSysmoduleLoadModule(id=0xf035: CELL_SYSMODULE_SYSUTIL_NP_TROPHY)
HLE: W {PPU[0x1] Thread (main_thread)[0x0055d604]} cellSysmodule: cellSysmoduleLoadModule(id=0x0016: CELL_SYSMODULE_SYSUTIL_NP)
HLE: W {PPU[0x1] Thread (main_thread)[0x0055d604]} cellSysmodule: cellSysmoduleLoadModule(id=0x003e: CELL_SYSMODULE_SYSUTIL_GAME)
HLE: W {PPU[0x1] Thread (main_thread)[0x0055e0c4]} cellSysutil: cellSysutilRegisterCallback(slot=0, func=*0x7766b8, userdata=*0x0)
HLE: W {PPU[0x1] Thread (main_thread)[0x002d0964]} sys_spu: sys_spu_initialize(max_usable_spu=6, max_raw_spu=0)
HLE: W {PPU[0x1] Thread (main_thread)[0x0055d464]} cellSpurs: _cellSpursAttributeInitialize(attr=*0xd003f790, revision=2, sdkVersion=0x250001, nSpus=5, spuPriority=128, ppuPriority=249, exitIfNoWork=0)
HLE: W {PPU[0x1] Thread (main_thread)[0x0055d4e4]} cellSpurs: cellSpursInitializeWithAttribute(spurs=*0x7cf280, attr=*0xd003f790)
HLE: W {PPU[0x1] Thread (main_thread)[0x0055d4e4]} sys_process: sys_process_is_spu_lock_line_reservation_address(addr=0x7cf280, flags=0x2)
HLE: W {PPU[0x1] Thread (main_thread)[0x0055d4e4]} sys_semaphore: sys_semaphore_create(sem_id=*0xd003f708, attr=*0xd003f6e0, initial_val=0, max_val=1)
HLE: W {PPU[0x1] Thread (main_thread)[0x0055d4e4]} sys_semaphore: sys_semaphore_create(sem_id=*0xd003f708, attr=*0xd003f6e0, initial_val=0, max_val=1)
HLE: W {PPU[0x1] Thread (main_thread)[0x0055d4e4]} sys_semaphore: sys_semaphore_create(sem_id=*0xd003f708, attr=*0xd003f6e0, initial_val=0, max_val=1)
HLE: W {PPU[0x1] Thread (main_thread)[0x0055d4e4]} sys_semaphore: sys_semaphore_create(sem_id=*0xd003f708, attr=*0xd003f6e0, initial_val=0, max_val=1)
HLE: W {PPU[0x1] Thread (main_thread)[0x0055d4e4]} sys_semaphore: sys_semaphore_create(sem_id=*0xd003f708, attr=*0xd003f6e0, initial_val=0, max_val=1)
HLE: W {PPU[0x1] Thread (main_thread)[0x0055d4e4]} sys_semaphore: sys_semaphore_create(sem_id=*0xd003f708, attr=*0xd003f6e0, initial_val=0, max_val=1)
HLE: W {PPU[0x1] Thread (main_thread)[0x0055d4e4]} sys_semaphore: sys_semaphore_create(sem_id=*0xd003f708, attr=*0xd003f6e0, initial_val=0, max_val=1)
HLE: W {PPU[0x1] Thread (main_thread)[0x0055d4e4]} sys_semaphore: sys_semaphore_create(sem_id=*0xd003f708, attr=*0xd003f6e0, initial_val=0, max_val=1)
HLE: W {PPU[0x1] Thread (main_thread)[0x0055d4e4]} sys_semaphore: sys_semaphore_create(sem_id=*0xd003f708, attr=*0xd003f6e0, initial_val=0, max_val=1)
HLE: W {PPU[0x1] Thread (main_thread)[0x0055d4e4]} sys_semaphore: sys_semaphore_create(sem_id=*0xd003f708, attr=*0xd003f6e0, initial_val=0, max_val=1)
HLE: W {PPU[0x1] Thread (main_thread)[0x0055d4e4]} sys_semaphore: sys_semaphore_create(sem_id=*0xd003f708, attr=*0xd003f6e0, initial_val=0, max_val=1)
HLE: W {PPU[0x1] Thread (main_thread)[0x0055d4e4]} sys_semaphore: sys_semaphore_create(sem_id=*0xd003f708, attr=*0xd003f6e0, initial_val=0, max_val=1)
HLE: W {PPU[0x1] Thread (main_thread)[0x0055d4e4]} sys_semaphore: sys_semaphore_create(sem_id=*0xd003f708, attr=*0xd003f6e0, initial_val=0, max_val=1)
HLE: W {PPU[0x1] Thread (main_thread)[0x0055d4e4]} sys_semaphore: sys_semaphore_create(sem_id=*0xd003f708, attr=*0xd003f6e0, initial_val=0, max_val=1)
HLE: W {PPU[0x1] Thread (main_thread)[0x0055d4e4]} sys_semaphore: sys_semaphore_create(sem_id=*0xd003f708, attr=*0xd003f6e0, initial_val=0, max_val=1)
HLE: W {PPU[0x1] Thread (main_thread)[0x0055d4e4]} sys_semaphore: sys_semaphore_create(sem_id=*0xd003f708, attr=*0xd003f6e0, initial_val=0, max_val=1)
HLE: W {PPU[0x1] Thread (main_thread)[0x0055d4e4]} sys_semaphore: sys_semaphore_create(sem_id=*0xd003f708, attr=*0xd003f6e0, initial_val=0, max_val=1)
HLE: W {PPU[0x1] Thread (main_thread)[0x0055d4e4]} sys_spu: sys_spu_thread_group_create(id=*0x7cffb0, num=5, prio=128, attr=*0xd003f640)
HLE: W {PPU[0x1] Thread (main_thread)[0x0055d4e4]} sys_spu: sys_spu_thread_initialize(thread=*0x7cffb4, group=0x3a, spu_num=0, img=*0x7cfff0, attr=*0xd003f608, arg=*0xd003f618)
HLE: E {PPU[0x1] Thread (main_thread)[0x0055d4e4]} sys_spu: Unsupported SPU Thread options (0x2)
HLE: W {PPU[0x1] Thread (main_thread)[0x0055d4e4]} sys_spu: sys_spu_thread_initialize(thread=*0x7cffb8, group=0x3a, spu_num=1, img=*0x7cfff0, attr=*0xd003f608, arg=*0xd003f618)
HLE: E {PPU[0x1] Thread (main_thread)[0x0055d4e4]} sys_spu: Unsupported SPU Thread options (0x2)
HLE: W {PPU[0x1] Thread (main_thread)[0x0055d4e4]} sys_spu: sys_spu_thread_initialize(thread=*0x7cffbc, group=0x3a, spu_num=2, img=*0x7cfff0, attr=*0xd003f608, arg=*0xd003f618)
HLE: E {PPU[0x1] Thread (main_thread)[0x0055d4e4]} sys_spu: Unsupported SPU Thread options (0x2)
HLE: W {PPU[0x1] Thread (main_thread)[0x0055d4e4]} sys_spu: sys_spu_thread_initialize(thread=*0x7cffc0, group=0x3a, spu_num=3, img=*0x7cfff0, attr=*0xd003f608, arg=*0xd003f618)
HLE: E {PPU[0x1] Thread (main_thread)[0x0055d4e4]} sys_spu: Unsupported SPU Thread options (0x2)
HLE: W {PPU[0x1] Thread (main_thread)[0x0055d4e4]} sys_spu: sys_spu_thread_initialize(thread=*0x7cffc4, group=0x3a, spu_num=4, img=*0x7cfff0, attr=*0xd003f608, arg=*0xd003f618)
HLE: E {PPU[0x1] Thread (main_thread)[0x0055d4e4]} sys_spu: Unsupported SPU Thread options (0x2)
HLE: W {PPU[0x1] Thread (main_thread)[0x0055d4e4]} sysPrxForUser: sys_lwmutex_create(lwmutex=*0x7d0030, attr=*0xd003f568)
HLE: W {PPU[0x1] Thread (main_thread)[0x0055d4e4]} sysPrxForUser: sys_lwcond_create(lwcond=*0x7d0048, lwmutex=*0x7d0030, attr=*0xd003f570)
HLE: W {PPU[0x1] Thread (main_thread)[0x0055d4e4]} sys_event: sys_event_queue_create(equeue_id=*0x7cffdc, attr=*0xd003f568, event_queue_key=0x0, size=42)
HLE: W {PPU[0x1] Thread (main_thread)[0x0055d4e4]} sys_spu: sys_spu_thread_group_connect_event_all_threads(id=0x3a, eq=0x42, req=0xffffffffffff0000, spup=*0x7cf349)
HLE: W {PPU[0x1] Thread (main_thread)[0x0055d4e4]} sys_event: sys_event_port_create(eport_id=*0x7cffe0, port_type=1, name=0x0)
HLE: W {PPU[0x1] Thread (main_thread)[0x0055d4e4]} sys_event: sys_event_port_connect_local(eport_id=0x43, equeue_id=0x42)
HLE: W {PPU[0x1] Thread (main_thread)[0x0055d4e4]} cellSpurs: cellSpursEnableExceptionEventHandler(spurs=*0x7cf280, flag=1)
HLE: W {PPU[0x45] Thread (SpursHdlr0)[0x00000000]} sys_spu: sys_spu_thread_group_start(id=0x3a)
HLE: W {PPU[0x1] Thread (main_thread)[0x0055d4e4]} sys_spu: sys_spu_thread_group_connect_event(id=0x3a, eq=0x42, et=2)
SPU: S {PPU[0x45] Thread (SpursHdlr0)[0x00000000]} SPU Database initialized...
SPU: S {PPU[0x45] Thread (SpursHdlr0)[0x00000000]} SPU Recompiler (ASMJIT) created...
HLE: W {PPU[0x45] Thread (SpursHdlr0)[0x00000000]} sys_spu: sys_spu_thread_group_join(id=0x3a, cause=*0x0, status=*0x0)
HLE: W {PPU[0x1] Thread (main_thread)[0x0041db30]} sys_event: sys_event_queue_create(equeue_id=*0x7d0380, attr=*0xd003f6c4, event_queue_key=0x0, size=127)
HLE: W {PPU[0x1] Thread (main_thread)[0x0055e764]} sysPrxForUser: sys_ppu_thread_create(thread_id=*0x7d0388, entry=0x783430, arg=0x7d0380, prio=249, stacksize=0x10000, flags=0x1, threadname=*0x5ee8c0)
HLE: W {PPU[0x1] Thread (main_thread)[0x0055e764]} sys_ppu_thread: _sys_ppu_thread_create(thread_id=*0x7d0388, param=*0xd003f640, arg=0x7d0380, unk=0x0, prio=249, stacksize=0x10000, flags=0x1, threadname=*0x5ee8c0)
HLE: W {PPU[0x1] Thread (main_thread)[0x0055e764]} sys_ppu_thread: sys_ppu_thread_start(thread_id=0x47)
HLE: W {PPU[0x1] Thread (main_thread)[0x0041db74]} sys_event: sys_event_port_create(eport_id=*0x7d0394, port_type=1, name=0xd0a77)
HLE: W {PPU[0x1] Thread (main_thread)[0x0041db84]} sys_event: sys_event_port_connect_local(eport_id=0x48, equeue_id=0x46)
HLE: W {PPU[0x1] Thread (main_thread)[0x0055d504]} cellSpurs: cellSpursAttachLv2EventQueue(spurs=*0x7cf280, queue=0x46, port=*0xd003f6c0, isDynamic=0)
HLE: W {PPU[0x1] Thread (main_thread)[0x0055d504]} sys_spu: sys_spu_thread_group_connect_event_all_threads(id=0x3a, eq=0x46, req=0x2, spup=*0xd003f6c0)
HLE: W {PPU[0x1] Thread (main_thread)[0x0055d464]} cellSpurs: _cellSpursAttributeInitialize(attr=*0xd003f990, revision=2, sdkVersion=0x250001, nSpus=1, spuPriority=255, ppuPriority=249, exitIfNoWork=1701996544)
HLE: W {PPU[0x1] Thread (main_thread)[0x0055d4e4]} cellSpurs: cellSpursInitializeWithAttribute(spurs=*0x7d0500, attr=*0xd003f990)
HLE: W {PPU[0x1] Thread (main_thread)[0x0055d4e4]} sys_process: sys_process_is_spu_lock_line_reservation_address(addr=0x7d0500, flags=0x2)
HLE: W {PPU[0x1] Thread (main_thread)[0x0055d4e4]} sys_semaphore: sys_semaphore_create(sem_id=*0xd003f708, attr=*0xd003f6e0, initial_val=0, max_val=1)
HLE: W {PPU[0x1] Thread (main_thread)[0x0055d4e4]} sys_semaphore: sys_semaphore_create(sem_id=*0xd003f708, attr=*0xd003f6e0, initial_val=0, max_val=1)
HLE: W {PPU[0x1] Thread (main_thread)[0x0055d4e4]} sys_semaphore: sys_semaphore_create(sem_id=*0xd003f708, attr=*0xd003f6e0, initial_val=0, max_val=1)
HLE: W {PPU[0x1] Thread (main_thread)[0x0055d4e4]} sys_semaphore: sys_semaphore_create(sem_id=*0xd003f708, attr=*0xd003f6e0, initial_val=0, max_val=1)
HLE: W {PPU[0x1] Thread (main_thread)[0x0055d4e4]} sys_semaphore: sys_semaphore_create(sem_id=*0xd003f708, attr=*0xd003f6e0, initial_val=0, max_val=1)
HLE: W {PPU[0x1] Thread (main_thread)[0x0055d4e4]} sys_semaphore: sys_semaphore_create(sem_id=*0xd003f708, attr=*0xd003f6e0, initial_val=0, max_val=1)
HLE: W {PPU[0x1] Thread (main_thread)[0x0055d4e4]} sys_semaphore: sys_semaphore_create(sem_id=*0xd003f708, attr=*0xd003f6e0, initial_val=0, max_val=1)
HLE: W {PPU[0x1] Thread (main_thread)[0x0055d4e4]} sys_semaphore: sys_semaphore_create(sem_id=*0xd003f708, attr=*0xd003f6e0, initial_val=0, max_val=1)
HLE: W {PPU[0x1] Thread (main_thread)[0x0055d4e4]} sys_semaphore: sys_semaphore_create(sem_id=*0xd003f708, attr=*0xd003f6e0, initial_val=0, max_val=1)
HLE: W {PPU[0x1] Thread (main_thread)[0x0055d4e4]} sys_semaphore: sys_semaphore_create(sem_id=*0xd003f708, attr=*0xd003f6e0, initial_val=0, max_val=1)
HLE: W {PPU[0x1] Thread (main_thread)[0x0055d4e4]} sys_semaphore: sys_semaphore_create(sem_id=*0xd003f708, attr=*0xd003f6e0, initial_val=0, max_val=1)
HLE: W {PPU[0x1] Thread (main_thread)[0x0055d4e4]} sys_semaphore: sys_semaphore_create(sem_id=*0xd003f708, attr=*0xd003f6e0, initial_val=0, max_val=1)
HLE: W {PPU[0x1] Thread (main_thread)[0x0055d4e4]} sys_semaphore: sys_semaphore_create(sem_id=*0xd003f708, attr=*0xd003f6e0, initial_val=0, max_val=1)
HLE: W {PPU[0x1] Thread (main_thread)[0x0055d4e4]} sys_semaphore: sys_semaphore_create(sem_id=*0xd003f708, attr=*0xd003f6e0, initial_val=0, max_val=1)
HLE: W {PPU[0x1] Thread (main_thread)[0x0055d4e4]} sys_semaphore: sys_semaphore_create(sem_id=*0xd003f708, attr=*0xd003f6e0, initial_val=0, max_val=1)
HLE: W {PPU[0x1] Thread (main_thread)[0x0055d4e4]} sys_semaphore: sys_semaphore_create(sem_id=*0xd003f708, attr=*0xd003f6e0, initial_val=0, max_val=1)
HLE: W {PPU[0x1] Thread (main_thread)[0x0055d4e4]} sys_semaphore: sys_semaphore_create(sem_id=*0xd003f708, attr=*0xd003f6e0, initial_val=0, max_val=1)
HLE: W {PPU[0x1] Thread (main_thread)[0x0055d4e4]} sys_spu: sys_spu_thread_group_create(id=*0x7d1230, num=1, prio=255, attr=*0xd003f640)
HLE: W {PPU[0x1] Thread (main_thread)[0x0055d4e4]} sys_spu: sys_spu_thread_initialize(thread=*0x7d1234, group=0x5a, spu_num=0, img=*0x7d1270, attr=*0xd003f608, arg=*0xd003f618)
HLE: E {PPU[0x1] Thread (main_thread)[0x0055d4e4]} sys_spu: Unsupported SPU Thread options (0x2)
HLE: W {PPU[0x1] Thread (main_thread)[0x0055d4e4]} sysPrxForUser: sys_lwmutex_create(lwmutex=*0x7d12b0, attr=*0xd003f568)
HLE: W {PPU[0x1] Thread (main_thread)[0x0055d4e4]} sysPrxForUser: sys_lwcond_create(lwcond=*0x7d12c8, lwmutex=*0x7d12b0, attr=*0xd003f570)
HLE: W {PPU[0x1] Thread (main_thread)[0x0055d4e4]} sys_event: sys_event_queue_create(equeue_id=*0x7d125c, attr=*0xd003f568, event_queue_key=0x0, size=42)
HLE: W {PPU[0x1] Thread (main_thread)[0x0055d4e4]} sys_spu: sys_spu_thread_group_connect_event_all_threads(id=0x5a, eq=0x5e, req=0xffffffffffff0000, spup=*0x7d05c9)
HLE: W {PPU[0x1] Thread (main_thread)[0x0055d4e4]} sys_event: sys_event_port_create(eport_id=*0x7d1260, port_type=1, name=0x0)
HLE: W {PPU[0x1] Thread (main_thread)[0x0055d4e4]} sys_event: sys_event_port_connect_local(eport_id=0x5f, equeue_id=0x5e)
HLE: W {PPU[0x1] Thread (main_thread)[0x0055d4e4]} cellSpurs: cellSpursEnableExceptionEventHandler(spurs=*0x7d0500, flag=1)
HLE: W {PPU[0x61] Thread (SpursHdlr0)[0x00000000]} sys_spu: sys_spu_thread_group_start(id=0x5a)
HLE: W {PPU[0x1] Thread (main_thread)[0x0055d4e4]} sys_spu: sys_spu_thread_group_connect_event(id=0x5a, eq=0x5e, et=2)
HLE: W {PPU[0x61] Thread (SpursHdlr0)[0x00000000]} sys_spu: sys_spu_thread_group_join(id=0x5a, cause=*0x0, status=*0x0)
HLE: W {PPU[0x1] Thread (main_thread)[0x0041db30]} sys_event: sys_event_queue_create(equeue_id=*0x7d03a8, attr=*0xd003f6c4, event_queue_key=0x0, size=127)
HLE: W {PPU[0x1] Thread (main_thread)[0x0055e764]} sysPrxForUser: sys_ppu_thread_create(thread_id=*0x7d03b0, entry=0x783430, arg=0x7d03a8, prio=249, stacksize=0x10000, flags=0x1, threadname=*0x5ee8c0)
HLE: W {PPU[0x1] Thread (main_thread)[0x0055e764]} sys_ppu_thread: _sys_ppu_thread_create(thread_id=*0x7d03b0, param=*0xd003f640, arg=0x7d03a8, unk=0x0, prio=249, stacksize=0x10000, flags=0x1, threadname=*0x5ee8c0)
HLE: W {PPU[0x1] Thread (main_thread)[0x0055e764]} sys_ppu_thread: sys_ppu_thread_start(thread_id=0x63)
HLE: W {PPU[0x1] Thread (main_thread)[0x0041db74]} sys_event: sys_event_port_create(eport_id=*0x7d03bc, port_type=1, name=0xd0a77)
HLE: W {PPU[0x1] Thread (main_thread)[0x0041db84]} sys_event: sys_event_port_connect_local(eport_id=0x64, equeue_id=0x62)
HLE: W {PPU[0x1] Thread (main_thread)[0x0055d504]} cellSpurs: cellSpursAttachLv2EventQueue(spurs=*0x7d0500, queue=0x62, port=*0xd003f6c0, isDynamic=0)
HLE: W {PPU[0x1] Thread (main_thread)[0x0055d504]} sys_spu: sys_spu_thread_group_connect_event_all_threads(id=0x5a, eq=0x62, req=0x2, spup=*0xd003f6c0)
HLE: E {PPU[0x1] Thread (main_thread)[0x0055d2c4]} cellSpurs: cellSpursGetInfo
HLE: W {PPU[0x1] Thread (main_thread)[0x0055d5a4]} cellSpurs: _cellSpursWorkloadAttributeInitialize(attr=*0xd003f3e8, revision=1, sdkVersion=0x220002, pm=*0x69e400, size=0x2d80, data=0x204e9300, priority=*0x915de8, minCnt=0x1, maxCnt=0x5)
HLE: W {PPU[0x1] Thread (main_thread)[0x0055d324]} cellSpurs: cellSpursWorkloadAttributeSetName(attr=*0xd003f3e8, nameClass=*0x5eea28, nameInstance=*0x915e00)
HLE: W {PPU[0x1] Thread (main_thread)[0x0055d524]} cellSpurs: cellSpursAddWorkloadWithAttribute(spurs=*0x7cf280, wid=*0x915df8, attr=*0xd003f3e8)
HLE: E {PPU[0x1] Thread (main_thread)[0x0055d2a4]} cellSpurs: cellSpursRequestIdleSpu
HLE: E {PPU[0x1] Thread (main_thread)[0x0055d584]} cellSpurs: cellSpursSetExceptionEventHandler
HLE: W {PPU[0x1] Thread (main_thread)[0x0055d5c4]} cellSpurs: cellSpursReadyCountStore(spurs=*0x7cf280, wid=0, value=0x5)
HLE: E {PPU[0x1] Thread (main_thread)[0x0055d364]} cellSpurs: cellSpursGetWorkloadInfo
HLE: E {PPU[0x1] Thread (main_thread)[0x0055d364]} cellSpurs: cellSpursGetWorkloadInfo
HLE: W {PPU[0x1] Thread (main_thread)[0x0055e224]} cellGame: cellGameBootCheck(type=*0xd003f890, attributes=*0xd003f8a0, size=*0xd003f8bc, dirName=*0xd003f988)
HLE: W {PPU[0x1] Thread (main_thread)[0x0055e1c4]} cellGame: cellGameGetParamInt(id=102, value=*0xd003f894)
HLE: W {PPU[0x1] Thread (main_thread)[0x0055e164]} cellGame: cellGameGetParamString(id=100, buf=*0xd003f8b0, bufsize=10)
HLE: W {PPU[0x1] Thread (main_thread)[0x0055e164]} cellGame: cellGameGetParamString(id=0, buf=*0xd003f908, bufsize=128)
HLE: W {PPU[0x1] Thread (main_thread)[0x0055e164]} cellGame: cellGameGetParamString(id=106, buf=*0xd003f8a8, bufsize=6)
HLE: W {PPU[0x1] Thread (main_thread)[0x0055e1a4]} cellGame: cellGameContentPermit(contentInfoPath=*0xd003fa88, usrdirPath=*0xd003fa08)
HLE: W {PPU[0x1] Thread (main_thread)[0x0055dfc4]} cellSysutil: cellSysutilGetSystemParamInt(id=0x111(ID_LANG), value=*0xd003f89c)
HLE: W {PPU[0x1] Thread (main_thread)[0x0055dfc4]} cellSysutil: cellSysutilGetSystemParamInt(id=0x112(ID_ENTER_BUTTON_ASSIGN), value=*0xd003f898)
HLE: W {PPU[0x1] Thread (main_thread)[0x0055dfc4]} cellSysutil: cellSysutilGetSystemParamInt(id=0x114(ID_DATE_FORMAT), value=*0x7bcdb8)
HLE: W {PPU[0x1] Thread (main_thread)[0x0055dfc4]} cellSysutil: cellSysutilGetSystemParamInt(id=0x115(ID_TIME_FORMAT), value=*0x7bcdbc)
HLE: W {PPU[0x1] Thread (main_thread)[0x0055dfc4]} cellSysutil: cellSysutilGetSystemParamInt(id=0x121(ID_GAME_PARENTAL_LEVEL), value=*0x7bcdc0)
HLE: W {PPU[0x1] Thread (main_thread)[0x00455dbc]} sys_memory: sys_memory_allocate(size=0x100000, flags=0x400, alloc_addr=*0xd003f7e0)
HLE: W {PPU[0x1] Thread (main_thread)[0x000bfa98]} sys_memory: sys_memory_allocate(size=0x8500000, flags=0x400, alloc_addr=*0xd003fb70)
HLE: W {PPU[0x1] Thread (main_thread)[0x0055e024]} cellSysutil: cellVideoOutGetNumberOfDevice(videoOut=0)
HLE: W {PPU[0x1] Thread (main_thread)[0x0055df24]} cellSysutil: cellVideoOutGetDeviceInfo(videoOut=0, deviceIndex=0, info=*0xd003f7d8)
HLE: W {PPU[0x1] Thread (main_thread)[0x0055e0e4]} cellSysutil: cellVideoOutGetResolutionAvailability(videoOut=0, resolutionId=0x1, aspect=0, option=0)
G: ! {PPU[0x1] Thread (main_thread)[0x0011626c]} Registers:
=========
GPR[0] = 0x2
GPR[1] = 0xd003f700
GPR[2] = 0x78c0c0
GPR[3] = 0x0
GPR[4] = 0x0
GPR[5] = 0xd003f7c8
GPR[6] = 0x0
GPR[7] = 0x0
GPR[8] = 0xd003f7b8
GPR[9] = 0x1e00
GPR[10] = 0xd003f788
GPR[11] = 0x780
GPR[12] = 0x22000082
GPR[13] = 0x9f8030
GPR[14] = 0x0
GPR[15] = 0x0
GPR[16] = 0xd003f7b8
GPR[17] = 0x0
GPR[18] = 0xd003f788
GPR[19] = 0xd003f798
GPR[20] = 0xd003f7a8
GPR[21] = 0xd003f7d8
GPR[22] = 0x8e3a00
GPR[23] = 0x1
GPR[24] = 0xd003f770
GPR[25] = 0x1
GPR[26] = 0x0
GPR[27] = 0xd003f778
GPR[28] = 0x1
GPR[29] = 0xd003f774
GPR[30] = 0x76bf80
GPR[31] = 0xd003f7c8
FPR[0] = 3.40282E+38
FPR[1] = 0.5
FPR[2] = 10
FPR[3] = 0
FPR[4] = 0
FPR[5] = 0
FPR[6] = 0
FPR[7] = 0
FPR[8] = 0
FPR[9] = 0.3
FPR[10] = 0
FPR[11] = 0
FPR[12] = 0
FPR[13] = -3.40282E+38
FPR[14] = 0
FPR[15] = 0
FPR[16] = 0
FPR[17] = 0
FPR[18] = 0
FPR[19] = 0
FPR[20] = 0
FPR[21] = 0
FPR[22] = 0
FPR[23] = 0
FPR[24] = 0
FPR[25] = 0
FPR[26] = 0
FPR[27] = 0
FPR[28] = 0
FPR[29] = 0
FPR[30] = 0
FPR[31] = 0
VPR[0] = 0x00000000000000000000000000000000 [x: 0 y: 0 z: 0 w: 0]
VPR[1] = 0x3f800000000000000000000000000000 [x: 1 y: 0 z: 0 w: 0]
VPR[2] = 0x000000000000000000000000560f12be [x: 0 y: 0 z: 0 w: 3.93277e+13]
VPR[3] = 0x00000000000000006564336361626900 [x: 0 y: 0 z: 6.7353e+22 w: 2.61033e+20]
VPR[4] = 0x0000000000000062000000000000000f [x: 0 y: 1.37327e-43 z: 0 w: 2.10195e-44]
VPR[5] = 0x00000000560f12bf00000000000098fe [x: 0 y: 3.93277e+13 z: 0 w: 5.48833e-41]
VPR[6] = 0x3c23d70a3c23d70a3c23d70a3c23d70a [x: 0.01 y: 0.01 z: 0.01 w: 0.01]
VPR[7] = 0x38d1b71738d1b71738d1b71738d1b717 [x: 0.0001 y: 0.0001 z: 0.0001 w: 0.0001]
VPR[8] = 0x00000000000000000000000000000000 [x: 0 y: 0 z: 0 w: 0]
VPR[9] = 0x3c23d70a3c23d70a3c23d70a3c23d70a [x: 0.01 y: 0.01 z: 0.01 w: 0.01]
VPR[10] = 0x38d1b71738d1b71738d1b71738d1b717 [x: 0.0001 y: 0.0001 z: 0.0001 w: 0.0001]
VPR[11] = 0x3f8000003f8000003f8000003f800000 [x: 1 y: 1 z: 1 w: 1]
VPR[12] = 0x000000003f8000003f8000003f800000 [x: 0 y: 1 z: 1 w: 1]
VPR[13] = 0xff7fffffff7fffffff7fffffff7fffff [x: -3.40282e+38 y: -3.40282e+38 z: -3.40282e+38 w: -3.40282e+38]
VPR[14] = 0x00000000560f12bf0000000000006ca3 [x: 0 y: 3.93277e+13 z: 0 w: 3.89715e-41]
VPR[15] = 0x00000000560f12bf00000000560f12fe [x: 0 y: 3.93277e+13 z: 0 w: 3.93279e+13]
VPR[16] = 0x32636564616269000000000000000000 [x: 1.32362e-08 y: 2.61033e+20 z: 0 w: 0]
VPR[17] = 0x000000000000000f0000000000000000 [x: 0 y: 2.10195e-44 z: 0 w: 0]
VPR[18] = 0x0000000000002b0d0000000000000062 [x: 0 y: 1.54437e-41 z: 0 w: 1.37327e-43]
VPR[19] = 0x00000000560f12fe00000000560f12bf [x: 0 y: 3.93279e+13 z: 0 w: 3.93277e+13]
VPR[20] = 0x000000000000000000000000560f12bf [x: 0 y: 0 z: 0 w: 3.93277e+13]
VPR[21] = 0x00000000000000000000000000000000 [x: 0 y: 0 z: 0 w: 0]
VPR[22] = 0x0000000000000062000000000000000f [x: 0 y: 1.37327e-43 z: 0 w: 2.10195e-44]
VPR[23] = 0x00000000560f12bf0000000000002bba [x: 0 y: 3.93277e+13 z: 0 w: 1.56861e-41]
VPR[24] = 0x00000000560f12bf00000000560f12fe [x: 0 y: 3.93277e+13 z: 0 w: 3.93279e+13]
VPR[25] = 0x0000787270732e636564787461626900 [x: 4.32076e-41 y: 3.01044e+29 z: 6.74326e+22 w: 2.61033e+20]
VPR[26] = 0x000000000000000f0000000000000000 [x: 0 y: 2.10195e-44 z: 0 w: 0]
VPR[27] = 0x0000000000017ed60000000000000062 [x: 0 y: 1.37336e-40 z: 0 w: 1.37327e-43]
VPR[28] = 0x00000000560f12fe00000000560f12bf [x: 0 y: 3.93279e+13 z: 0 w: 3.93277e+13]
VPR[29] = 0x656478746162690000000000560f12bf [x: 6.74326e+22 y: 2.61033e+20 z: 0 w: 3.93277e+13]
VPR[30] = 0x000000000000000000787270732e3263 [x: 0 y: 0 z: 1.10613e-38 w: 1.38013e+31]
VPR[31] = 0x0000000000000062000000000000000f [x: 0 y: 1.37327e-43 z: 0 w: 2.10195e-44]
CR = 0x22000042
LR = 0x116244
CTR = 0x0
XER = 0x20000000 [CA=1 | OV=8589934592 | SO=0]
FPSCR = 0x0 [RN=0 | NI=0 | XE=0 | ZE=0 | UE=0 | OE=0 | VE=0 | VXCVI=0 | VXSQRT=0 | VXSOFT=0 | FPRF=0 | FI=0 | FR=0 | VXVC=0 | VXIMZ=0 | VXZDZ=0 | VXIDI=0 | VXISI=0 | VXSNAN=0 | XX=0 | ZX=0 | UX=0 | OX=0 | VX=0 | FEX=0 | FX=0]

G: E {PPU[0x1] Thread (main_thread)[0x0011626c]} Exception: Access violation reading location 0x0
(in file ..\Utilities\Thread.cpp:1122, in function _se_translator)
G: ! Stopping emulator...
G: ! All threads signaled...
G: ! {SPU[0x3b] Thread (CellSpursKernel0)[0x00818]} Thread aborted
G: ! {SPU[0x3d] Thread (CellSpursKernel2)[0x00818]} Thread aborted
G: ! {SPU[0x3e] Thread (CellSpursKernel3)[0x00818]} Thread aborted
G: ! {SPU[0x3c] Thread (CellSpursKernel1)[0x00818]} Thread aborted
G: ! {PPU[0x44] Thread (SpursHdlr1)[0x00000000]} Thread aborted
G: ! {SPU[0x3f] Thread (CellSpursKernel4)[0x00818]} Thread aborted
HLE: S {PPU[0x47] Thread (Job Manager Event Handler)[0x0041d998]} Last syscall: 130 (sys_event_queue_receive)
G: ! {PPU[0x2] Thread (Callback Thread)[0x00000000]} Thread aborted
HLE: S {PPU[0x63] Thread (Job Manager Event Handler)[0x0041d998]} Last syscall: 130 (sys_event_queue_receive)
G: ! {PPU[0x60] Thread (SpursHdlr1)[0x00000000]} Thread aborted
G: ! {PPU[0x47] Thread (Job Manager Event Handler)[0x0041d998]} Thread aborted
G: ! {SPU[0x5b] Thread (CellSpursKernel0)[0x00818]} Thread aborted
G: ! {PPU[0x61] Thread (SpursHdlr0)[0x00000000]} Thread aborted
G: ! {PPU[0x63] Thread (Job Manager Event Handler)[0x0041d998]} Thread aborted
G: ! {PPU[0x45] Thread (SpursHdlr0)[0x00000000]} Thread aborted
G: ! All threads stopped...
G: ! Objects cleared...
G: ! Stopping emulator...
