LDR: E PSFLoader::Load() failed: unknown magic (0x0)
G: ! RPCS3 v0.0.0.6-3827-a6beb0e
G: ! 
LDR: ! Loading 'D:\Emulateurs\Rpcs3\dev_hdd0\game\NPEA00318\USRDIR\BOOT.BIN'...
G: W fs::file::open('D:/Emulateurs/Rpcs3/dev_hdd0/game/NPEA00318/dev_bdvd.path', 0x1) failed: error 0x2
LDR: ! 
LDR: ! Mount info:
LDR: ! /dev_usb000/ -> D:/Emulateurs/Rpcs3/dev_usb000/
LDR: ! /dev_flash/ -> D:/Emulateurs/Rpcs3/dev_flash/
LDR: ! /host_root/ -> 
LDR: ! /dev_hdd0/ -> D:/Emulateurs/Rpcs3/dev_hdd0/
LDR: ! /dev_hdd1/ -> D:/Emulateurs/Rpcs3/dev_hdd1/
LDR: ! /dev_usb/ -> D:/Emulateurs/Rpcs3/dev_usb000/
LDR: ! 
LDR: ! 
LDR: ! Title: inFamous 2 (Digital)
LDR: ! Serial: NPEA00318
LDR: ! Used configuration: 'rpcs3.new.ini'
LDR: ! 
LDR: ! [gui]
MainFrameAui=layout2|name~Pane_0;caption~Game List;state~4196348;dir~5;layer~0;row~0;pos~0;prop~100000;bestw~283;besth~279;minw~-1;minh~-1;maxw~-1;maxh~-1;floatx~-1;floaty~-1;floatw~-1;floath~-1|name~Pane_1;caption~Log;state~4196348;dir~4;layer~0;row~1;pos~1;prop~99647;bestw~600;besth~300;minw~-1;minh~-1;maxw~-1;maxh~-1;floatx~52;floaty~489;floatw~616;floath~339|name~Pane_2;caption~Debugger;state~4196348;dir~4;layer~0;row~1;pos~0;prop~100353;bestw~400;besth~300;minw~-1;minh~-1;maxw~-1;maxh~-1;floatx~47;floaty~117;floatw~416;floath~339|dock_size(5,0,0)~265|dock_size(4,0,1)~400|

[system]
Emulation dir path=
Language=2
Use path below as EmulationDir=false

[rsx/opengl]
Write Color Buffers=false
Write Depth Buffer=false
Read Color Buffers=false
Read Depth Buffer=false

[gui/size]
width=963
height=626

[gui/position]
horizontal=-5
vertical=145

[core]
PPU Decoder=interpreter2
Load liblv2.sprx=false
Hook static functions=false
SPU Decoder=recompiler_asmjit

[rsx]
VSync=true
Aspect ratio=16x9
Renderer=DX12
Resolution=1280x720
Frame limit=Auto
Log shader programs=false
3D Monitor=false

[core/llvm]
Compiled blocks exclusion=false
Excluded block range min=200
Excluded block range max=250
Compilation threshold=1000

[audio]
Audio Out=XAudio2
Dump to file=false
Convert to 16 bit=false

[io]
Pad Handler=windows
Camera=connected
Camera type=PlayStationEye
Mouse Handler=null
Keyboard Handler=null

[rsx/d3d12]
D3D Adaptater=0
Debug Output=false
Debug overlay=true

[io/pad]
Circle=76
Left Analog Stick Left=314
Left Analog Stick Down=317
Left Analog Stick Right=316
R2=69
Right=68
Triangle=73
Right Analog Stick Right=312
Down=83
Right Analog Stick Down=367
Left Analog Stick Up=315
Up=90
Right Analog Stick Up=366
Left=81
Right Analog Stick Left=313
Start=13
Select=32
Square=74
Cross=75
R1=51
R3=67
L1=49
L2=65
L3=87

[misc]
Exit RPCS3 when process finishes=false
Always start after boot=true
Use default configuration=true

[misc/log]
RSX Logging=false
Log Level=Errors
Log everything=false
Save TTY output to file=false

[misc/net]
Connection status=Connecting
Network adapter=0

[misc/debug]
Auto Pause at System Call=false
Auto Pause at Function Call=false


LDR: ! Elf path: /dev_hdd0/game/NPEA00318/USRDIR/BOOT.BIN
LDR: ! 
LDR: ! loader::init() failed: Broken file
LDR: ! *** sdk version: 0x360001
LDR: ! *** primary prio: 250
LDR: ! *** primary stacksize: 0x40000
LDR: ! *** malloc pagesize: 0x100000
LDR: ! *** ppc seg: 0x0
LDR: ! Imported function '_cellSpursTasksetAttributeInitialize' in 'cellSpurs' module (0x740858)
LDR: ! Imported function 'cellSpursRequestIdleSpu' in 'cellSpurs' module (0x740878)
LDR: ! Imported function 'cellSpursGetInfo' in 'cellSpurs' module (0x740898)
LDR: ! Imported function 'cellSpursEventFlagDetachLv2EventQueue' in 'cellSpurs' module (0x7408b8)
LDR: ! Imported function 'cellSpursEventFlagWait' in 'cellSpurs' module (0x7408d8)
LDR: ! Imported function 'cellSpursWorkloadAttributeSetName' in 'cellSpurs' module (0x7408f8)
LDR: ! Imported function 'cellSpursEventFlagClear' in 'cellSpurs' module (0x740918)
LDR: ! Imported function 'cellSpursGetWorkloadInfo' in 'cellSpurs' module (0x740938)
LDR: ! Imported function 'cellSpursDetachLv2EventQueue' in 'cellSpurs' module (0x740958)
LDR: ! Imported function 'cellSpursRemoveWorkload' in 'cellSpurs' module (0x740978)
LDR: ! Imported function '_cellSpursEventFlagInitialize' in 'cellSpurs' module (0x740998)
LDR: ! Imported function 'cellSpursWaitForWorkloadShutdown' in 'cellSpurs' module (0x7409b8)
LDR: ! Imported function 'cellSpursTasksetAttributeSetName' in 'cellSpurs' module (0x7409d8)
LDR: ! Imported function 'cellSpursSetPriorities' in 'cellSpurs' module (0x7409f8)
LDR: ! Imported function 'cellSpursEventFlagAttachLv2EventQueue' in 'cellSpurs' module (0x740a18)
LDR: ! Imported function '_cellSpursAttributeInitialize' in 'cellSpurs' module (0x740a38)
LDR: ! Imported function 'cellSpursShutdownWorkload' in 'cellSpurs' module (0x740a58)
LDR: ! Imported function 'cellSpursJoinTaskset' in 'cellSpurs' module (0x740a78)
LDR: ! Imported function 'cellSpursShutdownTaskset' in 'cellSpurs' module (0x740a98)
LDR: ! Imported function 'cellSpursInitializeWithAttribute' in 'cellSpurs' module (0x740ab8)
LDR: ! Imported function 'cellSpursAttachLv2EventQueue' in 'cellSpurs' module (0x740ad8)
LDR: ! Imported function 'cellSpursAddWorkloadWithAttribute' in 'cellSpurs' module (0x740af8)
LDR: ! Imported function 'cellSpursCreateTasksetWithAttribute' in 'cellSpurs' module (0x740b18)
LDR: ! Imported function 'cellSpursFinalize' in 'cellSpurs' module (0x740b38)
LDR: ! Imported function 'cellSpursSetExceptionEventHandler' in 'cellSpurs' module (0x740b58)
LDR: ! Imported function '_cellSpursWorkloadAttributeInitialize' in 'cellSpurs' module (0x740b78)
LDR: ! Imported function 'cellSpursReadyCountStore' in 'cellSpurs' module (0x740b98)
LDR: ! Imported function '_cellSpursLFQueueInitialize' in 'cellSpurs' module (0x742c58)
LDR: ! Imported function 'cellSpursAttributeSetNamePrefix' in 'cellSpurs' module (0x742c78)
LDR: ! Imported function 'cellSpursLFQueueAttachLv2EventQueue' in 'cellSpurs' module (0x742c98)
LDR: ! Imported function 'cellSpursCreateJobChainWithAttribute' in 'cellSpurs' module (0x742cb8)
LDR: ! Imported function '_cellSpursJobChainAttributeInitialize' in 'cellSpurs' module (0x742cd8)
LDR: ! Imported function 'cellSpursJobGuardInitialize' in 'cellSpurs' module (0x742cf8)
LDR: ! Imported function 'cellSpursShutdownJobChain' in 'cellSpurs' module (0x742d18)
LDR: ! Imported function 'cellSpursLFQueueDetachLv2EventQueue' in 'cellSpurs' module (0x742d38)
LDR: ! Imported function '_cellSpursLFQueuePushBody' in 'cellSpurs' module (0x742d58)
LDR: ! Imported function 'cellSpursJobChainAttributeSetName' in 'cellSpurs' module (0x742d78)
LDR: ! Imported function 'cellSpursJoinJobChain' in 'cellSpurs' module (0x742d98)
LDR: ! Imported function 'cellSpursCreateTask' in 'cellSpurs' module (0x742db8)
LDR: ! Imported function 'cellSpursJobGuardNotify' in 'cellSpurs' module (0x742dd8)
LDR: ! Imported function 'cellSpursRunJobChain' in 'cellSpurs' module (0x742df8)
LDR: ! Imported function 'cellSysmoduleUnloadModule' in 'cellSysmodule' module (0x740bb8)
LDR: ! Imported function 'cellSysmoduleLoadModule' in 'cellSysmodule' module (0x740bd8)
LDR: ! Imported function 'cellSysmoduleInitialize' in 'cellSysmodule' module (0x740bf8)
LDR: ! Imported function 'cellFsRmdir' in 'sys_fs' module (0x740c18)
LDR: ! Imported function 'cellFsClose' in 'sys_fs' module (0x740c38)
LDR: ! Imported function 'cellFsOpendir' in 'sys_fs' module (0x740c58)
LDR: ! Imported function 'cellFsRead' in 'sys_fs' module (0x740c78)
LDR: ! Imported function 'cellFsReaddir' in 'sys_fs' module (0x740c98)
LDR: ! Imported function 'cellFsSdataOpenByFd' in 'sys_fs' module (0x740cb8)
LDR: ! Imported function 'cellFsOpen' in 'sys_fs' module (0x740cd8)
LDR: ! Imported function 'cellFsStat' in 'sys_fs' module (0x740cf8)
LDR: ! Imported function 'cellFsUnlink' in 'sys_fs' module (0x740d18)
LDR: ! Imported function 'cellFsFsync' in 'sys_fs' module (0x740d38)
LDR: ! Imported function 'cellFsGetDirectoryEntries' in 'sys_fs' module (0x740d58)
LDR: ! Imported function 'cellFsLseek' in 'sys_fs' module (0x740d78)
LDR: ! Imported function 'cellFsGetFreeSize' in 'sys_fs' module (0x740d98)
LDR: ! Imported function 'cellFsSdataOpen' in 'sys_fs' module (0x740db8)
LDR: ! Imported function 'cellFsMkdir' in 'sys_fs' module (0x740dd8)
LDR: ! Imported function 'cellFsUtime' in 'sys_fs' module (0x740df8)
LDR: ! Imported function 'cellFsWrite' in 'sys_fs' module (0x740e18)
LDR: ! Imported function 'cellFsFstat' in 'sys_fs' module (0x740e38)
LDR: ! Imported function 'cellFsRename' in 'sys_fs' module (0x740e58)
LDR: ! Imported function 'cellFsClosedir' in 'sys_fs' module (0x740e78)
LDR: ! Imported function 'cellPadInit' in 'sys_io' module (0x740e98)
LDR: ! Imported function 'cellKbClearBuf' in 'sys_io' module (0x740eb8)
LDR: ! Imported function 'cellKbGetInfo' in 'sys_io' module (0x740ed8)
LDR: ! Imported function 'cellKbSetLEDStatus' in 'sys_io' module (0x740ef8)
LDR: ! Imported function 'cellKbInit' in 'sys_io' module (0x740f18)
LDR: ! Imported function 'cellPadPeriphGetInfo' in 'sys_io' module (0x740f38)
LDR: ! Imported function 'cellPadEnd' in 'sys_io' module (0x740f58)
LDR: ! Imported function 'cellPadSetPortSetting' in 'sys_io' module (0x740f78)
LDR: ! Imported function 'cellPadGetData' in 'sys_io' module (0x740f98)
LDR: ! Imported function 'cellKbSetCodeType' in 'sys_io' module (0x740fb8)
LDR: ! Imported function 'cellPadGetInfo2' in 'sys_io' module (0x740fd8)
LDR: ! Imported function 'cellKbEnd' in 'sys_io' module (0x740ff8)
LDR: ! Imported function 'cellKbSetReadMode' in 'sys_io' module (0x741018)
LDR: ! Imported function 'cellPadSetActDirect' in 'sys_io' module (0x741038)
LDR: ! Imported function 'cellKbRead' in 'sys_io' module (0x741058)
LDR: ! Imported function 'cellRtcConvertLocalTimeToUtc' in 'cellRtc' module (0x741078)
LDR: ! Imported function 'cellRtcFormatRfc2822' in 'cellRtc' module (0x741098)
LDR: ! Imported function 'cellRtcSetTick' in 'cellRtc' module (0x7410b8)
LDR: ! Imported function 'cellRtcGetCurrentTick' in 'cellRtc' module (0x7410d8)
LDR: ! Imported function 'cellRtcConvertUtcToLocalTime' in 'cellRtc' module (0x7410f8)
LDR: ! Imported function 'cellRtcParseDateTime' in 'cellRtc' module (0x741118)
LDR: ! Imported function 'cellRtcGetTick' in 'cellRtc' module (0x741138)
LDR: ! Imported function 'cellRtcCompareTick' in 'cellRtc' module (0x741158)
LDR: ! Imported function 'sys_net_initialize_network_ex' in 'sys_net' module (0x741178)
LDR: ! Imported function 'recvfrom' in 'sys_net' module (0x741198)
LDR: ! Imported function 'listen' in 'sys_net' module (0x7411b8)
LDR: ! Imported function 'socketselect' in 'sys_net' module (0x7411d8)
LDR: ! Imported function 'sys_net_close_dump' in 'sys_net' module (0x7411f8)
LDR: ! Imported function 'getsockopt' in 'sys_net' module (0x741218)
LDR: ! Imported function '_sys_net_errno_loc' in 'sys_net' module (0x741238)
LDR: ! Imported function 'connect' in 'sys_net' module (0x741258)
LDR: ! Imported function 'socketclose' in 'sys_net' module (0x741278)
LDR: ! Imported function 'gethostbyname' in 'sys_net' module (0x741298)
LDR: ! Imported function 'inet_ntoa' in 'sys_net' module (0x7412b8)
LDR: ! Imported function 'setsockopt' in 'sys_net' module (0x7412d8)
LDR: ! Imported function 'sys_net_read_dump' in 'sys_net' module (0x7412f8)
LDR: ! Imported function 'sendto' in 'sys_net' module (0x741318)
LDR: ! Imported function 'socket' in 'sys_net' module (0x741338)
LDR: ! Imported function 'shutdown' in 'sys_net' module (0x741358)
LDR: ! Imported function 'sys_net_open_dump' in 'sys_net' module (0x741378)
LDR: ! Imported function 'bind' in 'sys_net' module (0x741398)
LDR: ! Imported function 'sys_net_show_ifconfig' in 'sys_net' module (0x7413b8)
LDR: ! Imported function 'sys_net_finalize_network' in 'sys_net' module (0x7413d8)
LDR: ! Imported function 'accept' in 'sys_net' module (0x7413f8)
LDR: ! Imported function 'inet_addr' in 'sys_net' module (0x741418)
LDR: ! Imported function 'send' in 'sys_net' module (0x741438)
LDR: ! Imported function 'recv' in 'sys_net' module (0x741458)
LDR: ! Imported function 'cellNetCtlNetStartDialogLoadAsync' in 'cellNetCtl' module (0x741478)
LDR: ! Imported function 'cellNetCtlAddHandler' in 'cellNetCtl' module (0x741498)
LDR: ! Imported function 'cellNetCtlNetStartDialogUnloadAsync' in 'cellNetCtl' module (0x7414b8)
LDR: ! Imported function 'cellNetCtlTerm' in 'cellNetCtl' module (0x7414d8)
LDR: ! Imported function 'cellNetCtlGetInfo' in 'cellNetCtl' module (0x7414f8)
LDR: ! Imported function 'cellNetCtlGetState' in 'cellNetCtl' module (0x741518)
LDR: ! Imported function 'cellNetCtlDelHandler' in 'cellNetCtl' module (0x741538)
LDR: ! Imported function 'cellNetCtlInit' in 'cellNetCtl' module (0x741558)
LDR: ! Imported function 'cellHttpCreateTransaction' in 'cellHttp' module (0x741578)
LDR: ! Imported function 'cellHttpResponseGetStatusCode' in 'cellHttp' module (0x741598)
LDR: ! Imported function 'cellHttpClientSetSslCallback' in 'cellHttp' module (0x7415b8)
LDR: ! Imported function 'cellHttpClientSetRecvTimeout' in 'cellHttp' module (0x7415d8)
LDR: ! Imported function 'cellHttpInit' in 'cellHttp' module (0x7415f8)
LDR: ! Imported function 'cellHttpTransactionAbortConnection' in 'cellHttp' module (0x741618)
LDR: ! Imported function 'cellHttpDestroyTransaction' in 'cellHttp' module (0x741638)
LDR: ! Imported function 'cellHttpCreateClient' in 'cellHttp' module (0x741658)
LDR: ! Imported function 'cellHttpsInit' in 'cellHttp' module (0x741678)
LDR: ! Imported function 'cellHttpRecvResponse' in 'cellHttp' module (0x741698)
LDR: ! Imported function 'cellHttpClientSetSendTimeout' in 'cellHttp' module (0x7416b8)
LDR: ! Imported function 'cellHttpDestroyClient' in 'cellHttp' module (0x7416d8)
LDR: ! Imported function 'cellHttpClientSetHeader' in 'cellHttp' module (0x7416f8)
LDR: ! Imported function 'cellHttpSendRequest' in 'cellHttp' module (0x741718)
LDR: ! Imported function 'cellHttpRequestSetContentLength' in 'cellHttp' module (0x741738)
LDR: ! Imported function 'cellHttpResponseGetAllHeaders' in 'cellHttp' module (0x741758)
LDR: ! Imported function 'cellHttpEnd' in 'cellHttp' module (0x741778)
LDR: ! Imported function 'cellHttpClientSetConnTimeout' in 'cellHttp' module (0x741798)
LDR: ! Imported function 'cellHttpsEnd' in 'cellHttp' module (0x7417b8)
LDR: ! Imported function 'cellHttpUtilParseUri' in 'cellHttpUtil' module (0x7417d8)
LDR: ! Imported function 'cellAudioInit' in 'cellAudio' module (0x7417f8)
LDR: ! Imported function 'cellAudioPortClose' in 'cellAudio' module (0x741818)
LDR: ! Imported function 'cellAudioSetPortLevel' in 'cellAudio' module (0x741838)
LDR: ! Imported function 'cellAudioPortStop' in 'cellAudio' module (0x741858)
LDR: ! Imported function 'cellAudioGetPortConfig' in 'cellAudio' module (0x741878)
LDR: ! Imported function 'cellAudioPortStart' in 'cellAudio' module (0x741898)
LDR: ! Imported function 'cellAudioQuit' in 'cellAudio' module (0x7418b8)
LDR: ! Imported function 'cellAudioPortOpen' in 'cellAudio' module (0x7418d8)
LDR: ! Imported function 'cellCameraStop' in 'cellCamera' module (0x7418f8)
LDR: ! Imported function 'cellCameraGetBufferInfoEx' in 'cellCamera' module (0x741918)
LDR: ! Imported function 'cellCameraReadEx' in 'cellCamera' module (0x741938)
LDR: ! Imported function 'cellCameraClose' in 'cellCamera' module (0x741958)
LDR: ! Imported function 'cellCameraRemoveNotifyEventQueue2' in 'cellCamera' module (0x741978)
LDR: ! Imported function 'cellCameraStart' in 'cellCamera' module (0x741998)
LDR: ! Imported function 'cellCameraGetType' in 'cellCamera' module (0x7419b8)
LDR: ! Imported function 'cellCameraEnd' in 'cellCamera' module (0x7419d8)
LDR: ! Imported function 'cellCameraOpenEx' in 'cellCamera' module (0x7419f8)
LDR: ! Imported function 'cellCameraReset' in 'cellCamera' module (0x741a18)
LDR: ! Imported function 'cellCameraSetAttribute' in 'cellCamera' module (0x741a38)
LDR: ! Imported function 'cellCameraSetNotifyEventQueue2' in 'cellCamera' module (0x741a58)
LDR: ! Imported function 'cellCameraInit' in 'cellCamera' module (0x741a78)
LDR: ! Imported function 'cellSysutilUnregisterCallback' in 'cellSysutil' module (0x741a98)
LDR: ! Imported function 'cellVideoOutConfigure' in 'cellSysutil' module (0x741ab8)
LDR: ! Imported function 'cellSysutilCheckCallback' in 'cellSysutil' module (0x741ad8)
LDR: ! Imported function 'cellSaveDataListLoad2' in 'cellSysutil' module (0x741af8)
LDR: ! Imported function 'cellVideoOutGetDeviceInfo' in 'cellSysutil' module (0x741b18)
LDR: ! Imported function 'cellMsgDialogClose' in 'cellSysutil' module (0x741b38)
LDR: ! Imported function 'cellSaveDataListAutoLoad' in 'cellSysutil' module (0x741b58)
LDR: ! Imported function 'cellSaveDataListSave2' in 'cellSysutil' module (0x741b78)
LDR: ! Imported function 'cellOskDialogUnloadAsync' in 'cellSysutil' module (0x741b98)
LDR: ! Imported function 'cellSysutilGetSystemParamInt' in 'cellSysutil' module (0x741bb8)
LDR: ! Imported function 'cellAudioOutConfigure' in 'cellSysutil' module (0x741bd8)
LDR: ! Imported function 'cellMsgDialogAbort' in 'cellSysutil' module (0x741bf8)
LDR: ! Imported function 'cellVideoOutGetNumberOfDevice' in 'cellSysutil' module (0x741c18)
LDR: ! Imported function 'cellMsgDialogOpen2' in 'cellSysutil' module (0x741c38)
LDR: ! Imported function 'cellOskDialogAddSupportLanguage' in 'cellSysutil' module (0x741c58)
LDR: ! Imported function 'cellOskDialogLoadAsync' in 'cellSysutil' module (0x741c78)
LDR: ! Imported function 'cellVideoOutGetState' in 'cellSysutil' module (0x741c98)
LDR: ! Imported function 'cellSaveDataAutoSave2' in 'cellSysutil' module (0x741cb8)
LDR: ! Imported function 'cellSysutilGetSystemParamString' in 'cellSysutil' module (0x741cd8)
LDR: ! Imported function 'cellSysutilRegisterCallback' in 'cellSysutil' module (0x741cf8)
LDR: ! Imported function 'cellSysutilGetBgmPlaybackStatus' in 'cellSysutil' module (0x741d18)
LDR: ! Imported function 'cellVideoOutGetResolutionAvailability' in 'cellSysutil' module (0x741d38)
LDR: ! Imported function 'cellOskDialogSetKeyLayoutOption' in 'cellSysutil' module (0x741d58)
LDR: ! Imported function 'cellOskDialogAbort' in 'cellSysutil' module (0x741d78)
LDR: ! Imported function 'cellAudioOutGetSoundAvailability' in 'cellSysutil' module (0x741d98)
LDR: ! Imported function 'cellVideoOutGetResolution' in 'cellSysutil' module (0x741db8)
LDR: ! Imported function 'cellAudioOutGetState' in 'cellSysutil' module (0x741dd8)
LDR: ! Imported function 'cellGameGetParamString' in 'cellGame' module (0x741df8)
LDR: ! Imported function 'cellGameCreateGameData' in 'cellGame' module (0x741e18)
LDR: ! Imported function 'cellGameContentPermit' in 'cellGame' module (0x741e38)
LDR: ! Imported function 'cellGameContentErrorDialog' in 'cellGame' module (0x741e58)
LDR: ! Imported function 'cellGameGetParamInt' in 'cellGame' module (0x741e78)
LDR: ! Imported function 'cellGameDataCheck' in 'cellGame' module (0x741e98)
LDR: ! Imported function 'cellGameGetSizeKB' in 'cellGame' module (0x741eb8)
LDR: ! Imported function 'cellGameBootCheck' in 'cellGame' module (0x741ed8)
LDR: ! Imported function 'sceNpTrophyRegisterContext' in 'sceNpTrophy' module (0x741ef8)
LDR: ! Imported function 'sceNpTrophyCreateHandle' in 'sceNpTrophy' module (0x741f18)
LDR: ! Imported function 'sceNpTrophyGetRequiredDiskSpace' in 'sceNpTrophy' module (0x741f38)
LDR: ! Imported function 'sceNpTrophyDestroyContext' in 'sceNpTrophy' module (0x741f58)
LDR: ! Imported function 'sceNpTrophyInit' in 'sceNpTrophy' module (0x741f78)
LDR: ! Imported function 'sceNpTrophyDestroyHandle' in 'sceNpTrophy' module (0x741f98)
LDR: ! Imported function 'sceNpTrophyUnlockTrophy' in 'sceNpTrophy' module (0x741fb8)
LDR: ! Imported function 'sceNpTrophyTerm' in 'sceNpTrophy' module (0x741fd8)
LDR: ! Imported function 'sceNpTrophyGetTrophyUnlockState' in 'sceNpTrophy' module (0x741ff8)
LDR: ! Imported function 'sceNpTrophyCreateContext' in 'sceNpTrophy' module (0x742018)
LDR: ! Imported function 'sceNpManagerGetTicket' in 'sceNp' module (0x742038)
LDR: ! Imported function 'sceNpTerm' in 'sceNp' module (0x742058)
LDR: ! Imported function 'sceNpManagerUnregisterCallback' in 'sceNp' module (0x742078)
LDR: ! Imported function 'sceNpManagerGetTicketParam' in 'sceNp' module (0x742098)
LDR: ! Imported function 'sceNpManagerGetContentRatingFlag' in 'sceNp' module (0x7420b8)
LDR: ! Imported function 'sceNpManagerRequestTicket2' in 'sceNp' module (0x7420d8)
LDR: ! Imported function 'sceNpManagerGetStatus' in 'sceNp' module (0x7420f8)
LDR: ! Imported function 'sceNpDrmIsAvailable' in 'sceNp' module (0x742118)
LDR: ! Imported function 'sceNpManagerGetAccountRegion' in 'sceNp' module (0x742138)
LDR: ! Imported function 'sceNpInit' in 'sceNp' module (0x742158)
LDR: ! Imported function 'sceNpManagerGetNetworkTime' in 'sceNp' module (0x742178)
LDR: ! Imported function 'sceNpManagerGetOnlineId' in 'sceNp' module (0x742198)
LDR: ! Imported function 'sceNpManagerRegisterCallback' in 'sceNp' module (0x7421b8)
LDR: ! Imported function 'sceNpManagerGetChatRestrictionFlag' in 'sceNp' module (0x7421d8)
LDR: ! Imported function 'sceNpDrmIsAvailable2' in 'sceNp' module (0x7421f8)
LDR: ! Imported function 'sceNpManagerGetNpId' in 'sceNp' module (0x742218)
LDR: ! Imported function 'cellVideoOutSetGamma' in 'cellSysutilAvconfExt' module (0x742238)
LDR: ! Imported function 'cellGcmSetUserHandler' in 'cellGcmSys' module (0x742258)
LDR: ! Imported function 'cellGcmSetQueueHandler' in 'cellGcmSys' module (0x742278)
LDR: ! Imported function '_cellGcmInitBody' in 'cellGcmSys' module (0x742298)
LDR: ! Imported function 'cellGcmDumpGraphicsError' in 'cellGcmSys' module (0x7422b8)
LDR: ! Imported function '_cellGcmSetFlipCommand' in 'cellGcmSys' module (0x7422d8)
LDR: ! Imported function 'cellGcmSortRemapEaIoAddress' in 'cellGcmSys' module (0x7422f8)
LDR: ! Imported function 'cellGcmGetOffsetTable' in 'cellGcmSys' module (0x742318)
LDR: ! Imported function '_cellGcmFunc15' in 'cellGcmSys' module (0x742338)
LDR: ! Imported function 'cellGcmBindTile' in 'cellGcmSys' module (0x742358)
LDR: ! Imported function 'cellGcmSetFlipMode' in 'cellGcmSys' module (0x742378)
LDR: ! Imported function 'cellGcmSetDebugOutputLevel' in 'cellGcmSys' module (0x742398)
LDR: ! Imported function 'cellGcmMapEaIoAddressWithFlags' in 'cellGcmSys' module (0x7423b8)
LDR: ! Imported function 'cellGcmBindZcull' in 'cellGcmSys' module (0x7423d8)
LDR: ! Imported function 'cellGcmMapMainMemory' in 'cellGcmSys' module (0x7423f8)
LDR: ! Imported function 'cellGcmSetFlipHandler' in 'cellGcmSys' module (0x742418)
LDR: ! Imported function 'cellGcmSetDisplayBuffer' in 'cellGcmSys' module (0x742438)
LDR: ! Imported function 'cellGcmGetControlRegister' in 'cellGcmSys' module (0x742458)
LDR: ! Imported function 'cellGcmUnbindZcull' in 'cellGcmSys' module (0x742478)
LDR: ! Imported function 'cellGcmSetVBlankHandler' in 'cellGcmSys' module (0x742498)
LDR: ! Imported function 'cellGcmSetFlipImmediate' in 'cellGcmSys' module (0x7424b8)
LDR: ! Imported function 'cellGcmSetTileInfo' in 'cellGcmSys' module (0x7424d8)
LDR: ! Imported function 'cellGcmSetGraphicsHandler' in 'cellGcmSys' module (0x7424f8)
LDR: ! Imported function '_cellGcmSetFlipCommandWithWaitLabel' in 'cellGcmSys' module (0x742518)
LDR: ! Imported function 'cellGcmUnbindTile' in 'cellGcmSys' module (0x742538)
LDR: ! Imported function 'cellGcmUnmapIoAddress' in 'cellGcmSys' module (0x742558)
LDR: ! Imported function 'cellGcmGetConfiguration' in 'cellGcmSys' module (0x742578)
LDR: ! Imported function 'cellGcmGetLabelAddress' in 'cellGcmSys' module (0x742598)
LDR: ! Imported function 'cellGemUpdateStart' in 'libgem' module (0x7425b8)
LDR: ! Imported function 'cellGemInit' in 'libgem' module (0x7425d8)
LDR: ! Imported function 'cellGemConvertVideoFinish' in 'libgem' module (0x7425f8)
LDR: ! Imported function 'cellGemEnableMagnetometer' in 'libgem' module (0x742618)
LDR: ! Imported function 'cellGemGetMemorySize' in 'libgem' module (0x742638)
LDR: ! Imported function 'cellGemUpdateFinish' in 'libgem' module (0x742658)
LDR: ! Imported function 'cellGemSetRumble' in 'libgem' module (0x742678)
LDR: ! Imported function 'cellGemGetState' in 'libgem' module (0x742698)
LDR: ! Imported function 'cellGemConvertVideoStart' in 'libgem' module (0x7426b8)
LDR: ! Imported function 'cellGemSetYaw' in 'libgem' module (0x7426d8)
LDR: ! Imported function 'cellGemTrackHues' in 'libgem' module (0x7426f8)
LDR: ! Imported function 'cellGemGetImageState' in 'libgem' module (0x742718)
LDR: ! Imported function 'cellGemClearStatusFlags' in 'libgem' module (0x742738)
LDR: ! Imported function 'cellGemGetInfo' in 'libgem' module (0x742758)
LDR: ! Imported function 'cellGemPrepareCamera' in 'libgem' module (0x742778)
LDR: ! Imported function 'cellGemCalibrate' in 'libgem' module (0x742798)
LDR: ! Imported function 'cellGemPrepareVideoConvert' in 'libgem' module (0x7427b8)
LDR: ! Imported function 'cellGemGetInertialState' in 'libgem' module (0x7427d8)
LDR: ! Imported function 'cellGemEnd' in 'libgem' module (0x7427f8)
LDR: ! Imported function 'cellGemInvalidateCalibration' in 'libgem' module (0x742818)
LDR: ! Imported function 'cellGemGetStatusFlags' in 'libgem' module (0x742838)
LDR: ! Imported function 'cellSslEnd' in 'cellSsl' module (0x742858)
LDR: ! Imported function 'cellSslCertificateLoader' in 'cellSsl' module (0x742878)
LDR: ! Imported function 'cellSslInit' in 'cellSsl' module (0x742898)
LDR: E Unknown module 'cellSysutilNpEula'
LDR: E Unknown function '0x59D1629A' in 'cellSysutilNpEula' module (0x7428b8)
LDR: E Unknown function '0x6599500D' in 'cellSysutilNpEula' module (0x7428d8)
LDR: ! Imported function 'sys_lwmutex_lock' in 'sysPrxForUser' module (0x7428f8)
LDR: ! Imported function 'sys_lwmutex_unlock' in 'sysPrxForUser' module (0x742918)
LDR: ! Imported function 'sys_lwcond_destroy' in 'sysPrxForUser' module (0x742938)
LDR: ! Imported function 'sys_ppu_thread_create' in 'sysPrxForUser' module (0x742958)
LDR: ! Imported function 'sys_prx_load_module' in 'sysPrxForUser' module (0x742978)
LDR: ! Imported function 'sys_lwcond_wait' in 'sysPrxForUser' module (0x742998)
LDR: ! Imported function '_sys_process_atexitspawn' in 'sysPrxForUser' module (0x7429b8)
LDR: ! Imported function 'sys_lwmutex_create' in 'sysPrxForUser' module (0x7429d8)
LDR: ! Imported function 'sys_ppu_thread_get_id' in 'sysPrxForUser' module (0x7429f8)
LDR: ! Imported function 'sys_prx_register_library' in 'sysPrxForUser' module (0x742a18)
LDR: ! Imported function 'sys_process_is_stack' in 'sysPrxForUser' module (0x742a38)
LDR: ! Imported function 'sys_initialize_tls' in 'sysPrxForUser' module (0x742a58)
LDR: ! Imported function 'sys_time_get_system_time' in 'sysPrxForUser' module (0x742a78)
LDR: ! Imported function '_sys_process_at_Exitspawn' in 'sysPrxForUser' module (0x742a98)
LDR: ! Imported function 'sys_prx_exitspawn_with_level' in 'sysPrxForUser' module (0x742ab8)
LDR: ! Imported function 'sys_prx_load_module_on_memcontainer_by_fd' in 'sysPrxForUser' module (0x742ad8)
LDR: ! Imported function 'sys_prx_load_module_on_memcontainer' in 'sysPrxForUser' module (0x742af8)
LDR: ! Imported function 'sys_lwmutex_trylock' in 'sysPrxForUser' module (0x742b18)
LDR: ! Imported function 'sys_ppu_thread_exit' in 'sysPrxForUser' module (0x742b38)
LDR: ! Imported function 'sys_lwmutex_destroy' in 'sysPrxForUser' module (0x742b58)
LDR: ! Imported function 'sys_lwcond_create' in 'sysPrxForUser' module (0x742b78)
LDR: ! Imported function 'sys_spu_image_close' in 'sysPrxForUser' module (0x742b98)
LDR: ! Imported function 'sys_process_exit' in 'sysPrxForUser' module (0x742bb8)
LDR: ! Imported function 'sys_lwcond_signal_all' in 'sysPrxForUser' module (0x742bd8)
LDR: ! Imported function 'sys_spu_image_import' in 'sysPrxForUser' module (0x742bf8)
LDR: ! Imported function 'sys_prx_load_module_by_fd' in 'sysPrxForUser' module (0x742c18)
LDR: ! Imported function 'sys_lwcond_signal' in 'sysPrxForUser' module (0x742c38)
MEM: ! Thread Local Storage initialized (g_tls_start=0xba5000, user_size=0x210)
*** TLS segment addr: 0x009d68d0
*** TLS segment size: 0x00000004
HLE: W {PPU[0x1] Thread (main_thread)[0x007429d8]} sysPrxForUser: sys_lwmutex_create(lwmutex=*0xba3810, attr=*0x7b8798)
HLE: W {PPU[0x1] Thread (main_thread)[0x006344c8]} sys_memory: sys_memory_get_user_memory_size(mem_info=*0xd003fc04)
HLE: W {PPU[0x1] Thread (main_thread)[0x007429d8]} sysPrxForUser: sys_lwmutex_create(lwmutex=*0xba3458, attr=*0x7b8798)
HLE: W {PPU[0x1] Thread (main_thread)[0x007429d8]} sysPrxForUser: sys_lwmutex_create(lwmutex=*0xba2be0, attr=*0x7b8798)
HLE: W {PPU[0x1] Thread (main_thread)[0x007429d8]} sysPrxForUser: sys_lwmutex_create(lwmutex=*0xba2c08, attr=*0x7b8798)
HLE: W {PPU[0x1] Thread (main_thread)[0x007429d8]} sysPrxForUser: sys_lwmutex_create(lwmutex=*0xba2c30, attr=*0x7b8798)
HLE: W {PPU[0x1] Thread (main_thread)[0x007429d8]} sysPrxForUser: sys_lwmutex_create(lwmutex=*0xba2b18, attr=*0x7b8798)
HLE: W {PPU[0x1] Thread (main_thread)[0x007429d8]} sysPrxForUser: sys_lwmutex_create(lwmutex=*0xba2b40, attr=*0x7b8798)
HLE: W {PPU[0x1] Thread (main_thread)[0x007429d8]} sysPrxForUser: sys_lwmutex_create(lwmutex=*0xba2b68, attr=*0x7b8798)
HLE: W {PPU[0x1] Thread (main_thread)[0x007429d8]} sysPrxForUser: sys_lwmutex_create(lwmutex=*0xba2b90, attr=*0x7b8798)
HLE: W {PPU[0x1] Thread (main_thread)[0x007429d8]} sysPrxForUser: sys_lwmutex_create(lwmutex=*0xba2bb8, attr=*0x7b8798)
HLE: W {PPU[0x1] Thread (main_thread)[0x007429d8]} sysPrxForUser: sys_lwmutex_create(lwmutex=*0xba3da0, attr=*0x9e59cc)
HLE: W {PPU[0x1] Thread (main_thread)[0x007429d8]} sysPrxForUser: sys_lwmutex_create(lwmutex=*0xba3d60, attr=*0x9e59dc)
HLE: W {PPU[0x1] Thread (main_thread)[0x00632fb0]} sys_memory: sys_memory_allocate(size=0x100000, flags=0x400, alloc_addr=*0xd003f700)
HLE: W {PPU[0x1] Thread (main_thread)[0x007429d8]} sysPrxForUser: sys_lwmutex_create(lwmutex=*0x20000020, attr=*0x7b8798)
HLE: W {PPU[0x1] Thread (main_thread)[0x007429d8]} sysPrxForUser: sys_lwmutex_create(lwmutex=*0x200000a0, attr=*0x7b8798)
HLE: W {PPU[0x1] Thread (main_thread)[0x007429d8]} sysPrxForUser: sys_lwmutex_create(lwmutex=*0x20000130, attr=*0x7b8798)
HLE: W {PPU[0x1] Thread (main_thread)[0x007429d8]} sysPrxForUser: sys_lwmutex_create(lwmutex=*0x20000190, attr=*0x7b8798)
HLE: W {PPU[0x1] Thread (main_thread)[0x007429d8]} sysPrxForUser: sys_lwmutex_create(lwmutex=*0x200001d0, attr=*0x7b8798)
HLE: W {PPU[0x1] Thread (main_thread)[0x007429d8]} sysPrxForUser: sys_lwmutex_create(lwmutex=*0x20000210, attr=*0x7b8798)
HLE: W {PPU[0x1] Thread (main_thread)[0x007429d8]} sysPrxForUser: sys_lwmutex_create(lwmutex=*0x200002d0, attr=*0x7b8798)
HLE: W {PPU[0x1] Thread (main_thread)[0x007429d8]} sysPrxForUser: sys_lwmutex_create(lwmutex=*0x20000300, attr=*0x7b8798)
HLE: W {PPU[0x1] Thread (main_thread)[0x007429d8]} sysPrxForUser: sys_lwmutex_create(lwmutex=*0x20000330, attr=*0x7b8798)
HLE: W {PPU[0x1] Thread (main_thread)[0x007429d8]} sysPrxForUser: sys_lwmutex_create(lwmutex=*0x20000360, attr=*0x7b8798)
HLE: W {PPU[0x1] Thread (main_thread)[0x007429d8]} sysPrxForUser: sys_lwmutex_create(lwmutex=*0x20000390, attr=*0x7b8798)
HLE: W {PPU[0x1] Thread (main_thread)[0x007429d8]} sysPrxForUser: sys_lwmutex_create(lwmutex=*0x200003c0, attr=*0x7b8798)
HLE: W {PPU[0x1] Thread (main_thread)[0x007429d8]} sysPrxForUser: sys_lwmutex_create(lwmutex=*0xba2230, attr=*0xd003fb60)
HLE: W {PPU[0x1] Thread (main_thread)[0x007429d8]} sysPrxForUser: sys_lwmutex_create(lwmutex=*0xba21e0, attr=*0xd003fbf0)
HLE: W {PPU[0x1] Thread (main_thread)[0x007429d8]} sysPrxForUser: sys_lwmutex_create(lwmutex=*0xb8b360, attr=*0xd003fbf0)
HLE: W {PPU[0x1] Thread (main_thread)[0x007429d8]} sysPrxForUser: sys_lwmutex_create(lwmutex=*0xb8b2e8, attr=*0xd003fbd0)
HLE: W {PPU[0x1] Thread (main_thread)[0x006266f4]} sys_time: sys_time_get_timezone(timezone=*0xd003fb20, summertime=*0xd003fb24)
HLE: W {PPU[0x1] Thread (main_thread)[0x006281c4]} sys_time: sys_time_get_timezone(timezone=*0xd003fb20, summertime=*0xd003fb24)
HLE: W {PPU[0x1] Thread (main_thread)[0x00626698]} sys_time: sys_time_get_timezone(timezone=*0xd003fb20, summertime=*0xd003fb24)
HLE: W {PPU[0x1] Thread (main_thread)[0x006281c4]} sys_time: sys_time_get_timezone(timezone=*0xd003fb20, summertime=*0xd003fb24)
HLE: W {PPU[0x1] Thread (main_thread)[0x007429d8]} sysPrxForUser: sys_lwmutex_create(lwmutex=*0xb8b1b8, attr=*0xd003fb50)
HLE: W {PPU[0x1] Thread (main_thread)[0x007429d8]} sysPrxForUser: sys_lwmutex_create(lwmutex=*0xb36168, attr=*0xd003fb50)
HLE: W {PPU[0x1] Thread (main_thread)[0x007429d8]} sysPrxForUser: sys_lwmutex_create(lwmutex=*0xb35f38, attr=*0xd003fb60)
HLE: W {PPU[0x1] Thread (main_thread)[0x007429d8]} sysPrxForUser: sys_lwmutex_create(lwmutex=*0xb35f18, attr=*0xd003fb60)
HLE: W {PPU[0x1] Thread (main_thread)[0x007429d8]} sysPrxForUser: sys_lwmutex_create(lwmutex=*0xb35a78, attr=*0xd003fb50)
HLE: W {PPU[0x1] Thread (main_thread)[0x007429d8]} sysPrxForUser: sys_lwmutex_create(lwmutex=*0xb35a98, attr=*0xd003fb50)
HLE: W {PPU[0x1] Thread (main_thread)[0x007429d8]} sysPrxForUser: sys_lwmutex_create(lwmutex=*0xb358b0, attr=*0xd003fb20)
HLE: W {PPU[0x1] Thread (main_thread)[0x007429d8]} sysPrxForUser: sys_lwmutex_create(lwmutex=*0xb03c58, attr=*0xd003fb60)
HLE: W {PPU[0x1] Thread (main_thread)[0x007429d8]} sysPrxForUser: sys_lwmutex_create(lwmutex=*0xb03778, attr=*0xd003fb50)
HLE: W {PPU[0x1] Thread (main_thread)[0x00632fb0]} sys_memory: sys_memory_allocate(size=0x100000, flags=0x400, alloc_addr=*0xd003f8f0)
HLE: W {PPU[0x1] Thread (main_thread)[0x00632fb0]} sys_memory: sys_memory_allocate(size=0x100000, flags=0x400, alloc_addr=*0xd003f900)
HLE: W {PPU[0x1] Thread (main_thread)[0x007429d8]} sysPrxForUser: sys_lwmutex_create(lwmutex=*0xa7f960, attr=*0xd003fb50)
HLE: W {PPU[0x1] Thread (main_thread)[0x007429d8]} sysPrxForUser: sys_lwmutex_create(lwmutex=*0xa76720, attr=*0xd003fa88)
HLE: W {PPU[0x1] Thread (main_thread)[0x00742b78]} sysPrxForUser: sys_lwcond_create(lwcond=*0xa76738, lwmutex=*0xa76720, attr=*0xd003fa80)
HLE: W {PPU[0x1] Thread (main_thread)[0x00742b78]} sysPrxForUser: sys_lwcond_create(lwcond=*0xa76740, lwmutex=*0xa76720, attr=*0xd003fa80)
HLE: W {PPU[0x1] Thread (main_thread)[0x00742b78]} sysPrxForUser: sys_lwcond_create(lwcond=*0xa76748, lwmutex=*0xa76720, attr=*0xd003fa80)
HLE: W {PPU[0x1] Thread (main_thread)[0x00742b78]} sysPrxForUser: sys_lwcond_create(lwcond=*0xa76750, lwmutex=*0xa76720, attr=*0xd003fa80)
HLE: W {PPU[0x1] Thread (main_thread)[0x007429d8]} sysPrxForUser: sys_lwmutex_create(lwmutex=*0xa767d0, attr=*0xd003fa08)
HLE: W {PPU[0x1] Thread (main_thread)[0x00742b78]} sysPrxForUser: sys_lwcond_create(lwcond=*0xa767e8, lwmutex=*0xa767d0, attr=*0xd003fa00)
HLE: W {PPU[0x1] Thread (main_thread)[0x007429d8]} sysPrxForUser: sys_lwmutex_create(lwmutex=*0xa766e0, attr=*0xd003fb40)
HLE: W {PPU[0x1] Thread (main_thread)[0x007429d8]} sysPrxForUser: sys_lwmutex_create(lwmutex=*0xa64c88, attr=*0xd003fb38)
HLE: W {PPU[0x1] Thread (main_thread)[0x00742b78]} sysPrxForUser: sys_lwcond_create(lwcond=*0xa64ca0, lwmutex=*0xa64c88, attr=*0xd003fb30)
HLE: W {PPU[0x1] Thread (main_thread)[0x007429d8]} sysPrxForUser: sys_lwmutex_create(lwmutex=*0xa43428, attr=*0xd003fb48)
HLE: W {PPU[0x1] Thread (main_thread)[0x00742b78]} sysPrxForUser: sys_lwcond_create(lwcond=*0xa43440, lwmutex=*0xa43428, attr=*0xd003fb40)
HLE: W {PPU[0x1] Thread (main_thread)[0x001efc8c]} sys_memory: sys_memory_get_user_memory_size(mem_info=*0xd003fcc0)
HLE: W {PPU[0x1] Thread (main_thread)[0x00632fb0]} sys_memory: sys_memory_allocate(size=0x100000, flags=0x400, alloc_addr=*0xd003f8f0)
HLE: W {PPU[0x1] Thread (main_thread)[0x00740bd8]} cellSysmodule: cellSysmoduleLoadModule(id=0x000e: CELL_SYSMODULE_FS)
HLE: W {PPU[0x1] Thread (main_thread)[0x00740bd8]} cellSysmodule: cellSysmoduleLoadModule(id=0x000a: CELL_SYSMODULE_SPURS)
HLE: W {PPU[0x1] Thread (main_thread)[0x00740bd8]} cellSysmodule: cellSysmoduleLoadModule(id=0x0017: CELL_SYSMODULE_IO)
HLE: W {PPU[0x1] Thread (main_thread)[0x00740bd8]} cellSysmodule: cellSysmoduleLoadModule(id=0x0009: CELL_SYSMODULE_RTC)
HLE: W {PPU[0x1] Thread (main_thread)[0x00740bd8]} cellSysmodule: cellSysmoduleLoadModule(id=0x0000: CELL_SYSMODULE_NET)
HLE: W {PPU[0x1] Thread (main_thread)[0x00740bd8]} cellSysmodule: cellSysmoduleLoadModule(id=0x0014: CELL_SYSMODULE_NETCTL)
HLE: W {PPU[0x1] Thread (main_thread)[0x00740bd8]} cellSysmodule: cellSysmoduleLoadModule(id=0x0001: CELL_SYSMODULE_HTTP)
HLE: W {PPU[0x1] Thread (main_thread)[0x00740bd8]} cellSysmodule: cellSysmoduleLoadModule(id=0x0004: CELL_SYSMODULE_HTTPS)
HLE: W {PPU[0x1] Thread (main_thread)[0x00740bd8]} cellSysmodule: cellSysmoduleLoadModule(id=0xf044: UNKNOWN MODULE)
HLE: W {PPU[0x1] Thread (main_thread)[0x00740bd8]} cellSysmodule: cellSysmoduleLoadModule(id=0x0011: CELL_SYSMODULE_AUDIO)
HLE: W {PPU[0x1] Thread (main_thread)[0x00740bd8]} cellSysmodule: cellSysmoduleLoadModule(id=0x0023: CELL_SYSMODULE_CAMERA)
HLE: W {PPU[0x1] Thread (main_thread)[0x00740bd8]} cellSysmodule: cellSysmoduleLoadModule(id=0x0022: CELL_SYSMODULE_MIC)
HLE: W {PPU[0x1] Thread (main_thread)[0x00740bd8]} cellSysmodule: cellSysmoduleLoadModule(id=0x005a: CELL_SYSMODULE_GEM)
HLE: W {PPU[0x1] Thread (main_thread)[0x00740bd8]} cellSysmodule: cellSysmoduleLoadModule(id=0x0015: CELL_SYSMODULE_SYSUTIL)
HLE: W {PPU[0x1] Thread (main_thread)[0x00740bd8]} cellSysmodule: cellSysmoduleLoadModule(id=0x0033: CELL_SYSMODULE_SYSUTIL_SAVEDATA)
HLE: W {PPU[0x1] Thread (main_thread)[0x00740bd8]} cellSysmodule: cellSysmoduleLoadModule(id=0x0010: CELL_SYSMODULE_GCM_SYS)
HLE: W {PPU[0x1] Thread (main_thread)[0x00740bd8]} cellSysmodule: cellSysmoduleLoadModule(id=0x001c: CELL_SYSMODULE_USBD)
HLE: W {PPU[0x1] Thread (main_thread)[0x00740bd8]} cellSysmodule: cellSysmoduleLoadModule(id=0xf035: CELL_SYSMODULE_SYSUTIL_NP_TROPHY)
HLE: W {PPU[0x1] Thread (main_thread)[0x00740bd8]} cellSysmodule: cellSysmoduleLoadModule(id=0x0016: CELL_SYSMODULE_SYSUTIL_NP)
HLE: W {PPU[0x1] Thread (main_thread)[0x00740bd8]} cellSysmodule: cellSysmoduleLoadModule(id=0x003e: CELL_SYSMODULE_SYSUTIL_GAME)
HLE: W {PPU[0x1] Thread (main_thread)[0x00740bd8]} cellSysmodule: cellSysmoduleLoadModule(id=0x0031: CELL_SYSMODULE_AVCONF_EXT)
HLE: W {PPU[0x1] Thread (main_thread)[0x00741cf8]} cellSysutil: cellSysutilRegisterCallback(slot=0, func=*0x9bae80, userdata=*0x0)
HLE: W {PPU[0x1] Thread (main_thread)[0x0038b92c]} sys_spu: sys_spu_initialize(max_usable_spu=6, max_raw_spu=0)
HLE: W {PPU[0x1] Thread (main_thread)[0x00740a38]} cellSpurs: _cellSpursAttributeInitialize(attr=*0xd003f790, revision=2, sdkVersion=0x330000, nSpus=5, spuPriority=128, ppuPriority=249, exitIfNoWork=0)
HLE: W {PPU[0x1] Thread (main_thread)[0x00740ab8]} cellSpurs: cellSpursInitializeWithAttribute(spurs=*0xa40a80, attr=*0xd003f790)
HLE: W {PPU[0x1] Thread (main_thread)[0x00740ab8]} sys_process: sys_process_is_spu_lock_line_reservation_address(addr=0xa40a80, flags=0x2)
HLE: W {PPU[0x1] Thread (main_thread)[0x00740ab8]} sys_semaphore: sys_semaphore_create(sem_id=*0xd003f708, attr=*0xd003f6e0, initial_val=0, max_val=1)
HLE: W {PPU[0x1] Thread (main_thread)[0x00740ab8]} sys_semaphore: sys_semaphore_create(sem_id=*0xd003f708, attr=*0xd003f6e0, initial_val=0, max_val=1)
HLE: W {PPU[0x1] Thread (main_thread)[0x00740ab8]} sys_semaphore: sys_semaphore_create(sem_id=*0xd003f708, attr=*0xd003f6e0, initial_val=0, max_val=1)
HLE: W {PPU[0x1] Thread (main_thread)[0x00740ab8]} sys_semaphore: sys_semaphore_create(sem_id=*0xd003f708, attr=*0xd003f6e0, initial_val=0, max_val=1)
HLE: W {PPU[0x1] Thread (main_thread)[0x00740ab8]} sys_semaphore: sys_semaphore_create(sem_id=*0xd003f708, attr=*0xd003f6e0, initial_val=0, max_val=1)
HLE: W {PPU[0x1] Thread (main_thread)[0x00740ab8]} sys_semaphore: sys_semaphore_create(sem_id=*0xd003f708, attr=*0xd003f6e0, initial_val=0, max_val=1)
HLE: W {PPU[0x1] Thread (main_thread)[0x00740ab8]} sys_semaphore: sys_semaphore_create(sem_id=*0xd003f708, attr=*0xd003f6e0, initial_val=0, max_val=1)
HLE: W {PPU[0x1] Thread (main_thread)[0x00740ab8]} sys_semaphore: sys_semaphore_create(sem_id=*0xd003f708, attr=*0xd003f6e0, initial_val=0, max_val=1)
HLE: W {PPU[0x1] Thread (main_thread)[0x00740ab8]} sys_semaphore: sys_semaphore_create(sem_id=*0xd003f708, attr=*0xd003f6e0, initial_val=0, max_val=1)
HLE: W {PPU[0x1] Thread (main_thread)[0x00740ab8]} sys_semaphore: sys_semaphore_create(sem_id=*0xd003f708, attr=*0xd003f6e0, initial_val=0, max_val=1)
HLE: W {PPU[0x1] Thread (main_thread)[0x00740ab8]} sys_semaphore: sys_semaphore_create(sem_id=*0xd003f708, attr=*0xd003f6e0, initial_val=0, max_val=1)
HLE: W {PPU[0x1] Thread (main_thread)[0x00740ab8]} sys_semaphore: sys_semaphore_create(sem_id=*0xd003f708, attr=*0xd003f6e0, initial_val=0, max_val=1)
HLE: W {PPU[0x1] Thread (main_thread)[0x00740ab8]} sys_semaphore: sys_semaphore_create(sem_id=*0xd003f708, attr=*0xd003f6e0, initial_val=0, max_val=1)
HLE: W {PPU[0x1] Thread (main_thread)[0x00740ab8]} sys_semaphore: sys_semaphore_create(sem_id=*0xd003f708, attr=*0xd003f6e0, initial_val=0, max_val=1)
HLE: W {PPU[0x1] Thread (main_thread)[0x00740ab8]} sys_semaphore: sys_semaphore_create(sem_id=*0xd003f708, attr=*0xd003f6e0, initial_val=0, max_val=1)
HLE: W {PPU[0x1] Thread (main_thread)[0x00740ab8]} sys_semaphore: sys_semaphore_create(sem_id=*0xd003f708, attr=*0xd003f6e0, initial_val=0, max_val=1)
HLE: W {PPU[0x1] Thread (main_thread)[0x00740ab8]} sys_semaphore: sys_semaphore_create(sem_id=*0xd003f708, attr=*0xd003f6e0, initial_val=0, max_val=1)
HLE: W {PPU[0x1] Thread (main_thread)[0x00740ab8]} sys_spu: sys_spu_thread_group_create(id=*0xa417b0, num=5, prio=128, attr=*0xd003f640)
HLE: W {PPU[0x1] Thread (main_thread)[0x00740ab8]} sys_spu: sys_spu_thread_initialize(thread=*0xa417b4, group=0x46, spu_num=0, img=*0xa417f0, attr=*0xd003f608, arg=*0xd003f618)
HLE: E {PPU[0x1] Thread (main_thread)[0x00740ab8]} sys_spu: Unsupported SPU Thread options (0x2)
HLE: W {PPU[0x1] Thread (main_thread)[0x00740ab8]} sys_spu: sys_spu_thread_initialize(thread=*0xa417b8, group=0x46, spu_num=1, img=*0xa417f0, attr=*0xd003f608, arg=*0xd003f618)
HLE: E {PPU[0x1] Thread (main_thread)[0x00740ab8]} sys_spu: Unsupported SPU Thread options (0x2)
HLE: W {PPU[0x1] Thread (main_thread)[0x00740ab8]} sys_spu: sys_spu_thread_initialize(thread=*0xa417bc, group=0x46, spu_num=2, img=*0xa417f0, attr=*0xd003f608, arg=*0xd003f618)
HLE: E {PPU[0x1] Thread (main_thread)[0x00740ab8]} sys_spu: Unsupported SPU Thread options (0x2)
HLE: W {PPU[0x1] Thread (main_thread)[0x00740ab8]} sys_spu: sys_spu_thread_initialize(thread=*0xa417c0, group=0x46, spu_num=3, img=*0xa417f0, attr=*0xd003f608, arg=*0xd003f618)
HLE: E {PPU[0x1] Thread (main_thread)[0x00740ab8]} sys_spu: Unsupported SPU Thread options (0x2)
HLE: W {PPU[0x1] Thread (main_thread)[0x00740ab8]} sys_spu: sys_spu_thread_initialize(thread=*0xa417c4, group=0x46, spu_num=4, img=*0xa417f0, attr=*0xd003f608, arg=*0xd003f618)
HLE: E {PPU[0x1] Thread (main_thread)[0x00740ab8]} sys_spu: Unsupported SPU Thread options (0x2)
HLE: W {PPU[0x1] Thread (main_thread)[0x00740ab8]} sysPrxForUser: sys_lwmutex_create(lwmutex=*0xa41830, attr=*0xd003f568)
HLE: W {PPU[0x1] Thread (main_thread)[0x00740ab8]} sysPrxForUser: sys_lwcond_create(lwcond=*0xa41848, lwmutex=*0xa41830, attr=*0xd003f570)
HLE: W {PPU[0x1] Thread (main_thread)[0x00740ab8]} sys_event: sys_event_queue_create(equeue_id=*0xa417dc, attr=*0xd003f568, event_queue_key=0x0, size=42)
HLE: W {PPU[0x1] Thread (main_thread)[0x00740ab8]} sys_spu: sys_spu_thread_group_connect_event_all_threads(id=0x46, eq=0x4e, req=0xffffffffffff0000, spup=*0xa40b49)
HLE: W {PPU[0x1] Thread (main_thread)[0x00740ab8]} sys_event: sys_event_port_create(eport_id=*0xa417e0, port_type=1, name=0x0)
HLE: W {PPU[0x1] Thread (main_thread)[0x00740ab8]} sys_event: sys_event_port_connect_local(eport_id=0x4f, equeue_id=0x4e)
HLE: W {PPU[0x1] Thread (main_thread)[0x00740ab8]} cellSpurs: cellSpursEnableExceptionEventHandler(spurs=*0xa40a80, flag=1)
HLE: W {PPU[0x51] Thread (SpursHdlr0)[0x00000000]} sys_spu: sys_spu_thread_group_start(id=0x46)
HLE: W {PPU[0x1] Thread (main_thread)[0x00740ab8]} sys_spu: sys_spu_thread_group_connect_event(id=0x46, eq=0x4e, et=2)
SPU: S {PPU[0x51] Thread (SpursHdlr0)[0x00000000]} SPU Database initialized...
SPU: S {PPU[0x51] Thread (SpursHdlr0)[0x00000000]} SPU Recompiler (ASMJIT) created...
HLE: W {PPU[0x51] Thread (SpursHdlr0)[0x00000000]} sys_spu: sys_spu_thread_group_join(id=0x46, cause=*0x0, status=*0x0)
HLE: W {PPU[0x1] Thread (main_thread)[0x0054c420]} sys_event: sys_event_queue_create(equeue_id=*0xa40990, attr=*0xd003f6c4, event_queue_key=0x0, size=127)
HLE: W {PPU[0x1] Thread (main_thread)[0x00742958]} sysPrxForUser: sys_ppu_thread_create(thread_id=*0xa40998, entry=0x9d0610, arg=0xa40990, prio=249, stacksize=0x1000, flags=0x1, threadname=*0x7ff7a0)
HLE: W {PPU[0x1] Thread (main_thread)[0x00742958]} sys_ppu_thread: _sys_ppu_thread_create(thread_id=*0xa40998, param=*0xd003f640, arg=0xa40990, unk=0x0, prio=249, stacksize=0x1000, flags=0x1, threadname=*0x7ff7a0)
HLE: W {PPU[0x1] Thread (main_thread)[0x00742958]} sys_ppu_thread: sys_ppu_thread_start(thread_id=0x53)
HLE: W {PPU[0x1] Thread (main_thread)[0x0054c464]} sys_event: sys_event_port_create(eport_id=*0xa409a4, port_type=1, name=0xd0a77)
HLE: W {PPU[0x1] Thread (main_thread)[0x0054c474]} sys_event: sys_event_port_connect_local(eport_id=0x54, equeue_id=0x52)
HLE: W {PPU[0x1] Thread (main_thread)[0x00740ad8]} cellSpurs: cellSpursAttachLv2EventQueue(spurs=*0xa40a80, queue=0x52, port=*0xd003f6c0, isDynamic=0)
HLE: W {PPU[0x1] Thread (main_thread)[0x00740ad8]} sys_spu: sys_spu_thread_group_connect_event_all_threads(id=0x46, eq=0x52, req=0x2, spup=*0xd003f6c0)
HLE: W {PPU[0x1] Thread (main_thread)[0x00740a38]} cellSpurs: _cellSpursAttributeInitialize(attr=*0xd003f990, revision=2, sdkVersion=0x330000, nSpus=1, spuPriority=255, ppuPriority=249, exitIfNoWork=1701996544)
HLE: W {PPU[0x1] Thread (main_thread)[0x00740ab8]} cellSpurs: cellSpursInitializeWithAttribute(spurs=*0xa41a80, attr=*0xd003f990)
HLE: W {PPU[0x1] Thread (main_thread)[0x00740ab8]} sys_process: sys_process_is_spu_lock_line_reservation_address(addr=0xa41a80, flags=0x2)
HLE: W {PPU[0x1] Thread (main_thread)[0x00740ab8]} sys_semaphore: sys_semaphore_create(sem_id=*0xd003f708, attr=*0xd003f6e0, initial_val=0, max_val=1)
HLE: W {PPU[0x1] Thread (main_thread)[0x00740ab8]} sys_semaphore: sys_semaphore_create(sem_id=*0xd003f708, attr=*0xd003f6e0, initial_val=0, max_val=1)
HLE: W {PPU[0x1] Thread (main_thread)[0x00740ab8]} sys_semaphore: sys_semaphore_create(sem_id=*0xd003f708, attr=*0xd003f6e0, initial_val=0, max_val=1)
HLE: W {PPU[0x1] Thread (main_thread)[0x00740ab8]} sys_semaphore: sys_semaphore_create(sem_id=*0xd003f708, attr=*0xd003f6e0, initial_val=0, max_val=1)
HLE: W {PPU[0x1] Thread (main_thread)[0x00740ab8]} sys_semaphore: sys_semaphore_create(sem_id=*0xd003f708, attr=*0xd003f6e0, initial_val=0, max_val=1)
HLE: W {PPU[0x1] Thread (main_thread)[0x00740ab8]} sys_semaphore: sys_semaphore_create(sem_id=*0xd003f708, attr=*0xd003f6e0, initial_val=0, max_val=1)
HLE: W {PPU[0x1] Thread (main_thread)[0x00740ab8]} sys_semaphore: sys_semaphore_create(sem_id=*0xd003f708, attr=*0xd003f6e0, initial_val=0, max_val=1)
HLE: W {PPU[0x1] Thread (main_thread)[0x00740ab8]} sys_semaphore: sys_semaphore_create(sem_id=*0xd003f708, attr=*0xd003f6e0, initial_val=0, max_val=1)
HLE: W {PPU[0x1] Thread (main_thread)[0x00740ab8]} sys_semaphore: sys_semaphore_create(sem_id=*0xd003f708, attr=*0xd003f6e0, initial_val=0, max_val=1)
HLE: W {PPU[0x1] Thread (main_thread)[0x00740ab8]} sys_semaphore: sys_semaphore_create(sem_id=*0xd003f708, attr=*0xd003f6e0, initial_val=0, max_val=1)
HLE: W {PPU[0x1] Thread (main_thread)[0x00740ab8]} sys_semaphore: sys_semaphore_create(sem_id=*0xd003f708, attr=*0xd003f6e0, initial_val=0, max_val=1)
HLE: W {PPU[0x1] Thread (main_thread)[0x00740ab8]} sys_semaphore: sys_semaphore_create(sem_id=*0xd003f708, attr=*0xd003f6e0, initial_val=0, max_val=1)
HLE: W {PPU[0x1] Thread (main_thread)[0x00740ab8]} sys_semaphore: sys_semaphore_create(sem_id=*0xd003f708, attr=*0xd003f6e0, initial_val=0, max_val=1)
HLE: W {PPU[0x1] Thread (main_thread)[0x00740ab8]} sys_semaphore: sys_semaphore_create(sem_id=*0xd003f708, attr=*0xd003f6e0, initial_val=0, max_val=1)
HLE: W {PPU[0x1] Thread (main_thread)[0x00740ab8]} sys_semaphore: sys_semaphore_create(sem_id=*0xd003f708, attr=*0xd003f6e0, initial_val=0, max_val=1)
HLE: W {PPU[0x1] Thread (main_thread)[0x00740ab8]} sys_semaphore: sys_semaphore_create(sem_id=*0xd003f708, attr=*0xd003f6e0, initial_val=0, max_val=1)
HLE: W {PPU[0x1] Thread (main_thread)[0x00740ab8]} sys_semaphore: sys_semaphore_create(sem_id=*0xd003f708, attr=*0xd003f6e0, initial_val=0, max_val=1)
HLE: W {PPU[0x1] Thread (main_thread)[0x00740ab8]} sys_spu: sys_spu_thread_group_create(id=*0xa427b0, num=1, prio=255, attr=*0xd003f640)
HLE: W {PPU[0x1] Thread (main_thread)[0x00740ab8]} sys_spu: sys_spu_thread_initialize(thread=*0xa427b4, group=0x66, spu_num=0, img=*0xa427f0, attr=*0xd003f608, arg=*0xd003f618)
HLE: E {PPU[0x1] Thread (main_thread)[0x00740ab8]} sys_spu: Unsupported SPU Thread options (0x2)
HLE: W {PPU[0x1] Thread (main_thread)[0x00740ab8]} sysPrxForUser: sys_lwmutex_create(lwmutex=*0xa42830, attr=*0xd003f568)
HLE: W {PPU[0x1] Thread (main_thread)[0x00740ab8]} sysPrxForUser: sys_lwcond_create(lwcond=*0xa42848, lwmutex=*0xa42830, attr=*0xd003f570)
HLE: W {PPU[0x1] Thread (main_thread)[0x00740ab8]} sys_event: sys_event_queue_create(equeue_id=*0xa427dc, attr=*0xd003f568, event_queue_key=0x0, size=42)
HLE: W {PPU[0x1] Thread (main_thread)[0x00740ab8]} sys_spu: sys_spu_thread_group_connect_event_all_threads(id=0x66, eq=0x6a, req=0xffffffffffff0000, spup=*0xa41b49)
HLE: W {PPU[0x1] Thread (main_thread)[0x00740ab8]} sys_event: sys_event_port_create(eport_id=*0xa427e0, port_type=1, name=0x0)
HLE: W {PPU[0x1] Thread (main_thread)[0x00740ab8]} sys_event: sys_event_port_connect_local(eport_id=0x6b, equeue_id=0x6a)
HLE: W {PPU[0x1] Thread (main_thread)[0x00740ab8]} cellSpurs: cellSpursEnableExceptionEventHandler(spurs=*0xa41a80, flag=1)
HLE: W {PPU[0x6d] Thread (SpursHdlr0)[0x00000000]} sys_spu: sys_spu_thread_group_start(id=0x66)
HLE: W {PPU[0x1] Thread (main_thread)[0x00740ab8]} sys_spu: sys_spu_thread_group_connect_event(id=0x66, eq=0x6a, et=2)
HLE: W {PPU[0x6d] Thread (SpursHdlr0)[0x00000000]} sys_spu: sys_spu_thread_group_join(id=0x66, cause=*0x0, status=*0x0)
HLE: W {PPU[0x1] Thread (main_thread)[0x0054c420]} sys_event: sys_event_queue_create(equeue_id=*0xa409b8, attr=*0xd003f6c4, event_queue_key=0x0, size=127)
HLE: W {PPU[0x1] Thread (main_thread)[0x00742958]} sysPrxForUser: sys_ppu_thread_create(thread_id=*0xa409c0, entry=0x9d0610, arg=0xa409b8, prio=249, stacksize=0x1000, flags=0x1, threadname=*0x7ff7a0)
HLE: W {PPU[0x1] Thread (main_thread)[0x00742958]} sys_ppu_thread: _sys_ppu_thread_create(thread_id=*0xa409c0, param=*0xd003f640, arg=0xa409b8, unk=0x0, prio=249, stacksize=0x1000, flags=0x1, threadname=*0x7ff7a0)
HLE: W {PPU[0x1] Thread (main_thread)[0x00742958]} sys_ppu_thread: sys_ppu_thread_start(thread_id=0x6f)
HLE: W {PPU[0x1] Thread (main_thread)[0x0054c464]} sys_event: sys_event_port_create(eport_id=*0xa409cc, port_type=1, name=0xd0a77)
HLE: W {PPU[0x1] Thread (main_thread)[0x0054c474]} sys_event: sys_event_port_connect_local(eport_id=0x70, equeue_id=0x6e)
HLE: W {PPU[0x1] Thread (main_thread)[0x00740ad8]} cellSpurs: cellSpursAttachLv2EventQueue(spurs=*0xa41a80, queue=0x6e, port=*0xd003f6c0, isDynamic=0)
HLE: W {PPU[0x1] Thread (main_thread)[0x00740ad8]} sys_spu: sys_spu_thread_group_connect_event_all_threads(id=0x66, eq=0x6e, req=0x2, spup=*0xd003f6c0)
HLE: E {PPU[0x1] Thread (main_thread)[0x00740898]} cellSpurs: cellSpursGetInfo
HLE: W {PPU[0x1] Thread (main_thread)[0x00740b78]} cellSpurs: _cellSpursWorkloadAttributeInitialize(attr=*0xd003f338, revision=1, sdkVersion=0x250001, pm=*0x8e5b00, size=0x2e80, data=0xb01d00, priority=*0xd003f6f0, minCnt=0x1, maxCnt=0x5)
HLE: W {PPU[0x1] Thread (main_thread)[0x007408f8]} cellSpurs: cellSpursWorkloadAttributeSetName(attr=*0xd003f338, nameClass=*0x7ff908, nameInstance=*0xb01d90)
HLE: W {PPU[0x1] Thread (main_thread)[0x00740af8]} cellSpurs: cellSpursAddWorkloadWithAttribute(spurs=*0xa40a80, wid=*0xb01d88, attr=*0xd003f338)
HLE: E {PPU[0x1] Thread (main_thread)[0x00740878]} cellSpurs: cellSpursRequestIdleSpu
HLE: E {PPU[0x1] Thread (main_thread)[0x00740b58]} cellSpurs: cellSpursSetExceptionEventHandler
HLE: W {PPU[0x1] Thread (main_thread)[0x00741ed8]} cellGame: cellGameBootCheck(type=*0xd003f87c, attributes=*0xd003f878, size=*0xd003f89c, dirName=*0xd003fa68)
HLE: W {PPU[0x1] Thread (main_thread)[0x00741e78]} cellGame: cellGameGetParamInt(id=102, value=*0xd003f884)
HLE: W {PPU[0x1] Thread (main_thread)[0x00741df8]} cellGame: cellGameGetParamString(id=100, buf=*0xd003f890, bufsize=10)
HLE: W {PPU[0x1] Thread (main_thread)[0x00741df8]} cellGame: cellGameGetParamString(id=0, buf=*0xd003f8e8, bufsize=128)
HLE: W {PPU[0x1] Thread (main_thread)[0x00741df8]} cellGame: cellGameGetParamString(id=106, buf=*0xd003f888, bufsize=6)
HLE: W {PPU[0x1] Thread (main_thread)[0x00741e38]} cellGame: cellGameContentPermit(contentInfoPath=*0xd003f9e8, usrdirPath=*0xd003f968)
HLE: W {PPU[0x1] Thread (main_thread)[0x00741bb8]} cellSysutil: cellSysutilGetSystemParamInt(id=0x111(ID_LANG), value=*0xa2c7fc)
HLE: W {PPU[0x1] Thread (main_thread)[0x00741bb8]} cellSysutil: cellSysutilGetSystemParamInt(id=0x112(ID_ENTER_BUTTON_ASSIGN), value=*0xd003f874)
HLE: W {PPU[0x1] Thread (main_thread)[0x00741bb8]} cellSysutil: cellSysutilGetSystemParamInt(id=0x114(ID_DATE_FORMAT), value=*0xa2c810)
HLE: W {PPU[0x1] Thread (main_thread)[0x00741bb8]} cellSysutil: cellSysutilGetSystemParamInt(id=0x115(ID_TIME_FORMAT), value=*0xa2c814)
HLE: W {PPU[0x1] Thread (main_thread)[0x00741bb8]} cellSysutil: cellSysutilGetSystemParamInt(id=0x121(ID_GAME_PARENTAL_LEVEL), value=*0xa2c818)
HLE: W {PPU[0x1] Thread (main_thread)[0x000dd924]} sys_memory: sys_memory_allocate(size=0x7900000, flags=0x400, alloc_addr=*0xd003fb70)
HLE: W {PPU[0x1] Thread (main_thread)[0x00741c18]} cellSysutil: cellVideoOutGetNumberOfDevice(videoOut=0)
HLE: W {PPU[0x1] Thread (main_thread)[0x00741b18]} cellSysutil: cellVideoOutGetDeviceInfo(videoOut=0, deviceIndex=0, info=*0xd003f7d8)
HLE: W {PPU[0x1] Thread (main_thread)[0x00741d38]} cellSysutil: cellVideoOutGetResolutionAvailability(videoOut=0, resolutionId=0x1, aspect=0, option=0)
G: ! {PPU[0x1] Thread (main_thread)[0x0013af9c]} Registers:
=========
GPR[0] = 0x2
GPR[1] = 0xd003f700
GPR[2] = 0x9db730
GPR[3] = 0x0
GPR[4] = 0x0
GPR[5] = 0xd003f7c8
GPR[6] = 0x0
GPR[7] = 0xd003fb78
GPR[8] = 0xd003f7b8
GPR[9] = 0x1e00
GPR[10] = 0xd003f788
GPR[11] = 0x780
GPR[12] = 0x82000042
GPR[13] = 0xbac030
GPR[14] = 0x0
GPR[15] = 0x0
GPR[16] = 0xd003f7b8
GPR[17] = 0x0
GPR[18] = 0xd003f788
GPR[19] = 0xd003f798
GPR[20] = 0xd003f7a8
GPR[21] = 0xd003f7d8
GPR[22] = 0x1
GPR[23] = 0xa6e1f0
GPR[24] = 0xd003f770
GPR[25] = 0x1
GPR[26] = 0x0
GPR[27] = 0xd003f778
GPR[28] = 0x1
GPR[29] = 0xd003f7c8
GPR[30] = 0x9ab5e8
GPR[31] = 0xd003f774
FPR[0] = 10000
FPR[1] = 2
FPR[2] = 0
FPR[3] = 0
FPR[4] = 1.4822E-323
FPR[5] = 0.25
FPR[6] = 0.666667
FPR[7] = 100
FPR[8] = 0
FPR[9] = 0
FPR[10] = 0
FPR[11] = 0
FPR[12] = -3.40282E+38
FPR[13] = 0.0349066
FPR[14] = 0
FPR[15] = 0
FPR[16] = 0
FPR[17] = 0
FPR[18] = 0
FPR[19] = 0
FPR[20] = 0
FPR[21] = 0
FPR[22] = 0
FPR[23] = 0
FPR[24] = 0
FPR[25] = 0
FPR[26] = 0
FPR[27] = 0
FPR[28] = 0
FPR[29] = 0
FPR[30] = 0
FPR[31] = 0
VPR[0] = 0x00000000000000000000000000000000 [x: 0 y: 0 z: 0 w: 0]
VPR[1] = 0x39800000000000000000000000000000 [x: 0.000244141 y: 0 z: 0 w: 0]
VPR[2] = 0x000000003f8000003f0000043f000004 [x: 0 y: 1 z: 0.5 w: 0.5]
VPR[3] = 0x8000787270732e63656463766d626900 [x: -4.32076e-41 y: 3.01044e+29 z: 6.74084e+22 w: 4.37941e+27]
VPR[4] = 0x000000000000000f0000000000000000 [x: 0 y: 2.10195e-44 z: 0 w: 0]
VPR[5] = 0x00000000001109050000000000000062 [x: 0 y: 1.56444e-39 z: 0 w: 1.37327e-43]
VPR[6] = 0x45bb800044bb800044bb800000000000 [x: 6000 y: 1500 z: 1500 w: 0]
VPR[7] = 0x00000000c4bb8000c4bb800000000000 [x: 0 y: -1500 z: -1500 w: 0]
VPR[8] = 0x42a00000000000000000000000000000 [x: 80 y: 0 z: 0 w: 0]
VPR[9] = 0x453b8000453b8000453b8000453b8000 [x: 3000 y: 3000 z: 3000 w: 3000]
VPR[10] = 0xff7fffff7f7fffff7f7fffff7f7fffff [x: -3.40282e+38 y: 3.40282e+38 z: 3.40282e+38 w: 3.40282e+38]
VPR[11] = 0xff7fffff7f7fffff7f7fffff7f7fffff [x: -3.40282e+38 y: 3.40282e+38 z: 3.40282e+38 w: 3.40282e+38]
VPR[12] = 0x000000003f8000000000000000000000 [x: 0 y: 1 z: 0 w: 0]
VPR[13] = 0x39800000000000000000000000000000 [x: 0.000244141 y: 0 z: 0 w: 0]
VPR[14] = 0x00000000000044c70000000000000062 [x: 0 y: 2.46727e-41 z: 0 w: 1.37327e-43]
VPR[15] = 0x00000000560f12fe00000000560f12be [x: 0 y: 3.93279e+13 z: 0 w: 3.93277e+13]
VPR[16] = 0x2e666d617062690000000000560f12be [x: 5.23931e-11 y: 2.80282e+29 z: 0 w: 3.93277e+13]
VPR[17] = 0x00000000000000000000000078727073 [x: 0 y: 0 z: 0 w: 1.9669e+34]
VPR[18] = 0x0000000200000062000000000000000f [x: 2.8026e-45 y: 1.37327e-43 z: 0 w: 2.10195e-44]
VPR[19] = 0x00000000560f12be0000000000002cc1 [x: 0 y: 3.93277e+13 z: 0 w: 1.60547e-41]
VPR[20] = 0x00000000560f12be00000000560f12fe [x: 0 y: 3.93277e+13 z: 0 w: 3.93279e+13]
VPR[21] = 0x8000787270732e636564676e70626900 [x: -4.32076e-41 y: 3.01044e+29 z: 6.7413e+22 w: 2.80282e+29]
VPR[22] = 0x000000000000000f0000000000000000 [x: 0 y: 2.10195e-44 z: 0 w: 0]
VPR[23] = 0x0000000000029ece0000000000000062 [x: 0 y: 2.40639e-40 z: 0 w: 1.37327e-43]
VPR[24] = 0x00000000560f12fe00000000560f12bf [x: 0 y: 3.93279e+13 z: 0 w: 3.93277e+13]
VPR[25] = 0x6e65676e7062690000000000560f12bf [x: 1.77493e+28 y: 2.80282e+29 z: 0 w: 3.93277e+13]
VPR[26] = 0x00000000000000000000787270732e63 [x: 0 y: 0 z: 4.32076e-41 w: 3.01044e+29]
VPR[27] = 0x0000000000000062000000000000000f [x: 0 y: 1.37327e-43 z: 0 w: 2.10195e-44]
VPR[28] = 0x00000000560f12bf0000000000026860 [x: 0 y: 3.93277e+13 z: 0 w: 2.21114e-40]
VPR[29] = 0x00000000560f12bf00000000560f12fe [x: 0 y: 3.93277e+13 z: 0 w: 3.93279e+13]
VPR[30] = 0x80001b00787270732e63736572626900 [x: -9.68577e-42 y: 1.9669e+34 z: 5.17163e-11 w: 4.48452e+30]
VPR[31] = 0x000000000000000f0000000000000000 [x: 0 y: 2.10195e-44 z: 0 w: 0]
CR = 0x82000042
LR = 0x13af74
CTR = 0x0
XER = 0x0 [CA=0 | OV=8589934592 | SO=0]
FPSCR = 0x0 [RN=0 | NI=0 | XE=0 | ZE=0 | UE=0 | OE=0 | VE=0 | VXCVI=0 | VXSQRT=0 | VXSOFT=0 | FPRF=0 | FI=0 | FR=0 | VXVC=0 | VXIMZ=0 | VXZDZ=0 | VXIDI=0 | VXISI=0 | VXSNAN=0 | XX=0 | ZX=0 | UX=0 | OX=0 | VX=0 | FEX=0 | FX=0]

G: E {PPU[0x1] Thread (main_thread)[0x0013af9c]} Exception: Access violation reading location 0x0
(in file ..\Utilities\Thread.cpp:1122, in function _se_translator)
G: ! Stopping emulator...
G: ! All threads signaled...
G: ! {SPU[0x67] Thread (CellSpursKernel0)[0x00818]} Thread aborted
G: ! {SPU[0x4a] Thread (CellSpursKernel3)[0x00818]} Thread aborted
G: ! {PPU[0x2] Thread (Callback Thread)[0x00000000]} Thread aborted
G: ! {SPU[0x48] Thread (CellSpursKernel1)[0x00818]} Thread aborted
HLE: S {PPU[0x53] Thread (Job Manager Event Handler)[0x0054c288]} Last syscall: 130 (sys_event_queue_receive)
G: ! {SPU[0x4b] Thread (CellSpursKernel4)[0x00818]} Thread aborted
HLE: S {PPU[0x6f] Thread (Job Manager Event Handler)[0x0054c288]} Last syscall: 130 (sys_event_queue_receive)
G: ! {PPU[0x50] Thread (SpursHdlr1)[0x00000000]} Thread aborted
G: ! {SPU[0x49] Thread (CellSpursKernel2)[0x00818]} Thread aborted
G: ! {PPU[0x6c] Thread (SpursHdlr1)[0x00000000]} Thread aborted
G: ! {SPU[0x47] Thread (CellSpursKernel0)[0x00818]} Thread aborted
G: ! {PPU[0x6f] Thread (Job Manager Event Handler)[0x0054c288]} Thread aborted
G: ! {PPU[0x53] Thread (Job Manager Event Handler)[0x0054c288]} Thread aborted
G: ! {PPU[0x6d] Thread (SpursHdlr0)[0x00000000]} Thread aborted
G: ! {PPU[0x51] Thread (SpursHdlr0)[0x00000000]} Thread aborted
G: ! All threads stopped...
G: ! Objects cleared...
G: ! Stopping emulator...
