HLE: ! path: /dev_hdd0/game/
HLE: W No pause.bin found, Auto Pause will not work.
HLE: W No pause.bin found, Auto Pause will not work.
LDR: ! Loading 'D:/Emulateurs/Rpcs3/dev_hdd0/game/NPEA00036/USRDIR/BOOT.BIN'...
LDR: !  
LDR: ! Mount info:
LDR: ! /dev_usb000/ -> D:/Emulateurs/Rpcs3/dev_usb000/
LDR: ! /dev_flash/ -> D:/Emulateurs/Rpcs3/dev_flash/
LDR: ! /host_root/ -> 
LDR: ! /dev_hdd0/ -> D:/Emulateurs/Rpcs3/dev_hdd0/
LDR: ! /dev_hdd1/ -> D:/Emulateurs/Rpcs3/dev_hdd1/
LDR: ! /dev_bdvd/ -> D:/Emulateurs/Rpcs3/dev_hdd0/game/NPEA00036/../
LDR: ! /dev_usb/ -> D:/Emulateurs/Rpcs3/dev_usb000/
LDR: !  
LDR: ! Title: LocoRoco Cocoreccho!™
LDR: ! Serial: NPEA00036
LDR: !  
LDR: ! loader::init() failed: Broken file
MEM: ! Initializing memory: g_base_addr = 0x462c690000, g_priv_addr = 0x472c690000
MEM: ! Memory initialized.
LDR: ! Imported function 'cellAdecDecodeAu' in 'cellAdec' module (0x2ef010)
LDR: ! Imported function 'cellAdecStartSeq' in 'cellAdec' module (0x2ef030)
LDR: ! Imported function 'cellAdecQueryAttr' in 'cellAdec' module (0x2ef050)
LDR: ! Imported function 'cellAdecClose' in 'cellAdec' module (0x2ef070)
LDR: ! Imported function 'cellAdecGetPcm' in 'cellAdec' module (0x2ef090)
LDR: ! Imported function 'cellAdecGetPcmItem' in 'cellAdec' module (0x2ef0b0)
LDR: ! Imported function 'cellAdecOpen' in 'cellAdec' module (0x2ef0d0)
LDR: ! Imported function 'cellAudioInit' in 'cellAudio' module (0x2ef0f0)
LDR: ! Imported function 'cellAudioSetNotifyEventQueue' in 'cellAudio' module (0x2ef110)
LDR: ! Imported function 'cellAudioPortClose' in 'cellAudio' module (0x2ef130)
LDR: ! Imported function 'cellAudioPortStop' in 'cellAudio' module (0x2ef150)
LDR: ! Imported function 'cellAudioGetPortConfig' in 'cellAudio' module (0x2ef170)
LDR: ! Imported function 'cellAudioPortStart' in 'cellAudio' module (0x2ef190)
LDR: ! Imported function 'cellAudioQuit' in 'cellAudio' module (0x2ef1b0)
LDR: ! Imported function 'cellAudioPortOpen' in 'cellAudio' module (0x2ef1d0)
LDR: ! Imported function 'cellDmuxQueryEsAttr' in 'cellDmux' module (0x2ef1f0)
LDR: ! Imported function 'cellDmuxSetStream' in 'cellDmux' module (0x2ef210)
LDR: ! Imported function 'cellDmuxDisableEs' in 'cellDmux' module (0x2ef230)
LDR: ! Imported function 'cellDmuxReleaseAu' in 'cellDmux' module (0x2ef250)
LDR: ! Imported function 'cellDmuxGetAu' in 'cellDmux' module (0x2ef270)
LDR: ! Imported function 'cellDmuxResetStream' in 'cellDmux' module (0x2ef290)
LDR: ! Imported function 'cellDmuxOpen' in 'cellDmux' module (0x2ef2b0)
LDR: ! Imported function 'cellDmuxEnableEs' in 'cellDmux' module (0x2ef2d0)
LDR: ! Imported function 'cellDmuxClose' in 'cellDmux' module (0x2ef2f0)
LDR: ! Imported function 'cellDmuxQueryAttr' in 'cellDmux' module (0x2ef310)
LDR: ! Imported function 'cellFontCreateRenderer' in 'cellFont' module (0x2ef330)
LDR: ! Imported function 'cellFontOpenFontsetOnMemory' in 'cellFont' module (0x2ef350)
LDR: ! Imported function 'cellFontOpenFontFile' in 'cellFont' module (0x2ef370)
LDR: ! Imported function 'cellFontGetHorizontalLayout' in 'cellFont' module (0x2ef390)
LDR: ! Imported function 'cellFontDestroyRenderer' in 'cellFont' module (0x2ef3b0)
LDR: ! Imported function 'cellFontSetupRenderScalePixel' in 'cellFont' module (0x2ef3d0)
LDR: ! Imported function 'cellFontSetEffectWeight' in 'cellFont' module (0x2ef3f0)
LDR: E Unimplemented function 'cellFontGetScalePixel' in 'cellFont' module (0x2ef410)
LDR: ! Imported function 'cellFontSetScalePixel' in 'cellFont' module (0x2ef430)
LDR: ! Imported function 'cellFontEndLibrary' in 'cellFont' module (0x2ef450)
LDR: ! Imported function 'cellFontBindRenderer' in 'cellFont' module (0x2ef470)
LDR: ! Imported function 'cellFontSetupRenderEffectSlant' in 'cellFont' module (0x2ef490)
LDR: ! Imported function 'cellFontEnd' in 'cellFont' module (0x2ef4b0)
LDR: ! Imported function 'cellFontSetEffectSlant' in 'cellFont' module (0x2ef4d0)
LDR: ! Imported function 'cellFontRenderCharGlyphImage' in 'cellFont' module (0x2ef4f0)
LDR: ! Imported function 'cellFontRenderSurfaceInit' in 'cellFont' module (0x2ef510)
LDR: ! Imported function 'cellFontOpenFontMemory' in 'cellFont' module (0x2ef530)
LDR: ! Imported function 'cellFontSetupRenderEffectWeight' in 'cellFont' module (0x2ef550)
LDR: ! Imported function 'cellFontCloseFont' in 'cellFont' module (0x2ef570)
LDR: ! Imported function 'cellFontRenderSurfaceSetScissor' in 'cellFont' module (0x2ef590)
LDR: ! Imported function 'cellFontGetCharGlyphMetrics' in 'cellFont' module (0x2ef5b0)
LDR: ! Imported function 'cellFontInitializeWithRevision' in 'cellFont' module (0x2ef5d0)
LDR: ! Imported function 'cellFontUnbindRenderer' in 'cellFont' module (0x2ef5f0)
LDR: ! Imported function 'cellFontInitLibraryFreeTypeWithRevision' in 'cellFontFT' module (0x2ef610)
LDR: ! Imported function 'cellFsRmdir' in 'sys_fs' module (0x2ef630)
LDR: ! Imported function 'cellFsClose' in 'sys_fs' module (0x2ef650)
LDR: ! Imported function 'cellFsOpendir' in 'sys_fs' module (0x2ef670)
LDR: ! Imported function 'cellFsRead' in 'sys_fs' module (0x2ef690)
LDR: ! Imported function 'cellFsReaddir' in 'sys_fs' module (0x2ef6b0)
LDR: ! Imported function 'cellFsOpen' in 'sys_fs' module (0x2ef6d0)
LDR: ! Imported function 'cellFsStat' in 'sys_fs' module (0x2ef6f0)
LDR: ! Imported function 'cellFsUnlink' in 'sys_fs' module (0x2ef710)
LDR: ! Imported function 'cellFsLseek' in 'sys_fs' module (0x2ef730)
LDR: ! Imported function 'cellFsMkdir' in 'sys_fs' module (0x2ef750)
LDR: ! Imported function 'cellFsWrite' in 'sys_fs' module (0x2ef770)
LDR: ! Imported function 'cellFsRename' in 'sys_fs' module (0x2ef790)
LDR: ! Imported function 'cellFsClosedir' in 'sys_fs' module (0x2ef7b0)
LDR: ! Imported function 'cellGcmGetTiledPitchSize' in 'cellGcmSys' module (0x2ef7d0)
LDR: ! Imported function '_cellGcmInitBody' in 'cellGcmSys' module (0x2ef7f0)
LDR: ! Imported function 'cellGcmAddressToOffset' in 'cellGcmSys' module (0x2ef810)
LDR: ! Imported function '_cellGcmFunc15' in 'cellGcmSys' module (0x2ef830)
LDR: ! Imported function 'cellGcmSetFlipMode' in 'cellGcmSys' module (0x2ef850)
LDR: ! Imported function 'cellGcmGetLastFlipTime' in 'cellGcmSys' module (0x2ef870)
LDR: ! Imported function 'cellGcmGetFlipStatus' in 'cellGcmSys' module (0x2ef890)
LDR: ! Imported function 'cellGcmSetWaitFlip' in 'cellGcmSys' module (0x2ef8b0)
LDR: ! Imported function 'cellGcmMapMainMemory' in 'cellGcmSys' module (0x2ef8d0)
LDR: ! Imported function 'cellGcmSetFlipHandler' in 'cellGcmSys' module (0x2ef8f0)
LDR: ! Imported function 'cellGcmSetDisplayBuffer' in 'cellGcmSys' module (0x2ef910)
LDR: ! Imported function 'cellGcmGetControlRegister' in 'cellGcmSys' module (0x2ef930)
LDR: ! Imported function 'cellGcmSetVBlankHandler' in 'cellGcmSys' module (0x2ef950)
LDR: ! Imported function 'cellGcmResetFlipStatus' in 'cellGcmSys' module (0x2ef970)
LDR: ! Imported function 'cellGcmSetDefaultCommandBuffer' in 'cellGcmSys' module (0x2ef990)
LDR: ! Imported function 'cellGcmSetTile' in 'cellGcmSys' module (0x2ef9b0)
LDR: ! Imported function 'cellGcmSetZcull' in 'cellGcmSys' module (0x2ef9d0)
LDR: ! Imported function 'cellGcmSetFlip' in 'cellGcmSys' module (0x2ef9f0)
LDR: ! Imported function 'cellGcmGetConfiguration' in 'cellGcmSys' module (0x2efa10)
LDR: ! Imported function 'cellGcmGetLabelAddress' in 'cellGcmSys' module (0x2efa30)
LDR: ! Imported function 'cellPadInit' in 'sys_io' module (0x2efa50)
LDR: ! Imported function 'cellPadGetInfo' in 'sys_io' module (0x2efa70)
LDR: ! Imported function 'cellPadEnd' in 'sys_io' module (0x2efa90)
LDR: ! Imported function 'cellPadInfoSensorMode' in 'sys_io' module (0x2efab0)
LDR: ! Imported function 'cellPadGetData' in 'sys_io' module (0x2efad0)
LDR: ! Imported function 'cellPadSetSensorMode' in 'sys_io' module (0x2efaf0)
LDR: ! Imported function 'cellPadSetPressMode' in 'sys_io' module (0x2efb10)
LDR: ! Imported function 'sys_lwmutex_lock' in 'sysPrxForUser' module (0x2efb30)
LDR: ! Imported function 'sys_lwmutex_unlock' in 'sysPrxForUser' module (0x2efb50)
LDR: ! Imported function 'sys_ppu_thread_create' in 'sysPrxForUser' module (0x2efb70)
LDR: ! Imported function '_sys_process_atexitspawn' in 'sysPrxForUser' module (0x2efb90)
LDR: ! Imported function 'sys_lwmutex_create' in 'sysPrxForUser' module (0x2efbb0)
LDR: ! Imported function 'sys_ppu_thread_get_id' in 'sysPrxForUser' module (0x2efbd0)
LDR: ! Imported function 'sys_initialize_tls' in 'sysPrxForUser' module (0x2efbf0)
LDR: ! Imported function 'sys_time_get_system_time' in 'sysPrxForUser' module (0x2efc10)
LDR: ! Imported function 'sys_prx_exitspawn_with_level' in 'sysPrxForUser' module (0x2efc30)
LDR: ! Imported function 'sys_ppu_thread_exit' in 'sysPrxForUser' module (0x2efc50)
LDR: ! Imported function 'sys_lwmutex_destroy' in 'sysPrxForUser' module (0x2efc70)
LDR: ! Imported function 'sys_process_exit' in 'sysPrxForUser' module (0x2efc90)
LDR: ! Imported function 'sys_net_initialize_network_ex' in 'sys_net' module (0x2efcb0)
LDR: ! Imported function 'listen' in 'sys_net' module (0x2efcd0)
LDR: ! Imported function 'socketclose' in 'sys_net' module (0x2efcf0)
LDR: ! Imported function 'inet_ntoa' in 'sys_net' module (0x2efd10)
LDR: ! Imported function 'setsockopt' in 'sys_net' module (0x2efd30)
LDR: ! Imported function 'socket' in 'sys_net' module (0x2efd50)
LDR: ! Imported function 'shutdown' in 'sys_net' module (0x2efd70)
LDR: ! Imported function 'bind' in 'sys_net' module (0x2efd90)
LDR: ! Imported function 'sys_net_finalize_network' in 'sys_net' module (0x2efdb0)
LDR: ! Imported function 'accept' in 'sys_net' module (0x2efdd0)
LDR: ! Imported function 'send' in 'sys_net' module (0x2efdf0)
LDR: ! Imported function 'recv' in 'sys_net' module (0x2efe10)
LDR: ! Imported function 'cellNetCtlNetStartDialogLoadAsync' in 'cellNetCtl' module (0x2efe30)
LDR: ! Imported function 'cellNetCtlAddHandler' in 'cellNetCtl' module (0x2efe50)
LDR: ! Imported function 'cellNetCtlNetStartDialogUnloadAsync' in 'cellNetCtl' module (0x2efe70)
LDR: ! Imported function 'cellNetCtlTerm' in 'cellNetCtl' module (0x2efe90)
LDR: ! Imported function 'cellNetCtlDelHandler' in 'cellNetCtl' module (0x2efeb0)
LDR: ! Imported function 'cellNetCtlInit' in 'cellNetCtl' module (0x2efed0)
LDR: ! Imported function 'cellPamfStreamTypeToEsFilterId' in 'cellPamf' module (0x2efef0)
LDR: ! Imported function 'cellPamfReaderSetStreamWithTypeAndIndex' in 'cellPamf' module (0x2eff10)
LDR: ! Imported function 'cellPamfGetStreamOffsetAndSize' in 'cellPamf' module (0x2eff30)
LDR: ! Imported function 'cellPamfReaderGetStreamInfo' in 'cellPamf' module (0x2eff50)
LDR: ! Imported function 'cellPamfReaderGetStreamTypeAndChannel' in 'cellPamf' module (0x2eff70)
LDR: ! Imported function 'cellPamfReaderInitialize' in 'cellPamf' module (0x2eff90)
LDR: ! Imported function 'cellPamfGetHeaderSize' in 'cellPamf' module (0x2effb0)
LDR: ! Imported function 'cellPamfReaderGetNumberOfSpecificStreams' in 'cellPamf' module (0x2effd0)
LDR: ! Imported function 'cellRescGcmSurface2RescSrc' in 'cellResc' module (0x2efff0)
LDR: ! Imported function 'cellRescSetWaitFlip' in 'cellResc' module (0x2f0010)
LDR: ! Imported function 'cellRescSetDsts' in 'cellResc' module (0x2f0030)
LDR: ! Imported function 'cellRescResetFlipStatus' in 'cellResc' module (0x2f0050)
LDR: ! Imported function 'cellRescSetDisplayMode' in 'cellResc' module (0x2f0070)
LDR: ! Imported function 'cellRescSetConvertAndFlip' in 'cellResc' module (0x2f0090)
LDR: ! Imported function 'cellRescSetFlipHandler' in 'cellResc' module (0x2f00b0)
LDR: ! Imported function 'cellRescInit' in 'cellResc' module (0x2f00d0)
LDR: ! Imported function 'cellRescGetBufferSize' in 'cellResc' module (0x2f00f0)
LDR: ! Imported function 'cellRescGetLastFlipTime' in 'cellResc' module (0x2f0110)
LDR: ! Imported function 'cellRescSetSrc' in 'cellResc' module (0x2f0130)
LDR: ! Imported function 'cellRescSetBufferAddress' in 'cellResc' module (0x2f0150)
LDR: ! Imported function 'cellRescGetFlipStatus' in 'cellResc' module (0x2f0170)
LDR: ! Imported function 'cellRescVideoOutResolutionId2RescBufferMode' in 'cellResc' module (0x2f0190)
LDR: ! Imported function 'cellRescSetVBlankHandler' in 'cellResc' module (0x2f01b0)
LDR: ! Imported function 'cellRtcSetTick' in 'cellRtc' module (0x2f01d0)
LDR: ! Imported function 'cellRtcGetCurrentTick' in 'cellRtc' module (0x2f01f0)
LDR: ! Imported function 'cellRtcConvertUtcToLocalTime' in 'cellRtc' module (0x2f0210)
LDR: ! Imported function 'cellSpursEventFlagDetachLv2EventQueue' in 'cellSpurs' module (0x2f0230)
LDR: ! Imported function 'cellSpursEventFlagWait' in 'cellSpurs' module (0x2f0250)
LDR: ! Imported function 'cellSpursDetachLv2EventQueue' in 'cellSpurs' module (0x2f0270)
LDR: ! Imported function '_cellSpursEventFlagInitialize' in 'cellSpurs' module (0x2f0290)
LDR: ! Imported function 'cellSpursCreateJobChain' in 'cellSpurs' module (0x2f02b0)
LDR: ! Imported function 'cellSpursJobGuardInitialize' in 'cellSpurs' module (0x2f02d0)
LDR: ! Imported function 'cellSpursShutdownJobChain' in 'cellSpurs' module (0x2f02f0)
LDR: ! Imported function 'cellSpursEventFlagAttachLv2EventQueue' in 'cellSpurs' module (0x2f0310)
LDR: ! Imported function 'cellSpursJoinJobChain' in 'cellSpurs' module (0x2f0330)
LDR: ! Imported function 'cellSpursInitialize' in 'cellSpurs' module (0x2f0350)
LDR: ! Imported function 'cellSpursAttachLv2EventQueue' in 'cellSpurs' module (0x2f0370)
LDR: ! Imported function 'cellSpursKickJobChain' in 'cellSpurs' module (0x2f0390)
LDR: ! Imported function 'cellSpursFinalize' in 'cellSpurs' module (0x2f03b0)
LDR: ! Imported function 'cellSpursJobGuardNotify' in 'cellSpurs' module (0x2f03d0)
LDR: ! Imported function 'cellSysmoduleUnloadModule' in 'cellSysmodule' module (0x2f03f0)
LDR: ! Imported function 'cellSysmoduleLoadModule' in 'cellSysmodule' module (0x2f0410)
LDR: ! Imported function 'sceNpScoreGetRankingByRangeAsync' in 'sceNp' module (0x2f0430)
LDR: ! Imported function 'sceNpScoreDestroyTitleCtx' in 'sceNp' module (0x2f0450)
LDR: ! Imported function 'sceNpScoreInit' in 'sceNp' module (0x2f0470)
LDR: ! Imported function 'sceNpScoreGetRankingByNpIdAsync' in 'sceNp' module (0x2f0490)
LDR: ! Imported function 'sceNpTerm' in 'sceNp' module (0x2f04b0)
LDR: ! Imported function 'sceNpManagerUnregisterCallback' in 'sceNp' module (0x2f04d0)
LDR: ! Imported function 'sceNpScoreCreateTransactionCtx' in 'sceNp' module (0x2f04f0)
LDR: ! Imported function 'sceNpScoreTerm' in 'sceNp' module (0x2f0510)
LDR: ! Imported function 'sceNpScorePollAsync' in 'sceNp' module (0x2f0530)
LDR: ! Imported function 'sceNpManagerGetStatus' in 'sceNp' module (0x2f0550)
LDR: ! Imported function 'sceNpDrmIsAvailable' in 'sceNp' module (0x2f0570)
LDR: ! Imported function 'sceNpManagerGetAccountRegion' in 'sceNp' module (0x2f0590)
LDR: ! Imported function 'sceNpScoreCreateTitleCtx' in 'sceNp' module (0x2f05b0)
LDR: ! Imported function 'sceNpInit' in 'sceNp' module (0x2f05d0)
LDR: ! Imported function 'sceNpScoreDestroyTransactionCtx' in 'sceNp' module (0x2f05f0)
LDR: ! Imported function 'sceNpUtilCmpNpId' in 'sceNp' module (0x2f0610)
LDR: ! Imported function 'sceNpManagerRegisterCallback' in 'sceNp' module (0x2f0630)
LDR: ! Imported function 'sceNpScoreAbortTransaction' in 'sceNp' module (0x2f0650)
LDR: ! Imported function 'sceNpScoreRecordScoreAsync' in 'sceNp' module (0x2f0670)
LDR: ! Imported function 'sceNpManagerGetNpId' in 'sceNp' module (0x2f0690)
LDR: ! Imported function 'cellSysutilUnregisterCallback' in 'cellSysutil' module (0x2f06b0)
LDR: ! Imported function 'cellVideoOutConfigure' in 'cellSysutil' module (0x2f06d0)
LDR: ! Imported function 'cellSysutilCheckCallback' in 'cellSysutil' module (0x2f06f0)
LDR: ! Imported function 'cellMsgDialogOpenErrorCode' in 'cellSysutil' module (0x2f0710)
LDR: ! Imported function 'cellSysutilGetSystemParamInt' in 'cellSysutil' module (0x2f0730)
LDR: ! Imported function 'cellAudioOutConfigure' in 'cellSysutil' module (0x2f0750)
LDR: ! Imported function 'cellMsgDialogOpen2' in 'cellSysutil' module (0x2f0770)
LDR: ! Imported function 'cellAudioOutGetDeviceInfo' in 'cellSysutil' module (0x2f0790)
LDR: ! Imported function 'cellVideoOutGetState' in 'cellSysutil' module (0x2f07b0)
LDR: ! Imported function 'cellSaveDataAutoSave2' in 'cellSysutil' module (0x2f07d0)
LDR: ! Imported function 'cellHddGameCheck' in 'cellSysutil' module (0x2f07f0)
LDR: ! Imported function 'cellSysutilGetSystemParamString' in 'cellSysutil' module (0x2f0810)
LDR: ! Imported function 'cellSysutilRegisterCallback' in 'cellSysutil' module (0x2f0830)
LDR: E Unimplemented function 'cellHddGameExitBroken' in 'cellSysutil' module (0x2f0850)
LDR: ! Imported function 'cellAudioOutGetSoundAvailability' in 'cellSysutil' module (0x2f0870)
LDR: ! Imported function 'cellAudioOutSetCopyControl' in 'cellSysutil' module (0x2f0890)
LDR: ! Imported function 'cellVideoOutGetResolution' in 'cellSysutil' module (0x2f08b0)
LDR: ! Imported function 'cellSaveDataDelete2' in 'cellSysutil' module (0x2f08d0)
LDR: ! Imported function 'cellSaveDataAutoLoad2' in 'cellSysutil' module (0x2f08f0)
LDR: ! Imported function 'cellVdecClose' in 'libvdec' module (0x2f0910)
LDR: ! Imported function 'cellVdecGetPicItem' in 'libvdec' module (0x2f0930)
LDR: ! Imported function 'cellVdecDecodeAu' in 'libvdec' module (0x2f0950)
LDR: ! Imported function 'cellVdecGetPicture' in 'libvdec' module (0x2f0970)
LDR: ! Imported function 'cellVdecOpen' in 'libvdec' module (0x2f0990)
LDR: ! Imported function 'cellVdecStartSeq' in 'libvdec' module (0x2f09b0)
LDR: ! Imported function 'cellVdecQueryAttr' in 'libvdec' module (0x2f09d0)
HLE: ! sysPrxForUser: Thread Local Storage initialized (g_tls_start=0x324000, user_size=0x160)
*** TLS segment addr: 0x003239f8
*** TLS segment size: 0x0000000c
HLE: W {PPU[1] Thread (main_thread)[0x002efbb0]} sys_lwmutex: sys_lwmutex_create(lwmutex_addr=0x113eecf0, attr_addr=0x10017b64)
HLE: ! {PPU[1] Thread (main_thread)[0x002efbb0]} sys_lwmutex: *** lwmutex created [] (attribute=0x12): sq_id = 3
HLE: W {PPU[1] Thread (main_thread)[0x002efbb0]} sys_lwmutex: sys_lwmutex_create(lwmutex_addr=0x113eed08, attr_addr=0x10017b64)
HLE: ! {PPU[1] Thread (main_thread)[0x002efbb0]} sys_lwmutex: *** lwmutex created [] (attribute=0x12): sq_id = 4
HLE: W {PPU[1] Thread (main_thread)[0x002efbb0]} sys_lwmutex: sys_lwmutex_create(lwmutex_addr=0x20000020, attr_addr=0x10017b64)
HLE: ! {PPU[1] Thread (main_thread)[0x002efbb0]} sys_lwmutex: *** lwmutex created [] (attribute=0x12): sq_id = 5
HLE: W {PPU[1] Thread (main_thread)[0x002efbb0]} sys_lwmutex: sys_lwmutex_create(lwmutex_addr=0x20000050, attr_addr=0x10017b64)
HLE: ! {PPU[1] Thread (main_thread)[0x002efbb0]} sys_lwmutex: *** lwmutex created [] (attribute=0x12): sq_id = 6
HLE: W {PPU[1] Thread (main_thread)[0x002efbb0]} sys_lwmutex: sys_lwmutex_create(lwmutex_addr=0x20000080, attr_addr=0x10017b64)
HLE: ! {PPU[1] Thread (main_thread)[0x002efbb0]} sys_lwmutex: *** lwmutex created [] (attribute=0x12): sq_id = 7
HLE: W {PPU[1] Thread (main_thread)[0x002efbb0]} sys_lwmutex: sys_lwmutex_create(lwmutex_addr=0x200000b0, attr_addr=0x10017b64)
HLE: ! {PPU[1] Thread (main_thread)[0x002efbb0]} sys_lwmutex: *** lwmutex created [] (attribute=0x12): sq_id = 8
HLE: W {PPU[1] Thread (main_thread)[0x002efbb0]} sys_lwmutex: sys_lwmutex_create(lwmutex_addr=0x200000e0, attr_addr=0x10017b64)
HLE: ! {PPU[1] Thread (main_thread)[0x002efbb0]} sys_lwmutex: *** lwmutex created [] (attribute=0x12): sq_id = 9
HLE: W {PPU[1] Thread (main_thread)[0x002efbb0]} sys_lwmutex: sys_lwmutex_create(lwmutex_addr=0x20000110, attr_addr=0x10017b64)
HLE: ! {PPU[1] Thread (main_thread)[0x002efbb0]} sys_lwmutex: *** lwmutex created [] (attribute=0x12): sq_id = 10
HLE: W {PPU[1] Thread (main_thread)[0x002efbb0]} sys_lwmutex: sys_lwmutex_create(lwmutex_addr=0x20000140, attr_addr=0x10017b64)
HLE: ! {PPU[1] Thread (main_thread)[0x002efbb0]} sys_lwmutex: *** lwmutex created [] (attribute=0x12): sq_id = 11
HLE: W {PPU[1] Thread (main_thread)[0x0001f614]} sys_spu: sys_spu_initialize(max_usable_spu=6, max_raw_spu=0)
TTY: --start--\n
HLE: W {PPU[1] Thread (main_thread)[0x000138c4]} sys_mutex: *** mutex created [] (protocol=0x2, recursive=false): id = 12
HLE: W {PPU[1] Thread (main_thread)[0x000138dc]} sys_cond: *** cond created [] (mutex_id=12): id = 13
HLE: W {PPU[1] Thread (main_thread)[0x0001333c]} sys_mutex: *** mutex created [] (protocol=0x2, recursive=false): id = 14
HLE: W {PPU[1] Thread (main_thread)[0x00013354]} sys_cond: *** cond created [] (mutex_id=14): id = 15
HLE: W {PPU[1] Thread (main_thread)[0x002efb70]} sys_ppu_thread: sys_ppu_thread_create: stacksize increased from 0x800 to 0x1000.
HLE: ! {PPU[1] Thread (main_thread)[0x002efb70]} sys_ppu_thread: *** New PPU Thread [ptnCallbackTh] (joinable, entry=0x301830): id = 16
HLE: W {PPU[1] Thread (main_thread)[0x002f0410]} cellSysmodule: cellSysmoduleLoadModule(id=0x0000: CELL_SYSMODULE_NET)
HLE: W {PPU[1] Thread (main_thread)[0x002f0410]} cellSysmodule: cellSysmoduleLoadModule(id=0x0005: CELL_SYSMODULE_VDEC)
HLE: W {PPU[16] Thread (ptnCallbackTh)[0x002f0830]} cellSysutil: cellSysutilRegisterCallback(slot=0, func_addr=0x301fb0, userdata=0x0)
HLE: W {PPU[1] Thread (main_thread)[0x002f0410]} cellSysmodule: cellSysmoduleLoadModule(id=0x0006: CELL_SYSMODULE_ADEC)
HLE: W {PPU[1] Thread (main_thread)[0x002f0410]} cellSysmodule: cellSysmoduleLoadModule(id=0x0007: CELL_SYSMODULE_DMUX)
HLE: W {PPU[1] Thread (main_thread)[0x002f0410]} cellSysmodule: cellSysmoduleLoadModule(id=0x0008: CELL_SYSMODULE_VPOST)
HLE: W {PPU[1] Thread (main_thread)[0x002f0410]} cellSysmodule: cellSysmoduleLoadModule(id=0x0009: CELL_SYSMODULE_RTC)
HLE: W {PPU[1] Thread (main_thread)[0x002f0410]} cellSysmodule: cellSysmoduleLoadModule(id=0x000e: CELL_SYSMODULE_FS)
HLE: W {PPU[1] Thread (main_thread)[0x002f0410]} cellSysmodule: cellSysmoduleLoadModule(id=0x0012: CELL_SYSMODULE_PAMF)
HLE: W {PPU[1] Thread (main_thread)[0x002f0410]} cellSysmodule: cellSysmoduleLoadModule(id=0x0014: CELL_SYSMODULE_NETCTL)
HLE: W {PPU[1] Thread (main_thread)[0x002f0410]} cellSysmodule: cellSysmoduleLoadModule(id=0x0016: CELL_SYSMODULE_SYSUTIL_NP)
HLE: W {PPU[1] Thread (main_thread)[0x002f0410]} cellSysmodule: cellSysmoduleLoadModule(id=0x0019: CELL_SYSMODULE_FONT)
HLE: W {PPU[1] Thread (main_thread)[0x002f0410]} cellSysmodule: cellSysmoduleLoadModule(id=0x001a: CELL_SYSMODULE_FONTFT)
HLE: W {PPU[1] Thread (main_thread)[0x002f0410]} cellSysmodule: cellSysmoduleLoadModule(id=0x001b: CELL_SYSMODULE_FREETYPE)
HLE: W {PPU[1] Thread (main_thread)[0x002f0410]} cellSysmodule: cellSysmoduleLoadModule(id=0x001c: CELL_SYSMODULE_USBD)
HLE: W {PPU[1] Thread (main_thread)[0x002f0410]} cellSysmodule: cellSysmoduleLoadModule(id=0x001f: CELL_SYSMODULE_RESC)
HLE: W {PPU[1] Thread (main_thread)[0x002f0410]} cellSysmodule: cellSysmoduleLoadModule(id=0x0024: CELL_SYSMODULE_VDEC_MPEG2)
HLE: W {PPU[1] Thread (main_thread)[0x002f0410]} cellSysmodule: cellSysmoduleLoadModule(id=0x0025: CELL_SYSMODULE_VDEC_AVC)
HLE: W {PPU[1] Thread (main_thread)[0x002f0410]} cellSysmodule: cellSysmoduleLoadModule(id=0x0026: CELL_SYSMODULE_ADEC_LPCM)
HLE: W {PPU[1] Thread (main_thread)[0x002f0410]} cellSysmodule: cellSysmoduleLoadModule(id=0x0027: CELL_SYSMODULE_ADEC_AC3)
HLE: W {PPU[1] Thread (main_thread)[0x002f0410]} cellSysmodule: cellSysmoduleLoadModule(id=0x0028: CELL_SYSMODULE_ADEC_ATX)
HLE: W {PPU[1] Thread (main_thread)[0x002f0410]} cellSysmodule: cellSysmoduleLoadModule(id=0x0029: CELL_SYSMODULE_ADEC_AT3)
HLE: W {PPU[1] Thread (main_thread)[0x002f0410]} cellSysmodule: cellSysmoduleLoadModule(id=0x002a: CELL_SYSMODULE_DMUX_PAMF)
HLE: W {PPU[1] Thread (main_thread)[0x002f0730]} cellSysutil: cellSysutilGetSystemParamInt: CELL_SYSUTIL_SYSTEMPARAM_ID_LANG
HLE: W {PPU[1] Thread (main_thread)[0x002ef7f0]} cellGcmSys: _cellGcmInitBody(context_addr=0x113ef530, cmdSize=0x10000, ioSize=0x100000, ioAddress=0x20100000)
HLE: W {PPU[1] Thread (main_thread)[0x002ef7f0]} cellGcmSys: *** local memory(addr=0xc0000000, size=0xf900000)
HLE: W {PPU[1] Thread (main_thread)[0x002ef7f0]} cellGcmSys: cellGcmInit(): 256MB io address space used
RSX: ! {RSXThread} RSX thread started
HLE: W {PPU[1] Thread (main_thread)[0x002f00d0]} cellResc: cellRescInit(initConfig_addr=0xd003fa70)
HLE: W {PPU[1] Thread (main_thread)[0x002f0070]} cellResc: cellRescSetDisplayMode(displayMode=4)
HLE: E {PPU[1] Thread (main_thread)[0x002f0070]} cellResc error: cellRescSetDisplayMode : CELL_RESC_ERROR_BAD_ARGUMENT
HLE: W {PPU[1] Thread (main_thread)[0x002f00f0]} cellResc: cellRescGetBufferSize(colorBuffers_addr=0xd003f9fc, vertexArray_addr=0xd003f9f4, fragmentShader_addr=0xd003fa04)
HLE: W {PPU[1] Thread (main_thread)[0x002f0150]} cellResc: cellRescSetBufferAddress(colorBuffers_addr=0xc15a0000, vertexArray_addr=0xc15a0000, fragmentShader_addr=0xc15a0400)
HLE: W {PPU[1] Thread (main_thread)[0x002ef9b0]} cellGcmSys: cellGcmSetTile(index=0, location=0, offset=15073280, size=3801088, pitch=5120, comp=0, base=0, bank=0)
HLE: W {PPU[1] Thread (main_thread)[0x002ef9b0]} cellGcmSys: cellGcmSetTile(index=1, location=0, offset=22675456, size=3801088, pitch=5120, comp=0, base=0, bank=0)
HLE: W {PPU[1] Thread (main_thread)[0x002ef9b0]} cellGcmSys: cellGcmSetTile(index=2, location=0, offset=18874368, size=3801088, pitch=5120, comp=9, base=0, bank=1)
HLE: E {PPU[1] Thread (main_thread)[0x002ef9b0]} cellGcmSys error: cellGcmSetTile: bad compression mode! (9)
HLE: E {PPU[1] Thread (main_thread)[0x002ef9d0]} cellGcmSys TODO: cellGcmSetZcull(index=0, offset=0x1200000, width=1280, height=768, cullStart=0x0, zFormat=0x2, aaFormat=0x0, zCullDir=0x1, zCullFormat=0x0, sFunc=0x1, sRef=0x80, sMask=0xff)
HLE: W {PPU[1] Thread (main_thread)[0x002ef9b0]} cellGcmSys: cellGcmSetTile(index=3, location=0, offset=0, size=7536640, pitch=10240, comp=7, base=0, bank=2)
HLE: E {PPU[1] Thread (main_thread)[0x002ef9b0]} cellGcmSys error: cellGcmSetTile: bad compression mode! (7)
HLE: W {PPU[1] Thread (main_thread)[0x002ef9b0]} cellGcmSys: cellGcmSetTile(index=4, location=0, offset=7536640, size=7536640, pitch=10240, comp=9, base=0, bank=3)
HLE: E {PPU[1] Thread (main_thread)[0x002ef9b0]} cellGcmSys error: cellGcmSetTile: bad compression mode! (9)
HLE: E {PPU[1] Thread (main_thread)[0x002ef9d0]} cellGcmSys TODO: cellGcmSetZcull(index=1, offset=0x730000, width=2560, height=768, cullStart=0x0, zFormat=0x2, aaFormat=0x3, zCullDir=0x1, zCullFormat=0x0, sFunc=0x1, sRef=0x80, sMask=0xff)
HLE: W {PPU[1] Thread (main_thread)[0x002ef9b0]} cellGcmSys: cellGcmSetTile(index=5, location=0, offset=22740992, size=8912896, pitch=8192, comp=0, base=0, bank=0)
HLE: W {PPU[1] Thread (main_thread)[0x002ef990]} cellGcmSys: cellGcmSetDefaultCommandBuffer()
HLE: W {PPU[1] Thread (main_thread)[0x0004fce4]} sys_mutex: *** mutex created [] (protocol=0x2, recursive=false): id = 17
HLE: W {PPU[1] Thread (main_thread)[0x0004fcf8]} sys_cond: *** cond created [] (mutex_id=17): id = 18
HLE: W {PPU[1] Thread (main_thread)[0x002f01b0]} cellResc: cellRescSetVBlankHandler(handler_addr=0x303440)
HLE: W {PPU[1] Thread (main_thread)[0x002efbb0]} sys_lwmutex: sys_lwmutex_create(lwmutex_addr=0x1115e080, attr_addr=0xd003fa44)
HLE: ! {PPU[1] Thread (main_thread)[0x002efbb0]} sys_lwmutex: *** lwmutex created [] (attribute=0x22): sq_id = 19
HLE: ! {PPU[1] Thread (main_thread)[0x002efb70]} sys_ppu_thread: *** New PPU Thread [SwapMonitor] (joinable, entry=0x3036c0): id = 20
HLE: W {PPU[1] Thread (main_thread)[0x002efbb0]} sys_lwmutex: sys_lwmutex_create(lwmutex_addr=0x113e83a8, attr_addr=0xd003faa0)
HLE: ! {PPU[1] Thread (main_thread)[0x002efbb0]} sys_lwmutex: *** lwmutex created [] (attribute=0x22): sq_id = 21
HLE: W {PPU[1] Thread (main_thread)[0x000206fc]} sys_mutex: *** mutex created [] (protocol=0x2, recursive=false): id = 22
HLE: W {PPU[1] Thread (main_thread)[0x0001d9a8]} sys_memory: sys_memory_get_user_memory_size(mem_info_addr=0xd003fb74)
HLE: W {PPU[1] Thread (main_thread)[0x002ef8d0]} cellGcmSys: cellGcmMapMainMemory(ea=0x20600000,size=0xeb00000,offset_addr=0xd003fb70)
HLE: W {PPU[1] Thread (main_thread)[0x002efbb0]} sys_lwmutex: sys_lwmutex_create(lwmutex_addr=0x20600030, attr_addr=0xd003f990)
HLE: ! {PPU[1] Thread (main_thread)[0x002efbb0]} sys_lwmutex: *** lwmutex created [] (attribute=0x22): sq_id = 23
HLE: W {PPU[1] Thread (main_thread)[0x002efbb0]} sys_lwmutex: sys_lwmutex_create(lwmutex_addr=0x22700100, attr_addr=0xd003f990)
HLE: ! {PPU[1] Thread (main_thread)[0x002efbb0]} sys_lwmutex: *** lwmutex created [] (attribute=0x22): sq_id = 24
HLE: W {PPU[1] Thread (main_thread)[0x002efbb0]} sys_lwmutex: sys_lwmutex_create(lwmutex_addr=0x22b401d0, attr_addr=0xd003f990)
HLE: ! {PPU[1] Thread (main_thread)[0x002efbb0]} sys_lwmutex: *** lwmutex created [] (attribute=0x22): sq_id = 25
HLE: W {PPU[1] Thread (main_thread)[0x002efbb0]} sys_lwmutex: sys_lwmutex_create(lwmutex_addr=0x232ef2a0, attr_addr=0xd003f990)
HLE: ! {PPU[1] Thread (main_thread)[0x002efbb0]} sys_lwmutex: *** lwmutex created [] (attribute=0x22): sq_id = 26
HLE: W {PPU[1] Thread (main_thread)[0x002efbb0]} sys_lwmutex: sys_lwmutex_create(lwmutex_addr=0x233ef370, attr_addr=0xd003f990)
HLE: ! {PPU[1] Thread (main_thread)[0x002efbb0]} sys_lwmutex: *** lwmutex created [] (attribute=0x22): sq_id = 27
HLE: W {PPU[1] Thread (main_thread)[0x000206fc]} sys_mutex: *** mutex created [] (protocol=0x2, recursive=false): id = 28
HLE: W {PPU[1] Thread (main_thread)[0x002efbb0]} sys_lwmutex: sys_lwmutex_create(lwmutex_addr=0x235ef440, attr_addr=0xd003f990)
HLE: ! {PPU[1] Thread (main_thread)[0x002efbb0]} sys_lwmutex: *** lwmutex created [] (attribute=0x22): sq_id = 29
HLE: W {PPU[1] Thread (main_thread)[0x002efbb0]} sys_lwmutex: sys_lwmutex_create(lwmutex_addr=0x1015d1f8, attr_addr=0xd003fb80)
HLE: ! {PPU[1] Thread (main_thread)[0x002efbb0]} sys_lwmutex: *** lwmutex created [random_] (attribute=0x22): sq_id = 30
HLE: W {PPU[1] Thread (main_thread)[0x002efbb0]} sys_lwmutex: sys_lwmutex_create(lwmutex_addr=0x113b3788, attr_addr=0xd003fbb0)
HLE: ! {PPU[1] Thread (main_thread)[0x002efbb0]} sys_lwmutex: *** lwmutex created [garcLis] (attribute=0x22): sq_id = 31
HLE: W {PPU[1] Thread (main_thread)[0x0001333c]} sys_mutex: *** mutex created [] (protocol=0x2, recursive=false): id = 32
HLE: W {PPU[1] Thread (main_thread)[0x00013354]} sys_cond: *** cond created [] (mutex_id=32): id = 33
HLE: ! {PPU[1] Thread (main_thread)[0x002efb70]} sys_ppu_thread: *** New PPU Thread [ptnBgQueTh] (joinable, entry=0x301830): id = 34
HLE: W {PPU[1] Thread (main_thread)[0x002efbb0]} sys_lwmutex: sys_lwmutex_create(lwmutex_addr=0x1015d1c8, attr_addr=0xd003fb80)
HLE: ! {PPU[1] Thread (main_thread)[0x002efbb0]} sys_lwmutex: *** lwmutex created [ptnBgQu] (attribute=0x22): sq_id = 35
HLE: W {PPU[1] Thread (main_thread)[0x002efbb0]} sys_lwmutex: sys_lwmutex_create(lwmutex_addr=0x1015d1a8, attr_addr=0xd003fb80)
HLE: ! {PPU[1] Thread (main_thread)[0x002efbb0]} sys_lwmutex: *** lwmutex created [ptnBgQu] (attribute=0x22): sq_id = 36
HLE: W {PPU[1] Thread (main_thread)[0x002efcb0]} sys_net: sys_net_initialize_network_ex(param_addr=0xd003fc30)
HLE: W {PPU[1] Thread (main_thread)[0x002efed0]} cellNetCtl: cellNetCtlInit()
HLE: W {PPU[1] Thread (main_thread)[0x002f05d0]} sceNp: sceNpInit(mem_size=0x20000, mem_addr=0x1013d138)
HLE: W {PPU[1] Thread (main_thread)[0x002efbb0]} sys_lwmutex: sys_lwmutex_create(lwmutex_addr=0x113e8350, attr_addr=0xd003f650)
HLE: ! {PPU[1] Thread (main_thread)[0x002efbb0]} sys_lwmutex: *** lwmutex created [] (attribute=0x22): sq_id = 37
HLE: W {PPU[1] Thread (main_thread)[0x002efbb0]} sys_lwmutex: sys_lwmutex_create(lwmutex_addr=0x113e8368, attr_addr=0xd003f650)
HLE: ! {PPU[1] Thread (main_thread)[0x002efbb0]} sys_lwmutex: *** lwmutex created [] (attribute=0x22): sq_id = 38
HLE: W {PPU[1] Thread (main_thread)[0x002957cc]} sys_mutex: *** mutex created [] (protocol=0x2, recursive=false): id = 39
HLE: W {PPU[1] Thread (main_thread)[0x00295848]} sys_cond: *** cond created [] (mutex_id=39): id = 40
HLE: W {PPU[1] Thread (main_thread)[0x00295868]} sys_cond: *** cond created [] (mutex_id=39): id = 41
HLE: ! {PPU[1] Thread (main_thread)[0x002efb70]} sys_ppu_thread: *** New PPU Thread [sgsfile-req-th] (joinable, entry=0x3163d8): id = 42
HLE: E {PPU[1] Thread (main_thread)[0x00293bec]} Unknown syscall: 631 - 00000277
HLE: W {PPU[1] Thread (main_thread)[0x002efbb0]} sys_lwmutex: sys_lwmutex_create(lwmutex_addr=0x20616bd0, attr_addr=0xd003f670)
HLE: ! {PPU[1] Thread (main_thread)[0x002efbb0]} sys_lwmutex: *** lwmutex created [] (attribute=0x12): sq_id = 43
HLE: W {PPU[1] Thread (main_thread)[0x002efbb0]} sys_lwmutex: sys_lwmutex_create(lwmutex_addr=0x20616c10, attr_addr=0xd003f670)
HLE: ! {PPU[1] Thread (main_thread)[0x002efbb0]} sys_lwmutex: *** lwmutex created [] (attribute=0x12): sq_id = 44
HLE: W {PPU[1] Thread (main_thread)[0x002efbb0]} sys_lwmutex: sys_lwmutex_create(lwmutex_addr=0x113ee910, attr_addr=0xd003f510)
HLE: ! {PPU[1] Thread (main_thread)[0x002efbb0]} sys_lwmutex: *** lwmutex created [] (attribute=0x12): sq_id = 45
HLE: W {PPU[1] Thread (main_thread)[0x002efbb0]} sys_lwmutex: sys_lwmutex_create(lwmutex_addr=0x206190b0, attr_addr=0xd003f500)
HLE: ! {PPU[1] Thread (main_thread)[0x002efbb0]} sys_lwmutex: *** lwmutex created [] (attribute=0x12): sq_id = 46
HLE: W {PPU[1] Thread (main_thread)[0x002efbb0]} sys_lwmutex: sys_lwmutex_create(lwmutex_addr=0x206190f0, attr_addr=0xd003f500)
HLE: ! {PPU[1] Thread (main_thread)[0x002efbb0]} sys_lwmutex: *** lwmutex created [] (attribute=0x12): sq_id = 47
HLE: W {PPU[1] Thread (main_thread)[0x002f0350]} cellSpurs: cellSpursInitialize(spurs_addr=0x113ed880, nSpus=1, spuPriority=32, ppuPriority=110, exitIfNoWork=1)
HLE: W {PPU[1] Thread (main_thread)[0x002f0350]} sys_process: sys_process_is_spu_lock_line_reservation_address(addr=0x113ed880, flags=0x2)
HLE: W {PPU[1] Thread (main_thread)[0x002f0350]} sys_semaphore: sys_semaphore_create(sem_addr=0x20407000, attr_addr=0x20408000, initial_count=0, max_count=1)
HLE: ! {PPU[1] Thread (main_thread)[0x002f0350]} sys_semaphore: *** semaphore created [_spuWkl] (protocol=0x2): id = 48
HLE: W {PPU[1] Thread (main_thread)[0x002f0350]} sys_semaphore: sys_semaphore_create(sem_addr=0x20407000, attr_addr=0x20408000, initial_count=0, max_count=1)
HLE: ! {PPU[1] Thread (main_thread)[0x002f0350]} sys_semaphore: *** semaphore created [_spuWkl] (protocol=0x2): id = 49
HLE: W {PPU[1] Thread (main_thread)[0x002f0350]} sys_semaphore: sys_semaphore_create(sem_addr=0x20407000, attr_addr=0x20408000, initial_count=0, max_count=1)
HLE: ! {PPU[1] Thread (main_thread)[0x002f0350]} sys_semaphore: *** semaphore created [_spuWkl] (protocol=0x2): id = 50
HLE: W {PPU[1] Thread (main_thread)[0x002f0350]} sys_semaphore: sys_semaphore_create(sem_addr=0x20407000, attr_addr=0x20408000, initial_count=0, max_count=1)
HLE: ! {PPU[1] Thread (main_thread)[0x002f0350]} sys_semaphore: *** semaphore created [_spuWkl] (protocol=0x2): id = 51
HLE: W {PPU[1] Thread (main_thread)[0x002f0350]} sys_semaphore: sys_semaphore_create(sem_addr=0x20407000, attr_addr=0x20408000, initial_count=0, max_count=1)
HLE: ! {PPU[1] Thread (main_thread)[0x002f0350]} sys_semaphore: *** semaphore created [_spuWkl] (protocol=0x2): id = 52
HLE: W {PPU[1] Thread (main_thread)[0x002f0350]} sys_semaphore: sys_semaphore_create(sem_addr=0x20407000, attr_addr=0x20408000, initial_count=0, max_count=1)
HLE: ! {PPU[1] Thread (main_thread)[0x002f0350]} sys_semaphore: *** semaphore created [_spuWkl] (protocol=0x2): id = 53
HLE: W {PPU[1] Thread (main_thread)[0x002f0350]} sys_semaphore: sys_semaphore_create(sem_addr=0x20407000, attr_addr=0x20408000, initial_count=0, max_count=1)
HLE: ! {PPU[1] Thread (main_thread)[0x002f0350]} sys_semaphore: *** semaphore created [_spuWkl] (protocol=0x2): id = 54
HLE: W {PPU[1] Thread (main_thread)[0x002f0350]} sys_semaphore: sys_semaphore_create(sem_addr=0x20407000, attr_addr=0x20408000, initial_count=0, max_count=1)
HLE: ! {PPU[1] Thread (main_thread)[0x002f0350]} sys_semaphore: *** semaphore created [_spuWkl] (protocol=0x2): id = 55
HLE: W {PPU[1] Thread (main_thread)[0x002f0350]} sys_semaphore: sys_semaphore_create(sem_addr=0x20407000, attr_addr=0x20408000, initial_count=0, max_count=1)
HLE: ! {PPU[1] Thread (main_thread)[0x002f0350]} sys_semaphore: *** semaphore created [_spuWkl] (protocol=0x2): id = 56
HLE: W {PPU[1] Thread (main_thread)[0x002f0350]} sys_semaphore: sys_semaphore_create(sem_addr=0x20407000, attr_addr=0x20408000, initial_count=0, max_count=1)
HLE: ! {PPU[1] Thread (main_thread)[0x002f0350]} sys_semaphore: *** semaphore created [_spuWkl] (protocol=0x2): id = 57
HLE: W {PPU[1] Thread (main_thread)[0x002f0350]} sys_semaphore: sys_semaphore_create(sem_addr=0x20407000, attr_addr=0x20408000, initial_count=0, max_count=1)
HLE: ! {PPU[1] Thread (main_thread)[0x002f0350]} sys_semaphore: *** semaphore created [_spuWkl] (protocol=0x2): id = 58
HLE: W {PPU[1] Thread (main_thread)[0x002f0350]} sys_semaphore: sys_semaphore_create(sem_addr=0x20407000, attr_addr=0x20408000, initial_count=0, max_count=1)
HLE: ! {PPU[1] Thread (main_thread)[0x002f0350]} sys_semaphore: *** semaphore created [_spuWkl] (protocol=0x2): id = 59
HLE: W {PPU[1] Thread (main_thread)[0x002f0350]} sys_semaphore: sys_semaphore_create(sem_addr=0x20407000, attr_addr=0x20408000, initial_count=0, max_count=1)
HLE: ! {PPU[1] Thread (main_thread)[0x002f0350]} sys_semaphore: *** semaphore created [_spuWkl] (protocol=0x2): id = 60
HLE: W {PPU[1] Thread (main_thread)[0x002f0350]} sys_semaphore: sys_semaphore_create(sem_addr=0x20407000, attr_addr=0x20408000, initial_count=0, max_count=1)
HLE: ! {PPU[1] Thread (main_thread)[0x002f0350]} sys_semaphore: *** semaphore created [_spuWkl] (protocol=0x2): id = 61
HLE: W {PPU[1] Thread (main_thread)[0x002f0350]} sys_semaphore: sys_semaphore_create(sem_addr=0x20407000, attr_addr=0x20408000, initial_count=0, max_count=1)
HLE: ! {PPU[1] Thread (main_thread)[0x002f0350]} sys_semaphore: *** semaphore created [_spuWkl] (protocol=0x2): id = 62
HLE: W {PPU[1] Thread (main_thread)[0x002f0350]} sys_semaphore: sys_semaphore_create(sem_addr=0x20407000, attr_addr=0x20408000, initial_count=0, max_count=1)
HLE: ! {PPU[1] Thread (main_thread)[0x002f0350]} sys_semaphore: *** semaphore created [_spuWkl] (protocol=0x2): id = 63
HLE: W {PPU[1] Thread (main_thread)[0x002f0350]} sys_semaphore: sys_semaphore_create(sem_addr=0x20407000, attr_addr=0x20408000, initial_count=0, max_count=1)
HLE: ! {PPU[1] Thread (main_thread)[0x002f0350]} sys_semaphore: *** semaphore created [_spuPrv] (protocol=0x2): id = 64
HLE: W {PPU[1] Thread (main_thread)[0x002f0350]} sys_spu: sys_spu_thread_group_create(id_addr=0x2040d000, num=1, prio=32, attr_addr=0x2040f000)
HLE: ! {PPU[1] Thread (main_thread)[0x002f0350]} sys_spu: *** SPU Thread Group created [CellSpursKernelGroup] (num=1, prio=32, type=0x0, container=0): id=65
HLE: W {PPU[1] Thread (main_thread)[0x002f0350]} sys_spu: sys_spu_thread_initialize(thread_addr=0x20411000, group=0x41000000, spu_num=0, img_addr=0x113ee5f0, attr_addr=0x20412000, arg_addr=0x20410000)
HLE: W {PPU[1] Thread (main_thread)[0x002f0350]} sys_spu: sys_spu_thread_group_destroy(id=1090519040)
HLE: W {PPU[1] Thread (main_thread)[0x002f0350]} sysPrxForUser: sys_spu_image_close(img=0x113ee5f0)
HLE: W {PPU[1] Thread (main_thread)[0x002f0350]} sys_semaphore: sys_semaphore_destroy(sem_id=1073741824)
HLE: W {PPU[1] Thread (main_thread)[0x002f0350]} sys_semaphore: sys_semaphore_destroy(sem_id=805306368)
HLE: W {PPU[1] Thread (main_thread)[0x002f0350]} sys_semaphore: sys_semaphore_destroy(sem_id=822083584)
HLE: W {PPU[1] Thread (main_thread)[0x002f0350]} sys_semaphore: sys_semaphore_destroy(sem_id=838860800)
HLE: W {PPU[1] Thread (main_thread)[0x002f0350]} sys_semaphore: sys_semaphore_destroy(sem_id=855638016)
HLE: W {PPU[1] Thread (main_thread)[0x002f0350]} sys_semaphore: sys_semaphore_destroy(sem_id=872415232)
HLE: W {PPU[1] Thread (main_thread)[0x002f0350]} sys_semaphore: sys_semaphore_destroy(sem_id=889192448)
HLE: W {PPU[1] Thread (main_thread)[0x002f0350]} sys_semaphore: sys_semaphore_destroy(sem_id=905969664)
HLE: W {PPU[1] Thread (main_thread)[0x002f0350]} sys_semaphore: sys_semaphore_destroy(sem_id=922746880)
HLE: W {PPU[1] Thread (main_thread)[0x002f0350]} sys_semaphore: sys_semaphore_destroy(sem_id=939524096)
HLE: W {PPU[1] Thread (main_thread)[0x002f0350]} sys_semaphore: sys_semaphore_destroy(sem_id=956301312)
HLE: W {PPU[1] Thread (main_thread)[0x002f0350]} sys_semaphore: sys_semaphore_destroy(sem_id=973078528)
HLE: W {PPU[1] Thread (main_thread)[0x002f0350]} sys_semaphore: sys_semaphore_destroy(sem_id=989855744)
HLE: W {PPU[1] Thread (main_thread)[0x002f0350]} sys_semaphore: sys_semaphore_destroy(sem_id=1006632960)
HLE: W {PPU[1] Thread (main_thread)[0x002f0350]} sys_semaphore: sys_semaphore_destroy(sem_id=1023410176)
HLE: W {PPU[1] Thread (main_thread)[0x002f0350]} sys_semaphore: sys_semaphore_destroy(sem_id=1040187392)
HLE: W {PPU[1] Thread (main_thread)[0x002f0350]} sys_semaphore: sys_semaphore_destroy(sem_id=1056964608)
HLE: W {PPU[1] Thread (main_thread)[0x002efc70]} sys_lwmutex: sys_lwmutex_destroy(lwmutex_addr=0x206190f0)
HLE: W {PPU[1] Thread (main_thread)[0x002efc70]} sys_lwmutex: sys_lwmutex_destroy(lwmutex_addr=0x206190b0)
HLE: W {PPU[1] Thread (main_thread)[0x002efc70]} sys_lwmutex: sys_lwmutex_destroy(lwmutex_addr=0x113ee910)
HLE: W {PPU[1] Thread (main_thread)[0x002efc70]} sys_lwmutex: sys_lwmutex_destroy(lwmutex_addr=0x20616c10)
HLE: W {PPU[1] Thread (main_thread)[0x002efc70]} sys_lwmutex: sys_lwmutex_destroy(lwmutex_addr=0x20616bd0)
HLE: W {PPU[1] Thread (main_thread)[0x0001333c]} sys_mutex: *** mutex created [] (protocol=0x2, recursive=false): id = 66
HLE: W {PPU[1] Thread (main_thread)[0x00013354]} sys_cond: *** cond created [] (mutex_id=66): id = 67
HLE: ! {PPU[1] Thread (main_thread)[0x002efb70]} sys_ppu_thread: *** New PPU Thread [ptnSndTickTh] (joinable, entry=0x301830): id = 68
G: E {PPU[1] Thread (main_thread)[0x002a7fcc]} Exception: Access violation reading location 0x8
G: E {PPU[1] Thread (main_thread)[0x002a7fcc]} Information: is_alive=1, m_last_syscall=0x0 ()
G: W {PPU[1] Thread (main_thread)[0x002a7fcc]} Registers:
=========
GPR[0] = 0xd003f6ff
GPR[1] = 0xd003f680
GPR[2] = 0x320b80
GPR[3] = 0xd003f6f0
GPR[4] = 0xd003ee23
GPR[5] = 0xa
GPR[6] = 0xd003e8d0
GPR[7] = 0xd003f6f0
GPR[8] = 0x2a
GPR[9] = 0x0
GPR[10] = 0xd003f730
GPR[11] = 0x113e91a4
GPR[12] = 0x5
GPR[13] = 0x32b030
GPR[14] = 0x0
GPR[15] = 0x0
GPR[16] = 0x0
GPR[17] = 0x0
GPR[18] = 0x0
GPR[19] = 0x0
GPR[20] = 0x0
GPR[21] = 0x0
GPR[22] = 0x0
GPR[23] = 0x0
GPR[24] = 0x0
GPR[25] = 0x0
GPR[26] = 0x0
GPR[27] = 0xd003f6f0
GPR[28] = 0x10114f70
GPR[29] = 0xd003f7a0
GPR[30] = 0x0
GPR[31] = 0xd003f690
FPR[0] = 0
FPR[1] = 0
FPR[2] = 1
FPR[3] = 3.55727E-321
FPR[4] = 6.32404E-321
FPR[5] = 640
FPR[6] = -360
FPR[7] = 0
FPR[8] = 0
FPR[9] = -0.5
FPR[10] = -360
FPR[11] = 640
FPR[12] = 0.5
FPR[13] = 2
FPR[14] = 0
FPR[15] = 0
FPR[16] = 0
FPR[17] = 0
FPR[18] = 0
FPR[19] = 0
FPR[20] = 0
FPR[21] = 0
FPR[22] = 0
FPR[23] = 0
FPR[24] = 0
FPR[25] = 0
FPR[26] = 0
FPR[27] = 0
FPR[28] = 0
FPR[29] = 0
FPR[30] = 0
FPR[31] = 0
VPR[0] = 0x00000000000000000000000000000000 [x: 0 y: 0 z: 0 w: 0]
VPR[1] = 0x3b8888890000000000000000bf800000 [x: 0.00416667 y: 0 z: 0 w: -1]
VPR[2] = 0x00000000000000000000000000000000 [x: 0 y: 0 z: 0 w: 0]
VPR[3] = 0x00000000000000000000000000000000 [x: 0 y: 0 z: 0 w: 0]
VPR[4] = 0x00000000000000000000000000000000 [x: 0 y: 0 z: 0 w: 0]
VPR[5] = 0x00000000000000000000000000000000 [x: 0 y: 0 z: 0 w: 0]
VPR[6] = 0x00000000000000000000000000000000 [x: 0 y: 0 z: 0 w: 0]
VPR[7] = 0x00000000000000000000000000000000 [x: 0 y: 0 z: 0 w: 0]
VPR[8] = 0x00000000000000000000000000000000 [x: 0 y: 0 z: 0 w: 0]
VPR[9] = 0x00000000000000000000000000000000 [x: 0 y: 0 z: 0 w: 0]
VPR[10] = 0x0000000000000000000000003f800000 [x: 0 y: 0 z: 0 w: 1]
VPR[11] = 0x000000003f800000000000003f800000 [x: 0 y: 1 z: 0 w: 1]
VPR[12] = 0x00000000bbf0f0f1000000003f800000 [x: 0 y: -0.00735294 z: 0 w: 1]
VPR[13] = 0x0000000000000000b80000803f800000 [x: 0 y: 0 z: -3.0518e-005 w: 1]
VPR[14] = 0x00000000000000000000000000000000 [x: 0 y: 0 z: 0 w: 0]
VPR[15] = 0x00000000000000000000000000000000 [x: 0 y: 0 z: 0 w: 0]
VPR[16] = 0x00000000000000000000000000000000 [x: 0 y: 0 z: 0 w: 0]
VPR[17] = 0x00000000000000000000000000000000 [x: 0 y: 0 z: 0 w: 0]
VPR[18] = 0x00000000000000000000000000000000 [x: 0 y: 0 z: 0 w: 0]
VPR[19] = 0x00000000000000000000000000000000 [x: 0 y: 0 z: 0 w: 0]
VPR[20] = 0x00000000000000000000000000000000 [x: 0 y: 0 z: 0 w: 0]
VPR[21] = 0x00000000000000000000000000000000 [x: 0 y: 0 z: 0 w: 0]
VPR[22] = 0x00000000000000000000000000000000 [x: 0 y: 0 z: 0 w: 0]
VPR[23] = 0x00000000000000000000000000000000 [x: 0 y: 0 z: 0 w: 0]
VPR[24] = 0x00000000000000000000000000000000 [x: 0 y: 0 z: 0 w: 0]
VPR[25] = 0x00000000000000000000000000000000 [x: 0 y: 0 z: 0 w: 0]
VPR[26] = 0x00000000000000000000000000000000 [x: 0 y: 0 z: 0 w: 0]
VPR[27] = 0x00000000000000000000000000000000 [x: 0 y: 0 z: 0 w: 0]
VPR[28] = 0x00000000000000000000000000000000 [x: 0 y: 0 z: 0 w: 0]
VPR[29] = 0x00000000000000000000000000000000 [x: 0 y: 0 z: 0 w: 0]
VPR[30] = 0x00000000000000000000000000000000 [x: 0 y: 0 z: 0 w: 0]
VPR[31] = 0x00000000000000000000000000000000 [x: 0 y: 0 z: 0 w: 0]
CR = 0x84000044
LR = 0x2a8344
CTR = 0x1bf28
XER = 0x20000000 [CA=309237645313 | OV=0 | SO=140694538682368]
FPSCR = 0x82004000 [RN=0 | NI=0 | XE=0 | ZE=0 | UE=0 | OE=0 | VE=0 | VXCVI=0 | VXSQRT=0 | VXSOFT=0 | FPRF=4 | FI=0 | FR=0 | VXVC=0 | VXIMZ=0 | VXZDZ=0 | VXIDI=0 | VXISI=0 | VXSNAN=0 | XX=1 | ZX=0 | UX=0 | OX=0 | VX=0 | FEX=0 | FX=1]

