LDR: E PSFLoader::Load() failed: unknown magic (0x0)
G: ! RPCS3 0.0.0.5 v0.0.0.5-2505-g91cfa6b
G: ! 
G: ! Stopping emulator...
LDR: ! Loading 'D:/Emulateurs/Rpcs3/dev_hdd0/game/NPEA00289/USRDIR/BOOT.BIN'...
G: W fs::file::open('D:/Emulateurs/Rpcs3/dev_hdd0/game/NPEA00289/dev_bdvd.path', 0x1) failed: error 0x2
LDR: ! 
LDR: ! Mount info:
LDR: ! /dev_usb000/ -> D:/Emulateurs/Rpcs3/dev_usb000/
LDR: ! /dev_flash/ -> D:/Emulateurs/Rpcs3/dev_flash/
LDR: ! /host_root/ -> 
LDR: ! /dev_hdd0/ -> D:/Emulateurs/Rpcs3/dev_hdd0/
LDR: ! /dev_hdd1/ -> D:/Emulateurs/Rpcs3/dev_hdd1/
LDR: ! /dev_usb/ -> D:/Emulateurs/Rpcs3/dev_usb000/
LDR: ! 
LDR: ! Settings:
LDR: ! CPU: PPU Interpreter 2
LDR: ! SPU: SPU Recompiler (ASMJIT)
LDR: ! Renderer: DirectX 12
LDR: ! D3D Adapter: Default
LDR: ! Resolution: 1280x720
LDR: ! Write Depth Buffer: No
LDR: ! Write Color Buffers: No
LDR: ! Read Color Buffer: No
LDR: ! Audio Out: XAudio2
LDR: ! Log Everything: No
LDR: ! RSX Logging: No
LDR: ! 
LDR: ! Title: Sound Shapes™
LDR: ! Serial: NPEA00289
LDR: ! Elf path: /dev_hdd0/game/NPEA00289/USRDIR/BOOT.BIN
LDR: ! 
LDR: ! loader::init() failed: Broken file
LDR: ! *** sdk version: 0x430001
LDR: ! *** primary prio: 1001
LDR: ! *** primary stacksize: 0x20000
LDR: ! *** malloc pagesize: 0x100000
LDR: ! *** ppc seg: 0x0
LDR: ! Imported function 'cellPadInit' in 'sys_io' module (0x36134c)
LDR: ! Imported function 'cellPadEnd' in 'sys_io' module (0x36136c)
LDR: ! Imported function 'cellPadSetPortSetting' in 'sys_io' module (0x36138c)
LDR: ! Imported function 'cellPadGetData' in 'sys_io' module (0x3613ac)
LDR: ! Imported function 'cellPadGetInfo2' in 'sys_io' module (0x3613cc)
LDR: ! Imported function 'cellKbEnd' in 'sys_io' module (0x3613ec)
LDR: ! Imported function 'cellPadSetActDirect' in 'sys_io' module (0x36140c)
LDR: ! Imported function '_cellSpursTasksetAttributeInitialize' in 'cellSpurs' module (0x36142c)
LDR: ! Imported function 'cellSpursDestroyTaskset2' in 'cellSpurs' module (0x36144c)
LDR: ! Imported function 'cellSpursEventFlagDetachLv2EventQueue' in 'cellSpurs' module (0x36146c)
LDR: ! Imported function 'cellSpursEventFlagClear' in 'cellSpurs' module (0x36148c)
LDR: ! Imported function '_cellSpursEventFlagInitialize' in 'cellSpurs' module (0x3614ac)
LDR: ! Imported function 'cellSpursTasksetAttributeSetName' in 'cellSpurs' module (0x3614cc)
LDR: ! Imported function 'cellSpursEventFlagAttachLv2EventQueue' in 'cellSpurs' module (0x3614ec)
LDR: ! Imported function 'cellSpursJoinTaskset' in 'cellSpurs' module (0x36150c)
LDR: ! Imported function 'cellSpursShutdownTaskset' in 'cellSpurs' module (0x36152c)
LDR: ! Imported function 'cellSpursJoinTask2' in 'cellSpurs' module (0x36154c)
LDR: ! Imported function 'cellSpursInitialize' in 'cellSpurs' module (0x36156c)
LDR: ! Imported function 'cellSpursCreateTasksetWithAttribute' in 'cellSpurs' module (0x36158c)
LDR: ! Imported function 'cellSpursFinalize' in 'cellSpurs' module (0x3615ac)
LDR: ! Imported function 'cellSpursCreateTask2' in 'cellSpurs' module (0x3615cc)
LDR: ! Imported function '_cellSpursLFQueueInitialize' in 'cellSpurs' module (0x362b8c)
LDR: ! Imported function 'cellSpursLFQueueAttachLv2EventQueue' in 'cellSpurs' module (0x362bac)
LDR: ! Imported function 'cellSpursEventFlagWait' in 'cellSpurs' module (0x362bcc)
LDR: ! Imported function 'cellSpursLFQueueDetachLv2EventQueue' in 'cellSpurs' module (0x362bec)
LDR: ! Imported function '_cellSpursLFQueuePushBody' in 'cellSpurs' module (0x362c0c)
LDR: ! Imported function 'cellSpursCreateTask' in 'cellSpurs' module (0x362c2c)
LDR: ! Imported function 'cellSpursEventFlagSet' in 'cellSpurs' module (0x362c4c)
LDR: ! Imported function 'cellGcmGetTiledPitchSize' in 'cellGcmSys' module (0x3615ec)
LDR: ! Imported function '_cellGcmInitBody' in 'cellGcmSys' module (0x36160c)
LDR: ! Imported function '_cellGcmSetFlipCommand' in 'cellGcmSys' module (0x36162c)
LDR: ! Imported function 'cellGcmAddressToOffset' in 'cellGcmSys' module (0x36164c)
LDR: ! Imported function '_cellGcmFunc15' in 'cellGcmSys' module (0x36166c)
LDR: ! Imported function 'cellGcmBindTile' in 'cellGcmSys' module (0x36168c)
LDR: ! Imported function 'cellGcmSetFlipMode' in 'cellGcmSys' module (0x3616ac)
LDR: ! Imported function 'cellGcmSetSecondVFrequency' in 'cellGcmSys' module (0x3616cc)
LDR: ! Imported function 'cellGcmGetDefaultCommandWordSize' in 'cellGcmSys' module (0x3616ec)
LDR: ! Imported function 'cellGcmGetFlipStatus' in 'cellGcmSys' module (0x36170c)
LDR: ! Imported function 'cellGcmGetDefaultSegmentWordSize' in 'cellGcmSys' module (0x36172c)
LDR: ! Imported function 'cellGcmSetDefaultFifoSize' in 'cellGcmSys' module (0x36174c)
LDR: ! Imported function 'cellGcmSetFlipHandler' in 'cellGcmSys' module (0x36176c)
LDR: ! Imported function 'cellGcmSetDisplayBuffer' in 'cellGcmSys' module (0x36178c)
LDR: ! Imported function 'cellGcmGetControlRegister' in 'cellGcmSys' module (0x3617ac)
LDR: ! Imported function 'cellGcmSetVBlankHandler' in 'cellGcmSys' module (0x3617cc)
LDR: ! Imported function 'cellGcmResetFlipStatus' in 'cellGcmSys' module (0x3617ec)
LDR: ! Imported function 'cellGcmSetTileInfo' in 'cellGcmSys' module (0x36180c)
LDR: ! Imported function '_cellGcmSetFlipCommandWithWaitLabel' in 'cellGcmSys' module (0x36182c)
LDR: ! Imported function 'cellGcmGetConfiguration' in 'cellGcmSys' module (0x36184c)
LDR: ! Imported function 'cellGcmGetLabelAddress' in 'cellGcmSys' module (0x36186c)
LDR: ! Imported function 'cellFsStat' in 'sys_fs' module (0x36188c)
LDR: ! Imported function 'cellFsMkdir' in 'sys_fs' module (0x3618ac)
LDR: ! Imported function 'cellFsRmdir' in 'sys_fs' module (0x362e8c)
LDR: ! Imported function 'cellFsClose' in 'sys_fs' module (0x362eac)
LDR: ! Imported function 'cellFsOpendir' in 'sys_fs' module (0x362ecc)
LDR: ! Imported function 'cellFsRead' in 'sys_fs' module (0x362eec)
LDR: ! Imported function 'cellFsReaddir' in 'sys_fs' module (0x362f0c)
LDR: ! Imported function 'cellFsSdataOpenByFd' in 'sys_fs' module (0x362f2c)
LDR: ! Imported function 'cellFsOpen' in 'sys_fs' module (0x362f4c)
LDR: ! Imported function 'cellFsUnlink' in 'sys_fs' module (0x362f6c)
LDR: ! Imported function 'cellFsFsync' in 'sys_fs' module (0x362f8c)
LDR: ! Imported function 'cellFsLseek' in 'sys_fs' module (0x362fac)
LDR: ! Imported function 'cellFsGetFreeSize' in 'sys_fs' module (0x362fcc)
LDR: ! Imported function 'cellFsSdataOpen' in 'sys_fs' module (0x362fec)
LDR: ! Imported function 'cellFsWrite' in 'sys_fs' module (0x36300c)
LDR: ! Imported function 'cellFsFstat' in 'sys_fs' module (0x36302c)
LDR: ! Imported function 'cellFsClosedir' in 'sys_fs' module (0x36304c)
LDR: ! Imported function 'sys_net_initialize_network_ex' in 'sys_net' module (0x3618cc)
LDR: ! Imported function 'sys_net_set_resolver_configurations' in 'sys_net' module (0x3618ec)
LDR: ! Imported function 'listen' in 'sys_net' module (0x36306c)
LDR: ! Imported function 'socketselect' in 'sys_net' module (0x36308c)
LDR: ! Imported function '_sys_net_errno_loc' in 'sys_net' module (0x3630ac)
LDR: ! Imported function 'connect' in 'sys_net' module (0x3630cc)
LDR: ! Imported function 'socketclose' in 'sys_net' module (0x3630ec)
LDR: ! Imported function 'gethostbyname' in 'sys_net' module (0x36310c)
LDR: ! Imported function 'setsockopt' in 'sys_net' module (0x36312c)
LDR: ! Imported function 'socket' in 'sys_net' module (0x36314c)
LDR: ! Imported function 'bind' in 'sys_net' module (0x36316c)
LDR: ! Imported function 'accept' in 'sys_net' module (0x36318c)
LDR: ! Imported function 'inet_addr' in 'sys_net' module (0x3631ac)
LDR: ! Imported function 'send' in 'sys_net' module (0x3631cc)
LDR: ! Imported function 'recv' in 'sys_net' module (0x3631ec)
LDR: ! Imported function 'cellNetCtlNetStartDialogLoadAsync' in 'cellNetCtl' module (0x36190c)
LDR: ! Imported function 'cellNetCtlNetStartDialogUnloadAsync' in 'cellNetCtl' module (0x36192c)
LDR: ! Imported function 'cellNetCtlInit' in 'cellNetCtl' module (0x36194c)
LDR: ! Imported function 'cellHttpUtilUnescapeUri' in 'cellHttpUtil' module (0x36196c)
LDR: ! Imported function 'cellHttpUtilParseUri' in 'cellHttpUtil' module (0x36198c)
LDR: ! Imported function 'cellHttpUtilEscapeUri' in 'cellHttpUtil' module (0x3619ac)
LDR: ! Imported function 'cellHttpCreateTransaction' in 'cellHttp' module (0x3619cc)
LDR: ! Imported function 'cellHttpResponseGetStatusCode' in 'cellHttp' module (0x3619ec)
LDR: ! Imported function 'cellHttpClientSetSslCallback' in 'cellHttp' module (0x361a0c)
LDR: ! Imported function 'cellHttpClientSetAutoRedirect' in 'cellHttp' module (0x361a2c)
LDR: ! Imported function 'cellHttpClientSetRecvTimeout' in 'cellHttp' module (0x361a4c)
LDR: ! Imported function 'cellHttpInit' in 'cellHttp' module (0x361a6c)
LDR: ! Imported function 'cellHttpTransactionAbortConnection' in 'cellHttp' module (0x361a8c)
LDR: ! Imported function 'cellHttpDestroyTransaction' in 'cellHttp' module (0x361aac)
LDR: ! Imported function 'cellHttpClientSetRedirectCallback' in 'cellHttp' module (0x361acc)
LDR: ! Imported function 'cellHttpCreateClient' in 'cellHttp' module (0x361aec)
LDR: ! Imported function 'cellHttpsInit' in 'cellHttp' module (0x361b0c)
LDR: ! Imported function 'cellHttpClientDeleteHeader' in 'cellHttp' module (0x361b2c)
LDR: ! Imported function 'cellHttpRecvResponse' in 'cellHttp' module (0x361b4c)
LDR: ! Imported function 'cellHttpClientSetSendTimeout' in 'cellHttp' module (0x361b6c)
LDR: ! Imported function 'cellHttpRequestGetContentLength' in 'cellHttp' module (0x361b8c)
LDR: ! Imported function 'cellHttpDestroyClient' in 'cellHttp' module (0x361bac)
LDR: ! Imported function 'cellHttpClientSetHeader' in 'cellHttp' module (0x361bcc)
LDR: ! Imported function 'cellHttpSendRequest' in 'cellHttp' module (0x361bec)
LDR: ! Imported function 'cellHttpRequestSetContentLength' in 'cellHttp' module (0x361c0c)
LDR: ! Imported function 'cellHttpEnd' in 'cellHttp' module (0x361c2c)
LDR: ! Imported function 'cellHttpClientSetConnTimeout' in 'cellHttp' module (0x361c4c)
LDR: ! Imported function 'cellHttpRequestAddHeader' in 'cellHttp' module (0x361c6c)
LDR: ! Imported function 'cellSslEnd' in 'cellSsl' module (0x361c8c)
LDR: ! Imported function 'cellSslCertificateLoader' in 'cellSsl' module (0x361cac)
LDR: ! Imported function 'cellSslInit' in 'cellSsl' module (0x361ccc)
LDR: ! Imported function 'cellRtcGetCurrentClock' in 'cellRtc' module (0x361cec)
LDR: ! Imported function 'cellRtcSetTick' in 'cellRtc' module (0x361d0c)
LDR: ! Imported function 'cellRtcSetTime_t' in 'cellRtc' module (0x361d2c)
LDR: ! Imported function 'cellRtcConvertUtcToLocalTime' in 'cellRtc' module (0x361d4c)
LDR: ! Imported function 'cellRtcGetTick' in 'cellRtc' module (0x361d6c)
LDR: ! Imported function 'cellRtcGetTime_t' in 'cellRtc' module (0x361d8c)
LDR: ! Imported function 'cellSysmoduleUnloadModule' in 'cellSysmodule' module (0x361dac)
LDR: ! Imported function 'cellSysmoduleLoadModule' in 'cellSysmodule' module (0x361dcc)
LDR: ! Imported function 'cellSysmoduleIsLoaded' in 'cellSysmodule' module (0x361dec)
LDR: ! Imported function 'cellSysmoduleInitialize' in 'cellSysmodule' module (0x361e0c)
LDR: ! Imported function 'cellSysutilUnregisterCallback' in 'cellSysutil' module (0x361e2c)
LDR: ! Imported function 'cellVideoOutConfigure' in 'cellSysutil' module (0x361e4c)
LDR: ! Imported function 'cellSysutilCheckCallback' in 'cellSysutil' module (0x361e6c)
LDR: ! Imported function 'cellOskDialogGetSize' in 'cellSysutil' module (0x361e8c)
LDR: ! Imported function 'cellOskDialogUnloadAsync' in 'cellSysutil' module (0x361eac)
LDR: ! Imported function 'cellSysutilGetSystemParamInt' in 'cellSysutil' module (0x361ecc)
LDR: ! Imported function 'cellAudioOutConfigure' in 'cellSysutil' module (0x361eec)
LDR: ! Imported function 'cellMsgDialogOpen2' in 'cellSysutil' module (0x361f0c)
LDR: ! Imported function 'cellOskDialogAddSupportLanguage' in 'cellSysutil' module (0x361f2c)
LDR: ! Imported function 'cellOskDialogLoadAsync' in 'cellSysutil' module (0x361f4c)
LDR: ! Imported function 'cellVideoOutGetState' in 'cellSysutil' module (0x361f6c)
LDR: ! Imported function 'cellSaveDataAutoSave2' in 'cellSysutil' module (0x361f8c)
LDR: ! Imported function 'cellSysutilRegisterCallback' in 'cellSysutil' module (0x361fac)
LDR: ! Imported function 'cellOskDialogSetKeyLayoutOption' in 'cellSysutil' module (0x361fcc)
LDR: ! Imported function 'cellOskDialogSetInitialKeyLayout' in 'cellSysutil' module (0x361fec)
LDR: ! Imported function 'cellVideoOutGetResolution' in 'cellSysutil' module (0x36200c)
LDR: ! Imported function 'cellAudioOutGetConfiguration' in 'cellSysutil' module (0x36202c)
LDR: ! Imported function 'cellOskDialogSetLayoutMode' in 'cellSysutil' module (0x36204c)
LDR: ! Imported function 'cellSaveDataAutoLoad2' in 'cellSysutil' module (0x36206c)
LDR: ! Imported function 'cellSysutilGetBgmPlaybackStatus' in 'cellSysutil' module (0x36320c)
LDR: ! Imported function 'cellAudioOutGetSoundAvailability' in 'cellSysutil' module (0x36322c)
LDR: ! Imported function 'cellGameCreateGameData' in 'cellGame' module (0x36208c)
LDR: ! Imported function 'cellGameContentPermit' in 'cellGame' module (0x3620ac)
LDR: ! Imported function 'cellGameContentErrorDialog' in 'cellGame' module (0x3620cc)
LDR: ! Imported function 'cellGameBootCheck' in 'cellGame' module (0x3620ec)
LDR: ! Imported function 'cellSaveDataUserListDelete' in 'cellSaveData' module (0x36210c)
LDR: ! Imported function 'cellOskDialogExtSetInitialScale' in 'cellOskExtUtility' module (0x36212c)
LDR: ! Imported function 'cellOskDialogExtRegisterConfirmWordFilterCallback' in 'cellOskExtUtility' module (0x36214c)
LDR: ! Imported function 'cellOskDialogExtRegisterForceFinishCallback' in 'cellOskExtUtility' module (0x36216c)
LDR: ! Imported function 'cellVideoOutSetGamma' in 'cellSysutilAvconfExt' module (0x36218c)
LDR: ! Imported function 'cellAudioInGetAvailableDeviceInfo' in 'cellSysutilAvconfExt' module (0x36324c)
LDR: ! Imported function 'cellAudioInSetDeviceMode' in 'cellSysutilAvconfExt' module (0x36326c)
LDR: ! Imported function 'cellAudioInRegisterDevice' in 'cellSysutilAvconfExt' module (0x36328c)
LDR: ! Imported function 'cellAudioInUnregisterDevice' in 'cellSysutilAvconfExt' module (0x3632ac)
LDR: ! Imported function 'sceNpBasicGetFriendListEntry' in 'sceNp' module (0x3621ac)
LDR: ! Imported function 'sceNpManagerGetTicket' in 'sceNp' module (0x3621cc)
LDR: ! Imported function 'sceNpTerm' in 'sceNp' module (0x3621ec)
LDR: ! Imported function 'sceNpManagerUnregisterCallback' in 'sceNp' module (0x36220c)
LDR: ! Imported function 'sceNpManagerGetContentRatingFlag' in 'sceNp' module (0x36222c)
LDR: ! Imported function 'sceNpManagerRequestTicket2' in 'sceNp' module (0x36224c)
LDR: ! Imported function 'sceNpManagerGetStatus' in 'sceNp' module (0x36226c)
LDR: ! Imported function 'sceNpDrmIsAvailable' in 'sceNp' module (0x36228c)
LDR: ! Imported function 'sceNpBasicGetFriendListEntryCount' in 'sceNp' module (0x3622ac)
LDR: ! Imported function 'sceNpManagerGetAccountRegion' in 'sceNp' module (0x3622cc)
LDR: ! Imported function 'sceNpInit' in 'sceNp' module (0x3622ec)
LDR: ! Imported function 'sceNpManagerGetOnlineId' in 'sceNp' module (0x36230c)
LDR: ! Imported function 'sceNpManagerRegisterCallback' in 'sceNp' module (0x36232c)
LDR: ! Imported function 'sceNpManagerGetChatRestrictionFlag' in 'sceNp' module (0x36234c)
LDR: ! Imported function 'sceNpDrmIsAvailable2' in 'sceNp' module (0x36236c)
LDR: ! Imported function 'sceNpManagerGetNpId' in 'sceNp' module (0x36238c)
LDR: ! Imported function 'sceNpTrophyRegisterContext' in 'sceNpTrophy' module (0x3623ac)
LDR: ! Imported function 'sceNpTrophyCreateHandle' in 'sceNpTrophy' module (0x3623cc)
LDR: ! Imported function 'sceNpTrophyGetRequiredDiskSpace' in 'sceNpTrophy' module (0x3623ec)
LDR: ! Imported function 'sceNpTrophyDestroyContext' in 'sceNpTrophy' module (0x36240c)
LDR: ! Imported function 'sceNpTrophyInit' in 'sceNpTrophy' module (0x36242c)
LDR: ! Imported function 'sceNpTrophyDestroyHandle' in 'sceNpTrophy' module (0x36244c)
LDR: ! Imported function 'sceNpTrophyUnlockTrophy' in 'sceNpTrophy' module (0x36246c)
LDR: ! Imported function 'sceNpTrophyTerm' in 'sceNpTrophy' module (0x36248c)
LDR: ! Imported function 'sceNpTrophyCreateContext' in 'sceNpTrophy' module (0x3624ac)
LDR: ! Imported function 'sceNpCommerce2DoCheckoutStartAsync' in 'sceNpCommerce2' module (0x3624cc)
LDR: ! Imported function 'sceNpCommerce2DestroyReq' in 'sceNpCommerce2' module (0x3624ec)
LDR: ! Imported function 'sceNpCommerce2Init' in 'sceNpCommerce2' module (0x36250c)
LDR: ! Imported function 'sceNpCommerce2GetCategoryContentsStart' in 'sceNpCommerce2' module (0x36252c)
LDR: ! Imported function 'sceNpCommerce2DoDlListFinishAsync' in 'sceNpCommerce2' module (0x36254c)
LDR: ! Imported function 'sceNpCommerce2EmptyStoreCheckStart' in 'sceNpCommerce2' module (0x36256c)
LDR: ! Imported function 'sceNpCommerce2DoDlListStartAsync' in 'sceNpCommerce2' module (0x36258c)
LDR: ! Imported function 'sceNpCommerce2DestroyCtx' in 'sceNpCommerce2' module (0x3625ac)
LDR: ! Imported function 'sceNpCommerce2GetCategoryContentsCreateReq' in 'sceNpCommerce2' module (0x3625cc)
LDR: ! Imported function 'sceNpCommerce2GetProductInfoStart' in 'sceNpCommerce2' module (0x3625ec)
LDR: ! Imported function 'sceNpCommerce2CreateSessionFinish' in 'sceNpCommerce2' module (0x36260c)
LDR: ! Imported function 'sceNpCommerce2GetContentInfo' in 'sceNpCommerce2' module (0x36262c)
LDR: ! Imported function 'sceNpCommerce2DestroyGetCategoryContentsResult' in 'sceNpCommerce2' module (0x36264c)
LDR: ! Imported function 'sceNpCommerce2GetProductInfoCreateReq' in 'sceNpCommerce2' module (0x36266c)
LDR: ! Imported function 'sceNpCommerce2GetCategoryInfo' in 'sceNpCommerce2' module (0x36268c)
LDR: ! Imported function 'sceNpCommerce2GetProductInfoGetResult' in 'sceNpCommerce2' module (0x3626ac)
LDR: ! Imported function 'sceNpCommerce2EmptyStoreCheckFinish' in 'sceNpCommerce2' module (0x3626cc)
LDR: ! Imported function 'sceNpCommerce2GetCategoryContentsGetResult' in 'sceNpCommerce2' module (0x3626ec)
LDR: ! Imported function 'sceNpCommerce2CreateSessionStart' in 'sceNpCommerce2' module (0x36270c)
LDR: ! Imported function 'sceNpCommerce2DoCheckoutFinishAsync' in 'sceNpCommerce2' module (0x36272c)
LDR: ! Imported function 'sceNpCommerce2InitGetCategoryContentsResult' in 'sceNpCommerce2' module (0x36274c)
LDR: ! Imported function 'sceNpCommerce2CreateCtx' in 'sceNpCommerce2' module (0x36276c)
LDR: ! Imported function 'sceNpCommerce2GetPrice' in 'sceNpCommerce2' module (0x36278c)
LDR: ! Imported function 'sceNpCommerce2GetGameSkuInfoFromGameProductInfo' in 'sceNpCommerce2' module (0x3627ac)
LDR: ! Imported function 'sceNpCommerce2GetGameProductInfoFromContentInfo' in 'sceNpCommerce2' module (0x3627cc)
LDR: ! Imported function 'sceNpCommerce2GetGameProductInfo' in 'sceNpCommerce2' module (0x3627ec)
LDR: ! Imported function 'sceNpCommerce2DestroyGetProductInfoResult' in 'sceNpCommerce2' module (0x36280c)
LDR: ! Imported function 'sceNpCommerce2InitGetProductInfoResult' in 'sceNpCommerce2' module (0x36282c)
LDR: ! Imported function 'cellSpursJobQueueAttributeSetDoBusyWaiting' in 'cellSpursJq' module (0x36284c)
LDR: ! Imported function 'cellSpursJobQueueAttributeSetSubmitWithEntryLock' in 'cellSpursJq' module (0x36286c)
LDR: ! Imported function 'cellSpursJobQueueAttributeSetMaxSizeJobDescriptor' in 'cellSpursJq' module (0x36288c)
LDR: ! Imported function 'cellSpursJobQueueClose' in 'cellSpursJq' module (0x3628ac)
LDR: ! Imported function '_cellSpursJobQueuePushJob2Body' in 'cellSpursJq' module (0x3628cc)
LDR: ! Imported function 'cellSpursJobQueueAttributeInitialize' in 'cellSpursJq' module (0x3628ec)
LDR: ! Imported function 'cellSpursJobQueueSemaphoreInitialize' in 'cellSpursJq' module (0x36290c)
LDR: ! Imported function 'cellSpursJobQueueSemaphoreAcquire' in 'cellSpursJq' module (0x36292c)
LDR: ! Imported function 'cellSpursJobQueueAttributeSetIsJobTypeMemoryCheck' in 'cellSpursJq' module (0x36294c)
LDR: ! Imported function 'cellSpursShutdownJobQueue' in 'cellSpursJq' module (0x36296c)
LDR: ! Imported function 'cellSpursJoinJobQueue' in 'cellSpursJq' module (0x36298c)
LDR: ! Imported function 'cellSpursJobQueueAttributeSetGrabParameters' in 'cellSpursJq' module (0x3629ac)
LDR: ! Imported function '_cellSpursCreateJobQueue' in 'cellSpursJq' module (0x3629cc)
LDR: ! Imported function 'cellSpursJobQueueAttributeSetIsHaltOnError' in 'cellSpursJq' module (0x3629ec)
LDR: ! Imported function 'cellSpursJobQueueOpen' in 'cellSpursJq' module (0x362a0c)
LDR: ! Imported function 'cellFiberPpuYield' in 'cellFiber' module (0x362a2c)
LDR: ! Imported function 'cellFiberPpuRunFibers' in 'cellFiber' module (0x362a4c)
LDR: ! Imported function 'cellFiberPpuWaitSignal' in 'cellFiber' module (0x362a6c)
LDR: ! Imported function 'cellFiberPpuCreateFiber' in 'cellFiber' module (0x362a8c)
LDR: ! Imported function 'cellFiberPpuSendSignal' in 'cellFiber' module (0x362aac)
LDR: ! Imported function '_cellFiberPpuSchedulerAttributeInitialize' in 'cellFiber' module (0x362acc)
LDR: ! Imported function 'cellFiberPpuJoinFiber' in 'cellFiber' module (0x362aec)
LDR: ! Imported function '_cellFiberPpuAttributeInitialize' in 'cellFiber' module (0x362b0c)
LDR: ! Imported function 'cellFiberPpuHasRunnableFiber' in 'cellFiber' module (0x362b2c)
LDR: ! Imported function 'cellFiberPpuInitializeScheduler' in 'cellFiber' module (0x362b4c)
LDR: ! Imported function '_cellFiberPpuInitialize' in 'cellFiber' module (0x362b6c)
LDR: ! Imported function 'cellAudioCreateNotifyEventQueue' in 'cellAudio' module (0x362c6c)
LDR: ! Imported function 'cellAudioInit' in 'cellAudio' module (0x362c8c)
LDR: ! Imported function 'cellAudioSetNotifyEventQueue' in 'cellAudio' module (0x362cac)
LDR: ! Imported function 'cellAudioPortClose' in 'cellAudio' module (0x362ccc)
LDR: ! Imported function 'cellAudioPortStop' in 'cellAudio' module (0x362cec)
LDR: ! Imported function 'cellAudioGetPortConfig' in 'cellAudio' module (0x362d0c)
LDR: ! Imported function 'cellAudioPortStart' in 'cellAudio' module (0x362d2c)
LDR: ! Imported function 'cellAudioQuit' in 'cellAudio' module (0x362d4c)
LDR: ! Imported function 'cellAudioPortOpen' in 'cellAudio' module (0x362d6c)
LDR: ! Imported function 'cellAudioRemoveNotifyEventQueue' in 'cellAudio' module (0x362d8c)
LDR: ! Imported function 'cellMicOpenEx' in 'cellMic' module (0x362dac)
LDR: ! Imported function 'cellMicRead' in 'cellMic' module (0x362dcc)
LDR: ! Imported function 'cellMicIsAttached' in 'cellMic' module (0x362dec)
LDR: ! Imported function 'cellMicSetNotifyEventQueue' in 'cellMic' module (0x362e0c)
LDR: ! Imported function 'cellMicClose' in 'cellMic' module (0x362e2c)
LDR: ! Imported function 'cellMicStart' in 'cellMic' module (0x362e4c)
LDR: ! Imported function 'cellMicStop' in 'cellMic' module (0x362e6c)
LDR: ! Imported function 'sys_lwmutex_lock' in 'sysPrxForUser' module (0x3632cc)
LDR: ! Imported function 'sys_lwmutex_unlock' in 'sysPrxForUser' module (0x3632ec)
LDR: ! Imported function 'sys_lwcond_destroy' in 'sysPrxForUser' module (0x36330c)
LDR: ! Imported function 'sys_ppu_thread_create' in 'sysPrxForUser' module (0x36332c)
LDR: ! Imported function 'sys_prx_load_module' in 'sysPrxForUser' module (0x36334c)
LDR: ! Imported function 'sys_lwcond_wait' in 'sysPrxForUser' module (0x36336c)
LDR: ! Imported function '_sys_process_atexitspawn' in 'sysPrxForUser' module (0x36338c)
LDR: ! Imported function 'sys_lwmutex_create' in 'sysPrxForUser' module (0x3633ac)
LDR: ! Imported function 'sys_ppu_thread_get_id' in 'sysPrxForUser' module (0x3633cc)
LDR: ! Imported function 'sys_prx_register_library' in 'sysPrxForUser' module (0x3633ec)
LDR: ! Imported function '_sys_spu_printf_initialize' in 'sysPrxForUser' module (0x36340c)
LDR: ! Imported function 'sys_process_is_stack' in 'sysPrxForUser' module (0x36342c)
LDR: ! Imported function 'sys_initialize_tls' in 'sysPrxForUser' module (0x36344c)
LDR: ! Imported function 'sys_time_get_system_time' in 'sysPrxForUser' module (0x36346c)
LDR: ! Imported function '_sys_process_at_Exitspawn' in 'sysPrxForUser' module (0x36348c)
LDR: ! Imported function 'sys_prx_exitspawn_with_level' in 'sysPrxForUser' module (0x3634ac)
LDR: ! Imported function 'sys_prx_load_module_on_memcontainer_by_fd' in 'sysPrxForUser' module (0x3634cc)
LDR: ! Imported function 'sys_ppu_thread_once' in 'sysPrxForUser' module (0x3634ec)
LDR: ! Imported function 'sys_prx_load_module_on_memcontainer' in 'sysPrxForUser' module (0x36350c)
LDR: ! Imported function 'sys_lwmutex_trylock' in 'sysPrxForUser' module (0x36352c)
LDR: ! Imported function 'sys_ppu_thread_exit' in 'sysPrxForUser' module (0x36354c)
LDR: ! Imported function 'sys_lwmutex_destroy' in 'sysPrxForUser' module (0x36356c)
LDR: ! Imported function 'sys_lwcond_create' in 'sysPrxForUser' module (0x36358c)
LDR: ! Imported function '_sys_spu_printf_finalize' in 'sysPrxForUser' module (0x3635ac)
LDR: ! Imported function 'sys_spu_image_close' in 'sysPrxForUser' module (0x3635cc)
LDR: ! Imported function 'sys_process_exit' in 'sysPrxForUser' module (0x3635ec)
LDR: ! Imported function 'sys_lwcond_signal_all' in 'sysPrxForUser' module (0x36360c)
LDR: ! Imported function 'sys_spu_image_import' in 'sysPrxForUser' module (0x36362c)
LDR: ! Imported function 'sys_prx_load_module_by_fd' in 'sysPrxForUser' module (0x36364c)
LDR: ! Imported function 'sys_lwcond_signal' in 'sysPrxForUser' module (0x36366c)
MEM: ! Thread Local Storage initialized (g_tls_start=0xfbf000, user_size=0x19c)
*** TLS segment addr: 0x0041f40c
*** TLS segment size: 0x00000004
HLE: W {PPU[0x1] Thread (main_thread)[0x003633ac]} sysPrxForUser: sys_lwmutex_create(lwmutex=*0xfbe298, attr=*0x39f528)
HLE: W {PPU[0x1] Thread (main_thread)[0x002c35c4]} sys_memory: sys_memory_get_user_memory_size(mem_info=*0xd001fc04)
HLE: W {PPU[0x1] Thread (main_thread)[0x003633ac]} sysPrxForUser: sys_lwmutex_create(lwmutex=*0xfbe098, attr=*0x39f528)
HLE: W {PPU[0x1] Thread (main_thread)[0x003633ac]} sysPrxForUser: sys_lwmutex_create(lwmutex=*0xfbd820, attr=*0x39f528)
HLE: W {PPU[0x1] Thread (main_thread)[0x003633ac]} sysPrxForUser: sys_lwmutex_create(lwmutex=*0xfbd848, attr=*0x39f528)
HLE: W {PPU[0x1] Thread (main_thread)[0x003633ac]} sysPrxForUser: sys_lwmutex_create(lwmutex=*0xfbd870, attr=*0x39f528)
HLE: W {PPU[0x1] Thread (main_thread)[0x003633ac]} sysPrxForUser: sys_lwmutex_create(lwmutex=*0xfbd758, attr=*0x39f528)
HLE: W {PPU[0x1] Thread (main_thread)[0x003633ac]} sysPrxForUser: sys_lwmutex_create(lwmutex=*0xfbd780, attr=*0x39f528)
HLE: W {PPU[0x1] Thread (main_thread)[0x003633ac]} sysPrxForUser: sys_lwmutex_create(lwmutex=*0xfbd7a8, attr=*0x39f528)
HLE: W {PPU[0x1] Thread (main_thread)[0x003633ac]} sysPrxForUser: sys_lwmutex_create(lwmutex=*0xfbd7d0, attr=*0x39f528)
HLE: W {PPU[0x1] Thread (main_thread)[0x003633ac]} sysPrxForUser: sys_lwmutex_create(lwmutex=*0xfbd7f8, attr=*0x39f528)
HLE: W {PPU[0x1] Thread (main_thread)[0x003633ac]} sysPrxForUser: sys_lwmutex_create(lwmutex=*0x8e4160, attr=*0x39f528)
HLE: W {PPU[0x1] Thread (main_thread)[0x003633ac]} sysPrxForUser: sys_lwmutex_create(lwmutex=*0x8e4130, attr=*0x39f528)
HLE: W {PPU[0x1] Thread (main_thread)[0x003633ac]} sysPrxForUser: sys_lwmutex_create(lwmutex=*0x8e4100, attr=*0x39f528)
HLE: W {PPU[0x1] Thread (main_thread)[0x003633ac]} sysPrxForUser: sys_lwmutex_create(lwmutex=*0x8e40d0, attr=*0x39f528)
HLE: W {PPU[0x1] Thread (main_thread)[0x003633ac]} sysPrxForUser: sys_lwmutex_create(lwmutex=*0x8e40a0, attr=*0x39f528)
HLE: W {PPU[0x1] Thread (main_thread)[0x003633ac]} sysPrxForUser: sys_lwmutex_create(lwmutex=*0x8e4070, attr=*0x39f528)
HLE: W {PPU[0x1] Thread (main_thread)[0x003633ac]} sysPrxForUser: sys_lwmutex_create(lwmutex=*0x8e4040, attr=*0x39f528)
HLE: W {PPU[0x1] Thread (main_thread)[0x003633ac]} sysPrxForUser: sys_lwmutex_create(lwmutex=*0x8e4010, attr=*0x39f528)
HLE: W {PPU[0x1] Thread (main_thread)[0x003633ac]} sysPrxForUser: sys_lwmutex_create(lwmutex=*0x8e3fe0, attr=*0x39f528)
HLE: W {PPU[0x1] Thread (main_thread)[0x003633ac]} sysPrxForUser: sys_lwmutex_create(lwmutex=*0x8e3fb0, attr=*0x39f528)
HLE: W {PPU[0x1] Thread (main_thread)[0x003633ac]} sysPrxForUser: sys_lwmutex_create(lwmutex=*0x8e3f80, attr=*0x39f528)
HLE: W {PPU[0x1] Thread (main_thread)[0x003633ac]} sysPrxForUser: sys_lwmutex_create(lwmutex=*0x8e3f50, attr=*0x39f528)
HLE: W {PPU[0x1] Thread (main_thread)[0x003633ac]} sysPrxForUser: sys_lwmutex_create(lwmutex=*0x430dd8, attr=*0xd001fbb0)
HLE: W {PPU[0x1] Thread (main_thread)[0x003633ac]} sysPrxForUser: sys_lwmutex_create(lwmutex=*0x431700, attr=*0xd001fbb0)
HLE: W {PPU[0x1] Thread (main_thread)[0x003633ac]} sysPrxForUser: sys_lwmutex_create(lwmutex=*0x4316d8, attr=*0xd001fbd0)
HLE: W {PPU[0x1] Thread (main_thread)[0x003633ac]} sysPrxForUser: sys_lwmutex_create(lwmutex=*0x4316b0, attr=*0xd001fbd0)
HLE: W {PPU[0x1] Thread (main_thread)[0x002b3d0c]} sys_time: sys_time_get_timezone(timezone=*0xd001fb20, summertime=*0xd001fb24)
HLE: W {PPU[0x1] Thread (main_thread)[0x002b577c]} sys_time: sys_time_get_timezone(timezone=*0xd001fb20, summertime=*0xd001fb24)
HLE: W {PPU[0x1] Thread (main_thread)[0x002b3c90]} sys_time: sys_time_get_timezone(timezone=*0xd001fb20, summertime=*0xd001fb24)
HLE: W {PPU[0x1] Thread (main_thread)[0x002b577c]} sys_time: sys_time_get_timezone(timezone=*0xd001fb20, summertime=*0xd001fb24)
HLE: W {PPU[0x1] Thread (main_thread)[0x003633ac]} sysPrxForUser: sys_lwmutex_create(lwmutex=*0xf9b9c8, attr=*0xd001fb50)
HLE: W {PPU[0x1] Thread (main_thread)[0x002c2218]} sys_memory: sys_memory_allocate(size=0x100000, flags=0x400, alloc_addr=*0xd001f9f0)
HLE: W {PPU[0x1] Thread (main_thread)[0x002c2218]} sys_memory: sys_memory_allocate(size=0x100000, flags=0x400, alloc_addr=*0xd001e730)
TTY: fix1\n
HLE: W {PPU[0x1] Thread (main_thread)[0x003633ac]} sysPrxForUser: sys_lwmutex_create(lwmutex=*0x8e3d40, attr=*0x39f528)
TTY: start: MALLOC STATS:\n
HLE: W {PPU[0x1] Thread (main_thread)[0x0036356c]} sys_lwmutex: _sys_lwmutex_destroy(lwmutex_id=0x1e)
HLE: W {PPU[0x1] Thread (main_thread)[0x003633ac]} sysPrxForUser: sys_lwmutex_create(lwmutex=*0x8e3d40, attr=*0x39f528)
TTY: start: system: 2097152/2097152 (100)\n
HLE: W {PPU[0x1] Thread (main_thread)[0x0036356c]} sys_lwmutex: _sys_lwmutex_destroy(lwmutex_id=0x1f)
HLE: W {PPU[0x1] Thread (main_thread)[0x003633ac]} sysPrxForUser: sys_lwmutex_create(lwmutex=*0x8e3d40, attr=*0x39f528)
TTY: start: in use: 1076544/2097152 (51)\n
HLE: W {PPU[0x1] Thread (main_thread)[0x0036356c]} sys_lwmutex: _sys_lwmutex_destroy(lwmutex_id=0x20)
HLE: W {PPU[0x1] Thread (main_thread)[0x003633ac]} sysPrxForUser: sys_lwmutex_create(lwmutex=*0x8e3d40, attr=*0x39f528)
TTY: start: deltas (iteration 0)\n
HLE: W {PPU[0x1] Thread (main_thread)[0x0036356c]} sys_lwmutex: _sys_lwmutex_destroy(lwmutex_id=0x21)
HLE: W {PPU[0x1] Thread (main_thread)[0x003633ac]} sysPrxForUser: sys_lwmutex_create(lwmutex=*0x8e3d40, attr=*0x39f528)
TTY: start: system delta: 2097152/2097152\n
HLE: W {PPU[0x1] Thread (main_thread)[0x0036356c]} sys_lwmutex: _sys_lwmutex_destroy(lwmutex_id=0x22)
HLE: W {PPU[0x1] Thread (main_thread)[0x003633ac]} sysPrxForUser: sys_lwmutex_create(lwmutex=*0x8e3d40, attr=*0x39f528)
TTY: start: inuse delta: 1076544\n
HLE: W {PPU[0x1] Thread (main_thread)[0x0036356c]} sys_lwmutex: _sys_lwmutex_destroy(lwmutex_id=0x23)
HLE: W {PPU[0x1] Thread (main_thread)[0x00173738]} sys_memory: sys_memory_get_user_memory_size(mem_info=*0xd001eac0)
HLE: W {PPU[0x1] Thread (main_thread)[0x003633ac]} sysPrxForUser: sys_lwmutex_create(lwmutex=*0x8e3d40, attr=*0x39f528)
TTY: start: sys memory user memory size: 266338304/268435456\n
HLE: W {PPU[0x1] Thread (main_thread)[0x0036356c]} sys_lwmutex: _sys_lwmutex_destroy(lwmutex_id=0x24)
HLE: W {PPU[0x1] Thread (main_thread)[0x00361fac]} cellSysutil: cellSysutilRegisterCallback(slot=0, func=*0x419a30, userdata=*0x0)
HLE: W {PPU[0x1] Thread (main_thread)[0x002c2218]} sys_memory: sys_memory_allocate(size=0x6400000, flags=0x400, alloc_addr=*0xd001e9f0)
TTY: sound size: 93323264\n
HLE: W {PPU[0x1] Thread (main_thread)[0x00173ad4]} sys_memory: sys_memory_container_create(cid=*0xf684ac, size=0xa00000)
HLE: W {PPU[0x1] Thread (main_thread)[0x00361ecc]} cellSysutil: cellSysutilGetSystemParamInt(id=0x111(ID_LANG), value=*0xd001ec70)
HLE: W {PPU[0x1] Thread (main_thread)[0x00361ecc]} cellSysutil: cellSysutilGetSystemParamInt(id=0x112(ID_ENTER_BUTTON_ASSIGN), value=*0xd001ec74)
HLE: W {PPU[0x1] Thread (main_thread)[0x0036156c]} cellSpurs: cellSpursInitialize(spurs=*0x200fc280, nSpus=1, spuPriority=150, ppuPriority=1000, exitIfNoWork=0)
HLE: W {PPU[0x1] Thread (main_thread)[0x0036156c]} sys_process: sys_process_is_spu_lock_line_reservation_address(addr=0x200fc280, flags=0x2)
HLE: W {PPU[0x1] Thread (main_thread)[0x0036156c]} sys_semaphore: sys_semaphore_create(sem_id=*0xd001d928, attr=*0xd001d908, initial_val=0, max_val=1)
HLE: W {PPU[0x1] Thread (main_thread)[0x0036156c]} sys_semaphore: sys_semaphore_create(sem_id=*0xd001d928, attr=*0xd001d908, initial_val=0, max_val=1)
HLE: W {PPU[0x1] Thread (main_thread)[0x0036156c]} sys_semaphore: sys_semaphore_create(sem_id=*0xd001d928, attr=*0xd001d908, initial_val=0, max_val=1)
HLE: W {PPU[0x1] Thread (main_thread)[0x0036156c]} sys_semaphore: sys_semaphore_create(sem_id=*0xd001d928, attr=*0xd001d908, initial_val=0, max_val=1)
HLE: W {PPU[0x1] Thread (main_thread)[0x0036156c]} sys_semaphore: sys_semaphore_create(sem_id=*0xd001d928, attr=*0xd001d908, initial_val=0, max_val=1)
HLE: W {PPU[0x1] Thread (main_thread)[0x0036156c]} sys_semaphore: sys_semaphore_create(sem_id=*0xd001d928, attr=*0xd001d908, initial_val=0, max_val=1)
HLE: W {PPU[0x1] Thread (main_thread)[0x0036156c]} sys_semaphore: sys_semaphore_create(sem_id=*0xd001d928, attr=*0xd001d908, initial_val=0, max_val=1)
HLE: W {PPU[0x1] Thread (main_thread)[0x0036156c]} sys_semaphore: sys_semaphore_create(sem_id=*0xd001d928, attr=*0xd001d908, initial_val=0, max_val=1)
HLE: W {PPU[0x1] Thread (main_thread)[0x0036156c]} sys_semaphore: sys_semaphore_create(sem_id=*0xd001d928, attr=*0xd001d908, initial_val=0, max_val=1)
HLE: W {PPU[0x1] Thread (main_thread)[0x0036156c]} sys_semaphore: sys_semaphore_create(sem_id=*0xd001d928, attr=*0xd001d908, initial_val=0, max_val=1)
HLE: W {PPU[0x1] Thread (main_thread)[0x0036156c]} sys_semaphore: sys_semaphore_create(sem_id=*0xd001d928, attr=*0xd001d908, initial_val=0, max_val=1)
HLE: W {PPU[0x1] Thread (main_thread)[0x0036156c]} sys_semaphore: sys_semaphore_create(sem_id=*0xd001d928, attr=*0xd001d908, initial_val=0, max_val=1)
HLE: W {PPU[0x1] Thread (main_thread)[0x0036156c]} sys_semaphore: sys_semaphore_create(sem_id=*0xd001d928, attr=*0xd001d908, initial_val=0, max_val=1)
HLE: W {PPU[0x1] Thread (main_thread)[0x0036156c]} sys_semaphore: sys_semaphore_create(sem_id=*0xd001d928, attr=*0xd001d908, initial_val=0, max_val=1)
HLE: W {PPU[0x1] Thread (main_thread)[0x0036156c]} sys_semaphore: sys_semaphore_create(sem_id=*0xd001d928, attr=*0xd001d908, initial_val=0, max_val=1)
HLE: W {PPU[0x1] Thread (main_thread)[0x0036156c]} sys_semaphore: sys_semaphore_create(sem_id=*0xd001d928, attr=*0xd001d908, initial_val=0, max_val=1)
HLE: W {PPU[0x1] Thread (main_thread)[0x0036156c]} sys_semaphore: sys_semaphore_create(sem_id=*0xd001d928, attr=*0xd001d908, initial_val=0, max_val=1)
HLE: W {PPU[0x1] Thread (main_thread)[0x0036156c]} sys_spu: sys_spu_thread_group_create(id=*0xd001d8e8, num=1, prio=150, attr=*0xd001d858)
HLE: W {PPU[0x1] Thread (main_thread)[0x0036156c]} sys_spu: sys_spu_thread_initialize(thread=*0xd001d830, group=0x37, spu_num=0, img=*0x200fcff0, attr=*0xd001d820, arg=*0xd001d838)
HLE: E {PPU[0x1] Thread (main_thread)[0x0036156c]} sys_spu: Unsupported SPU Thread options (0x2)
HLE: W {PPU[0x1] Thread (main_thread)[0x0036156c]} sysPrxForUser: sys_lwmutex_create(lwmutex=*0x200fd030, attr=*0xd001d8f0)
HLE: W {PPU[0x1] Thread (main_thread)[0x0036156c]} sysPrxForUser: sys_lwcond_create(lwcond=*0x200fd048, lwmutex=*0x200fd030, attr=*0xd001d900)
HLE: W {PPU[0x1] Thread (main_thread)[0x0036156c]} sys_event: sys_event_queue_create(equeue_id=*0x200fcfdc, attr=*0xd001d788, event_queue_key=0x0, size=42)
HLE: W {PPU[0x1] Thread (main_thread)[0x0036156c]} sys_spu: sys_spu_thread_group_connect_event_all_threads(id=0x37, eq=0x3b, req=0xffffffffffff0000, spup=*0x200fc349)
HLE: W {PPU[0x1] Thread (main_thread)[0x0036156c]} sys_event: sys_event_port_create(eport_id=*0x200fcfe0, port_type=1, name=0x0)
HLE: W {PPU[0x1] Thread (main_thread)[0x0036156c]} sys_event: sys_event_port_connect_local(eport_id=0x3c, equeue_id=0x3b)
HLE: W {PPU[0x3e] Thread (SpursHdlr0)[0x00000000]} sys_spu: sys_spu_thread_group_start(id=0x37)
HLE: W {PPU[0x1] Thread (main_thread)[0x0036156c]} cellSpurs: cellSpursEnableExceptionEventHandler(spurs=*0x200fc280, flag=1)
HLE: W {PPU[0x1] Thread (main_thread)[0x0036156c]} sys_spu: sys_spu_thread_group_connect_event(id=0x37, eq=0x3b, et=2)
SPU: S {PPU[0x3e] Thread (SpursHdlr0)[0x00000000]} SPU Database initialized...
SPU: S {PPU[0x3e] Thread (SpursHdlr0)[0x00000000]} SPU Recompiler (ASMJIT) created...
HLE: W {PPU[0x3e] Thread (SpursHdlr0)[0x00000000]} sys_spu: sys_spu_thread_group_join(id=0x37, cause=*0x0, status=*0x0)
HLE: W {PPU[0x1] Thread (main_thread)[0x00361dec]} cellSysmodule: cellSysmoduleIsLoaded(id=0x000e: CELL_SYSMODULE_FS)
HLE: E {PPU[0x1] Thread (main_thread)[0x00361dec]} cellSysmodule: cellSysmoduleIsLoaded() failed: module not loaded (id=0x000e)
HLE: W {PPU[0x1] Thread (main_thread)[0x00361dcc]} cellSysmodule: cellSysmoduleLoadModule(id=0x000e: CELL_SYSMODULE_FS)
SPU: S {SPU[0x38] Thread (CellSpursKernel0)[0x00818]} Function detected [0x00818-0x00820] (size=0x8)
HLE: W {PPU[0x1] Thread (main_thread)[0x00361dec]} cellSysmodule: cellSysmoduleIsLoaded(id=0x003e: CELL_SYSMODULE_SYSUTIL_GAME)
HLE: E {PPU[0x1] Thread (main_thread)[0x00361dec]} cellSysmodule: cellSysmoduleIsLoaded() failed: module not loaded (id=0x003e)
HLE: W {PPU[0x1] Thread (main_thread)[0x00361dcc]} cellSysmodule: cellSysmoduleLoadModule(id=0x003e: CELL_SYSMODULE_SYSUTIL_GAME)
HLE: W {PPU[0x1] Thread (main_thread)[0x00361e0c]} cellSysmodule: cellSysmoduleInitialize()
HLE: W {PPU[0x1] Thread (main_thread)[0x00361dcc]} cellSysmodule: cellSysmoduleLoadModule(id=0x0017: CELL_SYSMODULE_IO)
HLE: W {PPU[0x1] Thread (main_thread)[0x00361dcc]} cellSysmodule: cellSysmoduleLoadModule(id=0x000e: CELL_SYSMODULE_FS)
HLE: W {PPU[0x1] Thread (main_thread)[0x003633ac]} sysPrxForUser: sys_lwmutex_create(lwmutex=*0x200fd2a0, attr=*0xd001d7a0)
HLE: W {PPU[0x1] Thread (main_thread)[0x0036358c]} sysPrxForUser: sys_lwcond_create(lwcond=*0x200fd2d0, lwmutex=*0x200fd2a0, attr=*0xd001d790)
HLE: W {PPU[0x1] Thread (main_thread)[0x003633ac]} sysPrxForUser: sys_lwmutex_create(lwmutex=*0x200fd2f0, attr=*0xd001d730)
TTY: FIOS 1.3.5 initialized\n
HLE: W {PPU[0x1] Thread (main_thread)[0x003620ec]} cellGame: cellGameBootCheck(type=*0xd001e3f8, attributes=*0xd001e3fc, size=*0xd001e404, dirName=*0xd001e8a0)
HLE: W {PPU[0x1] Thread (main_thread)[0x003620ac]} cellGame: cellGameContentPermit(contentInfoPath=*0xd001e9a0, usrdirPath=*0x423ef4)
TTY: FILEHELPER: FS bound to /dev_hdd0/game/NPEA00289/USRDIR\n
HLE: W {PPU[0x1] Thread (main_thread)[0x003633ac]} sysPrxForUser: sys_lwmutex_create(lwmutex=*0x200fd330, attr=*0xd001d7b0)
HLE: W {PPU[0x1] Thread (main_thread)[0x003633ac]} sysPrxForUser: sys_lwmutex_create(lwmutex=*0x200fd3b8, attr=*0xd001d850)
HLE: W {PPU[0x1] Thread (main_thread)[0x00202d34]} sys_rwlock: sys_rwlock_create(rw_lock_id=*0x200fd3ec, attr=*0xd001d840)
HLE: W {PPU[0x1] Thread (main_thread)[0x003633ac]} sysPrxForUser: sys_lwmutex_create(lwmutex=*0x200fd408, attr=*0xd001d850)
HLE: W {PPU[0x1] Thread (main_thread)[0x0036358c]} sysPrxForUser: sys_lwcond_create(lwcond=*0x200fd430, lwmutex=*0x200fd408, attr=*0xd001d840)
HLE: W {PPU[0x1] Thread (main_thread)[0x00202d34]} sys_rwlock: sys_rwlock_create(rw_lock_id=*0x200fd7ac, attr=*0xd001d840)
HLE: W {PPU[0x1] Thread (main_thread)[0x003633ac]} sysPrxForUser: sys_lwmutex_create(lwmutex=*0x200fd7e0, attr=*0xd001d740)
HLE: W {PPU[0x1] Thread (main_thread)[0x003633ac]} sysPrxForUser: sys_lwmutex_create(lwmutex=*0x200fd808, attr=*0xd001d740)
HLE: W {PPU[0x1] Thread (main_thread)[0x00202d34]} sys_rwlock: sys_rwlock_create(rw_lock_id=*0x200fd82c, attr=*0xd001d730)
HLE: W {PPU[0x1] Thread (main_thread)[0x003633ac]} sysPrxForUser: sys_lwmutex_create(lwmutex=*0x200fd848, attr=*0xd001d740)
HLE: W {PPU[0x1] Thread (main_thread)[0x003633ac]} sysPrxForUser: sys_lwmutex_create(lwmutex=*0x200fd8b0, attr=*0xd001d740)
HLE: W {PPU[0x1] Thread (main_thread)[0x0036358c]} sysPrxForUser: sys_lwcond_create(lwcond=*0x200fd8d8, lwmutex=*0x200fd8b0, attr=*0xd001d730)
HLE: W {PPU[0x1] Thread (main_thread)[0x0036358c]} sysPrxForUser: sys_lwcond_create(lwcond=*0x200fd8f0, lwmutex=*0x200fd8b0, attr=*0xd001d730)
HLE: W {PPU[0x1] Thread (main_thread)[0x003633ac]} sysPrxForUser: sys_lwmutex_create(lwmutex=*0x200fd908, attr=*0xd001d740)
HLE: W {PPU[0x1] Thread (main_thread)[0x003633ac]} sysPrxForUser: sys_lwmutex_create(lwmutex=*0x200fd958, attr=*0xd001d740)
HLE: W {PPU[0x1] Thread (main_thread)[0x0036358c]} sysPrxForUser: sys_lwcond_create(lwcond=*0x201030d0, lwmutex=*0x200fd958, attr=*0xd001d730)
HLE: W {PPU[0x1] Thread (main_thread)[0x0036358c]} sysPrxForUser: sys_lwcond_create(lwcond=*0x201030e8, lwmutex=*0x200fd958, attr=*0xd001d730)
HLE: W {PPU[0x1] Thread (main_thread)[0x0036332c]} sysPrxForUser: sys_ppu_thread_create(thread_id=*0x20103128, entry=0x41ad78, arg=0x201030f0, prio=99, stacksize=0x8000, flags=0x1, threadname=*0x201030f8)
HLE: W {PPU[0x1] Thread (main_thread)[0x0036332c]} sys_ppu_thread: _sys_ppu_thread_create(thread_id=*0x20103128, param=*0xd001d6e8, arg=0x201030f0, unk=0x0, prio=99, stacksize=0x8000, flags=0x1, threadname=*0x201030f8)
HLE: W {PPU[0x1] Thread (main_thread)[0x0036332c]} sys_ppu_thread: sys_ppu_thread_start(thread_id=0x53)
HLE: W {PPU[0x1] Thread (main_thread)[0x0036332c]} sysPrxForUser: sys_ppu_thread_create(thread_id=*0x20103168, entry=0x41ad78, arg=0x20103130, prio=99, stacksize=0x8000, flags=0x1, threadname=*0x20103138)
HLE: W {PPU[0x1] Thread (main_thread)[0x0036332c]} sys_ppu_thread: _sys_ppu_thread_create(thread_id=*0x20103168, param=*0xd001d6e8, arg=0x20103130, unk=0x0, prio=99, stacksize=0x8000, flags=0x1, threadname=*0x20103138)
HLE: W {PPU[0x1] Thread (main_thread)[0x0036332c]} sys_ppu_thread: sys_ppu_thread_start(thread_id=0x54)
HLE: W {PPU[0x1] Thread (main_thread)[0x0036332c]} sysPrxForUser: sys_ppu_thread_create(thread_id=*0x200fd898, entry=0x41ad78, arg=0x200fd860, prio=100, stacksize=0x10000, flags=0x1, threadname=*0x200fd868)
HLE: W {PPU[0x1] Thread (main_thread)[0x0036332c]} sys_ppu_thread: _sys_ppu_thread_create(thread_id=*0x200fd898, param=*0xd001d6e8, arg=0x200fd860, unk=0x0, prio=100, stacksize=0x10000, flags=0x1, threadname=*0x200fd868)
HLE: W {PPU[0x1] Thread (main_thread)[0x0036332c]} sys_ppu_thread: sys_ppu_thread_start(thread_id=0x55)
HLE: W {PPU[0x1] Thread (main_thread)[0x003633ac]} sysPrxForUser: sys_lwmutex_create(lwmutex=*0x201032c0, attr=*0xd001d690)
HLE: W {PPU[0x1] Thread (main_thread)[0x00202d34]} sys_rwlock: sys_rwlock_create(rw_lock_id=*0x20103344, attr=*0xd001d7b0)
HLE: W {PPU[0x1] Thread (main_thread)[0x003633ac]} sysPrxForUser: sys_lwmutex_create(lwmutex=*0x20103360, attr=*0xd001d7c0)
HLE: W {PPU[0x1] Thread (main_thread)[0x0036142c]} cellSpurs: _cellSpursTasksetAttributeInitialize(attribute=*0xd001d718, revision=1, skd_version=0x330000, args=0x0, priority=*0xd001d710, max_contention=8)
HLE: W {PPU[0x1] Thread (main_thread)[0x003614cc]} cellSpurs: cellSpursTasksetAttributeSetName(attr=*0xd001d718, name=*0x3a38a0)
HLE: W {PPU[0x1] Thread (main_thread)[0x0036158c]} cellSpurs: cellSpursCreateTasksetWithAttribute(spurs=*0x200fc280, taskset=*0x20104800, attr=*0xd001d718)
HLE: W {PPU[0x1] Thread (main_thread)[0x0036158c]} cellSpurs: _cellSpursWorkloadAttributeInitialize(attr=*0xd001d4a0, revision=1, sdkVersion=0x33, pm=*0x200, size=0x1e40, data=0x20104800, priority=*0xd001d728, minCnt=0x8, maxCnt=0x8)
HLE: W {PPU[0x1] Thread (main_thread)[0x0036158c]} cellSpurs: cellSpursWorkloadAttributeSetName(attr=*0xd001d4a0, nameClass=*0x0, nameInstance=*0x3a38a0)
HLE: W {PPU[0x1] Thread (main_thread)[0x0036158c]} cellSpurs: cellSpursAddWorkloadWithAttribute(spurs=*0x200fc280, wid=*0xd001d498, attr=*0xd001d4a0)
HLE: W {PPU[0x1] Thread (main_thread)[0x003614ac]} cellSpurs: _cellSpursEventFlagInitialize(spurs=*0x200fc280, taskset=*0x0, eventFlag=*0x20106100, flagClearMode=0, flagDirection=1)
HLE: W {PPU[0x1] Thread (main_thread)[0x003614ec]} cellSpurs: cellSpursEventFlagAttachLv2EventQueue(eventFlag=*0x20106100)
HLE: W {PPU[0x1] Thread (main_thread)[0x003614ec]} sys_event: sys_event_queue_create(equeue_id=*0xd001d698, attr=*0xd001d678, event_queue_key=0x0, size=1)
HLE: W {PPU[0x1] Thread (main_thread)[0x003614ec]} sys_spu: sys_spu_thread_group_connect_event_all_threads(id=0x37, eq=0x59, req=0xffffffffffff0000, spup=*0xd001d690)
HLE: E {PPU[0x1] Thread (main_thread)[0x00362b8c]} cellSpurs TODO: _cellSpursLFQueueInitialize(pTasksetOrSpurs=*0x200fc281, pQueue=*0x20106180, buffer=*0x20106200, size=0x20, depth=0xc, direction=3)
HLE: W {PPU[0x1] Thread (main_thread)[0x00362b8c]} cellSync: cellSyncLFQueueInitialize(queue=*0x20106180, buffer=*0x20106200, size=0x20, depth=0xc, direction=3, eaSignal=*0x200fc281)
HLE: E {PPU[0x1] Thread (main_thread)[0x00362bac]} cellSpurs: cellSpursLFQueueAttachLv2EventQueue
HLE: W {PPU[0x1] Thread (main_thread)[0x00362c2c]} cellSpurs: cellSpursCreateTask(taskset=*0x20104800, taskID=*0xd001d610, elf=*0x3cdd80, context=*0x20103800, size=0xc00, lsPattern=*0x3b0ef8, argument=*0xd001d618)
HLE: W {PPU[0x1] Thread (main_thread)[0x00362c2c]} cellSpurs: cellSpursSendWorkloadSignal(spurs=*0x200fc280, wid=0)
HLE: W {PPU[0x1] Thread (main_thread)[0x00362c2c]} cellSpurs: cellSpursWakeUp(spurs=*0x200fc280)
HLE: W {PPU[0x1] Thread (main_thread)[0x003633ac]} sysPrxForUser: sys_lwmutex_create(lwmutex=*0x2645e2f0, attr=*0xd001d710)
HLE: W {PPU[0x1] Thread (main_thread)[0x00202d34]} sys_rwlock: sys_rwlock_create(rw_lock_id=*0x2645e374, attr=*0xd001d830)
HLE: W {PPU[0x1] Thread (main_thread)[0x003633ac]} sysPrxForUser: sys_lwmutex_create(lwmutex=*0x2645e390, attr=*0xd001d840)
HLE: W {PPU[0x1] Thread (main_thread)[0x003633ac]} sysPrxForUser: sys_lwmutex_create(lwmutex=*0x2645e3b8, attr=*0xd001d840)
HLE: W {PPU[0x1] Thread (main_thread)[0x003633ac]} sysPrxForUser: sys_lwmutex_create(lwmutex=*0x2645e3e0, attr=*0xd001d840)
HLE: W {PPU[0x1] Thread (main_thread)[0x003633ac]} sysPrxForUser: sys_lwmutex_create(lwmutex=*0x2645e478, attr=*0xd001d840)
HLE: W {PPU[0x1] Thread (main_thread)[0x0036358c]} sysPrxForUser: sys_lwcond_create(lwcond=*0x2645e4a0, lwmutex=*0x2645e478, attr=*0xd001d830)
HLE: W {PPU[0x1] Thread (main_thread)[0x003633ac]} sysPrxForUser: sys_lwmutex_create(lwmutex=*0x2645e548, attr=*0xd001d840)
HLE: W {PPU[0x1] Thread (main_thread)[0x003633ac]} sysPrxForUser: sys_lwmutex_create(lwmutex=*0x264df030, attr=*0xd001d680)
HLE: W {PPU[0x1] Thread (main_thread)[0x00202d34]} sys_rwlock: sys_rwlock_create(rw_lock_id=*0x264df0b4, attr=*0xd001d7a0)
HLE: W {PPU[0x1] Thread (main_thread)[0x00202d34]} sys_rwlock: sys_rwlock_create(rw_lock_id=*0x264df94c, attr=*0xd001d7a0)
HLE: W {PPU[0x1] Thread (main_thread)[0x003633ac]} sysPrxForUser: sys_lwmutex_create(lwmutex=*0x20106700, attr=*0xd001d740)
HLE: W {PPU[0x1] Thread (main_thread)[0x003633ac]} sysPrxForUser: sys_lwmutex_create(lwmutex=*0x20106728, attr=*0xd001d740)
HLE: W {PPU[0x1] Thread (main_thread)[0x00202d34]} sys_rwlock: sys_rwlock_create(rw_lock_id=*0x2010674c, attr=*0xd001d730)
HLE: W {PPU[0x1] Thread (main_thread)[0x003633ac]} sysPrxForUser: sys_lwmutex_create(lwmutex=*0x20106768, attr=*0xd001d740)
HLE: W {PPU[0x1] Thread (main_thread)[0x003633ac]} sysPrxForUser: sys_lwmutex_create(lwmutex=*0x201067d0, attr=*0xd001d740)
HLE: W {PPU[0x1] Thread (main_thread)[0x0036358c]} sysPrxForUser: sys_lwcond_create(lwcond=*0x201067f8, lwmutex=*0x201067d0, attr=*0xd001d730)
HLE: W {PPU[0x1] Thread (main_thread)[0x0036358c]} sysPrxForUser: sys_lwcond_create(lwcond=*0x20106810, lwmutex=*0x201067d0, attr=*0xd001d730)
HLE: W {PPU[0x1] Thread (main_thread)[0x003633ac]} sysPrxForUser: sys_lwmutex_create(lwmutex=*0x20106828, attr=*0xd001d740)
HLE: W {PPU[0x1] Thread (main_thread)[0x003633ac]} sysPrxForUser: sys_lwmutex_create(lwmutex=*0x20106878, attr=*0xd001d740)
HLE: W {PPU[0x1] Thread (main_thread)[0x0036358c]} sysPrxForUser: sys_lwcond_create(lwcond=*0x20106a28, lwmutex=*0x20106878, attr=*0xd001d730)
HLE: W {PPU[0x1] Thread (main_thread)[0x0036358c]} sysPrxForUser: sys_lwcond_create(lwcond=*0x20106a40, lwmutex=*0x20106878, attr=*0xd001d730)
HLE: W {PPU[0x1] Thread (main_thread)[0x0036358c]} sysPrxForUser: sys_lwcond_create(lwcond=*0x20106a58, lwmutex=*0x20106878, attr=*0xd001d730)
HLE: W {PPU[0x1] Thread (main_thread)[0x0036332c]} sysPrxForUser: sys_ppu_thread_create(thread_id=*0x20106a98, entry=0x41ad78, arg=0x20106a60, prio=99, stacksize=0x8000, flags=0x1, threadname=*0x20106a68)
HLE: W {PPU[0x1] Thread (main_thread)[0x0036332c]} sys_ppu_thread: _sys_ppu_thread_create(thread_id=*0x20106a98, param=*0xd001d6e8, arg=0x20106a60, unk=0x0, prio=99, stacksize=0x8000, flags=0x1, threadname=*0x20106a68)
HLE: W {PPU[0x1] Thread (main_thread)[0x0036332c]} sys_ppu_thread: sys_ppu_thread_start(thread_id=0x71)
HLE: W {PPU[0x1] Thread (main_thread)[0x0036332c]} sysPrxForUser: sys_ppu_thread_create(thread_id=*0x20106ad8, entry=0x41ad78, arg=0x20106aa0, prio=99, stacksize=0x8000, flags=0x1, threadname=*0x20106aa8)
HLE: W {PPU[0x1] Thread (main_thread)[0x0036332c]} sys_ppu_thread: _sys_ppu_thread_create(thread_id=*0x20106ad8, param=*0xd001d6e8, arg=0x20106aa0, unk=0x0, prio=99, stacksize=0x8000, flags=0x1, threadname=*0x20106aa8)
HLE: W {PPU[0x1] Thread (main_thread)[0x0036332c]} sys_ppu_thread: sys_ppu_thread_start(thread_id=0x72)
HLE: W {PPU[0x1] Thread (main_thread)[0x0036332c]} sysPrxForUser: sys_ppu_thread_create(thread_id=*0x20106b18, entry=0x41ad78, arg=0x20106ae0, prio=99, stacksize=0x8000, flags=0x1, threadname=*0x20106ae8)
HLE: W {PPU[0x1] Thread (main_thread)[0x0036332c]} sys_ppu_thread: _sys_ppu_thread_create(thread_id=*0x20106b18, param=*0xd001d6e8, arg=0x20106ae0, unk=0x0, prio=99, stacksize=0x8000, flags=0x1, threadname=*0x20106ae8)
HLE: W {PPU[0x1] Thread (main_thread)[0x0036332c]} sys_ppu_thread: sys_ppu_thread_start(thread_id=0x73)
HLE: W {PPU[0x1] Thread (main_thread)[0x0036332c]} sysPrxForUser: sys_ppu_thread_create(thread_id=*0x201067b8, entry=0x41ad78, arg=0x20106780, prio=100, stacksize=0x10000, flags=0x1, threadname=*0x20106788)
HLE: W {PPU[0x1] Thread (main_thread)[0x0036332c]} sys_ppu_thread: _sys_ppu_thread_create(thread_id=*0x201067b8, param=*0xd001d6e8, arg=0x20106780, unk=0x0, prio=100, stacksize=0x10000, flags=0x1, threadname=*0x20106788)
HLE: W {PPU[0x1] Thread (main_thread)[0x0036332c]} sys_ppu_thread: sys_ppu_thread_start(thread_id=0x74)
HLE: W {PPU[0x71] Thread (fios mediathread 5)[0x0036188c]} cellFs: cellFsStat(path=*0xd0063110, sb=*0xd0063084) -> sys_fs_stat()
HLE: W {PPU[0x71] Thread (fios mediathread 5)[0x0036188c]} sys_fs: sys_fs_stat(path=*0xd0063110, sb=*0xd0063084)
HLE: W {PPU[0x71] Thread (fios mediathread 5)[0x0036188c]} sys_fs: *** path = '/dev_hdd0/game/NPEA00289/USRDIR/game_data.psarc'
HLE: E {PPU[0x71] Thread (fios mediathread 5)[0x0036188c]} sys_fs: sys_fs_stat('/dev_hdd0/game/NPEA00289/USRDIR/game_data.psarc') failed: not found
TTY: Can't find PSARC file!\n
HLE: W {PPU[0x71] Thread (fios mediathread 5)[0x00362ecc]} cellFs: cellFsOpendir(path=*0xd00628f0, fd=*0x200fd3d0) -> sys_fs_opendir()
HLE: W {PPU[0x71] Thread (fios mediathread 5)[0x00362ecc]} sys_fs: sys_fs_opendir(path=*0xd00628f0, fd=*0x200fd3d0)
HLE: W {PPU[0x71] Thread (fios mediathread 5)[0x00362ecc]} sys_fs: *** path = '/dev_hdd0/game/NPEA00289/USRDIR/game_data'
HLE: W {PPU[0x71] Thread (fios mediathread 5)[0x00362f0c]} sys_fs: sys_fs_readdir(fd=3, dir=*0x200fd43c, nread=*0xd0062680)
HLE: W {PPU[0x71] Thread (fios mediathread 5)[0x00362f0c]} sys_fs: sys_fs_readdir(fd=3, dir=*0x200fd43c, nread=*0xd0062680)
HLE: W {PPU[0x71] Thread (fios mediathread 5)[0x00362f0c]} sys_fs: sys_fs_readdir(fd=3, dir=*0x200fd43c, nread=*0xd0062680)
HLE: W {PPU[0x71] Thread (fios mediathread 5)[0x0036188c]} cellFs: cellFsStat(path=*0xd00628f0, sb=*0xd0062688) -> sys_fs_stat()
HLE: W {PPU[0x71] Thread (fios mediathread 5)[0x0036188c]} sys_fs: sys_fs_stat(path=*0xd00628f0, sb=*0xd0062688)
HLE: W {PPU[0x71] Thread (fios mediathread 5)[0x0036188c]} sys_fs: *** path = '/dev_hdd0/game/NPEA00289/USRDIR/game_data/ArrayHelper.gm'
TTY: Using game_data PSARC file!\n
HLE: W {PPU[0x71] Thread (fios mediathread 5)[0x0036188c]} cellFs: cellFsStat(path=*0xd0062c30, sb=*0xd0062ba4) -> sys_fs_stat()
HLE: W {PPU[0x71] Thread (fios mediathread 5)[0x0036188c]} sys_fs: sys_fs_stat(path=*0xd0062c30, sb=*0xd0062ba4)
HLE: W {PPU[0x71] Thread (fios mediathread 5)[0x0036188c]} sys_fs: *** path = '/dev_hdd0/game/NPEA00289/USRDIR/game_data/patch_data001.psarc'
HLE: E {PPU[0x71] Thread (fios mediathread 5)[0x0036188c]} sys_fs: sys_fs_stat('/dev_hdd0/game/NPEA00289/USRDIR/game_data/patch_data001.psarc') failed: not found
HLE: W {PPU[0x71] Thread (fios mediathread 5)[0x0036188c]} cellFs: cellFsStat(path=*0xd0063110, sb=*0xd0063084) -> sys_fs_stat()
HLE: W {PPU[0x71] Thread (fios mediathread 5)[0x0036188c]} sys_fs: sys_fs_stat(path=*0xd0063110, sb=*0xd0063084)
HLE: W {PPU[0x71] Thread (fios mediathread 5)[0x0036188c]} sys_fs: *** path = '/dev_hdd0/game/NPEA00289/USRDIR/patch_data001.psarc'
HLE: E {PPU[0x71] Thread (fios mediathread 5)[0x0036188c]} sys_fs: sys_fs_stat('/dev_hdd0/game/NPEA00289/USRDIR/patch_data001.psarc') failed: not found
TTY: Can't find Patch PSARC file! Assuming Raw Folder!\n
HLE: W {PPU[0x71] Thread (fios mediathread 5)[0x0036188c]} cellFs: cellFsStat(path=*0xd0062c30, sb=*0xd0062ba4) -> sys_fs_stat()
HLE: W {PPU[0x71] Thread (fios mediathread 5)[0x0036188c]} sys_fs: sys_fs_stat(path=*0xd0062c30, sb=*0xd0062ba4)
HLE: W {PPU[0x71] Thread (fios mediathread 5)[0x0036188c]} sys_fs: *** path = '/dev_hdd0/game/NPEA00289/USRDIR/game_data/patch_data002.psarc'
HLE: E {PPU[0x71] Thread (fios mediathread 5)[0x0036188c]} sys_fs: sys_fs_stat('/dev_hdd0/game/NPEA00289/USRDIR/game_data/patch_data002.psarc') failed: not found
HLE: W {PPU[0x71] Thread (fios mediathread 5)[0x0036188c]} cellFs: cellFsStat(path=*0xd0062c30, sb=*0xd0062ba4) -> sys_fs_stat()
HLE: W {PPU[0x71] Thread (fios mediathread 5)[0x0036188c]} sys_fs: sys_fs_stat(path=*0xd0062c30, sb=*0xd0062ba4)
HLE: W {PPU[0x71] Thread (fios mediathread 5)[0x0036188c]} sys_fs: *** path = '/dev_hdd0/game/NPEA00289/USRDIR/patch_data001/patch_data002.psarc'
HLE: E {PPU[0x71] Thread (fios mediathread 5)[0x0036188c]} sys_fs: sys_fs_stat('/dev_hdd0/game/NPEA00289/USRDIR/patch_data001/patch_data002.psarc') failed: not found
HLE: W {PPU[0x71] Thread (fios mediathread 5)[0x0036188c]} cellFs: cellFsStat(path=*0xd0063110, sb=*0xd0063084) -> sys_fs_stat()
HLE: W {PPU[0x71] Thread (fios mediathread 5)[0x0036188c]} sys_fs: sys_fs_stat(path=*0xd0063110, sb=*0xd0063084)
HLE: W {PPU[0x71] Thread (fios mediathread 5)[0x0036188c]} sys_fs: *** path = '/dev_hdd0/game/NPEA00289/USRDIR/patch_data002.psarc'
HLE: E {PPU[0x71] Thread (fios mediathread 5)[0x0036188c]} sys_fs: sys_fs_stat('/dev_hdd0/game/NPEA00289/USRDIR/patch_data002.psarc') failed: not found
TTY: Can't find Patch PSARC file! Assuming Raw Folder!\n
HLE: W {PPU[0x71] Thread (fios mediathread 5)[0x0036188c]} cellFs: cellFsStat(path=*0xd0062c30, sb=*0xd0062ba4) -> sys_fs_stat()
HLE: W {PPU[0x71] Thread (fios mediathread 5)[0x0036188c]} sys_fs: sys_fs_stat(path=*0xd0062c30, sb=*0xd0062ba4)
HLE: W {PPU[0x71] Thread (fios mediathread 5)[0x0036188c]} sys_fs: *** path = '/dev_hdd0/game/NPEA00289/USRDIR/game_data/patch_data003.psarc'
HLE: E {PPU[0x71] Thread (fios mediathread 5)[0x0036188c]} sys_fs: sys_fs_stat('/dev_hdd0/game/NPEA00289/USRDIR/game_data/patch_data003.psarc') failed: not found
HLE: W {PPU[0x71] Thread (fios mediathread 5)[0x0036188c]} cellFs: cellFsStat(path=*0xd0062c30, sb=*0xd0062ba4) -> sys_fs_stat()
HLE: W {PPU[0x71] Thread (fios mediathread 5)[0x0036188c]} sys_fs: sys_fs_stat(path=*0xd0062c30, sb=*0xd0062ba4)
HLE: W {PPU[0x71] Thread (fios mediathread 5)[0x0036188c]} sys_fs: *** path = '/dev_hdd0/game/NPEA00289/USRDIR/patch_data001/patch_data003.psarc'
HLE: E {PPU[0x71] Thread (fios mediathread 5)[0x0036188c]} sys_fs: sys_fs_stat('/dev_hdd0/game/NPEA00289/USRDIR/patch_data001/patch_data003.psarc') failed: not found
HLE: W {PPU[0x71] Thread (fios mediathread 5)[0x0036188c]} cellFs: cellFsStat(path=*0xd0062c30, sb=*0xd0062ba4) -> sys_fs_stat()
HLE: W {PPU[0x71] Thread (fios mediathread 5)[0x0036188c]} sys_fs: sys_fs_stat(path=*0xd0062c30, sb=*0xd0062ba4)
HLE: W {PPU[0x71] Thread (fios mediathread 5)[0x0036188c]} sys_fs: *** path = '/dev_hdd0/game/NPEA00289/USRDIR/patch_data002/patch_data003.psarc'
HLE: E {PPU[0x71] Thread (fios mediathread 5)[0x0036188c]} sys_fs: sys_fs_stat('/dev_hdd0/game/NPEA00289/USRDIR/patch_data002/patch_data003.psarc') failed: not found
HLE: W {PPU[0x71] Thread (fios mediathread 5)[0x0036188c]} cellFs: cellFsStat(path=*0xd0063110, sb=*0xd0063084) -> sys_fs_stat()
HLE: W {PPU[0x71] Thread (fios mediathread 5)[0x0036188c]} sys_fs: sys_fs_stat(path=*0xd0063110, sb=*0xd0063084)
HLE: W {PPU[0x71] Thread (fios mediathread 5)[0x0036188c]} sys_fs: *** path = '/dev_hdd0/game/NPEA00289/USRDIR/patch_data003.psarc'
HLE: E {PPU[0x71] Thread (fios mediathread 5)[0x0036188c]} sys_fs: sys_fs_stat('/dev_hdd0/game/NPEA00289/USRDIR/patch_data003.psarc') failed: not found
TTY: Can't find Patch PSARC file! Assuming Raw Folder!\n
HLE: W {PPU[0x71] Thread (fios mediathread 5)[0x0036188c]} cellFs: cellFsStat(path=*0xd0062c30, sb=*0xd0062ba4) -> sys_fs_stat()
HLE: W {PPU[0x71] Thread (fios mediathread 5)[0x0036188c]} sys_fs: sys_fs_stat(path=*0xd0062c30, sb=*0xd0062ba4)
HLE: W {PPU[0x71] Thread (fios mediathread 5)[0x0036188c]} sys_fs: *** path = '/dev_hdd0/game/NPEA00289/USRDIR/game_data/patch_data004.psarc'
HLE: E {PPU[0x71] Thread (fios mediathread 5)[0x0036188c]} sys_fs: sys_fs_stat('/dev_hdd0/game/NPEA00289/USRDIR/game_data/patch_data004.psarc') failed: not found
HLE: W {PPU[0x71] Thread (fios mediathread 5)[0x0036188c]} cellFs: cellFsStat(path=*0xd0062c30, sb=*0xd0062ba4) -> sys_fs_stat()
HLE: W {PPU[0x71] Thread (fios mediathread 5)[0x0036188c]} sys_fs: sys_fs_stat(path=*0xd0062c30, sb=*0xd0062ba4)
HLE: W {PPU[0x71] Thread (fios mediathread 5)[0x0036188c]} sys_fs: *** path = '/dev_hdd0/game/NPEA00289/USRDIR/patch_data001/patch_data004.psarc'
HLE: E {PPU[0x71] Thread (fios mediathread 5)[0x0036188c]} sys_fs: sys_fs_stat('/dev_hdd0/game/NPEA00289/USRDIR/patch_data001/patch_data004.psarc') failed: not found
HLE: W {PPU[0x71] Thread (fios mediathread 5)[0x0036188c]} cellFs: cellFsStat(path=*0xd0062c30, sb=*0xd0062ba4) -> sys_fs_stat()
HLE: W {PPU[0x71] Thread (fios mediathread 5)[0x0036188c]} sys_fs: sys_fs_stat(path=*0xd0062c30, sb=*0xd0062ba4)
HLE: W {PPU[0x71] Thread (fios mediathread 5)[0x0036188c]} sys_fs: *** path = '/dev_hdd0/game/NPEA00289/USRDIR/patch_data002/patch_data004.psarc'
HLE: E {PPU[0x71] Thread (fios mediathread 5)[0x0036188c]} sys_fs: sys_fs_stat('/dev_hdd0/game/NPEA00289/USRDIR/patch_data002/patch_data004.psarc') failed: not found
HLE: W {PPU[0x71] Thread (fios mediathread 5)[0x0036188c]} cellFs: cellFsStat(path=*0xd0062c30, sb=*0xd0062ba4) -> sys_fs_stat()
HLE: W {PPU[0x71] Thread (fios mediathread 5)[0x0036188c]} sys_fs: sys_fs_stat(path=*0xd0062c30, sb=*0xd0062ba4)
HLE: W {PPU[0x71] Thread (fios mediathread 5)[0x0036188c]} sys_fs: *** path = '/dev_hdd0/game/NPEA00289/USRDIR/patch_data003/patch_data004.psarc'
HLE: E {PPU[0x71] Thread (fios mediathread 5)[0x0036188c]} sys_fs: sys_fs_stat('/dev_hdd0/game/NPEA00289/USRDIR/patch_data003/patch_data004.psarc') failed: not found
HLE: W {PPU[0x71] Thread (fios mediathread 5)[0x0036188c]} cellFs: cellFsStat(path=*0xd0063110, sb=*0xd0063084) -> sys_fs_stat()
HLE: W {PPU[0x71] Thread (fios mediathread 5)[0x0036188c]} sys_fs: sys_fs_stat(path=*0xd0063110, sb=*0xd0063084)
HLE: W {PPU[0x71] Thread (fios mediathread 5)[0x0036188c]} sys_fs: *** path = '/dev_hdd0/game/NPEA00289/USRDIR/patch_data004.psarc'
HLE: E {PPU[0x71] Thread (fios mediathread 5)[0x0036188c]} sys_fs: sys_fs_stat('/dev_hdd0/game/NPEA00289/USRDIR/patch_data004.psarc') failed: not found
TTY: Can't find Patch PSARC file! Assuming Raw Folder!\n
HLE: W {PPU[0x1] Thread (main_thread)[0x002c2218]} sys_memory: sys_memory_allocate(size=0x500000, flags=0x400, alloc_addr=*0xd001e5b0)
HLE: W {PPU[0x1] Thread (main_thread)[0x00361dcc]} cellSysmodule: cellSysmoduleLoadModule(id=0x0031: CELL_SYSMODULE_AVCONF_EXT)
HLE: W {PPU[0x1] Thread (main_thread)[0x002c2218]} sys_memory: sys_memory_allocate(size=0x300000, flags=0x400, alloc_addr=*0xd001e6c0)
HLE: W {PPU[0x1] Thread (main_thread)[0x0036160c]} cellGcmSys: _cellGcmInitBody(context=**0xf8893c, cmdSize=0xc0000, ioSize=0x100000, ioAddress=0x26a00000)
HLE: W {PPU[0x1] Thread (main_thread)[0x0036160c]} cellGcmSys: *** local memory(addr=0xc0000000, size=0xf900000)
HLE: W {PPU[0x1] Thread (main_thread)[0x0036160c]} cellGcmSys: cellGcmInit(): 256MB io address space used
RSX: ! {RSXThread} RSX thread started
HLE: W {PPU[0x1] Thread (main_thread)[0x00361e4c]} cellSysutil: cellVideoOutConfigure(videoOut=0, config=*0xd001e8e0, option=*0x0, waitForEvent=0)
HLE: W {PPU[0x1] Thread (main_thread)[0x0036180c]} cellGcmSys: cellGcmSetTileInfo(index=0, location=0, offset=0, size=3801088, pitch=5120, comp=0, base=0, bank=0)
HLE: W {PPU[0x1] Thread (main_thread)[0x0036180c]} cellGcmSys: cellGcmSetTileInfo(index=1, location=0, offset=3801088, size=3801088, pitch=5120, comp=0, base=0, bank=0)
HLE: W {PPU[0x1] Thread (main_thread)[0x0036180c]} cellGcmSys: cellGcmSetTileInfo(index=2, location=0, offset=7602176, size=17825792, pitch=16384, comp=7, base=0, bank=1)
HLE: E {PPU[0x1] Thread (main_thread)[0x0036180c]} cellGcmSys: cellGcmSetTileInfo: bad compression mode! (7)
HLE: W {PPU[0x1] Thread (main_thread)[0x0036180c]} cellGcmSys: cellGcmSetTileInfo(index=3, location=0, offset=25427968, size=17825792, pitch=16384, comp=0, base=0, bank=2)
HLE: W {PPU[0x1] Thread (main_thread)[0x0036168c]} cellGcmSys: cellGcmBindTile(index=0)
HLE: W {PPU[0x1] Thread (main_thread)[0x0036168c]} cellGcmSys: cellGcmBindTile(index=1)
HLE: W {PPU[0x1] Thread (main_thread)[0x0036168c]} cellGcmSys: cellGcmBindTile(index=2)
HLE: W {PPU[0x1] Thread (main_thread)[0x0036168c]} cellGcmSys: cellGcmBindTile(index=3)
HLE: W {PPU[0x1] Thread (main_thread)[0x0036218c]} cellAvconfExt: cellVideoOutSetGamma(videoOut=0, gamma=1.100000)
HLE: W {PPU[0x1] Thread (main_thread)[0x003616ac]} cellGcmSys: cellGcmSetFlipMode(mode=1)
HLE: W {PPU[0x1] Thread (main_thread)[0x003616cc]} cellGcmSys: cellGcmSetSecondVFrequency(level=2)
HLE: E {PPU[0x1] Thread (main_thread)[0x003616cc]} cellGcmSys TODO: Unimplemented display frequency: Scanout
HLE: W {PPU[0x1] Thread (main_thread)[0x0036176c]} cellGcmSys: cellGcmSetFlipHandler(handler=*0x413c98)
HLE: W {PPU[0x1] Thread (main_thread)[0x003617cc]} cellGcmSys: cellGcmSetVBlankHandler(handler=*0x413c90)
HLE: W {PPU[0x1] Thread (main_thread)[0x0036180c]} cellGcmSys: cellGcmSetTileInfo(index=4, location=0, offset=44236800, size=8912896, pitch=8192, comp=0, base=0, bank=0)
HLE: W {PPU[0x1] Thread (main_thread)[0x0036168c]} cellGcmSys: cellGcmBindTile(index=4)
HLE: W {PPU[0x71] Thread (fios mediathread 5)[0x0036188c]} cellFs: cellFsStat(path=*0xd0062c30, sb=*0xd0062ba4) -> sys_fs_stat()
HLE: W {PPU[0x71] Thread (fios mediathread 5)[0x0036188c]} sys_fs: sys_fs_stat(path=*0xd0062c30, sb=*0xd0062ba4)
HLE: W {PPU[0x71] Thread (fios mediathread 5)[0x0036188c]} sys_fs: *** path = '/dev_hdd0/game/NPEA00289/USRDIR/game_data/PS3_PS3_Platformer/images/STARTUP_LOGO.png'
HLE: W {PPU[0x71] Thread (fios mediathread 5)[0x002b3c90]} sys_time: sys_time_get_timezone(timezone=*0xd0062a40, summertime=*0xd0062a44)
HLE: W {PPU[0x71] Thread (fios mediathread 5)[0x002b577c]} sys_time: sys_time_get_timezone(timezone=*0xd0062990, summertime=*0xd0062994)
HLE: W {PPU[0x71] Thread (fios mediathread 5)[0x002b3c90]} sys_time: sys_time_get_timezone(timezone=*0xd0062a40, summertime=*0xd0062a44)
HLE: W {PPU[0x71] Thread (fios mediathread 5)[0x002b577c]} sys_time: sys_time_get_timezone(timezone=*0xd0062990, summertime=*0xd0062994)
HLE: W {PPU[0x71] Thread (fios mediathread 5)[0x002b3c90]} sys_time: sys_time_get_timezone(timezone=*0xd0062a40, summertime=*0xd0062a44)
HLE: W {PPU[0x71] Thread (fios mediathread 5)[0x002b577c]} sys_time: sys_time_get_timezone(timezone=*0xd0062990, summertime=*0xd0062994)
HLE: W {PPU[0x71] Thread (fios mediathread 5)[0x0036188c]} cellFs: cellFsStat(path=*0xd0062c30, sb=*0xd0062ba4) -> sys_fs_stat()
HLE: W {PPU[0x71] Thread (fios mediathread 5)[0x0036188c]} sys_fs: sys_fs_stat(path=*0xd0062c30, sb=*0xd0062ba4)
HLE: W {PPU[0x71] Thread (fios mediathread 5)[0x0036188c]} sys_fs: *** path = '/dev_hdd0/game/NPEA00289/USRDIR/patch_data001/PS3_PS3_Platformer/images/STARTUP_LOGO.png'
HLE: W {PPU[0x71] Thread (fios mediathread 5)[0x002b3c90]} sys_time: sys_time_get_timezone(timezone=*0xd0062a40, summertime=*0xd0062a44)
HLE: W {PPU[0x71] Thread (fios mediathread 5)[0x002b577c]} sys_time: sys_time_get_timezone(timezone=*0xd0062990, summertime=*0xd0062994)
HLE: W {PPU[0x71] Thread (fios mediathread 5)[0x002b3c90]} sys_time: sys_time_get_timezone(timezone=*0xd0062a40, summertime=*0xd0062a44)
HLE: W {PPU[0x71] Thread (fios mediathread 5)[0x002b577c]} sys_time: sys_time_get_timezone(timezone=*0xd0062990, summertime=*0xd0062994)
HLE: W {PPU[0x71] Thread (fios mediathread 5)[0x002b3c90]} sys_time: sys_time_get_timezone(timezone=*0xd0062a40, summertime=*0xd0062a44)
HLE: W {PPU[0x71] Thread (fios mediathread 5)[0x002b577c]} sys_time: sys_time_get_timezone(timezone=*0xd0062990, summertime=*0xd0062994)
HLE: W {PPU[0x71] Thread (fios mediathread 5)[0x0036188c]} cellFs: cellFsStat(path=*0xd0062c30, sb=*0xd0062ba4) -> sys_fs_stat()
HLE: W {PPU[0x71] Thread (fios mediathread 5)[0x0036188c]} sys_fs: sys_fs_stat(path=*0xd0062c30, sb=*0xd0062ba4)
HLE: W {PPU[0x71] Thread (fios mediathread 5)[0x0036188c]} sys_fs: *** path = '/dev_hdd0/game/NPEA00289/USRDIR/patch_data002/PS3_PS3_Platformer/images/STARTUP_LOGO.png'
HLE: E {PPU[0x71] Thread (fios mediathread 5)[0x0036188c]} sys_fs: sys_fs_stat('/dev_hdd0/game/NPEA00289/USRDIR/patch_data002/PS3_PS3_Platformer/images/STARTUP_LOGO.png') failed: not found
HLE: W {PPU[0x71] Thread (fios mediathread 5)[0x0036188c]} cellFs: cellFsStat(path=*0xd0062c30, sb=*0xd0062ba4) -> sys_fs_stat()
HLE: W {PPU[0x71] Thread (fios mediathread 5)[0x0036188c]} sys_fs: sys_fs_stat(path=*0xd0062c30, sb=*0xd0062ba4)
HLE: W {PPU[0x71] Thread (fios mediathread 5)[0x0036188c]} sys_fs: *** path = '/dev_hdd0/game/NPEA00289/USRDIR/patch_data003/PS3_PS3_Platformer/images/STARTUP_LOGO.png'
HLE: E {PPU[0x71] Thread (fios mediathread 5)[0x0036188c]} sys_fs: sys_fs_stat('/dev_hdd0/game/NPEA00289/USRDIR/patch_data003/PS3_PS3_Platformer/images/STARTUP_LOGO.png') failed: not found
HLE: W {PPU[0x71] Thread (fios mediathread 5)[0x0036188c]} cellFs: cellFsStat(path=*0xd0062c30, sb=*0xd0062ba4) -> sys_fs_stat()
HLE: W {PPU[0x71] Thread (fios mediathread 5)[0x0036188c]} sys_fs: sys_fs_stat(path=*0xd0062c30, sb=*0xd0062ba4)
HLE: W {PPU[0x71] Thread (fios mediathread 5)[0x0036188c]} sys_fs: *** path = '/dev_hdd0/game/NPEA00289/USRDIR/patch_data004/PS3_PS3_Platformer/images/STARTUP_LOGO.png'
HLE: E {PPU[0x71] Thread (fios mediathread 5)[0x0036188c]} sys_fs: sys_fs_stat('/dev_hdd0/game/NPEA00289/USRDIR/patch_data004/PS3_PS3_Platformer/images/STARTUP_LOGO.png') failed: not found
HLE: W {PPU[0x71] Thread (fios mediathread 5)[0x00362f4c]} cellFs: cellFsOpen(path=*0xd0063180, flags=0, fd=*0xd0063034, arg=*0x0, size=0x0) -> sys_fs_open()
HLE: W {PPU[0x71] Thread (fios mediathread 5)[0x00362f4c]} sys_fs: sys_fs_open(path=*0xd0063180, flags=0, fd=*0xd0063034, mode=0, arg=*0x0, size=0x0)
HLE: W {PPU[0x71] Thread (fios mediathread 5)[0x00362f4c]} sys_fs: *** path = '/dev_hdd0/game/NPEA00289/USRDIR/patch_data001/PS3_PS3_Platformer/images/STARTUP_LOGO.png'
HLE: W {PPU[0x71] Thread (fios mediathread 5)[0x0036302c]} sys_fs: sys_fs_fstat(fd=4, sb=*0xd00630f4)
HLE: W {PPU[0x71] Thread (fios mediathread 5)[0x0036188c]} cellFs: cellFsStat(path=*0xd0062c30, sb=*0xd0062ba4) -> sys_fs_stat()
HLE: W {PPU[0x71] Thread (fios mediathread 5)[0x0036188c]} sys_fs: sys_fs_stat(path=*0xd0062c30, sb=*0xd0062ba4)
HLE: W {PPU[0x71] Thread (fios mediathread 5)[0x0036188c]} sys_fs: *** path = '/dev_hdd0/game/NPEA00289/USRDIR/game_data/PS3_PS3_Platformer/images/STARTUP_LOGO.png'
HLE: W {PPU[0x71] Thread (fios mediathread 5)[0x002b3c90]} sys_time: sys_time_get_timezone(timezone=*0xd0062a40, summertime=*0xd0062a44)
HLE: W {PPU[0x71] Thread (fios mediathread 5)[0x002b577c]} sys_time: sys_time_get_timezone(timezone=*0xd0062990, summertime=*0xd0062994)
HLE: W {PPU[0x71] Thread (fios mediathread 5)[0x002b3c90]} sys_time: sys_time_get_timezone(timezone=*0xd0062a40, summertime=*0xd0062a44)
HLE: W {PPU[0x71] Thread (fios mediathread 5)[0x002b577c]} sys_time: sys_time_get_timezone(timezone=*0xd0062990, summertime=*0xd0062994)
HLE: W {PPU[0x71] Thread (fios mediathread 5)[0x002b3c90]} sys_time: sys_time_get_timezone(timezone=*0xd0062a40, summertime=*0xd0062a44)
HLE: W {PPU[0x71] Thread (fios mediathread 5)[0x002b577c]} sys_time: sys_time_get_timezone(timezone=*0xd0062990, summertime=*0xd0062994)
HLE: W {PPU[0x71] Thread (fios mediathread 5)[0x0036188c]} cellFs: cellFsStat(path=*0xd0062c30, sb=*0xd0062ba4) -> sys_fs_stat()
HLE: W {PPU[0x71] Thread (fios mediathread 5)[0x0036188c]} sys_fs: sys_fs_stat(path=*0xd0062c30, sb=*0xd0062ba4)
HLE: W {PPU[0x71] Thread (fios mediathread 5)[0x0036188c]} sys_fs: *** path = '/dev_hdd0/game/NPEA00289/USRDIR/patch_data001/PS3_PS3_Platformer/images/STARTUP_LOGO.png'
HLE: W {PPU[0x71] Thread (fios mediathread 5)[0x002b3c90]} sys_time: sys_time_get_timezone(timezone=*0xd0062a40, summertime=*0xd0062a44)
HLE: W {PPU[0x71] Thread (fios mediathread 5)[0x002b577c]} sys_time: sys_time_get_timezone(timezone=*0xd0062990, summertime=*0xd0062994)
HLE: W {PPU[0x71] Thread (fios mediathread 5)[0x002b3c90]} sys_time: sys_time_get_timezone(timezone=*0xd0062a40, summertime=*0xd0062a44)
HLE: W {PPU[0x71] Thread (fios mediathread 5)[0x002b577c]} sys_time: sys_time_get_timezone(timezone=*0xd0062990, summertime=*0xd0062994)
HLE: W {PPU[0x71] Thread (fios mediathread 5)[0x002b3c90]} sys_time: sys_time_get_timezone(timezone=*0xd0062a40, summertime=*0xd0062a44)
HLE: W {PPU[0x71] Thread (fios mediathread 5)[0x002b577c]} sys_time: sys_time_get_timezone(timezone=*0xd0062990, summertime=*0xd0062994)
HLE: W {PPU[0x71] Thread (fios mediathread 5)[0x0036188c]} cellFs: cellFsStat(path=*0xd0062c30, sb=*0xd0062ba4) -> sys_fs_stat()
HLE: W {PPU[0x71] Thread (fios mediathread 5)[0x0036188c]} sys_fs: sys_fs_stat(path=*0xd0062c30, sb=*0xd0062ba4)
HLE: W {PPU[0x71] Thread (fios mediathread 5)[0x0036188c]} sys_fs: *** path = '/dev_hdd0/game/NPEA00289/USRDIR/patch_data002/PS3_PS3_Platformer/images/STARTUP_LOGO.png'
HLE: E {PPU[0x71] Thread (fios mediathread 5)[0x0036188c]} sys_fs: sys_fs_stat('/dev_hdd0/game/NPEA00289/USRDIR/patch_data002/PS3_PS3_Platformer/images/STARTUP_LOGO.png') failed: not found
HLE: W {PPU[0x71] Thread (fios mediathread 5)[0x0036188c]} cellFs: cellFsStat(path=*0xd0062c30, sb=*0xd0062ba4) -> sys_fs_stat()
HLE: W {PPU[0x71] Thread (fios mediathread 5)[0x0036188c]} sys_fs: sys_fs_stat(path=*0xd0062c30, sb=*0xd0062ba4)
HLE: W {PPU[0x71] Thread (fios mediathread 5)[0x0036188c]} sys_fs: *** path = '/dev_hdd0/game/NPEA00289/USRDIR/patch_data003/PS3_PS3_Platformer/images/STARTUP_LOGO.png'
HLE: E {PPU[0x71] Thread (fios mediathread 5)[0x0036188c]} sys_fs: sys_fs_stat('/dev_hdd0/game/NPEA00289/USRDIR/patch_data003/PS3_PS3_Platformer/images/STARTUP_LOGO.png') failed: not found
HLE: W {PPU[0x71] Thread (fios mediathread 5)[0x0036188c]} cellFs: cellFsStat(path=*0xd0062c30, sb=*0xd0062ba4) -> sys_fs_stat()
HLE: W {PPU[0x71] Thread (fios mediathread 5)[0x0036188c]} sys_fs: sys_fs_stat(path=*0xd0062c30, sb=*0xd0062ba4)
HLE: W {PPU[0x71] Thread (fios mediathread 5)[0x0036188c]} sys_fs: *** path = '/dev_hdd0/game/NPEA00289/USRDIR/patch_data004/PS3_PS3_Platformer/images/STARTUP_LOGO.png'
HLE: E {PPU[0x71] Thread (fios mediathread 5)[0x0036188c]} sys_fs: sys_fs_stat('/dev_hdd0/game/NPEA00289/USRDIR/patch_data004/PS3_PS3_Platformer/images/STARTUP_LOGO.png') failed: not found
HLE: W {PPU[0x71] Thread (fios mediathread 5)[0x00362f4c]} cellFs: cellFsOpen(path=*0xd0063180, flags=0, fd=*0xd0063034, arg=*0x0, size=0x0) -> sys_fs_open()
HLE: W {PPU[0x71] Thread (fios mediathread 5)[0x00362f4c]} sys_fs: sys_fs_open(path=*0xd0063180, flags=0, fd=*0xd0063034, mode=0, arg=*0x0, size=0x0)
HLE: W {PPU[0x71] Thread (fios mediathread 5)[0x00362f4c]} sys_fs: *** path = '/dev_hdd0/game/NPEA00289/USRDIR/patch_data001/PS3_PS3_Platformer/images/STARTUP_LOGO.png'
HLE: W {PPU[0x71] Thread (fios mediathread 5)[0x0036302c]} sys_fs: sys_fs_fstat(fd=4, sb=*0xd00630f4)
HLE: W {PPU[0x71] Thread (fios mediathread 5)[0x0036302c]} sys_fs: sys_fs_fstat(fd=4, sb=*0xd0062ce4)
HLE: W {PPU[0x1] Thread (main_thread)[0x0036134c]} sys_io: cellPadInit(max_connect=7)
HLE: W {PPU[0x1] Thread (main_thread)[0x00361dcc]} cellSysmodule: cellSysmoduleLoadModule(id=0x003b: CELL_SYSMODULE_SYSUTIL_OSK_EXT)
HLE: W {PPU[0x1] Thread (main_thread)[0x003633ac]} sysPrxForUser: sys_lwmutex_create(lwmutex=*0xfb04f8, attr=*0xd001e390)
HLE: W {PPU[0x1] Thread (main_thread)[0x003633ac]} sysPrxForUser: sys_lwmutex_create(lwmutex=*0x8e2db0, attr=*0x39f528)
TTY: using 64 software fmod channels\n
HLE: W {PPU[0x1] Thread (main_thread)[0x0036356c]} sys_lwmutex: _sys_lwmutex_destroy(lwmutex_id=0x76)
HLE: W {PPU[0x1] Thread (main_thread)[0x00361dec]} cellSysmodule: cellSysmoduleIsLoaded(id=0x0043: CELL_SYSMODULE_FIBER)
HLE: E {PPU[0x1] Thread (main_thread)[0x00361dec]} cellSysmodule: cellSysmoduleIsLoaded() failed: module not loaded (id=0x0043)
HLE: W {PPU[0x1] Thread (main_thread)[0x00361dcc]} cellSysmodule: cellSysmoduleLoadModule(id=0x0043: CELL_SYSMODULE_FIBER)
HLE: W {PPU[0x1] Thread (main_thread)[0x00361dec]} cellSysmodule: cellSysmoduleIsLoaded(id=0x0043: CELL_SYSMODULE_FIBER)
G: ! {PPU[0x1] Thread (main_thread)[0x00362b6c]} Registers:
=========
GPR[0] = 0xffffffff80012003
GPR[1] = 0xd001e5b0
GPR[2] = 0x424798
GPR[3] = 0xfbf034
GPR[4] = 0x0
GPR[5] = 0xff88
GPR[6] = 0x1ff10
GPR[7] = 0xff89
GPR[8] = 0x4316f8
GPR[9] = 0xfc6030
GPR[10] = 0xfbd748
GPR[11] = 0x0
GPR[12] = 0x0
GPR[13] = 0xfc6030
GPR[14] = 0x0
GPR[15] = 0x406000
GPR[16] = 0x405000
GPR[17] = 0x0
GPR[18] = 0x404000
GPR[19] = 0x100000
GPR[20] = 0x0
GPR[21] = 0x0
GPR[22] = 0x0
GPR[23] = 0x1
GPR[24] = 0x0
GPR[25] = 0x0
GPR[26] = 0x405000
GPR[27] = 0x406000
GPR[28] = 0xd001ed3c
GPR[29] = 0xd001ed3c
GPR[30] = 0x0
GPR[31] = 0x0
FPR[0] = 180
FPR[1] = 3
FPR[2] = 1
FPR[3] = 0
FPR[4] = -1
FPR[5] = 0.002
FPR[6] = -0.002
FPR[7] = 1
FPR[8] = -4
FPR[9] = 0
FPR[10] = 4
FPR[11] = 1500
FPR[12] = 4000
FPR[13] = 360
FPR[14] = 0
FPR[15] = 0
FPR[16] = 0
FPR[17] = 0
FPR[18] = 0
FPR[19] = 0
FPR[20] = 0
FPR[21] = 0
FPR[22] = 0
FPR[23] = 0
FPR[24] = 0
FPR[25] = 0
FPR[26] = 0
FPR[27] = 0
FPR[28] = 0
FPR[29] = 0
FPR[30] = 0
FPR[31] = 0
VPR[0] = 0x00000000000000000000000000000000 [x: 0 y: 0 z: 0 w: 0]
VPR[1] = 0x3f0000003f0000003f0000003f000000 [x: 0.5 y: 0.5 z: 0.5 w: 0.5]
VPR[2] = 0x3f800000000000000000000000000000 [x: 1 y: 0 z: 0 w: 0]
VPR[3] = 0x000000003f8000000000000000000000 [x: 0 y: 1 z: 0 w: 0]
VPR[4] = 0x00000000000000003f80000000000000 [x: 0 y: 0 z: 1 w: 0]
VPR[5] = 0x0000000000000000000000003f800000 [x: 0 y: 0 z: 0 w: 1]
VPR[6] = 0x3c0883423c0883423c0883423c088342 [x: 0.00833208 y: 0.00833208 z: 0.00833208 w: 0.00833208]
VPR[7] = 0xb94c8c6eb94c8c6eb94c8c6eb94c8c6e [x: -0.000195073 y: -0.000195073 z: -0.000195073 w: -0.000195073]
VPR[8] = 0x3d2aa0363d2aa0363d2aa0363d2aa036 [x: 0.0416567 y: 0.0416567 z: 0.0416567 w: 0.0416567]
VPR[9] = 0xbab24993bab24993bab24993bab24993 [x: -0.00136022 y: -0.00136022 z: -0.00136022 w: -0.00136022]
VPR[10] = 0x33a2216833a2216833a2216833a22168 [x: 7.54979e-08 y: 7.54979e-08 z: 7.54979e-08 w: 7.54979e-08]
VPR[11] = 0x3fc90fda3fc90fda3fc90fda3fc90fda [x: 1.5708 y: 1.5708 z: 1.5708 w: 1.5708]
VPR[12] = 0x00000001000000010000000100000001 [x: 1.4013e-45 y: 1.4013e-45 z: 1.4013e-45 w: 1.4013e-45]
VPR[13] = 0x00000003000000030000000300000003 [x: 4.2039e-45 y: 4.2039e-45 z: 4.2039e-45 w: 4.2039e-45]
VPR[14] = 0x3f22f9833f22f9833f22f9833f22f983 [x: 0.63662 y: 0.63662 z: 0.63662 w: 0.63662]
VPR[15] = 0x40000000400000004000000040000000 [x: 2 y: 2 z: 2 w: 2]
VPR[16] = 0x40c90fdb40c90fdb40c90fdb40c90fdb [x: 6.28319 y: 6.28319 z: 6.28319 w: 6.28319]
VPR[17] = 0x00000004000000040000000400000004 [x: 5.60519e-45 y: 5.60519e-45 z: 5.60519e-45 w: 5.60519e-45]
VPR[18] = 0x40800000410000004140000041800000 [x: 4 y: 8 z: 12 w: 16]
VPR[19] = 0x3ec90fdb3ec90fdb3ec90fdb3ec90fdb [x: 0.392699 y: 0.392699 z: 0.392699 w: 0.392699]
VPR[20] = 0x00000000000000000000000000000000 [x: 0 y: 0 z: 0 w: 0]
VPR[21] = 0x00000000000000000000000000000000 [x: 0 y: 0 z: 0 w: 0]
VPR[22] = 0x00000000000000000000000000000000 [x: 0 y: 0 z: 0 w: 0]
VPR[23] = 0x00000000000000000000000000000000 [x: 0 y: 0 z: 0 w: 0]
VPR[24] = 0x00000000000000000000000000000000 [x: 0 y: 0 z: 0 w: 0]
VPR[25] = 0x00000000000000000000000000000000 [x: 0 y: 0 z: 0 w: 0]
VPR[26] = 0x00000000000000000000000000000000 [x: 0 y: 0 z: 0 w: 0]
VPR[27] = 0x00000000000000000000000000000000 [x: 0 y: 0 z: 0 w: 0]
VPR[28] = 0x00000000000000000000000000000000 [x: 0 y: 0 z: 0 w: 0]
VPR[29] = 0x00000000000000000000000000000000 [x: 0 y: 0 z: 0 w: 0]
VPR[30] = 0x00000000000000000000000000000000 [x: 0 y: 0 z: 0 w: 0]
VPR[31] = 0x00000000000000000000000000000000 [x: 0 y: 0 z: 0 w: 0]
CR = 0x22000024
LR = 0x2b141c
CTR = 0x0
XER = 0x0 [CA=0 | OV=8589934592 | SO=0]
FPSCR = 0x0 [RN=0 | NI=0 | XE=0 | ZE=0 | UE=0 | OE=0 | VE=0 | VXCVI=0 | VXSQRT=0 | VXSOFT=0 | FPRF=0 | FI=0 | FR=0 | VXVC=0 | VXIMZ=0 | VXZDZ=0 | VXIDI=0 | VXISI=0 | VXSNAN=0 | XX=0 | ZX=0 | UX=0 | OX=0 | VX=0 | FEX=0 | FX=0]

G: E {PPU[0x1] Thread (main_thread)[0x00362b6c]} Exception: LLE function not set: _cellFiberPpuInitialize (0x255870804)
(in file Emu\SysCalls\Modules.cpp:140, in function execute_ppu_func_by_index)
G: ! Stopping emulator...
G: ! All threads signaled...
G: ! {PPU[0x2] Thread (Callback Thread)[0x00058bd8]} Thread aborted
G: ! {PPU[0x3d] Thread (SpursHdlr1)[0x00000000]} Thread aborted
HLE: S {PPU[0x53] Thread (fios mediathread 2)[0x0036336c]} Last function: sys_lwcond_wait (0x2a6d9d51)
HLE: S {PPU[0x54] Thread (fios mediathread 3)[0x0036336c]} Last function: sys_lwcond_wait (0x2a6d9d51)
G: ! {PPU[0x54] Thread (fios mediathread 3)[0x0036336c]} Thread aborted
HLE: S {PPU[0x71] Thread (fios mediathread 5)[0x0036336c]} Last function: sys_lwcond_wait (0x2a6d9d51)
G: ! {PPU[0x53] Thread (fios mediathread 2)[0x0036336c]} Thread aborted
HLE: S {PPU[0x73] Thread (fios mediathread 7)[0x0036336c]} Last function: sys_lwcond_wait (0x2a6d9d51)
HLE: S {PPU[0x55] Thread (fios scheduler 1)[0x0036336c]} Last function: sys_lwcond_wait (0x2a6d9d51)
G: ! {PPU[0x3e] Thread (SpursHdlr0)[0x00000000]} Thread aborted
HLE: S {PPU[0x74] Thread (fios scheduler 4)[0x0036336c]} Last function: sys_lwcond_wait (0x2a6d9d51)
G: ! {PPU[0x71] Thread (fios mediathread 5)[0x0036336c]} Thread aborted
HLE: S {PPU[0x72] Thread (fios mediathread 6)[0x0036336c]} Last function: sys_lwcond_wait (0x2a6d9d51)
G: ! {PPU[0x55] Thread (fios scheduler 1)[0x0036336c]} Thread aborted
G: ! {PPU[0x73] Thread (fios mediathread 7)[0x0036336c]} Thread aborted
G: ! {PPU[0x72] Thread (fios mediathread 6)[0x0036336c]} Thread aborted
G: ! {PPU[0x74] Thread (fios scheduler 4)[0x0036336c]} Thread aborted
G: ! {VBlank Thread} Thread aborted
G: ! {SPU[0x38] Thread (CellSpursKernel0)[0x00818]} Thread aborted
G: ! All threads stopped...
G: ! Objects cleared...
