HLE: ! path: /dev_hdd0/game/
HLE: W No pause.bin found, Auto Pause will not work.
HLE: W No pause.bin found, Auto Pause will not work.
LDR: ! Loading 'D:/Emulateurs/Rpcs3/dev_hdd0/game/NPEA00016/USRDIR/BOOT.BIN'...
LDR: !  
LDR: ! Mount info:
LDR: ! /dev_usb000/ -> D:/Emulateurs/Rpcs3/dev_usb000/
LDR: ! /dev_flash/ -> D:/Emulateurs/Rpcs3/dev_flash/
LDR: ! /host_root/ -> 
LDR: ! /dev_hdd0/ -> D:/Emulateurs/Rpcs3/dev_hdd0/
LDR: ! /dev_hdd1/ -> D:/Emulateurs/Rpcs3/dev_hdd1/
LDR: ! /dev_bdvd/ -> D:/Emulateurs/Rpcs3/dev_hdd0/game/NPEA00016/../
LDR: ! /dev_usb/ -> D:/Emulateurs/Rpcs3/dev_usb000/
LDR: !  
LDR: ! Title: Super Rub'a'Dub™
LDR: ! Serial: NPEA00016
LDR: !  
LDR: ! loader::init() failed: Broken file
MEM: ! Initializing memory: g_base_addr = 0x29b2a20000, g_priv_addr = 0x2ab2a20000
MEM: ! Memory initialized.
LDR: ! Imported function 'cellSysmoduleUnloadModule' in 'cellSysmodule' module (0x29fe44)
LDR: ! Imported function 'cellSysmoduleLoadModule' in 'cellSysmodule' module (0x29fe64)
LDR: ! Imported function 'cellSysmoduleInitialize' in 'cellSysmodule' module (0x29fe84)
LDR: ! Imported function 'cellSysmoduleFinalize' in 'cellSysmodule' module (0x29fea4)
LDR: ! Imported function 'cellPadClearBuf' in 'sys_io' module (0x29fec4)
LDR: ! Imported function 'cellPadInfoPressMode' in 'sys_io' module (0x29fee4)
LDR: ! Imported function 'cellPadInit' in 'sys_io' module (0x29ff04)
LDR: ! Imported function 'cellKbClearBuf' in 'sys_io' module (0x29ff24)
LDR: ! Imported function 'cellKbGetInfo' in 'sys_io' module (0x29ff44)
LDR: ! Imported function 'cellMouseGetData' in 'sys_io' module (0x29ff64)
LDR: ! Imported function 'cellPadGetInfo' in 'sys_io' module (0x29ff84)
LDR: ! Imported function 'cellMouseClearBuf' in 'sys_io' module (0x29ffa4)
LDR: ! Imported function 'cellKbInit' in 'sys_io' module (0x29ffc4)
LDR: ! Imported function 'cellPadEnd' in 'sys_io' module (0x29ffe4)
LDR: ! Imported function 'cellMouseGetInfo' in 'sys_io' module (0x2a0004)
LDR: ! Imported function 'cellPadInfoSensorMode' in 'sys_io' module (0x2a0024)
LDR: ! Imported function 'cellPadGetData' in 'sys_io' module (0x2a0044)
LDR: ! Imported function 'cellKbSetCodeType' in 'sys_io' module (0x2a0064)
LDR: ! Imported function 'cellPadSetSensorMode' in 'sys_io' module (0x2a0084)
LDR: ! Imported function 'cellMouseInit' in 'sys_io' module (0x2a00a4)
LDR: ! Imported function 'cellKbSetReadMode' in 'sys_io' module (0x2a00c4)
LDR: ! Imported function 'cellPadSetActDirect' in 'sys_io' module (0x2a00e4)
LDR: ! Imported function 'cellPadSetPressMode' in 'sys_io' module (0x2a0104)
LDR: ! Imported function 'cellKbRead' in 'sys_io' module (0x2a0124)
LDR: ! Imported function 'cellFsClose' in 'sys_fs' module (0x2a0144)
LDR: ! Imported function 'cellFsOpendir' in 'sys_fs' module (0x2a0164)
LDR: ! Imported function 'cellFsRead' in 'sys_fs' module (0x2a0184)
LDR: ! Imported function 'cellFsReaddir' in 'sys_fs' module (0x2a01a4)
LDR: ! Imported function 'cellFsOpen' in 'sys_fs' module (0x2a01c4)
LDR: ! Imported function 'cellFsStat' in 'sys_fs' module (0x2a01e4)
LDR: E Unimplemented function 'cellFsAioCancel' in 'sys_fs' module (0x2a0204)
LDR: ! Imported function 'cellFsAioFinish' in 'sys_fs' module (0x2a0224)
LDR: ! Imported function 'cellFsLseek' in 'sys_fs' module (0x2a0244)
LDR: ! Imported function 'cellFsMkdir' in 'sys_fs' module (0x2a0264)
LDR: ! Imported function 'cellFsAioRead' in 'sys_fs' module (0x2a0284)
LDR: ! Imported function 'cellFsAioInit' in 'sys_fs' module (0x2a02a4)
LDR: ! Imported function 'cellFsWrite' in 'sys_fs' module (0x2a02c4)
LDR: ! Imported function 'cellFsClosedir' in 'sys_fs' module (0x2a02e4)
LDR: ! Imported function 'cellSysutilUnregisterCallback' in 'cellSysutil' module (0x2a0304)
LDR: ! Imported function 'cellVideoOutConfigure' in 'cellSysutil' module (0x2a0324)
LDR: ! Imported function 'cellSysutilCheckCallback' in 'cellSysutil' module (0x2a0344)
LDR: ! Imported function 'cellMsgDialogOpenErrorCode' in 'cellSysutil' module (0x2a0364)
LDR: ! Imported function 'cellSysutilGetSystemParamInt' in 'cellSysutil' module (0x2a0384)
LDR: ! Imported function 'cellAudioOutConfigure' in 'cellSysutil' module (0x2a03a4)
LDR: ! Imported function 'cellVideoOutGetState' in 'cellSysutil' module (0x2a03c4)
LDR: ! Imported function 'cellSaveDataAutoSave2' in 'cellSysutil' module (0x2a03e4)
LDR: ! Imported function 'cellSysutilRegisterCallback' in 'cellSysutil' module (0x2a0404)
LDR: ! Imported function 'cellVideoOutGetResolutionAvailability' in 'cellSysutil' module (0x2a0424)
LDR: ! Imported function 'cellAudioOutGetSoundAvailability' in 'cellSysutil' module (0x2a0444)
LDR: ! Imported function 'cellVideoOutGetResolution' in 'cellSysutil' module (0x2a0464)
LDR: ! Imported function 'cellSaveDataDelete2' in 'cellSysutil' module (0x2a0484)
LDR: ! Imported function 'cellSaveDataAutoLoad2' in 'cellSysutil' module (0x2a04a4)
LDR: ! Imported function 'cellAudioOutGetState' in 'cellSysutil' module (0x2a1344)
LDR: ! Imported function 'cellGcmGetTiledPitchSize' in 'cellGcmSys' module (0x2a04c4)
LDR: ! Imported function '_cellGcmInitBody' in 'cellGcmSys' module (0x2a04e4)
LDR: ! Imported function '_cellGcmSetFlipCommand' in 'cellGcmSys' module (0x2a0504)
LDR: ! Imported function 'cellGcmAddressToOffset' in 'cellGcmSys' module (0x2a0524)
LDR: ! Imported function '_cellGcmFunc15' in 'cellGcmSys' module (0x2a0544)
LDR: ! Imported function 'cellGcmSetFlipMode' in 'cellGcmSys' module (0x2a0564)
LDR: ! Imported function 'cellGcmGetFlipStatus' in 'cellGcmSys' module (0x2a0584)
LDR: ! Imported function 'cellGcmSetDisplayBuffer' in 'cellGcmSys' module (0x2a05a4)
LDR: ! Imported function 'cellGcmGetControlRegister' in 'cellGcmSys' module (0x2a05c4)
LDR: ! Imported function 'cellGcmSetVBlankHandler' in 'cellGcmSys' module (0x2a05e4)
LDR: ! Imported function 'cellGcmResetFlipStatus' in 'cellGcmSys' module (0x2a0604)
LDR: ! Imported function 'cellGcmSetInvalidateTile' in 'cellGcmSys' module (0x2a0624)
LDR: ! Imported function 'cellGcmSetTile' in 'cellGcmSys' module (0x2a0644)
LDR: ! Imported function 'cellGcmSetZcull' in 'cellGcmSys' module (0x2a0664)
LDR: ! Imported function 'cellGcmGetConfiguration' in 'cellGcmSys' module (0x2a0684)
LDR: ! Imported function 'cellGcmGetLabelAddress' in 'cellGcmSys' module (0x2a06a4)
LDR: ! Imported function 'cellSpursAttributeSetNamePrefix' in 'cellSpurs' module (0x2a06c4)
LDR: ! Imported function 'cellSpursEventFlagDetachLv2EventQueue' in 'cellSpurs' module (0x2a06e4)
LDR: ! Imported function 'cellSpursCreateJobChainWithAttribute' in 'cellSpurs' module (0x2a0704)
LDR: ! Imported function '_cellSpursJobChainAttributeInitialize' in 'cellSpurs' module (0x2a0724)
LDR: ! Imported function 'cellSpursEventFlagWait' in 'cellSpurs' module (0x2a0744)
LDR: ! Imported function 'cellSpursDetachLv2EventQueue' in 'cellSpurs' module (0x2a0764)
LDR: ! Imported function '_cellSpursEventFlagInitialize' in 'cellSpurs' module (0x2a0784)
LDR: ! Imported function 'cellSpursJobGuardInitialize' in 'cellSpurs' module (0x2a07a4)
LDR: ! Imported function 'cellSpursShutdownJobChain' in 'cellSpurs' module (0x2a07c4)
LDR: ! Imported function 'cellSpursEventFlagAttachLv2EventQueue' in 'cellSpurs' module (0x2a07e4)
LDR: ! Imported function '_cellSpursAttributeInitialize' in 'cellSpurs' module (0x2a0804)
LDR: ! Imported function 'cellSpursJobChainAttributeSetName' in 'cellSpurs' module (0x2a0824)
LDR: ! Imported function 'cellSpursJoinJobChain' in 'cellSpurs' module (0x2a0844)
LDR: ! Imported function 'cellSpursInitializeWithAttribute' in 'cellSpurs' module (0x2a0864)
LDR: ! Imported function 'cellSpursAttachLv2EventQueue' in 'cellSpurs' module (0x2a0884)
LDR: ! Imported function 'cellSpursJobGuardNotify' in 'cellSpurs' module (0x2a08a4)
LDR: ! Imported function 'cellSpursRunJobChain' in 'cellSpurs' module (0x2a08c4)
LDR: ! Imported function 'cellSpursJoinTaskset' in 'cellSpurs' module (0x2a1364)
LDR: ! Imported function 'cellSpursShutdownTaskset' in 'cellSpurs' module (0x2a1384)
LDR: ! Imported function '_cellSpursSendSignal' in 'cellSpurs' module (0x2a13a4)
LDR: ! Imported function 'cellAudioInit' in 'cellAudio' module (0x2a08e4)
LDR: ! Imported function 'cellAudioGetPortConfig' in 'cellAudio' module (0x2a0904)
LDR: ! Imported function 'cellAudioPortStart' in 'cellAudio' module (0x2a0924)
LDR: ! Imported function 'cellAudioQuit' in 'cellAudio' module (0x2a0944)
LDR: ! Imported function 'cellAudioPortOpen' in 'cellAudio' module (0x2a0964)
LDR: ! Imported function 'sceNpCommerceGetChildProductSkuInfo' in 'sceNp' module (0x2a0984)
LDR: ! Imported function 'sceNpScoreGetRankingByRangeAsync' in 'sceNp' module (0x2a09a4)
LDR: ! Imported function 'sceNpScoreDestroyTitleCtx' in 'sceNp' module (0x2a09c4)
LDR: ! Imported function 'sceNpCommerceGetProductCategoryStart' in 'sceNp' module (0x2a09e4)
LDR: ! Imported function 'sceNpCommerceGetNumOfChildCategory' in 'sceNp' module (0x2a0a04)
LDR: ! Imported function 'sceNpScoreInit' in 'sceNp' module (0x2a0a24)
LDR: ! Imported function 'sceNpCommerceGetCategoryDescription' in 'sceNp' module (0x2a0a44)
LDR: ! Imported function 'sceNpCommerceGetSkuId' in 'sceNp' module (0x2a0a64)
LDR: ! Imported function 'sceNpScoreGetRankingByNpIdAsync' in 'sceNp' module (0x2a0a84)
LDR: ! Imported function 'sceNpCommerceGetProductCategoryResult' in 'sceNp' module (0x2a0aa4)
LDR: ! Imported function 'sceNpTerm' in 'sceNp' module (0x2a0ac4)
LDR: ! Imported function 'sceNpManagerUnregisterCallback' in 'sceNp' module (0x2a0ae4)
LDR: ! Imported function 'sceNpCommerceGetProductCategoryAbort' in 'sceNp' module (0x2a0b04)
LDR: ! Imported function 'sceNpCommerceDestroyProductCategory' in 'sceNp' module (0x2a0b24)
LDR: ! Imported function 'sceNpCommerceGetCategoryName' in 'sceNp' module (0x2a0b44)
LDR: ! Imported function 'sceNpManagerGetContentRatingFlag' in 'sceNp' module (0x2a0b64)
LDR: ! Imported function 'sceNpScoreCreateTransactionCtx' in 'sceNp' module (0x2a0b84)
LDR: ! Imported function 'sceNpCommerceGetNumOfChildProductSku' in 'sceNp' module (0x2a0ba4)
LDR: ! Imported function 'sceNpCommerceGetSkuPrice' in 'sceNp' module (0x2a0bc4)
LDR: ! Imported function 'sceNpCommerceGetCurrencyCode' in 'sceNp' module (0x2a0be4)
LDR: ! Imported function 'sceNpManagerRequestTicket2' in 'sceNp' module (0x2a0c04)
LDR: ! Imported function 'sceNpCommerceInitProductCategory' in 'sceNp' module (0x2a0c24)
LDR: ! Imported function 'sceNpScoreTerm' in 'sceNp' module (0x2a0c44)
LDR: ! Imported function 'sceNpScorePollAsync' in 'sceNp' module (0x2a0c64)
LDR: ! Imported function 'sceNpManagerGetStatus' in 'sceNp' module (0x2a0c84)
LDR: ! Imported function 'sceNpCommerceGetSkuDescription' in 'sceNp' module (0x2a0ca4)
LDR: ! Imported function 'sceNpBasicUnregisterHandler' in 'sceNp' module (0x2a0cc4)
LDR: ! Imported function 'sceNpDrmIsAvailable' in 'sceNp' module (0x2a0ce4)
LDR: ! Imported function 'sceNpCommerceGetCategoryId' in 'sceNp' module (0x2a0d04)
LDR: ! Imported function 'sceNpCommerceDoCheckoutFinishAsync' in 'sceNp' module (0x2a0d24)
LDR: ! Imported function 'sceNpCommerceGetCurrencyDecimals' in 'sceNp' module (0x2a0d44)
LDR: ! Imported function 'sceNpCommerceGetCurrencyInfo' in 'sceNp' module (0x2a0d64)
LDR: ! Imported function 'sceNpManagerGetAccountRegion' in 'sceNp' module (0x2a0d84)
LDR: ! Imported function 'sceNpManagerGetEntitlementIdList' in 'sceNp' module (0x2a0da4)
LDR: ! Imported function 'sceNpScoreCreateTitleCtx' in 'sceNp' module (0x2a0dc4)
LDR: ! Imported function 'sceNpCommerceGetChildCategoryInfo' in 'sceNp' module (0x2a0de4)
LDR: ! Imported function 'sceNpBasicRegisterHandler' in 'sceNp' module (0x2a0e04)
LDR: ! Imported function 'sceNpInit' in 'sceNp' module (0x2a0e24)
LDR: ! Imported function 'sceNpManagerGetNetworkTime' in 'sceNp' module (0x2a0e44)
LDR: ! Imported function 'sceNpScoreDestroyTransactionCtx' in 'sceNp' module (0x2a0e64)
LDR: ! Imported function 'sceNpCommerceGetSkuImageURL' in 'sceNp' module (0x2a0e84)
LDR: ! Imported function 'sceNpCommerceGetProductCategoryFinish' in 'sceNp' module (0x2a0ea4)
LDR: ! Imported function 'sceNpScoreGetGameDataAsync' in 'sceNp' module (0x2a0ec4)
LDR: ! Imported function 'sceNpScoreGetBoardInfoAsync' in 'sceNp' module (0x2a0ee4)
LDR: ! Imported function 'sceNpBasicGetEvent' in 'sceNp' module (0x2a0f04)
LDR: ! Imported function 'sceNpCommerceDestroyCtx' in 'sceNp' module (0x2a0f24)
LDR: ! Imported function 'sceNpCommerceDoCheckoutStartAsync' in 'sceNp' module (0x2a0f44)
LDR: ! Imported function 'sceNpManagerRegisterCallback' in 'sceNp' module (0x2a0f64)
LDR: ! Imported function 'sceNpCommerceGetProductName' in 'sceNp' module (0x2a0f84)
LDR: ! Imported function 'sceNpScoreAbortTransaction' in 'sceNp' module (0x2a0fa4)
LDR: ! Imported function 'sceNpScoreRecordScoreAsync' in 'sceNp' module (0x2a0fc4)
LDR: ! Imported function 'sceNpScoreRecordGameDataAsync' in 'sceNp' module (0x2a0fe4)
LDR: ! Imported function 'sceNpCommerceCreateCtx' in 'sceNp' module (0x2a1004)
LDR: ! Imported function 'sceNpManagerGetNpId' in 'sceNp' module (0x2a1024)
LDR: ! Imported function 'cellNetCtlNetStartDialogLoadAsync' in 'cellNetCtl' module (0x2a1044)
LDR: ! Imported function 'cellNetCtlNetStartDialogUnloadAsync' in 'cellNetCtl' module (0x2a1064)
LDR: ! Imported function 'cellNetCtlTerm' in 'cellNetCtl' module (0x2a1084)
LDR: ! Imported function 'cellNetCtlInit' in 'cellNetCtl' module (0x2a10a4)
LDR: W Unknown module 'cellHttp'
LDR: E Unimplemented function 'cellHttpCreateTransaction' in 'cellHttp' module (0x2a10c4)
LDR: E Unimplemented function 'cellHttpInit' in 'cellHttp' module (0x2a10e4)
LDR: E Unimplemented function 'cellHttpDestroyTransaction' in 'cellHttp' module (0x2a1104)
LDR: E Unimplemented function 'cellHttpResponseGetContentLength' in 'cellHttp' module (0x2a1124)
LDR: E Unimplemented function 'cellHttpCreateClient' in 'cellHttp' module (0x2a1144)
LDR: E Unimplemented function 'cellHttpRecvResponse' in 'cellHttp' module (0x2a1164)
LDR: E Unimplemented function 'cellHttpDestroyClient' in 'cellHttp' module (0x2a1184)
LDR: E Unimplemented function 'cellHttpSendRequest' in 'cellHttp' module (0x2a11a4)
LDR: E Unimplemented function 'cellHttpEnd' in 'cellHttp' module (0x2a11c4)
LDR: W Unknown module 'cellHttpUtil'
LDR: E Unimplemented function 'cellHttpUtilParseUri' in 'cellHttpUtil' module (0x2a11e4)
LDR: ! Imported function 'sys_net_initialize_network_ex' in 'sys_net' module (0x2a1204)
LDR: ! Imported function 'sys_net_finalize_network' in 'sys_net' module (0x2a1224)
LDR: ! Imported function 'cellPngDecCreate' in 'cellPngDec' module (0x2a1244)
LDR: ! Imported function 'cellPngDecDecodeData' in 'cellPngDec' module (0x2a1264)
LDR: ! Imported function 'cellPngDecClose' in 'cellPngDec' module (0x2a1284)
LDR: ! Imported function 'cellPngDecDestroy' in 'cellPngDec' module (0x2a12a4)
LDR: ! Imported function 'cellPngDecReadHeader' in 'cellPngDec' module (0x2a12c4)
LDR: ! Imported function 'cellPngDecOpen' in 'cellPngDec' module (0x2a12e4)
LDR: ! Imported function 'cellPngDecSetParameter' in 'cellPngDec' module (0x2a1304)
LDR: ! Imported function 'cellRtcSetTick' in 'cellRtc' module (0x2a1324)
LDR: ! Imported function 'sys_lwmutex_lock' in 'sysPrxForUser' module (0x2a13c4)
LDR: ! Imported function 'sys_lwmutex_unlock' in 'sysPrxForUser' module (0x2a13e4)
LDR: ! Imported function 'sys_ppu_thread_create' in 'sysPrxForUser' module (0x2a1404)
LDR: ! Imported function '_sys_process_atexitspawn' in 'sysPrxForUser' module (0x2a1424)
LDR: ! Imported function 'sys_lwmutex_create' in 'sysPrxForUser' module (0x2a1444)
LDR: ! Imported function 'sys_ppu_thread_get_id' in 'sysPrxForUser' module (0x2a1464)
LDR: ! Imported function 'sys_initialize_tls' in 'sysPrxForUser' module (0x2a1484)
LDR: ! Imported function 'sys_time_get_system_time' in 'sysPrxForUser' module (0x2a14a4)
LDR: ! Imported function '_sys_process_at_Exitspawn' in 'sysPrxForUser' module (0x2a14c4)
LDR: ! Imported function 'sys_prx_exitspawn_with_level' in 'sysPrxForUser' module (0x2a14e4)
LDR: ! Imported function 'sys_ppu_thread_exit' in 'sysPrxForUser' module (0x2a1504)
LDR: ! Imported function 'sys_lwmutex_destroy' in 'sysPrxForUser' module (0x2a1524)
LDR: ! Imported function 'sys_spu_image_close' in 'sysPrxForUser' module (0x2a1544)
LDR: ! Imported function 'sys_process_exit' in 'sysPrxForUser' module (0x2a1564)
LDR: ! Imported function 'sys_spu_image_import' in 'sysPrxForUser' module (0x2a1584)
HLE: ! sysPrxForUser: Thread Local Storage initialized (g_tls_start=0x47a000, user_size=0x110)
*** TLS segment addr: 0x00357360
*** TLS segment size: 0x00000004
HLE: W {PPU[1] Thread (main_thread)[0x002a1444]} sys_lwmutex: sys_lwmutex_create(lwmutex_addr=0x430c78, attr_addr=0x2f1248)
HLE: ! {PPU[1] Thread (main_thread)[0x002a1444]} sys_lwmutex: *** lwmutex created [_lc_mtx] (attribute=0x12): sq_id = 3
HLE: W {PPU[1] Thread (main_thread)[0x0023552c]} sys_memory: sys_memory_get_user_memory_size(mem_info_addr=0xd00ffc04)
HLE: W {PPU[1] Thread (main_thread)[0x002a1444]} sys_lwmutex: sys_lwmutex_create(lwmutex_addr=0x430a78, attr_addr=0x2f1248)
HLE: ! {PPU[1] Thread (main_thread)[0x002a1444]} sys_lwmutex: *** lwmutex created [_lc_mtx] (attribute=0x12): sq_id = 4
HLE: W {PPU[1] Thread (main_thread)[0x002a1444]} sys_lwmutex: sys_lwmutex_create(lwmutex_addr=0x430200, attr_addr=0x2f1248)
HLE: ! {PPU[1] Thread (main_thread)[0x002a1444]} sys_lwmutex: *** lwmutex created [_lc_mtx] (attribute=0x12): sq_id = 5
HLE: W {PPU[1] Thread (main_thread)[0x002a1444]} sys_lwmutex: sys_lwmutex_create(lwmutex_addr=0x430228, attr_addr=0x2f1248)
HLE: ! {PPU[1] Thread (main_thread)[0x002a1444]} sys_lwmutex: *** lwmutex created [_lc_mtx] (attribute=0x12): sq_id = 6
HLE: W {PPU[1] Thread (main_thread)[0x002a1444]} sys_lwmutex: sys_lwmutex_create(lwmutex_addr=0x430250, attr_addr=0x2f1248)
HLE: ! {PPU[1] Thread (main_thread)[0x002a1444]} sys_lwmutex: *** lwmutex created [_lc_mtx] (attribute=0x12): sq_id = 7
HLE: W {PPU[1] Thread (main_thread)[0x002a1444]} sys_lwmutex: sys_lwmutex_create(lwmutex_addr=0x430138, attr_addr=0x2f1248)
HLE: ! {PPU[1] Thread (main_thread)[0x002a1444]} sys_lwmutex: *** lwmutex created [_lc_mtx] (attribute=0x12): sq_id = 8
HLE: W {PPU[1] Thread (main_thread)[0x002a1444]} sys_lwmutex: sys_lwmutex_create(lwmutex_addr=0x430160, attr_addr=0x2f1248)
HLE: ! {PPU[1] Thread (main_thread)[0x002a1444]} sys_lwmutex: *** lwmutex created [_lc_mtx] (attribute=0x12): sq_id = 9
HLE: W {PPU[1] Thread (main_thread)[0x002a1444]} sys_lwmutex: sys_lwmutex_create(lwmutex_addr=0x430188, attr_addr=0x2f1248)
HLE: ! {PPU[1] Thread (main_thread)[0x002a1444]} sys_lwmutex: *** lwmutex created [_lc_mtx] (attribute=0x12): sq_id = 10
HLE: W {PPU[1] Thread (main_thread)[0x002a1444]} sys_lwmutex: sys_lwmutex_create(lwmutex_addr=0x4301b0, attr_addr=0x2f1248)
HLE: ! {PPU[1] Thread (main_thread)[0x002a1444]} sys_lwmutex: *** lwmutex created [_lc_mtx] (attribute=0x12): sq_id = 11
HLE: W {PPU[1] Thread (main_thread)[0x002a1444]} sys_lwmutex: sys_lwmutex_create(lwmutex_addr=0x4301d8, attr_addr=0x2f1248)
HLE: ! {PPU[1] Thread (main_thread)[0x002a1444]} sys_lwmutex: *** lwmutex created [_lc_mtx] (attribute=0x12): sq_id = 12
HLE: W {PPU[1] Thread (main_thread)[0x002a1444]} sys_lwmutex: sys_lwmutex_create(lwmutex_addr=0x430dc8, attr_addr=0x35c640)
HLE: ! {PPU[1] Thread (main_thread)[0x002a1444]} sys_lwmutex: *** lwmutex created [_lgcmtx] (attribute=0x12): sq_id = 13
HLE: W {PPU[1] Thread (main_thread)[0x002a1444]} sys_lwmutex: sys_lwmutex_create(lwmutex_addr=0x430d48, attr_addr=0x35c640)
HLE: ! {PPU[1] Thread (main_thread)[0x002a1444]} sys_lwmutex: *** lwmutex created [_lgcmtx] (attribute=0x12): sq_id = 14
HLE: W {PPU[1] Thread (main_thread)[0x002a1444]} sys_lwmutex: sys_lwmutex_create(lwmutex_addr=0x418598, attr_addr=0xd00ffb34)
HLE: ! {PPU[1] Thread (main_thread)[0x002a1444]} sys_lwmutex: *** lwmutex created [] (attribute=0x22): sq_id = 15
HLE: W {PPU[1] Thread (main_thread)[0x002a1444]} sys_lwmutex: sys_lwmutex_create(lwmutex_addr=0x4185c8, attr_addr=0xd00ffb34)
HLE: ! {PPU[1] Thread (main_thread)[0x002a1444]} sys_lwmutex: *** lwmutex created [] (attribute=0x22): sq_id = 16
HLE: W {PPU[1] Thread (main_thread)[0x002a1444]} sys_lwmutex: sys_lwmutex_create(lwmutex_addr=0x4185f8, attr_addr=0xd00ffb34)
HLE: ! {PPU[1] Thread (main_thread)[0x002a1444]} sys_lwmutex: *** lwmutex created [] (attribute=0x22): sq_id = 17
HLE: W {PPU[1] Thread (main_thread)[0x002a1444]} sys_lwmutex: sys_lwmutex_create(lwmutex_addr=0x418628, attr_addr=0xd00ffb34)
HLE: ! {PPU[1] Thread (main_thread)[0x002a1444]} sys_lwmutex: *** lwmutex created [] (attribute=0x22): sq_id = 18
HLE: W {PPU[1] Thread (main_thread)[0x002a1444]} sys_lwmutex: sys_lwmutex_create(lwmutex_addr=0x418658, attr_addr=0xd00ffb34)
HLE: ! {PPU[1] Thread (main_thread)[0x002a1444]} sys_lwmutex: *** lwmutex created [] (attribute=0x22): sq_id = 19
HLE: W {PPU[1] Thread (main_thread)[0x002a1444]} sys_lwmutex: sys_lwmutex_create(lwmutex_addr=0x418688, attr_addr=0xd00ffb34)
HLE: ! {PPU[1] Thread (main_thread)[0x002a1444]} sys_lwmutex: *** lwmutex created [] (attribute=0x22): sq_id = 20
HLE: W {PPU[1] Thread (main_thread)[0x002a1444]} sys_lwmutex: sys_lwmutex_create(lwmutex_addr=0x4186b8, attr_addr=0xd00ffb34)
HLE: ! {PPU[1] Thread (main_thread)[0x002a1444]} sys_lwmutex: *** lwmutex created [] (attribute=0x22): sq_id = 21
HLE: W {PPU[1] Thread (main_thread)[0x002a1444]} sys_lwmutex: sys_lwmutex_create(lwmutex_addr=0x4186e8, attr_addr=0xd00ffb34)
HLE: ! {PPU[1] Thread (main_thread)[0x002a1444]} sys_lwmutex: *** lwmutex created [] (attribute=0x22): sq_id = 22
HLE: W {PPU[1] Thread (main_thread)[0x002a1444]} sys_lwmutex: sys_lwmutex_create(lwmutex_addr=0x418718, attr_addr=0xd00ffb34)
HLE: ! {PPU[1] Thread (main_thread)[0x002a1444]} sys_lwmutex: *** lwmutex created [] (attribute=0x22): sq_id = 23
HLE: W {PPU[1] Thread (main_thread)[0x002a1444]} sys_lwmutex: sys_lwmutex_create(lwmutex_addr=0x42aa90, attr_addr=0xd00ffac4)
HLE: ! {PPU[1] Thread (main_thread)[0x002a1444]} sys_lwmutex: *** lwmutex created [] (attribute=0x22): sq_id = 24
HLE: W {PPU[1] Thread (main_thread)[0x002a1444]} sys_lwmutex: sys_lwmutex_create(lwmutex_addr=0x42aac0, attr_addr=0xd00ffac4)
HLE: ! {PPU[1] Thread (main_thread)[0x002a1444]} sys_lwmutex: *** lwmutex created [] (attribute=0x22): sq_id = 25
HLE: W {PPU[1] Thread (main_thread)[0x002a1444]} sys_lwmutex: sys_lwmutex_create(lwmutex_addr=0x418518, attr_addr=0xd00ffb30)
HLE: ! {PPU[1] Thread (main_thread)[0x002a1444]} sys_lwmutex: *** lwmutex created [] (attribute=0x22): sq_id = 26
HLE: W {PPU[1] Thread (main_thread)[0x002a1444]} sys_lwmutex: sys_lwmutex_create(lwmutex_addr=0x418560, attr_addr=0xd00ffb30)
HLE: ! {PPU[1] Thread (main_thread)[0x002a1444]} sys_lwmutex: *** lwmutex created [] (attribute=0x22): sq_id = 27
HLE: W {PPU[1] Thread (main_thread)[0x002a1444]} sys_lwmutex: sys_lwmutex_create(lwmutex_addr=0x40ee00, attr_addr=0xd00ffac4)
HLE: ! {PPU[1] Thread (main_thread)[0x002a1444]} sys_lwmutex: *** lwmutex created [] (attribute=0x22): sq_id = 28
HLE: W {PPU[1] Thread (main_thread)[0x002a1444]} sys_lwmutex: sys_lwmutex_create(lwmutex_addr=0x3bc728, attr_addr=0xd00ffab4)
HLE: ! {PPU[1] Thread (main_thread)[0x002a1444]} sys_lwmutex: *** lwmutex created [] (attribute=0x22): sq_id = 29
HLE: W {PPU[1] Thread (main_thread)[0x0004518c]} sys_memory: sys_memory_container_create(cid_addr=0x3baad8, yield_size=0x3400000)
HLE: W {PPU[1] Thread (main_thread)[0x0004518c]} sys_memory: *** memory_container created(addr=0x20200000): id = 30
HLE: W {PPU[1] Thread (main_thread)[0x002a0384]} cellSysutil: cellSysutilGetSystemParamInt: CELL_SYSUTIL_SYSTEMPARAM_ID_LANG
TTY: !! system language: 2 !!\n
HLE: W {PPU[1] Thread (main_thread)[0x002a1444]} sys_lwmutex: sys_lwmutex_create(lwmutex_addr=0x397080, attr_addr=0xd00ffb60)
HLE: ! {PPU[1] Thread (main_thread)[0x002a1444]} sys_lwmutex: *** lwmutex created [] (attribute=0x12): sq_id = 31
HLE: W {PPU[1] Thread (main_thread)[0x0029fe84]} cellSysmodule: cellSysmoduleInitialize()
HLE: W {PPU[1] Thread (main_thread)[0x0029fe64]} cellSysmodule: cellSysmoduleLoadModule(id=0x000a: CELL_SYSMODULE_SPURS)
HLE: W {PPU[1] Thread (main_thread)[0x0029fe64]} cellSysmodule: cellSysmoduleLoadModule(id=0x0010: CELL_SYSMODULE_GCM_SYS)
HLE: W {PPU[1] Thread (main_thread)[0x0029fe64]} cellSysmodule: cellSysmoduleLoadModule(id=0x0009: CELL_SYSMODULE_RTC)
HLE: W {PPU[1] Thread (main_thread)[0x0029fe64]} cellSysmodule: cellSysmoduleLoadModule(id=0x000e: CELL_SYSMODULE_FS)
HLE: W {PPU[1] Thread (main_thread)[0x0029fe64]} cellSysmodule: cellSysmoduleLoadModule(id=0x0011: CELL_SYSMODULE_AUDIO)
HLE: W {PPU[1] Thread (main_thread)[0x0029fe64]} cellSysmodule: cellSysmoduleLoadModule(id=0x0017: CELL_SYSMODULE_IO)
HLE: W {PPU[1] Thread (main_thread)[0x0029fe64]} cellSysmodule: cellSysmoduleLoadModule(id=0x0016: CELL_SYSMODULE_SYSUTIL_NP)
HLE: W {PPU[1] Thread (main_thread)[0x0029fe64]} cellSysmodule: cellSysmoduleLoadModule(id=0x0000: CELL_SYSMODULE_NET)
HLE: W {PPU[1] Thread (main_thread)[0x0029fe64]} cellSysmodule: cellSysmoduleLoadModule(id=0x001e: CELL_SYSMODULE_L10N)
HLE: W {PPU[1] Thread (main_thread)[0x0029fe64]} cellSysmodule: cellSysmoduleLoadModule(id=0x0001: CELL_SYSMODULE_HTTP)
HLE: W {PPU[1] Thread (main_thread)[0x0029fe64]} cellSysmodule: cellSysmoduleLoadModule(id=0x0002: CELL_SYSMODULE_HTTP_UTIL)
HLE: W {PPU[1] Thread (main_thread)[0x0029fe64]} cellSysmodule: cellSysmoduleLoadModule(id=0x0018: CELL_SYSMODULE_PNGDEC)
HLE: W {PPU[1] Thread (main_thread)[0x002a02a4]} sys_fs: cellFsAioInit(mount_point_addr=0x20125b10)
HLE: W {PPU[1] Thread (main_thread)[0x002a02a4]} sys_fs: cellFsAioInit(mount_point='/app_home/Game/PS3_GAME/USRDIR')
HLE: W {PPU[1] Thread (main_thread)[0x00046060]} sys_spu: sys_spu_initialize(max_usable_spu=6, max_raw_spu=0)
HLE: W {PPU[1] Thread (main_thread)[0x002a0404]} cellSysutil: cellSysutilRegisterCallback(slot=0, func_addr=0x33ca98, userdata=0x3baa88)
HLE: W {PPU[1] Thread (main_thread)[0x002a0804]} cellSpurs: _cellSpursAttributeInitialize(attr_addr=0xd00ffa10, revision=2, sdkVersion=0x220002, nSpus=5, spuPriority=250, ppuPriority=1000, exitIfNoWork=1)
HLE: W {PPU[1] Thread (main_thread)[0x002a06c4]} cellSpurs: cellSpursAttributeSetNamePrefix(attr_addr=0xd00ffa10, prefix_addr=0x2f3188, size=7)
HLE: W {PPU[1] Thread (main_thread)[0x002a0864]} cellSpurs: cellSpursInitializeWithAttribute(spurs_addr=0x20137700, attr_addr=0xd00ffa10)
HLE: W {PPU[1] Thread (main_thread)[0x002a0864]} sys_process: sys_process_is_spu_lock_line_reservation_address(addr=0x20137700, flags=0x2)
HLE: W {PPU[1] Thread (main_thread)[0x002a0864]} sys_semaphore: sys_semaphore_create(sem_addr=0x23600000, attr_addr=0x23601000, initial_count=0, max_count=1)
HLE: ! {PPU[1] Thread (main_thread)[0x002a0864]} sys_semaphore: *** semaphore created [_spuWkl] (protocol=0x2): id = 32
HLE: W {PPU[1] Thread (main_thread)[0x002a0864]} sys_semaphore: sys_semaphore_create(sem_addr=0x23600000, attr_addr=0x23601000, initial_count=0, max_count=1)
HLE: ! {PPU[1] Thread (main_thread)[0x002a0864]} sys_semaphore: *** semaphore created [_spuWkl] (protocol=0x2): id = 33
HLE: W {PPU[1] Thread (main_thread)[0x002a0864]} sys_semaphore: sys_semaphore_create(sem_addr=0x23600000, attr_addr=0x23601000, initial_count=0, max_count=1)
HLE: ! {PPU[1] Thread (main_thread)[0x002a0864]} sys_semaphore: *** semaphore created [_spuWkl] (protocol=0x2): id = 34
HLE: W {PPU[1] Thread (main_thread)[0x002a0864]} sys_semaphore: sys_semaphore_create(sem_addr=0x23600000, attr_addr=0x23601000, initial_count=0, max_count=1)
HLE: ! {PPU[1] Thread (main_thread)[0x002a0864]} sys_semaphore: *** semaphore created [_spuWkl] (protocol=0x2): id = 35
HLE: W {PPU[1] Thread (main_thread)[0x002a0864]} sys_semaphore: sys_semaphore_create(sem_addr=0x23600000, attr_addr=0x23601000, initial_count=0, max_count=1)
HLE: ! {PPU[1] Thread (main_thread)[0x002a0864]} sys_semaphore: *** semaphore created [_spuWkl] (protocol=0x2): id = 36
HLE: W {PPU[1] Thread (main_thread)[0x002a0864]} sys_semaphore: sys_semaphore_create(sem_addr=0x23600000, attr_addr=0x23601000, initial_count=0, max_count=1)
HLE: ! {PPU[1] Thread (main_thread)[0x002a0864]} sys_semaphore: *** semaphore created [_spuWkl] (protocol=0x2): id = 37
HLE: W {PPU[1] Thread (main_thread)[0x002a0864]} sys_semaphore: sys_semaphore_create(sem_addr=0x23600000, attr_addr=0x23601000, initial_count=0, max_count=1)
HLE: ! {PPU[1] Thread (main_thread)[0x002a0864]} sys_semaphore: *** semaphore created [_spuWkl] (protocol=0x2): id = 38
HLE: W {PPU[1] Thread (main_thread)[0x002a0864]} sys_semaphore: sys_semaphore_create(sem_addr=0x23600000, attr_addr=0x23601000, initial_count=0, max_count=1)
HLE: ! {PPU[1] Thread (main_thread)[0x002a0864]} sys_semaphore: *** semaphore created [_spuWkl] (protocol=0x2): id = 39
HLE: W {PPU[1] Thread (main_thread)[0x002a0864]} sys_semaphore: sys_semaphore_create(sem_addr=0x23600000, attr_addr=0x23601000, initial_count=0, max_count=1)
HLE: ! {PPU[1] Thread (main_thread)[0x002a0864]} sys_semaphore: *** semaphore created [_spuWkl] (protocol=0x2): id = 40
HLE: W {PPU[1] Thread (main_thread)[0x002a0864]} sys_semaphore: sys_semaphore_create(sem_addr=0x23600000, attr_addr=0x23601000, initial_count=0, max_count=1)
HLE: ! {PPU[1] Thread (main_thread)[0x002a0864]} sys_semaphore: *** semaphore created [_spuWkl] (protocol=0x2): id = 41
HLE: W {PPU[1] Thread (main_thread)[0x002a0864]} sys_semaphore: sys_semaphore_create(sem_addr=0x23600000, attr_addr=0x23601000, initial_count=0, max_count=1)
HLE: ! {PPU[1] Thread (main_thread)[0x002a0864]} sys_semaphore: *** semaphore created [_spuWkl] (protocol=0x2): id = 42
HLE: W {PPU[1] Thread (main_thread)[0x002a0864]} sys_semaphore: sys_semaphore_create(sem_addr=0x23600000, attr_addr=0x23601000, initial_count=0, max_count=1)
HLE: ! {PPU[1] Thread (main_thread)[0x002a0864]} sys_semaphore: *** semaphore created [_spuWkl] (protocol=0x2): id = 43
HLE: W {PPU[1] Thread (main_thread)[0x002a0864]} sys_semaphore: sys_semaphore_create(sem_addr=0x23600000, attr_addr=0x23601000, initial_count=0, max_count=1)
HLE: ! {PPU[1] Thread (main_thread)[0x002a0864]} sys_semaphore: *** semaphore created [_spuWkl] (protocol=0x2): id = 44
HLE: W {PPU[1] Thread (main_thread)[0x002a0864]} sys_semaphore: sys_semaphore_create(sem_addr=0x23600000, attr_addr=0x23601000, initial_count=0, max_count=1)
HLE: ! {PPU[1] Thread (main_thread)[0x002a0864]} sys_semaphore: *** semaphore created [_spuWkl] (protocol=0x2): id = 45
HLE: W {PPU[1] Thread (main_thread)[0x002a0864]} sys_semaphore: sys_semaphore_create(sem_addr=0x23600000, attr_addr=0x23601000, initial_count=0, max_count=1)
HLE: ! {PPU[1] Thread (main_thread)[0x002a0864]} sys_semaphore: *** semaphore created [_spuWkl] (protocol=0x2): id = 46
HLE: W {PPU[1] Thread (main_thread)[0x002a0864]} sys_semaphore: sys_semaphore_create(sem_addr=0x23600000, attr_addr=0x23601000, initial_count=0, max_count=1)
HLE: ! {PPU[1] Thread (main_thread)[0x002a0864]} sys_semaphore: *** semaphore created [_spuWkl] (protocol=0x2): id = 47
HLE: W {PPU[1] Thread (main_thread)[0x002a0864]} sys_semaphore: sys_semaphore_create(sem_addr=0x23600000, attr_addr=0x23601000, initial_count=0, max_count=1)
HLE: ! {PPU[1] Thread (main_thread)[0x002a0864]} sys_semaphore: *** semaphore created [_spuPrv] (protocol=0x2): id = 48
