HLE: ! path: /dev_hdd0/game/
HLE: W No pause.bin found, Auto Pause will not work.
HLE: W No pause.bin found, Auto Pause will not work.
LDR: ! Loading 'D:/Emulateurs/Rpcs3/dev_hdd0/game/NPEB00924/USRDIR/BOOT.BIN'...
LDR: !  
LDR: ! Mount info:
LDR: ! /dev_usb000/ -> D:/Emulateurs/Rpcs3/dev_usb000/
LDR: ! /dev_flash/ -> D:/Emulateurs/Rpcs3/dev_flash/
LDR: ! /host_root/ -> 
LDR: ! /dev_hdd0/ -> D:/Emulateurs/Rpcs3/dev_hdd0/
LDR: ! /dev_hdd1/ -> D:/Emulateurs/Rpcs3/dev_hdd1/
LDR: ! /dev_bdvd/ -> D:/Emulateurs/Rpcs3/dev_hdd0/game/NPEB00924/../
LDR: ! /dev_usb/ -> D:/Emulateurs/Rpcs3/dev_usb000/
LDR: !  
LDR: ! Title: Jet Set Radio Demo
LDR: ! Serial: NPEB00924
LDR: !  
LDR: ! loader::init() failed: Broken file
MEM: ! Initializing memory: g_base_addr = 0x7070010000, g_priv_addr = 0x7170010000
MEM: ! Memory initialized.
LDR: ! Function 'cellAANConnect' hooked (addr=0x9e7020)
LDR: ! Function 'cellAANDisconnect' hooked (addr=0x9e7280)
LDR: ! Function 'cellAANAddData' hooked (addr=0x9e74e0)
LDR: ! Function 'cellSurMixerGetAANHandle' hooked (addr=0x9e7a10)
LDR: ! Function 'cellSurMixerSetNotifyCallback' hooked (addr=0x9e7af0)
LDR: ! Function 'cellSurMixerRemoveNotifyCallback' hooked (addr=0x9e7d40)
LDR: ! Function 'cellSurMixerSurBusAddData' hooked (addr=0x9e7f80)
LDR: ! Function 'cellSurMixerGetCurrentBlockTag' hooked (addr=0x9e8240)
LDR: ! Function 'cellSurMixerChStripGetAANPortNo' hooked (addr=0x9ea3b0)
LDR: ! Function 'cellSurMixerBeep' hooked (addr=0x9ea4a0)
LDR: ! Function 'cellSurMixerChStripSetParameter' hooked (addr=0x9eb410)
LDR: ! Function 'cellSurMixerPause' hooked (addr=0x9ebee0)
LDR: ! Function 'cellSurMixerGetTimestamp' hooked (addr=0x9f1740)
LDR: ! Function 'cellSurMixerSetParameter' hooked (addr=0x9f18e0)
LDR: ! Function 'cellSurMixerStart' hooked (addr=0x9f1c20)
LDR: ! Function 'cellSurMixerFinalize' hooked (addr=0x9f2840)
LDR: ! Function 'cellSurMixerCreate' hooked (addr=0x9f4b50)
LDR: S Function group [surmxAAN] successfully hooked
LDR: S Function group [surmixer] successfully hooked
LDR: ! Imported function 'cellGcmInitCursor' in 'cellGcmSys' module (0x2fd71c)
LDR: ! Imported function 'cellGcmSetCursorPosition' in 'cellGcmSys' module (0x2fd73c)
LDR: ! Imported function 'cellGcmAddressToOffset' in 'cellGcmSys' module (0x2fd75c)
LDR: ! Imported function 'cellGcmIoOffsetToAddress' in 'cellGcmSys' module (0x2fd77c)
LDR: ! Imported function 'cellGcmBindTile' in 'cellGcmSys' module (0x2fd79c)
LDR: ! Imported function 'cellGcmSetFlipMode' in 'cellGcmSys' module (0x2fd7bc)
LDR: ! Imported function 'cellGcmSetDebugOutputLevel' in 'cellGcmSys' module (0x2fd7dc)
LDR: ! Imported function 'cellGcmGetLastFlipTime' in 'cellGcmSys' module (0x2fd7fc)
LDR: ! Imported function 'cellGcmMapEaIoAddress' in 'cellGcmSys' module (0x2fd81c)
LDR: ! Imported function 'cellGcmSetCursorDisable' in 'cellGcmSys' module (0x2fd83c)
LDR: ! Imported function 'cellGcmGetFlipStatus' in 'cellGcmSys' module (0x2fd85c)
LDR: ! Imported function 'cellGcmGetReport' in 'cellGcmSys' module (0x2fd87c)
LDR: ! Imported function 'cellGcmBindZcull' in 'cellGcmSys' module (0x2fd89c)
LDR: ! Imported function 'cellGcmMapMainMemory' in 'cellGcmSys' module (0x2fd8bc)
LDR: ! Imported function 'cellGcmSetFlipHandler' in 'cellGcmSys' module (0x2fd8dc)
LDR: ! Imported function 'cellGcmSetDisplayBuffer' in 'cellGcmSys' module (0x2fd8fc)
LDR: ! Imported function 'cellGcmGetControlRegister' in 'cellGcmSys' module (0x2fd91c)
LDR: ! Imported function 'cellGcmGetReportDataLocation' in 'cellGcmSys' module (0x2fd93c)
LDR: ! Imported function 'cellGcmUnbindZcull' in 'cellGcmSys' module (0x2fd95c)
LDR: ! Imported function 'cellGcmSetVBlankHandler' in 'cellGcmSys' module (0x2fd97c)
LDR: ! Imported function 'cellGcmResetFlipStatus' in 'cellGcmSys' module (0x2fd99c)
LDR: ! Imported function 'cellGcmSetTileInfo' in 'cellGcmSys' module (0x2fd9bc)
LDR: ! Imported function 'cellGcmUpdateCursor' in 'cellGcmSys' module (0x2fd9dc)
LDR: ! Imported function 'cellGcmSetCursorEnable' in 'cellGcmSys' module (0x2fd9fc)
LDR: ! Imported function 'cellGcmSetGraphicsHandler' in 'cellGcmSys' module (0x2fda1c)
LDR: ! Imported function 'cellGcmUnbindTile' in 'cellGcmSys' module (0x2fda3c)
LDR: ! Imported function 'cellGcmGetConfiguration' in 'cellGcmSys' module (0x2fda5c)
LDR: ! Imported function 'cellGcmGetLabelAddress' in 'cellGcmSys' module (0x2fda7c)
LDR: ! Imported function 'cellGcmSetCursorImageOffset' in 'cellGcmSys' module (0x2fda9c)
LDR: ! Imported function '_cellGcmInitBody' in 'cellGcmSys' module (0x2fed9c)
LDR: ! Imported function '_cellGcmSetFlipCommand' in 'cellGcmSys' module (0x2fedbc)
LDR: ! Imported function '_cellGcmFunc15' in 'cellGcmSys' module (0x2feddc)
LDR: ! Imported function 'cellGcmGetDefaultCommandWordSize' in 'cellGcmSys' module (0x2fedfc)
LDR: ! Imported function 'cellGcmGetDefaultSegmentWordSize' in 'cellGcmSys' module (0x2fee1c)
LDR: ! Imported function 'cellGcmSetDefaultFifoSize' in 'cellGcmSys' module (0x2fee3c)
LDR: ! Imported function '_cellGcmSetFlipCommandWithWaitLabel' in 'cellGcmSys' module (0x2fee5c)
LDR: ! Imported function 'cellSysutilUnregisterCallback' in 'cellSysutil' module (0x2fdabc)
LDR: ! Imported function 'cellVideoOutConfigure' in 'cellSysutil' module (0x2fdadc)
LDR: ! Imported function 'cellSysutilCheckCallback' in 'cellSysutil' module (0x2fdafc)
LDR: ! Imported function 'cellSysutilEnableBgmPlayback' in 'cellSysutil' module (0x2fdb1c)
LDR: ! Imported function 'cellMsgDialogOpenErrorCode' in 'cellSysutil' module (0x2fdb3c)
LDR: ! Imported function 'cellSysutilGetSystemParamInt' in 'cellSysutil' module (0x2fdb5c)
LDR: ! Imported function 'cellMsgDialogAbort' in 'cellSysutil' module (0x2fdb7c)
LDR: ! Imported function 'cellSysutilGetBgmPlaybackStatus2' in 'cellSysutil' module (0x2fdb9c)
LDR: ! Imported function 'cellMsgDialogOpen2' in 'cellSysutil' module (0x2fdbbc)
LDR: ! Imported function 'cellVideoOutGetState' in 'cellSysutil' module (0x2fdbdc)
LDR: ! Imported function 'cellSaveDataAutoSave2' in 'cellSysutil' module (0x2fdbfc)
LDR: ! Imported function 'cellSysutilRegisterCallback' in 'cellSysutil' module (0x2fdc1c)
LDR: ! Imported function 'cellSysutilDisableBgmPlayback' in 'cellSysutil' module (0x2fdc3c)
LDR: ! Imported function 'cellVideoOutGetResolution' in 'cellSysutil' module (0x2fdc5c)
LDR: ! Imported function 'cellSaveDataAutoLoad2' in 'cellSysutil' module (0x2fdc7c)
LDR: ! Imported function 'cellFsClose' in 'sys_fs' module (0x2fdc9c)
LDR: ! Imported function 'cellFsOpendir' in 'sys_fs' module (0x2fdcbc)
LDR: ! Imported function 'cellFsReaddir' in 'sys_fs' module (0x2fdcdc)
LDR: ! Imported function 'cellFsOpen' in 'sys_fs' module (0x2fdcfc)
LDR: ! Imported function 'cellFsAioRead' in 'sys_fs' module (0x2fdd1c)
LDR: ! Imported function 'cellFsAioInit' in 'sys_fs' module (0x2fdd3c)
LDR: ! Imported function 'cellFsFstat' in 'sys_fs' module (0x2fdd5c)
LDR: ! Imported function 'cellFsClosedir' in 'sys_fs' module (0x2fdd7c)
LDR: ! Imported function 'cellRescGetNumColorBuffers' in 'cellResc' module (0x2fdd9c)
LDR: ! Imported function 'cellRescSetWaitFlip' in 'cellResc' module (0x2fddbc)
LDR: ! Imported function 'cellRescSetDsts' in 'cellResc' module (0x2fdddc)
LDR: ! Imported function 'cellRescResetFlipStatus' in 'cellResc' module (0x2fddfc)
LDR: ! Imported function 'cellRescAdjustAspectRatio' in 'cellResc' module (0x2fde1c)
LDR: ! Imported function 'cellRescSetDisplayMode' in 'cellResc' module (0x2fde3c)
LDR: ! Imported function 'cellRescSetConvertAndFlip' in 'cellResc' module (0x2fde5c)
LDR: ! Imported function 'cellRescExit' in 'cellResc' module (0x2fde7c)
LDR: ! Imported function 'cellRescSetFlipHandler' in 'cellResc' module (0x2fde9c)
LDR: ! Imported function 'cellRescInit' in 'cellResc' module (0x2fdebc)
LDR: ! Imported function 'cellRescGetBufferSize' in 'cellResc' module (0x2fdedc)
LDR: ! Imported function 'cellRescGetLastFlipTime' in 'cellResc' module (0x2fdefc)
LDR: ! Imported function 'cellRescSetSrc' in 'cellResc' module (0x2fdf1c)
LDR: ! Imported function 'cellRescSetBufferAddress' in 'cellResc' module (0x2fdf3c)
LDR: ! Imported function 'cellRescGetFlipStatus' in 'cellResc' module (0x2fdf5c)
LDR: ! Imported function 'cellRescSetVBlankHandler' in 'cellResc' module (0x2fdf7c)
LDR: ! Imported function 'cellRescCreateInterlaceTable' in 'cellResc' module (0x2fdf9c)
LDR: ! Imported function 'cellSysmoduleLoadModule' in 'cellSysmodule' module (0x2fdfbc)
LDR: ! Imported function 'cellSysmoduleInitialize' in 'cellSysmodule' module (0x2fdfdc)
LDR: ! Imported function 'cellGameContentPermit' in 'cellGame' module (0x2fdffc)
LDR: ! Imported function 'cellGameContentErrorDialog' in 'cellGame' module (0x2fe01c)
LDR: ! Imported function 'cellGameBootCheck' in 'cellGame' module (0x2fe03c)
LDR: ! Imported function 'cellAudioInit' in 'cellAudio' module (0x2fe05c)
LDR: ! Imported function 'cellAudioQuit' in 'cellAudio' module (0x2fe07c)
LDR: ! Imported function 'cellAudioSetNotifyEventQueue' in 'cellAudio' module (0x2fee7c)
LDR: ! Imported function 'cellAudioGetPortTimestamp' in 'cellAudio' module (0x2fee9c)
LDR: ! Imported function 'cellAudioPortClose' in 'cellAudio' module (0x2feebc)
LDR: ! Imported function 'cellAudioPortStop' in 'cellAudio' module (0x2feedc)
LDR: ! Imported function 'cellAudioGetPortConfig' in 'cellAudio' module (0x2feefc)
LDR: ! Imported function 'cellAudioPortStart' in 'cellAudio' module (0x2fef1c)
LDR: ! Imported function 'cellAudioPortOpen' in 'cellAudio' module (0x2fef3c)
LDR: ! Imported function 'cellAudioGetPortBlockTag' in 'cellAudio' module (0x2fef5c)
LDR: ! Imported function 'cellAudioRemoveNotifyEventQueue' in 'cellAudio' module (0x2fef7c)
LDR: ! Imported function 'cellPngDecCreate' in 'cellPngDec' module (0x2fe09c)
LDR: ! Imported function 'cellPngDecDecodeData' in 'cellPngDec' module (0x2fe0bc)
LDR: ! Imported function 'cellPngDecClose' in 'cellPngDec' module (0x2fe0dc)
LDR: ! Imported function 'cellPngDecDestroy' in 'cellPngDec' module (0x2fe0fc)
LDR: ! Imported function 'cellPngDecReadHeader' in 'cellPngDec' module (0x2fe11c)
LDR: ! Imported function 'cellPngDecOpen' in 'cellPngDec' module (0x2fe13c)
LDR: ! Imported function 'cellPngDecSetParameter' in 'cellPngDec' module (0x2fe15c)
LDR: E Unimplemented function 'UTF16stoUTF8s' in 'cellL10n' module (0x2fe17c)
LDR: ! Imported function 'cellSailGraphicsAdapterGetFrame' in 'cellSail' module (0x2fe19c)
LDR: ! Imported function 'cellSailDescriptorCreateDatabase' in 'cellSail' module (0x2fe1bc)
LDR: ! Imported function 'cellSailFutureReset' in 'cellSail' module (0x2fe1dc)
LDR: ! Imported function 'cellSailDescriptorSetEs' in 'cellSail' module (0x2fe1fc)
LDR: ! Imported function 'cellSailPlayerSetSoundAdapter' in 'cellSail' module (0x2fe21c)
LDR: ! Imported function 'cellSailGraphicsAdapterPtsToTimePosition' in 'cellSail' module (0x2fe23c)
LDR: ! Imported function 'cellSailPlayerFinalize' in 'cellSail' module (0x2fe25c)
LDR: ! Imported function 'cellSailPlayerSetGraphicsAdapter' in 'cellSail' module (0x2fe27c)
LDR: ! Imported function 'cellSailGraphicsAdapterInitialize' in 'cellSail' module (0x2fe29c)
LDR: ! Imported function 'cellSailPlayerInitialize2' in 'cellSail' module (0x2fe2bc)
LDR: ! Imported function 'cellSailDescriptorDestroyDatabase' in 'cellSail' module (0x2fe2dc)
LDR: ! Imported function 'cellSailGraphicsAdapterSetPreferredFormat' in 'cellSail' module (0x2fe2fc)
LDR: ! Imported function 'cellSailMemAllocatorInitialize' in 'cellSail' module (0x2fe31c)
LDR: ! Imported function 'cellSailPlayerOpenStream' in 'cellSail' module (0x2fe33c)
LDR: ! Imported function 'cellSailFutureGet' in 'cellSail' module (0x2fe35c)
LDR: ! Imported function 'cellSailSoundAdapterInitialize' in 'cellSail' module (0x2fe37c)
LDR: ! Imported function 'cellSailGraphicsAdapterUpdateAvSync' in 'cellSail' module (0x2fe39c)
LDR: ! Imported function 'cellSailFutureInitialize' in 'cellSail' module (0x2fe3bc)
LDR: ! Imported function 'cellSailFutureIsDone' in 'cellSail' module (0x2fe3dc)
LDR: ! Imported function 'cellSailGraphicsAdapterFinalize' in 'cellSail' module (0x2fe3fc)
LDR: ! Imported function 'cellSailDescriptorSetAutoSelection' in 'cellSail' module (0x2fe41c)
LDR: ! Imported function 'cellSailPlayerAddDescriptor' in 'cellSail' module (0x2fe43c)
LDR: ! Imported function 'cellSailSoundAdapterGetFrame' in 'cellSail' module (0x2fe45c)
LDR: ! Imported function 'cellSailPlayerCloseStream' in 'cellSail' module (0x2fe47c)
LDR: ! Imported function 'cellSailFutureSet' in 'cellSail' module (0x2fe49c)
LDR: ! Imported function 'cellSailPlayerIsPaused' in 'cellSail' module (0x2fe4bc)
LDR: ! Imported function 'cellSailPlayerBoot' in 'cellSail' module (0x2fe4dc)
LDR: ! Imported function 'cellSailDescriptorOpen' in 'cellSail' module (0x2fe4fc)
LDR: ! Imported function 'cellSailSoundAdapterFinalize' in 'cellSail' module (0x2fe51c)
LDR: ! Imported function 'cellSailPlayerSetPaused' in 'cellSail' module (0x2fe53c)
LDR: ! Imported function 'cellSailPlayerCreateDescriptor' in 'cellSail' module (0x2fe55c)
LDR: ! Imported function 'cellSailPlayerStart' in 'cellSail' module (0x2fe57c)
LDR: ! Imported function 'cellSailPlayerStop' in 'cellSail' module (0x2fe59c)
LDR: ! Imported function 'cellSailSoundAdapterUpdateAvSync' in 'cellSail' module (0x2fe5bc)
LDR: ! Imported function 'cellSailPlayerDestroyDescriptor' in 'cellSail' module (0x2fe5dc)
LDR: ! Imported function 'cellSailGraphicsAdapterGetFormat' in 'cellSail' module (0x2fe5fc)
LDR: ! Imported function 'cellSpursAttributeSetNamePrefix' in 'cellSpurs' module (0x2fe61c)
LDR: ! Imported function 'cellSpursAttributeSetMemoryContainerForSpuThread' in 'cellSpurs' module (0x2fe63c)
LDR: ! Imported function '_cellSpursAttributeInitialize' in 'cellSpurs' module (0x2fe65c)
LDR: ! Imported function 'cellSpursInitializeWithAttribute' in 'cellSpurs' module (0x2fe67c)
LDR: ! Imported function 'cellSpursFinalize' in 'cellSpurs' module (0x2fe69c)
LDR: ! Imported function 'cellPamfReaderSetStreamWithTypeAndIndex' in 'cellPamf' module (0x2fe6bc)
LDR: ! Imported function 'cellPamfReaderGetNumberOfSpecificStreams' in 'cellPamf' module (0x2fe6dc)
LDR: ! Imported function 'sceNpBasicGetFriendListEntry' in 'sceNp' module (0x2fe6fc)
LDR: ! Imported function 'sceNpScoreGetRankingByNpId' in 'sceNp' module (0x2fe71c)
LDR: ! Imported function 'sceNpScoreRecordScore' in 'sceNp' module (0x2fe73c)
LDR: ! Imported function 'sceNpScoreDestroyTitleCtx' in 'sceNp' module (0x2fe75c)
LDR: ! Imported function 'sceNpDrmVerifyUpgradeLicense' in 'sceNp' module (0x2fe77c)
LDR: ! Imported function 'sceNpScoreInit' in 'sceNp' module (0x2fe79c)
LDR: ! Imported function 'sceNpManagerGetContentRatingFlag' in 'sceNp' module (0x2fe7bc)
LDR: ! Imported function 'sceNpScoreCreateTransactionCtx' in 'sceNp' module (0x2fe7dc)
LDR: ! Imported function 'sceNpManagerGetStatus' in 'sceNp' module (0x2fe7fc)
LDR: ! Imported function 'sceNpBasicGetFriendListEntryCount' in 'sceNp' module (0x2fe81c)
LDR: ! Imported function 'sceNpManagerGetAccountRegion' in 'sceNp' module (0x2fe83c)
LDR: ! Imported function 'sceNpScoreCreateTitleCtx' in 'sceNp' module (0x2fe85c)
LDR: ! Imported function 'sceNpBasicRegisterHandler' in 'sceNp' module (0x2fe87c)
LDR: ! Imported function 'sceNpInit' in 'sceNp' module (0x2fe89c)
LDR: ! Imported function 'sceNpScoreDestroyTransactionCtx' in 'sceNp' module (0x2fe8bc)
LDR: ! Imported function 'sceNpManagerRegisterCallback' in 'sceNp' module (0x2fe8dc)
LDR: ! Imported function 'sceNpScoreAbortTransaction' in 'sceNp' module (0x2fe8fc)
LDR: ! Imported function 'sceNpDrmExecuteGamePurchase' in 'sceNp' module (0x2fe91c)
LDR: ! Imported function 'sceNpScoreGetRankingByRange' in 'sceNp' module (0x2fe93c)
LDR: ! Imported function 'sceNpManagerGetNpId' in 'sceNp' module (0x2fe95c)
LDR: ! Imported function 'sceNpTrophyRegisterContext' in 'sceNpTrophy' module (0x2fe97c)
LDR: ! Imported function 'sceNpTrophyCreateHandle' in 'sceNpTrophy' module (0x2fe99c)
LDR: ! Imported function 'sceNpTrophyGetRequiredDiskSpace' in 'sceNpTrophy' module (0x2fe9bc)
LDR: ! Imported function 'sceNpTrophyDestroyContext' in 'sceNpTrophy' module (0x2fe9dc)
LDR: ! Imported function 'sceNpTrophyInit' in 'sceNpTrophy' module (0x2fe9fc)
LDR: ! Imported function 'sceNpTrophyAbortHandle' in 'sceNpTrophy' module (0x2fea1c)
LDR: ! Imported function 'sceNpTrophyUnlockTrophy' in 'sceNpTrophy' module (0x2fea3c)
LDR: ! Imported function 'sceNpTrophyTerm' in 'sceNpTrophy' module (0x2fea5c)
LDR: ! Imported function 'sceNpTrophyGetTrophyUnlockState' in 'sceNpTrophy' module (0x2fea7c)
LDR: ! Imported function 'sceNpTrophyCreateContext' in 'sceNpTrophy' module (0x2fea9c)
LDR: ! Imported function 'cellNetCtlNetStartDialogLoadAsync' in 'cellNetCtl' module (0x2feabc)
LDR: ! Imported function 'cellNetCtlNetStartDialogUnloadAsync' in 'cellNetCtl' module (0x2feadc)
LDR: ! Imported function 'cellNetCtlGetState' in 'cellNetCtl' module (0x2feafc)
LDR: ! Imported function 'cellNetCtlInit' in 'cellNetCtl' module (0x2feb1c)
LDR: ! Imported function 'sys_net_initialize_network_ex' in 'sys_net' module (0x2feb3c)
LDR: ! Imported function 'sceNpTusGetMultiSlotVariable' in 'sceNpTus' module (0x2feb5c)
LDR: ! Imported function 'sceNpTusCreateTransactionCtx' in 'sceNpTus' module (0x2feb7c)
LDR: ! Imported function 'sceNpTusTerm' in 'sceNpTus' module (0x2feb9c)
LDR: ! Imported function 'sceNpTusDestroyTitleCtx' in 'sceNpTus' module (0x2febbc)
LDR: ! Imported function 'sceNpTusAbortTransaction' in 'sceNpTus' module (0x2febdc)
LDR: ! Imported function 'sceNpTusDestroyTransactionCtx' in 'sceNpTus' module (0x2febfc)
LDR: ! Imported function 'sceNpTusCreateTitleCtx' in 'sceNpTus' module (0x2fec1c)
LDR: ! Imported function 'sceNpTusSetData' in 'sceNpTus' module (0x2fec3c)
LDR: ! Imported function 'sceNpTusGetData' in 'sceNpTus' module (0x2fec5c)
LDR: ! Imported function 'sceNpTusInit' in 'sceNpTus' module (0x2fec7c)
LDR: ! Imported function 'sceNpTusGetMultiSlotDataStatus' in 'sceNpTus' module (0x2fec9c)
LDR: ! Imported function 'sceNpTusSetMultiSlotVariable' in 'sceNpTus' module (0x2fecbc)
LDR: ! Imported function 'sceNpTusDeleteMultiSlotData' in 'sceNpTus' module (0x2fecdc)
LDR: ! Imported function 'cellRtcGetCurrentTick' in 'cellRtc' module (0x2fecfc)
LDR: ! Imported function 'cellPadInit' in 'sys_io' module (0x2fed1c)
LDR: ! Imported function 'cellPadGetData' in 'sys_io' module (0x2fed3c)
LDR: ! Imported function 'cellPadGetInfo2' in 'sys_io' module (0x2fed5c)
LDR: ! Imported function 'cellPadSetActDirect' in 'sys_io' module (0x2fed7c)
LDR: ! Imported function 'sys_lwmutex_lock' in 'sysPrxForUser' module (0x2fef9c)
LDR: ! Imported function 'sys_lwmutex_unlock' in 'sysPrxForUser' module (0x2fefbc)
LDR: ! Imported function 'sys_ppu_thread_create' in 'sysPrxForUser' module (0x2fefdc)
LDR: ! Imported function '_sys_process_atexitspawn' in 'sysPrxForUser' module (0x2feffc)
LDR: ! Imported function 'sys_lwmutex_create' in 'sysPrxForUser' module (0x2ff01c)
LDR: ! Imported function 'sys_ppu_thread_get_id' in 'sysPrxForUser' module (0x2ff03c)
LDR: ! Imported function '_sys_heap_malloc' in 'sysPrxForUser' module (0x2ff05c)
LDR: ! Imported function 'sys_mmapper_free_memory' in 'sysPrxForUser' module (0x2ff07c)
LDR: ! Imported function 'sys_prx_register_library' in 'sysPrxForUser' module (0x2ff09c)
LDR: ! Imported function '_sys_heap_memalign' in 'sysPrxForUser' module (0x2ff0bc)
LDR: ! Imported function 'sys_initialize_tls' in 'sysPrxForUser' module (0x2ff0dc)
LDR: ! Imported function 'sys_time_get_system_time' in 'sysPrxForUser' module (0x2ff0fc)
LDR: E Unimplemented function '_sys_heap_free' in 'sysPrxForUser' module (0x2ff11c)
LDR: ! Imported function '_sys_process_at_Exitspawn' in 'sysPrxForUser' module (0x2ff13c)
LDR: ! Imported function 'sys_prx_exitspawn_with_level' in 'sysPrxForUser' module (0x2ff15c)
LDR: ! Imported function 'sys_lwmutex_trylock' in 'sysPrxForUser' module (0x2ff17c)
LDR: E Unimplemented function '_sys_heap_delete_heap' in 'sysPrxForUser' module (0x2ff19c)
LDR: ! Imported function 'sys_ppu_thread_exit' in 'sysPrxForUser' module (0x2ff1bc)
LDR: ! Imported function 'sys_mmapper_allocate_memory' in 'sysPrxForUser' module (0x2ff1dc)
LDR: ! Imported function '_sys_heap_create_heap' in 'sysPrxForUser' module (0x2ff1fc)
LDR: ! Imported function 'sys_lwmutex_destroy' in 'sysPrxForUser' module (0x2ff21c)
LDR: ! Imported function 'sys_mmapper_map_memory' in 'sysPrxForUser' module (0x2ff23c)
LDR: ! Imported function 'sys_process_exit' in 'sysPrxForUser' module (0x2ff25c)
HLE: ! sysPrxForUser: Thread Local Storage initialized (g_tls_start=0xa5a000, user_size=0x1d8)
*** TLS segment addr: 0x004af140
*** TLS segment size: 0x00000004
HLE: W {PPU[1] Thread (main_thread)[0x002ff01c]} sys_lwmutex: sys_lwmutex_create(lwmutex_addr=0xa22618, attr_addr=0x46bcb0)
HLE: ! {PPU[1] Thread (main_thread)[0x002ff01c]} sys_lwmutex: *** lwmutex created [_lc_mtx] (attribute=0x12): sq_id = 3
HLE: W {PPU[1] Thread (main_thread)[0x002a47a4]} sys_memory: sys_memory_get_user_memory_size(mem_info_addr=0xd000fc04)
HLE: W {PPU[1] Thread (main_thread)[0x002ff01c]} sys_lwmutex: sys_lwmutex_create(lwmutex_addr=0xa22418, attr_addr=0x46bcb0)
HLE: ! {PPU[1] Thread (main_thread)[0x002ff01c]} sys_lwmutex: *** lwmutex created [_lc_mtx] (attribute=0x12): sq_id = 4
HLE: W {PPU[1] Thread (main_thread)[0x002ff01c]} sys_lwmutex: sys_lwmutex_create(lwmutex_addr=0xa21ba0, attr_addr=0x46bcb0)
HLE: ! {PPU[1] Thread (main_thread)[0x002ff01c]} sys_lwmutex: *** lwmutex created [_lc_mtx] (attribute=0x12): sq_id = 5
HLE: W {PPU[1] Thread (main_thread)[0x002ff01c]} sys_lwmutex: sys_lwmutex_create(lwmutex_addr=0xa21bc8, attr_addr=0x46bcb0)
HLE: ! {PPU[1] Thread (main_thread)[0x002ff01c]} sys_lwmutex: *** lwmutex created [_lc_mtx] (attribute=0x12): sq_id = 6
HLE: W {PPU[1] Thread (main_thread)[0x002ff01c]} sys_lwmutex: sys_lwmutex_create(lwmutex_addr=0xa21bf0, attr_addr=0x46bcb0)
HLE: ! {PPU[1] Thread (main_thread)[0x002ff01c]} sys_lwmutex: *** lwmutex created [_lc_mtx] (attribute=0x12): sq_id = 7
HLE: W {PPU[1] Thread (main_thread)[0x002ff01c]} sys_lwmutex: sys_lwmutex_create(lwmutex_addr=0xa21ad8, attr_addr=0x46bcb0)
HLE: ! {PPU[1] Thread (main_thread)[0x002ff01c]} sys_lwmutex: *** lwmutex created [_lc_mtx] (attribute=0x12): sq_id = 8
HLE: W {PPU[1] Thread (main_thread)[0x002ff01c]} sys_lwmutex: sys_lwmutex_create(lwmutex_addr=0xa21b00, attr_addr=0x46bcb0)
HLE: ! {PPU[1] Thread (main_thread)[0x002ff01c]} sys_lwmutex: *** lwmutex created [_lc_mtx] (attribute=0x12): sq_id = 9
HLE: W {PPU[1] Thread (main_thread)[0x002ff01c]} sys_lwmutex: sys_lwmutex_create(lwmutex_addr=0xa21b28, attr_addr=0x46bcb0)
HLE: ! {PPU[1] Thread (main_thread)[0x002ff01c]} sys_lwmutex: *** lwmutex created [_lc_mtx] (attribute=0x12): sq_id = 10
HLE: W {PPU[1] Thread (main_thread)[0x002ff01c]} sys_lwmutex: sys_lwmutex_create(lwmutex_addr=0xa21b50, attr_addr=0x46bcb0)
HLE: ! {PPU[1] Thread (main_thread)[0x002ff01c]} sys_lwmutex: *** lwmutex created [_lc_mtx] (attribute=0x12): sq_id = 11
HLE: W {PPU[1] Thread (main_thread)[0x002ff01c]} sys_lwmutex: sys_lwmutex_create(lwmutex_addr=0xa21b78, attr_addr=0x46bcb0)
HLE: ! {PPU[1] Thread (main_thread)[0x002ff01c]} sys_lwmutex: *** lwmutex created [_lc_mtx] (attribute=0x12): sq_id = 12
HLE: W {PPU[1] Thread (main_thread)[0x002ff01c]} sys_lwmutex: sys_lwmutex_create(lwmutex_addr=0x20000020, attr_addr=0x46bcb0)
HLE: ! {PPU[1] Thread (main_thread)[0x002ff01c]} sys_lwmutex: *** lwmutex created [_lc_mtx] (attribute=0x12): sq_id = 13
HLE: W {PPU[1] Thread (main_thread)[0x002ff01c]} sys_lwmutex: sys_lwmutex_create(lwmutex_addr=0x200000a0, attr_addr=0x46bcb0)
HLE: ! {PPU[1] Thread (main_thread)[0x002ff01c]} sys_lwmutex: *** lwmutex created [_lc_mtx] (attribute=0x12): sq_id = 14
HLE: W {PPU[1] Thread (main_thread)[0x002ff01c]} sys_lwmutex: sys_lwmutex_create(lwmutex_addr=0x20000130, attr_addr=0x46bcb0)
HLE: ! {PPU[1] Thread (main_thread)[0x002ff01c]} sys_lwmutex: *** lwmutex created [_lc_mtx] (attribute=0x12): sq_id = 15
HLE: W {PPU[1] Thread (main_thread)[0x002ff01c]} sys_lwmutex: sys_lwmutex_create(lwmutex_addr=0x20000190, attr_addr=0x46bcb0)
HLE: ! {PPU[1] Thread (main_thread)[0x002ff01c]} sys_lwmutex: *** lwmutex created [_lc_mtx] (attribute=0x12): sq_id = 16
HLE: W {PPU[1] Thread (main_thread)[0x002ff01c]} sys_lwmutex: sys_lwmutex_create(lwmutex_addr=0x200001d0, attr_addr=0x46bcb0)
HLE: ! {PPU[1] Thread (main_thread)[0x002ff01c]} sys_lwmutex: *** lwmutex created [_lc_mtx] (attribute=0x12): sq_id = 17
HLE: W {PPU[1] Thread (main_thread)[0x002ff01c]} sys_lwmutex: sys_lwmutex_create(lwmutex_addr=0x20000210, attr_addr=0x46bcb0)
HLE: ! {PPU[1] Thread (main_thread)[0x002ff01c]} sys_lwmutex: *** lwmutex created [_lc_mtx] (attribute=0x12): sq_id = 18
HLE: W {PPU[1] Thread (main_thread)[0x002ff01c]} sys_lwmutex: sys_lwmutex_create(lwmutex_addr=0x200002d0, attr_addr=0x46bcb0)
HLE: ! {PPU[1] Thread (main_thread)[0x002ff01c]} sys_lwmutex: *** lwmutex created [_lc_mtx] (attribute=0x12): sq_id = 19
HLE: W {PPU[1] Thread (main_thread)[0x002ff01c]} sys_lwmutex: sys_lwmutex_create(lwmutex_addr=0x20000300, attr_addr=0x46bcb0)
HLE: ! {PPU[1] Thread (main_thread)[0x002ff01c]} sys_lwmutex: *** lwmutex created [_lc_mtx] (attribute=0x12): sq_id = 20
HLE: W {PPU[1] Thread (main_thread)[0x002ff01c]} sys_lwmutex: sys_lwmutex_create(lwmutex_addr=0x20000330, attr_addr=0x46bcb0)
HLE: ! {PPU[1] Thread (main_thread)[0x002ff01c]} sys_lwmutex: *** lwmutex created [_lc_mtx] (attribute=0x12): sq_id = 21
HLE: W {PPU[1] Thread (main_thread)[0x002ff01c]} sys_lwmutex: sys_lwmutex_create(lwmutex_addr=0x20000360, attr_addr=0x46bcb0)
HLE: ! {PPU[1] Thread (main_thread)[0x002ff01c]} sys_lwmutex: *** lwmutex created [_lc_mtx] (attribute=0x12): sq_id = 22
HLE: W {PPU[1] Thread (main_thread)[0x002ff01c]} sys_lwmutex: sys_lwmutex_create(lwmutex_addr=0x20000390, attr_addr=0x46bcb0)
HLE: ! {PPU[1] Thread (main_thread)[0x002ff01c]} sys_lwmutex: *** lwmutex created [_lc_mtx] (attribute=0x12): sq_id = 23
HLE: W {PPU[1] Thread (main_thread)[0x002ff01c]} sys_lwmutex: sys_lwmutex_create(lwmutex_addr=0x200003c0, attr_addr=0x46bcb0)
HLE: ! {PPU[1] Thread (main_thread)[0x002ff01c]} sys_lwmutex: *** lwmutex created [_lc_mtx] (attribute=0x12): sq_id = 24
HLE: W {PPU[1] Thread (main_thread)[0x002fdfbc]} cellSysmodule: cellSysmoduleLoadModule(id=0x0018: CELL_SYSMODULE_PNGDEC)
HLE: W {PPU[1] Thread (main_thread)[0x002ff1dc]} sys_mmapper: sys_mmapper_allocate_memory(size=0x1000000, flags=0x400, mem_id_addr=0x20000a34)
HLE: W {PPU[1] Thread (main_thread)[0x00180468]} sys_mmapper: sys_mmapper_allocate_fixed_address
HLE: W {PPU[1] Thread (main_thread)[0x002ff23c]} sys_mmapper: sys_mmapper_map_memory(start_addr=0xb0000000, mem_id=0x19, flags=0x40000)
MEM: W {PPU[1] Thread (main_thread)[0x002ff23c]} Memory mapped at 0xb0000000: size=0x1000000
HLE: W {PPU[1] Thread (main_thread)[0x002fdfdc]} cellSysmodule: cellSysmoduleInitialize()
HLE: W {PPU[1] Thread (main_thread)[0x002fdfbc]} cellSysmodule: cellSysmoduleLoadModule(id=0x003e: CELL_SYSMODULE_SYSUTIL_GAME)
HLE: W {PPU[1] Thread (main_thread)[0x002fdfbc]} cellSysmodule: cellSysmoduleLoadModule(id=0x001e: CELL_SYSMODULE_L10N)
HLE: W {PPU[1] Thread (main_thread)[0x002fdb5c]} cellSysutil: cellSysutilGetSystemParamInt: CELL_SYSUTIL_SYSTEMPARAM_ID_ENTER_BUTTON_ASSIGN
HLE: W {PPU[1] Thread (main_thread)[0x002fdfbc]} cellSysmodule: cellSysmoduleLoadModule(id=0x0010: CELL_SYSMODULE_GCM_SYS)
HLE: W {PPU[1] Thread (main_thread)[0x002fdfbc]} cellSysmodule: cellSysmoduleLoadModule(id=0x001f: CELL_SYSMODULE_RESC)
HLE: W {PPU[1] Thread (main_thread)[0x001f6fc8]} sys_spu: sys_spu_initialize(max_usable_spu=1, max_raw_spu=1)
HLE: W {PPU[1] Thread (main_thread)[0x001f7338]} sys_spu: sys_raw_spu_create(id_addr=0xa1f3e4, attr_addr=0xd000f700)
HLE: W {PPU[1] Thread (main_thread)[0x002fed9c]} cellGcmSys: _cellGcmInitBody(context_addr=0xa20358, cmdSize=0x10000, ioSize=0x1200000, ioAddress=0x20100000)
HLE: W {PPU[1] Thread (main_thread)[0x002fed9c]} cellGcmSys: *** local memory(addr=0xc0000000, size=0xf900000)
HLE: W {PPU[1] Thread (main_thread)[0x002fed9c]} cellGcmSys: cellGcmInit(): 256MB io address space used
RSX: ! {RSXThread} RSX thread started
HLE: W {PPU[1] Thread (main_thread)[0x002fd7dc]} cellGcmSys: cellGcmSetDebugOutputLevel(level=2)
HLE: E {PPU[1] Thread (main_thread)[0x002fda1c]} cellGcmSys error: cellGcmSetGraphicsHandler
RSX: W {RSXThread} TODO: NV4097_SET_FREQUENCY_DIVIDER_OPERATION: 0
HLE: W {PPU[1] Thread (main_thread)[0x002fd81c]} cellGcmSys: cellGcmMapEaIoAddress(ea=0x21600000, io=0xe000000, size=0x100000)
HLE: W {PPU[1] Thread (main_thread)[0x002fda3c]} cellGcmSys: cellGcmUnbindTile(index=0)
HLE: W {PPU[1] Thread (main_thread)[0x002fda3c]} cellGcmSys: cellGcmUnbindTile(index=1)
HLE: W {PPU[1] Thread (main_thread)[0x002fda3c]} cellGcmSys: cellGcmUnbindTile(index=2)
HLE: W {PPU[1] Thread (main_thread)[0x002fda3c]} cellGcmSys: cellGcmUnbindTile(index=3)
HLE: W {PPU[1] Thread (main_thread)[0x002fda3c]} cellGcmSys: cellGcmUnbindTile(index=4)
HLE: W {PPU[1] Thread (main_thread)[0x002fda3c]} cellGcmSys: cellGcmUnbindTile(index=5)
HLE: W {PPU[1] Thread (main_thread)[0x002fda3c]} cellGcmSys: cellGcmUnbindTile(index=6)
HLE: W {PPU[1] Thread (main_thread)[0x002fda3c]} cellGcmSys: cellGcmUnbindTile(index=7)
HLE: W {PPU[1] Thread (main_thread)[0x002fda3c]} cellGcmSys: cellGcmUnbindTile(index=8)
HLE: W {PPU[1] Thread (main_thread)[0x002fda3c]} cellGcmSys: cellGcmUnbindTile(index=9)
HLE: W {PPU[1] Thread (main_thread)[0x002fda3c]} cellGcmSys: cellGcmUnbindTile(index=10)
HLE: W {PPU[1] Thread (main_thread)[0x002fda3c]} cellGcmSys: cellGcmUnbindTile(index=11)
HLE: W {PPU[1] Thread (main_thread)[0x002fda3c]} cellGcmSys: cellGcmUnbindTile(index=12)
HLE: W {PPU[1] Thread (main_thread)[0x002fda3c]} cellGcmSys: cellGcmUnbindTile(index=13)
HLE: W {PPU[1] Thread (main_thread)[0x002fda3c]} cellGcmSys: cellGcmUnbindTile(index=14)
HLE: W {PPU[1] Thread (main_thread)[0x002fdebc]} cellResc: cellRescInit(initConfig_addr=0xd000f690)
RSX: W {RSXThread} TODO: NV406E_SEMAPHORE_ACQUIRE: 0x1
HLE: W {PPU[1] Thread (main_thread)[0x002fd9bc]} cellGcmSys: cellGcmSetTileInfo(index=0, location=0, offset=253558784, size=7536640, pitch=5120, comp=0, base=0, bank=0)
HLE: W {PPU[1] Thread (main_thread)[0x002fd79c]} cellGcmSys: cellGcmBindTile(index=0)
HLE: W {PPU[1] Thread (main_thread)[0x002fde3c]} cellResc: cellRescSetDisplayMode(displayMode=4)
HLE: W {PPU[1] Thread (main_thread)[0x002fde3c]} cellSysutil: cellVideoOutConfigure(videoOut=0, config_addr=0x21506000, option_addr=0x0, waitForEvent=0x0)
HLE: W {PPU[1] Thread (main_thread)[0x002fde3c]} cellGcmSys: cellGcmSetFlipMode(mode=2)
HLE: W {PPU[1] Thread (main_thread)[0x002fdedc]} cellResc: cellRescGetBufferSize(colorBuffers_addr=0xd000f660, vertexArray_addr=0xd000f658, fragmentShader_addr=0xd000f65c)
HLE: W {PPU[1] Thread (main_thread)[0x002fdf3c]} cellResc: cellRescSetBufferAddress(colorBuffers_addr=0xcf1d0000, vertexArray_addr=0xc0000000, fragmentShader_addr=0xc0000180)
HLE: W {PPU[1] Thread (main_thread)[0x002fde1c]} cellResc: cellRescAdjustAspectRatio(horizontal=1.000000, vertical=1.000000)
RSX: W {RSXThread} TODO: NV406E_SEMAPHORE_ACQUIRE: 0x3
HLE: W {PPU[1] Thread (main_thread)[0x002fd9bc]} cellGcmSys: cellGcmSetTileInfo(index=1, location=0, offset=245694464, size=7864320, pitch=10240, comp=7, base=1, bank=0)
HLE: E {PPU[1] Thread (main_thread)[0x002fd9bc]} cellGcmSys error: cellGcmSetTileInfo: bad compression mode! (7)
HLE: W {PPU[1] Thread (main_thread)[0x002fd79c]} cellGcmSys: cellGcmBindTile(index=1)
RSX: W {RSXThread} TODO: NV406E_SEMAPHORE_ACQUIRE: 0x5
HLE: W {PPU[1] Thread (main_thread)[0x002fd9bc]} cellGcmSys: cellGcmSetTileInfo(index=2, location=0, offset=237830144, size=7864320, pitch=10240, comp=7, base=121, bank=0)
HLE: E {PPU[1] Thread (main_thread)[0x002fd9bc]} cellGcmSys error: cellGcmSetTileInfo: bad compression mode! (7)
HLE: W {PPU[1] Thread (main_thread)[0x002fd79c]} cellGcmSys: cellGcmBindTile(index=2)
RSX: W {RSXThread} TODO: NV406E_SEMAPHORE_ACQUIRE: 0x7
HLE: W {PPU[1] Thread (main_thread)[0x002fd9bc]} cellGcmSys: cellGcmSetTileInfo(index=3, location=0, offset=233897984, size=3932160, pitch=5120, comp=0, base=0, bank=0)
HLE: W {PPU[1] Thread (main_thread)[0x002fd79c]} cellGcmSys: cellGcmBindTile(index=3)
RSX: W {RSXThread} TODO: NV406E_SEMAPHORE_ACQUIRE: 0x9
HLE: W {PPU[1] Thread (main_thread)[0x002fd9bc]} cellGcmSys: cellGcmSetTileInfo(index=3, location=0, offset=229965824, size=7864320, pitch=5120, comp=0, base=0, bank=0)
HLE: W {PPU[1] Thread (main_thread)[0x002fd79c]} cellGcmSys: cellGcmBindTile(index=3)
RSX: W {RSXThread} TODO: NV406E_SEMAPHORE_ACQUIRE: 0xb
HLE: W {PPU[1] Thread (main_thread)[0x002fd9bc]} cellGcmSys: cellGcmSetTileInfo(index=4, location=0, offset=222101504, size=7864320, pitch=10240, comp=11, base=241, bank=3)
HLE: E {PPU[1] Thread (main_thread)[0x002fd9bc]} cellGcmSys error: cellGcmSetTileInfo: bad compression mode! (11)
HLE: W {PPU[1] Thread (main_thread)[0x002fd79c]} cellGcmSys: cellGcmBindTile(index=4)
RSX: W {RSXThread} TODO: NV406E_SEMAPHORE_ACQUIRE: 0xd
HLE: W {PPU[1] Thread (main_thread)[0x002fd89c]} cellGcmSys: cellGcmBindZcull(index=0)
HLE: W {PPU[1] Thread (main_thread)[0x0025555c]} sys_semaphore: sys_semaphore_create(sem_addr=0xa1faa8, attr_addr=0xd000f6b0, initial_count=1, max_count=2)
HLE: ! {PPU[1] Thread (main_thread)[0x0025555c]} sys_semaphore: *** semaphore created [] (protocol=0x2): id = 27
HLE: W {PPU[1] Thread (main_thread)[0x002fde9c]} cellResc: cellRescSetFlipHandler(handler_addr=0x4a11d0)
HLE: W {PPU[1] Thread (main_thread)[0x002fdf7c]} cellResc: cellRescSetVBlankHandler(handler_addr=0x4a11f8)
HLE: W {PPU[1] Thread (main_thread)[0x001f6aa4]} sys_mutex: *** mutex created [] (protocol=0x2, recursive=false): id = 28
HLE: W {PPU[1] Thread (main_thread)[0x001f6c4c]} sys_cond: *** cond created [@„] (mutex_id=28): id = 29
RSX: W {RSXThread} TODO: NV4097_SET_ANTI_ALIASING_CONTROL: 0xffff0001
RSX: W {RSXThread} TODO: NV4097_SET_WINDOW_OFFSET: x=0, y=0
RSX: W {RSXThread} TODO: NV4097_SET_ZCULL_CONTROL0: 0x10
RSX: W {RSXThread} TODO: NV4097_SET_SCULL_CONTROL: 0xff000007
RSX: W {RSXThread} New FBO (1280x720)
RSX: W {RSXThread} TODO: NV4097_SET_ANTI_ALIASING_CONTROL: 0xffff0001
RSX: W {RSXThread} TODO: NV4097_SET_WINDOW_OFFSET: x=0, y=0
RSX: W {RSXThread} TODO: NV4097_SET_VERTEX_ATTRIB_INPUT_MASK: 0xf0d
RSX: W {RSXThread} NV3089_IMAGE_IN_SIZE: w=32, h=1, pitch=64, offset=0x4500, inX=0.000000, inY=0.000000, scaleX=1.000000, scaleY=1.000000
RSX: W {RSXThread} NV3089_IMAGE_IN_SIZE: w=16, h=1, pitch=64, offset=0x4540, inX=0.000000, inY=0.000000, scaleX=1.000000, scaleY=1.000000
RSX: W {RSXThread} NV3089_IMAGE_IN_SIZE: w=16, h=1, pitch=64, offset=0x4600, inX=0.000000, inY=0.000000, scaleX=1.000000, scaleY=1.000000
RSX: W {RSXThread} NV3089_IMAGE_IN_SIZE: w=32, h=1, pitch=64, offset=0x4700, inX=0.000000, inY=0.000000, scaleX=1.000000, scaleY=1.000000
RSX: W {RSXThread} NV3089_IMAGE_IN_SIZE: w=16, h=1, pitch=64, offset=0x4740, inX=0.000000, inY=0.000000, scaleX=1.000000, scaleY=1.000000
RSX: W {RSXThread} NV3089_IMAGE_IN_SIZE: w=16, h=1, pitch=64, offset=0x4800, inX=0.000000, inY=0.000000, scaleX=1.000000, scaleY=1.000000
RSX: W {RSXThread} NV3089_IMAGE_IN_SIZE: w=16, h=1, pitch=64, offset=0x4880, inX=0.000000, inY=0.000000, scaleX=1.000000, scaleY=1.000000
RSX: W {RSXThread} NV3089_IMAGE_IN_SIZE: w=32, h=4, pitch=64, offset=0x4a00, inX=0.000000, inY=0.000000, scaleX=1.000000, scaleY=1.000000
RSX: W {RSXThread} NV3089_IMAGE_IN_SIZE: w=32, h=4, pitch=64, offset=0x4c80, inX=0.000000, inY=0.000000, scaleX=1.000000, scaleY=1.000000
RSX: W {RSXThread} NV3089_IMAGE_IN_SIZE: w=16, h=1, pitch=64, offset=0x4d80, inX=0.000000, inY=0.000000, scaleX=1.000000, scaleY=1.000000
RSX: W {RSXThread} NV3089_IMAGE_IN_SIZE: w=32, h=4, pitch=64, offset=0x4f80, inX=0.000000, inY=0.000000, scaleX=1.000000, scaleY=1.000000
RSX: W {RSXThread} NV3089_IMAGE_IN_SIZE: w=16, h=1, pitch=64, offset=0x5080, inX=0.000000, inY=0.000000, scaleX=1.000000, scaleY=1.000000
RSX: W {RSXThread} NV3089_IMAGE_IN_SIZE: w=32, h=3, pitch=64, offset=0x5200, inX=0.000000, inY=0.000000, scaleX=1.000000, scaleY=1.000000
RSX: W {RSXThread} NV3089_IMAGE_IN_SIZE: w=32, h=1, pitch=64, offset=0x5380, inX=0.000000, inY=0.000000, scaleX=1.000000, scaleY=1.000000
RSX: W {RSXThread} NV3089_IMAGE_IN_SIZE: w=24, h=1, pitch=64, offset=0x53c0, inX=0.000000, inY=0.000000, scaleX=1.000000, scaleY=1.000000
RSX: W {RSXThread} NV3089_IMAGE_IN_SIZE: w=32, h=1, pitch=64, offset=0x5480, inX=0.000000, inY=0.000000, scaleX=1.000000, scaleY=1.000000
RSX: W {RSXThread} NV3089_IMAGE_IN_SIZE: w=16, h=1, pitch=64, offset=0x54c0, inX=0.000000, inY=0.000000, scaleX=1.000000, scaleY=1.000000
RSX: W {RSXThread} NV3089_IMAGE_IN_SIZE: w=32, h=1, pitch=64, offset=0x5580, inX=0.000000, inY=0.000000, scaleX=1.000000, scaleY=1.000000
RSX: W {RSXThread} NV3089_IMAGE_IN_SIZE: w=24, h=1, pitch=64, offset=0x55c0, inX=0.000000, inY=0.000000, scaleX=1.000000, scaleY=1.000000
RSX: W {RSXThread} NV3089_IMAGE_IN_SIZE: w=32, h=1, pitch=64, offset=0x5680, inX=0.000000, inY=0.000000, scaleX=1.000000, scaleY=1.000000
RSX: W {RSXThread} NV3089_IMAGE_IN_SIZE: w=16, h=1, pitch=64, offset=0x56c0, inX=0.000000, inY=0.000000, scaleX=1.000000, scaleY=1.000000
RSX: W {RSXThread} NV3089_IMAGE_IN_SIZE: w=32, h=1, pitch=64, offset=0x5780, inX=0.000000, inY=0.000000, scaleX=1.000000, scaleY=1.000000
RSX: W {RSXThread} NV3089_IMAGE_IN_SIZE: w=24, h=1, pitch=64, offset=0x57c0, inX=0.000000, inY=0.000000, scaleX=1.000000, scaleY=1.000000
RSX: W {RSXThread} NV3089_IMAGE_IN_SIZE: w=32, h=3, pitch=64, offset=0x5900, inX=0.000000, inY=0.000000, scaleX=1.000000, scaleY=1.000000
RSX: W {RSXThread} NV3089_IMAGE_IN_SIZE: w=32, h=1, pitch=64, offset=0x5a80, inX=0.000000, inY=0.000000, scaleX=1.000000, scaleY=1.000000
RSX: W {RSXThread} NV3089_IMAGE_IN_SIZE: w=16, h=1, pitch=64, offset=0x5ac0, inX=0.000000, inY=0.000000, scaleX=1.000000, scaleY=1.000000
RSX: W {RSXThread} NV3089_IMAGE_IN_SIZE: w=32, h=2, pitch=64, offset=0x5c00, inX=0.000000, inY=0.000000, scaleX=1.000000, scaleY=1.000000
RSX: W {RSXThread} NV3089_IMAGE_IN_SIZE: w=24, h=1, pitch=64, offset=0x5c80, inX=0.000000, inY=0.000000, scaleX=1.000000, scaleY=1.000000
RSX: W {RSXThread} NV3089_IMAGE_IN_SIZE: w=32, h=2, pitch=64, offset=0x5d80, inX=0.000000, inY=0.000000, scaleX=1.000000, scaleY=1.000000
RSX: W {RSXThread} NV3089_IMAGE_IN_SIZE: w=32, h=4, pitch=64, offset=0x5f80, inX=0.000000, inY=0.000000, scaleX=1.000000, scaleY=1.000000
RSX: W {RSXThread} NV3089_IMAGE_IN_SIZE: w=24, h=1, pitch=64, offset=0x6080, inX=0.000000, inY=0.000000, scaleX=1.000000, scaleY=1.000000
RSX: W {RSXThread} NV3089_IMAGE_IN_SIZE: w=16, h=1, pitch=64, offset=0x6180, inX=0.000000, inY=0.000000, scaleX=1.000000, scaleY=1.000000
RSX: W {RSXThread} NV3089_IMAGE_IN_SIZE: w=16, h=1, pitch=64, offset=0x6280, inX=0.000000, inY=0.000000, scaleX=1.000000, scaleY=1.000000
RSX: W {RSXThread} TODO: NV4097_SET_ANTI_ALIASING_CONTROL: 0xffff0001
RSX: W {RSXThread} TODO: NV4097_SET_WINDOW_OFFSET: x=0, y=0
RSX: W {RSXThread} TODO: NV4097_SET_ZCULL_CONTROL0: 0x10
RSX: W {RSXThread} TODO: NV4097_SET_SCULL_CONTROL: 0xff000007
HLE: W {PPU[1] Thread (main_thread)[0x002fdfbc]} cellSysmodule: cellSysmoduleLoadModule(id=0x0012: CELL_SYSMODULE_PAMF)
HLE: W {PPU[1] Thread (main_thread)[0x002fdfbc]} cellSysmodule: cellSysmoduleLoadModule(id=0x001d: CELL_SYSMODULE_SAIL)
HLE: W {PPU[1] Thread (main_thread)[0x00185da4]} sys_memory: sys_memory_container_create(cid_addr=0x68c200, yield_size=0x200000)
HLE: W {PPU[1] Thread (main_thread)[0x00185da4]} sys_memory: *** memory_container created(addr=0x21700000): id = 30
HLE: W {PPU[1] Thread (main_thread)[0x002fe65c]} cellSpurs: _cellSpursAttributeInitialize(attr_addr=0xd000f730, revision=2, sdkVersion=0x330000, nSpus=4, spuPriority=100, ppuPriority=300, exitIfNoWork=1)
HLE: W {PPU[1] Thread (main_thread)[0x002fe61c]} cellSpurs: cellSpursAttributeSetNamePrefix(attr_addr=0xd000f730, prefix_addr=0x46fe58, size=5)
HLE: W {PPU[1] Thread (main_thread)[0x002fe63c]} cellSpurs: cellSpursAttributeSetMemoryContainerForSpuThread(attr_addr=0xd000f730, container=30)
HLE: W {PPU[1] Thread (main_thread)[0x002fe67c]} cellSpurs: cellSpursInitializeWithAttribute(spurs_addr=0x68b200, attr_addr=0xd000f730)
HLE: W {PPU[1] Thread (main_thread)[0x002fe67c]} sys_process: sys_process_is_spu_lock_line_reservation_address(addr=0x68b200, flags=0x2)
HLE: W {PPU[1] Thread (main_thread)[0x002fe67c]} sys_semaphore: sys_semaphore_create(sem_addr=0x21506000, attr_addr=0x21507000, initial_count=0, max_count=1)
HLE: ! {PPU[1] Thread (main_thread)[0x002fe67c]} sys_semaphore: *** semaphore created [_spuWkl] (protocol=0x2): id = 31
HLE: W {PPU[1] Thread (main_thread)[0x002fe67c]} sys_semaphore: sys_semaphore_create(sem_addr=0x21506000, attr_addr=0x21507000, initial_count=0, max_count=1)
HLE: ! {PPU[1] Thread (main_thread)[0x002fe67c]} sys_semaphore: *** semaphore created [_spuWkl] (protocol=0x2): id = 32
HLE: W {PPU[1] Thread (main_thread)[0x002fe67c]} sys_semaphore: sys_semaphore_create(sem_addr=0x21506000, attr_addr=0x21507000, initial_count=0, max_count=1)
HLE: ! {PPU[1] Thread (main_thread)[0x002fe67c]} sys_semaphore: *** semaphore created [_spuWkl] (protocol=0x2): id = 33
HLE: W {PPU[1] Thread (main_thread)[0x002fe67c]} sys_semaphore: sys_semaphore_create(sem_addr=0x21506000, attr_addr=0x21507000, initial_count=0, max_count=1)
HLE: ! {PPU[1] Thread (main_thread)[0x002fe67c]} sys_semaphore: *** semaphore created [_spuWkl] (protocol=0x2): id = 34
HLE: W {PPU[1] Thread (main_thread)[0x002fe67c]} sys_semaphore: sys_semaphore_create(sem_addr=0x21506000, attr_addr=0x21507000, initial_count=0, max_count=1)
HLE: ! {PPU[1] Thread (main_thread)[0x002fe67c]} sys_semaphore: *** semaphore created [_spuWkl] (protocol=0x2): id = 35
HLE: W {PPU[1] Thread (main_thread)[0x002fe67c]} sys_semaphore: sys_semaphore_create(sem_addr=0x21506000, attr_addr=0x21507000, initial_count=0, max_count=1)
HLE: ! {PPU[1] Thread (main_thread)[0x002fe67c]} sys_semaphore: *** semaphore created [_spuWkl] (protocol=0x2): id = 36
HLE: W {PPU[1] Thread (main_thread)[0x002fe67c]} sys_semaphore: sys_semaphore_create(sem_addr=0x21506000, attr_addr=0x21507000, initial_count=0, max_count=1)
HLE: ! {PPU[1] Thread (main_thread)[0x002fe67c]} sys_semaphore: *** semaphore created [_spuWkl] (protocol=0x2): id = 37
HLE: W {PPU[1] Thread (main_thread)[0x002fe67c]} sys_semaphore: sys_semaphore_create(sem_addr=0x21506000, attr_addr=0x21507000, initial_count=0, max_count=1)
HLE: ! {PPU[1] Thread (main_thread)[0x002fe67c]} sys_semaphore: *** semaphore created [_spuWkl] (protocol=0x2): id = 38
HLE: W {PPU[1] Thread (main_thread)[0x002fe67c]} sys_semaphore: sys_semaphore_create(sem_addr=0x21506000, attr_addr=0x21507000, initial_count=0, max_count=1)
HLE: ! {PPU[1] Thread (main_thread)[0x002fe67c]} sys_semaphore: *** semaphore created [_spuWkl] (protocol=0x2): id = 39
HLE: W {PPU[1] Thread (main_thread)[0x002fe67c]} sys_semaphore: sys_semaphore_create(sem_addr=0x21506000, attr_addr=0x21507000, initial_count=0, max_count=1)
HLE: ! {PPU[1] Thread (main_thread)[0x002fe67c]} sys_semaphore: *** semaphore created [_spuWkl] (protocol=0x2): id = 40
HLE: W {PPU[1] Thread (main_thread)[0x002fe67c]} sys_semaphore: sys_semaphore_create(sem_addr=0x21506000, attr_addr=0x21507000, initial_count=0, max_count=1)
HLE: ! {PPU[1] Thread (main_thread)[0x002fe67c]} sys_semaphore: *** semaphore created [_spuWkl] (protocol=0x2): id = 41
HLE: W {PPU[1] Thread (main_thread)[0x002fe67c]} sys_semaphore: sys_semaphore_create(sem_addr=0x21506000, attr_addr=0x21507000, initial_count=0, max_count=1)
HLE: ! {PPU[1] Thread (main_thread)[0x002fe67c]} sys_semaphore: *** semaphore created [_spuWkl] (protocol=0x2): id = 42
HLE: W {PPU[1] Thread (main_thread)[0x002fe67c]} sys_semaphore: sys_semaphore_create(sem_addr=0x21506000, attr_addr=0x21507000, initial_count=0, max_count=1)
HLE: ! {PPU[1] Thread (main_thread)[0x002fe67c]} sys_semaphore: *** semaphore created [_spuWkl] (protocol=0x2): id = 43
HLE: W {PPU[1] Thread (main_thread)[0x002fe67c]} sys_semaphore: sys_semaphore_create(sem_addr=0x21506000, attr_addr=0x21507000, initial_count=0, max_count=1)
HLE: ! {PPU[1] Thread (main_thread)[0x002fe67c]} sys_semaphore: *** semaphore created [_spuWkl] (protocol=0x2): id = 44
HLE: W {PPU[1] Thread (main_thread)[0x002fe67c]} sys_semaphore: sys_semaphore_create(sem_addr=0x21506000, attr_addr=0x21507000, initial_count=0, max_count=1)
HLE: ! {PPU[1] Thread (main_thread)[0x002fe67c]} sys_semaphore: *** semaphore created [_spuWkl] (protocol=0x2): id = 45
HLE: W {PPU[1] Thread (main_thread)[0x002fe67c]} sys_semaphore: sys_semaphore_create(sem_addr=0x21506000, attr_addr=0x21507000, initial_count=0, max_count=1)
HLE: ! {PPU[1] Thread (main_thread)[0x002fe67c]} sys_semaphore: *** semaphore created [_spuWkl] (protocol=0x2): id = 46
HLE: W {PPU[1] Thread (main_thread)[0x002fe67c]} sys_semaphore: sys_semaphore_create(sem_addr=0x21506000, attr_addr=0x21507000, initial_count=0, max_count=1)
HLE: ! {PPU[1] Thread (main_thread)[0x002fe67c]} sys_semaphore: *** semaphore created [_spuPrv] (protocol=0x2): id = 47
