HLE: ! path: /dev_hdd0/game/
HLE: W No pause.bin found, Auto Pause will not work.
HLE: W No pause.bin found, Auto Pause will not work.
LDR: ! Loading 'D:/Emulateurs/Rpcs3/dev_hdd0/game/NPEB02064/USRDIR/BOOT.BIN'...
LDR: !  
LDR: ! Mount info:
LDR: ! /dev_usb000/ -> D:/Emulateurs/Rpcs3/dev_usb000/
LDR: ! /dev_flash/ -> D:/Emulateurs/Rpcs3/dev_flash/
LDR: ! /host_root/ -> 
LDR: ! /dev_hdd0/ -> D:/Emulateurs/Rpcs3/dev_hdd0/
LDR: ! /dev_hdd1/ -> D:/Emulateurs/Rpcs3/dev_hdd1/
LDR: ! /dev_bdvd/ -> D:/Emulateurs/Rpcs3/dev_hdd0/game/NPEB02064/../
LDR: ! /dev_usb/ -> D:/Emulateurs/Rpcs3/dev_usb000/
LDR: !  
LDR: ! Title: Assassin's Creed¬Æ Rogue
LDR: ! Serial: NPEB02064
LDR: !  
LDR: E loader::init() failed: Broken file
MEM: ! Initializing memory: base_addr = 0xce3ca0000
MEM: ! Memory initialized.
LDR: ! Imported function 'cellSysmoduleUnloadModule' in 'cellSysmodule' module  (HLE)
LDR: ! Imported function 'cellSysmoduleLoadModule' in 'cellSysmodule' module  (HLE)
LDR: ! Imported function 'sceNpTerm' in 'sceNp' module  (HLE)
LDR: ! Imported function 'sceNpInit' in 'sceNp' module  (HLE)
LDR: ! Imported function 'sceNpDrmProcessExitSpawn2' in 'sceNp' module  (HLE)
LDR: ! Imported function 'cellSysutilRegisterCallback' in 'cellSysutil' module  (HLE)
LDR: ! Imported function 'sys_lwmutex_lock' in 'sysPrxForUser' module  (HLE)
LDR: ! Imported function 'sys_lwmutex_unlock' in 'sysPrxForUser' module  (HLE)
LDR: ! Imported function '_sys_process_atexitspawn' in 'sysPrxForUser' module  (HLE)
LDR: ! Imported function 'sys_lwmutex_create' in 'sysPrxForUser' module  (HLE)
LDR: ! Imported function 'sys_ppu_thread_get_id' in 'sysPrxForUser' module  (HLE)
LDR: ! Imported function 'sys_prx_register_library' in 'sysPrxForUser' module  (HLE)
LDR: ! Imported function 'sys_initialize_tls' in 'sysPrxForUser' module  (HLE)
LDR: ! Imported function 'sys_time_get_system_time' in 'sysPrxForUser' module  (HLE)
LDR: ! Imported function '_sys_process_at_Exitspawn' in 'sysPrxForUser' module  (HLE)
LDR: ! Imported function 'sys_prx_exitspawn_with_level' in 'sysPrxForUser' module  (HLE)
LDR: ! Imported function 'sys_lwmutex_destroy' in 'sysPrxForUser' module  (HLE)
LDR: ! Imported function 'sys_process_exit' in 'sysPrxForUser' module  (HLE)
HLE: W {PPU[1] Thread (main_thread)[0x00043028]} sys_lwmutex warning: sys_lwmutex_create(lwmutex_addr=0x41c00, attr_addr=0x18b10)
HLE: ! {PPU[1] Thread (main_thread)[0x00043028]} sys_lwmutex: *** lwmutex created [_lc_mtx] (attribute=0x12): sq_id = 3
HLE: W {PPU[1] Thread (main_thread)[0x00017660]} sys_memory warning: sys_memory_get_user_memory_size(mem_info_addr=0xd000fc04)
HLE: W {PPU[1] Thread (main_thread)[0x00043028]} sys_lwmutex warning: sys_lwmutex_create(lwmutex_addr=0x41a00, attr_addr=0x18b10)
HLE: ! {PPU[1] Thread (main_thread)[0x00043028]} sys_lwmutex: *** lwmutex created [_lc_mtx] (attribute=0x12): sq_id = 4
HLE: W {PPU[1] Thread (main_thread)[0x00043028]} sys_lwmutex warning: sys_lwmutex_create(lwmutex_addr=0x41190, attr_addr=0x18b10)
HLE: ! {PPU[1] Thread (main_thread)[0x00043028]} sys_lwmutex: *** lwmutex created [_lc_mtx] (attribute=0x12): sq_id = 5
HLE: W {PPU[1] Thread (main_thread)[0x00043028]} sys_lwmutex warning: sys_lwmutex_create(lwmutex_addr=0x411b8, attr_addr=0x18b10)
HLE: ! {PPU[1] Thread (main_thread)[0x00043028]} sys_lwmutex: *** lwmutex created [_lc_mtx] (attribute=0x12): sq_id = 6
HLE: W {PPU[1] Thread (main_thread)[0x00043028]} sys_lwmutex warning: sys_lwmutex_create(lwmutex_addr=0x411e0, attr_addr=0x18b10)
HLE: ! {PPU[1] Thread (main_thread)[0x00043028]} sys_lwmutex: *** lwmutex created [_lc_mtx] (attribute=0x12): sq_id = 7
HLE: W {PPU[1] Thread (main_thread)[0x00043028]} sys_lwmutex warning: sys_lwmutex_create(lwmutex_addr=0x410c8, attr_addr=0x18b10)
HLE: ! {PPU[1] Thread (main_thread)[0x00043028]} sys_lwmutex: *** lwmutex created [_lc_mtx] (attribute=0x12): sq_id = 8
HLE: W {PPU[1] Thread (main_thread)[0x00043028]} sys_lwmutex warning: sys_lwmutex_create(lwmutex_addr=0x410f0, attr_addr=0x18b10)
HLE: ! {PPU[1] Thread (main_thread)[0x00043028]} sys_lwmutex: *** lwmutex created [_lc_mtx] (attribute=0x12): sq_id = 9
HLE: W {PPU[1] Thread (main_thread)[0x00043028]} sys_lwmutex warning: sys_lwmutex_create(lwmutex_addr=0x41118, attr_addr=0x18b10)
HLE: ! {PPU[1] Thread (main_thread)[0x00043028]} sys_lwmutex: *** lwmutex created [_lc_mtx] (attribute=0x12): sq_id = 10
HLE: W {PPU[1] Thread (main_thread)[0x00043028]} sys_lwmutex warning: sys_lwmutex_create(lwmutex_addr=0x41140, attr_addr=0x18b10)
HLE: ! {PPU[1] Thread (main_thread)[0x00043028]} sys_lwmutex: *** lwmutex created [_lc_mtx] (attribute=0x12): sq_id = 11
HLE: W {PPU[1] Thread (main_thread)[0x00043028]} sys_lwmutex warning: sys_lwmutex_create(lwmutex_addr=0x41168, attr_addr=0x18b10)
HLE: ! {PPU[1] Thread (main_thread)[0x00043028]} sys_lwmutex: *** lwmutex created [_lc_mtx] (attribute=0x12): sq_id = 12
HLE: W {PPU[1] Thread (main_thread)[0x0001f004]} cellSysutil warning: cellSysutilRegisterCallback(slot=0, func_addr=0x200c0, userdata=0x0)
HLE: W {PPU[1] Thread (main_thread)[0x0001b010]} cellSysmodule warning: cellSysmoduleLoadModule(CELL_SYSMODULE_SYSUTIL_NP)
HLE: W {PPU[1] Thread (main_thread)[0x0001d010]} sceNp warning: sceNpInit(mem_size=0x203e8, mem_addr=0x20bb8)
HLE: W {PPU[1] Thread (main_thread)[0x0001d01c]} sceNp warning: sceNpDrmProcessExitSpawn2()
HLE: W {PPU[1] Thread (main_thread)[0x0001d01c]} sceNp warning: path: ;ÔÔ°/–I∂ô)$gbkèz
HLE: W {PPU[1] Thread (main_thread)[0x0001d01c]} sceNp warning: argv: 0x207b0
HLE: W {PPU[1] Thread (main_thread)[0x0001d01c]} sceNp warning: envp: 0x0
HLE: W {PPU[1] Thread (main_thread)[0x0001d01c]} sceNp warning: data: 0x0
HLE: W {PPU[1] Thread (main_thread)[0x0001d01c]} sceNp warning: data_size: 0x0
HLE: W {PPU[1] Thread (main_thread)[0x0001d01c]} sceNp warning: prio: 0
HLE: W {PPU[1] Thread (main_thread)[0x0001d01c]} sceNp warning: flags: 1001
HLE: W {PPU[1] Thread (main_thread)[0x0001d01c]} sys_process warning: sys_game_process_exitspawn2()
HLE: W {PPU[1] Thread (main_thread)[0x0001d01c]} sys_process warning: path: ;ÔÔ°/–I∂ô)$gbkèz
HLE: W {PPU[1] Thread (main_thread)[0x0001d01c]} sys_process warning: argv: 0x207b0
HLE: W {PPU[1] Thread (main_thread)[0x0001d01c]} sys_process warning: envp: 0x0
HLE: W {PPU[1] Thread (main_thread)[0x0001d01c]} sys_process warning: data: 0x0
HLE: W {PPU[1] Thread (main_thread)[0x0001d01c]} sys_process warning: data_size: 0x0
HLE: W {PPU[1] Thread (main_thread)[0x0001d01c]} sys_process warning: prio: 0
HLE: W {PPU[1] Thread (main_thread)[0x0001d01c]} sys_process warning: flags: 1001
G: E {PPU[1] Thread (main_thread)[0x0001d01c]} Exception: Access violation reading location 0x2f646576 (is_alive=1, last_syscall=0xe6c8f3f9 (sceNpDrmProcessExitSpawn2))
PPU: ! {PPU Recompilation Engine} PPU LLVM Recompilation thread exiting.
HLE: ! All threads stopped...
MEM: ! Closing memory...
