HLE: ! path: /dev_hdd0/game/
HLE: W No pause.bin found, Auto Pause will not work.
HLE: W No pause.bin found, Auto Pause will not work.
LDR: ! Loading 'D:/Emulateurs/Rpcs3/dev_hdd0/game/NPEB00223/USRDIR/BOOT.BIN'...
LDR: !  
LDR: ! Mount info:
LDR: ! /dev_usb000/ -> D:/Emulateurs/Rpcs3/dev_usb000/
LDR: ! /dev_flash/ -> D:/Emulateurs/Rpcs3/dev_flash/
LDR: ! /host_root/ -> 
LDR: ! /dev_hdd0/ -> D:/Emulateurs/Rpcs3/dev_hdd0/
LDR: ! /dev_hdd1/ -> D:/Emulateurs/Rpcs3/dev_hdd1/
LDR: ! /dev_bdvd/ -> D:/Emulateurs/Rpcs3/dev_hdd0/game/NPEB00223/../
LDR: ! /dev_usb/ -> D:/Emulateurs/Rpcs3/dev_usb000/
LDR: !  
LDR: ! Title: Ricochet HD
LDR: ! Serial: NPEB00223
LDR: !  
LDR: ! loader::init() failed: Broken file
MEM: ! Initializing memory: g_base_addr = 0x6a27040000, g_priv_addr = 0x6b27040000
MEM: ! Memory initialized.
LDR: ! Imported function 'sceNpBasicGetFriendListEntry' in 'sceNp' module (0xabe9a4)
LDR: ! Imported function 'sceNpScoreRecordGameData' in 'sceNp' module (0xabe9c4)
LDR: ! Imported function 'sceNpScoreGetRankingByNpId' in 'sceNp' module (0xabe9e4)
LDR: ! Imported function 'sceNpSignalingGetConnectionInfo' in 'sceNp' module (0xabea04)
LDR: ! Imported function 'sceNpScoreRecordScore' in 'sceNp' module (0xabea24)
LDR: ! Imported function 'sceNpBasicAddPlayersHistory' in 'sceNp' module (0xabea44)
LDR: ! Imported function 'sceNpScoreDestroyTitleCtx' in 'sceNp' module (0xabea64)
LDR: ! Imported function 'sceNpDrmVerifyUpgradeLicense' in 'sceNp' module (0xabea84)
LDR: ! Imported function 'sceNpScoreInit' in 'sceNp' module (0xabeaa4)
LDR: ! Imported function 'sceNpScoreGetGameData' in 'sceNp' module (0xabeac4)
LDR: ! Imported function 'sceNpBasicSetPresence' in 'sceNp' module (0xabeae4)
LDR: ! Imported function 'sceNpBasicRegisterContextSensitiveHandler' in 'sceNp' module (0xabeb04)
LDR: ! Imported function 'sceNpTerm' in 'sceNp' module (0xabeb24)
LDR: ! Imported function 'sceNpSignalingAddExtendedHandler' in 'sceNp' module (0xabeb44)
LDR: ! Imported function 'sceNpManagerUnregisterCallback' in 'sceNp' module (0xabeb64)
LDR: ! Imported function 'sceNpSignalingActivateConnection' in 'sceNp' module (0xabeb84)
LDR: ! Imported function 'sceNpSignalingCreateCtx' in 'sceNp' module (0xabeba4)
LDR: ! Imported function 'sceNpScoreCreateTransactionCtx' in 'sceNp' module (0xabebc4)
LDR: ! Imported function 'sceNpScoreTerm' in 'sceNp' module (0xabebe4)
LDR: ! Imported function 'sceNpManagerGetStatus' in 'sceNp' module (0xabec04)
LDR: ! Imported function 'sceNpSignalingDestroyCtx' in 'sceNp' module (0xabec24)
LDR: ! Imported function 'sceNpBasicUnregisterHandler' in 'sceNp' module (0xabec44)
LDR: ! Imported function 'sceNpBasicGetFriendListEntryCount' in 'sceNp' module (0xabec64)
LDR: ! Imported function 'sceNpScoreCreateTitleCtx' in 'sceNp' module (0xabec84)
LDR: ! Imported function 'sceNpBasicRegisterHandler' in 'sceNp' module (0xabeca4)
LDR: ! Imported function 'sceNpScoreDestroyTransactionCtx' in 'sceNp' module (0xabecc4)
LDR: ! Imported function 'sceNpSignalingGetConnectionStatus' in 'sceNp' module (0xabece4)
LDR: ! Imported function 'sceNpUtilCmpNpId' in 'sceNp' module (0xabed04)
LDR: ! Imported function 'sceNpBasicGetEvent' in 'sceNp' module (0xabed24)
LDR: ! Imported function 'sceNpManagerRegisterCallback' in 'sceNp' module (0xabed44)
LDR: ! Imported function 'sceNpBasicSendMessage' in 'sceNp' module (0xabed64)
LDR: ! Imported function 'sceNpScoreAbortTransaction' in 'sceNp' module (0xabed84)
LDR: ! Imported function 'sceNpManagerGetOnlineName' in 'sceNp' module (0xabeda4)
LDR: ! Imported function 'sceNpScoreGetRankingByRange' in 'sceNp' module (0xabedc4)
LDR: ! Imported function 'sceNpSignalingDeactivateConnection' in 'sceNp' module (0xabede4)
LDR: ! Imported function 'sceNpManagerGetNpId' in 'sceNp' module (0xabee04)
LDR: ! Imported function 'sceNpBasicSendMessageGui' in 'sceNp' module (0xac04a4)
LDR: ! Imported function 'sceNpManagerGetAccountAge' in 'sceNp' module (0xac04c4)
LDR: ! Imported function 'sceNpBasicRecvMessageAttachmentLoad' in 'sceNp' module (0xac04e4)
LDR: ! Imported function 'sceNpManagerGetContentRatingFlag' in 'sceNp' module (0xac0504)
LDR: ! Imported function 'sceNpBasicRecvMessageCustom' in 'sceNp' module (0xac0524)
LDR: ! Imported function 'sceNpBasicGetCustomInvitationEntryCount' in 'sceNp' module (0xac0544)
LDR: ! Imported function 'sceNpManagerGetAccountRegion' in 'sceNp' module (0xac0564)
LDR: ! Imported function 'sceNpManagerGetNetworkTime' in 'sceNp' module (0xac0584)
LDR: ! Imported function 'sceNpScoreGetBoardInfo' in 'sceNp' module (0xac05a4)
LDR: W Unknown module 'sceNp2'
LDR: E Unimplemented function 'sceNpMatching2DestroyContext' in 'sceNp2' module (0xabee24)
LDR: E Unimplemented function 'sceNpMatching2GetWorldInfoList' in 'sceNp2' module (0xabee44)
LDR: E Unimplemented function 'sceNpMatching2SearchRoom' in 'sceNp2' module (0xabee64)
LDR: E Unimplemented function 'sceNpMatching2LeaveRoom' in 'sceNp2' module (0xabee84)
LDR: E Unimplemented function 'sceNpMatching2Term2' in 'sceNp2' module (0xabeea4)
LDR: E Unimplemented function 'sceNpMatching2GetServerInfo' in 'sceNp2' module (0xabeec4)
LDR: E Unimplemented function 'sceNpMatching2GetEventData' in 'sceNp2' module (0xabeee4)
LDR: ! Imported function 'sceNp2Init' in 'sceNp2' module (0xabef04)
LDR: E Unimplemented function 'sceNpMatching2JoinRoom' in 'sceNp2' module (0xabef24)
LDR: E Unimplemented function 'sceNpMatching2KickoutRoomMember' in 'sceNp2' module (0xabef44)
LDR: E Unimplemented function 'sceNpMatching2ContextStartAsync' in 'sceNp2' module (0xabef64)
LDR: E Unimplemented function 'sceNpMatching2RegisterContextCallback' in 'sceNp2' module (0xabef84)
LDR: E Unimplemented function 'sceNpMatching2GetServerIdListLocal' in 'sceNp2' module (0xabefa4)
LDR: E Unimplemented function 'sceNpMatching2CreateContext' in 'sceNp2' module (0xabefc4)
LDR: E Unimplemented function 'sceNpMatching2ClearEventData' in 'sceNp2' module (0xabefe4)
LDR: E Unimplemented function 'sceNpMatching2SetDefaultRequestOptParam' in 'sceNp2' module (0xabf004)
LDR: E Unimplemented function 'sceNpMatching2RegisterRoomEventCallback' in 'sceNp2' module (0xabf024)
LDR: E Unimplemented function 'sceNpMatching2GetRoomDataExternalList' in 'sceNp2' module (0xabf044)
LDR: E Unimplemented function 'sceNpMatching2CreateJoinRoom' in 'sceNp2' module (0xabf064)
LDR: E Unimplemented function 'sceNpMatching2ContextStop' in 'sceNp2' module (0xabf084)
LDR: E Unimplemented function 'sceNpMatching2Init2' in 'sceNp2' module (0xabf0a4)
LDR: E Unimplemented function 'sceNpMatching2RegisterRoomMessageCallback' in 'sceNp2' module (0xabf0c4)
LDR: ! Imported function 'sceNp2Term' in 'sceNp2' module (0xac05c4)
LDR: ! Imported function 'sceNpCommerce2GetStoreBrowseUserdata' in 'sceNpCommerce2' module (0xabf0e4)
LDR: ! Imported function 'sceNpCommerce2Init' in 'sceNpCommerce2' module (0xabf104)
LDR: ! Imported function 'sceNpCommerce2Term' in 'sceNpCommerce2' module (0xabf124)
LDR: ! Imported function 'sceNpCommerce2ExecuteStoreBrowse' in 'sceNpCommerce2' module (0xabf144)
LDR: ! Imported function 'socketpoll' in 'sys_net' module (0xabf164)
LDR: ! Imported function 'sys_net_initialize_network_ex' in 'sys_net' module (0xabf184)
LDR: ! Imported function 'recvfrom' in 'sys_net' module (0xabf1a4)
LDR: ! Imported function 'listen' in 'sys_net' module (0xabf1c4)
LDR: ! Imported function 'socketselect' in 'sys_net' module (0xabf1e4)
LDR: ! Imported function '_sys_net_errno_loc' in 'sys_net' module (0xabf204)
LDR: ! Imported function 'connect' in 'sys_net' module (0xabf224)
LDR: ! Imported function 'socketclose' in 'sys_net' module (0xabf244)
LDR: ! Imported function 'gethostbyname' in 'sys_net' module (0xabf264)
LDR: ! Imported function 'inet_ntoa' in 'sys_net' module (0xabf284)
LDR: ! Imported function 'setsockopt' in 'sys_net' module (0xabf2a4)
LDR: ! Imported function 'sys_net_abort_socket' in 'sys_net' module (0xabf2c4)
LDR: ! Imported function 'sendto' in 'sys_net' module (0xabf2e4)
LDR: ! Imported function 'socket' in 'sys_net' module (0xabf304)
LDR: ! Imported function 'shutdown' in 'sys_net' module (0xabf324)
LDR: ! Imported function 'sendmsg' in 'sys_net' module (0xabf344)
LDR: ! Imported function 'bind' in 'sys_net' module (0xabf364)
LDR: ! Imported function 'sys_net_finalize_network' in 'sys_net' module (0xabf384)
LDR: ! Imported function 'accept' in 'sys_net' module (0xabf3a4)
LDR: ! Imported function 'inet_addr' in 'sys_net' module (0xabf3c4)
LDR: ! Imported function 'send' in 'sys_net' module (0xabf3e4)
LDR: ! Imported function 'getpeername' in 'sys_net' module (0xabf404)
LDR: ! Imported function 'recv' in 'sys_net' module (0xabf424)
LDR: ! Imported function 'cellPadInit' in 'sys_io' module (0xabf444)
LDR: ! Imported function 'cellKbClearBuf' in 'sys_io' module (0xabf464)
LDR: ! Imported function 'cellKbInit' in 'sys_io' module (0xabf484)
LDR: ! Imported function 'cellPadSetPortSetting' in 'sys_io' module (0xabf4a4)
LDR: ! Imported function 'cellPadGetData' in 'sys_io' module (0xabf4c4)
LDR: ! Imported function 'cellKbSetCodeType' in 'sys_io' module (0xabf4e4)
LDR: ! Imported function 'cellPadGetInfo2' in 'sys_io' module (0xabf504)
LDR: ! Imported function 'cellKbEnd' in 'sys_io' module (0xabf524)
LDR: ! Imported function 'cellPadSetActDirect' in 'sys_io' module (0xabf544)
LDR: ! Imported function 'cellKbRead' in 'sys_io' module (0xabf564)
LDR: ! Imported function 'cellPadClearBuf' in 'sys_io' module (0xabfe44)
LDR: ! Imported function 'cellKbGetInfo' in 'sys_io' module (0xabfe64)
LDR: ! Imported function 'cellMouseGetData' in 'sys_io' module (0xabfe84)
LDR: ! Imported function 'cellMouseClearBuf' in 'sys_io' module (0xabfea4)
LDR: ! Imported function 'cellPadEnd' in 'sys_io' module (0xabfec4)
LDR: ! Imported function 'cellMouseGetInfo' in 'sys_io' module (0xabfee4)
LDR: ! Imported function 'cellMouseInit' in 'sys_io' module (0xabff04)
LDR: ! Imported function 'cellKbSetReadMode' in 'sys_io' module (0xabff24)
LDR: ! Imported function 'cellMouseEnd' in 'sys_io' module (0xabff44)
LDR: ! Imported function 'cellGameContentPermit' in 'cellGame' module (0xabf584)
LDR: ! Imported function 'cellGameContentErrorDialog' in 'cellGame' module (0xabf5a4)
LDR: ! Imported function 'cellGameBootCheck' in 'cellGame' module (0xabf5c4)
LDR: ! Imported function 'cellSysmoduleUnloadModule' in 'cellSysmodule' module (0xabf5e4)
LDR: ! Imported function 'cellSysmoduleLoadModule' in 'cellSysmodule' module (0xabf604)
LDR: ! Imported function 'cellSysutilUnregisterCallback' in 'cellSysutil' module (0xabf624)
LDR: ! Imported function 'cellVideoOutConfigure' in 'cellSysutil' module (0xabf644)
LDR: ! Imported function 'cellSysutilCheckCallback' in 'cellSysutil' module (0xabf664)
LDR: E Unimplemented function 'cellOskDialogUnloadAsync' in 'cellSysutil' module (0xabf684)
LDR: E Unimplemented function 'cellOskDialogAddSupportLanguage' in 'cellSysutil' module (0xabf6a4)
LDR: E Unimplemented function 'cellOskDialogLoadAsync' in 'cellSysutil' module (0xabf6c4)
LDR: ! Imported function 'cellVideoOutGetState' in 'cellSysutil' module (0xabf6e4)
LDR: ! Imported function 'cellSysutilGetSystemParamString' in 'cellSysutil' module (0xabf704)
LDR: ! Imported function 'cellSysutilRegisterCallback' in 'cellSysutil' module (0xabf724)
LDR: E Unimplemented function 'cellOskDialogSetKeyLayoutOption' in 'cellSysutil' module (0xabf744)
LDR: E Unimplemented function 'cellOskDialogAbort' in 'cellSysutil' module (0xabf764)
LDR: ! Imported function 'cellVideoOutGetResolution' in 'cellSysutil' module (0xabf784)
LDR: ! Imported function 'cellMsgDialogClose' in 'cellSysutil' module (0xac07a4)
LDR: ! Imported function 'cellMsgDialogOpenErrorCode' in 'cellSysutil' module (0xac07c4)
LDR: ! Imported function 'cellAudioOutConfigure' in 'cellSysutil' module (0xac07e4)
LDR: ! Imported function 'cellMsgDialogAbort' in 'cellSysutil' module (0xac0804)
LDR: ! Imported function 'cellMsgDialogOpen2' in 'cellSysutil' module (0xac0824)
LDR: ! Imported function 'cellAudioOutGetDeviceInfo' in 'cellSysutil' module (0xac0844)
LDR: ! Imported function 'cellSaveDataAutoSave2' in 'cellSysutil' module (0xac0864)
LDR: ! Imported function 'cellAudioOutGetSoundAvailability' in 'cellSysutil' module (0xac0884)
LDR: ! Imported function 'cellAudioOutGetNumberOfDevice' in 'cellSysutil' module (0xac08a4)
LDR: ! Imported function 'cellAudioOutGetConfiguration' in 'cellSysutil' module (0xac08c4)
LDR: ! Imported function 'cellSaveDataDelete2' in 'cellSysutil' module (0xac08e4)
LDR: ! Imported function 'cellAudioOutGetState' in 'cellSysutil' module (0xac0904)
LDR: ! Imported function 'cellSaveDataAutoLoad2' in 'cellSysutil' module (0xac0924)
LDR: ! Imported function 'cellSysutilGetSystemParamInt' in 'cellSysutil' module (0xac0a64)
LDR: ! Imported function 'cellGcmInitCursor' in 'cellGcmSys' module (0xabf7a4)
LDR: ! Imported function '_cellGcmInitBody' in 'cellGcmSys' module (0xabf7c4)
LDR: ! Imported function 'cellGcmSetCursorPosition' in 'cellGcmSys' module (0xabf7e4)
LDR: ! Imported function '_cellGcmSetFlipCommand' in 'cellGcmSys' module (0xabf804)
LDR: ! Imported function 'cellGcmAddressToOffset' in 'cellGcmSys' module (0xabf824)
LDR: ! Imported function 'cellGcmIoOffsetToAddress' in 'cellGcmSys' module (0xabf844)
LDR: ! Imported function '_cellGcmFunc15' in 'cellGcmSys' module (0xabf864)
LDR: ! Imported function 'cellGcmBindTile' in 'cellGcmSys' module (0xabf884)
LDR: ! Imported function 'cellGcmSetFlipMode' in 'cellGcmSys' module (0xabf8a4)
LDR: ! Imported function 'cellGcmSetDebugOutputLevel' in 'cellGcmSys' module (0xabf8c4)
LDR: ! Imported function 'cellGcmGetDefaultCommandWordSize' in 'cellGcmSys' module (0xabf8e4)
LDR: ! Imported function 'cellGcmGetLastFlipTime' in 'cellGcmSys' module (0xabf904)
LDR: ! Imported function 'cellGcmMapEaIoAddress' in 'cellGcmSys' module (0xabf924)
LDR: ! Imported function 'cellGcmSetCursorDisable' in 'cellGcmSys' module (0xabf944)
LDR: ! Imported function 'cellGcmGetFlipStatus' in 'cellGcmSys' module (0xabf964)
LDR: ! Imported function 'cellGcmGetDefaultSegmentWordSize' in 'cellGcmSys' module (0xabf984)
LDR: ! Imported function 'cellGcmGetReport' in 'cellGcmSys' module (0xabf9a4)
LDR: ! Imported function 'cellGcmSetDefaultFifoSize' in 'cellGcmSys' module (0xabf9c4)
LDR: ! Imported function 'cellGcmBindZcull' in 'cellGcmSys' module (0xabf9e4)
LDR: ! Imported function 'cellGcmMapMainMemory' in 'cellGcmSys' module (0xabfa04)
LDR: ! Imported function 'cellGcmSetFlipHandler' in 'cellGcmSys' module (0xabfa24)
LDR: ! Imported function 'cellGcmSetDisplayBuffer' in 'cellGcmSys' module (0xabfa44)
LDR: ! Imported function 'cellGcmGetControlRegister' in 'cellGcmSys' module (0xabfa64)
LDR: ! Imported function 'cellGcmGetReportDataLocation' in 'cellGcmSys' module (0xabfa84)
LDR: ! Imported function 'cellGcmUnbindZcull' in 'cellGcmSys' module (0xabfaa4)
LDR: ! Imported function 'cellGcmSetVBlankHandler' in 'cellGcmSys' module (0xabfac4)
LDR: ! Imported function 'cellGcmResetFlipStatus' in 'cellGcmSys' module (0xabfae4)
LDR: ! Imported function 'cellGcmSetTileInfo' in 'cellGcmSys' module (0xabfb04)
LDR: ! Imported function 'cellGcmUpdateCursor' in 'cellGcmSys' module (0xabfb24)
LDR: ! Imported function 'cellGcmSetCursorEnable' in 'cellGcmSys' module (0xabfb44)
LDR: ! Imported function 'cellGcmSetGraphicsHandler' in 'cellGcmSys' module (0xabfb64)
LDR: ! Imported function '_cellGcmSetFlipCommandWithWaitLabel' in 'cellGcmSys' module (0xabfb84)
LDR: ! Imported function 'cellGcmUnbindTile' in 'cellGcmSys' module (0xabfba4)
LDR: ! Imported function 'cellGcmGetConfiguration' in 'cellGcmSys' module (0xabfbc4)
LDR: ! Imported function 'cellGcmGetLabelAddress' in 'cellGcmSys' module (0xabfbe4)
LDR: ! Imported function 'cellGcmSetCursorImageOffset' in 'cellGcmSys' module (0xabfc04)
LDR: ! Imported function 'cellRescGetNumColorBuffers' in 'cellResc' module (0xabfc24)
LDR: ! Imported function 'cellRescSetWaitFlip' in 'cellResc' module (0xabfc44)
LDR: ! Imported function 'cellRescSetDsts' in 'cellResc' module (0xabfc64)
LDR: ! Imported function 'cellRescResetFlipStatus' in 'cellResc' module (0xabfc84)
LDR: ! Imported function 'cellRescAdjustAspectRatio' in 'cellResc' module (0xabfca4)
LDR: ! Imported function 'cellRescSetDisplayMode' in 'cellResc' module (0xabfcc4)
LDR: ! Imported function 'cellRescSetConvertAndFlip' in 'cellResc' module (0xabfce4)
LDR: ! Imported function 'cellRescExit' in 'cellResc' module (0xabfd04)
LDR: ! Imported function 'cellRescSetFlipHandler' in 'cellResc' module (0xabfd24)
LDR: ! Imported function 'cellRescInit' in 'cellResc' module (0xabfd44)
LDR: ! Imported function 'cellRescGetBufferSize' in 'cellResc' module (0xabfd64)
LDR: ! Imported function 'cellRescGetLastFlipTime' in 'cellResc' module (0xabfd84)
LDR: ! Imported function 'cellRescSetSrc' in 'cellResc' module (0xabfda4)
LDR: ! Imported function 'cellRescSetBufferAddress' in 'cellResc' module (0xabfdc4)
LDR: ! Imported function 'cellRescGetFlipStatus' in 'cellResc' module (0xabfde4)
LDR: ! Imported function 'cellRescSetVBlankHandler' in 'cellResc' module (0xabfe04)
LDR: ! Imported function 'cellRescCreateInterlaceTable' in 'cellResc' module (0xabfe24)
LDR: ! Imported function 'cellFsStReadInit' in 'sys_fs' module (0xabff64)
LDR: ! Imported function 'cellFsStRead' in 'sys_fs' module (0xabff84)
LDR: ! Imported function 'cellFsClose' in 'sys_fs' module (0xabffa4)
LDR: ! Imported function 'cellFsOpendir' in 'sys_fs' module (0xabffc4)
LDR: ! Imported function 'cellFsRead' in 'sys_fs' module (0xabffe4)
LDR: ! Imported function 'cellFsOpen' in 'sys_fs' module (0xac0004)
LDR: ! Imported function 'cellFsStat' in 'sys_fs' module (0xac0024)
LDR: ! Imported function 'cellFsStReadStart' in 'sys_fs' module (0xac0044)
LDR: ! Imported function 'cellFsFsync' in 'sys_fs' module (0xac0064)
LDR: ! Imported function 'cellFsGetDirectoryEntries' in 'sys_fs' module (0xac0084)
LDR: ! Imported function 'cellFsLseek' in 'sys_fs' module (0xac00a4)
LDR: ! Imported function 'cellFsSdataOpen' in 'sys_fs' module (0xac00c4)
LDR: ! Imported function 'cellFsMkdir' in 'sys_fs' module (0xac00e4)
LDR: ! Imported function 'cellFsStReadFinish' in 'sys_fs' module (0xac0104)
LDR: ! Imported function 'cellFsWrite' in 'sys_fs' module (0xac0124)
LDR: ! Imported function 'cellFsFstat' in 'sys_fs' module (0xac0144)
LDR: ! Imported function 'cellFsStReadStop' in 'sys_fs' module (0xac0164)
LDR: ! Imported function 'cellFsClosedir' in 'sys_fs' module (0xac0184)
LDR: ! Imported function 'cellSpursDetachLv2EventQueue' in 'cellSpurs' module (0xac01a4)
LDR: ! Imported function 'cellSpursRemoveWorkload' in 'cellSpurs' module (0xac01c4)
LDR: ! Imported function 'cellSpursWaitForWorkloadShutdown' in 'cellSpurs' module (0xac01e4)
LDR: ! Imported function 'cellSpursAddWorkload' in 'cellSpurs' module (0xac0204)
LDR: ! Imported function 'cellSpursWakeUp' in 'cellSpurs' module (0xac0224)
LDR: ! Imported function 'cellSpursShutdownWorkload' in 'cellSpurs' module (0xac0244)
LDR: ! Imported function '_cellSpursWorkloadFlagReceiver' in 'cellSpurs' module (0xac0264)
LDR: ! Imported function 'cellSpursInitialize' in 'cellSpurs' module (0xac0284)
LDR: ! Imported function 'cellSpursAttachLv2EventQueue' in 'cellSpurs' module (0xac02a4)
LDR: ! Imported function 'cellSpursFinalize' in 'cellSpurs' module (0xac02c4)
LDR: ! Imported function 'cellSpursReadyCountStore' in 'cellSpurs' module (0xac02e4)
LDR: ! Imported function 'cellSpursEventFlagDetachLv2EventQueue' in 'cellSpurs' module (0xac0944)
LDR: ! Imported function 'cellSpursEventFlagWait' in 'cellSpurs' module (0xac0964)
LDR: ! Imported function 'cellSpursCreateTaskset' in 'cellSpurs' module (0xac0984)
LDR: ! Imported function '_cellSpursEventFlagInitialize' in 'cellSpurs' module (0xac09a4)
LDR: ! Imported function 'cellSpursEventFlagAttachLv2EventQueue' in 'cellSpurs' module (0xac09c4)
LDR: ! Imported function 'cellSpursJoinTaskset' in 'cellSpurs' module (0xac09e4)
LDR: ! Imported function 'cellSpursShutdownTaskset' in 'cellSpurs' module (0xac0a04)
LDR: ! Imported function 'cellSpursCreateTask' in 'cellSpurs' module (0xac0a24)
LDR: ! Imported function '_cellSpursSendSignal' in 'cellSpurs' module (0xac0a44)
LDR: ! Imported function 'cellNetCtlNetStartDialogLoadAsync' in 'cellNetCtl' module (0xac0304)
LDR: ! Imported function 'cellNetCtlNetStartDialogUnloadAsync' in 'cellNetCtl' module (0xac0324)
LDR: ! Imported function 'cellNetCtlTerm' in 'cellNetCtl' module (0xac0344)
LDR: ! Imported function 'cellNetCtlGetInfo' in 'cellNetCtl' module (0xac0364)
LDR: ! Imported function 'cellNetCtlGetState' in 'cellNetCtl' module (0xac0384)
LDR: ! Imported function 'cellNetCtlInit' in 'cellNetCtl' module (0xac03a4)
LDR: ! Imported function 'cellAudioInit' in 'cellAudio' module (0xac03c4)
LDR: ! Imported function 'cellAudioPortClose' in 'cellAudio' module (0xac03e4)
LDR: ! Imported function 'cellAudioPortStop' in 'cellAudio' module (0xac0404)
LDR: ! Imported function 'cellAudioGetPortConfig' in 'cellAudio' module (0xac0424)
LDR: ! Imported function 'cellAudioPortStart' in 'cellAudio' module (0xac0444)
LDR: ! Imported function 'cellAudioQuit' in 'cellAudio' module (0xac0464)
LDR: ! Imported function 'cellAudioPortOpen' in 'cellAudio' module (0xac0484)
LDR: ! Imported function 'sceNpTrophyRegisterContext' in 'sceNpTrophy' module (0xac05e4)
LDR: ! Imported function 'sceNpTrophyCreateHandle' in 'sceNpTrophy' module (0xac0604)
LDR: ! Imported function 'sceNpTrophySetSoundLevel' in 'sceNpTrophy' module (0xac0624)
LDR: ! Imported function 'sceNpTrophyGetRequiredDiskSpace' in 'sceNpTrophy' module (0xac0644)
LDR: ! Imported function 'sceNpTrophyDestroyContext' in 'sceNpTrophy' module (0xac0664)
LDR: ! Imported function 'sceNpTrophyInit' in 'sceNpTrophy' module (0xac0684)
LDR: ! Imported function 'sceNpTrophyAbortHandle' in 'sceNpTrophy' module (0xac06a4)
LDR: ! Imported function 'sceNpTrophyDestroyHandle' in 'sceNpTrophy' module (0xac06c4)
LDR: ! Imported function 'sceNpTrophyUnlockTrophy' in 'sceNpTrophy' module (0xac06e4)
LDR: ! Imported function 'sceNpTrophyTerm' in 'sceNpTrophy' module (0xac0704)
LDR: ! Imported function 'sceNpTrophyGetTrophyUnlockState' in 'sceNpTrophy' module (0xac0724)
LDR: ! Imported function 'sceNpTrophyCreateContext' in 'sceNpTrophy' module (0xac0744)
LDR: ! Imported function 'sceNpTrophyGetTrophyInfo' in 'sceNpTrophy' module (0xac0764)
LDR: ! Imported function 'cellRtcGetCurrentTick' in 'cellRtc' module (0xac0784)
LDR: ! Imported function 'sys_lwmutex_lock' in 'sysPrxForUser' module (0xac0a84)
LDR: ! Imported function 'sys_lwmutex_unlock' in 'sysPrxForUser' module (0xac0aa4)
LDR: ! Imported function 'sys_lwcond_destroy' in 'sysPrxForUser' module (0xac0ac4)
LDR: ! Imported function 'sys_ppu_thread_create' in 'sysPrxForUser' module (0xac0ae4)
LDR: ! Imported function 'sys_lwcond_wait' in 'sysPrxForUser' module (0xac0b04)
LDR: ! Imported function '_sys_process_atexitspawn' in 'sysPrxForUser' module (0xac0b24)
LDR: ! Imported function 'sys_lwmutex_create' in 'sysPrxForUser' module (0xac0b44)
LDR: ! Imported function 'sys_ppu_thread_get_id' in 'sysPrxForUser' module (0xac0b64)
LDR: ! Imported function 'sys_prx_register_library' in 'sysPrxForUser' module (0xac0b84)
LDR: E Unimplemented function 'sys_prx_get_my_module_id' in 'sysPrxForUser' module (0xac0ba4)
LDR: ! Imported function 'sys_initialize_tls' in 'sysPrxForUser' module (0xac0bc4)
LDR: ! Imported function 'sys_time_get_system_time' in 'sysPrxForUser' module (0xac0be4)
LDR: ! Imported function 'sys_prx_get_module_info' in 'sysPrxForUser' module (0xac0c04)
LDR: ! Imported function '_sys_process_at_Exitspawn' in 'sysPrxForUser' module (0xac0c24)
LDR: ! Imported function 'sys_prx_exitspawn_with_level' in 'sysPrxForUser' module (0xac0c44)
LDR: ! Imported function 'sys_lwmutex_trylock' in 'sysPrxForUser' module (0xac0c64)
LDR: ! Imported function 'sys_ppu_thread_exit' in 'sysPrxForUser' module (0xac0c84)
LDR: ! Imported function 'sys_lwmutex_destroy' in 'sysPrxForUser' module (0xac0ca4)
LDR: ! Imported function 'sys_lwcond_create' in 'sysPrxForUser' module (0xac0cc4)
LDR: ! Imported function 'sys_spu_image_close' in 'sysPrxForUser' module (0xac0ce4)
LDR: ! Imported function 'sys_process_exit' in 'sysPrxForUser' module (0xac0d04)
LDR: ! Imported function 'sys_lwcond_signal_all' in 'sysPrxForUser' module (0xac0d24)
LDR: ! Imported function 'sys_lwcond_signal' in 'sysPrxForUser' module (0xac0d44)
HLE: ! sysPrxForUser: Thread Local Storage initialized (g_tls_start=0xec9000, user_size=0x2e4)
*** TLS segment addr: 0x00be533c
*** TLS segment size: 0x00000004
HLE: W {PPU[1] Thread (main_thread)[0x00ac0b44]} sys_lwmutex: sys_lwmutex_create(lwmutex_addr=0xe1d6d8, attr_addr=0xad6db8)
HLE: ! {PPU[1] Thread (main_thread)[0x00ac0b44]} sys_lwmutex: *** lwmutex created [_lc_mtx] (attribute=0x12): sq_id = 3
HLE: W {PPU[1] Thread (main_thread)[0x00711904]} sys_memory: sys_memory_get_user_memory_size(mem_info_addr=0xd000fc04)
HLE: W {PPU[1] Thread (main_thread)[0x00ac0b44]} sys_lwmutex: sys_lwmutex_create(lwmutex_addr=0xe1d4e0, attr_addr=0xad6db8)
HLE: ! {PPU[1] Thread (main_thread)[0x00ac0b44]} sys_lwmutex: *** lwmutex created [_lc_mtx] (attribute=0x12): sq_id = 4
HLE: W {PPU[1] Thread (main_thread)[0x00ac0b44]} sys_lwmutex: sys_lwmutex_create(lwmutex_addr=0xe1cc68, attr_addr=0xad6db8)
HLE: ! {PPU[1] Thread (main_thread)[0x00ac0b44]} sys_lwmutex: *** lwmutex created [_lc_mtx] (attribute=0x12): sq_id = 5
HLE: W {PPU[1] Thread (main_thread)[0x00ac0b44]} sys_lwmutex: sys_lwmutex_create(lwmutex_addr=0xe1cc90, attr_addr=0xad6db8)
HLE: ! {PPU[1] Thread (main_thread)[0x00ac0b44]} sys_lwmutex: *** lwmutex created [_lc_mtx] (attribute=0x12): sq_id = 6
HLE: W {PPU[1] Thread (main_thread)[0x00ac0b44]} sys_lwmutex: sys_lwmutex_create(lwmutex_addr=0xe1ccb8, attr_addr=0xad6db8)
HLE: ! {PPU[1] Thread (main_thread)[0x00ac0b44]} sys_lwmutex: *** lwmutex created [_lc_mtx] (attribute=0x12): sq_id = 7
HLE: W {PPU[1] Thread (main_thread)[0x00ac0b44]} sys_lwmutex: sys_lwmutex_create(lwmutex_addr=0xe1cba0, attr_addr=0xad6db8)
HLE: ! {PPU[1] Thread (main_thread)[0x00ac0b44]} sys_lwmutex: *** lwmutex created [_lc_mtx] (attribute=0x12): sq_id = 8
HLE: W {PPU[1] Thread (main_thread)[0x00ac0b44]} sys_lwmutex: sys_lwmutex_create(lwmutex_addr=0xe1cbc8, attr_addr=0xad6db8)
HLE: ! {PPU[1] Thread (main_thread)[0x00ac0b44]} sys_lwmutex: *** lwmutex created [_lc_mtx] (attribute=0x12): sq_id = 9
HLE: W {PPU[1] Thread (main_thread)[0x00ac0b44]} sys_lwmutex: sys_lwmutex_create(lwmutex_addr=0xe1cbf0, attr_addr=0xad6db8)
HLE: ! {PPU[1] Thread (main_thread)[0x00ac0b44]} sys_lwmutex: *** lwmutex created [_lc_mtx] (attribute=0x12): sq_id = 10
HLE: W {PPU[1] Thread (main_thread)[0x00ac0b44]} sys_lwmutex: sys_lwmutex_create(lwmutex_addr=0xe1cc18, attr_addr=0xad6db8)
HLE: ! {PPU[1] Thread (main_thread)[0x00ac0b44]} sys_lwmutex: *** lwmutex created [_lc_mtx] (attribute=0x12): sq_id = 11
HLE: W {PPU[1] Thread (main_thread)[0x00ac0b44]} sys_lwmutex: sys_lwmutex_create(lwmutex_addr=0xe1cc40, attr_addr=0xad6db8)
HLE: ! {PPU[1] Thread (main_thread)[0x00ac0b44]} sys_lwmutex: *** lwmutex created [_lc_mtx] (attribute=0x12): sq_id = 12
HLE: W {PPU[1] Thread (main_thread)[0x00ac0b44]} sys_lwmutex: sys_lwmutex_create(lwmutex_addr=0xe1f128, attr_addr=0xbecf24)
HLE: ! {PPU[1] Thread (main_thread)[0x00ac0b44]} sys_lwmutex: *** lwmutex created [_lgcmtx] (attribute=0x12): sq_id = 13
HLE: W {PPU[1] Thread (main_thread)[0x00ac0b44]} sys_lwmutex: sys_lwmutex_create(lwmutex_addr=0xe1f0e8, attr_addr=0xbecf34)
HLE: ! {PPU[1] Thread (main_thread)[0x00ac0b44]} sys_lwmutex: *** lwmutex created [_lgcmtx] (attribute=0x22): sq_id = 14
HLE: W {PPU[1] Thread (main_thread)[0x00ac0b44]} sys_lwmutex: sys_lwmutex_create(lwmutex_addr=0xe1ddb8, attr_addr=0xd000fbf0)
HLE: ! {PPU[1] Thread (main_thread)[0x00ac0b44]} sys_lwmutex: *** lwmutex created [] (attribute=0x12): sq_id = 15
HLE: W {PPU[1] Thread (main_thread)[0x00ac0b44]} sys_lwmutex: sys_lwmutex_create(lwmutex_addr=0xe1dd98, attr_addr=0xd000fbf0)
HLE: ! {PPU[1] Thread (main_thread)[0x00ac0b44]} sys_lwmutex: *** lwmutex created [] (attribute=0x12): sq_id = 16
HLE: W {PPU[1] Thread (main_thread)[0x00ac0b44]} sys_lwmutex: sys_lwmutex_create(lwmutex_addr=0x20000c10, attr_addr=0xad6db8)
HLE: ! {PPU[1] Thread (main_thread)[0x00ac0b44]} sys_lwmutex: *** lwmutex created [_lc_mtx] (attribute=0x12): sq_id = 17
HLE: W {PPU[1] Thread (main_thread)[0x00ac0b44]} sys_lwmutex: sys_lwmutex_create(lwmutex_addr=0x20000c90, attr_addr=0xad6db8)
HLE: ! {PPU[1] Thread (main_thread)[0x00ac0b44]} sys_lwmutex: *** lwmutex created [_lc_mtx] (attribute=0x12): sq_id = 18
HLE: W {PPU[1] Thread (main_thread)[0x00ac0b44]} sys_lwmutex: sys_lwmutex_create(lwmutex_addr=0x20000d20, attr_addr=0xad6db8)
HLE: ! {PPU[1] Thread (main_thread)[0x00ac0b44]} sys_lwmutex: *** lwmutex created [_lc_mtx] (attribute=0x12): sq_id = 19
HLE: W {PPU[1] Thread (main_thread)[0x00ac0b44]} sys_lwmutex: sys_lwmutex_create(lwmutex_addr=0x20000d80, attr_addr=0xad6db8)
HLE: ! {PPU[1] Thread (main_thread)[0x00ac0b44]} sys_lwmutex: *** lwmutex created [_lc_mtx] (attribute=0x12): sq_id = 20
HLE: W {PPU[1] Thread (main_thread)[0x00ac0b44]} sys_lwmutex: sys_lwmutex_create(lwmutex_addr=0x20000dc0, attr_addr=0xad6db8)
HLE: ! {PPU[1] Thread (main_thread)[0x00ac0b44]} sys_lwmutex: *** lwmutex created [_lc_mtx] (attribute=0x12): sq_id = 21
HLE: W {PPU[1] Thread (main_thread)[0x00ac0b44]} sys_lwmutex: sys_lwmutex_create(lwmutex_addr=0x20000e00, attr_addr=0xad6db8)
HLE: ! {PPU[1] Thread (main_thread)[0x00ac0b44]} sys_lwmutex: *** lwmutex created [_lc_mtx] (attribute=0x12): sq_id = 22
HLE: W {PPU[1] Thread (main_thread)[0x00ac0b44]} sys_lwmutex: sys_lwmutex_create(lwmutex_addr=0x20000ec0, attr_addr=0xad6db8)
HLE: ! {PPU[1] Thread (main_thread)[0x00ac0b44]} sys_lwmutex: *** lwmutex created [_lc_mtx] (attribute=0x12): sq_id = 23
HLE: W {PPU[1] Thread (main_thread)[0x00ac0b44]} sys_lwmutex: sys_lwmutex_create(lwmutex_addr=0x20000ef0, attr_addr=0xad6db8)
HLE: ! {PPU[1] Thread (main_thread)[0x00ac0b44]} sys_lwmutex: *** lwmutex created [_lc_mtx] (attribute=0x12): sq_id = 24
HLE: W {PPU[1] Thread (main_thread)[0x00ac0b44]} sys_lwmutex: sys_lwmutex_create(lwmutex_addr=0x20000f20, attr_addr=0xad6db8)
HLE: ! {PPU[1] Thread (main_thread)[0x00ac0b44]} sys_lwmutex: *** lwmutex created [_lc_mtx] (attribute=0x12): sq_id = 25
HLE: W {PPU[1] Thread (main_thread)[0x00ac0b44]} sys_lwmutex: sys_lwmutex_create(lwmutex_addr=0x20000f50, attr_addr=0xad6db8)
HLE: ! {PPU[1] Thread (main_thread)[0x00ac0b44]} sys_lwmutex: *** lwmutex created [_lc_mtx] (attribute=0x12): sq_id = 26
HLE: W {PPU[1] Thread (main_thread)[0x00ac0b44]} sys_lwmutex: sys_lwmutex_create(lwmutex_addr=0x20000f80, attr_addr=0xad6db8)
HLE: ! {PPU[1] Thread (main_thread)[0x00ac0b44]} sys_lwmutex: *** lwmutex created [_lc_mtx] (attribute=0x12): sq_id = 27
HLE: W {PPU[1] Thread (main_thread)[0x00ac0b44]} sys_lwmutex: sys_lwmutex_create(lwmutex_addr=0x20000fb0, attr_addr=0xad6db8)
HLE: ! {PPU[1] Thread (main_thread)[0x00ac0b44]} sys_lwmutex: *** lwmutex created [_lc_mtx] (attribute=0x12): sq_id = 28
HLE: W {PPU[1] Thread (main_thread)[0x00ac0b44]} sys_lwmutex: sys_lwmutex_create(lwmutex_addr=0xdfca48, attr_addr=0xd000fbf0)
HLE: ! {PPU[1] Thread (main_thread)[0x00ac0b44]} sys_lwmutex: *** lwmutex created [] (attribute=0x12): sq_id = 29
HLE: W {PPU[1] Thread (main_thread)[0x00ac0b44]} sys_lwmutex: sys_lwmutex_create(lwmutex_addr=0xde11d0, attr_addr=0xd000fbf0)
HLE: ! {PPU[1] Thread (main_thread)[0x00ac0b44]} sys_lwmutex: *** lwmutex created [] (attribute=0x12): sq_id = 30
HLE: W {PPU[1] Thread (main_thread)[0x00ac0b44]} sys_lwmutex: sys_lwmutex_create(lwmutex_addr=0xde0068, attr_addr=0xd000fbb0)
HLE: ! {PPU[1] Thread (main_thread)[0x00ac0b44]} sys_lwmutex: *** lwmutex created [] (attribute=0x12): sq_id = 31
HLE: W {PPU[1] Thread (main_thread)[0x00ac0b44]} sys_lwmutex: sys_lwmutex_create(lwmutex_addr=0xde0050, attr_addr=0xd000fbb0)
HLE: ! {PPU[1] Thread (main_thread)[0x00ac0b44]} sys_lwmutex: *** lwmutex created [] (attribute=0x12): sq_id = 32
HLE: W {PPU[1] Thread (main_thread)[0x00ac0b44]} sys_lwmutex: sys_lwmutex_create(lwmutex_addr=0xddf4f8, attr_addr=0xd000fac0)
HLE: ! {PPU[1] Thread (main_thread)[0x00ac0b44]} sys_lwmutex: *** lwmutex created [] (attribute=0x12): sq_id = 33
HLE: W {PPU[1] Thread (main_thread)[0x00ac0b44]} sys_lwmutex: sys_lwmutex_create(lwmutex_addr=0xddf510, attr_addr=0xd000fac0)
HLE: ! {PPU[1] Thread (main_thread)[0x00ac0b44]} sys_lwmutex: *** lwmutex created [] (attribute=0x12): sq_id = 34
HLE: W {PPU[1] Thread (main_thread)[0x00ac0b44]} sys_lwmutex: sys_lwmutex_create(lwmutex_addr=0xddf528, attr_addr=0xd000fac0)
HLE: ! {PPU[1] Thread (main_thread)[0x00ac0b44]} sys_lwmutex: *** lwmutex created [] (attribute=0x12): sq_id = 35
HLE: W {PPU[1] Thread (main_thread)[0x00ac0b44]} sys_lwmutex: sys_lwmutex_create(lwmutex_addr=0xddf540, attr_addr=0xd000fac0)
HLE: ! {PPU[1] Thread (main_thread)[0x00ac0b44]} sys_lwmutex: *** lwmutex created [] (attribute=0x12): sq_id = 36
HLE: W {PPU[1] Thread (main_thread)[0x00ac0b44]} sys_lwmutex: sys_lwmutex_create(lwmutex_addr=0xddf558, attr_addr=0xd000fac0)
HLE: ! {PPU[1] Thread (main_thread)[0x00ac0b44]} sys_lwmutex: *** lwmutex created [] (attribute=0x12): sq_id = 37
HLE: W {PPU[1] Thread (main_thread)[0x00ac0b44]} sys_lwmutex: sys_lwmutex_create(lwmutex_addr=0xddf570, attr_addr=0xd000fac0)
HLE: ! {PPU[1] Thread (main_thread)[0x00ac0b44]} sys_lwmutex: *** lwmutex created [] (attribute=0x12): sq_id = 38
HLE: W {PPU[1] Thread (main_thread)[0x00ac0b44]} sys_lwmutex: sys_lwmutex_create(lwmutex_addr=0xddf588, attr_addr=0xd000fac0)
HLE: ! {PPU[1] Thread (main_thread)[0x00ac0b44]} sys_lwmutex: *** lwmutex created [] (attribute=0x12): sq_id = 39
HLE: W {PPU[1] Thread (main_thread)[0x00abf604]} cellSysmodule: cellSysmoduleLoadModule(id=0x0000: CELL_SYSMODULE_NET)
HLE: W {PPU[1] Thread (main_thread)[0x00ac03a4]} cellNetCtl: cellNetCtlInit()
HLE: W {PPU[1] Thread (main_thread)[0x00abf604]} cellSysmodule: cellSysmoduleLoadModule(id=0x0038: CELL_SYSMODULE_SYSUTIL_NP2)
HLE: W {PPU[1] Thread (main_thread)[0x00abef04]} sceNp: sceNp2Init(mem_size=0x40000, mem_addr=0x20001084)
HLE: W {PPU[1] Thread (main_thread)[0x00ac0b44]} sys_lwmutex: sys_lwmutex_create(lwmutex_addr=0x200410c8, attr_addr=0xd000f550)
HLE: ! {PPU[1] Thread (main_thread)[0x00ac0b44]} sys_lwmutex: *** lwmutex created [] (attribute=0x12): sq_id = 40
HLE: W {PPU[1] Thread (main_thread)[0x006b0e98]} sys_semaphore: sys_semaphore_create(sem_addr=0x200410e0, attr_addr=0xd000f560, initial_count=0, max_count=1)
HLE: ! {PPU[1] Thread (main_thread)[0x006b0e98]} sys_semaphore: *** semaphore created [] (protocol=0x2): id = 41
HLE: W {PPU[1] Thread (main_thread)[0x007520bc]} sys_semaphore: sys_semaphore_create(sem_addr=0x200410e4, attr_addr=0xd000f6d8, initial_count=0, max_count=128)
HLE: ! {PPU[1] Thread (main_thread)[0x007520bc]} sys_semaphore: *** semaphore created [] (protocol=0x2): id = 42
HLE: W {PPU[1] Thread (main_thread)[0x00ac0b44]} sys_lwmutex: sys_lwmutex_create(lwmutex_addr=0x200410e8, attr_addr=0xd000f6c8)
HLE: ! {PPU[1] Thread (main_thread)[0x00ac0b44]} sys_lwmutex: *** lwmutex created [] (attribute=0x12): sq_id = 43
HLE: E {PPU[1] Thread (main_thread)[0x00abeca4]} sceNp error: sceNpBasicRegisterHandler
HLE: ! {PPU[1] Thread (main_thread)[0x00ac0ae4]} sys_ppu_thread: *** New PPU Thread [np::basic::Manager] (detached, entry=0xbc2dc8): id = 44
HLE: W {PPU[1] Thread (main_thread)[0x00ac0b44]} sys_lwmutex: sys_lwmutex_create(lwmutex_addr=0xcbe910, attr_addr=0xd000fbf0)
HLE: ! {PPU[1] Thread (main_thread)[0x00ac0b44]} sys_lwmutex: *** lwmutex created [] (attribute=0x12): sq_id = 45
HLE: W {PPU[1] Thread (main_thread)[0x00ac0b44]} sys_lwmutex: sys_lwmutex_create(lwmutex_addr=0xbfcd48, attr_addr=0xd000fbb0)
HLE: ! {PPU[1] Thread (main_thread)[0x00ac0b44]} sys_lwmutex: *** lwmutex created [] (attribute=0x12): sq_id = 46
HLE: W {PPU[1] Thread (main_thread)[0x00ac0b44]} sys_lwmutex: sys_lwmutex_create(lwmutex_addr=0xbfcd60, attr_addr=0xd000fbb0)
HLE: ! {PPU[1] Thread (main_thread)[0x00ac0b44]} sys_lwmutex: *** lwmutex created [] (attribute=0x12): sq_id = 47
HLE: W {PPU[1] Thread (main_thread)[0x00ac0b44]} sys_lwmutex: sys_lwmutex_create(lwmutex_addr=0xbfcd78, attr_addr=0xd000fbb0)
HLE: ! {PPU[1] Thread (main_thread)[0x00ac0b44]} sys_lwmutex: *** lwmutex created [] (attribute=0x12): sq_id = 48
HLE: W {PPU[1] Thread (main_thread)[0x00ac0b44]} sys_lwmutex: sys_lwmutex_create(lwmutex_addr=0xbfcd90, attr_addr=0xd000fbb0)
HLE: ! {PPU[1] Thread (main_thread)[0x00ac0b44]} sys_lwmutex: *** lwmutex created [] (attribute=0x12): sq_id = 49
HLE: W {PPU[1] Thread (main_thread)[0x00ac0b44]} sys_lwmutex: sys_lwmutex_create(lwmutex_addr=0xbfcda8, attr_addr=0xd000fbb0)
HLE: ! {PPU[1] Thread (main_thread)[0x00ac0b44]} sys_lwmutex: *** lwmutex created [] (attribute=0x12): sq_id = 50
HLE: W {PPU[1] Thread (main_thread)[0x00ac0b44]} sys_lwmutex: sys_lwmutex_create(lwmutex_addr=0xbfcf28, attr_addr=0xd000fbb0)
HLE: ! {PPU[1] Thread (main_thread)[0x00ac0b44]} sys_lwmutex: *** lwmutex created [] (attribute=0x12): sq_id = 51
HLE: W {PPU[1] Thread (main_thread)[0x00ac0b44]} sys_lwmutex: sys_lwmutex_create(lwmutex_addr=0xbfcf40, attr_addr=0xd000fbb0)
HLE: ! {PPU[1] Thread (main_thread)[0x00ac0b44]} sys_lwmutex: *** lwmutex created [] (attribute=0x12): sq_id = 52
HLE: W {PPU[1] Thread (main_thread)[0x00ac0b44]} sys_lwmutex: sys_lwmutex_create(lwmutex_addr=0xbfcf58, attr_addr=0xd000fbb0)
HLE: ! {PPU[1] Thread (main_thread)[0x00ac0b44]} sys_lwmutex: *** lwmutex created [] (attribute=0x12): sq_id = 53
HLE: W {PPU[1] Thread (main_thread)[0x00ac0b44]} sys_lwmutex: sys_lwmutex_create(lwmutex_addr=0xbfcf70, attr_addr=0xd000fbb0)
HLE: ! {PPU[1] Thread (main_thread)[0x00ac0b44]} sys_lwmutex: *** lwmutex created [] (attribute=0x12): sq_id = 54
HLE: W {PPU[1] Thread (main_thread)[0x00ac0b44]} sys_lwmutex: sys_lwmutex_create(lwmutex_addr=0xbfcf88, attr_addr=0xd000fbb0)
HLE: ! {PPU[1] Thread (main_thread)[0x00ac0b44]} sys_lwmutex: *** lwmutex created [] (attribute=0x12): sq_id = 55
HLE: W {PPU[1] Thread (main_thread)[0x00ac0b44]} sys_lwmutex: sys_lwmutex_create(lwmutex_addr=0xbfc1d0, attr_addr=0xd000fbc8)
HLE: ! {PPU[1] Thread (main_thread)[0x00ac0b44]} sys_lwmutex: *** lwmutex created [] (attribute=0x12): sq_id = 56
HLE: W {PPU[1] Thread (main_thread)[0x00abf604]} cellSysmodule: cellSysmoduleLoadModule(id=0x000e: CELL_SYSMODULE_FS)
HLE: W {PPU[1] Thread (main_thread)[0x00abf604]} cellSysmodule: cellSysmoduleLoadModule(id=0x003e: CELL_SYSMODULE_SYSUTIL_GAME)
HLE: W {PPU[1] Thread (main_thread)[0x00abf604]} cellSysmodule: cellSysmoduleLoadModule(id=0x0016: CELL_SYSMODULE_SYSUTIL_NP)
HLE: W {PPU[1] Thread (main_thread)[0x00abf604]} cellSysmodule: cellSysmoduleLoadModule(id=0x0044: CELL_SYSMODULE_SYSUTIL_NP_COMMERCE2)
HLE: W {PPU[1] Thread (main_thread)[0x00abf604]} cellSysmodule: cellSysmoduleLoadModule(id=0xf035: CELL_SYSMODULE_SYSUTIL_NP_TROPHY)
HLE: W {PPU[1] Thread (main_thread)[0x00abf604]} cellSysmodule: cellSysmoduleLoadModule(id=0x001e: CELL_SYSMODULE_L10N)
HLE: W {PPU[1] Thread (main_thread)[0x003b5e9c]} sys_spu: sys_spu_initialize(max_usable_spu=6, max_raw_spu=1)
HLE: W {PPU[1] Thread (main_thread)[0x00abf604]} cellSysmodule: cellSysmoduleLoadModule(id=0x000e: CELL_SYSMODULE_FS)
HLE: W {PPU[1] Thread (main_thread)[0x00abf604]} cellSysmodule: cellSysmoduleLoadModule(id=0x003e: CELL_SYSMODULE_SYSUTIL_GAME)
HLE: W {PPU[1] Thread (main_thread)[0x00abf604]} cellSysmodule: cellSysmoduleLoadModule(id=0x0016: CELL_SYSMODULE_SYSUTIL_NP)
HLE: W {PPU[1] Thread (main_thread)[0x00abf5c4]} cellGame: cellGameBootCheck(type_addr=0xbfb488, attributes_addr=0xbfb48c, size_addr=0xbfb490, dirName_addr=0xbfb4a0)
HLE: W {PPU[1] Thread (main_thread)[0x00abf584]} cellGame: cellGameContentPermit(contentInfoPath_addr=0xbfb8a0, usrdirPath_addr=0xbfbca0)
HLE: W {PPU[1] Thread (main_thread)[0x00ac0b44]} sys_lwmutex: sys_lwmutex_create(lwmutex_addr=0x200e41e8, attr_addr=0xd000f8f0)
HLE: ! {PPU[1] Thread (main_thread)[0x00ac0b44]} sys_lwmutex: *** lwmutex created [] (attribute=0x12): sq_id = 57
HLE: W {PPU[1] Thread (main_thread)[0x00ac0b44]} sys_lwmutex: sys_lwmutex_create(lwmutex_addr=0x200e4238, attr_addr=0xd000f830)
HLE: ! {PPU[1] Thread (main_thread)[0x00ac0b44]} sys_lwmutex: *** lwmutex created [] (attribute=0x12): sq_id = 58
HLE: W {PPU[1] Thread (main_thread)[0x006b0e98]} sys_semaphore: sys_semaphore_create(sem_addr=0x200e4250, attr_addr=0xd000f840, initial_count=0, max_count=1)
HLE: ! {PPU[1] Thread (main_thread)[0x006b0e98]} sys_semaphore: *** semaphore created [] (protocol=0x2): id = 59
HLE: W {PPU[1] Thread (main_thread)[0x006811dc]} sys_semaphore: sys_semaphore_create(sem_addr=0x200e4358, attr_addr=0xd000f9a8, initial_count=0, max_count=16)
HLE: ! {PPU[1] Thread (main_thread)[0x006811dc]} sys_semaphore: *** semaphore created [] (protocol=0x2): id = 60
HLE: ! {PPU[1] Thread (main_thread)[0x00ac0ae4]} sys_ppu_thread: *** New PPU Thread [fs-as-path] (detached, entry=0xbc2dc8): id = 61
HLE: W {PPU[1] Thread (main_thread)[0x00ac0b44]} sys_lwmutex: sys_lwmutex_create(lwmutex_addr=0x200e4668, attr_addr=0xd000f8f0)
HLE: ! {PPU[1] Thread (main_thread)[0x00ac0b44]} sys_lwmutex: *** lwmutex created [] (attribute=0x12): sq_id = 62
HLE: W {PPU[1] Thread (main_thread)[0x00ac0b44]} sys_lwmutex: sys_lwmutex_create(lwmutex_addr=0x200e46b8, attr_addr=0xd000f830)
HLE: ! {PPU[1] Thread (main_thread)[0x00ac0b44]} sys_lwmutex: *** lwmutex created [] (attribute=0x12): sq_id = 63
HLE: W {PPU[1] Thread (main_thread)[0x006b0e98]} sys_semaphore: sys_semaphore_create(sem_addr=0x200e46d0, attr_addr=0xd000f840, initial_count=0, max_count=1)
HLE: ! {PPU[1] Thread (main_thread)[0x006b0e98]} sys_semaphore: *** semaphore created [] (protocol=0x2): id = 64
HLE: W {PPU[1] Thread (main_thread)[0x006811dc]} sys_semaphore: sys_semaphore_create(sem_addr=0x200e47d8, attr_addr=0xd000f9a8, initial_count=0, max_count=16)
HLE: ! {PPU[1] Thread (main_thread)[0x006811dc]} sys_semaphore: *** semaphore created [] (protocol=0x2): id = 65
HLE: ! {PPU[1] Thread (main_thread)[0x00ac0ae4]} sys_ppu_thread: *** New PPU Thread [fs-as-path] (detached, entry=0xbc2dc8): id = 66
HLE: W {PPU[1] Thread (main_thread)[0x00abf724]} cellSysutil: cellSysutilRegisterCallback(slot=0, func_addr=0xbaaa40, userdata=0x0)
HLE: ! {PPU[1] Thread (main_thread)[0x00ac0004]} sys_fs: cellFsOpen(): '/dev_hdd0/game/NPEB00223/USRDIR/CONTENT/SAVEGAME/ICON0.PNG' opened, id -> 0x43
HLE: W {PPU[1] Thread (main_thread)[0x00ac0144]} sys_fs: cellFsFstat(fd=0x43, sb=0xd000f310)
HLE: W {PPU[1] Thread (main_thread)[0x00ac0b44]} sys_lwmutex: sys_lwmutex_create(lwmutex_addr=0x200e4800, attr_addr=0xad6db8)
HLE: ! {PPU[1] Thread (main_thread)[0x00ac0b44]} sys_lwmutex: *** lwmutex created [_lc_mtx] (attribute=0x12): sq_id = 68
HLE: ! {PPU[1] Thread (main_thread)[0x00ac0004]} sys_fs: cellFsOpen(): '/dev_hdd0/game/NPEB00223/USRDIR/CONTENT/SAVEGAME/PIC1.PNG' opened, id -> 0x45
HLE: W {PPU[1] Thread (main_thread)[0x00ac0144]} sys_fs: cellFsFstat(fd=0x45, sb=0xd000f310)
HLE: W {PPU[1] Thread (main_thread)[0x00ac0b44]} sys_lwmutex: sys_lwmutex_create(lwmutex_addr=0x20106ca0, attr_addr=0xad6db8)
HLE: ! {PPU[1] Thread (main_thread)[0x00ac0b44]} sys_lwmutex: *** lwmutex created [_lc_mtx] (attribute=0x12): sq_id = 70
HLE: W {PPU[61] Thread (fs-as-path)[0x0070c110]} sys_fs: cellFsClose(fd=0x43)
HLE: W {PPU[61] Thread (fs-as-path)[0x00ac0ca4]} sys_lwmutex: sys_lwmutex_destroy(lwmutex_addr=0x200e4800)
HLE: W {PPU[1] Thread (main_thread)[0x00ac0b44]} sys_lwmutex: sys_lwmutex_create(lwmutex_addr=0xcbe9b8, attr_addr=0xd000f764)
HLE: ! {PPU[1] Thread (main_thread)[0x00ac0b44]} sys_lwmutex: *** lwmutex created [] (attribute=0x12): sq_id = 71
HLE: W {PPU[1] Thread (main_thread)[0x00ac0b44]} sys_lwmutex: sys_lwmutex_create(lwmutex_addr=0x201e2568, attr_addr=0xd000f610)
HLE: ! {PPU[1] Thread (main_thread)[0x00ac0b44]} sys_lwmutex: *** lwmutex created [] (attribute=0x12): sq_id = 72
HLE: W {PPU[1] Thread (main_thread)[0x006b0e98]} sys_semaphore: sys_semaphore_create(sem_addr=0x201e2580, attr_addr=0xd000f620, initial_count=0, max_count=1)
HLE: ! {PPU[1] Thread (main_thread)[0x006b0e98]} sys_semaphore: *** semaphore created [] (protocol=0x2): id = 73
HLE: W {PPU[1] Thread (main_thread)[0x00ac0b44]} sys_lwmutex: sys_lwmutex_create(lwmutex_addr=0x201e2598, attr_addr=0xd000f788)
HLE: ! {PPU[1] Thread (main_thread)[0x00ac0b44]} sys_lwmutex: *** lwmutex created [] (attribute=0x12): sq_id = 74
HLE: W {PPU[1] Thread (main_thread)[0x00ac0b44]} sys_lwmutex: sys_lwmutex_create(lwmutex_addr=0x201e25b0, attr_addr=0xd000f788)
HLE: ! {PPU[1] Thread (main_thread)[0x00ac0b44]} sys_lwmutex: *** lwmutex created [] (attribute=0x12): sq_id = 75
HLE: W {PPU[1] Thread (main_thread)[0x007507ac]} sys_semaphore: sys_semaphore_create(sem_addr=0x201e25d4, attr_addr=0xd000f798, initial_count=0, max_count=4)
HLE: ! {PPU[1] Thread (main_thread)[0x007507ac]} sys_semaphore: *** semaphore created [] (protocol=0x2): id = 76
HLE: W {PPU[1] Thread (main_thread)[0x00ac0b44]} sys_lwmutex: sys_lwmutex_create(lwmutex_addr=0x201e3f10, attr_addr=0xd000f788)
HLE: ! {PPU[1] Thread (main_thread)[0x00ac0b44]} sys_lwmutex: *** lwmutex created [] (attribute=0x12): sq_id = 77
HLE: ! {PPU[1] Thread (main_thread)[0x00ac0ae4]} sys_ppu_thread: *** New PPU Thread [saveLoadThread] (detached, entry=0xbc2dc8): id = 78
HLE: E {PPU[1] Thread (main_thread)[0x00abeda4]} sceNp error: sceNpManagerGetOnlineName
HLE: W {PPU[1] Thread (main_thread)[0x00ac0284]} cellSpurs: cellSpursInitialize(spurs_addr=0xbfe380, nSpus=3, spuPriority=250, ppuPriority=1000, exitIfNoWork=0)
HLE: W {PPU[1] Thread (main_thread)[0x00ac0284]} sys_process: sys_process_is_spu_lock_line_reservation_address(addr=0xbfe380, flags=0x2)
HLE: W {PPU[1] Thread (main_thread)[0x00ac0284]} sys_semaphore: sys_semaphore_create(sem_addr=0x20200000, attr_addr=0x20201000, initial_count=0, max_count=1)
HLE: ! {PPU[1] Thread (main_thread)[0x00ac0284]} sys_semaphore: *** semaphore created [_spuWkl] (protocol=0x2): id = 79
HLE: W {PPU[1] Thread (main_thread)[0x00ac0284]} sys_semaphore: sys_semaphore_create(sem_addr=0x20200000, attr_addr=0x20201000, initial_count=0, max_count=1)
HLE: ! {PPU[1] Thread (main_thread)[0x00ac0284]} sys_semaphore: *** semaphore created [_spuWkl] (protocol=0x2): id = 80
HLE: W {PPU[1] Thread (main_thread)[0x00ac0284]} sys_semaphore: sys_semaphore_create(sem_addr=0x20200000, attr_addr=0x20201000, initial_count=0, max_count=1)
HLE: ! {PPU[1] Thread (main_thread)[0x00ac0284]} sys_semaphore: *** semaphore created [_spuWkl] (protocol=0x2): id = 81
HLE: W {PPU[1] Thread (main_thread)[0x00ac0284]} sys_semaphore: sys_semaphore_create(sem_addr=0x20200000, attr_addr=0x20201000, initial_count=0, max_count=1)
HLE: ! {PPU[1] Thread (main_thread)[0x00ac0284]} sys_semaphore: *** semaphore created [_spuWkl] (protocol=0x2): id = 82
HLE: W {PPU[1] Thread (main_thread)[0x00ac0284]} sys_semaphore: sys_semaphore_create(sem_addr=0x20200000, attr_addr=0x20201000, initial_count=0, max_count=1)
HLE: ! {PPU[1] Thread (main_thread)[0x00ac0284]} sys_semaphore: *** semaphore created [_spuWkl] (protocol=0x2): id = 83
HLE: W {PPU[1] Thread (main_thread)[0x00ac0284]} sys_semaphore: sys_semaphore_create(sem_addr=0x20200000, attr_addr=0x20201000, initial_count=0, max_count=1)
HLE: ! {PPU[1] Thread (main_thread)[0x00ac0284]} sys_semaphore: *** semaphore created [_spuWkl] (protocol=0x2): id = 84
HLE: W {PPU[1] Thread (main_thread)[0x00ac0284]} sys_semaphore: sys_semaphore_create(sem_addr=0x20200000, attr_addr=0x20201000, initial_count=0, max_count=1)
HLE: W {PPU[61] Thread (fs-as-path)[0x0070c110]} sys_fs: cellFsClose(fd=0x45)
HLE: ! {PPU[1] Thread (main_thread)[0x00ac0284]} sys_semaphore: *** semaphore created [_spuWkl] (protocol=0x2): id = 85
HLE: W {PPU[1] Thread (main_thread)[0x00ac0284]} sys_semaphore: sys_semaphore_create(sem_addr=0x20200000, attr_addr=0x20201000, initial_count=0, max_count=1)
HLE: ! {PPU[1] Thread (main_thread)[0x00ac0284]} sys_semaphore: *** semaphore created [_spuWkl] (protocol=0x2): id = 86
HLE: W {PPU[1] Thread (main_thread)[0x00ac0284]} sys_semaphore: sys_semaphore_create(sem_addr=0x20200000, attr_addr=0x20201000, initial_count=0, max_count=1)
HLE: ! {PPU[1] Thread (main_thread)[0x00ac0284]} sys_semaphore: *** semaphore created [_spuWkl] (protocol=0x2): id = 87
HLE: W {PPU[61] Thread (fs-as-path)[0x00ac0ca4]} sys_lwmutex: sys_lwmutex_destroy(lwmutex_addr=0x20106ca0)
HLE: W {PPU[1] Thread (main_thread)[0x00ac0284]} sys_semaphore: sys_semaphore_create(sem_addr=0x20200000, attr_addr=0x20201000, initial_count=0, max_count=1)
HLE: ! {PPU[1] Thread (main_thread)[0x00ac0284]} sys_semaphore: *** semaphore created [_spuWkl] (protocol=0x2): id = 88
HLE: W {PPU[1] Thread (main_thread)[0x00ac0284]} sys_semaphore: sys_semaphore_create(sem_addr=0x20200000, attr_addr=0x20201000, initial_count=0, max_count=1)
HLE: ! {PPU[1] Thread (main_thread)[0x00ac0284]} sys_semaphore: *** semaphore created [_spuWkl] (protocol=0x2): id = 89
HLE: W {PPU[1] Thread (main_thread)[0x00ac0284]} sys_semaphore: sys_semaphore_create(sem_addr=0x20200000, attr_addr=0x20201000, initial_count=0, max_count=1)
HLE: ! {PPU[1] Thread (main_thread)[0x00ac0284]} sys_semaphore: *** semaphore created [_spuWkl] (protocol=0x2): id = 90
HLE: W {PPU[1] Thread (main_thread)[0x00ac0284]} sys_semaphore: sys_semaphore_create(sem_addr=0x20200000, attr_addr=0x20201000, initial_count=0, max_count=1)
HLE: ! {PPU[1] Thread (main_thread)[0x00ac0284]} sys_semaphore: *** semaphore created [_spuWkl] (protocol=0x2): id = 91
HLE: W {PPU[1] Thread (main_thread)[0x00ac0284]} sys_semaphore: sys_semaphore_create(sem_addr=0x20200000, attr_addr=0x20201000, initial_count=0, max_count=1)
HLE: ! {PPU[1] Thread (main_thread)[0x00ac0284]} sys_semaphore: *** semaphore created [_spuWkl] (protocol=0x2): id = 92
HLE: W {PPU[1] Thread (main_thread)[0x00ac0284]} sys_semaphore: sys_semaphore_create(sem_addr=0x20200000, attr_addr=0x20201000, initial_count=0, max_count=1)
HLE: ! {PPU[1] Thread (main_thread)[0x00ac0284]} sys_semaphore: *** semaphore created [_spuWkl] (protocol=0x2): id = 93
HLE: W {PPU[1] Thread (main_thread)[0x00ac0284]} sys_semaphore: sys_semaphore_create(sem_addr=0x20200000, attr_addr=0x20201000, initial_count=0, max_count=1)
HLE: ! {PPU[1] Thread (main_thread)[0x00ac0284]} sys_semaphore: *** semaphore created [_spuWkl] (protocol=0x2): id = 94
HLE: W {PPU[1] Thread (main_thread)[0x00ac0284]} sys_semaphore: sys_semaphore_create(sem_addr=0x20200000, attr_addr=0x20201000, initial_count=0, max_count=1)
HLE: ! {PPU[1] Thread (main_thread)[0x00ac0284]} sys_semaphore: *** semaphore created [_spuPrv] (protocol=0x2): id = 95
HLE: W {PPU[1] Thread (main_thread)[0x00ac0284]} sys_spu: sys_spu_thread_group_create(id_addr=0x20206000, num=3, prio=250, attr_addr=0x20208000)
HLE: ! {PPU[1] Thread (main_thread)[0x00ac0284]} sys_spu: *** SPU Thread Group created [CellSpursKernelGroup] (num=3, prio=250, type=0x0, container=0): id=96
HLE: W {PPU[1] Thread (main_thread)[0x00ac0284]} sys_spu: sys_spu_thread_initialize(thread_addr=0x2020a000, group=0x60000000, spu_num=0, img_addr=0xbff0f0, attr_addr=0x2020b000, arg_addr=0x20209000)
HLE: W {PPU[1] Thread (main_thread)[0x00ac0284]} sys_spu: sys_spu_thread_group_destroy(id=1610612736)
HLE: W {PPU[1] Thread (main_thread)[0x00ac0284]} sysPrxForUser: sys_spu_image_close(img=0xbff0f0)
HLE: W {PPU[1] Thread (main_thread)[0x00ac0284]} sys_semaphore: sys_semaphore_destroy(sem_id=1593835520)
HLE: W {PPU[1] Thread (main_thread)[0x00ac0284]} sys_semaphore: sys_semaphore_destroy(sem_id=1325400064)
HLE: W {PPU[1] Thread (main_thread)[0x00ac0284]} sys_semaphore: sys_semaphore_destroy(sem_id=1342177280)
HLE: W {PPU[1] Thread (main_thread)[0x00ac0284]} sys_semaphore: sys_semaphore_destroy(sem_id=1358954496)
HLE: W {PPU[1] Thread (main_thread)[0x00ac0284]} sys_semaphore: sys_semaphore_destroy(sem_id=1375731712)
HLE: W {PPU[1] Thread (main_thread)[0x00ac0284]} sys_semaphore: sys_semaphore_destroy(sem_id=1392508928)
HLE: W {PPU[1] Thread (main_thread)[0x00ac0284]} sys_semaphore: sys_semaphore_destroy(sem_id=1409286144)
HLE: W {PPU[1] Thread (main_thread)[0x00ac0284]} sys_semaphore: sys_semaphore_destroy(sem_id=1426063360)
HLE: W {PPU[1] Thread (main_thread)[0x00ac0284]} sys_semaphore: sys_semaphore_destroy(sem_id=1442840576)
HLE: W {PPU[1] Thread (main_thread)[0x00ac0284]} sys_semaphore: sys_semaphore_destroy(sem_id=1459617792)
HLE: W {PPU[1] Thread (main_thread)[0x00ac0284]} sys_semaphore: sys_semaphore_destroy(sem_id=1476395008)
HLE: W {PPU[1] Thread (main_thread)[0x00ac0284]} sys_semaphore: sys_semaphore_destroy(sem_id=1493172224)
HLE: W {PPU[1] Thread (main_thread)[0x00ac0284]} sys_semaphore: sys_semaphore_destroy(sem_id=1509949440)
HLE: W {PPU[1] Thread (main_thread)[0x00ac0284]} sys_semaphore: sys_semaphore_destroy(sem_id=1526726656)
HLE: W {PPU[1] Thread (main_thread)[0x00ac0284]} sys_semaphore: sys_semaphore_destroy(sem_id=1543503872)
HLE: W {PPU[1] Thread (main_thread)[0x00ac0284]} sys_semaphore: sys_semaphore_destroy(sem_id=1560281088)
HLE: W {PPU[1] Thread (main_thread)[0x00ac0284]} sys_semaphore: sys_semaphore_destroy(sem_id=1577058304)
HLE: W {PPU[1] Thread (main_thread)[0x00abf604]} cellSysmodule: cellSysmoduleLoadModule(id=0x0014: CELL_SYSMODULE_NETCTL)
HLE: W {PPU[1] Thread (main_thread)[0x00ac03a4]} cellNetCtl: cellNetCtlInit()
HLE: W {PPU[1] Thread (main_thread)[0x00ac0b44]} sys_lwmutex: sys_lwmutex_create(lwmutex_addr=0x200e8280, attr_addr=0xd000fa38)
HLE: ! {PPU[1] Thread (main_thread)[0x00ac0b44]} sys_lwmutex: *** lwmutex created [] (attribute=0x22): sq_id = 97
HLE: W {PPU[1] Thread (main_thread)[0x00ac0cc4]} sys_lwcond: *** lwcond created [] (lwmutex_addr=0x200e8280): id = 98
HLE: W {PPU[1] Thread (main_thread)[0x00ac0b44]} sys_lwmutex: sys_lwmutex_create(lwmutex_addr=0x20106b80, attr_addr=0xd000f998)
HLE: ! {PPU[1] Thread (main_thread)[0x00ac0b44]} sys_lwmutex: *** lwmutex created [] (attribute=0x22): sq_id = 99
HLE: W {PPU[1] Thread (main_thread)[0x00ac0cc4]} sys_lwcond: *** lwcond created [] (lwmutex_addr=0x20106b80): id = 100
HLE: W {PPU[1] Thread (main_thread)[0x00ac0b44]} sys_lwmutex: sys_lwmutex_create(lwmutex_addr=0x20106c20, attr_addr=0xd000fa18)
HLE: ! {PPU[1] Thread (main_thread)[0x00ac0b44]} sys_lwmutex: *** lwmutex created [] (attribute=0x22): sq_id = 101
HLE: W {PPU[1] Thread (main_thread)[0x00ac0cc4]} sys_lwcond: *** lwcond created [] (lwmutex_addr=0x20106c20): id = 102
HLE: W {PPU[1] Thread (main_thread)[0x00ac0b44]} sys_lwmutex: sys_lwmutex_create(lwmutex_addr=0x20106c90, attr_addr=0xd000fa28)
HLE: ! {PPU[1] Thread (main_thread)[0x00ac0b44]} sys_lwmutex: *** lwmutex created [] (attribute=0x22): sq_id = 103
HLE: W {PPU[1] Thread (main_thread)[0x00ac0cc4]} sys_lwcond: *** lwcond created [] (lwmutex_addr=0x20106c90): id = 104
HLE: W {PPU[1] Thread (main_thread)[0x00ac0b44]} sys_lwmutex: sys_lwmutex_create(lwmutex_addr=0x201d2400, attr_addr=0xd000fa28)
HLE: ! {PPU[1] Thread (main_thread)[0x00ac0b44]} sys_lwmutex: *** lwmutex created [] (attribute=0x22): sq_id = 105
HLE: W {PPU[1] Thread (main_thread)[0x00ac0cc4]} sys_lwcond: *** lwcond created [] (lwmutex_addr=0x201d2400): id = 106
HLE: W {PPU[1] Thread (main_thread)[0x00ac0b44]} sys_lwmutex: sys_lwmutex_create(lwmutex_addr=0x201d2470, attr_addr=0xd000fa28)
HLE: ! {PPU[1] Thread (main_thread)[0x00ac0b44]} sys_lwmutex: *** lwmutex created [] (attribute=0x22): sq_id = 107
HLE: W {PPU[1] Thread (main_thread)[0x00ac0cc4]} sys_lwcond: *** lwcond created [] (lwmutex_addr=0x201d2470): id = 108
HLE: W {PPU[1] Thread (main_thread)[0x00ac0b44]} sys_lwmutex: sys_lwmutex_create(lwmutex_addr=0x201d24e0, attr_addr=0xd000fa28)
HLE: ! {PPU[1] Thread (main_thread)[0x00ac0b44]} sys_lwmutex: *** lwmutex created [] (attribute=0x22): sq_id = 109
HLE: W {PPU[1] Thread (main_thread)[0x00ac0cc4]} sys_lwcond: *** lwcond created [] (lwmutex_addr=0x201d24e0): id = 110
HLE: W {PPU[1] Thread (main_thread)[0x00ac0b44]} sys_lwmutex: sys_lwmutex_create(lwmutex_addr=0x201d2550, attr_addr=0xd000fa28)
HLE: ! {PPU[1] Thread (main_thread)[0x00ac0b44]} sys_lwmutex: *** lwmutex created [] (attribute=0x22): sq_id = 111
HLE: W {PPU[1] Thread (main_thread)[0x00ac0cc4]} sys_lwcond: *** lwcond created [] (lwmutex_addr=0x201d2550): id = 112
HLE: W {PPU[1] Thread (main_thread)[0x00ac0b44]} sys_lwmutex: sys_lwmutex_create(lwmutex_addr=0x201d25c0, attr_addr=0xd000fa28)
HLE: ! {PPU[1] Thread (main_thread)[0x00ac0b44]} sys_lwmutex: *** lwmutex created [] (attribute=0x22): sq_id = 113
HLE: W {PPU[1] Thread (main_thread)[0x00ac0cc4]} sys_lwcond: *** lwcond created [] (lwmutex_addr=0x201d25c0): id = 114
HLE: W {PPU[1] Thread (main_thread)[0x00ac0b44]} sys_lwmutex: sys_lwmutex_create(lwmutex_addr=0x201d2630, attr_addr=0xd000fa28)
HLE: ! {PPU[1] Thread (main_thread)[0x00ac0b44]} sys_lwmutex: *** lwmutex created [] (attribute=0x22): sq_id = 115
HLE: W {PPU[1] Thread (main_thread)[0x00ac0cc4]} sys_lwcond: *** lwcond created [] (lwmutex_addr=0x201d2630): id = 116
HLE: W {PPU[1] Thread (main_thread)[0x00ac0b44]} sys_lwmutex: sys_lwmutex_create(lwmutex_addr=0x201d26e0, attr_addr=0xd000fa48)
HLE: ! {PPU[1] Thread (main_thread)[0x00ac0b44]} sys_lwmutex: *** lwmutex created [] (attribute=0x22): sq_id = 117
HLE: W {PPU[1] Thread (main_thread)[0x00ac0cc4]} sys_lwcond: *** lwcond created [] (lwmutex_addr=0x201d26e0): id = 118
HLE: W {PPU[1] Thread (main_thread)[0x00ac0b44]} sys_lwmutex: sys_lwmutex_create(lwmutex_addr=0x201d2750, attr_addr=0xd000fa48)
HLE: ! {PPU[1] Thread (main_thread)[0x00ac0b44]} sys_lwmutex: *** lwmutex created [] (attribute=0x22): sq_id = 119
HLE: W {PPU[1] Thread (main_thread)[0x00ac0cc4]} sys_lwcond: *** lwcond created [] (lwmutex_addr=0x201d2750): id = 120
HLE: W {PPU[1] Thread (main_thread)[0x00ac0b44]} sys_lwmutex: sys_lwmutex_create(lwmutex_addr=0x201d27c0, attr_addr=0xd000fa48)
HLE: ! {PPU[1] Thread (main_thread)[0x00ac0b44]} sys_lwmutex: *** lwmutex created [] (attribute=0x22): sq_id = 121
HLE: W {PPU[1] Thread (main_thread)[0x00ac0cc4]} sys_lwcond: *** lwcond created [] (lwmutex_addr=0x201d27c0): id = 122
HLE: W {PPU[1] Thread (main_thread)[0x00ac0b44]} sys_lwmutex: sys_lwmutex_create(lwmutex_addr=0x201d2830, attr_addr=0xd000fa48)
HLE: ! {PPU[1] Thread (main_thread)[0x00ac0b44]} sys_lwmutex: *** lwmutex created [] (attribute=0x22): sq_id = 123
HLE: W {PPU[1] Thread (main_thread)[0x00ac0cc4]} sys_lwcond: *** lwcond created [] (lwmutex_addr=0x201d2830): id = 124
HLE: W {PPU[1] Thread (main_thread)[0x00ac0b44]} sys_lwmutex: sys_lwmutex_create(lwmutex_addr=0x201d28a0, attr_addr=0xd000fa48)
HLE: ! {PPU[1] Thread (main_thread)[0x00ac0b44]} sys_lwmutex: *** lwmutex created [] (attribute=0x22): sq_id = 125
HLE: W {PPU[1] Thread (main_thread)[0x00ac0cc4]} sys_lwcond: *** lwcond created [] (lwmutex_addr=0x201d28a0): id = 126
HLE: W {PPU[1] Thread (main_thread)[0x00ac0b44]} sys_lwmutex: sys_lwmutex_create(lwmutex_addr=0x201d2950, attr_addr=0xd000f998)
HLE: ! {PPU[1] Thread (main_thread)[0x00ac0b44]} sys_lwmutex: *** lwmutex created [] (attribute=0x22): sq_id = 127
HLE: W {PPU[1] Thread (main_thread)[0x00ac0cc4]} sys_lwcond: *** lwcond created [] (lwmutex_addr=0x201d2950): id = 128
HLE: W {PPU[1] Thread (main_thread)[0x00ac0b44]} sys_lwmutex: sys_lwmutex_create(lwmutex_addr=0x201d2a00, attr_addr=0xd000f998)
HLE: ! {PPU[1] Thread (main_thread)[0x00ac0b44]} sys_lwmutex: *** lwmutex created [] (attribute=0x22): sq_id = 129
HLE: W {PPU[1] Thread (main_thread)[0x00ac0cc4]} sys_lwcond: *** lwcond created [] (lwmutex_addr=0x201d2a00): id = 130
HLE: W {PPU[1] Thread (main_thread)[0x00ac0b44]} sys_lwmutex: sys_lwmutex_create(lwmutex_addr=0x201d2a70, attr_addr=0xd000fa18)
HLE: ! {PPU[1] Thread (main_thread)[0x00ac0b44]} sys_lwmutex: *** lwmutex created [] (attribute=0x22): sq_id = 131
HLE: W {PPU[1] Thread (main_thread)[0x00ac0cc4]} sys_lwcond: *** lwcond created [] (lwmutex_addr=0x201d2a70): id = 132
HLE: W {PPU[1] Thread (main_thread)[0x00ac0b44]} sys_lwmutex: sys_lwmutex_create(lwmutex_addr=0x201d3610, attr_addr=0xd000f7e8)
HLE: ! {PPU[1] Thread (main_thread)[0x00ac0b44]} sys_lwmutex: *** lwmutex created [] (attribute=0x22): sq_id = 133
HLE: W {PPU[1] Thread (main_thread)[0x00ac0cc4]} sys_lwcond: *** lwcond created [] (lwmutex_addr=0x201d3610): id = 134
HLE: W {PPU[1] Thread (main_thread)[0x00ac0b44]} sys_lwmutex: sys_lwmutex_create(lwmutex_addr=0x201d5ea0, attr_addr=0xd000f878)
HLE: ! {PPU[1] Thread (main_thread)[0x00ac0b44]} sys_lwmutex: *** lwmutex created [] (attribute=0x22): sq_id = 135
HLE: W {PPU[1] Thread (main_thread)[0x00ac0cc4]} sys_lwcond: *** lwcond created [] (lwmutex_addr=0x201d5ea0): id = 136
HLE: W {PPU[1] Thread (main_thread)[0x00ac0b44]} sys_lwmutex: sys_lwmutex_create(lwmutex_addr=0x201d5f10, attr_addr=0xd000f748)
HLE: ! {PPU[1] Thread (main_thread)[0x00ac0b44]} sys_lwmutex: *** lwmutex created [] (attribute=0x22): sq_id = 137
HLE: W {PPU[1] Thread (main_thread)[0x00ac0cc4]} sys_lwcond: *** lwcond created [] (lwmutex_addr=0x201d5f10): id = 138
HLE: E {PPU[1] Thread (main_thread)[0x00ac0364]} cellNetCtl TODO: cellNetCtlGetInfo(code=0x10, info_addr=0xd000f790)
HLE: W {PPU[1] Thread (main_thread)[0x00ac0884]} cellSysutil: cellAudioOutGetSoundAvailability(audioOut=0, type=0, fs=0x4, option=0)
HLE: W {PPU[1] Thread (main_thread)[0x00ac0884]} cellSysutil: cellAudioOutGetSoundAvailability(audioOut=0, type=1, fs=0x4, option=0)
HLE: W {PPU[1] Thread (main_thread)[0x00ac07e4]} cellSysutil: cellAudioOutConfigure(audioOut=0, config_addr=0xd000f810, option_addr=0x0, waitForEvent=1)
HLE: W {PPU[1] Thread (main_thread)[0x00ac0904]} cellSysutil: cellAudioOutGetState(audioOut=0x0, deviceIndex=0x0, state_addr=0xd000f820)
HLE: W {PPU[1] Thread (main_thread)[0x00ac03c4]} cellAudio: cellAudioInit()
HLE: W {PPU[1] Thread (main_thread)[0x00ac0484]} cellAudio: cellAudioPortOpen(audioParam=0xe83788, portNum=0xbf538c)
HLE: W {PPU[1] Thread (main_thread)[0x00ac0484]} cellAudio: *** audio port opened(nChannel=8, nBlock=8, attr=0x0, level=1.000000): port = 0
HLE: W {PPU[1] Thread (main_thread)[0x00ac0424]} cellAudio: cellAudioGetPortConfig(portNum=0x0, portConfig=0xe837a8)
HLE: W {PPU[1] Thread (main_thread)[0x00ac0b44]} sys_lwmutex: sys_lwmutex_create(lwmutex_addr=0xe84e80, attr_addr=0xd000f500)
HLE: ! {PPU[1] Thread (main_thread)[0x00ac0b44]} sys_lwmutex: *** lwmutex created [] (attribute=0x22): sq_id = 139
HLE: W {PPU[1] Thread (main_thread)[0x00ac0984]} cellSpurs: cellSpursCreateTaskset(spurs_addr=0x0, taskset_addr=0xe85280, args=0x0, priority_addr=0xd000f708, maxContention=1)
HLE: W {PPU[1] Thread (main_thread)[0x00ac0464]} cellAudio: cellAudioQuit()
HLE: W {PPU[1] Thread (main_thread)[0x00ac0b44]} sys_lwmutex: sys_lwmutex_create(lwmutex_addr=0x201d98b0, attr_addr=0xd000f6f8)
HLE: ! {PPU[1] Thread (main_thread)[0x00ac0b44]} sys_lwmutex: *** lwmutex created [] (attribute=0x22): sq_id = 140
HLE: W {PPU[1] Thread (main_thread)[0x00ac0cc4]} sys_lwcond: *** lwcond created [] (lwmutex_addr=0x201d98b0): id = 141
HLE: W {PPU[1] Thread (main_thread)[0x00ac0b44]} sys_lwmutex: sys_lwmutex_create(lwmutex_addr=0x201d98f0, attr_addr=0xd000f788)
HLE: ! {PPU[1] Thread (main_thread)[0x00ac0b44]} sys_lwmutex: *** lwmutex created [] (attribute=0x22): sq_id = 142
HLE: W {PPU[1] Thread (main_thread)[0x00ac0cc4]} sys_lwcond: *** lwcond created [] (lwmutex_addr=0x201d98f0): id = 143
HLE: E {PPU[1] Thread (main_thread)[0x00ac0364]} cellNetCtl TODO: cellNetCtlGetInfo(code=0x10, info_addr=0xd000f6a0)
HLE: W {PPU[1] Thread (main_thread)[0x00abf604]} cellSysmodule: cellSysmoduleLoadModule(id=0x0009: CELL_SYSMODULE_RTC)
HLE: W {PPU[1] Thread (main_thread)[0x00abf444]} sys_io: cellPadInit(max_connect=7)
HLE: W {PPU[1] Thread (main_thread)[0x00abf104]} sceNpCommerce2: sceNpCommerce2Init()
HLE: W {PPU[1] Thread (main_thread)[0x00abf604]} cellSysmodule: cellSysmoduleLoadModule(id=0x0010: CELL_SYSMODULE_GCM_SYS)
HLE: W {PPU[1] Thread (main_thread)[0x00abf604]} cellSysmodule: cellSysmoduleLoadModule(id=0x000e: CELL_SYSMODULE_FS)
HLE: W {PPU[1] Thread (main_thread)[0x00abf604]} cellSysmodule: cellSysmoduleLoadModule(id=0x001c: CELL_SYSMODULE_USBD)
HLE: W {PPU[1] Thread (main_thread)[0x00abf604]} cellSysmodule: cellSysmoduleLoadModule(id=0x0017: CELL_SYSMODULE_IO)
HLE: W {PPU[1] Thread (main_thread)[0x00abf724]} cellSysutil: cellSysutilRegisterCallback(slot=1, func_addr=0xba9198, userdata=0x0)
HLE: W {PPU[1] Thread (main_thread)[0x00abf604]} cellSysmodule: cellSysmoduleLoadModule(id=0x0010: CELL_SYSMODULE_GCM_SYS)
HLE: W {PPU[1] Thread (main_thread)[0x00abf604]} cellSysmodule: cellSysmoduleLoadModule(id=0x001f: CELL_SYSMODULE_RESC)
HLE: W {PPU[1] Thread (main_thread)[0x002f0b40]} sys_spu: sys_spu_initialize(max_usable_spu=1, max_raw_spu=1)
HLE: W {PPU[1] Thread (main_thread)[0x002f0eb0]} sys_spu: sys_raw_spu_create(id_addr=0xbf9f64, attr_addr=0xd000f840)
HLE: W {PPU[1] Thread (main_thread)[0x00abf7c4]} cellGcmSys: _cellGcmInitBody(context_addr=0xe1dc28, cmdSize=0x10000, ioSize=0x100000, ioAddress=0x20a00000)
HLE: W {PPU[1] Thread (main_thread)[0x00abf7c4]} cellGcmSys: *** local memory(addr=0xc0000000, size=0xf900000)
HLE: W {PPU[1] Thread (main_thread)[0x00abf7c4]} cellGcmSys: cellGcmInit(): 256MB io address space used
RSX: ! {RSXThread} RSX thread started
HLE: W {PPU[1] Thread (main_thread)[0x00abf8c4]} cellGcmSys: cellGcmSetDebugOutputLevel(level=2)
HLE: E {PPU[1] Thread (main_thread)[0x00abfb64]} cellGcmSys error: cellGcmSetGraphicsHandler
RSX: W {RSXThread} TODO: NV4097_SET_FREQUENCY_DIVIDER_OPERATION: 0
HLE: W {PPU[1] Thread (main_thread)[0x00abf924]} cellGcmSys: cellGcmMapEaIoAddress(ea=0x20d00000, io=0xe000000, size=0x100000)
HLE: W {PPU[1] Thread (main_thread)[0x00abfba4]} cellGcmSys: cellGcmUnbindTile(index=0)
HLE: W {PPU[1] Thread (main_thread)[0x00abfba4]} cellGcmSys: cellGcmUnbindTile(index=1)
HLE: W {PPU[1] Thread (main_thread)[0x00abfba4]} cellGcmSys: cellGcmUnbindTile(index=2)
HLE: W {PPU[1] Thread (main_thread)[0x00abfba4]} cellGcmSys: cellGcmUnbindTile(index=3)
HLE: W {PPU[1] Thread (main_thread)[0x00abfba4]} cellGcmSys: cellGcmUnbindTile(index=4)
HLE: W {PPU[1] Thread (main_thread)[0x00abfba4]} cellGcmSys: cellGcmUnbindTile(index=5)
HLE: W {PPU[1] Thread (main_thread)[0x00abfba4]} cellGcmSys: cellGcmUnbindTile(index=6)
HLE: W {PPU[1] Thread (main_thread)[0x00abfba4]} cellGcmSys: cellGcmUnbindTile(index=7)
HLE: W {PPU[1] Thread (main_thread)[0x00abfba4]} cellGcmSys: cellGcmUnbindTile(index=8)
HLE: W {PPU[1] Thread (main_thread)[0x00abfba4]} cellGcmSys: cellGcmUnbindTile(index=9)
HLE: W {PPU[1] Thread (main_thread)[0x00abfba4]} cellGcmSys: cellGcmUnbindTile(index=10)
HLE: W {PPU[1] Thread (main_thread)[0x00abfba4]} cellGcmSys: cellGcmUnbindTile(index=11)
HLE: W {PPU[1] Thread (main_thread)[0x00abfba4]} cellGcmSys: cellGcmUnbindTile(index=12)
HLE: W {PPU[1] Thread (main_thread)[0x00abfba4]} cellGcmSys: cellGcmUnbindTile(index=13)
HLE: W {PPU[1] Thread (main_thread)[0x00abfba4]} cellGcmSys: cellGcmUnbindTile(index=14)
RSX: W {RSXThread} TODO: NV406E_SEMAPHORE_ACQUIRE: 0x1
HLE: W {PPU[1] Thread (main_thread)[0x00abfb04]} cellGcmSys: cellGcmSetTileInfo(index=0, location=0, offset=257163264, size=3932160, pitch=5120, comp=0, base=0, bank=0)
HLE: W {PPU[1] Thread (main_thread)[0x00abf884]} cellGcmSys: cellGcmBindTile(index=0)
RSX: W {RSXThread} TODO: NV406E_SEMAPHORE_ACQUIRE: 0x3
HLE: W {PPU[1] Thread (main_thread)[0x00abfb04]} cellGcmSys: cellGcmSetTileInfo(index=0, location=0, offset=253231104, size=7864320, pitch=5120, comp=0, base=0, bank=0)
HLE: W {PPU[1] Thread (main_thread)[0x00abf884]} cellGcmSys: cellGcmBindTile(index=0)
RSX: W {RSXThread} TODO: NV406E_SEMAPHORE_ACQUIRE: 0x5
HLE: W {PPU[1] Thread (main_thread)[0x00abfb04]} cellGcmSys: cellGcmSetTileInfo(index=1, location=0, offset=249298944, size=3932160, pitch=5120, comp=10, base=1, bank=3)
HLE: E {PPU[1] Thread (main_thread)[0x00abfb04]} cellGcmSys error: cellGcmSetTileInfo: bad compression mode! (10)
HLE: W {PPU[1] Thread (main_thread)[0x00abf884]} cellGcmSys: cellGcmBindTile(index=1)
RSX: W {RSXThread} TODO: NV406E_SEMAPHORE_ACQUIRE: 0x7
HLE: W {PPU[1] Thread (main_thread)[0x00abf9e4]} cellGcmSys: cellGcmBindZcull(index=0)
HLE: W {PPU[1] Thread (main_thread)[0x0034e8b8]} sys_semaphore: sys_semaphore_create(sem_addr=0xbfa628, attr_addr=0xd000f740, initial_count=1, max_count=2)
HLE: ! {PPU[1] Thread (main_thread)[0x0034e8b8]} sys_semaphore: *** semaphore created [] (protocol=0x2): id = 145
HLE: W {PPU[1] Thread (main_thread)[0x00abfa24]} cellGcmSys: cellGcmSetFlipHandler(handler_addr=12218632)
HLE: W {PPU[1] Thread (main_thread)[0x00abfac4]} cellGcmSys: cellGcmSetVBlankHandler(handler_addr=0xba7128)
HLE: W {PPU[1] Thread (main_thread)[0x00abf644]} cellSysutil: cellVideoOutConfigure(videoOut=0, config_addr=0xd000f710, option_addr=0x0, waitForEvent=0x0)
HLE: W {PPU[1] Thread (main_thread)[0x00abf8a4]} cellGcmSys: cellGcmSetFlipMode(mode=1)
RSX: W {RSXThread} TODO: NV4097_SET_ANTI_ALIASING_CONTROL: 0xffff0000
RSX: W {RSXThread} TODO: NV4097_SET_WINDOW_OFFSET: x=0, y=0
RSX: W {RSXThread} TODO: NV4097_SET_ZCULL_CONTROL0: 0x10
RSX: W {RSXThread} TODO: NV4097_SET_SCULL_CONTROL: 0xff000007
RSX: W {RSXThread} New FBO (1280x720)
RSX: W {RSXThread} TODO: NV4097_SET_ANTI_ALIASING_CONTROL: 0xffff0000
RSX: W {RSXThread} TODO: NV4097_SET_WINDOW_OFFSET: x=0, y=0
HLE: W {PPU[1] Thread (main_thread)[0x002f061c]} sys_mutex: *** mutex created [] (protocol=0x2, recursive=false): id = 146
HLE: W {PPU[1] Thread (main_thread)[0x002f07c4]} sys_cond: *** cond created [] (mutex_id=146): id = 147
RSX: W {RSXThread} TODO: NV4097_SET_VERTEX_ATTRIB_INPUT_MASK: 0xf0d
RSX: W {RSXThread} NV3089_IMAGE_IN_SIZE: w=32, h=1, pitch=64, offset=0x4080, inX=0.000000, inY=0.000000, scaleX=1.000000, scaleY=1.000000
RSX: W {RSXThread} NV3089_IMAGE_IN_SIZE: w=16, h=1, pitch=64, offset=0x40c0, inX=0.000000, inY=0.000000, scaleX=1.000000, scaleY=1.000000
RSX: W {RSXThread} NV3089_IMAGE_IN_SIZE: w=16, h=1, pitch=64, offset=0x4180, inX=0.000000, inY=0.000000, scaleX=1.000000, scaleY=1.000000
RSX: W {RSXThread} NV3089_IMAGE_IN_SIZE: w=32, h=1, pitch=64, offset=0x4280, inX=0.000000, inY=0.000000, scaleX=1.000000, scaleY=1.000000
RSX: W {RSXThread} NV3089_IMAGE_IN_SIZE: w=16, h=1, pitch=64, offset=0x42c0, inX=0.000000, inY=0.000000, scaleX=1.000000, scaleY=1.000000
RSX: W {RSXThread} NV3089_IMAGE_IN_SIZE: w=16, h=1, pitch=64, offset=0x4380, inX=0.000000, inY=0.000000, scaleX=1.000000, scaleY=1.000000
RSX: W {RSXThread} NV3089_IMAGE_IN_SIZE: w=16, h=1, pitch=64, offset=0x4400, inX=0.000000, inY=0.000000, scaleX=1.000000, scaleY=1.000000
RSX: W {RSXThread} TODO: NV4097_SET_ANTI_ALIASING_CONTROL: 0xffff0000
RSX: W {RSXThread} TODO: NV4097_SET_WINDOW_OFFSET: x=0, y=0
RSX: W {RSXThread} TODO: NV4097_SET_ZCULL_CONTROL0: 0x10
RSX: W {RSXThread} TODO: NV4097_SET_SCULL_CONTROL: 0xff000007
HLE: W {PPU[1] Thread (main_thread)[0x00abfa84]} cellGcmSys: cellGcmGetReportDataLocation(index=4991, location=1)
HLE: W {PPU[1] Thread (main_thread)[0x00abfa84]} cellGcmSys: cellGcmGetReportDataAddressLocation(index=4991, location=1)
HLE: W {PPU[1] Thread (main_thread)[0x00abfa84]} cellGcmSys: cellGcmGetReportDataLocation(index=4992, location=1)
HLE: W {PPU[1] Thread (main_thread)[0x00abfa84]} cellGcmSys: cellGcmGetReportDataAddressLocation(index=4992, location=1)
HLE: W {PPU[1] Thread (main_thread)[0x00abfa84]} cellGcmSys: cellGcmGetReportDataLocation(index=4993, location=1)
HLE: W {PPU[1] Thread (main_thread)[0x00abfa84]} cellGcmSys: cellGcmGetReportDataAddressLocation(index=4993, location=1)
HLE: W {PPU[1] Thread (main_thread)[0x00abfa84]} cellGcmSys: cellGcmGetReportDataLocation(index=4994, location=1)
HLE: W {PPU[1] Thread (main_thread)[0x00abfa84]} cellGcmSys: cellGcmGetReportDataAddressLocation(index=4994, location=1)
HLE: ! {PPU[1] Thread (main_thread)[0x0070c198]} sys_fs: cellFsOpen(): '/dev_hdd0/game/NPEB00223/USRDIR/Data/Shaders/OverlayAlphaVP.cgelf' opened, id -> 0x94
HLE: W {PPU[1] Thread (main_thread)[0x00ac0b44]} sys_lwmutex: sys_lwmutex_create(lwmutex_addr=0x201fb4c0, attr_addr=0xad6db8)
HLE: ! {PPU[1] Thread (main_thread)[0x00ac0b44]} sys_lwmutex: *** lwmutex created [_lc_mtx] (attribute=0x12): sq_id = 149
HLE: W {PPU[1] Thread (main_thread)[0x0070c110]} sys_fs: cellFsClose(fd=0x94)
HLE: W {PPU[1] Thread (main_thread)[0x00ac0ca4]} sys_lwmutex: sys_lwmutex_destroy(lwmutex_addr=0x201fb4c0)
HLE: ! {PPU[1] Thread (main_thread)[0x0070c198]} sys_fs: cellFsOpen(): '/dev_hdd0/game/NPEB00223/USRDIR/Data/Shaders/OverlayAlphaVP.cgelf' opened, id -> 0x96
HLE: W {PPU[1] Thread (main_thread)[0x00ac0b44]} sys_lwmutex: sys_lwmutex_create(lwmutex_addr=0x201fb4c0, attr_addr=0xad6db8)
HLE: ! {PPU[1] Thread (main_thread)[0x00ac0b44]} sys_lwmutex: *** lwmutex created [_lc_mtx] (attribute=0x12): sq_id = 151
HLE: W {PPU[1] Thread (main_thread)[0x0070c110]} sys_fs: cellFsClose(fd=0x96)
HLE: W {PPU[1] Thread (main_thread)[0x00ac0ca4]} sys_lwmutex: sys_lwmutex_destroy(lwmutex_addr=0x201fb4c0)
RSX: W {RSXThread} TODO: NV4097_SET_CONTEXT_DMA_REPORT: 0xbad68000
RSX: W {RSXThread} NV4097_GET_REPORT: Unimplemented type 2
RSX: W {RSXThread} NV4097_GET_REPORT: Unimplemented type 3
RSX: W {RSXThread} NV4097_GET_REPORT: Unimplemented type 4
RSX: W {RSXThread} NV4097_GET_REPORT: Unimplemented type 5
RSX: W {RSXThread} TODO: NV4097_CLEAR_REPORT_VALUE: ZCULL_STATS
RSX: W {RSXThread} TODO: NV4097_SET_ZCULL_STATS_ENABLE: 0x1
HLE: ! {PPU[1] Thread (main_thread)[0x0070c198]} sys_fs: cellFsOpen(): '/dev_hdd0/game/NPEB00223/USRDIR/Data/Shaders/OverlayAlphaFP.cgelf' opened, id -> 0x98
HLE: W {PPU[1] Thread (main_thread)[0x00ac0b44]} sys_lwmutex: sys_lwmutex_create(lwmutex_addr=0x201fc070, attr_addr=0xad6db8)
HLE: ! {PPU[1] Thread (main_thread)[0x00ac0b44]} sys_lwmutex: *** lwmutex created [_lc_mtx] (attribute=0x12): sq_id = 153
HLE: W {PPU[1] Thread (main_thread)[0x0070c110]} sys_fs: cellFsClose(fd=0x98)
HLE: W {PPU[1] Thread (main_thread)[0x00ac0ca4]} sys_lwmutex: sys_lwmutex_destroy(lwmutex_addr=0x201fc070)
HLE: ! {PPU[1] Thread (main_thread)[0x0070c198]} sys_fs: cellFsOpen(): '/dev_hdd0/game/NPEB00223/USRDIR/Data/Shaders/OverlayAlphaFP.cgelf' opened, id -> 0x9a
HLE: W {PPU[1] Thread (main_thread)[0x00ac0b44]} sys_lwmutex: sys_lwmutex_create(lwmutex_addr=0x201fc070, attr_addr=0xad6db8)
HLE: ! {PPU[1] Thread (main_thread)[0x00ac0b44]} sys_lwmutex: *** lwmutex created [_lc_mtx] (attribute=0x12): sq_id = 155
HLE: W {PPU[1] Thread (main_thread)[0x0070c110]} sys_fs: cellFsClose(fd=0x9a)
HLE: W {PPU[1] Thread (main_thread)[0x00ac0ca4]} sys_lwmutex: sys_lwmutex_destroy(lwmutex_addr=0x201fc070)
HLE: W {PPU[1] Thread (main_thread)[0x00abf8a4]} cellGcmSys: cellGcmSetFlipMode(mode=2)
RSX: W {RSXThread} NV3089_IMAGE_IN_SIZE: w=32, h=1, pitch=64, offset=0x4500, inX=0.000000, inY=0.000000, scaleX=1.000000, scaleY=1.000000
RSX: W {RSXThread} NV3089_IMAGE_IN_SIZE: w=16, h=1, pitch=64, offset=0x4540, inX=0.000000, inY=0.000000, scaleX=1.000000, scaleY=1.000000
RSX: W {RSXThread} TODO: NV4097_SET_ANTI_ALIASING_CONTROL: 0xffff0000
RSX: W {RSXThread} TODO: NV4097_SET_WINDOW_OFFSET: x=0, y=0
RSX: W {RSXThread} TODO: NV4097_SET_ZCULL_CONTROL0: 0x10
RSX: W {RSXThread} TODO: NV4097_SET_SCULL_CONTROL: 0xff000007
HLE: W {PPU[1] Thread (main_thread)[0x00abfa84]} cellGcmSys: cellGcmGetReportDataLocation(index=4991, location=1)
HLE: W {PPU[1] Thread (main_thread)[0x00abfa84]} cellGcmSys: cellGcmGetReportDataAddressLocation(index=4991, location=1)
HLE: W {PPU[1] Thread (main_thread)[0x00abfa84]} cellGcmSys: cellGcmGetReportDataLocation(index=4992, location=1)
HLE: W {PPU[1] Thread (main_thread)[0x00abfa84]} cellGcmSys: cellGcmGetReportDataAddressLocation(index=4992, location=1)
HLE: W {PPU[1] Thread (main_thread)[0x00abfa84]} cellGcmSys: cellGcmGetReportDataLocation(index=4993, location=1)
HLE: W {PPU[1] Thread (main_thread)[0x00abfa84]} cellGcmSys: cellGcmGetReportDataAddressLocation(index=4993, location=1)
HLE: W {PPU[1] Thread (main_thread)[0x00abfa84]} cellGcmSys: cellGcmGetReportDataLocation(index=4994, location=1)
HLE: W {PPU[1] Thread (main_thread)[0x00abfa84]} cellGcmSys: cellGcmGetReportDataAddressLocation(index=4994, location=1)
HLE: E {PPU[1] Thread (main_thread)[0x00abea84]} sceNp TODO: sceNpDrmVerifyUpgradeLicense(content_id_addr=0xaf4f10)
HLE: W {PPU[1] Thread (main_thread)[0x00ac0b44]} sys_lwmutex: sys_lwmutex_create(lwmutex_addr=0x201fc7a8, attr_addr=0xd000f770)
HLE: ! {PPU[1] Thread (main_thread)[0x00ac0b44]} sys_lwmutex: *** lwmutex created [] (attribute=0x12): sq_id = 156
HLE: W {PPU[1] Thread (main_thread)[0x006b0e98]} sys_semaphore: sys_semaphore_create(sem_addr=0x201fc7c0, attr_addr=0xd000f780, initial_count=0, max_count=1)
HLE: ! {PPU[1] Thread (main_thread)[0x006b0e98]} sys_semaphore: *** semaphore created [] (protocol=0x2): id = 157
HLE: W {PPU[1] Thread (main_thread)[0x007572f8]} sys_semaphore: sys_semaphore_create(sem_addr=0x201fc7dc, attr_addr=0xd000f8f8, initial_count=0, max_count=32)
HLE: ! {PPU[1] Thread (main_thread)[0x007572f8]} sys_semaphore: *** semaphore created [] (protocol=0x2): id = 158
HLE: W {PPU[1] Thread (main_thread)[0x00ac0b44]} sys_lwmutex: sys_lwmutex_create(lwmutex_addr=0x201fc8e8, attr_addr=0xd000f8e8)
HLE: ! {PPU[1] Thread (main_thread)[0x00ac0b44]} sys_lwmutex: *** lwmutex created [] (attribute=0x12): sq_id = 159
RSX: W {RSXThread} TODO: NV4097_SET_CONTEXT_DMA_REPORT: 0xbad68000
RSX: W {RSXThread} NV4097_GET_REPORT: Unimplemented type 2
RSX: W {RSXThread} NV4097_GET_REPORT: Unimplemented type 3
RSX: W {RSXThread} NV4097_GET_REPORT: Unimplemented type 4
RSX: W {RSXThread} NV4097_GET_REPORT: Unimplemented type 5
RSX: W {RSXThread} TODO: NV4097_CLEAR_REPORT_VALUE: ZCULL_STATS
RSX: W {RSXThread} TODO: NV4097_SET_ZCULL_STATS_ENABLE: 0x1
RSX: W {RSXThread} TODO: NV4097_SET_ANTI_ALIASING_CONTROL: 0xffff0000
RSX: W {RSXThread} TODO: NV4097_SET_WINDOW_OFFSET: x=0, y=0
RSX: W {RSXThread} TODO: NV4097_SET_ZCULL_CONTROL0: 0x1
RSX: W {RSXThread} TODO: NV4097_SET_SCULL_CONTROL: 0xff000007
HLE: ! {PPU[1] Thread (main_thread)[0x00ac0ae4]} sys_ppu_thread: *** New PPU Thread [trophyThread] (detached, entry=0xbc2dc8): id = 160
HLE: W {PPU[160] Thread (trophyThread)[0x00abf604]} cellSysmodule: cellSysmoduleLoadModule(id=0xf035: CELL_SYSMODULE_SYSUTIL_NP_TROPHY)
HLE: W {PPU[160] Thread (trophyThread)[0x00ac0744]} sceNpTrophy: sceNpTrophyCreateContext(context_addr=0x201fc7cc, commID_addr=0xad4540, commSign_addr=0xad454c, options=0x0)
HLE: ! {PPU[1] Thread (main_thread)[0x00ac0ae4]} sys_ppu_thread: *** New PPU Thread [SaveLoad] (detached, entry=0xbbee00): id = 161
HLE: W {PPU[78] Thread (saveLoadThread)[0x00ac0924]} cellSysutil: cellSaveDataAutoLoad2(version=0, dirName_addr=0xbfe33f, errDialog=0, setBuf_addr=0x200e81d8, funcStat_addr=0xbcf510, funcFile_addr=0xbcf530, container=4294967295, userdata_addr=0x200e8188)
HLE: E {PPU[78] Thread (saveLoadThread)[0x00ac0924]} cellSysutil error: cellSaveDataAutoLoad2: Couldn't find save entry (NPEB00223)
HLE: E {PPU[160] Thread (trophyThread)[0x00ac0604]} sceNpTrophy TODO: sceNpTrophyCreateHandle(handle_addr=0x201fc7d0)
HLE: W {PPU[160] Thread (trophyThread)[0x00ac05e4]} sceNpTrophy: sceNpTrophyRegisterContext(context=1, handle=0, statusCb_addr=0xbcf950, arg_addr=0x201fc770, options=0x0)
HLE: W {PPU[160] Thread (trophyThread)[0x00ac05e4]} vfsLocalFile::Create('D:/Emulateurs/Rpcs3/dev_hdd0/home/00000001/trophy/NPWR01282_00/TROPCONF.SFM')
HLE: W {PPU[160] Thread (trophyThread)[0x00ac05e4]} vfsLocalFile::Create('D:/Emulateurs/Rpcs3/dev_hdd0/home/00000001/trophy/NPWR01282_00/ICON0.PNG')
HLE: W {PPU[160] Thread (trophyThread)[0x00ac05e4]} vfsLocalFile::Create('D:/Emulateurs/Rpcs3/dev_hdd0/home/00000001/trophy/NPWR01282_00/TROP000.PNG')
HLE: W {PPU[160] Thread (trophyThread)[0x00ac05e4]} vfsLocalFile::Create('D:/Emulateurs/Rpcs3/dev_hdd0/home/00000001/trophy/NPWR01282_00/TROP001.PNG')
HLE: W {PPU[160] Thread (trophyThread)[0x00ac05e4]} vfsLocalFile::Create('D:/Emulateurs/Rpcs3/dev_hdd0/home/00000001/trophy/NPWR01282_00/TROP002.PNG')
HLE: W {PPU[160] Thread (trophyThread)[0x00ac05e4]} vfsLocalFile::Create('D:/Emulateurs/Rpcs3/dev_hdd0/home/00000001/trophy/NPWR01282_00/TROP003.PNG')
HLE: W {PPU[160] Thread (trophyThread)[0x00ac05e4]} vfsLocalFile::Create('D:/Emulateurs/Rpcs3/dev_hdd0/home/00000001/trophy/NPWR01282_00/TROP004.PNG')
HLE: W {PPU[160] Thread (trophyThread)[0x00ac05e4]} vfsLocalFile::Create('D:/Emulateurs/Rpcs3/dev_hdd0/home/00000001/trophy/NPWR01282_00/TROP005.PNG')
HLE: W {PPU[160] Thread (trophyThread)[0x00ac05e4]} vfsLocalFile::Create('D:/Emulateurs/Rpcs3/dev_hdd0/home/00000001/trophy/NPWR01282_00/TROP006.PNG')
HLE: W {PPU[160] Thread (trophyThread)[0x00ac05e4]} vfsLocalFile::Create('D:/Emulateurs/Rpcs3/dev_hdd0/home/00000001/trophy/NPWR01282_00/TROP007.PNG')
HLE: W {PPU[160] Thread (trophyThread)[0x00ac05e4]} vfsLocalFile::Create('D:/Emulateurs/Rpcs3/dev_hdd0/home/00000001/trophy/NPWR01282_00/TROP008.PNG')
HLE: W {PPU[160] Thread (trophyThread)[0x00ac05e4]} vfsLocalFile::Create('D:/Emulateurs/Rpcs3/dev_hdd0/home/00000001/trophy/NPWR01282_00/TROP009.PNG')
HLE: W {PPU[160] Thread (trophyThread)[0x00ac05e4]} vfsLocalFile::Create('D:/Emulateurs/Rpcs3/dev_hdd0/home/00000001/trophy/NPWR01282_00/TROP010.PNG')
HLE: W {PPU[160] Thread (trophyThread)[0x00ac05e4]} vfsLocalFile::Create('D:/Emulateurs/Rpcs3/dev_hdd0/home/00000001/trophy/NPWR01282_00/TROP011.PNG')
HLE: W {PPU[160] Thread (trophyThread)[0x00ac05e4]} vfsLocalFile::Create('D:/Emulateurs/Rpcs3/dev_hdd0/home/00000001/trophy/NPWR01282_00/TROPUSR.DAT')
HLE: W {PPU[160] Thread (trophyThread)[0x00ac0644]} sceNpTrophy: sceNpTrophyGetRequiredDiskSpace(context=1, handle=0, reqspace_addr=0xd008fbf0, options=0x0)
