LDR: E PSFLoader::Load() failed: unknown magic (0x0)
G: ! RPCS3 v0.0.0.5-2554-gdfeedf2
G: ! 
G: ! Stopping emulator...
LDR: ! Loading 'D:/Emulateurs/Rpcs3/dev_hdd0/game/NPEB01424/USRDIR/BOOT.BIN'...
G: W fs::file::open('D:/Emulateurs/Rpcs3/dev_hdd0/game/NPEB01424/dev_bdvd.path', 0x1) failed: error 0x2
LDR: ! 
LDR: ! Mount info:
LDR: ! /dev_usb000/ -> D:/Emulateurs/Rpcs3/dev_usb000/
LDR: ! /dev_flash/ -> D:/Emulateurs/Rpcs3/dev_flash/
LDR: ! /host_root/ -> 
LDR: ! /dev_hdd0/ -> D:/Emulateurs/Rpcs3/dev_hdd0/
LDR: ! /dev_hdd1/ -> D:/Emulateurs/Rpcs3/dev_hdd1/
LDR: ! /dev_usb/ -> D:/Emulateurs/Rpcs3/dev_usb000/
LDR: ! 
LDR: ! Settings:
LDR: ! CPU: PPU Interpreter 2
LDR: ! SPU: SPU Recompiler (ASMJIT)
LDR: ! Renderer: DirectX 12
LDR: ! D3D Adapter: Default
LDR: ! Resolution: 1280x720
LDR: ! Write Depth Buffer: No
LDR: ! Write Color Buffers: No
LDR: ! Read Color Buffer: No
LDR: ! Audio Out: XAudio2
LDR: ! Log Everything: No
LDR: ! RSX Logging: No
LDR: ! 
LDR: ! Title: Lone Survivor
LDR: ! Serial: NPEB01424
LDR: ! Elf path: /dev_hdd0/game/NPEB01424/USRDIR/BOOT.BIN
LDR: ! 
LDR: ! loader::init() failed: Broken file
LDR: ! *** sdk version: 0x440001
LDR: ! *** primary prio: 1001
LDR: ! *** primary stacksize: 0x20000
LDR: ! *** malloc pagesize: 0x100000
LDR: ! *** ppc seg: 0x0
LDR: ! Imported function 'cellPadInit' in 'sys_io' module (0x1caab0)
LDR: ! Imported function 'cellPadEnd' in 'sys_io' module (0x1caad0)
LDR: ! Imported function 'cellPadSetPortSetting' in 'sys_io' module (0x1caaf0)
LDR: ! Imported function 'cellPadGetData' in 'sys_io' module (0x1cab10)
LDR: ! Imported function 'cellPadGetInfo2' in 'sys_io' module (0x1cab30)
LDR: ! Imported function 'cellPadSetActDirect' in 'sys_io' module (0x1cab50)
LDR: ! Imported function 'cellFsClose' in 'sys_fs' module (0x1cab70)
LDR: ! Imported function 'cellFsOpendir' in 'sys_fs' module (0x1cab90)
LDR: ! Imported function 'cellFsRead' in 'sys_fs' module (0x1cabb0)
LDR: ! Imported function 'cellFsOpen' in 'sys_fs' module (0x1cabd0)
LDR: ! Imported function 'cellFsStat' in 'sys_fs' module (0x1cabf0)
LDR: ! Imported function 'cellFsGetDirectoryEntries' in 'sys_fs' module (0x1cac10)
LDR: ! Imported function 'cellFsLseek' in 'sys_fs' module (0x1cac30)
LDR: ! Imported function 'cellFsWrite' in 'sys_fs' module (0x1cac50)
LDR: ! Imported function 'cellFsClosedir' in 'sys_fs' module (0x1cac70)
LDR: ! Imported function 'cellGcmGetTiledPitchSize' in 'cellGcmSys' module (0x1cac90)
LDR: ! Imported function 'cellGcmAddressToOffset' in 'cellGcmSys' module (0x1cacb0)
LDR: ! Imported function 'cellGcmBindTile' in 'cellGcmSys' module (0x1cacd0)
LDR: ! Imported function 'cellGcmSetTileInfo' in 'cellGcmSys' module (0x1cacf0)
LDR: ! Imported function 'cellGcmGetConfiguration' in 'cellGcmSys' module (0x1cad10)
LDR: ! Imported function '_cellGcmInitBody' in 'cellGcmSys' module (0x1cbc30)
LDR: ! Imported function '_cellGcmFunc15' in 'cellGcmSys' module (0x1cbc50)
LDR: ! Imported function 'cellGcmGetDefaultCommandWordSize' in 'cellGcmSys' module (0x1cbc70)
LDR: ! Imported function 'cellGcmGetDefaultSegmentWordSize' in 'cellGcmSys' module (0x1cbc90)
LDR: ! Imported function 'cellGcmSetDefaultFifoSize' in 'cellGcmSys' module (0x1cbcb0)
LDR: ! Imported function 'cellGcmGetControlRegister' in 'cellGcmSys' module (0x1cbcd0)
LDR: ! Imported function 'cellGameContentPermit' in 'cellGame' module (0x1cad30)
LDR: ! Imported function 'cellGameContentErrorDialog' in 'cellGame' module (0x1cad50)
LDR: ! Imported function 'cellGameDataCheck' in 'cellGame' module (0x1cad70)
LDR: ! Imported function 'cellGameBootCheck' in 'cellGame' module (0x1cad90)
LDR: ! Imported function 'cellSysutilUnregisterCallback' in 'cellSysutil' module (0x1cadb0)
LDR: ! Imported function 'cellSysutilCheckCallback' in 'cellSysutil' module (0x1cadd0)
LDR: ! Imported function 'cellSaveDataFixedLoad2' in 'cellSysutil' module (0x1cadf0)
LDR: ! Imported function 'cellSaveDataFixedSave2' in 'cellSysutil' module (0x1cae10)
LDR: ! Imported function 'cellOskDialogUnloadAsync' in 'cellSysutil' module (0x1cae30)
LDR: ! Imported function 'cellSysutilGetSystemParamInt' in 'cellSysutil' module (0x1cae50)
LDR: ! Imported function 'cellMsgDialogOpen2' in 'cellSysutil' module (0x1cae70)
LDR: ! Imported function 'cellOskDialogLoadAsync' in 'cellSysutil' module (0x1cae90)
LDR: ! Imported function 'cellVideoOutGetState' in 'cellSysutil' module (0x1caeb0)
LDR: ! Imported function 'cellSaveDataAutoSave2' in 'cellSysutil' module (0x1caed0)
LDR: ! Imported function 'cellSysutilRegisterCallback' in 'cellSysutil' module (0x1caef0)
LDR: ! Imported function 'cellOskDialogSetKeyLayoutOption' in 'cellSysutil' module (0x1caf10)
LDR: ! Imported function 'cellVideoOutGetResolution' in 'cellSysutil' module (0x1caf30)
LDR: ! Imported function 'cellOskDialogSetLayoutMode' in 'cellSysutil' module (0x1caf50)
LDR: ! Imported function 'cellSaveDataAutoLoad2' in 'cellSysutil' module (0x1caf70)
LDR: ! Imported function 'cellAudioOutConfigure' in 'cellSysutil' module (0x1cb350)
LDR: ! Imported function 'cellAudioOutGetDeviceInfo' in 'cellSysutil' module (0x1cb370)
LDR: ! Imported function 'cellAudioOutGetSoundAvailability' in 'cellSysutil' module (0x1cb390)
LDR: ! Imported function 'cellAudioOutGetNumberOfDevice' in 'cellSysutil' module (0x1cb3b0)
LDR: ! Imported function 'cellAudioOutGetConfiguration' in 'cellSysutil' module (0x1cb3d0)
LDR: ! Imported function 'cellAudioOutGetState' in 'cellSysutil' module (0x1cb3f0)
LDR: ! Imported function 'cellNetCtlNetStartDialogLoadAsync' in 'cellNetCtl' module (0x1caf90)
LDR: ! Imported function 'cellNetCtlNetStartDialogUnloadAsync' in 'cellNetCtl' module (0x1cafb0)
LDR: ! Imported function 'cellNetCtlTerm' in 'cellNetCtl' module (0x1cafd0)
LDR: ! Imported function 'cellNetCtlInit' in 'cellNetCtl' module (0x1caff0)
LDR: ! Imported function 'cellSysmoduleUnloadModule' in 'cellSysmodule' module (0x1cb010)
LDR: ! Imported function 'cellSysmoduleLoadModule' in 'cellSysmodule' module (0x1cb030)
LDR: ! Imported function 'cellSysmoduleInitialize' in 'cellSysmodule' module (0x1cb050)
LDR: ! Imported function 'cellSysmoduleFinalize' in 'cellSysmodule' module (0x1cb070)
LDR: ! Imported function 'cellRtcGetCurrentClockLocalTime' in 'cellRtc' module (0x1cb090)
LDR: ! Imported function 'UTF32stoUTF8s' in 'cellL10n' module (0x1cb0b0)
LDR: ! Imported function 'cellAudioInit' in 'cellAudio' module (0x1cb0d0)
LDR: ! Imported function 'cellAudioPortClose' in 'cellAudio' module (0x1cb0f0)
LDR: ! Imported function 'cellAudioPortStop' in 'cellAudio' module (0x1cb110)
LDR: ! Imported function 'cellAudioGetPortConfig' in 'cellAudio' module (0x1cb130)
LDR: ! Imported function 'cellAudioPortStart' in 'cellAudio' module (0x1cb150)
LDR: ! Imported function 'cellAudioQuit' in 'cellAudio' module (0x1cb170)
LDR: ! Imported function 'cellAudioPortOpen' in 'cellAudio' module (0x1cb190)
LDR: ! Imported function 'cellSpursEventFlagDetachLv2EventQueue' in 'cellSpurs' module (0x1cb1b0)
LDR: ! Imported function 'cellSpursInitializeWithAttribute2' in 'cellSpurs' module (0x1cb1d0)
LDR: ! Imported function 'cellSpursEventFlagWait' in 'cellSpurs' module (0x1cb1f0)
LDR: ! Imported function 'cellSpursDetachLv2EventQueue' in 'cellSpurs' module (0x1cb210)
LDR: ! Imported function 'cellSpursCreateTaskset' in 'cellSpurs' module (0x1cb230)
LDR: ! Imported function '_cellSpursEventFlagInitialize' in 'cellSpurs' module (0x1cb250)
LDR: ! Imported function 'cellSpursEventFlagAttachLv2EventQueue' in 'cellSpurs' module (0x1cb270)
LDR: ! Imported function '_cellSpursAttributeInitialize' in 'cellSpurs' module (0x1cb290)
LDR: ! Imported function 'cellSpursJoinTaskset' in 'cellSpurs' module (0x1cb2b0)
LDR: ! Imported function 'cellSpursShutdownTaskset' in 'cellSpurs' module (0x1cb2d0)
LDR: ! Imported function 'cellSpursAttachLv2EventQueue' in 'cellSpurs' module (0x1cb2f0)
LDR: ! Imported function 'cellSpursCreateTask' in 'cellSpurs' module (0x1cb310)
LDR: ! Imported function '_cellSpursSendSignal' in 'cellSpurs' module (0x1cb330)
LDR: ! Imported function 'sys_lwmutex_lock' in 'sysPrxForUser' module (0x1cb410)
LDR: ! Imported function 'sys_lwmutex_unlock' in 'sysPrxForUser' module (0x1cb430)
LDR: ! Imported function 'sys_ppu_thread_create' in 'sysPrxForUser' module (0x1cb450)
LDR: ! Imported function '_sys_process_atexitspawn' in 'sysPrxForUser' module (0x1cb470)
LDR: ! Imported function 'sys_lwmutex_create' in 'sysPrxForUser' module (0x1cb490)
LDR: ! Imported function 'sys_ppu_thread_get_id' in 'sysPrxForUser' module (0x1cb4b0)
LDR: ! Imported function 'sys_prx_register_library' in 'sysPrxForUser' module (0x1cb4d0)
LDR: ! Imported function 'sys_initialize_tls' in 'sysPrxForUser' module (0x1cb4f0)
LDR: ! Imported function 'sys_time_get_system_time' in 'sysPrxForUser' module (0x1cb510)
LDR: ! Imported function '_sys_process_at_Exitspawn' in 'sysPrxForUser' module (0x1cb530)
LDR: ! Imported function 'sys_prx_exitspawn_with_level' in 'sysPrxForUser' module (0x1cb550)
LDR: ! Imported function 'sys_ppu_thread_exit' in 'sysPrxForUser' module (0x1cb570)
LDR: ! Imported function 'sys_lwmutex_destroy' in 'sysPrxForUser' module (0x1cb590)
LDR: ! Imported function 'sys_spu_image_close' in 'sysPrxForUser' module (0x1cb5b0)
LDR: ! Imported function 'sys_process_exit' in 'sysPrxForUser' module (0x1cb5d0)
LDR: ! Imported function 'cellRescGcmSurface2RescSrc' in 'cellResc' module (0x1cb5f0)
LDR: ! Imported function 'cellRescSetWaitFlip' in 'cellResc' module (0x1cb610)
LDR: ! Imported function 'cellRescSetDsts' in 'cellResc' module (0x1cb630)
LDR: ! Imported function 'cellRescAdjustAspectRatio' in 'cellResc' module (0x1cb650)
LDR: ! Imported function 'cellRescSetDisplayMode' in 'cellResc' module (0x1cb670)
LDR: ! Imported function 'cellRescSetConvertAndFlip' in 'cellResc' module (0x1cb690)
LDR: ! Imported function 'cellRescExit' in 'cellResc' module (0x1cb6b0)
LDR: ! Imported function 'cellRescSetFlipHandler' in 'cellResc' module (0x1cb6d0)
LDR: ! Imported function 'cellRescInit' in 'cellResc' module (0x1cb6f0)
LDR: ! Imported function 'cellRescGetBufferSize' in 'cellResc' module (0x1cb710)
LDR: ! Imported function 'cellRescSetSrc' in 'cellResc' module (0x1cb730)
LDR: ! Imported function 'cellRescSetBufferAddress' in 'cellResc' module (0x1cb750)
LDR: ! Imported function 'cellRescVideoOutResolutionId2RescBufferMode' in 'cellResc' module (0x1cb770)
LDR: ! Imported function 'sceNpScoreGetRankingByNpId' in 'sceNp' module (0x1cb790)
LDR: ! Imported function 'sceNpScoreRecordScore' in 'sceNp' module (0x1cb7b0)
LDR: ! Imported function 'sceNpScoreDestroyTitleCtx' in 'sceNp' module (0x1cb7d0)
LDR: ! Imported function 'sceNpScoreInit' in 'sceNp' module (0x1cb7f0)
LDR: ! Imported function 'sceNpManagerUnregisterCallback' in 'sceNp' module (0x1cb810)
LDR: ! Imported function 'sceNpManagerGetContentRatingFlag' in 'sceNp' module (0x1cb830)
LDR: ! Imported function 'sceNpScoreCreateTransactionCtx' in 'sceNp' module (0x1cb850)
LDR: ! Imported function 'sceNpScoreTerm' in 'sceNp' module (0x1cb870)
LDR: ! Imported function 'sceNpManagerGetStatus' in 'sceNp' module (0x1cb890)
LDR: ! Imported function 'sceNpScoreCreateTitleCtx' in 'sceNp' module (0x1cb8b0)
LDR: ! Imported function 'sceNpScoreDestroyTransactionCtx' in 'sceNp' module (0x1cb8d0)
LDR: ! Imported function 'sceNpManagerRegisterCallback' in 'sceNp' module (0x1cb8f0)
LDR: ! Imported function 'sceNpScoreAbortTransaction' in 'sceNp' module (0x1cb910)
LDR: ! Imported function 'sceNpDrmIsAvailable2' in 'sceNp' module (0x1cb930)
LDR: ! Imported function 'sceNpScoreGetRankingByRange' in 'sceNp' module (0x1cb950)
LDR: ! Imported function 'sceNpManagerGetNpId' in 'sceNp' module (0x1cb970)
LDR: ! Imported function 'sceNp2Init' in 'sceNp2' module (0x1cb990)
LDR: ! Imported function 'sceNp2Term' in 'sceNp2' module (0x1cb9b0)
LDR: ! Imported function 'sceNpTusCreateTransactionCtx' in 'sceNpTus' module (0x1cb9d0)
LDR: ! Imported function 'sceNpTusTerm' in 'sceNpTus' module (0x1cb9f0)
LDR: ! Imported function 'sceNpTusDestroyTitleCtx' in 'sceNpTus' module (0x1cba10)
LDR: ! Imported function 'sceNpTusDestroyTransactionCtx' in 'sceNpTus' module (0x1cba30)
LDR: ! Imported function 'sceNpTusCreateTitleCtx' in 'sceNpTus' module (0x1cba50)
LDR: ! Imported function 'sceNpTusSetData' in 'sceNpTus' module (0x1cba70)
LDR: ! Imported function 'sceNpTusGetData' in 'sceNpTus' module (0x1cba90)
LDR: ! Imported function 'sceNpTusInit' in 'sceNpTus' module (0x1cbab0)
LDR: ! Imported function 'sceNpTrophyRegisterContext' in 'sceNpTrophy' module (0x1cbad0)
LDR: ! Imported function 'sceNpTrophyCreateHandle' in 'sceNpTrophy' module (0x1cbaf0)
LDR: ! Imported function 'sceNpTrophyGetRequiredDiskSpace' in 'sceNpTrophy' module (0x1cbb10)
LDR: ! Imported function 'sceNpTrophyDestroyContext' in 'sceNpTrophy' module (0x1cbb30)
LDR: ! Imported function 'sceNpTrophyInit' in 'sceNpTrophy' module (0x1cbb50)
LDR: ! Imported function 'sceNpTrophyAbortHandle' in 'sceNpTrophy' module (0x1cbb70)
LDR: ! Imported function 'sceNpTrophyDestroyHandle' in 'sceNpTrophy' module (0x1cbb90)
LDR: ! Imported function 'sceNpTrophyUnlockTrophy' in 'sceNpTrophy' module (0x1cbbb0)
LDR: ! Imported function 'sceNpTrophyTerm' in 'sceNpTrophy' module (0x1cbbd0)
LDR: ! Imported function 'sceNpTrophyGetTrophyUnlockState' in 'sceNpTrophy' module (0x1cbbf0)
LDR: ! Imported function 'sceNpTrophyCreateContext' in 'sceNpTrophy' module (0x1cbc10)
MEM: ! Thread Local Storage initialized (g_tls_start=0x2f6000, user_size=0x130)
*** TLS segment addr: 0x00225a68
*** TLS segment size: 0x00000004
HLE: W {PPU[0x1] Thread (main_thread)[0x001cb490]} sysPrxForUser: sys_lwmutex_create(lwmutex=*0x2b02c8, attr=*0x1f5450)
HLE: W {PPU[0x1] Thread (main_thread)[0x00139c68]} sys_memory: sys_memory_get_user_memory_size(mem_info=*0xd001fc04)
HLE: W {PPU[0x1] Thread (main_thread)[0x001cb490]} sysPrxForUser: sys_lwmutex_create(lwmutex=*0x2b00c8, attr=*0x1f5450)
HLE: W {PPU[0x1] Thread (main_thread)[0x001cb490]} sysPrxForUser: sys_lwmutex_create(lwmutex=*0x2af850, attr=*0x1f5450)
HLE: W {PPU[0x1] Thread (main_thread)[0x001cb490]} sysPrxForUser: sys_lwmutex_create(lwmutex=*0x2af878, attr=*0x1f5450)
HLE: W {PPU[0x1] Thread (main_thread)[0x001cb490]} sysPrxForUser: sys_lwmutex_create(lwmutex=*0x2af8a0, attr=*0x1f5450)
HLE: W {PPU[0x1] Thread (main_thread)[0x001cb490]} sysPrxForUser: sys_lwmutex_create(lwmutex=*0x2af788, attr=*0x1f5450)
HLE: W {PPU[0x1] Thread (main_thread)[0x001cb490]} sysPrxForUser: sys_lwmutex_create(lwmutex=*0x2af7b0, attr=*0x1f5450)
HLE: W {PPU[0x1] Thread (main_thread)[0x001cb490]} sysPrxForUser: sys_lwmutex_create(lwmutex=*0x2af7d8, attr=*0x1f5450)
HLE: W {PPU[0x1] Thread (main_thread)[0x001cb490]} sysPrxForUser: sys_lwmutex_create(lwmutex=*0x2af800, attr=*0x1f5450)
HLE: W {PPU[0x1] Thread (main_thread)[0x001cb490]} sysPrxForUser: sys_lwmutex_create(lwmutex=*0x2af828, attr=*0x1f5450)
HLE: W {PPU[0x1] Thread (main_thread)[0x001760d4]} sys_memory: sys_memory_get_user_memory_size(mem_info=*0xd001f7d0)
HLE: W {PPU[0x1] Thread (main_thread)[0x0017615c]} sys_memory: sys_memory_allocate(size=0xe200000, flags=0x400, alloc_addr=*0xd001f7d8)
HLE: W {PPU[0x1] Thread (main_thread)[0x00138c0c]} sys_memory: sys_memory_allocate(size=0x100000, flags=0x400, alloc_addr=*0xd001f520)
HLE: W {PPU[0x1] Thread (main_thread)[0x0011e3ec]} sys_mutex: sys_mutex_create(mutex_id=*0xd001f680, attr=*0xd001f688)
HLE: W {PPU[0x1] Thread (main_thread)[0x001cb490]} sysPrxForUser: sys_lwmutex_create(lwmutex=*0x20000290, attr=*0x1f5450)
HLE: W {PPU[0x1] Thread (main_thread)[0x001cb490]} sysPrxForUser: sys_lwmutex_create(lwmutex=*0x20000350, attr=*0x1f5450)
HLE: W {PPU[0x1] Thread (main_thread)[0x001cb490]} sysPrxForUser: sys_lwmutex_create(lwmutex=*0x200004d0, attr=*0x1f5450)
HLE: W {PPU[0x1] Thread (main_thread)[0x001cb490]} sysPrxForUser: sys_lwmutex_create(lwmutex=*0x200005d0, attr=*0x1f5450)
HLE: W {PPU[0x1] Thread (main_thread)[0x001cb490]} sysPrxForUser: sys_lwmutex_create(lwmutex=*0x20000650, attr=*0x1f5450)
HLE: W {PPU[0x1] Thread (main_thread)[0x001cb490]} sysPrxForUser: sys_lwmutex_create(lwmutex=*0x200006d0, attr=*0x1f5450)
HLE: W {PPU[0x1] Thread (main_thread)[0x001cb490]} sysPrxForUser: sys_lwmutex_create(lwmutex=*0x200008d0, attr=*0x1f5450)
HLE: W {PPU[0x1] Thread (main_thread)[0x001cb490]} sysPrxForUser: sys_lwmutex_create(lwmutex=*0x20000910, attr=*0x1f5450)
HLE: W {PPU[0x1] Thread (main_thread)[0x001cb490]} sysPrxForUser: sys_lwmutex_create(lwmutex=*0x20000950, attr=*0x1f5450)
HLE: W {PPU[0x1] Thread (main_thread)[0x001cb490]} sysPrxForUser: sys_lwmutex_create(lwmutex=*0x20000990, attr=*0x1f5450)
HLE: W {PPU[0x1] Thread (main_thread)[0x001cb490]} sysPrxForUser: sys_lwmutex_create(lwmutex=*0x200009d0, attr=*0x1f5450)
HLE: W {PPU[0x1] Thread (main_thread)[0x001cb490]} sysPrxForUser: sys_lwmutex_create(lwmutex=*0x20000a10, attr=*0x1f5450)
HLE: W {PPU[0x1] Thread (main_thread)[0x001cb490]} sysPrxForUser: sys_lwmutex_create(lwmutex=*0x228e70, attr=*0xd001fbb0)
HLE: W {PPU[0x1] Thread (main_thread)[0x001cb490]} sysPrxForUser: sys_lwmutex_create(lwmutex=*0x229220, attr=*0xd001fbb0)
HLE: W {PPU[0x1] Thread (main_thread)[0x001cb490]} sysPrxForUser: sys_lwmutex_create(lwmutex=*0x2291f8, attr=*0xd001fbd0)
HLE: W {PPU[0x1] Thread (main_thread)[0x001cb050]} cellSysmodule: cellSysmoduleInitialize()
HLE: W {PPU[0x1] Thread (main_thread)[0x001caef0]} cellSysutil: cellSysutilRegisterCallback(slot=0, func=*0x223628, userdata=*0x0)
HLE: W {PPU[0x1] Thread (main_thread)[0x001cb030]} cellSysmodule: cellSysmoduleLoadModule(id=0x000e: CELL_SYSMODULE_FS)
HLE: W {PPU[0x1] Thread (main_thread)[0x001cb030]} cellSysmodule: cellSysmoduleLoadModule(id=0x003e: CELL_SYSMODULE_SYSUTIL_GAME)
HLE: W {PPU[0x1] Thread (main_thread)[0x001cad90]} cellGame: cellGameBootCheck(type=*0x271770, attributes=*0x271774, size=*0xd001fc54, dirName=*0x270b70)
HLE: W {PPU[0x1] Thread (main_thread)[0x001cad70]} cellGame: cellGameDataCheck(type=2, dirName=*0x270b70, size=*0xd001fc54)
HLE: W {PPU[0x1] Thread (main_thread)[0x001cad30]} cellGame: cellGameContentPermit(contentInfoPath=*0x270f70, usrdirPath=*0x271370)
HLE: W {PPU[0x1] Thread (main_thread)[0x001cbc30]} cellGcmSys: _cellGcmInitBody(context=**0x2b0818, cmdSize=0x80000, ioSize=0x100000, ioAddress=0x20100000)
HLE: W {PPU[0x1] Thread (main_thread)[0x001cbc30]} cellGcmSys: *** local memory(addr=0xc0000000, size=0xf900000)
HLE: W {PPU[0x1] Thread (main_thread)[0x001cbc30]} cellGcmSys: cellGcmInit(): 256MB io address space used
RSX: ! {RSXThread} RSX thread started
HLE: W {PPU[0x1] Thread (main_thread)[0x001cb030]} cellSysmodule: cellSysmoduleLoadModule(id=0x001f: CELL_SYSMODULE_RESC)
HLE: W {PPU[0x1] Thread (main_thread)[0x001cb6f0]} cellResc: cellRescInit(initConfig=*0xd001fb04)
HLE: W {PPU[0x1] Thread (main_thread)[0x001cb670]} cellResc: cellRescSetDisplayMode(displayMode=4)
HLE: W {PPU[0x1] Thread (main_thread)[0x001cb670]} cellSysutil: cellVideoOutConfigure(videoOut=0, config=*0xd001fa80, option=*0x0, waitForEvent=0)
HLE: W {PPU[0x1] Thread (main_thread)[0x001cb670]} cellGcmSys: cellGcmSetFlipMode(mode=2)
HLE: W {PPU[0x1] Thread (main_thread)[0x001cb710]} cellResc: cellRescGetBufferSize(colorBuffers=*0xd001fb64, vertexArray=*0xd001fb68, fragmentShader=*0xd001fb6c)
HLE: W {PPU[0x1] Thread (main_thread)[0x001cb750]} cellResc: cellRescSetBufferAddress(colorBuffers=*0xc0720000, vertexArray=*0xc1830000, fragmentShader=*0xc0384280)
HLE: W {PPU[0x1] Thread (main_thread)[0x001cacf0]} cellGcmSys: cellGcmSetTileInfo(index=14, location=0, offset=7471104, size=17891328, pitch=5120, comp=7, base=114, bank=0)
HLE: E {PPU[0x1] Thread (main_thread)[0x001cacf0]} cellGcmSys: cellGcmSetTileInfo: bad compression mode! (7)
HLE: W {PPU[0x1] Thread (main_thread)[0x001cacd0]} cellGcmSys: cellGcmBindTile(index=14)
HLE: W {PPU[0x1] Thread (main_thread)[0x001cb6d0]} cellResc: cellRescSetFlipHandler(handler=*0x2235a0)
HLE: W {PPU[0x1] Thread (main_thread)[0x00176288]} sys_spu: sys_spu_initialize(max_usable_spu=6, max_raw_spu=0)
HLE: W {PPU[0x1] Thread (main_thread)[0x001cb030]} cellSysmodule: cellSysmoduleLoadModule(id=0x0009: CELL_SYSMODULE_RTC)
HLE: W {PPU[0x1] Thread (main_thread)[0x0011e3ec]} sys_mutex: sys_mutex_create(mutex_id=*0xd001fb10, attr=*0xd001fb18)
HLE: W {PPU[0x1] Thread (main_thread)[0x001cb030]} cellSysmodule: cellSysmoduleLoadModule(id=0x0016: CELL_SYSMODULE_SYSUTIL_NP)
HLE: W {PPU[0x1] Thread (main_thread)[0x001cb030]} cellSysmodule: cellSysmoduleLoadModule(id=0x0038: CELL_SYSMODULE_SYSUTIL_NP2)
HLE: W {PPU[0x1] Thread (main_thread)[0x001cb030]} cellSysmodule: cellSysmoduleLoadModule(id=0x0014: CELL_SYSMODULE_NETCTL)
HLE: W {PPU[0x1] Thread (main_thread)[0x001caff0]} cellNetCtl: cellNetCtlInit()
HLE: W {PPU[0x1] Thread (main_thread)[0x001cb030]} cellSysmodule: cellSysmoduleLoadModule(id=0x001e: CELL_SYSMODULE_L10N)
HLE: W {PPU[0x1] Thread (main_thread)[0x001cb990]} sceNp2: sceNp2Init(poolsize=0x20000, poolptr=*0x271a04)
HLE: E {PPU[0x1] Thread (main_thread)[0x001cb8f0]} sceNp: sceNpManagerRegisterCallback
HLE: W {PPU[0x1] Thread (main_thread)[0x001cb030]} cellSysmodule: cellSysmoduleLoadModule(id=0xf035: CELL_SYSMODULE_SYSUTIL_NP_TROPHY)
HLE: W {PPU[0x1] Thread (main_thread)[0x001cbb50]} sceNpTrophy: sceNpTrophyInit(pool=*0x0, poolSize=0x0, containerId=0xffffffff, options=0x0)
HLE: W {PPU[0x1] Thread (main_thread)[0x001cbc10]} sceNpTrophy: sceNpTrophyCreateContext(context=*0x291a34, commId=*0x1d2bb8, commSign=*0x1d2c44, options=0x0)
HLE: W {PPU[0x1] Thread (main_thread)[0x001cbaf0]} sceNpTrophy: sceNpTrophyCreateHandle(handle=*0xd001fb28)
HLE: W {PPU[0x1] Thread (main_thread)[0x001cb490]} sysPrxForUser: sys_lwmutex_create(lwmutex=*0x2e200090, attr=*0xd001f790)
HLE: W {PPU[0x1] Thread (main_thread)[0x001cb450]} sysPrxForUser: sys_ppu_thread_create(thread_id=*0x2e200030, entry=0x223ee8, arg=0x2e20003000000000, prio=0, stacksize=0x1000, flags=0x1, threadname=*0xd001f7a0)
HLE: W {PPU[0x1] Thread (main_thread)[0x001cb450]} sys_ppu_thread: _sys_ppu_thread_create(thread_id=*0x2e200030, param=*0xd001f708, arg=0x2e20003000000000, unk=0x0, prio=0, stacksize=0x1000, flags=0x1, threadname=*0xd001f7a0)
HLE: W {PPU[0x1] Thread (main_thread)[0x001cb450]} sys_ppu_thread: sys_ppu_thread_start(thread_id=0x21)
HLE: W {PPU[0x1] Thread (main_thread)[0x001cb610]} cellResc: cellRescSetWaitFlip()
HLE: E {PPU[0x21] Thread (2e200030)[0x001cbb10]} sceNpTrophy TODO: sceNpTrophyGetRequiredDiskSpace(context=0x1e, handle=0x1f, reqspace=*0x291a38, options=0x0)
HLE: E {PPU[0x21] Thread (2e200030)[0x001cbad0]} sceNpTrophy: sceNpTrophyRegisterContext(context=0x1e, handle=0x1f, statusCb=*0x2235f0, arg=*0x0, options=0x1)
RSX: W {RSXThread} TODO: NV4097_SET_WINDOW_OFFSET: x=0, y=0
HLE: W {PPU[0x1] Thread (main_thread)[0x001cb610]} cellResc: cellRescSetWaitFlip()
RSX: W {RSXThread} TODO: NV4097_SET_WINDOW_OFFSET: x=0, y=0
HLE: W {PPU[0x1] Thread (main_thread)[0x001cb610]} cellResc: cellRescSetWaitFlip()
RSX: W {RSXThread} TODO: NV4097_SET_WINDOW_OFFSET: x=0, y=0
HLE: W {PPU[0x1] Thread (main_thread)[0x001cb610]} cellResc: cellRescSetWaitFlip()
RSX: W {RSXThread} TODO: NV4097_SET_WINDOW_OFFSET: x=0, y=0
HLE: W {PPU[0x1] Thread (main_thread)[0x001cb610]} cellResc: cellRescSetWaitFlip()
RSX: W {RSXThread} TODO: NV4097_SET_WINDOW_OFFSET: x=0, y=0
HLE: W {PPU[0x1] Thread (main_thread)[0x001cb610]} cellResc: cellRescSetWaitFlip()
RSX: W {RSXThread} TODO: NV4097_SET_WINDOW_OFFSET: x=0, y=0
HLE: W {PPU[0x1] Thread (main_thread)[0x001cb610]} cellResc: cellRescSetWaitFlip()
RSX: W {RSXThread} TODO: NV4097_SET_WINDOW_OFFSET: x=0, y=0
HLE: W {PPU[0x1] Thread (main_thread)[0x001cb610]} cellResc: cellRescSetWaitFlip()
RSX: W {RSXThread} TODO: NV4097_SET_WINDOW_OFFSET: x=0, y=0
HLE: W {PPU[0x1] Thread (main_thread)[0x001cb610]} cellResc: cellRescSetWaitFlip()
RSX: W {RSXThread} TODO: NV4097_SET_WINDOW_OFFSET: x=0, y=0
HLE: W {PPU[0x1] Thread (main_thread)[0x001cb610]} cellResc: cellRescSetWaitFlip()
RSX: W {RSXThread} TODO: NV4097_SET_WINDOW_OFFSET: x=0, y=0
G: ! {PPU[0x21] Thread (2e200030)[0x0011f46c]} Registers:
=========
GPR[0] = 0x11ed68
GPR[1] = 0xd0033c30
GPR[2] = 0x22ca48
GPR[3] = 0x0
GPR[4] = 0x0
GPR[5] = 0x64
GPR[6] = 0x64
GPR[7] = 0x0
GPR[8] = 0x229218
GPR[9] = 0x21
GPR[10] = 0x2e200030
GPR[11] = 0xd0030000
GPR[12] = 0x0
GPR[13] = 0x2fd2f0
GPR[14] = 0x0
GPR[15] = 0x0
GPR[16] = 0x0
GPR[17] = 0x0
GPR[18] = 0x0
GPR[19] = 0x0
GPR[20] = 0x0
GPR[21] = 0x0
GPR[22] = 0x0
GPR[23] = 0x0
GPR[24] = 0x0
GPR[25] = 0x0
GPR[26] = 0x0
GPR[27] = 0x0
GPR[28] = 0x0
GPR[29] = 0x2e200090
GPR[30] = 0x0
GPR[31] = 0x0
FPR[0] = 0
FPR[1] = 0
FPR[2] = 0
FPR[3] = 0
FPR[4] = 0
FPR[5] = 0
FPR[6] = 0
FPR[7] = 0
FPR[8] = 0
FPR[9] = 0
FPR[10] = 0
FPR[11] = 0
FPR[12] = 0
FPR[13] = 0
FPR[14] = 0
FPR[15] = 0
FPR[16] = 0
FPR[17] = 0
FPR[18] = 0
FPR[19] = 0
FPR[20] = 0
FPR[21] = 0
FPR[22] = 0
FPR[23] = 0
FPR[24] = 0
FPR[25] = 0
FPR[26] = 0
FPR[27] = 0
FPR[28] = 0
FPR[29] = 0
FPR[30] = 0
FPR[31] = 0
VPR[0] = 0x00000000000000000000000000000000 [x: 0 y: 0 z: 0 w: 0]
VPR[1] = 0x00000000000000000000000000000000 [x: 0 y: 0 z: 0 w: 0]
VPR[2] = 0x00000000000000000000000000000000 [x: 0 y: 0 z: 0 w: 0]
VPR[3] = 0x00000000000000000000000000000000 [x: 0 y: 0 z: 0 w: 0]
VPR[4] = 0x00000000000000000000000000000000 [x: 0 y: 0 z: 0 w: 0]
VPR[5] = 0x00000000000000000000000000000000 [x: 0 y: 0 z: 0 w: 0]
VPR[6] = 0x00000000000000000000000000000000 [x: 0 y: 0 z: 0 w: 0]
VPR[7] = 0x00000000000000000000000000000000 [x: 0 y: 0 z: 0 w: 0]
VPR[8] = 0x00000000000000000000000000000000 [x: 0 y: 0 z: 0 w: 0]
VPR[9] = 0x00000000000000000000000000000000 [x: 0 y: 0 z: 0 w: 0]
VPR[10] = 0x00000000000000000000000000000000 [x: 0 y: 0 z: 0 w: 0]
VPR[11] = 0x00000000000000000000000000000000 [x: 0 y: 0 z: 0 w: 0]
VPR[12] = 0x00000000000000000000000000000000 [x: 0 y: 0 z: 0 w: 0]
VPR[13] = 0x00000000000000000000000000000000 [x: 0 y: 0 z: 0 w: 0]
VPR[14] = 0x00000000000000000000000000000000 [x: 0 y: 0 z: 0 w: 0]
VPR[15] = 0x00000000000000000000000000000000 [x: 0 y: 0 z: 0 w: 0]
VPR[16] = 0x00000000000000000000000000000000 [x: 0 y: 0 z: 0 w: 0]
VPR[17] = 0x00000000000000000000000000000000 [x: 0 y: 0 z: 0 w: 0]
VPR[18] = 0x80001300669d9bc60000000000000000 [x: -6.81592e-42 y: 3.72143e+23 z: 0 w: 0]
VPR[19] = 0x00000000000000000000000000000000 [x: 0 y: 0 z: 0 w: 0]
VPR[20] = 0x00000000000000000000000000000000 [x: 0 y: 0 z: 0 w: 0]
VPR[21] = 0x00000000000000000000000000000000 [x: 0 y: 0 z: 0 w: 0]
VPR[22] = 0x00000000000000000000000000000000 [x: 0 y: 0 z: 0 w: 0]
VPR[23] = 0x00000000000000000000000000000000 [x: 0 y: 0 z: 0 w: 0]
VPR[24] = 0x00000000000000000000000000000000 [x: 0 y: 0 z: 0 w: 0]
VPR[25] = 0x00000000000000000000000000000000 [x: 0 y: 0 z: 0 w: 0]
VPR[26] = 0x00000000000000000000000000000000 [x: 0 y: 0 z: 0 w: 0]
VPR[27] = 0x00000000000000000000000000000000 [x: 0 y: 0 z: 0 w: 0]
VPR[28] = 0x00000000000000000000000000000000 [x: 0 y: 0 z: 0 w: 0]
VPR[29] = 0x00000000000000000000000000000000 [x: 0 y: 0 z: 0 w: 0]
VPR[30] = 0x00000000000000000000000000000000 [x: 0 y: 0 z: 0 w: 0]
VPR[31] = 0x00000000000000000000000000000000 [x: 0 y: 0 z: 0 w: 0]
CR = 0x22000028
LR = 0x11ed68
CTR = 0x83564
XER = 0x0 [CA=0 | OV=8589934592 | SO=0]
FPSCR = 0x0 [RN=0 | NI=0 | XE=0 | ZE=0 | UE=0 | OE=0 | VE=0 | VXCVI=0 | VXSQRT=0 | VXSOFT=0 | FPRF=0 | FI=0 | FR=0 | VXVC=0 | VXIMZ=0 | VXZDZ=0 | VXIDI=0 | VXISI=0 | VXSNAN=0 | XX=0 | ZX=0 | UX=0 | OX=0 | VX=0 | FEX=0 | FX=0]

G: E {PPU[0x21] Thread (2e200030)[0x0011f46c]} Exception: Access violation reading location 0x28
(in file ..\Utilities\Thread.cpp:1122, in function _se_translator)
HLE: W {PPU[0x1] Thread (main_thread)[0x001cb610]} cellResc: cellRescSetWaitFlip()
HLE: W {PPU[0x1] Thread (main_thread)[0x0011efa8]} sys_ppu_thread: sys_ppu_thread_join(thread_id=0x21, vptr=*0xd001f7f0)
RSX: W {RSXThread} TODO: NV4097_SET_WINDOW_OFFSET: x=0, y=0
G: ! Stopping emulator...
G: ! All threads signaled...
HLE: S {PPU[0x1] Thread (main_thread)[0x0011efa8]} Last syscall: 44 (sys_ppu_thread_join)
G: ! {PPU[0x2] Thread (Callback Thread)[0x00000000]} Thread aborted
G: ! {PPU[0x1] Thread (main_thread)[0x0011efa8]} Thread aborted
G: ! {VBlank Thread} Thread aborted
G: ! All threads stopped...
G: ! Objects cleared...
