HLE: E Columns loaded with error!
HLE: ! path: /dev_hdd0/game/
HLE: W No pause.bin found, Auto Pause will not work.
HLE: W No pause.bin found, Auto Pause will not work.
LDR: ! Loading 'D:/Emulateurs/Rpcs3/dev_hdd0/game/NPEB01433/USRDIR/BOOT.BIN'...
LDR: !  
LDR: ! Mount info:
LDR: ! /dev_usb000/ -> D:/Emulateurs/Rpcs3/dev_usb000/
LDR: ! /dev_flash/ -> D:/Emulateurs/Rpcs3/dev_flash/
LDR: ! /host_root/ -> 
LDR: ! /dev_hdd0/ -> D:/Emulateurs/Rpcs3/dev_hdd0/
LDR: ! /dev_hdd1/ -> D:/Emulateurs/Rpcs3/dev_hdd1/
LDR: ! /dev_bdvd/ -> D:/Emulateurs/Rpcs3/dev_hdd0/game/NPEB01433/../
LDR: ! /dev_usb/ -> D:/Emulateurs/Rpcs3/dev_usb000/
LDR: !  
LDR: ! Title: WATCH_DOGS™
LDR: ! Serial: NPEB01433
LDR: !  
LDR: E loader::init() failed: Broken file
MEM: ! Initializing memory: base_addr = 0xef8e1b0000
MEM: ! Memory initialized.
LDR: ! Imported function 'sceNpTrophyRegisterContext' in 'sceNpTrophy' module  (HLE)
LDR: ! Imported function 'sceNpTrophyCreateHandle' in 'sceNpTrophy' module  (HLE)
LDR: ! Imported function 'sceNpTrophyGetRequiredDiskSpace' in 'sceNpTrophy' module  (HLE)
LDR: ! Imported function 'sceNpTrophyDestroyContext' in 'sceNpTrophy' module  (HLE)
LDR: ! Imported function 'sceNpTrophyInit' in 'sceNpTrophy' module  (HLE)
LDR: ! Imported function 'sceNpTrophyGetGameInfo' in 'sceNpTrophy' module  (HLE)
LDR: ! Imported function 'sceNpTrophyDestroyHandle' in 'sceNpTrophy' module  (HLE)
LDR: ! Imported function 'sceNpTrophyUnlockTrophy' in 'sceNpTrophy' module  (HLE)
LDR: ! Imported function 'sceNpTrophyTerm' in 'sceNpTrophy' module  (HLE)
LDR: ! Imported function 'sceNpTrophyGetTrophyUnlockState' in 'sceNpTrophy' module  (HLE)
LDR: ! Imported function 'sceNpTrophyCreateContext' in 'sceNpTrophy' module  (HLE)
LDR: ! Imported function 'cellPadClearBuf' in 'sys_io' module  (HLE)
LDR: ! Imported function 'cellPadInit' in 'sys_io' module  (HLE)
LDR: ! Imported function 'cellKbGetConfiguration' in 'sys_io' module  (HLE)
LDR: ! Imported function 'cellKbClearBuf' in 'sys_io' module  (HLE)
LDR: ! Imported function 'cellKbGetInfo' in 'sys_io' module  (HLE)
LDR: ! Imported function 'cellMouseGetData' in 'sys_io' module  (HLE)
LDR: ! Imported function 'cellMouseClearBuf' in 'sys_io' module  (HLE)
LDR: ! Imported function 'cellKbInit' in 'sys_io' module  (HLE)
LDR: ! Imported function 'cellPadEnd' in 'sys_io' module  (HLE)
LDR: ! Imported function 'cellPadSetPortSetting' in 'sys_io' module  (HLE)
LDR: ! Imported function 'cellMouseGetInfo' in 'sys_io' module  (HLE)
LDR: ! Imported function 'cellPadGetData' in 'sys_io' module  (HLE)
LDR: ! Imported function 'cellKbSetCodeType' in 'sys_io' module  (HLE)
LDR: ! Imported function 'cellPadGetInfo2' in 'sys_io' module  (HLE)
LDR: ! Imported function 'cellKbEnd' in 'sys_io' module  (HLE)
LDR: ! Imported function 'cellMouseInit' in 'sys_io' module  (HLE)
LDR: ! Imported function 'cellKbSetReadMode' in 'sys_io' module  (HLE)
LDR: ! Imported function 'cellMouseEnd' in 'sys_io' module  (HLE)
LDR: ! Imported function 'cellPadSetActDirect' in 'sys_io' module  (HLE)
LDR: ! Imported function 'cellKbRead' in 'sys_io' module  (HLE)
LDR: ! Imported function 'cellFsFtruncate' in 'sys_fs' module  (HLE)
LDR: ! Imported function 'cellFsRmdir' in 'sys_fs' module  (HLE)
LDR: ! Imported function 'cellFsClose' in 'sys_fs' module  (HLE)
LDR: ! Imported function 'cellFsOpendir' in 'sys_fs' module  (HLE)
LDR: ! Imported function 'cellFsRead' in 'sys_fs' module  (HLE)
LDR: ! Imported function 'cellFsReaddir' in 'sys_fs' module  (HLE)
LDR: ! Imported function 'cellFsOpen' in 'sys_fs' module  (HLE)
LDR: ! Imported function 'cellFsStat' in 'sys_fs' module  (HLE)
LDR: ! Imported function 'cellFsUnlink' in 'sys_fs' module  (HLE)
LDR: ! Imported function 'cellFsFsync' in 'sys_fs' module  (HLE)
LDR: ! Imported function 'cellFsLseek' in 'sys_fs' module  (HLE)
LDR: ! Imported function 'cellFsGetFreeSize' in 'sys_fs' module  (HLE)
LDR: ! Imported function 'cellFsSdataOpen' in 'sys_fs' module  (HLE)
LDR: ! Imported function 'cellFsMkdir' in 'sys_fs' module  (HLE)
LDR: W Unimplemented function 'cellFsUtime' in 'sys_fs' module (HLE)
LDR: ! Imported function 'cellFsWrite' in 'sys_fs' module  (HLE)
LDR: ! Imported function 'cellFsFstat' in 'sys_fs' module  (HLE)
LDR: ! Imported function 'cellFsRename' in 'sys_fs' module  (HLE)
LDR: ! Imported function 'cellFsClosedir' in 'sys_fs' module  (HLE)
LDR: ! Imported function 'cellFsChmod' in 'sys_fs' module  (HLE)
LDR: ! Imported function 'cellFsGetDirectoryEntries' in 'sys_fs' module  (HLE)
LDR: ! Imported function 'cellFsStReadFinish' in 'sys_fs' module  (HLE)
LDR: ! Imported function 'cellSysutilUnregisterCallback' in 'cellSysutil' module  (HLE)
LDR: ! Imported function 'cellVideoOutConfigure' in 'cellSysutil' module  (HLE)
LDR: ! Imported function 'cellSysutilCheckCallback' in 'cellSysutil' module  (HLE)
LDR: ! Imported function 'cellSysCacheMount' in 'cellSysutil' module  (HLE)
LDR: W Unimplemented function 'cellOskDialogUnloadAsync' in 'cellSysutil' module (HLE)
LDR: ! Imported function 'cellSysutilGetSystemParamInt' in 'cellSysutil' module  (HLE)
LDR: ! Imported function 'cellMsgDialogAbort' in 'cellSysutil' module  (HLE)
LDR: ! Imported function 'cellMsgDialogOpen2' in 'cellSysutil' module  (HLE)
LDR: W Unimplemented function 'cellOskDialogLoadAsync' in 'cellSysutil' module (HLE)
LDR: ! Imported function 'cellVideoOutGetState' in 'cellSysutil' module  (HLE)
LDR: ! Imported function 'cellSaveDataAutoSave2' in 'cellSysutil' module  (HLE)
LDR: ! Imported function 'cellSysutilGetSystemParamString' in 'cellSysutil' module  (HLE)
LDR: ! Imported function 'cellMsgDialogProgressBarInc' in 'cellSysutil' module  (HLE)
LDR: ! Imported function 'cellMsgDialogProgressBarSetMsg' in 'cellSysutil' module  (HLE)
LDR: ! Imported function 'cellSysutilRegisterCallback' in 'cellSysutil' module  (HLE)
LDR: ! Imported function 'cellVideoOutGetResolutionAvailability' in 'cellSysutil' module  (HLE)
LDR: W Unimplemented function 'cellOskDialogSetKeyLayoutOption' in 'cellSysutil' module (HLE)
LDR: W Unimplemented function 'cellOskDialogAbort' in 'cellSysutil' module (HLE)
LDR: W Unimplemented function 'cellOskDialogSetDeviceMask' in 'cellSysutil' module (HLE)
LDR: ! Imported function 'cellVideoOutGetResolution' in 'cellSysutil' module  (HLE)
LDR: W Unimplemented function 'cellOskDialogSetLayoutMode' in 'cellSysutil' module (HLE)
LDR: ! Imported function 'cellSaveDataAutoLoad2' in 'cellSysutil' module  (HLE)
LDR: ! Imported function 'cellAudioOutConfigure' in 'cellSysutil' module  (HLE)
LDR: ! Imported function 'cellAudioOutGetSoundAvailability' in 'cellSysutil' module  (HLE)
LDR: ! Imported function 'cellAudioOutGetState' in 'cellSysutil' module  (HLE)
LDR: ! Imported function 'cellAudioOutGetDeviceInfo' in 'cellSysutil' module  (HLE)
LDR: ! Imported function 'cellAudioOutGetNumberOfDevice' in 'cellSysutil' module  (HLE)
LDR: ! Imported function 'cellAudioOutGetConfiguration' in 'cellSysutil' module  (HLE)
LDR: ! Imported function 'cellGcmGetTiledPitchSize' in 'cellGcmSys' module  (HLE)
LDR: ! Imported function 'cellGcmDumpGraphicsError' in 'cellGcmSys' module  (HLE)
LDR: ! Imported function 'cellGcmAddressToOffset' in 'cellGcmSys' module  (HLE)
LDR: ! Imported function 'cellGcmGetTimeStampLocation' in 'cellGcmSys' module  (HLE)
LDR: ! Imported function 'cellGcmSetFlipMode' in 'cellGcmSys' module  (HLE)
LDR: ! Imported function 'cellGcmSetDebugOutputLevel' in 'cellGcmSys' module  (HLE)
LDR: ! Imported function 'cellGcmMapEaIoAddress' in 'cellGcmSys' module  (HLE)
LDR: ! Imported function 'cellGcmGetFlipStatus' in 'cellGcmSys' module  (HLE)
LDR: ! Imported function 'cellGcmGetReportDataAddressLocation' in 'cellGcmSys' module  (HLE)
LDR: ! Imported function 'cellGcmBindZcull' in 'cellGcmSys' module  (HLE)
LDR: ! Imported function 'cellGcmMapMainMemory' in 'cellGcmSys' module  (HLE)
LDR: ! Imported function 'cellGcmSetDisplayBuffer' in 'cellGcmSys' module  (HLE)
LDR: ! Imported function 'cellGcmGetControlRegister' in 'cellGcmSys' module  (HLE)
LDR: ! Imported function 'cellGcmUnbindZcull' in 'cellGcmSys' module  (HLE)
LDR: ! Imported function 'cellGcmSetVBlankHandler' in 'cellGcmSys' module  (HLE)
LDR: ! Imported function 'cellGcmResetFlipStatus' in 'cellGcmSys' module  (HLE)
LDR: ! Imported function 'cellGcmSetTile' in 'cellGcmSys' module  (HLE)
LDR: ! Imported function 'cellGcmGetConfiguration' in 'cellGcmSys' module  (HLE)
LDR: ! Imported function 'cellGcmGetLabelAddress' in 'cellGcmSys' module  (HLE)
LDR: ! Imported function '_cellGcmInitBody' in 'cellGcmSys' module  (HLE)
LDR: ! Imported function '_cellGcmSetFlipCommand' in 'cellGcmSys' module  (HLE)
LDR: ! Imported function '_cellGcmFunc15' in 'cellGcmSys' module  (HLE)
LDR: ! Imported function 'cellGcmGetDefaultCommandWordSize' in 'cellGcmSys' module  (HLE)
LDR: ! Imported function 'cellGcmGetDefaultSegmentWordSize' in 'cellGcmSys' module  (HLE)
LDR: ! Imported function 'cellGcmSetDefaultFifoSize' in 'cellGcmSys' module  (HLE)
LDR: ! Imported function '_cellGcmSetFlipCommandWithWaitLabel' in 'cellGcmSys' module  (HLE)
LDR: ! Imported function 'sys_net_initialize_network_ex' in 'sys_net' module  (HLE)
LDR: W Unimplemented function 'getsockname' in 'sys_net' module (HLE)
LDR: ! Imported function 'recvfrom' in 'sys_net' module  (HLE)
LDR: ! Imported function 'listen' in 'sys_net' module  (HLE)
LDR: W Unimplemented function 'socketselect' in 'sys_net' module (HLE)
LDR: W Unimplemented function 'getsockopt' in 'sys_net' module (HLE)
LDR: ! Imported function '_sys_net_errno_loc' in 'sys_net' module  (HLE)
LDR: ! Imported function 'connect' in 'sys_net' module  (HLE)
LDR: ! Imported function 'socketclose' in 'sys_net' module  (HLE)
LDR: ! Imported function 'setsockopt' in 'sys_net' module  (HLE)
LDR: ! Imported function 'sendto' in 'sys_net' module  (HLE)
LDR: ! Imported function 'socket' in 'sys_net' module  (HLE)
LDR: ! Imported function 'shutdown' in 'sys_net' module  (HLE)
LDR: ! Imported function 'bind' in 'sys_net' module  (HLE)
LDR: ! Imported function 'accept' in 'sys_net' module  (HLE)
LDR: W Unimplemented function 'inet_ntop' in 'sys_net' module (HLE)
LDR: ! Imported function 'send' in 'sys_net' module  (HLE)
LDR: ! Imported function 'recv' in 'sys_net' module  (HLE)
LDR: W Unimplemented function 'socketpoll' in 'sys_net' module (HLE)
LDR: W Unimplemented function 'gethostbyname' in 'sys_net' module (HLE)
LDR: W Unimplemented function 'inet_ntoa' in 'sys_net' module (HLE)
LDR: ! Imported function 'inet_pton' in 'sys_net' module  (HLE)
LDR: ! Imported function 'sys_net_show_ifconfig' in 'sys_net' module  (HLE)
LDR: ! Imported function 'sys_net_finalize_network' in 'sys_net' module  (HLE)
LDR: ! Imported function '_sys_net_h_errno_loc' in 'sys_net' module  (HLE)
LDR: ! Imported function 'inet_addr' in 'sys_net' module  (HLE)
LDR: W Unimplemented function 'gethostbyaddr' in 'sys_net' module (HLE)
LDR: ! Imported function 'sys_net_free_thread_context' in 'sys_net' module  (HLE)
LDR: ! Imported function 'cellNetCtlNetStartDialogLoadAsync' in 'cellNetCtl' module  (HLE)
LDR: ! Imported function 'cellNetCtlAddHandler' in 'cellNetCtl' module  (HLE)
LDR: ! Imported function 'cellNetCtlNetStartDialogUnloadAsync' in 'cellNetCtl' module  (HLE)
LDR: ! Imported function 'cellNetCtlGetInfo' in 'cellNetCtl' module  (HLE)
LDR: ! Imported function 'cellNetCtlGetNatInfo' in 'cellNetCtl' module  (HLE)
LDR: ! Imported function 'cellNetCtlDelHandler' in 'cellNetCtl' module  (HLE)
LDR: ! Imported function 'cellNetCtlTerm' in 'cellNetCtl' module  (HLE)
LDR: ! Imported function 'cellNetCtlGetState' in 'cellNetCtl' module  (HLE)
LDR: ! Imported function 'cellNetCtlInit' in 'cellNetCtl' module  (HLE)
LDR: ! Imported function 'cellSysmoduleUnloadModule' in 'cellSysmodule' module  (HLE)
LDR: ! Imported function 'cellSysmoduleLoadModule' in 'cellSysmodule' module  (HLE)
LDR: ! Imported function 'cellSysmoduleIsLoaded' in 'cellSysmodule' module  (HLE)
LDR: ! Imported function '_cellSpursLFQueueInitialize' in 'cellSpurs' module  (HLE)
LDR: ! Imported function 'cellSpursAttributeSetNamePrefix' in 'cellSpurs' module  (HLE)
LDR: ! Imported function 'cellSpursAttributeEnableSpuPrintfIfAvailable' in 'cellSpurs' module  (HLE)
LDR: ! Imported function '_cellSpursTasksetAttributeInitialize' in 'cellSpurs' module  (HLE)
LDR: ! Imported function 'cellSpursLFQueueAttachLv2EventQueue' in 'cellSpurs' module  (HLE)
LDR: ! Imported function 'cellSpursDestroyTaskset2' in 'cellSpurs' module  (HLE)
LDR: ! Imported function 'cellSpursEventFlagDetachLv2EventQueue' in 'cellSpurs' module  (HLE)
LDR: ! Imported function 'cellSpursCreateJobChainWithAttribute' in 'cellSpurs' module  (HLE)
LDR: ! Imported function 'cellSpursInitializeWithAttribute2' in 'cellSpurs' module  (HLE)
LDR: ! Imported function '_cellSpursJobChainAttributeInitialize' in 'cellSpurs' module  (HLE)
LDR: ! Imported function 'cellSpursEventFlagWait' in 'cellSpurs' module  (HLE)
LDR: ! Imported function 'cellSpursWorkloadAttributeSetName' in 'cellSpurs' module  (HLE)
LDR: ! Imported function 'cellSpursCreateTaskset2' in 'cellSpurs' module  (HLE)
LDR: ! Imported function 'cellSpursTraceInitialize' in 'cellSpurs' module  (HLE)
LDR: ! Imported function 'cellSpursRemoveWorkload' in 'cellSpurs' module  (HLE)
LDR: ! Imported function '_cellSpursEventFlagInitialize' in 'cellSpurs' module  (HLE)
LDR: ! Imported function 'cellSpursWaitForWorkloadShutdown' in 'cellSpurs' module  (HLE)
LDR: ! Imported function 'cellSpursTasksetAttributeSetName' in 'cellSpurs' module  (HLE)
LDR: ! Imported function 'cellSpursGetSpuThreadId' in 'cellSpurs' module  (HLE)
LDR: ! Imported function 'cellSpursShutdownJobChain' in 'cellSpurs' module  (HLE)
LDR: ! Imported function 'cellSpursLFQueueDetachLv2EventQueue' in 'cellSpurs' module  (HLE)
LDR: ! Imported function 'cellSpursReadyCountAdd' in 'cellSpurs' module  (HLE)
LDR: ! Imported function 'cellSpursTraceFinalize' in 'cellSpurs' module  (HLE)
LDR: ! Imported function 'cellSpursEventFlagAttachLv2EventQueue' in 'cellSpurs' module  (HLE)
LDR: ! Imported function '_cellSpursLFQueuePushBody' in 'cellSpurs' module  (HLE)
LDR: ! Imported function '_cellSpursAttributeInitialize' in 'cellSpurs' module  (HLE)
LDR: ! Imported function 'cellSpursShutdownWorkload' in 'cellSpurs' module  (HLE)
LDR: ! Imported function 'cellSpursJobChainAttributeSetName' in 'cellSpurs' module  (HLE)
LDR: ! Imported function 'cellSpursShutdownTaskset' in 'cellSpurs' module  (HLE)
LDR: ! Imported function 'cellSpursJoinTask2' in 'cellSpurs' module  (HLE)
LDR: ! Imported function 'cellSpursJoinJobChain' in 'cellSpurs' module  (HLE)
LDR: ! Imported function 'cellSpursAttributeSetSpuThreadGroupType' in 'cellSpurs' module  (HLE)
LDR: ! Imported function 'cellSpursCreateTask' in 'cellSpurs' module  (HLE)
LDR: ! Imported function 'cellSpursAddWorkloadWithAttribute' in 'cellSpurs' module  (HLE)
LDR: ! Imported function 'cellSpursCreateTasksetWithAttribute' in 'cellSpurs' module  (HLE)
LDR: ! Imported function '_cellSpursTasksetAttribute2Initialize' in 'cellSpurs' module  (HLE)
LDR: ! Imported function 'cellSpursFinalize' in 'cellSpurs' module  (HLE)
LDR: ! Imported function 'cellSpursTraceStart' in 'cellSpurs' module  (HLE)
LDR: ! Imported function 'cellSpursTraceStop' in 'cellSpurs' module  (HLE)
LDR: ! Imported function 'cellSpursCreateTask2WithBinInfo' in 'cellSpurs' module  (HLE)
LDR: ! Imported function '_cellSpursWorkloadAttributeInitialize' in 'cellSpurs' module  (HLE)
LDR: ! Imported function 'cellSpursRunJobChain' in 'cellSpurs' module  (HLE)
LDR: ! Imported function 'cellSpursEventFlagSet' in 'cellSpurs' module  (HLE)
LDR: ! Imported function 'cellSpursCreateTaskWithAttribute' in 'cellSpurs' module  (HLE)
LDR: ! Imported function 'cellSpursEventFlagClear' in 'cellSpurs' module  (HLE)
LDR: ! Imported function 'cellSpursDetachLv2EventQueue' in 'cellSpurs' module  (HLE)
LDR: ! Imported function 'cellSpursCreateTaskset' in 'cellSpurs' module  (HLE)
LDR: ! Imported function 'cellSpursJobGuardInitialize' in 'cellSpurs' module  (HLE)
LDR: ! Imported function 'cellSpursTryJoinTask2' in 'cellSpurs' module  (HLE)
LDR: ! Imported function 'cellSpursJoinTaskset' in 'cellSpurs' module  (HLE)
LDR: ! Imported function '_cellSpursTaskAttributeInitialize' in 'cellSpurs' module  (HLE)
LDR: ! Imported function 'cellSpursAttachLv2EventQueue' in 'cellSpurs' module  (HLE)
LDR: ! Imported function 'cellSpursJobGuardNotify' in 'cellSpurs' module  (HLE)
LDR: ! Imported function '_cellSpursSendSignal' in 'cellSpurs' module  (HLE)
LDR: ! Imported function 'cellSpursCreateTask2' in 'cellSpurs' module  (HLE)
LDR: ! Imported function 'cellSyncMutexLock' in 'cellSync' module  (HLE)
LDR: ! Imported function 'cellSyncMutexUnlock' in 'cellSync' module  (HLE)
LDR: ! Imported function 'cellSyncMutexInitialize' in 'cellSync' module  (HLE)
LDR: ! Imported function 'cellSyncMutexTryLock' in 'cellSync' module  (HLE)
LDR: ! Imported function 'cellSyncRwmRead' in 'cellSync' module  (HLE)
LDR: ! Imported function 'cellSyncRwmWrite' in 'cellSync' module  (HLE)
LDR: ! Imported function 'cellSyncRwmInitialize' in 'cellSync' module  (HLE)
LDR: W Unimplemented function 'cellKey2CharClose' in 'cellKey2char' module (HLE)
LDR: W Unimplemented function 'cellKey2CharGetChar' in 'cellKey2char' module (HLE)
LDR: W Unimplemented function 'cellKey2CharOpen' in 'cellKey2char' module (HLE)
LDR: W Unimplemented function 'cellKey2CharSetMode' in 'cellKey2char' module (HLE)
LDR: ! Imported function 'cellGameGetParamString' in 'cellGame' module  (HLE)
LDR: ! Imported function 'cellGameCreateGameData' in 'cellGame' module  (HLE)
LDR: ! Imported function 'cellGameContentPermit' in 'cellGame' module  (HLE)
LDR: ! Imported function 'cellGameContentErrorDialog' in 'cellGame' module  (HLE)
LDR: ! Imported function 'cellGameDeleteGameData' in 'cellGame' module  (HLE)
LDR: ! Imported function 'cellGameGetParamInt' in 'cellGame' module  (HLE)
LDR: ! Imported function 'cellGameDataCheck' in 'cellGame' module  (HLE)
LDR: ! Imported function 'cellGameBootCheck' in 'cellGame' module  (HLE)
LDR: W Unknown module 'cellHttp'
LDR: ! Imported function 'cellHttpInit' in 'cellHttp' module  (HLE)
LDR: ! Imported function 'cellHttpsInit' in 'cellHttp' module  (HLE)
LDR: ! Imported function 'cellHttpEndCookie' in 'cellHttp' module  (HLE)
LDR: ! Imported function 'cellHttpInitCookie' in 'cellHttp' module  (HLE)
LDR: ! Imported function 'cellHttpEnd' in 'cellHttp' module  (HLE)
LDR: ! Imported function 'cellHttpsEnd' in 'cellHttp' module  (HLE)
LDR: ! Imported function 'cellHttpCreateTransaction' in 'cellHttp' module  (HLE)
LDR: ! Imported function 'cellHttpResponseGetStatusCode' in 'cellHttp' module  (HLE)
LDR: ! Imported function 'cellHttpClientSetSslCallback' in 'cellHttp' module  (HLE)
LDR: ! Imported function 'cellHttpClientSetAutoRedirect' in 'cellHttp' module  (HLE)
LDR: ! Imported function 'cellHttpClientSetRecvTimeout' in 'cellHttp' module  (HLE)
LDR: ! Imported function 'cellHttpTransactionAbortConnection' in 'cellHttp' module  (HLE)
LDR: ! Imported function 'cellHttpDestroyTransaction' in 'cellHttp' module  (HLE)
LDR: ! Imported function 'cellHttpResponseGetContentLength' in 'cellHttp' module  (HLE)
LDR: ! Imported function 'cellHttpCreateClient' in 'cellHttp' module  (HLE)
LDR: ! Imported function 'cellHttpRecvResponse' in 'cellHttp' module  (HLE)
LDR: ! Imported function 'cellHttpClientSetSendTimeout' in 'cellHttp' module  (HLE)
LDR: ! Imported function 'cellHttpClientSetAutoAuthentication' in 'cellHttp' module  (HLE)
LDR: ! Imported function 'cellHttpDestroyClient' in 'cellHttp' module  (HLE)
LDR: ! Imported function 'cellHttpSendRequest' in 'cellHttp' module  (HLE)
LDR: ! Imported function 'cellHttpRequestSetContentLength' in 'cellHttp' module  (HLE)
LDR: ! Imported function 'cellHttpResponseGetAllHeaders' in 'cellHttp' module  (HLE)
LDR: ! Imported function 'cellHttpClientSetUserAgent' in 'cellHttp' module  (HLE)
LDR: ! Imported function 'cellHttpClientSetConnTimeout' in 'cellHttp' module  (HLE)
LDR: ! Imported function 'cellHttpClientSetProxy' in 'cellHttp' module  (HLE)
LDR: ! Imported function 'cellHttpRequestAddHeader' in 'cellHttp' module  (HLE)
LDR: W Unimplemented function 'cellSslEnd' in 'cellSsl' module (HLE)
LDR: W Unimplemented function 'cellSslCertificateLoader' in 'cellSsl' module (HLE)
LDR: W Unimplemented function 'cellSslInit' in 'cellSsl' module (HLE)
LDR: W Unimplemented function 'cellSslCertGetNameEntryInfo' in 'cellSsl' module (HLE)
LDR: W Unimplemented function 'cellSslCertGetNotAfter' in 'cellSsl' module (HLE)
LDR: W Unimplemented function 'cellSslCertGetNotBefore' in 'cellSsl' module (HLE)
LDR: W Unimplemented function 'cellSslCertGetSubjectName' in 'cellSsl' module (HLE)
LDR: W Unimplemented function 'cellSslCertGetNameEntryCount' in 'cellSsl' module (HLE)
LDR: W Unimplemented function 'cellSslCertGetIssuerName' in 'cellSsl' module (HLE)
LDR: ! Imported function 'sceNpBasicSendMessageGui' in 'sceNp' module  (HLE)
LDR: ! Imported function 'sceNpManagerGetTicket' in 'sceNp' module  (HLE)
LDR: ! Imported function 'sceNpManagerGetAccountAge' in 'sceNp' module  (HLE)
LDR: ! Imported function 'sceNpLookupUserProfileWithAvatarSizeAsync' in 'sceNp' module  (HLE)
LDR: ! Imported function 'sceNpScoreDestroyTitleCtx' in 'sceNp' module  (HLE)
LDR: ! Imported function 'sceNpProfileAbortGui' in 'sceNp' module  (HLE)
LDR: ! Imported function 'sceNpScoreInit' in 'sceNp' module  (HLE)
LDR: ! Imported function 'sceNpLookupAbortTransaction' in 'sceNp' module  (HLE)
LDR: ! Imported function 'sceNpCustomMenuRegisterActions' in 'sceNp' module  (HLE)
LDR: ! Imported function 'sceNpTerm' in 'sceNp' module  (HLE)
LDR: ! Imported function 'sceNpManagerUnregisterCallback' in 'sceNp' module  (HLE)
LDR: ! Imported function 'sceNpManagerGetTicketParam' in 'sceNp' module  (HLE)
LDR: ! Imported function 'sceNpLookupDestroyTitleCtx' in 'sceNp' module  (HLE)
LDR: ! Imported function 'sceNpBasicSetPresenceDetails2' in 'sceNp' module  (HLE)
LDR: ! Imported function 'sceNpLookupInit' in 'sceNp' module  (HLE)
LDR: ! Imported function 'sceNpBasicRecvMessageAttachmentLoad' in 'sceNp' module  (HLE)
LDR: ! Imported function 'sceNpManagerGetContentRatingFlag' in 'sceNp' module  (HLE)
LDR: ! Imported function 'sceNpScoreCreateTransactionCtx' in 'sceNp' module  (HLE)
LDR: ! Imported function 'sceNpBasicGetBlockListEntryCount' in 'sceNp' module  (HLE)
LDR: ! Imported function 'sceNpLookupPollAsync' in 'sceNp' module  (HLE)
LDR: ! Imported function 'sceNpScoreCensorCommentAsync' in 'sceNp' module  (HLE)
LDR: ! Imported function 'sceNpBasicRecvMessageCustom' in 'sceNp' module  (HLE)
LDR: ! Imported function 'sceNpManagerRequestTicket2' in 'sceNp' module  (HLE)
LDR: ! Imported function 'sceNpLookupTerm' in 'sceNp' module  (HLE)
LDR: ! Imported function 'sceNpScoreTerm' in 'sceNp' module  (HLE)
LDR: ! Imported function 'sceNpManagerGetEntitlementById' in 'sceNp' module  (HLE)
LDR: ! Imported function 'sceNpScorePollAsync' in 'sceNp' module  (HLE)
LDR: ! Imported function 'sceNpManagerGetStatus' in 'sceNp' module  (HLE)
LDR: ! Imported function 'sceNpBasicUnregisterHandler' in 'sceNp' module  (HLE)
LDR: ! Imported function 'sceNpDrmIsAvailable' in 'sceNp' module  (HLE)
LDR: ! Imported function 'sceNpManagerGetAccountRegion' in 'sceNp' module  (HLE)
LDR: ! Imported function 'sceNpScoreCreateTitleCtx' in 'sceNp' module  (HLE)
LDR: ! Imported function 'sceNpBasicRegisterHandler' in 'sceNp' module  (HLE)
LDR: ! Imported function 'sceNpBasicAddPlayersHistoryAsync' in 'sceNp' module  (HLE)
LDR: ! Imported function 'sceNpInit' in 'sceNp' module  (HLE)
LDR: ! Imported function 'sceNpManagerGetOnlineId' in 'sceNp' module  (HLE)
LDR: ! Imported function 'sceNpScoreDestroyTransactionCtx' in 'sceNp' module  (HLE)
LDR: ! Imported function 'sceNpLookupCreateTitleCtx' in 'sceNp' module  (HLE)
LDR: ! Imported function 'sceNpProfileCallGui' in 'sceNp' module  (HLE)
LDR: ! Imported function 'sceNpLookupNpIdAsync' in 'sceNp' module  (HLE)
LDR: ! Imported function 'sceNpBasicGetEvent' in 'sceNp' module  (HLE)
LDR: ! Imported function 'sceNpDrmProcessExitSpawn2' in 'sceNp' module  (HLE)
LDR: ! Imported function 'sceNpManagerRegisterCallback' in 'sceNp' module  (HLE)
LDR: ! Imported function 'sceNpLookupCreateTransactionCtx' in 'sceNp' module  (HLE)
LDR: ! Imported function 'sceNpManagerGetChatRestrictionFlag' in 'sceNp' module  (HLE)
LDR: ! Imported function 'sceNpScoreAbortTransaction' in 'sceNp' module  (HLE)
LDR: ! Imported function 'sceNpBasicGetBlockListEntry' in 'sceNp' module  (HLE)
LDR: ! Imported function 'sceNpCustomMenuActionSetActivation' in 'sceNp' module  (HLE)
LDR: ! Imported function 'sceNpManagerGetNpId' in 'sceNp' module  (HLE)
LDR: ! Imported function 'sceNpSignalingGetConnectionInfo' in 'sceNp' module  (HLE)
LDR: ! Imported function 'sceNpBasicAddFriend' in 'sceNp' module  (HLE)
LDR: ! Imported function 'sceNpBasicGetFriendPresenceByIndex' in 'sceNp' module  (HLE)
LDR: ! Imported function 'sceNpSignalingActivateConnection' in 'sceNp' module  (HLE)
LDR: ! Imported function 'sceNpSignalingCreateCtx' in 'sceNp' module  (HLE)
LDR: ! Imported function 'sceNpSignalingDestroyCtx' in 'sceNp' module  (HLE)
LDR: ! Imported function 'sceNpBasicGetFriendListEntryCount' in 'sceNp' module  (HLE)
LDR: ! Imported function 'sceNpSignalingGetConnectionStatus' in 'sceNp' module  (HLE)
LDR: ! Imported function 'sceNpLookupDestroyTransactionCtx' in 'sceNp' module  (HLE)
LDR: ! Imported function 'sceNpSignalingDeactivateConnection' in 'sceNp' module  (HLE)
LDR: W Unimplemented function 'UCS2stoUTF16s' in 'cellL10n' module (HLE)
LDR: W Unknown module 'cellSysutilAvconfExt'
LDR: ! Imported function 'cellVideoOutSetGamma' in 'cellSysutilAvconfExt' module  (HLE)
LDR: ! Imported function 'cellAudioOutUnregisterDevice' in 'cellSysutilAvconfExt' module  (HLE)
LDR: ! Imported function 'cellAudioInGetAvailableDeviceInfo' in 'cellSysutilAvconfExt' module  (HLE)
LDR: ! Imported function 'cellAudioOutGetAvailableDeviceInfo' in 'cellSysutilAvconfExt' module  (HLE)
LDR: ! Imported function 'cellAudioOutRegisterDevice' in 'cellSysutilAvconfExt' module  (HLE)
LDR: ! Imported function 'cellAudioOutSetDeviceMode' in 'cellSysutilAvconfExt' module  (HLE)
LDR: ! Imported function 'cellAudioInSetDeviceMode' in 'cellSysutilAvconfExt' module  (HLE)
LDR: ! Imported function 'cellAudioInRegisterDevice' in 'cellSysutilAvconfExt' module  (HLE)
LDR: ! Imported function 'cellAudioInUnregisterDevice' in 'cellSysutilAvconfExt' module  (HLE)
LDR: ! Imported function 'cellUserInfoGetStat' in 'cellUserInfo' module  (HLE)
LDR: ! Imported function 'cellRtcSetTick' in 'cellRtc' module  (HLE)
LDR: ! Imported function 'cellRtcGetCurrentTick' in 'cellRtc' module  (HLE)
LDR: ! Imported function 'cellRtcGetCurrentClockLocalTime' in 'cellRtc' module  (HLE)
LDR: ! Imported function 'cellRtcGetDayOfWeek' in 'cellRtc' module  (HLE)
LDR: W Unknown module 'sceNpCommerce2'
LDR: ! Imported function 'sceNpCommerce2DestroyReq' in 'sceNpCommerce2' module  (HLE)
LDR: ! Imported function 'sceNpCommerce2Init' in 'sceNpCommerce2' module  (HLE)
LDR: ! Imported function 'sceNpCommerce2GetCategoryContentsStart' in 'sceNpCommerce2' module  (HLE)
LDR: ! Imported function 'sceNpCommerce2Term' in 'sceNpCommerce2' module  (HLE)
LDR: ! Imported function 'sceNpCommerce2CreateSessionAbort' in 'sceNpCommerce2' module  (HLE)
LDR: ! Imported function 'sceNpCommerce2DestroyCtx' in 'sceNpCommerce2' module  (HLE)
LDR: ! Imported function 'sceNpCommerce2GetCategoryContentsCreateReq' in 'sceNpCommerce2' module  (HLE)
LDR: ! Imported function 'sceNpCommerce2AbortReq' in 'sceNpCommerce2' module  (HLE)
LDR: ! Imported function 'sceNpCommerce2GetProductInfoStart' in 'sceNpCommerce2' module  (HLE)
LDR: ! Imported function 'sceNpCommerce2CreateSessionFinish' in 'sceNpCommerce2' module  (HLE)
LDR: ! Imported function 'sceNpCommerce2GetContentInfo' in 'sceNpCommerce2' module  (HLE)
LDR: ! Imported function 'sceNpCommerce2DoProductBrowseStartAsync' in 'sceNpCommerce2' module  (HLE)
LDR: ! Imported function 'sceNpCommerce2DestroyGetCategoryContentsResult' in 'sceNpCommerce2' module  (HLE)
LDR: ! Imported function 'sceNpCommerce2GetProductInfoCreateReq' in 'sceNpCommerce2' module  (HLE)
LDR: ! Imported function 'sceNpCommerce2DoProductCodeFinishAsync' in 'sceNpCommerce2' module  (HLE)
LDR: ! Imported function 'sceNpCommerce2DoProductBrowseFinishAsync' in 'sceNpCommerce2' module  (HLE)
LDR: ! Imported function 'sceNpCommerce2GetCategoryInfo' in 'sceNpCommerce2' module  (HLE)
LDR: ! Imported function 'sceNpCommerce2GetProductInfoGetResult' in 'sceNpCommerce2' module  (HLE)
LDR: ! Imported function 'sceNpCommerce2GetCategoryContentsGetResult' in 'sceNpCommerce2' module  (HLE)
LDR: ! Imported function 'sceNpCommerce2CreateSessionStart' in 'sceNpCommerce2' module  (HLE)
LDR: ! Imported function 'sceNpCommerce2InitGetCategoryContentsResult' in 'sceNpCommerce2' module  (HLE)
LDR: ! Imported function 'sceNpCommerce2CreateCtx' in 'sceNpCommerce2' module  (HLE)
LDR: ! Imported function 'sceNpCommerce2GetPrice' in 'sceNpCommerce2' module  (HLE)
LDR: ! Imported function 'sceNpCommerce2GetGameSkuInfoFromGameProductInfo' in 'sceNpCommerce2' module  (HLE)
LDR: ! Imported function 'sceNpCommerce2DoProductCodeStartAsync' in 'sceNpCommerce2' module  (HLE)
LDR: ! Imported function 'sceNpCommerce2GetGameProductInfoFromContentInfo' in 'sceNpCommerce2' module  (HLE)
LDR: ! Imported function 'sceNpCommerce2GetGameProductInfo' in 'sceNpCommerce2' module  (HLE)
LDR: ! Imported function 'sceNpCommerce2DestroyGetProductInfoResult' in 'sceNpCommerce2' module  (HLE)
LDR: ! Imported function 'sceNpCommerce2InitGetProductInfoResult' in 'sceNpCommerce2' module  (HLE)
LDR: ! Imported function 'sceNpCommerce2GetCategoryInfoFromContentInfo' in 'sceNpCommerce2' module  (HLE)
LDR: ! Imported function 'cellAudioInit' in 'cellAudio' module  (HLE)
LDR: ! Imported function 'cellAudioUnsetPersonalDevice' in 'cellAudio' module  (HLE)
LDR: ! Imported function 'cellAudioSetNotifyEventQueue' in 'cellAudio' module  (HLE)
LDR: ! Imported function 'cellAudioPortClose' in 'cellAudio' module  (HLE)
LDR: ! Imported function 'cellAudioSetPersonalDevice' in 'cellAudio' module  (HLE)
LDR: ! Imported function 'cellAudioSetPortLevel' in 'cellAudio' module  (HLE)
LDR: ! Imported function 'cellAudioPortStop' in 'cellAudio' module  (HLE)
LDR: ! Imported function 'cellAudioGetPortConfig' in 'cellAudio' module  (HLE)
LDR: ! Imported function 'cellAudioPortStart' in 'cellAudio' module  (HLE)
LDR: ! Imported function 'cellAudioQuit' in 'cellAudio' module  (HLE)
LDR: ! Imported function 'cellAudioPortOpen' in 'cellAudio' module  (HLE)
LDR: ! Imported function 'cellAudioRemoveNotifyEventQueue' in 'cellAudio' module  (HLE)
LDR: W Unimplemented function 'cellHttpUtilBuildHeader' in 'cellHttpUtil' module (HLE)
LDR: W Unimplemented function 'cellHttpUtilParseUri' in 'cellHttpUtil' module (HLE)
LDR: W Unimplemented function 'cellHttpUtilParseProxy' in 'cellHttpUtil' module (HLE)
LDR: W Unimplemented function 'cellHttpUtilParseHeader' in 'cellHttpUtil' module (HLE)
LDR: ! Imported function 'cellMicIsOpen' in 'cellMic' module  (HLE)
LDR: ! Imported function 'cellMicIsAttached' in 'cellMic' module  (HLE)
LDR: ! Imported function 'cellMicRemoveNotifyEventQueue' in 'cellMic' module  (HLE)
LDR: ! Imported function 'cellMicSetNotifyEventQueue' in 'cellMic' module  (HLE)
LDR: ! Imported function 'cellMicInit' in 'cellMic' module  (HLE)
LDR: ! Imported function 'cellMicClose' in 'cellMic' module  (HLE)
LDR: ! Imported function 'cellMicGetSignalState' in 'cellMic' module  (HLE)
LDR: ! Imported function 'cellMicReadDsp' in 'cellMic' module  (HLE)
LDR: ! Imported function 'cellMicEnd' in 'cellMic' module  (HLE)
LDR: ! Imported function 'cellMicOpen' in 'cellMic' module  (HLE)
LDR: ! Imported function 'cellMicStart' in 'cellMic' module  (HLE)
LDR: ! Imported function 'cellMicStop' in 'cellMic' module  (HLE)
LDR: ! Imported function 'sys_lwmutex_lock' in 'sysPrxForUser' module  (HLE)
LDR: ! Imported function 'sys_lwmutex_unlock' in 'sysPrxForUser' module  (HLE)
LDR: ! Imported function 'sys_lwcond_destroy' in 'sysPrxForUser' module  (HLE)
LDR: ! Imported function 'sys_ppu_thread_create' in 'sysPrxForUser' module  (HLE)
LDR: ! Imported function 'sys_lwcond_wait' in 'sysPrxForUser' module  (HLE)
LDR: ! Imported function '_sys_process_atexitspawn' in 'sysPrxForUser' module  (HLE)
LDR: ! Imported function 'sys_lwmutex_create' in 'sysPrxForUser' module  (HLE)
LDR: ! Imported function 'sys_ppu_thread_get_id' in 'sysPrxForUser' module  (HLE)
LDR: ! Imported function 'sys_mmapper_free_memory' in 'sysPrxForUser' module  (HLE)
LDR: ! Imported function 'sys_prx_register_library' in 'sysPrxForUser' module  (HLE)
LDR: ! Imported function '_sys_spu_printf_initialize' in 'sysPrxForUser' module  (HLE)
LDR: ! Imported function 'sys_mmapper_unmap_memory' in 'sysPrxForUser' module  (HLE)
LDR: ! Imported function 'sys_process_is_stack' in 'sysPrxForUser' module  (HLE)
LDR: ! Imported function 'sys_spinlock_unlock' in 'sysPrxForUser' module  (HLE)
LDR: ! Imported function 'sys_game_process_exitspawn2' in 'sysPrxForUser' module  (HLE)
LDR: ! Imported function 'sys_spinlock_trylock' in 'sysPrxForUser' module  (HLE)
LDR: ! Imported function 'sys_initialize_tls' in 'sysPrxForUser' module  (HLE)
LDR: ! Imported function 'sys_time_get_system_time' in 'sysPrxForUser' module  (HLE)
LDR: ! Imported function 'sys_spinlock_initialize' in 'sysPrxForUser' module  (HLE)
LDR: ! Imported function '_sys_process_at_Exitspawn' in 'sysPrxForUser' module  (HLE)
LDR: ! Imported function 'sys_spinlock_lock' in 'sysPrxForUser' module  (HLE)
LDR: ! Imported function 'sys_prx_exitspawn_with_level' in 'sysPrxForUser' module  (HLE)
LDR: ! Imported function 'sys_ppu_thread_once' in 'sysPrxForUser' module  (HLE)
LDR: ! Imported function 'sys_lwmutex_trylock' in 'sysPrxForUser' module  (HLE)
LDR: ! Imported function 'sys_ppu_thread_exit' in 'sysPrxForUser' module  (HLE)
LDR: ! Imported function 'sys_mmapper_allocate_memory' in 'sysPrxForUser' module  (HLE)
LDR: ! Imported function 'sys_lwmutex_destroy' in 'sysPrxForUser' module  (HLE)
LDR: ! Imported function 'sys_lwcond_create' in 'sysPrxForUser' module  (HLE)
LDR: ! Imported function '_sys_spu_printf_finalize' in 'sysPrxForUser' module  (HLE)
LDR: ! Imported function 'sys_spu_image_close' in 'sysPrxForUser' module  (HLE)
LDR: ! Imported function 'sys_process_exit' in 'sysPrxForUser' module  (HLE)
LDR: ! Imported function 'sys_lwcond_signal_all' in 'sysPrxForUser' module  (HLE)
LDR: ! Imported function 'sys_lwcond_signal' in 'sysPrxForUser' module  (HLE)
HLE: W {PPU[1] Thread (main_thread)[0x028ec04c]} sys_lwmutex warning: sys_lwmutex_create(lwmutex_addr=0x286e3e8, attr_addr=0x2183a78)
HLE: ! {PPU[1] Thread (main_thread)[0x028ec04c]} sys_lwmutex: *** lwmutex created [_lc_mtx] (attribute=0x12): sq_id = 3
HLE: W {PPU[1] Thread (main_thread)[0x01607a5c]} sys_memory warning: sys_memory_get_user_memory_size(mem_info_addr=0xd000fc04)
HLE: W {PPU[1] Thread (main_thread)[0x028ec04c]} sys_lwmutex warning: sys_lwmutex_create(lwmutex_addr=0x286e1e8, attr_addr=0x2183a78)
HLE: ! {PPU[1] Thread (main_thread)[0x028ec04c]} sys_lwmutex: *** lwmutex created [_lc_mtx] (attribute=0x12): sq_id = 4
HLE: W {PPU[1] Thread (main_thread)[0x028ec04c]} sys_lwmutex warning: sys_lwmutex_create(lwmutex_addr=0x286d538, attr_addr=0x2183a78)
HLE: ! {PPU[1] Thread (main_thread)[0x028ec04c]} sys_lwmutex: *** lwmutex created [_lc_mtx] (attribute=0x12): sq_id = 5
HLE: W {PPU[1] Thread (main_thread)[0x028ec04c]} sys_lwmutex warning: sys_lwmutex_create(lwmutex_addr=0x286d560, attr_addr=0x2183a78)
HLE: ! {PPU[1] Thread (main_thread)[0x028ec04c]} sys_lwmutex: *** lwmutex created [_lc_mtx] (attribute=0x12): sq_id = 6
HLE: W {PPU[1] Thread (main_thread)[0x028ec04c]} sys_lwmutex warning: sys_lwmutex_create(lwmutex_addr=0x286d588, attr_addr=0x2183a78)
HLE: ! {PPU[1] Thread (main_thread)[0x028ec04c]} sys_lwmutex: *** lwmutex created [_lc_mtx] (attribute=0x12): sq_id = 7
HLE: W {PPU[1] Thread (main_thread)[0x028ec04c]} sys_lwmutex warning: sys_lwmutex_create(lwmutex_addr=0x286d470, attr_addr=0x2183a78)
HLE: ! {PPU[1] Thread (main_thread)[0x028ec04c]} sys_lwmutex: *** lwmutex created [_lc_mtx] (attribute=0x12): sq_id = 8
HLE: W {PPU[1] Thread (main_thread)[0x028ec04c]} sys_lwmutex warning: sys_lwmutex_create(lwmutex_addr=0x286d498, attr_addr=0x2183a78)
HLE: ! {PPU[1] Thread (main_thread)[0x028ec04c]} sys_lwmutex: *** lwmutex created [_lc_mtx] (attribute=0x12): sq_id = 9
HLE: W {PPU[1] Thread (main_thread)[0x028ec04c]} sys_lwmutex warning: sys_lwmutex_create(lwmutex_addr=0x286d4c0, attr_addr=0x2183a78)
HLE: ! {PPU[1] Thread (main_thread)[0x028ec04c]} sys_lwmutex: *** lwmutex created [_lc_mtx] (attribute=0x12): sq_id = 10
HLE: W {PPU[1] Thread (main_thread)[0x028ec04c]} sys_lwmutex warning: sys_lwmutex_create(lwmutex_addr=0x286d4e8, attr_addr=0x2183a78)
HLE: ! {PPU[1] Thread (main_thread)[0x028ec04c]} sys_lwmutex: *** lwmutex created [_lc_mtx] (attribute=0x12): sq_id = 11
HLE: W {PPU[1] Thread (main_thread)[0x028ec04c]} sys_lwmutex warning: sys_lwmutex_create(lwmutex_addr=0x286d510, attr_addr=0x2183a78)
HLE: ! {PPU[1] Thread (main_thread)[0x028ec04c]} sys_lwmutex: *** lwmutex created [_lc_mtx] (attribute=0x12): sq_id = 12
HLE: W {PPU[1] Thread (main_thread)[0x028ec04c]} sys_lwmutex warning: sys_lwmutex_create(lwmutex_addr=0x286a2c0, attr_addr=0xd000fa80)
HLE: ! {PPU[1] Thread (main_thread)[0x028ec04c]} sys_lwmutex: *** lwmutex created [Adaptiv] (attribute=0x12): sq_id = 13
HLE: W {PPU[1] Thread (main_thread)[0x028ec04c]} sys_lwmutex warning: sys_lwmutex_create(lwmutex_addr=0x2867f78, attr_addr=0xd000fa80)
HLE: ! {PPU[1] Thread (main_thread)[0x028ec04c]} sys_lwmutex: *** lwmutex created [Adaptiv] (attribute=0x12): sq_id = 14
HLE: W {PPU[1] Thread (main_thread)[0x028ec04c]} sys_lwmutex warning: sys_lwmutex_create(lwmutex_addr=0x276a1c8, attr_addr=0xd000f730)
HLE: ! {PPU[1] Thread (main_thread)[0x028ec04c]} sys_lwmutex: *** lwmutex created [] (attribute=0x12): sq_id = 15
HLE: W {PPU[1] Thread (main_thread)[0x028ec04c]} sys_lwmutex warning: sys_lwmutex_create(lwmutex_addr=0x276a1a8, attr_addr=0xd000f720)
HLE: ! {PPU[1] Thread (main_thread)[0x028ec04c]} sys_lwmutex: *** lwmutex created [] (attribute=0x12): sq_id = 16
HLE: W {PPU[1] Thread (main_thread)[0x028ec04c]} sys_lwmutex warning: sys_lwmutex_create(lwmutex_addr=0x276a188, attr_addr=0xd000f710)
HLE: ! {PPU[1] Thread (main_thread)[0x028ec04c]} sys_lwmutex: *** lwmutex created [] (attribute=0x12): sq_id = 17
HLE: W {PPU[1] Thread (main_thread)[0x028ec04c]} sys_lwmutex warning: sys_lwmutex_create(lwmutex_addr=0x2769c80, attr_addr=0xd000f670)
HLE: ! {PPU[1] Thread (main_thread)[0x028ec04c]} sys_lwmutex: *** lwmutex created [] (attribute=0x12): sq_id = 18
HLE: W {PPU[1] Thread (main_thread)[0x028ec04c]} sys_lwmutex warning: sys_lwmutex_create(lwmutex_addr=0x2769cb0, attr_addr=0xd000f670)
HLE: ! {PPU[1] Thread (main_thread)[0x028ec04c]} sys_lwmutex: *** lwmutex created [] (attribute=0x12): sq_id = 19
HLE: W {PPU[1] Thread (main_thread)[0x028ec04c]} sys_lwmutex warning: sys_lwmutex_create(lwmutex_addr=0x2769ce0, attr_addr=0xd000f670)
HLE: ! {PPU[1] Thread (main_thread)[0x028ec04c]} sys_lwmutex: *** lwmutex created [] (attribute=0x12): sq_id = 20
HLE: W {PPU[1] Thread (main_thread)[0x028ec04c]} sys_lwmutex warning: sys_lwmutex_create(lwmutex_addr=0x2769d10, attr_addr=0xd000f670)
HLE: ! {PPU[1] Thread (main_thread)[0x028ec04c]} sys_lwmutex: *** lwmutex created [] (attribute=0x12): sq_id = 21
HLE: W {PPU[1] Thread (main_thread)[0x028ec04c]} sys_lwmutex warning: sys_lwmutex_create(lwmutex_addr=0x2769d40, attr_addr=0xd000f670)
HLE: ! {PPU[1] Thread (main_thread)[0x028ec04c]} sys_lwmutex: *** lwmutex created [] (attribute=0x12): sq_id = 22
HLE: W {PPU[1] Thread (main_thread)[0x028ec04c]} sys_lwmutex warning: sys_lwmutex_create(lwmutex_addr=0x2769d70, attr_addr=0xd000f670)
HLE: ! {PPU[1] Thread (main_thread)[0x028ec04c]} sys_lwmutex: *** lwmutex created [] (attribute=0x12): sq_id = 23
HLE: W {PPU[1] Thread (main_thread)[0x028ec04c]} sys_lwmutex warning: sys_lwmutex_create(lwmutex_addr=0x2769da0, attr_addr=0xd000f670)
HLE: ! {PPU[1] Thread (main_thread)[0x028ec04c]} sys_lwmutex: *** lwmutex created [] (attribute=0x12): sq_id = 24
HLE: W {PPU[1] Thread (main_thread)[0x028ec04c]} sys_lwmutex warning: sys_lwmutex_create(lwmutex_addr=0x2769dd0, attr_addr=0xd000f670)
HLE: ! {PPU[1] Thread (main_thread)[0x028ec04c]} sys_lwmutex: *** lwmutex created [] (attribute=0x12): sq_id = 25
HLE: W {PPU[1] Thread (main_thread)[0x028ec04c]} sys_lwmutex warning: sys_lwmutex_create(lwmutex_addr=0x2769e00, attr_addr=0xd000f670)
HLE: ! {PPU[1] Thread (main_thread)[0x028ec04c]} sys_lwmutex: *** lwmutex created [] (attribute=0x12): sq_id = 26
HLE: W {PPU[1] Thread (main_thread)[0x028ec04c]} sys_lwmutex warning: sys_lwmutex_create(lwmutex_addr=0x2769e30, attr_addr=0xd000f670)
HLE: ! {PPU[1] Thread (main_thread)[0x028ec04c]} sys_lwmutex: *** lwmutex created [] (attribute=0x12): sq_id = 27
HLE: W {PPU[1] Thread (main_thread)[0x028ec04c]} sys_lwmutex warning: sys_lwmutex_create(lwmutex_addr=0x2769e60, attr_addr=0xd000f670)
HLE: ! {PPU[1] Thread (main_thread)[0x028ec04c]} sys_lwmutex: *** lwmutex created [] (attribute=0x12): sq_id = 28
HLE: W {PPU[1] Thread (main_thread)[0x028ec04c]} sys_lwmutex warning: sys_lwmutex_create(lwmutex_addr=0x2769e90, attr_addr=0xd000f670)
HLE: ! {PPU[1] Thread (main_thread)[0x028ec04c]} sys_lwmutex: *** lwmutex created [] (attribute=0x12): sq_id = 29
HLE: W {PPU[1] Thread (main_thread)[0x028ec04c]} sys_lwmutex warning: sys_lwmutex_create(lwmutex_addr=0x2769ec0, attr_addr=0xd000f670)
HLE: ! {PPU[1] Thread (main_thread)[0x028ec04c]} sys_lwmutex: *** lwmutex created [] (attribute=0x12): sq_id = 30
HLE: W {PPU[1] Thread (main_thread)[0x028ec04c]} sys_lwmutex warning: sys_lwmutex_create(lwmutex_addr=0x2769ef0, attr_addr=0xd000f670)
HLE: ! {PPU[1] Thread (main_thread)[0x028ec04c]} sys_lwmutex: *** lwmutex created [] (attribute=0x12): sq_id = 31
HLE: W {PPU[1] Thread (main_thread)[0x028ec04c]} sys_lwmutex warning: sys_lwmutex_create(lwmutex_addr=0x2769f20, attr_addr=0xd000f670)
HLE: ! {PPU[1] Thread (main_thread)[0x028ec04c]} sys_lwmutex: *** lwmutex created [] (attribute=0x12): sq_id = 32
HLE: W {PPU[1] Thread (main_thread)[0x028ec04c]} sys_lwmutex warning: sys_lwmutex_create(lwmutex_addr=0x2769f50, attr_addr=0xd000f670)
HLE: ! {PPU[1] Thread (main_thread)[0x028ec04c]} sys_lwmutex: *** lwmutex created [] (attribute=0x12): sq_id = 33
HLE: W {PPU[1] Thread (main_thread)[0x028ec04c]} sys_lwmutex warning: sys_lwmutex_create(lwmutex_addr=0x2769f80, attr_addr=0xd000f670)
HLE: ! {PPU[1] Thread (main_thread)[0x028ec04c]} sys_lwmutex: *** lwmutex created [] (attribute=0x12): sq_id = 34
HLE: W {PPU[1] Thread (main_thread)[0x028ec04c]} sys_lwmutex warning: sys_lwmutex_create(lwmutex_addr=0x2769fb0, attr_addr=0xd000f670)
HLE: ! {PPU[1] Thread (main_thread)[0x028ec04c]} sys_lwmutex: *** lwmutex created [] (attribute=0x12): sq_id = 35
HLE: W {PPU[1] Thread (main_thread)[0x028ec04c]} sys_lwmutex warning: sys_lwmutex_create(lwmutex_addr=0x2769fe0, attr_addr=0xd000f670)
HLE: ! {PPU[1] Thread (main_thread)[0x028ec04c]} sys_lwmutex: *** lwmutex created [] (attribute=0x12): sq_id = 36
HLE: W {PPU[1] Thread (main_thread)[0x028ec04c]} sys_lwmutex warning: sys_lwmutex_create(lwmutex_addr=0x276a010, attr_addr=0xd000f670)
HLE: ! {PPU[1] Thread (main_thread)[0x028ec04c]} sys_lwmutex: *** lwmutex created [] (attribute=0x12): sq_id = 37
HLE: W {PPU[1] Thread (main_thread)[0x028ec04c]} sys_lwmutex warning: sys_lwmutex_create(lwmutex_addr=0x276a040, attr_addr=0xd000f670)
HLE: ! {PPU[1] Thread (main_thread)[0x028ec04c]} sys_lwmutex: *** lwmutex created [] (attribute=0x12): sq_id = 38
HLE: W {PPU[1] Thread (main_thread)[0x028ec04c]} sys_lwmutex warning: sys_lwmutex_create(lwmutex_addr=0x276a070, attr_addr=0xd000f670)
HLE: ! {PPU[1] Thread (main_thread)[0x028ec04c]} sys_lwmutex: *** lwmutex created [] (attribute=0x12): sq_id = 39
HLE: W {PPU[1] Thread (main_thread)[0x028ec04c]} sys_lwmutex warning: sys_lwmutex_create(lwmutex_addr=0x276a0a0, attr_addr=0xd000f670)
HLE: ! {PPU[1] Thread (main_thread)[0x028ec04c]} sys_lwmutex: *** lwmutex created [] (attribute=0x12): sq_id = 40
HLE: W {PPU[1] Thread (main_thread)[0x028ec04c]} sys_lwmutex warning: sys_lwmutex_create(lwmutex_addr=0x276a0d0, attr_addr=0xd000f670)
HLE: ! {PPU[1] Thread (main_thread)[0x028ec04c]} sys_lwmutex: *** lwmutex created [] (attribute=0x12): sq_id = 41
HLE: W {PPU[1] Thread (main_thread)[0x028ec04c]} sys_lwmutex warning: sys_lwmutex_create(lwmutex_addr=0x276a100, attr_addr=0xd000f670)
HLE: ! {PPU[1] Thread (main_thread)[0x028ec04c]} sys_lwmutex: *** lwmutex created [] (attribute=0x12): sq_id = 42
HLE: W {PPU[1] Thread (main_thread)[0x028ec04c]} sys_lwmutex warning: sys_lwmutex_create(lwmutex_addr=0x276a130, attr_addr=0xd000f670)
HLE: ! {PPU[1] Thread (main_thread)[0x028ec04c]} sys_lwmutex: *** lwmutex created [] (attribute=0x12): sq_id = 43
HLE: W {PPU[1] Thread (main_thread)[0x028ec04c]} sys_lwmutex warning: sys_lwmutex_create(lwmutex_addr=0x276a160, attr_addr=0xd000f670)
HLE: ! {PPU[1] Thread (main_thread)[0x028ec04c]} sys_lwmutex: *** lwmutex created [] (attribute=0x12): sq_id = 44
HLE: W {PPU[1] Thread (main_thread)[0x028ec04c]} sys_lwmutex warning: sys_lwmutex_create(lwmutex_addr=0x275e4e0, attr_addr=0xd000f6a0)
HLE: ! {PPU[1] Thread (main_thread)[0x028ec04c]} sys_lwmutex: *** lwmutex created [] (attribute=0x12): sq_id = 45
HLE: W {PPU[1] Thread (main_thread)[0x028ec04c]} sys_lwmutex warning: sys_lwmutex_create(lwmutex_addr=0x275e4f8, attr_addr=0xd000f690)
HLE: ! {PPU[1] Thread (main_thread)[0x028ec04c]} sys_lwmutex: *** lwmutex created [] (attribute=0x12): sq_id = 46
HLE: W {PPU[1] Thread (main_thread)[0x028ec04c]} sys_lwmutex warning: sys_lwmutex_create(lwmutex_addr=0x275e510, attr_addr=0xd000f680)
HLE: ! {PPU[1] Thread (main_thread)[0x028ec04c]} sys_lwmutex: *** lwmutex created [] (attribute=0x12): sq_id = 47
HLE: W {PPU[1] Thread (main_thread)[0x028ec04c]} sys_lwmutex warning: sys_lwmutex_create(lwmutex_addr=0x275e528, attr_addr=0xd000f670)
HLE: ! {PPU[1] Thread (main_thread)[0x028ec04c]} sys_lwmutex: *** lwmutex created [] (attribute=0x12): sq_id = 48
HLE: W {PPU[1] Thread (main_thread)[0x028ec04c]} sys_lwmutex warning: sys_lwmutex_create(lwmutex_addr=0x275e540, attr_addr=0xd000f660)
HLE: ! {PPU[1] Thread (main_thread)[0x028ec04c]} sys_lwmutex: *** lwmutex created [] (attribute=0x12): sq_id = 49
HLE: W {PPU[1] Thread (main_thread)[0x028ec04c]} sys_lwmutex warning: sys_lwmutex_create(lwmutex_addr=0x275e558, attr_addr=0xd000f650)
HLE: ! {PPU[1] Thread (main_thread)[0x028ec04c]} sys_lwmutex: *** lwmutex created [] (attribute=0x12): sq_id = 50
HLE: W {PPU[1] Thread (main_thread)[0x028ec04c]} sys_lwmutex warning: sys_lwmutex_create(lwmutex_addr=0x275f520, attr_addr=0xd000f640)
HLE: ! {PPU[1] Thread (main_thread)[0x028ec04c]} sys_lwmutex: *** lwmutex created [] (attribute=0x12): sq_id = 51
HLE: W {PPU[1] Thread (main_thread)[0x00043640]} sys_memory warning: sys_memory_get_user_memory_size(mem_info_addr=0xd000f574)
HLE: E {PPU[1] Thread (main_thread)[0x0004376c]} sys_vm error: sys_vm_memory_map(vsize=0x10000000, psize=0xf740000, cidr=0xffffffff, flags=0x200, policy=0x1, addr_addr=0x275f4cc)
MEM: W {PPU[1] Thread (main_thread)[0x0004376c]} Memory mapped at 0x60000000: size=0x10000000
HLE: W {PPU[1] Thread (main_thread)[0x00043850]} sys_mmapper warning: sys_mmapper_allocate_address(size=0x10000000, flags=0x40f, alignment=0x10000000, alloc_addr=0xd000f570)
HLE: E {PPU[1] Thread (main_thread)[0x00046260]} sys_vm TODO: sys_vm_touch(addr=0x60000000,size=0x0)
HLE: E {PPU[1] Thread (main_thread)[0x00046260]} sys_vm TODO: sys_vm_touch(addr=0x60000000,size=0x10000)
HLE: W {PPU[1] Thread (main_thread)[0x028ec04c]} sys_lwmutex warning: sys_lwmutex_create(lwmutex_addr=0x60000020, attr_addr=0x2183a78)
HLE: ! {PPU[1] Thread (main_thread)[0x028ec04c]} sys_lwmutex: *** lwmutex created [_lc_mtx] (attribute=0x12): sq_id = 52
HLE: W {PPU[1] Thread (main_thread)[0x028ec04c]} sys_lwmutex warning: sys_lwmutex_create(lwmutex_addr=0x600000a0, attr_addr=0x2183a78)
HLE: ! {PPU[1] Thread (main_thread)[0x028ec04c]} sys_lwmutex: *** lwmutex created [_lc_mtx] (attribute=0x12): sq_id = 53
HLE: W {PPU[1] Thread (main_thread)[0x028ec04c]} sys_lwmutex warning: sys_lwmutex_create(lwmutex_addr=0x60000130, attr_addr=0x2183a78)
HLE: ! {PPU[1] Thread (main_thread)[0x028ec04c]} sys_lwmutex: *** lwmutex created [_lc_mtx] (attribute=0x12): sq_id = 54
HLE: W {PPU[1] Thread (main_thread)[0x028ec04c]} sys_lwmutex warning: sys_lwmutex_create(lwmutex_addr=0x60000190, attr_addr=0x2183a78)
HLE: ! {PPU[1] Thread (main_thread)[0x028ec04c]} sys_lwmutex: *** lwmutex created [_lc_mtx] (attribute=0x12): sq_id = 55
HLE: W {PPU[1] Thread (main_thread)[0x028ec04c]} sys_lwmutex warning: sys_lwmutex_create(lwmutex_addr=0x600001d0, attr_addr=0x2183a78)
HLE: ! {PPU[1] Thread (main_thread)[0x028ec04c]} sys_lwmutex: *** lwmutex created [_lc_mtx] (attribute=0x12): sq_id = 56
HLE: W {PPU[1] Thread (main_thread)[0x028ec04c]} sys_lwmutex warning: sys_lwmutex_create(lwmutex_addr=0x60000210, attr_addr=0x2183a78)
HLE: ! {PPU[1] Thread (main_thread)[0x028ec04c]} sys_lwmutex: *** lwmutex created [_lc_mtx] (attribute=0x12): sq_id = 57
HLE: W {PPU[1] Thread (main_thread)[0x028ec04c]} sys_lwmutex warning: sys_lwmutex_create(lwmutex_addr=0x600002d0, attr_addr=0x2183a78)
HLE: ! {PPU[1] Thread (main_thread)[0x028ec04c]} sys_lwmutex: *** lwmutex created [_lc_mtx] (attribute=0x12): sq_id = 58
HLE: W {PPU[1] Thread (main_thread)[0x028ec04c]} sys_lwmutex warning: sys_lwmutex_create(lwmutex_addr=0x60000300, attr_addr=0x2183a78)
HLE: ! {PPU[1] Thread (main_thread)[0x028ec04c]} sys_lwmutex: *** lwmutex created [_lc_mtx] (attribute=0x12): sq_id = 59
HLE: W {PPU[1] Thread (main_thread)[0x028ec04c]} sys_lwmutex warning: sys_lwmutex_create(lwmutex_addr=0x60000330, attr_addr=0x2183a78)
HLE: ! {PPU[1] Thread (main_thread)[0x028ec04c]} sys_lwmutex: *** lwmutex created [_lc_mtx] (attribute=0x12): sq_id = 60
HLE: W {PPU[1] Thread (main_thread)[0x028ec04c]} sys_lwmutex warning: sys_lwmutex_create(lwmutex_addr=0x60000360, attr_addr=0x2183a78)
HLE: ! {PPU[1] Thread (main_thread)[0x028ec04c]} sys_lwmutex: *** lwmutex created [_lc_mtx] (attribute=0x12): sq_id = 61
HLE: W {PPU[1] Thread (main_thread)[0x028ec04c]} sys_lwmutex warning: sys_lwmutex_create(lwmutex_addr=0x60000390, attr_addr=0x2183a78)
HLE: ! {PPU[1] Thread (main_thread)[0x028ec04c]} sys_lwmutex: *** lwmutex created [_lc_mtx] (attribute=0x12): sq_id = 62
HLE: W {PPU[1] Thread (main_thread)[0x028ec04c]} sys_lwmutex warning: sys_lwmutex_create(lwmutex_addr=0x600003c0, attr_addr=0x2183a78)
HLE: ! {PPU[1] Thread (main_thread)[0x028ec04c]} sys_lwmutex: *** lwmutex created [_lc_mtx] (attribute=0x12): sq_id = 63
HLE: W {PPU[1] Thread (main_thread)[0x028ec04c]} sys_lwmutex warning: sys_lwmutex_create(lwmutex_addr=0x2863530, attr_addr=0xd000fb10)
HLE: ! {PPU[1] Thread (main_thread)[0x028ec04c]} sys_lwmutex: *** lwmutex created [Adaptiv] (attribute=0x12): sq_id = 64
HLE: W {PPU[1] Thread (main_thread)[0x028ec04c]} sys_lwmutex warning: sys_lwmutex_create(lwmutex_addr=0x2858398, attr_addr=0xd000fb10)
HLE: ! {PPU[1] Thread (main_thread)[0x028ec04c]} sys_lwmutex: *** lwmutex created [Adaptiv] (attribute=0x12): sq_id = 65
HLE: W {PPU[1] Thread (main_thread)[0x028ec04c]} sys_lwmutex warning: sys_lwmutex_create(lwmutex_addr=0x2858340, attr_addr=0xd000fb10)
HLE: ! {PPU[1] Thread (main_thread)[0x028ec04c]} sys_lwmutex: *** lwmutex created [Adaptiv] (attribute=0x12): sq_id = 66
HLE: W {PPU[1] Thread (main_thread)[0x028ec04c]} sys_lwmutex warning: sys_lwmutex_create(lwmutex_addr=0x2836b20, attr_addr=0xd000fb50)
HLE: ! {PPU[1] Thread (main_thread)[0x028ec04c]} sys_lwmutex: *** lwmutex created [Adaptiv] (attribute=0x12): sq_id = 67
HLE: W {PPU[1] Thread (main_thread)[0x028ec04c]} sys_lwmutex warning: sys_lwmutex_create(lwmutex_addr=0x2836b48, attr_addr=0xd000fb50)
HLE: ! {PPU[1] Thread (main_thread)[0x028ec04c]} sys_lwmutex: *** lwmutex created [Adaptiv] (attribute=0x12): sq_id = 68
HLE: E {PPU[1] Thread (main_thread)[0x01e15084]} sys_mutex TODO: sys_mutex_create(): SYS_SYNC_PRIORITY_INHERIT
HLE: W {PPU[1] Thread (main_thread)[0x01e15084]} sys_mutex warning: *** mutex created [] (protocol=0x3, recursive=true): id = 69
HLE: W {PPU[1] Thread (main_thread)[0x028ec04c]} sys_lwmutex warning: sys_lwmutex_create(lwmutex_addr=0x27fdf80, attr_addr=0xd000fb40)
HLE: ! {PPU[1] Thread (main_thread)[0x028ec04c]} sys_lwmutex: *** lwmutex created [Blockin] (attribute=0x12): sq_id = 70
HLE: W {PPU[1] Thread (main_thread)[0x028ec04c]} sys_lwmutex warning: sys_lwmutex_create(lwmutex_addr=0x2814560, attr_addr=0xd000fb30)
HLE: ! {PPU[1] Thread (main_thread)[0x028ec04c]} sys_lwmutex: *** lwmutex created [Blockin] (attribute=0x12): sq_id = 71
HLE: W {PPU[1] Thread (main_thread)[0x028ec04c]} sys_lwmutex warning: sys_lwmutex_create(lwmutex_addr=0x2819640, attr_addr=0xd000fb40)
HLE: ! {PPU[1] Thread (main_thread)[0x028ec04c]} sys_lwmutex: *** lwmutex created [Blockin] (attribute=0x12): sq_id = 72
HLE: W {PPU[1] Thread (main_thread)[0x028ec04c]} sys_lwmutex warning: sys_lwmutex_create(lwmutex_addr=0x2821700, attr_addr=0xd000fb30)
HLE: ! {PPU[1] Thread (main_thread)[0x028ec04c]} sys_lwmutex: *** lwmutex created [Blockin] (attribute=0x12): sq_id = 73
HLE: W {PPU[1] Thread (main_thread)[0x028ec04c]} sys_lwmutex warning: sys_lwmutex_create(lwmutex_addr=0x28217b8, attr_addr=0xd000fb40)
HLE: ! {PPU[1] Thread (main_thread)[0x028ec04c]} sys_lwmutex: *** lwmutex created [Blockin] (attribute=0x12): sq_id = 74
HLE: W {PPU[1] Thread (main_thread)[0x028ec04c]} sys_lwmutex warning: sys_lwmutex_create(lwmutex_addr=0x2829818, attr_addr=0xd000fb30)
HLE: ! {PPU[1] Thread (main_thread)[0x028ec04c]} sys_lwmutex: *** lwmutex created [Blockin] (attribute=0x12): sq_id = 75
HLE: W {PPU[1] Thread (main_thread)[0x028ec04c]} sys_lwmutex warning: sys_lwmutex_create(lwmutex_addr=0x282b258, attr_addr=0xd000fb40)
HLE: ! {PPU[1] Thread (main_thread)[0x028ec04c]} sys_lwmutex: *** lwmutex created [Blockin] (attribute=0x12): sq_id = 76
HLE: W {PPU[1] Thread (main_thread)[0x028ec04c]} sys_lwmutex warning: sys_lwmutex_create(lwmutex_addr=0x27eb6d8, attr_addr=0xd000fb70)
HLE: ! {PPU[1] Thread (main_thread)[0x028ec04c]} sys_lwmutex: *** lwmutex created [] (attribute=0x12): sq_id = 77
HLE: W {PPU[1] Thread (main_thread)[0x028ec04c]} sys_lwmutex warning: sys_lwmutex_create(lwmutex_addr=0x27c1a30, attr_addr=0xd000fba0)
HLE: ! {PPU[1] Thread (main_thread)[0x028ec04c]} sys_lwmutex: *** lwmutex created [] (attribute=0x12): sq_id = 78
HLE: W {PPU[1] Thread (main_thread)[0x028ec04c]} sys_lwmutex warning: sys_lwmutex_create(lwmutex_addr=0x2877e78, attr_addr=0xd000fa20)
HLE: ! {PPU[1] Thread (main_thread)[0x028ec04c]} sys_lwmutex: *** lwmutex created [Adaptiv] (attribute=0x12): sq_id = 79
HLE: W {PPU[1] Thread (main_thread)[0x028ec04c]} sys_lwmutex warning: sys_lwmutex_create(lwmutex_addr=0x27e9a58, attr_addr=0xd000fb90)
HLE: ! {PPU[1] Thread (main_thread)[0x028ec04c]} sys_lwmutex: *** lwmutex created [] (attribute=0x12): sq_id = 80
HLE: W {PPU[1] Thread (main_thread)[0x028ec04c]} sys_lwmutex warning: sys_lwmutex_create(lwmutex_addr=0x27c0e80, attr_addr=0xd000f920)
HLE: ! {PPU[1] Thread (main_thread)[0x028ec04c]} sys_lwmutex: *** lwmutex created [] (attribute=0x12): sq_id = 81
HLE: W {PPU[1] Thread (main_thread)[0x028ec04c]} sys_lwmutex warning: sys_lwmutex_create(lwmutex_addr=0x27c1088, attr_addr=0xd000f9c0)
HLE: ! {PPU[1] Thread (main_thread)[0x028ec04c]} sys_lwmutex: *** lwmutex created [] (attribute=0x12): sq_id = 82
HLE: W {PPU[1] Thread (main_thread)[0x028ec04c]} sys_lwmutex warning: sys_lwmutex_create(lwmutex_addr=0x27c1678, attr_addr=0xd000f9b0)
HLE: ! {PPU[1] Thread (main_thread)[0x028ec04c]} sys_lwmutex: *** lwmutex created [] (attribute=0x12): sq_id = 83
HLE: W {PPU[1] Thread (main_thread)[0x028ec04c]} sys_lwmutex warning: sys_lwmutex_create(lwmutex_addr=0x27bfe08, attr_addr=0xd000fb80)
HLE: ! {PPU[1] Thread (main_thread)[0x028ec04c]} sys_lwmutex: *** lwmutex created [] (attribute=0x12): sq_id = 84
HLE: E {PPU[1] Thread (main_thread)[0x00046260]} sys_vm TODO: sys_vm_touch(addr=0x60010000,size=0x10000)
HLE: W {PPU[1] Thread (main_thread)[0x028ec04c]} sys_lwmutex warning: sys_lwmutex_create(lwmutex_addr=0x27bd4a0, attr_addr=0xd000faf0)
HLE: ! {PPU[1] Thread (main_thread)[0x028ec04c]} sys_lwmutex: *** lwmutex created [] (attribute=0x12): sq_id = 85
HLE: W {PPU[1] Thread (main_thread)[0x028ec04c]} sys_lwmutex warning: sys_lwmutex_create(lwmutex_addr=0x27bd4b8, attr_addr=0xd000faf0)
HLE: ! {PPU[1] Thread (main_thread)[0x028ec04c]} sys_lwmutex: *** lwmutex created [] (attribute=0x12): sq_id = 86
HLE: W {PPU[1] Thread (main_thread)[0x028ec04c]} sys_lwmutex warning: sys_lwmutex_create(lwmutex_addr=0x27bd4d0, attr_addr=0xd000faf0)
HLE: ! {PPU[1] Thread (main_thread)[0x028ec04c]} sys_lwmutex: *** lwmutex created [] (attribute=0x12): sq_id = 87
HLE: W {PPU[1] Thread (main_thread)[0x028ec04c]} sys_lwmutex warning: sys_lwmutex_create(lwmutex_addr=0x27bd4e8, attr_addr=0xd000faf0)
HLE: ! {PPU[1] Thread (main_thread)[0x028ec04c]} sys_lwmutex: *** lwmutex created [] (attribute=0x12): sq_id = 88
HLE: W {PPU[1] Thread (main_thread)[0x028ec04c]} sys_lwmutex warning: sys_lwmutex_create(lwmutex_addr=0x27bd500, attr_addr=0xd000faf0)
HLE: ! {PPU[1] Thread (main_thread)[0x028ec04c]} sys_lwmutex: *** lwmutex created [] (attribute=0x12): sq_id = 89
HLE: W {PPU[1] Thread (main_thread)[0x028ec04c]} sys_lwmutex warning: sys_lwmutex_create(lwmutex_addr=0x27a3328, attr_addr=0xd000fae0)
HLE: ! {PPU[1] Thread (main_thread)[0x028ec04c]} sys_lwmutex: *** lwmutex created [] (attribute=0x12): sq_id = 90
HLE: W {PPU[1] Thread (main_thread)[0x028ec04c]} sys_lwmutex warning: sys_lwmutex_create(lwmutex_addr=0x279f100, attr_addr=0xd000fb70)
HLE: ! {PPU[1] Thread (main_thread)[0x028ec04c]} sys_lwmutex: *** lwmutex created [] (attribute=0x12): sq_id = 91
HLE: W {PPU[1] Thread (main_thread)[0x028ec04c]} sys_lwmutex warning: sys_lwmutex_create(lwmutex_addr=0x279f200, attr_addr=0xd000fb60)
HLE: ! {PPU[1] Thread (main_thread)[0x028ec04c]} sys_lwmutex: *** lwmutex created [] (attribute=0x12): sq_id = 92
HLE: W {PPU[1] Thread (main_thread)[0x028ec04c]} sys_lwmutex warning: sys_lwmutex_create(lwmutex_addr=0x279bad0, attr_addr=0xd000fb80)
HLE: ! {PPU[1] Thread (main_thread)[0x028ec04c]} sys_lwmutex: *** lwmutex created [] (attribute=0x12): sq_id = 93
HLE: W {PPU[1] Thread (main_thread)[0x028ec04c]} sys_lwmutex warning: sys_lwmutex_create(lwmutex_addr=0x279ba88, attr_addr=0xd000fb70)
HLE: ! {PPU[1] Thread (main_thread)[0x028ec04c]} sys_lwmutex: *** lwmutex created [] (attribute=0x12): sq_id = 94
HLE: W {PPU[1] Thread (main_thread)[0x028ec04c]} sys_lwmutex warning: sys_lwmutex_create(lwmutex_addr=0x279baa0, attr_addr=0xd000fb60)
HLE: ! {PPU[1] Thread (main_thread)[0x028ec04c]} sys_lwmutex: *** lwmutex created [] (attribute=0x12): sq_id = 95
HLE: W {PPU[1] Thread (main_thread)[0x0106d344]} sys_rwlock warning: sys_rwlock_create(rw_lock_id_addr=0x279bac4, attr_addr=0xd000fad0)
HLE: W {PPU[1] Thread (main_thread)[0x0106d344]} sys_rwlock warning: *** rwlock created [] (protocol=0x2): id = 96
HLE: W {PPU[1] Thread (main_thread)[0x028ec04c]} sys_lwmutex warning: sys_lwmutex_create(lwmutex_addr=0x27979e0, attr_addr=0xd000fb70)
HLE: ! {PPU[1] Thread (main_thread)[0x028ec04c]} sys_lwmutex: *** lwmutex created [] (attribute=0x12): sq_id = 97
HLE: W {PPU[1] Thread (main_thread)[0x028ec04c]} sys_lwmutex warning: sys_lwmutex_create(lwmutex_addr=0x2794ba8, attr_addr=0xd000f9f8)
HLE: ! {PPU[1] Thread (main_thread)[0x028ec04c]} sys_lwmutex: *** lwmutex created [EventMu] (attribute=0x22): sq_id = 98
HLE: W {PPU[1] Thread (main_thread)[0x028ec148]} sys_lwcond warning: *** lwcond created [EventCo] (lwmutex_addr=0x2794ba8): id = 99
HLE: W {PPU[1] Thread (main_thread)[0x028ec04c]} sys_lwmutex warning: sys_lwmutex_create(lwmutex_addr=0x27949b0, attr_addr=0xd000fb70)
HLE: ! {PPU[1] Thread (main_thread)[0x028ec04c]} sys_lwmutex: *** lwmutex created [] (attribute=0x12): sq_id = 100
HLE: W {PPU[1] Thread (main_thread)[0x028ec04c]} sys_lwmutex warning: sys_lwmutex_create(lwmutex_addr=0x2790b48, attr_addr=0xd000fa70)
HLE: ! {PPU[1] Thread (main_thread)[0x028ec04c]} sys_lwmutex: *** lwmutex created [] (attribute=0x12): sq_id = 101
HLE: E {PPU[1] Thread (main_thread)[0x00046260]} sys_vm TODO: sys_vm_touch(addr=0x60020000,size=0x10000)
HLE: W {PPU[1] Thread (main_thread)[0x028ec04c]} sys_lwmutex warning: sys_lwmutex_create(lwmutex_addr=0x279b900, attr_addr=0xd000f890)
HLE: ! {PPU[1] Thread (main_thread)[0x028ec04c]} sys_lwmutex: *** lwmutex created [] (attribute=0x12): sq_id = 102
HLE: W {PPU[1] Thread (main_thread)[0x028ec04c]} sys_lwmutex warning: sys_lwmutex_create(lwmutex_addr=0x279b678, attr_addr=0xd000f910)
HLE: ! {PPU[1] Thread (main_thread)[0x028ec04c]} sys_lwmutex: *** lwmutex created [] (attribute=0x12): sq_id = 103
HLE: W {PPU[1] Thread (main_thread)[0x028ec04c]} sys_lwmutex warning: sys_lwmutex_create(lwmutex_addr=0x27837b8, attr_addr=0xd000f8a0)
HLE: ! {PPU[1] Thread (main_thread)[0x028ec04c]} sys_lwmutex: *** lwmutex created [] (attribute=0x12): sq_id = 104
HLE: W {PPU[1] Thread (main_thread)[0x028ec04c]} sys_lwmutex warning: sys_lwmutex_create(lwmutex_addr=0x2783a08, attr_addr=0xd000f820)
HLE: ! {PPU[1] Thread (main_thread)[0x028ec04c]} sys_lwmutex: *** lwmutex created [] (attribute=0x12): sq_id = 105
HLE: E {PPU[1] Thread (main_thread)[0x00046260]} sys_vm TODO: sys_vm_touch(addr=0x60030000,size=0x10000)
HLE: W {PPU[1] Thread (main_thread)[0x028ec04c]} sys_lwmutex warning: sys_lwmutex_create(lwmutex_addr=0x2783758, attr_addr=0xd000f910)
HLE: ! {PPU[1] Thread (main_thread)[0x028ec04c]} sys_lwmutex: *** lwmutex created [] (attribute=0x12): sq_id = 106
HLE: W {PPU[1] Thread (main_thread)[0x028ec04c]} sys_lwmutex warning: sys_lwmutex_create(lwmutex_addr=0x277acb0, attr_addr=0xd000fa80)
HLE: ! {PPU[1] Thread (main_thread)[0x028ec04c]} sys_lwmutex: *** lwmutex created [] (attribute=0x12): sq_id = 107
HLE: W {PPU[1] Thread (main_thread)[0x028ec04c]} sys_lwmutex warning: sys_lwmutex_create(lwmutex_addr=0x2777188, attr_addr=0xd000faf0)
HLE: ! {PPU[1] Thread (main_thread)[0x028ec04c]} sys_lwmutex: *** lwmutex created [] (attribute=0x12): sq_id = 108
HLE: W {PPU[1] Thread (main_thread)[0x028ec04c]} sys_lwmutex warning: sys_lwmutex_create(lwmutex_addr=0x2777210, attr_addr=0xd000fae0)
HLE: ! {PPU[1] Thread (main_thread)[0x028ec04c]} sys_lwmutex: *** lwmutex created [] (attribute=0x12): sq_id = 109
HLE: W {PPU[1] Thread (main_thread)[0x028ec04c]} sys_lwmutex warning: sys_lwmutex_create(lwmutex_addr=0x27733b0, attr_addr=0xd000faf0)
HLE: ! {PPU[1] Thread (main_thread)[0x028ec04c]} sys_lwmutex: *** lwmutex created [] (attribute=0x12): sq_id = 110
HLE: W {PPU[1] Thread (main_thread)[0x028ec04c]} sys_lwmutex warning: sys_lwmutex_create(lwmutex_addr=0x27731a0, attr_addr=0xd000fae0)
HLE: ! {PPU[1] Thread (main_thread)[0x028ec04c]} sys_lwmutex: *** lwmutex created [] (attribute=0x12): sq_id = 111
HLE: W {PPU[1] Thread (main_thread)[0x028ec04c]} sys_lwmutex warning: sys_lwmutex_create(lwmutex_addr=0x2772130, attr_addr=0xd000fa70)
HLE: ! {PPU[1] Thread (main_thread)[0x028ec04c]} sys_lwmutex: *** lwmutex created [] (attribute=0x12): sq_id = 112
HLE: W {PPU[1] Thread (main_thread)[0x028ec04c]} sys_lwmutex warning: sys_lwmutex_create(lwmutex_addr=0x2771338, attr_addr=0xd000fa10)
HLE: ! {PPU[1] Thread (main_thread)[0x028ec04c]} sys_lwmutex: *** lwmutex created [] (attribute=0x12): sq_id = 113
HLE: W {PPU[1] Thread (main_thread)[0x028ec04c]} sys_lwmutex warning: sys_lwmutex_create(lwmutex_addr=0x2771378, attr_addr=0xd000fa10)
HLE: ! {PPU[1] Thread (main_thread)[0x028ec04c]} sys_lwmutex: *** lwmutex created [] (attribute=0x12): sq_id = 114
HLE: W {PPU[1] Thread (main_thread)[0x028ec04c]} sys_lwmutex warning: sys_lwmutex_create(lwmutex_addr=0x276d890, attr_addr=0xd000fa50)
HLE: ! {PPU[1] Thread (main_thread)[0x028ec04c]} sys_lwmutex: *** lwmutex created [] (attribute=0x12): sq_id = 115
HLE: W {PPU[1] Thread (main_thread)[0x028ec04c]} sys_lwmutex warning: sys_lwmutex_create(lwmutex_addr=0x276c938, attr_addr=0xd000fa70)
HLE: ! {PPU[1] Thread (main_thread)[0x028ec04c]} sys_lwmutex: *** lwmutex created [] (attribute=0x12): sq_id = 116
HLE: W {PPU[1] Thread (main_thread)[0x028ec04c]} sys_lwmutex warning: sys_lwmutex_create(lwmutex_addr=0x276a588, attr_addr=0xd000fa50)
HLE: ! {PPU[1] Thread (main_thread)[0x028ec04c]} sys_lwmutex: *** lwmutex created [] (attribute=0x12): sq_id = 117
HLE: W {PPU[1] Thread (main_thread)[0x028ec04c]} sys_lwmutex warning: sys_lwmutex_create(lwmutex_addr=0x2765600, attr_addr=0xd000fbd0)
HLE: ! {PPU[1] Thread (main_thread)[0x028ec04c]} sys_lwmutex: *** lwmutex created [] (attribute=0x12): sq_id = 118
HLE: W {PPU[1] Thread (main_thread)[0x028ec04c]} sys_lwmutex warning: sys_lwmutex_create(lwmutex_addr=0x2765598, attr_addr=0xd000fbc0)
HLE: ! {PPU[1] Thread (main_thread)[0x028ec04c]} sys_lwmutex: *** lwmutex created [] (attribute=0x12): sq_id = 119
HLE: W {PPU[1] Thread (main_thread)[0x028ec04c]} sys_lwmutex warning: sys_lwmutex_create(lwmutex_addr=0x2765508, attr_addr=0xd000fbd0)
HLE: ! {PPU[1] Thread (main_thread)[0x028ec04c]} sys_lwmutex: *** lwmutex created [] (attribute=0x12): sq_id = 120
HLE: W {PPU[1] Thread (main_thread)[0x028ec04c]} sys_lwmutex warning: sys_lwmutex_create(lwmutex_addr=0x2760890, attr_addr=0xd000fbd0)
HLE: ! {PPU[1] Thread (main_thread)[0x028ec04c]} sys_lwmutex: *** lwmutex created [] (attribute=0x12): sq_id = 121
HLE: W {PPU[1] Thread (main_thread)[0x028ec04c]} sys_lwmutex warning: sys_lwmutex_create(lwmutex_addr=0x275f650, attr_addr=0xd000f9d0)
HLE: ! {PPU[1] Thread (main_thread)[0x028ec04c]} sys_lwmutex: *** lwmutex created [Adaptiv] (attribute=0x12): sq_id = 122
HLE: W {PPU[1] Thread (main_thread)[0x028ec04c]} sys_lwmutex warning: sys_lwmutex_create(lwmutex_addr=0x275f678, attr_addr=0xd000f9d0)
HLE: ! {PPU[1] Thread (main_thread)[0x028ec04c]} sys_lwmutex: *** lwmutex created [Adaptiv] (attribute=0x12): sq_id = 123
HLE: W {PPU[1] Thread (main_thread)[0x028ec04c]} sys_lwmutex warning: sys_lwmutex_create(lwmutex_addr=0x275f6e0, attr_addr=0xd000f9b8)
HLE: ! {PPU[1] Thread (main_thread)[0x028ec04c]} sys_lwmutex: *** lwmutex created [EventMu] (attribute=0x22): sq_id = 124
HLE: W {PPU[1] Thread (main_thread)[0x028ec148]} sys_lwcond warning: *** lwcond created [EventCo] (lwmutex_addr=0x275f6e0): id = 125
HLE: W {PPU[1] Thread (main_thread)[0x028ec04c]} sys_lwmutex warning: sys_lwmutex_create(lwmutex_addr=0x275f710, attr_addr=0xd000f9b8)
HLE: ! {PPU[1] Thread (main_thread)[0x028ec04c]} sys_lwmutex: *** lwmutex created [EventMu] (attribute=0x22): sq_id = 126
HLE: W {PPU[1] Thread (main_thread)[0x028ec148]} sys_lwcond warning: *** lwcond created [EventCo] (lwmutex_addr=0x275f710): id = 127
HLE: W {PPU[1] Thread (main_thread)[0x0001259c]} sys_memory warning: sys_memory_get_user_memory_size(mem_info_addr=0xd000fac0)
HLE: W {PPU[1] Thread (main_thread)[0x028cc01c]} cellSysmodule warning: cellSysmoduleIsLoaded(CELL_SYSMODULE_FS)
HLE: W {PPU[1] Thread (main_thread)[0x028cc010]} cellSysmodule warning: cellSysmoduleLoadModule(CELL_SYSMODULE_FS)
HLE: W {PPU[1] Thread (main_thread)[0x028cc01c]} cellSysmodule warning: cellSysmoduleIsLoaded(CELL_SYSMODULE_NET)
HLE: W {PPU[1] Thread (main_thread)[0x028cc010]} cellSysmodule warning: cellSysmoduleLoadModule(CELL_SYSMODULE_NET)
HLE: W {PPU[1] Thread (main_thread)[0x028cc01c]} cellSysmodule warning: cellSysmoduleIsLoaded(CELL_SYSMODULE_NETCTL)
HLE: W {PPU[1] Thread (main_thread)[0x028cc010]} cellSysmodule warning: cellSysmoduleLoadModule(CELL_SYSMODULE_NETCTL)
HLE: W {PPU[1] Thread (main_thread)[0x028cc01c]} cellSysmodule warning: cellSysmoduleIsLoaded(CELL_SYSMODULE_IO)
HLE: W {PPU[1] Thread (main_thread)[0x028cc010]} cellSysmodule warning: cellSysmoduleLoadModule(CELL_SYSMODULE_IO)
HLE: W {PPU[1] Thread (main_thread)[0x028cc01c]} cellSysmodule warning: cellSysmoduleIsLoaded(CELL_SYSMODULE_GCM_SYS)
HLE: W {PPU[1] Thread (main_thread)[0x028cc010]} cellSysmodule warning: cellSysmoduleLoadModule(CELL_SYSMODULE_GCM_SYS)
HLE: W {PPU[1] Thread (main_thread)[0x028cc01c]} cellSysmodule warning: cellSysmoduleIsLoaded(CELL_SYSMODULE_GCM_SYS)
HLE: W {PPU[1] Thread (main_thread)[0x028cc01c]} cellSysmodule warning: cellSysmoduleIsLoaded(CELL_SYSMODULE_SYSUTIL)
HLE: W {PPU[1] Thread (main_thread)[0x028cc010]} cellSysmodule warning: cellSysmoduleLoadModule(CELL_SYSMODULE_SYSUTIL)
HLE: W {PPU[1] Thread (main_thread)[0x028cc01c]} cellSysmodule warning: cellSysmoduleIsLoaded(CELL_SYSMODULE_KEY2CHAR)
HLE: W {PPU[1] Thread (main_thread)[0x028cc010]} cellSysmodule warning: cellSysmoduleLoadModule(CELL_SYSMODULE_KEY2CHAR)
HLE: W {PPU[1] Thread (main_thread)[0x028cc01c]} cellSysmodule warning: cellSysmoduleIsLoaded(CELL_SYSMODULE_SYSUTIL_NP)
HLE: W {PPU[1] Thread (main_thread)[0x028cc010]} cellSysmodule warning: cellSysmoduleLoadModule(CELL_SYSMODULE_SYSUTIL_NP)
HLE: W {PPU[1] Thread (main_thread)[0x028cc01c]} cellSysmodule warning: cellSysmoduleIsLoaded(CELL_SYSMODULE_L10N)
HLE: W {PPU[1] Thread (main_thread)[0x028cc010]} cellSysmodule warning: cellSysmoduleLoadModule(CELL_SYSMODULE_L10N)
HLE: W {PPU[1] Thread (main_thread)[0x028cc01c]} cellSysmodule warning: cellSysmoduleIsLoaded(CELL_SYSMODULE_AVCONF_EXT)
HLE: W {PPU[1] Thread (main_thread)[0x028cc010]} cellSysmodule warning: cellSysmoduleLoadModule(CELL_SYSMODULE_AVCONF_EXT)
HLE: W {PPU[1] Thread (main_thread)[0x028cc01c]} cellSysmodule warning: cellSysmoduleIsLoaded(CELL_SYSMODULE_SYSUTIL_USERINFO)
HLE: W {PPU[1] Thread (main_thread)[0x028cc010]} cellSysmodule warning: cellSysmoduleLoadModule(CELL_SYSMODULE_SYSUTIL_USERINFO)
HLE: W {PPU[1] Thread (main_thread)[0x028cc01c]} cellSysmodule warning: cellSysmoduleIsLoaded(CELL_SYSMODULE_MIC)
HLE: W {PPU[1] Thread (main_thread)[0x028cc010]} cellSysmodule warning: cellSysmoduleLoadModule(CELL_SYSMODULE_MIC)
HLE: W {PPU[1] Thread (main_thread)[0x028cc01c]} cellSysmodule warning: cellSysmoduleIsLoaded(CELL_SYSMODULE_HTTPS)
HLE: W {PPU[1] Thread (main_thread)[0x028cc010]} cellSysmodule warning: cellSysmoduleLoadModule(CELL_SYSMODULE_HTTPS)
HLE: W {PPU[1] Thread (main_thread)[0x028cc01c]} cellSysmodule warning: cellSysmoduleIsLoaded(CELL_SYSMODULE_HTTP_UTIL)
HLE: W {PPU[1] Thread (main_thread)[0x028cc010]} cellSysmodule warning: cellSysmoduleLoadModule(CELL_SYSMODULE_HTTP_UTIL)
HLE: W {PPU[1] Thread (main_thread)[0x028cc01c]} cellSysmodule warning: cellSysmoduleIsLoaded(CELL_SYSMODULE_SYSUTIL_GAME)
HLE: W {PPU[1] Thread (main_thread)[0x028cc010]} cellSysmodule warning: cellSysmoduleLoadModule(CELL_SYSMODULE_SYSUTIL_GAME)
HLE: W {PPU[1] Thread (main_thread)[0x000127a8]} sys_memory warning: sys_memory_get_user_memory_size(mem_info_addr=0xd000fac8)
HLE: W {PPU[1] Thread (main_thread)[0x028d4058]} cellGame warning: cellGameBootCheck(type_addr=0xd000f750, attributes_addr=0xd000f754, size_addr=0xd000f75c, dirName_addr=0xd000f778)
HLE: W {PPU[1] Thread (main_thread)[0x028d4004]} cellGame warning: cellGameGetParamString(id=100, buf_addr=0x2731f22, bufsize=10)
HLE: W {PPU[1] Thread (main_thread)[0x028d4040]} cellGame warning: cellGameGetParamInt(id=102, value_addr=0x2731f50)
HLE: W {PPU[1] Thread (main_thread)[0x028d401c]} cellGame warning: cellGameContentPermit(contentInfoPath_addr=0xd000f8a0, usrdirPath_addr=0xd000f798)
HLE: W {PPU[1] Thread (main_thread)[0x028d404c]} cellGame warning: cellGameDataCheck(type=0x2, dirName_addr=0x2731f22, size_addr=0xd000f768)
HLE: W {PPU[1] Thread (main_thread)[0x028d401c]} cellGame warning: cellGameContentPermit(contentInfoPath_addr=0xd000f8a0, usrdirPath_addr=0xd000f798)
HLE: W {PPU[1] Thread (main_thread)[0x028cc01c]} cellSysmodule warning: cellSysmoduleIsLoaded(CELL_SYSMODULE_FS)
HLE: W {PPU[1] Thread (main_thread)[0x028cc01c]} cellSysmodule warning: cellSysmoduleIsLoaded(CELL_SYSMODULE_NET)
HLE: W {PPU[1] Thread (main_thread)[0x028cc01c]} cellSysmodule warning: cellSysmoduleIsLoaded(CELL_SYSMODULE_RTC)
HLE: W {PPU[1] Thread (main_thread)[0x028cc010]} cellSysmodule warning: cellSysmoduleLoadModule(CELL_SYSMODULE_RTC)
HLE: W {PPU[1] Thread (main_thread)[0x028cc01c]} cellSysmodule warning: cellSysmoduleIsLoaded(CELL_SYSMODULE_LV2DBG)
HLE: W {PPU[1] Thread (main_thread)[0x028cc010]} cellSysmodule warning: cellSysmoduleLoadModule(CELL_SYSMODULE_LV2DBG)
HLE: W {PPU[1] Thread (main_thread)[0x028ec04c]} sys_lwmutex warning: sys_lwmutex_create(lwmutex_addr=0x27ed390, attr_addr=0xd000f840)
HLE: ! {PPU[1] Thread (main_thread)[0x028ec04c]} sys_lwmutex: *** lwmutex created [Adaptiv] (attribute=0x12): sq_id = 128
HLE: W {PPU[1] Thread (main_thread)[0x028ec04c]} sys_lwmutex warning: sys_lwmutex_create(lwmutex_addr=0x27ee6b8, attr_addr=0xd000f7b0)
HLE: ! {PPU[1] Thread (main_thread)[0x028ec04c]} sys_lwmutex: *** lwmutex created [Adaptiv] (attribute=0x12): sq_id = 129
HLE: W {PPU[1] Thread (main_thread)[0x028ec04c]} sys_lwmutex warning: sys_lwmutex_create(lwmutex_addr=0x27eead0, attr_addr=0xd000f840)
HLE: ! {PPU[1] Thread (main_thread)[0x028ec04c]} sys_lwmutex: *** lwmutex created [Adaptiv] (attribute=0x12): sq_id = 130
HLE: W {PPU[1] Thread (main_thread)[0x028ec04c]} sys_lwmutex warning: sys_lwmutex_create(lwmutex_addr=0x27eeb20, attr_addr=0xd000f750)
HLE: ! {PPU[1] Thread (main_thread)[0x028ec04c]} sys_lwmutex: *** lwmutex created [Adaptiv] (attribute=0x12): sq_id = 131
HLE: W {PPU[1] Thread (main_thread)[0x028ec04c]} sys_lwmutex warning: sys_lwmutex_create(lwmutex_addr=0x27f2c38, attr_addr=0xd000f840)
HLE: ! {PPU[1] Thread (main_thread)[0x028ec04c]} sys_lwmutex: *** lwmutex created [Adaptiv] (attribute=0x12): sq_id = 132
HLE: W {PPU[1] Thread (main_thread)[0x028ec04c]} sys_lwmutex warning: sys_lwmutex_create(lwmutex_addr=0x27f3068, attr_addr=0xd000f6d0)
HLE: ! {PPU[1] Thread (main_thread)[0x028ec04c]} sys_lwmutex: *** lwmutex created [Adaptiv] (attribute=0x12): sq_id = 133
HLE: W {PPU[1] Thread (main_thread)[0x028ec04c]} sys_lwmutex warning: sys_lwmutex_create(lwmutex_addr=0x27f30a0, attr_addr=0xd000f750)
HLE: ! {PPU[1] Thread (main_thread)[0x028ec04c]} sys_lwmutex: *** lwmutex created [Adaptiv] (attribute=0x12): sq_id = 134
HLE: W {PPU[1] Thread (main_thread)[0x028ec04c]} sys_lwmutex warning: sys_lwmutex_create(lwmutex_addr=0x27f30c8, attr_addr=0xd000f750)
HLE: ! {PPU[1] Thread (main_thread)[0x028ec04c]} sys_lwmutex: *** lwmutex created [Adaptiv] (attribute=0x12): sq_id = 135
HLE: W {PPU[1] Thread (main_thread)[0x028ec04c]} sys_lwmutex warning: sys_lwmutex_create(lwmutex_addr=0x27f3110, attr_addr=0xd000f6c0)
HLE: ! {PPU[1] Thread (main_thread)[0x028ec04c]} sys_lwmutex: *** lwmutex created [Adaptiv] (attribute=0x12): sq_id = 136
HLE: W {PPU[1] Thread (main_thread)[0x028c8004]} sys_net warning: sys_net_initialize_network_ex(param_addr=0xd000f724)
HLE: W {PPU[1] Thread (main_thread)[0x028ca064]} cellNetCtl warning: cellNetCtlInit()
HLE: W {PPU[1] Thread (main_thread)[0x028ca058]} cellNetCtl warning: cellNetCtlGetState(state_addr=0xd000f720)
HLE: W {PPU[1] Thread (main_thread)[0x028ca058]} cellNetCtl warning: cellNetCtlGetState(state_addr=0xd000f720)
HLE: W {PPU[1] Thread (main_thread)[0x028ca058]} cellNetCtl warning: cellNetCtlGetState(state_addr=0xd000f720)
HLE: W {PPU[1] Thread (main_thread)[0x028ca058]} cellNetCtl warning: cellNetCtlGetState(state_addr=0xd000f720)
HLE: W {PPU[1] Thread (main_thread)[0x028ca058]} cellNetCtl warning: cellNetCtlGetState(state_addr=0xd000f720)
HLE: W {PPU[1] Thread (main_thread)[0x028ca058]} cellNetCtl warning: cellNetCtlGetState(state_addr=0xd000f720)
HLE: W {PPU[1] Thread (main_thread)[0x028ca058]} cellNetCtl warning: cellNetCtlGetState(state_addr=0xd000f720)
HLE: W {PPU[1] Thread (main_thread)[0x028ca058]} cellNetCtl warning: cellNetCtlGetState(state_addr=0xd000f720)
HLE: W {PPU[1] Thread (main_thread)[0x028ca058]} cellNetCtl warning: cellNetCtlGetState(state_addr=0xd000f720)
HLE: W {PPU[1] Thread (main_thread)[0x028ca058]} cellNetCtl warning: cellNetCtlGetState(state_addr=0xd000f720)
HLE: W {PPU[1] Thread (main_thread)[0x028ca058]} cellNetCtl warning: cellNetCtlGetState(state_addr=0xd000f720)
HLE: W {PPU[1] Thread (main_thread)[0x028ec04c]} sys_lwmutex warning: sys_lwmutex_create(lwmutex_addr=0x27f32f8, attr_addr=0xd000f840)
HLE: ! {PPU[1] Thread (main_thread)[0x028ec04c]} sys_lwmutex: *** lwmutex created [Adaptiv] (attribute=0x12): sq_id = 137
HLE: W {PPU[1] Thread (main_thread)[0x028ec04c]} sys_lwmutex warning: sys_lwmutex_create(lwmutex_addr=0x27f34c8, attr_addr=0xd000f840)
HLE: ! {PPU[1] Thread (main_thread)[0x028ec04c]} sys_lwmutex: *** lwmutex created [Adaptiv] (attribute=0x12): sq_id = 138
HLE: W {PPU[1] Thread (main_thread)[0x028ec04c]} sys_lwmutex warning: sys_lwmutex_create(lwmutex_addr=0x27f3688, attr_addr=0xd000f7b0)
HLE: ! {PPU[1] Thread (main_thread)[0x028ec04c]} sys_lwmutex: *** lwmutex created [Adaptiv] (attribute=0x12): sq_id = 139
HLE: W {PPU[1] Thread (main_thread)[0x028ec04c]} sys_lwmutex warning: sys_lwmutex_create(lwmutex_addr=0x27f36b0, attr_addr=0xd000f7b0)
HLE: ! {PPU[1] Thread (main_thread)[0x028ec04c]} sys_lwmutex: *** lwmutex created [Adaptiv] (attribute=0x12): sq_id = 140
HLE: W {PPU[1] Thread (main_thread)[0x028ec04c]} sys_lwmutex warning: sys_lwmutex_create(lwmutex_addr=0x27f3718, attr_addr=0xd000f798)
HLE: ! {PPU[1] Thread (main_thread)[0x028ec04c]} sys_lwmutex: *** lwmutex created [EventMu] (attribute=0x22): sq_id = 141
HLE: W {PPU[1] Thread (main_thread)[0x028ec148]} sys_lwcond warning: *** lwcond created [EventCo] (lwmutex_addr=0x27f3718): id = 142
HLE: W {PPU[1] Thread (main_thread)[0x028ec04c]} sys_lwmutex warning: sys_lwmutex_create(lwmutex_addr=0x27f3748, attr_addr=0xd000f798)
HLE: ! {PPU[1] Thread (main_thread)[0x028ec04c]} sys_lwmutex: *** lwmutex created [EventMu] (attribute=0x22): sq_id = 143
HLE: W {PPU[1] Thread (main_thread)[0x028ec148]} sys_lwcond warning: *** lwcond created [EventCo] (lwmutex_addr=0x27f3748): id = 144
HLE: W {PPU[1] Thread (main_thread)[0x028ec04c]} sys_lwmutex warning: sys_lwmutex_create(lwmutex_addr=0x27f37a8, attr_addr=0xd000f840)
HLE: ! {PPU[1] Thread (main_thread)[0x028ec04c]} sys_lwmutex: *** lwmutex created [Adaptiv] (attribute=0x12): sq_id = 145
HLE: W {PPU[1] Thread (main_thread)[0x028ec04c]} sys_lwmutex warning: sys_lwmutex_create(lwmutex_addr=0x27f37d0, attr_addr=0xd000f840)
HLE: ! {PPU[1] Thread (main_thread)[0x028ec04c]} sys_lwmutex: *** lwmutex created [Adaptiv] (attribute=0x12): sq_id = 146
HLE: W {PPU[1] Thread (main_thread)[0x028ec04c]} sys_lwmutex warning: sys_lwmutex_create(lwmutex_addr=0x27f3800, attr_addr=0xd000f828)
HLE: ! {PPU[1] Thread (main_thread)[0x028ec04c]} sys_lwmutex: *** lwmutex created [EventMu] (attribute=0x22): sq_id = 147
HLE: W {PPU[1] Thread (main_thread)[0x028ec148]} sys_lwcond warning: *** lwcond created [EventCo] (lwmutex_addr=0x27f3800): id = 148
HLE: W {PPU[1] Thread (main_thread)[0x028ec04c]} sys_lwmutex warning: sys_lwmutex_create(lwmutex_addr=0x27f38c8, attr_addr=0xd000f790)
HLE: ! {PPU[1] Thread (main_thread)[0x028ec04c]} sys_lwmutex: *** lwmutex created [Adaptiv] (attribute=0x12): sq_id = 149
HLE: E {PPU[1] Thread (main_thread)[0x00046260]} sys_vm TODO: sys_vm_touch(addr=0x60040000,size=0x10000)
HLE: W {PPU[1] Thread (main_thread)[0x028ec04c]} sys_lwmutex warning: sys_lwmutex_create(lwmutex_addr=0x27f39a8, attr_addr=0xd000f790)
HLE: ! {PPU[1] Thread (main_thread)[0x028ec04c]} sys_lwmutex: *** lwmutex created [Adaptiv] (attribute=0x12): sq_id = 150
HLE: W {PPU[1] Thread (main_thread)[0x028ec04c]} sys_lwmutex warning: sys_lwmutex_create(lwmutex_addr=0x27f39f8, attr_addr=0xd000f790)
HLE: ! {PPU[1] Thread (main_thread)[0x028ec04c]} sys_lwmutex: *** lwmutex created [Adaptiv] (attribute=0x12): sq_id = 151
HLE: W {PPU[1] Thread (main_thread)[0x028ec04c]} sys_lwmutex warning: sys_lwmutex_create(lwmutex_addr=0x600485c0, attr_addr=0xd000f650)
HLE: ! {PPU[1] Thread (main_thread)[0x028ec04c]} sys_lwmutex: *** lwmutex created [Adaptiv] (attribute=0x12): sq_id = 152
HLE: W {PPU[1] Thread (main_thread)[0x028ec04c]} sys_lwmutex warning: sys_lwmutex_create(lwmutex_addr=0x60048618, attr_addr=0xd000f650)
HLE: ! {PPU[1] Thread (main_thread)[0x028ec04c]} sys_lwmutex: *** lwmutex created [Adaptiv] (attribute=0x12): sq_id = 153
HLE: W {PPU[1] Thread (main_thread)[0x028ec04c]} sys_lwmutex warning: sys_lwmutex_create(lwmutex_addr=0x27f3af0, attr_addr=0xd000f7b0)
HLE: ! {PPU[1] Thread (main_thread)[0x028ec04c]} sys_lwmutex: *** lwmutex created [Adaptiv] (attribute=0x12): sq_id = 154
HLE: W {PPU[1] Thread (main_thread)[0x028ec04c]} sys_lwmutex warning: sys_lwmutex_create(lwmutex_addr=0x27ed358, attr_addr=0xd000f7c0)
HLE: ! {PPU[1] Thread (main_thread)[0x028ec04c]} sys_lwmutex: *** lwmutex created [Adaptiv] (attribute=0x12): sq_id = 155
HLE: W {PPU[1] Thread (main_thread)[0x028c40ac]} cellSysutil warning: cellSysutilRegisterCallback(slot=0, func_addr=0x26c1948, userdata=0x0)
HLE: W {PPU[1] Thread (main_thread)[0x028c4040]} cellSysutil warning: cellSysutilGetSystemParamInt: CELL_SYSUTIL_SYSTEMPARAM_ID_LANG
HLE: W {PPU[1] Thread (main_thread)[0x028ec04c]} sys_lwmutex warning: sys_lwmutex_create(lwmutex_addr=0x6004c710, attr_addr=0xd000fa30)
HLE: ! {PPU[1] Thread (main_thread)[0x028ec04c]} sys_lwmutex: *** lwmutex created [] (attribute=0x12): sq_id = 156
HLE: W {PPU[1] Thread (main_thread)[0x0261f0a0]} sys_fs warning: cellFsMkdir(path="", mode=0x0)
HLE: W {PPU[1] Thread (main_thread)[0x0261f0a0]} sys_fs warning: cellFsMkdir(path="/dev_hdd0", mode=0x0)
HLE: W {PPU[1] Thread (main_thread)[0x0261f0a0]} sys_fs warning: cellFsMkdir(path="/dev_hdd0/game", mode=0x0)
HLE: W {PPU[1] Thread (main_thread)[0x0261f0a0]} sys_fs warning: cellFsMkdir(path="/dev_hdd0/game/NPEB01433", mode=0x0)
HLE: W {PPU[1] Thread (main_thread)[0x0261f0a0]} sys_fs warning: cellFsMkdir(path="/dev_hdd0/game/NPEB01433/USRDIR", mode=0x0)
HLE: W {PPU[1] Thread (main_thread)[0x0261f0a0]} sys_fs warning: cellFsMkdir(path="/dev_hdd0/game/NPEB01433/USRDIR/data_ps3", mode=0x0)
HLE: W {PPU[1] Thread (main_thread)[0x0261f058]} sys_fs warning: cellFsStat(path="/dev_hdd0/game/NPEB01433/USRDIR/data_ps3/skuconfig.dat", sb_addr=0xd000f7f0)
HLE: W {PPU[1] Thread (main_thread)[0x0261f0a0]} sys_fs warning: cellFsMkdir(path="", mode=0x0)
HLE: W {PPU[1] Thread (main_thread)[0x0261f0a0]} sys_fs warning: cellFsMkdir(path="/dev_hdd0", mode=0x0)
HLE: W {PPU[1] Thread (main_thread)[0x0261f0a0]} sys_fs warning: cellFsMkdir(path="/dev_hdd0/game", mode=0x0)
HLE: W {PPU[1] Thread (main_thread)[0x0261f0a0]} sys_fs warning: cellFsMkdir(path="/dev_hdd0/game/NPEB01433", mode=0x0)
HLE: W {PPU[1] Thread (main_thread)[0x0261f0a0]} sys_fs warning: cellFsMkdir(path="/dev_hdd0/game/NPEB01433/USRDIR", mode=0x0)
HLE: W {PPU[1] Thread (main_thread)[0x0261f0a0]} sys_fs warning: cellFsMkdir(path="/dev_hdd0/game/NPEB01433/USRDIR/data_ps3", mode=0x0)
HLE: ! {PPU[1] Thread (main_thread)[0x0261f04c]} sys_fs: "/dev_hdd0/game/NPEB01433/USRDIR/data_ps3/skuconfig.dat" opened: fd = 157
HLE: W {PPU[1] Thread (main_thread)[0x0261f0c4]} sys_fs warning: cellFsFstat(fd=157, sb_addr=0xd000f8f0)
HLE: E {PPU[1] Thread (main_thread)[0x00046260]} sys_vm TODO: sys_vm_touch(addr=0x60050000,size=0x10000)
HLE: W {PPU[1] Thread (main_thread)[0x028c4100]} cellSysutil warning: cellSaveDataAutoLoad2(version=1, dirName_addr=0x6004c776, errDialog=0, setBuf_addr=0xd000f9d4, funcStat_addr=0x26d43b0, funcFile_addr=0x26d43b8, container=4294967295, userdata_addr=0xd000fb40)
HLE: E {PPU[1] Thread (main_thread)[0x028c4100]} cellSysutil error: cellSaveDataAutoLoad2: Couldn't find save entry (BLES01854-WATCHDOGS-MAIN)
G: E {PPU[1] Thread (main_thread)[0x000129d4]} Exception: Access violation reading location 0x0 (is_alive=1, last_syscall=0x0 (Unknown func id: 0x00000000))
HLE: ! All threads stopped...
MEM: ! Closing memory...
