LDR: E PSFLoader::Load() failed: unknown magic (0x0)
G: ! RPCS3 v0.0.0.5-2554-gdfeedf2
G: ! 
G: ! Stopping emulator...
LDR: ! Loading 'D:/Emulateurs/Rpcs3/dev_hdd0/game/NPEB00765/USRDIR/BOOT.BIN'...
G: W fs::file::open('D:/Emulateurs/Rpcs3/dev_hdd0/game/NPEB00765/dev_bdvd.path', 0x1) failed: error 0x2
LDR: ! 
LDR: ! Mount info:
LDR: ! /dev_usb000/ -> D:/Emulateurs/Rpcs3/dev_usb000/
LDR: ! /dev_flash/ -> D:/Emulateurs/Rpcs3/dev_flash/
LDR: ! /host_root/ -> 
LDR: ! /dev_hdd0/ -> D:/Emulateurs/Rpcs3/dev_hdd0/
LDR: ! /dev_hdd1/ -> D:/Emulateurs/Rpcs3/dev_hdd1/
LDR: ! /dev_usb/ -> D:/Emulateurs/Rpcs3/dev_usb000/
LDR: ! 
LDR: ! Settings:
LDR: ! CPU: PPU Interpreter 2
LDR: ! SPU: SPU Recompiler (ASMJIT)
LDR: ! Renderer: DirectX 12
LDR: ! D3D Adapter: Default
LDR: ! Resolution: 1280x720
LDR: ! Write Depth Buffer: No
LDR: ! Write Color Buffers: No
LDR: ! Read Color Buffer: No
LDR: ! Audio Out: XAudio2
LDR: ! Log Everything: No
LDR: ! RSX Logging: No
LDR: ! 
LDR: ! Title: Smash 'N' Survive
LDR: ! Serial: NPEB00765
LDR: ! Elf path: /dev_hdd0/game/NPEB00765/USRDIR/BOOT.BIN
LDR: ! 
LDR: ! loader::init() failed: Broken file
LDR: ! *** sdk version: 0x410001
LDR: ! *** primary prio: 1001
LDR: ! *** primary stacksize: 0x400000
LDR: ! *** malloc pagesize: 0x100000
LDR: ! *** ppc seg: 0x0
LDR: ! Imported function 'cellPadInit' in 'sys_io' module (0x785c08)
LDR: ! Imported function 'cellPadEnd' in 'sys_io' module (0x785c28)
LDR: ! Imported function 'cellPadSetPortSetting' in 'sys_io' module (0x785c48)
LDR: ! Imported function 'cellPadGetData' in 'sys_io' module (0x785c68)
LDR: ! Imported function 'cellPadGetInfo2' in 'sys_io' module (0x785c88)
LDR: ! Imported function 'cellPadSetActDirect' in 'sys_io' module (0x785ca8)
LDR: ! Imported function 'cellGcmGetTiledPitchSize' in 'cellGcmSys' module (0x785cc8)
LDR: ! Imported function '_cellGcmInitBody' in 'cellGcmSys' module (0x785ce8)
LDR: ! Imported function '_cellGcmSetFlipCommand' in 'cellGcmSys' module (0x785d08)
LDR: ! Imported function 'cellGcmAddressToOffset' in 'cellGcmSys' module (0x785d28)
LDR: ! Imported function '_cellGcmFunc15' in 'cellGcmSys' module (0x785d48)
LDR: ! Imported function 'cellGcmSetFlipMode' in 'cellGcmSys' module (0x785d68)
LDR: ! Imported function 'cellGcmSetDebugOutputLevel' in 'cellGcmSys' module (0x785d88)
LDR: ! Imported function 'cellGcmGetDefaultCommandWordSize' in 'cellGcmSys' module (0x785da8)
LDR: ! Imported function 'cellGcmGetDefaultSegmentWordSize' in 'cellGcmSys' module (0x785dc8)
LDR: ! Imported function 'cellGcmSetDefaultFifoSize' in 'cellGcmSys' module (0x785de8)
LDR: ! Imported function 'cellGcmMapMainMemory' in 'cellGcmSys' module (0x785e08)
LDR: ! Imported function 'cellGcmSetDisplayBuffer' in 'cellGcmSys' module (0x785e28)
LDR: ! Imported function 'cellGcmGetControlRegister' in 'cellGcmSys' module (0x785e48)
LDR: ! Imported function 'cellGcmSetVBlankHandler' in 'cellGcmSys' module (0x785e68)
LDR: ! Imported function 'cellGcmSetInvalidateTile' in 'cellGcmSys' module (0x785e88)
LDR: ! Imported function 'cellGcmSetTile' in 'cellGcmSys' module (0x785ea8)
LDR: ! Imported function 'cellGcmSetZcull' in 'cellGcmSys' module (0x785ec8)
LDR: ! Imported function '_cellGcmSetFlipCommandWithWaitLabel' in 'cellGcmSys' module (0x785ee8)
LDR: ! Imported function 'cellGcmGetConfiguration' in 'cellGcmSys' module (0x785f08)
LDR: ! Imported function 'cellGcmUnmapEaIoAddress' in 'cellGcmSys' module (0x785f28)
LDR: ! Imported function 'cellVideoOutConfigure' in 'cellSysutil' module (0x785f48)
LDR: ! Imported function 'cellSysutilCheckCallback' in 'cellSysutil' module (0x785f68)
LDR: ! Imported function 'cellMsgDialogClose' in 'cellSysutil' module (0x785f88)
LDR: ! Imported function 'cellSaveDataListAutoLoad' in 'cellSysutil' module (0x785fa8)
LDR: ! Imported function 'cellSysutilGetSystemParamInt' in 'cellSysutil' module (0x785fc8)
LDR: ! Imported function 'cellSaveDataListAutoSave' in 'cellSysutil' module (0x785fe8)
LDR: ! Imported function 'cellMsgDialogAbort' in 'cellSysutil' module (0x786008)
LDR: ! Imported function 'cellMsgDialogOpen2' in 'cellSysutil' module (0x786028)
LDR: ! Imported function 'cellVideoOutGetState' in 'cellSysutil' module (0x786048)
LDR: ! Imported function 'cellSysutilRegisterCallback' in 'cellSysutil' module (0x786068)
LDR: ! Imported function 'cellVideoOutGetResolutionAvailability' in 'cellSysutil' module (0x786088)
LDR: ! Imported function 'cellVideoOutGetResolution' in 'cellSysutil' module (0x7860a8)
LDR: ! Imported function 'cellSysutilUnregisterCallback' in 'cellSysutil' module (0x787228)
LDR: ! Imported function 'cellSysutilGetBgmPlaybackStatus' in 'cellSysutil' module (0x787248)
LDR: ! Imported function 'cellAudioOutGetState' in 'cellSysutil' module (0x787268)
LDR: ! Imported function 'cellSysmoduleUnloadModule' in 'cellSysmodule' module (0x7860c8)
LDR: ! Imported function 'cellSysmoduleLoadModule' in 'cellSysmodule' module (0x7860e8)
LDR: ! Imported function 'cellFsClose' in 'sys_fs' module (0x786108)
LDR: ! Imported function 'cellFsOpendir' in 'sys_fs' module (0x786128)
LDR: ! Imported function 'cellFsRead' in 'sys_fs' module (0x786148)
LDR: ! Imported function 'cellFsReaddir' in 'sys_fs' module (0x786168)
LDR: ! Imported function 'cellFsOpen' in 'sys_fs' module (0x786188)
LDR: ! Imported function 'cellFsStat' in 'sys_fs' module (0x7861a8)
LDR: ! Imported function 'cellFsUnlink' in 'sys_fs' module (0x7861c8)
LDR: ! Imported function 'cellFsGetDirectoryEntries' in 'sys_fs' module (0x7861e8)
LDR: ! Imported function 'cellFsLseek' in 'sys_fs' module (0x786208)
LDR: ! Imported function 'cellFsMkdir' in 'sys_fs' module (0x786228)
LDR: ! Imported function 'cellFsUtime' in 'sys_fs' module (0x786248)
LDR: ! Imported function 'cellFsWrite' in 'sys_fs' module (0x786268)
LDR: ! Imported function 'cellFsFstat' in 'sys_fs' module (0x786288)
LDR: ! Imported function 'cellFsRename' in 'sys_fs' module (0x7862a8)
LDR: ! Imported function 'cellFsClosedir' in 'sys_fs' module (0x7862c8)
LDR: ! Imported function 'sys_net_initialize_network_ex' in 'sys_net' module (0x7862e8)
LDR: ! Imported function 'getsockname' in 'sys_net' module (0x786308)
LDR: ! Imported function 'recvfrom' in 'sys_net' module (0x786328)
LDR: ! Imported function 'listen' in 'sys_net' module (0x786348)
LDR: ! Imported function 'socketselect' in 'sys_net' module (0x786368)
LDR: ! Imported function 'getsockopt' in 'sys_net' module (0x786388)
LDR: ! Imported function 'connect' in 'sys_net' module (0x7863a8)
LDR: ! Imported function 'socketclose' in 'sys_net' module (0x7863c8)
LDR: ! Imported function 'gethostbyname' in 'sys_net' module (0x7863e8)
LDR: ! Imported function 'inet_ntoa' in 'sys_net' module (0x786408)
LDR: ! Imported function 'setsockopt' in 'sys_net' module (0x786428)
LDR: ! Imported function 'sendto' in 'sys_net' module (0x786448)
LDR: ! Imported function 'socket' in 'sys_net' module (0x786468)
LDR: ! Imported function 'shutdown' in 'sys_net' module (0x786488)
LDR: ! Imported function 'bind' in 'sys_net' module (0x7864a8)
LDR: ! Imported function 'sys_net_finalize_network' in 'sys_net' module (0x7864c8)
LDR: ! Imported function 'accept' in 'sys_net' module (0x7864e8)
LDR: ! Imported function 'inet_addr' in 'sys_net' module (0x786508)
LDR: ! Imported function 'send' in 'sys_net' module (0x786528)
LDR: ! Imported function 'recv' in 'sys_net' module (0x786548)
LDR: ! Imported function 'cellNetCtlNetStartDialogLoadAsync' in 'cellNetCtl' module (0x786568)
LDR: ! Imported function 'cellNetCtlAddHandler' in 'cellNetCtl' module (0x786588)
LDR: ! Imported function 'cellNetCtlNetStartDialogUnloadAsync' in 'cellNetCtl' module (0x7865a8)
LDR: ! Imported function 'cellNetCtlTerm' in 'cellNetCtl' module (0x7865c8)
LDR: ! Imported function 'cellNetCtlGetInfo' in 'cellNetCtl' module (0x7865e8)
LDR: ! Imported function 'cellNetCtlGetNatInfo' in 'cellNetCtl' module (0x786608)
LDR: ! Imported function 'cellNetCtlGetState' in 'cellNetCtl' module (0x786628)
LDR: ! Imported function 'cellNetCtlDelHandler' in 'cellNetCtl' module (0x786648)
LDR: ! Imported function 'cellNetCtlInit' in 'cellNetCtl' module (0x786668)
LDR: ! Imported function 'cellSpursCreateJobChainWithAttribute' in 'cellSpurs' module (0x786688)
LDR: ! Imported function '_cellSpursJobChainAttributeInitialize' in 'cellSpurs' module (0x7866a8)
LDR: ! Imported function 'cellSpursDetachLv2EventQueue' in 'cellSpurs' module (0x7866c8)
LDR: ! Imported function 'cellSpursJobGuardInitialize' in 'cellSpurs' module (0x7866e8)
LDR: ! Imported function 'cellSpursShutdownJobChain' in 'cellSpurs' module (0x786708)
LDR: ! Imported function 'cellSpursJoinJobChain' in 'cellSpurs' module (0x786728)
LDR: ! Imported function 'cellSpursInitialize' in 'cellSpurs' module (0x786748)
LDR: ! Imported function 'cellSpursAttachLv2EventQueue' in 'cellSpurs' module (0x786768)
LDR: ! Imported function 'cellSpursFinalize' in 'cellSpurs' module (0x786788)
LDR: ! Imported function 'cellSpursJobGuardNotify' in 'cellSpurs' module (0x7867a8)
LDR: ! Imported function 'cellSpursRunJobChain' in 'cellSpurs' module (0x7867c8)
LDR: ! Imported function 'cellSpursAttributeSetNamePrefix' in 'cellSpurs' module (0x787288)
LDR: ! Imported function '_cellSpursAttributeInitialize' in 'cellSpurs' module (0x7872a8)
LDR: ! Imported function 'cellSpursJobChainAttributeSetName' in 'cellSpurs' module (0x7872c8)
LDR: ! Imported function 'cellSpursInitializeWithAttribute' in 'cellSpurs' module (0x7872e8)
LDR: ! Imported function 'cellCameraClose' in 'cellCamera' module (0x7867e8)
LDR: ! Imported function 'cellCameraRead' in 'cellCamera' module (0x786808)
LDR: ! Imported function 'cellCameraStart' in 'cellCamera' module (0x786828)
LDR: ! Imported function 'cellCameraGetType' in 'cellCamera' module (0x786848)
LDR: ! Imported function 'cellCameraOpenEx' in 'cellCamera' module (0x786868)
LDR: ! Imported function 'cellCameraGetBufferSize' in 'cellCamera' module (0x786888)
LDR: ! Imported function 'cellCameraIsAttached' in 'cellCamera' module (0x7868a8)
LDR: ! Imported function 'cellCameraIsAvailable' in 'cellCamera' module (0x7868c8)
LDR: ! Imported function 'cellCameraSetAttribute' in 'cellCamera' module (0x7868e8)
LDR: ! Imported function 'cellCameraInit' in 'cellCamera' module (0x786908)
LDR: ! Imported function 'cellGameContentPermit' in 'cellGame' module (0x786928)
LDR: ! Imported function 'cellGameContentErrorDialog' in 'cellGame' module (0x786948)
LDR: ! Imported function 'cellGameGetSizeKB' in 'cellGame' module (0x786968)
LDR: ! Imported function 'cellGameBootCheck' in 'cellGame' module (0x786988)
LDR: ! Imported function 'cellScreenShotEnable' in 'cellScreenShotUtility' module (0x7869a8)
LDR: ! Imported function 'cellScreenShotSetParameter' in 'cellScreenShotUtility' module (0x7869c8)
LDR: ! Imported function 'sceNpTrophyRegisterContext' in 'sceNpTrophy' module (0x7869e8)
LDR: ! Imported function 'sceNpTrophyCreateHandle' in 'sceNpTrophy' module (0x786a08)
LDR: ! Imported function 'sceNpTrophyGetRequiredDiskSpace' in 'sceNpTrophy' module (0x786a28)
LDR: ! Imported function 'sceNpTrophyDestroyContext' in 'sceNpTrophy' module (0x786a48)
LDR: ! Imported function 'sceNpTrophyInit' in 'sceNpTrophy' module (0x786a68)
LDR: ! Imported function 'sceNpTrophyAbortHandle' in 'sceNpTrophy' module (0x786a88)
LDR: ! Imported function 'sceNpTrophyGetGameInfo' in 'sceNpTrophy' module (0x786aa8)
LDR: ! Imported function 'sceNpTrophyDestroyHandle' in 'sceNpTrophy' module (0x786ac8)
LDR: ! Imported function 'sceNpTrophyUnlockTrophy' in 'sceNpTrophy' module (0x786ae8)
LDR: ! Imported function 'sceNpTrophyTerm' in 'sceNpTrophy' module (0x786b08)
LDR: ! Imported function 'sceNpTrophyGetTrophyUnlockState' in 'sceNpTrophy' module (0x786b28)
LDR: ! Imported function 'sceNpTrophyGetTrophyIcon' in 'sceNpTrophy' module (0x786b48)
LDR: ! Imported function 'sceNpTrophyCreateContext' in 'sceNpTrophy' module (0x786b68)
LDR: ! Imported function 'sceNpTrophyGetTrophyInfo' in 'sceNpTrophy' module (0x786b88)
LDR: ! Imported function 'sceNpTrophyGetGameIcon' in 'sceNpTrophy' module (0x786ba8)
LDR: ! Imported function 'cellRtcGetCurrentTick' in 'cellRtc' module (0x786bc8)
LDR: ! Imported function 'sceNpBasicSendMessageGui' in 'sceNp' module (0x786be8)
LDR: ! Imported function 'sceNpBasicGetFriendPresenceByIndex' in 'sceNp' module (0x786c08)
LDR: ! Imported function 'sceNpBasicSetPresence' in 'sceNp' module (0x786c28)
LDR: ! Imported function 'sceNpTerm' in 'sceNp' module (0x786c48)
LDR: ! Imported function 'sceNpSignalingAddExtendedHandler' in 'sceNp' module (0x786c68)
LDR: ! Imported function 'sceNpManagerUnregisterCallback' in 'sceNp' module (0x786c88)
LDR: ! Imported function 'sceNpSignalingActivateConnection' in 'sceNp' module (0x786ca8)
LDR: ! Imported function 'sceNpSignalingCreateCtx' in 'sceNp' module (0x786cc8)
LDR: ! Imported function 'sceNpBasicGetFriendPresenceByIndex2' in 'sceNp' module (0x786ce8)
LDR: ! Imported function 'sceNpBasicRecvMessageAttachmentLoad' in 'sceNp' module (0x786d08)
LDR: ! Imported function 'sceNpSignalingGetPeerNetInfo' in 'sceNp' module (0x786d28)
LDR: ! Imported function 'sceNpSignalingGetLocalNetInfo' in 'sceNp' module (0x786d48)
LDR: ! Imported function 'sceNpManagerGetStatus' in 'sceNp' module (0x786d68)
LDR: ! Imported function 'sceNpSignalingDestroyCtx' in 'sceNp' module (0x786d88)
LDR: ! Imported function 'sceNpBasicUnregisterHandler' in 'sceNp' module (0x786da8)
LDR: ! Imported function 'sceNpDrmIsAvailable' in 'sceNp' module (0x786dc8)
LDR: ! Imported function 'sceNpBasicGetFriendListEntryCount' in 'sceNp' module (0x786de8)
LDR: ! Imported function 'sceNpBasicRegisterHandler' in 'sceNp' module (0x786e08)
LDR: ! Imported function 'sceNpInit' in 'sceNp' module (0x786e28)
LDR: ! Imported function 'sceNpSignalingGetConnectionStatus' in 'sceNp' module (0x786e48)
LDR: ! Imported function 'sceNpUtilCmpNpId' in 'sceNp' module (0x786e68)
LDR: ! Imported function 'sceNpBasicGetEvent' in 'sceNp' module (0x786e88)
LDR: ! Imported function 'sceNpManagerRegisterCallback' in 'sceNp' module (0x786ea8)
LDR: ! Imported function 'sceNpDrmIsAvailable2' in 'sceNp' module (0x786ec8)
LDR: ! Imported function 'sceNpSignalingDeactivateConnection' in 'sceNp' module (0x786ee8)
LDR: ! Imported function 'sceNpManagerGetNpId' in 'sceNp' module (0x786f08)
LDR: ! Imported function 'sceNpMatching2DestroyContext' in 'sceNp2' module (0x786f28)
LDR: ! Imported function 'sceNpMatching2GetWorldInfoList' in 'sceNp2' module (0x786f48)
LDR: ! Imported function 'sceNpMatching2SearchRoom' in 'sceNp2' module (0x786f68)
LDR: ! Imported function 'sceNpMatching2ContextStart' in 'sceNp2' module (0x786f88)
LDR: ! Imported function 'sceNpMatching2CreateServerContext' in 'sceNp2' module (0x786fa8)
LDR: ! Imported function 'sceNpMatching2LeaveRoom' in 'sceNp2' module (0x786fc8)
LDR: ! Imported function 'sceNpMatching2Term2' in 'sceNp2' module (0x786fe8)
LDR: ! Imported function 'sceNpMatching2GetServerInfo' in 'sceNp2' module (0x787008)
LDR: ! Imported function 'sceNpMatching2GetEventData' in 'sceNp2' module (0x787028)
LDR: ! Imported function 'sceNp2Init' in 'sceNp2' module (0x787048)
LDR: ! Imported function 'sceNpMatching2JoinRoom' in 'sceNp2' module (0x787068)
LDR: ! Imported function 'sceNpMatching2RegisterContextCallback' in 'sceNp2' module (0x787088)
LDR: ! Imported function 'sceNpMatching2GetServerIdListLocal' in 'sceNp2' module (0x7870a8)
LDR: ! Imported function 'sceNpMatching2CreateContext' in 'sceNp2' module (0x7870c8)
LDR: ! Imported function 'sceNpMatching2ClearEventData' in 'sceNp2' module (0x7870e8)
LDR: ! Imported function 'sceNp2Term' in 'sceNp2' module (0x787108)
LDR: ! Imported function 'sceNpMatching2DeleteServerContext' in 'sceNp2' module (0x787128)
LDR: ! Imported function 'sceNpMatching2SetDefaultRequestOptParam' in 'sceNp2' module (0x787148)
LDR: ! Imported function 'sceNpMatching2RegisterRoomEventCallback' in 'sceNp2' module (0x787168)
LDR: ! Imported function 'sceNpMatching2GetRoomDataExternalList' in 'sceNp2' module (0x787188)
LDR: ! Imported function 'sceNpMatching2CreateJoinRoom' in 'sceNp2' module (0x7871a8)
LDR: ! Imported function 'sceNpMatching2ContextStop' in 'sceNp2' module (0x7871c8)
LDR: ! Imported function 'sceNpMatching2Init2' in 'sceNp2' module (0x7871e8)
LDR: ! Imported function 'sceNpMatching2RegisterRoomMessageCallback' in 'sceNp2' module (0x787208)
LDR: ! Imported function 'cellAudioInit' in 'cellAudio' module (0x787308)
LDR: ! Imported function 'cellAudioPortClose' in 'cellAudio' module (0x787328)
LDR: ! Imported function 'cellAudioSetPortLevel' in 'cellAudio' module (0x787348)
LDR: ! Imported function 'cellAudioPortStop' in 'cellAudio' module (0x787368)
LDR: ! Imported function 'cellAudioGetPortConfig' in 'cellAudio' module (0x787388)
LDR: ! Imported function 'cellAudioPortStart' in 'cellAudio' module (0x7873a8)
LDR: ! Imported function 'cellAudioQuit' in 'cellAudio' module (0x7873c8)
LDR: ! Imported function 'cellAudioPortOpen' in 'cellAudio' module (0x7873e8)
LDR: ! Imported function 'sys_lwmutex_lock' in 'sysPrxForUser' module (0x787408)
LDR: ! Imported function 'sys_lwmutex_unlock' in 'sysPrxForUser' module (0x787428)
LDR: ! Imported function 'sys_ppu_thread_create' in 'sysPrxForUser' module (0x787448)
LDR: ! Imported function '_sys_process_atexitspawn' in 'sysPrxForUser' module (0x787468)
LDR: ! Imported function 'sys_lwmutex_create' in 'sysPrxForUser' module (0x787488)
LDR: ! Imported function 'sys_ppu_thread_get_id' in 'sysPrxForUser' module (0x7874a8)
LDR: ! Imported function 'sys_prx_register_library' in 'sysPrxForUser' module (0x7874c8)
LDR: ! Imported function 'sys_game_process_exitspawn2' in 'sysPrxForUser' module (0x7874e8)
LDR: ! Imported function 'sys_initialize_tls' in 'sysPrxForUser' module (0x787508)
LDR: ! Imported function 'sys_time_get_system_time' in 'sysPrxForUser' module (0x787528)
LDR: ! Imported function '_sys_process_at_Exitspawn' in 'sysPrxForUser' module (0x787548)
LDR: ! Imported function 'sys_prx_exitspawn_with_level' in 'sysPrxForUser' module (0x787568)
LDR: ! Imported function 'sys_ppu_thread_exit' in 'sysPrxForUser' module (0x787588)
LDR: ! Imported function 'sys_lwmutex_destroy' in 'sysPrxForUser' module (0x7875a8)
LDR: ! Imported function 'sys_process_exit' in 'sysPrxForUser' module (0x7875c8)
MEM: ! Thread Local Storage initialized (g_tls_start=0x265e000, user_size=0x2b4)
*** TLS segment addr: 0x0099bf28
*** TLS segment size: 0x0000000c
HLE: W {PPU[0x1] Thread (main_thread)[0x00787488]} sysPrxForUser: sys_lwmutex_create(lwmutex=*0x2658db0, attr=*0x91a8a8)
HLE: W {PPU[0x1] Thread (main_thread)[0x00775bd4]} sys_memory: sys_memory_get_user_memory_size(mem_info=*0xd03ffc04)
HLE: W {PPU[0x1] Thread (main_thread)[0x00787488]} sysPrxForUser: sys_lwmutex_create(lwmutex=*0x2658bb0, attr=*0x91a8a8)
HLE: W {PPU[0x1] Thread (main_thread)[0x00787488]} sysPrxForUser: sys_lwmutex_create(lwmutex=*0x2658338, attr=*0x91a8a8)
HLE: W {PPU[0x1] Thread (main_thread)[0x00787488]} sysPrxForUser: sys_lwmutex_create(lwmutex=*0x2658360, attr=*0x91a8a8)
HLE: W {PPU[0x1] Thread (main_thread)[0x00787488]} sysPrxForUser: sys_lwmutex_create(lwmutex=*0x2658388, attr=*0x91a8a8)
HLE: W {PPU[0x1] Thread (main_thread)[0x00787488]} sysPrxForUser: sys_lwmutex_create(lwmutex=*0x2658270, attr=*0x91a8a8)
HLE: W {PPU[0x1] Thread (main_thread)[0x00787488]} sysPrxForUser: sys_lwmutex_create(lwmutex=*0x2658298, attr=*0x91a8a8)
HLE: W {PPU[0x1] Thread (main_thread)[0x00787488]} sysPrxForUser: sys_lwmutex_create(lwmutex=*0x26582c0, attr=*0x91a8a8)
HLE: W {PPU[0x1] Thread (main_thread)[0x00787488]} sysPrxForUser: sys_lwmutex_create(lwmutex=*0x26582e8, attr=*0x91a8a8)
HLE: W {PPU[0x1] Thread (main_thread)[0x00787488]} sysPrxForUser: sys_lwmutex_create(lwmutex=*0x2658310, attr=*0x91a8a8)
HLE: W {PPU[0x1] Thread (main_thread)[0x00787488]} sysPrxForUser: sys_lwmutex_create(lwmutex=*0x2658f00, attr=*0x9b7e98)
HLE: W {PPU[0x1] Thread (main_thread)[0x00787488]} sysPrxForUser: sys_lwmutex_create(lwmutex=*0x2658e80, attr=*0x9b7e98)
HLE: W {PPU[0x1] Thread (main_thread)[0x00787488]} sysPrxForUser: sys_lwmutex_create(lwmutex=*0x2658ec0, attr=*0x9b7ea8)
HLE: W {PPU[0x1] Thread (main_thread)[0x00787488]} sysPrxForUser: sys_lwmutex_create(lwmutex=*0x9b79e8, attr=*0xd03ffbb0)
HLE: W {PPU[0x1] Thread (main_thread)[0x00787488]} sysPrxForUser: sys_lwmutex_create(lwmutex=*0x9b7a08, attr=*0xd03ffbb0)
HLE: W {PPU[0x1] Thread (main_thread)[0x00787488]} sysPrxForUser: sys_lwmutex_create(lwmutex=*0x9b7968, attr=*0xd03ffbd0)
HLE: W {PPU[0x1] Thread (main_thread)[0x00787488]} sysPrxForUser: sys_lwmutex_create(lwmutex=*0x9b7940, attr=*0xd03ffbd0)
HLE: W {PPU[0x1] Thread (main_thread)[0x00787488]} sysPrxForUser: sys_lwmutex_create(lwmutex=*0x2656030, attr=*0xd03ffb60)
HLE: W {PPU[0x1] Thread (main_thread)[0x00787488]} sysPrxForUser: sys_lwmutex_create(lwmutex=*0x2655fe0, attr=*0xd03ffbf0)
HLE: W {PPU[0x1] Thread (main_thread)[0x00787488]} sysPrxForUser: sys_lwmutex_create(lwmutex=*0x2639180, attr=*0xd03ffbf0)
HLE: W {PPU[0x1] Thread (main_thread)[0x00787488]} sysPrxForUser: sys_lwmutex_create(lwmutex=*0x2639000, attr=*0xd03ffbd0)
HLE: W {PPU[0x1] Thread (main_thread)[0x007744d4]} sys_memory: sys_memory_allocate(size=0x8d00000, flags=0x400, alloc_addr=*0xd03ff6b0)
HLE: W {PPU[0x1] Thread (main_thread)[0x00787488]} sysPrxForUser: sys_lwmutex_create(lwmutex=*0x23de908, attr=*0xd03ffab0)
HLE: W {PPU[0x1] Thread (main_thread)[0x00787488]} sysPrxForUser: sys_lwmutex_create(lwmutex=*0x23de920, attr=*0xd03ffb50)
HLE: W {PPU[0x1] Thread (main_thread)[0x00785fc8]} cellSysutil: cellSysutilGetSystemParamInt(id=0x111(ID_LANG), value=*0xd03ffb80)
HLE: W {PPU[0x1] Thread (main_thread)[0x00787488]} sysPrxForUser: sys_lwmutex_create(lwmutex=*0x23de938, attr=*0xd03ffb50)
HLE: W {PPU[0x1] Thread (main_thread)[0x007860e8]} cellSysmodule: cellSysmoduleLoadModule(id=0x000e: CELL_SYSMODULE_FS)
HLE: W {PPU[0x1] Thread (main_thread)[0x00786068]} cellSysutil: cellSysutilRegisterCallback(slot=0, func=*0x979e30, userdata=*0x1d6ca10)
HLE: W {PPU[0x1] Thread (main_thread)[0x0056c620]} sys_spu: sys_spu_initialize(max_usable_spu=5, max_raw_spu=0)
HLE: W {PPU[0x1] Thread (main_thread)[0x00786748]} cellSpurs: cellSpursInitialize(spurs=*0x20108700, nSpus=5, spuPriority=250, ppuPriority=1000, exitIfNoWork=-256)
HLE: W {PPU[0x1] Thread (main_thread)[0x00786748]} sys_process: sys_process_is_spu_lock_line_reservation_address(addr=0x20108700, flags=0x2)
HLE: W {PPU[0x1] Thread (main_thread)[0x00786748]} sys_semaphore: sys_semaphore_create(sem_id=*0xd03ff718, attr=*0xd03ff6f8, initial_val=0, max_val=1)
HLE: W {PPU[0x1] Thread (main_thread)[0x00786748]} sys_semaphore: sys_semaphore_create(sem_id=*0xd03ff718, attr=*0xd03ff6f8, initial_val=0, max_val=1)
HLE: W {PPU[0x1] Thread (main_thread)[0x00786748]} sys_semaphore: sys_semaphore_create(sem_id=*0xd03ff718, attr=*0xd03ff6f8, initial_val=0, max_val=1)
HLE: W {PPU[0x1] Thread (main_thread)[0x00786748]} sys_semaphore: sys_semaphore_create(sem_id=*0xd03ff718, attr=*0xd03ff6f8, initial_val=0, max_val=1)
HLE: W {PPU[0x1] Thread (main_thread)[0x00786748]} sys_semaphore: sys_semaphore_create(sem_id=*0xd03ff718, attr=*0xd03ff6f8, initial_val=0, max_val=1)
HLE: W {PPU[0x1] Thread (main_thread)[0x00786748]} sys_semaphore: sys_semaphore_create(sem_id=*0xd03ff718, attr=*0xd03ff6f8, initial_val=0, max_val=1)
HLE: W {PPU[0x1] Thread (main_thread)[0x00786748]} sys_semaphore: sys_semaphore_create(sem_id=*0xd03ff718, attr=*0xd03ff6f8, initial_val=0, max_val=1)
HLE: W {PPU[0x1] Thread (main_thread)[0x00786748]} sys_semaphore: sys_semaphore_create(sem_id=*0xd03ff718, attr=*0xd03ff6f8, initial_val=0, max_val=1)
HLE: W {PPU[0x1] Thread (main_thread)[0x00786748]} sys_semaphore: sys_semaphore_create(sem_id=*0xd03ff718, attr=*0xd03ff6f8, initial_val=0, max_val=1)
HLE: W {PPU[0x1] Thread (main_thread)[0x00786748]} sys_semaphore: sys_semaphore_create(sem_id=*0xd03ff718, attr=*0xd03ff6f8, initial_val=0, max_val=1)
HLE: W {PPU[0x1] Thread (main_thread)[0x00786748]} sys_semaphore: sys_semaphore_create(sem_id=*0xd03ff718, attr=*0xd03ff6f8, initial_val=0, max_val=1)
HLE: W {PPU[0x1] Thread (main_thread)[0x00786748]} sys_semaphore: sys_semaphore_create(sem_id=*0xd03ff718, attr=*0xd03ff6f8, initial_val=0, max_val=1)
HLE: W {PPU[0x1] Thread (main_thread)[0x00786748]} sys_semaphore: sys_semaphore_create(sem_id=*0xd03ff718, attr=*0xd03ff6f8, initial_val=0, max_val=1)
HLE: W {PPU[0x1] Thread (main_thread)[0x00786748]} sys_semaphore: sys_semaphore_create(sem_id=*0xd03ff718, attr=*0xd03ff6f8, initial_val=0, max_val=1)
HLE: W {PPU[0x1] Thread (main_thread)[0x00786748]} sys_semaphore: sys_semaphore_create(sem_id=*0xd03ff718, attr=*0xd03ff6f8, initial_val=0, max_val=1)
HLE: W {PPU[0x1] Thread (main_thread)[0x00786748]} sys_semaphore: sys_semaphore_create(sem_id=*0xd03ff718, attr=*0xd03ff6f8, initial_val=0, max_val=1)
HLE: W {PPU[0x1] Thread (main_thread)[0x00786748]} sys_semaphore: sys_semaphore_create(sem_id=*0xd03ff718, attr=*0xd03ff6f8, initial_val=0, max_val=1)
HLE: W {PPU[0x1] Thread (main_thread)[0x00786748]} sys_spu: sys_spu_thread_group_create(id=*0xd03ff6d8, num=5, prio=250, attr=*0xd03ff648)
HLE: W {PPU[0x1] Thread (main_thread)[0x00786748]} sys_spu: sys_spu_thread_initialize(thread=*0xd03ff620, group=0x2c, spu_num=0, img=*0x20109470, attr=*0xd03ff610, arg=*0xd03ff628)
HLE: E {PPU[0x1] Thread (main_thread)[0x00786748]} sys_spu: Unsupported SPU Thread options (0x2)
HLE: W {PPU[0x1] Thread (main_thread)[0x00786748]} sys_spu: sys_spu_thread_initialize(thread=*0xd03ff620, group=0x2c, spu_num=1, img=*0x20109470, attr=*0xd03ff610, arg=*0xd03ff628)
HLE: E {PPU[0x1] Thread (main_thread)[0x00786748]} sys_spu: Unsupported SPU Thread options (0x2)
HLE: W {PPU[0x1] Thread (main_thread)[0x00786748]} sys_spu: sys_spu_thread_initialize(thread=*0xd03ff620, group=0x2c, spu_num=2, img=*0x20109470, attr=*0xd03ff610, arg=*0xd03ff628)
HLE: E {PPU[0x1] Thread (main_thread)[0x00786748]} sys_spu: Unsupported SPU Thread options (0x2)
HLE: W {PPU[0x1] Thread (main_thread)[0x00786748]} sys_spu: sys_spu_thread_initialize(thread=*0xd03ff620, group=0x2c, spu_num=3, img=*0x20109470, attr=*0xd03ff610, arg=*0xd03ff628)
HLE: E {PPU[0x1] Thread (main_thread)[0x00786748]} sys_spu: Unsupported SPU Thread options (0x2)
HLE: W {PPU[0x1] Thread (main_thread)[0x00786748]} sys_spu: sys_spu_thread_initialize(thread=*0xd03ff620, group=0x2c, spu_num=4, img=*0x20109470, attr=*0xd03ff610, arg=*0xd03ff628)
HLE: E {PPU[0x1] Thread (main_thread)[0x00786748]} sys_spu: Unsupported SPU Thread options (0x2)
HLE: W {PPU[0x1] Thread (main_thread)[0x00786748]} sysPrxForUser: sys_lwmutex_create(lwmutex=*0x201094b0, attr=*0xd03ff6e0)
HLE: W {PPU[0x1] Thread (main_thread)[0x00786748]} sysPrxForUser: sys_lwcond_create(lwcond=*0x201094c8, lwmutex=*0x201094b0, attr=*0xd03ff6f0)
HLE: W {PPU[0x1] Thread (main_thread)[0x00786748]} sys_event: sys_event_queue_create(equeue_id=*0x2010945c, attr=*0xd03ff578, event_queue_key=0x0, size=42)
HLE: W {PPU[0x1] Thread (main_thread)[0x00786748]} sys_spu: sys_spu_thread_group_connect_event_all_threads(id=0x2c, eq=0x34, req=0xffffffffffff0000, spup=*0x201087c9)
HLE: W {PPU[0x1] Thread (main_thread)[0x00786748]} sys_event: sys_event_port_create(eport_id=*0x20109460, port_type=1, name=0x0)
HLE: W {PPU[0x1] Thread (main_thread)[0x00786748]} sys_event: sys_event_port_connect_local(eport_id=0x35, equeue_id=0x34)
HLE: W {PPU[0x1] Thread (main_thread)[0x00786748]} cellSpurs: cellSpursEnableExceptionEventHandler(spurs=*0x20108700, flag=1)
HLE: W {PPU[0x37] Thread (SpursHdlr0)[0x00000000]} sys_spu: sys_spu_thread_group_start(id=0x2c)
HLE: W {PPU[0x1] Thread (main_thread)[0x00786748]} sys_spu: sys_spu_thread_group_connect_event(id=0x2c, eq=0x34, et=2)
SPU: S {PPU[0x37] Thread (SpursHdlr0)[0x00000000]} SPU Database initialized...
SPU: S {PPU[0x37] Thread (SpursHdlr0)[0x00000000]} SPU Recompiler (ASMJIT) created...
HLE: W {PPU[0x37] Thread (SpursHdlr0)[0x00000000]} sys_spu: sys_spu_thread_group_join(id=0x2c, cause=*0x0, status=*0x0)
HLE: W {PPU[0x1] Thread (main_thread)[0x0056c6e4]} sys_event: sys_event_queue_create(equeue_id=*0x23e318c, attr=*0xd03ff7d0, event_queue_key=0x0, size=10)
HLE: W {PPU[0x1] Thread (main_thread)[0x00787448]} sysPrxForUser: sys_ppu_thread_create(thread_id=*0x23e3190, entry=0x97a130, arg=0x23e3188, prio=1000, stacksize=0x10000, flags=0x1, threadname=*0x873e50)
HLE: W {PPU[0x1] Thread (main_thread)[0x00787448]} sys_ppu_thread: _sys_ppu_thread_create(thread_id=*0x23e3190, param=*0xd03ff718, arg=0x23e3188, unk=0x0, prio=1000, stacksize=0x10000, flags=0x1, threadname=*0x873e50)
SPU: S {SPU[0x2d] Thread (CellSpursKernel0)[0x00818]} Function detected [0x00818-0x00820] (size=0x8)
HLE: W {PPU[0x1] Thread (main_thread)[0x00787448]} sys_ppu_thread: sys_ppu_thread_start(thread_id=0x39)
HLE: W {PPU[0x1] Thread (main_thread)[0x0056c738]} sys_event: sys_event_port_create(eport_id=*0x23e3198, port_type=1, name=0xfee1dead)
HLE: W {PPU[0x1] Thread (main_thread)[0x0056c750]} sys_event: sys_event_port_connect_local(eport_id=0x3a, equeue_id=0x38)
HLE: W {PPU[0x1] Thread (main_thread)[0x00786768]} cellSpurs: cellSpursAttachLv2EventQueue(spurs=*0x20108700, queue=0x38, port=*0xd03ff7c0, isDynamic=0)
HLE: W {PPU[0x1] Thread (main_thread)[0x00786768]} sys_spu: sys_spu_thread_group_connect_event_all_threads(id=0x2c, eq=0x38, req=0x2, spup=*0xd03ff7c0)
HLE: W {PPU[0x1] Thread (main_thread)[0x0056c794]} sys_event: sys_event_queue_create(equeue_id=*0x23e31a0, attr=*0xd03ff7d0, event_queue_key=0x0, size=1)
HLE: W {PPU[0x1] Thread (main_thread)[0x00786768]} cellSpurs: cellSpursAttachLv2EventQueue(spurs=*0x20108700, queue=0x3b, port=*0x23e31a4, isDynamic=1)
HLE: W {PPU[0x1] Thread (main_thread)[0x00786768]} sys_spu: sys_spu_thread_group_connect_event_all_threads(id=0x2c, eq=0x3b, req=0xffffffffffff0000, spup=*0x23e31a4)
HLE: E {PPU[0x1] Thread (main_thread)[0x007866a8]} cellSpurs: _cellSpursJobChainAttributeInitialize
HLE: E {PPU[0x1] Thread (main_thread)[0x00786688]} cellSpurs: cellSpursCreateJobChainWithAttribute
HLE: E {PPU[0x1] Thread (main_thread)[0x007866e8]} cellSpurs: cellSpursJobGuardInitialize
HLE: E {PPU[0x1] Thread (main_thread)[0x007866e8]} cellSpurs: cellSpursJobGuardInitialize
HLE: E {PPU[0x1] Thread (main_thread)[0x007866e8]} cellSpurs: cellSpursJobGuardInitialize
HLE: E {PPU[0x1] Thread (main_thread)[0x007866e8]} cellSpurs: cellSpursJobGuardInitialize
HLE: E {PPU[0x1] Thread (main_thread)[0x007866e8]} cellSpurs: cellSpursJobGuardInitialize
HLE: E {PPU[0x1] Thread (main_thread)[0x007866e8]} cellSpurs: cellSpursJobGuardInitialize
HLE: E {PPU[0x1] Thread (main_thread)[0x007866e8]} cellSpurs: cellSpursJobGuardInitialize
HLE: E {PPU[0x1] Thread (main_thread)[0x007866e8]} cellSpurs: cellSpursJobGuardInitialize
HLE: E {PPU[0x1] Thread (main_thread)[0x007866e8]} cellSpurs: cellSpursJobGuardInitialize
HLE: E {PPU[0x1] Thread (main_thread)[0x007866e8]} cellSpurs: cellSpursJobGuardInitialize
HLE: E {PPU[0x1] Thread (main_thread)[0x007866e8]} cellSpurs: cellSpursJobGuardInitialize
HLE: E {PPU[0x1] Thread (main_thread)[0x007866e8]} cellSpurs: cellSpursJobGuardInitialize
HLE: E {PPU[0x1] Thread (main_thread)[0x007866e8]} cellSpurs: cellSpursJobGuardInitialize
HLE: E {PPU[0x1] Thread (main_thread)[0x007866e8]} cellSpurs: cellSpursJobGuardInitialize
HLE: E {PPU[0x1] Thread (main_thread)[0x007866e8]} cellSpurs: cellSpursJobGuardInitialize
HLE: E {PPU[0x1] Thread (main_thread)[0x007866e8]} cellSpurs: cellSpursJobGuardInitialize
HLE: E {PPU[0x1] Thread (main_thread)[0x007867c8]} cellSpurs: cellSpursRunJobChain
HLE: W {PPU[0x1] Thread (main_thread)[0x007860e8]} cellSysmodule: cellSysmoduleLoadModule(id=0x0000: CELL_SYSMODULE_NET)
HLE: W {PPU[0x1] Thread (main_thread)[0x007860e8]} cellSysmodule: cellSysmoduleLoadModule(id=0x003e: CELL_SYSMODULE_SYSUTIL_GAME)
HLE: W {PPU[0x1] Thread (main_thread)[0x007860e8]} cellSysmodule: cellSysmoduleLoadModule(id=0x0014: CELL_SYSMODULE_NETCTL)
HLE: W {PPU[0x1] Thread (main_thread)[0x007860e8]} cellSysmodule: cellSysmoduleLoadModule(id=0x0009: CELL_SYSMODULE_RTC)
HLE: W {PPU[0x1] Thread (main_thread)[0x007860e8]} cellSysmodule: cellSysmoduleLoadModule(id=0x0016: CELL_SYSMODULE_SYSUTIL_NP)
HLE: W {PPU[0x1] Thread (main_thread)[0x007860e8]} cellSysmodule: cellSysmoduleLoadModule(id=0x0038: CELL_SYSMODULE_SYSUTIL_NP2)
HLE: W {PPU[0x1] Thread (main_thread)[0x007860e8]} cellSysmodule: cellSysmoduleLoadModule(id=0x0032: CELL_SYSMODULE_SYSUTIL_USERINFO)
HLE: W {PPU[0x1] Thread (main_thread)[0x007860e8]} cellSysmodule: cellSysmoduleLoadModule(id=0x0017: CELL_SYSMODULE_IO)
HLE: W {PPU[0x1] Thread (main_thread)[0x007860e8]} cellSysmodule: cellSysmoduleLoadModule(id=0xf035: CELL_SYSMODULE_SYSUTIL_NP_TROPHY)
HLE: W {PPU[0x1] Thread (main_thread)[0x007862e8]} sys_net: sys_net_initialize_network_ex(param=*0xd03ffaa4)
HLE: W {PPU[0x1] Thread (main_thread)[0x00786668]} cellNetCtl: cellNetCtlInit()
HLE: W {PPU[0x1] Thread (main_thread)[0x00786d68]} sceNp: sceNpManagerGetStatus(status=*0xd03ffaa0)
HLE: W {PPU[0x1] Thread (main_thread)[0x00787048]} sceNp2: sceNp2Init(poolsize=0x20000, poolptr=*0x253a4d8)
HLE: E {PPU[0x1] Thread (main_thread)[0x00786588]} cellNetCtl TODO: cellNetCtlAddHandler(handler=*0x97a9d0, arg=*0x0, hid=*0x259a524)
HLE: E {PPU[0x1] Thread (main_thread)[0x00786ea8]} sceNp: sceNpManagerRegisterCallback
HLE: E {PPU[0x1] Thread (main_thread)[0x00786f08]} sceNp: sceNpManagerGetNpId
HLE: E {PPU[0x1] Thread (main_thread)[0x00786cc8]} sceNp: sceNpSignalingCreateCtx
HLE: E {PPU[0x1] Thread (main_thread)[0x00786c68]} sceNp: sceNpSignalingAddExtendedHandler
HLE: W {PPU[0x1] Thread (main_thread)[0x007860e8]} cellSysmodule: cellSysmoduleLoadModule(id=0x0011: CELL_SYSMODULE_AUDIO)
HLE: W {PPU[0x1] Thread (main_thread)[0x007860e8]} cellSysmodule: cellSysmoduleLoadModule(id=0x004e: CELL_SYSMODULE_SYSUTIL_SCREENSHOT)
HLE: E {PPU[0x1] Thread (main_thread)[0x007869c8]} cellScreenshot: cellScreenShotSetParameter
HLE: E {PPU[0x1] Thread (main_thread)[0x007869a8]} cellScreenshot: cellScreenShotEnable
HLE: W {PPU[0x1] Thread (main_thread)[0x00787488]} sysPrxForUser: sys_lwmutex_create(lwmutex=*0x23de950, attr=*0xd03ff770)
HLE: W {PPU[0x1] Thread (main_thread)[0x00787448]} sysPrxForUser: sys_ppu_thread_create(thread_id=*0x23deb98, entry=0x979da0, arg=0xd03ff760, prio=1500, stacksize=0x10000, flags=0x0, threadname=*0xd03ff80c)
HLE: W {PPU[0x1] Thread (main_thread)[0x00787448]} sys_ppu_thread: _sys_ppu_thread_create(thread_id=*0x23deb98, param=*0xd03ff6e8, arg=0xd03ff760, unk=0x0, prio=1500, stacksize=0x10000, flags=0x0, threadname=*0xd03ff80c)
HLE: W {PPU[0x1] Thread (main_thread)[0x00787448]} sys_ppu_thread: sys_ppu_thread_start(thread_id=0x3d)
HLE: W {PPU[0x1] Thread (main_thread)[0x00787488]} sysPrxForUser: sys_lwmutex_create(lwmutex=*0x23de968, attr=*0xd03ff7c0)
HLE: W {PPU[0x1] Thread (main_thread)[0x00785c08]} sys_io: cellPadInit(max_connect=7)
HLE: W {PPU[0x1] Thread (main_thread)[0x007744d4]} sys_memory: sys_memory_allocate(size=0x1700000, flags=0x400, alloc_addr=*0xd03ff230)
HLE: W {PPU[0x1] Thread (main_thread)[0x00785ce8]} cellGcmSys: _cellGcmInitBody(context=**0x2638fc0, cmdSize=0xff000, ioSize=0x100000, ioAddress=0x28d00000)
HLE: W {PPU[0x1] Thread (main_thread)[0x00785ce8]} cellGcmSys: *** local memory(addr=0xc0000000, size=0xf900000)
HLE: W {PPU[0x1] Thread (main_thread)[0x00785ce8]} cellGcmSys: cellGcmInit(): 256MB io address space used
RSX: ! {RSXThread} RSX thread started
HLE: W {PPU[0x1] Thread (main_thread)[0x00785e08]} cellGcmSys: cellGcmMapMainMemory(ea=0x28e00000, size=0x1400000, offset=*0xd03ff460)
HLE: W {PPU[0x1] Thread (main_thread)[0x00785e08]} cellGcmSys: cellGcmMapMainMemory(ea=0x20100000, size=0x8b00000, offset=*0xd03ff460)
HLE: W {PPU[0x1] Thread (main_thread)[0x00785f48]} cellSysutil: cellVideoOutConfigure(videoOut=0, config=*0x25194c4, option=*0x0, waitForEvent=0)
HLE: W {PPU[0x1] Thread (main_thread)[0x00785d68]} cellGcmSys: cellGcmSetFlipMode(mode=1)
HLE: W {PPU[0x1] Thread (main_thread)[0x00785ea8]} cellGcmSys: cellGcmSetTile(index=0, location=0, offset=12582912, size=3801088, pitch=5120, comp=0, base=0, bank=0)
HLE: W {PPU[0x1] Thread (main_thread)[0x00785ea8]} cellGcmSys: cellGcmSetTile(index=1, location=0, offset=16384000, size=3801088, pitch=5120, comp=0, base=0, bank=0)
HLE: W {PPU[0x1] Thread (main_thread)[0x00785ea8]} cellGcmSys: cellGcmSetTile(index=2, location=0, offset=0, size=12582912, pitch=8192, comp=0, base=0, bank=2)
HLE: E {PPU[0x1] Thread (main_thread)[0x00785ec8]} cellGcmSys TODO: cellGcmSetZcull(index=0, offset=0x0, width=2048, height=576, cullStart=0x0, zFormat=0x2, aaFormat=0x3, zCullDir=0x0, zCullFormat=0x1, sFunc=0x0, sRef=0x0, sMask=0x0)
HLE: W {PPU[0x1] Thread (main_thread)[0x00785ea8]} cellGcmSys: cellGcmSetTile(index=3, location=0, offset=20185088, size=4718592, pitch=8192, comp=0, base=72, bank=0)
HLE: W {PPU[0x1] Thread (main_thread)[0x00785ea8]} cellGcmSys: cellGcmSetTile(index=4, location=0, offset=24903680, size=2359296, pitch=4096, comp=0, base=36, bank=0)
HLE: W {PPU[0x1] Thread (main_thread)[0x00785d88]} cellGcmSys: cellGcmSetDebugOutputLevel(level=2)
HLE: W {PPU[0x1] Thread (main_thread)[0x00785e68]} cellGcmSys: cellGcmSetVBlankHandler(handler=*0x97a228)
RSX: W {RSXThread} TODO: NV4097_SET_WINDOW_OFFSET: x=0, y=0
RSX: W {RSXThread} TODO: NV4097_SET_ANTI_ALIASING_CONTROL: 0xffff0000
HLE: W {PPU[0x1] Thread (main_thread)[0x00787448]} sysPrxForUser: sys_ppu_thread_create(thread_id=*0x23deba0, entry=0x979da0, arg=0xd03ff0a0, prio=1000, stacksize=0x20000, flags=0x0, threadname=*0xd03ff14c)
HLE: W {PPU[0x1] Thread (main_thread)[0x00787448]} sys_ppu_thread: _sys_ppu_thread_create(thread_id=*0x23deba0, param=*0xd03ff028, arg=0xd03ff0a0, unk=0x0, prio=1000, stacksize=0x20000, flags=0x0, threadname=*0xd03ff14c)
HLE: W {PPU[0x1] Thread (main_thread)[0x00787448]} sys_ppu_thread: sys_ppu_thread_start(thread_id=0x3f)
HLE: W {PPU[0x3f] Thread (hddfileinfo)[0x00786988]} cellGame: cellGameBootCheck(type=*0xd045bd18, attributes=*0xd045bd10, size=*0xd045bd1c, dirName=*0xd045bd28)
HLE: E {PPU[0x3f] Thread (hddfileinfo)[0x00786968]} cellGame: cellGameGetSizeKB
HLE: W {PPU[0x3f] Thread (hddfileinfo)[0x00786928]} cellGame: cellGameContentPermit(contentInfoPath=*0x9a3a18, usrdirPath=*0x9a3998)
HLE: W {PPU[0x1] Thread (main_thread)[0x007860e8]} cellSysmodule: cellSysmoduleLoadModule(id=0x003e: CELL_SYSMODULE_SYSUTIL_GAME)
HLE: W {PPU[0x1] Thread (main_thread)[0x00787448]} sysPrxForUser: sys_ppu_thread_create(thread_id=*0x23deba0, entry=0x979da0, arg=0xd03fefe0, prio=1000, stacksize=0x100000, flags=0x0, threadname=*0xd03ff08c)
HLE: W {PPU[0x1] Thread (main_thread)[0x00787448]} sys_ppu_thread: _sys_ppu_thread_create(thread_id=*0x23deba0, param=*0xd03fef68, arg=0xd03fefe0, unk=0x0, prio=1000, stacksize=0x100000, flags=0x0, threadname=*0xd03ff08c)
HLE: W {PPU[0x1] Thread (main_thread)[0x00787448]} sys_ppu_thread: sys_ppu_thread_start(thread_id=0x40)
HLE: W {PPU[0x40] Thread (EData reader thread)[0x00786988]} cellGame: cellGameBootCheck(type=*0xd053b038, attributes=*0xd053b030, size=*0xd053b050, dirName=*0xd053b070)
HLE: W {PPU[0x40] Thread (EData reader thread)[0x00786928]} cellGame: cellGameContentPermit(contentInfoPath=*0xd053b8f8, usrdirPath=*0xd053b4f8)
HLE: W {PPU[0x40] Thread (EData reader thread)[0x00786ec8]} sceNp: sceNpDrmIsAvailable2(k_licensee=*0xd053b05c, drm_path=*0xd053b0f8)
HLE: W {PPU[0x40] Thread (EData reader thread)[0x00786ec8]} sceNp: npDrmIsAvailable(): Found DRM license file at /dev_hdd0/game/NPEB00765/USRDIR/sns.edat
HLE: W {PPU[0x40] Thread (EData reader thread)[0x00786ec8]} sceNp: npDrmIsAvailable(): Using k_licensee 0x0c0a3b3641c2ad1ef23153a48a3e12fe7
HLE: W {PPU[0x40] Thread (EData reader thread)[0x00786ec8]} sceNp: npDrmIsAvailable(): Can't find RAP file for '/dev_hdd0/game/NPEB00765/USRDIR/sns.edat' (titleID='NPEB00765')
HLE: W {PPU[0x1] Thread (main_thread)[0x007861a8]} cellFs: cellFsStat(path=*0xd03ff468, sb=*0xd03ff430) -> sys_fs_stat()
HLE: W {PPU[0x1] Thread (main_thread)[0x007861a8]} sys_fs: sys_fs_stat(path=*0xd03ff468, sb=*0xd03ff430)
HLE: W {PPU[0x1] Thread (main_thread)[0x007861a8]} sys_fs: *** path = '/dev_hdd0/game/NPEB00765/USRDIR/skipmip.yes'
HLE: E {PPU[0x1] Thread (main_thread)[0x007861a8]} sys_fs: sys_fs_stat('/dev_hdd0/game/NPEB00765/USRDIR/skipmip.yes') failed: not found
HLE: W {PPU[0x1] Thread (main_thread)[0x007861a8]} cellFs: cellFsStat(path=*0xd03ff1a8, sb=*0xd03ff170) -> sys_fs_stat()
HLE: W {PPU[0x1] Thread (main_thread)[0x007861a8]} sys_fs: sys_fs_stat(path=*0xd03ff1a8, sb=*0xd03ff170)
HLE: W {PPU[0x1] Thread (main_thread)[0x007861a8]} sys_fs: *** path = '/dev_hdd0/game/NPEB00765/USRDIR/staging.yes'
HLE: E {PPU[0x1] Thread (main_thread)[0x007861a8]} sys_fs: sys_fs_stat('/dev_hdd0/game/NPEB00765/USRDIR/staging.yes') failed: not found
HLE: W {PPU[0x1] Thread (main_thread)[0x007861a8]} cellFs: cellFsStat(path=*0xd03fe858, sb=*0xd03fe820) -> sys_fs_stat()
HLE: W {PPU[0x1] Thread (main_thread)[0x007861a8]} sys_fs: sys_fs_stat(path=*0xd03fe858, sb=*0xd03fe820)
HLE: W {PPU[0x1] Thread (main_thread)[0x007861a8]} sys_fs: *** path = '/dev_hdd0/game/NPEB00765/USRDIR/TEST.POD'
HLE: E {PPU[0x1] Thread (main_thread)[0x007861a8]} sys_fs: sys_fs_stat('/dev_hdd0/game/NPEB00765/USRDIR/TEST.POD') failed: not found
HLE: W {PPU[0x1] Thread (main_thread)[0x007861a8]} cellFs: cellFsStat(path=*0xd03fe858, sb=*0xd03fe820) -> sys_fs_stat()
HLE: W {PPU[0x1] Thread (main_thread)[0x007861a8]} sys_fs: sys_fs_stat(path=*0xd03fe858, sb=*0xd03fe820)
HLE: W {PPU[0x1] Thread (main_thread)[0x007861a8]} sys_fs: *** path = '/dev_hdd0/game/NPEB00765/USRDIR/PS3PKGFR.POD'
HLE: E {PPU[0x1] Thread (main_thread)[0x007861a8]} sys_fs: sys_fs_stat('/dev_hdd0/game/NPEB00765/USRDIR/PS3PKGFR.POD') failed: not found
HLE: W {PPU[0x1] Thread (main_thread)[0x007861a8]} cellFs: cellFsStat(path=*0xd03fe858, sb=*0xd03fe820) -> sys_fs_stat()
HLE: W {PPU[0x1] Thread (main_thread)[0x007861a8]} sys_fs: sys_fs_stat(path=*0xd03fe858, sb=*0xd03fe820)
HLE: W {PPU[0x1] Thread (main_thread)[0x007861a8]} sys_fs: *** path = '/dev_hdd0/game/NPEB00765/USRDIR/PS3PKGEN.POD'
HLE: E {PPU[0x1] Thread (main_thread)[0x007861a8]} sys_fs: sys_fs_stat('/dev_hdd0/game/NPEB00765/USRDIR/PS3PKGEN.POD') failed: not found
HLE: W {PPU[0x1] Thread (main_thread)[0x007861a8]} cellFs: cellFsStat(path=*0xd03fe858, sb=*0xd03fe820) -> sys_fs_stat()
HLE: W {PPU[0x1] Thread (main_thread)[0x007861a8]} sys_fs: sys_fs_stat(path=*0xd03fe858, sb=*0xd03fe820)
HLE: W {PPU[0x1] Thread (main_thread)[0x007861a8]} sys_fs: *** path = '/dev_hdd0/game/NPEB00765/USRDIR/PS3PKG.POD'
HLE: E {PPU[0x1] Thread (main_thread)[0x007861a8]} sys_fs: sys_fs_stat('/dev_hdd0/game/NPEB00765/USRDIR/PS3PKG.POD') failed: not found
HLE: W {PPU[0x1] Thread (main_thread)[0x007861a8]} cellFs: cellFsStat(path=*0xd03fe858, sb=*0xd03fe820) -> sys_fs_stat()
HLE: W {PPU[0x1] Thread (main_thread)[0x007861a8]} sys_fs: sys_fs_stat(path=*0xd03fe858, sb=*0xd03fe820)
HLE: W {PPU[0x1] Thread (main_thread)[0x007861a8]} sys_fs: *** path = '/dev_hdd0/game/NPEB00765/USRDIR/PS3FRSND.POD'
HLE: E {PPU[0x1] Thread (main_thread)[0x007861a8]} sys_fs: sys_fs_stat('/dev_hdd0/game/NPEB00765/USRDIR/PS3FRSND.POD') failed: not found
HLE: W {PPU[0x1] Thread (main_thread)[0x007861a8]} cellFs: cellFsStat(path=*0xd03fe858, sb=*0xd03fe820) -> sys_fs_stat()
HLE: W {PPU[0x1] Thread (main_thread)[0x007861a8]} sys_fs: sys_fs_stat(path=*0xd03fe858, sb=*0xd03fe820)
HLE: W {PPU[0x1] Thread (main_thread)[0x007861a8]} sys_fs: *** path = '/dev_hdd0/game/NPEB00765/USRDIR/PS3ENSND.POD'
HLE: W {PPU[0x1] Thread (main_thread)[0x007861a8]} cellFs: cellFsStat(path=*0xd03fe478, sb=*0xd03fe440) -> sys_fs_stat()
HLE: W {PPU[0x1] Thread (main_thread)[0x007861a8]} sys_fs: sys_fs_stat(path=*0xd03fe478, sb=*0xd03fe440)
HLE: W {PPU[0x1] Thread (main_thread)[0x007861a8]} sys_fs: *** path = '/dev_hdd0/game/NPEB00765/USRDIR/PS3ENSND.POD'
HLE: W {PPU[0x1] Thread (main_thread)[0x00786188]} cellFs: cellFsOpen(path=*0xd03fe830, flags=0, fd=*0x206171e4, arg=*0x0, size=0x0) -> sys_fs_open()
HLE: W {PPU[0x1] Thread (main_thread)[0x00786188]} sys_fs: sys_fs_open(path=*0xd03fe830, flags=0, fd=*0x206171e4, mode=0, arg=*0x0, size=0x0)
HLE: W {PPU[0x1] Thread (main_thread)[0x00786188]} sys_fs: *** path = '/dev_hdd0/game/NPEB00765/USRDIR/PS3ENSND.POD'
G: W {PPU[0x40] Thread (EData reader thread)[0x00786ec8]} fs::file::open('D:/Emulateurs/Rpcs3/dev_hdd0/home/00000001/exdata', 0x1) failed: error 0x5
LDR: E {PPU[0x40] Thread (EData reader thread)[0x00786ec8]} EDAT: D:/Emulateurs/Rpcs3/dev_hdd0/game/NPEB00765/USRDIR/sns.edat has invalid NPD header or already decrypted.
HLE: W {PPU[0x40] Thread (EData reader thread)[0x007861a8]} cellFs: cellFsStat(path=*0xd053b0f8, sb=*0xd053b0c4) -> sys_fs_stat()
HLE: W {PPU[0x40] Thread (EData reader thread)[0x007861a8]} sys_fs: sys_fs_stat(path=*0xd053b0f8, sb=*0xd053b0c4)
HLE: W {PPU[0x40] Thread (EData reader thread)[0x007861a8]} sys_fs: *** path = '/dev_hdd0/game/NPEB00765/USRDIR/sns.edat'
HLE: W {PPU[0x40] Thread (EData reader thread)[0x00786dc8]} sceNp: sceNpDrmIsAvailable(k_licensee=*0xd053b05c, drm_path=*0xd053b0f8)
HLE: W {PPU[0x40] Thread (EData reader thread)[0x00786dc8]} sceNp: npDrmIsAvailable(): Found DRM license file at /dev_hdd0/game/NPEB00765/USRDIR/sns.edat
HLE: W {PPU[0x40] Thread (EData reader thread)[0x00786dc8]} sceNp: npDrmIsAvailable(): Using k_licensee 0x0c0a3b3641c2ad1ef23153a48a3e12fe7
HLE: W {PPU[0x40] Thread (EData reader thread)[0x00786dc8]} sceNp: npDrmIsAvailable(): Can't find RAP file for '/dev_hdd0/game/NPEB00765/USRDIR/sns.edat' (titleID='NPEB00765')
G: W {PPU[0x40] Thread (EData reader thread)[0x00786dc8]} fs::file::open('D:/Emulateurs/Rpcs3/dev_hdd0/home/00000001/exdata', 0x1) failed: error 0x5
LDR: E {PPU[0x40] Thread (EData reader thread)[0x00786dc8]} EDAT: D:/Emulateurs/Rpcs3/dev_hdd0/game/NPEB00765/USRDIR/sns.edat has invalid NPD header or already decrypted.
HLE: W {PPU[0x40] Thread (EData reader thread)[0x00786188]} cellFs: cellFsOpen(path=*0xd053b0f8, flags=0, fd=*0xd053b034, arg=*0xd053b040, size=0x8) -> sys_fs_open()
HLE: W {PPU[0x40] Thread (EData reader thread)[0x00786188]} sys_fs: sys_fs_open(path=*0xd053b0f8, flags=0, fd=*0xd053b034, mode=0, arg=*0xd053b040, size=0x8)
HLE: W {PPU[0x40] Thread (EData reader thread)[0x00786188]} sys_fs: *** path = '/dev_hdd0/game/NPEB00765/USRDIR/sns.edat'
HLE: W {PPU[0x40] Thread (EData reader thread)[0x00786288]} sys_fs: sys_fs_fstat(fd=3, sb=*0xd053b090)
HLE: W {PPU[0x1] Thread (main_thread)[0x007861a8]} cellFs: cellFsStat(path=*0xd03fece8, sb=*0xd03fecb0) -> sys_fs_stat()
HLE: W {PPU[0x1] Thread (main_thread)[0x007861a8]} sys_fs: sys_fs_stat(path=*0xd03fece8, sb=*0xd03fecb0)
HLE: W {PPU[0x1] Thread (main_thread)[0x007861a8]} sys_fs: *** path = '/dev_hdd0/game/NPEB00765/USRDIR/PS3ENSND.POD'
HLE: W {PPU[0x1] Thread (main_thread)[0x007861a8]} cellFs: cellFsStat(path=*0xd03fe858, sb=*0xd03fe820) -> sys_fs_stat()
HLE: W {PPU[0x1] Thread (main_thread)[0x007861a8]} sys_fs: sys_fs_stat(path=*0xd03fe858, sb=*0xd03fe820)
HLE: W {PPU[0x1] Thread (main_thread)[0x007861a8]} sys_fs: *** path = '/dev_hdd0/game/NPEB00765/USRDIR/PS3MUSND.POD'
HLE: W {PPU[0x1] Thread (main_thread)[0x007861a8]} cellFs: cellFsStat(path=*0xd03fe478, sb=*0xd03fe440) -> sys_fs_stat()
HLE: W {PPU[0x1] Thread (main_thread)[0x007861a8]} sys_fs: sys_fs_stat(path=*0xd03fe478, sb=*0xd03fe440)
HLE: W {PPU[0x1] Thread (main_thread)[0x007861a8]} sys_fs: *** path = '/dev_hdd0/game/NPEB00765/USRDIR/PS3MUSND.POD'
HLE: W {PPU[0x1] Thread (main_thread)[0x00786188]} cellFs: cellFsOpen(path=*0xd03fe830, flags=0, fd=*0x20617484, arg=*0x0, size=0x0) -> sys_fs_open()
HLE: W {PPU[0x1] Thread (main_thread)[0x00786188]} sys_fs: sys_fs_open(path=*0xd03fe830, flags=0, fd=*0x20617484, mode=0, arg=*0x0, size=0x0)
HLE: W {PPU[0x1] Thread (main_thread)[0x00786188]} sys_fs: *** path = '/dev_hdd0/game/NPEB00765/USRDIR/PS3MUSND.POD'
HLE: W {PPU[0x1] Thread (main_thread)[0x007861a8]} cellFs: cellFsStat(path=*0xd03fece8, sb=*0xd03fecb0) -> sys_fs_stat()
HLE: W {PPU[0x1] Thread (main_thread)[0x007861a8]} sys_fs: sys_fs_stat(path=*0xd03fece8, sb=*0xd03fecb0)
HLE: W {PPU[0x1] Thread (main_thread)[0x007861a8]} sys_fs: *** path = '/dev_hdd0/game/NPEB00765/USRDIR/PS3MUSND.POD'
HLE: W {PPU[0x1] Thread (main_thread)[0x007861a8]} cellFs: cellFsStat(path=*0xd03fe858, sb=*0xd03fe820) -> sys_fs_stat()
HLE: W {PPU[0x1] Thread (main_thread)[0x007861a8]} sys_fs: sys_fs_stat(path=*0xd03fe858, sb=*0xd03fe820)
HLE: W {PPU[0x1] Thread (main_thread)[0x007861a8]} sys_fs: *** path = '/dev_hdd0/game/NPEB00765/USRDIR/PS3SET.POD'
HLE: W {PPU[0x1] Thread (main_thread)[0x007861a8]} cellFs: cellFsStat(path=*0xd03fe478, sb=*0xd03fe440) -> sys_fs_stat()
HLE: W {PPU[0x1] Thread (main_thread)[0x007861a8]} sys_fs: sys_fs_stat(path=*0xd03fe478, sb=*0xd03fe440)
HLE: W {PPU[0x1] Thread (main_thread)[0x007861a8]} sys_fs: *** path = '/dev_hdd0/game/NPEB00765/USRDIR/PS3SET.POD'
HLE: W {PPU[0x1] Thread (main_thread)[0x00786188]} cellFs: cellFsOpen(path=*0xd03fe830, flags=0, fd=*0x20617484, arg=*0x0, size=0x0) -> sys_fs_open()
HLE: W {PPU[0x1] Thread (main_thread)[0x00786188]} sys_fs: sys_fs_open(path=*0xd03fe830, flags=0, fd=*0x20617484, mode=0, arg=*0x0, size=0x0)
HLE: W {PPU[0x1] Thread (main_thread)[0x00786188]} sys_fs: *** path = '/dev_hdd0/game/NPEB00765/USRDIR/PS3SET.POD'
HLE: W {PPU[0x1] Thread (main_thread)[0x007861a8]} cellFs: cellFsStat(path=*0xd03fece8, sb=*0xd03fecb0) -> sys_fs_stat()
HLE: W {PPU[0x1] Thread (main_thread)[0x007861a8]} sys_fs: sys_fs_stat(path=*0xd03fece8, sb=*0xd03fecb0)
HLE: W {PPU[0x1] Thread (main_thread)[0x007861a8]} sys_fs: *** path = '/dev_hdd0/game/NPEB00765/USRDIR/PS3SET.POD'
HLE: W {PPU[0x1] Thread (main_thread)[0x007861a8]} cellFs: cellFsStat(path=*0xd03fe858, sb=*0xd03fe820) -> sys_fs_stat()
HLE: W {PPU[0x1] Thread (main_thread)[0x007861a8]} sys_fs: sys_fs_stat(path=*0xd03fe858, sb=*0xd03fe820)
HLE: W {PPU[0x1] Thread (main_thread)[0x007861a8]} sys_fs: *** path = '/dev_hdd0/game/NPEB00765/USRDIR/PS3ART.POD'
HLE: W {PPU[0x1] Thread (main_thread)[0x007861a8]} cellFs: cellFsStat(path=*0xd03fe478, sb=*0xd03fe440) -> sys_fs_stat()
HLE: W {PPU[0x1] Thread (main_thread)[0x007861a8]} sys_fs: sys_fs_stat(path=*0xd03fe478, sb=*0xd03fe440)
HLE: W {PPU[0x1] Thread (main_thread)[0x007861a8]} sys_fs: *** path = '/dev_hdd0/game/NPEB00765/USRDIR/PS3ART.POD'
HLE: W {PPU[0x1] Thread (main_thread)[0x00786188]} cellFs: cellFsOpen(path=*0xd03fe830, flags=0, fd=*0x20617484, arg=*0x0, size=0x0) -> sys_fs_open()
HLE: W {PPU[0x1] Thread (main_thread)[0x00786188]} sys_fs: sys_fs_open(path=*0xd03fe830, flags=0, fd=*0x20617484, mode=0, arg=*0x0, size=0x0)
HLE: W {PPU[0x1] Thread (main_thread)[0x00786188]} sys_fs: *** path = '/dev_hdd0/game/NPEB00765/USRDIR/PS3ART.POD'
HLE: W {PPU[0x1] Thread (main_thread)[0x007861a8]} cellFs: cellFsStat(path=*0xd03fece8, sb=*0xd03fecb0) -> sys_fs_stat()
HLE: W {PPU[0x1] Thread (main_thread)[0x007861a8]} sys_fs: sys_fs_stat(path=*0xd03fece8, sb=*0xd03fecb0)
HLE: W {PPU[0x1] Thread (main_thread)[0x007861a8]} sys_fs: *** path = '/dev_hdd0/game/NPEB00765/USRDIR/PS3ART.POD'
HLE: W {PPU[0x1] Thread (main_thread)[0x007861a8]} cellFs: cellFsStat(path=*0xd03fe858, sb=*0xd03fe820) -> sys_fs_stat()
HLE: W {PPU[0x1] Thread (main_thread)[0x007861a8]} sys_fs: sys_fs_stat(path=*0xd03fe858, sb=*0xd03fe820)
HLE: W {PPU[0x1] Thread (main_thread)[0x007861a8]} sys_fs: *** path = '/dev_hdd0/game/NPEB00765/USRDIR/PS3MODEL.POD'
HLE: W {PPU[0x1] Thread (main_thread)[0x007861a8]} cellFs: cellFsStat(path=*0xd03fe478, sb=*0xd03fe440) -> sys_fs_stat()
HLE: W {PPU[0x1] Thread (main_thread)[0x007861a8]} sys_fs: sys_fs_stat(path=*0xd03fe478, sb=*0xd03fe440)
HLE: W {PPU[0x1] Thread (main_thread)[0x007861a8]} sys_fs: *** path = '/dev_hdd0/game/NPEB00765/USRDIR/PS3MODEL.POD'
HLE: W {PPU[0x1] Thread (main_thread)[0x00786188]} cellFs: cellFsOpen(path=*0xd03fe830, flags=0, fd=*0x20617484, arg=*0x0, size=0x0) -> sys_fs_open()
HLE: W {PPU[0x1] Thread (main_thread)[0x00786188]} sys_fs: sys_fs_open(path=*0xd03fe830, flags=0, fd=*0x20617484, mode=0, arg=*0x0, size=0x0)
HLE: W {PPU[0x1] Thread (main_thread)[0x00786188]} sys_fs: *** path = '/dev_hdd0/game/NPEB00765/USRDIR/PS3MODEL.POD'
HLE: W {PPU[0x1] Thread (main_thread)[0x007861a8]} cellFs: cellFsStat(path=*0xd03fece8, sb=*0xd03fecb0) -> sys_fs_stat()
HLE: W {PPU[0x1] Thread (main_thread)[0x007861a8]} sys_fs: sys_fs_stat(path=*0xd03fece8, sb=*0xd03fecb0)
HLE: W {PPU[0x1] Thread (main_thread)[0x007861a8]} sys_fs: *** path = '/dev_hdd0/game/NPEB00765/USRDIR/PS3MODEL.POD'
HLE: W {PPU[0x1] Thread (main_thread)[0x007861a8]} cellFs: cellFsStat(path=*0xd03fe858, sb=*0xd03fe820) -> sys_fs_stat()
HLE: W {PPU[0x1] Thread (main_thread)[0x007861a8]} sys_fs: sys_fs_stat(path=*0xd03fe858, sb=*0xd03fe820)
HLE: W {PPU[0x1] Thread (main_thread)[0x007861a8]} sys_fs: *** path = '/dev_hdd0/game/NPEB00765/USRDIR/PS3SOUND.POD'
HLE: W {PPU[0x1] Thread (main_thread)[0x007861a8]} cellFs: cellFsStat(path=*0xd03fe478, sb=*0xd03fe440) -> sys_fs_stat()
HLE: W {PPU[0x1] Thread (main_thread)[0x007861a8]} sys_fs: sys_fs_stat(path=*0xd03fe478, sb=*0xd03fe440)
HLE: W {PPU[0x1] Thread (main_thread)[0x007861a8]} sys_fs: *** path = '/dev_hdd0/game/NPEB00765/USRDIR/PS3SOUND.POD'
HLE: W {PPU[0x1] Thread (main_thread)[0x00786188]} cellFs: cellFsOpen(path=*0xd03fe830, flags=0, fd=*0x20617484, arg=*0x0, size=0x0) -> sys_fs_open()
HLE: W {PPU[0x1] Thread (main_thread)[0x00786188]} sys_fs: sys_fs_open(path=*0xd03fe830, flags=0, fd=*0x20617484, mode=0, arg=*0x0, size=0x0)
HLE: W {PPU[0x1] Thread (main_thread)[0x00786188]} sys_fs: *** path = '/dev_hdd0/game/NPEB00765/USRDIR/PS3SOUND.POD'
HLE: W {PPU[0x1] Thread (main_thread)[0x007861a8]} cellFs: cellFsStat(path=*0xd03fece8, sb=*0xd03fecb0) -> sys_fs_stat()
HLE: W {PPU[0x1] Thread (main_thread)[0x007861a8]} sys_fs: sys_fs_stat(path=*0xd03fece8, sb=*0xd03fecb0)
HLE: W {PPU[0x1] Thread (main_thread)[0x007861a8]} sys_fs: *** path = '/dev_hdd0/game/NPEB00765/USRDIR/PS3SOUND.POD'
HLE: W {PPU[0x1] Thread (main_thread)[0x007861a8]} cellFs: cellFsStat(path=*0xd03fe858, sb=*0xd03fe820) -> sys_fs_stat()
HLE: W {PPU[0x1] Thread (main_thread)[0x007861a8]} sys_fs: sys_fs_stat(path=*0xd03fe858, sb=*0xd03fe820)
HLE: W {PPU[0x1] Thread (main_thread)[0x007861a8]} sys_fs: *** path = '/dev_hdd0/game/NPEB00765/USRDIR/LANGUAGE.POD'
HLE: W {PPU[0x1] Thread (main_thread)[0x007861a8]} cellFs: cellFsStat(path=*0xd03fe478, sb=*0xd03fe440) -> sys_fs_stat()
HLE: W {PPU[0x1] Thread (main_thread)[0x007861a8]} sys_fs: sys_fs_stat(path=*0xd03fe478, sb=*0xd03fe440)
HLE: W {PPU[0x1] Thread (main_thread)[0x007861a8]} sys_fs: *** path = '/dev_hdd0/game/NPEB00765/USRDIR/LANGUAGE.POD'
HLE: W {PPU[0x1] Thread (main_thread)[0x00786188]} cellFs: cellFsOpen(path=*0xd03fe830, flags=0, fd=*0x20617484, arg=*0x0, size=0x0) -> sys_fs_open()
HLE: W {PPU[0x1] Thread (main_thread)[0x00786188]} sys_fs: sys_fs_open(path=*0xd03fe830, flags=0, fd=*0x20617484, mode=0, arg=*0x0, size=0x0)
HLE: W {PPU[0x1] Thread (main_thread)[0x00786188]} sys_fs: *** path = '/dev_hdd0/game/NPEB00765/USRDIR/LANGUAGE.POD'
HLE: W {PPU[0x1] Thread (main_thread)[0x007861a8]} cellFs: cellFsStat(path=*0xd03fece8, sb=*0xd03fecb0) -> sys_fs_stat()
HLE: W {PPU[0x1] Thread (main_thread)[0x007861a8]} sys_fs: sys_fs_stat(path=*0xd03fece8, sb=*0xd03fecb0)
HLE: W {PPU[0x1] Thread (main_thread)[0x007861a8]} sys_fs: *** path = '/dev_hdd0/game/NPEB00765/USRDIR/LANGUAGE.POD'
HLE: W {PPU[0x1] Thread (main_thread)[0x007861a8]} cellFs: cellFsStat(path=*0xd03fe858, sb=*0xd03fe820) -> sys_fs_stat()
HLE: W {PPU[0x1] Thread (main_thread)[0x007861a8]} sys_fs: sys_fs_stat(path=*0xd03fe858, sb=*0xd03fe820)
HLE: W {PPU[0x1] Thread (main_thread)[0x007861a8]} sys_fs: *** path = '/dev_hdd0/game/NPEB00765/USRDIR/COMMON.POD'
HLE: W {PPU[0x1] Thread (main_thread)[0x007861a8]} cellFs: cellFsStat(path=*0xd03fe478, sb=*0xd03fe440) -> sys_fs_stat()
HLE: W {PPU[0x1] Thread (main_thread)[0x007861a8]} sys_fs: sys_fs_stat(path=*0xd03fe478, sb=*0xd03fe440)
HLE: W {PPU[0x1] Thread (main_thread)[0x007861a8]} sys_fs: *** path = '/dev_hdd0/game/NPEB00765/USRDIR/COMMON.POD'
HLE: W {PPU[0x1] Thread (main_thread)[0x00786188]} cellFs: cellFsOpen(path=*0xd03fe830, flags=0, fd=*0x20617484, arg=*0x0, size=0x0) -> sys_fs_open()
HLE: W {PPU[0x1] Thread (main_thread)[0x00786188]} sys_fs: sys_fs_open(path=*0xd03fe830, flags=0, fd=*0x20617484, mode=0, arg=*0x0, size=0x0)
HLE: W {PPU[0x1] Thread (main_thread)[0x00786188]} sys_fs: *** path = '/dev_hdd0/game/NPEB00765/USRDIR/COMMON.POD'
HLE: W {PPU[0x1] Thread (main_thread)[0x007861a8]} cellFs: cellFsStat(path=*0xd03fece8, sb=*0xd03fecb0) -> sys_fs_stat()
HLE: W {PPU[0x1] Thread (main_thread)[0x007861a8]} sys_fs: sys_fs_stat(path=*0xd03fece8, sb=*0xd03fecb0)
HLE: W {PPU[0x1] Thread (main_thread)[0x007861a8]} sys_fs: *** path = '/dev_hdd0/game/NPEB00765/USRDIR/COMMON.POD'
HLE: W {PPU[0x1] Thread (main_thread)[0x007861a8]} cellFs: cellFsStat(path=*0xd03fea48, sb=*0xd03fea10) -> sys_fs_stat()
HLE: W {PPU[0x1] Thread (main_thread)[0x007861a8]} sys_fs: sys_fs_stat(path=*0xd03fea48, sb=*0xd03fea10)
HLE: W {PPU[0x1] Thread (main_thread)[0x007861a8]} sys_fs: *** path = '/dev_hdd0/game/NPEB00765/USRDIR/world/fr/msglist.txt'
HLE: E {PPU[0x1] Thread (main_thread)[0x007861a8]} sys_fs: sys_fs_stat('/dev_hdd0/game/NPEB00765/USRDIR/world/fr/msglist.txt') failed: not found
HLE: W {PPU[0x1] Thread (main_thread)[0x001e5428]} sys_event: sys_event_queue_create(equeue_id=*0x1cfb69c, attr=*0xd03ff7b0, event_queue_key=0x0, size=127)
HLE: W {PPU[0x1] Thread (main_thread)[0x001e5444]} sys_event: sys_event_port_create(eport_id=*0x1cfb690, port_type=1, name=0x0)
HLE: W {PPU[0x1] Thread (main_thread)[0x001e545c]} sys_event: sys_event_port_connect_local(eport_id=0x42, equeue_id=0x41)
HLE: W {PPU[0x1] Thread (main_thread)[0x00786768]} cellSpurs: cellSpursAttachLv2EventQueue(spurs=*0x20108700, queue=0x41, port=*0x1cfb68c, isDynamic=1)
HLE: W {PPU[0x1] Thread (main_thread)[0x00786768]} sys_spu: sys_spu_thread_group_connect_event_all_threads(id=0x2c, eq=0x41, req=0xffffffffffff0000, spup=*0x1cfb68c)
HLE: W {PPU[0x1] Thread (main_thread)[0x00787448]} sysPrxForUser: sys_ppu_thread_create(thread_id=*0x23deba8, entry=0x979da0, arg=0xd03ff710, prio=500, stacksize=0x10000, flags=0x0, threadname=*0xd03ff7bc)
HLE: W {PPU[0x1] Thread (main_thread)[0x00787448]} sys_ppu_thread: _sys_ppu_thread_create(thread_id=*0x23deba8, param=*0xd03ff698, arg=0xd03ff710, unk=0x0, prio=500, stacksize=0x10000, flags=0x0, threadname=*0xd03ff7bc)
HLE: W {PPU[0x1] Thread (main_thread)[0x00787448]} sys_ppu_thread: sys_ppu_thread_start(thread_id=0x43)
HLE: W {PPU[0x1] Thread (main_thread)[0x007861a8]} cellFs: cellFsStat(path=*0xd03ff3c8, sb=*0xd03ff390) -> sys_fs_stat()
HLE: W {PPU[0x1] Thread (main_thread)[0x007861a8]} sys_fs: sys_fs_stat(path=*0xd03ff3c8, sb=*0xd03ff390)
HLE: W {PPU[0x1] Thread (main_thread)[0x007861a8]} sys_fs: *** path = '/dev_hdd0/game/NPEB00765/USRDIR/hidestats.yes'
HLE: E {PPU[0x1] Thread (main_thread)[0x007861a8]} sys_fs: sys_fs_stat('/dev_hdd0/game/NPEB00765/USRDIR/hidestats.yes') failed: not found
HLE: W {PPU[0x1] Thread (main_thread)[0x00786188]} cellFs: cellFsOpen(path=*0xd03ff2f0, flags=0, fd=*0x20620e44, arg=*0x0, size=0x0) -> sys_fs_open()
HLE: W {PPU[0x1] Thread (main_thread)[0x00786188]} sys_fs: sys_fs_open(path=*0xd03ff2f0, flags=0, fd=*0x20620e44, mode=0, arg=*0x0, size=0x0)
HLE: W {PPU[0x1] Thread (main_thread)[0x00786188]} sys_fs: *** path = '/dev_hdd0/game/NPEB00765/USRDIR/PS3ART.POD'
HLE: W {PPU[0x1] Thread (main_thread)[0x007861a8]} cellFs: cellFsStat(path=*0xd03feee8, sb=*0xd03feeb0) -> sys_fs_stat()
HLE: W {PPU[0x1] Thread (main_thread)[0x007861a8]} sys_fs: sys_fs_stat(path=*0xd03feee8, sb=*0xd03feeb0)
HLE: W {PPU[0x1] Thread (main_thread)[0x007861a8]} sys_fs: *** path = '/dev_hdd0/game/NPEB00765/USRDIR/data/ui/font_hud.kern'
HLE: E {PPU[0x1] Thread (main_thread)[0x007861a8]} sys_fs: sys_fs_stat('/dev_hdd0/game/NPEB00765/USRDIR/data/ui/font_hud.kern') failed: not found
HLE: W {PPU[0x1] Thread (main_thread)[0x00786188]} cellFs: cellFsOpen(path=*0xd03ff2f0, flags=0, fd=*0x20621224, arg=*0x0, size=0x0) -> sys_fs_open()
HLE: W {PPU[0x1] Thread (main_thread)[0x00786188]} sys_fs: sys_fs_open(path=*0xd03ff2f0, flags=0, fd=*0x20621224, mode=0, arg=*0x0, size=0x0)
HLE: W {PPU[0x1] Thread (main_thread)[0x00786188]} sys_fs: *** path = '/dev_hdd0/game/NPEB00765/USRDIR/PS3ART.POD'
HLE: W {PPU[0x1] Thread (main_thread)[0x007861a8]} cellFs: cellFsStat(path=*0xd03feee8, sb=*0xd03feeb0) -> sys_fs_stat()
HLE: W {PPU[0x1] Thread (main_thread)[0x007861a8]} sys_fs: sys_fs_stat(path=*0xd03feee8, sb=*0xd03feeb0)
HLE: W {PPU[0x1] Thread (main_thread)[0x007861a8]} sys_fs: *** path = '/dev_hdd0/game/NPEB00765/USRDIR/data/ui/font_medium.kern'
HLE: E {PPU[0x1] Thread (main_thread)[0x007861a8]} sys_fs: sys_fs_stat('/dev_hdd0/game/NPEB00765/USRDIR/data/ui/font_medium.kern') failed: not found
HLE: W {PPU[0x1] Thread (main_thread)[0x00786188]} cellFs: cellFsOpen(path=*0xd03ff2f0, flags=0, fd=*0x20621224, arg=*0x0, size=0x0) -> sys_fs_open()
HLE: W {PPU[0x1] Thread (main_thread)[0x00786188]} sys_fs: sys_fs_open(path=*0xd03ff2f0, flags=0, fd=*0x20621224, mode=0, arg=*0x0, size=0x0)
HLE: W {PPU[0x1] Thread (main_thread)[0x00786188]} sys_fs: *** path = '/dev_hdd0/game/NPEB00765/USRDIR/PS3ART.POD'
HLE: W {PPU[0x1] Thread (main_thread)[0x007861a8]} cellFs: cellFsStat(path=*0xd03feee8, sb=*0xd03feeb0) -> sys_fs_stat()
HLE: W {PPU[0x1] Thread (main_thread)[0x007861a8]} sys_fs: sys_fs_stat(path=*0xd03feee8, sb=*0xd03feeb0)
HLE: W {PPU[0x1] Thread (main_thread)[0x007861a8]} sys_fs: *** path = '/dev_hdd0/game/NPEB00765/USRDIR/data/ui/font_small.kern'
HLE: E {PPU[0x1] Thread (main_thread)[0x007861a8]} sys_fs: sys_fs_stat('/dev_hdd0/game/NPEB00765/USRDIR/data/ui/font_small.kern') failed: not found
HLE: W {PPU[0x1] Thread (main_thread)[0x00786188]} cellFs: cellFsOpen(path=*0xd03ff2f0, flags=0, fd=*0x20621224, arg=*0x0, size=0x0) -> sys_fs_open()
HLE: W {PPU[0x1] Thread (main_thread)[0x00786188]} sys_fs: sys_fs_open(path=*0xd03ff2f0, flags=0, fd=*0x20621224, mode=0, arg=*0x0, size=0x0)
HLE: W {PPU[0x1] Thread (main_thread)[0x00786188]} sys_fs: *** path = '/dev_hdd0/game/NPEB00765/USRDIR/PS3ART.POD'
HLE: W {PPU[0x1] Thread (main_thread)[0x007861a8]} cellFs: cellFsStat(path=*0xd03feee8, sb=*0xd03feeb0) -> sys_fs_stat()
HLE: W {PPU[0x1] Thread (main_thread)[0x007861a8]} sys_fs: sys_fs_stat(path=*0xd03feee8, sb=*0xd03feeb0)
HLE: W {PPU[0x1] Thread (main_thread)[0x007861a8]} sys_fs: *** path = '/dev_hdd0/game/NPEB00765/USRDIR/data/ui/font_debug.kern'
HLE: E {PPU[0x1] Thread (main_thread)[0x007861a8]} sys_fs: sys_fs_stat('/dev_hdd0/game/NPEB00765/USRDIR/data/ui/font_debug.kern') failed: not found
HLE: W {PPU[0x1] Thread (main_thread)[0x00786188]} cellFs: cellFsOpen(path=*0xd03ff2f0, flags=0, fd=*0x20621224, arg=*0x0, size=0x0) -> sys_fs_open()
HLE: W {PPU[0x1] Thread (main_thread)[0x00786188]} sys_fs: sys_fs_open(path=*0xd03ff2f0, flags=0, fd=*0x20621224, mode=0, arg=*0x0, size=0x0)
HLE: W {PPU[0x1] Thread (main_thread)[0x00786188]} sys_fs: *** path = '/dev_hdd0/game/NPEB00765/USRDIR/PS3ART.POD'
HLE: W {PPU[0x1] Thread (main_thread)[0x007861a8]} cellFs: cellFsStat(path=*0xd03feee8, sb=*0xd03feeb0) -> sys_fs_stat()
HLE: W {PPU[0x1] Thread (main_thread)[0x007861a8]} sys_fs: sys_fs_stat(path=*0xd03feee8, sb=*0xd03feeb0)
HLE: W {PPU[0x1] Thread (main_thread)[0x007861a8]} sys_fs: *** path = '/dev_hdd0/game/NPEB00765/USRDIR/data/ui/font_dotmatrix.kern'
HLE: E {PPU[0x1] Thread (main_thread)[0x007861a8]} sys_fs: sys_fs_stat('/dev_hdd0/game/NPEB00765/USRDIR/data/ui/font_dotmatrix.kern') failed: not found
HLE: W {PPU[0x1] Thread (main_thread)[0x00786188]} cellFs: cellFsOpen(path=*0xd03ff2f0, flags=0, fd=*0x20621224, arg=*0x0, size=0x0) -> sys_fs_open()
HLE: W {PPU[0x1] Thread (main_thread)[0x00786188]} sys_fs: sys_fs_open(path=*0xd03ff2f0, flags=0, fd=*0x20621224, mode=0, arg=*0x0, size=0x0)
HLE: W {PPU[0x1] Thread (main_thread)[0x00786188]} sys_fs: *** path = '/dev_hdd0/game/NPEB00765/USRDIR/PS3ART.POD'
HLE: W {PPU[0x1] Thread (main_thread)[0x007861a8]} cellFs: cellFsStat(path=*0xd03feee8, sb=*0xd03feeb0) -> sys_fs_stat()
HLE: W {PPU[0x1] Thread (main_thread)[0x007861a8]} sys_fs: sys_fs_stat(path=*0xd03feee8, sb=*0xd03feeb0)
HLE: W {PPU[0x1] Thread (main_thread)[0x007861a8]} sys_fs: *** path = '/dev_hdd0/game/NPEB00765/USRDIR/data/ui/font_Obj5.kern'
HLE: E {PPU[0x1] Thread (main_thread)[0x007861a8]} sys_fs: sys_fs_stat('/dev_hdd0/game/NPEB00765/USRDIR/data/ui/font_Obj5.kern') failed: not found
HLE: W {PPU[0x1] Thread (main_thread)[0x00786188]} cellFs: cellFsOpen(path=*0xd03ff2f0, flags=0, fd=*0x2065e224, arg=*0x0, size=0x0) -> sys_fs_open()
HLE: W {PPU[0x1] Thread (main_thread)[0x00786188]} sys_fs: sys_fs_open(path=*0xd03ff2f0, flags=0, fd=*0x2065e224, mode=0, arg=*0x0, size=0x0)
HLE: W {PPU[0x1] Thread (main_thread)[0x00786188]} sys_fs: *** path = '/dev_hdd0/game/NPEB00765/USRDIR/PS3ART.POD'
HLE: W {PPU[0x1] Thread (main_thread)[0x007861a8]} cellFs: cellFsStat(path=*0xd03feee8, sb=*0xd03feeb0) -> sys_fs_stat()
HLE: W {PPU[0x1] Thread (main_thread)[0x007861a8]} sys_fs: sys_fs_stat(path=*0xd03feee8, sb=*0xd03feeb0)
HLE: W {PPU[0x1] Thread (main_thread)[0x007861a8]} sys_fs: *** path = '/dev_hdd0/game/NPEB00765/USRDIR/data/ui/font_Obj7.kern'
HLE: E {PPU[0x1] Thread (main_thread)[0x007861a8]} sys_fs: sys_fs_stat('/dev_hdd0/game/NPEB00765/USRDIR/data/ui/font_Obj7.kern') failed: not found
HLE: W {PPU[0x1] Thread (main_thread)[0x00786188]} cellFs: cellFsOpen(path=*0xd03ff2f0, flags=0, fd=*0x2065e224, arg=*0x0, size=0x0) -> sys_fs_open()
HLE: W {PPU[0x1] Thread (main_thread)[0x00786188]} sys_fs: sys_fs_open(path=*0xd03ff2f0, flags=0, fd=*0x2065e224, mode=0, arg=*0x0, size=0x0)
HLE: W {PPU[0x1] Thread (main_thread)[0x00786188]} sys_fs: *** path = '/dev_hdd0/game/NPEB00765/USRDIR/PS3ART.POD'
HLE: W {PPU[0x1] Thread (main_thread)[0x007861a8]} cellFs: cellFsStat(path=*0xd03feee8, sb=*0xd03feeb0) -> sys_fs_stat()
HLE: W {PPU[0x1] Thread (main_thread)[0x007861a8]} sys_fs: sys_fs_stat(path=*0xd03feee8, sb=*0xd03feeb0)
HLE: W {PPU[0x1] Thread (main_thread)[0x007861a8]} sys_fs: *** path = '/dev_hdd0/game/NPEB00765/USRDIR/data/ui/font_new1_ui.kern'
HLE: E {PPU[0x1] Thread (main_thread)[0x007861a8]} sys_fs: sys_fs_stat('/dev_hdd0/game/NPEB00765/USRDIR/data/ui/font_new1_ui.kern') failed: not found
HLE: W {PPU[0x1] Thread (main_thread)[0x00786188]} cellFs: cellFsOpen(path=*0xd03ff2f0, flags=0, fd=*0x2065e224, arg=*0x0, size=0x0) -> sys_fs_open()
HLE: W {PPU[0x1] Thread (main_thread)[0x00786188]} sys_fs: sys_fs_open(path=*0xd03ff2f0, flags=0, fd=*0x2065e224, mode=0, arg=*0x0, size=0x0)
HLE: W {PPU[0x1] Thread (main_thread)[0x00786188]} sys_fs: *** path = '/dev_hdd0/game/NPEB00765/USRDIR/PS3ART.POD'
HLE: W {PPU[0x1] Thread (main_thread)[0x007861a8]} cellFs: cellFsStat(path=*0xd03feee8, sb=*0xd03feeb0) -> sys_fs_stat()
HLE: W {PPU[0x1] Thread (main_thread)[0x007861a8]} sys_fs: sys_fs_stat(path=*0xd03feee8, sb=*0xd03feeb0)
HLE: W {PPU[0x1] Thread (main_thread)[0x007861a8]} sys_fs: *** path = '/dev_hdd0/game/NPEB00765/USRDIR/data/ui/font_car_font.kern'
HLE: E {PPU[0x1] Thread (main_thread)[0x007861a8]} sys_fs: sys_fs_stat('/dev_hdd0/game/NPEB00765/USRDIR/data/ui/font_car_font.kern') failed: not found
HLE: W {PPU[0x1] Thread (main_thread)[0x00787488]} sysPrxForUser: sys_lwmutex_create(lwmutex=*0x23de980, attr=*0xd03ff730)
HLE: W {PPU[0x1] Thread (main_thread)[0x00787488]} sysPrxForUser: sys_lwmutex_create(lwmutex=*0x23de998, attr=*0xd03ff730)
HLE: W {PPU[0x1] Thread (main_thread)[0x00787488]} sysPrxForUser: sys_lwmutex_create(lwmutex=*0x23de9b0, attr=*0xd03ff730)
HLE: W {PPU[0x1] Thread (main_thread)[0x00787488]} sysPrxForUser: sys_lwmutex_create(lwmutex=*0x206ac7a8, attr=*0xd03ff690)
HLE: W {PPU[0x1] Thread (main_thread)[0x00787488]} sysPrxForUser: sys_lwmutex_create(lwmutex=*0x206ac7f8, attr=*0xd03ff690)
HLE: W {PPU[0x1] Thread (main_thread)[0x00787488]} sysPrxForUser: sys_lwmutex_create(lwmutex=*0x206ac848, attr=*0xd03ff690)
HLE: W {PPU[0x1] Thread (main_thread)[0x00787488]} sysPrxForUser: sys_lwmutex_create(lwmutex=*0x206ac898, attr=*0xd03ff690)
HLE: W {PPU[0x1] Thread (main_thread)[0x00787488]} sysPrxForUser: sys_lwmutex_create(lwmutex=*0x206ac8e8, attr=*0xd03ff690)
HLE: W {PPU[0x1] Thread (main_thread)[0x00787488]} sysPrxForUser: sys_lwmutex_create(lwmutex=*0x206ac938, attr=*0xd03ff690)
HLE: W {PPU[0x1] Thread (main_thread)[0x00787488]} sysPrxForUser: sys_lwmutex_create(lwmutex=*0x206ac988, attr=*0xd03ff690)
HLE: W {PPU[0x1] Thread (main_thread)[0x00787488]} sysPrxForUser: sys_lwmutex_create(lwmutex=*0x206ac9d8, attr=*0xd03ff690)
HLE: W {PPU[0x1] Thread (main_thread)[0x00787488]} sysPrxForUser: sys_lwmutex_create(lwmutex=*0x206aca28, attr=*0xd03ff690)
HLE: W {PPU[0x1] Thread (main_thread)[0x00787488]} sysPrxForUser: sys_lwmutex_create(lwmutex=*0x206aca78, attr=*0xd03ff690)
HLE: W {PPU[0x1] Thread (main_thread)[0x00787488]} sysPrxForUser: sys_lwmutex_create(lwmutex=*0x21aad788, attr=*0xd03ff5c0)
HLE: W {PPU[0x1] Thread (main_thread)[0x006a2e40]} sys_mutex: sys_mutex_create(mutex_id=*0x21aad768, attr=*0xd03ff578)
HLE: W {PPU[0x1] Thread (main_thread)[0x006a2e68]} sys_cond: sys_cond_create(cond_id=*0x21aad76c, mutex_id=0x52, attr=*0xd03ff560)
HLE: W {PPU[0x1] Thread (main_thread)[0x006a2eb8]} sys_mutex: sys_mutex_create(mutex_id=*0x21aad750, attr=*0xd03ff578)
HLE: W {PPU[0x1] Thread (main_thread)[0x006a2ed8]} sys_cond: sys_cond_create(cond_id=*0x21aad754, mutex_id=0x54, attr=*0xd03ff560)
HLE: W {PPU[0x1] Thread (main_thread)[0x00787448]} sysPrxForUser: sys_ppu_thread_create(thread_id=*0x21aad748, entry=0x980b00, arg=0x21aad738, prio=1000, stacksize=0x4000, flags=0x1, threadname=*0x907fd8)
HLE: W {PPU[0x1] Thread (main_thread)[0x00787448]} sys_ppu_thread: _sys_ppu_thread_create(thread_id=*0x21aad748, param=*0xd03ff4e8, arg=0x21aad738, unk=0x0, prio=1000, stacksize=0x4000, flags=0x1, threadname=*0x907fd8)
HLE: W {PPU[0x1] Thread (main_thread)[0x00787448]} sys_ppu_thread: sys_ppu_thread_start(thread_id=0x56)
HLE: W {PPU[0x1] Thread (main_thread)[0x00787488]} sysPrxForUser: sys_lwmutex_create(lwmutex=*0x21aad8b8, attr=*0xd03ff5c0)
HLE: W {PPU[0x1] Thread (main_thread)[0x006a2e40]} sys_mutex: sys_mutex_create(mutex_id=*0x21aad898, attr=*0xd03ff4e8)
HLE: W {PPU[0x1] Thread (main_thread)[0x006a2e68]} sys_cond: sys_cond_create(cond_id=*0x21aad89c, mutex_id=0x58, attr=*0xd03ff4d0)
HLE: W {PPU[0x1] Thread (main_thread)[0x006a2eb8]} sys_mutex: sys_mutex_create(mutex_id=*0x21aad880, attr=*0xd03ff4e8)
HLE: W {PPU[0x1] Thread (main_thread)[0x006a2ed8]} sys_cond: sys_cond_create(cond_id=*0x21aad884, mutex_id=0x5a, attr=*0xd03ff4d0)
HLE: W {PPU[0x1] Thread (main_thread)[0x00787448]} sysPrxForUser: sys_ppu_thread_create(thread_id=*0x21aad878, entry=0x980b00, arg=0x21aad868, prio=1000, stacksize=0x4000, flags=0x1, threadname=*0x907fd8)
HLE: W {PPU[0x1] Thread (main_thread)[0x00787448]} sys_ppu_thread: _sys_ppu_thread_create(thread_id=*0x21aad878, param=*0xd03ff458, arg=0x21aad868, unk=0x0, prio=1000, stacksize=0x4000, flags=0x1, threadname=*0x907fd8)
HLE: W {PPU[0x1] Thread (main_thread)[0x00787448]} sys_ppu_thread: sys_ppu_thread_start(thread_id=0x5c)
HLE: W {PPU[0x1] Thread (main_thread)[0x00787488]} sysPrxForUser: sys_lwmutex_create(lwmutex=*0x21b4d750, attr=*0xd03ff5c0)
HLE: W {PPU[0x1] Thread (main_thread)[0x00787488]} sysPrxForUser: sys_lwmutex_create(lwmutex=*0x21b4da70, attr=*0xd03ff5c0)
HLE: W {PPU[0x1] Thread (main_thread)[0x00787488]} sysPrxForUser: sys_lwmutex_create(lwmutex=*0x21b4da98, attr=*0xd03ff5c0)
HLE: W {PPU[0x1] Thread (main_thread)[0x00787488]} sysPrxForUser: sys_lwmutex_create(lwmutex=*0x21b4ddb8, attr=*0xd03ff5c0)
HLE: W {PPU[0x1] Thread (main_thread)[0x00787488]} sysPrxForUser: sys_lwmutex_create(lwmutex=*0x21b4e0d8, attr=*0xd03ff5c0)
HLE: W {PPU[0x1] Thread (main_thread)[0x00787488]} sysPrxForUser: sys_lwmutex_create(lwmutex=*0x21b4e3f8, attr=*0xd03ff5c0)
HLE: W {PPU[0x1] Thread (main_thread)[0x00787488]} sysPrxForUser: sys_lwmutex_create(lwmutex=*0x21b4e718, attr=*0xd03ff5c0)
HLE: W {PPU[0x1] Thread (main_thread)[0x00787488]} sysPrxForUser: sys_lwmutex_create(lwmutex=*0x21b4ea38, attr=*0xd03ff5c0)
HLE: W {PPU[0x1] Thread (main_thread)[0x00787488]} sysPrxForUser: sys_lwmutex_create(lwmutex=*0x21b4ed58, attr=*0xd03ff5c0)
HLE: W {PPU[0x1] Thread (main_thread)[0x00787488]} sysPrxForUser: sys_lwmutex_create(lwmutex=*0x21b4f078, attr=*0xd03ff5c0)
HLE: W {PPU[0x1] Thread (main_thread)[0x00787488]} sysPrxForUser: sys_lwmutex_create(lwmutex=*0x21b4f398, attr=*0xd03ff5c0)
HLE: W {PPU[0x1] Thread (main_thread)[0x00787488]} sysPrxForUser: sys_lwmutex_create(lwmutex=*0x21b52640, attr=*0xd03ff500)
HLE: W {PPU[0x1] Thread (main_thread)[0x00787488]} sysPrxForUser: sys_lwmutex_create(lwmutex=*0x21b52658, attr=*0xd03ff500)
HLE: W {PPU[0x1] Thread (main_thread)[0x00787488]} sysPrxForUser: sys_lwmutex_create(lwmutex=*0x21b52ab8, attr=*0xd03ff480)
HLE: W {PPU[0x1] Thread (main_thread)[0x006c8134]} sys_semaphore: sys_semaphore_create(sem_id=*0x21b52634, attr=*0xd03ff510, initial_val=0, max_val=1)
HLE: W {PPU[0x1] Thread (main_thread)[0x00787448]} sysPrxForUser: sys_ppu_thread_create(thread_id=*0x2639138, entry=0x981f50, arg=0x21b52608, prio=1600, stacksize=0x4000, flags=0x1, threadname=*0x908080)
HLE: W {PPU[0x1] Thread (main_thread)[0x00787448]} sys_ppu_thread: _sys_ppu_thread_create(thread_id=*0x2639138, param=*0xd03ff498, arg=0x21b52608, unk=0x0, prio=1600, stacksize=0x4000, flags=0x1, threadname=*0x908080)
HLE: W {PPU[0x1] Thread (main_thread)[0x00787448]} sys_ppu_thread: sys_ppu_thread_start(thread_id=0x6c)
HLE: W {PPU[0x1] Thread (main_thread)[0x00787488]} sysPrxForUser: sys_lwmutex_create(lwmutex=*0x21b52d18, attr=*0xd03ff5c0)
HLE: W {PPU[0x1] Thread (main_thread)[0x006b4258]} sys_event_flag: sys_event_flag_create(id=*0x21b52d30, attr=*0xd03ff510, init=0x0)
HLE: W {PPU[0x1] Thread (main_thread)[0x00787488]} sysPrxForUser: sys_lwmutex_create(lwmutex=*0x21b52d60, attr=*0xd03ff540)
HLE: W {PPU[0x1] Thread (main_thread)[0x00787488]} sysPrxForUser: sys_lwmutex_create(lwmutex=*0x21b53fe8, attr=*0xd03ff540)
HLE: W {PPU[0x1] Thread (main_thread)[0x00787268]} cellSysutil: cellAudioOutGetState(audioOut=0x0, deviceIndex=0x0, state=*0xd03ff410)
HLE: W {PPU[0x1] Thread (main_thread)[0x00787308]} cellAudio: cellAudioInit()
HLE: W {PPU[0x1] Thread (main_thread)[0x007873e8]} cellAudio: cellAudioPortOpen(audioParam=*0xd03ff428, portNum=*0x21ccd784)
HLE: W {PPU[0x1] Thread (main_thread)[0x007873e8]} cellAudio: *** audio port opened(nChannel=8, nBlock=16, attr=0x0, level=1.000000): port = 0
HLE: W {PPU[0x1] Thread (main_thread)[0x00787388]} cellAudio: cellAudioGetPortConfig(portNum=0, portConfig=*0xd03ff448)
HLE: W {PPU[0x1] Thread (main_thread)[0x007872a8]} cellSpurs: _cellSpursAttributeInitialize(attr=*0xd03ff310, revision=2, sdkVersion=0x330000, nSpus=1, spuPriority=200, ppuPriority=800, exitIfNoWork=0)
HLE: W {PPU[0x1] Thread (main_thread)[0x00787288]} cellSpurs: cellSpursAttributeSetNamePrefix(attr=*0xd03ff310, prefix=*0x908098, size=2)
HLE: W {PPU[0x1] Thread (main_thread)[0x007872e8]} cellSpurs: cellSpursInitializeWithAttribute(spurs=*0x21cd6180, attr=*0xd03ff310)
HLE: W {PPU[0x1] Thread (main_thread)[0x007872e8]} sys_process: sys_process_is_spu_lock_line_reservation_address(addr=0x21cd6180, flags=0x2)
HLE: W {PPU[0x1] Thread (main_thread)[0x007872e8]} sys_semaphore: sys_semaphore_create(sem_id=*0xd03ff058, attr=*0xd03ff038, initial_val=0, max_val=1)
HLE: W {PPU[0x1] Thread (main_thread)[0x007872e8]} sys_semaphore: sys_semaphore_create(sem_id=*0xd03ff058, attr=*0xd03ff038, initial_val=0, max_val=1)
HLE: W {PPU[0x1] Thread (main_thread)[0x007872e8]} sys_semaphore: sys_semaphore_create(sem_id=*0xd03ff058, attr=*0xd03ff038, initial_val=0, max_val=1)
HLE: W {PPU[0x1] Thread (main_thread)[0x007872e8]} sys_semaphore: sys_semaphore_create(sem_id=*0xd03ff058, attr=*0xd03ff038, initial_val=0, max_val=1)
HLE: W {PPU[0x1] Thread (main_thread)[0x007872e8]} sys_semaphore: sys_semaphore_create(sem_id=*0xd03ff058, attr=*0xd03ff038, initial_val=0, max_val=1)
HLE: W {PPU[0x1] Thread (main_thread)[0x007872e8]} sys_semaphore: sys_semaphore_create(sem_id=*0xd03ff058, attr=*0xd03ff038, initial_val=0, max_val=1)
HLE: W {PPU[0x1] Thread (main_thread)[0x007872e8]} sys_semaphore: sys_semaphore_create(sem_id=*0xd03ff058, attr=*0xd03ff038, initial_val=0, max_val=1)
HLE: W {PPU[0x1] Thread (main_thread)[0x007872e8]} sys_semaphore: sys_semaphore_create(sem_id=*0xd03ff058, attr=*0xd03ff038, initial_val=0, max_val=1)
HLE: W {PPU[0x1] Thread (main_thread)[0x007872e8]} sys_semaphore: sys_semaphore_create(sem_id=*0xd03ff058, attr=*0xd03ff038, initial_val=0, max_val=1)
HLE: W {PPU[0x1] Thread (main_thread)[0x007872e8]} sys_semaphore: sys_semaphore_create(sem_id=*0xd03ff058, attr=*0xd03ff038, initial_val=0, max_val=1)
HLE: W {PPU[0x1] Thread (main_thread)[0x007872e8]} sys_semaphore: sys_semaphore_create(sem_id=*0xd03ff058, attr=*0xd03ff038, initial_val=0, max_val=1)
HLE: W {PPU[0x1] Thread (main_thread)[0x007872e8]} sys_semaphore: sys_semaphore_create(sem_id=*0xd03ff058, attr=*0xd03ff038, initial_val=0, max_val=1)
HLE: W {PPU[0x1] Thread (main_thread)[0x007872e8]} sys_semaphore: sys_semaphore_create(sem_id=*0xd03ff058, attr=*0xd03ff038, initial_val=0, max_val=1)
HLE: W {PPU[0x1] Thread (main_thread)[0x007872e8]} sys_semaphore: sys_semaphore_create(sem_id=*0xd03ff058, attr=*0xd03ff038, initial_val=0, max_val=1)
HLE: W {PPU[0x1] Thread (main_thread)[0x007872e8]} sys_semaphore: sys_semaphore_create(sem_id=*0xd03ff058, attr=*0xd03ff038, initial_val=0, max_val=1)
HLE: W {PPU[0x1] Thread (main_thread)[0x007872e8]} sys_semaphore: sys_semaphore_create(sem_id=*0xd03ff058, attr=*0xd03ff038, initial_val=0, max_val=1)
HLE: W {PPU[0x1] Thread (main_thread)[0x007872e8]} sys_semaphore: sys_semaphore_create(sem_id=*0xd03ff058, attr=*0xd03ff038, initial_val=0, max_val=1)
HLE: W {PPU[0x1] Thread (main_thread)[0x007872e8]} sys_spu: sys_spu_thread_group_create(id=*0xd03ff018, num=1, prio=200, attr=*0xd03fef88)
HLE: W {PPU[0x1] Thread (main_thread)[0x007872e8]} sys_spu: sys_spu_thread_initialize(thread=*0xd03fef60, group=0x82, spu_num=0, img=*0x21cd6ef0, attr=*0xd03fef50, arg=*0xd03fef68)
HLE: E {PPU[0x1] Thread (main_thread)[0x007872e8]} sys_spu: Unsupported SPU Thread options (0x2)
HLE: W {PPU[0x1] Thread (main_thread)[0x007872e8]} sysPrxForUser: sys_lwmutex_create(lwmutex=*0x21cd6f30, attr=*0xd03ff020)
HLE: W {PPU[0x1] Thread (main_thread)[0x007872e8]} sysPrxForUser: sys_lwcond_create(lwcond=*0x21cd6f48, lwmutex=*0x21cd6f30, attr=*0xd03ff030)
HLE: W {PPU[0x1] Thread (main_thread)[0x007872e8]} sys_event: sys_event_queue_create(equeue_id=*0x21cd6edc, attr=*0xd03feeb8, event_queue_key=0x0, size=42)
HLE: W {PPU[0x1] Thread (main_thread)[0x007872e8]} sys_spu: sys_spu_thread_group_connect_event_all_threads(id=0x82, eq=0x86, req=0xffffffffffff0000, spup=*0x21cd6249)
HLE: W {PPU[0x1] Thread (main_thread)[0x007872e8]} sys_event: sys_event_port_create(eport_id=*0x21cd6ee0, port_type=1, name=0x0)
HLE: W {PPU[0x1] Thread (main_thread)[0x007872e8]} sys_event: sys_event_port_connect_local(eport_id=0x87, equeue_id=0x86)
HLE: W {PPU[0x1] Thread (main_thread)[0x007872e8]} cellSpurs: cellSpursEnableExceptionEventHandler(spurs=*0x21cd6180, flag=1)
HLE: W {PPU[0x89] Thread (AkSpursHdlr0)[0x00000000]} sys_spu: sys_spu_thread_group_start(id=0x82)
HLE: W {PPU[0x1] Thread (main_thread)[0x007872e8]} sys_spu: sys_spu_thread_group_connect_event(id=0x82, eq=0x86, et=2)
HLE: W {PPU[0x89] Thread (AkSpursHdlr0)[0x00000000]} sys_spu: sys_spu_thread_group_join(id=0x82, cause=*0x0, status=*0x0)
HLE: W {PPU[0x1] Thread (main_thread)[0x0070ca54]} sys_event: sys_event_queue_create(equeue_id=*0x2639744, attr=*0xd03ff100, event_queue_key=0x0, size=8)
HLE: W {PPU[0x1] Thread (main_thread)[0x00786768]} cellSpurs: cellSpursAttachLv2EventQueue(spurs=*0x21cd6180, queue=0x8a, port=*0x263d808, isDynamic=1)
HLE: W {PPU[0x1] Thread (main_thread)[0x00786768]} sys_spu: sys_spu_thread_group_connect_event_all_threads(id=0x82, eq=0x8a, req=0xffffffffffff0000, spup=*0x263d808)
HLE: E {PPU[0x1] Thread (main_thread)[0x007866a8]} cellSpurs: _cellSpursJobChainAttributeInitialize
HLE: E {PPU[0x1] Thread (main_thread)[0x007872c8]} cellSpurs: cellSpursJobChainAttributeSetName
HLE: E {PPU[0x1] Thread (main_thread)[0x00786688]} cellSpurs: cellSpursCreateJobChainWithAttribute
HLE: E {PPU[0x1] Thread (main_thread)[0x007866e8]} cellSpurs: cellSpursJobGuardInitialize
HLE: E {PPU[0x1] Thread (main_thread)[0x007867c8]} cellSpurs: cellSpursRunJobChain
HLE: W {PPU[0x1] Thread (main_thread)[0x00787488]} sysPrxForUser: sys_lwmutex_create(lwmutex=*0x21b54660, attr=*0xd03ff580)
HLE: W {PPU[0x1] Thread (main_thread)[0x006ab2a8]} sys_semaphore: sys_semaphore_create(sem_id=*0x21b546fc, attr=*0xd03ff580, initial_val=0, max_val=1)
HLE: W {PPU[0x1] Thread (main_thread)[0x006b4124]} sys_semaphore: sys_semaphore_create(sem_id=*0x21b546f4, attr=*0xd03ff4d0, initial_val=0, max_val=1)
HLE: W {PPU[0x1] Thread (main_thread)[0x00787448]} sysPrxForUser: sys_ppu_thread_create(thread_id=*0x2639128, entry=0x9814b8, arg=0x21b546f0, prio=1000, stacksize=0x4000, flags=0x1, threadname=*0x908068)
HLE: W {PPU[0x1] Thread (main_thread)[0x00787448]} sys_ppu_thread: _sys_ppu_thread_create(thread_id=*0x2639128, param=*0xd03ff458, arg=0x21b546f0, unk=0x0, prio=1000, stacksize=0x4000, flags=0x1, threadname=*0x908068)
HLE: W {PPU[0x1] Thread (main_thread)[0x00787448]} sys_ppu_thread: sys_ppu_thread_start(thread_id=0x8e)
HLE: W {PPU[0x1] Thread (main_thread)[0x0073a570]} sys_semaphore: sys_semaphore_create(sem_id=*0x2656058, attr=*0xd03ff600, initial_val=0, max_val=1)
HLE: W {PPU[0x8e] Thread (AK::EventManager)[0x007873a8]} cellAudio: cellAudioPortStart(portNum=0)
HLE: W {PPU[0x1] Thread (main_thread)[0x006a3438]} sys_semaphore: sys_semaphore_create(sem_id=*0xd03ff61c, attr=*0xd03ff570, initial_val=0, max_val=1)
HLE: W {PPU[0x6c] Thread (AK::BankManager)[0x00787488]} sysPrxForUser: sys_lwmutex_create(lwmutex=*0x21aadcf8, attr=*0xd04573c0)
HLE: W {PPU[0x56] Thread (AK::IOThread)[0x00786188]} cellFs: cellFsOpen(path=*0x23aa670, flags=0, fd=*0x2065e224, arg=*0x0, size=0x0) -> sys_fs_open()
HLE: W {PPU[0x56] Thread (AK::IOThread)[0x00786188]} sys_fs: sys_fs_open(path=*0x23aa670, flags=0, fd=*0x2065e224, mode=0, arg=*0x0, size=0x0)
HLE: W {PPU[0x56] Thread (AK::IOThread)[0x00786188]} sys_fs: *** path = '/dev_hdd0/game/NPEB00765/USRDIR/PS3SOUND.POD'
HLE: E {PPU[0x8e] Thread (AK::EventManager)[0x007867a8]} cellSpurs: cellSpursJobGuardNotify
G: ! Stopping emulator...
G: ! All threads signaled...
HLE: S {PPU[0x1] Thread (main_thread)[0x006a34ec]} Last syscall: 92 (sys_semaphore_wait)
G: ! {PPU[0x2] Thread (Callback Thread)[0x00000000]} Thread aborted
HLE: S {PPU[0x43] Thread (jobQueueWorker)[0x001e6908]} Last syscall: 130 (sys_event_queue_receive)
G: ! {PPU[0x1] Thread (main_thread)[0x006a34ec]} Thread aborted
G: ! {PPU[0x43] Thread (jobQueueWorker)[0x001e6908]} Thread aborted
HLE: S {PPU[0x39] Thread (spu_printf_handler)[0x0056c070]} Last syscall: 130 (sys_event_queue_receive)
G: ! {PPU[0x36] Thread (SpursHdlr1)[0x00000000]} Thread aborted
HLE: S {PPU[0x56] Thread (AK::IOThread)[0x006a312c]} Last syscall: 107 (sys_cond_wait)
G: ! {PPU[0x39] Thread (spu_printf_handler)[0x0056c070]} Thread aborted
HLE: S {PPU[0x5c] Thread (AK::IOThread)[0x006a312c]} Last syscall: 107 (sys_cond_wait)
G: ! {PPU[0x56] Thread (AK::IOThread)[0x006a312c]} Thread aborted
HLE: S {PPU[0x6c] Thread (AK::BankManager)[0x00787408]} Last function: sys_lwmutex_lock (0x1573dc3f)
G: ! {PPU[0x5c] Thread (AK::IOThread)[0x006a312c]} Thread aborted
HLE: S {PPU[0x8e] Thread (AK::EventManager)[0x0070bec8]} Last syscall: 130 (sys_event_queue_receive)
G: ! {PPU[0x6c] Thread (AK::BankManager)[0x00787408]} Thread aborted
G: ! {PPU[0x88] Thread (AkSpursHdlr1)[0x00000000]} Thread aborted
G: ! {PPU[0x8e] Thread (AK::EventManager)[0x0070bec8]} Thread aborted
G: ! {VBlank Thread} Thread aborted
G: ! {PPU[0x89] Thread (AkSpursHdlr0)[0x00000000]} Thread aborted
G: ! {PPU[0x37] Thread (SpursHdlr0)[0x00000000]} Thread aborted
HLE: S {PPU[0x3d] Thread (asyncLoad)[0x00566c70]} Last syscall: 141 (sys_timer_usleep)
G: ! {PPU[0x3d] Thread (asyncLoad)[0x00566c70]} Thread aborted
G: ! {SPU[0x30] Thread (CellSpursKernel3)[0x00818]} Thread aborted
G: ! {SPU[0x31] Thread (CellSpursKernel4)[0x00818]} Thread aborted
G: ! {SPU[0x2f] Thread (CellSpursKernel2)[0x00818]} Thread aborted
G: ! {SPU[0x2d] Thread (CellSpursKernel0)[0x00818]} Thread aborted
G: ! {SPU[0x2e] Thread (CellSpursKernel1)[0x00818]} Thread aborted
G: ! {SPU[0x83] Thread (AkCellSpursKernel0)[0x00818]} Thread aborted
G: ! All threads stopped...
G: ! Objects cleared...
