LDR: E PSFLoader::Load() failed: unknown magic (0x0)
G: ! RPCS3 v0.0.0.5-2554-gdfeedf2
G: ! 
G: ! Stopping emulator...
LDR: ! Loading 'D:/Emulateurs/Rpcs3/dev_hdd0/game/NPEB00160/USRDIR/BOOT.BIN'...
G: W fs::file::open('D:/Emulateurs/Rpcs3/dev_hdd0/game/NPEB00160/dev_bdvd.path', 0x1) failed: error 0x2
LDR: ! 
LDR: ! Mount info:
LDR: ! /dev_usb000/ -> D:/Emulateurs/Rpcs3/dev_usb000/
LDR: ! /dev_flash/ -> D:/Emulateurs/Rpcs3/dev_flash/
LDR: ! /host_root/ -> 
LDR: ! /dev_hdd0/ -> D:/Emulateurs/Rpcs3/dev_hdd0/
LDR: ! /dev_hdd1/ -> D:/Emulateurs/Rpcs3/dev_hdd1/
LDR: ! /dev_usb/ -> D:/Emulateurs/Rpcs3/dev_usb000/
LDR: ! 
LDR: ! Settings:
LDR: ! CPU: PPU Interpreter 2
LDR: ! SPU: SPU Recompiler (ASMJIT)
LDR: ! Renderer: DirectX 12
LDR: ! D3D Adapter: Default
LDR: ! Resolution: 1280x720
LDR: ! Write Depth Buffer: No
LDR: ! Write Color Buffers: No
LDR: ! Read Color Buffer: No
LDR: ! Audio Out: XAudio2
LDR: ! Log Everything: No
LDR: ! RSX Logging: No
LDR: ! 
LDR: ! Title: Anarchy: Rush Hour
LDR: ! Serial: NPEB00160
LDR: ! Elf path: /dev_hdd0/game/NPEB00160/USRDIR/BOOT.BIN
LDR: ! 
LDR: ! loader::init() failed: Broken file
LDR: ! *** sdk version: 0x300001
LDR: ! *** primary prio: 1001
LDR: ! *** primary stacksize: 0x18000
LDR: ! *** malloc pagesize: 0x100000
LDR: ! *** ppc seg: 0x0
LDR: ! Imported function 'cellGcmGetTiledPitchSize' in 'cellGcmSys' module (0xc29afc)
LDR: ! Imported function '_cellGcmInitBody' in 'cellGcmSys' module (0xc29b1c)
LDR: ! Imported function '_cellGcmSetFlipCommand' in 'cellGcmSys' module (0xc29b3c)
LDR: ! Imported function 'cellGcmAddressToOffset' in 'cellGcmSys' module (0xc29b5c)
LDR: ! Imported function 'cellGcmGetNotifyDataAddress' in 'cellGcmSys' module (0xc29b7c)
LDR: ! Imported function '_cellGcmFunc15' in 'cellGcmSys' module (0xc29b9c)
LDR: ! Imported function 'cellGcmBindTile' in 'cellGcmSys' module (0xc29bbc)
LDR: ! Imported function 'cellGcmSetFlipMode' in 'cellGcmSys' module (0xc29bdc)
LDR: ! Imported function 'cellGcmGetDefaultCommandWordSize' in 'cellGcmSys' module (0xc29bfc)
LDR: ! Imported function 'cellGcmMapEaIoAddressWithFlags' in 'cellGcmSys' module (0xc29c1c)
LDR: ! Imported function 'cellGcmGetLastFlipTime' in 'cellGcmSys' module (0xc29c3c)
LDR: ! Imported function 'cellGcmGetVBlankCount' in 'cellGcmSys' module (0xc29c5c)
LDR: ! Imported function 'cellGcmGetDefaultSegmentWordSize' in 'cellGcmSys' module (0xc29c7c)
LDR: ! Imported function 'cellGcmGetReport' in 'cellGcmSys' module (0xc29c9c)
LDR: ! Imported function 'cellGcmGetReportDataAddress' in 'cellGcmSys' module (0xc29cbc)
LDR: ! Imported function 'cellGcmSetDefaultFifoSize' in 'cellGcmSys' module (0xc29cdc)
LDR: ! Imported function 'cellGcmBindZcull' in 'cellGcmSys' module (0xc29cfc)
LDR: ! Imported function 'cellGcmSetFlipHandler' in 'cellGcmSys' module (0xc29d1c)
LDR: ! Imported function 'cellGcmSetDisplayBuffer' in 'cellGcmSys' module (0xc29d3c)
LDR: ! Imported function 'cellGcmGetControlRegister' in 'cellGcmSys' module (0xc29d5c)
LDR: ! Imported function 'cellGcmSetVBlankHandler' in 'cellGcmSys' module (0xc29d7c)
LDR: ! Imported function 'cellGcmSetTileInfo' in 'cellGcmSys' module (0xc29d9c)
LDR: ! Imported function '_cellGcmSetFlipCommandWithWaitLabel' in 'cellGcmSys' module (0xc29dbc)
LDR: ! Imported function 'cellGcmGetConfiguration' in 'cellGcmSys' module (0xc29ddc)
LDR: ! Imported function 'cellGcmUnmapEaIoAddress' in 'cellGcmSys' module (0xc29dfc)
LDR: ! Imported function 'cellGcmGetLabelAddress' in 'cellGcmSys' module (0xc29e1c)
LDR: ! Imported function 'cellNetCtlNetStartDialogLoadAsync' in 'cellNetCtl' module (0xc29e3c)
LDR: ! Imported function 'cellNetCtlNetStartDialogUnloadAsync' in 'cellNetCtl' module (0xc29e5c)
LDR: ! Imported function 'cellNetCtlTerm' in 'cellNetCtl' module (0xc29e7c)
LDR: ! Imported function 'cellNetCtlGetInfo' in 'cellNetCtl' module (0xc29e9c)
LDR: ! Imported function 'cellNetCtlGetNatInfo' in 'cellNetCtl' module (0xc29ebc)
LDR: ! Imported function 'cellNetCtlGetState' in 'cellNetCtl' module (0xc29edc)
LDR: ! Imported function 'cellNetCtlInit' in 'cellNetCtl' module (0xc29efc)
LDR: ! Imported function 'sceNpTrophyRegisterContext' in 'sceNpTrophy' module (0xc29f1c)
LDR: ! Imported function 'sceNpTrophyCreateHandle' in 'sceNpTrophy' module (0xc29f3c)
LDR: ! Imported function 'sceNpTrophyGetRequiredDiskSpace' in 'sceNpTrophy' module (0xc29f5c)
LDR: ! Imported function 'sceNpTrophyDestroyContext' in 'sceNpTrophy' module (0xc29f7c)
LDR: ! Imported function 'sceNpTrophyInit' in 'sceNpTrophy' module (0xc29f9c)
LDR: ! Imported function 'sceNpTrophyDestroyHandle' in 'sceNpTrophy' module (0xc29fbc)
LDR: ! Imported function 'sceNpTrophyUnlockTrophy' in 'sceNpTrophy' module (0xc29fdc)
LDR: ! Imported function 'sceNpTrophyTerm' in 'sceNpTrophy' module (0xc29ffc)
LDR: ! Imported function 'sceNpTrophyCreateContext' in 'sceNpTrophy' module (0xc2a01c)
LDR: ! Imported function 'cellAudioInGetAvailableDeviceInfo' in 'cellSysutilAvconfExt' module (0xc2a03c)
LDR: ! Imported function 'cellVideoOutSetGamma' in 'cellSysutilAvconfExt' module (0xc2a05c)
LDR: ! Imported function 'cellAudioInSetDeviceMode' in 'cellSysutilAvconfExt' module (0xc2a07c)
LDR: ! Imported function 'cellAudioInRegisterDevice' in 'cellSysutilAvconfExt' module (0xc2a09c)
LDR: ! Imported function 'cellAudioInUnregisterDevice' in 'cellSysutilAvconfExt' module (0xc2a0bc)
LDR: ! Imported function 'sceNpBasicSendMessageGui' in 'sceNp' module (0xc2a0dc)
LDR: ! Imported function 'sceNpScoreGetRankingByNpId' in 'sceNp' module (0xc2a0fc)
LDR: ! Imported function 'sceNpScoreRecordScore' in 'sceNp' module (0xc2a11c)
LDR: ! Imported function 'sceNpScoreWaitAsync' in 'sceNp' module (0xc2a13c)
LDR: ! Imported function 'sceNpScoreGetRankingByRangeAsync' in 'sceNp' module (0xc2a15c)
LDR: ! Imported function 'sceNpScoreDestroyTitleCtx' in 'sceNp' module (0xc2a17c)
LDR: ! Imported function 'sceNpScoreInit' in 'sceNp' module (0xc2a19c)
LDR: ! Imported function 'sceNpBasicRegisterContextSensitiveHandler' in 'sceNp' module (0xc2a1bc)
LDR: ! Imported function 'sceNpTerm' in 'sceNp' module (0xc2a1dc)
LDR: ! Imported function 'sceNpBasicRecvMessageAttachmentLoad' in 'sceNp' module (0xc2a1fc)
LDR: ! Imported function 'sceNpManagerGetContentRatingFlag' in 'sceNp' module (0xc2a21c)
LDR: ! Imported function 'sceNpScoreCreateTransactionCtx' in 'sceNp' module (0xc2a23c)
LDR: ! Imported function 'sceNpBasicGetBlockListEntryCount' in 'sceNp' module (0xc2a25c)
LDR: ! Imported function 'sceNpBasicRecvMessageCustom' in 'sceNp' module (0xc2a27c)
LDR: ! Imported function 'sceNpScoreTerm' in 'sceNp' module (0xc2a29c)
LDR: ! Imported function 'sceNpManagerGetStatus' in 'sceNp' module (0xc2a2bc)
LDR: ! Imported function 'sceNpDrmIsAvailable' in 'sceNp' module (0xc2a2dc)
LDR: ! Imported function 'sceNpScoreCreateTitleCtx' in 'sceNp' module (0xc2a2fc)
LDR: ! Imported function 'sceNpBasicAddPlayersHistoryAsync' in 'sceNp' module (0xc2a31c)
LDR: ! Imported function 'sceNpInit' in 'sceNp' module (0xc2a33c)
LDR: ! Imported function 'sceNpScoreDestroyTransactionCtx' in 'sceNp' module (0xc2a35c)
LDR: ! Imported function 'sceNpProfileCallGui' in 'sceNp' module (0xc2a37c)
LDR: ! Imported function 'sceNpUtilCmpNpId' in 'sceNp' module (0xc2a39c)
LDR: ! Imported function 'sceNpBasicGetEvent' in 'sceNp' module (0xc2a3bc)
LDR: ! Imported function 'sceNpManagerRegisterCallback' in 'sceNp' module (0xc2a3dc)
LDR: ! Imported function 'sceNpManagerGetChatRestrictionFlag' in 'sceNp' module (0xc2a3fc)
LDR: ! Imported function 'sceNpScoreAbortTransaction' in 'sceNp' module (0xc2a41c)
LDR: ! Imported function 'sceNpDrmIsAvailable2' in 'sceNp' module (0xc2a43c)
LDR: ! Imported function 'sceNpBasicGetBlockListEntry' in 'sceNp' module (0xc2a45c)
LDR: ! Imported function 'sceNpManagerGetNpId' in 'sceNp' module (0xc2a47c)
LDR: ! Imported function 'sceNpMatching2DestroyContext' in 'sceNp2' module (0xc2a49c)
LDR: ! Imported function 'sceNpMatching2GetWorldInfoList' in 'sceNp2' module (0xc2a4bc)
LDR: ! Imported function 'sceNpMatching2SearchRoom' in 'sceNp2' module (0xc2a4dc)
LDR: ! Imported function 'sceNpMatching2SignalingGetConnectionStatus' in 'sceNp2' module (0xc2a4fc)
LDR: ! Imported function 'sceNpMatching2LeaveRoom' in 'sceNp2' module (0xc2a51c)
LDR: ! Imported function 'sceNpMatching2SetRoomDataExternal' in 'sceNp2' module (0xc2a53c)
LDR: ! Imported function 'sceNpMatching2Term2' in 'sceNp2' module (0xc2a55c)
LDR: ! Imported function 'sceNpMatching2SignalingGetConnectionInfo' in 'sceNp2' module (0xc2a57c)
LDR: ! Imported function 'sceNpMatching2AbortRequest' in 'sceNp2' module (0xc2a59c)
LDR: ! Imported function 'sceNpMatching2GetServerInfo' in 'sceNp2' module (0xc2a5bc)
LDR: ! Imported function 'sceNpMatching2GetEventData' in 'sceNp2' module (0xc2a5dc)
LDR: ! Imported function 'sceNp2Init' in 'sceNp2' module (0xc2a5fc)
LDR: ! Imported function 'sceNpMatching2AbortContextStart' in 'sceNp2' module (0xc2a61c)
LDR: ! Imported function 'sceNpMatching2GetRoomMemberIdListLocal' in 'sceNp2' module (0xc2a63c)
LDR: ! Imported function 'sceNpMatching2JoinRoom' in 'sceNp2' module (0xc2a65c)
LDR: ! Imported function 'sceNpMatching2GetRoomMemberDataInternalLocal' in 'sceNp2' module (0xc2a67c)
LDR: ! Imported function 'sceNpMatching2KickoutRoomMember' in 'sceNp2' module (0xc2a69c)
LDR: ! Imported function 'sceNpMatching2ContextStartAsync' in 'sceNp2' module (0xc2a6bc)
LDR: ! Imported function 'sceNpMatching2SetSignalingOptParam' in 'sceNp2' module (0xc2a6dc)
LDR: ! Imported function 'sceNpMatching2RegisterContextCallback' in 'sceNp2' module (0xc2a6fc)
LDR: ! Imported function 'sceNpMatching2SendRoomChatMessage' in 'sceNp2' module (0xc2a71c)
LDR: ! Imported function 'sceNpMatching2SetRoomDataInternal' in 'sceNp2' module (0xc2a73c)
LDR: ! Imported function 'sceNpMatching2SignalingGetPingInfo' in 'sceNp2' module (0xc2a75c)
LDR: ! Imported function 'sceNpMatching2GetServerIdListLocal' in 'sceNp2' module (0xc2a77c)
LDR: ! Imported function 'sceNpMatching2CreateContext' in 'sceNp2' module (0xc2a79c)
LDR: ! Imported function 'sceNpMatching2RegisterSignalingCallback' in 'sceNp2' module (0xc2a7bc)
LDR: ! Imported function 'sceNpMatching2ClearEventData' in 'sceNp2' module (0xc2a7dc)
LDR: ! Imported function 'sceNp2Term' in 'sceNp2' module (0xc2a7fc)
LDR: ! Imported function 'sceNpMatching2SetRoomMemberDataInternal' in 'sceNp2' module (0xc2a81c)
LDR: ! Imported function 'sceNpMatching2SetDefaultRequestOptParam' in 'sceNp2' module (0xc2a83c)
LDR: ! Imported function 'sceNpMatching2RegisterRoomEventCallback' in 'sceNp2' module (0xc2a85c)
LDR: ! Imported function 'sceNpMatching2CreateJoinRoom' in 'sceNp2' module (0xc2a87c)
LDR: ! Imported function 'sceNpMatching2ContextStop' in 'sceNp2' module (0xc2a89c)
LDR: ! Imported function 'sceNpMatching2Init2' in 'sceNp2' module (0xc2a8bc)
LDR: ! Imported function 'sceNpMatching2RegisterRoomMessageCallback' in 'sceNp2' module (0xc2a8dc)
LDR: ! Imported function 'cellSysutilAvc2GetPlayerInfo' in 'cellSysutilAvc2' module (0xc2a8fc)
LDR: ! Imported function 'cellSysutilAvc2JoinChat' in 'cellSysutilAvc2' module (0xc2a91c)
LDR: ! Imported function 'cellSysutilAvc2StopStreaming' in 'cellSysutilAvc2' module (0xc2a93c)
LDR: ! Imported function 'cellSysutilAvc2StartVoiceDetection' in 'cellSysutilAvc2' module (0xc2a95c)
LDR: ! Imported function 'cellSysutilAvc2StopVoiceDetection' in 'cellSysutilAvc2' module (0xc2a97c)
LDR: ! Imported function 'cellSysutilAvc2SetStreamingTarget' in 'cellSysutilAvc2' module (0xc2a99c)
LDR: ! Imported function 'cellSysutilAvc2Unload' in 'cellSysutilAvc2' module (0xc2a9bc)
LDR: ! Imported function 'cellSysutilAvc2StartStreaming' in 'cellSysutilAvc2' module (0xc2a9dc)
LDR: ! Imported function 'cellSysutilAvc2InitParam' in 'cellSysutilAvc2' module (0xc2a9fc)
LDR: ! Imported function 'cellSysutilAvc2LeaveChat' in 'cellSysutilAvc2' module (0xc2aa1c)
LDR: ! Imported function 'cellSysutilAvc2Load' in 'cellSysutilAvc2' module (0xc2aa3c)
LDR: ! Imported function 'cellSysutilAvc2SetAttribute' in 'cellSysutilAvc2' module (0xc2aa5c)
LDR: ! Imported function 'cellRtcFormatRfc3339LocalTime' in 'cellRtc' module (0xc2aa7c)
LDR: ! Imported function 'cellOvisGetOverlayTableSize' in 'cellOvis' module (0xc2aa9c)
LDR: ! Imported function 'cellOvisInitializeOverlayTable' in 'cellOvis' module (0xc2aabc)
LDR: ! Imported function 'cellMicOpenEx' in 'cellMic' module (0xc2aadc)
LDR: ! Imported function 'cellMicRead' in 'cellMic' module (0xc2aafc)
LDR: ! Imported function 'cellMicSetNotifyEventQueue' in 'cellMic' module (0xc2ab1c)
LDR: ! Imported function 'cellMicInit' in 'cellMic' module (0xc2ab3c)
LDR: ! Imported function 'cellMicClose' in 'cellMic' module (0xc2ab5c)
LDR: ! Imported function 'cellMicEnd' in 'cellMic' module (0xc2ab7c)
LDR: ! Imported function 'cellMicStart' in 'cellMic' module (0xc2ab9c)
LDR: ! Imported function 'cellMicStop' in 'cellMic' module (0xc2abbc)
LDR: ! Imported function 'cellScreenShotEnable' in 'cellScreenShotUtility' module (0xc2abdc)
LDR: ! Imported function 'cellScreenShotSetParameter' in 'cellScreenShotUtility' module (0xc2abfc)
LDR: ! Imported function 'cellSailGraphicsAdapterGetFrame' in 'cellSail' module (0xc2ac1c)
LDR: ! Imported function 'cellSailGraphicsAdapterPtsToTimePosition' in 'cellSail' module (0xc2ac3c)
LDR: ! Imported function 'cellSailPlayerFinalize' in 'cellSail' module (0xc2ac5c)
LDR: ! Imported function 'cellSailPlayerSetGraphicsAdapter' in 'cellSail' module (0xc2ac7c)
LDR: ! Imported function 'cellSailGraphicsAdapterInitialize' in 'cellSail' module (0xc2ac9c)
LDR: ! Imported function 'cellSailPlayerInitialize2' in 'cellSail' module (0xc2acbc)
LDR: ! Imported function 'cellSailGraphicsAdapterSetPreferredFormat' in 'cellSail' module (0xc2acdc)
LDR: ! Imported function 'cellSailMemAllocatorInitialize' in 'cellSail' module (0xc2acfc)
LDR: ! Imported function 'cellSailPlayerOpenStream' in 'cellSail' module (0xc2ad1c)
LDR: ! Imported function 'cellSailGraphicsAdapterUpdateAvSync' in 'cellSail' module (0xc2ad3c)
LDR: ! Imported function 'cellSailPlayerSetParameter' in 'cellSail' module (0xc2ad5c)
LDR: ! Imported function 'cellSailGraphicsAdapterFinalize' in 'cellSail' module (0xc2ad7c)
LDR: ! Imported function 'cellSailPlayerAddDescriptor' in 'cellSail' module (0xc2ad9c)
LDR: ! Imported function 'cellSailDescriptorGetCapabilities' in 'cellSail' module (0xc2adbc)
LDR: ! Imported function 'cellSailPlayerBoot' in 'cellSail' module (0xc2addc)
LDR: ! Imported function 'cellSailPlayerCreateDescriptor' in 'cellSail' module (0xc2adfc)
LDR: ! Imported function 'cellSailPlayerStart' in 'cellSail' module (0xc2ae1c)
LDR: ! Imported function 'cellSailPlayerStop' in 'cellSail' module (0xc2ae3c)
LDR: ! Imported function 'cellSailPlayerSetRepeatMode' in 'cellSail' module (0xc2ae5c)
LDR: ! Imported function 'cellSailGraphicsAdapterGetFormat' in 'cellSail' module (0xc2ae7c)
LDR: ! Imported function 'cellFsRmdir' in 'sys_fs' module (0xc2ae9c)
LDR: ! Imported function 'cellFsClose' in 'sys_fs' module (0xc2aebc)
LDR: ! Imported function 'cellFsOpendir' in 'sys_fs' module (0xc2aedc)
LDR: ! Imported function 'cellFsRead' in 'sys_fs' module (0xc2aefc)
LDR: ! Imported function 'cellFsReaddir' in 'sys_fs' module (0xc2af1c)
LDR: ! Imported function 'cellFsOpen' in 'sys_fs' module (0xc2af3c)
LDR: ! Imported function 'cellFsAllocateFileAreaWithoutZeroFill' in 'sys_fs' module (0xc2af5c)
LDR: ! Imported function 'cellFsStat' in 'sys_fs' module (0xc2af7c)
LDR: ! Imported function 'cellFsUnlink' in 'sys_fs' module (0xc2af9c)
LDR: ! Imported function 'cellFsFsync' in 'sys_fs' module (0xc2afbc)
LDR: ! Imported function 'cellFsAioFinish' in 'sys_fs' module (0xc2afdc)
LDR: ! Imported function 'cellFsLseek' in 'sys_fs' module (0xc2affc)
LDR: ! Imported function 'cellFsGetFreeSize' in 'sys_fs' module (0xc2b01c)
LDR: ! Imported function 'cellFsSdataOpen' in 'sys_fs' module (0xc2b03c)
LDR: ! Imported function 'cellFsMkdir' in 'sys_fs' module (0xc2b05c)
LDR: ! Imported function 'cellFsAioRead' in 'sys_fs' module (0xc2b07c)
LDR: ! Imported function 'cellFsAioInit' in 'sys_fs' module (0xc2b09c)
LDR: ! Imported function 'cellFsWrite' in 'sys_fs' module (0xc2b0bc)
LDR: ! Imported function 'cellFsFstat' in 'sys_fs' module (0xc2b0dc)
LDR: ! Imported function 'cellFsRename' in 'sys_fs' module (0xc2b0fc)
LDR: ! Imported function 'cellFsClosedir' in 'sys_fs' module (0xc2b11c)
LDR: ! Imported function 'cellSysmoduleUnloadModule' in 'cellSysmodule' module (0xc2b13c)
LDR: ! Imported function 'cellSysmoduleLoadModule' in 'cellSysmodule' module (0xc2b15c)
LDR: ! Imported function 'cellSysmoduleIsLoaded' in 'cellSysmodule' module (0xc2b17c)
LDR: ! Imported function 'cellSysmoduleInitialize' in 'cellSysmodule' module (0xc2b19c)
LDR: ! Imported function 'cellSysmoduleFinalize' in 'cellSysmodule' module (0xc2b1bc)
LDR: ! Imported function '_cellSpursLFQueueInitialize' in 'cellSpurs' module (0xc2b1dc)
LDR: ! Imported function 'cellSpursQueueDetachLv2EventQueue' in 'cellSpurs' module (0xc2b1fc)
LDR: ! Imported function '_cellSpursQueueInitialize' in 'cellSpurs' module (0xc2b21c)
LDR: ! Imported function 'cellSpursAttributeEnableSpuPrintfIfAvailable' in 'cellSpurs' module (0xc2b23c)
LDR: ! Imported function '_cellSpursTasksetAttributeInitialize' in 'cellSpurs' module (0xc2b25c)
LDR: ! Imported function 'cellSpursLFQueueAttachLv2EventQueue' in 'cellSpurs' module (0xc2b27c)
LDR: ! Imported function 'cellSpursEventFlagDetachLv2EventQueue' in 'cellSpurs' module (0xc2b29c)
LDR: ! Imported function 'cellSpursCreateJobChainWithAttribute' in 'cellSpurs' module (0xc2b2bc)
LDR: ! Imported function '_cellSpursJobChainAttributeInitialize' in 'cellSpurs' module (0xc2b2dc)
LDR: ! Imported function 'cellSpursEventFlagWait' in 'cellSpurs' module (0xc2b2fc)
LDR: ! Imported function '_cellSpursEventFlagInitialize' in 'cellSpurs' module (0xc2b31c)
LDR: ! Imported function 'cellSpursTasksetAttributeSetName' in 'cellSpurs' module (0xc2b33c)
LDR: ! Imported function 'cellSpursJobGuardInitialize' in 'cellSpurs' module (0xc2b35c)
LDR: ! Imported function 'cellSpursShutdownJobChain' in 'cellSpurs' module (0xc2b37c)
LDR: ! Imported function 'cellSpursLFQueueDetachLv2EventQueue' in 'cellSpurs' module (0xc2b39c)
LDR: ! Imported function 'cellSpursEventFlagAttachLv2EventQueue' in 'cellSpurs' module (0xc2b3bc)
LDR: ! Imported function '_cellSpursLFQueuePushBody' in 'cellSpurs' module (0xc2b3dc)
LDR: ! Imported function 'cellSpursQueuePopBody' in 'cellSpurs' module (0xc2b3fc)
LDR: ! Imported function '_cellSpursAttributeInitialize' in 'cellSpurs' module (0xc2b41c)
LDR: ! Imported function 'cellSpursJoinTaskset' in 'cellSpurs' module (0xc2b43c)
LDR: ! Imported function 'cellSpursJobChainAttributeSetName' in 'cellSpurs' module (0xc2b45c)
LDR: ! Imported function 'cellSpursShutdownTaskset' in 'cellSpurs' module (0xc2b47c)
LDR: ! Imported function 'cellSpursJoinJobChain' in 'cellSpurs' module (0xc2b49c)
LDR: ! Imported function 'cellSpursAttributeSetSpuThreadGroupType' in 'cellSpurs' module (0xc2b4bc)
LDR: ! Imported function 'cellSpursInitializeWithAttribute' in 'cellSpurs' module (0xc2b4dc)
LDR: ! Imported function 'cellSpursInitialize' in 'cellSpurs' module (0xc2b4fc)
LDR: ! Imported function 'cellSpursAttachLv2EventQueue' in 'cellSpurs' module (0xc2b51c)
LDR: ! Imported function 'cellSpursCreateTask' in 'cellSpurs' module (0xc2b53c)
LDR: ! Imported function 'cellSpursCreateTasksetWithAttribute' in 'cellSpurs' module (0xc2b55c)
LDR: ! Imported function 'cellSpursFinalize' in 'cellSpurs' module (0xc2b57c)
LDR: ! Imported function 'cellSpursJobGuardNotify' in 'cellSpurs' module (0xc2b59c)
LDR: ! Imported function 'cellSpursQueueAttachLv2EventQueue' in 'cellSpurs' module (0xc2b5bc)
LDR: ! Imported function 'cellSpursRunJobChain' in 'cellSpurs' module (0xc2b5dc)
LDR: ! Imported function 'cellVideoOutConfigure' in 'cellSysutil' module (0xc2b5fc)
LDR: ! Imported function 'cellVideoOutGetConfiguration' in 'cellSysutil' module (0xc2b61c)
LDR: ! Imported function 'cellSysutilCheckCallback' in 'cellSysutil' module (0xc2b63c)
LDR: ! Imported function 'cellSysCacheMount' in 'cellSysutil' module (0xc2b65c)
LDR: ! Imported function 'cellVideoOutGetDeviceInfo' in 'cellSysutil' module (0xc2b67c)
LDR: ! Imported function 'cellMsgDialogClose' in 'cellSysutil' module (0xc2b69c)
LDR: ! Imported function 'cellSysutilEnableBgmPlayback' in 'cellSysutil' module (0xc2b6bc)
LDR: ! Imported function 'cellSysutilGetSystemParamInt' in 'cellSysutil' module (0xc2b6dc)
LDR: ! Imported function 'cellAudioOutConfigure' in 'cellSysutil' module (0xc2b6fc)
LDR: ! Imported function 'cellMsgDialogOpen2' in 'cellSysutil' module (0xc2b71c)
LDR: ! Imported function 'cellVideoOutGetState' in 'cellSysutil' module (0xc2b73c)
LDR: ! Imported function 'cellSaveDataAutoSave2' in 'cellSysutil' module (0xc2b75c)
LDR: ! Imported function 'cellSysutilRegisterCallback' in 'cellSysutil' module (0xc2b77c)
LDR: ! Imported function 'cellSysutilGetBgmPlaybackStatus' in 'cellSysutil' module (0xc2b79c)
LDR: ! Imported function 'cellVideoOutGetResolutionAvailability' in 'cellSysutil' module (0xc2b7bc)
LDR: ! Imported function 'cellAudioOutGetSoundAvailability' in 'cellSysutil' module (0xc2b7dc)
LDR: ! Imported function 'cellSysutilDisableBgmPlayback' in 'cellSysutil' module (0xc2b7fc)
LDR: ! Imported function 'cellVideoOutGetResolution' in 'cellSysutil' module (0xc2b81c)
LDR: ! Imported function 'cellSaveDataDelete2' in 'cellSysutil' module (0xc2b83c)
LDR: ! Imported function 'cellSaveDataAutoLoad2' in 'cellSysutil' module (0xc2b85c)
LDR: ! Imported function 'cellGameGetParamString' in 'cellGame' module (0xc2b87c)
LDR: ! Imported function 'cellGameContentPermit' in 'cellGame' module (0xc2b89c)
LDR: ! Imported function 'cellGameContentErrorDialog' in 'cellGame' module (0xc2b8bc)
LDR: ! Imported function 'cellGameDataCheck' in 'cellGame' module (0xc2b8dc)
LDR: ! Imported function 'cellGameBootCheck' in 'cellGame' module (0xc2b8fc)
LDR: ! Imported function 'cellAudioCreateNotifyEventQueue' in 'cellAudio' module (0xc2b91c)
LDR: ! Imported function 'cellAudioInit' in 'cellAudio' module (0xc2b93c)
LDR: ! Imported function 'cellAudioSetNotifyEventQueue' in 'cellAudio' module (0xc2b95c)
LDR: ! Imported function 'cellAudioPortClose' in 'cellAudio' module (0xc2b97c)
LDR: ! Imported function 'cellAudioPortStop' in 'cellAudio' module (0xc2b99c)
LDR: ! Imported function 'cellAudioGetPortConfig' in 'cellAudio' module (0xc2b9bc)
LDR: ! Imported function 'cellAudioPortStart' in 'cellAudio' module (0xc2b9dc)
LDR: ! Imported function 'cellAudioQuit' in 'cellAudio' module (0xc2b9fc)
LDR: ! Imported function 'cellAudioPortOpen' in 'cellAudio' module (0xc2ba1c)
LDR: ! Imported function 'cellAudioRemoveNotifyEventQueue' in 'cellAudio' module (0xc2ba3c)
LDR: ! Imported function 'sys_net_initialize_network_ex' in 'sys_net' module (0xc2ba5c)
LDR: ! Imported function 'getsockname' in 'sys_net' module (0xc2ba7c)
LDR: ! Imported function 'recvfrom' in 'sys_net' module (0xc2ba9c)
LDR: ! Imported function 'listen' in 'sys_net' module (0xc2babc)
LDR: ! Imported function 'socketselect' in 'sys_net' module (0xc2badc)
LDR: ! Imported function 'getsockopt' in 'sys_net' module (0xc2bafc)
LDR: ! Imported function '_sys_net_errno_loc' in 'sys_net' module (0xc2bb1c)
LDR: ! Imported function 'connect' in 'sys_net' module (0xc2bb3c)
LDR: ! Imported function 'socketclose' in 'sys_net' module (0xc2bb5c)
LDR: ! Imported function 'gethostbyname' in 'sys_net' module (0xc2bb7c)
LDR: ! Imported function 'inet_ntoa' in 'sys_net' module (0xc2bb9c)
LDR: ! Imported function 'setsockopt' in 'sys_net' module (0xc2bbbc)
LDR: ! Imported function 'sendto' in 'sys_net' module (0xc2bbdc)
LDR: ! Imported function 'socket' in 'sys_net' module (0xc2bbfc)
LDR: ! Imported function 'shutdown' in 'sys_net' module (0xc2bc1c)
LDR: ! Imported function 'bind' in 'sys_net' module (0xc2bc3c)
LDR: ! Imported function 'sys_net_finalize_network' in 'sys_net' module (0xc2bc5c)
LDR: ! Imported function 'accept' in 'sys_net' module (0xc2bc7c)
LDR: ! Imported function 'inet_addr' in 'sys_net' module (0xc2bc9c)
LDR: ! Imported function 'send' in 'sys_net' module (0xc2bcbc)
LDR: ! Imported function 'gethostbyaddr' in 'sys_net' module (0xc2bcdc)
LDR: ! Imported function 'recv' in 'sys_net' module (0xc2bcfc)
LDR: ! Imported function 'sys_net_free_thread_context' in 'sys_net' module (0xc2bd1c)
LDR: ! Imported function 'cellPadInit' in 'sys_io' module (0xc2bd3c)
LDR: ! Imported function 'cellPadEnd' in 'sys_io' module (0xc2bd5c)
LDR: ! Imported function 'cellPadSetPortSetting' in 'sys_io' module (0xc2bd7c)
LDR: ! Imported function 'cellPadGetData' in 'sys_io' module (0xc2bd9c)
LDR: ! Imported function 'cellPadGetInfo2' in 'sys_io' module (0xc2bdbc)
LDR: ! Imported function 'cellPadSetActDirect' in 'sys_io' module (0xc2bddc)
LDR: ! Imported function 'sys_lwmutex_lock' in 'sysPrxForUser' module (0xc2bdfc)
LDR: ! Imported function 'sys_lwmutex_unlock' in 'sysPrxForUser' module (0xc2be1c)
LDR: ! Imported function 'sys_lwcond_destroy' in 'sysPrxForUser' module (0xc2be3c)
LDR: ! Imported function 'sys_ppu_thread_create' in 'sysPrxForUser' module (0xc2be5c)
LDR: ! Imported function 'sys_prx_load_module' in 'sysPrxForUser' module (0xc2be7c)
LDR: ! Imported function 'sys_lwcond_wait' in 'sysPrxForUser' module (0xc2be9c)
LDR: ! Imported function '_sys_process_atexitspawn' in 'sysPrxForUser' module (0xc2bebc)
LDR: ! Imported function 'sys_lwmutex_create' in 'sysPrxForUser' module (0xc2bedc)
LDR: ! Imported function 'sys_ppu_thread_get_id' in 'sysPrxForUser' module (0xc2befc)
LDR: ! Imported function 'sys_prx_register_library' in 'sysPrxForUser' module (0xc2bf1c)
LDR: ! Imported function '_sys_spu_printf_initialize' in 'sysPrxForUser' module (0xc2bf3c)
LDR: ! Imported function 'sys_process_is_stack' in 'sysPrxForUser' module (0xc2bf5c)
LDR: ! Imported function 'sys_initialize_tls' in 'sysPrxForUser' module (0xc2bf7c)
LDR: ! Imported function 'sys_time_get_system_time' in 'sysPrxForUser' module (0xc2bf9c)
LDR: ! Imported function '_sys_process_at_Exitspawn' in 'sysPrxForUser' module (0xc2bfbc)
LDR: ! Imported function 'sys_prx_exitspawn_with_level' in 'sysPrxForUser' module (0xc2bfdc)
LDR: ! Imported function 'sys_ppu_thread_once' in 'sysPrxForUser' module (0xc2bffc)
LDR: ! Imported function 'sys_prx_load_module_on_memcontainer' in 'sysPrxForUser' module (0xc2c01c)
LDR: ! Imported function 'sys_lwmutex_trylock' in 'sysPrxForUser' module (0xc2c03c)
LDR: ! Imported function 'sys_ppu_thread_exit' in 'sysPrxForUser' module (0xc2c05c)
LDR: ! Imported function 'sys_lwmutex_destroy' in 'sysPrxForUser' module (0xc2c07c)
LDR: ! Imported function 'sys_lwcond_create' in 'sysPrxForUser' module (0xc2c09c)
LDR: ! Imported function '_sys_spu_printf_finalize' in 'sysPrxForUser' module (0xc2c0bc)
LDR: ! Imported function 'sys_spu_image_close' in 'sysPrxForUser' module (0xc2c0dc)
LDR: ! Imported function 'sys_process_exit' in 'sysPrxForUser' module (0xc2c0fc)
LDR: ! Imported function 'sys_lwcond_signal_all' in 'sysPrxForUser' module (0xc2c11c)
LDR: ! Imported function 'sys_spu_image_import' in 'sysPrxForUser' module (0xc2c13c)
LDR: ! Imported function 'sys_lwcond_signal' in 'sysPrxForUser' module (0xc2c15c)
MEM: ! Thread Local Storage initialized (g_tls_start=0x10c8000, user_size=0x155d)
*** TLS segment addr: 0x00eaf238
*** TLS segment size: 0x00000008
HLE: W {PPU[0x1] Thread (main_thread)[0x00c2bedc]} sysPrxForUser: sys_lwmutex_create(lwmutex=*0xfc48e0, attr=*0xc37208)
HLE: W {PPU[0x1] Thread (main_thread)[0x0050edbc]} sys_memory: sys_memory_get_user_memory_size(mem_info=*0xd0017c04)
HLE: W {PPU[0x1] Thread (main_thread)[0x00c2bedc]} sysPrxForUser: sys_lwmutex_create(lwmutex=*0xfc46e8, attr=*0xc37208)
HLE: W {PPU[0x1] Thread (main_thread)[0x00c2bedc]} sysPrxForUser: sys_lwmutex_create(lwmutex=*0xfc3a38, attr=*0xc37208)
HLE: W {PPU[0x1] Thread (main_thread)[0x00c2bedc]} sysPrxForUser: sys_lwmutex_create(lwmutex=*0xfc3a60, attr=*0xc37208)
HLE: W {PPU[0x1] Thread (main_thread)[0x00c2bedc]} sysPrxForUser: sys_lwmutex_create(lwmutex=*0xfc3a88, attr=*0xc37208)
HLE: W {PPU[0x1] Thread (main_thread)[0x00c2bedc]} sysPrxForUser: sys_lwmutex_create(lwmutex=*0xfc3970, attr=*0xc37208)
HLE: W {PPU[0x1] Thread (main_thread)[0x00c2bedc]} sysPrxForUser: sys_lwmutex_create(lwmutex=*0xfc3998, attr=*0xc37208)
HLE: W {PPU[0x1] Thread (main_thread)[0x00c2bedc]} sysPrxForUser: sys_lwmutex_create(lwmutex=*0xfc39c0, attr=*0xc37208)
HLE: W {PPU[0x1] Thread (main_thread)[0x00c2bedc]} sysPrxForUser: sys_lwmutex_create(lwmutex=*0xfc39e8, attr=*0xc37208)
HLE: W {PPU[0x1] Thread (main_thread)[0x00c2bedc]} sysPrxForUser: sys_lwmutex_create(lwmutex=*0xfc3a10, attr=*0xc37208)
HLE: W {PPU[0x1] Thread (main_thread)[0x00c2bedc]} sysPrxForUser: sys_lwmutex_create(lwmutex=*0xfc89d0, attr=*0xebce80)
HLE: W {PPU[0x1] Thread (main_thread)[0x00c2bedc]} sysPrxForUser: sys_lwmutex_create(lwmutex=*0xfc8a98, attr=*0xebce80)
HLE: W {PPU[0x1] Thread (main_thread)[0x00c2bedc]} sysPrxForUser: sys_lwmutex_create(lwmutex=*0xfc8990, attr=*0xebce90)
HLE: W {PPU[0x1] Thread (main_thread)[0x00c2bedc]} sysPrxForUser: sys_lwmutex_create(lwmutex=*0xfc3830, attr=*0xd0017b50)
HLE: W {PPU[0x1] Thread (main_thread)[0x004fd300]} sys_time: sys_time_get_timezone(timezone=*0xd0017b20, summertime=*0xd0017b24)
HLE: W {PPU[0x1] Thread (main_thread)[0x004fed70]} sys_time: sys_time_get_timezone(timezone=*0xd0017b20, summertime=*0xd0017b24)
HLE: W {PPU[0x1] Thread (main_thread)[0x004fd2ac]} sys_time: sys_time_get_timezone(timezone=*0xd0017b20, summertime=*0xd0017b24)
HLE: W {PPU[0x1] Thread (main_thread)[0x004fed70]} sys_time: sys_time_get_timezone(timezone=*0xd0017b20, summertime=*0xd0017b24)
HLE: W {PPU[0x1] Thread (main_thread)[0x00c2bedc]} sysPrxForUser: sys_lwmutex_create(lwmutex=*0xebcb30, attr=*0xd0017bb0)
HLE: W {PPU[0x1] Thread (main_thread)[0x00c2bedc]} sysPrxForUser: sys_lwmutex_create(lwmutex=*0xec7098, attr=*0xd0017bb0)
HLE: W {PPU[0x1] Thread (main_thread)[0x00c2bedc]} sysPrxForUser: sys_lwmutex_create(lwmutex=*0xec7070, attr=*0xd0017bf0)
HLE: W {PPU[0x1] Thread (main_thread)[0x00c2bedc]} sysPrxForUser: sys_lwmutex_create(lwmutex=*0xfae398, attr=*0xd0017bf0)
HLE: W {PPU[0x1] Thread (main_thread)[0x0050d724]} sys_memory: sys_memory_allocate(size=0x100000, flags=0x400, alloc_addr=*0xd0017960)
HLE: W {PPU[0x1] Thread (main_thread)[0x004dd464]} sys_mutex: sys_mutex_create(mutex_id=*0xd0017ac0, attr=*0xd0017ac8)
HLE: W {PPU[0x1] Thread (main_thread)[0x00c2bedc]} sysPrxForUser: sys_lwmutex_create(lwmutex=*0x1060bc0, attr=*0xd0017b60)
HLE: W {PPU[0x1] Thread (main_thread)[0x00c2bedc]} sysPrxForUser: sys_lwmutex_create(lwmutex=*0x10609a0, attr=*0xd0017b60)
HLE: W {PPU[0x1] Thread (main_thread)[0x00c2bedc]} sysPrxForUser: sys_lwmutex_create(lwmutex=*0x105c1f0, attr=*0xd0017b80)
HLE: W {PPU[0x1] Thread (main_thread)[0x00c2bedc]} sysPrxForUser: sys_lwmutex_create(lwmutex=*0x102ed10, attr=*0xd0017b50)
HLE: W {PPU[0x1] Thread (main_thread)[0x00c2bedc]} sysPrxForUser: sys_lwmutex_create(lwmutex=*0x100af40, attr=*0xd0017b80)
HLE: W {PPU[0x1] Thread (main_thread)[0x00c2bedc]} sysPrxForUser: sys_lwmutex_create(lwmutex=*0x100af60, attr=*0xd0017b80)
HLE: W {PPU[0x1] Thread (main_thread)[0x00c2bedc]} sysPrxForUser: sys_lwmutex_create(lwmutex=*0x1008450, attr=*0xd0017b20)
HLE: W {PPU[0x1] Thread (main_thread)[0x00c2b19c]} cellSysmodule: cellSysmoduleInitialize()
HLE: W {PPU[0x1] Thread (main_thread)[0x00c2b17c]} cellSysmodule: cellSysmoduleIsLoaded(id=0x003e: CELL_SYSMODULE_SYSUTIL_GAME)
HLE: E {PPU[0x1] Thread (main_thread)[0x00c2b17c]} cellSysmodule: cellSysmoduleIsLoaded() failed: module not loaded (id=0x003e)
HLE: W {PPU[0x1] Thread (main_thread)[0x00c2b15c]} cellSysmodule: cellSysmoduleLoadModule(id=0x003e: CELL_SYSMODULE_SYSUTIL_GAME)
HLE: W {PPU[0x1] Thread (main_thread)[0x00c2b8fc]} cellGame: cellGameBootCheck(type=*0xd0017ca0, attributes=*0xd0017ca4, size=*0xd0017ca8, dirName=*0x100ae20)
HLE: W {PPU[0x1] Thread (main_thread)[0x00c2b87c]} cellGame: cellGameGetParamString(id=100, buf=*0xebd608, bufsize=10)
HLE: W {PPU[0x1] Thread (main_thread)[0x00c2b87c]} cellGame: cellGameGetParamString(id=0, buf=*0xebd618, bufsize=128)
HLE: W {PPU[0x1] Thread (main_thread)[0x00c2b89c]} cellGame: cellGameContentPermit(contentInfoPath=*0x100aea0, usrdirPath=*0x100ad18)
HLE: W {PPU[0x1] Thread (main_thread)[0x00c2b15c]} cellSysmodule: cellSysmoduleLoadModule(id=0x000e: CELL_SYSMODULE_FS)
HLE: W {PPU[0x1] Thread (main_thread)[0x00c2b09c]} cellFs: cellFsAioInit(mount_point=*0xc4b1e0)
HLE: W {PPU[0x1] Thread (main_thread)[0x00c2b09c]} cellFs: *** mount_point = '/dev_hdd0'
HLE: ! {PPU[0x1] Thread (main_thread)[0x00c2b03c]} cellFs: cellFsSdataOpen(path=*0x10c93d0, flags=0, fd=*0xd0017b50, arg=*0x0, size=0x0)
HLE: W {PPU[0x1] Thread (main_thread)[0x00c2b03c]} cellFs: cellFsOpen(path=*0x10c93d0, flags=0, fd=*0xd0017b50, arg=*0xd0017ad8, size=0x8) -> sys_fs_open()
HLE: W {PPU[0x1] Thread (main_thread)[0x00c2b03c]} sys_fs: sys_fs_open(path=*0x10c93d0, flags=0, fd=*0xd0017b50, mode=0, arg=*0xd0017ad8, size=0x8)
HLE: W {PPU[0x1] Thread (main_thread)[0x00c2b03c]} sys_fs: *** path = '/dev_hdd0/game/NPEB00160/USRDIR/ar.vromfs.sdat'
HLE: W {PPU[0x1] Thread (main_thread)[0x00c2bedc]} sysPrxForUser: sys_lwmutex_create(lwmutex=*0x102fb10, attr=*0xd0017b40)
HLE: W {PPU[0x1] Thread (main_thread)[0x00c2af3c]} cellFs: cellFsOpen(path=*0xd00178c0, flags=0, fd=*0xd00178b0, arg=*0x0, size=0x0) -> sys_fs_open()
HLE: W {PPU[0x1] Thread (main_thread)[0x00c2af3c]} sys_fs: sys_fs_open(path=*0xd00178c0, flags=0, fd=*0xd00178b0, mode=0, arg=*0x0, size=0x0)
HLE: W {PPU[0x1] Thread (main_thread)[0x00c2af3c]} sys_fs: *** path = '/dev_hdd0/game/NPEB00160/USRDIR/settings.blk'
G: W {PPU[0x1] Thread (main_thread)[0x00c2af3c]} fs::file::open('D:/Emulateurs/Rpcs3/dev_hdd0/game/NPEB00160/USRDIR/settings.blk', 0x1) failed: error 0x2
HLE: E {PPU[0x1] Thread (main_thread)[0x00c2af3c]} sys_fs: sys_fs_open('/dev_hdd0/game/NPEB00160/USRDIR/settings.blk'): failed to open file (flags=0, mode=0)
HLE: W {PPU[0x1] Thread (main_thread)[0x00c2af3c]} cellFs: cellFsOpen(path=*0xd00178c0, flags=0, fd=*0xd00178b0, arg=*0x0, size=0x0) -> sys_fs_open()
HLE: W {PPU[0x1] Thread (main_thread)[0x00c2af3c]} sys_fs: sys_fs_open(path=*0xd00178c0, flags=0, fd=*0xd00178b0, mode=0, arg=*0x0, size=0x0)
HLE: W {PPU[0x1] Thread (main_thread)[0x00c2af3c]} sys_fs: *** path = '/dev_hdd0/game/NPEB00160/USRDIR/settings.blk.blk'
G: W {PPU[0x1] Thread (main_thread)[0x00c2af3c]} fs::file::open('D:/Emulateurs/Rpcs3/dev_hdd0/game/NPEB00160/USRDIR/settings.blk.blk', 0x1) failed: error 0x2
HLE: E {PPU[0x1] Thread (main_thread)[0x00c2af3c]} sys_fs: sys_fs_open('/dev_hdd0/game/NPEB00160/USRDIR/settings.blk.blk'): failed to open file (flags=0, mode=0)
HLE: W {PPU[0x1] Thread (main_thread)[0x00c2af3c]} cellFs: cellFsOpen(path=*0xd00178c0, flags=0, fd=*0xd00178b0, arg=*0x0, size=0x0) -> sys_fs_open()
HLE: W {PPU[0x1] Thread (main_thread)[0x00c2af3c]} sys_fs: sys_fs_open(path=*0xd00178c0, flags=0, fd=*0xd00178b0, mode=0, arg=*0x0, size=0x0)
HLE: W {PPU[0x1] Thread (main_thread)[0x00c2af3c]} sys_fs: *** path = '/dev_hdd0/game/NPEB00160/USRDIR/settings.blk.bin'
G: W {PPU[0x1] Thread (main_thread)[0x00c2af3c]} fs::file::open('D:/Emulateurs/Rpcs3/dev_hdd0/game/NPEB00160/USRDIR/settings.blk.bin', 0x1) failed: error 0x2
HLE: E {PPU[0x1] Thread (main_thread)[0x00c2af3c]} sys_fs: sys_fs_open('/dev_hdd0/game/NPEB00160/USRDIR/settings.blk.bin'): failed to open file (flags=0, mode=0)
HLE: W {PPU[0x1] Thread (main_thread)[0x00c2af3c]} cellFs: cellFsOpen(path=*0xd00178c0, flags=0, fd=*0xd00178b0, arg=*0x0, size=0x0) -> sys_fs_open()
HLE: W {PPU[0x1] Thread (main_thread)[0x00c2af3c]} sys_fs: sys_fs_open(path=*0xd00178c0, flags=0, fd=*0xd00178b0, mode=0, arg=*0x0, size=0x0)
HLE: W {PPU[0x1] Thread (main_thread)[0x00c2af3c]} sys_fs: *** path = '/dev_hdd0/game/NPEB00160/USRDIR/settings.blk.blk.bin'
G: W {PPU[0x1] Thread (main_thread)[0x00c2af3c]} fs::file::open('D:/Emulateurs/Rpcs3/dev_hdd0/game/NPEB00160/USRDIR/settings.blk.blk.bin', 0x1) failed: error 0x2
HLE: E {PPU[0x1] Thread (main_thread)[0x00c2af3c]} sys_fs: sys_fs_open('/dev_hdd0/game/NPEB00160/USRDIR/settings.blk.blk.bin'): failed to open file (flags=0, mode=0)
G: ! {PPU[0x1] Thread (main_thread)[0x0088e8dc]} Registers:
=========
GPR[0] = 0x0
GPR[1] = 0xd0017840
GPR[2] = 0xe984b0
GPR[3] = 0xd
GPR[4] = 0x0
GPR[5] = 0x1
GPR[6] = 0xd0017658
GPR[7] = 0x0
GPR[8] = 0x0
GPR[9] = 0x0
GPR[10] = 0x0
GPR[11] = 0x0
GPR[12] = 0x0
GPR[13] = 0x10cf030
GPR[14] = 0x0
GPR[15] = 0x10c6000
GPR[16] = 0x10c5000
GPR[17] = 0x0
GPR[18] = 0xe2f000
GPR[19] = 0x100000
GPR[20] = 0x0
GPR[21] = 0xd0017a60
GPR[22] = 0x105aeb4
GPR[23] = 0xd0017a80
GPR[24] = 0x15
GPR[25] = 0x20000f40
GPR[26] = 0xc43120
GPR[27] = 0x0
GPR[28] = 0x105b2c0
GPR[29] = 0xd00178b0
GPR[30] = 0xd0017a38
GPR[31] = 0xc56aa8
FPR[0] = 0.996827
FPR[1] = 1.04205
FPR[2] = 6
FPR[3] = 3
FPR[4] = 0
FPR[5] = 0
FPR[6] = 0
FPR[7] = 0.08
FPR[8] = 0.06
FPR[9] = 0.0755172
FPR[10] = 0.569899
FPR[11] = -0.0251724
FPR[12] = 0.821715
FPR[13] = 0.0859375
FPR[14] = 0
FPR[15] = 0
FPR[16] = 0
FPR[17] = 0
FPR[18] = 0
FPR[19] = 0
FPR[20] = 0
FPR[21] = 0
FPR[22] = 0
FPR[23] = 0
FPR[24] = 0
FPR[25] = 0
FPR[26] = 0
FPR[27] = 0
FPR[28] = 0
FPR[29] = 0
FPR[30] = 0
FPR[31] = 0
VPR[0] = 0x00000000000000000000000000000000 [x: 0 y: 0 z: 0 w: 0]
VPR[1] = 0x00000000021b0e40000000003f800000 [x: 0 y: 1.13917e-37 z: 0 w: 1]
VPR[2] = 0x00000000000000000000000000000000 [x: 0 y: 0 z: 0 w: 0]
VPR[3] = 0x00000000000000000000000000000000 [x: 0 y: 0 z: 0 w: 0]
VPR[4] = 0x00000000000000080000000000000007 [x: 0 y: 1.12104e-44 z: 0 w: 9.80909e-45]
VPR[5] = 0x00000002013ee6680000000000000ac1 [x: 2.8026e-45 y: 3.50628e-38 z: 0 w: 3.85777e-42]
VPR[6] = 0x00000000000000000000000000000000 [x: 0 y: 0 z: 0 w: 0]
VPR[7] = 0x00000000000000000000000000000000 [x: 0 y: 0 z: 0 w: 0]
VPR[8] = 0x00000000021b1480000000003f800000 [x: 0 y: 1.13935e-37 z: 0 w: 1]
VPR[9] = 0x00000000000000000000000000000000 [x: 0 y: 0 z: 0 w: 0]
VPR[10] = 0x00000000000000000000000000000000 [x: 0 y: 0 z: 0 w: 0]
VPR[11] = 0x00000000000000080000000000000007 [x: 0 y: 1.12104e-44 z: 0 w: 9.80909e-45]
VPR[12] = 0x00000002013ee6800000000000000ac2 [x: 2.8026e-45 y: 3.50629e-38 z: 0 w: 3.85918e-42]
VPR[13] = 0x00000000000000000000000000000000 [x: 0 y: 0 z: 0 w: 0]
VPR[14] = 0x00000000000000000000000000000000 [x: 0 y: 0 z: 0 w: 0]
VPR[15] = 0x00000000021b0ec0000000003f800000 [x: 0 y: 1.13918e-37 z: 0 w: 1]
VPR[16] = 0x00000000000000000000000000000000 [x: 0 y: 0 z: 0 w: 0]
VPR[17] = 0x00000000000000000000000000000000 [x: 0 y: 0 z: 0 w: 0]
VPR[18] = 0x00000000000000080000000000000007 [x: 0 y: 1.12104e-44 z: 0 w: 9.80909e-45]
VPR[19] = 0x00000002013ee6a00000000000000ac3 [x: 2.8026e-45 y: 3.5063e-38 z: 0 w: 3.86058e-42]
VPR[20] = 0x00000000000000000000000000000000 [x: 0 y: 0 z: 0 w: 0]
VPR[21] = 0x00000000000000000000000000000000 [x: 0 y: 0 z: 0 w: 0]
VPR[22] = 0x00000000021b1400000000003f800000 [x: 0 y: 1.13933e-37 z: 0 w: 1]
VPR[23] = 0x00000000000000000000000000000000 [x: 0 y: 0 z: 0 w: 0]
VPR[24] = 0x00000000000000000000000000000000 [x: 0 y: 0 z: 0 w: 0]
VPR[25] = 0x00000000000000080000000000000007 [x: 0 y: 1.12104e-44 z: 0 w: 9.80909e-45]
VPR[26] = 0x00000002013ee6c00000000000000ac4 [x: 2.8026e-45 y: 3.5063e-38 z: 0 w: 3.86198e-42]
VPR[27] = 0x00000000000000000000000000000000 [x: 0 y: 0 z: 0 w: 0]
VPR[28] = 0x00000000000000000000000000000000 [x: 0 y: 0 z: 0 w: 0]
VPR[29] = 0x00000000021b14a0000000003f800000 [x: 0 y: 1.13935e-37 z: 0 w: 1]
VPR[30] = 0x00000000000000000000000000000000 [x: 0 y: 0 z: 0 w: 0]
VPR[31] = 0x00000000000000000000000000000000 [x: 0 y: 0 z: 0 w: 0]
CR = 0x48000082
LR = 0x88e848
CTR = 0x0
XER = 0x20000000 [CA=1 | OV=8589934592 | SO=0]
FPSCR = 0x0 [RN=0 | NI=0 | XE=0 | ZE=0 | UE=0 | OE=0 | VE=0 | VXCVI=0 | VXSQRT=0 | VXSOFT=0 | FPRF=0 | FI=0 | FR=0 | VXVC=0 | VXIMZ=0 | VXZDZ=0 | VXIDI=0 | VXISI=0 | VXSNAN=0 | XX=0 | ZX=0 | UX=0 | OX=0 | VX=0 | FEX=0 | FX=0]

G: E {PPU[0x1] Thread (main_thread)[0x0088e8dc]} Exception: Access violation writing location 0x0
(in file ..\Utilities\Thread.cpp:1122, in function _se_translator)
G: ! Stopping emulator...
G: ! All threads signaled...
G: ! {PPU[0x2] Thread (Callback Thread)[0x00000000]} Thread aborted
G: ! All threads stopped...
G: ! Objects cleared...
