LDR: E PSFLoader::Load() failed: unknown magic (0x0)
G: ! RPCS3 v0.0.0.5-2554-gdfeedf2
G: ! 
G: ! Stopping emulator...
LDR: ! Loading 'D:/Emulateurs/Rpcs3/dev_hdd0/game/NPEB01882/USRDIR/BOOT.BIN'...
G: W fs::file::open('D:/Emulateurs/Rpcs3/dev_hdd0/game/NPEB01882/dev_bdvd.path', 0x1) failed: error 0x2
LDR: ! 
LDR: ! Mount info:
LDR: ! /dev_usb000/ -> D:/Emulateurs/Rpcs3/dev_usb000/
LDR: ! /dev_flash/ -> D:/Emulateurs/Rpcs3/dev_flash/
LDR: ! /host_root/ -> 
LDR: ! /dev_hdd0/ -> D:/Emulateurs/Rpcs3/dev_hdd0/
LDR: ! /dev_hdd1/ -> D:/Emulateurs/Rpcs3/dev_hdd1/
LDR: ! /dev_usb/ -> D:/Emulateurs/Rpcs3/dev_usb000/
LDR: ! 
LDR: ! Settings:
LDR: ! CPU: PPU JIT (LLVM)
LDR: ! SPU: SPU Recompiler (ASMJIT)
LDR: ! Renderer: DirectX 12
LDR: ! D3D Adapter: Default
LDR: ! Resolution: 1280x720
LDR: ! Write Depth Buffer: No
LDR: ! Write Color Buffers: No
LDR: ! Read Color Buffer: No
LDR: ! Audio Out: XAudio2
LDR: ! Log Everything: No
LDR: ! RSX Logging: No
LDR: ! 
LDR: ! Title: Duke Nukem 3D: Megaton Edition
LDR: ! Serial: NPEB01882
LDR: ! Elf path: /dev_hdd0/game/NPEB01882/USRDIR/BOOT.BIN
LDR: ! 
LDR: ! loader::init() failed: Broken file
LDR: ! *** sdk version: 0x460001
LDR: ! *** primary prio: 1001
LDR: ! *** primary stacksize: 0x10000
LDR: ! *** malloc pagesize: 0x100000
LDR: ! *** ppc seg: 0x0
LDR: ! Imported function 'cellRtcGetCurrentTick' in 'cellRtc' module (0x46f010)
LDR: ! Imported function 'cellRtcGetCurrentClockLocalTime' in 'cellRtc' module (0x472650)
LDR: ! Imported function 'cellRtcGetCurrentClock' in 'cellRtc' module (0x472670)
LDR: ! Imported function 'cellRtcGetDaysInMonth' in 'cellRtc' module (0x472690)
LDR: ! Imported function 'cellRtcSetTick' in 'cellRtc' module (0x4726b0)
LDR: ! Imported function 'cellRtcGetDayOfWeek' in 'cellRtc' module (0x4726d0)
LDR: ! Imported function 'cellAudioCreateNotifyEventQueue' in 'cellAudio' module (0x46f030)
LDR: ! Imported function 'cellAudioInit' in 'cellAudio' module (0x46f050)
LDR: ! Imported function 'cellAudioSetNotifyEventQueue' in 'cellAudio' module (0x46f070)
LDR: ! Imported function 'cellAudioGetPortTimestamp' in 'cellAudio' module (0x46f090)
LDR: ! Imported function 'cellAudioPortClose' in 'cellAudio' module (0x46f0b0)
LDR: ! Imported function 'cellAudioPortStop' in 'cellAudio' module (0x46f0d0)
LDR: ! Imported function 'cellAudioGetPortConfig' in 'cellAudio' module (0x46f0f0)
LDR: ! Imported function 'cellAudioAdd6chData' in 'cellAudio' module (0x46f110)
LDR: ! Imported function 'cellAudioPortStart' in 'cellAudio' module (0x46f130)
LDR: ! Imported function 'cellAudioAdd2chData' in 'cellAudio' module (0x46f150)
LDR: ! Imported function 'cellAudioQuit' in 'cellAudio' module (0x46f170)
LDR: ! Imported function 'cellAudioPortOpen' in 'cellAudio' module (0x46f190)
LDR: ! Imported function 'cellAudioAddData' in 'cellAudio' module (0x46f1b0)
LDR: ! Imported function 'cellAudioGetPortBlockTag' in 'cellAudio' module (0x46f1d0)
LDR: ! Imported function 'cellAudioRemoveNotifyEventQueue' in 'cellAudio' module (0x46f1f0)
LDR: ! Imported function 'cellRudpGetSizeReadable' in 'cellRudp' module (0x46f210)
LDR: ! Imported function 'cellRudpSetOption' in 'cellRudp' module (0x46f230)
LDR: ! Imported function 'cellRudpWrite' in 'cellRudp' module (0x46f250)
LDR: ! Imported function 'cellRudpTerminate' in 'cellRudp' module (0x46f270)
LDR: ! Imported function 'cellRudpInit' in 'cellRudp' module (0x46f290)
LDR: ! Imported function 'cellRudpEnableInternalIOThread' in 'cellRudp' module (0x46f2b0)
LDR: ! Imported function 'cellRudpCreateContext' in 'cellRudp' module (0x46f2d0)
LDR: ! Imported function 'cellRudpSetEventHandler' in 'cellRudp' module (0x46f2f0)
LDR: ! Imported function 'cellRudpRead' in 'cellRudp' module (0x46f310)
LDR: ! Imported function 'cellRudpEnd' in 'cellRudp' module (0x46f330)
LDR: ! Imported function 'cellRudpInitiate' in 'cellRudp' module (0x46f350)
LDR: ! Imported function 'cellRudpBind' in 'cellRudp' module (0x46f370)
LDR: ! Imported function 'cellPngDecCreate' in 'cellPngDec' module (0x46f390)
LDR: ! Imported function 'cellPngDecDecodeData' in 'cellPngDec' module (0x46f3b0)
LDR: ! Imported function 'cellPngDecClose' in 'cellPngDec' module (0x46f3d0)
LDR: ! Imported function 'cellPngDecDestroy' in 'cellPngDec' module (0x46f3f0)
LDR: ! Imported function 'cellPngDecReadHeader' in 'cellPngDec' module (0x46f410)
LDR: ! Imported function 'cellPngDecOpen' in 'cellPngDec' module (0x46f430)
LDR: ! Imported function 'cellPngDecSetParameter' in 'cellPngDec' module (0x46f450)
LDR: ! Imported function 'cellSysutilUnregisterCallback' in 'cellSysutil' module (0x46f470)
LDR: ! Imported function 'cellVideoOutConfigure' in 'cellSysutil' module (0x46f490)
LDR: ! Imported function 'cellSysutilCheckCallback' in 'cellSysutil' module (0x46f4b0)
LDR: ! Imported function 'cellMsgDialogClose' in 'cellSysutil' module (0x46f4d0)
LDR: ! Imported function 'cellMsgDialogOpenErrorCode' in 'cellSysutil' module (0x46f4f0)
LDR: ! Imported function 'cellSysutilGetSystemParamInt' in 'cellSysutil' module (0x46f510)
LDR: ! Imported function 'cellAudioOutConfigure' in 'cellSysutil' module (0x46f530)
LDR: ! Imported function 'cellMsgDialogAbort' in 'cellSysutil' module (0x46f550)
LDR: ! Imported function 'cellVideoOutGetNumberOfDevice' in 'cellSysutil' module (0x46f570)
LDR: ! Imported function 'cellMsgDialogOpen2' in 'cellSysutil' module (0x46f590)
LDR: ! Imported function 'cellAudioOutGetDeviceInfo' in 'cellSysutil' module (0x46f5b0)
LDR: ! Imported function 'cellVideoOutGetState' in 'cellSysutil' module (0x46f5d0)
LDR: ! Imported function 'cellSaveDataAutoSave2' in 'cellSysutil' module (0x46f5f0)
LDR: ! Imported function 'cellSysutilRegisterCallback' in 'cellSysutil' module (0x46f610)
LDR: ! Imported function 'cellVideoOutGetResolutionAvailability' in 'cellSysutil' module (0x46f630)
LDR: ! Imported function 'cellAudioOutGetSoundAvailability' in 'cellSysutil' module (0x46f650)
LDR: ! Imported function 'cellSaveDataFixedDelete' in 'cellSysutil' module (0x46f670)
LDR: ! Imported function 'cellVideoOutGetResolution' in 'cellSysutil' module (0x46f690)
LDR: ! Imported function 'cellAudioOutGetNumberOfDevice' in 'cellSysutil' module (0x46f6b0)
LDR: ! Imported function 'cellSaveDataEnableOverlay' in 'cellSysutil' module (0x46f6d0)
LDR: ! Imported function 'cellAudioOutGetConfiguration' in 'cellSysutil' module (0x46f6f0)
LDR: ! Imported function 'cellSaveDataDelete2' in 'cellSysutil' module (0x46f710)
LDR: ! Imported function 'cellAudioOutGetState' in 'cellSysutil' module (0x46f730)
LDR: ! Imported function 'cellSaveDataAutoLoad2' in 'cellSysutil' module (0x46f750)
LDR: ! Imported function 'sys_net_initialize_network_ex' in 'sys_net' module (0x46f770)
LDR: ! Imported function 'socketclose' in 'sys_net' module (0x46f790)
LDR: ! Imported function 'setsockopt' in 'sys_net' module (0x46f7b0)
LDR: ! Imported function 'inet_pton' in 'sys_net' module (0x46f7d0)
LDR: ! Imported function 'sendto' in 'sys_net' module (0x46f7f0)
LDR: ! Imported function 'socket' in 'sys_net' module (0x46f810)
LDR: ! Imported function 'bind' in 'sys_net' module (0x46f830)
LDR: ! Imported function 'cellGcmGetTiledPitchSize' in 'cellGcmSys' module (0x46f850)
LDR: ! Imported function 'cellGcmSetUserHandler' in 'cellGcmSys' module (0x46f870)
LDR: ! Imported function 'cellGcmSetPrepareFlip' in 'cellGcmSys' module (0x46f890)
LDR: ! Imported function '_cellGcmInitBody' in 'cellGcmSys' module (0x46f8b0)
LDR: ! Imported function '_cellGcmSetFlipCommand' in 'cellGcmSys' module (0x46f8d0)
LDR: ! Imported function 'cellGcmAddressToOffset' in 'cellGcmSys' module (0x46f8f0)
LDR: ! Imported function 'cellGcmGetOffsetTable' in 'cellGcmSys' module (0x46f910)
LDR: ! Imported function '_cellGcmFunc15' in 'cellGcmSys' module (0x46f930)
LDR: ! Imported function 'cellGcmBindTile' in 'cellGcmSys' module (0x46f950)
LDR: ! Imported function 'cellGcmSetFlipMode' in 'cellGcmSys' module (0x46f970)
LDR: ! Imported function 'cellGcmGetDefaultCommandWordSize' in 'cellGcmSys' module (0x46f990)
LDR: ! Imported function 'cellGcmMapEaIoAddressWithFlags' in 'cellGcmSys' module (0x46f9b0)
LDR: ! Imported function 'cellGcmGetLastFlipTime' in 'cellGcmSys' module (0x46f9d0)
LDR: ! Imported function 'cellGcmMapEaIoAddress' in 'cellGcmSys' module (0x46f9f0)
LDR: ! Imported function 'cellGcmGetFlipStatus' in 'cellGcmSys' module (0x46fa10)
LDR: ! Imported function 'cellGcmGetReportDataAddressLocation' in 'cellGcmSys' module (0x46fa30)
LDR: ! Imported function 'cellGcmGetDefaultSegmentWordSize' in 'cellGcmSys' module (0x46fa50)
LDR: ! Imported function 'cellGcmSetDefaultFifoSize' in 'cellGcmSys' module (0x46fa70)
LDR: ! Imported function 'cellGcmBindZcull' in 'cellGcmSys' module (0x46fa90)
LDR: ! Imported function 'cellGcmMapMainMemory' in 'cellGcmSys' module (0x46fab0)
LDR: ! Imported function 'cellGcmSetDisplayBuffer' in 'cellGcmSys' module (0x46fad0)
LDR: ! Imported function 'cellGcmGetControlRegister' in 'cellGcmSys' module (0x46faf0)
LDR: ! Imported function 'cellGcmUnbindZcull' in 'cellGcmSys' module (0x46fb10)
LDR: ! Imported function 'cellGcmSetVBlankHandler' in 'cellGcmSys' module (0x46fb30)
LDR: ! Imported function 'cellGcmSetFlipImmediate' in 'cellGcmSys' module (0x46fb50)
LDR: ! Imported function 'cellGcmResetFlipStatus' in 'cellGcmSys' module (0x46fb70)
LDR: ! Imported function 'cellGcmSetTileInfo' in 'cellGcmSys' module (0x46fb90)
LDR: ! Imported function '_cellGcmSetFlipCommandWithWaitLabel' in 'cellGcmSys' module (0x46fbb0)
LDR: ! Imported function 'cellGcmUnbindTile' in 'cellGcmSys' module (0x46fbd0)
LDR: ! Imported function 'cellGcmUnmapIoAddress' in 'cellGcmSys' module (0x46fbf0)
LDR: ! Imported function 'cellGcmGetConfiguration' in 'cellGcmSys' module (0x46fc10)
LDR: ! Imported function 'cellGcmUnmapEaIoAddress' in 'cellGcmSys' module (0x46fc30)
LDR: ! Imported function 'cellGcmGetLabelAddress' in 'cellGcmSys' module (0x46fc50)
LDR: ! Imported function 'cellRescGcmSurface2RescSrc' in 'cellResc' module (0x46fc70)
LDR: ! Imported function 'cellRescSetWaitFlip' in 'cellResc' module (0x46fc90)
LDR: ! Imported function 'cellRescSetDsts' in 'cellResc' module (0x46fcb0)
LDR: ! Imported function 'cellRescSetDisplayMode' in 'cellResc' module (0x46fcd0)
LDR: ! Imported function 'cellRescSetConvertAndFlip' in 'cellResc' module (0x46fcf0)
LDR: ! Imported function 'cellRescExit' in 'cellResc' module (0x46fd10)
LDR: ! Imported function 'cellRescSetFlipHandler' in 'cellResc' module (0x46fd30)
LDR: ! Imported function 'cellRescInit' in 'cellResc' module (0x46fd50)
LDR: ! Imported function 'cellRescGetBufferSize' in 'cellResc' module (0x46fd70)
LDR: ! Imported function 'cellRescSetSrc' in 'cellResc' module (0x46fd90)
LDR: ! Imported function 'cellRescSetBufferAddress' in 'cellResc' module (0x46fdb0)
LDR: ! Imported function 'cellRescVideoOutResolutionId2RescBufferMode' in 'cellResc' module (0x46fdd0)
LDR: ! Imported function 'cellRescSetVBlankHandler' in 'cellResc' module (0x46fdf0)
LDR: ! Imported function 'cellPadClearBuf' in 'sys_io' module (0x46fe10)
LDR: ! Imported function 'cellPadInit' in 'sys_io' module (0x46fe30)
LDR: ! Imported function 'cellKbClearBuf' in 'sys_io' module (0x46fe50)
LDR: ! Imported function 'cellKbGetInfo' in 'sys_io' module (0x46fe70)
LDR: ! Imported function 'cellMouseGetData' in 'sys_io' module (0x46fe90)
LDR: ! Imported function 'cellMouseClearBuf' in 'sys_io' module (0x46feb0)
LDR: ! Imported function 'cellKbInit' in 'sys_io' module (0x46fed0)
LDR: ! Imported function 'cellPadEnd' in 'sys_io' module (0x46fef0)
LDR: ! Imported function 'cellPadSetPortSetting' in 'sys_io' module (0x46ff10)
LDR: ! Imported function 'cellMouseGetInfo' in 'sys_io' module (0x46ff30)
LDR: ! Imported function 'cellPadGetData' in 'sys_io' module (0x46ff50)
LDR: ! Imported function 'cellKbSetCodeType' in 'sys_io' module (0x46ff70)
LDR: ! Imported function 'cellPadGetInfo2' in 'sys_io' module (0x46ff90)
LDR: ! Imported function 'cellKbEnd' in 'sys_io' module (0x46ffb0)
LDR: ! Imported function 'cellMouseInit' in 'sys_io' module (0x46ffd0)
LDR: ! Imported function 'cellKbSetReadMode' in 'sys_io' module (0x46fff0)
LDR: ! Imported function 'cellMouseEnd' in 'sys_io' module (0x470010)
LDR: ! Imported function 'cellPadSetActDirect' in 'sys_io' module (0x470030)
LDR: ! Imported function 'cellKbRead' in 'sys_io' module (0x470050)
LDR: ! Imported function 'cellFsStReadInit' in 'sys_fs' module (0x470070)
LDR: ! Imported function 'cellFsStRead' in 'sys_fs' module (0x470090)
LDR: ! Imported function 'cellFsClose' in 'sys_fs' module (0x4700b0)
LDR: ! Imported function 'cellFsRead' in 'sys_fs' module (0x4700d0)
LDR: ! Imported function 'cellFsOpen' in 'sys_fs' module (0x4700f0)
LDR: ! Imported function 'cellFsStReadStart' in 'sys_fs' module (0x470110)
LDR: ! Imported function 'cellFsLseek' in 'sys_fs' module (0x470130)
LDR: ! Imported function 'cellFsStReadFinish' in 'sys_fs' module (0x470150)
LDR: ! Imported function 'cellFsWrite' in 'sys_fs' module (0x470170)
LDR: ! Imported function 'cellFsFstat' in 'sys_fs' module (0x470190)
LDR: ! Imported function 'cellFsStReadStop' in 'sys_fs' module (0x4701b0)
LDR: ! Imported function 'cellFsRmdir' in 'sys_fs' module (0x471ff0)
LDR: ! Imported function 'cellFsOpendir' in 'sys_fs' module (0x472010)
LDR: ! Imported function 'cellFsReaddir' in 'sys_fs' module (0x472030)
LDR: ! Imported function 'cellFsSdataOpenByFd' in 'sys_fs' module (0x472050)
LDR: ! Imported function 'cellFsStat' in 'sys_fs' module (0x472070)
LDR: ! Imported function 'cellFsUnlink' in 'sys_fs' module (0x472090)
LDR: ! Imported function 'cellFsFsync' in 'sys_fs' module (0x4720b0)
LDR: ! Imported function 'cellFsGetFreeSize' in 'sys_fs' module (0x4720d0)
LDR: ! Imported function 'cellFsSdataOpen' in 'sys_fs' module (0x4720f0)
LDR: ! Imported function 'cellFsMkdir' in 'sys_fs' module (0x472110)
LDR: ! Imported function 'cellFsClosedir' in 'sys_fs' module (0x472130)
LDR: ! Imported function 'cellSysmoduleUnloadModule' in 'cellSysmodule' module (0x4701d0)
LDR: ! Imported function 'cellSysmoduleLoadModule' in 'cellSysmodule' module (0x4701f0)
LDR: ! Imported function 'cellSysmoduleIsLoaded' in 'cellSysmodule' module (0x470210)
LDR: ! Imported function 'cellSysmoduleInitialize' in 'cellSysmodule' module (0x470230)
LDR: ! Imported function 'cellSpursAttributeSetNamePrefix' in 'cellSpurs' module (0x470250)
LDR: ! Imported function 'cellSpursAttributeEnableSpuPrintfIfAvailable' in 'cellSpurs' module (0x470270)
LDR: ! Imported function 'cellSpursEventFlagDetachLv2EventQueue' in 'cellSpurs' module (0x470290)
LDR: ! Imported function 'cellSpursEventFlagWait' in 'cellSpurs' module (0x4702b0)
LDR: ! Imported function 'cellSpursDetachLv2EventQueue' in 'cellSpurs' module (0x4702d0)
LDR: ! Imported function 'cellSpursCreateTaskset' in 'cellSpurs' module (0x4702f0)
LDR: ! Imported function 'cellSpursRemoveWorkload' in 'cellSpurs' module (0x470310)
LDR: ! Imported function '_cellSpursEventFlagInitialize' in 'cellSpurs' module (0x470330)
LDR: ! Imported function 'cellSpursWaitForWorkloadShutdown' in 'cellSpurs' module (0x470350)
LDR: ! Imported function 'cellSpursAddWorkload' in 'cellSpurs' module (0x470370)
LDR: ! Imported function 'cellSpursWakeUp' in 'cellSpurs' module (0x470390)
LDR: ! Imported function 'cellSpursEventFlagAttachLv2EventQueue' in 'cellSpurs' module (0x4703b0)
LDR: ! Imported function '_cellSpursAttributeInitialize' in 'cellSpurs' module (0x4703d0)
LDR: ! Imported function 'cellSpursShutdownWorkload' in 'cellSpurs' module (0x4703f0)
LDR: ! Imported function 'cellSpursJoinTaskset' in 'cellSpurs' module (0x470410)
LDR: ! Imported function '_cellSpursWorkloadFlagReceiver' in 'cellSpurs' module (0x470430)
LDR: ! Imported function 'cellSpursShutdownTaskset' in 'cellSpurs' module (0x470450)
LDR: ! Imported function 'cellSpursInitializeWithAttribute' in 'cellSpurs' module (0x470470)
LDR: ! Imported function 'cellSpursInitialize' in 'cellSpurs' module (0x470490)
LDR: ! Imported function 'cellSpursAttachLv2EventQueue' in 'cellSpurs' module (0x4704b0)
LDR: ! Imported function 'cellSpursCreateTask' in 'cellSpurs' module (0x4704d0)
LDR: ! Imported function 'cellSpursGetWorkloadFlag' in 'cellSpurs' module (0x4704f0)
LDR: ! Imported function 'cellSpursFinalize' in 'cellSpurs' module (0x470510)
LDR: ! Imported function '_cellSpursSendSignal' in 'cellSpurs' module (0x470530)
LDR: ! Imported function 'cellSpursReadyCountStore' in 'cellSpurs' module (0x470550)
LDR: ! Imported function 'cellNetCtlNetStartDialogLoadAsync' in 'cellNetCtl' module (0x470570)
LDR: ! Imported function 'cellGameUpdateCheckStartAsyncEx' in 'cellNetCtl' module (0x470590)
LDR: ! Imported function 'cellNetCtlAddHandler' in 'cellNetCtl' module (0x4705b0)
LDR: ! Imported function 'cellNetCtlNetStartDialogUnloadAsync' in 'cellNetCtl' module (0x4705d0)
LDR: ! Imported function 'cellNetCtlTerm' in 'cellNetCtl' module (0x4705f0)
LDR: ! Imported function 'cellGameUpdateTerm' in 'cellNetCtl' module (0x470610)
LDR: ! Imported function 'cellNetCtlGetInfo' in 'cellNetCtl' module (0x470630)
LDR: ! Imported function 'cellNetCtlGetNatInfo' in 'cellNetCtl' module (0x470650)
LDR: ! Imported function 'cellNetCtlGetState' in 'cellNetCtl' module (0x470670)
LDR: ! Imported function 'cellNetCtlDelHandler' in 'cellNetCtl' module (0x470690)
LDR: ! Imported function 'cellGameUpdateInit' in 'cellNetCtl' module (0x4706b0)
LDR: ! Imported function 'cellNetCtlInit' in 'cellNetCtl' module (0x4706d0)
LDR: ! Imported function 'cellGameUpdateCheckFinishAsyncEx' in 'cellNetCtl' module (0x4706f0)
LDR: ! Imported function 'cellGameContentPermit' in 'cellGame' module (0x470710)
LDR: ! Imported function 'cellGameContentErrorDialog' in 'cellGame' module (0x470730)
LDR: ! Imported function 'cellGameBootCheck' in 'cellGame' module (0x470750)
LDR: ! Imported function 'sceNpBasicSendMessageGui' in 'sceNp' module (0x470770)
LDR: ! Imported function 'sceNpBasicGetFriendListEntry' in 'sceNp' module (0x470790)
LDR: ! Imported function 'sceNpScoreRecordGameData' in 'sceNp' module (0x4707b0)
LDR: ! Imported function 'sceNpScoreGetRankingByNpId' in 'sceNp' module (0x4707d0)
LDR: ! Imported function 'sceNpManagerGetTicket' in 'sceNp' module (0x4707f0)
LDR: ! Imported function 'sceNpScoreRecordScore' in 'sceNp' module (0x470810)
LDR: ! Imported function 'sceNpBasicAddPlayersHistory' in 'sceNp' module (0x470830)
LDR: ! Imported function 'sceNpBasicAddBlockListEntry' in 'sceNp' module (0x470850)
LDR: ! Imported function 'sceNpScoreGetRankingByRangeAsync' in 'sceNp' module (0x470870)
LDR: ! Imported function 'sceNpScoreDestroyTitleCtx' in 'sceNp' module (0x470890)
LDR: ! Imported function 'sceNpBasicGetFriendPresenceByNpId2' in 'sceNp' module (0x4708b0)
LDR: ! Imported function 'sceNpBasicAddFriend' in 'sceNp' module (0x4708d0)
LDR: ! Imported function 'sceNpScoreSetTimeout' in 'sceNp' module (0x4708f0)
LDR: ! Imported function 'sceNpScoreSanitizeCommentAsync' in 'sceNp' module (0x470910)
LDR: ! Imported function 'sceNpDrmVerifyUpgradeLicense' in 'sceNp' module (0x470930)
LDR: ! Imported function 'sceNpLookupUserProfileWithAvatarSize' in 'sceNp' module (0x470950)
LDR: ! Imported function 'sceNpScoreInit' in 'sceNp' module (0x470970)
LDR: ! Imported function 'sceNpManagerGetAvatarUrl' in 'sceNp' module (0x470990)
LDR: ! Imported function 'sceNpScoreGetGameData' in 'sceNp' module (0x4709b0)
LDR: ! Imported function 'sceNpScoreGetRankingByNpIdAsync' in 'sceNp' module (0x4709d0)
LDR: ! Imported function 'sceNpBasicRegisterContextSensitiveHandler' in 'sceNp' module (0x4709f0)
LDR: ! Imported function 'sceNpManagerGetCachedInfo' in 'sceNp' module (0x470a10)
LDR: ! Imported function 'sceNpManagerUnregisterCallback' in 'sceNp' module (0x470a30)
LDR: ! Imported function 'sceNpManagerGetTicketParam' in 'sceNp' module (0x470a50)
LDR: ! Imported function 'sceNpLookupDestroyTitleCtx' in 'sceNp' module (0x470a70)
LDR: ! Imported function 'sceNpBasicSetPresenceDetails2' in 'sceNp' module (0x470a90)
LDR: ! Imported function 'sceNpLookupInit' in 'sceNp' module (0x470ab0)
LDR: ! Imported function 'sceNpBasicRecvMessageAttachmentLoad' in 'sceNp' module (0x470ad0)
LDR: ! Imported function 'sceNpManagerGetContentRatingFlag' in 'sceNp' module (0x470af0)
LDR: ! Imported function 'sceNpScoreCreateTransactionCtx' in 'sceNp' module (0x470b10)
LDR: ! Imported function 'sceNpBasicGetBlockListEntryCount' in 'sceNp' module (0x470b30)
LDR: ! Imported function 'sceNpScoreCensorCommentAsync' in 'sceNp' module (0x470b50)
LDR: ! Imported function 'sceNpScoreCensorComment' in 'sceNp' module (0x470b70)
LDR: ! Imported function 'sceNpBasicRecvMessageCustom' in 'sceNp' module (0x470b90)
LDR: ! Imported function 'sceNpManagerRequestTicket2' in 'sceNp' module (0x470bb0)
LDR: ! Imported function 'sceNpLookupTerm' in 'sceNp' module (0x470bd0)
LDR: E Unknown function '0x8C760B52' in 'sceNp' module (0x470bf0)
LDR: ! Imported function 'sceNpScoreTerm' in 'sceNp' module (0x470c10)
LDR: ! Imported function 'sceNpBasicGetPlayersHistoryEntryCount' in 'sceNp' module (0x470c30)
LDR: ! Imported function 'sceNpManagerGetEntitlementById' in 'sceNp' module (0x470c50)
LDR: ! Imported function 'sceNpScorePollAsync' in 'sceNp' module (0x470c70)
LDR: ! Imported function 'sceNpManagerGetStatus' in 'sceNp' module (0x470c90)
LDR: ! Imported function 'sceNpBasicUnregisterHandler' in 'sceNp' module (0x470cb0)
LDR: E Unknown function '0xAFC62605' in 'sceNp' module (0x470cd0)
LDR: ! Imported function 'sceNpBasicGetFriendListEntryCount' in 'sceNp' module (0x470cf0)
LDR: ! Imported function 'sceNpManagerGetAccountRegion' in 'sceNp' module (0x470d10)
LDR: ! Imported function 'sceNpManagerGetEntitlementIdList' in 'sceNp' module (0x470d30)
LDR: ! Imported function 'sceNpScoreCreateTitleCtx' in 'sceNp' module (0x470d50)
LDR: ! Imported function 'sceNpBasicGetPlayersHistoryEntry' in 'sceNp' module (0x470d70)
LDR: ! Imported function 'sceNpManagerGetOnlineId' in 'sceNp' module (0x470d90)
LDR: ! Imported function 'sceNpScoreDestroyTransactionCtx' in 'sceNp' module (0x470db0)
LDR: ! Imported function 'sceNpLookupTitleSmallStorage' in 'sceNp' module (0x470dd0)
LDR: ! Imported function 'sceNpLookupCreateTitleCtx' in 'sceNp' module (0x470df0)
LDR: ! Imported function 'sceNpProfileCallGui' in 'sceNp' module (0x470e10)
LDR: ! Imported function 'sceNpUtilCmpNpId' in 'sceNp' module (0x470e30)
LDR: ! Imported function 'sceNpScoreGetGameDataAsync' in 'sceNp' module (0x470e50)
LDR: ! Imported function 'sceNpBasicGetEvent' in 'sceNp' module (0x470e70)
LDR: ! Imported function 'sceNpManagerRegisterCallback' in 'sceNp' module (0x470e90)
LDR: ! Imported function 'sceNpLookupCreateTransactionCtx' in 'sceNp' module (0x470eb0)
LDR: ! Imported function 'sceNpManagerGetChatRestrictionFlag' in 'sceNp' module (0x470ed0)
LDR: ! Imported function 'sceNpScoreAbortTransaction' in 'sceNp' module (0x470ef0)
LDR: ! Imported function 'sceNpDrmIsAvailable2' in 'sceNp' module (0x470f10)
LDR: ! Imported function 'sceNpScoreRecordScoreAsync' in 'sceNp' module (0x470f30)
LDR: ! Imported function 'sceNpScoreSanitizeComment' in 'sceNp' module (0x470f50)
LDR: ! Imported function 'sceNpDrmExecuteGamePurchase' in 'sceNp' module (0x470f70)
LDR: ! Imported function 'sceNpBasicGetBlockListEntry' in 'sceNp' module (0x470f90)
LDR: ! Imported function 'sceNpScoreGetBoardInfo' in 'sceNp' module (0x470fb0)
LDR: ! Imported function 'sceNpScoreRecordGameDataAsync' in 'sceNp' module (0x470fd0)
LDR: ! Imported function 'sceNpLookupDestroyTransactionCtx' in 'sceNp' module (0x470ff0)
LDR: ! Imported function 'sceNpScoreGetRankingByRange' in 'sceNp' module (0x471010)
LDR: ! Imported function 'sceNpManagerGetNpId' in 'sceNp' module (0x471030)
LDR: ! Imported function 'sceNpMatching2DestroyContext' in 'sceNp2' module (0x471050)
LDR: ! Imported function 'sceNpMatching2GetWorldInfoList' in 'sceNp2' module (0x471070)
LDR: ! Imported function 'sceNpMatching2SearchRoom' in 'sceNp2' module (0x471090)
LDR: ! Imported function 'sceNpMatching2SetUserInfo' in 'sceNp2' module (0x4710b0)
LDR: ! Imported function 'sceNpMatching2ContextStart' in 'sceNp2' module (0x4710d0)
LDR: ! Imported function 'sceNpMatching2CreateServerContext' in 'sceNp2' module (0x4710f0)
LDR: ! Imported function 'sceNpMatching2LeaveRoom' in 'sceNp2' module (0x471110)
LDR: ! Imported function 'sceNpMatching2SetRoomDataExternal' in 'sceNp2' module (0x471130)
LDR: ! Imported function 'sceNpMatching2Term2' in 'sceNp2' module (0x471150)
LDR: ! Imported function 'sceNpMatching2SignalingGetConnectionInfo' in 'sceNp2' module (0x471170)
LDR: ! Imported function 'sceNpMatching2SendRoomMessage' in 'sceNp2' module (0x471190)
LDR: ! Imported function 'sceNpMatching2GetServerInfo' in 'sceNp2' module (0x4711b0)
LDR: ! Imported function 'sceNpMatching2GetEventData' in 'sceNp2' module (0x4711d0)
LDR: ! Imported function 'sceNpMatching2GetRoomSlotInfoLocal' in 'sceNp2' module (0x4711f0)
LDR: ! Imported function 'sceNp2Init' in 'sceNp2' module (0x471210)
LDR: ! Imported function 'sceNpMatching2JoinRoom' in 'sceNp2' module (0x471230)
LDR: ! Imported function 'sceNpMatching2RegisterContextCallback' in 'sceNp2' module (0x471250)
LDR: ! Imported function 'sceNpMatching2SendRoomChatMessage' in 'sceNp2' module (0x471270)
LDR: ! Imported function 'sceNpMatching2SetRoomDataInternal' in 'sceNp2' module (0x471290)
LDR: ! Imported function 'sceNpMatching2GetRoomDataInternal' in 'sceNp2' module (0x4712b0)
LDR: ! Imported function 'sceNpMatching2SignalingGetPingInfo' in 'sceNp2' module (0x4712d0)
LDR: ! Imported function 'sceNpMatching2GetServerIdListLocal' in 'sceNp2' module (0x4712f0)
LDR: ! Imported function 'sceNpMatching2CreateContext' in 'sceNp2' module (0x471310)
LDR: ! Imported function 'sceNpMatching2RegisterSignalingCallback' in 'sceNp2' module (0x471330)
LDR: ! Imported function 'sceNpMatching2ClearEventData' in 'sceNp2' module (0x471350)
LDR: ! Imported function 'sceNp2Term' in 'sceNp2' module (0x471370)
LDR: ! Imported function 'sceNpMatching2GetUserInfoList' in 'sceNp2' module (0x471390)
LDR: ! Imported function 'sceNpMatching2GetRoomMemberDataInternal' in 'sceNp2' module (0x4713b0)
LDR: ! Imported function 'sceNpMatching2SetRoomMemberDataInternal' in 'sceNp2' module (0x4713d0)
LDR: ! Imported function 'sceNpMatching2SetDefaultRequestOptParam' in 'sceNp2' module (0x4713f0)
LDR: ! Imported function 'sceNpMatching2RegisterRoomEventCallback' in 'sceNp2' module (0x471410)
LDR: ! Imported function 'sceNpMatching2GetRoomDataExternalList' in 'sceNp2' module (0x471430)
LDR: ! Imported function 'sceNpMatching2CreateJoinRoom' in 'sceNp2' module (0x471450)
LDR: ! Imported function 'sceNpMatching2ContextStop' in 'sceNp2' module (0x471470)
LDR: ! Imported function 'sceNpMatching2Init2' in 'sceNp2' module (0x471490)
LDR: ! Imported function 'sceNpMatching2RegisterRoomMessageCallback' in 'sceNp2' module (0x4714b0)
LDR: ! Imported function 'sceNpUtilBandwidthTestShutdown' in 'sceNpUtil' module (0x4714d0)
LDR: ! Imported function 'sceNpUtilBandwidthTestInitStart' in 'sceNpUtil' module (0x4714f0)
LDR: ! Imported function 'sceNpUtilBandwidthTestGetStatus' in 'sceNpUtil' module (0x471510)
LDR: ! Imported function 'sceNpTusGetMultiSlotVariable' in 'sceNpTus' module (0x471530)
LDR: ! Imported function 'sceNpTusSetDataVUser' in 'sceNpTus' module (0x471550)
LDR: ! Imported function 'sceNpTusCreateTransactionCtx' in 'sceNpTus' module (0x471570)
LDR: ! Imported function 'sceNpTusGetMultiSlotVariableVUser' in 'sceNpTus' module (0x471590)
LDR: ! Imported function 'sceNpTusDestroyTransactionCtx' in 'sceNpTus' module (0x4715b0)
LDR: ! Imported function 'sceNpTusCreateTitleCtx' in 'sceNpTus' module (0x4715d0)
LDR: ! Imported function 'sceNpTusSetData' in 'sceNpTus' module (0x4715f0)
LDR: ! Imported function 'sceNpTusGetData' in 'sceNpTus' module (0x471610)
LDR: ! Imported function 'sceNpTusInit' in 'sceNpTus' module (0x471630)
LDR: ! Imported function 'sceNpTusAddAndGetVariable' in 'sceNpTus' module (0x471650)
LDR: ! Imported function 'sceNpTusGetDataVUser' in 'sceNpTus' module (0x471670)
LDR: ! Imported function 'sceNpTusSetMultiSlotVariable' in 'sceNpTus' module (0x471690)
LDR: ! Imported function 'sceNpTusAddAndGetVariableVUser' in 'sceNpTus' module (0x4716b0)
LDR: ! Imported function 'sceNpTusSetMultiSlotVariableVUser' in 'sceNpTus' module (0x4716d0)
LDR: ! Imported function 'cellHttpCreateTransaction' in 'cellHttp' module (0x4716f0)
LDR: ! Imported function 'cellHttpResponseGetStatusCode' in 'cellHttp' module (0x471710)
LDR: ! Imported function 'cellHttpClientSetSslCallback' in 'cellHttp' module (0x471730)
LDR: ! Imported function 'cellHttpInit' in 'cellHttp' module (0x471750)
LDR: ! Imported function 'cellHttpDestroyTransaction' in 'cellHttp' module (0x471770)
LDR: ! Imported function 'cellHttpCreateClient' in 'cellHttp' module (0x471790)
LDR: ! Imported function 'cellHttpsInit' in 'cellHttp' module (0x4717b0)
LDR: ! Imported function 'cellHttpRecvResponse' in 'cellHttp' module (0x4717d0)
LDR: ! Imported function 'cellHttpInitCookie' in 'cellHttp' module (0x4717f0)
LDR: ! Imported function 'cellHttpDestroyClient' in 'cellHttp' module (0x471810)
LDR: ! Imported function 'cellHttpSendRequest' in 'cellHttp' module (0x471830)
LDR: ! Imported function 'cellHttpRequestSetContentLength' in 'cellHttp' module (0x471850)
LDR: ! Imported function 'cellHttpEnd' in 'cellHttp' module (0x471870)
LDR: ! Imported function 'cellHttpsEnd' in 'cellHttp' module (0x471890)
LDR: ! Imported function 'cellHttpUtilParseUri' in 'cellHttpUtil' module (0x4718b0)
LDR: ! Imported function 'cellHttpUtilEscapeUri' in 'cellHttpUtil' module (0x4718d0)
LDR: ! Imported function 'cellSslEnd' in 'cellSsl' module (0x4718f0)
LDR: ! Imported function 'cellSslCertificateLoader' in 'cellSsl' module (0x471910)
LDR: ! Imported function 'cellSslInit' in 'cellSsl' module (0x471930)
LDR: ! Imported function 'sceNpTrophyRegisterContext' in 'sceNpTrophy' module (0x471950)
LDR: ! Imported function 'sceNpTrophyCreateHandle' in 'sceNpTrophy' module (0x471970)
LDR: ! Imported function 'sceNpTrophyGetRequiredDiskSpace' in 'sceNpTrophy' module (0x471990)
LDR: ! Imported function 'sceNpTrophyDestroyContext' in 'sceNpTrophy' module (0x4719b0)
LDR: ! Imported function 'sceNpTrophyInit' in 'sceNpTrophy' module (0x4719d0)
LDR: ! Imported function 'sceNpTrophyGetGameInfo' in 'sceNpTrophy' module (0x4719f0)
LDR: ! Imported function 'sceNpTrophyDestroyHandle' in 'sceNpTrophy' module (0x471a10)
LDR: ! Imported function 'sceNpTrophyUnlockTrophy' in 'sceNpTrophy' module (0x471a30)
LDR: ! Imported function 'sceNpTrophyTerm' in 'sceNpTrophy' module (0x471a50)
LDR: ! Imported function 'sceNpTrophyGetTrophyIcon' in 'sceNpTrophy' module (0x471a70)
LDR: ! Imported function 'sceNpTrophyCreateContext' in 'sceNpTrophy' module (0x471a90)
LDR: ! Imported function 'sceNpTrophyGetTrophyInfo' in 'sceNpTrophy' module (0x471ab0)
LDR: ! Imported function 'sceNpTrophyGetGameIcon' in 'sceNpTrophy' module (0x471ad0)
LDR: ! Imported function 'sceNpSnsFbInit' in 'sceNpSns' module (0x471af0)
LDR: ! Imported function 'sceNpSnsFbDestroyHandle' in 'sceNpSns' module (0x471b10)
LDR: ! Imported function 'sceNpSnsFbCreateHandle' in 'sceNpSns' module (0x471b30)
LDR: E Unknown function '0xBA8C569E' in 'sceNpSns' module (0x471b50)
LDR: ! Imported function 'sceNpSnsFbTerm' in 'sceNpSns' module (0x471b70)
LDR: ! Imported function 'sceNpCommerce2DoCheckoutStartAsync' in 'sceNpCommerce2' module (0x471b90)
LDR: ! Imported function 'sceNpCommerce2GetContentRatingDescriptor' in 'sceNpCommerce2' module (0x471bb0)
LDR: ! Imported function 'sceNpCommerce2DestroyReq' in 'sceNpCommerce2' module (0x471bd0)
LDR: ! Imported function 'sceNpCommerce2Init' in 'sceNpCommerce2' module (0x471bf0)
LDR: ! Imported function 'sceNpCommerce2GetCategoryContentsStart' in 'sceNpCommerce2' module (0x471c10)
LDR: ! Imported function 'sceNpCommerce2DoDlListFinishAsync' in 'sceNpCommerce2' module (0x471c30)
LDR: ! Imported function 'sceNpCommerce2Term' in 'sceNpCommerce2' module (0x471c50)
LDR: ! Imported function 'sceNpCommerce2DoDlListStartAsync' in 'sceNpCommerce2' module (0x471c70)
LDR: ! Imported function 'sceNpCommerce2DestroyCtx' in 'sceNpCommerce2' module (0x471c90)
LDR: ! Imported function 'sceNpCommerce2GetCategoryContentsCreateReq' in 'sceNpCommerce2' module (0x471cb0)
LDR: ! Imported function 'sceNpCommerce2GetProductInfoStart' in 'sceNpCommerce2' module (0x471cd0)
LDR: ! Imported function 'sceNpCommerce2CreateSessionFinish' in 'sceNpCommerce2' module (0x471cf0)
LDR: ! Imported function 'sceNpCommerce2GetContentInfo' in 'sceNpCommerce2' module (0x471d10)
LDR: ! Imported function 'sceNpCommerce2DoProductBrowseStartAsync' in 'sceNpCommerce2' module (0x471d30)
LDR: ! Imported function 'sceNpCommerce2DestroyGetCategoryContentsResult' in 'sceNpCommerce2' module (0x471d50)
LDR: ! Imported function 'sceNpCommerce2GetProductInfoCreateReq' in 'sceNpCommerce2' module (0x471d70)
LDR: ! Imported function 'sceNpCommerce2DoProductCodeFinishAsync' in 'sceNpCommerce2' module (0x471d90)
LDR: ! Imported function 'sceNpCommerce2DoProductBrowseFinishAsync' in 'sceNpCommerce2' module (0x471db0)
LDR: ! Imported function 'sceNpCommerce2GetCategoryInfo' in 'sceNpCommerce2' module (0x471dd0)
LDR: ! Imported function 'sceNpCommerce2GetProductInfoGetResult' in 'sceNpCommerce2' module (0x471df0)
LDR: ! Imported function 'sceNpCommerce2GetCategoryContentsGetResult' in 'sceNpCommerce2' module (0x471e10)
LDR: ! Imported function 'sceNpCommerce2CreateSessionStart' in 'sceNpCommerce2' module (0x471e30)
LDR: ! Imported function 'sceNpCommerce2DoCheckoutFinishAsync' in 'sceNpCommerce2' module (0x471e50)
LDR: ! Imported function 'sceNpCommerce2InitGetCategoryContentsResult' in 'sceNpCommerce2' module (0x471e70)
LDR: ! Imported function 'sceNpCommerce2CreateCtx' in 'sceNpCommerce2' module (0x471e90)
LDR: ! Imported function 'sceNpCommerce2GetPrice' in 'sceNpCommerce2' module (0x471eb0)
LDR: ! Imported function 'sceNpCommerce2GetGameSkuInfoFromGameProductInfo' in 'sceNpCommerce2' module (0x471ed0)
LDR: ! Imported function 'sceNpCommerce2DoProductCodeStartAsync' in 'sceNpCommerce2' module (0x471ef0)
LDR: ! Imported function 'sceNpCommerce2GetGameProductInfoFromContentInfo' in 'sceNpCommerce2' module (0x471f10)
LDR: ! Imported function 'sceNpCommerce2GetContentRatingInfoFromGameProductInfo' in 'sceNpCommerce2' module (0x471f30)
LDR: ! Imported function 'sceNpCommerce2ExecuteStoreBrowse' in 'sceNpCommerce2' module (0x471f50)
LDR: ! Imported function 'sceNpCommerce2GetGameProductInfo' in 'sceNpCommerce2' module (0x471f70)
LDR: ! Imported function 'sceNpCommerce2DestroyGetProductInfoResult' in 'sceNpCommerce2' module (0x471f90)
LDR: ! Imported function 'sceNpCommerce2InitGetProductInfoResult' in 'sceNpCommerce2' module (0x471fb0)
LDR: ! Imported function 'sceNpCommerce2GetCategoryInfoFromContentInfo' in 'sceNpCommerce2' module (0x471fd0)
LDR: ! Imported function 'cellSailGraphicsAdapterGetFrame' in 'cellSail' module (0x472150)
LDR: ! Imported function 'cellSailDescriptorCreateDatabase' in 'cellSail' module (0x472170)
LDR: ! Imported function 'cellSailFutureReset' in 'cellSail' module (0x472190)
LDR: ! Imported function 'cellSailPlayerSetSoundAdapter' in 'cellSail' module (0x4721b0)
LDR: ! Imported function 'cellSailGraphicsAdapterPtsToTimePosition' in 'cellSail' module (0x4721d0)
LDR: ! Imported function 'cellSailPlayerFinalize' in 'cellSail' module (0x4721f0)
LDR: ! Imported function 'cellSailPlayerSetGraphicsAdapter' in 'cellSail' module (0x472210)
LDR: ! Imported function 'cellSailGraphicsAdapterInitialize' in 'cellSail' module (0x472230)
LDR: ! Imported function 'cellSailSoundAdapterSetPreferredFormat' in 'cellSail' module (0x472250)
LDR: ! Imported function 'cellSailPlayerInitialize2' in 'cellSail' module (0x472270)
LDR: ! Imported function 'cellSailDescriptorDestroyDatabase' in 'cellSail' module (0x472290)
LDR: ! Imported function 'cellSailGraphicsAdapterSetPreferredFormat' in 'cellSail' module (0x4722b0)
LDR: ! Imported function 'cellSailMemAllocatorInitialize' in 'cellSail' module (0x4722d0)
LDR: ! Imported function 'cellSailPlayerOpenStream' in 'cellSail' module (0x4722f0)
LDR: ! Imported function 'cellSailFutureGet' in 'cellSail' module (0x472310)
LDR: ! Imported function 'cellSailSoundAdapterInitialize' in 'cellSail' module (0x472330)
LDR: ! Imported function 'cellSailGraphicsAdapterUpdateAvSync' in 'cellSail' module (0x472350)
LDR: ! Imported function 'cellSailSoundAdapterPtsToTimePosition' in 'cellSail' module (0x472370)
LDR: ! Imported function 'cellSailFutureInitialize' in 'cellSail' module (0x472390)
LDR: ! Imported function 'cellSailMp4MovieGetMovieInfo' in 'cellSail' module (0x4723b0)
LDR: ! Imported function 'cellSailPlayerSetParameter' in 'cellSail' module (0x4723d0)
LDR: ! Imported function 'cellSailAviMovieGetMovieInfo' in 'cellSail' module (0x4723f0)
LDR: ! Imported function 'cellSailGraphicsAdapterFinalize' in 'cellSail' module (0x472410)
LDR: ! Imported function 'cellSailPlayerAddDescriptor' in 'cellSail' module (0x472430)
LDR: ! Imported function 'cellSailSoundAdapterGetFrame' in 'cellSail' module (0x472450)
LDR: ! Imported function 'cellSailFutureFinalize' in 'cellSail' module (0x472470)
LDR: ! Imported function 'cellSailFutureSet' in 'cellSail' module (0x472490)
LDR: ! Imported function 'cellSailPlayerBoot' in 'cellSail' module (0x4724b0)
LDR: ! Imported function 'cellSailSoundAdapterFinalize' in 'cellSail' module (0x4724d0)
LDR: ! Imported function 'cellSailPlayerSetPaused' in 'cellSail' module (0x4724f0)
LDR: ! Imported function 'cellSailPlayerCreateDescriptor' in 'cellSail' module (0x472510)
LDR: ! Imported function 'cellSailPlayerStart' in 'cellSail' module (0x472530)
LDR: ! Imported function 'cellSailPlayerStop' in 'cellSail' module (0x472550)
LDR: ! Imported function 'cellSailSoundAdapterUpdateAvSync' in 'cellSail' module (0x472570)
LDR: ! Imported function 'cellSailSoundAdapterGetFormat' in 'cellSail' module (0x472590)
LDR: ! Imported function 'cellSailPlayerSetRepeatMode' in 'cellSail' module (0x4725b0)
LDR: ! Imported function 'cellSailPlayerDestroyDescriptor' in 'cellSail' module (0x4725d0)
LDR: ! Imported function 'cellSailGraphicsAdapterGetFormat' in 'cellSail' module (0x4725f0)
LDR: ! Imported function 'cellPamfReaderGetPresentationStartTime' in 'cellPamf' module (0x472610)
LDR: ! Imported function 'cellPamfReaderGetPresentationEndTime' in 'cellPamf' module (0x472630)
LDR: ! Imported function 'cellVoiceDisconnectIPortFromOPort' in 'cellVoice' module (0x4726f0)
LDR: ! Imported function 'cellVoiceCreateNotifyEventQueue' in 'cellVoice' module (0x472710)
LDR: ! Imported function 'cellVoiceCreatePort' in 'cellVoice' module (0x472730)
LDR: ! Imported function 'cellVoiceSetNotifyEventQueue' in 'cellVoice' module (0x472750)
LDR: ! Imported function 'cellVoiceReadFromOPort' in 'cellVoice' module (0x472770)
LDR: ! Imported function 'cellVoiceGetMuteFlag' in 'cellVoice' module (0x472790)
LDR: ! Imported function 'cellVoiceGetPortInfo' in 'cellVoice' module (0x4727b0)
LDR: ! Imported function 'cellVoiceStartEx' in 'cellVoice' module (0x4727d0)
LDR: ! Imported function 'cellVoiceDeletePort' in 'cellVoice' module (0x4727f0)
LDR: ! Imported function 'cellVoiceConnectIPortToOPort' in 'cellVoice' module (0x472810)
LDR: ! Imported function 'cellVoiceInitEx' in 'cellVoice' module (0x472830)
LDR: ! Imported function 'cellVoiceWriteToIPortEx2' in 'cellVoice' module (0x472850)
LDR: ! Imported function 'cellVoiceStop' in 'cellVoice' module (0x472870)
LDR: ! Imported function 'cellVoiceRemoveNotifyEventQueue' in 'cellVoice' module (0x472890)
LDR: ! Imported function 'cellVoiceEnd' in 'cellVoice' module (0x4728b0)
LDR: ! Imported function 'sys_lwmutex_lock' in 'sysPrxForUser' module (0x4728d0)
LDR: ! Imported function 'sys_lwmutex_unlock' in 'sysPrxForUser' module (0x4728f0)
LDR: ! Imported function 'sys_lwcond_destroy' in 'sysPrxForUser' module (0x472910)
LDR: ! Imported function 'sys_ppu_thread_create' in 'sysPrxForUser' module (0x472930)
LDR: ! Imported function 'sys_prx_load_module' in 'sysPrxForUser' module (0x472950)
LDR: ! Imported function 'sys_lwcond_wait' in 'sysPrxForUser' module (0x472970)
LDR: ! Imported function '_sys_process_atexitspawn' in 'sysPrxForUser' module (0x472990)
LDR: ! Imported function 'sys_lwmutex_create' in 'sysPrxForUser' module (0x4729b0)
LDR: ! Imported function 'sys_ppu_thread_get_id' in 'sysPrxForUser' module (0x4729d0)
LDR: ! Imported function 'sys_prx_register_library' in 'sysPrxForUser' module (0x4729f0)
LDR: ! Imported function 'sys_process_is_stack' in 'sysPrxForUser' module (0x472a10)
LDR: ! Imported function 'sys_initialize_tls' in 'sysPrxForUser' module (0x472a30)
LDR: ! Imported function 'sys_time_get_system_time' in 'sysPrxForUser' module (0x472a50)
LDR: ! Imported function '_sys_process_at_Exitspawn' in 'sysPrxForUser' module (0x472a70)
LDR: ! Imported function 'sys_prx_exitspawn_with_level' in 'sysPrxForUser' module (0x472a90)
LDR: ! Imported function 'sys_prx_load_module_on_memcontainer_by_fd' in 'sysPrxForUser' module (0x472ab0)
LDR: ! Imported function 'sys_prx_load_module_on_memcontainer' in 'sysPrxForUser' module (0x472ad0)
LDR: ! Imported function 'sys_lwmutex_trylock' in 'sysPrxForUser' module (0x472af0)
LDR: ! Imported function 'sys_ppu_thread_exit' in 'sysPrxForUser' module (0x472b10)
LDR: ! Imported function 'sys_lwmutex_destroy' in 'sysPrxForUser' module (0x472b30)
LDR: ! Imported function 'sys_lwcond_create' in 'sysPrxForUser' module (0x472b50)
LDR: ! Imported function 'sys_spu_image_close' in 'sysPrxForUser' module (0x472b70)
LDR: ! Imported function 'sys_process_exit' in 'sysPrxForUser' module (0x472b90)
LDR: ! Imported function 'sys_lwcond_signal_all' in 'sysPrxForUser' module (0x472bb0)
LDR: ! Imported function 'sys_prx_load_module_by_fd' in 'sysPrxForUser' module (0x472bd0)
LDR: ! Imported function 'sys_lwcond_signal' in 'sysPrxForUser' module (0x472bf0)
MEM: ! Thread Local Storage initialized (g_tls_start=0x2ad3000, user_size=0x1a0)
*** TLS segment addr: 0x005153a0
*** TLS segment size: 0x00000008
HLE: W {PPU[0x1] Thread (main_thread)[0x004729b0]} sysPrxForUser: sys_lwmutex_create(lwmutex=*0x22c0fb0, attr=*0x4ab718)
HLE: W {PPU[0x1] Thread (main_thread)[0x002fec88]} sys_memory: sys_memory_get_user_memory_size(mem_info=*0xd000fc04)
HLE: W {PPU[0x1] Thread (main_thread)[0x004729b0]} sysPrxForUser: sys_lwmutex_create(lwmutex=*0x22c0db0, attr=*0x4ab718)
HLE: W {PPU[0x1] Thread (main_thread)[0x004729b0]} sysPrxForUser: sys_lwmutex_create(lwmutex=*0x22c0538, attr=*0x4ab718)
HLE: W {PPU[0x1] Thread (main_thread)[0x004729b0]} sysPrxForUser: sys_lwmutex_create(lwmutex=*0x22c0560, attr=*0x4ab718)
HLE: W {PPU[0x1] Thread (main_thread)[0x004729b0]} sysPrxForUser: sys_lwmutex_create(lwmutex=*0x22c0588, attr=*0x4ab718)
HLE: W {PPU[0x1] Thread (main_thread)[0x004729b0]} sysPrxForUser: sys_lwmutex_create(lwmutex=*0x22c0470, attr=*0x4ab718)
HLE: W {PPU[0x1] Thread (main_thread)[0x004729b0]} sysPrxForUser: sys_lwmutex_create(lwmutex=*0x22c0498, attr=*0x4ab718)
HLE: W {PPU[0x1] Thread (main_thread)[0x004729b0]} sysPrxForUser: sys_lwmutex_create(lwmutex=*0x22c04c0, attr=*0x4ab718)
HLE: W {PPU[0x1] Thread (main_thread)[0x004729b0]} sysPrxForUser: sys_lwmutex_create(lwmutex=*0x22c04e8, attr=*0x4ab718)
HLE: W {PPU[0x1] Thread (main_thread)[0x004729b0]} sysPrxForUser: sys_lwmutex_create(lwmutex=*0x22c0510, attr=*0x4ab718)
HLE: W {PPU[0x1] Thread (main_thread)[0x004729b0]} sysPrxForUser: sys_lwmutex_create(lwmutex=*0x22c10f8, attr=*0x5218f8)
HLE: W {PPU[0x1] Thread (main_thread)[0x004729b0]} sysPrxForUser: sys_lwmutex_create(lwmutex=*0x22c10b8, attr=*0x521908)
HLE: W {PPU[0x1] Thread (main_thread)[0x002fd8a4]} sys_memory: sys_memory_allocate(size=0x100000, flags=0x400, alloc_addr=*0xd000f770)
HLE: W {PPU[0x1] Thread (main_thread)[0x004729b0]} sysPrxForUser: sys_lwmutex_create(lwmutex=*0x20000020, attr=*0x4ab718)
HLE: W {PPU[0x1] Thread (main_thread)[0x004729b0]} sysPrxForUser: sys_lwmutex_create(lwmutex=*0x200000a0, attr=*0x4ab718)
HLE: W {PPU[0x1] Thread (main_thread)[0x004729b0]} sysPrxForUser: sys_lwmutex_create(lwmutex=*0x20000130, attr=*0x4ab718)
HLE: W {PPU[0x1] Thread (main_thread)[0x004729b0]} sysPrxForUser: sys_lwmutex_create(lwmutex=*0x20000190, attr=*0x4ab718)
HLE: W {PPU[0x1] Thread (main_thread)[0x004729b0]} sysPrxForUser: sys_lwmutex_create(lwmutex=*0x200001d0, attr=*0x4ab718)
HLE: W {PPU[0x1] Thread (main_thread)[0x004729b0]} sysPrxForUser: sys_lwmutex_create(lwmutex=*0x20000210, attr=*0x4ab718)
HLE: W {PPU[0x1] Thread (main_thread)[0x004729b0]} sysPrxForUser: sys_lwmutex_create(lwmutex=*0x200002d0, attr=*0x4ab718)
HLE: W {PPU[0x1] Thread (main_thread)[0x004729b0]} sysPrxForUser: sys_lwmutex_create(lwmutex=*0x20000300, attr=*0x4ab718)
HLE: W {PPU[0x1] Thread (main_thread)[0x004729b0]} sysPrxForUser: sys_lwmutex_create(lwmutex=*0x20000330, attr=*0x4ab718)
HLE: W {PPU[0x1] Thread (main_thread)[0x004729b0]} sysPrxForUser: sys_lwmutex_create(lwmutex=*0x20000360, attr=*0x4ab718)
HLE: W {PPU[0x1] Thread (main_thread)[0x004729b0]} sysPrxForUser: sys_lwmutex_create(lwmutex=*0x20000390, attr=*0x4ab718)
HLE: W {PPU[0x1] Thread (main_thread)[0x004729b0]} sysPrxForUser: sys_lwmutex_create(lwmutex=*0x200003c0, attr=*0x4ab718)
HLE: W {PPU[0x1] Thread (main_thread)[0x004729b0]} sysPrxForUser: sys_lwmutex_create(lwmutex=*0x22c0028, attr=*0xd000fb50)
HLE: W {PPU[0x1] Thread (main_thread)[0x002ed984]} sys_time: sys_time_get_timezone(timezone=*0xd000fb20, summertime=*0xd000fb24)
HLE: W {PPU[0x1] Thread (main_thread)[0x002ef540]} sys_time: sys_time_get_timezone(timezone=*0xd000fb20, summertime=*0xd000fb24)
HLE: W {PPU[0x1] Thread (main_thread)[0x002ed928]} sys_time: sys_time_get_timezone(timezone=*0xd000fb20, summertime=*0xd000fb24)
HLE: W {PPU[0x1] Thread (main_thread)[0x002ef540]} sys_time: sys_time_get_timezone(timezone=*0xd000fb20, summertime=*0xd000fb24)
HLE: W {PPU[0x1] Thread (main_thread)[0x002a4c48]} sys_mutex: sys_mutex_create(mutex_id=*0xd000f9c8, attr=*0xd000f9a0)
HLE: W {PPU[0x1] Thread (main_thread)[0x002deca8]} sys_mutex: sys_mutex_create(mutex_id=*0x1045bdc, attr=*0xd000fa30)
HLE: W {PPU[0x1] Thread (main_thread)[0x002de964]} sys_cond: sys_cond_create(cond_id=*0x1045be0, mutex_id=0x1d, attr=*0xd000fad0)
HLE: W {PPU[0x1] Thread (main_thread)[0x002a4c48]} sys_mutex: sys_mutex_create(mutex_id=*0xd000fa78, attr=*0xd000fa50)
HLE: W {PPU[0x1] Thread (main_thread)[0x004701f0]} cellSysmodule: cellSysmoduleLoadModule(id=0x0016: CELL_SYSMODULE_SYSUTIL_NP)
HLE: W {PPU[0x1] Thread (main_thread)[0x004701f0]} cellSysmodule: cellSysmoduleLoadModule(id=0x0045: CELL_SYSMODULE_SYSUTIL_NP_TUS)
HLE: W {PPU[0x1] Thread (main_thread)[0x004701f0]} cellSysmodule: cellSysmoduleLoadModule(id=0x0009: CELL_SYSMODULE_RTC)
HLE: W {PPU[0x1] Thread (main_thread)[0x004701f0]} cellSysmodule: cellSysmoduleLoadModule(id=0x0046: CELL_SYSMODULE_VOICE)
HLE: W {PPU[0x1] Thread (main_thread)[0x004701f0]} cellSysmodule: cellSysmoduleLoadModule(id=0x0018: CELL_SYSMODULE_PNGDEC)
HLE: W {PPU[0x1] Thread (main_thread)[0x004701f0]} cellSysmodule: cellSysmoduleLoadModule(id=0x001f: CELL_SYSMODULE_RESC)
HLE: W {PPU[0x1] Thread (main_thread)[0x00272bc0]} sys_memory: sys_memory_allocate(size=0x100000, flags=0x400, alloc_addr=*0xd000fa50)
HLE: W {PPU[0x1] Thread (main_thread)[0x0046f8b0]} cellGcmSys: _cellGcmInitBody(context=**0x22acf9c, cmdSize=0xf0000, ioSize=0x100000, ioAddress=0x20100000)
HLE: W {PPU[0x1] Thread (main_thread)[0x0046f8b0]} cellGcmSys: *** local memory(addr=0xc0000000, size=0xf900000)
HLE: W {PPU[0x1] Thread (main_thread)[0x0046f8b0]} cellGcmSys: cellGcmInit(): 256MB io address space used
RSX: ! {RSXThread} RSX thread started
HLE: W {PPU[0x1] Thread (main_thread)[0x0046f570]} cellSysutil: cellVideoOutGetNumberOfDevice(videoOut=0)
HLE: W {PPU[0x1] Thread (main_thread)[0x0046f630]} cellSysutil: cellVideoOutGetResolutionAvailability(videoOut=0, resolutionId=0x1, aspect=0, option=0)
HLE: W {PPU[0x1] Thread (main_thread)[0x0046fb30]} cellGcmSys: cellGcmSetVBlankHandler(handler=*0x511448)
HLE: W {PPU[0x1] Thread (main_thread)[0x0046f870]} cellGcmSys: cellGcmSetUserHandler(handler=*0x511440)
HLE: W {PPU[0x1] Thread (main_thread)[0x0046f490]} cellSysutil: cellVideoOutConfigure(videoOut=0, config=*0xd000fa40, option=*0x0, waitForEvent=0)
HLE: W {PPU[0x1] Thread (main_thread)[0x0046f970]} cellGcmSys: cellGcmSetFlipMode(mode=2)
HLE: W {PPU[0x1] Thread (main_thread)[0x0046fb90]} cellGcmSys: cellGcmSetTileInfo(index=0, location=0, offset=0, size=17825792, pitch=8192, comp=7, base=0, bank=0)
HLE: E {PPU[0x1] Thread (main_thread)[0x0046fb90]} cellGcmSys: cellGcmSetTileInfo: bad compression mode! (7)
HLE: W {PPU[0x1] Thread (main_thread)[0x0046f950]} cellGcmSys: cellGcmBindTile(index=0)
HLE: W {PPU[0x1] Thread (main_thread)[0x0046fb90]} cellGcmSys: cellGcmSetTileInfo(index=1, location=0, offset=17825792, size=35651584, pitch=16384, comp=8, base=272, bank=0)
HLE: E {PPU[0x1] Thread (main_thread)[0x0046fb90]} cellGcmSys: cellGcmSetTileInfo: bad compression mode! (8)
HLE: W {PPU[0x1] Thread (main_thread)[0x0046f950]} cellGcmSys: cellGcmBindTile(index=1)
HLE: W {PPU[0x1] Thread (main_thread)[0x0046fb90]} cellGcmSys: cellGcmSetTileInfo(index=2, location=0, offset=53477376, size=35651584, pitch=16384, comp=10, base=1360, bank=2)
HLE: E {PPU[0x1] Thread (main_thread)[0x0046fb90]} cellGcmSys: cellGcmSetTileInfo: CELL_GCM_ERROR_INVALID_VALUE
HLE: W {PPU[0x1] Thread (main_thread)[0x0046f950]} cellGcmSys: cellGcmBindTile(index=2)
HLE: W {PPU[0x1] Thread (main_thread)[0x0046fa90]} cellGcmSys: cellGcmBindZcull(index=0)
HLE: W {PPU[0x1] Thread (main_thread)[0x004729b0]} sysPrxForUser: sys_lwmutex_create(lwmutex=*0x22c7108, attr=*0xd000f900)
HLE: W {PPU[0x1] Thread (main_thread)[0x00472b50]} sysPrxForUser: sys_lwcond_create(lwcond=*0x22c7120, lwmutex=*0x22c7108, attr=*0xd000f910)
HLE: W {PPU[0x1] Thread (main_thread)[0x004729b0]} sysPrxForUser: sys_lwmutex_create(lwmutex=*0x223dd20, attr=*0xd000f7e0)
HLE: W {PPU[0x1] Thread (main_thread)[0x00472b50]} sysPrxForUser: sys_lwcond_create(lwcond=*0x223dd38, lwmutex=*0x223dd20, attr=*0xd000f7f0)
HLE: W {PPU[0x1] Thread (main_thread)[0x001fee20]} sys_memory: sys_memory_allocate(size=0x1000000, flags=0x400, alloc_addr=*0xd000f960)
HLE: W {PPU[0x1] Thread (main_thread)[0x0046f9f0]} cellGcmSys: cellGcmMapEaIoAddress(ea=0x20200000, io=0xd100000, size=0xf00000)
HLE: W {PPU[0x1] Thread (main_thread)[0x0046f9b0]} cellGcmSys: cellGcmMapEaIoAddressWithFlags(ea=0x21100000, io=0xe000000, size=0x100000, flags=0x2)
HLE: W {PPU[0x1] Thread (main_thread)[0x004729b0]} sysPrxForUser: sys_lwmutex_create(lwmutex=*0x223dde0, attr=*0xd000f7a0)
HLE: W {PPU[0x1] Thread (main_thread)[0x00472b50]} sysPrxForUser: sys_lwcond_create(lwcond=*0x223ddf8, lwmutex=*0x223dde0, attr=*0xd000f7b0)
HLE: W {PPU[0x1] Thread (main_thread)[0x004701f0]} cellSysmodule: cellSysmoduleLoadModule(id=0x0000: CELL_SYSMODULE_NET)
HLE: W {PPU[0x1] Thread (main_thread)[0x004701f0]} cellSysmodule: cellSysmoduleLoadModule(id=0x0014: CELL_SYSMODULE_NETCTL)
HLE: W {PPU[0x1] Thread (main_thread)[0x004701f0]} cellSysmodule: cellSysmoduleLoadModule(id=0x001c: CELL_SYSMODULE_USBD)
HLE: W {PPU[0x1] Thread (main_thread)[0x004701f0]} cellSysmodule: cellSysmoduleLoadModule(id=0x003e: CELL_SYSMODULE_SYSUTIL_GAME)
HLE: W {PPU[0x1] Thread (main_thread)[0x0046f610]} cellSysutil: cellSysutilRegisterCallback(slot=0, func=*0x5117a8, userdata=*0x52e500)
HLE: W {PPU[0x1] Thread (main_thread)[0x004703d0]} cellSpurs: _cellSpursAttributeInitialize(attr=*0xd000f978, revision=2, sdkVersion=0x330000, nSpus=5, spuPriority=250, ppuPriority=1000, exitIfNoWork=0)
HLE: W {PPU[0x1] Thread (main_thread)[0x00470470]} cellSpurs: cellSpursInitializeWithAttribute(spurs=*0x21100400, attr=*0xd000f978)
HLE: W {PPU[0x1] Thread (main_thread)[0x00470470]} sys_process: sys_process_is_spu_lock_line_reservation_address(addr=0x21100400, flags=0x2)
HLE: W {PPU[0x1] Thread (main_thread)[0x00470470]} sys_semaphore: sys_semaphore_create(sem_id=*0xd000f8f8, attr=*0xd000f8d8, initial_val=0, max_val=1)
HLE: W {PPU[0x1] Thread (main_thread)[0x00470470]} sys_semaphore: sys_semaphore_create(sem_id=*0xd000f8f8, attr=*0xd000f8d8, initial_val=0, max_val=1)
HLE: W {PPU[0x1] Thread (main_thread)[0x00470470]} sys_semaphore: sys_semaphore_create(sem_id=*0xd000f8f8, attr=*0xd000f8d8, initial_val=0, max_val=1)
HLE: W {PPU[0x1] Thread (main_thread)[0x00470470]} sys_semaphore: sys_semaphore_create(sem_id=*0xd000f8f8, attr=*0xd000f8d8, initial_val=0, max_val=1)
HLE: W {PPU[0x1] Thread (main_thread)[0x00470470]} sys_semaphore: sys_semaphore_create(sem_id=*0xd000f8f8, attr=*0xd000f8d8, initial_val=0, max_val=1)
HLE: W {PPU[0x1] Thread (main_thread)[0x00470470]} sys_semaphore: sys_semaphore_create(sem_id=*0xd000f8f8, attr=*0xd000f8d8, initial_val=0, max_val=1)
HLE: W {PPU[0x1] Thread (main_thread)[0x00470470]} sys_semaphore: sys_semaphore_create(sem_id=*0xd000f8f8, attr=*0xd000f8d8, initial_val=0, max_val=1)
HLE: W {PPU[0x1] Thread (main_thread)[0x00470470]} sys_semaphore: sys_semaphore_create(sem_id=*0xd000f8f8, attr=*0xd000f8d8, initial_val=0, max_val=1)
HLE: W {PPU[0x1] Thread (main_thread)[0x00470470]} sys_semaphore: sys_semaphore_create(sem_id=*0xd000f8f8, attr=*0xd000f8d8, initial_val=0, max_val=1)
HLE: W {PPU[0x1] Thread (main_thread)[0x00470470]} sys_semaphore: sys_semaphore_create(sem_id=*0xd000f8f8, attr=*0xd000f8d8, initial_val=0, max_val=1)
HLE: W {PPU[0x1] Thread (main_thread)[0x00470470]} sys_semaphore: sys_semaphore_create(sem_id=*0xd000f8f8, attr=*0xd000f8d8, initial_val=0, max_val=1)
HLE: W {PPU[0x1] Thread (main_thread)[0x00470470]} sys_semaphore: sys_semaphore_create(sem_id=*0xd000f8f8, attr=*0xd000f8d8, initial_val=0, max_val=1)
HLE: W {PPU[0x1] Thread (main_thread)[0x00470470]} sys_semaphore: sys_semaphore_create(sem_id=*0xd000f8f8, attr=*0xd000f8d8, initial_val=0, max_val=1)
HLE: W {PPU[0x1] Thread (main_thread)[0x00470470]} sys_semaphore: sys_semaphore_create(sem_id=*0xd000f8f8, attr=*0xd000f8d8, initial_val=0, max_val=1)
HLE: W {PPU[0x1] Thread (main_thread)[0x00470470]} sys_semaphore: sys_semaphore_create(sem_id=*0xd000f8f8, attr=*0xd000f8d8, initial_val=0, max_val=1)
HLE: W {PPU[0x1] Thread (main_thread)[0x00470470]} sys_semaphore: sys_semaphore_create(sem_id=*0xd000f8f8, attr=*0xd000f8d8, initial_val=0, max_val=1)
HLE: W {PPU[0x1] Thread (main_thread)[0x00470470]} sys_semaphore: sys_semaphore_create(sem_id=*0xd000f8f8, attr=*0xd000f8d8, initial_val=0, max_val=1)
HLE: W {PPU[0x1] Thread (main_thread)[0x00470470]} sys_spu: sys_spu_thread_group_create(id=*0xd000f8b8, num=5, prio=250, attr=*0xd000f828)
HLE: W {PPU[0x1] Thread (main_thread)[0x00470470]} sys_spu: sys_spu_thread_initialize(thread=*0xd000f800, group=0x37, spu_num=0, img=*0x21101170, attr=*0xd000f7f0, arg=*0xd000f808)
HLE: E {PPU[0x1] Thread (main_thread)[0x00470470]} sys_spu: Unsupported SPU Thread options (0x2)
HLE: W {PPU[0x1] Thread (main_thread)[0x00470470]} sys_spu: sys_spu_thread_initialize(thread=*0xd000f800, group=0x37, spu_num=1, img=*0x21101170, attr=*0xd000f7f0, arg=*0xd000f808)
HLE: E {PPU[0x1] Thread (main_thread)[0x00470470]} sys_spu: Unsupported SPU Thread options (0x2)
HLE: W {PPU[0x1] Thread (main_thread)[0x00470470]} sys_spu: sys_spu_thread_initialize(thread=*0xd000f800, group=0x37, spu_num=2, img=*0x21101170, attr=*0xd000f7f0, arg=*0xd000f808)
HLE: E {PPU[0x1] Thread (main_thread)[0x00470470]} sys_spu: Unsupported SPU Thread options (0x2)
HLE: W {PPU[0x1] Thread (main_thread)[0x00470470]} sys_spu: sys_spu_thread_initialize(thread=*0xd000f800, group=0x37, spu_num=3, img=*0x21101170, attr=*0xd000f7f0, arg=*0xd000f808)
HLE: E {PPU[0x1] Thread (main_thread)[0x00470470]} sys_spu: Unsupported SPU Thread options (0x2)
HLE: W {PPU[0x1] Thread (main_thread)[0x00470470]} sys_spu: sys_spu_thread_initialize(thread=*0xd000f800, group=0x37, spu_num=4, img=*0x21101170, attr=*0xd000f7f0, arg=*0xd000f808)
HLE: E {PPU[0x1] Thread (main_thread)[0x00470470]} sys_spu: Unsupported SPU Thread options (0x2)
HLE: W {PPU[0x1] Thread (main_thread)[0x00470470]} sysPrxForUser: sys_lwmutex_create(lwmutex=*0x211011b0, attr=*0xd000f8c0)
HLE: W {PPU[0x1] Thread (main_thread)[0x00470470]} sysPrxForUser: sys_lwcond_create(lwcond=*0x211011c8, lwmutex=*0x211011b0, attr=*0xd000f8d0)
HLE: W {PPU[0x1] Thread (main_thread)[0x00470470]} sys_event: sys_event_queue_create(equeue_id=*0x2110115c, attr=*0xd000f758, event_queue_key=0x0, size=42)
HLE: W {PPU[0x1] Thread (main_thread)[0x00470470]} sys_spu: sys_spu_thread_group_connect_event_all_threads(id=0x37, eq=0x3f, req=0xffffffffffff0000, spup=*0x211004c9)
HLE: W {PPU[0x1] Thread (main_thread)[0x00470470]} sys_event: sys_event_port_create(eport_id=*0x21101160, port_type=1, name=0x0)
HLE: W {PPU[0x1] Thread (main_thread)[0x00470470]} sys_event: sys_event_port_connect_local(eport_id=0x40, equeue_id=0x3f)
HLE: W {PPU[0x1] Thread (main_thread)[0x00470470]} cellSpurs: cellSpursEnableExceptionEventHandler(spurs=*0x21100400, flag=1)
HLE: W {PPU[0x1] Thread (main_thread)[0x00470470]} sys_spu: sys_spu_thread_group_connect_event(id=0x37, eq=0x3f, et=2)
HLE: W {PPU[0x1] Thread (main_thread)[0x004729b0]} sysPrxForUser: sys_lwmutex_create(lwmutex=*0x2249cb0, attr=*0xd000fa10)
HLE: W {PPU[0x42] Thread (SpursHdlr0)[0x00000000]} sys_spu: sys_spu_thread_group_start(id=0x37)
HLE: W {PPU[0x1] Thread (main_thread)[0x00472b50]} sysPrxForUser: sys_lwcond_create(lwcond=*0x2249cc8, lwmutex=*0x2249cb0, attr=*0xd000fa20)
SPU: S {PPU[0x42] Thread (SpursHdlr0)[0x00000000]} SPU Database initialized...
SPU: S {PPU[0x42] Thread (SpursHdlr0)[0x00000000]} SPU Recompiler (ASMJIT) created...
HLE: W {PPU[0x42] Thread (SpursHdlr0)[0x00000000]} sys_spu: sys_spu_thread_group_join(id=0x37, cause=*0x0, status=*0x0)
SPU: S {SPU[0x38] Thread (CellSpursKernel0)[0x00818]} Function detected [0x00818-0x00820] (size=0x8)
HLE: W {PPU[0x1] Thread (main_thread)[0x004729b0]} sysPrxForUser: sys_lwmutex_create(lwmutex=*0x2243568, attr=*0xd000f930)
HLE: W {PPU[0x1] Thread (main_thread)[0x00472b50]} sysPrxForUser: sys_lwcond_create(lwcond=*0x2243580, lwmutex=*0x2243568, attr=*0xd000f940)
HLE: W {PPU[0x1] Thread (main_thread)[0x004729b0]} sysPrxForUser: sys_lwmutex_create(lwmutex=*0x22c57f8, attr=*0xd000f9a0)
HLE: W {PPU[0x1] Thread (main_thread)[0x00472b50]} sysPrxForUser: sys_lwcond_create(lwcond=*0x22c5810, lwmutex=*0x22c57f8, attr=*0xd000f9b0)
HLE: W {PPU[0x1] Thread (main_thread)[0x0023e9e4]} sys_event: sys_event_queue_create(equeue_id=*0x2263da8, attr=*0xd000fa80, event_queue_key=0x0, size=8)
HLE: W {PPU[0x1] Thread (main_thread)[0x00472930]} sysPrxForUser: sys_ppu_thread_create(thread_id=*0x2263da0, entry=0x50d040, arg=0x0, prio=200, stacksize=0x1000, flags=0x1, threadname=*0x4a5b80)
HLE: W {PPU[0x1] Thread (main_thread)[0x00472930]} sys_ppu_thread: _sys_ppu_thread_create(thread_id=*0x2263da0, param=*0xd000fa08, arg=0x0, unk=0x0, prio=200, stacksize=0x1000, flags=0x1, threadname=*0x4a5b80)
HLE: W {PPU[0x1] Thread (main_thread)[0x00472930]} sys_ppu_thread: sys_ppu_thread_start(thread_id=0x4a)
HLE: W {PPU[0x1] Thread (main_thread)[0x0023ea8c]} sys_event: sys_event_port_create(eport_id=*0x2263dac, port_type=1, name=0xd1ed1ed1)
HLE: W {PPU[0x1] Thread (main_thread)[0x0023eaa0]} sys_event: sys_event_port_connect_local(eport_id=0x4b, equeue_id=0x49)
HLE: W {PPU[0x1] Thread (main_thread)[0x004704b0]} cellSpurs: cellSpursAttachLv2EventQueue(spurs=*0x21100400, queue=0x49, port=*0xd000fa90, isDynamic=0)
HLE: W {PPU[0x1] Thread (main_thread)[0x004704b0]} sys_spu: sys_spu_thread_group_connect_event_all_threads(id=0x37, eq=0x49, req=0x2, spup=*0xd000fa90)
HLE: W {PPU[0x1] Thread (main_thread)[0x00470370]} cellSpurs: cellSpursAddWorkload(spurs=*0x21100400, wid=*0x2263d80, pm=*0x4e7480, size=0xb80, data=0x2263e00, priority=*0x51f59c, minCnt=0x1, maxCnt=0x1)
HLE: W {PPU[0x1] Thread (main_thread)[0x00470430]} cellSpurs: _cellSpursWorkloadFlagReceiver(spurs=*0x21100400, wid=0, is_set=1)
HLE: W {PPU[0x1] Thread (main_thread)[0x00470550]} cellSpurs: cellSpursReadyCountStore(spurs=*0x21100400, wid=0, value=0x1)
HLE: W {PPU[0x1] Thread (main_thread)[0x00470390]} cellSpurs: cellSpursWakeUp(spurs=*0x21100400)
HLE: W {PPU[0x1] Thread (main_thread)[0x004729b0]} sysPrxForUser: sys_lwmutex_create(lwmutex=*0x224b5a0, attr=*0xd000f950)
HLE: W {PPU[0x1] Thread (main_thread)[0x00472b50]} sysPrxForUser: sys_lwcond_create(lwcond=*0x224b5b8, lwmutex=*0x224b5a0, attr=*0xd000f960)
HLE: W {PPU[0x1] Thread (main_thread)[0x004729b0]} sysPrxForUser: sys_lwmutex_create(lwmutex=*0x224b5d0, attr=*0xd000f950)
HLE: W {PPU[0x1] Thread (main_thread)[0x00472b50]} sysPrxForUser: sys_lwcond_create(lwcond=*0x224b5e8, lwmutex=*0x224b5d0, attr=*0xd000f960)
HLE: W {PPU[0x1] Thread (main_thread)[0x004729b0]} sysPrxForUser: sys_lwmutex_create(lwmutex=*0x224b540, attr=*0xd000f950)
HLE: W {PPU[0x1] Thread (main_thread)[0x00472b50]} sysPrxForUser: sys_lwcond_create(lwcond=*0x224b558, lwmutex=*0x224b540, attr=*0xd000f960)
HLE: W {PPU[0x1] Thread (main_thread)[0x004729b0]} sysPrxForUser: sys_lwmutex_create(lwmutex=*0x224b570, attr=*0xd000f950)
HLE: W {PPU[0x1] Thread (main_thread)[0x00472b50]} sysPrxForUser: sys_lwcond_create(lwcond=*0x224b588, lwmutex=*0x224b570, attr=*0xd000f960)
HLE: W {PPU[0x1] Thread (main_thread)[0x00472930]} sysPrxForUser: sys_ppu_thread_create(thread_id=*0x20031080, entry=0x50cb90, arg=0x20031080, prio=1002, stacksize=0x8000, flags=0x1, threadname=*0x200b3110)
HLE: W {PPU[0x1] Thread (main_thread)[0x00472930]} sys_ppu_thread: _sys_ppu_thread_create(thread_id=*0x20031080, param=*0xd000f7e8, arg=0x20031080, unk=0x0, prio=1002, stacksize=0x8000, flags=0x1, threadname=*0x200b3110)
HLE: W {PPU[0x1] Thread (main_thread)[0x00472930]} sys_ppu_thread: sys_ppu_thread_start(thread_id=0x54)
HLE: W {PPU[0x1] Thread (main_thread)[0x00472930]} sysPrxForUser: sys_ppu_thread_create(thread_id=*0x200310b0, entry=0x50cb90, arg=0x200310b0, prio=1002, stacksize=0x8000, flags=0x1, threadname=*0x200b3110)
HLE: W {PPU[0x1] Thread (main_thread)[0x00472930]} sys_ppu_thread: _sys_ppu_thread_create(thread_id=*0x200310b0, param=*0xd000f7e8, arg=0x200310b0, unk=0x0, prio=1002, stacksize=0x8000, flags=0x1, threadname=*0x200b3110)
HLE: W {PPU[0x1] Thread (main_thread)[0x00472930]} sys_ppu_thread: sys_ppu_thread_start(thread_id=0x55)
HLE: W {PPU[0x1] Thread (main_thread)[0x00472930]} sysPrxForUser: sys_ppu_thread_create(thread_id=*0xd000f990, entry=0x50cb90, arg=0xd000f990, prio=1002, stacksize=0x10000, flags=0x0, threadname=*0x4a836c)
HLE: W {PPU[0x1] Thread (main_thread)[0x00472930]} sys_ppu_thread: _sys_ppu_thread_create(thread_id=*0xd000f990, param=*0xd000f888, arg=0xd000f990, unk=0x0, prio=1002, stacksize=0x10000, flags=0x0, threadname=*0x4a836c)
HLE: W {PPU[0x1] Thread (main_thread)[0x00472930]} sys_ppu_thread: sys_ppu_thread_start(thread_id=0x56)
HLE: W {PPU[0x56] Thread (PhyreEngineHDDPathThread)[0x00470750]} cellGame: cellGameBootCheck(type=*0xd004fcf0, attributes=*0xd004fcf4, size=*0xd004fcf8, dirName=*0x0)
HLE: W {PPU[0x56] Thread (PhyreEngineHDDPathThread)[0x00470710]} cellGame: cellGameContentPermit(contentInfoPath=*0xd004fd08, usrdirPath=*0x226b0c0)
HLE: W {PPU[0x1] Thread (main_thread)[0x002fd8a4]} sys_memory: sys_memory_allocate(size=0x200000, flags=0x400, alloc_addr=*0xd000f740)
HLE: W {PPU[0x1] Thread (main_thread)[0x004729b0]} sysPrxForUser: sys_lwmutex_create(lwmutex=*0x223f8e0, attr=*0xd000f7f0)
HLE: W {PPU[0x1] Thread (main_thread)[0x00472b50]} sysPrxForUser: sys_lwcond_create(lwcond=*0x223f8f8, lwmutex=*0x223f8e0, attr=*0xd000f800)
HLE: W {PPU[0x1] Thread (main_thread)[0x004729b0]} sysPrxForUser: sys_lwmutex_create(lwmutex=*0x223f950, attr=*0xd000f7f0)
HLE: W {PPU[0x1] Thread (main_thread)[0x00472b50]} sysPrxForUser: sys_lwcond_create(lwcond=*0x223f968, lwmutex=*0x223f950, attr=*0xd000f800)
HLE: W {PPU[0x1] Thread (main_thread)[0x004704f0]} cellSpurs: cellSpursGetWorkloadFlag(spurs=*0x21100400, flag=**0xd000f910)
HLE: W {PPU[0x1] Thread (main_thread)[0x0046fa30]} cellGcmSys: cellGcmGetReportDataAddressLocation(index=0, location=1)
HLE: W {PPU[0x1] Thread (main_thread)[0x004729b0]} sysPrxForUser: sys_lwmutex_create(lwmutex=*0x22426c0, attr=*0xd000f910)
HLE: W {PPU[0x1] Thread (main_thread)[0x00472b50]} sysPrxForUser: sys_lwcond_create(lwcond=*0x22426d8, lwmutex=*0x22426c0, attr=*0xd000f920)
HLE: W {PPU[0x1] Thread (main_thread)[0x004729b0]} sysPrxForUser: sys_lwmutex_create(lwmutex=*0x22426f0, attr=*0xd000f910)
HLE: W {PPU[0x1] Thread (main_thread)[0x00472b50]} sysPrxForUser: sys_lwcond_create(lwcond=*0x2242708, lwmutex=*0x22426f0, attr=*0xd000f920)
HLE: W {PPU[0x1] Thread (main_thread)[0x004729b0]} sysPrxForUser: sys_lwmutex_create(lwmutex=*0x2242340, attr=*0xd000f910)
HLE: W {PPU[0x1] Thread (main_thread)[0x00472b50]} sysPrxForUser: sys_lwcond_create(lwcond=*0x2242358, lwmutex=*0x2242340, attr=*0xd000f920)
HLE: W {PPU[0x1] Thread (main_thread)[0x004729b0]} sysPrxForUser: sys_lwmutex_create(lwmutex=*0x2242378, attr=*0xd000f910)
HLE: W {PPU[0x1] Thread (main_thread)[0x00472b50]} sysPrxForUser: sys_lwcond_create(lwcond=*0x2242390, lwmutex=*0x2242378, attr=*0xd000f920)
HLE: W {PPU[0x1] Thread (main_thread)[0x004729b0]} sysPrxForUser: sys_lwmutex_create(lwmutex=*0x22423b0, attr=*0xd000f910)
HLE: W {PPU[0x1] Thread (main_thread)[0x00472b50]} sysPrxForUser: sys_lwcond_create(lwcond=*0x22423c8, lwmutex=*0x22423b0, attr=*0xd000f920)
HLE: W {PPU[0x1] Thread (main_thread)[0x004729b0]} sysPrxForUser: sys_lwmutex_create(lwmutex=*0x22423e8, attr=*0xd000f910)
HLE: W {PPU[0x1] Thread (main_thread)[0x00472b50]} sysPrxForUser: sys_lwcond_create(lwcond=*0x2242400, lwmutex=*0x22423e8, attr=*0xd000f920)
HLE: W {PPU[0x1] Thread (main_thread)[0x004729b0]} sysPrxForUser: sys_lwmutex_create(lwmutex=*0x2242420, attr=*0xd000f910)
HLE: W {PPU[0x1] Thread (main_thread)[0x00472b50]} sysPrxForUser: sys_lwcond_create(lwcond=*0x2242438, lwmutex=*0x2242420, attr=*0xd000f920)
HLE: W {PPU[0x1] Thread (main_thread)[0x004729b0]} sysPrxForUser: sys_lwmutex_create(lwmutex=*0x2242458, attr=*0xd000f910)
HLE: W {PPU[0x1] Thread (main_thread)[0x00472b50]} sysPrxForUser: sys_lwcond_create(lwcond=*0x2242470, lwmutex=*0x2242458, attr=*0xd000f920)
HLE: W {PPU[0x1] Thread (main_thread)[0x004729b0]} sysPrxForUser: sys_lwmutex_create(lwmutex=*0x2242490, attr=*0xd000f910)
HLE: W {PPU[0x1] Thread (main_thread)[0x00472b50]} sysPrxForUser: sys_lwcond_create(lwcond=*0x22424a8, lwmutex=*0x2242490, attr=*0xd000f920)
HLE: W {PPU[0x1] Thread (main_thread)[0x004729b0]} sysPrxForUser: sys_lwmutex_create(lwmutex=*0x22424c8, attr=*0xd000f910)
HLE: W {PPU[0x1] Thread (main_thread)[0x00472b50]} sysPrxForUser: sys_lwcond_create(lwcond=*0x22424e0, lwmutex=*0x22424c8, attr=*0xd000f920)
HLE: W {PPU[0x1] Thread (main_thread)[0x004729b0]} sysPrxForUser: sys_lwmutex_create(lwmutex=*0x2242500, attr=*0xd000f910)
HLE: W {PPU[0x1] Thread (main_thread)[0x00472b50]} sysPrxForUser: sys_lwcond_create(lwcond=*0x2242518, lwmutex=*0x2242500, attr=*0xd000f920)
HLE: W {PPU[0x1] Thread (main_thread)[0x004729b0]} sysPrxForUser: sys_lwmutex_create(lwmutex=*0x2242538, attr=*0xd000f910)
HLE: W {PPU[0x1] Thread (main_thread)[0x00472b50]} sysPrxForUser: sys_lwcond_create(lwcond=*0x2242550, lwmutex=*0x2242538, attr=*0xd000f920)
HLE: W {PPU[0x1] Thread (main_thread)[0x004729b0]} sysPrxForUser: sys_lwmutex_create(lwmutex=*0x2242570, attr=*0xd000f910)
HLE: W {PPU[0x1] Thread (main_thread)[0x00472b50]} sysPrxForUser: sys_lwcond_create(lwcond=*0x2242588, lwmutex=*0x2242570, attr=*0xd000f920)
HLE: W {PPU[0x1] Thread (main_thread)[0x004729b0]} sysPrxForUser: sys_lwmutex_create(lwmutex=*0x22425a8, attr=*0xd000f910)
HLE: W {PPU[0x1] Thread (main_thread)[0x00472b50]} sysPrxForUser: sys_lwcond_create(lwcond=*0x22425c0, lwmutex=*0x22425a8, attr=*0xd000f920)
HLE: W {PPU[0x1] Thread (main_thread)[0x004729b0]} sysPrxForUser: sys_lwmutex_create(lwmutex=*0x22425e0, attr=*0xd000f910)
HLE: W {PPU[0x1] Thread (main_thread)[0x00472b50]} sysPrxForUser: sys_lwcond_create(lwcond=*0x22425f8, lwmutex=*0x22425e0, attr=*0xd000f920)
HLE: W {PPU[0x1] Thread (main_thread)[0x004729b0]} sysPrxForUser: sys_lwmutex_create(lwmutex=*0x2242618, attr=*0xd000f910)
HLE: W {PPU[0x1] Thread (main_thread)[0x00472b50]} sysPrxForUser: sys_lwcond_create(lwcond=*0x2242630, lwmutex=*0x2242618, attr=*0xd000f920)
HLE: W {PPU[0x1] Thread (main_thread)[0x004729b0]} sysPrxForUser: sys_lwmutex_create(lwmutex=*0x2242650, attr=*0xd000f910)
HLE: W {PPU[0x1] Thread (main_thread)[0x00472b50]} sysPrxForUser: sys_lwcond_create(lwcond=*0x2242668, lwmutex=*0x2242650, attr=*0xd000f920)
HLE: W {PPU[0x1] Thread (main_thread)[0x004729b0]} sysPrxForUser: sys_lwmutex_create(lwmutex=*0x2242688, attr=*0xd000f910)
HLE: W {PPU[0x1] Thread (main_thread)[0x00472b50]} sysPrxForUser: sys_lwcond_create(lwcond=*0x22426a0, lwmutex=*0x2242688, attr=*0xd000f920)
HLE: W {PPU[0x1] Thread (main_thread)[0x00472930]} sysPrxForUser: sys_ppu_thread_create(thread_id=*0x2242310, entry=0x50cb90, arg=0x2242310, prio=1001, stacksize=0x10000, flags=0x1, threadname=*0x4a3694)
HLE: W {PPU[0x1] Thread (main_thread)[0x00472930]} sys_ppu_thread: _sys_ppu_thread_create(thread_id=*0x2242310, param=*0xd000f8a8, arg=0x2242310, unk=0x0, prio=1001, stacksize=0x10000, flags=0x1, threadname=*0x4a3694)
HLE: W {PPU[0x1] Thread (main_thread)[0x00472930]} sys_ppu_thread: sys_ppu_thread_start(thread_id=0x7f)
HLE: W {PPU[0x1] Thread (main_thread)[0x0046fe30]} sys_io: cellPadInit(max_connect=7)
HLE: W {PPU[0x1] Thread (main_thread)[0x0046fed0]} sys_io: cellKbInit(max_connect=7)
HLE: W {PPU[0x1] Thread (main_thread)[0x0046ffd0]} sys_io: cellMouseInit(max_connect=1)
HLE: W {PPU[0x1] Thread (main_thread)[0x002fd8a4]} sys_memory: sys_memory_allocate(size=0x200000, flags=0x400, alloc_addr=*0xd000f230)
HLE: W {PPU[0x1] Thread (main_thread)[0x002deca8]} sys_mutex: sys_mutex_create(mutex_id=*0x200d6e54, attr=*0xd000f2f0)
HLE: W {PPU[0x1] Thread (main_thread)[0x002deca8]} sys_mutex: sys_mutex_create(mutex_id=*0x200d6e68, attr=*0xd000f250)
HLE: W {PPU[0x1] Thread (main_thread)[0x002de964]} sys_cond: sys_cond_create(cond_id=*0x200d6e6c, mutex_id=0x81, attr=*0xd000f2f0)
HLE: W {PPU[0x1] Thread (main_thread)[0x00472930]} sysPrxForUser: sys_ppu_thread_create(thread_id=*0x21400238, entry=0x5134f0, arg=0x21300020, prio=1001, stacksize=0x10000, flags=0x1, threadname=*0x4aa9b4)
HLE: W {PPU[0x1] Thread (main_thread)[0x00472930]} sys_ppu_thread: _sys_ppu_thread_create(thread_id=*0x21400238, param=*0xd000f318, arg=0x21300020, unk=0x0, prio=1001, stacksize=0x10000, flags=0x1, threadname=*0x4aa9b4)
HLE: W {PPU[0x1] Thread (main_thread)[0x00472930]} sys_ppu_thread: sys_ppu_thread_start(thread_id=0x83)
HLE: W {PPU[0x83] Thread (NP Toolkit)[0x002cee3c]} sys_mutex: sys_mutex_create(mutex_id=*0x200d6e98, attr=*0xd005f880)
HLE: W {PPU[0x83] Thread (NP Toolkit)[0x00470230]} cellSysmodule: cellSysmoduleInitialize()
HLE: W {PPU[0x83] Thread (NP Toolkit)[0x00470210]} cellSysmodule: cellSysmoduleIsLoaded(id=0x0014: CELL_SYSMODULE_NETCTL)
HLE: W {PPU[0x83] Thread (NP Toolkit)[0x00470210]} cellSysmodule: cellSysmoduleIsLoaded(id=0x0001: CELL_SYSMODULE_HTTP)
HLE: E {PPU[0x83] Thread (NP Toolkit)[0x00470210]} cellSysmodule: cellSysmoduleIsLoaded() failed: module not loaded (id=0x0001)
HLE: W {PPU[0x83] Thread (NP Toolkit)[0x004701f0]} cellSysmodule: cellSysmoduleLoadModule(id=0x0001: CELL_SYSMODULE_HTTP)
HLE: W {PPU[0x83] Thread (NP Toolkit)[0x00470210]} cellSysmodule: cellSysmoduleIsLoaded(id=0x0056: CELL_SYSMODULE_SYSUTIL_NP_UTIL)
HLE: E {PPU[0x83] Thread (NP Toolkit)[0x00470210]} cellSysmodule: cellSysmoduleIsLoaded() failed: module not loaded (id=0x0056)
HLE: W {PPU[0x83] Thread (NP Toolkit)[0x004701f0]} cellSysmodule: cellSysmoduleLoadModule(id=0x0056: CELL_SYSMODULE_SYSUTIL_NP_UTIL)
HLE: W {PPU[0x83] Thread (NP Toolkit)[0x0046f770]} sys_net: sys_net_initialize_network_ex(param=*0xd005f910)
HLE: W {PPU[0x83] Thread (NP Toolkit)[0x004706d0]} cellNetCtl: cellNetCtlInit()
HLE: E {PPU[0x83] Thread (NP Toolkit)[0x00471750]} cellHttp: cellHttpInit
HLE: E {PPU[0x83] Thread (NP Toolkit)[0x004705b0]} cellNetCtl TODO: cellNetCtlAddHandler(handler=*0x513118, arg=*0x200d6e90, hid=*0x200d6ea0)
HLE: W {PPU[0x83] Thread (NP Toolkit)[0x0046f610]} cellSysutil: cellSysutilRegisterCallback(slot=3, func=*0x5134a0, userdata=*0x0)
HLE: W {PPU[0x83] Thread (NP Toolkit)[0x00470210]} cellSysmodule: cellSysmoduleIsLoaded(id=0x0016: CELL_SYSMODULE_SYSUTIL_NP)
HLE: W {PPU[0x83] Thread (NP Toolkit)[0x00470210]} cellSysmodule: cellSysmoduleIsLoaded(id=0x0038: CELL_SYSMODULE_SYSUTIL_NP2)
HLE: E {PPU[0x83] Thread (NP Toolkit)[0x00470210]} cellSysmodule: cellSysmoduleIsLoaded() failed: module not loaded (id=0x0038)
HLE: W {PPU[0x83] Thread (NP Toolkit)[0x004701f0]} cellSysmodule: cellSysmoduleLoadModule(id=0x0038: CELL_SYSMODULE_SYSUTIL_NP2)
HLE: W {PPU[0x83] Thread (NP Toolkit)[0x00471210]} sceNp2: sceNp2Init(poolsize=0x100000, poolptr=*0x2130004c)
HLE: E {PPU[0x83] Thread (NP Toolkit)[0x00470e90]} sceNp: sceNpManagerRegisterCallback
HLE: W {PPU[0x83] Thread (NP Toolkit)[0x00470c90]} sceNp: sceNpManagerGetStatus(status=*0xd005fa48)
HLE: E {PPU[0x83] Thread (NP Toolkit)[0x004709f0]} sceNp: sceNpBasicRegisterContextSensitiveHandler
HLE: W {PPU[0x83] Thread (NP Toolkit)[0x002df220]} sys_mutex: sys_mutex_create(mutex_id=*0x200e6f9c, attr=*0xd005f940)
HLE: W {PPU[0x83] Thread (NP Toolkit)[0x002df8f4]} sys_mutex: sys_mutex_create(mutex_id=*0x200e6fc0, attr=*0xd005f898)
HLE: W {PPU[0x83] Thread (NP Toolkit)[0x002df93c]} sys_cond: sys_cond_create(cond_id=*0x200e6fbc, mutex_id=0x86, attr=*0xd005f860)
HLE: W {PPU[0x83] Thread (NP Toolkit)[0x002df98c]} sys_event_flag: sys_event_flag_create(id=*0x200e6fd0, attr=*0xd005f878, init=0x0)
HLE: W {PPU[0x83] Thread (NP Toolkit)[0x00472930]} sysPrxForUser: sys_ppu_thread_create(thread_id=*0x200e6fc8, entry=0x5139f0, arg=0x200e6fb0, prio=1001, stacksize=0x1000, flags=0x1, threadname=*0x4aab40)
HLE: W {PPU[0x83] Thread (NP Toolkit)[0x00472930]} sys_ppu_thread: _sys_ppu_thread_create(thread_id=*0x200e6fc8, param=*0xd005f7e8, arg=0x200e6fb0, unk=0x0, prio=1001, stacksize=0x1000, flags=0x1, threadname=*0x4aab40)
HLE: W {PPU[0x83] Thread (NP Toolkit)[0x00472930]} sys_ppu_thread: sys_ppu_thread_start(thread_id=0x89)
HLE: W {PPU[0x1] Thread (main_thread)[0x004700f0]} cellFs: cellFsOpen(path=*0x4a0c00, flags=0, fd=*0xd000f5c4, arg=*0x0, size=0x0) -> sys_fs_open()
HLE: W {PPU[0x1] Thread (main_thread)[0x004700f0]} sys_fs: sys_fs_open(path=*0x4a0c00, flags=0, fd=*0xd000f5c4, mode=0, arg=*0x0, size=0x0)
HLE: W {PPU[0x1] Thread (main_thread)[0x004700f0]} sys_fs: *** path = 'Assets/SaveIcon.png'
HLE: E {PPU[0x1] Thread (main_thread)[0x004700f0]} sys_fs: sys_fs_open('Assets/SaveIcon.png') failed: device not mounted
HLE: W {PPU[0x1] Thread (main_thread)[0x004700f0]} cellFs: cellFsOpen(path=*0xd000f4b0, flags=0, fd=*0xd000f5c4, arg=*0x0, size=0x0) -> sys_fs_open()
HLE: W {PPU[0x1] Thread (main_thread)[0x004700f0]} sys_fs: sys_fs_open(path=*0xd000f4b0, flags=0, fd=*0xd000f5c4, mode=0, arg=*0x0, size=0x0)
HLE: W {PPU[0x1] Thread (main_thread)[0x004700f0]} sys_fs: *** path = '/dev_hdd0/game/NPEB01882/USRDIR/Assets/SaveIcon.png'
HLE: W {PPU[0x1] Thread (main_thread)[0x00470190]} sys_fs: sys_fs_fstat(fd=3, sb=*0xd000f590)
HLE: W {PPU[0x1] Thread (main_thread)[0x00470070]} cellFs: cellFsStReadInit(fd=3, ringbuf=*0xd000f570)
HLE: W {PPU[0x1] Thread (main_thread)[0x00470110]} cellFs: cellFsStReadStart(fd=3, offset=0x0, size=0x1e1e0)
HLE: W {PPU[0x1] Thread (main_thread)[0x00470090]} cellFs: cellFsStRead(fd=3, buf=*0x21400250, size=0x10000, rsize=*0xd000f5f8)
HLE: W {PPU[0x1] Thread (main_thread)[0x004701b0]} cellFs: cellFsStReadStop(fd=3)
HLE: W {PPU[0x1] Thread (main_thread)[0x00470150]} cellFs: cellFsStReadFinish(fd=3)
HLE: W {PPU[0x1] Thread (main_thread)[0x002a4c48]} sys_mutex: sys_mutex_create(mutex_id=*0xd000f738, attr=*0xd000f710)
HLE: W {PPU[0x1] Thread (main_thread)[0x0046f510]} cellSysutil: cellSysutilGetSystemParamInt(id=0x112(ID_ENTER_BUTTON_ASSIGN), value=*0xd000f950)
HLE: W {PPU[0x1] Thread (main_thread)[0x00470750]} cellGame: cellGameBootCheck(type=*0xd000f954, attributes=*0xd000f958, size=*0x52e9e8, dirName=*0x0)
HLE: W {PPU[0x1] Thread (main_thread)[0x00470710]} cellGame: cellGameContentPermit(contentInfoPath=*0xd000f960, usrdirPath=*0x52ea18)
HLE: W {PPU[0x1] Thread (main_thread)[0x0046f510]} cellSysutil: cellSysutilGetSystemParamInt(id=0x111(ID_LANG), value=*0xd000f8d0)
TTY: Initializing InputManager\n
TTY: Initializing ClusterManager\n
HLE: W {PPU[0x1] Thread (main_thread)[0x004729b0]} sysPrxForUser: sys_lwmutex_create(lwmutex=*0x21427a90, attr=*0xd000f7b0)
HLE: W {PPU[0x1] Thread (main_thread)[0x00472b50]} sysPrxForUser: sys_lwcond_create(lwcond=*0x21427aa8, lwmutex=*0x21427a90, attr=*0xd000f7c0)
TTY: Initializing FileManager\n
TTY: Initializing FontManager\n
TTY: Loading Localization Data\n
HLE: W {PPU[0x1] Thread (main_thread)[0x0046f510]} cellSysutil: cellSysutilGetSystemParamInt(id=0x111(ID_LANG), value=*0xd0007640)
HLE: W {PPU[0x1] Thread (main_thread)[0x004700f0]} cellFs: cellFsOpen(path=*0xd000f760, flags=0, fd=*0xd0007424, arg=*0x0, size=0x0) -> sys_fs_open()
HLE: W {PPU[0x1] Thread (main_thread)[0x004700f0]} sys_fs: sys_fs_open(path=*0xd000f760, flags=0, fd=*0xd0007424, mode=0, arg=*0x0, size=0x0)
HLE: W {PPU[0x1] Thread (main_thread)[0x004700f0]} sys_fs: *** path = 'GCM/duke_localization.bin'
HLE: E {PPU[0x1] Thread (main_thread)[0x004700f0]} sys_fs: sys_fs_open('GCM/duke_localization.bin') failed: device not mounted
HLE: W {PPU[0x1] Thread (main_thread)[0x004700f0]} cellFs: cellFsOpen(path=*0xd0007310, flags=0, fd=*0xd0007424, arg=*0x0, size=0x0) -> sys_fs_open()
HLE: W {PPU[0x1] Thread (main_thread)[0x004700f0]} sys_fs: sys_fs_open(path=*0xd0007310, flags=0, fd=*0xd0007424, mode=0, arg=*0x0, size=0x0)
HLE: W {PPU[0x1] Thread (main_thread)[0x004700f0]} sys_fs: *** path = '/dev_hdd0/game/NPEB01882/USRDIR/GCM/duke_localization.bin'
HLE: W {PPU[0x1] Thread (main_thread)[0x00470190]} sys_fs: sys_fs_fstat(fd=3, sb=*0xd00073f0)
HLE: W {PPU[0x1] Thread (main_thread)[0x00470070]} cellFs: cellFsStReadInit(fd=3, ringbuf=*0xd00073d0)
HLE: W {PPU[0x1] Thread (main_thread)[0x00470110]} cellFs: cellFsStReadStart(fd=3, offset=0x0, size=0x6cce)
HLE: W {PPU[0x1] Thread (main_thread)[0x00470090]} cellFs: cellFsStRead(fd=3, buf=*0x2142cb50, size=0x6cce, rsize=*0xd0007458)
HLE: W {PPU[0x1] Thread (main_thread)[0x004701b0]} cellFs: cellFsStReadStop(fd=3)
HLE: W {PPU[0x1] Thread (main_thread)[0x00470150]} cellFs: cellFsStReadFinish(fd=3)
G: ! Stopping emulator...
G: ! All threads signaled...
G: ! {PPU[0x41] Thread (SpursHdlr1)[0x00000000]} Thread aborted
HLE: S {PPU[0x4a] Thread (spu_printf_handler)[0x0023f174]} Last syscall: 130 (sys_event_queue_receive)
HLE: S {PPU[0x54] Thread (PhyreEngineWorkerThread0)[0x00472970]} Last function: sys_lwcond_wait (0x2a6d9d51)
G: ! {PPU[0x4a] Thread (spu_printf_handler)[0x0023f174]} Thread aborted
HLE: S {PPU[0x55] Thread (PhyreEngineWorkerThread1)[0x00472970]} Last function: sys_lwcond_wait (0x2a6d9d51)
HLE: S {PPU[0x7f] Thread (PhyreEngineRenderThread)[0x00472970]} Last function: sys_lwcond_wait (0x2a6d9d51)
G: ! {PPU[0x54] Thread (PhyreEngineWorkerThread0)[0x00472970]} Thread aborted
HLE: S {PPU[0x83] Thread (NP Toolkit)[0x002deaf0]} Last syscall: 107 (sys_cond_wait)
G: ! {PPU[0x55] Thread (PhyreEngineWorkerThread1)[0x00472970]} Thread aborted
HLE: S {PPU[0x89] Thread (PS3Thread)[0x002dfc74]} Last syscall: 107 (sys_cond_wait)
G: ! {PPU[0x7f] Thread (PhyreEngineRenderThread)[0x00472970]} Thread aborted
G: ! {PPU[0x83] Thread (NP Toolkit)[0x002deaf0]} Thread aborted
G: ! {PPU[0x89] Thread (PS3Thread)[0x002dfc74]} Thread aborted
