LDR: E PSFLoader::Load() failed: unknown magic (0x0)
G: ! RPCS3 v0.0.0.6-3726-4a6b4ee
G: ! 
G: ! Stopping emulator...
LDR: ! Decrypting 'D:/Emulateurs/Rpcs3/dev_hdd0/game/NPEB00563/USRDIR/EBOOT.BIN'...
LDR: ! Loading 'D:/Emulateurs/Rpcs3/dev_hdd0/game/NPEB00563/USRDIR/BOOT.BIN'...
G: W fs::file::open('D:/Emulateurs/Rpcs3/dev_hdd0/game/NPEB00563/dev_bdvd.path', 0x1) failed: error 0x2
LDR: ! 
LDR: ! Mount info:
LDR: ! /dev_usb000/ -> D:/Emulateurs/Rpcs3/dev_usb000/
LDR: ! /dev_flash/ -> D:/Emulateurs/Rpcs3/dev_flash/
LDR: ! /host_root/ -> 
LDR: ! /dev_hdd0/ -> D:/Emulateurs/Rpcs3/dev_hdd0/
LDR: ! /dev_hdd1/ -> D:/Emulateurs/Rpcs3/dev_hdd1/
LDR: ! /dev_usb/ -> D:/Emulateurs/Rpcs3/dev_usb000/
LDR: ! 
LDR: ! Settings:
LDR: ! CPU: PPU Interpreter 2
LDR: ! SPU: SPU Recompiler (ASMJIT)
LDR: ! Renderer: DirectX 12
LDR: ! D3D Adapter: WARP
LDR: ! Resolution: 1280x720
LDR: ! Write Depth Buffer: No
LDR: ! Write Color Buffers: No
LDR: ! Read Color Buffer: No
LDR: ! Audio Out: XAudio2
LDR: ! Log Everything: No
LDR: ! RSX Logging: No
LDR: ! 
LDR: ! Title: Castlevania: Harmony of Despair Demo
LDR: ! Serial: NPEB00563
LDR: ! Elf path: /dev_hdd0/game/NPEB00563/USRDIR/BOOT.BIN
LDR: ! 
LDR: ! loader::init() failed: Broken file
LDR: ! *** sdk version: 0x360001
LDR: ! *** primary prio: 1001
LDR: ! *** primary stacksize: 0x40
LDR: ! *** malloc pagesize: 0x100000
LDR: ! *** ppc seg: 0x0
LDR: ! Imported function 'cellPadInit' in 'sys_io' module (0x9ccbe8)
LDR: ! Imported function 'cellKbGetConfiguration' in 'sys_io' module (0x9ccc08)
LDR: ! Imported function 'cellKbGetInfo' in 'sys_io' module (0x9ccc28)
LDR: ! Imported function 'cellKbInit' in 'sys_io' module (0x9ccc48)
LDR: ! Imported function 'cellKbCnvRawCode' in 'sys_io' module (0x9ccc68)
LDR: ! Imported function 'cellPadEnd' in 'sys_io' module (0x9ccc88)
LDR: ! Imported function 'cellPadSetPortSetting' in 'sys_io' module (0x9ccca8)
LDR: ! Imported function 'cellMouseGetInfo' in 'sys_io' module (0x9cccc8)
LDR: ! Imported function 'cellMouseGetDataList' in 'sys_io' module (0x9ccce8)
LDR: ! Imported function 'cellPadGetData' in 'sys_io' module (0x9ccd08)
LDR: ! Imported function 'cellKbSetCodeType' in 'sys_io' module (0x9ccd28)
LDR: ! Imported function 'cellPadGetInfo2' in 'sys_io' module (0x9ccd48)
LDR: ! Imported function 'cellKbEnd' in 'sys_io' module (0x9ccd68)
LDR: ! Imported function 'cellMouseInit' in 'sys_io' module (0x9ccd88)
LDR: ! Imported function 'cellKbSetReadMode' in 'sys_io' module (0x9ccda8)
LDR: ! Imported function 'cellMouseEnd' in 'sys_io' module (0x9ccdc8)
LDR: ! Imported function 'cellPadSetActDirect' in 'sys_io' module (0x9ccde8)
LDR: ! Imported function 'cellKbRead' in 'sys_io' module (0x9cce08)
LDR: ! Imported function 'cellFsRmdir' in 'sys_fs' module (0x9cce28)
LDR: ! Imported function 'cellFsClose' in 'sys_fs' module (0x9cce48)
LDR: ! Imported function 'cellFsOpendir' in 'sys_fs' module (0x9cce68)
LDR: ! Imported function 'cellFsRead' in 'sys_fs' module (0x9cce88)
LDR: ! Imported function 'cellFsReaddir' in 'sys_fs' module (0x9ccea8)
LDR: ! Imported function 'cellFsOpen' in 'sys_fs' module (0x9ccec8)
LDR: ! Imported function 'cellFsStat' in 'sys_fs' module (0x9ccee8)
LDR: ! Imported function 'cellFsUnlink' in 'sys_fs' module (0x9ccf08)
LDR: ! Imported function 'cellFsChmod' in 'sys_fs' module (0x9ccf28)
LDR: ! Imported function 'cellFsLseek' in 'sys_fs' module (0x9ccf48)
LDR: ! Imported function 'cellFsMkdir' in 'sys_fs' module (0x9ccf68)
LDR: ! Imported function 'cellFsWrite' in 'sys_fs' module (0x9ccf88)
LDR: ! Imported function 'cellFsFstat' in 'sys_fs' module (0x9ccfa8)
LDR: ! Imported function 'cellFsRename' in 'sys_fs' module (0x9ccfc8)
LDR: ! Imported function 'cellFsClosedir' in 'sys_fs' module (0x9ccfe8)
LDR: ! Imported function 'sys_net_initialize_network_ex' in 'sys_net' module (0x9cd008)
LDR: ! Imported function 'socketclose' in 'sys_net' module (0x9cd028)
LDR: ! Imported function 'setsockopt' in 'sys_net' module (0x9cd048)
LDR: ! Imported function 'socket' in 'sys_net' module (0x9cd068)
LDR: ! Imported function 'shutdown' in 'sys_net' module (0x9cd088)
LDR: ! Imported function 'bind' in 'sys_net' module (0x9cd0a8)
LDR: ! Imported function 'sys_net_finalize_network' in 'sys_net' module (0x9cd0c8)
LDR: ! Imported function 'cellNetCtlNetStartDialogLoadAsync' in 'cellNetCtl' module (0x9cd0e8)
LDR: ! Imported function 'cellNetCtlAddHandler' in 'cellNetCtl' module (0x9cd108)
LDR: ! Imported function 'cellNetCtlNetStartDialogUnloadAsync' in 'cellNetCtl' module (0x9cd128)
LDR: ! Imported function 'cellNetCtlTerm' in 'cellNetCtl' module (0x9cd148)
LDR: ! Imported function 'cellNetCtlGetInfo' in 'cellNetCtl' module (0x9cd168)
LDR: ! Imported function 'cellNetCtlGetState' in 'cellNetCtl' module (0x9cd188)
LDR: ! Imported function 'cellNetCtlDelHandler' in 'cellNetCtl' module (0x9cd1a8)
LDR: ! Imported function 'cellNetCtlInit' in 'cellNetCtl' module (0x9cd1c8)
LDR: ! Imported function 'cellRudpGetSizeReadable' in 'cellRudp' module (0x9cd1e8)
LDR: ! Imported function 'cellRudpSetOption' in 'cellRudp' module (0x9cd208)
LDR: ! Imported function 'cellRudpWrite' in 'cellRudp' module (0x9cd228)
LDR: ! Imported function 'cellRudpTerminate' in 'cellRudp' module (0x9cd248)
LDR: ! Imported function 'cellRudpInit' in 'cellRudp' module (0x9cd268)
LDR: ! Imported function 'cellRudpPollCreate' in 'cellRudp' module (0x9cd288)
LDR: ! Imported function 'cellRudpEnableInternalIOThread' in 'cellRudp' module (0x9cd2a8)
LDR: ! Imported function 'cellRudpGetContextStatus' in 'cellRudp' module (0x9cd2c8)
LDR: ! Imported function 'cellRudpCreateContext' in 'cellRudp' module (0x9cd2e8)
LDR: ! Imported function 'cellRudpSetEventHandler' in 'cellRudp' module (0x9cd308)
LDR: ! Imported function 'cellRudpPollDestroy' in 'cellRudp' module (0x9cd328)
LDR: ! Imported function 'cellRudpRead' in 'cellRudp' module (0x9cd348)
LDR: ! Imported function 'cellRudpPollControl' in 'cellRudp' module (0x9cd368)
LDR: ! Imported function 'cellRudpGetSizeWritable' in 'cellRudp' module (0x9cd388)
LDR: ! Imported function 'cellRudpEnd' in 'cellRudp' module (0x9cd3a8)
LDR: ! Imported function 'cellRudpInitiate' in 'cellRudp' module (0x9cd3c8)
LDR: ! Imported function 'cellRudpGetStatus' in 'cellRudp' module (0x9cd3e8)
LDR: ! Imported function 'cellRudpPollWait' in 'cellRudp' module (0x9cd408)
LDR: ! Imported function 'cellRudpBind' in 'cellRudp' module (0x9cd428)
LDR: ! Imported function 'cellRudpGetOption' in 'cellRudp' module (0x9cd448)
LDR: ! Imported function 'cellSysmoduleUnloadModule' in 'cellSysmodule' module (0x9cd468)
LDR: ! Imported function 'cellSysmoduleLoadModule' in 'cellSysmodule' module (0x9cd488)
LDR: ! Imported function 'cellSysutilAvc2GetPlayerInfo' in 'cellSysutilAvc2' module (0x9cd4a8)
LDR: ! Imported function 'cellSysutilAvc2JoinChat' in 'cellSysutilAvc2' module (0x9cd4c8)
LDR: ! Imported function 'cellSysutilAvc2StopStreaming' in 'cellSysutilAvc2' module (0x9cd4e8)
LDR: ! Imported function 'cellSysutilAvc2StartVoiceDetection' in 'cellSysutilAvc2' module (0x9cd508)
LDR: ! Imported function 'cellSysutilAvc2UnloadAsync' in 'cellSysutilAvc2' module (0x9cd528)
LDR: ! Imported function 'cellSysutilAvc2StopVoiceDetection' in 'cellSysutilAvc2' module (0x9cd548)
LDR: ! Imported function 'cellSysutilAvc2LoadAsync' in 'cellSysutilAvc2' module (0x9cd568)
LDR: ! Imported function 'cellSysutilAvc2SetStreamingTarget' in 'cellSysutilAvc2' module (0x9cd588)
LDR: ! Imported function 'cellSysutilAvc2Unload' in 'cellSysutilAvc2' module (0x9cd5a8)
LDR: ! Imported function 'cellSysutilAvc2JoinChatRequest' in 'cellSysutilAvc2' module (0x9cd5c8)
LDR: ! Imported function 'cellSysutilAvc2StartStreaming' in 'cellSysutilAvc2' module (0x9cd5e8)
LDR: ! Imported function 'cellSysutilAvc2InitParam' in 'cellSysutilAvc2' module (0x9cd608)
LDR: ! Imported function 'cellSysutilAvc2LeaveChatRequest' in 'cellSysutilAvc2' module (0x9cd628)
LDR: ! Imported function 'cellSysutilAvc2IsMicAttached' in 'cellSysutilAvc2' module (0x9cd648)
LDR: ! Imported function 'cellSysutilAvc2LeaveChat' in 'cellSysutilAvc2' module (0x9cd668)
LDR: ! Imported function 'cellSysutilAvc2Load' in 'cellSysutilAvc2' module (0x9cd688)
LDR: ! Imported function 'cellSysutilAvc2SetAttribute' in 'cellSysutilAvc2' module (0x9cd6a8)
LDR: ! Imported function 'cellGameGetParamString' in 'cellGame' module (0x9cd6c8)
LDR: ! Imported function 'cellGameContentPermit' in 'cellGame' module (0x9cd6e8)
LDR: ! Imported function 'cellGameContentErrorDialog' in 'cellGame' module (0x9cd708)
LDR: ! Imported function 'cellGameGetParamInt' in 'cellGame' module (0x9cd728)
LDR: ! Imported function 'cellGameBootCheck' in 'cellGame' module (0x9cd748)
LDR: ! Imported function 'sceNpBasicSendMessageGui' in 'sceNp' module (0x9cd768)
LDR: ! Imported function 'sceNpBasicGetFriendListEntry' in 'sceNp' module (0x9cd788)
LDR: ! Imported function 'sceNpScoreGetRankingByRangeAsync' in 'sceNp' module (0x9cd7a8)
LDR: ! Imported function 'sceNpScoreDestroyTitleCtx' in 'sceNp' module (0x9cd7c8)
LDR: ! Imported function 'sceNpDrmVerifyUpgradeLicense' in 'sceNp' module (0x9cd7e8)
LDR: ! Imported function 'sceNpManagerGetMyLanguages' in 'sceNp' module (0x9cd808)
LDR: ! Imported function 'sceNpScoreInit' in 'sceNp' module (0x9cd828)
LDR: ! Imported function 'sceNpManagerGetAvatarUrl' in 'sceNp' module (0x9cd848)
LDR: ! Imported function 'sceNpScoreGetRankingByNpIdAsync' in 'sceNp' module (0x9cd868)
LDR: ! Imported function 'sceNpBasicRegisterContextSensitiveHandler' in 'sceNp' module (0x9cd888)
LDR: ! Imported function 'sceNpTerm' in 'sceNp' module (0x9cd8a8)
LDR: ! Imported function 'sceNpManagerUnregisterCallback' in 'sceNp' module (0x9cd8c8)
LDR: ! Imported function 'sceNpBasicSetPresenceDetails2' in 'sceNp' module (0x9cd8e8)
LDR: ! Imported function 'sceNpSignalingCreateCtx' in 'sceNp' module (0x9cd908)
LDR: ! Imported function 'sceNpBasicRecvMessageAttachmentLoad' in 'sceNp' module (0x9cd928)
LDR: ! Imported function 'sceNpManagerGetContentRatingFlag' in 'sceNp' module (0x9cd948)
LDR: ! Imported function 'sceNpScoreCreateTransactionCtx' in 'sceNp' module (0x9cd968)
LDR: ! Imported function 'sceNpBasicRecvMessageCustom' in 'sceNp' module (0x9cd988)
LDR: ! Imported function 'sceNpScoreTerm' in 'sceNp' module (0x9cd9a8)
LDR: ! Imported function 'sceNpSignalingGetLocalNetInfo' in 'sceNp' module (0x9cd9c8)
LDR: ! Imported function 'sceNpScorePollAsync' in 'sceNp' module (0x9cd9e8)
LDR: ! Imported function 'sceNpManagerGetStatus' in 'sceNp' module (0x9cda08)
LDR: ! Imported function 'sceNpSignalingDestroyCtx' in 'sceNp' module (0x9cda28)
LDR: ! Imported function 'sceNpBasicUnregisterHandler' in 'sceNp' module (0x9cda48)
LDR: ! Imported function 'sceNpDrmIsAvailable' in 'sceNp' module (0x9cda68)
LDR: ! Imported function 'sceNpBasicGetFriendListEntryCount' in 'sceNp' module (0x9cda88)
LDR: ! Imported function 'sceNpManagerGetAccountRegion' in 'sceNp' module (0x9cdaa8)
LDR: ! Imported function 'sceNpScoreCreateTitleCtx' in 'sceNp' module (0x9cdac8)
LDR: ! Imported function 'sceNpInit' in 'sceNp' module (0x9cdae8)
LDR: ! Imported function 'sceNpManagerGetNetworkTime' in 'sceNp' module (0x9cdb08)
LDR: ! Imported function 'sceNpManagerGetOnlineId' in 'sceNp' module (0x9cdb28)
LDR: ! Imported function 'sceNpScoreDestroyTransactionCtx' in 'sceNp' module (0x9cdb48)
LDR: ! Imported function 'sceNpProfileCallGui' in 'sceNp' module (0x9cdb68)
LDR: ! Imported function 'sceNpScoreGetGameDataAsync' in 'sceNp' module (0x9cdb88)
LDR: ! Imported function 'sceNpBasicGetEvent' in 'sceNp' module (0x9cdba8)
LDR: ! Imported function 'sceNpManagerRegisterCallback' in 'sceNp' module (0x9cdbc8)
LDR: ! Imported function 'sceNpManagerGetChatRestrictionFlag' in 'sceNp' module (0x9cdbe8)
LDR: ! Imported function 'sceNpScoreAbortTransaction' in 'sceNp' module (0x9cdc08)
LDR: ! Imported function 'sceNpFriendlist' in 'sceNp' module (0x9cdc28)
LDR: ! Imported function 'sceNpScoreRecordScoreAsync' in 'sceNp' module (0x9cdc48)
LDR: ! Imported function 'sceNpManagerGetOnlineName' in 'sceNp' module (0x9cdc68)
LDR: ! Imported function 'sceNpUtilCmpNpIdInOrder' in 'sceNp' module (0x9cdc88)
LDR: ! Imported function 'sceNpScoreRecordGameDataAsync' in 'sceNp' module (0x9cdca8)
LDR: ! Imported function 'sceNpManagerGetNpId' in 'sceNp' module (0x9cdcc8)
LDR: ! Imported function 'sceNpTrophyRegisterContext' in 'sceNpTrophy' module (0x9cdce8)
LDR: ! Imported function 'sceNpTrophyCreateHandle' in 'sceNpTrophy' module (0x9cdd08)
LDR: ! Imported function 'sceNpTrophyGetRequiredDiskSpace' in 'sceNpTrophy' module (0x9cdd28)
LDR: ! Imported function 'sceNpTrophyDestroyContext' in 'sceNpTrophy' module (0x9cdd48)
LDR: ! Imported function 'sceNpTrophyInit' in 'sceNpTrophy' module (0x9cdd68)
LDR: ! Imported function 'sceNpTrophyDestroyHandle' in 'sceNpTrophy' module (0x9cdd88)
LDR: ! Imported function 'sceNpTrophyUnlockTrophy' in 'sceNpTrophy' module (0x9cdda8)
LDR: ! Imported function 'sceNpTrophyTerm' in 'sceNpTrophy' module (0x9cddc8)
LDR: ! Imported function 'sceNpTrophyCreateContext' in 'sceNpTrophy' module (0x9cdde8)
LDR: ! Imported function 'sceNpMatching2DestroyContext' in 'sceNp2' module (0x9cde08)
LDR: ! Imported function 'sceNpMatching2RegisterLobbyMessageCallback' in 'sceNp2' module (0x9cde28)
LDR: ! Imported function 'sceNpMatching2GetWorldInfoList' in 'sceNp2' module (0x9cde48)
LDR: ! Imported function 'sceNpMatching2RegisterLobbyEventCallback' in 'sceNp2' module (0x9cde68)
LDR: ! Imported function 'sceNpMatching2SearchRoom' in 'sceNp2' module (0x9cde88)
LDR: ! Imported function 'sceNpMatching2SignalingGetConnectionStatus' in 'sceNp2' module (0x9cdea8)
LDR: ! Imported function 'sceNpMatching2LeaveRoom' in 'sceNp2' module (0x9cdec8)
LDR: ! Imported function 'sceNpMatching2Term2' in 'sceNp2' module (0x9cdee8)
LDR: ! Imported function 'sceNpMatching2SignalingGetConnectionInfo' in 'sceNp2' module (0x9cdf08)
LDR: ! Imported function 'sceNpMatching2AbortRequest' in 'sceNp2' module (0x9cdf28)
LDR: ! Imported function 'sceNpMatching2GetServerInfo' in 'sceNp2' module (0x9cdf48)
LDR: ! Imported function 'sceNpMatching2GetEventData' in 'sceNp2' module (0x9cdf68)
LDR: ! Imported function 'sceNpMatching2GetRoomSlotInfoLocal' in 'sceNp2' module (0x9cdf88)
LDR: ! Imported function 'sceNp2Init' in 'sceNp2' module (0x9cdfa8)
LDR: ! Imported function 'sceNpMatching2GetRoomMemberIdListLocal' in 'sceNp2' module (0x9cdfc8)
LDR: ! Imported function 'sceNpMatching2JoinRoom' in 'sceNp2' module (0x9cdfe8)
LDR: ! Imported function 'sceNpMatching2KickoutRoomMember' in 'sceNp2' module (0x9ce008)
LDR: ! Imported function 'sceNpMatching2ContextStartAsync' in 'sceNp2' module (0x9ce028)
LDR: ! Imported function 'sceNpMatching2RegisterContextCallback' in 'sceNp2' module (0x9ce048)
LDR: ! Imported function 'sceNpMatching2SetRoomDataInternal' in 'sceNp2' module (0x9ce068)
LDR: ! Imported function 'sceNpMatching2SignalingGetPingInfo' in 'sceNp2' module (0x9ce088)
LDR: ! Imported function 'sceNpMatching2GetServerIdListLocal' in 'sceNp2' module (0x9ce0a8)
LDR: ! Imported function 'sceNpMatching2CreateContext' in 'sceNp2' module (0x9ce0c8)
LDR: ! Imported function 'sceNpMatching2RegisterSignalingCallback' in 'sceNp2' module (0x9ce0e8)
LDR: ! Imported function 'sceNpMatching2ClearEventData' in 'sceNp2' module (0x9ce108)
LDR: ! Imported function 'sceNp2Term' in 'sceNp2' module (0x9ce128)
LDR: ! Imported function 'sceNpMatching2SetRoomMemberDataInternal' in 'sceNp2' module (0x9ce148)
LDR: ! Imported function 'sceNpMatching2SetDefaultRequestOptParam' in 'sceNp2' module (0x9ce168)
LDR: ! Imported function 'sceNpMatching2RegisterRoomEventCallback' in 'sceNp2' module (0x9ce188)
LDR: ! Imported function 'sceNpMatching2CreateJoinRoom' in 'sceNp2' module (0x9ce1a8)
LDR: ! Imported function 'sceNpMatching2ContextStop' in 'sceNp2' module (0x9ce1c8)
LDR: ! Imported function 'sceNpMatching2Init2' in 'sceNp2' module (0x9ce1e8)
LDR: ! Imported function 'sceNpMatching2RegisterRoomMessageCallback' in 'sceNp2' module (0x9ce208)
LDR: ! Imported function 'cellSysutilUnregisterCallback' in 'cellSysutil' module (0x9ce228)
LDR: ! Imported function 'cellSysutilCheckCallback' in 'cellSysutil' module (0x9ce248)
LDR: ! Imported function 'cellMsgDialogOpenErrorCode' in 'cellSysutil' module (0x9ce268)
LDR: ! Imported function 'cellSysutilGetSystemParamInt' in 'cellSysutil' module (0x9ce288)
LDR: ! Imported function 'cellAudioOutConfigure' in 'cellSysutil' module (0x9ce2a8)
LDR: ! Imported function 'cellVideoOutGetNumberOfDevice' in 'cellSysutil' module (0x9ce2c8)
LDR: ! Imported function 'cellMsgDialogOpen2' in 'cellSysutil' module (0x9ce2e8)
LDR: ! Imported function 'cellVideoOutGetState' in 'cellSysutil' module (0x9ce308)
LDR: ! Imported function 'cellSaveDataAutoSave2' in 'cellSysutil' module (0x9ce328)
LDR: ! Imported function 'cellSysutilRegisterCallback' in 'cellSysutil' module (0x9ce348)
LDR: ! Imported function 'cellAudioOutSetCopyControl' in 'cellSysutil' module (0x9ce368)
LDR: ! Imported function 'cellVideoOutGetResolution' in 'cellSysutil' module (0x9ce388)
LDR: ! Imported function 'cellSaveDataEnableOverlay' in 'cellSysutil' module (0x9ce3a8)
LDR: ! Imported function 'cellSaveDataDelete2' in 'cellSysutil' module (0x9ce3c8)
LDR: ! Imported function 'cellSaveDataAutoLoad2' in 'cellSysutil' module (0x9ce3e8)
LDR: ! Imported function 'cellAudioOutGetDeviceInfo' in 'cellSysutil' module (0x9ce868)
LDR: ! Imported function 'cellAudioOutGetSoundAvailability' in 'cellSysutil' module (0x9ce888)
LDR: ! Imported function 'cellAudioOutGetNumberOfDevice' in 'cellSysutil' module (0x9ce8a8)
LDR: ! Imported function 'cellAudioOutGetConfiguration' in 'cellSysutil' module (0x9ce8c8)
LDR: ! Imported function 'cellAudioOutGetState' in 'cellSysutil' module (0x9ce8e8)
LDR: ! Imported function 'cellRescGcmSurface2RescSrc' in 'cellResc' module (0x9ce408)
LDR: ! Imported function 'cellRescSetWaitFlip' in 'cellResc' module (0x9ce428)
LDR: ! Imported function 'cellRescSetDsts' in 'cellResc' module (0x9ce448)
LDR: ! Imported function 'cellRescAdjustAspectRatio' in 'cellResc' module (0x9ce468)
LDR: ! Imported function 'cellRescSetDisplayMode' in 'cellResc' module (0x9ce488)
LDR: ! Imported function 'cellRescSetConvertAndFlip' in 'cellResc' module (0x9ce4a8)
LDR: ! Imported function 'cellRescExit' in 'cellResc' module (0x9ce4c8)
LDR: ! Imported function 'cellRescSetFlipHandler' in 'cellResc' module (0x9ce4e8)
LDR: ! Imported function 'cellRescInit' in 'cellResc' module (0x9ce508)
LDR: ! Imported function 'cellRescGetBufferSize' in 'cellResc' module (0x9ce528)
LDR: ! Imported function 'cellRescSetSrc' in 'cellResc' module (0x9ce548)
LDR: ! Imported function 'cellRescSetBufferAddress' in 'cellResc' module (0x9ce568)
LDR: ! Imported function 'cellRescVideoOutResolutionId2RescBufferMode' in 'cellResc' module (0x9ce588)
LDR: ! Imported function 'cellGcmGetTiledPitchSize' in 'cellGcmSys' module (0x9ce5a8)
LDR: ! Imported function 'cellGcmAddressToOffset' in 'cellGcmSys' module (0x9ce5c8)
LDR: ! Imported function 'cellGcmBindTile' in 'cellGcmSys' module (0x9ce5e8)
LDR: ! Imported function 'cellGcmSetTileInfo' in 'cellGcmSys' module (0x9ce608)
LDR: ! Imported function 'cellGcmGetConfiguration' in 'cellGcmSys' module (0x9ce628)
LDR: ! Imported function 'cellGcmGetLabelAddress' in 'cellGcmSys' module (0x9ce648)
LDR: ! Imported function '_cellGcmInitBody' in 'cellGcmSys' module (0x9ce908)
LDR: ! Imported function '_cellGcmFunc15' in 'cellGcmSys' module (0x9ce928)
LDR: ! Imported function 'cellGcmGetDefaultCommandWordSize' in 'cellGcmSys' module (0x9ce948)
LDR: ! Imported function 'cellGcmGetDefaultSegmentWordSize' in 'cellGcmSys' module (0x9ce968)
LDR: ! Imported function 'cellGcmSetDefaultFifoSize' in 'cellGcmSys' module (0x9ce988)
LDR: ! Imported function 'cellGcmGetControlRegister' in 'cellGcmSys' module (0x9ce9a8)
LDR: ! Imported function 'cellAudioInit' in 'cellAudio' module (0x9ce668)
LDR: ! Imported function 'cellAudioPortStop' in 'cellAudio' module (0x9ce688)
LDR: ! Imported function 'cellAudioGetPortConfig' in 'cellAudio' module (0x9ce6a8)
LDR: ! Imported function 'cellAudioPortStart' in 'cellAudio' module (0x9ce6c8)
LDR: ! Imported function 'cellAudioQuit' in 'cellAudio' module (0x9ce6e8)
LDR: ! Imported function 'cellAudioPortOpen' in 'cellAudio' module (0x9ce708)
LDR: ! Imported function 'cellAudioPortClose' in 'cellAudio' module (0x9ce9c8)
LDR: ! Imported function 'cellSpursEventFlagDetachLv2EventQueue' in 'cellSpurs' module (0x9ce728)
LDR: ! Imported function 'cellSpursEventFlagWait' in 'cellSpurs' module (0x9ce748)
LDR: ! Imported function 'cellSpursDetachLv2EventQueue' in 'cellSpurs' module (0x9ce768)
LDR: ! Imported function 'cellSpursJoinTaskset' in 'cellSpurs' module (0x9ce788)
LDR: ! Imported function 'cellSpursShutdownTaskset' in 'cellSpurs' module (0x9ce7a8)
LDR: ! Imported function 'cellSpursAttachLv2EventQueue' in 'cellSpurs' module (0x9ce7c8)
LDR: ! Imported function '_cellSpursSendSignal' in 'cellSpurs' module (0x9ce7e8)
LDR: ! Imported function 'sceNpCommerce2Init' in 'sceNpCommerce2' module (0x9ce808)
LDR: ! Imported function 'sceNpCommerce2Term' in 'sceNpCommerce2' module (0x9ce828)
LDR: ! Imported function 'sceNpCommerce2ExecuteStoreBrowse' in 'sceNpCommerce2' module (0x9ce848)
LDR: ! Imported function 'sys_lwmutex_lock' in 'sysPrxForUser' module (0x9ce9e8)
LDR: ! Imported function 'sys_lwmutex_unlock' in 'sysPrxForUser' module (0x9cea08)
LDR: ! Imported function 'sys_ppu_thread_create' in 'sysPrxForUser' module (0x9cea28)
LDR: ! Imported function 'sys_prx_load_module' in 'sysPrxForUser' module (0x9cea48)
LDR: ! Imported function '_sys_process_atexitspawn' in 'sysPrxForUser' module (0x9cea68)
LDR: ! Imported function 'sys_lwmutex_create' in 'sysPrxForUser' module (0x9cea88)
LDR: ! Imported function 'sys_ppu_thread_get_id' in 'sysPrxForUser' module (0x9ceaa8)
LDR: ! Imported function 'sys_prx_register_library' in 'sysPrxForUser' module (0x9ceac8)
LDR: ! Imported function '_sys_spu_printf_initialize' in 'sysPrxForUser' module (0x9ceae8)
LDR: ! Imported function 'sys_game_process_exitspawn2' in 'sysPrxForUser' module (0x9ceb08)
LDR: ! Imported function 'sys_initialize_tls' in 'sysPrxForUser' module (0x9ceb28)
LDR: ! Imported function 'sys_prx_stop_module' in 'sysPrxForUser' module (0x9ceb48)
LDR: ! Imported function 'sys_time_get_system_time' in 'sysPrxForUser' module (0x9ceb68)
LDR: ! Imported function '_sys_process_at_Exitspawn' in 'sysPrxForUser' module (0x9ceb88)
LDR: ! Imported function 'sys_prx_start_module' in 'sysPrxForUser' module (0x9ceba8)
LDR: ! Imported function 'sys_prx_exitspawn_with_level' in 'sysPrxForUser' module (0x9cebc8)
LDR: ! Imported function 'sys_ppu_thread_once' in 'sysPrxForUser' module (0x9cebe8)
LDR: ! Imported function 'sys_lwmutex_trylock' in 'sysPrxForUser' module (0x9cec08)
LDR: ! Imported function 'sys_ppu_thread_exit' in 'sysPrxForUser' module (0x9cec28)
LDR: ! Imported function 'sys_lwmutex_destroy' in 'sysPrxForUser' module (0x9cec48)
LDR: ! Imported function 'sys_prx_unregister_library' in 'sysPrxForUser' module (0x9cec68)
LDR: ! Imported function '_sys_spu_printf_finalize' in 'sysPrxForUser' module (0x9cec88)
LDR: ! Imported function 'sys_spu_image_close' in 'sysPrxForUser' module (0x9ceca8)
LDR: ! Imported function 'sys_process_exit' in 'sysPrxForUser' module (0x9cecc8)
LDR: ! Imported function 'sys_spu_image_import' in 'sysPrxForUser' module (0x9cece8)
LDR: ! Imported function 'sys_prx_unload_module' in 'sysPrxForUser' module (0x9ced08)
MEM: ! Thread Local Storage initialized (g_tls_start=0xd05000, user_size=0x2ac)
*** TLS segment addr: 0x00b77490
*** TLS segment size: 0x00000008
G: ! {PPU[0x1] Thread (main_thread)[0x00010240]} Registers:
=========
GPR[0] = 0x10230
GPR[1] = 0xd0000000
GPR[2] = 0xb70e60
GPR[3] = 0x1
GPR[4] = 0xb1b000
GPR[5] = 0xb1a000
GPR[6] = 0x0
GPR[7] = 0x0
GPR[8] = 0x0
GPR[9] = 0x0
GPR[10] = 0x0
GPR[11] = 0xb19000
GPR[12] = 0x100000
GPR[13] = 0xd0c030
GPR[14] = 0x1
GPR[15] = 0xb1b000
GPR[16] = 0xb1a000
GPR[17] = 0x0
GPR[18] = 0xb19000
GPR[19] = 0x100000
GPR[20] = 0x0
GPR[21] = 0x0
GPR[22] = 0x0
GPR[23] = 0x0
GPR[24] = 0x0
GPR[25] = 0x0
GPR[26] = 0x0
GPR[27] = 0x0
GPR[28] = 0x0
GPR[29] = 0x0
GPR[30] = 0x0
GPR[31] = 0x0
FPR[0] = 0
FPR[1] = 0
FPR[2] = 0
FPR[3] = 0
FPR[4] = 0
FPR[5] = 0
FPR[6] = 0
FPR[7] = 0
FPR[8] = 0
FPR[9] = 0
FPR[10] = 0
FPR[11] = 0
FPR[12] = 0
FPR[13] = 0
FPR[14] = 0
FPR[15] = 0
FPR[16] = 0
FPR[17] = 0
FPR[18] = 0
FPR[19] = 0
FPR[20] = 0
FPR[21] = 0
FPR[22] = 0
FPR[23] = 0
FPR[24] = 0
FPR[25] = 0
FPR[26] = 0
FPR[27] = 0
FPR[28] = 0
FPR[29] = 0
FPR[30] = 0
FPR[31] = 0
VPR[0] = 0x00000000000000000000000000000000 [x: 0 y: 0 z: 0 w: 0]
VPR[1] = 0x00000000000000000000000000000000 [x: 0 y: 0 z: 0 w: 0]
VPR[2] = 0x000000000242e120000000003f800000 [x: 0 y: 1.43175e-37 z: 0 w: 1]
VPR[3] = 0x00000000000000000000000000000000 [x: 0 y: 0 z: 0 w: 0]
VPR[4] = 0x00000000000000000000000000000000 [x: 0 y: 0 z: 0 w: 0]
VPR[5] = 0x00000000000000080000000000000007 [x: 0 y: 1.12104e-44 z: 0 w: 9.80909e-45]
VPR[6] = 0x00000002013effa00000000000000ab8 [x: 2.8026e-45 y: 3.50809e-38 z: 0 w: 3.84516e-42]
VPR[7] = 0x00000000000000000000000000000000 [x: 0 y: 0 z: 0 w: 0]
VPR[8] = 0x00000000000000000000000000000000 [x: 0 y: 0 z: 0 w: 0]
VPR[9] = 0x000000000242e4a0000000003f800000 [x: 0 y: 1.43185e-37 z: 0 w: 1]
VPR[10] = 0x00000000000000000000000000000000 [x: 0 y: 0 z: 0 w: 0]
VPR[11] = 0x00000000000000000000000000000000 [x: 0 y: 0 z: 0 w: 0]
VPR[12] = 0x00000000000000080000000000000007 [x: 0 y: 1.12104e-44 z: 0 w: 9.80909e-45]
VPR[13] = 0x00000002013effb00000000000000ab9 [x: 2.8026e-45 y: 3.50809e-38 z: 0 w: 3.84656e-42]
VPR[14] = 0x00000000000000000000000000000000 [x: 0 y: 0 z: 0 w: 0]
VPR[15] = 0x00000000000000000000000000000000 [x: 0 y: 0 z: 0 w: 0]
VPR[16] = 0x000000000242e8e0000000003f800000 [x: 0 y: 1.43197e-37 z: 0 w: 1]
VPR[17] = 0x00000000000000000000000000000000 [x: 0 y: 0 z: 0 w: 0]
VPR[18] = 0x00000000000000000000000000000000 [x: 0 y: 0 z: 0 w: 0]
VPR[19] = 0x00000000000000080000000000000007 [x: 0 y: 1.12104e-44 z: 0 w: 9.80909e-45]
VPR[20] = 0x00000002013effc80000000000000aba [x: 2.8026e-45 y: 3.5081e-38 z: 0 w: 3.84797e-42]
VPR[21] = 0x00000000000000000000000000000000 [x: 0 y: 0 z: 0 w: 0]
VPR[22] = 0x00000000000000000000000000000000 [x: 0 y: 0 z: 0 w: 0]
VPR[23] = 0x000000000242e880000000003f800000 [x: 0 y: 1.43196e-37 z: 0 w: 1]
VPR[24] = 0x00000000000000000000000000000000 [x: 0 y: 0 z: 0 w: 0]
VPR[25] = 0x00000000000000000000000000000000 [x: 0 y: 0 z: 0 w: 0]
VPR[26] = 0x00000000000000080000000000000007 [x: 0 y: 1.12104e-44 z: 0 w: 9.80909e-45]
VPR[27] = 0x00000002013effe00000000000000abb [x: 2.8026e-45 y: 3.50811e-38 z: 0 w: 3.84937e-42]
VPR[28] = 0x00000000000000000000000000000000 [x: 0 y: 0 z: 0 w: 0]
VPR[29] = 0x00000000000000000000000000000000 [x: 0 y: 0 z: 0 w: 0]
VPR[30] = 0x000000000242e5e0000000003f800000 [x: 0 y: 1.43188e-37 z: 0 w: 1]
VPR[31] = 0x00000000000000000000000000000000 [x: 0 y: 0 z: 0 w: 0]
CR = 0x22000082
LR = 0xb19058
CTR = 0x10230
XER = 0x0 [CA=0 | OV=8589934592 | SO=0]
FPSCR = 0x0 [RN=0 | NI=0 | XE=0 | ZE=0 | UE=0 | OE=0 | VE=0 | VXCVI=0 | VXSQRT=0 | VXSOFT=0 | FPRF=0 | FI=0 | FR=0 | VXVC=0 | VXIMZ=0 | VXZDZ=0 | VXIDI=0 | VXISI=0 | VXSNAN=0 | XX=0 | ZX=0 | UX=0 | OX=0 | VX=0 | FEX=0 | FX=0]

G: E {PPU[0x1] Thread (main_thread)[0x00010240]} Exception: Access violation writing location 0xcfffff90
(in file ..\Utilities\Thread.cpp:1122, in function _se_translator)
G: ! Stopping emulator...
G: ! All threads signaled...
G: ! {PPU[0x2] Thread (Callback Thread)[0x00000000]} Thread aborted
G: ! All threads stopped...
G: ! Objects cleared...
G: ! Stopping emulator...
