HLE: ! path: /dev_hdd0/game/
LDR: E PSFLoader::Load() failed: unknown magic (0x0)
LDR: ! Loading 'D:/Emulateurs/Rpcs3/dev_hdd0/game/NPEB00527/USRDIR/BOOT.BIN'...
G: W fs::file::open('D:/Emulateurs/Rpcs3/dev_hdd0/game/NPEB00527/dev_bdvd.path', 0x1) failed: error 0x2
LDR: !  
LDR: ! Mount info:
LDR: ! /dev_usb000/ -> D:/Emulateurs/Rpcs3/dev_usb000/
LDR: ! /dev_flash/ -> D:/Emulateurs/Rpcs3/dev_flash/
LDR: ! /host_root/ -> 
LDR: ! /dev_hdd0/ -> D:/Emulateurs/Rpcs3/dev_hdd0/
LDR: ! /dev_hdd1/ -> D:/Emulateurs/Rpcs3/dev_hdd1/
LDR: ! /dev_usb/ -> D:/Emulateurs/Rpcs3/dev_usb000/
LDR: !  
LDR: ! Title: Tom Clancy's™ Splinter Cell® HD
LDR: ! Serial: NPEB00527
LDR: ! Elf path: /dev_hdd0/game/NPEB00527/USRDIR/BOOT.BIN
LDR: ! loader::init() failed: Broken file
MEM: ! Initializing memory: g_base_addr = 0xe7b7bd0000, g_priv_addr = 0xe8b7bd0000
MEM: ! Memory initialized.
LDR: ! Imported function 'cellPadInit' in 'sys_io' module (0x4bfe20)
LDR: ! Imported function 'cellPadEnd' in 'sys_io' module (0x4bfe40)
LDR: ! Imported function 'cellPadSetPortSetting' in 'sys_io' module (0x4bfe60)
LDR: ! Imported function 'cellPadGetData' in 'sys_io' module (0x4bfe80)
LDR: ! Imported function 'cellPadGetInfo2' in 'sys_io' module (0x4bfea0)
LDR: ! Imported function 'cellPadSetActDirect' in 'sys_io' module (0x4bfec0)
LDR: ! Imported function 'sys_lwmutex_lock' in 'sysPrxForUser' module (0x4bfee0)
LDR: ! Imported function 'sys_lwmutex_unlock' in 'sysPrxForUser' module (0x4bff00)
LDR: ! Imported function 'sys_ppu_thread_create' in 'sysPrxForUser' module (0x4bff20)
LDR: ! Imported function '_sys_process_atexitspawn' in 'sysPrxForUser' module (0x4bff40)
LDR: ! Imported function 'sys_lwmutex_create' in 'sysPrxForUser' module (0x4bff60)
LDR: ! Imported function 'sys_ppu_thread_get_id' in 'sysPrxForUser' module (0x4bff80)
LDR: ! Imported function 'sys_prx_register_library' in 'sysPrxForUser' module (0x4bffa0)
LDR: ! Imported function 'sys_initialize_tls' in 'sysPrxForUser' module (0x4bffc0)
LDR: ! Imported function 'sys_time_get_system_time' in 'sysPrxForUser' module (0x4bffe0)
LDR: ! Imported function '_sys_process_at_Exitspawn' in 'sysPrxForUser' module (0x4c0000)
LDR: ! Imported function 'sys_prx_exitspawn_with_level' in 'sysPrxForUser' module (0x4c0020)
LDR: ! Imported function 'sys_ppu_thread_exit' in 'sysPrxForUser' module (0x4c0040)
LDR: ! Imported function 'sys_lwmutex_destroy' in 'sysPrxForUser' module (0x4c0060)
LDR: ! Imported function 'sys_spu_image_close' in 'sysPrxForUser' module (0x4c0080)
LDR: ! Imported function 'sys_process_exit' in 'sysPrxForUser' module (0x4c00a0)
LDR: ! Imported function 'sys_spu_image_import' in 'sysPrxForUser' module (0x4c0da0)
LDR: ! Imported function 'sys_lwmutex_trylock' in 'sysPrxForUser' module (0x4c1140)
LDR: ! Imported function 'cellFsRmdir' in 'sys_fs' module (0x4c00c0)
LDR: ! Imported function 'cellFsClose' in 'sys_fs' module (0x4c00e0)
LDR: ! Imported function 'cellFsOpendir' in 'sys_fs' module (0x4c0100)
LDR: ! Imported function 'cellFsRead' in 'sys_fs' module (0x4c0120)
LDR: ! Imported function 'cellFsReaddir' in 'sys_fs' module (0x4c0140)
LDR: ! Imported function 'cellFsOpen' in 'sys_fs' module (0x4c0160)
LDR: ! Imported function 'cellFsStat' in 'sys_fs' module (0x4c0180)
LDR: ! Imported function 'cellFsAioCancel' in 'sys_fs' module (0x4c01a0)
LDR: ! Imported function 'cellFsUnlink' in 'sys_fs' module (0x4c01c0)
LDR: ! Imported function 'cellFsLseek' in 'sys_fs' module (0x4c01e0)
LDR: ! Imported function 'cellFsMkdir' in 'sys_fs' module (0x4c0200)
LDR: ! Imported function 'cellFsAioRead' in 'sys_fs' module (0x4c0220)
LDR: ! Imported function 'cellFsWrite' in 'sys_fs' module (0x4c0240)
LDR: ! Imported function 'cellFsFstat' in 'sys_fs' module (0x4c0260)
LDR: ! Imported function 'cellFsClosedir' in 'sys_fs' module (0x4c0280)
LDR: ! Imported function 'cellFsSdataOpen' in 'sys_fs' module (0x4c0c20)
LDR: ! Imported function 'cellFsChmod' in 'sys_fs' module (0x4c1160)
LDR: ! Imported function 'cellFsAioFinish' in 'sys_fs' module (0x4c1180)
LDR: E Unimplemented function 'cellFsUtime' in 'sys_fs' module (0x4c11a0)
LDR: ! Imported function 'cellFsStReadFinish' in 'sys_fs' module (0x4c11c0)
LDR: ! Imported function 'cellFsAioInit' in 'sys_fs' module (0x4c11e0)
LDR: ! Imported function 'cellFsRename' in 'sys_fs' module (0x4c1200)
LDR: ! Imported function 'cellSysutilUnregisterCallback' in 'cellSysutil' module (0x4c02a0)
LDR: ! Imported function 'cellVideoOutConfigure' in 'cellSysutil' module (0x4c02c0)
LDR: ! Imported function 'cellSysutilCheckCallback' in 'cellSysutil' module (0x4c02e0)
LDR: ! Imported function 'cellMsgDialogClose' in 'cellSysutil' module (0x4c0300)
LDR: ! Imported function 'cellSysutilGetSystemParamInt' in 'cellSysutil' module (0x4c0320)
LDR: ! Imported function 'cellAudioOutConfigure' in 'cellSysutil' module (0x4c0340)
LDR: ! Imported function 'cellMsgDialogOpen2' in 'cellSysutil' module (0x4c0360)
LDR: ! Imported function 'cellVideoOutGetState' in 'cellSysutil' module (0x4c0380)
LDR: ! Imported function 'cellSaveDataAutoSave2' in 'cellSysutil' module (0x4c03a0)
LDR: ! Imported function 'cellSysutilRegisterCallback' in 'cellSysutil' module (0x4c03c0)
LDR: ! Imported function 'cellVideoOutGetResolutionAvailability' in 'cellSysutil' module (0x4c03e0)
LDR: ! Imported function 'cellAudioOutGetSoundAvailability' in 'cellSysutil' module (0x4c0400)
LDR: ! Imported function 'cellVideoOutGetResolution' in 'cellSysutil' module (0x4c0420)
LDR: ! Imported function 'cellSaveDataAutoLoad2' in 'cellSysutil' module (0x4c0440)
LDR: ! Imported function 'cellAudioOutGetState' in 'cellSysutil' module (0x4c0c40)
LDR: ! Imported function 'cellAudioOutGetDeviceInfo' in 'cellSysutil' module (0x4c0dc0)
LDR: ! Imported function 'cellAudioOutGetNumberOfDevice' in 'cellSysutil' module (0x4c0de0)
LDR: ! Imported function 'cellAudioOutGetConfiguration' in 'cellSysutil' module (0x4c0e00)
LDR: ! Imported function 'cellUserInfoGetStat' in 'cellUserInfo' module (0x4c0460)
LDR: ! Imported function 'cellSysmoduleUnloadModule' in 'cellSysmodule' module (0x4c0480)
LDR: ! Imported function 'cellSysmoduleLoadModule' in 'cellSysmodule' module (0x4c04a0)
LDR: ! Imported function 'cellSysmoduleIsLoaded' in 'cellSysmodule' module (0x4c1220)
LDR: ! Imported function 'cellGcmGetTiledPitchSize' in 'cellGcmSys' module (0x4c04c0)
LDR: ! Imported function 'cellGcmSetUserHandler' in 'cellGcmSys' module (0x4c04e0)
LDR: ! Imported function '_cellGcmInitBody' in 'cellGcmSys' module (0x4c0500)
LDR: ! Imported function '_cellGcmSetFlipCommand' in 'cellGcmSys' module (0x4c0520)
LDR: ! Imported function 'cellGcmAddressToOffset' in 'cellGcmSys' module (0x4c0540)
LDR: ! Imported function '_cellGcmFunc15' in 'cellGcmSys' module (0x4c0560)
LDR: ! Imported function 'cellGcmBindTile' in 'cellGcmSys' module (0x4c0580)
LDR: ! Imported function 'cellGcmSetFlipMode' in 'cellGcmSys' module (0x4c05a0)
LDR: ! Imported function 'cellGcmGetTimeStamp' in 'cellGcmSys' module (0x4c05c0)
LDR: ! Imported function 'cellGcmGetDefaultCommandWordSize' in 'cellGcmSys' module (0x4c05e0)
LDR: ! Imported function 'cellGcmGetFlipStatus' in 'cellGcmSys' module (0x4c0600)
LDR: ! Imported function 'cellGcmGetDefaultSegmentWordSize' in 'cellGcmSys' module (0x4c0620)
LDR: ! Imported function 'cellGcmGetReport' in 'cellGcmSys' module (0x4c0640)
LDR: ! Imported function 'cellGcmSetDefaultFifoSize' in 'cellGcmSys' module (0x4c0660)
LDR: ! Imported function 'cellGcmBindZcull' in 'cellGcmSys' module (0x4c0680)
LDR: ! Imported function 'cellGcmSetFlipHandler' in 'cellGcmSys' module (0x4c06a0)
LDR: ! Imported function 'cellGcmSetDisplayBuffer' in 'cellGcmSys' module (0x4c06c0)
LDR: ! Imported function 'cellGcmGetControlRegister' in 'cellGcmSys' module (0x4c06e0)
LDR: ! Imported function 'cellGcmUnbindZcull' in 'cellGcmSys' module (0x4c0700)
LDR: ! Imported function 'cellGcmSetVBlankHandler' in 'cellGcmSys' module (0x4c0720)
LDR: ! Imported function 'cellGcmResetFlipStatus' in 'cellGcmSys' module (0x4c0740)
LDR: ! Imported function 'cellGcmSetTileInfo' in 'cellGcmSys' module (0x4c0760)
LDR: ! Imported function '_cellGcmSetFlipCommandWithWaitLabel' in 'cellGcmSys' module (0x4c0780)
LDR: ! Imported function 'cellGcmUnbindTile' in 'cellGcmSys' module (0x4c07a0)
LDR: ! Imported function 'cellGcmGetConfiguration' in 'cellGcmSys' module (0x4c07c0)
LDR: ! Imported function 'cellGcmGetLabelAddress' in 'cellGcmSys' module (0x4c07e0)
LDR: W Unknown module 'cellSync'
LDR: ! Imported function 'cellSyncMutexLock' in 'cellSync' module (0x4c0800)
LDR: ! Imported function 'cellSyncMutexUnlock' in 'cellSync' module (0x4c0820)
LDR: ! Imported function 'cellSyncMutexInitialize' in 'cellSync' module (0x4c0840)
LDR: ! Imported function 'cellAudioInit' in 'cellAudio' module (0x4c0860)
LDR: ! Imported function 'cellAudioQuit' in 'cellAudio' module (0x4c0880)
LDR: ! Imported function 'cellAudioPortClose' in 'cellAudio' module (0x4c0c60)
LDR: ! Imported function 'cellAudioPortStop' in 'cellAudio' module (0x4c0c80)
LDR: ! Imported function 'cellAudioGetPortConfig' in 'cellAudio' module (0x4c0ca0)
LDR: ! Imported function 'cellAudioPortStart' in 'cellAudio' module (0x4c0cc0)
LDR: ! Imported function 'cellAudioPortOpen' in 'cellAudio' module (0x4c0ce0)
LDR: ! Imported function '_cellSpursTasksetAttributeInitialize' in 'cellSpurs' module (0x4c08a0)
LDR: ! Imported function 'cellSpursEventFlagDetachLv2EventQueue' in 'cellSpurs' module (0x4c08c0)
LDR: ! Imported function 'cellSpursEventFlagWait' in 'cellSpurs' module (0x4c08e0)
LDR: ! Imported function '_cellSpursEventFlagInitialize' in 'cellSpurs' module (0x4c0900)
LDR: ! Imported function 'cellSpursTasksetAttributeSetName' in 'cellSpurs' module (0x4c0920)
LDR: ! Imported function 'cellSpursEventFlagAttachLv2EventQueue' in 'cellSpurs' module (0x4c0940)
LDR: ! Imported function 'cellSpursJoinTaskset' in 'cellSpurs' module (0x4c0960)
LDR: ! Imported function 'cellSpursShutdownTaskset' in 'cellSpurs' module (0x4c0980)
LDR: ! Imported function 'cellSpursInitialize' in 'cellSpurs' module (0x4c09a0)
LDR: ! Imported function 'cellSpursCreateTasksetWithAttribute' in 'cellSpurs' module (0x4c09c0)
LDR: ! Imported function 'cellSpursFinalize' in 'cellSpurs' module (0x4c09e0)
LDR: ! Imported function '_cellSpursLFQueueInitialize' in 'cellSpurs' module (0x4c0d00)
LDR: ! Imported function 'cellSpursLFQueueAttachLv2EventQueue' in 'cellSpurs' module (0x4c0d20)
LDR: ! Imported function 'cellSpursLFQueueDetachLv2EventQueue' in 'cellSpurs' module (0x4c0d40)
LDR: ! Imported function '_cellSpursLFQueuePushBody' in 'cellSpurs' module (0x4c0d60)
LDR: ! Imported function 'cellSpursCreateTask' in 'cellSpurs' module (0x4c0d80)
LDR: ! Imported function 'cellSpursDetachLv2EventQueue' in 'cellSpurs' module (0x4c0e20)
LDR: ! Imported function 'cellSpursAttachLv2EventQueue' in 'cellSpurs' module (0x4c0e40)
LDR: ! Imported function '_cellSpursSendSignal' in 'cellSpurs' module (0x4c0e60)
LDR: ! Imported function 'sceNpTerm' in 'sceNp' module (0x4c0a00)
LDR: ! Imported function 'sceNpDrmIsAvailable' in 'sceNp' module (0x4c0a20)
LDR: ! Imported function 'sceNpInit' in 'sceNp' module (0x4c0a40)
LDR: ! Imported function 'sceNpTrophyRegisterContext' in 'sceNpTrophy' module (0x4c0a60)
LDR: ! Imported function 'sceNpTrophyCreateHandle' in 'sceNpTrophy' module (0x4c0a80)
LDR: ! Imported function 'sceNpTrophyGetRequiredDiskSpace' in 'sceNpTrophy' module (0x4c0aa0)
LDR: ! Imported function 'sceNpTrophyDestroyContext' in 'sceNpTrophy' module (0x4c0ac0)
LDR: ! Imported function 'sceNpTrophyInit' in 'sceNpTrophy' module (0x4c0ae0)
LDR: ! Imported function 'sceNpTrophyAbortHandle' in 'sceNpTrophy' module (0x4c0b00)
LDR: ! Imported function 'sceNpTrophyDestroyHandle' in 'sceNpTrophy' module (0x4c0b20)
LDR: ! Imported function 'sceNpTrophyUnlockTrophy' in 'sceNpTrophy' module (0x4c0b40)
LDR: ! Imported function 'sceNpTrophyTerm' in 'sceNpTrophy' module (0x4c0b60)
LDR: ! Imported function 'sceNpTrophyGetTrophyUnlockState' in 'sceNpTrophy' module (0x4c0b80)
LDR: ! Imported function 'sceNpTrophyCreateContext' in 'sceNpTrophy' module (0x4c0ba0)
LDR: W Unknown module 'cellSysutilAvconfExt'
LDR: ! Imported function 'cellVideoOutGetScreenSize' in 'cellSysutilAvconfExt' module (0x4c0bc0)
LDR: ! Imported function 'cellGameContentPermit' in 'cellGame' module (0x4c0be0)
LDR: ! Imported function 'cellGameBootCheck' in 'cellGame' module (0x4c0c00)
LDR: ! Imported function 'sys_net_initialize_network_ex' in 'sys_net' module (0x4c0e80)
LDR: ! Imported function 'getsockname' in 'sys_net' module (0x4c0ea0)
LDR: ! Imported function 'recvfrom' in 'sys_net' module (0x4c0ec0)
LDR: ! Imported function 'listen' in 'sys_net' module (0x4c0ee0)
LDR: ! Imported function 'socketselect' in 'sys_net' module (0x4c0f00)
LDR: ! Imported function 'getsockopt' in 'sys_net' module (0x4c0f20)
LDR: ! Imported function '_sys_net_errno_loc' in 'sys_net' module (0x4c0f40)
LDR: ! Imported function 'connect' in 'sys_net' module (0x4c0f60)
LDR: ! Imported function 'socketclose' in 'sys_net' module (0x4c0f80)
LDR: ! Imported function 'gethostbyname' in 'sys_net' module (0x4c0fa0)
LDR: ! Imported function 'inet_ntoa' in 'sys_net' module (0x4c0fc0)
LDR: ! Imported function 'setsockopt' in 'sys_net' module (0x4c0fe0)
LDR: ! Imported function 'sendto' in 'sys_net' module (0x4c1000)
LDR: ! Imported function 'socket' in 'sys_net' module (0x4c1020)
LDR: ! Imported function 'bind' in 'sys_net' module (0x4c1040)
LDR: ! Imported function 'sys_net_finalize_network' in 'sys_net' module (0x4c1060)
LDR: ! Imported function '_sys_net_h_errno_loc' in 'sys_net' module (0x4c1080)
LDR: ! Imported function 'accept' in 'sys_net' module (0x4c10a0)
LDR: ! Imported function 'inet_addr' in 'sys_net' module (0x4c10c0)
LDR: ! Imported function 'send' in 'sys_net' module (0x4c10e0)
LDR: ! Imported function 'gethostbyaddr' in 'sys_net' module (0x4c1100)
LDR: ! Imported function 'recv' in 'sys_net' module (0x4c1120)
LDR: ! Imported function 'cellNetCtlTerm' in 'cellNetCtl' module (0x4c1240)
LDR: ! Imported function 'cellNetCtlGetInfo' in 'cellNetCtl' module (0x4c1260)
LDR: ! Imported function 'cellNetCtlGetState' in 'cellNetCtl' module (0x4c1280)
LDR: ! Imported function 'cellNetCtlInit' in 'cellNetCtl' module (0x4c12a0)
LDR: ! Imported function 'cellRtcGetCurrentClockLocalTime' in 'cellRtc' module (0x4c12c0)
LDR: ! Imported function 'cellRtcGetDayOfWeek' in 'cellRtc' module (0x4c12e0)
HLE: ! sysPrxForUser: Thread Local Storage initialized (g_tls_start=0x7a0000, user_size=0x160)
*** TLS segment addr: 0x005a02d8
*** TLS segment size: 0x00000004
LDR: E 'BreakPoints.dat' is broken (version=0xd8c0, break_count=0x0, marked_count=0x93173968, length=0x6)
HLE: W {PPU[0x1] Thread (main_thread)[0x004bff60]} sysPrxForUser: sys_lwmutex_create(lwmutex=*0x74a738, attr=*0x4cc520)
HLE: W {PPU[0x1] Thread (main_thread)[0x002d1038]} sys_memory: sys_memory_get_user_memory_size(mem_info_addr=0xd000fc04)
HLE: W {PPU[0x1] Thread (main_thread)[0x004bff60]} sysPrxForUser: sys_lwmutex_create(lwmutex=*0x74a538, attr=*0x4cc520)
HLE: W {PPU[0x1] Thread (main_thread)[0x004bff60]} sysPrxForUser: sys_lwmutex_create(lwmutex=*0x749cc0, attr=*0x4cc520)
HLE: W {PPU[0x1] Thread (main_thread)[0x004bff60]} sysPrxForUser: sys_lwmutex_create(lwmutex=*0x749ce8, attr=*0x4cc520)
HLE: W {PPU[0x1] Thread (main_thread)[0x004bff60]} sysPrxForUser: sys_lwmutex_create(lwmutex=*0x749d10, attr=*0x4cc520)
HLE: W {PPU[0x1] Thread (main_thread)[0x004bff60]} sysPrxForUser: sys_lwmutex_create(lwmutex=*0x749bf8, attr=*0x4cc520)
HLE: W {PPU[0x1] Thread (main_thread)[0x004bff60]} sysPrxForUser: sys_lwmutex_create(lwmutex=*0x749c20, attr=*0x4cc520)
HLE: W {PPU[0x1] Thread (main_thread)[0x004bff60]} sysPrxForUser: sys_lwmutex_create(lwmutex=*0x749c48, attr=*0x4cc520)
HLE: W {PPU[0x1] Thread (main_thread)[0x004bff60]} sysPrxForUser: sys_lwmutex_create(lwmutex=*0x749c70, attr=*0x4cc520)
HLE: W {PPU[0x1] Thread (main_thread)[0x004bff60]} sysPrxForUser: sys_lwmutex_create(lwmutex=*0x749c98, attr=*0x4cc520)
HLE: W {PPU[0x1] Thread (main_thread)[0x004bff60]} sysPrxForUser: sys_lwmutex_create(lwmutex=*0x663238, attr=*0xd000fb80)
HLE: W {PPU[0x1] Thread (main_thread)[0x004bff60]} sysPrxForUser: sys_lwmutex_create(lwmutex=*0x662610, attr=*0xd000fb80)
HLE: W {PPU[0x1] Thread (main_thread)[0x004bff60]} sysPrxForUser: sys_lwmutex_create(lwmutex=*0x5bb760, attr=*0xd000fb60)
TTY: \n
TTY: [Loading Modutes - DEBUG_OUTPUT]\n
TTY: \n
TTY: [Loading Modutes - DEBUG_OUTPUT]\n
HLE: W {PPU[0x1] Thread (main_thread)[0x004c04a0]} cellSysmodule: cellSysmoduleLoadModule(id=0x0000: CELL_SYSMODULE_NET)
HLE: W {PPU[0x1] Thread (main_thread)[0x004c04a0]} cellSysmodule: cellSysmoduleLoadModule(id=0x0001: CELL_SYSMODULE_HTTP)
HLE: W {PPU[0x1] Thread (main_thread)[0x004c04a0]} cellSysmodule: cellSysmoduleLoadModule(id=0x0002: CELL_SYSMODULE_HTTP_UTIL)
HLE: W {PPU[0x1] Thread (main_thread)[0x004c04a0]} cellSysmodule: cellSysmoduleLoadModule(id=0x0003: CELL_SYSMODULE_SSL)
HLE: W {PPU[0x1] Thread (main_thread)[0x004c04a0]} cellSysmodule: cellSysmoduleLoadModule(id=0x0004: CELL_SYSMODULE_HTTPS)
HLE: W {PPU[0x1] Thread (main_thread)[0x004c04a0]} cellSysmodule: cellSysmoduleLoadModule(id=0x0005: CELL_SYSMODULE_VDEC)
HLE: W {PPU[0x1] Thread (main_thread)[0x004c04a0]} cellSysmodule: cellSysmoduleLoadModule(id=0x0006: CELL_SYSMODULE_ADEC)
HLE: W {PPU[0x1] Thread (main_thread)[0x004c04a0]} cellSysmodule: cellSysmoduleLoadModule(id=0x0007: CELL_SYSMODULE_DMUX)
HLE: W {PPU[0x1] Thread (main_thread)[0x004c04a0]} cellSysmodule: cellSysmoduleLoadModule(id=0x0008: CELL_SYSMODULE_VPOST)
HLE: W {PPU[0x1] Thread (main_thread)[0x004c04a0]} cellSysmodule: cellSysmoduleLoadModule(id=0x0009: CELL_SYSMODULE_RTC)
HLE: W {PPU[0x1] Thread (main_thread)[0x004c04a0]} cellSysmodule: cellSysmoduleLoadModule(id=0x000a: CELL_SYSMODULE_SPURS)
HLE: W {PPU[0x1] Thread (main_thread)[0x004c04a0]} cellSysmodule: cellSysmoduleLoadModule(id=0x000b: CELL_SYSMODULE_OVIS)
HLE: W {PPU[0x1] Thread (main_thread)[0x004c04a0]} cellSysmodule: cellSysmoduleLoadModule(id=0x000c: CELL_SYSMODULE_SHEAP)
HLE: W {PPU[0x1] Thread (main_thread)[0x004c04a0]} cellSysmodule: cellSysmoduleLoadModule(id=0x000d: CELL_SYSMODULE_SYNC)
HLE: W {PPU[0x1] Thread (main_thread)[0x004c04a0]} cellSysmodule: cellSysmoduleLoadModule(id=0x000e: CELL_SYSMODULE_FS)
HLE: W {PPU[0x1] Thread (main_thread)[0x004c04a0]} cellSysmodule: cellSysmoduleLoadModule(id=0x000f: CELL_SYSMODULE_JPGDEC)
HLE: W {PPU[0x1] Thread (main_thread)[0x004c04a0]} cellSysmodule: cellSysmoduleLoadModule(id=0x0010: CELL_SYSMODULE_GCM_SYS)
HLE: W {PPU[0x1] Thread (main_thread)[0x004c04a0]} cellSysmodule: cellSysmoduleLoadModule(id=0x0010: CELL_SYSMODULE_GCM_SYS)
HLE: W {PPU[0x1] Thread (main_thread)[0x004c04a0]} cellSysmodule: cellSysmoduleLoadModule(id=0x0011: CELL_SYSMODULE_AUDIO)
HLE: W {PPU[0x1] Thread (main_thread)[0x004c04a0]} cellSysmodule: cellSysmoduleLoadModule(id=0x0012: CELL_SYSMODULE_PAMF)
HLE: W {PPU[0x1] Thread (main_thread)[0x004c04a0]} cellSysmodule: cellSysmoduleLoadModule(id=0x0013: CELL_SYSMODULE_ATRAC3PLUS)
HLE: W {PPU[0x1] Thread (main_thread)[0x004c04a0]} cellSysmodule: cellSysmoduleLoadModule(id=0x0014: CELL_SYSMODULE_NETCTL)
HLE: W {PPU[0x1] Thread (main_thread)[0x004c04a0]} cellSysmodule: cellSysmoduleLoadModule(id=0x0015: CELL_SYSMODULE_SYSUTIL)
HLE: W {PPU[0x1] Thread (main_thread)[0x004c04a0]} cellSysmodule: cellSysmoduleLoadModule(id=0x0016: CELL_SYSMODULE_SYSUTIL_NP)
HLE: W {PPU[0x1] Thread (main_thread)[0x004c04a0]} cellSysmodule: cellSysmoduleLoadModule(id=0x0017: CELL_SYSMODULE_IO)
HLE: W {PPU[0x1] Thread (main_thread)[0x004c04a0]} cellSysmodule: cellSysmoduleLoadModule(id=0x0018: CELL_SYSMODULE_PNGDEC)
HLE: W {PPU[0x1] Thread (main_thread)[0x004c04a0]} cellSysmodule: cellSysmoduleLoadModule(id=0x0019: CELL_SYSMODULE_FONT)
HLE: W {PPU[0x1] Thread (main_thread)[0x004c04a0]} cellSysmodule: cellSysmoduleLoadModule(id=0x001a: CELL_SYSMODULE_FONTFT)
HLE: W {PPU[0x1] Thread (main_thread)[0x004c04a0]} cellSysmodule: cellSysmoduleLoadModule(id=0x001b: CELL_SYSMODULE_FREETYPE)
HLE: W {PPU[0x1] Thread (main_thread)[0x004c04a0]} cellSysmodule: cellSysmoduleLoadModule(id=0x001c: CELL_SYSMODULE_USBD)
HLE: W {PPU[0x1] Thread (main_thread)[0x004c04a0]} cellSysmodule: cellSysmoduleLoadModule(id=0x001d: CELL_SYSMODULE_SAIL)
HLE: W {PPU[0x1] Thread (main_thread)[0x004c04a0]} cellSysmodule: cellSysmoduleLoadModule(id=0x001e: CELL_SYSMODULE_L10N)
HLE: W {PPU[0x1] Thread (main_thread)[0x004c04a0]} cellSysmodule: cellSysmoduleLoadModule(id=0x001f: CELL_SYSMODULE_RESC)
HLE: W {PPU[0x1] Thread (main_thread)[0x004c04a0]} cellSysmodule: cellSysmoduleLoadModule(id=0x0020: CELL_SYSMODULE_DAISY)
HLE: W {PPU[0x1] Thread (main_thread)[0x004c04a0]} cellSysmodule: cellSysmoduleLoadModule(id=0x0015: CELL_SYSMODULE_SYSUTIL)
HLE: W {PPU[0x1] Thread (main_thread)[0x004c04a0]} cellSysmodule: cellSysmoduleLoadModule(id=0x003e: CELL_SYSMODULE_SYSUTIL_GAME)
HLE: W {PPU[0x1] Thread (main_thread)[0x004c04a0]} cellSysmodule: cellSysmoduleLoadModule(id=0x0032: CELL_SYSMODULE_SYSUTIL_USERINFO)
HLE: W {PPU[0x1] Thread (main_thread)[0x004c04a0]} cellSysmodule: cellSysmoduleLoadModule(id=0x0033: CELL_SYSMODULE_SYSUTIL_SAVEDATA)
HLE: W {PPU[0x1] Thread (main_thread)[0x004c04a0]} cellSysmodule: cellSysmoduleLoadModule(id=0x0037: CELL_SYSMODULE_SYSUTIL_GAME_EXEC)
HLE: W {PPU[0x1] Thread (main_thread)[0x004c04a0]} cellSysmodule: cellSysmoduleLoadModule(id=0x0038: CELL_SYSMODULE_SYSUTIL_NP2)
HLE: W {PPU[0x1] Thread (main_thread)[0x004c04a0]} cellSysmodule: cellSysmoduleLoadModule(id=0xf035: CELL_SYSMODULE_SYSUTIL_NP_TROPHY)
HLE: W {PPU[0x1] Thread (main_thread)[0x004c04a0]} cellSysmodule: cellSysmoduleLoadModule(id=0x0031: CELL_SYSMODULE_AVCONF_EXT)
TTY: arg[0] = /dev_hdd0/game/NPEB00527/USRDIR/BOOT.BIN\n
HLE: W {PPU[0x1] Thread (main_thread)[0x0001c204]} sys_memory: sys_memory_get_user_memory_size(mem_info_addr=0xd000faa0)
HLE: W {PPU[0x1] Thread (main_thread)[0x004bff60]} sysPrxForUser: sys_lwmutex_create(lwmutex=*0x20010028, attr=*0xd000fa90)
HLE: W {PPU[0x1] Thread (main_thread)[0x004c0320]} cellSysutil: cellSysutilGetSystemParamInt: CELL_SYSUTIL_SYSTEMPARAM_ID_LANG
HLE: W {PPU[0x1] Thread (main_thread)[0x004bfe20]} sys_io: cellPadInit(max_connect=7)
HLE: W {PPU[0x1] Thread (main_thread)[0x004bff20]} sysPrxForUser: sys_ppu_thread_create(thread_id=*0x20010048, entry=0x58b290, arg=0x20010020, prio=1000, stacksize=0x4000, flags=0x1, threadname=*0x4d5e80)
HLE: W {PPU[0x1] Thread (main_thread)[0x004bff20]} sys_ppu_thread: _sys_ppu_thread_create(thread_id=*0x20010048, param=*0xd000fa98, arg=0x20010020, unk=0x0, prio=1000, stacksize=0x4000, flags=0x1, threadname=*0x4d5e80)
HLE: W {PPU[0x1] Thread (main_thread)[0x004bff20]} sys_ppu_thread: sys_ppu_thread_start(thread_id=0x11)
TTY: \n
TTY: [Loading Saved Game Files]\n
HLE: W {PPU[0x1] Thread (main_thread)[0x004c0c00]} cellGame: cellGameBootCheck(type=*0xd000e610, attributes=*0xd000e614, size=*0xd000e618, dirName=*0xd000e628)
TTY: [PS3CertificationTool] --- Thread #17 is starting!\n
HLE: W {PPU[0x11] Thread (Certification Thread)[0x004c03c0]} cellSysutil: cellSysutilRegisterCallback(slot=0, func_addr=0x564dc8, userdata=0x0)
HLE: W {PPU[0x1] Thread (main_thread)[0x004c0be0]} cellGame: cellGameContentPermit(contentInfoPath=*0x5ec760, usrdirPath=*0x5ec7e0)
HLE: W {PPU[0x1] Thread (main_thread)[0x004c0be0]} cellGame: cellGameContentPermit(): path_set=1, contentInfo='/dev_hdd0/game/NPEB00527', usrdir='/dev_hdd0/game/NPEB00527/USRDIR'
HLE: W {PPU[0x1] Thread (main_thread)[0x004c0160]} cellFs: cellFsOpen(path=*0x5ed248, flags=0, fd=*0xd000e670, arg=*0x0, size=0x0) -> sys_fs_open()
HLE: W {PPU[0x1] Thread (main_thread)[0x004c0160]} sys_fs: sys_fs_open(path=*0x5ed248, flags=0, fd=*0xd000e670, mode=0, arg=*0x0, size=0x0)
HLE: W {PPU[0x1] Thread (main_thread)[0x004c0160]} sys_fs: *** path = '/dev_hdd0/game/NPEB00527/USRDIR/Data_SC/System/SplinterCellUser_def.ixx'
HLE: W {PPU[0x1] Thread (main_thread)[0x004c0260]} sys_fs: sys_fs_fstat(fd=0x12, sb=*0xd000e780)
HLE: W {PPU[0x1] Thread (main_thread)[0x004c0160]} cellFs: cellFsOpen(path=*0x20010320, flags=0, fd=*0xd000e630, arg=*0x0, size=0x0) -> sys_fs_open()
HLE: W {PPU[0x1] Thread (main_thread)[0x004c0160]} sys_fs: sys_fs_open(path=*0x20010320, flags=0, fd=*0xd000e630, mode=0, arg=*0x0, size=0x0)
HLE: W {PPU[0x1] Thread (main_thread)[0x004c0160]} sys_fs: *** path = '/dev_hdd0/game/NPEB00527/USRDIR/Data_SC/System/SplinterCellUser_def.ixx'
HLE: W {PPU[0x1] Thread (main_thread)[0x004c0160]} cellFs: cellFsOpen(path=*0x20010320, flags=0101, fd=*0xd000e640, arg=*0x0, size=0x0) -> sys_fs_open()
HLE: W {PPU[0x1] Thread (main_thread)[0x004c0160]} sys_fs: sys_fs_open(path=*0x20010320, flags=0101, fd=*0xd000e640, mode=0600, arg=*0x0, size=0x0)
HLE: W {PPU[0x1] Thread (main_thread)[0x004c0160]} sys_fs: *** path = '/dev_hdd0/game/NPEB00527/USRDIR/Data_SC/System/SplinterCellUser.ixx'
HLE: W {PPU[0x1] Thread (main_thread)[0x004c0160]} cellFs: cellFsOpen(path=*0x5ed248, flags=0, fd=*0xd000f610, arg=*0x0, size=0x0) -> sys_fs_open()
HLE: W {PPU[0x1] Thread (main_thread)[0x004c0160]} sys_fs: sys_fs_open(path=*0x5ed248, flags=0, fd=*0xd000f610, mode=0, arg=*0x0, size=0x0)
HLE: W {PPU[0x1] Thread (main_thread)[0x004c0160]} sys_fs: *** path = '/dev_hdd0/game/NPEB00527/USRDIR/Data_SC/System/USERINFO'
G: W {PPU[0x1] Thread (main_thread)[0x004c0160]} fs::file::open('D:/Emulateurs/Rpcs3/dev_hdd0/game/NPEB00527/USRDIR/Data_SC/System/USERINFO', 0x1) failed: error 0x2
HLE: E {PPU[0x1] Thread (main_thread)[0x004c0160]} sys_fs error: sys_fs_open('/dev_hdd0/game/NPEB00527/USRDIR/Data_SC/System/USERINFO'): failed to open file (flags=0, mode=0)
HLE: W {PPU[0x1] Thread (main_thread)[0x004c0460]} cellUserInfo: cellUserInfoGetStat(id=0, stat_addr=0xd000f88c)
HLE: W {PPU[0x1] Thread (main_thread)[0x004bff20]} sysPrxForUser: sys_ppu_thread_create(thread_id=*0xd000fbd0, entry=0x563e00, arg=0x200102e0, prio=500, stacksize=0x20000, flags=0x0, threadname=*0x4d3888)
HLE: W {PPU[0x1] Thread (main_thread)[0x004bff20]} sys_ppu_thread: _sys_ppu_thread_create(thread_id=*0xd000fbd0, param=*0xd000fb58, arg=0x200102e0, unk=0x0, prio=500, stacksize=0x20000, flags=0x0, threadname=*0x4d3888)
HLE: W {PPU[0x1] Thread (main_thread)[0x004bff20]} sys_ppu_thread: sys_ppu_thread_start(thread_id=0x15)
HLE: W {PPU[0x1] Thread (main_thread)[0x004bff20]} sysPrxForUser: sys_ppu_thread_create(thread_id=*0xd000fc40, entry=0x5583e8, arg=0x0, prio=1000, stacksize=0x10000, flags=0x0, threadname=*0x4cce18)
HLE: W {PPU[0x15] Thread (SaveInitThread)[0x004c0320]} cellSysutil: cellSysutilGetSystemParamInt: CELL_SYSUTIL_SYSTEMPARAM_ID_LANG
HLE: W {PPU[0x1] Thread (main_thread)[0x004bff20]} sys_ppu_thread: _sys_ppu_thread_create(thread_id=*0xd000fc40, param=*0xd000fbc8, arg=0x0, unk=0x0, prio=1000, stacksize=0x10000, flags=0x0, threadname=*0x4cce18)
HLE: W {PPU[0x1] Thread (main_thread)[0x004bff20]} sys_ppu_thread: sys_ppu_thread_start(thread_id=0x16)
HLE: W {PPU[0x15] Thread (SaveInitThread)[0x004c0180]} cellFs: cellFsStat(path=*0x200103b0, sb=*0xd0043c10) -> sys_fs_stat()
HLE: W {PPU[0x15] Thread (SaveInitThread)[0x004c0180]} sys_fs: sys_fs_stat(path=*0x200103b0, sb=*0xd0043c10)
HLE: W {PPU[0x15] Thread (SaveInitThread)[0x004c0180]} sys_fs: *** path = '/dev_hdd0/game/NPEB00527/ICON0.PNG'
HLE: W {PPU[0x15] Thread (SaveInitThread)[0x004c0180]} cellFs: cellFsStat(path=*0x200103e0, sb=*0xd0043c10) -> sys_fs_stat()
HLE: W {PPU[0x15] Thread (SaveInitThread)[0x004c0180]} sys_fs: sys_fs_stat(path=*0x200103e0, sb=*0xd0043c10)
TTY: \n
HLE: W {PPU[0x15] Thread (SaveInitThread)[0x004c0180]} sys_fs: *** path = '/dev_hdd0/game/NPEB00527/USRDIR/Data_SC/Save/BIGSAVE'
TTY: \n
HLE: W {PPU[0x1] Thread (main_thread)[0x004bff20]} sysPrxForUser: sys_ppu_thread_create(thread_id=*0xd000fcc8, entry=0x558468, arg=0x0, prio=800, stacksize=0x800000, flags=0x1, threadname=*0x4cd1c8)
HLE: W {PPU[0x1] Thread (main_thread)[0x004bff20]} sys_ppu_thread: _sys_ppu_thread_create(thread_id=*0xd000fcc8, param=*0xd000fc48, arg=0x0, unk=0x0, prio=800, stacksize=0x800000, flags=0x1, threadname=*0x4cd1c8)
HLE: W {PPU[0x15] Thread (SaveInitThread)[0x004c0180]} cellFs: cellFsStat(path=*0x200103e0, sb=*0xd0043c10) -> sys_fs_stat()
HLE: W {PPU[0x15] Thread (SaveInitThread)[0x004c0180]} sys_fs: sys_fs_stat(path=*0x200103e0, sb=*0xd0043c10)
HLE: W {PPU[0x15] Thread (SaveInitThread)[0x004c0180]} sys_fs: *** path = '/dev_hdd0/game/NPEB00527/USRDIR/Data_SC/Save/USR-DATA'
HLE: E {PPU[0x15] Thread (SaveInitThread)[0x004c0180]} sys_fs error: sys_fs_stat('/dev_hdd0/game/NPEB00527/USRDIR/Data_SC/Save/USR-DATA') failed: not found
HLE: W {PPU[0x15] Thread (SaveInitThread)[0x004bff20]} sysPrxForUser: sys_ppu_thread_create(thread_id=*0xd0043c60, entry=0x563de8, arg=0x0, prio=800, stacksize=0x10000, flags=0x0, threadname=*0x4d3870)
HLE: W {PPU[0x15] Thread (SaveInitThread)[0x004bff20]} sys_ppu_thread: _sys_ppu_thread_create(thread_id=*0xd0043c60, param=*0xd0043be8, arg=0x0, unk=0x0, prio=800, stacksize=0x10000, flags=0x0, threadname=*0x4d3870)
HLE: W {PPU[0x16] Thread (RenderingThread)[0x004c0500]} cellGcmSys: _cellGcmInitBody(context_addr=0x71b2e8, cmdSize=0x200000, ioSize=0x1800000, ioAddress=0x20100000)
HLE: W {PPU[0x1] Thread (main_thread)[0x004bff20]} sys_ppu_thread: sys_ppu_thread_start(thread_id=0x17)
HLE: W {PPU[0x15] Thread (SaveInitThread)[0x004bff20]} sys_ppu_thread: sys_ppu_thread_start(thread_id=0x18)
HLE: W {PPU[0x1] Thread (main_thread)[0x002d9758]} sys_ppu_thread: sys_ppu_thread_join(thread_id=0x17, vptr=*0xd000fcc0)
HLE: W {PPU[0x18] Thread (Splinter_Cell_2_Load)[0x004c0440]} cellSysutil: cellSaveDataAutoLoad2(version=0, dirName=*0xd0863da0, errDialog=0, setBuf=*0xd0863dc0, funcStat=*0x563e68, funcFile=*0x563dc8, container=0xffffffff, userdata=*0x2)
G: W {PPU[0x18] Thread (Splinter_Cell_2_Load)[0x004c0440]} fs::file::open('D:/Emulateurs/Rpcs3/dev_hdd0/home/00000001/savedata/NPEB00527-SPLINTE/PARAM.SFO', 0x1) failed: error 0x3
HLE: W {PPU[0x15] Thread (SaveInitThread)[0x004c0160]} cellFs: cellFsOpen(path=*0x5ed248, flags=0, fd=*0xd0043670, arg=*0x0, size=0x0) -> sys_fs_open()
HLE: W {PPU[0x15] Thread (SaveInitThread)[0x004c0160]} sys_fs: sys_fs_open(path=*0x5ed248, flags=0, fd=*0xd0043670, mode=0, arg=*0x0, size=0x0)
HLE: W {PPU[0x15] Thread (SaveInitThread)[0x004c0160]} sys_fs: *** path = '/dev_hdd0/game/NPEB00527/USRDIR/Data_SC/System/../saveBackUp'
HLE: E {PPU[0x15] Thread (SaveInitThread)[0x004c0160]} sys_fs error: sys_fs_open('/dev_hdd0/game/NPEB00527/USRDIR/Data_SC/System/../saveBackUp') failed: path is a directory
HLE: W {PPU[0x15] Thread (SaveInitThread)[0x004c0200]} cellFs: cellFsMkdir(path=*0x5ed248, mode=0700) -> sys_fs_mkdir()
HLE: W {PPU[0x15] Thread (SaveInitThread)[0x004c0200]} sys_fs: sys_fs_mkdir(path=*0x5ed248, mode=0700)
HLE: W {PPU[0x15] Thread (SaveInitThread)[0x004c0200]} sys_fs: *** path = '/dev_hdd0/game/NPEB00527/USRDIR/Data_SC/System/../saveBackUp'
HLE: W {PPU[0x16] Thread (RenderingThread)[0x004c0500]} cellGcmSys: *** local memory(addr=0xc0000000, size=0xf900000)
HLE: W {PPU[0x15] Thread (SaveInitThread)[0x004c0320]} cellSysutil: cellSysutilGetSystemParamInt: CELL_SYSUTIL_SYSTEMPARAM_ID_LANG
HLE: W {PPU[0x16] Thread (RenderingThread)[0x004c0500]} cellGcmSys: cellGcmInit(): 256MB io address space used
HLE: W {PPU[0x15] Thread (SaveInitThread)[0x004c0100]} cellFs: cellFsOpendir(path=*0xd0043668, fd=*0xd0043050) -> sys_fs_opendir()
HLE: W {PPU[0x15] Thread (SaveInitThread)[0x004c0100]} sys_fs: sys_fs_opendir(path=*0xd0043668, fd=*0xd0043050)
HLE: W {PPU[0x15] Thread (SaveInitThread)[0x004c0100]} sys_fs: *** path = '/dev_hdd0/game/NPEB00527/USRDIR/Data_SC/System/../Save/Default'
RSX: ! {RSXThread} RSX thread started
HLE: W {PPU[0x16] Thread (RenderingThread)[0x004c07a0]} cellGcmSys: cellGcmUnbindTile(index=0)
HLE: W {PPU[0x16] Thread (RenderingThread)[0x004c07a0]} cellGcmSys: cellGcmUnbindTile(index=1)
HLE: W {PPU[0x16] Thread (RenderingThread)[0x004c07a0]} cellGcmSys: cellGcmUnbindTile(index=2)
HLE: W {PPU[0x16] Thread (RenderingThread)[0x004c07a0]} cellGcmSys: cellGcmUnbindTile(index=3)
HLE: W {PPU[0x16] Thread (RenderingThread)[0x004c07a0]} cellGcmSys: cellGcmUnbindTile(index=4)
HLE: W {PPU[0x16] Thread (RenderingThread)[0x004c07a0]} cellGcmSys: cellGcmUnbindTile(index=5)
HLE: W {PPU[0x16] Thread (RenderingThread)[0x004c07a0]} cellGcmSys: cellGcmUnbindTile(index=6)
HLE: W {PPU[0x16] Thread (RenderingThread)[0x004c07a0]} cellGcmSys: cellGcmUnbindTile(index=7)
HLE: W {PPU[0x16] Thread (RenderingThread)[0x004c07a0]} cellGcmSys: cellGcmUnbindTile(index=8)
HLE: W {PPU[0x16] Thread (RenderingThread)[0x004c07a0]} cellGcmSys: cellGcmUnbindTile(index=9)
HLE: W {PPU[0x16] Thread (RenderingThread)[0x004c07a0]} cellGcmSys: cellGcmUnbindTile(index=10)
HLE: W {PPU[0x16] Thread (RenderingThread)[0x004c07a0]} cellGcmSys: cellGcmUnbindTile(index=11)
HLE: W {PPU[0x16] Thread (RenderingThread)[0x004c07a0]} cellGcmSys: cellGcmUnbindTile(index=12)
HLE: W {PPU[0x16] Thread (RenderingThread)[0x004c07a0]} cellGcmSys: cellGcmUnbindTile(index=13)
HLE: W {PPU[0x16] Thread (RenderingThread)[0x004c07a0]} cellGcmSys: cellGcmUnbindTile(index=14)
HLE: W {PPU[0x16] Thread (RenderingThread)[0x004bff60]} sysPrxForUser: sys_lwmutex_create(lwmutex=*0x6ea038, attr=*0xd00538e0)
HLE: W {PPU[0x16] Thread (RenderingThread)[0x004c03e0]} cellSysutil: cellVideoOutGetResolutionAvailability(videoOut=0, resolutionId=0x81, aspect=0, option=0)
HLE: W {PPU[0x16] Thread (RenderingThread)[0x004c02c0]} cellSysutil: cellVideoOutConfigure(videoOut=0, config_addr=0xd0053a28, option_addr=0x0, waitForEvent=0x0)
HLE: W {PPU[0x16] Thread (RenderingThread)[0x00359650]} sys_semaphore: sys_semaphore_create(sem=*0x70a220, attr=*0xd0053950, initial_val=1, max_val=2)
HLE: W {PPU[0x16] Thread (RenderingThread)[0x004c06a0]} cellGcmSys: cellGcmSetFlipHandler(handler_addr=5764912)
HLE: W {PPU[0x16] Thread (RenderingThread)[0x004c05a0]} cellGcmSys: cellGcmSetFlipMode(mode=2)
HLE: W {PPU[0x16] Thread (RenderingThread)[0x004c0720]} cellGcmSys: cellGcmSetVBlankHandler(handler_addr=0x0)
HLE: W {PPU[0x16] Thread (RenderingThread)[0x004c0760]} cellGcmSys: cellGcmSetTileInfo(index=0, location=0, offset=257097728, size=3932160, pitch=5120, comp=0, base=0, bank=0)
HLE: W {PPU[0x16] Thread (RenderingThread)[0x004c0580]} cellGcmSys: cellGcmBindTile(index=0)
RSX: W {RSXThread} TODO: NV406E_SEMAPHORE_ACQUIRE: 0x2
HLE: W {PPU[0x16] Thread (RenderingThread)[0x004c0760]} cellGcmSys: cellGcmSetTileInfo(index=0, location=0, offset=253165568, size=7864320, pitch=5120, comp=0, base=0, bank=0)
HLE: W {PPU[0x16] Thread (RenderingThread)[0x004c0580]} cellGcmSys: cellGcmBindTile(index=0)
RSX: W {RSXThread} TODO: NV406E_SEMAPHORE_ACQUIRE: 0x4
HLE: W {PPU[0x16] Thread (RenderingThread)[0x004c0760]} cellGcmSys: cellGcmSetTileInfo(index=1, location=0, offset=249233408, size=3932160, pitch=5120, comp=10, base=1, bank=3)
HLE: E {PPU[0x16] Thread (RenderingThread)[0x004c0760]} cellGcmSys error: cellGcmSetTileInfo: bad compression mode! (10)
HLE: W {PPU[0x16] Thread (RenderingThread)[0x004c0580]} cellGcmSys: cellGcmBindTile(index=1)
RSX: W {RSXThread} TODO: NV406E_SEMAPHORE_ACQUIRE: 0x6
HLE: W {PPU[0x16] Thread (RenderingThread)[0x004c0680]} cellGcmSys: cellGcmBindZcull(index=0)
RSX: W {RSXThread} TODO: NV4097_SET_CONTEXT_DMA_REPORT: 0x66626660
RSX: W {RSXThread} NV4097_GET_REPORT: Unimplemented type 1
RSX: W {RSXThread} TODO: NV406E_SEMAPHORE_ACQUIRE: 0x8
HLE: W {PPU[0x15] Thread (SaveInitThread)[0x004c0140]} sys_fs: sys_fs_readdir(fd=0x1b, dir=*0xd0043160, nread=*0xd0043058)
HLE: W {PPU[0x15] Thread (SaveInitThread)[0x004c0140]} sys_fs: sys_fs_readdir(fd=0x1b, dir=*0xd0043160, nread=*0xd0043058)
HLE: W {PPU[0x15] Thread (SaveInitThread)[0x004c01c0]} cellFs: cellFsUnlink(path=*0x5ed248) -> sys_fs_unlink()
HLE: W {PPU[0x15] Thread (SaveInitThread)[0x004c01c0]} sys_fs: sys_fs_unlink(path=*0x5ed248)
HLE: W {PPU[0x15] Thread (SaveInitThread)[0x004c01c0]} sys_fs: *** path = '/dev_hdd0/game/NPEB00527/USRDIR/Data_SC/System/../Save/Default/Config.ixx'
HLE: ! {PPU[0x15] Thread (SaveInitThread)[0x004c01c0]} sys_fs: sys_fs_unlink(): file '/dev_hdd0/game/NPEB00527/USRDIR/Data_SC/System/../Save/Default/Config.ixx' deleted
HLE: W {PPU[0x15] Thread (SaveInitThread)[0x004c0100]} cellFs: cellFsOpendir(path=*0xd0043668, fd=*0xd0043050) -> sys_fs_opendir()
HLE: W {PPU[0x15] Thread (SaveInitThread)[0x004c0100]} sys_fs: sys_fs_opendir(path=*0xd0043668, fd=*0xd0043050)
HLE: W {PPU[0x15] Thread (SaveInitThread)[0x004c0100]} sys_fs: *** path = '/dev_hdd0/game/NPEB00527/USRDIR/Data_SC/System/../Save/Default'
HLE: W {PPU[0x15] Thread (SaveInitThread)[0x004c0140]} sys_fs: sys_fs_readdir(fd=0x1c, dir=*0xd0043160, nread=*0xd0043058)
HLE: W {PPU[0x15] Thread (SaveInitThread)[0x004c00c0]} cellFs: cellFsRmdir(path=*0x5ed248) -> sys_fs_rmdir()
HLE: W {PPU[0x15] Thread (SaveInitThread)[0x004c00c0]} sys_fs: sys_fs_rmdir(path=*0x5ed248)
HLE: W {PPU[0x15] Thread (SaveInitThread)[0x004c00c0]} sys_fs: *** path = '/dev_hdd0/game/NPEB00527/USRDIR/Data_SC/System/../Save/Default'
HLE: W {PPU[0x16] Thread (RenderingThread)[0x004bff60]} sysPrxForUser: sys_lwmutex_create(lwmutex=*0x2001d880, attr=*0xd0053840)
HLE: W {PPU[0x16] Thread (RenderingThread)[0x004bff60]} sysPrxForUser: sys_lwmutex_create(lwmutex=*0x70a470, attr=*0xd00537c0)
HLE: W {PPU[0x16] Thread (RenderingThread)[0x004c0a40]} sceNp: sceNpInit(mem_size=0x20000, mem_addr=0x6ea1f8)
HLE: W {PPU[0x16] Thread (RenderingThread)[0x004c0a20]} sceNp: sceNpDrmIsAvailable(k_licensee_addr=0x4c5ed0, drm_path_addr=0xd00538e8('/dev_hdd0/game/NPEB00527/USRDIR/Data_SC/System/BinkPS3SPU.spu.self'))
HLE: ! {PPU[0x15] Thread (SaveInitThread)[0x004c00c0]} sys_fs: sys_fs_rmdir(): directory '/dev_hdd0/game/NPEB00527/USRDIR/Data_SC/System/../Save/Default' removed
HLE: W {PPU[0x15] Thread (SaveInitThread)[0x004c0160]} cellFs: cellFsOpen(path=*0x5ed248, flags=0, fd=*0xd00436e0, arg=*0x0, size=0x0) -> sys_fs_open()
HLE: W {PPU[0x15] Thread (SaveInitThread)[0x004c0160]} sys_fs: sys_fs_open(path=*0x5ed248, flags=0, fd=*0xd00436e0, mode=0, arg=*0x0, size=0x0)
HLE: W {PPU[0x15] Thread (SaveInitThread)[0x004c0160]} sys_fs: *** path = '/dev_hdd0/game/NPEB00527/USRDIR/Data_SC/System/../Save/Default'
G: W {PPU[0x15] Thread (SaveInitThread)[0x004c0160]} fs::file::open('D:/Emulateurs/Rpcs3/dev_hdd0/game/NPEB00527/USRDIR/Data_SC/Save/Default', 0x1) failed: error 0x2
HLE: E {PPU[0x15] Thread (SaveInitThread)[0x004c0160]} sys_fs error: sys_fs_open('/dev_hdd0/game/NPEB00527/USRDIR/Data_SC/System/../Save/Default'): failed to open file (flags=0, mode=0)
HLE: W {PPU[0x15] Thread (SaveInitThread)[0x004c0200]} cellFs: cellFsMkdir(path=*0x5ed248, mode=0700) -> sys_fs_mkdir()
HLE: W {PPU[0x15] Thread (SaveInitThread)[0x004c0200]} sys_fs: sys_fs_mkdir(path=*0x5ed248, mode=0700)
HLE: W {PPU[0x15] Thread (SaveInitThread)[0x004c0200]} sys_fs: *** path = '/dev_hdd0/game/NPEB00527/USRDIR/Data_SC/System/../Save/Default'
HLE: ! {PPU[0x15] Thread (SaveInitThread)[0x004c0200]} sys_fs: sys_fs_mkdir(): directory '/dev_hdd0/game/NPEB00527/USRDIR/Data_SC/System/../Save/Default' created
HLE: W {PPU[0x15] Thread (SaveInitThread)[0x004c0100]} cellFs: cellFsOpendir(path=*0xd0043668, fd=*0xd0043050) -> sys_fs_opendir()
HLE: W {PPU[0x15] Thread (SaveInitThread)[0x004c0100]} sys_fs: sys_fs_opendir(path=*0xd0043668, fd=*0xd0043050)
HLE: W {PPU[0x15] Thread (SaveInitThread)[0x004c0100]} sys_fs: *** path = '/dev_hdd0/game/NPEB00527/USRDIR/Data_SC/System/../Save/PS3'
HLE: W {PPU[0x15] Thread (SaveInitThread)[0x004c0140]} sys_fs: sys_fs_readdir(fd=0x1f, dir=*0xd0043160, nread=*0xd0043058)
HLE: W {PPU[0x15] Thread (SaveInitThread)[0x004c0100]} cellFs: cellFsOpendir(path=*0xd0043668, fd=*0xd0043050) -> sys_fs_opendir()
HLE: W {PPU[0x15] Thread (SaveInitThread)[0x004c0100]} sys_fs: sys_fs_opendir(path=*0xd0043668, fd=*0xd0043050)
HLE: W {PPU[0x15] Thread (SaveInitThread)[0x004c0100]} sys_fs: *** path = '/dev_hdd0/game/NPEB00527/USRDIR/Data_SC/System/../Save/PS3'
HLE: W {PPU[0x15] Thread (SaveInitThread)[0x004c0140]} sys_fs: sys_fs_readdir(fd=0x20, dir=*0xd0043160, nread=*0xd0043058)
HLE: W {PPU[0x15] Thread (SaveInitThread)[0x004c00c0]} cellFs: cellFsRmdir(path=*0x5ed248) -> sys_fs_rmdir()
HLE: W {PPU[0x15] Thread (SaveInitThread)[0x004c00c0]} sys_fs: sys_fs_rmdir(path=*0x5ed248)
HLE: W {PPU[0x15] Thread (SaveInitThread)[0x004c00c0]} sys_fs: *** path = '/dev_hdd0/game/NPEB00527/USRDIR/Data_SC/System/../Save/PS3'
HLE: ! {PPU[0x15] Thread (SaveInitThread)[0x004c00c0]} sys_fs: sys_fs_rmdir(): directory '/dev_hdd0/game/NPEB00527/USRDIR/Data_SC/System/../Save/PS3' removed
HLE: W {PPU[0x15] Thread (SaveInitThread)[0x004c0160]} cellFs: cellFsOpen(path=*0x5ed248, flags=0, fd=*0xd00436e0, arg=*0x0, size=0x0) -> sys_fs_open()
HLE: W {PPU[0x15] Thread (SaveInitThread)[0x004c0160]} sys_fs: sys_fs_open(path=*0x5ed248, flags=0, fd=*0xd00436e0, mode=0, arg=*0x0, size=0x0)
HLE: W {PPU[0x15] Thread (SaveInitThread)[0x004c0160]} sys_fs: *** path = '/dev_hdd0/game/NPEB00527/USRDIR/Data_SC/System/../Save/PS3'
G: W {PPU[0x15] Thread (SaveInitThread)[0x004c0160]} fs::file::open('D:/Emulateurs/Rpcs3/dev_hdd0/game/NPEB00527/USRDIR/Data_SC/Save/PS3', 0x1) failed: error 0x2
HLE: E {PPU[0x15] Thread (SaveInitThread)[0x004c0160]} sys_fs error: sys_fs_open('/dev_hdd0/game/NPEB00527/USRDIR/Data_SC/System/../Save/PS3'): failed to open file (flags=0, mode=0)
HLE: W {PPU[0x15] Thread (SaveInitThread)[0x004c0200]} cellFs: cellFsMkdir(path=*0x5ed248, mode=0700) -> sys_fs_mkdir()
HLE: W {PPU[0x15] Thread (SaveInitThread)[0x004c0200]} sys_fs: sys_fs_mkdir(path=*0x5ed248, mode=0700)
HLE: W {PPU[0x15] Thread (SaveInitThread)[0x004c0200]} sys_fs: *** path = '/dev_hdd0/game/NPEB00527/USRDIR/Data_SC/System/../Save/PS3'
HLE: ! {PPU[0x15] Thread (SaveInitThread)[0x004c0200]} sys_fs: sys_fs_mkdir(): directory '/dev_hdd0/game/NPEB00527/USRDIR/Data_SC/System/../Save/PS3' created
HLE: W {PPU[0x15] Thread (SaveInitThread)[0x004c04a0]} cellSysmodule: cellSysmoduleLoadModule(id=0xf035: CELL_SYSMODULE_SYSUTIL_NP_TROPHY)
HLE: W {PPU[0x15] Thread (SaveInitThread)[0x004c0a40]} sceNp: sceNpInit(mem_size=0x20000, mem_addr=0x641c30)
PPU: E {PPU[0x18] Thread (Splinter_Cell_2_Load)[0x00095890]} vm::stack_pop(*0xd0863ca0,*0xd0863cd0): stack inconsistency (SP=0xd0863770)
G: E {PPU[0x18] Thread (Splinter_Cell_2_Load)[0x00095890]} Exception: Access violation reading location 0x4aa
G: E {PPU[0x18] Thread (Splinter_Cell_2_Load)[0x00095890]} Information: is_alive=1, m_last_syscall=0xfbd5c856 (cellSaveDataAutoLoad2)
G: W {PPU[0x18] Thread (Splinter_Cell_2_Load)[0x00095890]} Registers:
=========
GPR[0] = 0x0
GPR[1] = 0xd0863d30
GPR[2] = 0x599a88
GPR[3] = 0x0
GPR[4] = 0xd0863cd0
GPR[5] = 0xd0863ca0
GPR[6] = 0x5ec971
GPR[7] = 0x5a37e8
GPR[8] = 0x5a170c
GPR[9] = 0x0
GPR[10] = 0x641b7c
GPR[11] = 0x170c
GPR[12] = 0x42000082
GPR[13] = 0x7a7990
GPR[14] = 0x0
GPR[15] = 0x0
GPR[16] = 0x0
GPR[17] = 0x0
GPR[18] = 0x0
GPR[19] = 0x0
GPR[20] = 0x0
GPR[21] = 0x0
GPR[22] = 0x0
GPR[23] = 0x0
GPR[24] = 0xd0863ca0
GPR[25] = 0x2
GPR[26] = 0x0
GPR[27] = 0x641b7c
GPR[28] = 0x2
GPR[29] = 0x0
GPR[30] = 0xd0863ca0
GPR[31] = 0xd0863d18
FPR[0] = 0
FPR[1] = 0
FPR[2] = 0
FPR[3] = 0
FPR[4] = 0
FPR[5] = 0
FPR[6] = 0
FPR[7] = 0
FPR[8] = 0
FPR[9] = 0
FPR[10] = 0
FPR[11] = 0
FPR[12] = 0
FPR[13] = 0
FPR[14] = 0
FPR[15] = 0
FPR[16] = 0
FPR[17] = 0
FPR[18] = 0
FPR[19] = 0
FPR[20] = 0
FPR[21] = 0
FPR[22] = 0
FPR[23] = 0
FPR[24] = 0
FPR[25] = 0
FPR[26] = 0
FPR[27] = 0
FPR[28] = 0
FPR[29] = 0
FPR[30] = 0
FPR[31] = 0
VPR[0] = 0x00000000000000000000000000000000 [x: 0 y: 0 z: 0 w: 0]
VPR[1] = 0x00000000000000000000000000000000 [x: 0 y: 0 z: 0 w: 0]
VPR[2] = 0x00000000000000000000000000000000 [x: 0 y: 0 z: 0 w: 0]
VPR[3] = 0x00000000000000000000000000000000 [x: 0 y: 0 z: 0 w: 0]
VPR[4] = 0x00000000000000000000000000000000 [x: 0 y: 0 z: 0 w: 0]
VPR[5] = 0x00000000000000000000000000000000 [x: 0 y: 0 z: 0 w: 0]
VPR[6] = 0x00000000000000000000000000000000 [x: 0 y: 0 z: 0 w: 0]
VPR[7] = 0x00000000000000000000000000000000 [x: 0 y: 0 z: 0 w: 0]
VPR[8] = 0x00000000000000000000000000000000 [x: 0 y: 0 z: 0 w: 0]
VPR[9] = 0x00000000000000000000000000000000 [x: 0 y: 0 z: 0 w: 0]
VPR[10] = 0x00000000000000000000000000000000 [x: 0 y: 0 z: 0 w: 0]
VPR[11] = 0x00000000000000000000000000000000 [x: 0 y: 0 z: 0 w: 0]
VPR[12] = 0x00000000000000000000000000000000 [x: 0 y: 0 z: 0 w: 0]
VPR[13] = 0x00000000000000000000000000000000 [x: 0 y: 0 z: 0 w: 0]
VPR[14] = 0x00000000000000000000000000000000 [x: 0 y: 0 z: 0 w: 0]
VPR[15] = 0x00000000000000000000000000000000 [x: 0 y: 0 z: 0 w: 0]
VPR[16] = 0x00000000000000000000000000000000 [x: 0 y: 0 z: 0 w: 0]
VPR[17] = 0x00000000000000000000000000000000 [x: 0 y: 0 z: 0 w: 0]
VPR[18] = 0x00000000000000000000000000000000 [x: 0 y: 0 z: 0 w: 0]
VPR[19] = 0x00000000000000000000000000000000 [x: 0 y: 0 z: 0 w: 0]
VPR[20] = 0x00000000000000000000000000000000 [x: 0 y: 0 z: 0 w: 0]
VPR[21] = 0x00000000000000000000000000000000 [x: 0 y: 0 z: 0 w: 0]
VPR[22] = 0x00000000000000000000000000000000 [x: 0 y: 0 z: 0 w: 0]
VPR[23] = 0x00000000000000000000000000000000 [x: 0 y: 0 z: 0 w: 0]
VPR[24] = 0x00000000000000000000000000000000 [x: 0 y: 0 z: 0 w: 0]
VPR[25] = 0x00000000000000000000000000000000 [x: 0 y: 0 z: 0 w: 0]
VPR[26] = 0x00000000000000000000000000000000 [x: 0 y: 0 z: 0 w: 0]
VPR[27] = 0x00000000000000000000000000000000 [x: 0 y: 0 z: 0 w: 0]
VPR[28] = 0x00000000000000000000000000000000 [x: 0 y: 0 z: 0 w: 0]
VPR[29] = 0x00000000000000000000000000000000 [x: 0 y: 0 z: 0 w: 0]
VPR[30] = 0x00000000000000000000000000000000 [x: 0 y: 0 z: 0 w: 0]
VPR[31] = 0x00000000000000000000000000000000 [x: 0 y: 0 z: 0 w: 0]
CR = 0x42000082
LR = 0x53c000
CTR = 0x0
XER = 0x0 [CA=1005022347264 | OV=0 | SO=140694538682368]
FPSCR = 0x0 [RN=0 | NI=0 | XE=0 | ZE=0 | UE=0 | OE=0 | VE=0 | VXCVI=0 | VXSQRT=0 | VXSOFT=0 | FPRF=0 | FI=0 | FR=0 | VXVC=0 | VXIMZ=0 | VXZDZ=0 | VXIDI=0 | VXISI=0 | VXSNAN=0 | XX=0 | ZX=0 | UX=0 | OX=0 | VX=0 | FEX=0 | FX=0]

HLE: W {PPU[0x16] Thread (RenderingThread)[0x004c0a20]} sceNp: npDrmIsAvailable: Found DRM license file at /dev_hdd0/game/NPEB00527/USRDIR/Data_SC/System/BinkPS3SPU.spu.self
HLE: W {PPU[0x16] Thread (RenderingThread)[0x004c0a20]} sceNp: npDrmIsAvailable: Using k_licensee 0x0c0a3b7641c2ad1ef20133a28a3e15fe3
LDR: E {PPU[0x16] Thread (RenderingThread)[0x004c0a20]} EDAT: D:/Emulateurs/Rpcs3/dev_hdd0/game/NPEB00527/USRDIR/Data_SC/System/BinkPS3SPU.spu.self has invalid NPD header or already decrypted.
HLE: W {PPU[0x16] Thread (RenderingThread)[0x0035934c]} sys_spu: sys_spu_image_open(img_addr=0xd00538d4, path_addr=0xd00538e8 [/dev_hdd0/game/NPEB00527/USRDIR/Data_SC/System/BinkPS3SPU.spu.self])
HLE: E {PPU[0x16] Thread (RenderingThread)[0x0035934c]} sys_spu error: sys_spu_image_open error: '/dev_hdd0/game/NPEB00527/USRDIR/Data_SC/System/BinkPS3SPU.spu.self' is encrypted! Decrypt SELF and try again.
TTY: appCmdLine:: \n
TTY: [sys_spu_image_open Error :: 0x80010006] Unable to load SPU image.\n
G: E {PPU[0x16] Thread (RenderingThread)[0x001cda38]} Exception: ppu_interpreter::TW
G: E {PPU[0x16] Thread (RenderingThread)[0x001cda38]} Information: is_alive=1, m_last_syscall=0x0 ()
G: W {PPU[0x16] Thread (RenderingThread)[0x001cda38]} Registers:
=========
GPR[0] = 0x1cda34
GPR[1] = 0xd0053860
GPR[2] = 0x599a88
GPR[3] = 0x44
GPR[4] = 0x20000010
GPR[5] = 0xffffffffffffffff
GPR[6] = 0xd0053450
GPR[7] = 0x6c
GPR[8] = 0x6c6520
GPR[9] = 0x0
GPR[10] = 0x749cd8
GPR[11] = 0x0
GPR[12] = 0x6c6520746f206c6f
GPR[13] = 0x7a7670
GPR[14] = 0x0
GPR[15] = 0x0
GPR[16] = 0x0
GPR[17] = 0x0
GPR[18] = 0x0
GPR[19] = 0x0
GPR[20] = 0x0
GPR[21] = 0x0
GPR[22] = 0x0
GPR[23] = 0x2001afc4
GPR[24] = 0x0
GPR[25] = 0x200166a0
GPR[26] = 0x5bb6c8
GPR[27] = 0x200166a0
GPR[28] = 0x200166a0
GPR[29] = 0xd00538d4
GPR[30] = 0x55ee8c
GPR[31] = 0xd00538e8
FPR[0] = 640.5
FPR[1] = 0
FPR[2] = 1
FPR[3] = 0
FPR[4] = 0
FPR[5] = 0
FPR[6] = 0
FPR[7] = 0
FPR[8] = 0
FPR[9] = 1
FPR[10] = -360
FPR[11] = 640
FPR[12] = 0
FPR[13] = 360.5
FPR[14] = 0
FPR[15] = 0
FPR[16] = 0
FPR[17] = 0
FPR[18] = 0
FPR[19] = 0
FPR[20] = 0
FPR[21] = 0
FPR[22] = 0
FPR[23] = 0
FPR[24] = 0
FPR[25] = 0
FPR[26] = 0
FPR[27] = 0
FPR[28] = 0
FPR[29] = 0
FPR[30] = 0
FPR[31] = 0
VPR[0] = 0x00000000000000000000000000000000 [x: 0 y: 0 z: 0 w: 0]
VPR[1] = 0x00000000000000000000000000000000 [x: 0 y: 0 z: 0 w: 0]
VPR[2] = 0x00000000000000000000000000000000 [x: 0 y: 0 z: 0 w: 0]
VPR[3] = 0x00000000000000000000000000000000 [x: 0 y: 0 z: 0 w: 0]
VPR[4] = 0x00000000000000000000000000000000 [x: 0 y: 0 z: 0 w: 0]
VPR[5] = 0x00000000000000000000000000000000 [x: 0 y: 0 z: 0 w: 0]
VPR[6] = 0x00000000000000000000000000000000 [x: 0 y: 0 z: 0 w: 0]
VPR[7] = 0x00000000000000000000000000000000 [x: 0 y: 0 z: 0 w: 0]
VPR[8] = 0x00000000000000000000000000000000 [x: 0 y: 0 z: 0 w: 0]
VPR[9] = 0x00000000000000000000000000000000 [x: 0 y: 0 z: 0 w: 0]
VPR[10] = 0x00000000000000000000000000000000 [x: 0 y: 0 z: 0 w: 0]
VPR[11] = 0x00000000000000000000000000000000 [x: 0 y: 0 z: 0 w: 0]
VPR[12] = 0x00000000000000000000000000000000 [x: 0 y: 0 z: 0 w: 0]
VPR[13] = 0x00000000000000000000000000000000 [x: 0 y: 0 z: 0 w: 0]
VPR[14] = 0x00000000000000000000000000000000 [x: 0 y: 0 z: 0 w: 0]
VPR[15] = 0x00000000000000000000000000000000 [x: 0 y: 0 z: 0 w: 0]
VPR[16] = 0x00000000000000000000000000000000 [x: 0 y: 0 z: 0 w: 0]
VPR[17] = 0x00000000000000000000000000000000 [x: 0 y: 0 z: 0 w: 0]
VPR[18] = 0x00000000000000000000000000000000 [x: 0 y: 0 z: 0 w: 0]
VPR[19] = 0x00000000000000000000000000000000 [x: 0 y: 0 z: 0 w: 0]
VPR[20] = 0x00000000000000000000000000000000 [x: 0 y: 0 z: 0 w: 0]
VPR[21] = 0x00000000000000000000000000000000 [x: 0 y: 0 z: 0 w: 0]
VPR[22] = 0x00000000000000000000000000000000 [x: 0 y: 0 z: 0 w: 0]
VPR[23] = 0x00000000000000000000000000000000 [x: 0 y: 0 z: 0 w: 0]
VPR[24] = 0x00000000000000000000000000000000 [x: 0 y: 0 z: 0 w: 0]
VPR[25] = 0x00000000000000000000000000000000 [x: 0 y: 0 z: 0 w: 0]
VPR[26] = 0x00000000000000000000000000000000 [x: 0 y: 0 z: 0 w: 0]
VPR[27] = 0x00000000000000000000000000000000 [x: 0 y: 0 z: 0 w: 0]
VPR[28] = 0x00000000000000000000000000000000 [x: 0 y: 0 z: 0 w: 0]
VPR[29] = 0x00000000000000000000000000000000 [x: 0 y: 0 z: 0 w: 0]
VPR[30] = 0x00000000000000000000000000000000 [x: 0 y: 0 z: 0 w: 0]
VPR[31] = 0x00000000000000000000000000000000 [x: 0 y: 0 z: 0 w: 0]
CR = 0x42000042
LR = 0x1cda34
CTR = 0x0
XER = 0x20000000 [CA=1005022347265 | OV=0 | SO=140694538682368]
FPSCR = 0x0 [RN=0 | NI=0 | XE=0 | ZE=0 | UE=0 | OE=0 | VE=0 | VXCVI=0 | VXSQRT=0 | VXSOFT=0 | FPRF=0 | FI=0 | FR=0 | VXVC=0 | VXIMZ=0 | VXZDZ=0 | VXIDI=0 | VXISI=0 | VXSNAN=0 | XX=0 | ZX=0 | UX=0 | OX=0 | VX=0 | FEX=0 | FX=0]

HLE: W {PPU[0x1] Thread (main_thread)[0x002d9758]} sys_ppu_thread: sys_ppu_thread_join(23) aborted
RSX: W {RSXThread} RSX thread aborted
HLE: ! {PPU[0x2] Thread (Callback Thread)[0x00000000]} CallbackManager thread aborted
RSX: ! {RSXThread} RSX thread ended
HLE: W {PPU[0x11] Thread (Certification Thread)[0x0004c6d0]} sys_timer: sys_timer_usleep(sleep_time=0xc350) aborted
HLE: ! {VBlank thread} VBlank thread aborted
HLE: W {PPU[0x17] Thread (MAINTHREAD)[0x0004c6d0]} sys_timer: sys_timer_usleep(sleep_time=0x1387) aborted
HLE: ! All threads stopped...
