LDR: E PSFLoader::Load() failed: unknown magic (0x0)
G: ! RPCS3 v0.0.0.5-2554-gdfeedf2
G: ! 
G: ! Stopping emulator...
LDR: ! Loading 'D:/Emulateurs/Rpcs3/dev_hdd0/game/NPEB00840/USRDIR/BOOT.BIN'...
G: W fs::file::open('D:/Emulateurs/Rpcs3/dev_hdd0/game/NPEB00840/dev_bdvd.path', 0x1) failed: error 0x2
LDR: ! 
LDR: ! Mount info:
LDR: ! /dev_usb000/ -> D:/Emulateurs/Rpcs3/dev_usb000/
LDR: ! /dev_flash/ -> D:/Emulateurs/Rpcs3/dev_flash/
LDR: ! /host_root/ -> 
LDR: ! /dev_hdd0/ -> D:/Emulateurs/Rpcs3/dev_hdd0/
LDR: ! /dev_hdd1/ -> D:/Emulateurs/Rpcs3/dev_hdd1/
LDR: ! /dev_usb/ -> D:/Emulateurs/Rpcs3/dev_usb000/
LDR: ! 
LDR: ! Settings:
LDR: ! CPU: PPU Interpreter 2
LDR: ! SPU: SPU Recompiler (ASMJIT)
LDR: ! Renderer: DirectX 12
LDR: ! D3D Adapter: Default
LDR: ! Resolution: 1280x720
LDR: ! Write Depth Buffer: No
LDR: ! Write Color Buffers: No
LDR: ! Read Color Buffer: No
LDR: ! Audio Out: XAudio2
LDR: ! Log Everything: No
LDR: ! RSX Logging: No
LDR: ! 
LDR: ! Title: Hitman™ 2: Silent Assassin
LDR: ! Serial: NPEB00840
LDR: ! Elf path: /dev_hdd0/game/NPEB00840/USRDIR/BOOT.BIN
LDR: ! 
LDR: ! loader::init() failed: Broken file
LDR: ! *** sdk version: 0x410001
LDR: ! *** primary prio: 1001
LDR: ! *** primary stacksize: 0x100000
LDR: ! *** malloc pagesize: 0x100000
LDR: ! *** ppc seg: 0x0
LDR: ! Imported function 'cellGcmGetTiledPitchSize' in 'cellGcmSys' module (0x601438)
LDR: ! Imported function 'cellGcmSetUserHandler' in 'cellGcmSys' module (0x601458)
LDR: ! Imported function '_cellGcmInitBody' in 'cellGcmSys' module (0x601478)
LDR: ! Imported function '_cellGcmSetFlipCommand' in 'cellGcmSys' module (0x601498)
LDR: ! Imported function 'cellGcmAddressToOffset' in 'cellGcmSys' module (0x6014b8)
LDR: ! Imported function 'cellGcmGetLastSecondVTime' in 'cellGcmSys' module (0x6014d8)
LDR: ! Imported function '_cellGcmFunc15' in 'cellGcmSys' module (0x6014f8)
LDR: ! Imported function 'cellGcmSetFlipMode' in 'cellGcmSys' module (0x601518)
LDR: ! Imported function 'cellGcmSetSecondVFrequency' in 'cellGcmSys' module (0x601538)
LDR: ! Imported function 'cellGcmGetDefaultCommandWordSize' in 'cellGcmSys' module (0x601558)
LDR: ! Imported function 'cellGcmGetLastFlipTime' in 'cellGcmSys' module (0x601578)
LDR: ! Imported function 'cellGcmGetFlipStatus' in 'cellGcmSys' module (0x601598)
LDR: ! Imported function 'cellGcmGetDefaultSegmentWordSize' in 'cellGcmSys' module (0x6015b8)
LDR: ! Imported function 'cellGcmSetDefaultFifoSize' in 'cellGcmSys' module (0x6015d8)
LDR: ! Imported function 'cellGcmMapMainMemory' in 'cellGcmSys' module (0x6015f8)
LDR: ! Imported function 'cellGcmSetFlipHandler' in 'cellGcmSys' module (0x601618)
LDR: ! Imported function 'cellGcmSetDisplayBuffer' in 'cellGcmSys' module (0x601638)
LDR: ! Imported function 'cellGcmGetControlRegister' in 'cellGcmSys' module (0x601658)
LDR: ! Imported function 'cellGcmSetVBlankHandler' in 'cellGcmSys' module (0x601678)
LDR: ! Imported function 'cellGcmResetFlipStatus' in 'cellGcmSys' module (0x601698)
LDR: ! Imported function 'cellGcmSetTile' in 'cellGcmSys' module (0x6016b8)
LDR: ! Imported function 'cellGcmSetZcull' in 'cellGcmSys' module (0x6016d8)
LDR: ! Imported function '_cellGcmSetFlipCommandWithWaitLabel' in 'cellGcmSys' module (0x6016f8)
LDR: ! Imported function 'cellGcmGetConfiguration' in 'cellGcmSys' module (0x601718)
LDR: ! Imported function 'cellGcmGetLabelAddress' in 'cellGcmSys' module (0x601738)
LDR: ! Imported function 'cellSysutilUnregisterCallback' in 'cellSysutil' module (0x601758)
LDR: ! Imported function 'cellVideoOutConfigure' in 'cellSysutil' module (0x601778)
LDR: ! Imported function 'cellSysutilCheckCallback' in 'cellSysutil' module (0x601798)
LDR: ! Imported function 'cellSaveDataListLoad2' in 'cellSysutil' module (0x6017b8)
LDR: ! Imported function 'cellSaveDataListAutoLoad' in 'cellSysutil' module (0x6017d8)
LDR: ! Imported function 'cellSaveDataFixedLoad2' in 'cellSysutil' module (0x6017f8)
LDR: ! Imported function 'cellSaveDataListSave2' in 'cellSysutil' module (0x601818)
LDR: ! Imported function 'cellSysutilGetSystemParamInt' in 'cellSysutil' module (0x601838)
LDR: ! Imported function 'cellMsgDialogOpen2' in 'cellSysutil' module (0x601858)
LDR: ! Imported function 'cellVideoOutGetState' in 'cellSysutil' module (0x601878)
LDR: ! Imported function 'cellSysutilGetSystemParamString' in 'cellSysutil' module (0x601898)
LDR: ! Imported function 'cellSysutilRegisterCallback' in 'cellSysutil' module (0x6018b8)
LDR: ! Imported function 'cellSaveDataFixedDelete' in 'cellSysutil' module (0x6018d8)
LDR: ! Imported function 'cellVideoOutGetResolution' in 'cellSysutil' module (0x6018f8)
LDR: ! Imported function 'cellAudioOutGetSoundAvailability2' in 'cellSysutil' module (0x602578)
LDR: ! Imported function 'cellAudioOutConfigure' in 'cellSysutil' module (0x602598)
LDR: ! Imported function 'cellAudioOutGetSoundAvailability' in 'cellSysutil' module (0x6025b8)
LDR: ! Imported function 'cellAudioOutGetDeviceInfo' in 'cellSysutil' module (0x602758)
LDR: ! Imported function 'cellAudioOutGetNumberOfDevice' in 'cellSysutil' module (0x602778)
LDR: ! Imported function 'cellAudioOutGetConfiguration' in 'cellSysutil' module (0x602798)
LDR: ! Imported function 'cellAudioOutGetState' in 'cellSysutil' module (0x6027b8)
LDR: ! Imported function 'cellSysmoduleUnloadModule' in 'cellSysmodule' module (0x601918)
LDR: ! Imported function 'cellSysmoduleLoadModule' in 'cellSysmodule' module (0x601938)
LDR: ! Imported function 'cellSysmoduleIsLoaded' in 'cellSysmodule' module (0x601958)
LDR: ! Imported function 'cellSysmoduleInitialize' in 'cellSysmodule' module (0x6025d8)
LDR: ! Imported function 'cellAudioInit' in 'cellAudio' module (0x601978)
LDR: ! Imported function 'cellAudioPortClose' in 'cellAudio' module (0x601998)
LDR: ! Imported function 'cellAudioPortStop' in 'cellAudio' module (0x6019b8)
LDR: ! Imported function 'cellAudioGetPortConfig' in 'cellAudio' module (0x6019d8)
LDR: ! Imported function 'cellAudioPortStart' in 'cellAudio' module (0x6019f8)
LDR: ! Imported function 'cellAudioQuit' in 'cellAudio' module (0x601a18)
LDR: ! Imported function 'cellAudioPortOpen' in 'cellAudio' module (0x601a38)
LDR: ! Imported function '_cellSpursTasksetAttributeInitialize' in 'cellSpurs' module (0x601a58)
LDR: ! Imported function 'cellSpursEventFlagDetachLv2EventQueue' in 'cellSpurs' module (0x601a78)
LDR: ! Imported function 'cellSpursEventFlagWait' in 'cellSpurs' module (0x601a98)
LDR: ! Imported function 'cellSpursEventFlagClear' in 'cellSpurs' module (0x601ab8)
LDR: ! Imported function '_cellSpursEventFlagInitialize' in 'cellSpurs' module (0x601ad8)
LDR: ! Imported function 'cellSpursTasksetAttributeSetName' in 'cellSpurs' module (0x601af8)
LDR: ! Imported function 'cellSpursEventFlagAttachLv2EventQueue' in 'cellSpurs' module (0x601b18)
LDR: ! Imported function '_cellSpursAttributeInitialize' in 'cellSpurs' module (0x601b38)
LDR: ! Imported function 'cellSpursJoinTaskset' in 'cellSpurs' module (0x601b58)
LDR: ! Imported function 'cellSpursShutdownTaskset' in 'cellSpurs' module (0x601b78)
LDR: ! Imported function 'cellSpursInitializeWithAttribute' in 'cellSpurs' module (0x601b98)
LDR: ! Imported function 'cellSpursCreateTasksetWithAttribute' in 'cellSpurs' module (0x601bb8)
LDR: ! Imported function '_cellSpursLFQueueInitialize' in 'cellSpurs' module (0x6025f8)
LDR: ! Imported function 'cellSpursLFQueueAttachLv2EventQueue' in 'cellSpurs' module (0x602618)
LDR: ! Imported function 'cellSpursLFQueueDetachLv2EventQueue' in 'cellSpurs' module (0x602638)
LDR: ! Imported function '_cellSpursLFQueuePushBody' in 'cellSpurs' module (0x602658)
LDR: ! Imported function 'cellSpursCreateTask' in 'cellSpurs' module (0x602678)
LDR: ! Imported function 'cellSpursDetachLv2EventQueue' in 'cellSpurs' module (0x6027d8)
LDR: ! Imported function 'cellSpursCreateTaskset' in 'cellSpurs' module (0x6027f8)
LDR: ! Imported function 'cellSpursAttachLv2EventQueue' in 'cellSpurs' module (0x602818)
LDR: ! Imported function '_cellSpursSendSignal' in 'cellSpurs' module (0x602838)
LDR: ! Imported function 'sceNpTrophyRegisterContext' in 'sceNpTrophy' module (0x601bd8)
LDR: ! Imported function 'sceNpTrophyCreateHandle' in 'sceNpTrophy' module (0x601bf8)
LDR: ! Imported function 'sceNpTrophyGetRequiredDiskSpace' in 'sceNpTrophy' module (0x601c18)
LDR: ! Imported function 'sceNpTrophyDestroyContext' in 'sceNpTrophy' module (0x601c38)
LDR: ! Imported function 'sceNpTrophyInit' in 'sceNpTrophy' module (0x601c58)
LDR: ! Imported function 'sceNpTrophyAbortHandle' in 'sceNpTrophy' module (0x601c78)
LDR: ! Imported function 'sceNpTrophyGetGameInfo' in 'sceNpTrophy' module (0x601c98)
LDR: ! Imported function 'sceNpTrophyDestroyHandle' in 'sceNpTrophy' module (0x601cb8)
LDR: ! Imported function 'sceNpTrophyUnlockTrophy' in 'sceNpTrophy' module (0x601cd8)
LDR: ! Imported function 'sceNpTrophyTerm' in 'sceNpTrophy' module (0x601cf8)
LDR: ! Imported function 'sceNpTrophyGetTrophyUnlockState' in 'sceNpTrophy' module (0x601d18)
LDR: ! Imported function 'sceNpTrophyCreateContext' in 'sceNpTrophy' module (0x601d38)
LDR: ! Imported function 'cellSaveDataGetListItem' in 'cellSaveData' module (0x601d58)
LDR: ! Imported function 'cellSaveDataListDelete' in 'cellSaveData' module (0x601d78)
LDR: ! Imported function 'cellGameContentPermit' in 'cellGame' module (0x601d98)
LDR: ! Imported function 'cellGameContentErrorDialog' in 'cellGame' module (0x601db8)
LDR: ! Imported function 'cellGameGetParamInt' in 'cellGame' module (0x601dd8)
LDR: ! Imported function 'cellGameBootCheck' in 'cellGame' module (0x601df8)
LDR: ! Imported function 'sceNpTerm' in 'sceNp' module (0x601e18)
LDR: ! Imported function 'sceNpManagerUnregisterCallback' in 'sceNp' module (0x601e38)
LDR: ! Imported function 'sceNpInit' in 'sceNp' module (0x601e58)
LDR: ! Imported function 'sceNpManagerRegisterCallback' in 'sceNp' module (0x601e78)
LDR: ! Imported function 'sceNpDrmIsAvailable2' in 'sceNp' module (0x601e98)
LDR: ! Imported function 'sceNpManagerGetNpId' in 'sceNp' module (0x601eb8)
LDR: ! Imported function 'sceNpManagerGetTicket' in 'sceNp' module (0x602698)
LDR: ! Imported function 'sceNpManagerGetTicketParam' in 'sceNp' module (0x6026b8)
LDR: ! Imported function 'sceNpManagerRequestTicket2' in 'sceNp' module (0x6026d8)
LDR: ! Imported function 'sceNpManagerGetEntitlementById' in 'sceNp' module (0x6026f8)
LDR: ! Imported function 'sceNpManagerGetStatus' in 'sceNp' module (0x602718)
LDR: ! Imported function 'sceNpManagerGetEntitlementIdList' in 'sceNp' module (0x602738)
LDR: ! Imported function 'cellNetCtlTerm' in 'cellNetCtl' module (0x601ed8)
LDR: ! Imported function 'cellNetCtlGetInfo' in 'cellNetCtl' module (0x601ef8)
LDR: ! Imported function 'cellNetCtlGetState' in 'cellNetCtl' module (0x601f18)
LDR: ! Imported function 'cellNetCtlInit' in 'cellNetCtl' module (0x601f38)
LDR: ! Imported function 'sys_net_initialize_network_ex' in 'sys_net' module (0x601f58)
LDR: ! Imported function 'getsockname' in 'sys_net' module (0x601f78)
LDR: ! Imported function 'recvfrom' in 'sys_net' module (0x601f98)
LDR: ! Imported function 'listen' in 'sys_net' module (0x601fb8)
LDR: ! Imported function 'socketselect' in 'sys_net' module (0x601fd8)
LDR: ! Imported function '_sys_net_errno_loc' in 'sys_net' module (0x601ff8)
LDR: ! Imported function 'connect' in 'sys_net' module (0x602018)
LDR: ! Imported function 'socketclose' in 'sys_net' module (0x602038)
LDR: ! Imported function 'gethostbyname' in 'sys_net' module (0x602058)
LDR: ! Imported function 'inet_ntoa' in 'sys_net' module (0x602078)
LDR: ! Imported function 'setsockopt' in 'sys_net' module (0x602098)
LDR: ! Imported function 'sendto' in 'sys_net' module (0x6020b8)
LDR: ! Imported function 'socket' in 'sys_net' module (0x6020d8)
LDR: ! Imported function 'shutdown' in 'sys_net' module (0x6020f8)
LDR: ! Imported function 'bind' in 'sys_net' module (0x602118)
LDR: ! Imported function 'sys_net_finalize_network' in 'sys_net' module (0x602138)
LDR: ! Imported function 'accept' in 'sys_net' module (0x602158)
LDR: ! Imported function 'inet_addr' in 'sys_net' module (0x602178)
LDR: ! Imported function 'send' in 'sys_net' module (0x602198)
LDR: ! Imported function 'gethostbyaddr' in 'sys_net' module (0x6021b8)
LDR: ! Imported function 'recv' in 'sys_net' module (0x6021d8)
LDR: ! Imported function 'sys_net_free_thread_context' in 'sys_net' module (0x6021f8)
LDR: ! Imported function 'cellSslEnd' in 'cellSsl' module (0x602218)
LDR: ! Imported function 'cellSslCertificateLoader' in 'cellSsl' module (0x602238)
LDR: ! Imported function 'cellSslInit' in 'cellSsl' module (0x602258)
LDR: ! Imported function 'cellRtcGetCurrentClockLocalTime' in 'cellRtc' module (0x602278)
LDR: ! Imported function 'cellPadInit' in 'sys_io' module (0x602298)
LDR: ! Imported function 'cellPadEnd' in 'sys_io' module (0x6022b8)
LDR: ! Imported function 'cellPadSetPortSetting' in 'sys_io' module (0x6022d8)
LDR: ! Imported function 'cellPadGetData' in 'sys_io' module (0x6022f8)
LDR: ! Imported function 'cellPadGetInfo2' in 'sys_io' module (0x602318)
LDR: ! Imported function 'cellPadSetActDirect' in 'sys_io' module (0x602338)
LDR: ! Imported function 'cellFsRmdir' in 'sys_fs' module (0x602358)
LDR: ! Imported function 'cellFsClose' in 'sys_fs' module (0x602378)
LDR: ! Imported function 'cellFsOpendir' in 'sys_fs' module (0x602398)
LDR: ! Imported function 'cellFsRead' in 'sys_fs' module (0x6023b8)
LDR: ! Imported function 'cellFsReaddir' in 'sys_fs' module (0x6023d8)
LDR: ! Imported function 'cellFsSdataOpenByFd' in 'sys_fs' module (0x6023f8)
LDR: ! Imported function 'cellFsOpen' in 'sys_fs' module (0x602418)
LDR: ! Imported function 'cellFsStat' in 'sys_fs' module (0x602438)
LDR: ! Imported function 'cellFsUnlink' in 'sys_fs' module (0x602458)
LDR: ! Imported function 'cellFsFsync' in 'sys_fs' module (0x602478)
LDR: ! Imported function 'cellFsLseek' in 'sys_fs' module (0x602498)
LDR: ! Imported function 'cellFsGetFreeSize' in 'sys_fs' module (0x6024b8)
LDR: ! Imported function 'cellFsSdataOpen' in 'sys_fs' module (0x6024d8)
LDR: ! Imported function 'cellFsMkdir' in 'sys_fs' module (0x6024f8)
LDR: ! Imported function 'cellFsWrite' in 'sys_fs' module (0x602518)
LDR: ! Imported function 'cellFsFstat' in 'sys_fs' module (0x602538)
LDR: ! Imported function 'cellFsClosedir' in 'sys_fs' module (0x602558)
LDR: ! Imported function 'sys_lwmutex_lock' in 'sysPrxForUser' module (0x602858)
LDR: ! Imported function 'sys_lwmutex_unlock' in 'sysPrxForUser' module (0x602878)
LDR: ! Imported function 'sys_lwcond_destroy' in 'sysPrxForUser' module (0x602898)
LDR: ! Imported function 'sys_ppu_thread_create' in 'sysPrxForUser' module (0x6028b8)
LDR: ! Imported function 'sys_prx_load_module' in 'sysPrxForUser' module (0x6028d8)
LDR: ! Imported function 'sys_lwcond_wait' in 'sysPrxForUser' module (0x6028f8)
LDR: ! Imported function '_sys_process_atexitspawn' in 'sysPrxForUser' module (0x602918)
LDR: ! Imported function 'sys_lwmutex_create' in 'sysPrxForUser' module (0x602938)
LDR: ! Imported function 'sys_ppu_thread_get_id' in 'sysPrxForUser' module (0x602958)
LDR: ! Imported function 'sys_prx_register_library' in 'sysPrxForUser' module (0x602978)
LDR: ! Imported function 'sys_process_is_stack' in 'sysPrxForUser' module (0x602998)
LDR: ! Imported function 'sys_initialize_tls' in 'sysPrxForUser' module (0x6029b8)
LDR: ! Imported function 'sys_time_get_system_time' in 'sysPrxForUser' module (0x6029d8)
LDR: ! Imported function '_sys_process_at_Exitspawn' in 'sysPrxForUser' module (0x6029f8)
LDR: ! Imported function 'sys_prx_exitspawn_with_level' in 'sysPrxForUser' module (0x602a18)
LDR: ! Imported function 'sys_prx_load_module_on_memcontainer_by_fd' in 'sysPrxForUser' module (0x602a38)
LDR: ! Imported function 'sys_prx_load_module_on_memcontainer' in 'sysPrxForUser' module (0x602a58)
LDR: ! Imported function 'sys_lwmutex_trylock' in 'sysPrxForUser' module (0x602a78)
LDR: ! Imported function 'sys_ppu_thread_exit' in 'sysPrxForUser' module (0x602a98)
LDR: ! Imported function 'sys_lwmutex_destroy' in 'sysPrxForUser' module (0x602ab8)
LDR: ! Imported function 'sys_lwcond_create' in 'sysPrxForUser' module (0x602ad8)
LDR: ! Imported function 'sys_spu_image_close' in 'sysPrxForUser' module (0x602af8)
LDR: ! Imported function 'sys_process_exit' in 'sysPrxForUser' module (0x602b18)
LDR: ! Imported function 'sys_lwcond_signal_all' in 'sysPrxForUser' module (0x602b38)
LDR: ! Imported function 'sys_prx_load_module_by_fd' in 'sysPrxForUser' module (0x602b58)
LDR: ! Imported function 'sys_lwcond_signal' in 'sysPrxForUser' module (0x602b78)
MEM: ! Thread Local Storage initialized (g_tls_start=0x1563000, user_size=0x154)
*** TLS segment addr: 0x006d2bc0
*** TLS segment size: 0x00000008
HLE: W {PPU[0x1] Thread (main_thread)[0x00602938]} sysPrxForUser: sys_lwmutex_create(lwmutex=*0x151de68, attr=*0x611e30)
HLE: W {PPU[0x1] Thread (main_thread)[0x0054e8e4]} sys_memory: sys_memory_get_user_memory_size(mem_info=*0xd00ffc04)
HLE: W {PPU[0x1] Thread (main_thread)[0x00602938]} sysPrxForUser: sys_lwmutex_create(lwmutex=*0x151dc68, attr=*0x611e30)
HLE: W {PPU[0x1] Thread (main_thread)[0x00602938]} sysPrxForUser: sys_lwmutex_create(lwmutex=*0x151d3f0, attr=*0x611e30)
HLE: W {PPU[0x1] Thread (main_thread)[0x00602938]} sysPrxForUser: sys_lwmutex_create(lwmutex=*0x151d418, attr=*0x611e30)
HLE: W {PPU[0x1] Thread (main_thread)[0x00602938]} sysPrxForUser: sys_lwmutex_create(lwmutex=*0x151d440, attr=*0x611e30)
HLE: W {PPU[0x1] Thread (main_thread)[0x00602938]} sysPrxForUser: sys_lwmutex_create(lwmutex=*0x151d328, attr=*0x611e30)
HLE: W {PPU[0x1] Thread (main_thread)[0x00602938]} sysPrxForUser: sys_lwmutex_create(lwmutex=*0x151d350, attr=*0x611e30)
HLE: W {PPU[0x1] Thread (main_thread)[0x00602938]} sysPrxForUser: sys_lwmutex_create(lwmutex=*0x151d378, attr=*0x611e30)
HLE: W {PPU[0x1] Thread (main_thread)[0x00602938]} sysPrxForUser: sys_lwmutex_create(lwmutex=*0x151d3a0, attr=*0x611e30)
HLE: W {PPU[0x1] Thread (main_thread)[0x00602938]} sysPrxForUser: sys_lwmutex_create(lwmutex=*0x151d3c8, attr=*0x611e30)
HLE: W {PPU[0x1] Thread (main_thread)[0x00602938]} sysPrxForUser: sys_lwmutex_create(lwmutex=*0x836ee0, attr=*0xd00ffbb0)
HLE: W {PPU[0x1] Thread (main_thread)[0x00602938]} sysPrxForUser: sys_lwmutex_create(lwmutex=*0x83a798, attr=*0xd00ffbb0)
HLE: W {PPU[0x1] Thread (main_thread)[0x00602938]} sysPrxForUser: sys_lwmutex_create(lwmutex=*0x83a770, attr=*0xd00ffbd0)
HLE: W {PPU[0x1] Thread (main_thread)[0x00602938]} sysPrxForUser: sys_lwmutex_create(lwmutex=*0x83a748, attr=*0xd00ffbd0)
HLE: W {PPU[0x1] Thread (main_thread)[0x0054d1e0]} sys_memory: sys_memory_allocate(size=0x100000, flags=0x400, alloc_addr=*0xd00ff970)
HLE: W {PPU[0x1] Thread (main_thread)[0x0053ef68]} sys_time: sys_time_get_timezone(timezone=*0xd00ffb20, summertime=*0xd00ffb24)
HLE: W {PPU[0x1] Thread (main_thread)[0x005409d8]} sys_time: sys_time_get_timezone(timezone=*0xd00ffb20, summertime=*0xd00ffb24)
HLE: W {PPU[0x1] Thread (main_thread)[0x0053ef14]} sys_time: sys_time_get_timezone(timezone=*0xd00ffb20, summertime=*0xd00ffb24)
HLE: W {PPU[0x1] Thread (main_thread)[0x005409d8]} sys_time: sys_time_get_timezone(timezone=*0xd00ffb20, summertime=*0xd00ffb24)
HLE: W {PPU[0x1] Thread (main_thread)[0x00602938]} sysPrxForUser: sys_lwmutex_create(lwmutex=*0x1300498, attr=*0xd00ffb50)
HLE: W {PPU[0x1] Thread (main_thread)[0x00010dcc]} sys_memory: sys_memory_get_user_memory_size(mem_info=*0xd00ffa10)
HLE: W {PPU[0x1] Thread (main_thread)[0x000107b8]} sys_spu: sys_spu_initialize(max_usable_spu=6, max_raw_spu=0)
HLE: W {PPU[0x1] Thread (main_thread)[0x00601938]} cellSysmodule: cellSysmoduleLoadModule(id=0x000a: CELL_SYSMODULE_SPURS)
HLE: W {PPU[0x1] Thread (main_thread)[0x00601938]} cellSysmodule: cellSysmoduleLoadModule(id=0x000e: CELL_SYSMODULE_FS)
HLE: W {PPU[0x1] Thread (main_thread)[0x00601938]} cellSysmodule: cellSysmoduleLoadModule(id=0x0000: CELL_SYSMODULE_NET)
HLE: W {PPU[0x1] Thread (main_thread)[0x00601938]} cellSysmodule: cellSysmoduleLoadModule(id=0x0017: CELL_SYSMODULE_IO)
HLE: W {PPU[0x1] Thread (main_thread)[0x00601938]} cellSysmodule: cellSysmoduleLoadModule(id=0x0011: CELL_SYSMODULE_AUDIO)
HLE: W {PPU[0x1] Thread (main_thread)[0x00601938]} cellSysmodule: cellSysmoduleLoadModule(id=0x0009: CELL_SYSMODULE_RTC)
HLE: W {PPU[0x1] Thread (main_thread)[0x00601938]} cellSysmodule: cellSysmoduleLoadModule(id=0x0016: CELL_SYSMODULE_SYSUTIL_NP)
HLE: W {PPU[0x1] Thread (main_thread)[0x00601b38]} cellSpurs: _cellSpursAttributeInitialize(attr=*0x83ab00, revision=2, sdkVersion=0x330000, nSpus=1, spuPriority=255, ppuPriority=1000, exitIfNoWork=-255)
HLE: W {PPU[0x1] Thread (main_thread)[0x00601b98]} cellSpurs: cellSpursInitializeWithAttribute(spurs=*0x83ad00, attr=*0x83ab00)
HLE: W {PPU[0x1] Thread (main_thread)[0x00601b98]} sys_process: sys_process_is_spu_lock_line_reservation_address(addr=0x83ad00, flags=0x2)
HLE: W {PPU[0x1] Thread (main_thread)[0x00601b98]} sys_semaphore: sys_semaphore_create(sem_id=*0xd00ff908, attr=*0xd00ff8e8, initial_val=0, max_val=1)
HLE: W {PPU[0x1] Thread (main_thread)[0x00601b98]} sys_semaphore: sys_semaphore_create(sem_id=*0xd00ff908, attr=*0xd00ff8e8, initial_val=0, max_val=1)
HLE: W {PPU[0x1] Thread (main_thread)[0x00601b98]} sys_semaphore: sys_semaphore_create(sem_id=*0xd00ff908, attr=*0xd00ff8e8, initial_val=0, max_val=1)
HLE: W {PPU[0x1] Thread (main_thread)[0x00601b98]} sys_semaphore: sys_semaphore_create(sem_id=*0xd00ff908, attr=*0xd00ff8e8, initial_val=0, max_val=1)
HLE: W {PPU[0x1] Thread (main_thread)[0x00601b98]} sys_semaphore: sys_semaphore_create(sem_id=*0xd00ff908, attr=*0xd00ff8e8, initial_val=0, max_val=1)
HLE: W {PPU[0x1] Thread (main_thread)[0x00601b98]} sys_semaphore: sys_semaphore_create(sem_id=*0xd00ff908, attr=*0xd00ff8e8, initial_val=0, max_val=1)
HLE: W {PPU[0x1] Thread (main_thread)[0x00601b98]} sys_semaphore: sys_semaphore_create(sem_id=*0xd00ff908, attr=*0xd00ff8e8, initial_val=0, max_val=1)
HLE: W {PPU[0x1] Thread (main_thread)[0x00601b98]} sys_semaphore: sys_semaphore_create(sem_id=*0xd00ff908, attr=*0xd00ff8e8, initial_val=0, max_val=1)
HLE: W {PPU[0x1] Thread (main_thread)[0x00601b98]} sys_semaphore: sys_semaphore_create(sem_id=*0xd00ff908, attr=*0xd00ff8e8, initial_val=0, max_val=1)
HLE: W {PPU[0x1] Thread (main_thread)[0x00601b98]} sys_semaphore: sys_semaphore_create(sem_id=*0xd00ff908, attr=*0xd00ff8e8, initial_val=0, max_val=1)
HLE: W {PPU[0x1] Thread (main_thread)[0x00601b98]} sys_semaphore: sys_semaphore_create(sem_id=*0xd00ff908, attr=*0xd00ff8e8, initial_val=0, max_val=1)
HLE: W {PPU[0x1] Thread (main_thread)[0x00601b98]} sys_semaphore: sys_semaphore_create(sem_id=*0xd00ff908, attr=*0xd00ff8e8, initial_val=0, max_val=1)
HLE: W {PPU[0x1] Thread (main_thread)[0x00601b98]} sys_semaphore: sys_semaphore_create(sem_id=*0xd00ff908, attr=*0xd00ff8e8, initial_val=0, max_val=1)
HLE: W {PPU[0x1] Thread (main_thread)[0x00601b98]} sys_semaphore: sys_semaphore_create(sem_id=*0xd00ff908, attr=*0xd00ff8e8, initial_val=0, max_val=1)
HLE: W {PPU[0x1] Thread (main_thread)[0x00601b98]} sys_semaphore: sys_semaphore_create(sem_id=*0xd00ff908, attr=*0xd00ff8e8, initial_val=0, max_val=1)
HLE: W {PPU[0x1] Thread (main_thread)[0x00601b98]} sys_semaphore: sys_semaphore_create(sem_id=*0xd00ff908, attr=*0xd00ff8e8, initial_val=0, max_val=1)
HLE: W {PPU[0x1] Thread (main_thread)[0x00601b98]} sys_semaphore: sys_semaphore_create(sem_id=*0xd00ff908, attr=*0xd00ff8e8, initial_val=0, max_val=1)
HLE: W {PPU[0x1] Thread (main_thread)[0x00601b98]} sys_spu: sys_spu_thread_group_create(id=*0xd00ff8c8, num=1, prio=255, attr=*0xd00ff838)
HLE: W {PPU[0x1] Thread (main_thread)[0x00601b98]} sys_spu: sys_spu_thread_initialize(thread=*0xd00ff810, group=0x23, spu_num=0, img=*0x83ba70, attr=*0xd00ff800, arg=*0xd00ff818)
HLE: E {PPU[0x1] Thread (main_thread)[0x00601b98]} sys_spu: Unsupported SPU Thread options (0x2)
HLE: W {PPU[0x1] Thread (main_thread)[0x00601b98]} sysPrxForUser: sys_lwmutex_create(lwmutex=*0x83bab0, attr=*0xd00ff8d0)
HLE: W {PPU[0x1] Thread (main_thread)[0x00601b98]} sysPrxForUser: sys_lwcond_create(lwcond=*0x83bac8, lwmutex=*0x83bab0, attr=*0xd00ff8e0)
HLE: W {PPU[0x1] Thread (main_thread)[0x00601b98]} sys_event: sys_event_queue_create(equeue_id=*0x83ba5c, attr=*0xd00ff768, event_queue_key=0x0, size=42)
HLE: W {PPU[0x1] Thread (main_thread)[0x00601b98]} sys_spu: sys_spu_thread_group_connect_event_all_threads(id=0x23, eq=0x27, req=0xffffffffffff0000, spup=*0x83adc9)
HLE: W {PPU[0x1] Thread (main_thread)[0x00601b98]} sys_event: sys_event_port_create(eport_id=*0x83ba60, port_type=1, name=0x0)
HLE: W {PPU[0x1] Thread (main_thread)[0x00601b98]} sys_event: sys_event_port_connect_local(eport_id=0x28, equeue_id=0x27)
HLE: W {PPU[0x1] Thread (main_thread)[0x00601b98]} cellSpurs: cellSpursEnableExceptionEventHandler(spurs=*0x83ad00, flag=1)
HLE: W {PPU[0x1] Thread (main_thread)[0x00601b98]} sys_spu: sys_spu_thread_group_connect_event(id=0x23, eq=0x27, et=2)
HLE: W {PPU[0x1] Thread (main_thread)[0x00601b98]} cellSpurs: cellSpursWakeUp(spurs=*0x83ad00)
HLE: W {PPU[0x1] Thread (main_thread)[0x00601b38]} cellSpurs: _cellSpursAttributeInitialize(attr=*0x83bd00, revision=2, sdkVersion=0x330000, nSpus=5, spuPriority=150, ppuPriority=1000, exitIfNoWork=-256)
HLE: W {PPU[0x1] Thread (main_thread)[0x00601b98]} cellSpurs: cellSpursInitializeWithAttribute(spurs=*0x83bf00, attr=*0x83bd00)
HLE: W {PPU[0x1] Thread (main_thread)[0x00601b98]} sys_process: sys_process_is_spu_lock_line_reservation_address(addr=0x83bf00, flags=0x2)
HLE: W {PPU[0x1] Thread (main_thread)[0x00601b98]} sys_semaphore: sys_semaphore_create(sem_id=*0xd00ff908, attr=*0xd00ff8e8, initial_val=0, max_val=1)
HLE: W {PPU[0x1] Thread (main_thread)[0x00601b98]} sys_semaphore: sys_semaphore_create(sem_id=*0xd00ff908, attr=*0xd00ff8e8, initial_val=0, max_val=1)
HLE: W {PPU[0x1] Thread (main_thread)[0x00601b98]} sys_semaphore: sys_semaphore_create(sem_id=*0xd00ff908, attr=*0xd00ff8e8, initial_val=0, max_val=1)
HLE: W {PPU[0x1] Thread (main_thread)[0x00601b98]} sys_semaphore: sys_semaphore_create(sem_id=*0xd00ff908, attr=*0xd00ff8e8, initial_val=0, max_val=1)
HLE: W {PPU[0x1] Thread (main_thread)[0x00601b98]} sys_semaphore: sys_semaphore_create(sem_id=*0xd00ff908, attr=*0xd00ff8e8, initial_val=0, max_val=1)
HLE: W {PPU[0x1] Thread (main_thread)[0x00601b98]} sys_semaphore: sys_semaphore_create(sem_id=*0xd00ff908, attr=*0xd00ff8e8, initial_val=0, max_val=1)
HLE: W {PPU[0x1] Thread (main_thread)[0x00601b98]} sys_semaphore: sys_semaphore_create(sem_id=*0xd00ff908, attr=*0xd00ff8e8, initial_val=0, max_val=1)
HLE: W {PPU[0x1] Thread (main_thread)[0x00601b98]} sys_semaphore: sys_semaphore_create(sem_id=*0xd00ff908, attr=*0xd00ff8e8, initial_val=0, max_val=1)
HLE: W {PPU[0x1] Thread (main_thread)[0x00601b98]} sys_semaphore: sys_semaphore_create(sem_id=*0xd00ff908, attr=*0xd00ff8e8, initial_val=0, max_val=1)
HLE: W {PPU[0x1] Thread (main_thread)[0x00601b98]} sys_semaphore: sys_semaphore_create(sem_id=*0xd00ff908, attr=*0xd00ff8e8, initial_val=0, max_val=1)
HLE: W {PPU[0x1] Thread (main_thread)[0x00601b98]} sys_semaphore: sys_semaphore_create(sem_id=*0xd00ff908, attr=*0xd00ff8e8, initial_val=0, max_val=1)
HLE: W {PPU[0x1] Thread (main_thread)[0x00601b98]} sys_semaphore: sys_semaphore_create(sem_id=*0xd00ff908, attr=*0xd00ff8e8, initial_val=0, max_val=1)
HLE: W {PPU[0x1] Thread (main_thread)[0x00601b98]} sys_semaphore: sys_semaphore_create(sem_id=*0xd00ff908, attr=*0xd00ff8e8, initial_val=0, max_val=1)
HLE: W {PPU[0x1] Thread (main_thread)[0x00601b98]} sys_semaphore: sys_semaphore_create(sem_id=*0xd00ff908, attr=*0xd00ff8e8, initial_val=0, max_val=1)
HLE: W {PPU[0x1] Thread (main_thread)[0x00601b98]} sys_semaphore: sys_semaphore_create(sem_id=*0xd00ff908, attr=*0xd00ff8e8, initial_val=0, max_val=1)
HLE: W {PPU[0x1] Thread (main_thread)[0x00601b98]} sys_semaphore: sys_semaphore_create(sem_id=*0xd00ff908, attr=*0xd00ff8e8, initial_val=0, max_val=1)
HLE: W {PPU[0x1] Thread (main_thread)[0x00601b98]} sys_semaphore: sys_semaphore_create(sem_id=*0xd00ff908, attr=*0xd00ff8e8, initial_val=0, max_val=1)
HLE: W {PPU[0x1] Thread (main_thread)[0x00601b98]} sys_spu: sys_spu_thread_group_create(id=*0xd00ff8c8, num=5, prio=150, attr=*0xd00ff838)
HLE: W {PPU[0x1] Thread (main_thread)[0x00601b98]} sys_spu: sys_spu_thread_initialize(thread=*0xd00ff810, group=0x3c, spu_num=0, img=*0x83cc70, attr=*0xd00ff800, arg=*0xd00ff818)
HLE: E {PPU[0x1] Thread (main_thread)[0x00601b98]} sys_spu: Unsupported SPU Thread options (0x2)
HLE: W {PPU[0x1] Thread (main_thread)[0x00601b98]} sys_spu: sys_spu_thread_initialize(thread=*0xd00ff810, group=0x3c, spu_num=1, img=*0x83cc70, attr=*0xd00ff800, arg=*0xd00ff818)
HLE: E {PPU[0x1] Thread (main_thread)[0x00601b98]} sys_spu: Unsupported SPU Thread options (0x2)
HLE: W {PPU[0x1] Thread (main_thread)[0x00601b98]} sys_spu: sys_spu_thread_initialize(thread=*0xd00ff810, group=0x3c, spu_num=2, img=*0x83cc70, attr=*0xd00ff800, arg=*0xd00ff818)
HLE: E {PPU[0x1] Thread (main_thread)[0x00601b98]} sys_spu: Unsupported SPU Thread options (0x2)
HLE: W {PPU[0x1] Thread (main_thread)[0x00601b98]} sys_spu: sys_spu_thread_initialize(thread=*0xd00ff810, group=0x3c, spu_num=3, img=*0x83cc70, attr=*0xd00ff800, arg=*0xd00ff818)
HLE: E {PPU[0x1] Thread (main_thread)[0x00601b98]} sys_spu: Unsupported SPU Thread options (0x2)
HLE: W {PPU[0x1] Thread (main_thread)[0x00601b98]} sys_spu: sys_spu_thread_initialize(thread=*0xd00ff810, group=0x3c, spu_num=4, img=*0x83cc70, attr=*0xd00ff800, arg=*0xd00ff818)
HLE: E {PPU[0x1] Thread (main_thread)[0x00601b98]} sys_spu: Unsupported SPU Thread options (0x2)
HLE: W {PPU[0x1] Thread (main_thread)[0x00601b98]} sysPrxForUser: sys_lwmutex_create(lwmutex=*0x83ccb0, attr=*0xd00ff8d0)
HLE: W {PPU[0x1] Thread (main_thread)[0x00601b98]} sysPrxForUser: sys_lwcond_create(lwcond=*0x83ccc8, lwmutex=*0x83ccb0, attr=*0xd00ff8e0)
HLE: W {PPU[0x1] Thread (main_thread)[0x00601b98]} sys_event: sys_event_queue_create(equeue_id=*0x83cc5c, attr=*0xd00ff768, event_queue_key=0x0, size=42)
HLE: W {PPU[0x1] Thread (main_thread)[0x00601b98]} sys_spu: sys_spu_thread_group_connect_event_all_threads(id=0x3c, eq=0x44, req=0xffffffffffff0000, spup=*0x83bfc9)
HLE: W {PPU[0x1] Thread (main_thread)[0x00601b98]} sys_event: sys_event_port_create(eport_id=*0x83cc60, port_type=1, name=0x0)
HLE: W {PPU[0x1] Thread (main_thread)[0x00601b98]} sys_event: sys_event_port_connect_local(eport_id=0x45, equeue_id=0x44)
HLE: W {PPU[0x1] Thread (main_thread)[0x00601b98]} cellSpurs: cellSpursEnableExceptionEventHandler(spurs=*0x83bf00, flag=1)
HLE: W {PPU[0x47] Thread (SpursHdlr0)[0x00000000]} sys_spu: sys_spu_thread_group_start(id=0x3c)
HLE: W {PPU[0x1] Thread (main_thread)[0x00601b98]} sys_spu: sys_spu_thread_group_connect_event(id=0x3c, eq=0x44, et=2)
SPU: S {PPU[0x47] Thread (SpursHdlr0)[0x00000000]} SPU Database initialized...
SPU: S {PPU[0x47] Thread (SpursHdlr0)[0x00000000]} SPU Recompiler (ASMJIT) created...
HLE: W {PPU[0x47] Thread (SpursHdlr0)[0x00000000]} sys_spu: sys_spu_thread_group_join(id=0x3c, cause=*0x0, status=*0x0)
HLE: W {PPU[0x1] Thread (main_thread)[0x006018b8]} cellSysutil: cellSysutilRegisterCallback(slot=0, func=*0x689510, userdata=*0x0)
HLE: W {PPU[0x1] Thread (main_thread)[0x00602938]} sysPrxForUser: sys_lwmutex_create(lwmutex=*0x20007828, attr=*0xd00ff970)
HLE: W {PPU[0x1] Thread (main_thread)[0x0054d1e0]} sys_memory: sys_memory_allocate(size=0x600000, flags=0x400, alloc_addr=*0xd00ff760)
SPU: S {SPU[0x3d] Thread (CellSpursKernel0)[0x00818]} Function detected [0x00818-0x00820] (size=0x8)
HLE: W {PPU[0x1] Thread (main_thread)[0x00601478]} cellGcmSys: _cellGcmInitBody(context=**0x12ed414, cmdSize=0x3fe000, ioSize=0x400000, ioAddress=0x20100000)
HLE: W {PPU[0x1] Thread (main_thread)[0x00601478]} cellGcmSys: *** local memory(addr=0xc0000000, size=0xf900000)
HLE: W {PPU[0x1] Thread (main_thread)[0x00601478]} cellGcmSys: cellGcmInit(): 256MB io address space used
RSX: ! {RSXThread} RSX thread started
HLE: W {PPU[0x1] Thread (main_thread)[0x0054d1e0]} sys_memory: sys_memory_allocate(size=0x9800000, flags=0x400, alloc_addr=*0xd00ff760)
HLE: W {PPU[0x1] Thread (main_thread)[0x006015f8]} cellGcmSys: cellGcmMapMainMemory(ea=0x20600000, size=0x9600000, offset=*0x12ec9c0)
HLE: W {PPU[0x1] Thread (main_thread)[0x00602938]} sysPrxForUser: sys_lwmutex_create(lwmutex=*0x11f9458, attr=*0xd00ff950)
HLE: W {PPU[0x1] Thread (main_thread)[0x000a1508]} sys_mutex: sys_mutex_create(mutex_id=*0xd00ff8d0, attr=*0xd00ff8d8)
HLE: W {PPU[0x1] Thread (main_thread)[0x000a82b4]} sys_semaphore: sys_semaphore_create(sem_id=*0x20616528, attr=*0x20616508, initial_val=0, max_val=1)
HLE: W {PPU[0x1] Thread (main_thread)[0x00602298]} sys_io: cellPadInit(max_connect=2)
HLE: W {PPU[0x1] Thread (main_thread)[0x00601938]} cellSysmodule: cellSysmoduleLoadModule(id=0x003e: CELL_SYSMODULE_SYSUTIL_GAME)
HLE: W {PPU[0x1] Thread (main_thread)[0x00601df8]} cellGame: cellGameBootCheck(type=*0xd00ff714, attributes=*0xd00ff710, size=*0xd00ff718, dirName=*0xd00ff728)
HLE: W {PPU[0x1] Thread (main_thread)[0x00601dd8]} cellGame: cellGameGetParamInt(id=104, value=*0x1510560)
HLE: W {PPU[0x1] Thread (main_thread)[0x00601d98]} cellGame: cellGameContentPermit(contentInfoPath=*0xd00ff848, usrdirPath=*0x11f93d0)
HLE: W {PPU[0x1] Thread (main_thread)[0x006025d8]} cellSysmodule: cellSysmoduleInitialize()
HLE: W {PPU[0x1] Thread (main_thread)[0x00601938]} cellSysmodule: cellSysmoduleLoadModule(id=0x0017: CELL_SYSMODULE_IO)
HLE: W {PPU[0x1] Thread (main_thread)[0x00601938]} cellSysmodule: cellSysmoduleLoadModule(id=0x000e: CELL_SYSMODULE_FS)
HLE: W {PPU[0x1] Thread (main_thread)[0x00602938]} sysPrxForUser: sys_lwmutex_create(lwmutex=*0x20006ca0, attr=*0xd00ff1e0)
HLE: W {PPU[0x1] Thread (main_thread)[0x00602ad8]} sysPrxForUser: sys_lwcond_create(lwcond=*0x20012f00, lwmutex=*0x20006ca0, attr=*0xd00ff1d0)
HLE: W {PPU[0x1] Thread (main_thread)[0x00602938]} sysPrxForUser: sys_lwmutex_create(lwmutex=*0x20006af0, attr=*0xd00ff170)
HLE: W {PPU[0x1] Thread (main_thread)[0x00602938]} sysPrxForUser: sys_lwmutex_create(lwmutex=*0x20012f30, attr=*0xd00ff1f0)
HLE: W {PPU[0x1] Thread (main_thread)[0x00602938]} sysPrxForUser: sys_lwmutex_create(lwmutex=*0x20012fb8, attr=*0xd00ff290)
HLE: W {PPU[0x1] Thread (main_thread)[0x0046e720]} sys_rwlock: sys_rwlock_create(rw_lock_id=*0x20012fec, attr=*0xd00ff280)
HLE: W {PPU[0x1] Thread (main_thread)[0x00602938]} sysPrxForUser: sys_lwmutex_create(lwmutex=*0x20013008, attr=*0xd00ff290)
HLE: W {PPU[0x1] Thread (main_thread)[0x00602ad8]} sysPrxForUser: sys_lwcond_create(lwcond=*0x20013030, lwmutex=*0x20013008, attr=*0xd00ff280)
HLE: W {PPU[0x1] Thread (main_thread)[0x0046e720]} sys_rwlock: sys_rwlock_create(rw_lock_id=*0x200133ac, attr=*0xd00ff280)
HLE: W {PPU[0x1] Thread (main_thread)[0x00602938]} sysPrxForUser: sys_lwmutex_create(lwmutex=*0x200133e0, attr=*0xd00ff0d0)
HLE: W {PPU[0x1] Thread (main_thread)[0x0046e720]} sys_rwlock: sys_rwlock_create(rw_lock_id=*0x20013464, attr=*0xd00ff1f0)
HLE: W {PPU[0x1] Thread (main_thread)[0x00602938]} sysPrxForUser: sys_lwmutex_create(lwmutex=*0x20013480, attr=*0xd00ff200)
HLE: W {PPU[0x1] Thread (main_thread)[0x00601a58]} cellSpurs: _cellSpursTasksetAttributeInitialize(attribute=*0xd00ff430, revision=1, skd_version=0x330000, args=0x0, priority=*0xd00ff3e0, max_contention=8)
HLE: W {PPU[0x1] Thread (main_thread)[0x00601af8]} cellSpurs: cellSpursTasksetAttributeSetName(attr=*0xd00ff430, name=*0x617fe0)
HLE: W {PPU[0x1] Thread (main_thread)[0x00601bb8]} cellSpurs: cellSpursCreateTasksetWithAttribute(spurs=*0x83bf00, taskset=*0x20014600, attr=*0xd00ff430)
HLE: W {PPU[0x1] Thread (main_thread)[0x00601bb8]} cellSpurs: _cellSpursWorkloadAttributeInitialize(attr=*0xd00ff170, revision=1, sdkVersion=0x33, pm=*0x200, size=0x1e40, data=0x20014600, priority=*0xd00ff440, minCnt=0x8, maxCnt=0x8)
HLE: W {PPU[0x1] Thread (main_thread)[0x00601bb8]} cellSpurs: cellSpursWorkloadAttributeSetName(attr=*0xd00ff170, nameClass=*0x0, nameInstance=*0x617fe0)
HLE: W {PPU[0x1] Thread (main_thread)[0x00601bb8]} cellSpurs: cellSpursAddWorkloadWithAttribute(spurs=*0x83bf00, wid=*0xd00ff168, attr=*0xd00ff170)
HLE: W {PPU[0x1] Thread (main_thread)[0x00601ad8]} cellSpurs: _cellSpursEventFlagInitialize(spurs=*0x83bf00, taskset=*0x0, eventFlag=*0x20015f00, flagClearMode=0, flagDirection=1)
HLE: W {PPU[0x1] Thread (main_thread)[0x00601b18]} cellSpurs: cellSpursEventFlagAttachLv2EventQueue(eventFlag=*0x20015f00)
HLE: W {PPU[0x1] Thread (main_thread)[0x00601b18]} sys_event: sys_event_queue_create(equeue_id=*0xd00ff368, attr=*0xd00ff348, event_queue_key=0x0, size=1)
HLE: W {PPU[0x1] Thread (main_thread)[0x00601b18]} sys_spu: sys_spu_thread_group_connect_event_all_threads(id=0x3c, eq=0x58, req=0xffffffffffff0000, spup=*0xd00ff360)
HLE: E {PPU[0x1] Thread (main_thread)[0x006025f8]} cellSpurs TODO: _cellSpursLFQueueInitialize(pTasksetOrSpurs=*0x83bf01, pQueue=*0x20015f80, buffer=*0x20016000, size=0x20, depth=0xc, direction=3)
HLE: W {PPU[0x1] Thread (main_thread)[0x006025f8]} cellSync: cellSyncLFQueueInitialize(queue=*0x20015f80, buffer=*0x20016000, size=0x20, depth=0xc, direction=3, eaSignal=*0x83bf01)
HLE: E {PPU[0x1] Thread (main_thread)[0x00602618]} cellSpurs: cellSpursLFQueueAttachLv2EventQueue
HLE: W {PPU[0x1] Thread (main_thread)[0x00602678]} cellSpurs: cellSpursCreateTask(taskset=*0x20014600, taskID=*0xd00ff2d0, elf=*0x63f880, context=*0x20013600, size=0xc00, lsPattern=*0x60e5b0, argument=*0xd00ff2d8)
HLE: W {PPU[0x1] Thread (main_thread)[0x00602678]} cellSpurs: cellSpursSendWorkloadSignal(spurs=*0x83bf00, wid=0)
HLE: W {PPU[0x1] Thread (main_thread)[0x00602678]} cellSpurs: cellSpursWakeUp(spurs=*0x83bf00)
HLE: W {PPU[0x1] Thread (main_thread)[0x00602938]} sysPrxForUser: sys_lwmutex_create(lwmutex=*0x29c00030, attr=*0xd00ff150)
HLE: W {PPU[0x1] Thread (main_thread)[0x0046e720]} sys_rwlock: sys_rwlock_create(rw_lock_id=*0x29c000b4, attr=*0xd00ff270)
HLE: W {PPU[0x1] Thread (main_thread)[0x00602938]} sysPrxForUser: sys_lwmutex_create(lwmutex=*0x29c000d0, attr=*0xd00ff280)
HLE: W {PPU[0x1] Thread (main_thread)[0x00602938]} sysPrxForUser: sys_lwmutex_create(lwmutex=*0x29c000f8, attr=*0xd00ff280)
HLE: W {PPU[0x1] Thread (main_thread)[0x00602938]} sysPrxForUser: sys_lwmutex_create(lwmutex=*0x29c00190, attr=*0xd00ff280)
HLE: W {PPU[0x1] Thread (main_thread)[0x00602ad8]} sysPrxForUser: sys_lwcond_create(lwcond=*0x29c001b8, lwmutex=*0x29c00190, attr=*0xd00ff270)
HLE: W {PPU[0x1] Thread (main_thread)[0x00602938]} sysPrxForUser: sys_lwmutex_create(lwmutex=*0x29c00260, attr=*0xd00ff280)
HLE: W {PPU[0x1] Thread (main_thread)[0x00602938]} sysPrxForUser: sys_lwmutex_create(lwmutex=*0x29c00b10, attr=*0xd00ff180)
HLE: W {PPU[0x1] Thread (main_thread)[0x00602938]} sysPrxForUser: sys_lwmutex_create(lwmutex=*0x29c00b38, attr=*0xd00ff180)
HLE: W {PPU[0x1] Thread (main_thread)[0x0046e720]} sys_rwlock: sys_rwlock_create(rw_lock_id=*0x29c00b5c, attr=*0xd00ff170)
HLE: W {PPU[0x1] Thread (main_thread)[0x00602938]} sysPrxForUser: sys_lwmutex_create(lwmutex=*0x29c00b78, attr=*0xd00ff180)
HLE: W {PPU[0x1] Thread (main_thread)[0x00602938]} sysPrxForUser: sys_lwmutex_create(lwmutex=*0x29c00be0, attr=*0xd00ff180)
HLE: W {PPU[0x1] Thread (main_thread)[0x00602ad8]} sysPrxForUser: sys_lwcond_create(lwcond=*0x29c00c08, lwmutex=*0x29c00be0, attr=*0xd00ff170)
HLE: W {PPU[0x1] Thread (main_thread)[0x00602ad8]} sysPrxForUser: sys_lwcond_create(lwcond=*0x29c00c20, lwmutex=*0x29c00be0, attr=*0xd00ff170)
HLE: W {PPU[0x1] Thread (main_thread)[0x00602938]} sysPrxForUser: sys_lwmutex_create(lwmutex=*0x29c00c38, attr=*0xd00ff180)
HLE: W {PPU[0x1] Thread (main_thread)[0x00602938]} sysPrxForUser: sys_lwmutex_create(lwmutex=*0x29c00c88, attr=*0xd00ff180)
HLE: W {PPU[0x1] Thread (main_thread)[0x00602ad8]} sysPrxForUser: sys_lwcond_create(lwcond=*0x29c00e20, lwmutex=*0x29c00c88, attr=*0xd00ff170)
HLE: W {PPU[0x1] Thread (main_thread)[0x00602ad8]} sysPrxForUser: sys_lwcond_create(lwcond=*0x29c00e38, lwmutex=*0x29c00c88, attr=*0xd00ff170)
HLE: W {PPU[0x1] Thread (main_thread)[0x00602ad8]} sysPrxForUser: sys_lwcond_create(lwcond=*0x29c00e50, lwmutex=*0x29c00c88, attr=*0xd00ff170)
HLE: W {PPU[0x1] Thread (main_thread)[0x006028b8]} sysPrxForUser: sys_ppu_thread_create(thread_id=*0x29c00e90, entry=0x6bba38, arg=0x29c00e58, prio=99, stacksize=0x8000, flags=0x1, threadname=*0x29c00e60)
HLE: W {PPU[0x1] Thread (main_thread)[0x006028b8]} sys_ppu_thread: _sys_ppu_thread_create(thread_id=*0x29c00e90, param=*0xd00ff128, arg=0x29c00e58, unk=0x0, prio=99, stacksize=0x8000, flags=0x1, threadname=*0x29c00e60)
HLE: W {PPU[0x1] Thread (main_thread)[0x006028b8]} sys_ppu_thread: sys_ppu_thread_start(thread_id=0x6c)
HLE: W {PPU[0x1] Thread (main_thread)[0x006028b8]} sysPrxForUser: sys_ppu_thread_create(thread_id=*0x29c00ed0, entry=0x6bba38, arg=0x29c00e98, prio=99, stacksize=0x8000, flags=0x1, threadname=*0x29c00ea0)
HLE: W {PPU[0x1] Thread (main_thread)[0x006028b8]} sys_ppu_thread: _sys_ppu_thread_create(thread_id=*0x29c00ed0, param=*0xd00ff128, arg=0x29c00e98, unk=0x0, prio=99, stacksize=0x8000, flags=0x1, threadname=*0x29c00ea0)
HLE: W {PPU[0x1] Thread (main_thread)[0x006028b8]} sys_ppu_thread: sys_ppu_thread_start(thread_id=0x6d)
HLE: W {PPU[0x1] Thread (main_thread)[0x006028b8]} sysPrxForUser: sys_ppu_thread_create(thread_id=*0x29c00f10, entry=0x6bba38, arg=0x29c00ed8, prio=99, stacksize=0x8000, flags=0x1, threadname=*0x29c00ee0)
HLE: W {PPU[0x1] Thread (main_thread)[0x006028b8]} sys_ppu_thread: _sys_ppu_thread_create(thread_id=*0x29c00f10, param=*0xd00ff128, arg=0x29c00ed8, unk=0x0, prio=99, stacksize=0x8000, flags=0x1, threadname=*0x29c00ee0)
HLE: W {PPU[0x1] Thread (main_thread)[0x006028b8]} sys_ppu_thread: sys_ppu_thread_start(thread_id=0x6e)
HLE: W {PPU[0x1] Thread (main_thread)[0x006028b8]} sysPrxForUser: sys_ppu_thread_create(thread_id=*0x29c00bc8, entry=0x6bba38, arg=0x29c00b90, prio=100, stacksize=0x10000, flags=0x1, threadname=*0x29c00b98)
HLE: W {PPU[0x1] Thread (main_thread)[0x006028b8]} sys_ppu_thread: _sys_ppu_thread_create(thread_id=*0x29c00bc8, param=*0xd00ff128, arg=0x29c00b90, unk=0x0, prio=100, stacksize=0x10000, flags=0x1, threadname=*0x29c00b98)
HLE: W {PPU[0x1] Thread (main_thread)[0x006028b8]} sys_ppu_thread: sys_ppu_thread_start(thread_id=0x6f)
HLE: W {PPU[0x1] Thread (main_thread)[0x006028b8]} sysPrxForUser: sys_ppu_thread_create(thread_id=*0xd00ff678, entry=0x68e138, arg=0xd00ff6700068e140, prio=1200, stacksize=0x2000, flags=0x0, threadname=*0x614ab0)
HLE: W {PPU[0x1] Thread (main_thread)[0x006028b8]} sys_ppu_thread: _sys_ppu_thread_create(thread_id=*0xd00ff678, param=*0xd00ff5f8, arg=0xd00ff6700068e140, unk=0x0, prio=1200, stacksize=0x2000, flags=0x0, threadname=*0x614ab0)
HLE: W {PPU[0x1] Thread (main_thread)[0x006028b8]} sys_ppu_thread: sys_ppu_thread_start(thread_id=0x70)
HLE: W {PPU[0x70] Thread (ValidateNPDRM)[0x00601938]} cellSysmodule: cellSysmoduleLoadModule(id=0x0016: CELL_SYSMODULE_SYSUTIL_NP)
HLE: W {PPU[0x70] Thread (ValidateNPDRM)[0x00601e58]} sceNp: sceNpInit(poolsize=0x20000, poolptr=*0x11f9488)
HLE: W {PPU[0x6c] Thread (fios mediathread 2)[0x00601e98]} sceNp: sceNpDrmIsAvailable2(k_licensee=*0x6d2f31, drm_path=*0xd012f410)
HLE: W {PPU[0x6c] Thread (fios mediathread 2)[0x00601e98]} sceNp: npDrmIsAvailable(): Found DRM license file at /dev_hdd0/game/NPEB00840/USRDIR/KEY_FILE.EDAT
HLE: W {PPU[0x6c] Thread (fios mediathread 2)[0x00601e98]} sceNp: npDrmIsAvailable(): Using k_licensee 0x044f8c99e9272aeaaefa946680e1dc590
LDR: E {PPU[0x6c] Thread (fios mediathread 2)[0x00601e98]} EDAT: D:/Emulateurs/Rpcs3/dev_hdd0/game/NPEB00840/USRDIR/KEY_FILE.EDAT has invalid NPD header or already decrypted.
HLE: W {PPU[0x6c] Thread (fios mediathread 2)[0x00602418]} cellFs: cellFsOpen(path=*0xd012f410, flags=0, fd=*0xd012f2c4, arg=*0xd012f2d8, size=0x8) -> sys_fs_open()
HLE: W {PPU[0x6c] Thread (fios mediathread 2)[0x00602418]} sys_fs: sys_fs_open(path=*0xd012f410, flags=0, fd=*0xd012f2c4, mode=0, arg=*0xd012f2d8, size=0x8)
HLE: W {PPU[0x6c] Thread (fios mediathread 2)[0x00602418]} sys_fs: *** path = '/dev_hdd0/game/NPEB00840/USRDIR/KEY_FILE.EDAT'
HLE: W {PPU[0x6c] Thread (fios mediathread 2)[0x00602538]} sys_fs: sys_fs_fstat(fd=3, sb=*0xd012f384)
HLE: W {PPU[0x70] Thread (ValidateNPDRM)[0x00601e18]} sceNp: sceNpTerm()
HLE: W {PPU[0x1] Thread (main_thread)[0x00601918]} cellSysmodule: cellSysmoduleUnloadModule(id=0x003e: CELL_SYSMODULE_SYSUTIL_GAME)
HLE: W {PPU[0x1] Thread (main_thread)[0x006028b8]} sysPrxForUser: sys_ppu_thread_create(thread_id=*0xd00ff990, entry=0x68d7e0, arg=0x0, prio=1001, stacksize=0x4000, flags=0x0, threadname=*0x614660)
HLE: W {PPU[0x1] Thread (main_thread)[0x006028b8]} sys_ppu_thread: _sys_ppu_thread_create(thread_id=*0xd00ff990, param=*0xd00ff918, arg=0x0, unk=0x0, prio=1001, stacksize=0x4000, flags=0x0, threadname=*0x614660)
HLE: W {PPU[0x1] Thread (main_thread)[0x006028b8]} sys_ppu_thread: sys_ppu_thread_start(thread_id=0x71)
HLE: W {PPU[0x71] Thread (sdu_list_item)[0x006017d8]} cellSysutil: cellSaveDataListAutoLoad(version=0, errDialog=2, setList=*0xd0153ca0, setBuf=*0xd0153cb0, funcFixed=*0x68d7c8, funcStat=*0x0, funcFile=*0x0, container=0xffffffff, userdata=*0x0)
HLE: W {PPU[0x6c] Thread (fios mediathread 2)[0x00602438]} cellFs: cellFsStat(path=*0xd012f400, sb=*0xd012f374) -> sys_fs_stat()
HLE: W {PPU[0x6c] Thread (fios mediathread 2)[0x00602438]} sys_fs: sys_fs_stat(path=*0xd012f400, sb=*0xd012f374)
HLE: W {PPU[0x6c] Thread (fios mediathread 2)[0x00602438]} sys_fs: *** path = '/dev_hdd0/game/NPEB00840/USRDIR/main.ini'
HLE: W {PPU[0x71] Thread (sdu_list_item)[0x00601938]} cellSysmodule: cellSysmoduleLoadModule(id=0x0033: CELL_SYSMODULE_SYSUTIL_SAVEDATA)
HLE: W {PPU[0x71] Thread (sdu_list_item)[0x00601918]} cellSysmodule: cellSysmoduleUnloadModule(id=0x0033: CELL_SYSMODULE_SYSUTIL_SAVEDATA)
HLE: W {PPU[0x6c] Thread (fios mediathread 2)[0x00602418]} cellFs: cellFsOpen(path=*0xd012eb40, flags=0, fd=*0xd012e9f4, arg=*0x0, size=0x0) -> sys_fs_open()
HLE: W {PPU[0x6c] Thread (fios mediathread 2)[0x00602418]} sys_fs: sys_fs_open(path=*0xd012eb40, flags=0, fd=*0xd012e9f4, mode=0, arg=*0x0, size=0x0)
HLE: W {PPU[0x6c] Thread (fios mediathread 2)[0x00602418]} sys_fs: *** path = '/dev_hdd0/game/NPEB00840/USRDIR/main.ini'
HLE: W {PPU[0x6c] Thread (fios mediathread 2)[0x00602538]} sys_fs: sys_fs_fstat(fd=3, sb=*0xd012eab4)
HLE: W {PPU[0x6c] Thread (fios mediathread 2)[0x00602538]} sys_fs: sys_fs_fstat(fd=3, sb=*0xd012f164)
HLE: S {PPU[0x71] Thread (sdu_list_item)[0x006017d8]} Last function: cellSaveDataListAutoLoad (0x21425307)
G: ! {PPU[0x71] Thread (sdu_list_item)[0x006017d8]} Registers:
=========
GPR[0] = 0x656000
GPR[1] = 0xd0153470
GPR[2] = 0x6cb3b0
GPR[3] = 0x0
GPR[4] = 0xd0153484
GPR[5] = 0xd01534e8
GPR[6] = 0xd0153cb0
GPR[7] = 0x68d7c8
GPR[8] = 0x0
GPR[9] = 0x0
GPR[10] = 0xffffffff
GPR[11] = 0x9c2be70
GPR[12] = 0x42000082
GPR[13] = 0x156af58
GPR[14] = 0x0
GPR[15] = 0x0
GPR[16] = 0x0
GPR[17] = 0x0
GPR[18] = 0x0
GPR[19] = 0x0
GPR[20] = 0x0
GPR[21] = 0x0
GPR[22] = 0x0
GPR[23] = 0x0
GPR[24] = 0x0
GPR[25] = 0x0
GPR[26] = 0x0
GPR[27] = 0x0
GPR[28] = 0x0
GPR[29] = 0xd0153cd8
GPR[30] = 0x0
GPR[31] = 0x0
FPR[0] = 0
FPR[1] = 0
FPR[2] = 0
FPR[3] = 0
FPR[4] = 0
FPR[5] = 0
FPR[6] = 0
FPR[7] = 0
FPR[8] = 0
FPR[9] = 0
FPR[10] = 0
FPR[11] = 0
FPR[12] = 0
FPR[13] = 0
FPR[14] = 0
FPR[15] = 0
FPR[16] = 0
FPR[17] = 0
FPR[18] = 0
FPR[19] = 0
FPR[20] = 0
FPR[21] = 0
FPR[22] = 0
FPR[23] = 0
FPR[24] = 0
FPR[25] = 0
FPR[26] = 0
FPR[27] = 0
FPR[28] = 0
FPR[29] = 0
FPR[30] = 0
FPR[31] = 0
VPR[0] = 0x00000000000000000000000000000000 [x: 0 y: 0 z: 0 w: 0]
VPR[1] = 0x00000000000000000000000000000000 [x: 0 y: 0 z: 0 w: 0]
VPR[2] = 0x00000000000000000000000000000000 [x: 0 y: 0 z: 0 w: 0]
VPR[3] = 0x00000000000000000000000000000000 [x: 0 y: 0 z: 0 w: 0]
VPR[4] = 0x00000000000000000000000000000000 [x: 0 y: 0 z: 0 w: 0]
VPR[5] = 0x00000000000000000000000000000000 [x: 0 y: 0 z: 0 w: 0]
VPR[6] = 0x00000000000000000000000000000000 [x: 0 y: 0 z: 0 w: 0]
VPR[7] = 0x00000000000000000000000000000000 [x: 0 y: 0 z: 0 w: 0]
VPR[8] = 0x00000000000000000000000000000000 [x: 0 y: 0 z: 0 w: 0]
VPR[9] = 0x00000000000000000000000000000000 [x: 0 y: 0 z: 0 w: 0]
VPR[10] = 0x00000000000000000000000000000000 [x: 0 y: 0 z: 0 w: 0]
VPR[11] = 0x00000000000000000000000000000000 [x: 0 y: 0 z: 0 w: 0]
VPR[12] = 0x00000000000000000000000000000000 [x: 0 y: 0 z: 0 w: 0]
VPR[13] = 0x00000000000000000000000000000000 [x: 0 y: 0 z: 0 w: 0]
VPR[14] = 0x00000000000000000000000000000000 [x: 0 y: 0 z: 0 w: 0]
VPR[15] = 0x00000000000000000000000000000000 [x: 0 y: 0 z: 0 w: 0]
VPR[16] = 0x00000000000000000000000000000000 [x: 0 y: 0 z: 0 w: 0]
VPR[17] = 0x00000000000000000000000000000000 [x: 0 y: 0 z: 0 w: 0]
VPR[18] = 0x00000000000000000000000000000000 [x: 0 y: 0 z: 0 w: 0]
VPR[19] = 0x00000000000000000000000000000000 [x: 0 y: 0 z: 0 w: 0]
VPR[20] = 0x00000000000000000000000000000000 [x: 0 y: 0 z: 0 w: 0]
VPR[21] = 0x00000000000000000000000000000000 [x: 0 y: 0 z: 0 w: 0]
VPR[22] = 0x00000000000000000000000000000000 [x: 0 y: 0 z: 0 w: 0]
VPR[23] = 0x00000000000000000000000000000000 [x: 0 y: 0 z: 0 w: 0]
VPR[24] = 0x00000000000000000000000000000000 [x: 0 y: 0 z: 0 w: 0]
VPR[25] = 0x00000000000000000000000000000000 [x: 0 y: 0 z: 0 w: 0]
VPR[26] = 0x00000000000000000000000000000000 [x: 0 y: 0 z: 0 w: 0]
VPR[27] = 0x00000000000000000000000000000000 [x: 0 y: 0 z: 0 w: 0]
VPR[28] = 0x00000000000000000000000000000000 [x: 0 y: 0 z: 0 w: 0]
VPR[29] = 0x00000000000000000000000000000000 [x: 0 y: 0 z: 0 w: 0]
VPR[30] = 0x00000000000000000000000000000000 [x: 0 y: 0 z: 0 w: 0]
VPR[31] = 0x00000000000000000000000000000000 [x: 0 y: 0 z: 0 w: 0]
CR = 0x42000082
LR = 0xa018c
CTR = 0x0
XER = 0x0 [CA=0 | OV=8589934592 | SO=0]
FPSCR = 0x0 [RN=0 | NI=0 | XE=0 | ZE=0 | UE=0 | OE=0 | VE=0 | VXCVI=0 | VXSQRT=0 | VXSOFT=0 | FPRF=0 | FI=0 | FR=0 | VXVC=0 | VXIMZ=0 | VXZDZ=0 | VXIDI=0 | VXISI=0 | VXSNAN=0 | XX=0 | ZX=0 | UX=0 | OX=0 | VX=0 | FEX=0 | FX=0]

G: E {PPU[0x71] Thread (sdu_list_item)[0x006017d8]} Exception: Access violation reading location 0x0
(in file ..\Utilities\Thread.cpp:1122, in function _se_translator)
HLE: W {PPU[0x1] Thread (main_thread)[0x00601838]} cellSysutil: cellSysutilGetSystemParamInt(id=0x111(ID_LANG), value=*0xd00ff5d4)
HLE: W {PPU[0x1] Thread (main_thread)[0x00601c58]} sceNpTrophy: sceNpTrophyInit(pool=*0x0, poolSize=0x0, containerId=0xffffffff, options=0x0)
HLE: W {PPU[0x1] Thread (main_thread)[0x00601d38]} sceNpTrophy: sceNpTrophyCreateContext(context=*0x20610178, commId=*0x604434, commSign=*0x6044e0, options=0x0)
HLE: W {PPU[0x1] Thread (main_thread)[0x00601bf8]} sceNpTrophy: sceNpTrophyCreateHandle(handle=*0x2061017c)
HLE: W {PPU[0x1] Thread (main_thread)[0x000a1508]} sys_mutex: sys_mutex_create(mutex_id=*0xd00ff760, attr=*0xd00ff768)
HLE: W {PPU[0x1] Thread (main_thread)[0x000a1570]} sys_cond: sys_cond_create(cond_id=*0xd00ff770, mutex_id=0x74, attr=*0xd00ff778)
HLE: W {PPU[0x1] Thread (main_thread)[0x000a1570]} sys_cond: sys_cond_create(cond_id=*0xd00ff770, mutex_id=0x74, attr=*0xd00ff778)
HLE: W {PPU[0x1] Thread (main_thread)[0x006028b8]} sysPrxForUser: sys_ppu_thread_create(thread_id=*0xd00ff800, entry=0x68e530, arg=0x206101700068e588, prio=1200, stacksize=0x2000, flags=0x1, threadname=*0x6154d8)
HLE: W {PPU[0x1] Thread (main_thread)[0x006028b8]} sys_ppu_thread: _sys_ppu_thread_create(thread_id=*0xd00ff800, param=*0xd00ff788, arg=0x206101700068e588, unk=0x0, prio=1200, stacksize=0x2000, flags=0x1, threadname=*0x6154d8)
HLE: W {PPU[0x1] Thread (main_thread)[0x006028b8]} sys_ppu_thread: sys_ppu_thread_start(thread_id=0x77)
HLE: E {PPU[0x1] Thread (main_thread)[0x00601eb8]} sceNp: sceNpManagerGetNpId
HLE: W {PPU[0x1] Thread (main_thread)[0x00601938]} cellSysmodule: cellSysmoduleLoadModule(id=0x0003: CELL_SYSMODULE_SSL)
HLE: E {PPU[0x77] Thread (Trophy System)[0x00601c18]} sceNpTrophy TODO: sceNpTrophyGetRequiredDiskSpace(context=0x72, handle=0x73, reqspace=*0xd0157a20, options=0x0)
HLE: E {PPU[0x1] Thread (main_thread)[0x00602258]} cellSsl: cellSslInit
HLE: E {PPU[0x1] Thread (main_thread)[0x00602238]} cellSsl: cellSslCertificateLoader
HLE: E {PPU[0x77] Thread (Trophy System)[0x00601bd8]} sceNpTrophy: sceNpTrophyRegisterContext(context=0x72, handle=0x73, statusCb=*0x68e6e8, arg=*0x20610184, options=0x1)
HLE: E {PPU[0x1] Thread (main_thread)[0x00602238]} cellSsl: cellSslCertificateLoader
HLE: E {PPU[0x1] Thread (main_thread)[0x00602218]} cellSsl: cellSslEnd
HLE: W {PPU[0x1] Thread (main_thread)[0x00601918]} cellSysmodule: cellSysmoduleUnloadModule(id=0x0003: CELL_SYSMODULE_SSL)
HLE: W {PPU[0x1] Thread (main_thread)[0x005e2d1c]} sys_mutex: sys_mutex_create(mutex_id=*0x2002b5c0, attr=*0xd00ff438)
HLE: W {PPU[0x1] Thread (main_thread)[0x00601938]} cellSysmodule: cellSysmoduleLoadModule(id=0x0000: CELL_SYSMODULE_NET)
HLE: W {PPU[0x1] Thread (main_thread)[0x00601f58]} sys_net: sys_net_initialize_network_ex(param=*0xd00ff4b0)
HLE: W {PPU[0x1] Thread (main_thread)[0x00601f58]} sys_net: sys_net_initialize_network_ex(param=*0xd00ff4b0)
HLE: W {PPU[0x1] Thread (main_thread)[0x00601f38]} cellNetCtl: cellNetCtlInit()
HLE: W {PPU[0x1] Thread (main_thread)[0x00601938]} cellSysmodule: cellSysmoduleLoadModule(id=0x0016: CELL_SYSMODULE_SYSUTIL_NP)
HLE: W {PPU[0x1] Thread (main_thread)[0x00601e58]} sceNp: sceNpInit(poolsize=0x20000, poolptr=*0x2004b5e0)
HLE: W {PPU[0x1] Thread (main_thread)[0x005e2d1c]} sys_mutex: sys_mutex_create(mutex_id=*0x2006b668, attr=*0xd00ff4b0)
HLE: W {PPU[0x1] Thread (main_thread)[0x005e2d1c]} sys_mutex: sys_mutex_create(mutex_id=*0x2006b830, attr=*0xd00ff4d0)
HLE: E {PPU[0x1] Thread (main_thread)[0x00601ef8]} cellNetCtl TODO: cellNetCtlGetInfo(code=0x15 (INFO_HTTP_PROXY_CONFIG), info=*0xd00ff2c0)
HLE: W {PPU[0x1] Thread (main_thread)[0x005e2d1c]} sys_mutex: sys_mutex_create(mutex_id=*0x12ed3d0, attr=*0xd00ff5a0)
HLE: W {PPU[0x1] Thread (main_thread)[0x005e2d1c]} sys_mutex: sys_mutex_create(mutex_id=*0x2006b890, attr=*0xd00ff4a0)
HLE: W {PPU[0x1] Thread (main_thread)[0x005e2d1c]} sys_mutex: sys_mutex_create(mutex_id=*0x2006ba38, attr=*0xd00ff4a0)
HLE: W {PPU[0x1] Thread (main_thread)[0x005e2d1c]} sys_mutex: sys_mutex_create(mutex_id=*0x2006ba98, attr=*0xd00ff410)
HLE: W {PPU[0x1] Thread (main_thread)[0x005e2d1c]} sys_mutex: sys_mutex_create(mutex_id=*0x2006bad8, attr=*0xd00ff410)
HLE: W {PPU[0x1] Thread (main_thread)[0x005e2d1c]} sys_mutex: sys_mutex_create(mutex_id=*0x2006bb18, attr=*0xd00ff580)
HLE: W {PPU[0x1] Thread (main_thread)[0x005e2d1c]} sys_mutex: sys_mutex_create(mutex_id=*0x2002b4b8, attr=*0xd00ff508)
HLE: W {PPU[0x1] Thread (main_thread)[0x005e2da0]} sys_cond: sys_cond_create(cond_id=*0x2002b4bc, mutex_id=0x81, attr=*0xd00ff530)
HLE: W {PPU[0x1] Thread (main_thread)[0x005e2d1c]} sys_mutex: sys_mutex_create(mutex_id=*0x2002b4d0, attr=*0xd00ff520)
HLE: W {PPU[0x1] Thread (main_thread)[0x005e2d1c]} sys_mutex: sys_mutex_create(mutex_id=*0x2002b4f0, attr=*0xd00ff4b0)
HLE: W {PPU[0x1] Thread (main_thread)[0x006028b8]} sysPrxForUser: sys_ppu_thread_create(thread_id=*0x2002b4a8, entry=0x6b7f10, arg=0x2002b4a0, prio=1001, stacksize=0x6000, flags=0x1, threadname=*0x60d7a8)
HLE: W {PPU[0x1] Thread (main_thread)[0x006028b8]} sys_ppu_thread: _sys_ppu_thread_create(thread_id=*0x2002b4a8, param=*0xd00ff5b8, arg=0x2002b4a0, unk=0x0, prio=1001, stacksize=0x6000, flags=0x1, threadname=*0x60d7a8)
HLE: W {PPU[0x1] Thread (main_thread)[0x006028b8]} sys_ppu_thread: sys_ppu_thread_start(thread_id=0x85)
HLE: W {PPU[0x85] Thread (ZThread)[0x005e2d1c]} sys_mutex: sys_mutex_create(mutex_id=*0x2006bb68, attr=*0xd015d960)
HLE: W {PPU[0x85] Thread (ZThread)[0x005e2d1c]} sys_mutex: sys_mutex_create(mutex_id=*0x2006bc30, attr=*0xd015da60)
HLE: E {PPU[0x77] Thread (Trophy System)[0x00601c98]} sceNpTrophy: sceNpTrophyGetGameInfo(context=0x72, handle=0x73, details=*0x20610190, data=*0x20610628)
HLE: E {PPU[0x77] Thread (Trophy System)[0x00601d18]} sceNpTrophy: sceNpTrophyGetTrophyUnlockState(context=0x72, handle=0x73, flags=*0x2061063c, count=*0xd0157a90)
G: ! Stopping emulator...
G: ! All threads signaled...
G: ! {SPU[0x24] Thread (CellSpursKernel0)[0x00000]} Thread aborted
G: ! {PPU[0x2] Thread (Callback Thread)[0x00000000]} Thread aborted
G: ! {PPU[0x29] Thread (SpursHdlr1)[0x00000000]} Thread aborted
G: ! {PPU[0x2a] Thread (SpursHdlr0)[0x00000000]} Thread aborted
HLE: S {PPU[0x6c] Thread (fios mediathread 2)[0x006028f8]} Last function: sys_lwcond_wait (0x2a6d9d51)
G: ! {PPU[0x46] Thread (SpursHdlr1)[0x00000000]} Thread aborted
HLE: S {PPU[0x6d] Thread (fios mediathread 3)[0x006028f8]} Last function: sys_lwcond_wait (0x2a6d9d51)
G: ! {PPU[0x6c] Thread (fios mediathread 2)[0x006028f8]} Thread aborted
HLE: S {PPU[0x6e] Thread (fios mediathread 4)[0x006028f8]} Last function: sys_lwcond_wait (0x2a6d9d51)
G: ! {PPU[0x6d] Thread (fios mediathread 3)[0x006028f8]} Thread aborted
HLE: S {PPU[0x6f] Thread (fios scheduler 1)[0x006028f8]} Last function: sys_lwcond_wait (0x2a6d9d51)
G: ! {PPU[0x6e] Thread (fios mediathread 4)[0x006028f8]} Thread aborted
HLE: S {PPU[0x77] Thread (Trophy System)[0x000a834c]} Last syscall: 92 (sys_semaphore_wait)
G: ! {PPU[0x6f] Thread (fios scheduler 1)[0x006028f8]} Thread aborted
HLE: S {PPU[0x85] Thread (ZThread)[0x005e2fa8]} Last syscall: 107 (sys_cond_wait)
G: ! {PPU[0x77] Thread (Trophy System)[0x000a834c]} Thread aborted
G: ! {PPU[0x85] Thread (ZThread)[0x005e2fa8]} Thread aborted
G: ! {VBlank Thread} Thread aborted
G: ! {PPU[0x47] Thread (SpursHdlr0)[0x00000000]} Thread aborted
HLE: S {PPU[0x1] Thread (main_thread)[0x000a4324]} Last syscall: 141 (sys_timer_usleep)
G: ! {PPU[0x1] Thread (main_thread)[0x000a4324]} Thread aborted
G: ! {SPU[0x3e] Thread (CellSpursKernel1)[0x00818]} Thread aborted
G: ! {SPU[0x41] Thread (CellSpursKernel4)[0x00818]} Thread aborted
G: ! {SPU[0x3d] Thread (CellSpursKernel0)[0x00818]} Thread aborted
G: ! {SPU[0x3f] Thread (CellSpursKernel2)[0x00818]} Thread aborted
G: ! {SPU[0x40] Thread (CellSpursKernel3)[0x00818]} Thread aborted
G: ! All threads stopped...
G: ! Objects cleared...
