LDR: E PSFLoader::Load() failed: unknown magic (0x0)
G: ! RPCS3 v0.0.0.6-3726-4a6b4ee
G: ! 
G: ! Stopping emulator...
LDR: ! Loading 'D:/Emulateurs/Rpcs3/dev_hdd0/game/NPEB01421/USRDIR/BOOT.BIN'...
G: W fs::file::open('D:/Emulateurs/Rpcs3/dev_hdd0/game/NPEB01421/dev_bdvd.path', 0x1) failed: error 0x2
LDR: ! 
LDR: ! Mount info:
LDR: ! /dev_usb000/ -> D:/Emulateurs/Rpcs3/dev_usb000/
LDR: ! /dev_flash/ -> D:/Emulateurs/Rpcs3/dev_flash/
LDR: ! /host_root/ -> 
LDR: ! /dev_hdd0/ -> D:/Emulateurs/Rpcs3/dev_hdd0/
LDR: ! /dev_hdd1/ -> D:/Emulateurs/Rpcs3/dev_hdd1/
LDR: ! /dev_usb/ -> D:/Emulateurs/Rpcs3/dev_usb000/
LDR: ! 
LDR: ! Settings:
LDR: ! CPU: PPU Interpreter 2
LDR: ! SPU: SPU Recompiler (ASMJIT)
LDR: ! Renderer: DirectX 12
LDR: ! D3D Adapter: WARP
LDR: ! Resolution: 1280x720
LDR: ! Write Depth Buffer: No
LDR: ! Write Color Buffers: No
LDR: ! Read Color Buffer: No
LDR: ! Audio Out: XAudio2
LDR: ! Log Everything: No
LDR: ! RSX Logging: No
LDR: ! 
LDR: ! Title: Proteus
LDR: ! Serial: NPEB01421
LDR: ! Elf path: /dev_hdd0/game/NPEB01421/USRDIR/BOOT.BIN
LDR: ! 
LDR: ! loader::init() failed: Broken file
LDR: ! *** sdk version: 0x440001
LDR: ! *** primary prio: 1001
LDR: ! *** primary stacksize: 0x20000
LDR: ! *** malloc pagesize: 0x100000
LDR: ! *** ppc seg: 0x0
LDR: ! Imported function 'cellPadInit' in 'sys_io' module (0x1aaabc)
LDR: ! Imported function 'cellPadEnd' in 'sys_io' module (0x1aaadc)
LDR: ! Imported function 'cellPadSetPortSetting' in 'sys_io' module (0x1aaafc)
LDR: ! Imported function 'cellPadGetData' in 'sys_io' module (0x1aab1c)
LDR: ! Imported function 'cellPadGetInfo2' in 'sys_io' module (0x1aab3c)
LDR: ! Imported function 'cellPadSetActDirect' in 'sys_io' module (0x1aab5c)
LDR: ! Imported function 'cellFsClose' in 'sys_fs' module (0x1aab7c)
LDR: ! Imported function 'cellFsOpendir' in 'sys_fs' module (0x1aab9c)
LDR: ! Imported function 'cellFsRead' in 'sys_fs' module (0x1aabbc)
LDR: ! Imported function 'cellFsOpen' in 'sys_fs' module (0x1aabdc)
LDR: ! Imported function 'cellFsStat' in 'sys_fs' module (0x1aabfc)
LDR: ! Imported function 'cellFsGetDirectoryEntries' in 'sys_fs' module (0x1aac1c)
LDR: ! Imported function 'cellFsLseek' in 'sys_fs' module (0x1aac3c)
LDR: ! Imported function 'cellFsWrite' in 'sys_fs' module (0x1aac5c)
LDR: ! Imported function 'cellFsClosedir' in 'sys_fs' module (0x1aac7c)
LDR: ! Imported function 'cellGcmGetTiledPitchSize' in 'cellGcmSys' module (0x1aac9c)
LDR: ! Imported function 'cellGcmAddressToOffset' in 'cellGcmSys' module (0x1aacbc)
LDR: ! Imported function 'cellGcmBindTile' in 'cellGcmSys' module (0x1aacdc)
LDR: ! Imported function 'cellGcmSetTileInfo' in 'cellGcmSys' module (0x1aacfc)
LDR: ! Imported function 'cellGcmGetConfiguration' in 'cellGcmSys' module (0x1aad1c)
LDR: ! Imported function '_cellGcmInitBody' in 'cellGcmSys' module (0x1abc9c)
LDR: ! Imported function '_cellGcmFunc15' in 'cellGcmSys' module (0x1abcbc)
LDR: ! Imported function 'cellGcmGetDefaultCommandWordSize' in 'cellGcmSys' module (0x1abcdc)
LDR: ! Imported function 'cellGcmGetDefaultSegmentWordSize' in 'cellGcmSys' module (0x1abcfc)
LDR: ! Imported function 'cellGcmSetDefaultFifoSize' in 'cellGcmSys' module (0x1abd1c)
LDR: ! Imported function 'cellGcmGetControlRegister' in 'cellGcmSys' module (0x1abd3c)
LDR: ! Imported function 'cellGameContentPermit' in 'cellGame' module (0x1aad3c)
LDR: ! Imported function 'cellGameContentErrorDialog' in 'cellGame' module (0x1aad5c)
LDR: ! Imported function 'cellGameDataCheck' in 'cellGame' module (0x1aad7c)
LDR: ! Imported function 'cellGameBootCheck' in 'cellGame' module (0x1aad9c)
LDR: ! Imported function 'cellSysutilUnregisterCallback' in 'cellSysutil' module (0x1aadbc)
LDR: ! Imported function 'cellSysutilCheckCallback' in 'cellSysutil' module (0x1aaddc)
LDR: ! Imported function 'cellSaveDataFixedLoad2' in 'cellSysutil' module (0x1aadfc)
LDR: ! Imported function 'cellSaveDataFixedSave2' in 'cellSysutil' module (0x1aae1c)
LDR: ! Imported function 'cellOskDialogUnloadAsync' in 'cellSysutil' module (0x1aae3c)
LDR: ! Imported function 'cellSysutilGetSystemParamInt' in 'cellSysutil' module (0x1aae5c)
LDR: ! Imported function 'cellMsgDialogOpen2' in 'cellSysutil' module (0x1aae7c)
LDR: ! Imported function 'cellOskDialogLoadAsync' in 'cellSysutil' module (0x1aae9c)
LDR: ! Imported function 'cellVideoOutGetState' in 'cellSysutil' module (0x1aaebc)
LDR: ! Imported function 'cellSaveDataAutoSave2' in 'cellSysutil' module (0x1aaedc)
LDR: ! Imported function 'cellSysutilRegisterCallback' in 'cellSysutil' module (0x1aaefc)
LDR: ! Imported function 'cellOskDialogSetKeyLayoutOption' in 'cellSysutil' module (0x1aaf1c)
LDR: ! Imported function 'cellSaveDataFixedDelete' in 'cellSysutil' module (0x1aaf3c)
LDR: ! Imported function 'cellVideoOutGetResolution' in 'cellSysutil' module (0x1aaf5c)
LDR: ! Imported function 'cellOskDialogSetLayoutMode' in 'cellSysutil' module (0x1aaf7c)
LDR: ! Imported function 'cellSaveDataAutoLoad2' in 'cellSysutil' module (0x1aaf9c)
LDR: ! Imported function 'cellAudioOutConfigure' in 'cellSysutil' module (0x1ab37c)
LDR: ! Imported function 'cellAudioOutGetDeviceInfo' in 'cellSysutil' module (0x1ab39c)
LDR: ! Imported function 'cellAudioOutGetSoundAvailability' in 'cellSysutil' module (0x1ab3bc)
LDR: ! Imported function 'cellAudioOutGetNumberOfDevice' in 'cellSysutil' module (0x1ab3dc)
LDR: ! Imported function 'cellAudioOutGetConfiguration' in 'cellSysutil' module (0x1ab3fc)
LDR: ! Imported function 'cellAudioOutGetState' in 'cellSysutil' module (0x1ab41c)
LDR: ! Imported function 'cellNetCtlNetStartDialogLoadAsync' in 'cellNetCtl' module (0x1aafbc)
LDR: ! Imported function 'cellNetCtlNetStartDialogUnloadAsync' in 'cellNetCtl' module (0x1aafdc)
LDR: ! Imported function 'cellNetCtlTerm' in 'cellNetCtl' module (0x1aaffc)
LDR: ! Imported function 'cellNetCtlInit' in 'cellNetCtl' module (0x1ab01c)
LDR: ! Imported function 'cellSysmoduleUnloadModule' in 'cellSysmodule' module (0x1ab03c)
LDR: ! Imported function 'cellSysmoduleLoadModule' in 'cellSysmodule' module (0x1ab05c)
LDR: ! Imported function 'cellSysmoduleInitialize' in 'cellSysmodule' module (0x1ab07c)
LDR: ! Imported function 'cellSysmoduleFinalize' in 'cellSysmodule' module (0x1ab09c)
LDR: ! Imported function 'cellRtcGetCurrentClockLocalTime' in 'cellRtc' module (0x1ab0bc)
LDR: ! Imported function 'UTF32stoUTF8s' in 'cellL10n' module (0x1ab0dc)
LDR: ! Imported function 'cellAudioInit' in 'cellAudio' module (0x1ab0fc)
LDR: ! Imported function 'cellAudioPortClose' in 'cellAudio' module (0x1ab11c)
LDR: ! Imported function 'cellAudioPortStop' in 'cellAudio' module (0x1ab13c)
LDR: ! Imported function 'cellAudioGetPortConfig' in 'cellAudio' module (0x1ab15c)
LDR: ! Imported function 'cellAudioPortStart' in 'cellAudio' module (0x1ab17c)
LDR: ! Imported function 'cellAudioQuit' in 'cellAudio' module (0x1ab19c)
LDR: ! Imported function 'cellAudioPortOpen' in 'cellAudio' module (0x1ab1bc)
LDR: ! Imported function 'cellSpursEventFlagDetachLv2EventQueue' in 'cellSpurs' module (0x1ab1dc)
LDR: ! Imported function 'cellSpursInitializeWithAttribute2' in 'cellSpurs' module (0x1ab1fc)
LDR: ! Imported function 'cellSpursEventFlagWait' in 'cellSpurs' module (0x1ab21c)
LDR: ! Imported function 'cellSpursDetachLv2EventQueue' in 'cellSpurs' module (0x1ab23c)
LDR: ! Imported function 'cellSpursCreateTaskset' in 'cellSpurs' module (0x1ab25c)
LDR: ! Imported function '_cellSpursEventFlagInitialize' in 'cellSpurs' module (0x1ab27c)
LDR: ! Imported function 'cellSpursEventFlagAttachLv2EventQueue' in 'cellSpurs' module (0x1ab29c)
LDR: ! Imported function '_cellSpursAttributeInitialize' in 'cellSpurs' module (0x1ab2bc)
LDR: ! Imported function 'cellSpursJoinTaskset' in 'cellSpurs' module (0x1ab2dc)
LDR: ! Imported function 'cellSpursShutdownTaskset' in 'cellSpurs' module (0x1ab2fc)
LDR: ! Imported function 'cellSpursAttachLv2EventQueue' in 'cellSpurs' module (0x1ab31c)
LDR: ! Imported function 'cellSpursCreateTask' in 'cellSpurs' module (0x1ab33c)
LDR: ! Imported function '_cellSpursSendSignal' in 'cellSpurs' module (0x1ab35c)
LDR: ! Imported function 'sys_lwmutex_lock' in 'sysPrxForUser' module (0x1ab43c)
LDR: ! Imported function 'sys_lwmutex_unlock' in 'sysPrxForUser' module (0x1ab45c)
LDR: ! Imported function 'sys_ppu_thread_create' in 'sysPrxForUser' module (0x1ab47c)
LDR: ! Imported function '_sys_process_atexitspawn' in 'sysPrxForUser' module (0x1ab49c)
LDR: ! Imported function 'sys_lwmutex_create' in 'sysPrxForUser' module (0x1ab4bc)
LDR: ! Imported function 'sys_ppu_thread_get_id' in 'sysPrxForUser' module (0x1ab4dc)
LDR: ! Imported function 'sys_prx_register_library' in 'sysPrxForUser' module (0x1ab4fc)
LDR: ! Imported function 'sys_initialize_tls' in 'sysPrxForUser' module (0x1ab51c)
LDR: ! Imported function 'sys_time_get_system_time' in 'sysPrxForUser' module (0x1ab53c)
LDR: ! Imported function '_sys_process_at_Exitspawn' in 'sysPrxForUser' module (0x1ab55c)
LDR: ! Imported function 'sys_prx_exitspawn_with_level' in 'sysPrxForUser' module (0x1ab57c)
LDR: ! Imported function 'sys_ppu_thread_exit' in 'sysPrxForUser' module (0x1ab59c)
LDR: ! Imported function 'sys_lwmutex_destroy' in 'sysPrxForUser' module (0x1ab5bc)
LDR: ! Imported function 'sys_spu_image_close' in 'sysPrxForUser' module (0x1ab5dc)
LDR: ! Imported function 'sys_process_exit' in 'sysPrxForUser' module (0x1ab5fc)
LDR: ! Imported function 'cellRescGcmSurface2RescSrc' in 'cellResc' module (0x1ab61c)
LDR: ! Imported function 'cellRescSetWaitFlip' in 'cellResc' module (0x1ab63c)
LDR: ! Imported function 'cellRescSetDsts' in 'cellResc' module (0x1ab65c)
LDR: ! Imported function 'cellRescAdjustAspectRatio' in 'cellResc' module (0x1ab67c)
LDR: ! Imported function 'cellRescSetDisplayMode' in 'cellResc' module (0x1ab69c)
LDR: ! Imported function 'cellRescSetConvertAndFlip' in 'cellResc' module (0x1ab6bc)
LDR: ! Imported function 'cellRescExit' in 'cellResc' module (0x1ab6dc)
LDR: ! Imported function 'cellRescSetFlipHandler' in 'cellResc' module (0x1ab6fc)
LDR: ! Imported function 'cellRescInit' in 'cellResc' module (0x1ab71c)
LDR: ! Imported function 'cellRescGetBufferSize' in 'cellResc' module (0x1ab73c)
LDR: ! Imported function 'cellRescSetSrc' in 'cellResc' module (0x1ab75c)
LDR: ! Imported function 'cellRescSetBufferAddress' in 'cellResc' module (0x1ab77c)
LDR: ! Imported function 'cellRescVideoOutResolutionId2RescBufferMode' in 'cellResc' module (0x1ab79c)
LDR: ! Imported function 'sceNpBasicGetFriendListEntry' in 'sceNp' module (0x1ab7bc)
LDR: ! Imported function 'sceNpScoreGetRankingByNpId' in 'sceNp' module (0x1ab7dc)
LDR: ! Imported function 'sceNpScoreRecordScore' in 'sceNp' module (0x1ab7fc)
LDR: ! Imported function 'sceNpScoreDestroyTitleCtx' in 'sceNp' module (0x1ab81c)
LDR: ! Imported function 'sceNpScoreInit' in 'sceNp' module (0x1ab83c)
LDR: ! Imported function 'sceNpManagerUnregisterCallback' in 'sceNp' module (0x1ab85c)
LDR: ! Imported function 'sceNpManagerGetContentRatingFlag' in 'sceNp' module (0x1ab87c)
LDR: ! Imported function 'sceNpScoreCreateTransactionCtx' in 'sceNp' module (0x1ab89c)
LDR: ! Imported function 'sceNpScoreTerm' in 'sceNp' module (0x1ab8bc)
LDR: ! Imported function 'sceNpManagerGetStatus' in 'sceNp' module (0x1ab8dc)
LDR: ! Imported function 'sceNpBasicGetFriendListEntryCount' in 'sceNp' module (0x1ab8fc)
LDR: ! Imported function 'sceNpScoreCreateTitleCtx' in 'sceNp' module (0x1ab91c)
LDR: ! Imported function 'sceNpScoreDestroyTransactionCtx' in 'sceNp' module (0x1ab93c)
LDR: ! Imported function 'sceNpManagerRegisterCallback' in 'sceNp' module (0x1ab95c)
LDR: ! Imported function 'sceNpScoreAbortTransaction' in 'sceNp' module (0x1ab97c)
LDR: ! Imported function 'sceNpDrmIsAvailable2' in 'sceNp' module (0x1ab99c)
LDR: ! Imported function 'sceNpScoreGetRankingByRange' in 'sceNp' module (0x1ab9bc)
LDR: ! Imported function 'sceNpManagerGetNpId' in 'sceNp' module (0x1ab9dc)
LDR: ! Imported function 'sceNp2Init' in 'sceNp2' module (0x1ab9fc)
LDR: ! Imported function 'sceNp2Term' in 'sceNp2' module (0x1aba1c)
LDR: ! Imported function 'sceNpTusCreateTransactionCtx' in 'sceNpTus' module (0x1aba3c)
LDR: ! Imported function 'sceNpTusTerm' in 'sceNpTus' module (0x1aba5c)
LDR: ! Imported function 'sceNpTusDestroyTitleCtx' in 'sceNpTus' module (0x1aba7c)
LDR: ! Imported function 'sceNpTusDestroyTransactionCtx' in 'sceNpTus' module (0x1aba9c)
LDR: ! Imported function 'sceNpTusCreateTitleCtx' in 'sceNpTus' module (0x1ababc)
LDR: ! Imported function 'sceNpTusSetData' in 'sceNpTus' module (0x1abadc)
LDR: ! Imported function 'sceNpTusGetData' in 'sceNpTus' module (0x1abafc)
LDR: ! Imported function 'sceNpTusInit' in 'sceNpTus' module (0x1abb1c)
LDR: ! Imported function 'sceNpTrophyRegisterContext' in 'sceNpTrophy' module (0x1abb3c)
LDR: ! Imported function 'sceNpTrophyCreateHandle' in 'sceNpTrophy' module (0x1abb5c)
LDR: ! Imported function 'sceNpTrophyGetRequiredDiskSpace' in 'sceNpTrophy' module (0x1abb7c)
LDR: ! Imported function 'sceNpTrophyDestroyContext' in 'sceNpTrophy' module (0x1abb9c)
LDR: ! Imported function 'sceNpTrophyInit' in 'sceNpTrophy' module (0x1abbbc)
LDR: ! Imported function 'sceNpTrophyAbortHandle' in 'sceNpTrophy' module (0x1abbdc)
LDR: ! Imported function 'sceNpTrophyDestroyHandle' in 'sceNpTrophy' module (0x1abbfc)
LDR: ! Imported function 'sceNpTrophyUnlockTrophy' in 'sceNpTrophy' module (0x1abc1c)
LDR: ! Imported function 'sceNpTrophyTerm' in 'sceNpTrophy' module (0x1abc3c)
LDR: ! Imported function 'sceNpTrophyGetTrophyUnlockState' in 'sceNpTrophy' module (0x1abc5c)
LDR: ! Imported function 'sceNpTrophyCreateContext' in 'sceNpTrophy' module (0x1abc7c)
MEM: ! Thread Local Storage initialized (g_tls_start=0x194a000, user_size=0x12c)
*** TLS segment addr: 0x001faafc
*** TLS segment size: 0x00000004
HLE: W {PPU[0x1] Thread (main_thread)[0x001ab4bc]} sysPrxForUser: sys_lwmutex_create(lwmutex=*0x18ff478, attr=*0x1d8998)
HLE: W {PPU[0x1] Thread (main_thread)[0x0014dbc4]} sys_memory: sys_memory_get_user_memory_size(mem_info=*0xd001fc04)
HLE: W {PPU[0x1] Thread (main_thread)[0x001ab4bc]} sysPrxForUser: sys_lwmutex_create(lwmutex=*0x18ff278, attr=*0x1d8998)
HLE: W {PPU[0x1] Thread (main_thread)[0x001ab4bc]} sysPrxForUser: sys_lwmutex_create(lwmutex=*0x18fea00, attr=*0x1d8998)
HLE: W {PPU[0x1] Thread (main_thread)[0x001ab4bc]} sysPrxForUser: sys_lwmutex_create(lwmutex=*0x18fea28, attr=*0x1d8998)
HLE: W {PPU[0x1] Thread (main_thread)[0x001ab4bc]} sysPrxForUser: sys_lwmutex_create(lwmutex=*0x18fea50, attr=*0x1d8998)
HLE: W {PPU[0x1] Thread (main_thread)[0x001ab4bc]} sysPrxForUser: sys_lwmutex_create(lwmutex=*0x18fe938, attr=*0x1d8998)
HLE: W {PPU[0x1] Thread (main_thread)[0x001ab4bc]} sysPrxForUser: sys_lwmutex_create(lwmutex=*0x18fe960, attr=*0x1d8998)
HLE: W {PPU[0x1] Thread (main_thread)[0x001ab4bc]} sysPrxForUser: sys_lwmutex_create(lwmutex=*0x18fe988, attr=*0x1d8998)
HLE: W {PPU[0x1] Thread (main_thread)[0x001ab4bc]} sysPrxForUser: sys_lwmutex_create(lwmutex=*0x18fe9b0, attr=*0x1d8998)
HLE: W {PPU[0x1] Thread (main_thread)[0x001ab4bc]} sysPrxForUser: sys_lwmutex_create(lwmutex=*0x18fe9d8, attr=*0x1d8998)
HLE: W {PPU[0x1] Thread (main_thread)[0x0009b094]} sys_memory: sys_memory_get_user_memory_size(mem_info=*0xd001f784)
HLE: W {PPU[0x1] Thread (main_thread)[0x0009b0e0]} sys_memory: sys_memory_allocate(size=0xe600000, flags=0x400, alloc_addr=*0xd001f780)
HLE: W {PPU[0x1] Thread (main_thread)[0x0014c4c0]} sys_memory: sys_memory_allocate(size=0x100000, flags=0x400, alloc_addr=*0xd001f4d0)
HLE: W {PPU[0x1] Thread (main_thread)[0x001206cc]} sys_mutex: sys_mutex_create(mutex_id=*0xd001f630, attr=*0xd001f638)
HLE: W {PPU[0x1] Thread (main_thread)[0x001ab4bc]} sysPrxForUser: sys_lwmutex_create(lwmutex=*0x20000290, attr=*0x1d8998)
HLE: W {PPU[0x1] Thread (main_thread)[0x001ab4bc]} sysPrxForUser: sys_lwmutex_create(lwmutex=*0x20000350, attr=*0x1d8998)
HLE: W {PPU[0x1] Thread (main_thread)[0x001ab4bc]} sysPrxForUser: sys_lwmutex_create(lwmutex=*0x200004d0, attr=*0x1d8998)
HLE: W {PPU[0x1] Thread (main_thread)[0x001ab4bc]} sysPrxForUser: sys_lwmutex_create(lwmutex=*0x200005d0, attr=*0x1d8998)
HLE: W {PPU[0x1] Thread (main_thread)[0x001ab4bc]} sysPrxForUser: sys_lwmutex_create(lwmutex=*0x20000650, attr=*0x1d8998)
HLE: W {PPU[0x1] Thread (main_thread)[0x001ab4bc]} sysPrxForUser: sys_lwmutex_create(lwmutex=*0x200006d0, attr=*0x1d8998)
HLE: W {PPU[0x1] Thread (main_thread)[0x001ab4bc]} sysPrxForUser: sys_lwmutex_create(lwmutex=*0x200008d0, attr=*0x1d8998)
HLE: W {PPU[0x1] Thread (main_thread)[0x001ab4bc]} sysPrxForUser: sys_lwmutex_create(lwmutex=*0x20000910, attr=*0x1d8998)
HLE: W {PPU[0x1] Thread (main_thread)[0x001ab4bc]} sysPrxForUser: sys_lwmutex_create(lwmutex=*0x20000950, attr=*0x1d8998)
HLE: W {PPU[0x1] Thread (main_thread)[0x001ab4bc]} sysPrxForUser: sys_lwmutex_create(lwmutex=*0x20000990, attr=*0x1d8998)
HLE: W {PPU[0x1] Thread (main_thread)[0x001ab4bc]} sysPrxForUser: sys_lwmutex_create(lwmutex=*0x200009d0, attr=*0x1d8998)
HLE: W {PPU[0x1] Thread (main_thread)[0x001ab4bc]} sysPrxForUser: sys_lwmutex_create(lwmutex=*0x20000a10, attr=*0x1d8998)
HLE: W {PPU[0x1] Thread (main_thread)[0x001ab4bc]} sysPrxForUser: sys_lwmutex_create(lwmutex=*0x1fd858, attr=*0xd001fbb0)
HLE: W {PPU[0x1] Thread (main_thread)[0x001ab4bc]} sysPrxForUser: sys_lwmutex_create(lwmutex=*0x1fdc08, attr=*0xd001fbb0)
HLE: W {PPU[0x1] Thread (main_thread)[0x001ab4bc]} sysPrxForUser: sys_lwmutex_create(lwmutex=*0x1fdbe0, attr=*0xd001fbd0)
HLE: W {PPU[0x1] Thread (main_thread)[0x001ab07c]} cellSysmodule: cellSysmoduleInitialize()
HLE: W {PPU[0x1] Thread (main_thread)[0x001aaefc]} cellSysutil: cellSysutilRegisterCallback(slot=0, func=*0x1f3cf0, userdata=*0x0)
HLE: W {PPU[0x1] Thread (main_thread)[0x001ab05c]} cellSysmodule: cellSysmoduleLoadModule(id=0x000e: CELL_SYSMODULE_FS)
HLE: W {PPU[0x1] Thread (main_thread)[0x001ab05c]} cellSysmodule: cellSysmoduleLoadModule(id=0x003e: CELL_SYSMODULE_SYSUTIL_GAME)
HLE: W {PPU[0x1] Thread (main_thread)[0x001aad9c]} cellGame: cellGameBootCheck(type=*0x18c090c, attributes=*0x18c0910, size=*0xd001fbf0, dirName=*0x18bfd0c)
HLE: W {PPU[0x1] Thread (main_thread)[0x001aad7c]} cellGame: cellGameDataCheck(type=2, dirName=*0x18bfd0c, size=*0xd001fbf0)
HLE: W {PPU[0x1] Thread (main_thread)[0x001aad3c]} cellGame: cellGameContentPermit(contentInfoPath=*0x18c010c, usrdirPath=*0x18c050c)
HLE: W {PPU[0x1] Thread (main_thread)[0x001abc9c]} cellGcmSys: _cellGcmInitBody(context=**0x18ff9c8, cmdSize=0x80000, ioSize=0x100000, ioAddress=0x20100000)
HLE: W {PPU[0x1] Thread (main_thread)[0x001abc9c]} cellGcmSys: *** local memory(addr=0xc0000000, size=0xf900000)
HLE: W {PPU[0x1] Thread (main_thread)[0x001abc9c]} cellGcmSys: cellGcmInit(): 256MB io address space used
RSX: ! {RSXThread} RSX thread started
HLE: W {PPU[0x1] Thread (main_thread)[0x001ab05c]} cellSysmodule: cellSysmoduleLoadModule(id=0x001f: CELL_SYSMODULE_RESC)
HLE: W {PPU[0x1] Thread (main_thread)[0x001ab71c]} cellResc: cellRescInit(initConfig=*0xd001fa74)
HLE: W {PPU[0x1] Thread (main_thread)[0x001ab69c]} cellResc: cellRescSetDisplayMode(displayMode=4)
HLE: W {PPU[0x1] Thread (main_thread)[0x001ab69c]} cellSysutil: cellVideoOutConfigure(videoOut=0, config=*0xd001f9d0, option=*0x0, waitForEvent=0)
HLE: W {PPU[0x1] Thread (main_thread)[0x001ab69c]} cellGcmSys: cellGcmSetFlipMode(mode=2)
HLE: W {PPU[0x1] Thread (main_thread)[0x001ab73c]} cellResc: cellRescGetBufferSize(colorBuffers=*0xd001fa54, vertexArray=*0xd001fa58, fragmentShader=*0xd001fa5c)
HLE: W {PPU[0x1] Thread (main_thread)[0x001ab77c]} cellResc: cellRescSetBufferAddress(colorBuffers=*0xc0720000, vertexArray=*0xc1830000, fragmentShader=*0xc0384280)
HLE: W {PPU[0x1] Thread (main_thread)[0x001aacfc]} cellGcmSys: cellGcmSetTileInfo(index=14, location=0, offset=7471104, size=17891328, pitch=5120, comp=7, base=114, bank=0)
HLE: E {PPU[0x1] Thread (main_thread)[0x001aacfc]} cellGcmSys: cellGcmSetTileInfo: bad compression mode! (7)
HLE: W {PPU[0x1] Thread (main_thread)[0x001aacdc]} cellGcmSys: cellGcmBindTile(index=14)
HLE: W {PPU[0x1] Thread (main_thread)[0x001ab6fc]} cellResc: cellRescSetFlipHandler(handler=*0x1f34d0)
HLE: W {PPU[0x1] Thread (main_thread)[0x000a59a4]} sys_spu: sys_spu_initialize(max_usable_spu=6, max_raw_spu=0)
HLE: W {PPU[0x1] Thread (main_thread)[0x001ab05c]} cellSysmodule: cellSysmoduleLoadModule(id=0x0009: CELL_SYSMODULE_RTC)
HLE: W {PPU[0x1] Thread (main_thread)[0x001206cc]} sys_mutex: sys_mutex_create(mutex_id=*0xd001fb00, attr=*0xd001fb08)
HLE: W {PPU[0x1] Thread (main_thread)[0x001ab05c]} cellSysmodule: cellSysmoduleLoadModule(id=0x0016: CELL_SYSMODULE_SYSUTIL_NP)
HLE: W {PPU[0x1] Thread (main_thread)[0x001ab05c]} cellSysmodule: cellSysmoduleLoadModule(id=0x0038: CELL_SYSMODULE_SYSUTIL_NP2)
HLE: W {PPU[0x1] Thread (main_thread)[0x001ab05c]} cellSysmodule: cellSysmoduleLoadModule(id=0x0014: CELL_SYSMODULE_NETCTL)
HLE: W {PPU[0x1] Thread (main_thread)[0x001ab01c]} cellNetCtl: cellNetCtlInit()
HLE: W {PPU[0x1] Thread (main_thread)[0x001ab05c]} cellSysmodule: cellSysmoduleLoadModule(id=0x001e: CELL_SYSMODULE_L10N)
HLE: W {PPU[0x1] Thread (main_thread)[0x001ab9fc]} sceNp2: sceNp2Init(poolsize=0x20000, poolptr=*0x18c0b9c)
HLE: E {PPU[0x1] Thread (main_thread)[0x001ab95c]} sceNp: sceNpManagerRegisterCallback
HLE: W {PPU[0x1] Thread (main_thread)[0x001ab05c]} cellSysmodule: cellSysmoduleLoadModule(id=0xf035: CELL_SYSMODULE_SYSUTIL_NP_TROPHY)
HLE: W {PPU[0x1] Thread (main_thread)[0x001abbbc]} sceNpTrophy: sceNpTrophyInit(pool=*0x0, poolSize=0x0, containerId=0xffffffff, options=0x0)
HLE: W {PPU[0x1] Thread (main_thread)[0x001abc7c]} sceNpTrophy: sceNpTrophyCreateContext(context=*0x18e0bcc, commId=*0x1ac72e, commSign=*0x1ac7ba, options=0x0)
HLE: W {PPU[0x1] Thread (main_thread)[0x001abb5c]} sceNpTrophy: sceNpTrophyCreateHandle(handle=*0xd001fb9c)
HLE: W {PPU[0x1] Thread (main_thread)[0x001ab4bc]} sysPrxForUser: sys_lwmutex_create(lwmutex=*0x2e600090, attr=*0xd001f840)
HLE: W {PPU[0x1] Thread (main_thread)[0x001ab47c]} sysPrxForUser: sys_ppu_thread_create(thread_id=*0x2e600030, entry=0x1f6d88, arg=0x2e60003000000000, prio=0, stacksize=0x1000, flags=0x1, threadname=*0xd001f850)
HLE: W {PPU[0x1] Thread (main_thread)[0x001ab47c]} sys_ppu_thread: _sys_ppu_thread_create(thread_id=*0x2e600030, param=*0xd001f7b8, arg=0x2e60003000000000, unk=0x0, prio=0, stacksize=0x1000, flags=0x1, threadname=*0xd001f850)
HLE: W {PPU[0x1] Thread (main_thread)[0x001ab47c]} sys_ppu_thread: sys_ppu_thread_start(thread_id=0x21)
HLE: W {PPU[0x1] Thread (main_thread)[0x001ab63c]} cellResc: cellRescSetWaitFlip()
HLE: E {PPU[0x21] Thread (2e600030)[0x001abb7c]} sceNpTrophy TODO: sceNpTrophyGetRequiredDiskSpace(context=0x1e, handle=0x1f, reqspace=*0x18e0bd0, options=0x0)
HLE: E {PPU[0x21] Thread (2e600030)[0x001abb3c]} sceNpTrophy: sceNpTrophyRegisterContext(context=0x1e, handle=0x1f, statusCb=*0x1f3ba8, arg=*0x0, options=0x1)
RSX: W {RSXThread} TODO: NV4097_SET_WINDOW_OFFSET: x=0, y=0
G: ! {PPU[0x21] Thread (2e600030)[0x00121d1c]} Registers:
=========
GPR[0] = 0x1212ac
GPR[1] = 0xd0033c30
GPR[2] = 0x201738
GPR[3] = 0x0
GPR[4] = 0x0
GPR[5] = 0x0
GPR[6] = 0x200000
GPR[7] = 0x1
GPR[8] = 0x1fdc00
GPR[9] = 0x21
GPR[10] = 0x2e600030
GPR[11] = 0xd0030000
GPR[12] = 0x0
GPR[13] = 0x19512e8
GPR[14] = 0x0
GPR[15] = 0x0
GPR[16] = 0x0
GPR[17] = 0x0
GPR[18] = 0x0
GPR[19] = 0x0
GPR[20] = 0x0
GPR[21] = 0x0
GPR[22] = 0x0
GPR[23] = 0x0
GPR[24] = 0x0
GPR[25] = 0x0
GPR[26] = 0x0
GPR[27] = 0x0
GPR[28] = 0x0
GPR[29] = 0x2e600090
GPR[30] = 0x0
GPR[31] = 0x0
FPR[0] = 0
FPR[1] = 0
FPR[2] = 0
FPR[3] = 0
FPR[4] = 0
FPR[5] = 0
FPR[6] = 0
FPR[7] = 0
FPR[8] = 0
FPR[9] = 0
FPR[10] = 0
FPR[11] = 0
FPR[12] = 0
FPR[13] = 0
FPR[14] = 0
FPR[15] = 0
FPR[16] = 0
FPR[17] = 0
FPR[18] = 0
FPR[19] = 0
FPR[20] = 0
FPR[21] = 0
FPR[22] = 0
FPR[23] = 0
FPR[24] = 0
FPR[25] = 0
FPR[26] = 0
FPR[27] = 0
FPR[28] = 0
FPR[29] = 0
FPR[30] = 0
FPR[31] = 0
VPR[0] = 0x00000000000000000000000000000000 [x: 0 y: 0 z: 0 w: 0]
VPR[1] = 0x00000000000000000000000000000000 [x: 0 y: 0 z: 0 w: 0]
VPR[2] = 0x00000000000000000000000000000000 [x: 0 y: 0 z: 0 w: 0]
VPR[3] = 0x00000000000000000000000000000000 [x: 0 y: 0 z: 0 w: 0]
VPR[4] = 0x00000000000000000000000000000000 [x: 0 y: 0 z: 0 w: 0]
VPR[5] = 0x00000000000000000000000000000000 [x: 0 y: 0 z: 0 w: 0]
VPR[6] = 0x00000000000000000000000000000000 [x: 0 y: 0 z: 0 w: 0]
VPR[7] = 0x00000000000000000000000000000000 [x: 0 y: 0 z: 0 w: 0]
VPR[8] = 0x00000000000000000000000000000000 [x: 0 y: 0 z: 0 w: 0]
VPR[9] = 0x00000000000000000000000000000000 [x: 0 y: 0 z: 0 w: 0]
VPR[10] = 0x00000000000000000000000000000000 [x: 0 y: 0 z: 0 w: 0]
VPR[11] = 0x00000000000000000000000000000000 [x: 0 y: 0 z: 0 w: 0]
VPR[12] = 0x00000000000000000000000000000000 [x: 0 y: 0 z: 0 w: 0]
VPR[13] = 0x00000000000000000000000000000000 [x: 0 y: 0 z: 0 w: 0]
VPR[14] = 0x00000000000000000000000000000000 [x: 0 y: 0 z: 0 w: 0]
VPR[15] = 0x00000000000000000000000000000000 [x: 0 y: 0 z: 0 w: 0]
VPR[16] = 0x00000000000000000000000000000000 [x: 0 y: 0 z: 0 w: 0]
VPR[17] = 0x00000000000000000000000000000000 [x: 0 y: 0 z: 0 w: 0]
VPR[18] = 0x00000000000000000000000000000000 [x: 0 y: 0 z: 0 w: 0]
VPR[19] = 0x00000000000000000000000000000000 [x: 0 y: 0 z: 0 w: 0]
VPR[20] = 0x00000000000000000000000000000000 [x: 0 y: 0 z: 0 w: 0]
VPR[21] = 0x00000000000000000000000000000000 [x: 0 y: 0 z: 0 w: 0]
VPR[22] = 0x00000000000000000000000000000000 [x: 0 y: 0 z: 0 w: 0]
VPR[23] = 0x00000000000000000000000000000000 [x: 0 y: 0 z: 0 w: 0]
VPR[24] = 0x00000000000000000000000000000000 [x: 0 y: 0 z: 0 w: 0]
VPR[25] = 0x00000000000000000000000000000000 [x: 0 y: 0 z: 0 w: 0]
VPR[26] = 0x00000000000000000000000000000000 [x: 0 y: 0 z: 0 w: 0]
VPR[27] = 0x00000000000000000000000000000000 [x: 0 y: 0 z: 0 w: 0]
VPR[28] = 0x00000000000000000000000000000000 [x: 0 y: 0 z: 0 w: 0]
VPR[29] = 0x00000000000000000000000000000000 [x: 0 y: 0 z: 0 w: 0]
VPR[30] = 0x00000000000000000000000000000000 [x: 0 y: 0 z: 0 w: 0]
VPR[31] = 0x00000000000000000000000000000000 [x: 0 y: 0 z: 0 w: 0]
CR = 0x22000028
LR = 0x1212ac
CTR = 0xa5214
XER = 0x0 [CA=0 | OV=8589934592 | SO=0]
FPSCR = 0x0 [RN=0 | NI=0 | XE=0 | ZE=0 | UE=0 | OE=0 | VE=0 | VXCVI=0 | VXSQRT=0 | VXSOFT=0 | FPRF=0 | FI=0 | FR=0 | VXVC=0 | VXIMZ=0 | VXZDZ=0 | VXIDI=0 | VXISI=0 | VXSNAN=0 | XX=0 | ZX=0 | UX=0 | OX=0 | VX=0 | FEX=0 | FX=0]

G: E {PPU[0x21] Thread (2e600030)[0x00121d1c]} Exception: Access violation reading location 0x28
(in file ..\Utilities\Thread.cpp:1122, in function _se_translator)
G: ! Stopping emulator...
G: ! All threads signaled...
G: ! {VBlank Thread} Thread aborted
G: ! {PPU[0x1] Thread (main_thread)[0x0009c054]} Thread aborted
G: ! {PPU[0x2] Thread (Callback Thread)[0x0009c208]} Thread aborted
G: ! All threads stopped...
G: ! Objects cleared...
G: ! Stopping emulator...
