LDR: E PSFLoader::Load() failed: unknown magic (0x0)
G: ! RPCS3 v0.0.0.6-16-g764f9f8
G: ! 
G: ! Stopping emulator...
LDR: ! Loading 'D:/Emulateurs/Rpcs3/dev_hdd0/game/BLUS31187-[Hakuoki -Stories of the Shinsengumi-]/PS3_GAME/USRDIR/BOOT.BIN'...
G: W fs::file::open('D:/Emulateurs/Rpcs3/dev_hdd0/game/BLUS31187-[Hakuoki -Stories of the Shinsengumi-]/PS3_GAME/dev_bdvd.path', 0x1) failed: error 0x2
LDR: ! 
LDR: ! Mount info:
LDR: ! /dev_usb000/ -> D:/Emulateurs/Rpcs3/dev_usb000/
LDR: ! /dev_flash/ -> D:/Emulateurs/Rpcs3/dev_flash/
LDR: ! /host_root/ -> 
LDR: ! /dev_hdd0/ -> D:/Emulateurs/Rpcs3/dev_hdd0/
LDR: ! /dev_hdd1/ -> D:/Emulateurs/Rpcs3/dev_hdd1/
LDR: ! /dev_bdvd/ -> D:/Emulateurs/Rpcs3/dev_hdd0/game/BLUS31187-[Hakuoki -Stories of the Shinsengumi-]/
LDR: ! /dev_usb/ -> D:/Emulateurs/Rpcs3/dev_usb000/
LDR: ! 
LDR: ! Settings:
LDR: ! CPU: PPU Interpreter 2
LDR: ! SPU: SPU Recompiler (ASMJIT)
LDR: ! Renderer: DirectX 12
LDR: ! D3D Adapter: Default
LDR: ! Resolution: 1280x720
LDR: ! Write Depth Buffer: No
LDR: ! Write Color Buffers: No
LDR: ! Read Color Buffer: No
LDR: ! Audio Out: XAudio2
LDR: ! Log Everything: No
LDR: ! RSX Logging: No
LDR: ! 
LDR: ! Title: Hakuoki -Stories of the Shinsengumi-
LDR: ! Serial: BLUS31187
LDR: ! Elf path: /dev_bdvd/PS3_GAME/USRDIR/BOOT.BIN
LDR: ! 
LDR: ! loader::init() failed: Broken file
LDR: ! *** sdk version: 0x440001
LDR: ! *** primary prio: 1001
LDR: ! *** primary stacksize: 0x10000
LDR: ! *** malloc pagesize: 0x100000
LDR: ! *** ppc seg: 0x0
LDR: ! Imported function 'cellPadInit' in 'sys_io' module (0x3f7434)
LDR: ! Imported function 'cellPadEnd' in 'sys_io' module (0x3f7454)
LDR: ! Imported function 'cellPadSetPortSetting' in 'sys_io' module (0x3f7474)
LDR: ! Imported function 'cellPadGetData' in 'sys_io' module (0x3f7494)
LDR: ! Imported function 'cellPadGetInfo2' in 'sys_io' module (0x3f74b4)
LDR: ! Imported function 'cellPadSetActDirect' in 'sys_io' module (0x3f74d4)
LDR: ! Imported function 'cellSysutilUnregisterCallback' in 'cellSysutil' module (0x3f74f4)
LDR: ! Imported function 'cellVideoOutConfigure' in 'cellSysutil' module (0x3f7514)
LDR: ! Imported function 'cellSysutilCheckCallback' in 'cellSysutil' module (0x3f7534)
LDR: ! Imported function 'cellSaveDataListLoad2' in 'cellSysutil' module (0x3f7554)
LDR: ! Imported function 'cellSysCacheMount' in 'cellSysutil' module (0x3f7574)
LDR: ! Imported function 'cellMsgDialogClose' in 'cellSysutil' module (0x3f7594)
LDR: ! Imported function 'cellSaveDataListAutoLoad' in 'cellSysutil' module (0x3f75b4)
LDR: ! Imported function 'cellSaveDataListSave2' in 'cellSysutil' module (0x3f75d4)
LDR: ! Imported function 'cellMsgDialogOpenErrorCode' in 'cellSysutil' module (0x3f75f4)
LDR: ! Imported function 'cellSysutilGetSystemParamInt' in 'cellSysutil' module (0x3f7614)
LDR: ! Imported function 'cellAudioOutConfigure' in 'cellSysutil' module (0x3f7634)
LDR: ! Imported function 'cellMsgDialogAbort' in 'cellSysutil' module (0x3f7654)
LDR: ! Imported function 'cellSysCacheClear' in 'cellSysutil' module (0x3f7674)
LDR: ! Imported function 'cellMsgDialogOpen2' in 'cellSysutil' module (0x3f7694)
LDR: ! Imported function 'cellVideoOutGetState' in 'cellSysutil' module (0x3f76b4)
LDR: ! Imported function 'cellSaveDataAutoSave2' in 'cellSysutil' module (0x3f76d4)
LDR: ! Imported function 'cellSysutilRegisterCallback' in 'cellSysutil' module (0x3f76f4)
LDR: ! Imported function 'cellVideoOutGetResolution' in 'cellSysutil' module (0x3f7714)
LDR: ! Imported function 'cellSaveDataAutoLoad2' in 'cellSysutil' module (0x3f7734)
LDR: ! Imported function 'cellGameUnregisterDiscChangeCallback' in 'cellSysutil' module (0x3f8574)
LDR: ! Imported function 'cellGameRegisterDiscChangeCallback' in 'cellSysutil' module (0x3f8594)
LDR: ! Imported function 'cellGameContentPermit' in 'cellGame' module (0x3f7754)
LDR: ! Imported function 'cellGameThemeInstallFromBuffer' in 'cellGame' module (0x3f7774)
LDR: ! Imported function 'cellGamePatchCheck' in 'cellGame' module (0x3f7794)
LDR: ! Imported function 'cellGameDataCheck' in 'cellGame' module (0x3f77b4)
LDR: ! Imported function 'cellGameBootCheck' in 'cellGame' module (0x3f77d4)
LDR: ! Imported function 'cellSaveDataListDelete' in 'cellSaveData' module (0x3f77f4)
LDR: ! Imported function 'cellGcmInitCursor' in 'cellGcmSys' module (0x3f7814)
LDR: ! Imported function 'cellGcmSetCursorPosition' in 'cellGcmSys' module (0x3f7834)
LDR: ! Imported function 'cellGcmAddressToOffset' in 'cellGcmSys' module (0x3f7854)
LDR: ! Imported function 'cellGcmIoOffsetToAddress' in 'cellGcmSys' module (0x3f7874)
LDR: ! Imported function 'cellGcmBindTile' in 'cellGcmSys' module (0x3f7894)
LDR: ! Imported function 'cellGcmSetFlipMode' in 'cellGcmSys' module (0x3f78b4)
LDR: ! Imported function 'cellGcmSetDebugOutputLevel' in 'cellGcmSys' module (0x3f78d4)
LDR: ! Imported function 'cellGcmGetLastFlipTime' in 'cellGcmSys' module (0x3f78f4)
LDR: ! Imported function 'cellGcmMapEaIoAddress' in 'cellGcmSys' module (0x3f7914)
LDR: ! Imported function 'cellGcmSetCursorDisable' in 'cellGcmSys' module (0x3f7934)
LDR: ! Imported function 'cellGcmGetFlipStatus' in 'cellGcmSys' module (0x3f7954)
LDR: ! Imported function 'cellGcmGetReport' in 'cellGcmSys' module (0x3f7974)
LDR: ! Imported function 'cellGcmBindZcull' in 'cellGcmSys' module (0x3f7994)
LDR: ! Imported function 'cellGcmMapMainMemory' in 'cellGcmSys' module (0x3f79b4)
LDR: ! Imported function 'cellGcmSetFlipHandler' in 'cellGcmSys' module (0x3f79d4)
LDR: ! Imported function 'cellGcmSetDisplayBuffer' in 'cellGcmSys' module (0x3f79f4)
LDR: ! Imported function 'cellGcmGetControlRegister' in 'cellGcmSys' module (0x3f7a14)
LDR: ! Imported function 'cellGcmGetReportDataLocation' in 'cellGcmSys' module (0x3f7a34)
LDR: ! Imported function 'cellGcmUnbindZcull' in 'cellGcmSys' module (0x3f7a54)
LDR: ! Imported function 'cellGcmSetVBlankHandler' in 'cellGcmSys' module (0x3f7a74)
LDR: ! Imported function 'cellGcmResetFlipStatus' in 'cellGcmSys' module (0x3f7a94)
LDR: ! Imported function 'cellGcmSetTileInfo' in 'cellGcmSys' module (0x3f7ab4)
LDR: ! Imported function 'cellGcmUpdateCursor' in 'cellGcmSys' module (0x3f7ad4)
LDR: ! Imported function 'cellGcmSetCursorEnable' in 'cellGcmSys' module (0x3f7af4)
LDR: ! Imported function 'cellGcmSetGraphicsHandler' in 'cellGcmSys' module (0x3f7b14)
LDR: ! Imported function 'cellGcmUnbindTile' in 'cellGcmSys' module (0x3f7b34)
LDR: ! Imported function 'cellGcmGetConfiguration' in 'cellGcmSys' module (0x3f7b54)
LDR: ! Imported function 'cellGcmGetLabelAddress' in 'cellGcmSys' module (0x3f7b74)
LDR: ! Imported function 'cellGcmSetCursorImageOffset' in 'cellGcmSys' module (0x3f7b94)
LDR: ! Imported function '_cellGcmInitBody' in 'cellGcmSys' module (0x3f85b4)
LDR: ! Imported function '_cellGcmSetFlipCommand' in 'cellGcmSys' module (0x3f85d4)
LDR: ! Imported function '_cellGcmFunc15' in 'cellGcmSys' module (0x3f85f4)
LDR: ! Imported function 'cellGcmGetDefaultCommandWordSize' in 'cellGcmSys' module (0x3f8614)
LDR: ! Imported function 'cellGcmGetDefaultSegmentWordSize' in 'cellGcmSys' module (0x3f8634)
LDR: ! Imported function 'cellGcmSetDefaultFifoSize' in 'cellGcmSys' module (0x3f8654)
LDR: ! Imported function '_cellGcmSetFlipCommandWithWaitLabel' in 'cellGcmSys' module (0x3f8674)
LDR: ! Imported function 'cellSysmoduleUnloadModule' in 'cellSysmodule' module (0x3f7bb4)
LDR: ! Imported function 'cellSysmoduleLoadModule' in 'cellSysmodule' module (0x3f7bd4)
LDR: ! Imported function 'cellSysmoduleIsLoaded' in 'cellSysmodule' module (0x3f7bf4)
LDR: ! Imported function 'cellAudioInit' in 'cellAudio' module (0x3f7c14)
LDR: ! Imported function 'cellAudioQuit' in 'cellAudio' module (0x3f7c34)
LDR: ! Imported function 'cellAudioSetNotifyEventQueue' in 'cellAudio' module (0x3f8694)
LDR: ! Imported function 'cellAudioGetPortTimestamp' in 'cellAudio' module (0x3f86b4)
LDR: ! Imported function 'cellAudioPortClose' in 'cellAudio' module (0x3f86d4)
LDR: ! Imported function 'cellAudioPortStop' in 'cellAudio' module (0x3f86f4)
LDR: ! Imported function 'cellAudioGetPortConfig' in 'cellAudio' module (0x3f8714)
LDR: ! Imported function 'cellAudioPortStart' in 'cellAudio' module (0x3f8734)
LDR: ! Imported function 'cellAudioPortOpen' in 'cellAudio' module (0x3f8754)
LDR: ! Imported function 'cellAudioGetPortBlockTag' in 'cellAudio' module (0x3f8774)
LDR: ! Imported function 'cellAudioRemoveNotifyEventQueue' in 'cellAudio' module (0x3f8794)
LDR: ! Imported function 'EUCKRstoUTF8s' in 'cellL10n' module (0x3f7c54)
LDR: ! Imported function 'SJISstoUTF8s' in 'cellL10n' module (0x3f7c74)
LDR: ! Imported function 'UTF8stoSJISs' in 'cellL10n' module (0x3f7c94)
LDR: ! Imported function 'sceNpScoreGetRankingByNpId' in 'sceNp' module (0x3f7cb4)
LDR: ! Imported function 'sceNpScoreRecordScore' in 'sceNp' module (0x3f7cd4)
LDR: ! Imported function 'sceNpScoreDestroyTitleCtx' in 'sceNp' module (0x3f7cf4)
LDR: ! Imported function 'sceNpScoreInit' in 'sceNp' module (0x3f7d14)
LDR: ! Imported function 'sceNpBasicSetPresence' in 'sceNp' module (0x3f7d34)
LDR: ! Imported function 'sceNpTerm' in 'sceNp' module (0x3f7d54)
LDR: ! Imported function 'sceNpManagerUnregisterCallback' in 'sceNp' module (0x3f7d74)
LDR: ! Imported function 'sceNpLookupDestroyTitleCtx' in 'sceNp' module (0x3f7d94)
LDR: ! Imported function 'sceNpManagerGetContentRatingFlag' in 'sceNp' module (0x3f7db4)
LDR: ! Imported function 'sceNpScoreCreateTransactionCtx' in 'sceNp' module (0x3f7dd4)
LDR: ! Imported function 'sceNpLookupTerm' in 'sceNp' module (0x3f7df4)
LDR: ! Imported function 'sceNpScoreTerm' in 'sceNp' module (0x3f7e14)
LDR: ! Imported function 'sceNpManagerGetStatus' in 'sceNp' module (0x3f7e34)
LDR: ! Imported function 'sceNpDrmIsAvailable' in 'sceNp' module (0x3f7e54)
LDR: ! Imported function 'sceNpScoreCreateTitleCtx' in 'sceNp' module (0x3f7e74)
LDR: ! Imported function 'sceNpInit' in 'sceNp' module (0x3f7e94)
LDR: ! Imported function 'sceNpScoreDestroyTransactionCtx' in 'sceNp' module (0x3f7eb4)
LDR: ! Imported function 'sceNpLookupCreateTitleCtx' in 'sceNp' module (0x3f7ed4)
LDR: ! Imported function 'sceNpManagerRegisterCallback' in 'sceNp' module (0x3f7ef4)
LDR: ! Imported function 'sceNpLookupCreateTransactionCtx' in 'sceNp' module (0x3f7f14)
LDR: ! Imported function 'sceNpScoreGetBoardInfo' in 'sceNp' module (0x3f7f34)
LDR: ! Imported function 'sceNpLookupDestroyTransactionCtx' in 'sceNp' module (0x3f7f54)
LDR: ! Imported function 'sceNpScoreGetRankingByRange' in 'sceNp' module (0x3f7f74)
LDR: ! Imported function 'sceNpManagerGetNpId' in 'sceNp' module (0x3f7f94)
LDR: ! Imported function 'sys_net_finalize_network' in 'sys_net' module (0x3f7fb4)
LDR: ! Imported function 'cellNetCtlNetStartDialogLoadAsync' in 'cellNetCtl' module (0x3f7fd4)
LDR: ! Imported function 'cellNetCtlNetStartDialogUnloadAsync' in 'cellNetCtl' module (0x3f7ff4)
LDR: ! Imported function 'cellNetCtlTerm' in 'cellNetCtl' module (0x3f8014)
LDR: ! Imported function 'cellNetCtlGetInfo' in 'cellNetCtl' module (0x3f8034)
LDR: ! Imported function 'cellNetCtlGetState' in 'cellNetCtl' module (0x3f8054)
LDR: ! Imported function 'cellNetCtlInit' in 'cellNetCtl' module (0x3f8074)
LDR: ! Imported function 'sceNpTrophyRegisterContext' in 'sceNpTrophy' module (0x3f8094)
LDR: ! Imported function 'sceNpTrophyCreateHandle' in 'sceNpTrophy' module (0x3f80b4)
LDR: ! Imported function 'sceNpTrophyGetRequiredDiskSpace' in 'sceNpTrophy' module (0x3f80d4)
LDR: ! Imported function 'sceNpTrophyDestroyContext' in 'sceNpTrophy' module (0x3f80f4)
LDR: ! Imported function 'sceNpTrophyInit' in 'sceNpTrophy' module (0x3f8114)
LDR: ! Imported function 'sceNpTrophyAbortHandle' in 'sceNpTrophy' module (0x3f8134)
LDR: ! Imported function 'sceNpTrophyDestroyHandle' in 'sceNpTrophy' module (0x3f8154)
LDR: ! Imported function 'sceNpTrophyUnlockTrophy' in 'sceNpTrophy' module (0x3f8174)
LDR: ! Imported function 'sceNpTrophyTerm' in 'sceNpTrophy' module (0x3f8194)
LDR: ! Imported function 'sceNpTrophyCreateContext' in 'sceNpTrophy' module (0x3f81b4)
LDR: ! Imported function 'cellFsClose' in 'sys_fs' module (0x3f81d4)
LDR: ! Imported function 'cellFsOpendir' in 'sys_fs' module (0x3f81f4)
LDR: ! Imported function 'cellFsRead' in 'sys_fs' module (0x3f8214)
LDR: ! Imported function 'cellFsReaddir' in 'sys_fs' module (0x3f8234)
LDR: ! Imported function 'cellFsOpen' in 'sys_fs' module (0x3f8254)
LDR: ! Imported function 'cellFsStat' in 'sys_fs' module (0x3f8274)
LDR: ! Imported function 'cellFsUnlink' in 'sys_fs' module (0x3f8294)
LDR: ! Imported function 'cellFsGetFreeSize' in 'sys_fs' module (0x3f82b4)
LDR: ! Imported function 'cellFsMkdir' in 'sys_fs' module (0x3f82d4)
LDR: ! Imported function 'cellFsWrite' in 'sys_fs' module (0x3f82f4)
LDR: ! Imported function 'cellFsFstat' in 'sys_fs' module (0x3f8314)
LDR: ! Imported function 'cellFsClosedir' in 'sys_fs' module (0x3f8334)
LDR: ! Imported function 'cellFsLseek' in 'sys_fs' module (0x3f87b4)
LDR: ! Imported function 'cellFsSdataOpen' in 'sys_fs' module (0x3f87d4)
LDR: ! Imported function 'cellFsRename' in 'sys_fs' module (0x3f87f4)
LDR: ! Imported function 'cellRescGetNumColorBuffers' in 'cellResc' module (0x3f8354)
LDR: ! Imported function 'cellRescSetWaitFlip' in 'cellResc' module (0x3f8374)
LDR: ! Imported function 'cellRescSetDsts' in 'cellResc' module (0x3f8394)
LDR: ! Imported function 'cellRescResetFlipStatus' in 'cellResc' module (0x3f83b4)
LDR: ! Imported function 'cellRescAdjustAspectRatio' in 'cellResc' module (0x3f83d4)
LDR: ! Imported function 'cellRescSetDisplayMode' in 'cellResc' module (0x3f83f4)
LDR: ! Imported function 'cellRescSetConvertAndFlip' in 'cellResc' module (0x3f8414)
LDR: ! Imported function 'cellRescExit' in 'cellResc' module (0x3f8434)
LDR: ! Imported function 'cellRescSetFlipHandler' in 'cellResc' module (0x3f8454)
LDR: ! Imported function 'cellRescInit' in 'cellResc' module (0x3f8474)
LDR: ! Imported function 'cellRescGetBufferSize' in 'cellResc' module (0x3f8494)
LDR: ! Imported function 'cellRescGetLastFlipTime' in 'cellResc' module (0x3f84b4)
LDR: ! Imported function 'cellRescSetSrc' in 'cellResc' module (0x3f84d4)
LDR: ! Imported function 'cellRescSetBufferAddress' in 'cellResc' module (0x3f84f4)
LDR: ! Imported function 'cellRescGetFlipStatus' in 'cellResc' module (0x3f8514)
LDR: ! Imported function 'cellRescSetVBlankHandler' in 'cellResc' module (0x3f8534)
LDR: ! Imported function 'cellRescCreateInterlaceTable' in 'cellResc' module (0x3f8554)
LDR: ! Imported function 'cellSyncBarrierInitialize' in 'cellSync' module (0x3f8814)
LDR: ! Imported function 'cellSyncBarrierTryWait' in 'cellSync' module (0x3f8834)
LDR: ! Imported function 'cellSyncMutexUnlock' in 'cellSync' module (0x3f8854)
LDR: ! Imported function 'cellSyncMutexInitialize' in 'cellSync' module (0x3f8874)
LDR: ! Imported function 'cellSyncMutexTryLock' in 'cellSync' module (0x3f8894)
LDR: ! Imported function 'sys_lwmutex_lock' in 'sysPrxForUser' module (0x3f88b4)
LDR: ! Imported function 'sys_lwmutex_unlock' in 'sysPrxForUser' module (0x3f88d4)
LDR: ! Imported function 'sys_ppu_thread_create' in 'sysPrxForUser' module (0x3f88f4)
LDR: ! Imported function '_sys_process_atexitspawn' in 'sysPrxForUser' module (0x3f8914)
LDR: ! Imported function 'sys_lwmutex_create' in 'sysPrxForUser' module (0x3f8934)
LDR: ! Imported function 'sys_ppu_thread_get_id' in 'sysPrxForUser' module (0x3f8954)
LDR: ! Imported function '_sys_heap_malloc' in 'sysPrxForUser' module (0x3f8974)
LDR: ! Imported function 'sys_prx_register_library' in 'sysPrxForUser' module (0x3f8994)
LDR: ! Imported function '_sys_heap_memalign' in 'sysPrxForUser' module (0x3f89b4)
LDR: ! Imported function 'sys_initialize_tls' in 'sysPrxForUser' module (0x3f89d4)
LDR: ! Imported function 'sys_time_get_system_time' in 'sysPrxForUser' module (0x3f89f4)
LDR: ! Imported function '_sys_heap_free' in 'sysPrxForUser' module (0x3f8a14)
LDR: ! Imported function '_sys_process_at_Exitspawn' in 'sysPrxForUser' module (0x3f8a34)
LDR: ! Imported function 'sys_prx_exitspawn_with_level' in 'sysPrxForUser' module (0x3f8a54)
LDR: ! Imported function 'sys_lwmutex_trylock' in 'sysPrxForUser' module (0x3f8a74)
LDR: ! Imported function '_sys_heap_delete_heap' in 'sysPrxForUser' module (0x3f8a94)
LDR: ! Imported function 'sys_ppu_thread_exit' in 'sysPrxForUser' module (0x3f8ab4)
LDR: ! Imported function '_sys_heap_create_heap' in 'sysPrxForUser' module (0x3f8ad4)
LDR: ! Imported function 'sys_lwmutex_destroy' in 'sysPrxForUser' module (0x3f8af4)
LDR: ! Imported function 'sys_spu_image_close' in 'sysPrxForUser' module (0x3f8b14)
LDR: ! Imported function 'sys_process_exit' in 'sysPrxForUser' module (0x3f8b34)
LDR: ! Imported function 'sys_spu_image_import' in 'sysPrxForUser' module (0x3f8b54)
MEM: ! Thread Local Storage initialized (g_tls_start=0x1aa1000, user_size=0x1d8)
*** TLS segment addr: 0x00473780
*** TLS segment size: 0x00000004
HLE: W {PPU[0x1] Thread (main_thread)[0x0015ed90]} sys_memory: sys_memory_allocate(size=0x3000000, flags=0x400, alloc_addr=*0xd000fce0)
HLE: W {PPU[0x1] Thread (main_thread)[0x003f8934]} sysPrxForUser: sys_lwmutex_create(lwmutex=*0x20000000, attr=*0xd000fbe0)
HLE: W {PPU[0x1] Thread (main_thread)[0x003f8934]} sysPrxForUser: sys_lwmutex_create(lwmutex=*0x1a58fc8, attr=*0x400838)
HLE: W {PPU[0x1] Thread (main_thread)[0x003f8934]} sysPrxForUser: sys_lwmutex_create(lwmutex=*0x1a58750, attr=*0x400838)
HLE: W {PPU[0x1] Thread (main_thread)[0x003f8934]} sysPrxForUser: sys_lwmutex_create(lwmutex=*0x1a58778, attr=*0x400838)
HLE: W {PPU[0x1] Thread (main_thread)[0x003f8934]} sysPrxForUser: sys_lwmutex_create(lwmutex=*0x1a587a0, attr=*0x400838)
HLE: W {PPU[0x1] Thread (main_thread)[0x003f8934]} sysPrxForUser: sys_lwmutex_create(lwmutex=*0x1a58688, attr=*0x400838)
HLE: W {PPU[0x1] Thread (main_thread)[0x003f8934]} sysPrxForUser: sys_lwmutex_create(lwmutex=*0x1a586b0, attr=*0x400838)
HLE: W {PPU[0x1] Thread (main_thread)[0x003f8934]} sysPrxForUser: sys_lwmutex_create(lwmutex=*0x1a586d8, attr=*0x400838)
HLE: W {PPU[0x1] Thread (main_thread)[0x003f8934]} sysPrxForUser: sys_lwmutex_create(lwmutex=*0x1a58700, attr=*0x400838)
HLE: W {PPU[0x1] Thread (main_thread)[0x003f8934]} sysPrxForUser: sys_lwmutex_create(lwmutex=*0x1a58728, attr=*0x400838)
HLE: W {PPU[0x1] Thread (main_thread)[0x003f8934]} sysPrxForUser: sys_lwmutex_create(lwmutex=*0x2005f490, attr=*0x400838)
HLE: W {PPU[0x1] Thread (main_thread)[0x003f8934]} sysPrxForUser: sys_lwmutex_create(lwmutex=*0x2005f610, attr=*0x400838)
HLE: W {PPU[0x1] Thread (main_thread)[0x003f8934]} sysPrxForUser: sys_lwmutex_create(lwmutex=*0x2005f910, attr=*0x400838)
HLE: W {PPU[0x1] Thread (main_thread)[0x003f8934]} sysPrxForUser: sys_lwmutex_create(lwmutex=*0x2005fb10, attr=*0x400838)
HLE: W {PPU[0x1] Thread (main_thread)[0x003f8934]} sysPrxForUser: sys_lwmutex_create(lwmutex=*0x2005fc10, attr=*0x400838)
HLE: W {PPU[0x1] Thread (main_thread)[0x003f8934]} sysPrxForUser: sys_lwmutex_create(lwmutex=*0x2005fd10, attr=*0x400838)
HLE: W {PPU[0x1] Thread (main_thread)[0x003f8934]} sysPrxForUser: sys_lwmutex_create(lwmutex=*0x20060110, attr=*0x400838)
HLE: W {PPU[0x1] Thread (main_thread)[0x003f8934]} sysPrxForUser: sys_lwmutex_create(lwmutex=*0x20060190, attr=*0x400838)
HLE: W {PPU[0x1] Thread (main_thread)[0x003f8934]} sysPrxForUser: sys_lwmutex_create(lwmutex=*0x20060210, attr=*0x400838)
HLE: W {PPU[0x1] Thread (main_thread)[0x003f8934]} sysPrxForUser: sys_lwmutex_create(lwmutex=*0x20060290, attr=*0x400838)
HLE: W {PPU[0x1] Thread (main_thread)[0x003f8934]} sysPrxForUser: sys_lwmutex_create(lwmutex=*0x20060310, attr=*0x400838)
HLE: W {PPU[0x1] Thread (main_thread)[0x003f8934]} sysPrxForUser: sys_lwmutex_create(lwmutex=*0x20060390, attr=*0x400838)
HLE: W {PPU[0x1] Thread (main_thread)[0x003f7bd4]} cellSysmodule: cellSysmoduleLoadModule(id=0x0009: CELL_SYSMODULE_RTC)
HLE: W {PPU[0x1] Thread (main_thread)[0x003f7bd4]} cellSysmodule: cellSysmoduleLoadModule(id=0x000a: CELL_SYSMODULE_SPURS)
HLE: W {PPU[0x1] Thread (main_thread)[0x003f7bd4]} cellSysmodule: cellSysmoduleLoadModule(id=0x000b: CELL_SYSMODULE_OVIS)
HLE: W {PPU[0x1] Thread (main_thread)[0x003f7bd4]} cellSysmodule: cellSysmoduleLoadModule(id=0x000d: CELL_SYSMODULE_SYNC)
HLE: W {PPU[0x1] Thread (main_thread)[0x003f7bd4]} cellSysmodule: cellSysmoduleLoadModule(id=0x000c: CELL_SYSMODULE_SHEAP)
HLE: W {PPU[0x1] Thread (main_thread)[0x003f7bd4]} cellSysmodule: cellSysmoduleLoadModule(id=0x000e: CELL_SYSMODULE_FS)
HLE: W {PPU[0x1] Thread (main_thread)[0x00179918]} sys_spu: sys_spu_initialize(max_usable_spu=6, max_raw_spu=1)
HLE: W {PPU[0x1] Thread (main_thread)[0x003f76f4]} cellSysutil: cellSysutilRegisterCallback(slot=0, func=*0x45bdc8, userdata=*0x0)
HLE: W {PPU[0x1] Thread (main_thread)[0x003f76f4]} cellSysutil: cellSysutilRegisterCallback(slot=2, func=*0x453980, userdata=*0x4861b8)
HLE: W {PPU[0x1] Thread (main_thread)[0x003f7bd4]} cellSysmodule: cellSysmoduleLoadModule(id=0x0017: CELL_SYSMODULE_IO)
HLE: W {PPU[0x1] Thread (main_thread)[0x003f7bd4]} cellSysmodule: cellSysmoduleLoadModule(id=0x0010: CELL_SYSMODULE_GCM_SYS)
HLE: W {PPU[0x1] Thread (main_thread)[0x003f7bd4]} cellSysmodule: cellSysmoduleLoadModule(id=0x001f: CELL_SYSMODULE_RESC)
HLE: W {PPU[0x1] Thread (main_thread)[0x003f7bd4]} cellSysmodule: cellSysmoduleLoadModule(id=0x0019: CELL_SYSMODULE_FONT)
HLE: W {PPU[0x1] Thread (main_thread)[0x003f7bd4]} cellSysmodule: cellSysmoduleLoadModule(id=0x001a: CELL_SYSMODULE_FONTFT)
HLE: W {PPU[0x1] Thread (main_thread)[0x003f7bd4]} cellSysmodule: cellSysmoduleLoadModule(id=0x0010: CELL_SYSMODULE_GCM_SYS)
HLE: W {PPU[0x1] Thread (main_thread)[0x003f7bd4]} cellSysmodule: cellSysmoduleLoadModule(id=0x001f: CELL_SYSMODULE_RESC)
HLE: W {PPU[0x1] Thread (main_thread)[0x001f86e0]} sys_spu: sys_raw_spu_create(id=*0x19fc7f0, attr=*0xd000f870)
SPU: S {PPU[0x1] Thread (main_thread)[0x001f86e0]} SPU Database initialized...
SPU: S {PPU[0x1] Thread (main_thread)[0x001f86e0]} SPU Recompiler (ASMJIT) created...
SPU: S {RawSPU[0] Thread (0x19)[0x000e0]} Function detected [0x000e0-0x00168] (size=0x88)
SPU: S {RawSPU[0] Thread (0x19)[0x00090]} Function detected [0x00090-0x000c0] (size=0x30)
SPU: S {RawSPU[0] Thread (0x19)[0x00168]} Function detected [0x00168-0x00658] (size=0x4f0)
HLE: W {PPU[0x1] Thread (main_thread)[0x003f85b4]} cellGcmSys: _cellGcmInitBody(context=**0x19fd504, cmdSize=0x10000, ioSize=0x100000, ioAddress=0x20100000)
HLE: W {PPU[0x1] Thread (main_thread)[0x003f85b4]} cellGcmSys: *** local memory(addr=0xc0000000, size=0xf900000)
HLE: W {PPU[0x1] Thread (main_thread)[0x003f85b4]} cellGcmSys: cellGcmInit(): 256MB io address space used
RSX: ! {RSXThread} RSX thread started
HLE: W {PPU[0x1] Thread (main_thread)[0x003f78d4]} cellGcmSys: cellGcmSetDebugOutputLevel(level=2)
HLE: E {PPU[0x1] Thread (main_thread)[0x003f7b14]} cellGcmSys: cellGcmSetGraphicsHandler
RSX: W {RSXThread} TODO: NV4097_SET_FREQUENCY_DIVIDER_OPERATION: 0
HLE: W {PPU[0x1] Thread (main_thread)[0x001f2050]} sys_memory: sys_memory_allocate(size=0x100000, flags=0x400, alloc_addr=*0x19fc5a4)
HLE: W {PPU[0x1] Thread (main_thread)[0x003f7914]} cellGcmSys: cellGcmMapEaIoAddress(ea=0x23000000, io=0xe000000, size=0x100000)
HLE: W {PPU[0x1] Thread (main_thread)[0x003f7b34]} cellGcmSys: cellGcmUnbindTile(index=0)
HLE: W {PPU[0x1] Thread (main_thread)[0x003f7b34]} cellGcmSys: cellGcmUnbindTile(index=1)
HLE: W {PPU[0x1] Thread (main_thread)[0x003f7b34]} cellGcmSys: cellGcmUnbindTile(index=2)
HLE: W {PPU[0x1] Thread (main_thread)[0x003f7b34]} cellGcmSys: cellGcmUnbindTile(index=3)
HLE: W {PPU[0x1] Thread (main_thread)[0x003f7b34]} cellGcmSys: cellGcmUnbindTile(index=4)
HLE: W {PPU[0x1] Thread (main_thread)[0x003f7b34]} cellGcmSys: cellGcmUnbindTile(index=5)
HLE: W {PPU[0x1] Thread (main_thread)[0x003f7b34]} cellGcmSys: cellGcmUnbindTile(index=6)
HLE: W {PPU[0x1] Thread (main_thread)[0x003f7b34]} cellGcmSys: cellGcmUnbindTile(index=7)
HLE: W {PPU[0x1] Thread (main_thread)[0x003f7b34]} cellGcmSys: cellGcmUnbindTile(index=8)
HLE: W {PPU[0x1] Thread (main_thread)[0x003f7b34]} cellGcmSys: cellGcmUnbindTile(index=9)
HLE: W {PPU[0x1] Thread (main_thread)[0x003f7b34]} cellGcmSys: cellGcmUnbindTile(index=10)
HLE: W {PPU[0x1] Thread (main_thread)[0x003f7b34]} cellGcmSys: cellGcmUnbindTile(index=11)
HLE: W {PPU[0x1] Thread (main_thread)[0x003f7b34]} cellGcmSys: cellGcmUnbindTile(index=12)
HLE: W {PPU[0x1] Thread (main_thread)[0x003f7b34]} cellGcmSys: cellGcmUnbindTile(index=13)
HLE: W {PPU[0x1] Thread (main_thread)[0x003f7b34]} cellGcmSys: cellGcmUnbindTile(index=14)
HLE: W {PPU[0x1] Thread (main_thread)[0x003f8474]} cellResc: cellRescInit(initConfig=*0xd000f800)
HLE: W {PPU[0x1] Thread (main_thread)[0x003f7ab4]} cellGcmSys: cellGcmSetTileInfo(index=0, location=0, offset=253558784, size=7536640, pitch=5120, comp=0, base=0, bank=0)
HLE: W {PPU[0x1] Thread (main_thread)[0x003f7894]} cellGcmSys: cellGcmBindTile(index=0)
HLE: W {PPU[0x1] Thread (main_thread)[0x003f83f4]} cellResc: cellRescSetDisplayMode(displayMode=4)
HLE: W {PPU[0x1] Thread (main_thread)[0x003f83f4]} cellSysutil: cellVideoOutConfigure(videoOut=0, config=*0xd000f720, option=*0x0, waitForEvent=0)
HLE: W {PPU[0x1] Thread (main_thread)[0x003f83f4]} cellGcmSys: cellGcmSetFlipMode(mode=2)
HLE: W {PPU[0x1] Thread (main_thread)[0x003f8494]} cellResc: cellRescGetBufferSize(colorBuffers=*0xd000f7d0, vertexArray=*0xd000f7c8, fragmentShader=*0xd000f7cc)
HLE: W {PPU[0x1] Thread (main_thread)[0x003f84f4]} cellResc: cellRescSetBufferAddress(colorBuffers=*0xcf1d0000, vertexArray=*0xc0000000, fragmentShader=*0xc0000180)
HLE: W {PPU[0x1] Thread (main_thread)[0x003f83d4]} cellResc: cellRescAdjustAspectRatio(horizontal=1.000000, vertical=1.000000)
HLE: W {PPU[0x1] Thread (main_thread)[0x003f7ab4]} cellGcmSys: cellGcmSetTileInfo(index=0, location=0, offset=249626624, size=11468800, pitch=5120, comp=0, base=0, bank=0)
HLE: W {PPU[0x1] Thread (main_thread)[0x003f7894]} cellGcmSys: cellGcmBindTile(index=0)
HLE: W {PPU[0x1] Thread (main_thread)[0x003f7ab4]} cellGcmSys: cellGcmSetTileInfo(index=0, location=0, offset=245694464, size=15400960, pitch=5120, comp=0, base=0, bank=0)
HLE: W {PPU[0x1] Thread (main_thread)[0x003f7894]} cellGcmSys: cellGcmBindTile(index=0)
HLE: W {PPU[0x1] Thread (main_thread)[0x003f7ab4]} cellGcmSys: cellGcmSetTileInfo(index=1, location=0, offset=241762304, size=3932160, pitch=5120, comp=10, base=1, bank=3)
HLE: E {PPU[0x1] Thread (main_thread)[0x003f7ab4]} cellGcmSys: cellGcmSetTileInfo: bad compression mode! (10)
HLE: W {PPU[0x1] Thread (main_thread)[0x003f7894]} cellGcmSys: cellGcmBindTile(index=1)
HLE: W {PPU[0x1] Thread (main_thread)[0x003f7994]} cellGcmSys: cellGcmBindZcull(index=0)
HLE: W {PPU[0x1] Thread (main_thread)[0x00249ca4]} sys_semaphore: sys_semaphore_create(sem_id=*0x19fcc28, attr=*0xd000f820, initial_val=1, max_val=2)
HLE: W {PPU[0x1] Thread (main_thread)[0x003f8454]} cellResc: cellRescSetFlipHandler(handler=*0x45f9c0)
HLE: W {PPU[0x1] Thread (main_thread)[0x003f8534]} cellResc: cellRescSetVBlankHandler(handler=*0x45f9e8)
HLE: W {PPU[0x1] Thread (main_thread)[0x001f6844]} sys_mutex: sys_mutex_create(mutex_id=*0x20066c00, attr=*0xd000f6f0)
HLE: W {PPU[0x1] Thread (main_thread)[0x001f69ec]} sys_cond: sys_cond_create(cond_id=*0x20066c80, mutex_id=0x1b, attr=*0xd000f700)
RSX: W {RSXThread} TODO: NV4097_SET_ANTI_ALIASING_CONTROL: 0xffff0000
RSX: W {RSXThread} TODO: NV4097_SET_WINDOW_OFFSET: x=0, y=0
RSX: W {RSXThread} TODO: NV4097_SET_ZCULL_CONTROL0: 0x10
RSX: W {RSXThread} TODO: NV4097_SET_SCULL_CONTROL: 0xff000007
RSX: W {RSXThread} Creating RTT
RSX: W {RSXThread} TODO: NV4097_SET_ANTI_ALIASING_CONTROL: 0xffff0000
RSX: W {RSXThread} TODO: NV4097_SET_WINDOW_OFFSET: x=0, y=0
RSX: W {RSXThread} Creating RTT
HLE: W {PPU[0x1] Thread (main_thread)[0x003f8374]} cellResc: cellRescSetWaitFlip()
HLE: W {PPU[0x1] Thread (main_thread)[0x003f7a34]} cellGcmSys: cellGcmGetReportDataLocation(index=4991, location=1)
HLE: W {PPU[0x1] Thread (main_thread)[0x003f7a34]} cellGcmSys: cellGcmGetReportDataAddressLocation(index=4991, location=1)
HLE: W {PPU[0x1] Thread (main_thread)[0x003f7a34]} cellGcmSys: cellGcmGetReportDataLocation(index=4992, location=1)
HLE: W {PPU[0x1] Thread (main_thread)[0x003f7a34]} cellGcmSys: cellGcmGetReportDataAddressLocation(index=4992, location=1)
HLE: W {PPU[0x1] Thread (main_thread)[0x003f7a34]} cellGcmSys: cellGcmGetReportDataLocation(index=4993, location=1)
HLE: W {PPU[0x1] Thread (main_thread)[0x003f7a34]} cellGcmSys: cellGcmGetReportDataAddressLocation(index=4993, location=1)
HLE: W {PPU[0x1] Thread (main_thread)[0x003f7a34]} cellGcmSys: cellGcmGetReportDataLocation(index=4994, location=1)
HLE: W {PPU[0x1] Thread (main_thread)[0x003f7a34]} cellGcmSys: cellGcmGetReportDataAddressLocation(index=4994, location=1)
HLE: W {PPU[0x1] Thread (main_thread)[0x003f8374]} cellResc: cellRescSetWaitFlip()
RSX: W {RSXThread} TODO: NV4097_SET_VERTEX_ATTRIB_INPUT_MASK: 0xf0d
RSX: W {RSXThread} NV3089_IMAGE_IN_SIZE: w=32, h=1, pitch=64, offset=0x4500, inX=0.000000, inY=0.000000, scaleX=1.000000, scaleY=1.000000
RSX: W {RSXThread} NV3089_IMAGE_IN_SIZE: w=16, h=1, pitch=64, offset=0x4540, inX=0.000000, inY=0.000000, scaleX=1.000000, scaleY=1.000000
RSX: W {RSXThread} NV3089_IMAGE_IN_SIZE: w=16, h=1, pitch=64, offset=0x4600, inX=0.000000, inY=0.000000, scaleX=1.000000, scaleY=1.000000
RSX: W {RSXThread} NV3089_IMAGE_IN_SIZE: w=32, h=1, pitch=64, offset=0x4700, inX=0.000000, inY=0.000000, scaleX=1.000000, scaleY=1.000000
RSX: W {RSXThread} NV3089_IMAGE_IN_SIZE: w=16, h=1, pitch=64, offset=0x4740, inX=0.000000, inY=0.000000, scaleX=1.000000, scaleY=1.000000
RSX: W {RSXThread} NV3089_IMAGE_IN_SIZE: w=16, h=1, pitch=64, offset=0x4800, inX=0.000000, inY=0.000000, scaleX=1.000000, scaleY=1.000000
RSX: W {RSXThread} NV3089_IMAGE_IN_SIZE: w=16, h=1, pitch=64, offset=0x4880, inX=0.000000, inY=0.000000, scaleX=1.000000, scaleY=1.000000
RSX: W {RSXThread} TODO: NV4097_SET_ANTI_ALIASING_CONTROL: 0xffff0000
RSX: W {RSXThread} TODO: NV4097_SET_WINDOW_OFFSET: x=0, y=0
RSX: W {RSXThread} TODO: NV4097_SET_VERTEX_ATTRIB_INPUT_MASK: 0xf0d
RSX: W {RSXThread} TODO: NV4097_SET_VERTEX_ATTRIB_OUTPUT_MASK: 0x1
RSX: W {RSXThread} TODO: NV4097_SET_ZMIN_MAX_CONTROL: cullNearFarEnable=1, zclampEnable=0, cullIgnoreW=0
RSX: W {RSXThread} TODO: NV4097_SET_ZMIN_MAX_CONTROL: cullNearFarEnable=1, zclampEnable=0, cullIgnoreW=0
RSX: W {RSXThread} TODO: NV4097_SET_ANTI_ALIASING_CONTROL: 0xffff0001
RSX: W {RSXThread} TODO: NV4097_SET_REDUCE_DST_COLOR: 0x1
RSX: W {RSXThread} TODO: NV4097_SET_VERTEX_ATTRIB_OUTPUT_MASK: 0x1
RSX: W {RSXThread} TODO: NV4097_SET_POINT_PARAMS_ENABLE: 0x1
RSX: W {RSXThread} TODO: NV4097_SET_VERTEX_ATTRIB_OUTPUT_MASK: 0x1
RSX: W {RSXThread} TODO: NV4097_SET_VERTEX_ATTRIB_OUTPUT_MASK: 0x1
RSX: W {RSXThread} TODO: NV4097_SET_ZCULL_CONTROL0: 0x10
RSX: W {RSXThread} TODO: NV4097_SET_SCULL_CONTROL: 0xff000007
RSX: W {RSXThread} TODO: NV4097_SET_CONTEXT_DMA_REPORT: 0xbad68000
RSX: W {RSXThread} NV4097_GET_REPORT: Unimplemented type 2
RSX: W {RSXThread} NV4097_GET_REPORT: Unimplemented type 3
RSX: W {RSXThread} NV4097_GET_REPORT: Unimplemented type 4
RSX: W {RSXThread} NV4097_GET_REPORT: Unimplemented type 5
HLE: W {PPU[0x1] Thread (main_thread)[0x003f7a34]} cellGcmSys: cellGcmGetReportDataLocation(index=4991, location=1)
RSX: W {RSXThread} TODO: NV4097_CLEAR_REPORT_VALUE: ZCULL_STATS
HLE: W {PPU[0x1] Thread (main_thread)[0x003f7a34]} cellGcmSys: cellGcmGetReportDataAddressLocation(index=4991, location=1)
RSX: W {RSXThread} TODO: NV4097_SET_ZCULL_STATS_ENABLE: 0x1
HLE: W {PPU[0x1] Thread (main_thread)[0x003f7a34]} cellGcmSys: cellGcmGetReportDataLocation(index=4992, location=1)
RSX: W {RSXThread} TODO: NV4097_SET_ANTI_ALIASING_CONTROL: 0xffff0000
HLE: W {PPU[0x1] Thread (main_thread)[0x003f7a34]} cellGcmSys: cellGcmGetReportDataAddressLocation(index=4992, location=1)
RSX: W {RSXThread} TODO: NV4097_SET_WINDOW_OFFSET: x=0, y=0
HLE: W {PPU[0x1] Thread (main_thread)[0x003f7a34]} cellGcmSys: cellGcmGetReportDataLocation(index=4993, location=1)
RSX: W {RSXThread} TODO: NV4097_SET_ZCULL_CONTROL0: 0x10
HLE: W {PPU[0x1] Thread (main_thread)[0x003f7a34]} cellGcmSys: cellGcmGetReportDataAddressLocation(index=4993, location=1)
RSX: W {RSXThread} TODO: NV4097_SET_SCULL_CONTROL: 0xff000007
HLE: W {PPU[0x1] Thread (main_thread)[0x003f7a34]} cellGcmSys: cellGcmGetReportDataLocation(index=4994, location=1)
HLE: W {PPU[0x1] Thread (main_thread)[0x003f7a34]} cellGcmSys: cellGcmGetReportDataAddressLocation(index=4994, location=1)
RSX: W {RSXThread} TODO: NV4097_SET_VERTEX_ATTRIB_INPUT_MASK: 0xf0d
RSX: W {RSXThread} TODO: NV4097_SET_VERTEX_ATTRIB_OUTPUT_MASK: 0x1
RSX: W {RSXThread} TODO: NV4097_SET_VERTEX_ATTRIB_OUTPUT_MASK: 0x1
RSX: W {RSXThread} TODO: NV4097_SET_ZMIN_MAX_CONTROL: cullNearFarEnable=1, zclampEnable=0, cullIgnoreW=0
RSX: W {RSXThread} TODO: NV4097_SET_ZMIN_MAX_CONTROL: cullNearFarEnable=1, zclampEnable=0, cullIgnoreW=0
RSX: W {RSXThread} TODO: NV4097_SET_ANTI_ALIASING_CONTROL: 0xffff0001
RSX: W {RSXThread} TODO: NV4097_SET_REDUCE_DST_COLOR: 0x1
RSX: W {RSXThread} TODO: NV4097_SET_VERTEX_ATTRIB_OUTPUT_MASK: 0x1
RSX: W {RSXThread} TODO: NV4097_SET_POINT_PARAMS_ENABLE: 0x1
RSX: W {RSXThread} TODO: NV4097_SET_VERTEX_ATTRIB_OUTPUT_MASK: 0x1
RSX: W {RSXThread} TODO: NV4097_SET_VERTEX_ATTRIB_OUTPUT_MASK: 0x1
RSX: W {RSXThread} TODO: NV4097_SET_CONTEXT_DMA_REPORT: 0xbad68000
RSX: W {RSXThread} NV4097_GET_REPORT: Unimplemented type 2
RSX: W {RSXThread} NV4097_GET_REPORT: Unimplemented type 3
RSX: W {RSXThread} NV4097_GET_REPORT: Unimplemented type 4
RSX: W {RSXThread} NV4097_GET_REPORT: Unimplemented type 5
RSX: W {RSXThread} TODO: NV4097_CLEAR_REPORT_VALUE: ZCULL_STATS
RSX: W {RSXThread} TODO: NV4097_SET_ZCULL_STATS_ENABLE: 0x1
RSX: W {RSXThread} TODO: NV4097_SET_ANTI_ALIASING_CONTROL: 0xffff0000
RSX: W {RSXThread} TODO: NV4097_SET_WINDOW_OFFSET: x=0, y=0
RSX: W {RSXThread} TODO: NV4097_SET_VERTEX_ATTRIB_INPUT_MASK: 0xf0d
RSX: W {RSXThread} TODO: NV4097_SET_VERTEX_ATTRIB_OUTPUT_MASK: 0x1
RSX: W {RSXThread} TODO: NV4097_SET_VERTEX_ATTRIB_OUTPUT_MASK: 0x1
RSX: W {RSXThread} TODO: NV4097_SET_ZMIN_MAX_CONTROL: cullNearFarEnable=1, zclampEnable=0, cullIgnoreW=0
RSX: W {RSXThread} TODO: NV4097_SET_ZMIN_MAX_CONTROL: cullNearFarEnable=1, zclampEnable=0, cullIgnoreW=0
RSX: W {RSXThread} TODO: NV4097_SET_ANTI_ALIASING_CONTROL: 0xffff0001
RSX: W {RSXThread} TODO: NV4097_SET_REDUCE_DST_COLOR: 0x1
RSX: W {RSXThread} TODO: NV4097_SET_VERTEX_ATTRIB_OUTPUT_MASK: 0x1
RSX: W {RSXThread} TODO: NV4097_SET_POINT_PARAMS_ENABLE: 0x1
RSX: W {RSXThread} TODO: NV4097_SET_VERTEX_ATTRIB_OUTPUT_MASK: 0x1
RSX: W {RSXThread} TODO: NV4097_SET_VERTEX_ATTRIB_OUTPUT_MASK: 0x1
HLE: W {PPU[0x1] Thread (main_thread)[0x003f83d4]} cellResc: cellRescAdjustAspectRatio(horizontal=1.000000, vertical=1.000000)
HLE: W {PPU[0x1] Thread (main_thread)[0x003f8374]} cellResc: cellRescSetWaitFlip()
HLE: W {PPU[0x1] Thread (main_thread)[0x003f7a34]} cellGcmSys: cellGcmGetReportDataLocation(index=4991, location=1)
HLE: W {PPU[0x1] Thread (main_thread)[0x003f7a34]} cellGcmSys: cellGcmGetReportDataAddressLocation(index=4991, location=1)
HLE: W {PPU[0x1] Thread (main_thread)[0x003f7a34]} cellGcmSys: cellGcmGetReportDataLocation(index=4992, location=1)
HLE: W {PPU[0x1] Thread (main_thread)[0x003f7a34]} cellGcmSys: cellGcmGetReportDataAddressLocation(index=4992, location=1)
HLE: W {PPU[0x1] Thread (main_thread)[0x003f7a34]} cellGcmSys: cellGcmGetReportDataLocation(index=4993, location=1)
HLE: W {PPU[0x1] Thread (main_thread)[0x003f7a34]} cellGcmSys: cellGcmGetReportDataAddressLocation(index=4993, location=1)
HLE: W {PPU[0x1] Thread (main_thread)[0x003f7a34]} cellGcmSys: cellGcmGetReportDataLocation(index=4994, location=1)
HLE: W {PPU[0x1] Thread (main_thread)[0x003f7a34]} cellGcmSys: cellGcmGetReportDataAddressLocation(index=4994, location=1)
HLE: W {PPU[0x1] Thread (main_thread)[0x003f7bd4]} cellSysmodule: cellSysmoduleLoadModule(id=0x001e: CELL_SYSMODULE_L10N)
HLE: W {PPU[0x1] Thread (main_thread)[0x003f83d4]} cellResc: cellRescAdjustAspectRatio(horizontal=1.000000, vertical=1.000000)
HLE: W {PPU[0x1] Thread (main_thread)[0x003f7434]} sys_io: cellPadInit(max_connect=1)
HLE: W {PPU[0x1] Thread (main_thread)[0x003f7614]} cellSysutil: cellSysutilGetSystemParamInt(id=0x112(ID_ENTER_BUTTON_ASSIGN), value=*0xd000fba0)
HLE: W {PPU[0x1] Thread (main_thread)[0x0015e5bc]} sys_memory: sys_memory_allocate(size=0x6200000, flags=0x400, alloc_addr=*0xd000fb80)
RSX: W {RSXThread} TODO: NV4097_SET_CONTEXT_DMA_REPORT: 0xbad68000
RSX: W {RSXThread} NV4097_GET_REPORT: Unimplemented type 2
RSX: W {RSXThread} NV4097_GET_REPORT: Unimplemented type 3
RSX: W {RSXThread} NV4097_GET_REPORT: Unimplemented type 4
RSX: W {RSXThread} NV4097_GET_REPORT: Unimplemented type 5
RSX: W {RSXThread} TODO: NV4097_CLEAR_REPORT_VALUE: ZCULL_STATS
RSX: W {RSXThread} TODO: NV4097_SET_ZCULL_STATS_ENABLE: 0x1
RSX: W {RSXThread} TODO: NV4097_SET_ANTI_ALIASING_CONTROL: 0xffff0000
RSX: W {RSXThread} TODO: NV4097_SET_WINDOW_OFFSET: x=0, y=0
RSX: W {RSXThread} TODO: NV4097_SET_ZCULL_CONTROL0: 0x10
RSX: W {RSXThread} TODO: NV4097_SET_SCULL_CONTROL: 0xff000007
RSX: W {RSXThread} TODO: NV4097_SET_VERTEX_ATTRIB_INPUT_MASK: 0xf0d
RSX: W {RSXThread} TODO: NV4097_SET_VERTEX_ATTRIB_OUTPUT_MASK: 0x1
RSX: W {RSXThread} TODO: NV4097_SET_VERTEX_ATTRIB_OUTPUT_MASK: 0x1
RSX: W {RSXThread} TODO: NV4097_SET_ZMIN_MAX_CONTROL: cullNearFarEnable=1, zclampEnable=0, cullIgnoreW=0
RSX: W {RSXThread} TODO: NV4097_SET_ZMIN_MAX_CONTROL: cullNearFarEnable=1, zclampEnable=0, cullIgnoreW=0
RSX: W {RSXThread} TODO: NV4097_SET_ANTI_ALIASING_CONTROL: 0xffff0001
RSX: W {RSXThread} TODO: NV4097_SET_REDUCE_DST_COLOR: 0x1
RSX: W {RSXThread} TODO: NV4097_SET_VERTEX_ATTRIB_OUTPUT_MASK: 0x1
RSX: W {RSXThread} TODO: NV4097_SET_POINT_PARAMS_ENABLE: 0x1
RSX: W {RSXThread} TODO: NV4097_SET_VERTEX_ATTRIB_OUTPUT_MASK: 0x1
RSX: W {RSXThread} TODO: NV4097_SET_VERTEX_ATTRIB_OUTPUT_MASK: 0x1
HLE: W {PPU[0x1] Thread (main_thread)[0x003f8934]} sysPrxForUser: sys_lwmutex_create(lwmutex=*0x23100000, attr=*0xd000f9f0)
HLE: W {PPU[0x1] Thread (main_thread)[0x0015e6d8]} sys_memory: sys_memory_allocate(size=0x600000, flags=0x400, alloc_addr=*0xd000fb80)
HLE: W {PPU[0x1] Thread (main_thread)[0x003f8934]} sysPrxForUser: sys_lwmutex_create(lwmutex=*0x29300000, attr=*0xd000f9f0)
HLE: W {PPU[0x1] Thread (main_thread)[0x0015e7a0]} sys_memory: sys_memory_allocate(size=0x200000, flags=0x400, alloc_addr=*0xd000fb80)
HLE: W {PPU[0x1] Thread (main_thread)[0x003f8934]} sysPrxForUser: sys_lwmutex_create(lwmutex=*0x29900000, attr=*0xd000f9f0)
HLE: W {PPU[0x1] Thread (main_thread)[0x003f8934]} sysPrxForUser: sys_lwmutex_create(lwmutex=*0x20076600, attr=*0xd000fb10)
HLE: W {PPU[0x1] Thread (main_thread)[0x003f8934]} sysPrxForUser: sys_lwmutex_create(lwmutex=*0x20078900, attr=*0xd000fb10)
HLE: W {PPU[0x1] Thread (main_thread)[0x003f7bf4]} cellSysmodule: cellSysmoduleIsLoaded(id=0x0011: CELL_SYSMODULE_AUDIO)
HLE: E {PPU[0x1] Thread (main_thread)[0x003f7bf4]} cellSysmodule: cellSysmoduleIsLoaded() failed: module not loaded (id=0x0011)
HLE: W {PPU[0x1] Thread (main_thread)[0x003f7bd4]} cellSysmodule: cellSysmoduleLoadModule(id=0x0011: CELL_SYSMODULE_AUDIO)
HLE: W {PPU[0x1] Thread (main_thread)[0x003f7634]} cellSysutil: cellAudioOutConfigure(audioOut=0, config=*0xd000fa24, option=*0x0, waitForEvent=0)
HLE: W {PPU[0x1] Thread (main_thread)[0x003f7c14]} cellAudio: cellAudioInit()
HLE: W {PPU[0x1] Thread (main_thread)[0x003f8ad4]} sysPrxForUser: _sys_heap_create_heap(name=*0x40b6e0, arg2=0x20000, arg3=0x110000, arg4=0x0)
HLE: W {PPU[0x1] Thread (main_thread)[0x003f89b4]} sysPrxForUser: _sys_heap_memalign(heap=0x22, align=0x10, size=0x1080)
HLE: W {PPU[0x1] Thread (main_thread)[0x003f8934]} sysPrxForUser: sys_lwmutex_create(lwmutex=*0x1cb4640, attr=*0x1cb4658)
HLE: W {PPU[0x1] Thread (main_thread)[0x003f89b4]} sysPrxForUser: _sys_heap_memalign(heap=0x22, align=0x10, size=0x8280)
HLE: W {PPU[0x1] Thread (main_thread)[0x002951cc]} sys_mutex: sys_mutex_create(mutex_id=*0x1cb43e0, attr=*0x1cb43e8)
HLE: W {PPU[0x1] Thread (main_thread)[0x002951f0]} sys_cond: sys_cond_create(cond_id=*0x1cb43c0, mutex_id=0x24, attr=*0x1cb43c8)
HLE: W {PPU[0x1] Thread (main_thread)[0x0029527c]} sys_mutex: sys_mutex_create(mutex_id=*0x1cb4430, attr=*0x1cb4438)
HLE: W {PPU[0x1] Thread (main_thread)[0x002952a0]} sys_cond: sys_cond_create(cond_id=*0x1cb4414, mutex_id=0x26, attr=*0x1cb4418)
HLE: W {PPU[0x1] Thread (main_thread)[0x00295324]} sys_mutex: sys_mutex_create(mutex_id=*0x1cb4688, attr=*0x1cb4690)
HLE: W {PPU[0x1] Thread (main_thread)[0x00295348]} sys_cond: sys_cond_create(cond_id=*0x1cb4668, mutex_id=0x28, attr=*0x1cb4670)
HLE: W {PPU[0x1] Thread (main_thread)[0x003f88f4]} sysPrxForUser: sys_ppu_thread_create(thread_id=*0x1cb43b0, entry=0x462460, arg=0x19fda50, prio=402, stacksize=0x4000, flags=0x0, threadname=*0x40b6c8)
HLE: W {PPU[0x1] Thread (main_thread)[0x003f88f4]} sys_ppu_thread: _sys_ppu_thread_create(thread_id=*0x1cb43b0, param=*0xd000f838, arg=0x19fda50, unk=0x0, prio=402, stacksize=0x4000, flags=0x0, threadname=*0x40b6c8)
HLE: W {PPU[0x1] Thread (main_thread)[0x003f88f4]} sys_ppu_thread: sys_ppu_thread_start(thread_id=0x2a)
HLE: W {PPU[0x1] Thread (main_thread)[0x003f8934]} sysPrxForUser: sys_lwmutex_create(lwmutex=*0x19fda88, attr=*0x19fdaa8)
HLE: W {PPU[0x1] Thread (main_thread)[0x003f8934]} sysPrxForUser: sys_lwmutex_create(lwmutex=*0x19fda60, attr=*0x19fdab8)
HLE: W {PPU[0x1] Thread (main_thread)[0x003f88f4]} sysPrxForUser: sys_ppu_thread_create(thread_id=*0x19fdac8, entry=0x462520, arg=0x0, prio=400, stacksize=0x8000, flags=0x0, threadname=*0x40b700)
HLE: W {PPU[0x1] Thread (main_thread)[0x003f88f4]} sys_ppu_thread: _sys_ppu_thread_create(thread_id=*0x19fdac8, param=*0xd000f8f8, arg=0x0, unk=0x0, prio=400, stacksize=0x8000, flags=0x0, threadname=*0x40b700)
HLE: W {PPU[0x1] Thread (main_thread)[0x003f88f4]} sys_ppu_thread: sys_ppu_thread_start(thread_id=0x2d)
HLE: W {PPU[0x1] Thread (main_thread)[0x003f8934]} sysPrxForUser: sys_lwmutex_create(lwmutex=*0x19fd5b0, attr=*0x19fdad4)
HLE: W {PPU[0x1] Thread (main_thread)[0x003f8754]} cellAudio: cellAudioPortOpen(audioParam=*0x19fdae8, portNum=*0x19fda58)
HLE: W {PPU[0x1] Thread (main_thread)[0x003f8754]} cellAudio: *** audio port opened(nChannel=8, nBlock=8, attr=0x0, level=1.000000): port = 0
HLE: W {PPU[0x1] Thread (main_thread)[0x003f8714]} cellAudio: cellAudioGetPortConfig(portNum=0, portConfig=*0x19fdb08)
HLE: W {PPU[0x2d] Thread (_cellsurMixerMain)[0x00297590]} sys_event: sys_event_queue_create(equeue_id=*0x19fdaa4, attr=*0x19feb50, event_queue_key=0x8000cafe02460300, size=2)
HLE: W {PPU[0x1] Thread (main_thread)[0x003f8934]} sysPrxForUser: sys_lwmutex_create(lwmutex=*0x1a18c18, attr=*0xd000f850)
HLE: W {PPU[0x1] Thread (main_thread)[0x003f8934]} sysPrxForUser: sys_lwmutex_create(lwmutex=*0x1a193b8, attr=*0xd000f800)
HLE: W {PPU[0x1] Thread (main_thread)[0x002d48d4]} sys_mutex: sys_mutex_create(mutex_id=*0x1a185c8, attr=*0xd000f858)
HLE: W {PPU[0x1] Thread (main_thread)[0x002d4908]} sys_cond: sys_cond_create(cond_id=*0x1a185cc, mutex_id=0x32, attr=*0xd000f840)
HLE: W {PPU[0x1] Thread (main_thread)[0x003f8934]} sysPrxForUser: sys_lwmutex_create(lwmutex=*0x1a185d8, attr=*0xd000f7b0)
HLE: W {PPU[0x1] Thread (main_thread)[0x003f88f4]} sysPrxForUser: sys_ppu_thread_create(thread_id=*0x1a185c0, entry=0x465448, arg=0x1a185b8, prio=800, stacksize=0x2000, flags=0x1, threadname=*0x412aa8)
HLE: W {PPU[0x1] Thread (main_thread)[0x003f88f4]} sys_ppu_thread: _sys_ppu_thread_create(thread_id=*0x1a185c0, param=*0xd000f7c8, arg=0x1a185b8, unk=0x0, prio=800, stacksize=0x2000, flags=0x1, threadname=*0x412aa8)
HLE: W {PPU[0x1] Thread (main_thread)[0x003f88f4]} sys_ppu_thread: sys_ppu_thread_start(thread_id=0x35)
HLE: W {PPU[0x1] Thread (main_thread)[0x003f8934]} sysPrxForUser: sys_lwmutex_create(lwmutex=*0x1a6c9d8, attr=*0xd000f890)
HLE: W {PPU[0x1] Thread (main_thread)[0x003f8934]} sysPrxForUser: sys_lwmutex_create(lwmutex=*0x19fec20, attr=*0xd000f810)
HLE: W {PPU[0x1] Thread (main_thread)[0x003f8934]} sysPrxForUser: sys_lwmutex_create(lwmutex=*0x1a193e8, attr=*0xd000f810)
HLE: W {PPU[0x1] Thread (main_thread)[0x002d48d4]} sys_mutex: sys_mutex_create(mutex_id=*0x1a18560, attr=*0xd000f768)
HLE: W {PPU[0x1] Thread (main_thread)[0x002d4908]} sys_cond: sys_cond_create(cond_id=*0x1a18564, mutex_id=0x39, attr=*0xd000f750)
HLE: W {PPU[0x1] Thread (main_thread)[0x003f8934]} sysPrxForUser: sys_lwmutex_create(lwmutex=*0x1a18570, attr=*0xd000f6c0)
HLE: W {PPU[0x1] Thread (main_thread)[0x003f88f4]} sysPrxForUser: sys_ppu_thread_create(thread_id=*0x1a18558, entry=0x465448, arg=0x1a18550, prio=800, stacksize=0x2000, flags=0x1, threadname=*0x412aa8)
HLE: W {PPU[0x1] Thread (main_thread)[0x003f88f4]} sys_ppu_thread: _sys_ppu_thread_create(thread_id=*0x1a18558, param=*0xd000f6d8, arg=0x1a18550, unk=0x0, prio=800, stacksize=0x2000, flags=0x1, threadname=*0x412aa8)
HLE: W {PPU[0x1] Thread (main_thread)[0x003f88f4]} sys_ppu_thread: sys_ppu_thread_start(thread_id=0x3c)
HLE: W {PPU[0x1] Thread (main_thread)[0x003f8934]} sysPrxForUser: sys_lwmutex_create(lwmutex=*0x1a78928, attr=*0xd000f820)
HLE: W {PPU[0x1] Thread (main_thread)[0x003f8934]} sysPrxForUser: sys_lwmutex_create(lwmutex=*0x19fee70, attr=*0xd000f870)
HLE: W {PPU[0x1] Thread (main_thread)[0x002a563c]} sys_mutex: sys_mutex_create(mutex_id=*0x19fee30, attr=*0xd000f848)
HLE: W {PPU[0x1] Thread (main_thread)[0x002a5674]} sys_cond: sys_cond_create(cond_id=*0x19fee34, mutex_id=0x3f, attr=*0xd000f830)
HLE: W {PPU[0x1] Thread (main_thread)[0x002a563c]} sys_mutex: sys_mutex_create(mutex_id=*0x19fee44, attr=*0xd000f848)
HLE: W {PPU[0x1] Thread (main_thread)[0x002a5674]} sys_cond: sys_cond_create(cond_id=*0x19fee48, mutex_id=0x41, attr=*0xd000f830)
HLE: W {PPU[0x1] Thread (main_thread)[0x002a563c]} sys_mutex: sys_mutex_create(mutex_id=*0x19fee58, attr=*0xd000f848)
HLE: W {PPU[0x1] Thread (main_thread)[0x002a5674]} sys_cond: sys_cond_create(cond_id=*0x19fee5c, mutex_id=0x43, attr=*0xd000f830)
HLE: W {PPU[0x1] Thread (main_thread)[0x002a563c]} sys_mutex: sys_mutex_create(mutex_id=*0x19fee1c, attr=*0xd000f848)
HLE: W {PPU[0x1] Thread (main_thread)[0x002a5674]} sys_cond: sys_cond_create(cond_id=*0x19fee20, mutex_id=0x45, attr=*0xd000f830)
HLE: W {PPU[0x1] Thread (main_thread)[0x003f8934]} sysPrxForUser: sys_lwmutex_create(lwmutex=*0x1a18f40, attr=*0xd000f7a0)
HLE: W {PPU[0x1] Thread (main_thread)[0x003f8934]} sysPrxForUser: sys_lwmutex_create(lwmutex=*0x1a18f60, attr=*0xd000f7a0)
HLE: W {PPU[0x1] Thread (main_thread)[0x003f8934]} sysPrxForUser: sys_lwmutex_create(lwmutex=*0x1a18f80, attr=*0xd000f7a0)
HLE: W {PPU[0x1] Thread (main_thread)[0x003f8934]} sysPrxForUser: sys_lwmutex_create(lwmutex=*0x1a18fa0, attr=*0xd000f7a0)
HLE: W {PPU[0x1] Thread (main_thread)[0x003f8934]} sysPrxForUser: sys_lwmutex_create(lwmutex=*0x1a18fc0, attr=*0xd000f7a0)
HLE: W {PPU[0x1] Thread (main_thread)[0x003f8934]} sysPrxForUser: sys_lwmutex_create(lwmutex=*0x1a18fe0, attr=*0xd000f7a0)
HLE: W {PPU[0x1] Thread (main_thread)[0x003f8934]} sysPrxForUser: sys_lwmutex_create(lwmutex=*0x1a19000, attr=*0xd000f7a0)
HLE: W {PPU[0x1] Thread (main_thread)[0x003f8934]} sysPrxForUser: sys_lwmutex_create(lwmutex=*0x1a19020, attr=*0xd000f7a0)
HLE: W {PPU[0x1] Thread (main_thread)[0x003f8934]} sysPrxForUser: sys_lwmutex_create(lwmutex=*0x19feee0, attr=*0xd000f790)
HLE: W {PPU[0x1] Thread (main_thread)[0x003f88f4]} sysPrxForUser: sys_ppu_thread_create(thread_id=*0x19feed0, entry=0x4633a8, arg=0x19fee90, prio=100, stacksize=0x2000, flags=0x1, threadname=*0x19fee90)
HLE: W {PPU[0x1] Thread (main_thread)[0x003f88f4]} sys_ppu_thread: _sys_ppu_thread_create(thread_id=*0x19feed0, param=*0xd000f7a8, arg=0x19fee90, unk=0x0, prio=100, stacksize=0x2000, flags=0x1, threadname=*0x19fee90)
HLE: W {PPU[0x1] Thread (main_thread)[0x003f88f4]} sys_ppu_thread: sys_ppu_thread_start(thread_id=0x50)
HLE: W {PPU[0x1] Thread (main_thread)[0x003f8934]} sysPrxForUser: sys_lwmutex_create(lwmutex=*0x19fef50, attr=*0xd000f790)
HLE: W {PPU[0x1] Thread (main_thread)[0x003f88f4]} sysPrxForUser: sys_ppu_thread_create(thread_id=*0x19fef40, entry=0x4633a8, arg=0x19fef00, prio=500, stacksize=0x2000, flags=0x1, threadname=*0x19fef00)
HLE: W {PPU[0x1] Thread (main_thread)[0x003f88f4]} sys_ppu_thread: _sys_ppu_thread_create(thread_id=*0x19fef40, param=*0xd000f7a8, arg=0x19fef00, unk=0x0, prio=500, stacksize=0x2000, flags=0x1, threadname=*0x19fef00)
HLE: W {PPU[0x1] Thread (main_thread)[0x003f88f4]} sys_ppu_thread: sys_ppu_thread_start(thread_id=0x52)
HLE: W {PPU[0x1] Thread (main_thread)[0x003f8934]} sysPrxForUser: sys_lwmutex_create(lwmutex=*0x19fefc0, attr=*0xd000f790)
HLE: W {PPU[0x1] Thread (main_thread)[0x003f88f4]} sysPrxForUser: sys_ppu_thread_create(thread_id=*0x19fefb0, entry=0x4633a8, arg=0x19fef70, prio=600, stacksize=0x2000, flags=0x1, threadname=*0x19fef70)
HLE: W {PPU[0x1] Thread (main_thread)[0x003f88f4]} sys_ppu_thread: _sys_ppu_thread_create(thread_id=*0x19fefb0, param=*0xd000f7a8, arg=0x19fef70, unk=0x0, prio=600, stacksize=0x2000, flags=0x1, threadname=*0x19fef70)
HLE: W {PPU[0x1] Thread (main_thread)[0x003f88f4]} sys_ppu_thread: sys_ppu_thread_start(thread_id=0x54)
HLE: W {PPU[0x1] Thread (main_thread)[0x003f8934]} sysPrxForUser: sys_lwmutex_create(lwmutex=*0x19ff030, attr=*0xd000f790)
HLE: W {PPU[0x1] Thread (main_thread)[0x003f88f4]} sysPrxForUser: sys_ppu_thread_create(thread_id=*0x19ff020, entry=0x4633a8, arg=0x19fefe0, prio=1500, stacksize=0x2000, flags=0x1, threadname=*0x19fefe0)
HLE: W {PPU[0x1] Thread (main_thread)[0x003f88f4]} sys_ppu_thread: _sys_ppu_thread_create(thread_id=*0x19ff020, param=*0xd000f7a8, arg=0x19fefe0, unk=0x0, prio=1500, stacksize=0x2000, flags=0x1, threadname=*0x19fefe0)
HLE: W {PPU[0x1] Thread (main_thread)[0x003f88f4]} sys_ppu_thread: sys_ppu_thread_start(thread_id=0x56)
HLE: W {PPU[0x1] Thread (main_thread)[0x003f8734]} cellAudio: cellAudioPortStart(portNum=0)
HLE: W {PPU[0x1] Thread (main_thread)[0x003f8694]} cellAudio: cellAudioSetNotifyEventQueue(key=0x8000cafe02460300)
HLE: W {PPU[0x1] Thread (main_thread)[0x003f8934]} sysPrxForUser: sys_lwmutex_create(lwmutex=*0x1a19450, attr=*0xd000f810)
HLE: W {PPU[0x1] Thread (main_thread)[0x003f8934]} sysPrxForUser: sys_lwmutex_create(lwmutex=*0x2007fce0, attr=*0xd000f630)
HLE: W {PPU[0x1] Thread (main_thread)[0x003f8934]} sysPrxForUser: sys_lwmutex_create(lwmutex=*0x20085e30, attr=*0xd000f630)
HLE: W {PPU[0x1] Thread (main_thread)[0x003f8934]} sysPrxForUser: sys_lwmutex_create(lwmutex=*0x2008bf88, attr=*0xd000f630)
HLE: W {PPU[0x1] Thread (main_thread)[0x003f8934]} sysPrxForUser: sys_lwmutex_create(lwmutex=*0x200920d8, attr=*0xd000f630)
HLE: W {PPU[0x1] Thread (main_thread)[0x003f8934]} sysPrxForUser: sys_lwmutex_create(lwmutex=*0x20098230, attr=*0xd000f630)
HLE: W {PPU[0x1] Thread (main_thread)[0x003f8934]} sysPrxForUser: sys_lwmutex_create(lwmutex=*0x2009e380, attr=*0xd000f630)
HLE: W {PPU[0x1] Thread (main_thread)[0x003f8934]} sysPrxForUser: sys_lwmutex_create(lwmutex=*0x200a44d8, attr=*0xd000f630)
HLE: W {PPU[0x1] Thread (main_thread)[0x003f8934]} sysPrxForUser: sys_lwmutex_create(lwmutex=*0x200aa628, attr=*0xd000f630)
HLE: W {PPU[0x1] Thread (main_thread)[0x003f8934]} sysPrxForUser: sys_lwmutex_create(lwmutex=*0x200b0780, attr=*0xd000f630)
HLE: W {PPU[0x1] Thread (main_thread)[0x003f8934]} sysPrxForUser: sys_lwmutex_create(lwmutex=*0x200b68d0, attr=*0xd000f630)
HLE: W {PPU[0x1] Thread (main_thread)[0x003f8934]} sysPrxForUser: sys_lwmutex_create(lwmutex=*0x200bca28, attr=*0xd000f630)
HLE: W {PPU[0x1] Thread (main_thread)[0x003f8934]} sysPrxForUser: sys_lwmutex_create(lwmutex=*0x200c2b78, attr=*0xd000f630)
HLE: W {PPU[0x1] Thread (main_thread)[0x003f8934]} sysPrxForUser: sys_lwmutex_create(lwmutex=*0x200c8cd0, attr=*0xd000f630)
HLE: W {PPU[0x1] Thread (main_thread)[0x003f8934]} sysPrxForUser: sys_lwmutex_create(lwmutex=*0x200cee20, attr=*0xd000f630)
HLE: W {PPU[0x1] Thread (main_thread)[0x003f8934]} sysPrxForUser: sys_lwmutex_create(lwmutex=*0x200d4f78, attr=*0xd000f630)
HLE: W {PPU[0x1] Thread (main_thread)[0x003f8934]} sysPrxForUser: sys_lwmutex_create(lwmutex=*0x200db0c8, attr=*0xd000f630)
HLE: W {PPU[0x1] Thread (main_thread)[0x003f8934]} sysPrxForUser: sys_lwmutex_create(lwmutex=*0x200e1220, attr=*0xd000f630)
HLE: W {PPU[0x1] Thread (main_thread)[0x003f8934]} sysPrxForUser: sys_lwmutex_create(lwmutex=*0x200e7370, attr=*0xd000f630)
HLE: W {PPU[0x1] Thread (main_thread)[0x003f8934]} sysPrxForUser: sys_lwmutex_create(lwmutex=*0x200ed4c8, attr=*0xd000f630)
HLE: W {PPU[0x1] Thread (main_thread)[0x003f8934]} sysPrxForUser: sys_lwmutex_create(lwmutex=*0x200f3618, attr=*0xd000f630)
HLE: W {PPU[0x1] Thread (main_thread)[0x003f8934]} sysPrxForUser: sys_lwmutex_create(lwmutex=*0x200f3638, attr=*0xd000f720)
HLE: W {PPU[0x1] Thread (main_thread)[0x002ee43c]} sys_spu: sys_spu_thread_group_create(id=*0x200f3698, num=2, prio=200, attr=*0x200f3688)
HLE: W {PPU[0x1] Thread (main_thread)[0x003f8b54]} sysPrxForUser: sys_spu_image_import(img=*0xd000f8ec, src=0x419e80, type=1)
LDR: W {PPU[0x1] Thread (main_thread)[0x003f8b54]} m_ehdr.e_type = 0x2
HLE: W {PPU[0x1] Thread (main_thread)[0x002ee670]} sys_spu: sys_spu_thread_initialize(thread=*0x200f36a4, group=0x6d, spu_num=0, img=*0xd000f8ec, attr=*0xd000f8e0, arg=*0xd000f900)
HLE: W {PPU[0x1] Thread (main_thread)[0x002ee5e0]} sys_spu: sys_spu_thread_set_spu_cfg(id=0x6e, value=0x0)
HLE: W {PPU[0x1] Thread (main_thread)[0x002ee670]} sys_spu: sys_spu_thread_initialize(thread=*0x200f36a8, group=0x6d, spu_num=1, img=*0xd000f8ec, attr=*0xd000f8e0, arg=*0xd000f900)
HLE: W {PPU[0x1] Thread (main_thread)[0x002ee5e0]} sys_spu: sys_spu_thread_set_spu_cfg(id=0x6f, value=0x0)
HLE: W {PPU[0x1] Thread (main_thread)[0x002ee6ac]} sys_spu: sys_spu_thread_group_start(id=0x6d)
SPU: S {SPU[0x6e] Thread (cri_cftps3spu: 0)[0x000d0]} Function detected [0x000d0-0x00158] (size=0x88)
SPU: S {SPU[0x6e] Thread (cri_cftps3spu: 0)[0x05e68]} Function detected [0x05e68-0x060c8] (size=0x260)
SPU: S {SPU[0x6e] Thread (cri_cftps3spu: 0)[0x06250]} Function detected [0x06250-0x0630c] (size=0xbc)
SPU: S {SPU[0x6e] Thread (cri_cftps3spu: 0)[0x00158]} Function detected [0x00158-0x0015c] (size=0x4)
HLE: E {PPU[0x1] Thread (main_thread)[0x003f8b14]} sysPrxForUser TODO: sys_spu_image_close(img=*0xd000f8ec)
HLE: W {PPU[0x1] Thread (main_thread)[0x003f8934]} sysPrxForUser: sys_lwmutex_create(lwmutex=*0x1a19900, attr=*0xd000f820)
HLE: W {PPU[0x1] Thread (main_thread)[0x003f8934]} sysPrxForUser: sys_lwmutex_create(lwmutex=*0x1a198c8, attr=*0xd000f820)
HLE: W {PPU[0x1] Thread (main_thread)[0x003f8934]} sysPrxForUser: sys_lwmutex_create(lwmutex=*0x1a194a8, attr=*0xd000f820)
HLE: W {PPU[0x1] Thread (main_thread)[0x003f8934]} sysPrxForUser: sys_lwmutex_create(lwmutex=*0x1a194c8, attr=*0xd000f820)
HLE: W {PPU[0x1] Thread (main_thread)[0x003f8934]} sysPrxForUser: sys_lwmutex_create(lwmutex=*0x1a194e8, attr=*0xd000f820)
HLE: W {PPU[0x1] Thread (main_thread)[0x003f8934]} sysPrxForUser: sys_lwmutex_create(lwmutex=*0x1a19508, attr=*0xd000f820)
HLE: W {PPU[0x1] Thread (main_thread)[0x003f8934]} sysPrxForUser: sys_lwmutex_create(lwmutex=*0x1a19528, attr=*0xd000f820)
HLE: W {PPU[0x1] Thread (main_thread)[0x003f8934]} sysPrxForUser: sys_lwmutex_create(lwmutex=*0x1a19548, attr=*0xd000f820)
HLE: W {PPU[0x1] Thread (main_thread)[0x003f8934]} sysPrxForUser: sys_lwmutex_create(lwmutex=*0x1a19568, attr=*0xd000f820)
HLE: W {PPU[0x1] Thread (main_thread)[0x003f8934]} sysPrxForUser: sys_lwmutex_create(lwmutex=*0x1a19588, attr=*0xd000f820)
SPU: S {SPU[0x6e] Thread (cri_cftps3spu: 0)[0x060c8]} Function detected [0x060c8-0x0618c] (size=0xc4)
HLE: W {PPU[0x1] Thread (main_thread)[0x003f8934]} sysPrxForUser: sys_lwmutex_create(lwmutex=*0x1a58538, attr=*0xd000f3b0)
HLE: W {PPU[0x1] Thread (main_thread)[0x003971a8]} sys_spu: sys_spu_thread_group_create(id=*0x1a58430, num=2, prio=200, attr=*0x1a58420)
HLE: W {PPU[0x1] Thread (main_thread)[0x00396a44]} sys_event: sys_event_queue_create(equeue_id=*0x1a529e0, attr=*0xd000f3e8, event_queue_key=0x0, size=1)
HLE: W {PPU[0x1] Thread (main_thread)[0x003f8b54]} sysPrxForUser: sys_spu_image_import(img=*0xd000f3d8, src=0x421400, type=1)
LDR: W {PPU[0x1] Thread (main_thread)[0x003f8b54]} m_ehdr.e_type = 0x2
HLE: W {PPU[0x1] Thread (main_thread)[0x00396b08]} sys_spu: sys_spu_thread_initialize(thread=*0x1a529d0, group=0x7b, spu_num=0, img=*0xd000f3d8, attr=*0x1a529d4, arg=*0xd000f3f8)
HLE: W {PPU[0x1] Thread (main_thread)[0x00396b34]} sys_spu: sys_spu_thread_connect_event(id=0x7d, eq=0x7c, et=1, spup=48)
HLE: W {PPU[0x1] Thread (main_thread)[0x00396b50]} sys_spu: sys_spu_thread_get_spu_cfg(id=0x7d, value=*0xd000f3d0)
HLE: W {PPU[0x1] Thread (main_thread)[0x00396b6c]} sys_spu: sys_spu_thread_set_spu_cfg(id=0x7d, value=0x20)
HLE: W {PPU[0x1] Thread (main_thread)[0x00396a44]} sys_event: sys_event_queue_create(equeue_id=*0x1a52a60, attr=*0xd000f3e8, event_queue_key=0x0, size=1)
HLE: W {PPU[0x1] Thread (main_thread)[0x003f8b54]} sysPrxForUser: sys_spu_image_import(img=*0xd000f3d8, src=0x421400, type=1)
LDR: W {PPU[0x1] Thread (main_thread)[0x003f8b54]} m_ehdr.e_type = 0x2
HLE: W {PPU[0x1] Thread (main_thread)[0x00396b08]} sys_spu: sys_spu_thread_initialize(thread=*0x1a52a50, group=0x7b, spu_num=1, img=*0xd000f3d8, attr=*0x1a52a54, arg=*0xd000f3f8)
HLE: W {PPU[0x1] Thread (main_thread)[0x00396b34]} sys_spu: sys_spu_thread_connect_event(id=0x7f, eq=0x7e, et=1, spup=49)
HLE: W {PPU[0x1] Thread (main_thread)[0x00396b50]} sys_spu: sys_spu_thread_get_spu_cfg(id=0x7f, value=*0xd000f3d0)
HLE: W {PPU[0x1] Thread (main_thread)[0x00396b6c]} sys_spu: sys_spu_thread_set_spu_cfg(id=0x7f, value=0x20)
HLE: W {PPU[0x1] Thread (main_thread)[0x00396870]} sys_spu: sys_spu_thread_group_start(id=0x7b)
HLE: S {PPU[0x1] Thread (main_thread)[0x00396870]} Last syscall: 173 (sys_spu_thread_group_start)
G: ! {PPU[0x1] Thread (main_thread)[0x00396870]} Registers:
=========
GPR[0] = 0x396868
GPR[1] = 0xd000f3e0
GPR[2] = 0x473ed8
GPR[3] = 0x7b
GPR[4] = 0x0
GPR[5] = 0x1
GPR[6] = 0x31
GPR[7] = 0x1a52a54
GPR[8] = 0xd000f3f8
GPR[9] = 0x1
GPR[10] = 0x2
GPR[11] = 0xad
GPR[12] = 0x48000084
GPR[13] = 0x1aa8030
GPR[14] = 0x0
GPR[15] = 0x447000
GPR[16] = 0x446000
GPR[17] = 0x0
GPR[18] = 0x445000
GPR[19] = 0x100000
GPR[20] = 0x0
GPR[21] = 0x0
GPR[22] = 0x0
GPR[23] = 0x0
GPR[24] = 0xd000f4f0
GPR[25] = 0x320
GPR[26] = 0x416e28
GPR[27] = 0x416e30
GPR[28] = 0x1a52a00
GPR[29] = 0x1a58420
GPR[30] = 0x1a29800
GPR[31] = 0x2
FPR[0] = 59940.5
FPR[1] = 0
FPR[2] = 0.989583
FPR[3] = 95
FPR[4] = 4.69362E-322
FPR[5] = 0.979167
FPR[6] = 94
FPR[7] = 94
FPR[8] = 0.05
FPR[9] = 0.96875
FPR[10] = 93
FPR[11] = 1
FPR[12] = 1000
FPR[13] = 0.5
FPR[14] = 0
FPR[15] = 0
FPR[16] = 0
FPR[17] = 0
FPR[18] = 0
FPR[19] = 0
FPR[20] = 0
FPR[21] = 0
FPR[22] = 0
FPR[23] = 0
FPR[24] = 0
FPR[25] = 0
FPR[26] = 0
FPR[27] = 0
FPR[28] = 0
FPR[29] = 0
FPR[30] = 0
FPR[31] = 0
VPR[0] = 0x00000000000000000000000000000000 [x: 0 y: 0 z: 0 w: 0]
VPR[1] = 0x00000000000000000000000000000000 [x: 0 y: 0 z: 0 w: 0]
VPR[2] = 0x0036003900310034003d006500740061 [x: 4.9592e-39 y: 4.50001e-39 z: 5.60211e-39 w: 1.06531e-38]
VPR[3] = 0x003d007200690064003b003800340033 [x: 5.60213e-39 y: 9.64287e-39 z: 5.41837e-39 w: 4.77552e-39]
VPR[4] = 0x003d0072006500790061006c003b0034 [x: 5.60213e-39 y: 9.27555e-39 z: 8.90819e-39 w: 5.41837e-39]
VPR[5] = 0x003b0031003d0077006f0072003b0030 [x: 5.41836e-39 y: 5.60213e-39 z: 1.01939e-38 w: 5.41836e-39]
VPR[6] = 0x00720070003b0031003d0073006f0070 [x: 1.04694e-38 y: 5.41836e-39 z: 5.60213e-39 w: 1.01939e-38]
VPR[7] = 0x00300030003000300031003d0070006f [x: 4.40817e-39 y: 4.40817e-39 z: 4.50002e-39 w: 1.02857e-38]
VPR[8] = 0x003d00770074007300650062003b0030 [x: 5.60213e-39 y: 1.06531e-38 z: 9.27552e-39 w: 5.41836e-39]
VPR[9] = 0x0074007300650062003b003000300036 [x: 1.06531e-38 y: 9.27552e-39 z: 5.41836e-39 w: 4.40818e-39]
VPR[10] = 0x0069006d003b003000300033003d0068 [x: 9.64288e-39 y: 5.41836e-39 z: 4.40818e-39 w: 5.60211e-39]
VPR[11] = 0x0069006d003b0031002d003d0077006e [x: 9.64288e-39 y: 5.41836e-39 z: 4.13268e-39 w: 1.09286e-38]
VPR[12] = 0x0061006d003b0031002d003d0068006e [x: 8.9082e-39 y: 5.41836e-39 z: 4.13268e-39 w: 9.55105e-39]
VPR[13] = 0x0061006d003b0031002d003d00770078 [x: 8.9082e-39 y: 5.41836e-39 z: 4.13268e-39 w: 1.09286e-38]
VPR[14] = 0x006c0066003b0031002d003d00680078 [x: 9.91838e-39 y: 5.41836e-39 z: 4.13268e-39 w: 9.55106e-39]
VPR[15] = 0x003b00320035003d007800740061006f [x: 5.41836e-39 y: 4.86737e-39 z: 1.10204e-38 w: 8.9082e-39]
VPR[16] = 0x0036003d007900740061006f006c0066 [x: 4.9592e-39 y: 1.11123e-38 z: 8.9082e-39 w: 9.91838e-39]
VPR[17] = 0x00740061006f006c0066003b00300030 [x: 1.06531e-38 y: 1.01939e-38 z: 9.3673e-39 w: 4.40817e-39]
VPR[18] = 0x006c0066003b003600310036003d0077 [x: 9.91838e-39 y: 5.41837e-39 z: 4.50001e-39 w: 5.60213e-39]
VPR[19] = 0x003900330033003d006800740061006f [x: 5.23469e-39 y: 4.6837e-39 z: 9.55105e-39 w: 8.9082e-39]
VPR[20] = 0x00610050003d0065006d0061006e007c [x: 8.90816e-39 y: 5.60211e-39 z: 1.00102e-38 w: 1.01021e-38]
VPR[21] = 0x007000610063003b0032005f0065006e [x: 1.02857e-38 y: 9.0918e-39 z: 4.59191e-39 w: 9.27554e-39]
VPR[22] = 0x006200650044003d006e006f00690074 [x: 9.00002e-39 y: 6.2449e-39 z: 1.01021e-38 w: 9.64289e-39]
VPR[23] = 0x00740073003b00720065006700670075 [x: 1.06531e-38 y: 5.41845e-39 z: 9.27553e-39 w: 9.45922e-39]
VPR[24] = 0x0036003900310034003d006500740061 [x: 4.9592e-39 y: 4.50001e-39 z: 5.60211e-39 w: 1.06531e-38]
VPR[25] = 0x003d007200690064003b003800340033 [x: 5.60213e-39 y: 9.64287e-39 z: 5.41837e-39 w: 4.77552e-39]
VPR[26] = 0x003d0072006500790061006c003b0034 [x: 5.60213e-39 y: 9.27555e-39 z: 8.90819e-39 w: 5.41837e-39]
VPR[27] = 0x003b0031003d0077006f0072003b0030 [x: 5.41836e-39 y: 5.60213e-39 z: 1.01939e-38 w: 5.41836e-39]
VPR[28] = 0x00720070003b0030003d0073006f0070 [x: 1.04694e-38 y: 5.41836e-39 z: 5.60213e-39 w: 1.01939e-38]
VPR[29] = 0x00300030003000300031003d0070006f [x: 4.40817e-39 y: 4.40817e-39 z: 4.50002e-39 w: 1.02857e-38]
VPR[30] = 0x003d00770074007300650062003b0030 [x: 5.60213e-39 y: 1.06531e-38 z: 9.27552e-39 w: 5.41836e-39]
VPR[31] = 0x0074007300650062003b003000300034 [x: 1.06531e-38 y: 9.27552e-39 z: 5.41836e-39 w: 4.40818e-39]
CR = 0x88000042
LR = 0x396868
CTR = 0xe
XER = 0x20000000 [CA=1 | OV=8589934592 | SO=0]
FPSCR = 0x0 [RN=0 | NI=0 | XE=0 | ZE=0 | UE=0 | OE=0 | VE=0 | VXCVI=0 | VXSQRT=0 | VXSOFT=0 | FPRF=0 | FI=0 | FR=0 | VXVC=0 | VXIMZ=0 | VXZDZ=0 | VXIDI=0 | VXISI=0 | VXSNAN=0 | XX=0 | ZX=0 | UX=0 | OX=0 | VX=0 | FEX=0 | FX=0]

G: E {PPU[0x1] Thread (main_thread)[0x00396870]} Exception: Access violation reading location 0x0
(in file ..\Utilities\Thread.cpp:1122, in function _se_translator)
G: ! Stopping emulator...
G: ! {PPU[0x2] Thread (Callback Thread)[0x002462e4]} Thread aborted
G: ! {PPU[0x54] Thread (cri_adxm_fs_proc)[0x002a4c50]} Thread aborted
G: ! {SPU[0x7d] Thread (cri_mpvps3spu: 0)[0x00000]} Thread aborted
G: ! All threads signaled...
G: ! {PPU[0x50] Thread (cri_adxm_vv_proc)[0x002a4c50]} Thread aborted
G: ! {SPU[0x6e] Thread (cri_cftps3spu: 0)[0x06138]} Thread aborted
G: ! {SPU[0x7f] Thread (cri_mpvps3spu: 1)[0x00000]} Thread aborted
G: ! {SPU[0x6f] Thread (cri_cftps3spu: 1)[0x060c8]} Thread aborted
G: ! {RawSPU[0] Thread (0x19)[0x00288]} Thread aborted
HLE: S {PPU[0x2a] Thread (_sys_mixerSurBusReq)[0x002944d8]} Last syscall: 107 (sys_cond_wait)
HLE: S {PPU[0x2d] Thread (_cellsurMixerMain)[0x002977b8]} Last syscall: 130 (sys_event_queue_receive)
HLE: S {PPU[0x35] Thread (cri_dlg)[0x002d4bc0]} Last syscall: 107 (sys_cond_wait)
G: ! {PPU[0x2a] Thread (_sys_mixerSurBusReq)[0x002944d8]} Thread aborted
HLE: S {PPU[0x52] Thread (cri_adxm_vsync_proc)[0x002a51cc]} Last syscall: 107 (sys_cond_wait)
HLE: S {PPU[0x56] Thread (cri_adxm_idle_proc)[0x002a51cc]} Last syscall: 107 (sys_cond_wait)
G: ! {PPU[0x2d] Thread (_cellsurMixerMain)[0x002977b8]} Thread aborted
HLE: S {PPU[0x3c] Thread (cri_dlg)[0x002d4bc0]} Last syscall: 107 (sys_cond_wait)
G: ! {PPU[0x52] Thread (cri_adxm_vsync_proc)[0x002a51cc]} Thread aborted
G: ! {PPU[0x3c] Thread (cri_dlg)[0x002d4bc0]} Thread aborted
G: ! {PPU[0x35] Thread (cri_dlg)[0x002d4bc0]} Thread aborted
G: ! {PPU[0x56] Thread (cri_adxm_idle_proc)[0x002a51cc]} Thread aborted
G: ! {VBlank Thread} Thread aborted
G: ! All threads stopped...
G: ! Objects cleared...
