HLE: ! path: /dev_hdd0/game/
LDR: E PSFLoader::Load() failed: unknown magic (0x0)
LDR: ! Loading 'D:/Emulateurs/Rpcs3/dev_hdd0/game/BLUS31388-[How to Train Your Dragon 2]/PS3_GAME/USRDIR/BOOT.BIN'...
G: W fs::file::open('D:/Emulateurs/Rpcs3/dev_hdd0/game/BLUS31388-[How to Train Your Dragon 2]/PS3_GAME/dev_bdvd.path', 0x1) failed: error 0x2
LDR: !  
LDR: ! Mount info:
LDR: ! /dev_usb000/ -> D:/Emulateurs/Rpcs3/dev_usb000/
LDR: ! /dev_flash/ -> D:/Emulateurs/Rpcs3/dev_flash/
LDR: ! /host_root/ -> 
LDR: ! /dev_hdd0/ -> D:/Emulateurs/Rpcs3/dev_hdd0/
LDR: ! /dev_hdd1/ -> D:/Emulateurs/Rpcs3/dev_hdd1/
LDR: ! /dev_bdvd/ -> D:/Emulateurs/Rpcs3/dev_hdd0/game/BLUS31388-[How to Train Your Dragon 2]/
LDR: ! /dev_usb/ -> D:/Emulateurs/Rpcs3/dev_usb000/
LDR: !  
LDR: ! Title: How to Train Your Dragon 2
LDR: ! Serial: BLUS31388
LDR: ! Elf path: /dev_bdvd/PS3_GAME/USRDIR/BOOT.BIN
LDR: ! loader::init() failed: Broken file
MEM: ! Initializing memory: g_base_addr = 0x83580f0000, g_priv_addr = 0x84580f0000
MEM: ! Memory initialized.
LDR: ! Imported function '_sys_process_atexitspawn' in 'sysPrxForUser' module (0x25b624)
LDR: ! Imported function 'sys_prx_register_library' in 'sysPrxForUser' module (0x25b644)
LDR: ! Imported function 'sys_initialize_tls' in 'sysPrxForUser' module (0x25b664)
LDR: ! Imported function 'sys_time_get_system_time' in 'sysPrxForUser' module (0x25b684)
LDR: ! Imported function '_sys_process_at_Exitspawn' in 'sysPrxForUser' module (0x25b6a4)
LDR: ! Imported function 'sys_prx_exitspawn_with_level' in 'sysPrxForUser' module (0x25b6c4)
LDR: ! Imported function 'sys_process_exit' in 'sysPrxForUser' module (0x25b6e4)
LDR: ! Imported function 'sys_lwmutex_lock' in 'sysPrxForUser' module (0x25b704)
LDR: ! Imported function 'sys_lwmutex_unlock' in 'sysPrxForUser' module (0x25b724)
LDR: ! Imported function 'sys_ppu_thread_create' in 'sysPrxForUser' module (0x25b744)
LDR: ! Imported function 'sys_lwmutex_create' in 'sysPrxForUser' module (0x25b764)
LDR: ! Imported function 'sys_ppu_thread_get_id' in 'sysPrxForUser' module (0x25b784)
LDR: ! Imported function 'sys_lwmutex_trylock' in 'sysPrxForUser' module (0x25b7a4)
LDR: ! Imported function 'sys_ppu_thread_exit' in 'sysPrxForUser' module (0x25b7c4)
LDR: ! Imported function 'sys_lwmutex_destroy' in 'sysPrxForUser' module (0x25b7e4)
LDR: ! Imported function 'sys_spu_image_close' in 'sysPrxForUser' module (0x25be24)
LDR: ! Imported function 'cellSysmoduleUnloadModule' in 'cellSysmodule' module (0x25b804)
LDR: ! Imported function 'cellSysmoduleLoadModule' in 'cellSysmodule' module (0x25b824)
LDR: ! Imported function 'cellPadClearBuf' in 'sys_io' module (0x25b844)
LDR: ! Imported function 'cellPadInit' in 'sys_io' module (0x25b864)
LDR: ! Imported function 'cellPadPeriphGetInfo' in 'sys_io' module (0x25b884)
LDR: ! Imported function 'cellPadEnd' in 'sys_io' module (0x25b8a4)
LDR: ! Imported function 'cellPadGetData' in 'sys_io' module (0x25b8c4)
LDR: ! Imported function 'cellPadGetInfo2' in 'sys_io' module (0x25b8e4)
LDR: ! Imported function 'cellPadSetActDirect' in 'sys_io' module (0x25b904)
LDR: ! Imported function 'cellSysutilUnregisterCallback' in 'cellSysutil' module (0x25b924)
LDR: ! Imported function 'cellVideoOutConfigure' in 'cellSysutil' module (0x25b944)
LDR: ! Imported function 'cellSysutilCheckCallback' in 'cellSysutil' module (0x25b964)
LDR: ! Imported function 'cellVideoOutGetDeviceInfo' in 'cellSysutil' module (0x25b984)
LDR: ! Imported function 'cellSysutilGetSystemParamInt' in 'cellSysutil' module (0x25b9a4)
LDR: ! Imported function 'cellVideoOutGetState' in 'cellSysutil' module (0x25b9c4)
LDR: ! Imported function 'cellSysutilRegisterCallback' in 'cellSysutil' module (0x25b9e4)
LDR: ! Imported function 'cellVideoOutGetResolution' in 'cellSysutil' module (0x25ba04)
LDR: ! Imported function 'cellSaveDataListAutoLoad' in 'cellSysutil' module (0x25bee4)
LDR: E Unimplemented function 'cellOskDialogUnloadAsync' in 'cellSysutil' module (0x25bf04)
LDR: ! Imported function 'cellAudioOutConfigure' in 'cellSysutil' module (0x25bf24)
LDR: ! Imported function 'cellSaveDataListAutoSave' in 'cellSysutil' module (0x25bf44)
LDR: ! Imported function 'cellAudioOutGetDeviceInfo' in 'cellSysutil' module (0x25bf64)
LDR: E Unimplemented function 'cellOskDialogLoadAsync' in 'cellSysutil' module (0x25bf84)
LDR: E Unimplemented function 'cellOskDialogSetKeyLayoutOption' in 'cellSysutil' module (0x25bfa4)
LDR: E Unimplemented function 'cellOskDialogAbort' in 'cellSysutil' module (0x25bfc4)
LDR: ! Imported function 'cellAudioOutGetSoundAvailability' in 'cellSysutil' module (0x25bfe4)
LDR: E Unimplemented function 'cellOskDialogSetInitialKeyLayout' in 'cellSysutil' module (0x25c004)
LDR: ! Imported function 'cellAudioOutGetNumberOfDevice' in 'cellSysutil' module (0x25c024)
LDR: ! Imported function 'cellAudioOutGetConfiguration' in 'cellSysutil' module (0x25c044)
LDR: E Unimplemented function 'cellOskDialogSetLayoutMode' in 'cellSysutil' module (0x25c064)
LDR: ! Imported function 'cellAudioOutGetState' in 'cellSysutil' module (0x25c084)
LDR: ! Imported function 'cellGcmGetTiledPitchSize' in 'cellGcmSys' module (0x25ba24)
LDR: ! Imported function 'cellGcmAddressToOffset' in 'cellGcmSys' module (0x25ba44)
LDR: ! Imported function 'cellGcmBindTile' in 'cellGcmSys' module (0x25ba64)
LDR: ! Imported function 'cellGcmSetFlipMode' in 'cellGcmSys' module (0x25ba84)
LDR: ! Imported function 'cellGcmBindZcull' in 'cellGcmSys' module (0x25baa4)
LDR: ! Imported function 'cellGcmSetFlipHandler' in 'cellGcmSys' module (0x25bac4)
LDR: ! Imported function 'cellGcmSetDisplayBuffer' in 'cellGcmSys' module (0x25bae4)
LDR: ! Imported function 'cellGcmSetVBlankHandler' in 'cellGcmSys' module (0x25bb04)
LDR: ! Imported function 'cellGcmSetTileInfo' in 'cellGcmSys' module (0x25bb24)
LDR: ! Imported function 'cellGcmGetConfiguration' in 'cellGcmSys' module (0x25bb44)
LDR: ! Imported function 'cellGcmGetLabelAddress' in 'cellGcmSys' module (0x25bb64)
LDR: ! Imported function '_cellGcmInitBody' in 'cellGcmSys' module (0x25c0a4)
LDR: ! Imported function '_cellGcmSetFlipCommand' in 'cellGcmSys' module (0x25c0c4)
LDR: ! Imported function '_cellGcmFunc15' in 'cellGcmSys' module (0x25c0e4)
LDR: ! Imported function 'cellGcmGetDefaultCommandWordSize' in 'cellGcmSys' module (0x25c104)
LDR: ! Imported function 'cellGcmGetDefaultSegmentWordSize' in 'cellGcmSys' module (0x25c124)
LDR: ! Imported function 'cellGcmSetDefaultFifoSize' in 'cellGcmSys' module (0x25c144)
LDR: ! Imported function 'cellGcmGetControlRegister' in 'cellGcmSys' module (0x25c164)
LDR: ! Imported function '_cellGcmSetFlipCommandWithWaitLabel' in 'cellGcmSys' module (0x25c184)
LDR: ! Imported function 'cellSpursInitialize' in 'cellSpurs' module (0x25bb84)
LDR: ! Imported function 'cellSpursEventFlagDetachLv2EventQueue' in 'cellSpurs' module (0x25c1a4)
LDR: ! Imported function 'cellSpursEventFlagWait' in 'cellSpurs' module (0x25c1c4)
LDR: ! Imported function 'cellSpursDetachLv2EventQueue' in 'cellSpurs' module (0x25c1e4)
LDR: ! Imported function 'cellSpursCreateTaskset' in 'cellSpurs' module (0x25c204)
LDR: ! Imported function '_cellSpursEventFlagInitialize' in 'cellSpurs' module (0x25c224)
LDR: ! Imported function 'cellSpursEventFlagAttachLv2EventQueue' in 'cellSpurs' module (0x25c244)
LDR: ! Imported function 'cellSpursJoinTaskset' in 'cellSpurs' module (0x25c264)
LDR: ! Imported function 'cellSpursShutdownTaskset' in 'cellSpurs' module (0x25c284)
LDR: ! Imported function 'cellSpursAttachLv2EventQueue' in 'cellSpurs' module (0x25c2a4)
LDR: ! Imported function 'cellSpursCreateTask' in 'cellSpurs' module (0x25c2c4)
LDR: ! Imported function '_cellSpursSendSignal' in 'cellSpurs' module (0x25c2e4)
LDR: ! Imported function 'cellAudioInit' in 'cellAudio' module (0x25bba4)
LDR: ! Imported function 'cellAudioPortClose' in 'cellAudio' module (0x25bbc4)
LDR: ! Imported function 'cellAudioPortStop' in 'cellAudio' module (0x25bbe4)
LDR: ! Imported function 'cellAudioGetPortConfig' in 'cellAudio' module (0x25bc04)
LDR: ! Imported function 'cellAudioPortStart' in 'cellAudio' module (0x25bc24)
LDR: ! Imported function 'cellAudioQuit' in 'cellAudio' module (0x25bc44)
LDR: ! Imported function 'cellAudioPortOpen' in 'cellAudio' module (0x25bc64)
LDR: ! Imported function 'cellGameContentPermit' in 'cellGame' module (0x25bc84)
LDR: ! Imported function 'cellGameContentErrorDialog' in 'cellGame' module (0x25bca4)
LDR: ! Imported function 'cellGameBootCheck' in 'cellGame' module (0x25bcc4)
LDR: ! Imported function 'sceNpTrophyRegisterContext' in 'sceNpTrophy' module (0x25bce4)
LDR: ! Imported function 'sceNpTrophyCreateHandle' in 'sceNpTrophy' module (0x25bd04)
LDR: ! Imported function 'sceNpTrophyGetRequiredDiskSpace' in 'sceNpTrophy' module (0x25bd24)
LDR: ! Imported function 'sceNpTrophyInit' in 'sceNpTrophy' module (0x25bd44)
LDR: ! Imported function 'sceNpTrophyAbortHandle' in 'sceNpTrophy' module (0x25bd64)
LDR: ! Imported function 'sceNpTrophyGetGameInfo' in 'sceNpTrophy' module (0x25bd84)
LDR: ! Imported function 'sceNpTrophyUnlockTrophy' in 'sceNpTrophy' module (0x25bda4)
LDR: ! Imported function 'sceNpTrophyTerm' in 'sceNpTrophy' module (0x25bdc4)
LDR: ! Imported function 'sceNpTrophyGetTrophyUnlockState' in 'sceNpTrophy' module (0x25bde4)
LDR: ! Imported function 'sceNpTrophyCreateContext' in 'sceNpTrophy' module (0x25be04)
LDR: ! Imported function 'cellFsClose' in 'sys_fs' module (0x25be44)
LDR: ! Imported function 'cellFsRead' in 'sys_fs' module (0x25be64)
LDR: ! Imported function 'cellFsOpen' in 'sys_fs' module (0x25be84)
LDR: ! Imported function 'cellFsLseek' in 'sys_fs' module (0x25bea4)
LDR: ! Imported function 'cellFsFstat' in 'sys_fs' module (0x25bec4)
LDR: W Unknown module 'cellSync'
LDR: ! Imported function 'cellSyncMutexLock' in 'cellSync' module (0x25c304)
LDR: ! Imported function 'cellSyncQueueInitialize' in 'cellSync' module (0x25c324)
LDR: ! Imported function 'cellSyncQueuePop' in 'cellSync' module (0x25c344)
LDR: ! Imported function 'cellSyncQueuePush' in 'cellSync' module (0x25c364)
LDR: ! Imported function 'cellSyncMutexUnlock' in 'cellSync' module (0x25c384)
LDR: ! Imported function 'cellSyncQueueClear' in 'cellSync' module (0x25c3a4)
LDR: ! Imported function 'cellSyncMutexInitialize' in 'cellSync' module (0x25c3c4)
HLE: ! sysPrxForUser: Thread Local Storage initialized (g_tls_start=0x2d8000, user_size=0x84)
*** TLS segment addr: 0x002f3dd0
*** TLS segment size: 0x00000000
LDR: E 'BreakPoints.dat' is broken (version=0xde00, break_count=0x0, marked_count=0x93173968, length=0x6)
HLE: W {PPU[0x1] Thread (main_thread)[0x0025b764]} sysPrxForUser: sys_lwmutex_create(lwmutex=*0x4e41b0, attr=*0x2b9b00)
HLE: W {PPU[0x1] Thread (main_thread)[0x001f348c]} sys_memory: sys_memory_get_user_memory_size(mem_info_addr=0xd000fc04)
HLE: W {PPU[0x1] Thread (main_thread)[0x0025b764]} sysPrxForUser: sys_lwmutex_create(lwmutex=*0x4e3fb0, attr=*0x2b9b00)
HLE: W {PPU[0x1] Thread (main_thread)[0x0025b764]} sysPrxForUser: sys_lwmutex_create(lwmutex=*0x4e3740, attr=*0x2b9b00)
HLE: W {PPU[0x1] Thread (main_thread)[0x0025b764]} sysPrxForUser: sys_lwmutex_create(lwmutex=*0x4e3768, attr=*0x2b9b00)
HLE: W {PPU[0x1] Thread (main_thread)[0x0025b764]} sysPrxForUser: sys_lwmutex_create(lwmutex=*0x4e3790, attr=*0x2b9b00)
HLE: W {PPU[0x1] Thread (main_thread)[0x0025b764]} sysPrxForUser: sys_lwmutex_create(lwmutex=*0x4e3678, attr=*0x2b9b00)
HLE: W {PPU[0x1] Thread (main_thread)[0x0025b764]} sysPrxForUser: sys_lwmutex_create(lwmutex=*0x4e36a0, attr=*0x2b9b00)
HLE: W {PPU[0x1] Thread (main_thread)[0x0025b764]} sysPrxForUser: sys_lwmutex_create(lwmutex=*0x4e36c8, attr=*0x2b9b00)
HLE: W {PPU[0x1] Thread (main_thread)[0x0025b764]} sysPrxForUser: sys_lwmutex_create(lwmutex=*0x4e36f0, attr=*0x2b9b00)
HLE: W {PPU[0x1] Thread (main_thread)[0x0025b764]} sysPrxForUser: sys_lwmutex_create(lwmutex=*0x4e3718, attr=*0x2b9b00)
HLE: W {PPU[0x1] Thread (main_thread)[0x0025b9e4]} cellSysutil: cellSysutilRegisterCallback(slot=1, func_addr=0x2e7228, userdata=0x0)
HLE: W {PPU[0x1] Thread (main_thread)[0x0025b9a4]} cellSysutil: cellSysutilGetSystemParamInt: CELL_SYSUTIL_SYSTEMPARAM_ID_LANG
HLE: W {PPU[0x1] Thread (main_thread)[0x0025b9a4]} cellSysutil: cellSysutilGetSystemParamInt: CELL_SYSUTIL_SYSTEMPARAM_ID_LANG
HLE: W {PPU[0x1] Thread (main_thread)[0x000a6b34]} sys_memory: sys_memory_get_user_memory_size(mem_info_addr=0xd000f760)
TTY: total mem = 262144 KB\n
TTY: avail mem = 262144 KB\n
HLE: W {PPU[0x1] Thread (main_thread)[0x0025b9a4]} cellSysutil: cellSysutilGetSystemParamInt: CELL_SYSUTIL_SYSTEMPARAM_ID_LANG
HLE: W {PPU[0x1] Thread (main_thread)[0x0025b764]} sysPrxForUser: sys_lwmutex_create(lwmutex=*0x4e2148, attr=*0xd000f600)
HLE: W {PPU[0x1] Thread (main_thread)[0x0025b824]} cellSysmodule: cellSysmoduleLoadModule(id=0x003e: CELL_SYSMODULE_SYSUTIL_GAME)
HLE: W {PPU[0x1] Thread (main_thread)[0x0025b744]} sysPrxForUser: sys_ppu_thread_create(thread_id=*0x4bde50, entry=0x2f01f0, arg=0x4bdd98, prio=1002, stacksize=0x1000, flags=0x1, threadname=*0x2b66d0)
HLE: W {PPU[0x1] Thread (main_thread)[0x0025b744]} sys_ppu_thread: _sys_ppu_thread_create(thread_id=*0x4bde50, param=*0xd000f618, arg=0x4bdd98, unk=0x0, prio=1002, stacksize=0x1000, flags=0x1, threadname=*0x2b66d0)
HLE: W {PPU[0x1] Thread (main_thread)[0x0025b744]} sys_ppu_thread: sys_ppu_thread_start(thread_id=0xe)
HLE: W {PPU[0xe] Thread (GamePlatform_GameBootCheck)[0x0025bcc4]} cellGame: cellGameBootCheck(type=*0xd0023d5c, attributes=*0xd0023d58, size=*0xd0023d60, dirName=*0x4bddb0)
HLE: W {PPU[0xe] Thread (GamePlatform_GameBootCheck)[0x0025bc84]} cellGame: cellGameContentPermit(contentInfoPath=*0xd0023d70, usrdirPath=*0x4bddd0)
HLE: W {PPU[0xe] Thread (GamePlatform_GameBootCheck)[0x0025bc84]} cellGame: cellGameContentPermit(): path_set=1, contentInfo='/dev_bdvd/PS3_GAME', usrdir='/dev_bdvd/PS3_GAME/USRDIR'
HLE: W {PPU[0xe] Thread (GamePlatform_GameBootCheck)[0x001cdf18]} sys_ppu_thread: sys_ppu_thread_join(thread_id=0xe, vptr=*0xd0023d50)
HLE: W {PPU[0x1] Thread (main_thread)[0x0025b744]} sysPrxForUser: sys_ppu_thread_create(thread_id=*0x2031f8f0, entry=0x2f2c40, arg=0x2031f8e0, prio=1000, stacksize=0x1000, flags=0x1, threadname=*0x2ba958)
HLE: W {PPU[0x1] Thread (main_thread)[0x0025b744]} sys_ppu_thread: _sys_ppu_thread_create(thread_id=*0x2031f8f0, param=*0xd000f468, arg=0x2031f8e0, unk=0x0, prio=1000, stacksize=0x1000, flags=0x1, threadname=*0x2ba958)
HLE: W {PPU[0x1] Thread (main_thread)[0x0025b744]} sys_ppu_thread: sys_ppu_thread_start(thread_id=0xf)
HLE: W {PPU[0x1] Thread (main_thread)[0x0025c0a4]} cellGcmSys: _cellGcmInitBody(context_addr=0x4e41f0, cmdSize=0x400000, ioSize=0x1000000, ioAddress=0x29700000)
HLE: W {PPU[0x1] Thread (main_thread)[0x0025c0a4]} cellGcmSys: *** local memory(addr=0xc0000000, size=0xf900000)
HLE: W {PPU[0x1] Thread (main_thread)[0x0025c0a4]} cellGcmSys: cellGcmInit(): 256MB io address space used
RSX: ! {RSXThread} RSX thread started
HLE: W {PPU[0x1] Thread (main_thread)[0x0025b984]} cellSysutil: cellVideoOutGetDeviceInfo(videoOut=0, deviceIndex=0, info_addr=0xd000f46c)
HLE: W {PPU[0x1] Thread (main_thread)[0x0025b944]} cellSysutil: cellVideoOutConfigure(videoOut=0, config_addr=0xd000f410, option_addr=0x0, waitForEvent=0x0)
HLE: W {PPU[0x1] Thread (main_thread)[0x000f92e8]} sys_event_flag: sys_event_flag_create(id=*0x4d5e24, attr=*0xd000f420, init=0x1)
HLE: W {PPU[0x1] Thread (main_thread)[0x0025bb04]} cellGcmSys: cellGcmSetVBlankHandler(handler_addr=0x2e8498)
HLE: W {PPU[0x1] Thread (main_thread)[0x0025ba84]} cellGcmSys: cellGcmSetFlipMode(mode=2)
HLE: W {PPU[0x1] Thread (main_thread)[0x0025bac4]} cellGcmSys: cellGcmSetFlipHandler(handler_addr=3048592)
HLE: W {PPU[0x1] Thread (main_thread)[0x0025bb24]} cellGcmSys: cellGcmSetTileInfo(index=0, location=0, offset=655360, size=3473408, pitch=5120, comp=10, base=0, bank=1)
HLE: E {PPU[0x1] Thread (main_thread)[0x0025bb24]} cellGcmSys error: cellGcmSetTileInfo: bad compression mode! (10)
HLE: W {PPU[0x1] Thread (main_thread)[0x0025ba64]} cellGcmSys: cellGcmBindTile(index=0)
HLE: W {PPU[0x1] Thread (main_thread)[0x0025baa4]} cellGcmSys: cellGcmBindZcull(index=0)
HLE: W {PPU[0x1] Thread (main_thread)[0x0025bb24]} cellGcmSys: cellGcmSetTileInfo(index=1, location=0, offset=4194304, size=4325376, pitch=1536, comp=0, base=0, bank=1)
HLE: W {PPU[0x1] Thread (main_thread)[0x0025ba64]} cellGcmSys: cellGcmBindTile(index=1)
HLE: W {PPU[0x1] Thread (main_thread)[0x0025baa4]} cellGcmSys: cellGcmBindZcull(index=1)
HLE: W {PPU[0x1] Thread (main_thread)[0x0025bb24]} cellGcmSys: cellGcmSetTileInfo(index=2, location=0, offset=8585216, size=17367040, pitch=5120, comp=0, base=0, bank=0)
HLE: W {PPU[0x1] Thread (main_thread)[0x0025ba64]} cellGcmSys: cellGcmBindTile(index=2)
HLE: W {PPU[0x1] Thread (main_thread)[0x0025bb24]} cellGcmSys: cellGcmSetTileInfo(index=3, location=0, offset=27918336, size=3801088, pitch=5120, comp=10, base=0, bank=1)
HLE: E {PPU[0x1] Thread (main_thread)[0x0025bb24]} cellGcmSys error: cellGcmSetTileInfo: bad compression mode! (10)
HLE: W {PPU[0x1] Thread (main_thread)[0x0025ba64]} cellGcmSys: cellGcmBindTile(index=3)
HLE: W {PPU[0x1] Thread (main_thread)[0x0025bb24]} cellGcmSys: cellGcmSetTileInfo(index=4, location=0, offset=31784960, size=7602176, pitch=5120, comp=0, base=0, bank=0)
HLE: W {PPU[0x1] Thread (main_thread)[0x0025ba64]} cellGcmSys: cellGcmBindTile(index=4)
HLE: W {PPU[0x1] Thread (main_thread)[0x0025b824]} cellSysmodule: cellSysmoduleLoadModule(id=0x001c: CELL_SYSMODULE_USBD)
HLE: W {PPU[0x1] Thread (main_thread)[0x0025b824]} cellSysmodule: cellSysmoduleLoadModule(id=0x0000: CELL_SYSMODULE_NET)
HLE: W {PPU[0x1] Thread (main_thread)[0x0025b824]} cellSysmodule: cellSysmoduleLoadModule(id=0x001f: CELL_SYSMODULE_RESC)
HLE: W {PPU[0x1] Thread (main_thread)[0x00122c48]} sys_spu: sys_spu_initialize(max_usable_spu=6, max_raw_spu=0)
HLE: W {PPU[0x1] Thread (main_thread)[0x0025b9e4]} cellSysutil: cellSysutilRegisterCallback(slot=0, func_addr=0x2e9858, userdata=0x0)
HLE: W {PPU[0x1] Thread (main_thread)[0x0025bfe4]} cellSysutil: cellAudioOutGetSoundAvailability(audioOut=0, type=0, fs=0x4, option=0)
HLE: W {PPU[0x1] Thread (main_thread)[0x0025bf24]} cellSysutil: cellAudioOutConfigure(audioOut=0, config_addr=0xd000f3d0, option_addr=0x0, waitForEvent=1)
HLE: W {PPU[0x1] Thread (main_thread)[0x0025c084]} cellSysutil: cellAudioOutGetState(audioOut=0x0, deviceIndex=0x0, state_addr=0xd000f3e0)
HLE: W {PPU[0x1] Thread (main_thread)[0x0025bba4]} cellAudio: cellAudioInit()
HLE: W {PPU[0x1] Thread (main_thread)[0x0025bc64]} cellAudio: cellAudioPortOpen(audioParam=*0x4d9b88, portNum=*0xd000f510)
HLE: W {PPU[0x1] Thread (main_thread)[0x0025bc64]} cellAudio: *** audio port opened(nChannel=8, nBlock=8, attr=0x0, level=1.000000): port = 0
HLE: W {PPU[0x1] Thread (main_thread)[0x0025bc04]} cellAudio: cellAudioGetPortConfig(portNum=0, portConfig=*0x4d9ba8)
HLE: W {PPU[0x1] Thread (main_thread)[0x0025bb84]} cellSpurs: cellSpursInitialize(spurs_addr=0x4d8b80, nSpus=1, spuPriority=250, ppuPriority=1000, exitIfNoWork=0)
HLE: E {PPU[0x1] Thread (main_thread)[0x0025bb84]} sys_spu TODO: Unsupported SPU Thread options (0x2)
HLE: W {PPU[0x1] Thread (main_thread)[0x0025bb84]} sys_spu: sys_spu_thread_group_connect_event_all_threads(id=0x22, eq=0x26, req=0xffffffffffff0000, spup=*0x4d8c49)
HLE: W {PPU[0x1] Thread (main_thread)[0x0025bb84]} sys_event: sys_event_port_connect_local(eport_id=0x27, equeue_id=0x26)
HLE: W {PPU[0x28] Thread (SpursHdlr0)[0x00000000]} sys_spu: sys_spu_thread_group_start(id=0x22)
HLE: W {PPU[0x1] Thread (main_thread)[0x0025bb84]} sys_spu: sys_spu_thread_group_connect_event(id=0x22, eq=0x26, et=2)
HLE: W {PPU[0x28] Thread (SpursHdlr0)[0x00000000]} sys_spu: sys_spu_thread_group_join(id=0x22, cause=*0x0, status=*0x0)
HLE: W {PPU[0x1] Thread (main_thread)[0x0025b764]} sysPrxForUser: sys_lwmutex_create(lwmutex=*0x4e6080, attr=*0xd000f2c0)
HLE: W {PPU[0x1] Thread (main_thread)[0x0025c204]} cellSpurs: cellSpursCreateTaskset(spurs_addr=0x4d8b80, taskset_addr=0x4e6480, args=0x0, priority_addr=0xd000f4f0, maxContention=1)
HLE: W {PPU[0x1] Thread (main_thread)[0x0025c204]} cellSpurs: _cellSpursWorkloadAttributeInitialize(attr_addr=0x2aa06000, revision=1, sdkVersion=0x33, pm_addr=0x200, size=0x1e40, data=0x4e6480, priorityTable_addr=0xd000f4f0, minContention=0x8, maxContention=0x1)
HLE: W {PPU[0x1] Thread (main_thread)[0x0025c204]} cellSpurs: cellSpursWorkloadAttributeSetName(attr_addr=0x2aa06000, nameClass_addr=0x0, nameInstance_addr=0x0)
HLE: W {PPU[0x1] Thread (main_thread)[0x0025c204]} cellSpurs: cellSpursAddWorkloadWithAttribute(spurs_addr=0x4d8b80, wid_addr=0x2aa07000, attr_addr=0x2aa06000)
HLE: W {PPU[0x1] Thread (main_thread)[0x0025c224]} cellSpurs: _cellSpursEventFlagInitialize(spurs_addr=0x0, taskset_addr=0x4e6480, eventFlag_addr=0x4e7e00, flagClearMode=0, flagDirection=1)
HLE: W {PPU[0x1] Thread (main_thread)[0x0025c244]} cellSpurs: cellSpursEventFlagAttachLv2EventQueue(eventFlag_addr=0x4e7e00)
HLE: W {PPU[0x1] Thread (main_thread)[0x0025c244]} sys_spu: sys_spu_thread_group_connect_event_all_threads(id=0x22, eq=0x2b, req=0xffffffffffff0000, spup=*0x2aa06000)
HLE: W {PPU[0x1] Thread (main_thread)[0x0025c224]} cellSpurs: _cellSpursEventFlagInitialize(spurs_addr=0x0, taskset_addr=0x4e6480, eventFlag_addr=0x4ebf00, flagClearMode=0, flagDirection=2)
HLE: W {PPU[0x1] Thread (main_thread)[0x0020d2dc]} sys_event: sys_event_queue_create(equeue_id=*0x4e5e00, attr=*0xd000f334, event_queue_key=0x0, size=8)
HLE: W {PPU[0x1] Thread (main_thread)[0x0025b744]} sysPrxForUser: sys_ppu_thread_create(thread_id=*0x4e4200, entry=0x2f21e8, arg=0x0, prio=1000, stacksize=0x10000, flags=0x1, threadname=*0x2bf990)
HLE: W {PPU[0x1] Thread (main_thread)[0x0025b744]} sys_ppu_thread: _sys_ppu_thread_create(thread_id=*0x4e4200, param=*0xd000f2b8, arg=0x0, unk=0x0, prio=1000, stacksize=0x10000, flags=0x1, threadname=*0x2bf990)
HLE: W {PPU[0x1] Thread (main_thread)[0x0025b744]} sys_ppu_thread: sys_ppu_thread_start(thread_id=0x2d)
HLE: W {PPU[0x1] Thread (main_thread)[0x0020d36c]} sys_event: sys_event_port_create(eport_id=*0x4e5d80, port_type=1, name=0xfee1dead)
HLE: W {PPU[0x1] Thread (main_thread)[0x0020d384]} sys_event: sys_event_port_connect_local(eport_id=0x2e, equeue_id=0x2c)
HLE: W {PPU[0x1] Thread (main_thread)[0x0025c2a4]} cellSpurs: cellSpursAttachLv2EventQueue(spurs_addr=0x4d8b80, queue=0x2c, port_addr=0xd000f330, isDynamic=0)
HLE: W {PPU[0x1] Thread (main_thread)[0x0025c2a4]} sys_spu: sys_spu_thread_group_connect_event_all_threads(id=0x22, eq=0x2c, req=0x2, spup=*0xd000f330)
HLE: W {PPU[0x1] Thread (main_thread)[0x0025c2c4]} cellSpurs: cellSpursCreateTask(taskset_addr=0x4e6480, taskID_addr=0x4e7d80, elf_addr_addr=0x2c0c00, context_addr_addr=0x4ebf80, context_size=250880, lsPattern_addr=0x2ba010, argument_addr=0xd000f3f0)
HLE: W {PPU[0x1] Thread (main_thread)[0x0025c2c4]} cellSpurs: cellSpursSendWorkloadSignal(spurs=0x4d8b80, workloadId=0x0)
HLE: W {PPU[0x1] Thread (main_thread)[0x0025c2c4]} cellSpurs: cellSpursWakeUp(spurs_addr=0x4d8b80)
HLE: W {PPU[0x1] Thread (main_thread)[0x0025be84]} cellFs: cellFsOpen(path=*0x2bffa8, flags=0, fd=*0xd000f310, arg=*0x0, size=0x0) -> sys_fs_open()
HLE: W {PPU[0x1] Thread (main_thread)[0x0025be84]} sys_fs: sys_fs_open(path=*0x2bffa8, flags=0, fd=*0xd000f310, mode=0, arg=*0x0, size=0x0)
HLE: W {PPU[0x1] Thread (main_thread)[0x0025be84]} sys_fs: *** path = '/dev_flash/sys/external/flashATRAC.pic'
HLE: W {PPU[0x1] Thread (main_thread)[0x0025c1c4]} cellSpurs: cellSpursEventFlagWait(eventFlag_addr=0x4e7e00, mask_addr=0x4c0d24, mode=1)
RSX: W {RSXThread} RSX thread aborted
RSX: ! {RSXThread} RSX thread ended
HLE: ! {PPU[0x2] Thread (Callback Thread)[0x00000000]} CallbackManager thread aborted
HLE: W {PPU[0x28] Thread (SpursHdlr0)[0x00000000]} sys_spu: sys_spu_thread_group_join(id=0x22) aborted
HLE: ! {VBlank thread} VBlank thread aborted
HLE: W {PPU[0xf] Thread (File IO)[0x0025c344]} sync_queue_wm: waiter_op() aborted (signal_id=0x2031f900)
HLE: W {PPU[0xe] Thread (GamePlatform_GameBootCheck)[0x001cdf18]} sys_ppu_thread: sys_ppu_thread_join(14) aborted
HLE: W {PPU[0x28] Thread (SpursHdlr0)[0x00000000]} cellSpurs: SPURS Handler Thread 0 aborted
HLE: W {PPU[0x2d] Thread (spu_printf_handler)[0x0020d4ac]} sys_event: sys_event_queue_receive(equeue_id=0x2c) aborted
HLE: W {PPU[0x1] Thread (main_thread)[0x0025c1c4]} sys_event: sys_event_queue_receive(equeue_id=0x2b) aborted
HLE: ! {Internal Audio Thread} Internal Audio Thread aborted
HLE: ! {Audio Thread} Audio Thread aborted
HLE: ! All threads stopped...
MEM: ! Closing memory...
