LDR: E PSFLoader::Load() failed: unknown magic (0x0)
G: ! RPCS3 v0.0.0.6-16-g764f9f8
G: ! 
G: ! Stopping emulator...
LDR: ! Loading 'D:/Emulateurs/Rpcs3/dev_hdd0/game/BLJM61101-[Shin Koihime Musou Otome Taisen Sangokushi Engi]/PS3_GAME/USRDIR/BOOT.BIN'...
G: W fs::file::open('D:/Emulateurs/Rpcs3/dev_hdd0/game/BLJM61101-[Shin Koihime Musou Otome Taisen Sangokushi Engi]/PS3_GAME/dev_bdvd.path', 0x1) failed: error 0x2
LDR: ! 
LDR: ! Mount info:
LDR: ! /dev_usb000/ -> D:/Emulateurs/Rpcs3/dev_usb000/
LDR: ! /dev_flash/ -> D:/Emulateurs/Rpcs3/dev_flash/
LDR: ! /host_root/ -> 
LDR: ! /dev_hdd0/ -> D:/Emulateurs/Rpcs3/dev_hdd0/
LDR: ! /dev_hdd1/ -> D:/Emulateurs/Rpcs3/dev_hdd1/
LDR: ! /dev_bdvd/ -> D:/Emulateurs/Rpcs3/dev_hdd0/game/BLJM61101-[Shin Koihime Musou Otome Taisen Sangokushi Engi]/
LDR: ! /dev_usb/ -> D:/Emulateurs/Rpcs3/dev_usb000/
LDR: ! 
LDR: ! Settings:
LDR: ! CPU: PPU Interpreter 2
LDR: ! SPU: SPU Recompiler (ASMJIT)
LDR: ! Renderer: DirectX 12
LDR: ! D3D Adapter: Default
LDR: ! Resolution: 1280x720
LDR: ! Write Depth Buffer: No
LDR: ! Write Color Buffers: No
LDR: ! Read Color Buffer: No
LDR: ! Audio Out: OpenAL
LDR: ! Log Everything: No
LDR: ! RSX Logging: No
LDR: ! 
LDR: ! Title: Shin Koihime Musou: Otome Taisen Sangokushi Engi
LDR: ! Serial: BLJM61101
LDR: ! Elf path: /dev_bdvd/PS3_GAME/USRDIR/BOOT.BIN
LDR: ! 
LDR: ! loader::init() failed: Broken file
LDR: ! *** sdk version: 0x440001
LDR: ! *** primary prio: 1001
LDR: ! *** primary stacksize: 0x10000
LDR: ! *** malloc pagesize: 0x100000
LDR: ! *** ppc seg: 0x0
LDR: ! Imported function 'cellVideoOutConfigure' in 'cellSysutil' module (0x422538)
LDR: ! Imported function 'cellMsgDialogClose' in 'cellSysutil' module (0x422558)
LDR: ! Imported function 'cellMsgDialogOpenErrorCode' in 'cellSysutil' module (0x422578)
LDR: ! Imported function 'cellMsgDialogAbort' in 'cellSysutil' module (0x422598)
LDR: ! Imported function 'cellMsgDialogOpen2' in 'cellSysutil' module (0x4225b8)
LDR: ! Imported function 'cellVideoOutGetState' in 'cellSysutil' module (0x4225d8)
LDR: ! Imported function 'cellMsgDialogProgressBarInc' in 'cellSysutil' module (0x4225f8)
LDR: ! Imported function 'cellMsgDialogProgressBarSetMsg' in 'cellSysutil' module (0x422618)
LDR: ! Imported function 'cellVideoOutGetResolution' in 'cellSysutil' module (0x422638)
LDR: ! Imported function 'cellSysutilCheckCallback' in 'cellSysutil' module (0x423078)
LDR: ! Imported function 'cellSaveDataUserAutoSave' in 'cellSysutil' module (0x423098)
LDR: ! Imported function 'cellSysutilRegisterCallback' in 'cellSysutil' module (0x4230b8)
LDR: ! Imported function 'cellSaveDataUserAutoLoad' in 'cellSysutil' module (0x4230d8)
LDR: ! Imported function 'cellSaveDataDelete2' in 'cellSysutil' module (0x4230f8)
LDR: ! Imported function 'cellAudioOutConfigure' in 'cellSysutil' module (0x4244d8)
LDR: ! Imported function 'cellAudioOutGetConfiguration' in 'cellSysutil' module (0x4244f8)
LDR: ! Imported function 'cellAudioOutGetState' in 'cellSysutil' module (0x424518)
LDR: ! Imported function 'cellRescGetNumColorBuffers' in 'cellResc' module (0x422658)
LDR: ! Imported function 'cellRescSetWaitFlip' in 'cellResc' module (0x422678)
LDR: ! Imported function 'cellRescSetDsts' in 'cellResc' module (0x422698)
LDR: ! Imported function 'cellRescResetFlipStatus' in 'cellResc' module (0x4226b8)
LDR: ! Imported function 'cellRescAdjustAspectRatio' in 'cellResc' module (0x4226d8)
LDR: ! Imported function 'cellRescSetDisplayMode' in 'cellResc' module (0x4226f8)
LDR: ! Imported function 'cellRescSetConvertAndFlip' in 'cellResc' module (0x422718)
LDR: ! Imported function 'cellRescExit' in 'cellResc' module (0x422738)
LDR: ! Imported function 'cellRescSetFlipHandler' in 'cellResc' module (0x422758)
LDR: ! Imported function 'cellRescInit' in 'cellResc' module (0x422778)
LDR: ! Imported function 'cellRescGetBufferSize' in 'cellResc' module (0x422798)
LDR: ! Imported function 'cellRescGetLastFlipTime' in 'cellResc' module (0x4227b8)
LDR: ! Imported function 'cellRescSetSrc' in 'cellResc' module (0x4227d8)
LDR: ! Imported function 'cellRescSetBufferAddress' in 'cellResc' module (0x4227f8)
LDR: ! Imported function 'cellRescGetFlipStatus' in 'cellResc' module (0x422818)
LDR: ! Imported function 'cellRescSetVBlankHandler' in 'cellResc' module (0x422838)
LDR: ! Imported function 'cellRescCreateInterlaceTable' in 'cellResc' module (0x422858)
LDR: ! Imported function 'cellSysmoduleUnloadModule' in 'cellSysmodule' module (0x422878)
LDR: ! Imported function 'cellSysmoduleLoadModule' in 'cellSysmodule' module (0x422898)
LDR: ! Imported function 'cellSysmoduleIsLoaded' in 'cellSysmodule' module (0x423118)
LDR: ! Imported function 'cellGcmInitCursor' in 'cellGcmSys' module (0x4228b8)
LDR: ! Imported function '_cellGcmInitBody' in 'cellGcmSys' module (0x4228d8)
LDR: ! Imported function 'cellGcmSetCursorPosition' in 'cellGcmSys' module (0x4228f8)
LDR: ! Imported function '_cellGcmSetFlipCommand' in 'cellGcmSys' module (0x422918)
LDR: ! Imported function 'cellGcmAddressToOffset' in 'cellGcmSys' module (0x422938)
LDR: ! Imported function 'cellGcmIoOffsetToAddress' in 'cellGcmSys' module (0x422958)
LDR: ! Imported function '_cellGcmFunc15' in 'cellGcmSys' module (0x422978)
LDR: ! Imported function 'cellGcmBindTile' in 'cellGcmSys' module (0x422998)
LDR: ! Imported function 'cellGcmSetFlipMode' in 'cellGcmSys' module (0x4229b8)
LDR: ! Imported function 'cellGcmSetDebugOutputLevel' in 'cellGcmSys' module (0x4229d8)
LDR: ! Imported function 'cellGcmGetDefaultCommandWordSize' in 'cellGcmSys' module (0x4229f8)
LDR: ! Imported function 'cellGcmGetLastFlipTime' in 'cellGcmSys' module (0x422a18)
LDR: ! Imported function 'cellGcmMapEaIoAddress' in 'cellGcmSys' module (0x422a38)
LDR: ! Imported function 'cellGcmSetCursorDisable' in 'cellGcmSys' module (0x422a58)
LDR: ! Imported function 'cellGcmGetFlipStatus' in 'cellGcmSys' module (0x422a78)
LDR: ! Imported function 'cellGcmGetDefaultSegmentWordSize' in 'cellGcmSys' module (0x422a98)
LDR: ! Imported function 'cellGcmGetReport' in 'cellGcmSys' module (0x422ab8)
LDR: ! Imported function 'cellGcmSetDefaultFifoSize' in 'cellGcmSys' module (0x422ad8)
LDR: ! Imported function 'cellGcmBindZcull' in 'cellGcmSys' module (0x422af8)
LDR: ! Imported function 'cellGcmMapMainMemory' in 'cellGcmSys' module (0x422b18)
LDR: ! Imported function 'cellGcmSetFlipHandler' in 'cellGcmSys' module (0x422b38)
LDR: ! Imported function 'cellGcmSetDisplayBuffer' in 'cellGcmSys' module (0x422b58)
LDR: ! Imported function 'cellGcmGetControlRegister' in 'cellGcmSys' module (0x422b78)
LDR: ! Imported function 'cellGcmGetReportDataLocation' in 'cellGcmSys' module (0x422b98)
LDR: ! Imported function 'cellGcmUnbindZcull' in 'cellGcmSys' module (0x422bb8)
LDR: ! Imported function 'cellGcmSetVBlankHandler' in 'cellGcmSys' module (0x422bd8)
LDR: ! Imported function 'cellGcmResetFlipStatus' in 'cellGcmSys' module (0x422bf8)
LDR: ! Imported function 'cellGcmSetTileInfo' in 'cellGcmSys' module (0x422c18)
LDR: ! Imported function 'cellGcmUpdateCursor' in 'cellGcmSys' module (0x422c38)
LDR: ! Imported function 'cellGcmSetCursorEnable' in 'cellGcmSys' module (0x422c58)
LDR: ! Imported function 'cellGcmSetGraphicsHandler' in 'cellGcmSys' module (0x422c78)
LDR: ! Imported function '_cellGcmSetFlipCommandWithWaitLabel' in 'cellGcmSys' module (0x422c98)
LDR: ! Imported function 'cellGcmUnbindTile' in 'cellGcmSys' module (0x422cb8)
LDR: ! Imported function 'cellGcmGetConfiguration' in 'cellGcmSys' module (0x422cd8)
LDR: ! Imported function 'cellGcmGetLabelAddress' in 'cellGcmSys' module (0x422cf8)
LDR: ! Imported function 'cellGcmSetCursorImageOffset' in 'cellGcmSys' module (0x422d18)
LDR: ! Imported function 'cellGcmGetTiledPitchSize' in 'cellGcmSys' module (0x423218)
LDR: ! Imported function 'sceNpTrophyRegisterContext' in 'sceNpTrophy' module (0x422d38)
LDR: ! Imported function 'sceNpTrophyCreateHandle' in 'sceNpTrophy' module (0x422d58)
LDR: ! Imported function 'sceNpTrophyGetRequiredDiskSpace' in 'sceNpTrophy' module (0x422d78)
LDR: ! Imported function 'sceNpTrophyDestroyContext' in 'sceNpTrophy' module (0x422d98)
LDR: ! Imported function 'sceNpTrophyInit' in 'sceNpTrophy' module (0x422db8)
LDR: ! Imported function 'sceNpTrophyDestroyHandle' in 'sceNpTrophy' module (0x422dd8)
LDR: ! Imported function 'sceNpTrophyUnlockTrophy' in 'sceNpTrophy' module (0x422df8)
LDR: ! Imported function 'sceNpTrophyTerm' in 'sceNpTrophy' module (0x422e18)
LDR: ! Imported function 'sceNpTrophyGetTrophyUnlockState' in 'sceNpTrophy' module (0x422e38)
LDR: ! Imported function 'sceNpTrophyCreateContext' in 'sceNpTrophy' module (0x422e58)
LDR: ! Imported function 'sceNpManagerGetContentRatingFlag' in 'sceNp' module (0x422e78)
LDR: ! Imported function 'sceNpManagerGetChatRestrictionFlag' in 'sceNp' module (0x422e98)
LDR: ! Imported function 'sceNpBasicSendMessageGui' in 'sceNp' module (0x423278)
LDR: ! Imported function 'sceNpBasicGetFriendListEntry' in 'sceNp' module (0x423298)
LDR: ! Imported function 'sceNpScoreRecordGameData' in 'sceNp' module (0x4232b8)
LDR: ! Imported function 'sceNpBasicGetMatchingInvitationEntry' in 'sceNp' module (0x4232d8)
LDR: ! Imported function 'sceNpScoreGetRankingByNpId' in 'sceNp' module (0x4232f8)
LDR: ! Imported function 'sceNpSignalingGetConnectionInfo' in 'sceNp' module (0x423318)
LDR: ! Imported function 'sceNpScoreRecordScore' in 'sceNp' module (0x423338)
LDR: ! Imported function 'sceNpBasicAddPlayersHistory' in 'sceNp' module (0x423358)
LDR: ! Imported function 'sceNpScoreWaitAsync' in 'sceNp' module (0x423378)
LDR: ! Imported function 'sceNpScoreGetRankingByRangeAsync' in 'sceNp' module (0x423398)
LDR: ! Imported function 'sceNpScoreDestroyTitleCtx' in 'sceNp' module (0x4233b8)
LDR: ! Imported function 'sceNpScoreSetTimeout' in 'sceNp' module (0x4233d8)
LDR: ! Imported function 'sceNpDrmVerifyUpgradeLicense' in 'sceNp' module (0x4233f8)
LDR: ! Imported function 'sceNpBasicGetMessageEntry' in 'sceNp' module (0x423418)
LDR: ! Imported function 'sceNpScoreInit' in 'sceNp' module (0x423438)
LDR: ! Imported function 'sceNpScoreGetGameData' in 'sceNp' module (0x423458)
LDR: ! Imported function 'sceNpScoreGetRankingByNpIdAsync' in 'sceNp' module (0x423478)
LDR: ! Imported function 'sceNpBasicSetPresence' in 'sceNp' module (0x423498)
LDR: ! Imported function 'sceNpBasicRegisterContextSensitiveHandler' in 'sceNp' module (0x4234b8)
LDR: ! Imported function 'sceNpBasicAbortGui' in 'sceNp' module (0x4234d8)
LDR: ! Imported function 'sceNpSignalingAddExtendedHandler' in 'sceNp' module (0x4234f8)
LDR: ! Imported function 'sceNpSignalingActivateConnection' in 'sceNp' module (0x423518)
LDR: ! Imported function 'sceNpSignalingCreateCtx' in 'sceNp' module (0x423538)
LDR: ! Imported function 'sceNpBasicRecvMessageAttachmentLoad' in 'sceNp' module (0x423558)
LDR: ! Imported function 'sceNpScoreCreateTransactionCtx' in 'sceNp' module (0x423578)
LDR: ! Imported function 'sceNpBasicRecvMessageCustom' in 'sceNp' module (0x423598)
LDR: ! Imported function 'sceNpSignalingTerminateConnection' in 'sceNp' module (0x4235b8)
LDR: ! Imported function 'sceNpScoreTerm' in 'sceNp' module (0x4235d8)
LDR: ! Imported function 'sceNpBasicGetPlayersHistoryEntryCount' in 'sceNp' module (0x4235f8)
LDR: ! Imported function 'sceNpScorePollAsync' in 'sceNp' module (0x423618)
LDR: ! Imported function 'sceNpSignalingDestroyCtx' in 'sceNp' module (0x423638)
LDR: ! Imported function 'sceNpBasicUnregisterHandler' in 'sceNp' module (0x423658)
LDR: ! Imported function 'sceNpDrmIsAvailable' in 'sceNp' module (0x423678)
LDR: ! Imported function 'sceNpBasicGetFriendListEntryCount' in 'sceNp' module (0x423698)
LDR: ! Imported function 'sceNpScoreCreateTitleCtx' in 'sceNp' module (0x4236b8)
LDR: ! Imported function 'sceNpBasicGetPlayersHistoryEntry' in 'sceNp' module (0x4236d8)
LDR: ! Imported function 'sceNpBasicAddPlayersHistoryAsync' in 'sceNp' module (0x4236f8)
LDR: ! Imported function 'sceNpDrmVerifyUpgradeLicense2' in 'sceNp' module (0x423718)
LDR: ! Imported function 'sceNpScoreDestroyTransactionCtx' in 'sceNp' module (0x423738)
LDR: ! Imported function 'sceNpSignalingGetConnectionStatus' in 'sceNp' module (0x423758)
LDR: ! Imported function 'sceNpDrmGetTimelimit' in 'sceNp' module (0x423778)
LDR: ! Imported function 'sceNpScoreGetGameDataAsync' in 'sceNp' module (0x423798)
LDR: ! Imported function 'sceNpBasicGetEvent' in 'sceNp' module (0x4237b8)
LDR: ! Imported function 'sceNpBasicMarkMessageAsUsed' in 'sceNp' module (0x4237d8)
LDR: ! Imported function 'sceNpManagerRegisterCallback' in 'sceNp' module (0x4237f8)
LDR: ! Imported function 'sceNpBasicSendMessage' in 'sceNp' module (0x423818)
LDR: ! Imported function 'sceNpBasicGetMessageEntryCount' in 'sceNp' module (0x423838)
LDR: ! Imported function 'sceNpScoreAbortTransaction' in 'sceNp' module (0x423858)
LDR: ! Imported function 'sceNpDrmIsAvailable2' in 'sceNp' module (0x423878)
LDR: ! Imported function 'sceNpScoreRecordScoreAsync' in 'sceNp' module (0x423898)
LDR: ! Imported function 'sceNpDrmExecuteGamePurchase' in 'sceNp' module (0x4238b8)
LDR: ! Imported function 'sceNpScoreRecordGameDataAsync' in 'sceNp' module (0x4238d8)
LDR: ! Imported function 'sceNpSignalingDeactivateConnection' in 'sceNp' module (0x4238f8)
LDR: ! Imported function 'sceNpManagerGetNpId' in 'sceNp' module (0x423918)
LDR: ! Imported function 'inet_ntoa' in 'sys_net' module (0x422eb8)
LDR: ! Imported function 'sys_net_set_udpp2p_test_param' in 'sys_net' module (0x423ef8)
LDR: ! Imported function 'sys_net_initialize_network_ex' in 'sys_net' module (0x423f18)
LDR: ! Imported function 'recvfrom' in 'sys_net' module (0x423f38)
LDR: ! Imported function 'listen' in 'sys_net' module (0x423f58)
LDR: ! Imported function '_sys_net_errno_loc' in 'sys_net' module (0x423f78)
LDR: ! Imported function 'connect' in 'sys_net' module (0x423f98)
LDR: ! Imported function 'socketclose' in 'sys_net' module (0x423fb8)
LDR: ! Imported function 'sendto' in 'sys_net' module (0x423fd8)
LDR: ! Imported function 'socket' in 'sys_net' module (0x423ff8)
LDR: ! Imported function 'bind' in 'sys_net' module (0x424018)
LDR: ! Imported function 'sys_net_finalize_network' in 'sys_net' module (0x424038)
LDR: ! Imported function 'accept' in 'sys_net' module (0x424058)
LDR: ! Imported function 'inet_addr' in 'sys_net' module (0x424078)
LDR: ! Imported function 'send' in 'sys_net' module (0x424098)
LDR: ! Imported function 'recv' in 'sys_net' module (0x4240b8)
LDR: ! Imported function '_cellSpursAttributeInitialize' in 'cellSpurs' module (0x422ed8)
LDR: ! Imported function 'cellSpursInitializeWithAttribute' in 'cellSpurs' module (0x422ef8)
LDR: ! Imported function 'cellSpursAttributeSetNamePrefix' in 'cellSpurs' module (0x424638)
LDR: ! Imported function '_cellSpursTasksetAttributeInitialize' in 'cellSpurs' module (0x424658)
LDR: ! Imported function 'cellSpursCreateTaskWithAttribute' in 'cellSpurs' module (0x424678)
LDR: ! Imported function 'cellSpursEventFlagDetachLv2EventQueue' in 'cellSpurs' module (0x424698)
LDR: ! Imported function 'cellSpursEventFlagWait' in 'cellSpurs' module (0x4246b8)
LDR: ! Imported function '_cellSpursEventFlagInitialize' in 'cellSpurs' module (0x4246d8)
LDR: ! Imported function 'cellSpursTasksetAttributeSetName' in 'cellSpurs' module (0x4246f8)
LDR: ! Imported function 'cellSpursEventFlagAttachLv2EventQueue' in 'cellSpurs' module (0x424718)
LDR: ! Imported function 'cellSpursJoinTaskset' in 'cellSpurs' module (0x424738)
LDR: ! Imported function 'cellSpursShutdownTaskset' in 'cellSpurs' module (0x424758)
LDR: ! Imported function '_cellSpursTaskAttributeInitialize' in 'cellSpurs' module (0x424778)
LDR: ! Imported function 'cellSpursCreateTasksetWithAttribute' in 'cellSpurs' module (0x424798)
LDR: ! Imported function 'cellSpursFinalize' in 'cellSpurs' module (0x4247b8)
LDR: ! Imported function 'cellSpursEventFlagSet' in 'cellSpurs' module (0x4247d8)
LDR: ! Imported function 'SJISstoUTF8s' in 'cellL10n' module (0x422f18)
LDR: ! Imported function 'cellGameContentPermit' in 'cellGame' module (0x422f38)
LDR: ! Imported function 'cellGameDataCheck' in 'cellGame' module (0x422f58)
LDR: ! Imported function 'cellGameCreateGameData' in 'cellGame' module (0x4242f8)
LDR: ! Imported function 'cellGameDeleteGameData' in 'cellGame' module (0x424318)
LDR: ! Imported function 'cellGameBootCheck' in 'cellGame' module (0x424338)
LDR: ! Imported function 'cellRtcGetCurrentClockLocalTime' in 'cellRtc' module (0x422f78)
LDR: ! Imported function 'cellPadClearBuf' in 'sys_io' module (0x422f98)
LDR: ! Imported function 'cellPadInit' in 'sys_io' module (0x422fb8)
LDR: ! Imported function 'cellPadGetData' in 'sys_io' module (0x422fd8)
LDR: ! Imported function 'cellPadGetInfo2' in 'sys_io' module (0x422ff8)
LDR: ! Imported function 'cellFsOpen' in 'sys_fs' module (0x423018)
LDR: ! Imported function 'cellFsStat' in 'sys_fs' module (0x423038)
LDR: ! Imported function 'cellFsUnlink' in 'sys_fs' module (0x423058)
LDR: ! Imported function 'cellFsFtruncate' in 'sys_fs' module (0x424358)
LDR: ! Imported function 'cellFsClose' in 'sys_fs' module (0x424378)
LDR: ! Imported function 'cellFsOpendir' in 'sys_fs' module (0x424398)
LDR: ! Imported function 'cellFsRead' in 'sys_fs' module (0x4243b8)
LDR: ! Imported function 'cellFsFsync' in 'sys_fs' module (0x4243d8)
LDR: ! Imported function 'cellFsLseek' in 'sys_fs' module (0x4243f8)
LDR: ! Imported function 'cellFsSdataOpen' in 'sys_fs' module (0x424418)
LDR: ! Imported function 'cellFsMkdir' in 'sys_fs' module (0x424438)
LDR: ! Imported function 'cellFsWrite' in 'sys_fs' module (0x424458)
LDR: ! Imported function 'cellFsFstat' in 'sys_fs' module (0x424478)
LDR: ! Imported function 'cellFsRename' in 'sys_fs' module (0x424498)
LDR: ! Imported function 'cellFsClosedir' in 'sys_fs' module (0x4244b8)
LDR: ! Imported function 'cellPngDecCreate' in 'cellPngDec' module (0x423138)
LDR: ! Imported function 'cellPngDecDecodeData' in 'cellPngDec' module (0x423158)
LDR: ! Imported function 'cellPngDecClose' in 'cellPngDec' module (0x423178)
LDR: ! Imported function 'cellPngDecDestroy' in 'cellPngDec' module (0x423198)
LDR: ! Imported function 'cellPngDecReadHeader' in 'cellPngDec' module (0x4231b8)
LDR: ! Imported function 'cellPngDecOpen' in 'cellPngDec' module (0x4231d8)
LDR: ! Imported function 'cellPngDecSetParameter' in 'cellPngDec' module (0x4231f8)
LDR: ! Imported function 'cellUserInfoGetStat' in 'cellUserInfo' module (0x423238)
LDR: ! Imported function 'cellUserInfoGetList' in 'cellUserInfo' module (0x423258)
LDR: ! Imported function 'sceNpMatching2DestroyContext' in 'sceNp2' module (0x423938)
LDR: ! Imported function 'sceNpMatching2GetWorldInfoList' in 'sceNp2' module (0x423958)
LDR: ! Imported function 'sceNpMatching2SearchRoom' in 'sceNp2' module (0x423978)
LDR: ! Imported function 'sceNpMatching2SignalingGetConnectionStatus' in 'sceNp2' module (0x423998)
LDR: ! Imported function 'sceNpMatching2ContextStart' in 'sceNp2' module (0x4239b8)
LDR: ! Imported function 'sceNpMatching2LeaveRoom' in 'sceNp2' module (0x4239d8)
LDR: ! Imported function 'sceNpMatching2SetRoomDataExternal' in 'sceNp2' module (0x4239f8)
LDR: ! Imported function 'sceNpMatching2Term2' in 'sceNp2' module (0x423a18)
LDR: ! Imported function 'sceNpMatching2SignalingGetConnectionInfo' in 'sceNp2' module (0x423a38)
LDR: ! Imported function 'sceNpMatching2SendRoomMessage' in 'sceNp2' module (0x423a58)
LDR: E Unknown function '0x2E42F94A' in 'sceNp2' module (0x423a78)
LDR: ! Imported function 'sceNpMatching2AbortRequest' in 'sceNp2' module (0x423a98)
LDR: ! Imported function 'sceNpMatching2GetServerInfo' in 'sceNp2' module (0x423ab8)
LDR: ! Imported function 'sceNpMatching2GetEventData' in 'sceNp2' module (0x423ad8)
LDR: ! Imported function 'sceNpMatching2GetRoomSlotInfoLocal' in 'sceNp2' module (0x423af8)
LDR: ! Imported function 'sceNp2Init' in 'sceNp2' module (0x423b18)
LDR: ! Imported function 'sceNpMatching2AbortContextStart' in 'sceNp2' module (0x423b38)
LDR: ! Imported function 'sceNpMatching2GetRoomMemberIdListLocal' in 'sceNp2' module (0x423b58)
LDR: ! Imported function 'sceNpMatching2JoinRoom' in 'sceNp2' module (0x423b78)
LDR: ! Imported function 'sceNpMatching2GetRoomMemberDataInternalLocal' in 'sceNp2' module (0x423b98)
LDR: ! Imported function 'sceNpMatching2KickoutRoomMember' in 'sceNp2' module (0x423bb8)
LDR: ! Imported function 'sceNpMatching2ContextStartAsync' in 'sceNp2' module (0x423bd8)
LDR: ! Imported function 'sceNpMatching2SetSignalingOptParam' in 'sceNp2' module (0x423bf8)
LDR: ! Imported function 'sceNpMatching2RegisterContextCallback' in 'sceNp2' module (0x423c18)
LDR: ! Imported function 'sceNpMatching2SetRoomDataInternal' in 'sceNp2' module (0x423c38)
LDR: ! Imported function 'sceNpMatching2GetRoomDataInternal' in 'sceNp2' module (0x423c58)
LDR: ! Imported function 'sceNpMatching2SignalingGetPingInfo' in 'sceNp2' module (0x423c78)
LDR: ! Imported function 'sceNpMatching2GetServerIdListLocal' in 'sceNp2' module (0x423c98)
LDR: E Unknown function '0x98F74C9A' in 'sceNp2' module (0x423cb8)
LDR: ! Imported function 'sceNpMatching2CreateContext' in 'sceNp2' module (0x423cd8)
LDR: ! Imported function 'sceNpMatching2RegisterSignalingCallback' in 'sceNp2' module (0x423cf8)
LDR: ! Imported function 'sceNp2Term' in 'sceNp2' module (0x423d18)
LDR: ! Imported function 'sceNpMatching2GetRoomMemberDataInternal' in 'sceNp2' module (0x423d38)
LDR: ! Imported function 'sceNpMatching2SetRoomMemberDataInternal' in 'sceNp2' module (0x423d58)
LDR: E Unknown function '0xDBE84071' in 'sceNp2' module (0x423d78)
LDR: ! Imported function 'sceNpMatching2RegisterRoomEventCallback' in 'sceNp2' module (0x423d98)
LDR: ! Imported function 'sceNpMatching2CreateJoinRoom' in 'sceNp2' module (0x423db8)
LDR: ! Imported function 'sceNpMatching2ContextStop' in 'sceNp2' module (0x423dd8)
LDR: ! Imported function 'sceNpMatching2Init2' in 'sceNp2' module (0x423df8)
LDR: ! Imported function 'sceNpMatching2RegisterRoomMessageCallback' in 'sceNp2' module (0x423e18)
LDR: ! Imported function 'cellNetCtlNetStartDialogLoadAsync' in 'cellNetCtl' module (0x423e38)
LDR: ! Imported function 'cellNetCtlAddHandler' in 'cellNetCtl' module (0x423e58)
LDR: ! Imported function 'cellNetCtlNetStartDialogUnloadAsync' in 'cellNetCtl' module (0x423e78)
LDR: ! Imported function 'cellNetCtlTerm' in 'cellNetCtl' module (0x423e98)
LDR: ! Imported function 'cellNetCtlDelHandler' in 'cellNetCtl' module (0x423eb8)
LDR: ! Imported function 'cellNetCtlInit' in 'cellNetCtl' module (0x423ed8)
LDR: ! Imported function 'cellRudpGetSizeReadable' in 'cellRudp' module (0x4240d8)
LDR: ! Imported function 'cellRudpSetOption' in 'cellRudp' module (0x4240f8)
LDR: ! Imported function 'cellRudpWrite' in 'cellRudp' module (0x424118)
LDR: ! Imported function 'cellRudpTerminate' in 'cellRudp' module (0x424138)
LDR: ! Imported function 'cellRudpSetMaxSegmentSize' in 'cellRudp' module (0x424158)
LDR: ! Imported function 'cellRudpInit' in 'cellRudp' module (0x424178)
LDR: ! Imported function 'cellRudpEnableInternalIOThread' in 'cellRudp' module (0x424198)
LDR: ! Imported function 'cellRudpCreateContext' in 'cellRudp' module (0x4241b8)
LDR: ! Imported function 'cellRudpSetEventHandler' in 'cellRudp' module (0x4241d8)
LDR: ! Imported function 'cellRudpRead' in 'cellRudp' module (0x4241f8)
LDR: ! Imported function 'cellRudpGetSizeWritable' in 'cellRudp' module (0x424218)
LDR: ! Imported function 'cellRudpEnd' in 'cellRudp' module (0x424238)
LDR: ! Imported function 'cellRudpActivate' in 'cellRudp' module (0x424258)
LDR: ! Imported function 'cellRudpInitiate' in 'cellRudp' module (0x424278)
LDR: ! Imported function 'cellRudpBind' in 'cellRudp' module (0x424298)
LDR: ! Imported function 'cellRudpProcessEvents' in 'cellRudp' module (0x4242b8)
LDR: ! Imported function 'cellRudpGetOption' in 'cellRudp' module (0x4242d8)
LDR: ! Imported function 'cellAudioInit' in 'cellAudio' module (0x424538)
LDR: ! Imported function 'cellAudioPortClose' in 'cellAudio' module (0x424558)
LDR: ! Imported function 'cellAudioPortStop' in 'cellAudio' module (0x424578)
LDR: ! Imported function 'cellAudioGetPortConfig' in 'cellAudio' module (0x424598)
LDR: ! Imported function 'cellAudioPortStart' in 'cellAudio' module (0x4245b8)
LDR: ! Imported function 'cellAudioQuit' in 'cellAudio' module (0x4245d8)
LDR: ! Imported function 'cellAudioPortOpen' in 'cellAudio' module (0x4245f8)
LDR: ! Imported function 'cellAudioAddData' in 'cellAudio' module (0x424618)
LDR: ! Imported function 'cellSyncQueueInitialize' in 'cellSync' module (0x4247f8)
LDR: ! Imported function 'cellSyncQueueSize' in 'cellSync' module (0x424818)
LDR: ! Imported function 'cellSyncQueuePop' in 'cellSync' module (0x424838)
LDR: ! Imported function 'cellSyncMutexUnlock' in 'cellSync' module (0x424858)
LDR: ! Imported function 'cellSyncQueueClear' in 'cellSync' module (0x424878)
LDR: ! Imported function 'cellSyncMutexInitialize' in 'cellSync' module (0x424898)
LDR: ! Imported function 'cellSyncMutexTryLock' in 'cellSync' module (0x4248b8)
LDR: ! Imported function 'cellSpursJobQueueAttributeInitialize' in 'cellSpursJq' module (0x4248d8)
LDR: ! Imported function 'cellSpursShutdownJobQueue' in 'cellSpursJq' module (0x4248f8)
LDR: ! Imported function 'cellSpursJoinJobQueue' in 'cellSpursJq' module (0x424918)
LDR: ! Imported function '_cellSpursCreateJobQueueWithJobDescriptorPool' in 'cellSpursJq' module (0x424938)
LDR: ! Imported function '_cellSpursJobQueuePort2CopyPushJobBody' in 'cellSpursJq' module (0x424958)
LDR: ! Imported function 'cellSpursJobQueuePort2Destroy' in 'cellSpursJq' module (0x424978)
LDR: ! Imported function '_cellSpursJobQueuePort2PushJobBody' in 'cellSpursJq' module (0x424998)
LDR: ! Imported function 'cellSpursJobQueuePort2Create' in 'cellSpursJq' module (0x4249b8)
LDR: ! Imported function 'cellSpursJobQueuePort2Sync' in 'cellSpursJq' module (0x4249d8)
LDR: ! Imported function 'sys_lwmutex_lock' in 'sysPrxForUser' module (0x4249f8)
LDR: ! Imported function 'sys_lwmutex_unlock' in 'sysPrxForUser' module (0x424a18)
LDR: ! Imported function 'sys_lwcond_destroy' in 'sysPrxForUser' module (0x424a38)
LDR: ! Imported function 'sys_ppu_thread_create' in 'sysPrxForUser' module (0x424a58)
LDR: ! Imported function 'sys_lwcond_wait' in 'sysPrxForUser' module (0x424a78)
LDR: ! Imported function '_sys_process_atexitspawn' in 'sysPrxForUser' module (0x424a98)
LDR: ! Imported function 'sys_lwmutex_create' in 'sysPrxForUser' module (0x424ab8)
LDR: ! Imported function 'sys_ppu_thread_get_id' in 'sysPrxForUser' module (0x424ad8)
LDR: ! Imported function 'sys_prx_register_library' in 'sysPrxForUser' module (0x424af8)
LDR: ! Imported function 'sys_get_random_number' in 'sysPrxForUser' module (0x424b18)
LDR: ! Imported function 'sys_initialize_tls' in 'sysPrxForUser' module (0x424b38)
LDR: ! Imported function 'sys_time_get_system_time' in 'sysPrxForUser' module (0x424b58)
LDR: ! Imported function '_sys_process_at_Exitspawn' in 'sysPrxForUser' module (0x424b78)
LDR: ! Imported function 'sys_prx_exitspawn_with_level' in 'sysPrxForUser' module (0x424b98)
LDR: ! Imported function 'sys_ppu_thread_exit' in 'sysPrxForUser' module (0x424bb8)
LDR: ! Imported function 'sys_lwmutex_destroy' in 'sysPrxForUser' module (0x424bd8)
LDR: ! Imported function 'sys_lwcond_create' in 'sysPrxForUser' module (0x424bf8)
LDR: ! Imported function 'sys_process_exit' in 'sysPrxForUser' module (0x424c18)
LDR: ! Imported function 'sys_lwcond_signal_all' in 'sysPrxForUser' module (0x424c38)
MEM: ! Thread Local Storage initialized (g_tls_start=0x68e000, user_size=0x1b8)
*** TLS segment addr: 0x004fc780
*** TLS segment size: 0x00000004
HLE: W {PPU[0x1] Thread (main_thread)[0x00424ab8]} sysPrxForUser: sys_lwmutex_create(lwmutex=*0x5d4cd8, attr=*0x451c48)
HLE: W {PPU[0x1] Thread (main_thread)[0x00399344]} sys_memory: sys_memory_get_user_memory_size(mem_info=*0xd000fc04)
HLE: W {PPU[0x1] Thread (main_thread)[0x00424ab8]} sysPrxForUser: sys_lwmutex_create(lwmutex=*0x5d4ad8, attr=*0x451c48)
HLE: W {PPU[0x1] Thread (main_thread)[0x00424ab8]} sysPrxForUser: sys_lwmutex_create(lwmutex=*0x5d4260, attr=*0x451c48)
HLE: W {PPU[0x1] Thread (main_thread)[0x00424ab8]} sysPrxForUser: sys_lwmutex_create(lwmutex=*0x5d4288, attr=*0x451c48)
HLE: W {PPU[0x1] Thread (main_thread)[0x00424ab8]} sysPrxForUser: sys_lwmutex_create(lwmutex=*0x5d42b0, attr=*0x451c48)
HLE: W {PPU[0x1] Thread (main_thread)[0x00424ab8]} sysPrxForUser: sys_lwmutex_create(lwmutex=*0x5d4198, attr=*0x451c48)
HLE: W {PPU[0x1] Thread (main_thread)[0x00424ab8]} sysPrxForUser: sys_lwmutex_create(lwmutex=*0x5d41c0, attr=*0x451c48)
HLE: W {PPU[0x1] Thread (main_thread)[0x00424ab8]} sysPrxForUser: sys_lwmutex_create(lwmutex=*0x5d41e8, attr=*0x451c48)
HLE: W {PPU[0x1] Thread (main_thread)[0x00424ab8]} sysPrxForUser: sys_lwmutex_create(lwmutex=*0x5d4210, attr=*0x451c48)
HLE: W {PPU[0x1] Thread (main_thread)[0x00424ab8]} sysPrxForUser: sys_lwmutex_create(lwmutex=*0x5d4238, attr=*0x451c48)
HLE: W {PPU[0x1] Thread (main_thread)[0x00397c40]} sys_memory: sys_memory_allocate(size=0x100000, flags=0x400, alloc_addr=*0xd000f7a0)
HLE: W {PPU[0x1] Thread (main_thread)[0x00424ab8]} sysPrxForUser: sys_lwmutex_create(lwmutex=*0x20000020, attr=*0x451c48)
HLE: W {PPU[0x1] Thread (main_thread)[0x00424ab8]} sysPrxForUser: sys_lwmutex_create(lwmutex=*0x200000a0, attr=*0x451c48)
HLE: W {PPU[0x1] Thread (main_thread)[0x00424ab8]} sysPrxForUser: sys_lwmutex_create(lwmutex=*0x20000130, attr=*0x451c48)
HLE: W {PPU[0x1] Thread (main_thread)[0x00424ab8]} sysPrxForUser: sys_lwmutex_create(lwmutex=*0x20000190, attr=*0x451c48)
HLE: W {PPU[0x1] Thread (main_thread)[0x00424ab8]} sysPrxForUser: sys_lwmutex_create(lwmutex=*0x200001d0, attr=*0x451c48)
HLE: W {PPU[0x1] Thread (main_thread)[0x00424ab8]} sysPrxForUser: sys_lwmutex_create(lwmutex=*0x20000210, attr=*0x451c48)
HLE: W {PPU[0x1] Thread (main_thread)[0x00424ab8]} sysPrxForUser: sys_lwmutex_create(lwmutex=*0x200002d0, attr=*0x451c48)
HLE: W {PPU[0x1] Thread (main_thread)[0x00424ab8]} sysPrxForUser: sys_lwmutex_create(lwmutex=*0x20000300, attr=*0x451c48)
HLE: W {PPU[0x1] Thread (main_thread)[0x00424ab8]} sysPrxForUser: sys_lwmutex_create(lwmutex=*0x20000330, attr=*0x451c48)
HLE: W {PPU[0x1] Thread (main_thread)[0x00424ab8]} sysPrxForUser: sys_lwmutex_create(lwmutex=*0x20000360, attr=*0x451c48)
HLE: W {PPU[0x1] Thread (main_thread)[0x00424ab8]} sysPrxForUser: sys_lwmutex_create(lwmutex=*0x20000390, attr=*0x451c48)
HLE: W {PPU[0x1] Thread (main_thread)[0x00424ab8]} sysPrxForUser: sys_lwmutex_create(lwmutex=*0x200003c0, attr=*0x451c48)
HLE: W {PPU[0x1] Thread (main_thread)[0x00397c40]} sys_memory: sys_memory_allocate(size=0x300000, flags=0x400, alloc_addr=*0xd000e180)
HLE: W {PPU[0x1] Thread (main_thread)[0x004228d8]} cellGcmSys: _cellGcmInitBody(context=**0x54dfe0, cmdSize=0x10000, ioSize=0x100000, ioAddress=0x20100000)
HLE: W {PPU[0x1] Thread (main_thread)[0x004228d8]} cellGcmSys: *** local memory(addr=0xc0000000, size=0xf900000)
HLE: W {PPU[0x1] Thread (main_thread)[0x004228d8]} cellGcmSys: cellGcmInit(): 256MB io address space used
RSX: ! {RSXThread} RSX thread started
HLE: W {PPU[0x1] Thread (main_thread)[0x00397c40]} sys_memory: sys_memory_allocate(size=0x6f00000, flags=0x400, alloc_addr=*0xd000e0f0)
HLE: W {PPU[0x1] Thread (main_thread)[0x00422b18]} cellGcmSys: cellGcmMapMainMemory(ea=0x20300000, size=0x6d00000, offset=*0x55b0ac)
HLE: W {PPU[0x1] Thread (main_thread)[0x00422538]} cellSysutil: cellVideoOutConfigure(videoOut=0, config=*0xd000e2b4, option=*0x0, waitForEvent=0)
HLE: W {PPU[0x1] Thread (main_thread)[0x004229b8]} cellGcmSys: cellGcmSetFlipMode(mode=2)
HLE: W {PPU[0x1] Thread (main_thread)[0x00422c18]} cellGcmSys: cellGcmSetTileInfo(index=0, location=0, offset=0, size=3932160, pitch=5120, comp=0, base=0, bank=0)
HLE: W {PPU[0x1] Thread (main_thread)[0x00422998]} cellGcmSys: cellGcmBindTile(index=0)
HLE: W {PPU[0x1] Thread (main_thread)[0x00422c18]} cellGcmSys: cellGcmSetTileInfo(index=1, location=0, offset=3932160, size=3932160, pitch=5120, comp=0, base=0, bank=0)
HLE: W {PPU[0x1] Thread (main_thread)[0x00422998]} cellGcmSys: cellGcmBindTile(index=1)
HLE: W {PPU[0x1] Thread (main_thread)[0x00422c18]} cellGcmSys: cellGcmSetTileInfo(index=2, location=0, offset=7864320, size=3932160, pitch=5120, comp=9, base=0, bank=2)
HLE: E {PPU[0x1] Thread (main_thread)[0x00422c18]} cellGcmSys: cellGcmSetTileInfo: bad compression mode! (9)
HLE: W {PPU[0x1] Thread (main_thread)[0x00422998]} cellGcmSys: cellGcmBindTile(index=2)
TTY: 0\n
HLE: W {PPU[0x1] Thread (main_thread)[0x00422c18]} cellGcmSys: cellGcmSetTileInfo(index=3, location=0, offset=11796480, size=61603840, pitch=2048, comp=0, base=0, bank=0)
HLE: W {PPU[0x1] Thread (main_thread)[0x00422998]} cellGcmSys: cellGcmBindTile(index=3)
HLE: W {PPU[0x1] Thread (main_thread)[0x00423118]} cellSysmodule: cellSysmoduleIsLoaded(id=0x003e: CELL_SYSMODULE_SYSUTIL_GAME)
HLE: E {PPU[0x1] Thread (main_thread)[0x00423118]} cellSysmodule: cellSysmoduleIsLoaded() failed: module not loaded (id=0x003e)
HLE: W {PPU[0x1] Thread (main_thread)[0x00422898]} cellSysmodule: cellSysmoduleLoadModule(id=0x003e: CELL_SYSMODULE_SYSUTIL_GAME)
HLE: W {PPU[0x1] Thread (main_thread)[0x00424338]} cellGame: cellGameBootCheck(type=*0xd000e3a0, attributes=*0xd000e3a4, size=*0xd000e3a8, dirName=*0xd000e3b8)
HLE: W {PPU[0x1] Thread (main_thread)[0x00422f38]} cellGame: cellGameContentPermit(contentInfoPath=*0x54e6a9, usrdirPath=*0x54e729)
HLE: W {PPU[0x1] Thread (main_thread)[0x00424338]} cellGame: cellGameBootCheck(type=*0xd000e3a0, attributes=*0xd000e3a4, size=*0xd000e3a8, dirName=*0xd000e3b8)
HLE: W {PPU[0x1] Thread (main_thread)[0x00422f38]} cellGame: cellGameContentPermit(contentInfoPath=*0x54e6a9, usrdirPath=*0x54e729)
TTY: data path = /dev_bdvd/PS3_GAME/USRDIR/DATAPS3_0.cpk\n
HLE: W {PPU[0x1] Thread (main_thread)[0x00423118]} cellSysmodule: cellSysmoduleIsLoaded(id=0x000e: CELL_SYSMODULE_FS)
HLE: E {PPU[0x1] Thread (main_thread)[0x00423118]} cellSysmodule: cellSysmoduleIsLoaded() failed: module not loaded (id=0x000e)
HLE: W {PPU[0x1] Thread (main_thread)[0x00422898]} cellSysmodule: cellSysmoduleLoadModule(id=0x000e: CELL_SYSMODULE_FS)
HLE: W {PPU[0x1] Thread (main_thread)[0x00424ab8]} sysPrxForUser: sys_lwmutex_create(lwmutex=*0x5a44c8, attr=*0xd000dd98)
HLE: W {PPU[0x1] Thread (main_thread)[0x00424ab8]} sysPrxForUser: sys_lwmutex_create(lwmutex=*0x5a4560, attr=*0xd000dd68)
HLE: W {PPU[0x1] Thread (main_thread)[0x00424bf8]} sysPrxForUser: sys_lwcond_create(lwcond=*0x5a4548, lwmutex=*0x5a4560, attr=*0xd000de18)
HLE: W {PPU[0x1] Thread (main_thread)[0x00424a58]} sysPrxForUser: sys_ppu_thread_create(thread_id=*0x5a4610, entry=0x4f1b40, arg=0x5a4600, prio=800, stacksize=0x2000, flags=0x1, threadname=*0x5a4590)
HLE: W {PPU[0x1] Thread (main_thread)[0x00424a58]} sys_ppu_thread: _sys_ppu_thread_create(thread_id=*0x5a4610, param=*0xd000dc48, arg=0x5a4600, unk=0x0, prio=800, stacksize=0x2000, flags=0x1, threadname=*0x5a4590)
HLE: W {PPU[0x1] Thread (main_thread)[0x00424a58]} sys_ppu_thread: sys_ppu_thread_start(thread_id=0x1c)
HLE: W {PPU[0x1] Thread (main_thread)[0x00424ab8]} sysPrxForUser: sys_lwmutex_create(lwmutex=*0x5a5290, attr=*0xd000dd98)
HLE: W {PPU[0x1] Thread (main_thread)[0x00424ab8]} sysPrxForUser: sys_lwmutex_create(lwmutex=*0x5a5328, attr=*0xd000dd68)
HLE: W {PPU[0x1] Thread (main_thread)[0x00424bf8]} sysPrxForUser: sys_lwcond_create(lwcond=*0x5a5310, lwmutex=*0x5a5328, attr=*0xd000de18)
HLE: W {PPU[0x1] Thread (main_thread)[0x00424a58]} sysPrxForUser: sys_ppu_thread_create(thread_id=*0x5a53d8, entry=0x4f1b40, arg=0x5a53c8, prio=800, stacksize=0x2000, flags=0x1, threadname=*0x5a5358)
HLE: W {PPU[0x1] Thread (main_thread)[0x00424a58]} sys_ppu_thread: _sys_ppu_thread_create(thread_id=*0x5a53d8, param=*0xd000dc48, arg=0x5a53c8, unk=0x0, prio=800, stacksize=0x2000, flags=0x1, threadname=*0x5a5358)
HLE: W {PPU[0x1] Thread (main_thread)[0x00424a58]} sys_ppu_thread: sys_ppu_thread_start(thread_id=0x20)
HLE: W {PPU[0x1] Thread (main_thread)[0x00424ab8]} sysPrxForUser: sys_lwmutex_create(lwmutex=*0x5a46c0, attr=*0xd000dd98)
HLE: W {PPU[0x1] Thread (main_thread)[0x00424ab8]} sysPrxForUser: sys_lwmutex_create(lwmutex=*0x5a4758, attr=*0xd000dd68)
HLE: W {PPU[0x1] Thread (main_thread)[0x00424bf8]} sysPrxForUser: sys_lwcond_create(lwcond=*0x5a4740, lwmutex=*0x5a4758, attr=*0xd000de18)
HLE: W {PPU[0x1] Thread (main_thread)[0x00424a58]} sysPrxForUser: sys_ppu_thread_create(thread_id=*0x5a4808, entry=0x4f1b40, arg=0x5a47f8, prio=800, stacksize=0x2000, flags=0x1, threadname=*0x5a4788)
HLE: W {PPU[0x1] Thread (main_thread)[0x00424a58]} sys_ppu_thread: _sys_ppu_thread_create(thread_id=*0x5a4808, param=*0xd000dc48, arg=0x5a47f8, unk=0x0, prio=800, stacksize=0x2000, flags=0x1, threadname=*0x5a4788)
HLE: W {PPU[0x1] Thread (main_thread)[0x00424a58]} sys_ppu_thread: sys_ppu_thread_start(thread_id=0x24)
HLE: W {PPU[0x1] Thread (main_thread)[0x00424ab8]} sysPrxForUser: sys_lwmutex_create(lwmutex=*0x5a48b8, attr=*0xd000dd98)
HLE: W {PPU[0x1] Thread (main_thread)[0x00424ab8]} sysPrxForUser: sys_lwmutex_create(lwmutex=*0x5a4950, attr=*0xd000dd68)
HLE: W {PPU[0x1] Thread (main_thread)[0x00424bf8]} sysPrxForUser: sys_lwcond_create(lwcond=*0x5a4938, lwmutex=*0x5a4950, attr=*0xd000de18)
HLE: W {PPU[0x1] Thread (main_thread)[0x00424a58]} sysPrxForUser: sys_ppu_thread_create(thread_id=*0x5a4a00, entry=0x4f1b40, arg=0x5a49f0, prio=800, stacksize=0x2000, flags=0x1, threadname=*0x5a4980)
HLE: W {PPU[0x1] Thread (main_thread)[0x00424a58]} sys_ppu_thread: _sys_ppu_thread_create(thread_id=*0x5a4a00, param=*0xd000dc48, arg=0x5a49f0, unk=0x0, prio=800, stacksize=0x2000, flags=0x1, threadname=*0x5a4980)
HLE: W {PPU[0x1] Thread (main_thread)[0x00424a58]} sys_ppu_thread: sys_ppu_thread_start(thread_id=0x28)
HLE: W {PPU[0x1] Thread (main_thread)[0x00424ab8]} sysPrxForUser: sys_lwmutex_create(lwmutex=*0x5a4ab0, attr=*0xd000dd98)
HLE: W {PPU[0x1] Thread (main_thread)[0x00424ab8]} sysPrxForUser: sys_lwmutex_create(lwmutex=*0x5a4b48, attr=*0xd000dd68)
HLE: W {PPU[0x1] Thread (main_thread)[0x00424bf8]} sysPrxForUser: sys_lwcond_create(lwcond=*0x5a4b30, lwmutex=*0x5a4b48, attr=*0xd000de18)
HLE: W {PPU[0x1] Thread (main_thread)[0x00424a58]} sysPrxForUser: sys_ppu_thread_create(thread_id=*0x5a4bf8, entry=0x4f1b40, arg=0x5a4be8, prio=800, stacksize=0x2000, flags=0x1, threadname=*0x5a4b78)
HLE: W {PPU[0x1] Thread (main_thread)[0x00424a58]} sys_ppu_thread: _sys_ppu_thread_create(thread_id=*0x5a4bf8, param=*0xd000dc48, arg=0x5a4be8, unk=0x0, prio=800, stacksize=0x2000, flags=0x1, threadname=*0x5a4b78)
HLE: W {PPU[0x1] Thread (main_thread)[0x00424a58]} sys_ppu_thread: sys_ppu_thread_start(thread_id=0x2c)
HLE: W {PPU[0x1] Thread (main_thread)[0x00424ab8]} sysPrxForUser: sys_lwmutex_create(lwmutex=*0x5a4178, attr=*0xd000df58)
HLE: W {PPU[0x1] Thread (main_thread)[0x00424ab8]} sysPrxForUser: sys_lwmutex_create(lwmutex=*0x5a4210, attr=*0xd000df28)
HLE: W {PPU[0x1] Thread (main_thread)[0x00424bf8]} sysPrxForUser: sys_lwcond_create(lwcond=*0x5a41f8, lwmutex=*0x5a4210, attr=*0xd000dfd8)
HLE: W {PPU[0x1] Thread (main_thread)[0x00424a58]} sysPrxForUser: sys_ppu_thread_create(thread_id=*0x5a42c0, entry=0x4f1b40, arg=0x5a42b0, prio=800, stacksize=0x2000, flags=0x1, threadname=*0x53ee28)
HLE: W {PPU[0x1] Thread (main_thread)[0x00424a58]} sys_ppu_thread: _sys_ppu_thread_create(thread_id=*0x5a42c0, param=*0xd000de08, arg=0x5a42b0, unk=0x0, prio=800, stacksize=0x2000, flags=0x1, threadname=*0x53ee28)
HLE: W {PPU[0x1] Thread (main_thread)[0x00424a58]} sys_ppu_thread: sys_ppu_thread_start(thread_id=0x30)
HLE: W {PPU[0x1] Thread (main_thread)[0x00424ab8]} sysPrxForUser: sys_lwmutex_create(lwmutex=*0x20013b50, attr=*0xd000e058)
HLE: W {PPU[0x1] Thread (main_thread)[0x00424ab8]} sysPrxForUser: sys_lwmutex_create(lwmutex=*0x20013ed0, attr=*0xd000e028)
HLE: W {PPU[0x1] Thread (main_thread)[0x00424ab8]} sysPrxForUser: sys_lwmutex_create(lwmutex=*0x20016350, attr=*0xd000e028)
HLE: W {PPU[0x1] Thread (main_thread)[0x00424ab8]} sysPrxForUser: sys_lwmutex_create(lwmutex=*0x2001f648, attr=*0xd000e038)
HLE: W {PPU[0x1] Thread (main_thread)[0x00424ab8]} sysPrxForUser: sys_lwmutex_create(lwmutex=*0x2001fbe0, attr=*0xd000e038)
HLE: W {PPU[0x1] Thread (main_thread)[0x00424ab8]} sysPrxForUser: sys_lwmutex_create(lwmutex=*0x5a4008, attr=*0xd000e0c8)
HLE: W {PPU[0x1] Thread (main_thread)[0x00424ab8]} sysPrxForUser: sys_lwmutex_create(lwmutex=*0x5a4050, attr=*0xd000e0c8)
HLE: W {PPU[0x1] Thread (main_thread)[0x00424ab8]} sysPrxForUser: sys_lwmutex_create(lwmutex=*0x5a4098, attr=*0xd000e0c8)
HLE: W {PPU[0x1] Thread (main_thread)[0x00424ab8]} sysPrxForUser: sys_lwmutex_create(lwmutex=*0x5a40e0, attr=*0xd000e0c8)
HLE: W {PPU[0x1] Thread (main_thread)[0x00424ab8]} sysPrxForUser: sys_lwmutex_create(lwmutex=*0x200226c0, attr=*0xd000e048)
HLE: W {PPU[0x1] Thread (main_thread)[0x00424ab8]} sysPrxForUser: sys_lwmutex_create(lwmutex=*0x20022a40, attr=*0xd000e038)
HLE: W {PPU[0x1] Thread (main_thread)[0x00424ab8]} sysPrxForUser: sys_lwmutex_create(lwmutex=*0x20024910, attr=*0xd000e0a8)
HLE: W {PPU[0x1] Thread (main_thread)[0x00424ab8]} sysPrxForUser: sys_lwmutex_create(lwmutex=*0x20024970, attr=*0xd000dff8)
HLE: W {PPU[0x1] Thread (main_thread)[0x00424bf8]} sysPrxForUser: sys_lwcond_create(lwcond=*0x20024958, lwmutex=*0x20024970, attr=*0xd000e0a8)
HLE: W {PPU[0x1] Thread (main_thread)[0x00424a58]} sysPrxForUser: sys_ppu_thread_create(thread_id=*0x20024a00, entry=0x4f1b40, arg=0x200249f0, prio=800, stacksize=0x4000, flags=0x1, threadname=*0x445638)
HLE: W {PPU[0x1] Thread (main_thread)[0x00424a58]} sys_ppu_thread: _sys_ppu_thread_create(thread_id=*0x20024a00, param=*0xd000ded8, arg=0x200249f0, unk=0x0, prio=800, stacksize=0x4000, flags=0x1, threadname=*0x445638)
HLE: W {PPU[0x1] Thread (main_thread)[0x00424a58]} sys_ppu_thread: sys_ppu_thread_start(thread_id=0x3f)
HLE: W {PPU[0x1] Thread (main_thread)[0x00424ab8]} sysPrxForUser: sys_lwmutex_create(lwmutex=*0x20024a60, attr=*0xd000e018)
HLE: W {PPU[0x1] Thread (main_thread)[0x00424ab8]} sysPrxForUser: sys_lwmutex_create(lwmutex=*0x5a3e78, attr=*0xd000e088)
HLE: W {PPU[0x1] Thread (main_thread)[0x00424a58]} sysPrxForUser: sys_ppu_thread_create(thread_id=*0x5a3f28, entry=0x4f1b40, arg=0x5a3f18, prio=800, stacksize=0x4000, flags=0x1, threadname=*0x4453f4)
HLE: W {PPU[0x1] Thread (main_thread)[0x00424a58]} sys_ppu_thread: _sys_ppu_thread_create(thread_id=*0x5a3f28, param=*0xd000deb8, arg=0x5a3f18, unk=0x0, prio=800, stacksize=0x4000, flags=0x1, threadname=*0x4453f4)
HLE: W {PPU[0x1] Thread (main_thread)[0x00424a58]} sys_ppu_thread: sys_ppu_thread_start(thread_id=0x42)
HLE: W {PPU[0x28] Thread (CRI FS File Access 2)[0x00423018]} cellFs: cellFsOpen(path=*0x200164d8, flags=0, fd=*0x20013b98, arg=*0x0, size=0x0) -> sys_fs_open()
HLE: W {PPU[0x28] Thread (CRI FS File Access 2)[0x00423018]} sys_fs: sys_fs_open(path=*0x200164d8, flags=0, fd=*0x20013b98, mode=0, arg=*0x0, size=0x0)
HLE: W {PPU[0x28] Thread (CRI FS File Access 2)[0x00423018]} sys_fs: *** path = '/dev_bdvd/PS3_GAME/USRDIR/DATAPS3_0.cpk'
HLE: W {PPU[0x28] Thread (CRI FS File Access 2)[0x00424478]} sys_fs: sys_fs_fstat(fd=3, sb=*0xd002f898)
HLE: W {PPU[0x1] Thread (main_thread)[0x00423118]} cellSysmodule: cellSysmoduleIsLoaded(id=0x003e: CELL_SYSMODULE_SYSUTIL_GAME)
HLE: W {PPU[0x1] Thread (main_thread)[0x00424338]} cellGame: cellGameBootCheck(type=*0xd000e3a0, attributes=*0xd000e3a4, size=*0xd000e3a8, dirName=*0xd000e3b8)
HLE: W {PPU[0x1] Thread (main_thread)[0x00422f38]} cellGame: cellGameContentPermit(contentInfoPath=*0x54e6a9, usrdirPath=*0x54e729)
HLE: W {PPU[0x1] Thread (main_thread)[0x00422f58]} cellGame: cellGameDataCheck(type=3, dirName=*0xd000e418, size=*0xd000e370)
HLE: W {PPU[0x1] Thread (main_thread)[0x00422f38]} cellGame: cellGameContentPermit(contentInfoPath=*0x20030a00, usrdirPath=*0x20030a90)
HLE: W {PPU[0x1] Thread (main_thread)[0x00424338]} cellGame: cellGameBootCheck(type=*0xd000e3a0, attributes=*0xd000e3a4, size=*0xd000e3a8, dirName=*0xd000e3b8)
HLE: W {PPU[0x1] Thread (main_thread)[0x00422f38]} cellGame: cellGameContentPermit(contentInfoPath=*0x54e6a9, usrdirPath=*0x54e729)
HLE: W {PPU[0x1] Thread (main_thread)[0x00393670]} sys_fs: sys_fs_stat(path=*0x20030e00, sb=*0xd000e2d0)
HLE: W {PPU[0x1] Thread (main_thread)[0x00393670]} sys_fs: *** path = '/dev_hdd0/game/BLJM61101_GDATA/USRDIR/DATAPS3_1.cpk'
HLE: W {PPU[0x1] Thread (main_thread)[0x00424338]} cellGame: cellGameBootCheck(type=*0xd000e3a0, attributes=*0xd000e3a4, size=*0xd000e3a8, dirName=*0xd000e3b8)
HLE: W {PPU[0x1] Thread (main_thread)[0x00422f38]} cellGame: cellGameContentPermit(contentInfoPath=*0x54e6a9, usrdirPath=*0x54e729)
HLE: W {PPU[0x1] Thread (main_thread)[0x00424338]} cellGame: cellGameBootCheck(type=*0xd000e3a0, attributes=*0xd000e3a4, size=*0xd000e3a8, dirName=*0xd000e3b8)
HLE: W {PPU[0x1] Thread (main_thread)[0x00422f38]} cellGame: cellGameContentPermit(contentInfoPath=*0x54e6a9, usrdirPath=*0x54e729)
HLE: W {PPU[0x1] Thread (main_thread)[0x00422f58]} cellGame: cellGameDataCheck(type=3, dirName=*0x45ca40, size=*0xd000e508)
HLE: W {PPU[0x1] Thread (main_thread)[0x00422f38]} cellGame: cellGameContentPermit(contentInfoPath=*0xd000e970, usrdirPath=*0xd000ea80)
HLE: W {PPU[0x1] Thread (main_thread)[0x00260788]} sys_mutex: sys_mutex_create(mutex_id=*0x20030ec0, attr=*0xd000e358)
HLE: W {PPU[0x1] Thread (main_thread)[0x002607b0]} sys_cond: sys_cond_create(cond_id=*0x20030ec4, mutex_id=0x43, attr=*0xd000e340)
HLE: W {PPU[0x1] Thread (main_thread)[0x00422fb8]} sys_io: cellPadInit(max_connect=7)
HLE: W {PPU[0x1] Thread (main_thread)[0x004230b8]} cellSysutil: cellSysutilRegisterCallback(slot=0, func=*0x4e9c00, userdata=*0x54e350)
HLE: W {PPU[0x1] Thread (main_thread)[0x00423118]} cellSysmodule: cellSysmoduleIsLoaded(id=0x003e: CELL_SYSMODULE_SYSUTIL_GAME)
HLE: W {PPU[0x1] Thread (main_thread)[0x00424b18]} sysPrxForUser: sys_get_random_number(addr=*0xd000e440, size=4)
HLE: W {PPU[0x1] Thread (main_thread)[0x00424a58]} sysPrxForUser: sys_ppu_thread_create(thread_id=*0x20030eb8, entry=0x4ec110, arg=0x20030e70, prio=1000, stacksize=0x100000, flags=0x1, threadname=*0x20030e9c)
HLE: W {PPU[0x1] Thread (main_thread)[0x00424a58]} sys_ppu_thread: _sys_ppu_thread_create(thread_id=*0x20030eb8, param=*0xd000e378, arg=0x20030e70, unk=0x0, prio=1000, stacksize=0x100000, flags=0x1, threadname=*0x20030e9c)
HLE: W {PPU[0x1] Thread (main_thread)[0x00424a58]} sys_ppu_thread: sys_ppu_thread_start(thread_id=0x45)
HLE: W {PPU[0x45] Thread (EDATA_AC)[0x00422898]} cellSysmodule: cellSysmoduleLoadModule(id=0x0038: CELL_SYSMODULE_SYSUTIL_NP2)
HLE: W {PPU[0x45] Thread (EDATA_AC)[0x00423b18]} sceNp2: sceNp2Init(poolsize=0x20000, poolptr=*0x57b0d8)
HLE: E {PPU[0x45] Thread (EDATA_AC)[0x004237f8]} sceNp: sceNpManagerRegisterCallback
HLE: W {PPU[0x45] Thread (EDATA_AC)[0x004230b8]} cellSysutil: cellSysutilRegisterCallback(slot=1, func=*0x4ea628, userdata=*0x20030d40)
HLE: W {PPU[0x45] Thread (EDATA_AC)[0x00423678]} sceNp: sceNpDrmIsAvailable(k_licensee=*0xd013fc00, drm_path=*0xd000eb90)
HLE: W {PPU[0x45] Thread (EDATA_AC)[0x00423678]} sceNp: npDrmIsAvailable(): Found DRM license file at /dev_hdd0/game/BLJM61101/USRDIR/DATAPS3_2.edat
HLE: W {PPU[0x45] Thread (EDATA_AC)[0x00423678]} sceNp: npDrmIsAvailable(): Using k_licensee 0x030190f93c8014f70d769b08a93714e2c
HLE: W {PPU[0x45] Thread (EDATA_AC)[0x00423678]} sceNp: npDrmIsAvailable(): Can't find RAP file for '/dev_hdd0/game/BLJM61101/USRDIR/DATAPS3_2.edat' (titleID='BLJM61101')
G: W {PPU[0x45] Thread (EDATA_AC)[0x00423678]} fs::file::open('D:/Emulateurs/Rpcs3/dev_hdd0/home/00000001/exdata', 0x1) failed: error 0x5
LDR: E {PPU[0x45] Thread (EDATA_AC)[0x00423678]} EDAT: D:/Emulateurs/Rpcs3/dev_hdd0/game/BLJM61101/USRDIR/DATAPS3_2.edat has invalid NPD header or already decrypted.
HLE: W {PPU[0x45] Thread (EDATA_AC)[0x00423d18]} sceNp2: sceNp2Term()
HLE: W {PPU[0x45] Thread (EDATA_AC)[0x00423d18]} sceNp2: sceNp2Term()
HLE: W {PPU[0x45] Thread (EDATA_AC)[0x00422878]} cellSysmodule: cellSysmoduleUnloadModule(id=0x0038: CELL_SYSMODULE_SYSUTIL_NP2)
HLE: W {PPU[0x45] Thread (EDATA_AC)[0x00422878]} cellSysmodule: cellSysmoduleUnloadModule(id=0x0038: CELL_SYSMODULE_SYSUTIL_NP2)
HLE: E {PPU[0x45] Thread (EDATA_AC)[0x00422878]} cellSysmodule: cellSysmoduleUnloadModule() failed: module not loaded (id=0x0038)
HLE: W {PPU[0x1] Thread (main_thread)[0x0026090c]} sys_ppu_thread: sys_ppu_thread_join(thread_id=0x45, vptr=*0xd000e350)
HLE: W {PPU[0x1] Thread (main_thread)[0x00260c90]} sys_cond: sys_cond_destroy(cond_id=0x44)
HLE: W {PPU[0x1] Thread (main_thread)[0x00260c9c]} sys_mutex: sys_mutex_destroy(mutex_id=0x43)
HLE: W {PPU[0x24] Thread (CRI FS File Access 1)[0x00423018]} cellFs: cellFsOpen(path=*0x20016718, flags=0, fd=*0x20013bc8, arg=*0x0, size=0x0) -> sys_fs_open()
HLE: W {PPU[0x24] Thread (CRI FS File Access 1)[0x00423018]} sys_fs: sys_fs_open(path=*0x20016718, flags=0, fd=*0x20013bc8, mode=0, arg=*0x0, size=0x0)
HLE: W {PPU[0x24] Thread (CRI FS File Access 1)[0x00423018]} sys_fs: *** path = '/dev_hdd0/game/BLJM61101_GDATA/USRDIR/DATAPS3_1.cpk'
HLE: W {PPU[0x24] Thread (CRI FS File Access 1)[0x00424478]} sys_fs: sys_fs_fstat(fd=4, sb=*0xd002b898)
HLE: W {PPU[0x24] Thread (CRI FS File Access 1)[0x00423018]} cellFs: cellFsOpen(path=*0x20016958, flags=0, fd=*0x20013bf8, arg=*0xd002b890, size=0x8) -> sys_fs_open()
HLE: W {PPU[0x24] Thread (CRI FS File Access 1)[0x00423018]} sys_fs: sys_fs_open(path=*0x20016958, flags=0, fd=*0x20013bf8, mode=0, arg=*0xd002b890, size=0x8)
HLE: W {PPU[0x24] Thread (CRI FS File Access 1)[0x00423018]} sys_fs: *** path = '/dev_hdd0/game/BLJM61101/USRDIR/DATAPS3_2.edat'
HLE: W {PPU[0x24] Thread (CRI FS File Access 1)[0x00424478]} sys_fs: sys_fs_fstat(fd=5, sb=*0xd002b898)
HLE: W {PPU[0x1] Thread (main_thread)[0x00422898]} cellSysmodule: cellSysmoduleLoadModule(id=0x0009: CELL_SYSMODULE_RTC)
HLE: W {PPU[0x1] Thread (main_thread)[0x00422898]} cellSysmodule: cellSysmoduleLoadModule(id=0x001e: CELL_SYSMODULE_L10N)
HLE: S {PPU[0x1] Thread (main_thread)[0x00422f18]} Last function: SJISstoUTF8s (0x33435818)
G: ! {PPU[0x1] Thread (main_thread)[0x00422f18]} Registers:
=========
GPR[0] = 0x27
GPR[1] = 0xd000e480
GPR[2] = 0x4ff508
GPR[3] = 0xd000e6f8
GPR[4] = 0xd000e4f8
GPR[5] = 0xd000e7a8
GPR[6] = 0xd000e4f4
GPR[7] = 0x9090b6001600000
GPR[8] = 0x10
GPR[9] = 0xffffff7fff7f7f7f
GPR[10] = 0x88888adf80df7f7f
GPR[11] = 0x8080
GPR[12] = 0x44002042
GPR[13] = 0x695030
GPR[14] = 0x0
GPR[15] = 0xd000e6d4
GPR[16] = 0x20000470
GPR[17] = 0xd000e610
GPR[18] = 0x20000470
GPR[19] = 0x42c7b0
GPR[20] = 0xd000e538
GPR[21] = 0x541fe8
GPR[22] = 0x20030950
GPR[23] = 0xd000f524
GPR[24] = 0xd000e648
GPR[25] = 0x63
GPR[26] = 0xd000e4f8
GPR[27] = 0xd000e4f4
GPR[28] = 0xd000e7a8
GPR[29] = 0xd000e6f8
GPR[30] = 0x20030e60
GPR[31] = 0x0
FPR[0] = 0
FPR[1] = 0
FPR[2] = 1
FPR[3] = 0
FPR[4] = 0
FPR[5] = 0
FPR[6] = 0
FPR[7] = 0
FPR[8] = 0
FPR[9] = 0.5
FPR[10] = 360
FPR[11] = 640
FPR[12] = 0.5
FPR[13] = 360
FPR[14] = 0
FPR[15] = 0
FPR[16] = 0
FPR[17] = 0
FPR[18] = 0
FPR[19] = 0
FPR[20] = 0
FPR[21] = 0
FPR[22] = 0
FPR[23] = 0
FPR[24] = 0
FPR[25] = 0
FPR[26] = 0
FPR[27] = 0
FPR[28] = 0
FPR[29] = 0
FPR[30] = 0
FPR[31] = 0
VPR[0] = 0x00000000000000000000000000000000 [x: 0 y: 0 z: 0 w: 0]
VPR[1] = 0x00000000000000000000000000000000 [x: 0 y: 0 z: 0 w: 0]
VPR[2] = 0x00000000000000000000000000000000 [x: 0 y: 0 z: 0 w: 0]
VPR[3] = 0x00000000000000000000000000000000 [x: 0 y: 0 z: 0 w: 0]
VPR[4] = 0x00000000000000000000000000000000 [x: 0 y: 0 z: 0 w: 0]
VPR[5] = 0x00000000000000080000000000000007 [x: 0 y: 1.12104e-44 z: 0 w: 9.80909e-45]
VPR[6] = 0x00000002013f3f080000000000000b5c [x: 2.8026e-45 y: 3.51264e-38 z: 0 w: 4.07498e-42]
VPR[7] = 0x00000000000000000000000000000000 [x: 0 y: 0 z: 0 w: 0]
VPR[8] = 0x00000000000000000000000000000000 [x: 0 y: 0 z: 0 w: 0]
VPR[9] = 0x0000000002ed2a70000000003f800000 [x: 0 y: 3.48484e-37 z: 0 w: 1]
VPR[10] = 0x00000000000000000000000000000000 [x: 0 y: 0 z: 0 w: 0]
VPR[11] = 0x00000000000000000000000000000000 [x: 0 y: 0 z: 0 w: 0]
VPR[12] = 0x00000000000000080000000000000007 [x: 0 y: 1.12104e-44 z: 0 w: 9.80909e-45]
VPR[13] = 0x00000002013f3f200000000000000b5d [x: 2.8026e-45 y: 3.51264e-38 z: 0 w: 4.07638e-42]
VPR[14] = 0x00000000000000000000000000000000 [x: 0 y: 0 z: 0 w: 0]
VPR[15] = 0x00000000000000000000000000000000 [x: 0 y: 0 z: 0 w: 0]
VPR[16] = 0x0000000002ed2970000000003f800000 [x: 0 y: 3.48478e-37 z: 0 w: 1]
VPR[17] = 0x00000000000000000000000000000000 [x: 0 y: 0 z: 0 w: 0]
VPR[18] = 0x00000000000000000000000000000000 [x: 0 y: 0 z: 0 w: 0]
VPR[19] = 0x00000000000000080000000000000007 [x: 0 y: 1.12104e-44 z: 0 w: 9.80909e-45]
VPR[20] = 0x00000002013f3f380000000000000b5e [x: 2.8026e-45 y: 3.51265e-38 z: 0 w: 4.07778e-42]
VPR[21] = 0x00000000000000000000000000000000 [x: 0 y: 0 z: 0 w: 0]
VPR[22] = 0x00000000000000000000000000000000 [x: 0 y: 0 z: 0 w: 0]
VPR[23] = 0x0000000002ed2bf0000000003f800000 [x: 0 y: 3.48492e-37 z: 0 w: 1]
VPR[24] = 0x00000000000000000000000000000000 [x: 0 y: 0 z: 0 w: 0]
VPR[25] = 0x00000000000000000000000000000000 [x: 0 y: 0 z: 0 w: 0]
VPR[26] = 0x00000000000000080000000000000007 [x: 0 y: 1.12104e-44 z: 0 w: 9.80909e-45]
VPR[27] = 0x00000002013f3f500000000000000b5f [x: 2.8026e-45 y: 3.51266e-38 z: 0 w: 4.07918e-42]
VPR[28] = 0x00000000000000000000000000000000 [x: 0 y: 0 z: 0 w: 0]
VPR[29] = 0x00000000000000000000000000000000 [x: 0 y: 0 z: 0 w: 0]
VPR[30] = 0x0000000002ed2990000000003f800000 [x: 0 y: 3.48479e-37 z: 0 w: 1]
VPR[31] = 0x00000000000000000000000000000000 [x: 0 y: 0 z: 0 w: 0]
CR = 0x84002042
LR = 0xb1bf0
CTR = 0xc
XER = 0x0 [CA=0 | OV=8589934592 | SO=0]
FPSCR = 0x0 [RN=0 | NI=0 | XE=0 | ZE=0 | UE=0 | OE=0 | VE=0 | VXCVI=0 | VXSQRT=0 | VXSOFT=0 | FPRF=0 | FI=0 | FR=0 | VXVC=0 | VXIMZ=0 | VXZDZ=0 | VXIDI=0 | VXISI=0 | VXSNAN=0 | XX=0 | ZX=0 | UX=0 | OX=0 | VX=0 | FEX=0 | FX=0]

G: E {PPU[0x1] Thread (main_thread)[0x00422f18]} Exception: 
(in file Emu\SysCalls\Modules\cellL10n.cpp:431, in function SJISstoUTF8s)
G: ! Stopping emulator...
G: ! All threads signaled...
G: ! {PPU[0x2] Thread (Callback Thread)[0x00000000]} Thread aborted
G: ! {PPU[0x42] Thread (CRI Server Manager)[0x002fc800]} Thread aborted
HLE: S {PPU[0x1c] Thread (CRI FS File Access 0)[0x00424a78]} Last function: sys_lwcond_wait (0x2a6d9d51)
HLE: S {PPU[0x20] Thread (CRI FS Memory File System)[0x00424a78]} Last function: sys_lwcond_wait (0x2a6d9d51)
G: ! {PPU[0x1c] Thread (CRI FS File Access 0)[0x00424a78]} Thread aborted
HLE: S {PPU[0x24] Thread (CRI FS File Access 1)[0x00424a78]} Last function: sys_lwcond_wait (0x2a6d9d51)
G: ! {PPU[0x20] Thread (CRI FS Memory File System)[0x00424a78]} Thread aborted
HLE: S {PPU[0x28] Thread (CRI FS File Access 2)[0x00424a78]} Last function: sys_lwcond_wait (0x2a6d9d51)
HLE: S {PPU[0x2c] Thread (CRI FS File Access 3)[0x00424a78]} Last function: sys_lwcond_wait (0x2a6d9d51)
G: ! {PPU[0x28] Thread (CRI FS File Access 2)[0x00424a78]} Thread aborted
HLE: S {PPU[0x30] Thread (CRI FS Data Decompression 0)[0x00424a78]} Last function: sys_lwcond_wait (0x2a6d9d51)
G: ! {PPU[0x24] Thread (CRI FS File Access 1)[0x00424a78]} Thread aborted
G: ! {PPU[0x2c] Thread (CRI FS File Access 3)[0x00424a78]} Thread aborted
G: ! {PPU[0x30] Thread (CRI FS Data Decompression 0)[0x00424a78]} Thread aborted
HLE: S {PPU[0x3f] Thread (CriThread)[0x00424a78]} Last function: sys_lwcond_wait (0x2a6d9d51)
G: ! {PPU[0x3f] Thread (CriThread)[0x00424a78]} Thread aborted
G: ! {VBlank Thread} Thread aborted
G: ! All threads stopped...
G: ! Objects cleared...
