LDR: E PSFLoader::Load() failed: unknown magic (0x0)
G: ! RPCS3 v0.0.0.6-16-g764f9f8
G: ! 
G: ! Stopping emulator...
LDR: ! Loading 'D:/Emulateurs/Rpcs3/dev_hdd0/game/BLJS10176-[Accel World Kasoku No Chouten]/PS3_GAME/USRDIR/BOOT.BIN'...
G: W fs::file::open('D:/Emulateurs/Rpcs3/dev_hdd0/game/BLJS10176-[Accel World Kasoku No Chouten]/PS3_GAME/dev_bdvd.path', 0x1) failed: error 0x2
LDR: ! 
LDR: ! Mount info:
LDR: ! /dev_usb000/ -> D:/Emulateurs/Rpcs3/dev_usb000/
LDR: ! /dev_flash/ -> D:/Emulateurs/Rpcs3/dev_flash/
LDR: ! /host_root/ -> 
LDR: ! /dev_hdd0/ -> D:/Emulateurs/Rpcs3/dev_hdd0/
LDR: ! /dev_hdd1/ -> D:/Emulateurs/Rpcs3/dev_hdd1/
LDR: ! /dev_bdvd/ -> D:/Emulateurs/Rpcs3/dev_hdd0/game/BLJS10176-[Accel World Kasoku No Chouten]/
LDR: ! /dev_usb/ -> D:/Emulateurs/Rpcs3/dev_usb000/
LDR: ! 
LDR: ! Settings:
LDR: ! CPU: PPU Interpreter 2
LDR: ! SPU: SPU Recompiler (ASMJIT)
LDR: ! Renderer: DirectX 12
LDR: ! D3D Adapter: Default
LDR: ! Resolution: 1280x720
LDR: ! Write Depth Buffer: No
LDR: ! Write Color Buffers: No
LDR: ! Read Color Buffer: No
LDR: ! Audio Out: XAudio2
LDR: ! Log Everything: No
LDR: ! RSX Logging: No
LDR: ! 
LDR: ! Title: Accel World: Kasoku No Chouten
LDR: ! Serial: BLJS10176
LDR: ! Elf path: /dev_bdvd/PS3_GAME/USRDIR/BOOT.BIN
LDR: ! 
LDR: ! loader::init() failed: Broken file
LDR: ! *** sdk version: 0x430001
LDR: ! *** primary prio: 1001
LDR: ! *** primary stacksize: 0x20000
LDR: ! *** malloc pagesize: 0x100000
LDR: ! *** ppc seg: 0x0
LDR: ! Imported function 'cellFsClose' in 'sys_fs' module (0x54f1d4)
LDR: ! Imported function 'cellFsOpen' in 'sys_fs' module (0x54f1f4)
LDR: ! Imported function 'cellFsWrite' in 'sys_fs' module (0x54f214)
LDR: ! Imported function 'cellFsOpendir' in 'sys_fs' module (0x54f674)
LDR: ! Imported function 'cellFsRead' in 'sys_fs' module (0x54f694)
LDR: ! Imported function 'cellFsReaddir' in 'sys_fs' module (0x54f6b4)
LDR: ! Imported function 'cellFsLseek' in 'sys_fs' module (0x54f6d4)
LDR: ! Imported function 'cellFsMkdir' in 'sys_fs' module (0x54f6f4)
LDR: ! Imported function 'cellFsFstat' in 'sys_fs' module (0x54f714)
LDR: ! Imported function 'cellFsClosedir' in 'sys_fs' module (0x54f734)
LDR: ! Imported function 'cellFsFtruncate' in 'sys_fs' module (0x54fd74)
LDR: ! Imported function 'cellFsStat' in 'sys_fs' module (0x54fd94)
LDR: ! Imported function 'cellFsUnlink' in 'sys_fs' module (0x54fdb4)
LDR: ! Imported function 'cellFsFsync' in 'sys_fs' module (0x54fdd4)
LDR: ! Imported function 'cellFsSdataOpen' in 'sys_fs' module (0x54fdf4)
LDR: ! Imported function 'cellFsRename' in 'sys_fs' module (0x54fe14)
LDR: ! Imported function '_cellGcmInitBody' in 'cellGcmSys' module (0x54f234)
LDR: ! Imported function 'cellGcmAddressToOffset' in 'cellGcmSys' module (0x54f254)
LDR: ! Imported function '_cellGcmFunc15' in 'cellGcmSys' module (0x54f274)
LDR: ! Imported function 'cellGcmMapMainMemory' in 'cellGcmSys' module (0x54f294)
LDR: ! Imported function 'cellGcmUnmapIoAddress' in 'cellGcmSys' module (0x54f2b4)
LDR: ! Imported function 'cellGcmGetTiledPitchSize' in 'cellGcmSys' module (0x54f754)
LDR: ! Imported function '_cellGcmSetFlipCommand' in 'cellGcmSys' module (0x54f774)
LDR: ! Imported function 'cellGcmBindTile' in 'cellGcmSys' module (0x54f794)
LDR: ! Imported function 'cellGcmSetFlipMode' in 'cellGcmSys' module (0x54f7b4)
LDR: ! Imported function 'cellGcmGetDefaultCommandWordSize' in 'cellGcmSys' module (0x54f7d4)
LDR: ! Imported function 'cellGcmGetDefaultSegmentWordSize' in 'cellGcmSys' module (0x54f7f4)
LDR: ! Imported function 'cellGcmGetReport' in 'cellGcmSys' module (0x54f814)
LDR: ! Imported function 'cellGcmSetDefaultFifoSize' in 'cellGcmSys' module (0x54f834)
LDR: ! Imported function 'cellGcmBindZcull' in 'cellGcmSys' module (0x54f854)
LDR: ! Imported function 'cellGcmSetFlipHandler' in 'cellGcmSys' module (0x54f874)
LDR: ! Imported function 'cellGcmSetDisplayBuffer' in 'cellGcmSys' module (0x54f894)
LDR: ! Imported function 'cellGcmGetControlRegister' in 'cellGcmSys' module (0x54f8b4)
LDR: ! Imported function 'cellGcmUnbindZcull' in 'cellGcmSys' module (0x54f8d4)
LDR: ! Imported function 'cellGcmSetVBlankHandler' in 'cellGcmSys' module (0x54f8f4)
LDR: ! Imported function 'cellGcmSetTileInfo' in 'cellGcmSys' module (0x54f914)
LDR: ! Imported function 'cellGcmInitDefaultFifoMode' in 'cellGcmSys' module (0x54f934)
LDR: ! Imported function 'cellGcmSetZcull' in 'cellGcmSys' module (0x54f954)
LDR: ! Imported function '_cellGcmSetFlipCommandWithWaitLabel' in 'cellGcmSys' module (0x54f974)
LDR: ! Imported function 'cellGcmUnbindTile' in 'cellGcmSys' module (0x54f994)
LDR: ! Imported function 'cellGcmGetConfiguration' in 'cellGcmSys' module (0x54f9b4)
LDR: ! Imported function 'cellGcmGetLabelAddress' in 'cellGcmSys' module (0x54f9d4)
LDR: ! Imported function 'cellSysmoduleUnloadModule' in 'cellSysmodule' module (0x54f2d4)
LDR: ! Imported function 'cellSysmoduleLoadModule' in 'cellSysmodule' module (0x54f2f4)
LDR: ! Imported function 'cellSysmoduleIsLoaded' in 'cellSysmodule' module (0x54fe34)
LDR: ! Imported function 'cellSaveDataFixedSave2' in 'cellSysutil' module (0x54f314)
LDR: ! Imported function 'cellMsgDialogAbort' in 'cellSysutil' module (0x54f334)
LDR: ! Imported function 'cellMsgDialogOpen2' in 'cellSysutil' module (0x54f354)
LDR: ! Imported function 'cellMsgDialogProgressBarInc' in 'cellSysutil' module (0x54f374)
LDR: ! Imported function 'cellMsgDialogProgressBarSetMsg' in 'cellSysutil' module (0x54f394)
LDR: ! Imported function 'cellSysutilRegisterCallback' in 'cellSysutil' module (0x54f3b4)
LDR: ! Imported function 'cellSaveDataEnableOverlay' in 'cellSysutil' module (0x54f3d4)
LDR: ! Imported function 'cellSaveDataDelete2' in 'cellSysutil' module (0x54f3f4)
LDR: ! Imported function 'cellSaveDataAutoLoad2' in 'cellSysutil' module (0x54f414)
LDR: ! Imported function 'cellSysutilUnregisterCallback' in 'cellSysutil' module (0x54fa74)
LDR: ! Imported function 'cellVideoOutConfigure' in 'cellSysutil' module (0x54fa94)
LDR: ! Imported function 'cellSysutilCheckCallback' in 'cellSysutil' module (0x54fab4)
LDR: ! Imported function 'cellSysutilEnableBgmPlayback' in 'cellSysutil' module (0x54fad4)
LDR: ! Imported function 'cellSysutilGetBgmPlaybackStatus2' in 'cellSysutil' module (0x54faf4)
LDR: ! Imported function 'cellVideoOutGetNumberOfDevice' in 'cellSysutil' module (0x54fb14)
LDR: ! Imported function 'cellVideoOutGetState' in 'cellSysutil' module (0x54fb34)
LDR: ! Imported function 'cellVideoOutGetResolutionAvailability' in 'cellSysutil' module (0x54fb54)
LDR: ! Imported function 'cellSysutilDisableBgmPlayback' in 'cellSysutil' module (0x54fb74)
LDR: ! Imported function 'cellVideoOutGetResolution' in 'cellSysutil' module (0x54fb94)
LDR: ! Imported function 'cellAudioOutConfigure' in 'cellSysutil' module (0x54fe54)
LDR: ! Imported function 'cellAudioOutGetConfiguration' in 'cellSysutil' module (0x54fe74)
LDR: ! Imported function 'cellAudioOutGetState' in 'cellSysutil' module (0x54fe94)
LDR: ! Imported function 'sceNpTrophyRegisterContext' in 'sceNpTrophy' module (0x54f434)
LDR: ! Imported function 'sceNpTrophyCreateHandle' in 'sceNpTrophy' module (0x54f454)
LDR: ! Imported function 'sceNpTrophyGetRequiredDiskSpace' in 'sceNpTrophy' module (0x54f474)
LDR: ! Imported function 'sceNpTrophyInit' in 'sceNpTrophy' module (0x54f494)
LDR: ! Imported function 'sceNpTrophyAbortHandle' in 'sceNpTrophy' module (0x54f4b4)
LDR: ! Imported function 'sceNpTrophyUnlockTrophy' in 'sceNpTrophy' module (0x54f4d4)
LDR: ! Imported function 'sceNpTrophyCreateContext' in 'sceNpTrophy' module (0x54f4f4)
LDR: ! Imported function 'cellGameCreateGameData' in 'cellGame' module (0x54f514)
LDR: ! Imported function 'cellGameContentPermit' in 'cellGame' module (0x54f534)
LDR: ! Imported function 'cellGameContentErrorDialog' in 'cellGame' module (0x54f554)
LDR: ! Imported function 'cellGameDeleteGameData' in 'cellGame' module (0x54f574)
LDR: ! Imported function 'cellGameDataCheck' in 'cellGame' module (0x54f594)
LDR: ! Imported function 'cellGameBootCheck' in 'cellGame' module (0x54f5b4)
LDR: ! Imported function 'cellPadClearBuf' in 'sys_io' module (0x54f5d4)
LDR: ! Imported function 'cellPadInit' in 'sys_io' module (0x54f5f4)
LDR: ! Imported function 'cellPadEnd' in 'sys_io' module (0x54f614)
LDR: ! Imported function 'cellPadGetData' in 'sys_io' module (0x54f634)
LDR: ! Imported function 'cellPadGetInfo2' in 'sys_io' module (0x54f654)
LDR: ! Imported function 'SJISstoUTF8s' in 'cellL10n' module (0x54f9f4)
LDR: ! Imported function 'UTF8stoSJISs' in 'cellL10n' module (0x54fa14)
LDR: ! Imported function 'UTF16stoUTF8s' in 'cellL10n' module (0x54fa34)
LDR: ! Imported function 'UTF8stoUTF16s' in 'cellL10n' module (0x54fa54)
LDR: ! Imported function 'cellRtcGetCurrentClockLocalTime' in 'cellRtc' module (0x54fbb4)
LDR: ! Imported function 'cellRtcGetDaysInMonth' in 'cellRtc' module (0x54fbd4)
LDR: ! Imported function 'cellRtcGetCurrentTick' in 'cellRtc' module (0x54fbf4)
LDR: ! Imported function 'cellRtcGetDayOfWeek' in 'cellRtc' module (0x54fc14)
LDR: ! Imported function 'cellRtcTickAddSeconds' in 'cellRtc' module (0x54fc34)
LDR: ! Imported function 'cellUserInfoGetStat' in 'cellUserInfo' module (0x54fc54)
LDR: ! Imported function 'cellAudioInit' in 'cellAudio' module (0x54fc74)
LDR: ! Imported function 'cellAudioPortClose' in 'cellAudio' module (0x54fc94)
LDR: ! Imported function 'cellAudioPortStop' in 'cellAudio' module (0x54fcb4)
LDR: ! Imported function 'cellAudioGetPortConfig' in 'cellAudio' module (0x54fcd4)
LDR: ! Imported function 'cellAudioPortStart' in 'cellAudio' module (0x54fcf4)
LDR: ! Imported function 'cellAudioQuit' in 'cellAudio' module (0x54fd14)
LDR: ! Imported function 'cellAudioPortOpen' in 'cellAudio' module (0x54fd34)
LDR: ! Imported function 'cellAudioAddData' in 'cellAudio' module (0x54fd54)
LDR: ! Imported function 'cellSyncQueueInitialize' in 'cellSync' module (0x54feb4)
LDR: ! Imported function 'cellSyncQueueSize' in 'cellSync' module (0x54fed4)
LDR: ! Imported function 'cellSyncQueuePop' in 'cellSync' module (0x54fef4)
LDR: ! Imported function 'cellSyncMutexUnlock' in 'cellSync' module (0x54ff14)
LDR: ! Imported function 'cellSyncQueueClear' in 'cellSync' module (0x54ff34)
LDR: ! Imported function 'cellSyncMutexInitialize' in 'cellSync' module (0x54ff54)
LDR: ! Imported function 'cellSyncMutexTryLock' in 'cellSync' module (0x54ff74)
LDR: ! Imported function 'cellSpursJobQueueAttributeInitialize' in 'cellSpursJq' module (0x54ff94)
LDR: ! Imported function 'cellSpursShutdownJobQueue' in 'cellSpursJq' module (0x54ffb4)
LDR: ! Imported function 'cellSpursJoinJobQueue' in 'cellSpursJq' module (0x54ffd4)
LDR: ! Imported function '_cellSpursCreateJobQueueWithJobDescriptorPool' in 'cellSpursJq' module (0x54fff4)
LDR: ! Imported function '_cellSpursJobQueuePort2CopyPushJobBody' in 'cellSpursJq' module (0x550014)
LDR: ! Imported function 'cellSpursJobQueuePort2Destroy' in 'cellSpursJq' module (0x550034)
LDR: ! Imported function '_cellSpursJobQueuePort2PushJobBody' in 'cellSpursJq' module (0x550054)
LDR: ! Imported function 'cellSpursJobQueuePort2Create' in 'cellSpursJq' module (0x550074)
LDR: ! Imported function 'cellSpursJobQueuePort2Sync' in 'cellSpursJq' module (0x550094)
LDR: ! Imported function 'cellSpursAttributeSetNamePrefix' in 'cellSpurs' module (0x5500b4)
LDR: ! Imported function '_cellSpursTasksetAttributeInitialize' in 'cellSpurs' module (0x5500d4)
LDR: ! Imported function 'cellSpursCreateTaskWithAttribute' in 'cellSpurs' module (0x5500f4)
LDR: ! Imported function 'cellSpursEventFlagDetachLv2EventQueue' in 'cellSpurs' module (0x550114)
LDR: ! Imported function 'cellSpursEventFlagWait' in 'cellSpurs' module (0x550134)
LDR: ! Imported function '_cellSpursEventFlagInitialize' in 'cellSpurs' module (0x550154)
LDR: ! Imported function 'cellSpursTasksetAttributeSetName' in 'cellSpurs' module (0x550174)
LDR: ! Imported function 'cellSpursEventFlagAttachLv2EventQueue' in 'cellSpurs' module (0x550194)
LDR: ! Imported function '_cellSpursAttributeInitialize' in 'cellSpurs' module (0x5501b4)
LDR: ! Imported function 'cellSpursJoinTaskset' in 'cellSpurs' module (0x5501d4)
LDR: ! Imported function 'cellSpursShutdownTaskset' in 'cellSpurs' module (0x5501f4)
LDR: ! Imported function 'cellSpursInitializeWithAttribute' in 'cellSpurs' module (0x550214)
LDR: ! Imported function '_cellSpursTaskAttributeInitialize' in 'cellSpurs' module (0x550234)
LDR: ! Imported function 'cellSpursCreateTasksetWithAttribute' in 'cellSpurs' module (0x550254)
LDR: ! Imported function 'cellSpursFinalize' in 'cellSpurs' module (0x550274)
LDR: ! Imported function 'cellSpursEventFlagSet' in 'cellSpurs' module (0x550294)
LDR: ! Imported function 'sys_lwmutex_lock' in 'sysPrxForUser' module (0x5502b4)
LDR: ! Imported function 'sys_lwmutex_unlock' in 'sysPrxForUser' module (0x5502d4)
LDR: ! Imported function 'sys_ppu_thread_create' in 'sysPrxForUser' module (0x5502f4)
LDR: ! Imported function '_sys_process_atexitspawn' in 'sysPrxForUser' module (0x550314)
LDR: ! Imported function 'sys_lwmutex_create' in 'sysPrxForUser' module (0x550334)
LDR: ! Imported function 'sys_ppu_thread_get_id' in 'sysPrxForUser' module (0x550354)
LDR: ! Imported function 'sys_prx_register_library' in 'sysPrxForUser' module (0x550374)
LDR: ! Imported function 'sys_initialize_tls' in 'sysPrxForUser' module (0x550394)
LDR: ! Imported function 'sys_time_get_system_time' in 'sysPrxForUser' module (0x5503b4)
LDR: ! Imported function '_sys_process_at_Exitspawn' in 'sysPrxForUser' module (0x5503d4)
LDR: ! Imported function 'sys_prx_exitspawn_with_level' in 'sysPrxForUser' module (0x5503f4)
LDR: ! Imported function 'sys_ppu_thread_exit' in 'sysPrxForUser' module (0x550414)
LDR: ! Imported function 'sys_lwmutex_destroy' in 'sysPrxForUser' module (0x550434)
LDR: ! Imported function 'sys_process_exit' in 'sysPrxForUser' module (0x550454)
MEM: ! Thread Local Storage initialized (g_tls_start=0x710000, user_size=0x110)
*** TLS segment addr: 0x006aaf60
*** TLS segment size: 0x00000004
HLE: W {PPU[0x1] Thread (main_thread)[0x00550334]} sysPrxForUser: sys_lwmutex_create(lwmutex=*0x7035d8, attr=*0x5f9b30)
HLE: W {PPU[0x1] Thread (main_thread)[0x0043c1f4]} sys_memory: sys_memory_get_user_memory_size(mem_info=*0xd001fc04)
HLE: W {PPU[0x1] Thread (main_thread)[0x00550334]} sysPrxForUser: sys_lwmutex_create(lwmutex=*0x7033d8, attr=*0x5f9b30)
HLE: W {PPU[0x1] Thread (main_thread)[0x00550334]} sysPrxForUser: sys_lwmutex_create(lwmutex=*0x702b60, attr=*0x5f9b30)
HLE: W {PPU[0x1] Thread (main_thread)[0x00550334]} sysPrxForUser: sys_lwmutex_create(lwmutex=*0x702b88, attr=*0x5f9b30)
HLE: W {PPU[0x1] Thread (main_thread)[0x00550334]} sysPrxForUser: sys_lwmutex_create(lwmutex=*0x702bb0, attr=*0x5f9b30)
HLE: W {PPU[0x1] Thread (main_thread)[0x00550334]} sysPrxForUser: sys_lwmutex_create(lwmutex=*0x702a98, attr=*0x5f9b30)
HLE: W {PPU[0x1] Thread (main_thread)[0x00550334]} sysPrxForUser: sys_lwmutex_create(lwmutex=*0x702ac0, attr=*0x5f9b30)
HLE: W {PPU[0x1] Thread (main_thread)[0x00550334]} sysPrxForUser: sys_lwmutex_create(lwmutex=*0x702ae8, attr=*0x5f9b30)
HLE: W {PPU[0x1] Thread (main_thread)[0x00550334]} sysPrxForUser: sys_lwmutex_create(lwmutex=*0x702b10, attr=*0x5f9b30)
HLE: W {PPU[0x1] Thread (main_thread)[0x00550334]} sysPrxForUser: sys_lwmutex_create(lwmutex=*0x702b38, attr=*0x5f9b30)
HLE: W {PPU[0x1] Thread (main_thread)[0x00550334]} sysPrxForUser: sys_lwmutex_create(lwmutex=*0x703728, attr=*0x6bbde0)
HLE: W {PPU[0x1] Thread (main_thread)[0x00550334]} sysPrxForUser: sys_lwmutex_create(lwmutex=*0x7036a8, attr=*0x6bbde0)
HLE: W {PPU[0x1] Thread (main_thread)[0x00550334]} sysPrxForUser: sys_lwmutex_create(lwmutex=*0x7036e8, attr=*0x6bbdf0)
HLE: W {PPU[0x1] Thread (main_thread)[0x00550334]} sysPrxForUser: sys_lwmutex_create(lwmutex=*0x6bca88, attr=*0xd001fbd0)
HLE: W {PPU[0x1] Thread (main_thread)[0x0043aaf0]} sys_memory: sys_memory_allocate(size=0x100000, flags=0x400, alloc_addr=*0xd001fa00)
HLE: W {PPU[0x1] Thread (main_thread)[0x0054f3b4]} cellSysutil: cellSysutilRegisterCallback(slot=2, func=*0x684a48, userdata=*0x0)
HLE: W {PPU[0x1] Thread (main_thread)[0x00225174]} sys_spu: sys_spu_initialize(max_usable_spu=6, max_raw_spu=1)
HLE: W {PPU[0x1] Thread (main_thread)[0x0054f2f4]} cellSysmodule: cellSysmoduleLoadModule(id=0x001e: CELL_SYSMODULE_L10N)
HLE: W {PPU[0x1] Thread (main_thread)[0x0054f2f4]} cellSysmodule: cellSysmoduleLoadModule(id=0x000e: CELL_SYSMODULE_FS)
HLE: W {PPU[0x1] Thread (main_thread)[0x0054f2f4]} cellSysmodule: cellSysmoduleLoadModule(id=0x0009: CELL_SYSMODULE_RTC)
HLE: W {PPU[0x1] Thread (main_thread)[0x0054f2f4]} cellSysmodule: cellSysmoduleLoadModule(id=0x0017: CELL_SYSMODULE_IO)
HLE: W {PPU[0x1] Thread (main_thread)[0x0054f2f4]} cellSysmodule: cellSysmoduleLoadModule(id=0x0011: CELL_SYSMODULE_AUDIO)
HLE: W {PPU[0x1] Thread (main_thread)[0x0054f2f4]} cellSysmodule: cellSysmoduleLoadModule(id=0x0019: CELL_SYSMODULE_FONT)
HLE: W {PPU[0x1] Thread (main_thread)[0x0054f2f4]} cellSysmodule: cellSysmoduleLoadModule(id=0x001b: CELL_SYSMODULE_FREETYPE)
HLE: W {PPU[0x1] Thread (main_thread)[0x0054f2f4]} cellSysmodule: cellSysmoduleLoadModule(id=0x001a: CELL_SYSMODULE_FONTFT)
HLE: W {PPU[0x1] Thread (main_thread)[0x0054f2f4]} cellSysmodule: cellSysmoduleLoadModule(id=0x0010: CELL_SYSMODULE_GCM_SYS)
HLE: W {PPU[0x1] Thread (main_thread)[0x0054f2f4]} cellSysmodule: cellSysmoduleLoadModule(id=0x001c: CELL_SYSMODULE_USBD)
HLE: W {PPU[0x1] Thread (main_thread)[0x0054f2f4]} cellSysmodule: cellSysmoduleLoadModule(id=0x001f: CELL_SYSMODULE_RESC)
HLE: W {PPU[0x1] Thread (main_thread)[0x0054f2f4]} cellSysmodule: cellSysmoduleLoadModule(id=0x003b: CELL_SYSMODULE_SYSUTIL_OSK_EXT)
HLE: W {PPU[0x1] Thread (main_thread)[0x0054f2f4]} cellSysmodule: cellSysmoduleLoadModule(id=0x0016: CELL_SYSMODULE_SYSUTIL_NP)
HLE: W {PPU[0x1] Thread (main_thread)[0x0054f2f4]} cellSysmodule: cellSysmoduleLoadModule(id=0x0032: CELL_SYSMODULE_SYSUTIL_USERINFO)
HLE: W {PPU[0x1] Thread (main_thread)[0x0054f2f4]} cellSysmodule: cellSysmoduleLoadModule(id=0x003e: CELL_SYSMODULE_SYSUTIL_GAME)
HLE: W {PPU[0x1] Thread (main_thread)[0x0054f2f4]} cellSysmodule: cellSysmoduleLoadModule(id=0x004e: CELL_SYSMODULE_SYSUTIL_SCREENSHOT)
HLE: W {PPU[0x1] Thread (main_thread)[0x0054f3b4]} cellSysutil: cellSysutilRegisterCallback(slot=0, func=*0x694bf0, userdata=*0x200018d4)
HLE: W {PPU[0x1] Thread (main_thread)[0x0043aaf0]} sys_memory: sys_memory_allocate(size=0x4200000, flags=0x400, alloc_addr=*0xd001f770)
HLE: W {PPU[0x1] Thread (main_thread)[0x0054f934]} cellGcmSys: cellGcmInitDefaultFifoMode(mode=1)
HLE: W {PPU[0x1] Thread (main_thread)[0x0054f234]} cellGcmSys: _cellGcmInitBody(context=**0x6c3bc4, cmdSize=0x40000, ioSize=0x4000000, ioAddress=0x20100000)
HLE: W {PPU[0x1] Thread (main_thread)[0x0054f234]} cellGcmSys: *** local memory(addr=0xc0000000, size=0xf900000)
HLE: W {PPU[0x1] Thread (main_thread)[0x0054f234]} cellGcmSys: cellGcmInit(): 256MB io address space used
HLE: W {PPU[0x1] Thread (main_thread)[0x0043aaf0]} sys_memory: sys_memory_allocate(size=0x500000, flags=0x400, alloc_addr=*0xd001f670)
RSX: ! {RSXThread} RSX thread started
HLE: W {PPU[0x1] Thread (main_thread)[0x0054fb14]} cellSysutil: cellVideoOutGetNumberOfDevice(videoOut=0)
HLE: W {PPU[0x1] Thread (main_thread)[0x0054fb54]} cellSysutil: cellVideoOutGetResolutionAvailability(videoOut=0, resolutionId=0x2, aspect=2, option=0)
HLE: W {PPU[0x1] Thread (main_thread)[0x0054fa94]} cellSysutil: cellVideoOutConfigure(videoOut=0, config=*0xd001f850, option=*0x0, waitForEvent=0)
HLE: W {PPU[0x1] Thread (main_thread)[0x0054f7b4]} cellGcmSys: cellGcmSetFlipMode(mode=2)
HLE: W {PPU[0x1] Thread (main_thread)[0x0054f8f4]} cellGcmSys: cellGcmSetVBlankHandler(handler=*0x695338)
HLE: W {PPU[0x1] Thread (main_thread)[0x0054f874]} cellGcmSys: cellGcmSetFlipHandler(handler=*0x695330)
RSX: W {RSXThread} TODO: NV4097_SET_TEXTURE_CONTROL2
RSX: W {RSXThread} TODO: NV4097_SET_TEXTURE_CONTROL2
RSX: W {RSXThread} TODO: NV4097_SET_TEXTURE_CONTROL2
RSX: W {RSXThread} TODO: NV4097_SET_TEXTURE_CONTROL2
RSX: W {RSXThread} TODO: NV4097_SET_TEXTURE_CONTROL2
RSX: W {RSXThread} TODO: NV4097_SET_TEXTURE_CONTROL2
RSX: W {RSXThread} TODO: NV4097_SET_TEXTURE_CONTROL2
RSX: W {RSXThread} TODO: NV4097_SET_TEXTURE_CONTROL2
RSX: W {RSXThread} TODO: NV4097_SET_WINDOW_OFFSET: x=0, y=0
HLE: W {PPU[0x1] Thread (main_thread)[0x0054f814]} cellGcmSys: cellGcmGetReport(type=2, index=100)
HLE: W {PPU[0x1] Thread (main_thread)[0x0054f814]} cellGcmSys: cellGcmGetReport(type=3, index=101)
HLE: W {PPU[0x1] Thread (main_thread)[0x0054f5f4]} sys_io: cellPadInit(max_connect=7)
HLE: W {PPU[0x1] Thread (main_thread)[0x0043aaf0]} sys_memory: sys_memory_allocate(size=0x500000, flags=0x400, alloc_addr=*0xd001f8d0)
RSX: W {RSXThread} TODO: NV4097_SET_ZCULL_CONTROL1: 0x10001
RSX: W {RSXThread} TODO: NV4097_SET_WINDOW_OFFSET: x=0, y=0
RSX: W {RSXThread} NV4097_GET_REPORT: Unimplemented type 2
RSX: W {RSXThread} NV4097_GET_REPORT: Unimplemented type 3
HLE: W {PPU[0x1] Thread (main_thread)[0x0043aaf0]} sys_memory: sys_memory_allocate(size=0x1500000, flags=0x400, alloc_addr=*0xd001f8c0)
HLE: W {PPU[0x1] Thread (main_thread)[0x0043aaf0]} sys_memory: sys_memory_allocate(size=0x900000, flags=0x400, alloc_addr=*0xd001f8a0)
HLE: W {PPU[0x1] Thread (main_thread)[0x00311004]} sys_memory: sys_memory_allocate(size=0x2500000, flags=0x200, alloc_addr=*0x200c8950)
HLE: W {PPU[0x1] Thread (main_thread)[0x00550334]} sysPrxForUser: sys_lwmutex_create(lwmutex=*0x26b001d0, attr=*0x5f9b30)
HLE: W {PPU[0x1] Thread (main_thread)[0x00311004]} sys_memory: sys_memory_allocate(size=0x400000, flags=0x200, alloc_addr=*0x200c8960)
HLE: W {PPU[0x1] Thread (main_thread)[0x00550334]} sysPrxForUser: sys_lwmutex_create(lwmutex=*0x290001d0, attr=*0x5f9b30)
HLE: W {PPU[0x1] Thread (main_thread)[0x0054f1f4]} cellFs: cellFsOpen(path=*0x200c89d0, flags=0, fd=*0x200c8978, arg=*0x0, size=0x0) -> sys_fs_open()
HLE: W {PPU[0x1] Thread (main_thread)[0x0054f1f4]} sys_fs: sys_fs_open(path=*0x200c89d0, flags=0, fd=*0x200c8978, mode=0, arg=*0x0, size=0x0)
HLE: W {PPU[0x1] Thread (main_thread)[0x0054f1f4]} sys_fs: *** path = '/dev_bdvd/PS3_GAME/USRDIR/init_ps3.dat'
HLE: W {PPU[0x1] Thread (main_thread)[0x0054f714]} sys_fs: sys_fs_fstat(fd=3, sb=*0x200c8980)
HLE: W {PPU[0x1] Thread (main_thread)[0x0031f9b0]} sys_mutex: sys_mutex_create(mutex_id=*0x6cbf18, attr=*0x6cbef0)
HLE: W {PPU[0x1] Thread (main_thread)[0x005501b4]} cellSpurs: _cellSpursAttributeInitialize(attr=*0xd001f110, revision=2, sdkVersion=0x330000, nSpus=1, spuPriority=100, ppuPriority=400, exitIfNoWork=2882304)
HLE: W {PPU[0x1] Thread (main_thread)[0x005500b4]} cellSpurs: cellSpursAttributeSetNamePrefix(attr=*0xd001f110, prefix=*0x5e8e50, size=8)
HLE: W {PPU[0x1] Thread (main_thread)[0x00550214]} cellSpurs: cellSpursInitializeWithAttribute(spurs=*0x266f7600, attr=*0xd001f110)
HLE: W {PPU[0x1] Thread (main_thread)[0x00550214]} sys_process: sys_process_is_spu_lock_line_reservation_address(addr=0x266f7600, flags=0x2)
HLE: W {PPU[0x1] Thread (main_thread)[0x00550214]} sys_semaphore: sys_semaphore_create(sem_id=*0xd001ee78, attr=*0xd001ee58, initial_val=0, max_val=1)
HLE: W {PPU[0x1] Thread (main_thread)[0x00550214]} sys_semaphore: sys_semaphore_create(sem_id=*0xd001ee78, attr=*0xd001ee58, initial_val=0, max_val=1)
HLE: W {PPU[0x1] Thread (main_thread)[0x00550214]} sys_semaphore: sys_semaphore_create(sem_id=*0xd001ee78, attr=*0xd001ee58, initial_val=0, max_val=1)
HLE: W {PPU[0x1] Thread (main_thread)[0x00550214]} sys_semaphore: sys_semaphore_create(sem_id=*0xd001ee78, attr=*0xd001ee58, initial_val=0, max_val=1)
HLE: W {PPU[0x1] Thread (main_thread)[0x00550214]} sys_semaphore: sys_semaphore_create(sem_id=*0xd001ee78, attr=*0xd001ee58, initial_val=0, max_val=1)
HLE: W {PPU[0x1] Thread (main_thread)[0x00550214]} sys_semaphore: sys_semaphore_create(sem_id=*0xd001ee78, attr=*0xd001ee58, initial_val=0, max_val=1)
HLE: W {PPU[0x1] Thread (main_thread)[0x00550214]} sys_semaphore: sys_semaphore_create(sem_id=*0xd001ee78, attr=*0xd001ee58, initial_val=0, max_val=1)
HLE: W {PPU[0x1] Thread (main_thread)[0x00550214]} sys_semaphore: sys_semaphore_create(sem_id=*0xd001ee78, attr=*0xd001ee58, initial_val=0, max_val=1)
HLE: W {PPU[0x1] Thread (main_thread)[0x00550214]} sys_semaphore: sys_semaphore_create(sem_id=*0xd001ee78, attr=*0xd001ee58, initial_val=0, max_val=1)
HLE: W {PPU[0x1] Thread (main_thread)[0x00550214]} sys_semaphore: sys_semaphore_create(sem_id=*0xd001ee78, attr=*0xd001ee58, initial_val=0, max_val=1)
HLE: W {PPU[0x1] Thread (main_thread)[0x00550214]} sys_semaphore: sys_semaphore_create(sem_id=*0xd001ee78, attr=*0xd001ee58, initial_val=0, max_val=1)
HLE: W {PPU[0x1] Thread (main_thread)[0x00550214]} sys_semaphore: sys_semaphore_create(sem_id=*0xd001ee78, attr=*0xd001ee58, initial_val=0, max_val=1)
HLE: W {PPU[0x1] Thread (main_thread)[0x00550214]} sys_semaphore: sys_semaphore_create(sem_id=*0xd001ee78, attr=*0xd001ee58, initial_val=0, max_val=1)
HLE: W {PPU[0x1] Thread (main_thread)[0x00550214]} sys_semaphore: sys_semaphore_create(sem_id=*0xd001ee78, attr=*0xd001ee58, initial_val=0, max_val=1)
HLE: W {PPU[0x1] Thread (main_thread)[0x00550214]} sys_semaphore: sys_semaphore_create(sem_id=*0xd001ee78, attr=*0xd001ee58, initial_val=0, max_val=1)
HLE: W {PPU[0x1] Thread (main_thread)[0x00550214]} sys_semaphore: sys_semaphore_create(sem_id=*0xd001ee78, attr=*0xd001ee58, initial_val=0, max_val=1)
HLE: W {PPU[0x1] Thread (main_thread)[0x00550214]} sys_semaphore: sys_semaphore_create(sem_id=*0xd001ee78, attr=*0xd001ee58, initial_val=0, max_val=1)
HLE: W {PPU[0x1] Thread (main_thread)[0x00550214]} sys_spu: sys_spu_thread_group_create(id=*0xd001ee38, num=1, prio=100, attr=*0xd001eda8)
HLE: W {PPU[0x1] Thread (main_thread)[0x00550214]} sys_spu: sys_spu_thread_initialize(thread=*0xd001ed80, group=0x25, spu_num=0, img=*0x266f8370, attr=*0xd001ed70, arg=*0xd001ed88)
HLE: E {PPU[0x1] Thread (main_thread)[0x00550214]} sys_spu: Unsupported SPU Thread options (0x2)
HLE: W {PPU[0x1] Thread (main_thread)[0x00550214]} sysPrxForUser: sys_lwmutex_create(lwmutex=*0x266f83b0, attr=*0xd001ee40)
HLE: W {PPU[0x1] Thread (main_thread)[0x00550214]} sysPrxForUser: sys_lwcond_create(lwcond=*0x266f83c8, lwmutex=*0x266f83b0, attr=*0xd001ee50)
HLE: W {PPU[0x1] Thread (main_thread)[0x00550214]} sys_event: sys_event_queue_create(equeue_id=*0x266f835c, attr=*0xd001ecd8, event_queue_key=0x0, size=42)
HLE: W {PPU[0x1] Thread (main_thread)[0x00550214]} sys_spu: sys_spu_thread_group_connect_event_all_threads(id=0x25, eq=0x29, req=0xffffffffffff0000, spup=*0x266f76c9)
HLE: W {PPU[0x1] Thread (main_thread)[0x00550214]} sys_event: sys_event_port_create(eport_id=*0x266f8360, port_type=1, name=0x0)
HLE: W {PPU[0x1] Thread (main_thread)[0x00550214]} sys_event: sys_event_port_connect_local(eport_id=0x2a, equeue_id=0x29)
HLE: W {PPU[0x1] Thread (main_thread)[0x00550214]} cellSpurs: cellSpursEnableExceptionEventHandler(spurs=*0x266f7600, flag=1)
HLE: W {PPU[0x1] Thread (main_thread)[0x00550214]} sys_spu: sys_spu_thread_group_connect_event(id=0x25, eq=0x29, et=2)
HLE: W {PPU[0x2c] Thread (CriAtom)[0x00000000]} sys_spu: sys_spu_thread_group_start(id=0x25)
HLE: W {PPU[0x1] Thread (main_thread)[0x0054fe34]} cellSysmodule: cellSysmoduleIsLoaded(id=0x0050: CELL_SYSMODULE_SPURS_JQ)
HLE: E {PPU[0x1] Thread (main_thread)[0x0054fe34]} cellSysmodule: cellSysmoduleIsLoaded() failed: module not loaded (id=0x0050)
HLE: W {PPU[0x1] Thread (main_thread)[0x0054f2f4]} cellSysmodule: cellSysmoduleLoadModule(id=0x0050: CELL_SYSMODULE_SPURS_JQ)
HLE: E {PPU[0x1] Thread (main_thread)[0x0054ff94]} cellSpursJq: cellSpursJobQueueAttributeInitialize
HLE: E {PPU[0x1] Thread (main_thread)[0x0054fff4]} cellSpursJq: _cellSpursCreateJobQueueWithJobDescriptorPool
HLE: E {PPU[0x1] Thread (main_thread)[0x00550074]} cellSpursJq: cellSpursJobQueuePort2Create
HLE: W {PPU[0x1] Thread (main_thread)[0x00550334]} sysPrxForUser: sys_lwmutex_create(lwmutex=*0x6ba368, attr=*0xd001f180)
HLE: W {PPU[0x1] Thread (main_thread)[0x00550334]} sysPrxForUser: sys_lwmutex_create(lwmutex=*0x6ba678, attr=*0xd001ef50)
SPU: S {PPU[0x2c] Thread (CriAtom)[0x00000000]} SPU Database initialized...
HLE: W {PPU[0x1] Thread (main_thread)[0x00550334]} sysPrxForUser: sys_lwmutex_create(lwmutex=*0x6d51a0, attr=*0xd001eb70)
SPU: S {PPU[0x2c] Thread (CriAtom)[0x00000000]} SPU Recompiler (ASMJIT) created...
HLE: W {PPU[0x1] Thread (main_thread)[0x003b070c]} sys_mutex: sys_mutex_create(mutex_id=*0x6d5224, attr=*0xd001ebd8)
HLE: W {PPU[0x1] Thread (main_thread)[0x003b0760]} sys_cond: sys_cond_create(cond_id=*0x6d5220, mutex_id=0x30, attr=*0xd001ebc0)
HLE: W {PPU[0x2c] Thread (CriAtom)[0x00000000]} sys_spu: sys_spu_thread_group_join(id=0x25, cause=*0x0, status=*0x0)
HLE: W {PPU[0x1] Thread (main_thread)[0x005502f4]} sysPrxForUser: sys_ppu_thread_create(thread_id=*0x6d52e8, entry=0x69d5d0, arg=0x6d52d8, prio=800, stacksize=0x2000, flags=0x1, threadname=*0x6d5268)
HLE: W {PPU[0x1] Thread (main_thread)[0x005502f4]} sys_ppu_thread: _sys_ppu_thread_create(thread_id=*0x6d52e8, param=*0xd001ea18, arg=0x6d52d8, unk=0x0, prio=800, stacksize=0x2000, flags=0x1, threadname=*0x6d5268)
SPU: S {SPU[0x26] Thread (CriAtomCellSpursKernel0)[0x00818]} Function detected [0x00818-0x00820] (size=0x8)
HLE: W {PPU[0x1] Thread (main_thread)[0x005502f4]} sys_ppu_thread: sys_ppu_thread_start(thread_id=0x32)
HLE: W {PPU[0x1] Thread (main_thread)[0x00550334]} sysPrxForUser: sys_lwmutex_create(lwmutex=*0x6d5f68, attr=*0xd001eb70)
HLE: W {PPU[0x1] Thread (main_thread)[0x003b070c]} sys_mutex: sys_mutex_create(mutex_id=*0x6d5fec, attr=*0xd001ebd8)
HLE: W {PPU[0x1] Thread (main_thread)[0x003b0760]} sys_cond: sys_cond_create(cond_id=*0x6d5fe8, mutex_id=0x34, attr=*0xd001ebc0)
HLE: W {PPU[0x1] Thread (main_thread)[0x005502f4]} sysPrxForUser: sys_ppu_thread_create(thread_id=*0x6d60b0, entry=0x69d5d0, arg=0x6d60a0, prio=800, stacksize=0x2000, flags=0x1, threadname=*0x6d6030)
HLE: W {PPU[0x1] Thread (main_thread)[0x005502f4]} sys_ppu_thread: _sys_ppu_thread_create(thread_id=*0x6d60b0, param=*0xd001ea18, arg=0x6d60a0, unk=0x0, prio=800, stacksize=0x2000, flags=0x1, threadname=*0x6d6030)
HLE: W {PPU[0x1] Thread (main_thread)[0x005502f4]} sys_ppu_thread: sys_ppu_thread_start(thread_id=0x36)
HLE: W {PPU[0x1] Thread (main_thread)[0x00550334]} sysPrxForUser: sys_lwmutex_create(lwmutex=*0x6d5398, attr=*0xd001eb70)
HLE: W {PPU[0x1] Thread (main_thread)[0x003b070c]} sys_mutex: sys_mutex_create(mutex_id=*0x6d541c, attr=*0xd001ebd8)
HLE: W {PPU[0x1] Thread (main_thread)[0x003b0760]} sys_cond: sys_cond_create(cond_id=*0x6d5418, mutex_id=0x38, attr=*0xd001ebc0)
HLE: W {PPU[0x1] Thread (main_thread)[0x005502f4]} sysPrxForUser: sys_ppu_thread_create(thread_id=*0x6d54e0, entry=0x69d5d0, arg=0x6d54d0, prio=800, stacksize=0x2000, flags=0x1, threadname=*0x6d5460)
HLE: W {PPU[0x1] Thread (main_thread)[0x005502f4]} sys_ppu_thread: _sys_ppu_thread_create(thread_id=*0x6d54e0, param=*0xd001ea18, arg=0x6d54d0, unk=0x0, prio=800, stacksize=0x2000, flags=0x1, threadname=*0x6d5460)
HLE: W {PPU[0x1] Thread (main_thread)[0x005502f4]} sys_ppu_thread: sys_ppu_thread_start(thread_id=0x3a)
HLE: W {PPU[0x1] Thread (main_thread)[0x00550334]} sysPrxForUser: sys_lwmutex_create(lwmutex=*0x6d5590, attr=*0xd001eb70)
HLE: W {PPU[0x1] Thread (main_thread)[0x003b070c]} sys_mutex: sys_mutex_create(mutex_id=*0x6d5614, attr=*0xd001ebd8)
HLE: W {PPU[0x1] Thread (main_thread)[0x003b0760]} sys_cond: sys_cond_create(cond_id=*0x6d5610, mutex_id=0x3c, attr=*0xd001ebc0)
HLE: W {PPU[0x1] Thread (main_thread)[0x005502f4]} sysPrxForUser: sys_ppu_thread_create(thread_id=*0x6d56d8, entry=0x69d5d0, arg=0x6d56c8, prio=800, stacksize=0x2000, flags=0x1, threadname=*0x6d5658)
HLE: W {PPU[0x1] Thread (main_thread)[0x005502f4]} sys_ppu_thread: _sys_ppu_thread_create(thread_id=*0x6d56d8, param=*0xd001ea18, arg=0x6d56c8, unk=0x0, prio=800, stacksize=0x2000, flags=0x1, threadname=*0x6d5658)
HLE: W {PPU[0x1] Thread (main_thread)[0x005502f4]} sys_ppu_thread: sys_ppu_thread_start(thread_id=0x3e)
HLE: W {PPU[0x1] Thread (main_thread)[0x00550334]} sysPrxForUser: sys_lwmutex_create(lwmutex=*0x6d5788, attr=*0xd001eb70)
HLE: W {PPU[0x1] Thread (main_thread)[0x003b070c]} sys_mutex: sys_mutex_create(mutex_id=*0x6d580c, attr=*0xd001ebd8)
HLE: W {PPU[0x1] Thread (main_thread)[0x003b0760]} sys_cond: sys_cond_create(cond_id=*0x6d5808, mutex_id=0x40, attr=*0xd001ebc0)
HLE: W {PPU[0x1] Thread (main_thread)[0x005502f4]} sysPrxForUser: sys_ppu_thread_create(thread_id=*0x6d58d0, entry=0x69d5d0, arg=0x6d58c0, prio=800, stacksize=0x2000, flags=0x1, threadname=*0x6d5850)
HLE: W {PPU[0x1] Thread (main_thread)[0x005502f4]} sys_ppu_thread: _sys_ppu_thread_create(thread_id=*0x6d58d0, param=*0xd001ea18, arg=0x6d58c0, unk=0x0, prio=800, stacksize=0x2000, flags=0x1, threadname=*0x6d5850)
HLE: W {PPU[0x1] Thread (main_thread)[0x005502f4]} sys_ppu_thread: sys_ppu_thread_start(thread_id=0x42)
HLE: W {PPU[0x1] Thread (main_thread)[0x00550334]} sysPrxForUser: sys_lwmutex_create(lwmutex=*0x6d4e50, attr=*0xd001eca0)
HLE: W {PPU[0x1] Thread (main_thread)[0x003b070c]} sys_mutex: sys_mutex_create(mutex_id=*0x6d4ed4, attr=*0xd001ed08)
HLE: W {PPU[0x1] Thread (main_thread)[0x003b0760]} sys_cond: sys_cond_create(cond_id=*0x6d4ed0, mutex_id=0x44, attr=*0xd001ecf0)
HLE: W {PPU[0x1] Thread (main_thread)[0x005502f4]} sysPrxForUser: sys_ppu_thread_create(thread_id=*0x6d4f98, entry=0x69d5d0, arg=0x6d4f88, prio=800, stacksize=0x2000, flags=0x1, threadname=*0x6bae60)
HLE: W {PPU[0x1] Thread (main_thread)[0x005502f4]} sys_ppu_thread: _sys_ppu_thread_create(thread_id=*0x6d4f98, param=*0xd001eb48, arg=0x6d4f88, unk=0x0, prio=800, stacksize=0x2000, flags=0x1, threadname=*0x6bae60)
HLE: W {PPU[0x1] Thread (main_thread)[0x005502f4]} sys_ppu_thread: sys_ppu_thread_start(thread_id=0x46)
HLE: W {PPU[0x1] Thread (main_thread)[0x00550334]} sysPrxForUser: sys_lwmutex_create(lwmutex=*0x266fe080, attr=*0xd001eda0)
HLE: W {PPU[0x1] Thread (main_thread)[0x00550334]} sysPrxForUser: sys_lwmutex_create(lwmutex=*0x266fe400, attr=*0xd001ed70)
HLE: W {PPU[0x1] Thread (main_thread)[0x00550334]} sysPrxForUser: sys_lwmutex_create(lwmutex=*0x26700880, attr=*0xd001ed70)
HLE: W {PPU[0x1] Thread (main_thread)[0x00550334]} sysPrxForUser: sys_lwmutex_create(lwmutex=*0x26708970, attr=*0xd001ed80)
HLE: W {PPU[0x1] Thread (main_thread)[0x00550334]} sysPrxForUser: sys_lwmutex_create(lwmutex=*0x267090e8, attr=*0xd001ed80)
HLE: W {PPU[0x1] Thread (main_thread)[0x00550334]} sysPrxForUser: sys_lwmutex_create(lwmutex=*0x6d4ce0, attr=*0xd001ee10)
HLE: W {PPU[0x1] Thread (main_thread)[0x00550334]} sysPrxForUser: sys_lwmutex_create(lwmutex=*0x6d4d28, attr=*0xd001ee10)
HLE: W {PPU[0x1] Thread (main_thread)[0x00550334]} sysPrxForUser: sys_lwmutex_create(lwmutex=*0x6d4d70, attr=*0xd001ee10)
HLE: W {PPU[0x1] Thread (main_thread)[0x00550334]} sysPrxForUser: sys_lwmutex_create(lwmutex=*0x6d4db8, attr=*0xd001ee10)
HLE: W {PPU[0x1] Thread (main_thread)[0x00550334]} sysPrxForUser: sys_lwmutex_create(lwmutex=*0x2670bb40, attr=*0xd001ed90)
HLE: W {PPU[0x1] Thread (main_thread)[0x00550334]} sysPrxForUser: sys_lwmutex_create(lwmutex=*0x2670bec0, attr=*0xd001ed80)
HLE: W {PPU[0x1] Thread (main_thread)[0x00550334]} sysPrxForUser: sys_lwmutex_create(lwmutex=*0x6d4b68, attr=*0xd001edf0)
HLE: W {PPU[0x1] Thread (main_thread)[0x005502f4]} sysPrxForUser: sys_ppu_thread_create(thread_id=*0x6d4c18, entry=0x69d5d0, arg=0x6d4c08, prio=800, stacksize=0x4000, flags=0x1, threadname=*0x5ee264)
HLE: W {PPU[0x1] Thread (main_thread)[0x005502f4]} sys_ppu_thread: _sys_ppu_thread_create(thread_id=*0x6d4c18, param=*0xd001ec18, arg=0x6d4c08, unk=0x0, prio=800, stacksize=0x4000, flags=0x1, threadname=*0x5ee264)
HLE: W {PPU[0x1] Thread (main_thread)[0x005502f4]} sys_ppu_thread: sys_ppu_thread_start(thread_id=0x53)
HLE: W {PPU[0x1] Thread (main_thread)[0x0054fe74]} cellSysutil: cellAudioOutGetConfiguration(audioOut=0, config=*0xd001edf0, option=*0x0)
HLE: W {PPU[0x1] Thread (main_thread)[0x0054fc74]} cellAudio: cellAudioInit()
HLE: W {PPU[0x1] Thread (main_thread)[0x00550334]} sysPrxForUser: sys_lwmutex_create(lwmutex=*0x6cbf20, attr=*0xd001eeb0)
HLE: W {PPU[0x1] Thread (main_thread)[0x00550334]} sysPrxForUser: sys_lwmutex_create(lwmutex=*0x2670dbf8, attr=*0xd001ee20)
HLE: W {PPU[0x1] Thread (main_thread)[0x00550334]} sysPrxForUser: sys_lwmutex_create(lwmutex=*0x2670dc90, attr=*0xd001ee20)
HLE: W {PPU[0x1] Thread (main_thread)[0x00550334]} sysPrxForUser: sys_lwmutex_create(lwmutex=*0x2670dd28, attr=*0xd001ee20)
HLE: W {PPU[0x1] Thread (main_thread)[0x00550334]} sysPrxForUser: sys_lwmutex_create(lwmutex=*0x2670ddc0, attr=*0xd001ee20)
HLE: W {PPU[0x1] Thread (main_thread)[0x00550334]} sysPrxForUser: sys_lwmutex_create(lwmutex=*0x2670de58, attr=*0xd001ee20)
HLE: W {PPU[0x1] Thread (main_thread)[0x00550334]} sysPrxForUser: sys_lwmutex_create(lwmutex=*0x2670def0, attr=*0xd001ee20)
HLE: W {PPU[0x1] Thread (main_thread)[0x00550334]} sysPrxForUser: sys_lwmutex_create(lwmutex=*0x2670df88, attr=*0xd001ee20)
HLE: W {PPU[0x1] Thread (main_thread)[0x00550334]} sysPrxForUser: sys_lwmutex_create(lwmutex=*0x2670e020, attr=*0xd001ee20)
HLE: W {PPU[0x1] Thread (main_thread)[0x00550334]} sysPrxForUser: sys_lwmutex_create(lwmutex=*0x6ba800, attr=*0xd001f110)
HLE: W {PPU[0x1] Thread (main_thread)[0x0054fd34]} cellAudio: cellAudioPortOpen(audioParam=*0xd001ee90, portNum=*0x2672ff90)
HLE: W {PPU[0x1] Thread (main_thread)[0x0054fd34]} cellAudio: *** audio port opened(nChannel=8, nBlock=8, attr=0x0, level=1.000000): port = 0
HLE: W {PPU[0x1] Thread (main_thread)[0x0054fcd4]} cellAudio: cellAudioGetPortConfig(portNum=0, portConfig=*0x2672ff70)
HLE: W {PPU[0x1] Thread (main_thread)[0x00550334]} sysPrxForUser: sys_lwmutex_create(lwmutex=*0x267300d0, attr=*0xd001ed60)
HLE: W {PPU[0x1] Thread (main_thread)[0x00550334]} sysPrxForUser: sys_lwmutex_create(lwmutex=*0x26745360, attr=*0xd001f350)
HLE: E {PPU[0x53] Thread (CRI Server Manager)[0x00550094]} cellSpursJq: cellSpursJobQueuePort2Sync
HLE: E {PPU[0x53] Thread (CRI Server Manager)[0x00550094]} cellSpursJq: cellSpursJobQueuePort2Sync
HLE: E {PPU[0x53] Thread (CRI Server Manager)[0x00550094]} cellSpursJq: cellSpursJobQueuePort2Sync
HLE: E {PPU[0x53] Thread (CRI Server Manager)[0x00550094]} cellSpursJq: cellSpursJobQueuePort2Sync
HLE: W {PPU[0x53] Thread (CRI Server Manager)[0x0054fcd4]} cellAudio: cellAudioGetPortConfig(portNum=0, portConfig=*0x2672ff70)
HLE: E {PPU[0x53] Thread (CRI Server Manager)[0x00550014]} cellSpursJq: _cellSpursJobQueuePort2CopyPushJobBody
HLE: E {PPU[0x53] Thread (CRI Server Manager)[0x00550094]} cellSpursJq: cellSpursJobQueuePort2Sync
HLE: W {PPU[0x53] Thread (CRI Server Manager)[0x0054fcf4]} cellAudio: cellAudioPortStart(portNum=0)
HLE: W {PPU[0x1] Thread (main_thread)[0x00550334]} sysPrxForUser: sys_lwmutex_create(lwmutex=*0x2698bb50, attr=*0xd001edc0)
HLE: W {PPU[0x1] Thread (main_thread)[0x00550334]} sysPrxForUser: sys_lwmutex_create(lwmutex=*0x269939d0, attr=*0xd001edc0)
HLE: W {PPU[0x1] Thread (main_thread)[0x00550334]} sysPrxForUser: sys_lwmutex_create(lwmutex=*0x2699b858, attr=*0xd001edc0)
HLE: W {PPU[0x1] Thread (main_thread)[0x00550334]} sysPrxForUser: sys_lwmutex_create(lwmutex=*0x269a36d8, attr=*0xd001edc0)
HLE: W {PPU[0x1] Thread (main_thread)[0x00550334]} sysPrxForUser: sys_lwmutex_create(lwmutex=*0x269ab560, attr=*0xd001edc0)
HLE: W {PPU[0x1] Thread (main_thread)[0x00550334]} sysPrxForUser: sys_lwmutex_create(lwmutex=*0x269b33e0, attr=*0xd001edc0)
HLE: W {PPU[0x1] Thread (main_thread)[0x0043aaf0]} sys_memory: sys_memory_allocate(size=0x300000, flags=0x400, alloc_addr=*0xd001f0c0)
HLE: W {PPU[0x1] Thread (main_thread)[0x0054fad4]} cellSysutil: cellSysutilEnableBgmPlayback()
HLE: W {PPU[0x1] Thread (main_thread)[0x003288c4]} sys_mutex: sys_mutex_create(mutex_id=*0xd001f320, attr=*0xd001f328)
HLE: W {PPU[0x1] Thread (main_thread)[0x003288c4]} sys_mutex: sys_mutex_create(mutex_id=*0xd001f400, attr=*0xd001f408)
HLE: W {PPU[0x1] Thread (main_thread)[0x0043aaf0]} sys_memory: sys_memory_allocate(size=0x200000, flags=0x400, alloc_addr=*0xd001f500)
HLE: E {PPU[0x53] Thread (CRI Server Manager)[0x00550094]} cellSpursJq: cellSpursJobQueuePort2Sync
HLE: E {PPU[0x53] Thread (CRI Server Manager)[0x00550094]} cellSpursJq: cellSpursJobQueuePort2Sync
HLE: E {PPU[0x53] Thread (CRI Server Manager)[0x00550094]} cellSpursJq: cellSpursJobQueuePort2Sync
HLE: E {PPU[0x53] Thread (CRI Server Manager)[0x00550094]} cellSpursJq: cellSpursJobQueuePort2Sync
HLE: W {PPU[0x53] Thread (CRI Server Manager)[0x0054fcd4]} cellAudio: cellAudioGetPortConfig(portNum=0, portConfig=*0x2672ff70)
HLE: E {PPU[0x53] Thread (CRI Server Manager)[0x00550014]} cellSpursJq: _cellSpursJobQueuePort2CopyPushJobBody
HLE: E {PPU[0x53] Thread (CRI Server Manager)[0x00550094]} cellSpursJq: cellSpursJobQueuePort2Sync
HLE: S {PPU[0x1] Thread (main_thread)[0x0054f9f4]} Last function: SJISstoUTF8s (0x33435818)
G: ! {PPU[0x1] Thread (main_thread)[0x0054f9f4]} Registers:
=========
GPR[0] = 0x0
GPR[1] = 0xd001f2f0
GPR[2] = 0x6a9c50
GPR[3] = 0x6032f8
GPR[4] = 0xd001f364
GPR[5] = 0x0
GPR[6] = 0xd001f368
GPR[7] = 0x0
GPR[8] = 0x10
GPR[9] = 0x7f7f7f7f7f7f7f7f
GPR[10] = 0x7f7f7f7f7f7f7f7f
GPR[11] = 0x8080808080808080
GPR[12] = 0x297be428
GPR[13] = 0x717030
GPR[14] = 0x0
GPR[15] = 0x66a000
GPR[16] = 0x669000
GPR[17] = 0x0
GPR[18] = 0x668000
GPR[19] = 0x100000
GPR[20] = 0x0
GPR[21] = 0x0
GPR[22] = 0x297bec3c
GPR[23] = 0x297becb0
GPR[24] = 0x29633834
GPR[25] = 0x297c3830
GPR[26] = 0x297becc8
GPR[27] = 0xd001f364
GPR[28] = 0xd001f368
GPR[29] = 0x6032f8
GPR[30] = 0x297becfc
GPR[31] = 0x297bed14
FPR[0] = 1
FPR[1] = -3.40282E+38
FPR[2] = 0.173446
FPR[3] = 0.133379
FPR[4] = 0.578221
FPR[5] = 0.249762
FPR[6] = 0.747005
FPR[7] = 0.0145899
FPR[8] = 1.06602
FPR[9] = 0.00416077
FPR[10] = 0.00703602
FPR[11] = 8
FPR[12] = 0.5
FPR[13] = 1
FPR[14] = 0
FPR[15] = 0
FPR[16] = 0
FPR[17] = 0
FPR[18] = 0
FPR[19] = 0
FPR[20] = 0
FPR[21] = 0
FPR[22] = 0
FPR[23] = 0
FPR[24] = 0
FPR[25] = 0
FPR[26] = 0
FPR[27] = 0
FPR[28] = 0
FPR[29] = 0
FPR[30] = 0
FPR[31] = 0
VPR[0] = 0x3f0d6289000000000000000000000000 [x: 0.552285 y: 0 z: 0 w: 0]
VPR[1] = 0x000000003ed413cd0000000000000000 [x: 0 y: 0.414214 z: 0 w: 0]
VPR[2] = 0x00000000000000000000000000000000 [x: 0 y: 0 z: 0 w: 0]
VPR[3] = 0x00000000000000000000000000000000 [x: 0 y: 0 z: 0 w: 0]
VPR[4] = 0x40a0042140a0042140a0042140a00421 [x: 5.0005 y: 5.0005 z: 5.0005 w: 5.0005]
VPR[5] = 0x00000000000000000000000000000000 [x: 0 y: 0 z: 0 w: 0]
VPR[6] = 0xc09ffbf0c09ffbf0c09ffbf0c09ffbf0 [x: -4.9995 y: -4.9995 z: -4.9995 w: -4.9995]
VPR[7] = 0x00000000000000000000000000000000 [x: 0 y: 0 z: 0 w: 0]
VPR[8] = 0x00000000000000000000000000000000 [x: 0 y: 0 z: 0 w: 0]
VPR[9] = 0xc1c0052ac1c0052ac1c0052ac1c0052a [x: -24.0025 y: -24.0025 z: -24.0025 w: -24.0025]
VPR[10] = 0x41c7faec41c7faec41c7faec41c7faec [x: 24.9975 y: 24.9975 z: 24.9975 w: 24.9975]
VPR[11] = 0x3ed413cd3ed413cd3ed413cd3ed413cd [x: 0.414214 y: 0.414214 z: 0.414214 w: 0.414214]
VPR[12] = 0x0000000040a00421c1c0052a40a00421 [x: 0 y: 5.0005 z: -24.0025 w: 5.0005]
VPR[13] = 0x00000000c09ffbf041c7faecc09ffbf0 [x: 0 y: -4.9995 z: 24.9975 w: -4.9995]
VPR[14] = 0x00000000000000000000000000000000 [x: 0 y: 0 z: 0 w: 0]
VPR[15] = 0x00000000000000000000000000000000 [x: 0 y: 0 z: 0 w: 0]
VPR[16] = 0x3fe7c3b60000000000000000401a827a [x: 1.81066 y: 0 z: 0 w: 2.41421]
VPR[17] = 0x00000000000000000000000000000000 [x: 0 y: 0 z: 0 w: 0]
VPR[18] = 0x40a0042140a0042140a0042140a00421 [x: 5.0005 y: 5.0005 z: 5.0005 w: 5.0005]
VPR[19] = 0xc09ffbf0c09ffbf0c09ffbf0c09ffbf0 [x: -4.9995 y: -4.9995 z: -4.9995 w: -4.9995]
VPR[20] = 0x00000000023a454000000000023a4540 [x: 0 y: 1.3685e-37 z: 0 w: 1.3685e-37]
VPR[21] = 0x00000000023a454000000000023a4540 [x: 0 y: 1.3685e-37 z: 0 w: 1.3685e-37]
VPR[22] = 0x00000000023a454000000000023a4540 [x: 0 y: 1.3685e-37 z: 0 w: 1.3685e-37]
VPR[23] = 0x00000000023a454000000000023a4540 [x: 0 y: 1.3685e-37 z: 0 w: 1.3685e-37]
VPR[24] = 0x00000000023a454000000000023a4540 [x: 0 y: 1.3685e-37 z: 0 w: 1.3685e-37]
VPR[25] = 0x00000000023a454000000000023a4540 [x: 0 y: 1.3685e-37 z: 0 w: 1.3685e-37]
VPR[26] = 0x00000000023a454000000000023a4540 [x: 0 y: 1.3685e-37 z: 0 w: 1.3685e-37]
VPR[27] = 0x00000000023a468000000000023a4680 [x: 0 y: 1.36854e-37 z: 0 w: 1.36854e-37]
VPR[28] = 0x00000000023a44e000000000023a44e0 [x: 0 y: 1.36849e-37 z: 0 w: 1.36849e-37]
VPR[29] = 0x00000000023a454000000000023a4540 [x: 0 y: 1.3685e-37 z: 0 w: 1.3685e-37]
VPR[30] = 0x00000000023a454000000000023a4540 [x: 0 y: 1.3685e-37 z: 0 w: 1.3685e-37]
VPR[31] = 0x00000000023a454000000000023a4540 [x: 0 y: 1.3685e-37 z: 0 w: 1.3685e-37]
CR = 0x88000042
LR = 0x31d180
CTR = 0x10
XER = 0x20000000 [CA=1 | OV=8589934592 | SO=0]
FPSCR = 0x4000000 [RN=0 | NI=0 | XE=0 | ZE=0 | UE=0 | OE=0 | VE=0 | VXCVI=0 | VXSQRT=0 | VXSOFT=0 | FPRF=0 | FI=0 | FR=0 | VXVC=0 | VXIMZ=0 | VXZDZ=0 | VXIDI=0 | VXISI=0 | VXSNAN=0 | XX=0 | ZX=1 | UX=0 | OX=0 | VX=0 | FEX=0 | FX=0]

G: E {PPU[0x1] Thread (main_thread)[0x0054f9f4]} Exception: 
(in file Emu\SysCalls\Modules\cellL10n.cpp:431, in function SJISstoUTF8s)
G: ! Stopping emulator...
G: ! All threads signaled...
G: ! {PPU[0x2] Thread (Callback Thread)[0x002d8a9c]} Thread aborted
G: ! {PPU[0x53] Thread (CRI Server Manager)[0x003aaf70]} Thread aborted
G: ! {PPU[0x2b] Thread (CriAtom)[0x00000000]} Thread aborted
HLE: S {PPU[0x32] Thread (CRI FS File Access 0)[0x003b09a0]} Last syscall: 107 (sys_cond_wait)
HLE: S {PPU[0x36] Thread (CRI FS Memory File System)[0x003b09a0]} Last syscall: 107 (sys_cond_wait)
G: ! {PPU[0x32] Thread (CRI FS File Access 0)[0x003b09a0]} Thread aborted
HLE: S {PPU[0x3a] Thread (CRI FS File Access 1)[0x003b09a0]} Last syscall: 107 (sys_cond_wait)
G: ! {PPU[0x36] Thread (CRI FS Memory File System)[0x003b09a0]} Thread aborted
HLE: S {PPU[0x3e] Thread (CRI FS File Access 2)[0x003b09a0]} Last syscall: 107 (sys_cond_wait)
G: ! {PPU[0x3a] Thread (CRI FS File Access 1)[0x003b09a0]} Thread aborted
G: ! {PPU[0x3e] Thread (CRI FS File Access 2)[0x003b09a0]} Thread aborted
HLE: S {PPU[0x42] Thread (CRI FS File Access 3)[0x003b09a0]} Last syscall: 107 (sys_cond_wait)
HLE: S {PPU[0x46] Thread (CRI FS Data Decompression 0)[0x003b09a0]} Last syscall: 107 (sys_cond_wait)
G: ! {VBlank Thread} Thread aborted
G: ! {PPU[0x42] Thread (CRI FS File Access 3)[0x003b09a0]} Thread aborted
G: ! {PPU[0x46] Thread (CRI FS Data Decompression 0)[0x003b09a0]} Thread aborted
G: ! {PPU[0x2c] Thread (CriAtom)[0x00000000]} Thread aborted
G: ! {SPU[0x26] Thread (CriAtomCellSpursKernel0)[0x00818]} Thread aborted
G: ! All threads stopped...
G: ! Objects cleared...
