LDR: E PSFLoader::Load() failed: unknown magic (0x0)
G: ! RPCS3 0.0.0.5 v0.0.0.5-2531-g69bde39
G: ! 
G: ! Stopping emulator...
LDR: ! Loading 'D:/Emulateurs/Rpcs3/dev_hdd0/game/BCES00225-[White Knight Chronicles™]/PS3_GAME/USRDIR/BOOT.BIN'...
G: W fs::file::open('D:/Emulateurs/Rpcs3/dev_hdd0/game/BCES00225-[White Knight Chronicles™]/PS3_GAME/dev_bdvd.path', 0x1) failed: error 0x2
LDR: ! 
LDR: ! Mount info:
LDR: ! /dev_usb000/ -> D:/Emulateurs/Rpcs3/dev_usb000/
LDR: ! /dev_flash/ -> D:/Emulateurs/Rpcs3/dev_flash/
LDR: ! /host_root/ -> 
LDR: ! /dev_hdd0/ -> D:/Emulateurs/Rpcs3/dev_hdd0/
LDR: ! /dev_hdd1/ -> D:/Emulateurs/Rpcs3/dev_hdd1/
LDR: ! /dev_bdvd/ -> D:/Emulateurs/Rpcs3/dev_hdd0/game/BCES00225-[White Knight Chronicles™]/
LDR: ! /dev_usb/ -> D:/Emulateurs/Rpcs3/dev_usb000/
LDR: ! 
LDR: ! Settings:
LDR: ! CPU: PPU Interpreter 2
LDR: ! SPU: SPU Recompiler (ASMJIT)
LDR: ! Renderer: DirectX 12
LDR: ! D3D Adapter: Default
LDR: ! Resolution: 1280x720
LDR: ! Write Depth Buffer: No
LDR: ! Write Color Buffers: No
LDR: ! Read Color Buffer: No
LDR: ! Audio Out: XAudio2
LDR: ! Log Everything: No
LDR: ! RSX Logging: No
LDR: ! 
LDR: ! Title: White Knight Chronicles™
LDR: ! Serial: BCES00225
LDR: ! Elf path: /dev_bdvd/PS3_GAME/USRDIR/BOOT.BIN
LDR: ! 
LDR: ! loader::init() failed: Broken file
LDR: ! *** sdk version: 0x270001
LDR: ! *** primary prio: 1001
LDR: ! *** primary stacksize: 0x40000
LDR: ! *** malloc pagesize: 0x100000
LDR: ! *** ppc seg: 0x0
LDR: ! Imported function 'cellSysmoduleUnloadModule' in 'cellSysmodule' module (0xeb7698)
LDR: ! Imported function 'cellSysmoduleLoadModule' in 'cellSysmodule' module (0xeb76b8)
LDR: ! Imported function 'cellSysmoduleIsLoaded' in 'cellSysmodule' module (0xeb76d8)
LDR: ! Imported function 'cellSysmoduleInitialize' in 'cellSysmodule' module (0xeba1f8)
LDR: ! Imported function 'cellSyncMutexUnlock' in 'cellSync' module (0xeb76f8)
LDR: ! Imported function 'cellSyncMutexInitialize' in 'cellSync' module (0xeb7718)
LDR: ! Imported function 'cellSyncMutexTryLock' in 'cellSync' module (0xeb7738)
LDR: ! Imported function 'cellSyncMutexLock' in 'cellSync' module (0xeba218)
LDR: ! Imported function 'sceNpManagerGetTicket' in 'sceNp' module (0xeb7758)
LDR: ! Imported function 'sceNpManagerGetAccountAge' in 'sceNp' module (0xeb7778)
LDR: ! Imported function 'sceNpLookupAbortTransaction' in 'sceNp' module (0xeb7798)
LDR: ! Imported function 'sceNpSignalingAddExtendedHandler' in 'sceNp' module (0xeb77b8)
LDR: ! Imported function 'sceNpManagerUnregisterCallback' in 'sceNp' module (0xeb77d8)
LDR: ! Imported function 'sceNpManagerGetTicketParam' in 'sceNp' module (0xeb77f8)
LDR: ! Imported function 'sceNpLookupDestroyTitleCtx' in 'sceNp' module (0xeb7818)
LDR: ! Imported function 'sceNpLookupInit' in 'sceNp' module (0xeb7838)
LDR: ! Imported function 'sceNpSignalingActivateConnection' in 'sceNp' module (0xeb7858)
LDR: ! Imported function 'sceNpSignalingCreateCtx' in 'sceNp' module (0xeb7878)
LDR: ! Imported function 'sceNpManagerGetContentRatingFlag' in 'sceNp' module (0xeb7898)
LDR: ! Imported function 'sceNpLookupPollAsync' in 'sceNp' module (0xeb78b8)
LDR: ! Imported function 'sceNpManagerRequestTicket' in 'sceNp' module (0xeb78d8)
LDR: ! Imported function 'sceNpLookupTerm' in 'sceNp' module (0xeb78f8)
LDR: ! Imported function 'sceNpLookupTitleSmallStorageAsync' in 'sceNp' module (0xeb7918)
LDR: ! Imported function 'sceNpManagerGetEntitlementById' in 'sceNp' module (0xeb7938)
LDR: ! Imported function 'sceNpManagerGetStatus' in 'sceNp' module (0xeb7958)
LDR: ! Imported function 'sceNpSignalingDestroyCtx' in 'sceNp' module (0xeb7978)
LDR: ! Imported function 'sceNpManagerGetAccountRegion' in 'sceNp' module (0xeb7998)
LDR: ! Imported function 'sceNpManagerGetNetworkTime' in 'sceNp' module (0xeb79b8)
LDR: ! Imported function 'sceNpManagerGetOnlineId' in 'sceNp' module (0xeb79d8)
LDR: ! Imported function 'sceNpSignalingGetConnectionStatus' in 'sceNp' module (0xeb79f8)
LDR: ! Imported function 'sceNpLookupCreateTitleCtx' in 'sceNp' module (0xeb7a18)
LDR: ! Imported function 'sceNpLookupNpIdAsync' in 'sceNp' module (0xeb7a38)
LDR: ! Imported function 'sceNpUtilCmpNpId' in 'sceNp' module (0xeb7a58)
LDR: ! Imported function 'sceNpManagerRegisterCallback' in 'sceNp' module (0xeb7a78)
LDR: ! Imported function 'sceNpLookupCreateTransactionCtx' in 'sceNp' module (0xeb7a98)
LDR: ! Imported function 'sceNpManagerGetChatRestrictionFlag' in 'sceNp' module (0xeb7ab8)
LDR: ! Imported function 'sceNpDrmIsAvailable2' in 'sceNp' module (0xeb7ad8)
LDR: ! Imported function 'sceNpManagerGetOnlineName' in 'sceNp' module (0xeb7af8)
LDR: ! Imported function 'sceNpLookupDestroyTransactionCtx' in 'sceNp' module (0xeb7b18)
LDR: ! Imported function 'sceNpSignalingDeactivateConnection' in 'sceNp' module (0xeb7b38)
LDR: ! Imported function 'sceNpManagerGetNpId' in 'sceNp' module (0xeb7b58)
LDR: ! Imported function 'sceNp2Init' in 'sceNp2' module (0xeb7b78)
LDR: ! Imported function 'sceNp2Term' in 'sceNp2' module (0xeb7b98)
LDR: ! Imported function 'sceNpTusCreateTransactionCtx' in 'sceNpTus' module (0xeb7bb8)
LDR: ! Imported function 'sceNpTusPollAsync' in 'sceNpTus' module (0xeb7bd8)
LDR: ! Imported function 'sceNpTusTerm' in 'sceNpTus' module (0xeb7bf8)
LDR: ! Imported function 'sceNpTusDestroyTitleCtx' in 'sceNpTus' module (0xeb7c18)
LDR: ! Imported function 'sceNpTusDeleteMultiSlotDataAsync' in 'sceNpTus' module (0xeb7c38)
LDR: ! Imported function 'sceNpTusAbortTransaction' in 'sceNpTus' module (0xeb7c58)
LDR: ! Imported function 'sceNpTusDestroyTransactionCtx' in 'sceNpTus' module (0xeb7c78)
LDR: ! Imported function 'sceNpTusGetDataAsync' in 'sceNpTus' module (0xeb7c98)
LDR: ! Imported function 'sceNpTusCreateTitleCtx' in 'sceNpTus' module (0xeb7cb8)
LDR: ! Imported function 'sceNpTusInit' in 'sceNpTus' module (0xeb7cd8)
LDR: ! Imported function 'sceNpTusSetDataAsync' in 'sceNpTus' module (0xeb7cf8)
LDR: ! Imported function 'cellHttpCreateTransaction' in 'cellHttp' module (0xeb7d18)
LDR: ! Imported function 'cellHttpResponseGetStatusCode' in 'cellHttp' module (0xeb7d38)
LDR: ! Imported function 'cellHttpRequestDeleteHeader' in 'cellHttp' module (0xeb7d58)
LDR: ! Imported function 'cellHttpClientSetRecvTimeout' in 'cellHttp' module (0xeb7d78)
LDR: ! Imported function 'cellHttpInit' in 'cellHttp' module (0xeb7d98)
LDR: ! Imported function 'cellHttpDestroyTransaction' in 'cellHttp' module (0xeb7db8)
LDR: ! Imported function 'cellHttpResponseGetContentLength' in 'cellHttp' module (0xeb7dd8)
LDR: ! Imported function 'cellHttpCreateClient' in 'cellHttp' module (0xeb7df8)
LDR: ! Imported function 'cellHttpsInit' in 'cellHttp' module (0xeb7e18)
LDR: ! Imported function 'cellHttpRequestSetHeader' in 'cellHttp' module (0xeb7e38)
LDR: ! Imported function 'cellHttpEndCookie' in 'cellHttp' module (0xeb7e58)
LDR: ! Imported function 'cellHttpRecvResponse' in 'cellHttp' module (0xeb7e78)
LDR: ! Imported function 'cellHttpClientSetSendTimeout' in 'cellHttp' module (0xeb7e98)
LDR: ! Imported function 'cellHttpInitCookie' in 'cellHttp' module (0xeb7eb8)
LDR: ! Imported function 'cellHttpDestroyClient' in 'cellHttp' module (0xeb7ed8)
LDR: ! Imported function 'cellHttpSendRequest' in 'cellHttp' module (0xeb7ef8)
LDR: ! Imported function 'cellHttpClientPollConnections' in 'cellHttp' module (0xeb7f18)
LDR: ! Imported function 'cellHttpRequestSetContentLength' in 'cellHttp' module (0xeb7f38)
LDR: ! Imported function 'cellHttpClientSetUserAgent' in 'cellHttp' module (0xeb7f58)
LDR: ! Imported function 'cellHttpEnd' in 'cellHttp' module (0xeb7f78)
LDR: ! Imported function 'cellHttpsEnd' in 'cellHttp' module (0xeb7f98)
LDR: ! Imported function 'cellHttpRequestAddHeader' in 'cellHttp' module (0xeb7fb8)
LDR: ! Imported function 'cellHttpClientGetUserAgent' in 'cellHttp' module (0xeb7fd8)
LDR: ! Imported function 'cellHttpUtilParseUri' in 'cellHttpUtil' module (0xeb7ff8)
LDR: ! Imported function 'cellHttpUtilBase64Encoder' in 'cellHttpUtil' module (0xeb8018)
LDR: ! Imported function 'socketpoll' in 'sys_net' module (0xeb8038)
LDR: ! Imported function 'sys_net_initialize_network_ex' in 'sys_net' module (0xeb8058)
LDR: ! Imported function 'getsockname' in 'sys_net' module (0xeb8078)
LDR: ! Imported function 'recvfrom' in 'sys_net' module (0xeb8098)
LDR: ! Imported function 'listen' in 'sys_net' module (0xeb80b8)
LDR: ! Imported function 'socketselect' in 'sys_net' module (0xeb80d8)
LDR: ! Imported function 'getsockopt' in 'sys_net' module (0xeb80f8)
LDR: ! Imported function '_sys_net_errno_loc' in 'sys_net' module (0xeb8118)
LDR: ! Imported function 'connect' in 'sys_net' module (0xeb8138)
LDR: ! Imported function 'socketclose' in 'sys_net' module (0xeb8158)
LDR: ! Imported function 'gethostbyname' in 'sys_net' module (0xeb8178)
LDR: ! Imported function 'setsockopt' in 'sys_net' module (0xeb8198)
LDR: ! Imported function 'sendto' in 'sys_net' module (0xeb81b8)
LDR: ! Imported function 'socket' in 'sys_net' module (0xeb81d8)
LDR: ! Imported function 'shutdown' in 'sys_net' module (0xeb81f8)
LDR: ! Imported function 'inet_aton' in 'sys_net' module (0xeb8218)
LDR: ! Imported function 'bind' in 'sys_net' module (0xeb8238)
LDR: ! Imported function 'sys_net_finalize_network' in 'sys_net' module (0xeb8258)
LDR: ! Imported function 'accept' in 'sys_net' module (0xeb8278)
LDR: ! Imported function 'inet_addr' in 'sys_net' module (0xeb8298)
LDR: ! Imported function 'send' in 'sys_net' module (0xeb82b8)
LDR: ! Imported function 'recv' in 'sys_net' module (0xeb82d8)
LDR: ! Imported function 'sys_net_show_ifconfig' in 'sys_net' module (0xeba238)
LDR: ! Imported function 'cellNetCtlNetStartDialogLoadAsync' in 'cellNetCtl' module (0xeb82f8)
LDR: ! Imported function 'cellGameUpdateCheckStartAsyncEx' in 'cellNetCtl' module (0xeb8318)
LDR: ! Imported function 'cellNetCtlAddHandler' in 'cellNetCtl' module (0xeb8338)
LDR: ! Imported function 'cellNetCtlNetStartDialogUnloadAsync' in 'cellNetCtl' module (0xeb8358)
LDR: ! Imported function 'cellNetCtlTerm' in 'cellNetCtl' module (0xeb8378)
LDR: ! Imported function 'cellGameUpdateTerm' in 'cellNetCtl' module (0xeb8398)
LDR: ! Imported function 'cellNetCtlGetInfo' in 'cellNetCtl' module (0xeb83b8)
LDR: ! Imported function 'cellGameUpdateCheckAbort' in 'cellNetCtl' module (0xeb83d8)
LDR: ! Imported function 'cellGameUpdateCheckStartWithoutDialogAsyncEx' in 'cellNetCtl' module (0xeb83f8)
LDR: ! Imported function 'cellNetCtlGetState' in 'cellNetCtl' module (0xeb8418)
LDR: ! Imported function 'cellNetCtlDelHandler' in 'cellNetCtl' module (0xeb8438)
LDR: ! Imported function 'cellGameUpdateInit' in 'cellNetCtl' module (0xeb8458)
LDR: ! Imported function 'cellNetCtlInit' in 'cellNetCtl' module (0xeb8478)
LDR: ! Imported function 'cellGameUpdateCheckFinishAsyncEx' in 'cellNetCtl' module (0xeb8498)
LDR: ! Imported function 'cellKbClearBuf' in 'sys_io' module (0xeb84b8)
LDR: ! Imported function 'cellKbGetInfo' in 'sys_io' module (0xeb84d8)
LDR: ! Imported function 'cellKbInit' in 'sys_io' module (0xeb84f8)
LDR: ! Imported function 'cellKbSetCodeType' in 'sys_io' module (0xeb8518)
LDR: ! Imported function 'cellKbEnd' in 'sys_io' module (0xeb8538)
LDR: ! Imported function 'cellKbSetReadMode' in 'sys_io' module (0xeb8558)
LDR: ! Imported function 'cellKbRead' in 'sys_io' module (0xeb8578)
LDR: ! Imported function 'cellPadInit' in 'sys_io' module (0xeba258)
LDR: ! Imported function 'cellPadEnd' in 'sys_io' module (0xeba278)
LDR: ! Imported function 'cellPadGetData' in 'sys_io' module (0xeba298)
LDR: ! Imported function 'cellPadGetInfo2' in 'sys_io' module (0xeba2b8)
LDR: ! Imported function 'cellFsRmdir' in 'sys_fs' module (0xeb8598)
LDR: ! Imported function 'cellFsClose' in 'sys_fs' module (0xeb85b8)
LDR: ! Imported function 'cellFsOpendir' in 'sys_fs' module (0xeb85d8)
LDR: ! Imported function 'cellFsRead' in 'sys_fs' module (0xeb85f8)
LDR: ! Imported function 'cellFsReaddir' in 'sys_fs' module (0xeb8618)
LDR: ! Imported function 'cellFsOpen' in 'sys_fs' module (0xeb8638)
LDR: ! Imported function 'cellFsStat' in 'sys_fs' module (0xeb8658)
LDR: ! Imported function 'cellFsUnlink' in 'sys_fs' module (0xeb8678)
LDR: ! Imported function 'cellFsWriteWithOffset' in 'sys_fs' module (0xeb8698)
LDR: ! Imported function 'cellFsFsync' in 'sys_fs' module (0xeb86b8)
LDR: ! Imported function 'cellFsGetDirectoryEntries' in 'sys_fs' module (0xeb86d8)
LDR: ! Imported function 'cellFsLseek' in 'sys_fs' module (0xeb86f8)
LDR: ! Imported function 'cellFsSdataOpen' in 'sys_fs' module (0xeb8718)
LDR: ! Imported function 'cellFsMkdir' in 'sys_fs' module (0xeb8738)
LDR: ! Imported function 'cellFsUtime' in 'sys_fs' module (0xeb8758)
LDR: ! Imported function 'cellFsWrite' in 'sys_fs' module (0xeb8778)
LDR: ! Imported function 'cellFsRename' in 'sys_fs' module (0xeb8798)
LDR: ! Imported function 'cellFsClosedir' in 'sys_fs' module (0xeb87b8)
LDR: ! Imported function 'cellFsGetFreeSize' in 'sys_fs' module (0xeba2d8)
LDR: ! Imported function 'cellFsFstat' in 'sys_fs' module (0xeba2f8)
LDR: ! Imported function 'sceNpTrophyRegisterContext' in 'sceNpTrophy' module (0xeb87d8)
LDR: ! Imported function 'sceNpTrophyCreateHandle' in 'sceNpTrophy' module (0xeb87f8)
LDR: ! Imported function 'sceNpTrophySetSoundLevel' in 'sceNpTrophy' module (0xeb8818)
LDR: ! Imported function 'sceNpTrophyGetRequiredDiskSpace' in 'sceNpTrophy' module (0xeb8838)
LDR: ! Imported function 'sceNpTrophyDestroyContext' in 'sceNpTrophy' module (0xeb8858)
LDR: ! Imported function 'sceNpTrophyInit' in 'sceNpTrophy' module (0xeb8878)
LDR: ! Imported function 'sceNpTrophyAbortHandle' in 'sceNpTrophy' module (0xeb8898)
LDR: ! Imported function 'sceNpTrophyDestroyHandle' in 'sceNpTrophy' module (0xeb88b8)
LDR: ! Imported function 'sceNpTrophyUnlockTrophy' in 'sceNpTrophy' module (0xeb88d8)
LDR: ! Imported function 'sceNpTrophyTerm' in 'sceNpTrophy' module (0xeb88f8)
LDR: ! Imported function 'sceNpTrophyGetTrophyUnlockState' in 'sceNpTrophy' module (0xeb8918)
LDR: ! Imported function 'sceNpTrophyCreateContext' in 'sceNpTrophy' module (0xeb8938)
LDR: ! Imported function '_cellGcmInitBody' in 'cellGcmSys' module (0xeb8958)
LDR: ! Imported function 'cellGcmAddressToOffset' in 'cellGcmSys' module (0xeb8978)
LDR: ! Imported function '_cellGcmFunc15' in 'cellGcmSys' module (0xeb8998)
LDR: ! Imported function 'cellGcmGetControlRegister' in 'cellGcmSys' module (0xeb89b8)
LDR: ! Imported function 'cellGcmGetTiledPitchSize' in 'cellGcmSys' module (0xeba318)
LDR: ! Imported function 'cellGcmSetUserHandler' in 'cellGcmSys' module (0xeba338)
LDR: ! Imported function 'cellGcmSetPrepareFlip' in 'cellGcmSys' module (0xeba358)
LDR: ! Imported function '_cellGcmSetFlipCommand' in 'cellGcmSys' module (0xeba378)
LDR: ! Imported function 'cellGcmGetOffsetTable' in 'cellGcmSys' module (0xeba398)
LDR: ! Imported function 'cellGcmIoOffsetToAddress' in 'cellGcmSys' module (0xeba3b8)
LDR: ! Imported function 'cellGcmSetFlipMode' in 'cellGcmSys' module (0xeba3d8)
LDR: ! Imported function 'cellGcmSetDebugOutputLevel' in 'cellGcmSys' module (0xeba3f8)
LDR: ! Imported function 'cellGcmGetTimeStamp' in 'cellGcmSys' module (0xeba418)
LDR: ! Imported function 'cellGcmGetReport' in 'cellGcmSys' module (0xeba438)
LDR: ! Imported function 'cellGcmMapMainMemory' in 'cellGcmSys' module (0xeba458)
LDR: ! Imported function 'cellGcmSetFlipHandler' in 'cellGcmSys' module (0xeba478)
LDR: ! Imported function 'cellGcmSetDisplayBuffer' in 'cellGcmSys' module (0xeba498)
LDR: ! Imported function 'cellGcmSetVBlankHandler' in 'cellGcmSys' module (0xeba4b8)
LDR: ! Imported function 'cellGcmSetInvalidateTile' in 'cellGcmSys' module (0xeba4d8)
LDR: ! Imported function 'cellGcmSetTile' in 'cellGcmSys' module (0xeba4f8)
LDR: ! Imported function 'cellGcmSetZcull' in 'cellGcmSys' module (0xeba518)
LDR: ! Imported function '_cellGcmSetFlipCommandWithWaitLabel' in 'cellGcmSys' module (0xeba538)
LDR: ! Imported function 'cellGcmGetConfiguration' in 'cellGcmSys' module (0xeba558)
LDR: ! Imported function 'cellGcmUnmapEaIoAddress' in 'cellGcmSys' module (0xeba578)
LDR: ! Imported function 'cellGcmGetLabelAddress' in 'cellGcmSys' module (0xeba598)
LDR: ! Imported function 'cellSysutilUnregisterCallback' in 'cellSysutil' module (0xeb89d8)
LDR: ! Imported function 'cellSysutilCheckCallback' in 'cellSysutil' module (0xeb89f8)
LDR: ! Imported function 'cellOskDialogGetInputText' in 'cellSysutil' module (0xeb8a18)
LDR: ! Imported function 'cellSaveDataListLoad2' in 'cellSysutil' module (0xeb8a38)
LDR: ! Imported function 'cellSysCacheMount' in 'cellSysutil' module (0xeb8a58)
LDR: ! Imported function 'cellSaveDataListAutoLoad' in 'cellSysutil' module (0xeb8a78)
LDR: ! Imported function 'cellSaveDataListSave2' in 'cellSysutil' module (0xeb8a98)
LDR: ! Imported function 'cellOskDialogUnloadAsync' in 'cellSysutil' module (0xeb8ab8)
LDR: ! Imported function 'cellSysutilGetSystemParamInt' in 'cellSysutil' module (0xeb8ad8)
LDR: ! Imported function 'cellOskDialogDisableDimmer' in 'cellSysutil' module (0xeb8af8)
LDR: ! Imported function 'cellAudioOutConfigure' in 'cellSysutil' module (0xeb8b18)
LDR: ! Imported function 'cellOskDialogSetSeparateWindowOption' in 'cellSysutil' module (0xeb8b38)
LDR: ! Imported function 'cellMsgDialogAbort' in 'cellSysutil' module (0xeb8b58)
LDR: ! Imported function 'cellSysCacheClear' in 'cellSysutil' module (0xeb8b78)
LDR: ! Imported function 'cellMsgDialogOpen2' in 'cellSysutil' module (0xeb8b98)
LDR: ! Imported function 'cellAudioOutGetDeviceInfo' in 'cellSysutil' module (0xeb8bb8)
LDR: ! Imported function 'cellOskDialogLoadAsync' in 'cellSysutil' module (0xeb8bd8)
LDR: ! Imported function 'cellSaveDataAutoSave2' in 'cellSysutil' module (0xeb8bf8)
LDR: ! Imported function 'cellMsgDialogProgressBarInc' in 'cellSysutil' module (0xeb8c18)
LDR: ! Imported function 'cellGameDataExitBroken' in 'cellSysutil' module (0xeb8c38)
LDR: ! Imported function 'cellSysutilRegisterCallback' in 'cellSysutil' module (0xeb8c58)
LDR: ! Imported function 'cellOskDialogSetKeyLayoutOption' in 'cellSysutil' module (0xeb8c78)
LDR: ! Imported function 'cellOskDialogAbort' in 'cellSysutil' module (0xeb8c98)
LDR: ! Imported function 'cellAudioOutGetSoundAvailability' in 'cellSysutil' module (0xeb8cb8)
LDR: ! Imported function 'cellGameDataCheckCreate2' in 'cellSysutil' module (0xeb8cd8)
LDR: ! Imported function 'cellAudioOutSetCopyControl' in 'cellSysutil' module (0xeb8cf8)
LDR: ! Imported function 'cellOskDialogSetDeviceMask' in 'cellSysutil' module (0xeb8d18)
LDR: ! Imported function 'cellSaveDataDelete2' in 'cellSysutil' module (0xeb8d38)
LDR: ! Imported function 'cellOskDialogSetLayoutMode' in 'cellSysutil' module (0xeb8d58)
LDR: ! Imported function 'cellOskDialogSetInitialInputDevice' in 'cellSysutil' module (0xeb8d78)
LDR: ! Imported function 'cellSaveDataAutoLoad2' in 'cellSysutil' module (0xeb8d98)
LDR: ! Imported function 'cellVideoOutConfigure' in 'cellSysutil' module (0xeba5b8)
LDR: ! Imported function 'cellVideoOutGetDeviceInfo' in 'cellSysutil' module (0xeba5d8)
LDR: ! Imported function 'cellVideoOutGetState' in 'cellSysutil' module (0xeba5f8)
LDR: ! Imported function 'cellVideoOutGetResolution' in 'cellSysutil' module (0xeba618)
LDR: ! Imported function '_cellSpursLFQueueInitialize' in 'cellSpurs' module (0xeb8db8)
LDR: ! Imported function 'cellSpursAttributeSetNamePrefix' in 'cellSpurs' module (0xeb8dd8)
LDR: ! Imported function '_cellSpursTasksetAttributeInitialize' in 'cellSpurs' module (0xeb8df8)
LDR: ! Imported function 'cellSpursLFQueueAttachLv2EventQueue' in 'cellSpurs' module (0xeb8e18)
LDR: ! Imported function 'cellSpursEventFlagDetachLv2EventQueue' in 'cellSpurs' module (0xeb8e38)
LDR: ! Imported function 'cellSpursCreateJobChainWithAttribute' in 'cellSpurs' module (0xeb8e58)
LDR: ! Imported function '_cellSpursJobChainAttributeInitialize' in 'cellSpurs' module (0xeb8e78)
LDR: ! Imported function 'cellSpursEventFlagWait' in 'cellSpurs' module (0xeb8e98)
LDR: ! Imported function 'cellSpursEventFlagClear' in 'cellSpurs' module (0xeb8eb8)
LDR: ! Imported function 'cellSpursDetachLv2EventQueue' in 'cellSpurs' module (0xeb8ed8)
LDR: ! Imported function '_cellSpursEventFlagInitialize' in 'cellSpurs' module (0xeb8ef8)
LDR: ! Imported function 'cellSpursTasksetAttributeSetName' in 'cellSpurs' module (0xeb8f18)
LDR: ! Imported function 'cellSpursJobGuardInitialize' in 'cellSpurs' module (0xeb8f38)
LDR: ! Imported function 'cellSpursShutdownJobChain' in 'cellSpurs' module (0xeb8f58)
LDR: ! Imported function 'cellSpursLFQueueDetachLv2EventQueue' in 'cellSpurs' module (0xeb8f78)
LDR: ! Imported function 'cellSpursEventFlagAttachLv2EventQueue' in 'cellSpurs' module (0xeb8f98)
LDR: ! Imported function '_cellSpursLFQueuePushBody' in 'cellSpurs' module (0xeb8fb8)
LDR: ! Imported function '_cellSpursAttributeInitialize' in 'cellSpurs' module (0xeb8fd8)
LDR: ! Imported function 'cellSpursJoinTaskset' in 'cellSpurs' module (0xeb8ff8)
LDR: ! Imported function 'cellSpursJobChainAttributeSetName' in 'cellSpurs' module (0xeb9018)
LDR: ! Imported function 'cellSpursShutdownTaskset' in 'cellSpurs' module (0xeb9038)
LDR: ! Imported function 'cellSpursJoinJobChain' in 'cellSpurs' module (0xeb9058)
LDR: ! Imported function 'cellSpursInitializeWithAttribute' in 'cellSpurs' module (0xeb9078)
LDR: ! Imported function 'cellSpursInitialize' in 'cellSpurs' module (0xeb9098)
LDR: ! Imported function 'cellSpursAttachLv2EventQueue' in 'cellSpurs' module (0xeb90b8)
LDR: ! Imported function 'cellSpursCreateTask' in 'cellSpurs' module (0xeb90d8)
LDR: ! Imported function 'cellSpursCreateTasksetWithAttribute' in 'cellSpurs' module (0xeb90f8)
LDR: ! Imported function 'cellSpursFinalize' in 'cellSpurs' module (0xeb9118)
LDR: ! Imported function 'cellSpursJobGuardNotify' in 'cellSpurs' module (0xeb9138)
LDR: ! Imported function 'cellSpursRunJobChain' in 'cellSpurs' module (0xeb9158)
LDR: ! Imported function 'cellSpursAddUrgentCommand' in 'cellSpurs' module (0xeba638)
LDR: ! Imported function 'cellSpursCreateTaskset' in 'cellSpurs' module (0xeba658)
LDR: ! Imported function 'cellSpursEventFlagTryWait' in 'cellSpurs' module (0xeba678)
LDR: ! Imported function 'cellPamfStreamTypeToEsFilterId' in 'cellPamf' module (0xeb9178)
LDR: ! Imported function 'cellPamfReaderSetStreamWithTypeAndIndex' in 'cellPamf' module (0xeb9198)
LDR: ! Imported function 'cellPamfGetStreamOffsetAndSize' in 'cellPamf' module (0xeb91b8)
LDR: ! Imported function 'cellPamfReaderGetPresentationStartTime' in 'cellPamf' module (0xeb91d8)
LDR: ! Imported function 'cellPamfReaderGetStreamInfo' in 'cellPamf' module (0xeb91f8)
LDR: ! Imported function 'cellPamfReaderGetStreamTypeAndChannel' in 'cellPamf' module (0xeb9218)
LDR: ! Imported function 'cellPamfReaderInitialize' in 'cellPamf' module (0xeb9238)
LDR: ! Imported function 'cellPamfGetHeaderSize' in 'cellPamf' module (0xeb9258)
LDR: ! Imported function 'cellPamfReaderGetNumberOfSpecificStreams' in 'cellPamf' module (0xeb9278)
LDR: ! Imported function 'cellDmuxQueryEsAttr' in 'cellDmux' module (0xeb9298)
LDR: ! Imported function 'cellDmuxSetStream' in 'cellDmux' module (0xeb92b8)
LDR: ! Imported function 'cellDmuxDisableEs' in 'cellDmux' module (0xeb92d8)
LDR: ! Imported function 'cellDmuxReleaseAu' in 'cellDmux' module (0xeb92f8)
LDR: ! Imported function 'cellDmuxGetAu' in 'cellDmux' module (0xeb9318)
LDR: ! Imported function 'cellDmuxOpen' in 'cellDmux' module (0xeb9338)
LDR: ! Imported function 'cellDmuxEnableEs' in 'cellDmux' module (0xeb9358)
LDR: ! Imported function 'cellDmuxClose' in 'cellDmux' module (0xeb9378)
LDR: ! Imported function 'cellDmuxQueryAttr' in 'cellDmux' module (0xeb9398)
LDR: ! Imported function 'cellDmuxFlushEs' in 'cellDmux' module (0xeb93b8)
LDR: ! Imported function 'cellVdecClose' in 'libvdec' module (0xeb93d8)
LDR: ! Imported function 'cellVdecGetPicItem' in 'libvdec' module (0xeb93f8)
LDR: ! Imported function 'cellVdecDecodeAu' in 'libvdec' module (0xeb9418)
LDR: ! Imported function 'cellVdecGetPicture' in 'libvdec' module (0xeb9438)
LDR: ! Imported function 'cellVdecEndSeq' in 'libvdec' module (0xeb9458)
LDR: ! Imported function 'cellVdecOpen' in 'libvdec' module (0xeb9478)
LDR: ! Imported function 'cellVdecStartSeq' in 'libvdec' module (0xeb9498)
LDR: ! Imported function 'cellVdecQueryAttr' in 'libvdec' module (0xeb94b8)
LDR: ! Imported function 'cellVpostClose' in 'cellVpost' module (0xeb94d8)
LDR: ! Imported function 'cellVpostQueryAttr' in 'cellVpost' module (0xeb94f8)
LDR: ! Imported function 'cellVpostExec' in 'cellVpost' module (0xeb9518)
LDR: ! Imported function 'cellVpostOpen' in 'cellVpost' module (0xeb9538)
LDR: ! Imported function 'cellAdecDecodeAu' in 'cellAdec' module (0xeb9558)
LDR: ! Imported function 'cellAdecStartSeq' in 'cellAdec' module (0xeb9578)
LDR: ! Imported function 'cellAdecQueryAttr' in 'cellAdec' module (0xeb9598)
LDR: ! Imported function 'cellAdecClose' in 'cellAdec' module (0xeb95b8)
LDR: ! Imported function 'cellAdecGetPcm' in 'cellAdec' module (0xeb95d8)
LDR: ! Imported function 'cellAdecGetPcmItem' in 'cellAdec' module (0xeb95f8)
LDR: ! Imported function 'cellAdecOpen' in 'cellAdec' module (0xeb9618)
LDR: ! Imported function 'cellAdecEndSeq' in 'cellAdec' module (0xeb9638)
LDR: ! Imported function 'UCS2stoSJISs' in 'cellL10n' module (0xeb9658)
LDR: ! Imported function 'UCS2stoUTF8s' in 'cellL10n' module (0xeb9678)
LDR: ! Imported function 'SJISstoUTF8s' in 'cellL10n' module (0xeb9698)
LDR: ! Imported function 'UTF8stoSJISs' in 'cellL10n' module (0xeb96b8)
LDR: ! Imported function 'UTF8stoUCS2s' in 'cellL10n' module (0xeb96d8)
LDR: ! Imported function 'cellAudioInit' in 'cellAudio' module (0xeb96f8)
LDR: ! Imported function 'cellAudioSetNotifyEventQueue' in 'cellAudio' module (0xeb9718)
LDR: ! Imported function 'cellAudioGetPortTimestamp' in 'cellAudio' module (0xeb9738)
LDR: ! Imported function 'cellAudioPortClose' in 'cellAudio' module (0xeb9758)
LDR: ! Imported function 'cellAudioPortStop' in 'cellAudio' module (0xeb9778)
LDR: ! Imported function 'cellAudioGetPortConfig' in 'cellAudio' module (0xeb9798)
LDR: ! Imported function 'cellAudioPortStart' in 'cellAudio' module (0xeb97b8)
LDR: ! Imported function 'cellAudioQuit' in 'cellAudio' module (0xeb97d8)
LDR: ! Imported function 'cellAudioPortOpen' in 'cellAudio' module (0xeb97f8)
LDR: ! Imported function 'cellAudioGetPortBlockTag' in 'cellAudio' module (0xeb9818)
LDR: ! Imported function 'cellAudioRemoveNotifyEventQueue' in 'cellAudio' module (0xeb9838)
LDR: ! Imported function 'cellRtcTickAddMinutes' in 'cellRtc' module (0xeb9858)
LDR: ! Imported function 'cellRtcTickAddYears' in 'cellRtc' module (0xeb9878)
LDR: ! Imported function 'cellRtcConvertLocalTimeToUtc' in 'cellRtc' module (0xeb9898)
LDR: ! Imported function 'cellRtcTickAddDays' in 'cellRtc' module (0xeb98b8)
LDR: ! Imported function 'cellRtcSetTick' in 'cellRtc' module (0xeb98d8)
LDR: ! Imported function 'cellRtcGetCurrentTick' in 'cellRtc' module (0xeb98f8)
LDR: ! Imported function 'cellRtcConvertUtcToLocalTime' in 'cellRtc' module (0xeb9918)
LDR: ! Imported function 'cellRtcGetTick' in 'cellRtc' module (0xeb9938)
LDR: ! Imported function 'cellRtcTickAddSeconds' in 'cellRtc' module (0xeb9958)
LDR: ! Imported function 'cellRtcTickAddHours' in 'cellRtc' module (0xeb9978)
LDR: ! Imported function 'cellRtcTickAddMonths' in 'cellRtc' module (0xeb9998)
LDR: ! Imported function 'cellJpgEncQueryAttr' in 'cellJpgEnc' module (0xeb99b8)
LDR: ! Imported function 'cellJpgEncWaitForInput' in 'cellJpgEnc' module (0xeb99d8)
LDR: ! Imported function 'cellJpgEncGetStreamInfo' in 'cellJpgEnc' module (0xeb99f8)
LDR: ! Imported function 'cellJpgEncClose' in 'cellJpgEnc' module (0xeb9a18)
LDR: ! Imported function 'cellJpgEncWaitForOutput' in 'cellJpgEnc' module (0xeb9a38)
LDR: ! Imported function 'cellJpgEncOpen' in 'cellJpgEnc' module (0xeb9a58)
LDR: ! Imported function 'cellJpgEncEncodePicture' in 'cellJpgEnc' module (0xeb9a78)
LDR: ! Imported function 'cellJpgDecReadHeader' in 'cellJpgDec' module (0xeb9a98)
LDR: ! Imported function 'cellJpgDecClose' in 'cellJpgDec' module (0xeb9ab8)
LDR: ! Imported function 'cellJpgDecOpen' in 'cellJpgDec' module (0xeb9ad8)
LDR: ! Imported function 'cellJpgDecCreate' in 'cellJpgDec' module (0xeb9af8)
LDR: ! Imported function 'cellJpgDecDecodeData' in 'cellJpgDec' module (0xeb9b18)
LDR: ! Imported function 'cellJpgDecDestroy' in 'cellJpgDec' module (0xeb9b38)
LDR: ! Imported function 'cellJpgDecSetParameter' in 'cellJpgDec' module (0xeb9b58)
LDR: ! Imported function 'cellSaveDataListDelete' in 'cellSaveData' module (0xeb9b78)
LDR: ! Imported function 'cellFiberPpuRunFibers' in 'cellFiber' module (0xeb9b98)
LDR: ! Imported function 'cellFiberPpuFinalizeScheduler' in 'cellFiber' module (0xeb9bb8)
LDR: ! Imported function '_cellFiberPpuSchedulerAttributeInitialize' in 'cellFiber' module (0xeb9bd8)
LDR: ! Imported function 'cellFiberPpuHasRunnableFiber' in 'cellFiber' module (0xeb9bf8)
LDR: ! Imported function 'cellFiberPpuInitializeScheduler' in 'cellFiber' module (0xeb9c18)
LDR: ! Imported function 'cellFiberPpuCheckFlags' in 'cellFiber' module (0xeb9c38)
LDR: ! Imported function '_cellFiberPpuInitialize' in 'cellFiber' module (0xeb9c58)
LDR: ! Imported function 'sceNpCommerce2DoCheckoutStartAsync' in 'sceNpCommerce2' module (0xeb9c78)
LDR: ! Imported function 'sceNpCommerce2DestroyReq' in 'sceNpCommerce2' module (0xeb9c98)
LDR: ! Imported function 'sceNpCommerce2Init' in 'sceNpCommerce2' module (0xeb9cb8)
LDR: ! Imported function 'sceNpCommerce2GetCategoryContentsStart' in 'sceNpCommerce2' module (0xeb9cd8)
LDR: ! Imported function 'sceNpCommerce2DoDlListFinishAsync' in 'sceNpCommerce2' module (0xeb9cf8)
LDR: ! Imported function 'sceNpCommerce2Term' in 'sceNpCommerce2' module (0xeb9d18)
LDR: ! Imported function 'sceNpCommerce2CreateSessionAbort' in 'sceNpCommerce2' module (0xeb9d38)
LDR: ! Imported function 'sceNpCommerce2DoDlListStartAsync' in 'sceNpCommerce2' module (0xeb9d58)
LDR: ! Imported function 'sceNpCommerce2DestroyCtx' in 'sceNpCommerce2' module (0xeb9d78)
LDR: ! Imported function 'sceNpCommerce2GetCategoryContentsCreateReq' in 'sceNpCommerce2' module (0xeb9d98)
LDR: ! Imported function 'sceNpCommerce2AbortReq' in 'sceNpCommerce2' module (0xeb9db8)
LDR: ! Imported function 'sceNpCommerce2CreateSessionFinish' in 'sceNpCommerce2' module (0xeb9dd8)
LDR: ! Imported function 'sceNpCommerce2GetContentInfo' in 'sceNpCommerce2' module (0xeb9df8)
LDR: ! Imported function 'sceNpCommerce2SetBGDLAvailability' in 'sceNpCommerce2' module (0xeb9e18)
LDR: ! Imported function 'sceNpCommerce2GetCategoryInfo' in 'sceNpCommerce2' module (0xeb9e38)
LDR: ! Imported function 'sceNpCommerce2GetCategoryContentsGetResult' in 'sceNpCommerce2' module (0xeb9e58)
LDR: ! Imported function 'sceNpCommerce2CreateSessionStart' in 'sceNpCommerce2' module (0xeb9e78)
LDR: ! Imported function 'sceNpCommerce2DoCheckoutFinishAsync' in 'sceNpCommerce2' module (0xeb9e98)
LDR: ! Imported function 'sceNpCommerce2InitGetCategoryContentsResult' in 'sceNpCommerce2' module (0xeb9eb8)
LDR: ! Imported function 'sceNpCommerce2CreateCtx' in 'sceNpCommerce2' module (0xeb9ed8)
LDR: ! Imported function 'sceNpCommerce2GetGameSkuInfoFromGameProductInfo' in 'sceNpCommerce2' module (0xeb9ef8)
LDR: ! Imported function 'sceNpCommerce2GetGameProductInfoFromContentInfo' in 'sceNpCommerce2' module (0xeb9f18)
LDR: ! Imported function 'sceNpCommerce2GetCategoryInfoFromContentInfo' in 'sceNpCommerce2' module (0xeb9f38)
LDR: ! Imported function 'cellSslEnd' in 'cellSsl' module (0xeb9f58)
LDR: ! Imported function 'cellSslCertificateLoader' in 'cellSsl' module (0xeb9f78)
LDR: ! Imported function 'cellSslInit' in 'cellSsl' module (0xeb9f98)
LDR: ! Imported function 'cellSysutilAvc2StopStreaming' in 'cellSysutilAvc2' module (0xeb9fb8)
LDR: ! Imported function 'cellSysutilAvc2SetVoiceMuting' in 'cellSysutilAvc2' module (0xeb9fd8)
LDR: ! Imported function 'cellSysutilAvc2StartVoiceDetection' in 'cellSysutilAvc2' module (0xeb9ff8)
LDR: ! Imported function 'cellSysutilAvc2UnloadAsync' in 'cellSysutilAvc2' module (0xeba018)
LDR: ! Imported function 'cellSysutilAvc2GetAttribute' in 'cellSysutilAvc2' module (0xeba038)
LDR: ! Imported function 'cellSysutilAvc2LoadAsync' in 'cellSysutilAvc2' module (0xeba058)
LDR: ! Imported function 'cellSysutilAvc2SetSpeakerVolumeLevel' in 'cellSysutilAvc2' module (0xeba078)
LDR: ! Imported function 'cellSysutilAvc2SetStreamingTarget' in 'cellSysutilAvc2' module (0xeba098)
LDR: ! Imported function 'cellSysutilAvc2GetSpeakerVolumeLevel' in 'cellSysutilAvc2' module (0xeba0b8)
LDR: ! Imported function 'cellSysutilAvc2JoinChatRequest' in 'cellSysutilAvc2' module (0xeba0d8)
LDR: ! Imported function 'cellSysutilAvc2StartStreaming' in 'cellSysutilAvc2' module (0xeba0f8)
LDR: ! Imported function 'cellSysutilAvc2InitParam' in 'cellSysutilAvc2' module (0xeba118)
LDR: ! Imported function 'cellSysutilAvc2SetStreamPriority' in 'cellSysutilAvc2' module (0xeba138)
LDR: ! Imported function 'cellSysutilAvc2LeaveChatRequest' in 'cellSysutilAvc2' module (0xeba158)
LDR: ! Imported function 'cellSysutilAvc2LeaveChat' in 'cellSysutilAvc2' module (0xeba178)
LDR: ! Imported function 'cellSysutilAvc2SetAttribute' in 'cellSysutilAvc2' module (0xeba198)
LDR: ! Imported function 'cellSysutilAvc2GetVoiceMuting' in 'cellSysutilAvc2' module (0xeba1b8)
LDR: ! Imported function 'cellGameGetHomeDataExportPath' in 'cellGameExec' module (0xeba1d8)
LDR: ! Imported function 'sys_lwmutex_lock' in 'sysPrxForUser' module (0xeba698)
LDR: ! Imported function 'sys_lwmutex_unlock' in 'sysPrxForUser' module (0xeba6b8)
LDR: ! Imported function 'sys_lwcond_destroy' in 'sysPrxForUser' module (0xeba6d8)
LDR: ! Imported function 'sys_ppu_thread_create' in 'sysPrxForUser' module (0xeba6f8)
LDR: ! Imported function 'sys_prx_load_module' in 'sysPrxForUser' module (0xeba718)
LDR: ! Imported function 'sys_lwcond_wait' in 'sysPrxForUser' module (0xeba738)
LDR: ! Imported function '_sys_process_atexitspawn' in 'sysPrxForUser' module (0xeba758)
LDR: ! Imported function 'sys_lwmutex_create' in 'sysPrxForUser' module (0xeba778)
LDR: ! Imported function 'sys_ppu_thread_get_id' in 'sysPrxForUser' module (0xeba798)
LDR: ! Imported function 'sys_prx_register_library' in 'sysPrxForUser' module (0xeba7b8)
LDR: ! Imported function 'sys_process_is_stack' in 'sysPrxForUser' module (0xeba7d8)
LDR: ! Imported function 'sys_spinlock_unlock' in 'sysPrxForUser' module (0xeba7f8)
LDR: ! Imported function 'sys_initialize_tls' in 'sysPrxForUser' module (0xeba818)
LDR: ! Imported function 'sys_time_get_system_time' in 'sysPrxForUser' module (0xeba838)
LDR: ! Imported function 'sys_spinlock_initialize' in 'sysPrxForUser' module (0xeba858)
LDR: ! Imported function '_sys_process_at_Exitspawn' in 'sysPrxForUser' module (0xeba878)
LDR: ! Imported function 'sys_spinlock_lock' in 'sysPrxForUser' module (0xeba898)
LDR: ! Imported function 'sys_prx_exitspawn_with_level' in 'sysPrxForUser' module (0xeba8b8)
LDR: ! Imported function 'sys_prx_load_module_on_memcontainer' in 'sysPrxForUser' module (0xeba8d8)
LDR: ! Imported function 'sys_lwmutex_trylock' in 'sysPrxForUser' module (0xeba8f8)
LDR: ! Imported function 'sys_ppu_thread_exit' in 'sysPrxForUser' module (0xeba918)
LDR: ! Imported function 'sys_lwmutex_destroy' in 'sysPrxForUser' module (0xeba938)
LDR: ! Imported function 'sys_lwcond_create' in 'sysPrxForUser' module (0xeba958)
LDR: ! Imported function 'sys_process_exit' in 'sysPrxForUser' module (0xeba978)
LDR: ! Imported function 'sys_lwcond_signal_all' in 'sysPrxForUser' module (0xeba998)
LDR: ! Imported function 'sys_lwcond_signal' in 'sysPrxForUser' module (0xeba9b8)
MEM: ! Thread Local Storage initialized (g_tls_start=0x1344000, user_size=0x244)
*** TLS segment addr: 0x011d3ef8
*** TLS segment size: 0x00000008
HLE: W {PPU[0x1] Thread (main_thread)[0x00eba778]} sysPrxForUser: sys_lwmutex_create(lwmutex=*0x13147e8, attr=*0xffd238)
HLE: W {PPU[0x1] Thread (main_thread)[0x00a6a788]} sys_memory: sys_memory_get_user_memory_size(mem_info=*0xd003fc04)
HLE: W {PPU[0x1] Thread (main_thread)[0x00eba778]} sysPrxForUser: sys_lwmutex_create(lwmutex=*0x13145f0, attr=*0xffd238)
HLE: W {PPU[0x1] Thread (main_thread)[0x00eba778]} sysPrxForUser: sys_lwmutex_create(lwmutex=*0x1313d78, attr=*0xffd238)
HLE: W {PPU[0x1] Thread (main_thread)[0x00eba778]} sysPrxForUser: sys_lwmutex_create(lwmutex=*0x1313da0, attr=*0xffd238)
HLE: W {PPU[0x1] Thread (main_thread)[0x00eba778]} sysPrxForUser: sys_lwmutex_create(lwmutex=*0x1313dc8, attr=*0xffd238)
HLE: W {PPU[0x1] Thread (main_thread)[0x00eba778]} sysPrxForUser: sys_lwmutex_create(lwmutex=*0x1313cb0, attr=*0xffd238)
HLE: W {PPU[0x1] Thread (main_thread)[0x00eba778]} sysPrxForUser: sys_lwmutex_create(lwmutex=*0x1313cd8, attr=*0xffd238)
HLE: W {PPU[0x1] Thread (main_thread)[0x00eba778]} sysPrxForUser: sys_lwmutex_create(lwmutex=*0x1313d00, attr=*0xffd238)
HLE: W {PPU[0x1] Thread (main_thread)[0x00eba778]} sysPrxForUser: sys_lwmutex_create(lwmutex=*0x1313d28, attr=*0xffd238)
HLE: W {PPU[0x1] Thread (main_thread)[0x00eba778]} sysPrxForUser: sys_lwmutex_create(lwmutex=*0x1313d50, attr=*0xffd238)
HLE: W {PPU[0x1] Thread (main_thread)[0x00eba778]} sysPrxForUser: sys_lwmutex_create(lwmutex=*0x1314938, attr=*0x11ddb18)
HLE: W {PPU[0x1] Thread (main_thread)[0x00eba778]} sysPrxForUser: sys_lwmutex_create(lwmutex=*0x13148b8, attr=*0x11ddb18)
HLE: W {PPU[0x1] Thread (main_thread)[0x00a68fec]} sys_memory: sys_memory_allocate(size=0x100000, flags=0x400, alloc_addr=*0xd003f830)
HLE: W {PPU[0x1] Thread (main_thread)[0x00eba778]} sysPrxForUser: sys_lwmutex_create(lwmutex=*0x20000020, attr=*0xffd238)
HLE: W {PPU[0x1] Thread (main_thread)[0x00eba778]} sysPrxForUser: sys_lwmutex_create(lwmutex=*0x200000a0, attr=*0xffd238)
HLE: W {PPU[0x1] Thread (main_thread)[0x00eba778]} sysPrxForUser: sys_lwmutex_create(lwmutex=*0x20000130, attr=*0xffd238)
HLE: W {PPU[0x1] Thread (main_thread)[0x00eba778]} sysPrxForUser: sys_lwmutex_create(lwmutex=*0x20000190, attr=*0xffd238)
HLE: W {PPU[0x1] Thread (main_thread)[0x00eba778]} sysPrxForUser: sys_lwmutex_create(lwmutex=*0x200001d0, attr=*0xffd238)
HLE: W {PPU[0x1] Thread (main_thread)[0x00eba778]} sysPrxForUser: sys_lwmutex_create(lwmutex=*0x20000210, attr=*0xffd238)
HLE: W {PPU[0x1] Thread (main_thread)[0x00eba778]} sysPrxForUser: sys_lwmutex_create(lwmutex=*0x200002d0, attr=*0xffd238)
HLE: W {PPU[0x1] Thread (main_thread)[0x00eba778]} sysPrxForUser: sys_lwmutex_create(lwmutex=*0x20000300, attr=*0xffd238)
HLE: W {PPU[0x1] Thread (main_thread)[0x00eba778]} sysPrxForUser: sys_lwmutex_create(lwmutex=*0x20000330, attr=*0xffd238)
HLE: W {PPU[0x1] Thread (main_thread)[0x00eba778]} sysPrxForUser: sys_lwmutex_create(lwmutex=*0x20000360, attr=*0xffd238)
HLE: W {PPU[0x1] Thread (main_thread)[0x00eba778]} sysPrxForUser: sys_lwmutex_create(lwmutex=*0x20000390, attr=*0xffd238)
HLE: W {PPU[0x1] Thread (main_thread)[0x00eba778]} sysPrxForUser: sys_lwmutex_create(lwmutex=*0x200003c0, attr=*0xffd238)
HLE: W {PPU[0x1] Thread (main_thread)[0x00b786e0]} sys_mutex: sys_mutex_create(mutex_id=*0x1339428, attr=*0xd003fbb0)
HLE: W {PPU[0x1] Thread (main_thread)[0x00a437d4]} sys_mutex: sys_mutex_create(mutex_id=*0x1313110, attr=*0xd003fba8)
HLE: W {PPU[0x1] Thread (main_thread)[0x00a437f8]} sys_cond: sys_cond_create(cond_id=*0x131310c, mutex_id=0x1c, attr=*0xd003fb90)
HLE: W {PPU[0x1] Thread (main_thread)[0x00a5a14c]} sys_time: sys_time_get_timezone(timezone=*0xd003fb20, summertime=*0xd003fb24)
HLE: W {PPU[0x1] Thread (main_thread)[0x00a5bbd4]} sys_time: sys_time_get_timezone(timezone=*0xd003fb20, summertime=*0xd003fb24)
HLE: W {PPU[0x1] Thread (main_thread)[0x00a5a0f0]} sys_time: sys_time_get_timezone(timezone=*0xd003fb20, summertime=*0xd003fb24)
HLE: W {PPU[0x1] Thread (main_thread)[0x00a5bbd4]} sys_time: sys_time_get_timezone(timezone=*0xd003fb20, summertime=*0xd003fb24)
HLE: W {PPU[0x1] Thread (main_thread)[0x00eba778]} sysPrxForUser: sys_lwmutex_create(lwmutex=*0x1312120, attr=*0xd003fb50)
TTY: ***** start shirokishi app *****\n
HLE: W {PPU[0x1] Thread (main_thread)[0x00eb76d8]} cellSysmodule: cellSysmoduleIsLoaded(id=0x001e: CELL_SYSMODULE_L10N)
HLE: E {PPU[0x1] Thread (main_thread)[0x00eb76d8]} cellSysmodule: cellSysmoduleIsLoaded() failed: module not loaded (id=0x001e)
HLE: W {PPU[0x1] Thread (main_thread)[0x00eb76b8]} cellSysmodule: cellSysmoduleLoadModule(id=0x001e: CELL_SYSMODULE_L10N)
HLE: W {PPU[0x1] Thread (main_thread)[0x00eba778]} sysPrxForUser: sys_lwmutex_create(lwmutex=*0x13123a0, attr=*0xd003f680)
HLE: W {PPU[0x1] Thread (main_thread)[0x00eba778]} sysPrxForUser: sys_lwmutex_create(lwmutex=*0x1312b10, attr=*0xd003f5f0)
HLE: W {PPU[0x1] Thread (main_thread)[0x00885d74]} sys_memory: sys_memory_get_user_memory_size(mem_info=*0xd003f724)
HLE: W {PPU[0x1] Thread (main_thread)[0x00a68fec]} sys_memory: sys_memory_allocate(size=0x4100000, flags=0x400, alloc_addr=*0xd003f510)
HLE: W {PPU[0x1] Thread (main_thread)[0x0002cae0]} sys_memory: sys_memory_container_create(cid=*0x11fee00, size=0x1800000)
HLE: W {PPU[0x1] Thread (main_thread)[0x0002cafc]} sys_memory: sys_memory_allocate_from_container(size=0x1800000, cid=0x21, flags=0x200, alloc_addr=*0x11fee04)
HLE: E {PPU[0x1] Thread (main_thread)[0x000352b4]} sys_vm: sys_vm_memory_map(vsize=0x10000000, psize=0x100000, cid=0xffffffff, flags=0x200, policy=0x1, addr=*0x11fee2c)
HLE: W {PPU[0x1] Thread (main_thread)[0x00eb76b8]} cellSysmodule: cellSysmoduleLoadModule(id=0x000e: CELL_SYSMODULE_FS)
HLE: W {PPU[0x1] Thread (main_thread)[0x00a03528]} sys_spu: sys_spu_initialize(max_usable_spu=4, max_raw_spu=0)
HLE: W {PPU[0x1] Thread (main_thread)[0x00eb9098]} cellSpurs: cellSpursInitialize(spurs=*0x240d7400, nSpus=4, spuPriority=250, ppuPriority=991, exitIfNoWork=-256)
HLE: W {PPU[0x1] Thread (main_thread)[0x00eb9098]} sys_process: sys_process_is_spu_lock_line_reservation_address(addr=0x240d7400, flags=0x2)
HLE: W {PPU[0x1] Thread (main_thread)[0x00eb9098]} sys_semaphore: sys_semaphore_create(sem_id=*0xd003f5b8, attr=*0xd003f598, initial_val=0, max_val=1)
HLE: W {PPU[0x1] Thread (main_thread)[0x00eb9098]} sys_semaphore: sys_semaphore_create(sem_id=*0xd003f5b8, attr=*0xd003f598, initial_val=0, max_val=1)
HLE: W {PPU[0x1] Thread (main_thread)[0x00eb9098]} sys_semaphore: sys_semaphore_create(sem_id=*0xd003f5b8, attr=*0xd003f598, initial_val=0, max_val=1)
HLE: W {PPU[0x1] Thread (main_thread)[0x00eb9098]} sys_semaphore: sys_semaphore_create(sem_id=*0xd003f5b8, attr=*0xd003f598, initial_val=0, max_val=1)
HLE: W {PPU[0x1] Thread (main_thread)[0x00eb9098]} sys_semaphore: sys_semaphore_create(sem_id=*0xd003f5b8, attr=*0xd003f598, initial_val=0, max_val=1)
HLE: W {PPU[0x1] Thread (main_thread)[0x00eb9098]} sys_semaphore: sys_semaphore_create(sem_id=*0xd003f5b8, attr=*0xd003f598, initial_val=0, max_val=1)
HLE: W {PPU[0x1] Thread (main_thread)[0x00eb9098]} sys_semaphore: sys_semaphore_create(sem_id=*0xd003f5b8, attr=*0xd003f598, initial_val=0, max_val=1)
HLE: W {PPU[0x1] Thread (main_thread)[0x00eb9098]} sys_semaphore: sys_semaphore_create(sem_id=*0xd003f5b8, attr=*0xd003f598, initial_val=0, max_val=1)
HLE: W {PPU[0x1] Thread (main_thread)[0x00eb9098]} sys_semaphore: sys_semaphore_create(sem_id=*0xd003f5b8, attr=*0xd003f598, initial_val=0, max_val=1)
HLE: W {PPU[0x1] Thread (main_thread)[0x00eb9098]} sys_semaphore: sys_semaphore_create(sem_id=*0xd003f5b8, attr=*0xd003f598, initial_val=0, max_val=1)
HLE: W {PPU[0x1] Thread (main_thread)[0x00eb9098]} sys_semaphore: sys_semaphore_create(sem_id=*0xd003f5b8, attr=*0xd003f598, initial_val=0, max_val=1)
HLE: W {PPU[0x1] Thread (main_thread)[0x00eb9098]} sys_semaphore: sys_semaphore_create(sem_id=*0xd003f5b8, attr=*0xd003f598, initial_val=0, max_val=1)
HLE: W {PPU[0x1] Thread (main_thread)[0x00eb9098]} sys_semaphore: sys_semaphore_create(sem_id=*0xd003f5b8, attr=*0xd003f598, initial_val=0, max_val=1)
HLE: W {PPU[0x1] Thread (main_thread)[0x00eb9098]} sys_semaphore: sys_semaphore_create(sem_id=*0xd003f5b8, attr=*0xd003f598, initial_val=0, max_val=1)
HLE: W {PPU[0x1] Thread (main_thread)[0x00eb9098]} sys_semaphore: sys_semaphore_create(sem_id=*0xd003f5b8, attr=*0xd003f598, initial_val=0, max_val=1)
HLE: W {PPU[0x1] Thread (main_thread)[0x00eb9098]} sys_semaphore: sys_semaphore_create(sem_id=*0xd003f5b8, attr=*0xd003f598, initial_val=0, max_val=1)
HLE: W {PPU[0x1] Thread (main_thread)[0x00eb9098]} sys_semaphore: sys_semaphore_create(sem_id=*0xd003f5b8, attr=*0xd003f598, initial_val=0, max_val=1)
HLE: W {PPU[0x1] Thread (main_thread)[0x00eb9098]} sys_spu: sys_spu_thread_group_create(id=*0xd003f578, num=4, prio=250, attr=*0xd003f4e8)
HLE: W {PPU[0x1] Thread (main_thread)[0x00eb9098]} sys_spu: sys_spu_thread_initialize(thread=*0xd003f4c0, group=0x33, spu_num=0, img=*0x240d8170, attr=*0xd003f4b0, arg=*0xd003f4c8)
HLE: E {PPU[0x1] Thread (main_thread)[0x00eb9098]} sys_spu: Unsupported SPU Thread options (0x2)
HLE: W {PPU[0x1] Thread (main_thread)[0x00eb9098]} sys_spu: sys_spu_thread_initialize(thread=*0xd003f4c0, group=0x33, spu_num=1, img=*0x240d8170, attr=*0xd003f4b0, arg=*0xd003f4c8)
HLE: E {PPU[0x1] Thread (main_thread)[0x00eb9098]} sys_spu: Unsupported SPU Thread options (0x2)
HLE: W {PPU[0x1] Thread (main_thread)[0x00eb9098]} sys_spu: sys_spu_thread_initialize(thread=*0xd003f4c0, group=0x33, spu_num=2, img=*0x240d8170, attr=*0xd003f4b0, arg=*0xd003f4c8)
HLE: E {PPU[0x1] Thread (main_thread)[0x00eb9098]} sys_spu: Unsupported SPU Thread options (0x2)
HLE: W {PPU[0x1] Thread (main_thread)[0x00eb9098]} sys_spu: sys_spu_thread_initialize(thread=*0xd003f4c0, group=0x33, spu_num=3, img=*0x240d8170, attr=*0xd003f4b0, arg=*0xd003f4c8)
HLE: E {PPU[0x1] Thread (main_thread)[0x00eb9098]} sys_spu: Unsupported SPU Thread options (0x2)
HLE: W {PPU[0x1] Thread (main_thread)[0x00eb9098]} sysPrxForUser: sys_lwmutex_create(lwmutex=*0x240d81b0, attr=*0xd003f580)
HLE: W {PPU[0x1] Thread (main_thread)[0x00eb9098]} sysPrxForUser: sys_lwcond_create(lwcond=*0x240d81c8, lwmutex=*0x240d81b0, attr=*0xd003f590)
HLE: W {PPU[0x1] Thread (main_thread)[0x00eb9098]} sys_event: sys_event_queue_create(equeue_id=*0x240d815c, attr=*0xd003f418, event_queue_key=0x0, size=42)
HLE: W {PPU[0x1] Thread (main_thread)[0x00eb9098]} sys_spu: sys_spu_thread_group_connect_event_all_threads(id=0x33, eq=0x3a, req=0xffffffffffff0000, spup=*0x240d74c9)
HLE: W {PPU[0x1] Thread (main_thread)[0x00eb9098]} sys_event: sys_event_port_create(eport_id=*0x240d8160, port_type=1, name=0x0)
HLE: W {PPU[0x1] Thread (main_thread)[0x00eb9098]} sys_event: sys_event_port_connect_local(eport_id=0x3b, equeue_id=0x3a)
HLE: W {PPU[0x1] Thread (main_thread)[0x00eb9098]} cellSpurs: cellSpursEnableExceptionEventHandler(spurs=*0x240d7400, flag=1)
HLE: W {PPU[0x3d] Thread (SpursHdlr0)[0x00000000]} sys_spu: sys_spu_thread_group_start(id=0x33)
HLE: W {PPU[0x1] Thread (main_thread)[0x00eb9098]} sys_spu: sys_spu_thread_group_connect_event(id=0x33, eq=0x3a, et=2)
SPU: S {PPU[0x3d] Thread (SpursHdlr0)[0x00000000]} SPU Database initialized...
SPU: S {PPU[0x3d] Thread (SpursHdlr0)[0x00000000]} SPU Recompiler (ASMJIT) created...
HLE: W {PPU[0x3d] Thread (SpursHdlr0)[0x00000000]} sys_spu: sys_spu_thread_group_join(id=0x33, cause=*0x0, status=*0x0)
HLE: W {PPU[0x1] Thread (main_thread)[0x00a02c14]} sys_event: sys_event_queue_create(equeue_id=*0x1312b64, attr=*0xd003f604, event_queue_key=0x0, size=8)
HLE: W {PPU[0x1] Thread (main_thread)[0x00eba6f8]} sysPrxForUser: sys_ppu_thread_create(thread_id=*0x1312b68, entry=0x11a5890, arg=0x1312b60, prio=998, stacksize=0x10000, flags=0x1, threadname=*0x1041c90)
HLE: W {PPU[0x1] Thread (main_thread)[0x00eba6f8]} sys_ppu_thread: _sys_ppu_thread_create(thread_id=*0x1312b68, param=*0xd003f588, arg=0x1312b60, unk=0x0, prio=998, stacksize=0x10000, flags=0x1, threadname=*0x1041c90)
SPU: S {SPU[0x34] Thread (CellSpursKernel0)[0x00818]} Function detected [0x00818-0x00820] (size=0x8)
HLE: W {PPU[0x1] Thread (main_thread)[0x00eba6f8]} sys_ppu_thread: sys_ppu_thread_start(thread_id=0x3f)
HLE: W {PPU[0x1] Thread (main_thread)[0x00a02c9c]} sys_event: sys_event_port_create(eport_id=*0x1312b70, port_type=1, name=0xfee1dead)
HLE: W {PPU[0x1] Thread (main_thread)[0x00a02cb4]} sys_event: sys_event_port_connect_local(eport_id=0x40, equeue_id=0x3e)
HLE: W {PPU[0x1] Thread (main_thread)[0x00eb90b8]} cellSpurs: cellSpursAttachLv2EventQueue(spurs=*0x240d7400, queue=0x3e, port=*0xd003f600, isDynamic=0)
HLE: W {PPU[0x1] Thread (main_thread)[0x00eb90b8]} sys_spu: sys_spu_thread_group_connect_event_all_threads(id=0x33, eq=0x3e, req=0x2, spup=*0xd003f600)
HLE: W {PPU[0x1] Thread (main_thread)[0x00eb76b8]} cellSysmodule: cellSysmoduleLoadModule(id=0x003d: CELL_SYSMODULE_JPGENC)
HLE: W {PPU[0x1] Thread (main_thread)[0x00eb76b8]} cellSysmodule: cellSysmoduleLoadModule(id=0x000f: CELL_SYSMODULE_JPGDEC)
HLE: W {PPU[0x1] Thread (main_thread)[0x00eb76b8]} cellSysmodule: cellSysmoduleLoadModule(id=0x0043: CELL_SYSMODULE_FIBER)
HLE: W {PPU[0x1] Thread (main_thread)[0x00eb76d8]} cellSysmodule: cellSysmoduleIsLoaded(id=0x0043: CELL_SYSMODULE_FIBER)
G: ! {PPU[0x1] Thread (main_thread)[0x00eb9c58]} Registers:
=========
GPR[0] = 0xffffffff80012003
GPR[1] = 0xd003f5c0
GPR[2] = 0x11d33e0
GPR[3] = 0x1344038
GPR[4] = 0x3e
GPR[5] = 0xd003f600
GPR[6] = 0x0
GPR[7] = 0x10000
GPR[8] = 0x1
GPR[9] = 0x134b030
GPR[10] = 0x127bc8
GPR[11] = 0x88
GPR[12] = 0x24000024
GPR[13] = 0x134b030
GPR[14] = 0x0
GPR[15] = 0x1342000
GPR[16] = 0x1341000
GPR[17] = 0x0
GPR[18] = 0x1340000
GPR[19] = 0x100000
GPR[20] = 0x0
GPR[21] = 0x0
GPR[22] = 0x0
GPR[23] = 0x12f0594
GPR[24] = 0x12f05e8
GPR[25] = 0x0
GPR[26] = 0x1341000
GPR[27] = 0xd003fa18
GPR[28] = 0x0
GPR[29] = 0xd003fa18
GPR[30] = 0x0
GPR[31] = 0x0
FPR[0] = 5
FPR[1] = 5
FPR[2] = 500
FPR[3] = 0.01
FPR[4] = 20
FPR[5] = 0.0064
FPR[6] = 6
FPR[7] = 1000
FPR[8] = 0.9
FPR[9] = 150
FPR[10] = 1
FPR[11] = 0.2
FPR[12] = -0.5
FPR[13] = 1
FPR[14] = 0
FPR[15] = 0
FPR[16] = 0
FPR[17] = 0
FPR[18] = 0
FPR[19] = 0
FPR[20] = 0
FPR[21] = 0
FPR[22] = 0
FPR[23] = 0
FPR[24] = 0
FPR[25] = 0
FPR[26] = 0
FPR[27] = 0
FPR[28] = 0
FPR[29] = 0
FPR[30] = 0
FPR[31] = 0
VPR[0] = 0x0000000000000000000000003f000000 [x: 0 y: 0 z: 0 w: 0.5]
VPR[1] = 0x00000000000000000000000000000000 [x: 0 y: 0 z: 0 w: 0]
VPR[2] = 0x00000000000000000000000000000000 [x: 0 y: 0 z: 0 w: 0]
VPR[3] = 0x00000000000000000000000000000000 [x: 0 y: 0 z: 0 w: 0]
VPR[4] = 0x00000000000000080000000000000007 [x: 0 y: 1.12104e-44 z: 0 w: 9.80909e-45]
VPR[5] = 0x00000002013eda289ed9e69a00000ac1 [x: 2.8026e-45 y: 3.5054e-38 z: -2.30711e-20 w: 3.85777e-42]
VPR[6] = 0x00000000000000000000000000000000 [x: 0 y: 0 z: 0 w: 0]
VPR[7] = 0xd20d6bb4000000000000000000000000 [x: -1.51849e+11 y: 0 z: 0 w: 0]
VPR[8] = 0x00000000023d2c708bce7e103f800000 [x: 0 y: 1.38983e-37 z: -7.9538e-32 w: 1]
VPR[9] = 0x00000000000000000000000000000000 [x: 0 y: 0 z: 0 w: 0]
VPR[10] = 0xc120000000000000c000000000000000 [x: -10 y: 0 z: -2 w: 0]
VPR[11] = 0x4120000000000000c000000000000000 [x: 10 y: 0 z: -2 w: 0]
VPR[12] = 0x0000000000000000c1c8000000000000 [x: 0 y: 0 z: -25 w: 0]
VPR[13] = 0xc170000000000000c120000000000000 [x: -15 y: 0 z: -10 w: 0]
VPR[14] = 0x062c4f77000000000000000000000000 [x: 3.2408e-35 y: 0 z: 0 w: 0]
VPR[15] = 0x00000000023d2a90a101a2d63f800000 [x: 0 y: 1.38977e-37 z: -4.39224e-19 w: 1]
VPR[16] = 0x00000000000000000000000000000000 [x: 0 y: 0 z: 0 w: 0]
VPR[17] = 0x00000000000000000000000000000000 [x: 0 y: 0 z: 0 w: 0]
VPR[18] = 0x00000000000000080000000000000007 [x: 0 y: 1.12104e-44 z: 0 w: 9.80909e-45]
VPR[19] = 0x00000002013eda605bd0006100000ac3 [x: 2.8026e-45 y: 3.50542e-38 z: 1.17094e+17 w: 3.86058e-42]
VPR[20] = 0x00000000000000000000000000000000 [x: 0 y: 0 z: 0 w: 0]
VPR[21] = 0x7784024a000000000000000000000000 [x: 5.35492e+33 y: 0 z: 0 w: 0]
VPR[22] = 0x00000000023d30506c0a03be3f800000 [x: 0 y: 1.38994e-37 z: 6.67398e+26 w: 1]
VPR[23] = 0x00000000000000000000000000000000 [x: 0 y: 0 z: 0 w: 0]
VPR[24] = 0x00000000000000000000000000000000 [x: 0 y: 0 z: 0 w: 0]
VPR[25] = 0x00000000000000080000000000000007 [x: 0 y: 1.12104e-44 z: 0 w: 9.80909e-45]
VPR[26] = 0x00000002013eda804017ef4b00000ac4 [x: 2.8026e-45 y: 3.50543e-38 z: 2.37398 w: 3.86198e-42]
VPR[27] = 0x00000000000000000000000000000000 [x: 0 y: 0 z: 0 w: 0]
VPR[28] = 0xdb6bbb60000000000000000000000000 [x: -6.63526e+16 y: 0 z: 0 w: 0]
VPR[29] = 0x00000000023d2b702a0dc00a3f800000 [x: 0 y: 1.3898e-37 z: 1.25899e-13 w: 1]
VPR[30] = 0x00000000000000000000000000000000 [x: 0 y: 0 z: 0 w: 0]
VPR[31] = 0x00000000000000000000000000000000 [x: 0 y: 0 z: 0 w: 0]
CR = 0x24000024
LR = 0xa546d4
CTR = 0x0
XER = 0x20000000 [CA=1 | OV=8589934592 | SO=0]
FPSCR = 0x0 [RN=0 | NI=0 | XE=0 | ZE=0 | UE=0 | OE=0 | VE=0 | VXCVI=0 | VXSQRT=0 | VXSOFT=0 | FPRF=0 | FI=0 | FR=0 | VXVC=0 | VXIMZ=0 | VXZDZ=0 | VXIDI=0 | VXISI=0 | VXSNAN=0 | XX=0 | ZX=0 | UX=0 | OX=0 | VX=0 | FEX=0 | FX=0]

G: E {PPU[0x1] Thread (main_thread)[0x00eb9c58]} Exception: LLE function not set: _cellFiberPpuInitialize (0x255870804)
(in file Emu\SysCalls\Modules.cpp:140, in function execute_ppu_func_by_index)
G: ! Stopping emulator...
G: ! All threads signaled...
G: ! {PPU[0x2] Thread (Callback Thread)[0x00000000]} Thread aborted
G: ! {PPU[0x3c] Thread (SpursHdlr1)[0x00000000]} Thread aborted
G: ! {SPU[0x35] Thread (CellSpursKernel1)[0x00818]} Thread aborted
G: ! {SPU[0x37] Thread (CellSpursKernel3)[0x00818]} Thread aborted
HLE: S {PPU[0x3f] Thread (spu_printf_handler)[0x00a02de8]} Last syscall: 130 (sys_event_queue_receive)
G: ! {SPU[0x34] Thread (CellSpursKernel0)[0x00818]} Thread aborted
G: ! {SPU[0x36] Thread (CellSpursKernel2)[0x00818]} Thread aborted
G: ! {PPU[0x3d] Thread (SpursHdlr0)[0x00000000]} Thread aborted
G: ! {PPU[0x3f] Thread (spu_printf_handler)[0x00a02de8]} Thread aborted
G: ! All threads stopped...
G: ! Objects cleared...
