LDR: E PSFLoader::Load() failed: unknown magic (0x0)
G: ! RPCS3 0.0.0.5 v0.0.0.5-2531-g69bde39
G: ! 
G: ! Stopping emulator...
LDR: ! Loading 'D:/Emulateurs/Rpcs3/dev_hdd0/game/BCES00935-[Puppeteer™]/PS3_GAME/USRDIR/BOOT.BIN'...
G: W fs::file::open('D:/Emulateurs/Rpcs3/dev_hdd0/game/BCES00935-[Puppeteer™]/PS3_GAME/dev_bdvd.path', 0x1) failed: error 0x2
LDR: ! 
LDR: ! Mount info:
LDR: ! /dev_usb000/ -> D:/Emulateurs/Rpcs3/dev_usb000/
LDR: ! /dev_flash/ -> D:/Emulateurs/Rpcs3/dev_flash/
LDR: ! /host_root/ -> 
LDR: ! /dev_hdd0/ -> D:/Emulateurs/Rpcs3/dev_hdd0/
LDR: ! /dev_hdd1/ -> D:/Emulateurs/Rpcs3/dev_hdd1/
LDR: ! /dev_bdvd/ -> D:/Emulateurs/Rpcs3/dev_hdd0/game/BCES00935-[Puppeteer™]/
LDR: ! /dev_usb/ -> D:/Emulateurs/Rpcs3/dev_usb000/
LDR: ! 
LDR: ! Settings:
LDR: ! CPU: PPU Interpreter 2
LDR: ! SPU: SPU Recompiler (ASMJIT)
LDR: ! Renderer: DirectX 12
LDR: ! D3D Adapter: Default
LDR: ! Resolution: 1280x720
LDR: ! Write Depth Buffer: No
LDR: ! Write Color Buffers: No
LDR: ! Read Color Buffer: No
LDR: ! Audio Out: XAudio2
LDR: ! Log Everything: No
LDR: ! RSX Logging: No
LDR: ! 
LDR: ! Title: Puppeteer™
LDR: ! Serial: BCES00935
LDR: ! Elf path: /dev_bdvd/PS3_GAME/USRDIR/BOOT.BIN
LDR: ! 
LDR: ! loader::init() failed: Broken file
LDR: ! *** sdk version: 0x440001
LDR: ! *** primary prio: 1001
LDR: ! *** primary stacksize: 0x10000
LDR: ! *** malloc pagesize: 0x100000
LDR: ! *** ppc seg: 0x0
LDR: ! Imported function 'cellPadInit' in 'sys_io' module (0x5e44fc)
LDR: ! Imported function 'cellPadEnd' in 'sys_io' module (0x5e451c)
LDR: ! Imported function 'cellPadSetPortSetting' in 'sys_io' module (0x5e453c)
LDR: ! Imported function 'cellPadGetData' in 'sys_io' module (0x5e455c)
LDR: ! Imported function 'cellPadGetInfo2' in 'sys_io' module (0x5e457c)
LDR: ! Imported function 'cellPadSetActDirect' in 'sys_io' module (0x5e459c)
LDR: ! Imported function 'cellFsRmdir' in 'sys_fs' module (0x5e45bc)
LDR: ! Imported function 'cellFsClose' in 'sys_fs' module (0x5e45dc)
LDR: ! Imported function 'cellFsOpendir' in 'sys_fs' module (0x5e45fc)
LDR: ! Imported function 'cellFsAioWrite' in 'sys_fs' module (0x5e461c)
LDR: ! Imported function 'cellFsRead' in 'sys_fs' module (0x5e463c)
LDR: ! Imported function 'cellFsReaddir' in 'sys_fs' module (0x5e465c)
LDR: ! Imported function 'cellFsOpen' in 'sys_fs' module (0x5e467c)
LDR: ! Imported function 'cellFsStat' in 'sys_fs' module (0x5e469c)
LDR: ! Imported function 'cellFsAioCancel' in 'sys_fs' module (0x5e46bc)
LDR: ! Imported function 'cellFsUnlink' in 'sys_fs' module (0x5e46dc)
LDR: ! Imported function 'cellFsFsync' in 'sys_fs' module (0x5e46fc)
LDR: ! Imported function 'cellFsAioFinish' in 'sys_fs' module (0x5e471c)
LDR: ! Imported function 'cellFsLseek' in 'sys_fs' module (0x5e473c)
LDR: ! Imported function 'cellFsMkdir' in 'sys_fs' module (0x5e475c)
LDR: ! Imported function 'cellFsAioRead' in 'sys_fs' module (0x5e477c)
LDR: ! Imported function 'cellFsAioInit' in 'sys_fs' module (0x5e479c)
LDR: ! Imported function 'cellFsWrite' in 'sys_fs' module (0x5e47bc)
LDR: ! Imported function 'cellFsFstat' in 'sys_fs' module (0x5e47dc)
LDR: ! Imported function 'cellFsRename' in 'sys_fs' module (0x5e47fc)
LDR: ! Imported function 'cellFsClosedir' in 'sys_fs' module (0x5e481c)
LDR: ! Imported function 'cellFsSdataOpen' in 'sys_fs' module (0x5e623c)
LDR: ! Imported function 'sys_lwmutex_lock' in 'sysPrxForUser' module (0x5e483c)
LDR: ! Imported function 'sys_lwmutex_unlock' in 'sysPrxForUser' module (0x5e485c)
LDR: ! Imported function 'sys_ppu_thread_create' in 'sysPrxForUser' module (0x5e487c)
LDR: ! Imported function '_sys_process_atexitspawn' in 'sysPrxForUser' module (0x5e489c)
LDR: ! Imported function 'sys_lwmutex_create' in 'sysPrxForUser' module (0x5e48bc)
LDR: ! Imported function 'sys_ppu_thread_get_id' in 'sysPrxForUser' module (0x5e48dc)
LDR: ! Imported function 'sys_prx_register_library' in 'sysPrxForUser' module (0x5e48fc)
LDR: ! Imported function 'sys_process_is_stack' in 'sysPrxForUser' module (0x5e491c)
LDR: ! Imported function 'sys_initialize_tls' in 'sysPrxForUser' module (0x5e493c)
LDR: ! Imported function 'sys_time_get_system_time' in 'sysPrxForUser' module (0x5e495c)
LDR: ! Imported function '_sys_process_at_Exitspawn' in 'sysPrxForUser' module (0x5e497c)
LDR: ! Imported function 'sys_prx_exitspawn_with_level' in 'sysPrxForUser' module (0x5e499c)
LDR: ! Imported function 'sys_ppu_thread_exit' in 'sysPrxForUser' module (0x5e49bc)
LDR: ! Imported function 'sys_lwmutex_destroy' in 'sysPrxForUser' module (0x5e49dc)
LDR: ! Imported function 'sys_process_exit' in 'sysPrxForUser' module (0x5e49fc)
LDR: ! Imported function '_cellSpursLFQueueInitialize' in 'cellSpurs' module (0x5e4a1c)
LDR: ! Imported function 'cellSpursQueueDetachLv2EventQueue' in 'cellSpurs' module (0x5e4a3c)
LDR: ! Imported function 'cellSpursAttributeSetNamePrefix' in 'cellSpurs' module (0x5e4a5c)
LDR: ! Imported function '_cellSpursQueueInitialize' in 'cellSpurs' module (0x5e4a7c)
LDR: ! Imported function 'cellSpursAttributeEnableSpuPrintfIfAvailable' in 'cellSpurs' module (0x5e4a9c)
LDR: ! Imported function '_cellSpursTasksetAttributeInitialize' in 'cellSpurs' module (0x5e4abc)
LDR: ! Imported function 'cellSpursLFQueueAttachLv2EventQueue' in 'cellSpurs' module (0x5e4adc)
LDR: ! Imported function 'cellSpursRequestIdleSpu' in 'cellSpurs' module (0x5e4afc)
LDR: ! Imported function 'cellSpursDestroyTaskset2' in 'cellSpurs' module (0x5e4b1c)
LDR: ! Imported function 'cellSpursGetInfo' in 'cellSpurs' module (0x5e4b3c)
LDR: ! Imported function 'cellSpursCreateJobChainWithAttribute' in 'cellSpurs' module (0x5e4b5c)
LDR: ! Imported function 'cellSpursInitializeWithAttribute2' in 'cellSpurs' module (0x5e4b7c)
LDR: ! Imported function '_cellSpursJobChainAttributeInitialize' in 'cellSpurs' module (0x5e4b9c)
LDR: ! Imported function 'cellSpursEventFlagWait' in 'cellSpurs' module (0x5e4bbc)
LDR: ! Imported function 'cellSpursWorkloadAttributeSetName' in 'cellSpurs' module (0x5e4bdc)
LDR: ! Imported function 'cellSpursCreateTaskset2' in 'cellSpurs' module (0x5e4bfc)
LDR: ! Imported function 'cellSpursGetWorkloadInfo' in 'cellSpurs' module (0x5e4c1c)
LDR: ! Imported function 'cellSpursDetachLv2EventQueue' in 'cellSpurs' module (0x5e4c3c)
LDR: ! Imported function 'cellSpursRemoveWorkload' in 'cellSpurs' module (0x5e4c5c)
LDR: ! Imported function '_cellSpursEventFlagInitialize' in 'cellSpurs' module (0x5e4c7c)
LDR: ! Imported function 'cellSpursWaitForWorkloadShutdown' in 'cellSpurs' module (0x5e4c9c)
LDR: ! Imported function 'cellSpursTasksetAttributeSetName' in 'cellSpurs' module (0x5e4cbc)
LDR: ! Imported function 'cellSpursShutdownJobChain' in 'cellSpurs' module (0x5e4cdc)
LDR: ! Imported function 'cellSpursLFQueueDetachLv2EventQueue' in 'cellSpurs' module (0x5e4cfc)
LDR: ! Imported function 'cellSpursBarrierInitialize' in 'cellSpurs' module (0x5e4d1c)
LDR: ! Imported function 'cellSpursSetPriorities' in 'cellSpurs' module (0x5e4d3c)
LDR: ! Imported function 'cellSpursEventFlagAttachLv2EventQueue' in 'cellSpurs' module (0x5e4d5c)
LDR: ! Imported function '_cellSpursLFQueuePushBody' in 'cellSpurs' module (0x5e4d7c)
LDR: ! Imported function '_cellSpursTaskAttribute2Initialize' in 'cellSpurs' module (0x5e4d9c)
LDR: ! Imported function 'cellSpursQueuePopBody' in 'cellSpurs' module (0x5e4dbc)
LDR: ! Imported function 'cellSpursQueuePushBody' in 'cellSpurs' module (0x5e4ddc)
LDR: ! Imported function '_cellSpursAttributeInitialize' in 'cellSpurs' module (0x5e4dfc)
LDR: ! Imported function 'cellSpursShutdownWorkload' in 'cellSpurs' module (0x5e4e1c)
LDR: ! Imported function 'cellSpursAttributeEnableSystemWorkload' in 'cellSpurs' module (0x5e4e3c)
LDR: ! Imported function 'cellSpursJoinTaskset' in 'cellSpurs' module (0x5e4e5c)
LDR: ! Imported function 'cellSpursJobChainAttributeSetName' in 'cellSpurs' module (0x5e4e7c)
LDR: ! Imported function 'cellSpursShutdownTaskset' in 'cellSpurs' module (0x5e4e9c)
LDR: ! Imported function 'cellSpursJoinTask2' in 'cellSpurs' module (0x5e4ebc)
LDR: ! Imported function 'cellSpursJoinJobChain' in 'cellSpurs' module (0x5e4edc)
LDR: ! Imported function 'cellSpursAttachLv2EventQueue' in 'cellSpurs' module (0x5e4efc)
LDR: ! Imported function 'cellSpursJobChainAttributeSetHaltOnError' in 'cellSpurs' module (0x5e4f1c)
LDR: ! Imported function 'cellSpursCreateTask' in 'cellSpurs' module (0x5e4f3c)
LDR: ! Imported function 'cellSpursAddWorkloadWithAttribute' in 'cellSpurs' module (0x5e4f5c)
LDR: ! Imported function 'cellSpursCreateTasksetWithAttribute' in 'cellSpurs' module (0x5e4f7c)
LDR: ! Imported function '_cellSpursTasksetAttribute2Initialize' in 'cellSpurs' module (0x5e4f9c)
LDR: ! Imported function 'cellSpursGetNumSpuThread' in 'cellSpurs' module (0x5e4fbc)
LDR: ! Imported function 'cellSpursFinalize' in 'cellSpurs' module (0x5e4fdc)
LDR: ! Imported function 'cellSpursSetExceptionEventHandler' in 'cellSpurs' module (0x5e4ffc)
LDR: ! Imported function '_cellSpursSendSignal' in 'cellSpurs' module (0x5e501c)
LDR: ! Imported function 'cellSpursCreateTask2' in 'cellSpurs' module (0x5e503c)
LDR: ! Imported function 'cellSpursQueueAttachLv2EventQueue' in 'cellSpurs' module (0x5e505c)
LDR: ! Imported function '_cellSpursWorkloadAttributeInitialize' in 'cellSpurs' module (0x5e507c)
LDR: ! Imported function 'cellSpursRunJobChain' in 'cellSpurs' module (0x5e509c)
LDR: ! Imported function 'cellSpursReadyCountStore' in 'cellSpurs' module (0x5e50bc)
LDR: ! Imported function 'cellSpursCreateTaskWithAttribute' in 'cellSpurs' module (0x5e625c)
LDR: ! Imported function 'cellSpursJobGuardInitialize' in 'cellSpurs' module (0x5e627c)
LDR: ! Imported function 'cellSpursTaskGetContextSaveAreaSize' in 'cellSpurs' module (0x5e629c)
LDR: ! Imported function 'cellSpursInitializeWithAttribute' in 'cellSpurs' module (0x5e62bc)
LDR: ! Imported function '_cellSpursTaskAttributeInitialize' in 'cellSpurs' module (0x5e62dc)
LDR: ! Imported function 'cellSpursJobGuardNotify' in 'cellSpurs' module (0x5e62fc)
LDR: ! Imported function 'cellSpursJobQueueAttributeSetDoBusyWaiting' in 'cellSpursJq' module (0x5e50dc)
LDR: ! Imported function 'cellSpursJobQueueAttributeSetSubmitWithEntryLock' in 'cellSpursJq' module (0x5e50fc)
LDR: ! Imported function 'cellSpursJobQueueAttributeSetMaxSizeJobDescriptor' in 'cellSpursJq' module (0x5e511c)
LDR: ! Imported function 'cellSpursJobQueueClose' in 'cellSpursJq' module (0x5e513c)
LDR: ! Imported function '_cellSpursJobQueuePushJob2Body' in 'cellSpursJq' module (0x5e515c)
LDR: ! Imported function 'cellSpursJobQueueAttributeInitialize' in 'cellSpursJq' module (0x5e517c)
LDR: ! Imported function 'cellSpursJobQueueSemaphoreInitialize' in 'cellSpursJq' module (0x5e519c)
LDR: ! Imported function 'cellSpursJobQueueSemaphoreAcquire' in 'cellSpursJq' module (0x5e51bc)
LDR: ! Imported function 'cellSpursJobQueueAttributeSetIsJobTypeMemoryCheck' in 'cellSpursJq' module (0x5e51dc)
LDR: ! Imported function 'cellSpursShutdownJobQueue' in 'cellSpursJq' module (0x5e51fc)
LDR: ! Imported function 'cellSpursJoinJobQueue' in 'cellSpursJq' module (0x5e521c)
LDR: ! Imported function 'cellSpursJobQueuePort2Destroy' in 'cellSpursJq' module (0x5e523c)
LDR: ! Imported function '_cellSpursJobQueuePort2PushJobBody' in 'cellSpursJq' module (0x5e525c)
LDR: ! Imported function 'cellSpursJobQueueAttributeSetGrabParameters' in 'cellSpursJq' module (0x5e527c)
LDR: ! Imported function 'cellSpursJobQueuePort2Create' in 'cellSpursJq' module (0x5e529c)
LDR: ! Imported function '_cellSpursCreateJobQueue' in 'cellSpursJq' module (0x5e52bc)
LDR: ! Imported function 'cellSpursJobQueuePort2Sync' in 'cellSpursJq' module (0x5e52dc)
LDR: ! Imported function 'cellSpursJobQueueAttributeSetIsHaltOnError' in 'cellSpursJq' module (0x5e52fc)
LDR: ! Imported function 'cellSpursJobQueueOpen' in 'cellSpursJq' module (0x5e531c)
LDR: ! Imported function 'cellSysmoduleUnloadModule' in 'cellSysmodule' module (0x5e533c)
LDR: ! Imported function 'cellSysmoduleLoadModule' in 'cellSysmodule' module (0x5e535c)
LDR: ! Imported function 'cellSysmoduleIsLoaded' in 'cellSysmodule' module (0x5e631c)
LDR: ! Imported function 'cellVideoOutConfigure' in 'cellSysutil' module (0x5e537c)
LDR: ! Imported function 'cellSysutilCheckCallback' in 'cellSysutil' module (0x5e539c)
LDR: ! Imported function 'cellSysCacheMount' in 'cellSysutil' module (0x5e53bc)
LDR: ! Imported function 'cellVideoOutGetDeviceInfo' in 'cellSysutil' module (0x5e53dc)
LDR: ! Imported function 'cellMsgDialogClose' in 'cellSysutil' module (0x5e53fc)
LDR: ! Imported function 'cellMsgDialogOpenErrorCode' in 'cellSysutil' module (0x5e541c)
LDR: ! Imported function 'cellSysutilGetSystemParamInt' in 'cellSysutil' module (0x5e543c)
LDR: ! Imported function 'cellMsgDialogAbort' in 'cellSysutil' module (0x5e545c)
LDR: ! Imported function 'cellSysCacheClear' in 'cellSysutil' module (0x5e547c)
LDR: ! Imported function 'cellVideoOutGetNumberOfDevice' in 'cellSysutil' module (0x5e549c)
LDR: ! Imported function 'cellMsgDialogOpen2' in 'cellSysutil' module (0x5e54bc)
LDR: ! Imported function 'cellMsgDialogProgressBarReset' in 'cellSysutil' module (0x5e54dc)
LDR: ! Imported function 'cellVideoOutGetState' in 'cellSysutil' module (0x5e54fc)
LDR: ! Imported function 'cellSaveDataAutoSave2' in 'cellSysutil' module (0x5e551c)
LDR: ! Imported function 'cellMsgDialogProgressBarInc' in 'cellSysutil' module (0x5e553c)
LDR: ! Imported function 'cellMsgDialogProgressBarSetMsg' in 'cellSysutil' module (0x5e555c)
LDR: ! Imported function 'cellSysutilRegisterCallback' in 'cellSysutil' module (0x5e557c)
LDR: ! Imported function 'cellVideoOutGetResolution' in 'cellSysutil' module (0x5e559c)
LDR: ! Imported function 'cellSaveDataDelete2' in 'cellSysutil' module (0x5e55bc)
LDR: ! Imported function 'cellSaveDataAutoLoad2' in 'cellSysutil' module (0x5e55dc)
LDR: ! Imported function 'cellSysutilUnregisterCallback' in 'cellSysutil' module (0x5e633c)
LDR: ! Imported function 'cellAudioOutConfigure' in 'cellSysutil' module (0x5e635c)
LDR: ! Imported function 'cellAudioOutGetDeviceInfo' in 'cellSysutil' module (0x5e637c)
LDR: ! Imported function 'cellAudioOutGetSoundAvailability' in 'cellSysutil' module (0x5e639c)
LDR: ! Imported function 'cellAudioOutSetCopyControl' in 'cellSysutil' module (0x5e63bc)
LDR: ! Imported function 'cellVideoOutGetScreenSize' in 'cellSysutilAvconfExt' module (0x5e55fc)
LDR: ! Imported function 'cellGcmGetTiledPitchSize' in 'cellGcmSys' module (0x5e561c)
LDR: ! Imported function 'cellGcmSetUserHandler' in 'cellGcmSys' module (0x5e563c)
LDR: ! Imported function '_cellGcmInitBody' in 'cellGcmSys' module (0x5e565c)
LDR: ! Imported function '_cellGcmSetFlipCommand' in 'cellGcmSys' module (0x5e567c)
LDR: ! Imported function 'cellGcmAddressToOffset' in 'cellGcmSys' module (0x5e569c)
LDR: ! Imported function 'cellGcmIoOffsetToAddress' in 'cellGcmSys' module (0x5e56bc)
LDR: ! Imported function '_cellGcmFunc15' in 'cellGcmSys' module (0x5e56dc)
LDR: ! Imported function 'cellGcmBindTile' in 'cellGcmSys' module (0x5e56fc)
LDR: ! Imported function 'cellGcmSetFlipMode' in 'cellGcmSys' module (0x5e571c)
LDR: ! Imported function 'cellGcmSetSecondVFrequency' in 'cellGcmSys' module (0x5e573c)
LDR: ! Imported function 'cellGcmGetTimeStamp' in 'cellGcmSys' module (0x5e575c)
LDR: ! Imported function 'cellGcmGetDefaultCommandWordSize' in 'cellGcmSys' module (0x5e577c)
LDR: ! Imported function 'cellGcmGetLastFlipTime' in 'cellGcmSys' module (0x5e579c)
LDR: ! Imported function 'cellGcmGetFlipStatus' in 'cellGcmSys' module (0x5e57bc)
LDR: ! Imported function 'cellGcmGetDefaultSegmentWordSize' in 'cellGcmSys' module (0x5e57dc)
LDR: ! Imported function 'cellGcmGetReport' in 'cellGcmSys' module (0x5e57fc)
LDR: ! Imported function 'cellGcmSetDefaultFifoSize' in 'cellGcmSys' module (0x5e581c)
LDR: ! Imported function 'cellGcmBindZcull' in 'cellGcmSys' module (0x5e583c)
LDR: ! Imported function 'cellGcmSetFlipHandler' in 'cellGcmSys' module (0x5e585c)
LDR: ! Imported function 'cellGcmSetDisplayBuffer' in 'cellGcmSys' module (0x5e587c)
LDR: ! Imported function 'cellGcmGetControlRegister' in 'cellGcmSys' module (0x5e589c)
LDR: ! Imported function 'cellGcmUnbindZcull' in 'cellGcmSys' module (0x5e58bc)
LDR: ! Imported function 'cellGcmSetVBlankHandler' in 'cellGcmSys' module (0x5e58dc)
LDR: ! Imported function 'cellGcmResetFlipStatus' in 'cellGcmSys' module (0x5e58fc)
LDR: ! Imported function 'cellGcmSetTileInfo' in 'cellGcmSys' module (0x5e591c)
LDR: ! Imported function 'cellGcmInitDefaultFifoMode' in 'cellGcmSys' module (0x5e593c)
LDR: ! Imported function '_cellGcmSetFlipCommandWithWaitLabel' in 'cellGcmSys' module (0x5e595c)
LDR: ! Imported function 'cellGcmUnbindTile' in 'cellGcmSys' module (0x5e597c)
LDR: ! Imported function 'cellGcmSetSecondVHandler' in 'cellGcmSys' module (0x5e599c)
LDR: ! Imported function 'cellGcmGetConfiguration' in 'cellGcmSys' module (0x5e59bc)
LDR: ! Imported function 'cellGcmGetLabelAddress' in 'cellGcmSys' module (0x5e59dc)
LDR: ! Imported function 'cellSyncBarrierInitialize' in 'cellSync' module (0x5e59fc)
LDR: ! Imported function 'cellSyncBarrierTryNotify' in 'cellSync' module (0x5e5a1c)
LDR: ! Imported function 'cellSyncBarrierTryWait' in 'cellSync' module (0x5e5a3c)
LDR: ! Imported function 'cellSyncLFQueueGetDirection' in 'cellSync' module (0x5e5a5c)
LDR: ! Imported function 'cellFiberPpuUtilWorkerControlRunFibers' in 'cellFiber' module (0x5e5a7c)
LDR: ! Imported function 'cellFiberPpuUtilWorkerControlJoinFiber' in 'cellFiber' module (0x5e5a9c)
LDR: ! Imported function '_cellFiberPpuUtilWorkerControlAttributeInitialize' in 'cellFiber' module (0x5e5abc)
LDR: ! Imported function 'cellFiberPpuUtilWorkerControlFinalize' in 'cellFiber' module (0x5e5adc)
LDR: ! Imported function 'cellFiberPpuUtilWorkerControlWakeup' in 'cellFiber' module (0x5e5afc)
LDR: ! Imported function 'cellFiberPpuUtilWorkerControlCreateFiber' in 'cellFiber' module (0x5e5b1c)
LDR: ! Imported function 'cellFiberPpuUtilWorkerControlShutdown' in 'cellFiber' module (0x5e5b3c)
LDR: ! Imported function '_cellFiberPpuAttributeInitialize' in 'cellFiber' module (0x5e5b5c)
LDR: ! Imported function 'cellFiberPpuUtilWorkerControlInitializeWithAttribute' in 'cellFiber' module (0x5e5b7c)
LDR: ! Imported function '_cellFiberPpuInitialize' in 'cellFiber' module (0x5e5b9c)
LDR: ! Imported function 'cellGameContentPermit' in 'cellGame' module (0x5e5bbc)
LDR: ! Imported function 'cellGameContentErrorDialog' in 'cellGame' module (0x5e5bdc)
LDR: ! Imported function 'cellGameBootCheck' in 'cellGame' module (0x5e5bfc)
LDR: ! Imported function 'sceNpTerm' in 'sceNp' module (0x5e5c1c)
LDR: ! Imported function 'sceNpDrmIsAvailable' in 'sceNp' module (0x5e5c3c)
LDR: ! Imported function 'sceNpInit' in 'sceNp' module (0x5e5c5c)
LDR: ! Imported function 'cellNetCtlTerm' in 'cellNetCtl' module (0x5e5c7c)
LDR: ! Imported function 'cellNetCtlInit' in 'cellNetCtl' module (0x5e5c9c)
LDR: ! Imported function 'sys_net_initialize_network_ex' in 'sys_net' module (0x5e5cbc)
LDR: ! Imported function 'sys_net_finalize_network' in 'sys_net' module (0x5e5cdc)
LDR: ! Imported function 'sceNpTrophyRegisterContext' in 'sceNpTrophy' module (0x5e5cfc)
LDR: ! Imported function 'sceNpTrophyCreateHandle' in 'sceNpTrophy' module (0x5e5d1c)
LDR: ! Imported function 'sceNpTrophySetSoundLevel' in 'sceNpTrophy' module (0x5e5d3c)
LDR: ! Imported function 'sceNpTrophyGetRequiredDiskSpace' in 'sceNpTrophy' module (0x5e5d5c)
LDR: ! Imported function 'sceNpTrophyInit' in 'sceNpTrophy' module (0x5e5d7c)
LDR: ! Imported function 'sceNpTrophyUnlockTrophy' in 'sceNpTrophy' module (0x5e5d9c)
LDR: ! Imported function 'sceNpTrophyTerm' in 'sceNpTrophy' module (0x5e5dbc)
LDR: ! Imported function 'sceNpTrophyGetTrophyUnlockState' in 'sceNpTrophy' module (0x5e5ddc)
LDR: ! Imported function 'sceNpTrophyCreateContext' in 'sceNpTrophy' module (0x5e5dfc)
LDR: ! Imported function 'cellGemUpdateStart' in 'libgem' module (0x5e5e1c)
LDR: ! Imported function 'cellGemInit' in 'libgem' module (0x5e5e3c)
LDR: ! Imported function 'cellGemConvertVideoFinish' in 'libgem' module (0x5e5e5c)
LDR: ! Imported function 'cellGemGetMemorySize' in 'libgem' module (0x5e5e7c)
LDR: ! Imported function 'cellGemUpdateFinish' in 'libgem' module (0x5e5e9c)
LDR: ! Imported function 'cellGemSetRumble' in 'libgem' module (0x5e5ebc)
LDR: ! Imported function 'cellGemGetState' in 'libgem' module (0x5e5edc)
LDR: ! Imported function 'cellGemConvertVideoStart' in 'libgem' module (0x5e5efc)
LDR: ! Imported function 'cellGemTrackHues' in 'libgem' module (0x5e5f1c)
LDR: ! Imported function 'cellGemGetImageState' in 'libgem' module (0x5e5f3c)
LDR: ! Imported function 'cellGemGetInfo' in 'libgem' module (0x5e5f5c)
LDR: ! Imported function 'cellGemPrepareCamera' in 'libgem' module (0x5e5f7c)
LDR: ! Imported function 'cellGemCalibrate' in 'libgem' module (0x5e5f9c)
LDR: ! Imported function 'cellGemPrepareVideoConvert' in 'libgem' module (0x5e5fbc)
LDR: ! Imported function 'cellGemForceRGB' in 'libgem' module (0x5e5fdc)
LDR: ! Imported function 'cellGemGetInertialState' in 'libgem' module (0x5e5ffc)
LDR: ! Imported function 'cellGemEnd' in 'libgem' module (0x5e601c)
LDR: ! Imported function 'cellGemInvalidateCalibration' in 'libgem' module (0x5e603c)
LDR: ! Imported function 'cellGemGetStatusFlags' in 'libgem' module (0x5e605c)
LDR: ! Imported function 'cellCameraGetBufferInfoEx' in 'cellCamera' module (0x5e607c)
LDR: ! Imported function 'cellCameraReadEx' in 'cellCamera' module (0x5e609c)
LDR: ! Imported function 'cellCameraClose' in 'cellCamera' module (0x5e60bc)
LDR: ! Imported function 'cellCameraRemoveNotifyEventQueue2' in 'cellCamera' module (0x5e60dc)
LDR: ! Imported function 'cellCameraStart' in 'cellCamera' module (0x5e60fc)
LDR: ! Imported function 'cellCameraGetType' in 'cellCamera' module (0x5e611c)
LDR: ! Imported function 'cellCameraEnd' in 'cellCamera' module (0x5e613c)
LDR: ! Imported function 'cellCameraOpenEx' in 'cellCamera' module (0x5e615c)
LDR: ! Imported function 'cellCameraIsStarted' in 'cellCamera' module (0x5e617c)
LDR: ! Imported function 'cellCameraReset' in 'cellCamera' module (0x5e619c)
LDR: ! Imported function 'cellCameraSetAttribute' in 'cellCamera' module (0x5e61bc)
LDR: ! Imported function 'cellCameraSetNotifyEventQueue2' in 'cellCamera' module (0x5e61dc)
LDR: ! Imported function 'cellCameraInit' in 'cellCamera' module (0x5e61fc)
LDR: ! Imported function 'cellCameraIsOpen' in 'cellCamera' module (0x5e621c)
LDR: ! Imported function 'cellAudioInit' in 'cellAudio' module (0x5e63dc)
LDR: ! Imported function 'cellAudioSetNotifyEventQueue' in 'cellAudio' module (0x5e63fc)
LDR: ! Imported function 'cellAudioGetPortTimestamp' in 'cellAudio' module (0x5e641c)
LDR: ! Imported function 'cellAudioPortClose' in 'cellAudio' module (0x5e643c)
LDR: ! Imported function 'cellAudioPortStop' in 'cellAudio' module (0x5e645c)
LDR: ! Imported function 'cellAudioGetPortConfig' in 'cellAudio' module (0x5e647c)
LDR: ! Imported function 'cellAudioPortStart' in 'cellAudio' module (0x5e649c)
LDR: ! Imported function 'cellAudioQuit' in 'cellAudio' module (0x5e64bc)
LDR: ! Imported function 'cellAudioPortOpen' in 'cellAudio' module (0x5e64dc)
LDR: ! Imported function 'cellAudioGetPortBlockTag' in 'cellAudio' module (0x5e64fc)
LDR: ! Imported function 'cellAudioRemoveNotifyEventQueue' in 'cellAudio' module (0x5e651c)
MEM: ! Thread Local Storage initialized (g_tls_start=0x18a6000, user_size=0x290)
*** TLS segment addr: 0x0078612c
*** TLS segment size: 0x000000c0
HLE: W {PPU[0x1] Thread (main_thread)[0x005e48bc]} sysPrxForUser: sys_lwmutex_create(lwmutex=*0x8660c8, attr=*0xd000fbb0)
HLE: E {PPU[0x1] Thread (main_thread)[0x00084168]} Unimplemented syscall 631: sys_gpio_get -> CELL_OK
HLE: W {PPU[0x1] Thread (main_thread)[0x00056b20]} sys_memory: sys_memory_allocate(size=0x400000, flags=0x400, alloc_addr=*0xd000fb00)
HLE: W {PPU[0x1] Thread (main_thread)[0x00056b20]} sys_memory: sys_memory_allocate(size=0x1f00000, flags=0x400, alloc_addr=*0xd000fb00)
HLE: W {PPU[0x1] Thread (main_thread)[0x005e48bc]} sysPrxForUser: sys_lwmutex_create(lwmutex=*0x189cd10, attr=*0x610d30)
HLE: W {PPU[0x1] Thread (main_thread)[0x005e48bc]} sysPrxForUser: sys_lwmutex_create(lwmutex=*0x189c498, attr=*0x610d30)
HLE: W {PPU[0x1] Thread (main_thread)[0x005e48bc]} sysPrxForUser: sys_lwmutex_create(lwmutex=*0x189c4c0, attr=*0x610d30)
HLE: W {PPU[0x1] Thread (main_thread)[0x005e48bc]} sysPrxForUser: sys_lwmutex_create(lwmutex=*0x189c4e8, attr=*0x610d30)
HLE: W {PPU[0x1] Thread (main_thread)[0x005e48bc]} sysPrxForUser: sys_lwmutex_create(lwmutex=*0x189c3d0, attr=*0x610d30)
HLE: W {PPU[0x1] Thread (main_thread)[0x005e48bc]} sysPrxForUser: sys_lwmutex_create(lwmutex=*0x189c3f8, attr=*0x610d30)
HLE: W {PPU[0x1] Thread (main_thread)[0x005e48bc]} sysPrxForUser: sys_lwmutex_create(lwmutex=*0x189c420, attr=*0x610d30)
HLE: W {PPU[0x1] Thread (main_thread)[0x005e48bc]} sysPrxForUser: sys_lwmutex_create(lwmutex=*0x189c448, attr=*0x610d30)
HLE: W {PPU[0x1] Thread (main_thread)[0x005e48bc]} sysPrxForUser: sys_lwmutex_create(lwmutex=*0x189c470, attr=*0x610d30)
HLE: W {PPU[0x1] Thread (main_thread)[0x005e48bc]} sysPrxForUser: sys_lwmutex_create(lwmutex=*0x79ff88, attr=*0xd000fbd0)
HLE: W {PPU[0x1] Thread (main_thread)[0x005e48bc]} sysPrxForUser: sys_lwmutex_create(lwmutex=*0x189cd98, attr=*0x79d540)
HLE: W {PPU[0x1] Thread (main_thread)[0x005e48bc]} sysPrxForUser: sys_lwmutex_create(lwmutex=*0x189cd58, attr=*0x79d550)
HLE: W {PPU[0x1] Thread (main_thread)[0x005e48bc]} sysPrxForUser: sys_lwmutex_create(lwmutex=*0x189ae88, attr=*0xd000fbf0)
HLE: W {PPU[0x1] Thread (main_thread)[0x005e557c]} cellSysutil: cellSysutilRegisterCallback(slot=0, func=*0x780f88, userdata=*0x0)
HLE: W {PPU[0x1] Thread (main_thread)[0x005e535c]} cellSysmodule: cellSysmoduleLoadModule(id=0x0050: CELL_SYSMODULE_SPURS_JQ)
HLE: W {PPU[0x1] Thread (main_thread)[0x005e535c]} cellSysmodule: cellSysmoduleLoadModule(id=0x0043: CELL_SYSMODULE_FIBER)
HLE: W {PPU[0x1] Thread (main_thread)[0x005e535c]} cellSysmodule: cellSysmoduleLoadModule(id=0x0000: CELL_SYSMODULE_NET)
HLE: W {PPU[0x1] Thread (main_thread)[0x005e535c]} cellSysmodule: cellSysmoduleLoadModule(id=0x003e: CELL_SYSMODULE_SYSUTIL_GAME)
HLE: W {PPU[0x1] Thread (main_thread)[0x005e535c]} cellSysmodule: cellSysmoduleLoadModule(id=0x0016: CELL_SYSMODULE_SYSUTIL_NP)
HLE: W {PPU[0x1] Thread (main_thread)[0x005e535c]} cellSysmodule: cellSysmoduleLoadModule(id=0x0023: CELL_SYSMODULE_CAMERA)
HLE: W {PPU[0x1] Thread (main_thread)[0x005e535c]} cellSysmodule: cellSysmoduleLoadModule(id=0x005a: CELL_SYSMODULE_GEM)
HLE: W {PPU[0x1] Thread (main_thread)[0x005e535c]} cellSysmodule: cellSysmoduleLoadModule(id=0x0031: CELL_SYSMODULE_AVCONF_EXT)
HLE: W {PPU[0x1] Thread (main_thread)[0x005e535c]} cellSysmodule: cellSysmoduleLoadModule(id=0x0044: CELL_SYSMODULE_SYSUTIL_NP_COMMERCE2)
HLE: W {PPU[0x1] Thread (main_thread)[0x003ed3dc]} sys_spu: sys_spu_initialize(max_usable_spu=6, max_raw_spu=0)
HLE: W {PPU[0x1] Thread (main_thread)[0x005e4dfc]} cellSpurs: _cellSpursAttributeInitialize(attr=*0xd000f940, revision=2, sdkVersion=0x330000, nSpus=6, spuPriority=32, ppuPriority=110, exitIfNoWork=0)
HLE: W {PPU[0x1] Thread (main_thread)[0x005e4a5c]} cellSpurs: cellSpursAttributeSetNamePrefix(attr=*0xd000f940, prefix=*0x5e72bc, size=9)
HLE: W {PPU[0x1] Thread (main_thread)[0x005e4a9c]} cellSpurs: cellSpursAttributeEnableSpuPrintfIfAvailable(attr=*0xd000f940)
HLE: W {PPU[0x1] Thread (main_thread)[0x005e4e3c]} cellSpurs: cellSpursAttributeEnableSystemWorkload(attr=*0xd000f940, priority=*0xd000fb40, maxSpu=1, isPreemptible=*0xd000fb48)
HLE: W {PPU[0x1] Thread (main_thread)[0x005e4b7c]} cellSpurs: cellSpursInitializeWithAttribute2(spurs=*0x812700, attr=*0xd000f940)
HLE: W {PPU[0x1] Thread (main_thread)[0x005e4b7c]} sys_process: sys_process_is_spu_lock_line_reservation_address(addr=0x812700, flags=0x2)
HLE: W {PPU[0x1] Thread (main_thread)[0x005e4b7c]} sys_semaphore: sys_semaphore_create(sem_id=*0xd000f8c8, attr=*0xd000f8a8, initial_val=0, max_val=1)
HLE: W {PPU[0x1] Thread (main_thread)[0x005e4b7c]} sys_semaphore: sys_semaphore_create(sem_id=*0xd000f8c8, attr=*0xd000f8a8, initial_val=0, max_val=1)
HLE: W {PPU[0x1] Thread (main_thread)[0x005e4b7c]} sys_semaphore: sys_semaphore_create(sem_id=*0xd000f8c8, attr=*0xd000f8a8, initial_val=0, max_val=1)
HLE: W {PPU[0x1] Thread (main_thread)[0x005e4b7c]} sys_semaphore: sys_semaphore_create(sem_id=*0xd000f8c8, attr=*0xd000f8a8, initial_val=0, max_val=1)
HLE: W {PPU[0x1] Thread (main_thread)[0x005e4b7c]} sys_semaphore: sys_semaphore_create(sem_id=*0xd000f8c8, attr=*0xd000f8a8, initial_val=0, max_val=1)
HLE: W {PPU[0x1] Thread (main_thread)[0x005e4b7c]} sys_semaphore: sys_semaphore_create(sem_id=*0xd000f8c8, attr=*0xd000f8a8, initial_val=0, max_val=1)
HLE: W {PPU[0x1] Thread (main_thread)[0x005e4b7c]} sys_semaphore: sys_semaphore_create(sem_id=*0xd000f8c8, attr=*0xd000f8a8, initial_val=0, max_val=1)
HLE: W {PPU[0x1] Thread (main_thread)[0x005e4b7c]} sys_semaphore: sys_semaphore_create(sem_id=*0xd000f8c8, attr=*0xd000f8a8, initial_val=0, max_val=1)
HLE: W {PPU[0x1] Thread (main_thread)[0x005e4b7c]} sys_semaphore: sys_semaphore_create(sem_id=*0xd000f8c8, attr=*0xd000f8a8, initial_val=0, max_val=1)
HLE: W {PPU[0x1] Thread (main_thread)[0x005e4b7c]} sys_semaphore: sys_semaphore_create(sem_id=*0xd000f8c8, attr=*0xd000f8a8, initial_val=0, max_val=1)
HLE: W {PPU[0x1] Thread (main_thread)[0x005e4b7c]} sys_semaphore: sys_semaphore_create(sem_id=*0xd000f8c8, attr=*0xd000f8a8, initial_val=0, max_val=1)
HLE: W {PPU[0x1] Thread (main_thread)[0x005e4b7c]} sys_semaphore: sys_semaphore_create(sem_id=*0xd000f8c8, attr=*0xd000f8a8, initial_val=0, max_val=1)
HLE: W {PPU[0x1] Thread (main_thread)[0x005e4b7c]} sys_semaphore: sys_semaphore_create(sem_id=*0xd000f8c8, attr=*0xd000f8a8, initial_val=0, max_val=1)
HLE: W {PPU[0x1] Thread (main_thread)[0x005e4b7c]} sys_semaphore: sys_semaphore_create(sem_id=*0xd000f8c8, attr=*0xd000f8a8, initial_val=0, max_val=1)
HLE: W {PPU[0x1] Thread (main_thread)[0x005e4b7c]} sys_semaphore: sys_semaphore_create(sem_id=*0xd000f8c8, attr=*0xd000f8a8, initial_val=0, max_val=1)
HLE: W {PPU[0x1] Thread (main_thread)[0x005e4b7c]} sys_semaphore: sys_semaphore_create(sem_id=*0xd000f8c8, attr=*0xd000f8a8, initial_val=0, max_val=1)
HLE: W {PPU[0x1] Thread (main_thread)[0x005e4b7c]} sys_semaphore: sys_semaphore_create(sem_id=*0xd000f8c8, attr=*0xd000f8a8, initial_val=0, max_val=1)
HLE: W {PPU[0x1] Thread (main_thread)[0x005e4b7c]} sys_semaphore: sys_semaphore_create(sem_id=*0xd000f8c8, attr=*0xd000f8a8, initial_val=0, max_val=1)
HLE: W {PPU[0x1] Thread (main_thread)[0x005e4b7c]} sys_semaphore: sys_semaphore_create(sem_id=*0xd000f8c8, attr=*0xd000f8a8, initial_val=0, max_val=1)
HLE: W {PPU[0x1] Thread (main_thread)[0x005e4b7c]} sys_semaphore: sys_semaphore_create(sem_id=*0xd000f8c8, attr=*0xd000f8a8, initial_val=0, max_val=1)
HLE: W {PPU[0x1] Thread (main_thread)[0x005e4b7c]} sys_semaphore: sys_semaphore_create(sem_id=*0xd000f8c8, attr=*0xd000f8a8, initial_val=0, max_val=1)
HLE: W {PPU[0x1] Thread (main_thread)[0x005e4b7c]} sys_semaphore: sys_semaphore_create(sem_id=*0xd000f8c8, attr=*0xd000f8a8, initial_val=0, max_val=1)
HLE: W {PPU[0x1] Thread (main_thread)[0x005e4b7c]} sys_semaphore: sys_semaphore_create(sem_id=*0xd000f8c8, attr=*0xd000f8a8, initial_val=0, max_val=1)
HLE: W {PPU[0x1] Thread (main_thread)[0x005e4b7c]} sys_semaphore: sys_semaphore_create(sem_id=*0xd000f8c8, attr=*0xd000f8a8, initial_val=0, max_val=1)
HLE: W {PPU[0x1] Thread (main_thread)[0x005e4b7c]} sys_semaphore: sys_semaphore_create(sem_id=*0xd000f8c8, attr=*0xd000f8a8, initial_val=0, max_val=1)
HLE: W {PPU[0x1] Thread (main_thread)[0x005e4b7c]} sys_semaphore: sys_semaphore_create(sem_id=*0xd000f8c8, attr=*0xd000f8a8, initial_val=0, max_val=1)
HLE: W {PPU[0x1] Thread (main_thread)[0x005e4b7c]} sys_semaphore: sys_semaphore_create(sem_id=*0xd000f8c8, attr=*0xd000f8a8, initial_val=0, max_val=1)
HLE: W {PPU[0x1] Thread (main_thread)[0x005e4b7c]} sys_semaphore: sys_semaphore_create(sem_id=*0xd000f8c8, attr=*0xd000f8a8, initial_val=0, max_val=1)
HLE: W {PPU[0x1] Thread (main_thread)[0x005e4b7c]} sys_semaphore: sys_semaphore_create(sem_id=*0xd000f8c8, attr=*0xd000f8a8, initial_val=0, max_val=1)
HLE: W {PPU[0x1] Thread (main_thread)[0x005e4b7c]} sys_semaphore: sys_semaphore_create(sem_id=*0xd000f8c8, attr=*0xd000f8a8, initial_val=0, max_val=1)
HLE: W {PPU[0x1] Thread (main_thread)[0x005e4b7c]} sys_semaphore: sys_semaphore_create(sem_id=*0xd000f8c8, attr=*0xd000f8a8, initial_val=0, max_val=1)
HLE: W {PPU[0x1] Thread (main_thread)[0x005e4b7c]} sys_semaphore: sys_semaphore_create(sem_id=*0xd000f8c8, attr=*0xd000f8a8, initial_val=0, max_val=1)
HLE: W {PPU[0x1] Thread (main_thread)[0x005e4b7c]} sys_semaphore: sys_semaphore_create(sem_id=*0xd000f8c8, attr=*0xd000f8a8, initial_val=0, max_val=1)
HLE: W {PPU[0x1] Thread (main_thread)[0x005e4b7c]} sys_spu: sys_spu_thread_group_create(id=*0xd000f888, num=6, prio=32, attr=*0xd000f7f8)
HLE: E {PPU[0x1] Thread (main_thread)[0x005e4b7c]} sys_spu TODO: Unsupported SPU Thread Group type (0x20)
HLE: W {PPU[0x1] Thread (main_thread)[0x005e4b7c]} sys_spu: sys_spu_thread_initialize(thread=*0xd000f7d0, group=0x32, spu_num=0, img=*0x813470, attr=*0xd000f7c0, arg=*0xd000f7d8)
HLE: E {PPU[0x1] Thread (main_thread)[0x005e4b7c]} sys_spu: Unsupported SPU Thread options (0x2)
HLE: W {PPU[0x1] Thread (main_thread)[0x005e4b7c]} sys_spu: sys_spu_thread_initialize(thread=*0xd000f7d0, group=0x32, spu_num=1, img=*0x813470, attr=*0xd000f7c0, arg=*0xd000f7d8)
HLE: E {PPU[0x1] Thread (main_thread)[0x005e4b7c]} sys_spu: Unsupported SPU Thread options (0x2)
HLE: W {PPU[0x1] Thread (main_thread)[0x005e4b7c]} sys_spu: sys_spu_thread_initialize(thread=*0xd000f7d0, group=0x32, spu_num=2, img=*0x813470, attr=*0xd000f7c0, arg=*0xd000f7d8)
HLE: E {PPU[0x1] Thread (main_thread)[0x005e4b7c]} sys_spu: Unsupported SPU Thread options (0x2)
HLE: W {PPU[0x1] Thread (main_thread)[0x005e4b7c]} sys_spu: sys_spu_thread_initialize(thread=*0xd000f7d0, group=0x32, spu_num=3, img=*0x813470, attr=*0xd000f7c0, arg=*0xd000f7d8)
HLE: E {PPU[0x1] Thread (main_thread)[0x005e4b7c]} sys_spu: Unsupported SPU Thread options (0x2)
HLE: W {PPU[0x1] Thread (main_thread)[0x005e4b7c]} sys_spu: sys_spu_thread_initialize(thread=*0xd000f7d0, group=0x32, spu_num=4, img=*0x813470, attr=*0xd000f7c0, arg=*0xd000f7d8)
HLE: E {PPU[0x1] Thread (main_thread)[0x005e4b7c]} sys_spu: Unsupported SPU Thread options (0x2)
HLE: W {PPU[0x1] Thread (main_thread)[0x005e4b7c]} sys_spu: sys_spu_thread_initialize(thread=*0xd000f7d0, group=0x32, spu_num=5, img=*0x813470, attr=*0xd000f7c0, arg=*0xd000f7d8)
HLE: E {PPU[0x1] Thread (main_thread)[0x005e4b7c]} sys_spu: Unsupported SPU Thread options (0x2)
HLE: W {PPU[0x1] Thread (main_thread)[0x005e4b7c]} sysPrxForUser: sys_lwmutex_create(lwmutex=*0x8134b0, attr=*0xd000f890)
HLE: W {PPU[0x1] Thread (main_thread)[0x005e4b7c]} sysPrxForUser: sys_lwcond_create(lwcond=*0x8134c8, lwmutex=*0x8134b0, attr=*0xd000f8a0)
HLE: W {PPU[0x1] Thread (main_thread)[0x005e4b7c]} sys_event: sys_event_queue_create(equeue_id=*0x81345c, attr=*0xd000f728, event_queue_key=0x0, size=42)
HLE: W {PPU[0x1] Thread (main_thread)[0x005e4b7c]} sys_spu: sys_spu_thread_group_connect_event_all_threads(id=0x32, eq=0x3b, req=0xffffffffffff0000, spup=*0x8127c9)
HLE: W {PPU[0x1] Thread (main_thread)[0x005e4b7c]} sys_event: sys_event_port_create(eport_id=*0x813460, port_type=1, name=0x0)
HLE: W {PPU[0x1] Thread (main_thread)[0x005e4b7c]} sys_event: sys_event_port_connect_local(eport_id=0x3c, equeue_id=0x3b)
HLE: W {PPU[0x3e] Thread (MainSpursSpursHdlr0)[0x00000000]} sys_spu: sys_spu_thread_group_start(id=0x32)
HLE: W {PPU[0x1] Thread (main_thread)[0x005e4b7c]} cellSpurs: cellSpursEnableExceptionEventHandler(spurs=*0x812700, flag=1)
HLE: W {PPU[0x1] Thread (main_thread)[0x005e4b7c]} sys_spu: sys_spu_thread_group_connect_event(id=0x32, eq=0x3b, et=2)
SPU: S {PPU[0x3e] Thread (MainSpursSpursHdlr0)[0x00000000]} SPU Database initialized...
SPU: S {PPU[0x3e] Thread (MainSpursSpursHdlr0)[0x00000000]} SPU Recompiler (ASMJIT) created...
HLE: W {PPU[0x3e] Thread (MainSpursSpursHdlr0)[0x00000000]} sys_spu: sys_spu_thread_group_join(id=0x32, cause=*0x0, status=*0x0)
HLE: W {PPU[0x1] Thread (main_thread)[0x005e535c]} cellSysmodule: cellSysmoduleLoadModule(id=0x0050: CELL_SYSMODULE_SPURS_JQ)
HLE: E {PPU[0x1] Thread (main_thread)[0x005e517c]} cellSpursJq: cellSpursJobQueueAttributeInitialize
HLE: E {PPU[0x1] Thread (main_thread)[0x005e527c]} cellSpursJq: cellSpursJobQueueAttributeSetGrabParameters
HLE: E {PPU[0x1] Thread (main_thread)[0x005e511c]} cellSpursJq: cellSpursJobQueueAttributeSetMaxSizeJobDescriptor
HLE: E {PPU[0x1] Thread (main_thread)[0x005e50fc]} cellSpursJq: cellSpursJobQueueAttributeSetSubmitWithEntryLock
SPU: S {SPU[0x36] Thread (MainSpursCellSpursKernel3)[0x00848]} Function detected [0x00848-0x00850] (size=0x8)
HLE: E {PPU[0x1] Thread (main_thread)[0x005e50dc]} cellSpursJq: cellSpursJobQueueAttributeSetDoBusyWaiting
HLE: E {PPU[0x1] Thread (main_thread)[0x005e52fc]} cellSpursJq: cellSpursJobQueueAttributeSetIsHaltOnError
HLE: E {PPU[0x1] Thread (main_thread)[0x005e51dc]} cellSpursJq: cellSpursJobQueueAttributeSetIsJobTypeMemoryCheck
HLE: E {PPU[0x1] Thread (main_thread)[0x005e52bc]} cellSpursJq: _cellSpursCreateJobQueue
HLE: W {PPU[0x1] Thread (main_thread)[0x005e535c]} cellSysmodule: cellSysmoduleLoadModule(id=0x0043: CELL_SYSMODULE_FIBER)
HLE: W {PPU[0x1] Thread (main_thread)[0x005e631c]} cellSysmodule: cellSysmoduleIsLoaded(id=0x0043: CELL_SYSMODULE_FIBER)
G: ! {PPU[0x1] Thread (main_thread)[0x005e5b9c]} Registers:
=========
GPR[0] = 0xffffffff80012003
GPR[1] = 0xd000f8b0
GPR[2] = 0x78b878
GPR[3] = 0x18a625c
GPR[4] = 0x7a0000
GPR[5] = 0x2040d500
GPR[6] = 0x2040d500
GPR[7] = 0x2040d4c0
GPR[8] = 0x2040d4c0
GPR[9] = 0x18ad030
GPR[10] = 0x2040d500
GPR[11] = 0x0
GPR[12] = 0x2040d500
GPR[13] = 0x18ad030
GPR[14] = 0x0
GPR[15] = 0x768000
GPR[16] = 0x767000
GPR[17] = 0x0
GPR[18] = 0x766000
GPR[19] = 0x100000
GPR[20] = 0x0
GPR[21] = 0x0
GPR[22] = 0x0
GPR[23] = 0x0
GPR[24] = 0x0
GPR[25] = 0x0
GPR[26] = 0x767000
GPR[27] = 0x768000
GPR[28] = 0x1
GPR[29] = 0x9
GPR[30] = 0x2040d100
GPR[31] = 0x0
FPR[0] = 0
FPR[1] = 1
FPR[2] = 0
FPR[3] = 20
FPR[4] = 0.1
FPR[5] = 0
FPR[6] = 0
FPR[7] = 0
FPR[8] = 0
FPR[9] = 0
FPR[10] = 0
FPR[11] = 0
FPR[12] = 0
FPR[13] = 0
FPR[14] = 0
FPR[15] = 0
FPR[16] = 0
FPR[17] = 0
FPR[18] = 0
FPR[19] = 0
FPR[20] = 0
FPR[21] = 0
FPR[22] = 0
FPR[23] = 0
FPR[24] = 0
FPR[25] = 0
FPR[26] = 0
FPR[27] = 0
FPR[28] = 0
FPR[29] = 0
FPR[30] = 0
FPR[31] = 0
VPR[0] = 0x3fb504803fb504803fb504803fb50480 [x: 1.4142 y: 1.4142 z: 1.4142 w: 1.4142]
VPR[1] = 0x3eb504803eb504803eb504803eb50480 [x: 0.35355 y: 0.35355 z: 0.35355 w: 0.35355]
VPR[2] = 0x0000000000000000000000003f800000 [x: 0 y: 0 z: 0 w: 1]
VPR[3] = 0x00000000000000000000000000000000 [x: 0 y: 0 z: 0 w: 0]
VPR[4] = 0xffffffffffffffffffffffffffffffff [x: -nan y: -nan z: -nan w: -nan]
VPR[5] = 0xbf3504f3000000003f3504f300000000 [x: -0.707107 y: 0 z: 0.707107 w: 0]
VPR[6] = 0x3f3504f33f3504f30000000000000000 [x: 0.707107 y: 0.707107 z: 0 w: 0]
VPR[7] = 0x3f3504f3000000003f3504f300000000 [x: 0.707107 y: 0 z: 0.707107 w: 0]
VPR[8] = 0xbf3504f33f3504f30000000000000000 [x: -0.707107 y: 0.707107 z: 0 w: 0]
VPR[9] = 0x3eb504803eb504803eb504803eb50480 [x: 0.35355 y: 0.35355 z: 0.35355 w: 0.35355]
VPR[10] = 0x3f3504803f3504803f3504803f350480 [x: 0.7071 y: 0.7071 z: 0.7071 w: 0.7071]
VPR[11] = 0x37a3000037a3000037a3000037a30000 [x: 1.94311e-05 y: 1.94311e-05 z: 1.94311e-05 w: 1.94311e-05]
VPR[12] = 0x00000000bf8000003f80000000000000 [x: 0 y: -1 z: 1 w: 0]
VPR[13] = 0xffffffffffffffffffffffffffffffff [x: -nan y: -nan z: -nan w: -nan]
VPR[14] = 0xffffffffffffffffffffffffffffffff [x: -nan y: -nan z: -nan w: -nan]
VPR[15] = 0x3f3504803f3504803f3504803f350480 [x: 0.7071 y: 0.7071 z: 0.7071 w: 0.7071]
VPR[16] = 0xffffffffffffffffffffffffffffffff [x: -nan y: -nan z: -nan w: -nan]
VPR[17] = 0x3f3504803f3504803f3504803f350480 [x: 0.7071 y: 0.7071 z: 0.7071 w: 0.7071]
VPR[18] = 0xbf8000003f8000000000000000000000 [x: -1 y: 1 z: 0 w: 0]
VPR[19] = 0xffffffffffffffffffffffffffffffff [x: -nan y: -nan z: -nan w: -nan]
VPR[20] = 0x00000000000000000000000000000000 [x: 0 y: 0 z: 0 w: 0]
VPR[21] = 0x00000000000000000000000000000000 [x: 0 y: 0 z: 0 w: 0]
VPR[22] = 0x00000000000000080000000000000007 [x: 0 y: 1.12104e-44 z: 0 w: 9.80909e-45]
VPR[23] = 0x00000002013ede580000000000000b69 [x: 2.8026e-45 y: 3.5057e-38 z: 0 w: 4.09319e-42]
VPR[24] = 0x00000000000000000000000000000000 [x: 0 y: 0 z: 0 w: 0]
VPR[25] = 0x00000000000000000000000000000000 [x: 0 y: 0 z: 0 w: 0]
VPR[26] = 0x00000000029c57d0000000003f800000 [x: 0 y: 2.29725e-37 z: 0 w: 1]
VPR[27] = 0x00000000000000000000000000000000 [x: 0 y: 0 z: 0 w: 0]
VPR[28] = 0x00000000000000000000000000000000 [x: 0 y: 0 z: 0 w: 0]
VPR[29] = 0x00000000000000080000000000000007 [x: 0 y: 1.12104e-44 z: 0 w: 9.80909e-45]
VPR[30] = 0x00000002013ede700000000000000b6a [x: 2.8026e-45 y: 3.50571e-38 z: 0 w: 4.09459e-42]
VPR[31] = 0x00000000000000000000000000000000 [x: 0 y: 0 z: 0 w: 0]
CR = 0x24000024
LR = 0x49d6e4
CTR = 0x0
XER = 0x0 [CA=0 | OV=8589934592 | SO=0]
FPSCR = 0x0 [RN=0 | NI=0 | XE=0 | ZE=0 | UE=0 | OE=0 | VE=0 | VXCVI=0 | VXSQRT=0 | VXSOFT=0 | FPRF=0 | FI=0 | FR=0 | VXVC=0 | VXIMZ=0 | VXZDZ=0 | VXIDI=0 | VXISI=0 | VXSNAN=0 | XX=0 | ZX=0 | UX=0 | OX=0 | VX=0 | FEX=0 | FX=0]

G: E {PPU[0x1] Thread (main_thread)[0x005e5b9c]} Exception: LLE function not set: _cellFiberPpuInitialize (0x255870804)
(in file Emu\SysCalls\Modules.cpp:140, in function execute_ppu_func_by_index)
G: ! Stopping emulator...
G: ! All threads signaled...
G: ! {PPU[0x3d] Thread (MainSpursSpursHdlr1)[0x00000000]} Thread aborted
G: ! {SPU[0x35] Thread (MainSpursCellSpursKernel2)[0x00848]} Thread aborted
G: ! {PPU[0x2] Thread (Callback Thread)[0x00000000]} Thread aborted
G: ! {SPU[0x33] Thread (MainSpursCellSpursKernel0)[0x00848]} Thread aborted
G: ! {SPU[0x34] Thread (MainSpursCellSpursKernel1)[0x00848]} Thread aborted
G: ! {SPU[0x37] Thread (MainSpursCellSpursKernel4)[0x00848]} Thread aborted
G: ! {SPU[0x38] Thread (MainSpursCellSpursKernel5)[0x00848]} Thread aborted
G: ! {SPU[0x36] Thread (MainSpursCellSpursKernel3)[0x00848]} Thread aborted
G: ! {PPU[0x3e] Thread (MainSpursSpursHdlr0)[0x00000000]} Thread aborted
G: ! All threads stopped...
G: ! Objects cleared...
