LDR: E PSFLoader::Load() failed: unknown magic (0x0)
G: ! Stopping emulator...
LDR: ! Loading 'D:/Emulateurs/Rpcs3/dev_hdd0/game/BCES00294-[Siren Blood Curse]/PS3_GAME/USRDIR/BOOT.BIN'...
G: W fs::file::open('D:/Emulateurs/Rpcs3/dev_hdd0/game/BCES00294-[Siren Blood Curse]/PS3_GAME/dev_bdvd.path', 0x1) failed: error 0x2
LDR: !  
LDR: ! Mount info:
LDR: ! /dev_usb000/ -> D:/Emulateurs/Rpcs3/dev_usb000/
LDR: ! /dev_flash/ -> D:/Emulateurs/Rpcs3/dev_flash/
LDR: ! /host_root/ -> 
LDR: ! /dev_hdd0/ -> D:/Emulateurs/Rpcs3/dev_hdd0/
LDR: ! /dev_hdd1/ -> D:/Emulateurs/Rpcs3/dev_hdd1/
LDR: ! /dev_bdvd/ -> D:/Emulateurs/Rpcs3/dev_hdd0/game/BCES00294-[Siren Blood Curse]/
LDR: ! /dev_usb/ -> D:/Emulateurs/Rpcs3/dev_usb000/
LDR: !  
LDR: ! Title: Siren Blood Curse™
LDR: ! Serial: BCES00294
LDR: ! Elf path: /dev_bdvd/PS3_GAME/USRDIR/BOOT.BIN
LDR: ! loader::init() failed: Broken file
LDR: ! *** sdk version: 0x210001
LDR: ! *** primary prio: 1001
LDR: ! *** primary stacksize: 0x10000
LDR: ! *** malloc pagesize: 0x100000
LDR: ! *** ppc seg: 0x0
LDR: ! Imported function 'cellPadInfoPressMode' in 'sys_io' module (0x603a6c)
LDR: ! Imported function 'cellPadInit' in 'sys_io' module (0x603a8c)
LDR: ! Imported function 'cellKbClearBuf' in 'sys_io' module (0x603aac)
LDR: ! Imported function 'cellPadGetInfo' in 'sys_io' module (0x603acc)
LDR: ! Imported function 'cellKbSetLEDStatus' in 'sys_io' module (0x603aec)
LDR: ! Imported function 'cellKbInit' in 'sys_io' module (0x603b0c)
LDR: ! Imported function 'cellPadEnd' in 'sys_io' module (0x603b2c)
LDR: ! Imported function 'cellPadInfoSensorMode' in 'sys_io' module (0x603b4c)
LDR: ! Imported function 'cellPadGetData' in 'sys_io' module (0x603b6c)
LDR: ! Imported function 'cellPadSetSensorMode' in 'sys_io' module (0x603b8c)
LDR: ! Imported function 'cellKbEnd' in 'sys_io' module (0x603bac)
LDR: ! Imported function 'cellMouseInit' in 'sys_io' module (0x603bcc)
LDR: ! Imported function 'cellPadGetCapabilityInfo' in 'sys_io' module (0x603bec)
LDR: ! Imported function 'cellMouseEnd' in 'sys_io' module (0x603c0c)
LDR: ! Imported function 'cellPadSetActDirect' in 'sys_io' module (0x603c2c)
LDR: ! Imported function 'cellPadSetPressMode' in 'sys_io' module (0x603c4c)
LDR: ! Imported function 'cellSysutilUnregisterCallback' in 'cellSysutil' module (0x603c6c)
LDR: ! Imported function 'cellSysutilCheckCallback' in 'cellSysutil' module (0x603c8c)
LDR: E Unknown function 'cellWebBrowserConfigSetFullScreen2' in 'cellSysutil' module (0x603cac)
LDR: ! Imported function 'cellMsgDialogClose' in 'cellSysutil' module (0x603ccc)
LDR: ! Imported function 'cellMsgDialogOpenErrorCode' in 'cellSysutil' module (0x603cec)
LDR: ! Imported function 'cellSysutilGetSystemParamInt' in 'cellSysutil' module (0x603d0c)
LDR: E Unknown function 'cellWebBrowserConfigSetTabCount2' in 'cellSysutil' module (0x603d2c)
LDR: ! Imported function 'cellWebBrowserEstimate2' in 'cellSysutil' module (0x603d4c)
LDR: E Unknown function 'cellWebBrowserInitialize' in 'cellSysutil' module (0x603d6c)
LDR: ! Imported function 'cellMsgDialogOpen2' in 'cellSysutil' module (0x603d8c)
LDR: ! Imported function 'cellMsgDialogProgressBarReset' in 'cellSysutil' module (0x603dac)
LDR: E Unknown function 'cellWebBrowserConfig2' in 'cellSysutil' module (0x603dcc)
LDR: ! Imported function 'cellSaveDataAutoSave2' in 'cellSysutil' module (0x603dec)
LDR: ! Imported function 'cellHddGameCheck' in 'cellSysutil' module (0x603e0c)
LDR: E Unknown function 'cellWebBrowserShutdown' in 'cellSysutil' module (0x603e2c)
LDR: ! Imported function 'cellMsgDialogProgressBarInc' in 'cellSysutil' module (0x603e4c)
LDR: E Unknown function 'cellGameDataExitBroken' in 'cellSysutil' module (0x603e6c)
LDR: ! Imported function 'cellSysutilRegisterCallback' in 'cellSysutil' module (0x603e8c)
LDR: E Unknown function 'cellWebBrowserCreate2' in 'cellSysutil' module (0x603eac)
LDR: E Unknown function 'cellWebBrowserConfigSetUnknownMIMETypeHook2' in 'cellSysutil' module (0x603ecc)
LDR: ! Imported function 'cellGameDataCheckCreate2' in 'cellSysutil' module (0x603eec)
LDR: E Unknown function 'cellWebBrowserConfigSetFunction2' in 'cellSysutil' module (0x603f0c)
LDR: ! Imported function 'cellSaveDataAutoLoad2' in 'cellSysutil' module (0x603f2c)
LDR: E Unknown function 'cellWebBrowserConfigSetHeapSize2' in 'cellSysutil' module (0x603f4c)
LDR: ! Imported function 'cellVideoOutConfigure' in 'cellSysutil' module (0x604b8c)
LDR: ! Imported function 'cellVideoOutGetDeviceInfo' in 'cellSysutil' module (0x604bac)
LDR: ! Imported function 'cellAudioOutConfigure' in 'cellSysutil' module (0x604bcc)
LDR: ! Imported function 'cellVideoOutGetNumberOfDevice' in 'cellSysutil' module (0x604bec)
LDR: ! Imported function 'cellAudioOutGetDeviceInfo' in 'cellSysutil' module (0x604c0c)
LDR: ! Imported function 'cellVideoOutGetState' in 'cellSysutil' module (0x604c2c)
LDR: ! Imported function 'cellVideoOutGetResolutionAvailability' in 'cellSysutil' module (0x604c4c)
LDR: ! Imported function 'cellAudioOutGetSoundAvailability' in 'cellSysutil' module (0x604c6c)
LDR: ! Imported function 'cellAudioOutSetCopyControl' in 'cellSysutil' module (0x604c8c)
LDR: ! Imported function 'cellVideoOutGetResolution' in 'cellSysutil' module (0x604cac)
LDR: ! Imported function 'sys_net_initialize_network_ex' in 'sys_net' module (0x603f6c)
LDR: ! Imported function 'sys_net_finalize_network' in 'sys_net' module (0x603f8c)
LDR: ! Imported function 'listen' in 'sys_net' module (0x604d2c)
LDR: ! Imported function 'socketselect' in 'sys_net' module (0x604d4c)
LDR: ! Imported function 'connect' in 'sys_net' module (0x604d6c)
LDR: ! Imported function 'socketclose' in 'sys_net' module (0x604d8c)
LDR: ! Imported function 'setsockopt' in 'sys_net' module (0x604dac)
LDR: ! Imported function 'socket' in 'sys_net' module (0x604dcc)
LDR: ! Imported function 'bind' in 'sys_net' module (0x604dec)
LDR: ! Imported function 'sys_net_show_ifconfig' in 'sys_net' module (0x604e0c)
LDR: ! Imported function 'accept' in 'sys_net' module (0x604e2c)
LDR: ! Imported function 'inet_addr' in 'sys_net' module (0x604e4c)
LDR: ! Imported function 'send' in 'sys_net' module (0x604e6c)
LDR: ! Imported function 'recv' in 'sys_net' module (0x604e8c)
LDR: ! Imported function 'cellSpursAttributeSetNamePrefix' in 'cellSpurs' module (0x603fac)
LDR: ! Imported function '_cellSpursAttributeInitialize' in 'cellSpurs' module (0x603fcc)
LDR: ! Imported function 'cellSpursInitializeWithAttribute' in 'cellSpurs' module (0x603fec)
LDR: ! Imported function 'cellSpursRequestIdleSpu' in 'cellSpurs' module (0x604eac)
LDR: ! Imported function 'cellSpursGetInfo' in 'cellSpurs' module (0x604ecc)
LDR: ! Imported function 'cellSpursWorkloadAttributeSetName' in 'cellSpurs' module (0x604eec)
LDR: ! Imported function 'cellSpursDetachLv2EventQueue' in 'cellSpurs' module (0x604f0c)
LDR: ! Imported function 'cellSpursCreateTaskset' in 'cellSpurs' module (0x604f2c)
LDR: ! Imported function 'cellSpursRemoveWorkload' in 'cellSpurs' module (0x604f4c)
LDR: ! Imported function 'cellSpursWaitForWorkloadShutdown' in 'cellSpurs' module (0x604f6c)
LDR: ! Imported function 'cellSpursCreateJobChain' in 'cellSpurs' module (0x604f8c)
LDR: ! Imported function 'cellSpursJobGuardInitialize' in 'cellSpurs' module (0x604fac)
LDR: ! Imported function 'cellSpursShutdownJobChain' in 'cellSpurs' module (0x604fcc)
LDR: ! Imported function 'cellSpursSetPriorities' in 'cellSpurs' module (0x604fec)
LDR: ! Imported function 'cellSpursShutdownWorkload' in 'cellSpurs' module (0x60500c)
LDR: ! Imported function 'cellSpursJoinTaskset' in 'cellSpurs' module (0x60502c)
LDR: ! Imported function 'cellSpursShutdownTaskset' in 'cellSpurs' module (0x60504c)
LDR: ! Imported function 'cellSpursJoinJobChain' in 'cellSpurs' module (0x60506c)
LDR: ! Imported function 'cellSpursInitialize' in 'cellSpurs' module (0x60508c)
LDR: ! Imported function 'cellSpursAttachLv2EventQueue' in 'cellSpurs' module (0x6050ac)
LDR: ! Imported function 'cellSpursCreateTask' in 'cellSpurs' module (0x6050cc)
LDR: ! Imported function 'cellSpursKickJobChain' in 'cellSpurs' module (0x6050ec)
LDR: ! Imported function 'cellSpursAddWorkloadWithAttribute' in 'cellSpurs' module (0x60510c)
LDR: ! Imported function 'cellSpursFinalize' in 'cellSpurs' module (0x60512c)
LDR: ! Imported function 'cellSpursSetExceptionEventHandler' in 'cellSpurs' module (0x60514c)
LDR: ! Imported function 'cellSpursJobGuardNotify' in 'cellSpurs' module (0x60516c)
LDR: ! Imported function '_cellSpursWorkloadAttributeInitialize' in 'cellSpurs' module (0x60518c)
LDR: ! Imported function 'cellSpursReadyCountStore' in 'cellSpurs' module (0x6051ac)
LDR: ! Imported function 'cellFsClose' in 'sys_fs' module (0x60400c)
LDR: ! Imported function 'cellFsOpendir' in 'sys_fs' module (0x60402c)
LDR: ! Imported function 'cellFsReaddir' in 'sys_fs' module (0x60404c)
LDR: ! Imported function 'cellFsOpen' in 'sys_fs' module (0x60406c)
LDR: ! Imported function 'cellFsStat' in 'sys_fs' module (0x60408c)
LDR: ! Imported function 'cellFsGetFreeSize' in 'sys_fs' module (0x6040ac)
LDR: ! Imported function 'cellFsMkdir' in 'sys_fs' module (0x6040cc)
LDR: ! Imported function 'cellFsClosedir' in 'sys_fs' module (0x6040ec)
LDR: ! Imported function 'cellFsRmdir' in 'sys_fs' module (0x6051cc)
LDR: ! Imported function 'cellFsRead' in 'sys_fs' module (0x6051ec)
LDR: ! Imported function 'cellFsUnlink' in 'sys_fs' module (0x60520c)
LDR: ! Imported function 'cellFsFsync' in 'sys_fs' module (0x60522c)
LDR: ! Imported function 'cellFsLseek' in 'sys_fs' module (0x60524c)
LDR: ! Imported function 'cellFsWrite' in 'sys_fs' module (0x60526c)
LDR: ! Imported function 'cellFsFstat' in 'sys_fs' module (0x60528c)
LDR: ! Imported function 'cellFsRename' in 'sys_fs' module (0x6052ac)
LDR: ! Imported function 'cellNetCtlNetStartDialogLoadAsync' in 'cellNetCtl' module (0x60410c)
LDR: ! Imported function 'cellNetCtlNetStartDialogUnloadAsync' in 'cellNetCtl' module (0x60412c)
LDR: ! Imported function 'cellNetCtlTerm' in 'cellNetCtl' module (0x60414c)
LDR: ! Imported function 'cellNetCtlInit' in 'cellNetCtl' module (0x60416c)
LDR: ! Imported function 'cellNetCtlGetState' in 'cellNetCtl' module (0x6052cc)
LDR: ! Imported function 'cellSysmoduleLoadModule' in 'cellSysmodule' module (0x60418c)
LDR: ! Imported function 'cellVdecClose' in 'libvdec' module (0x6041ac)
LDR: ! Imported function 'cellVdecGetPicItem' in 'libvdec' module (0x6041cc)
LDR: ! Imported function 'cellVdecDecodeAu' in 'libvdec' module (0x6041ec)
LDR: ! Imported function 'cellVdecGetPicture' in 'libvdec' module (0x60420c)
LDR: ! Imported function 'cellVdecOpen' in 'libvdec' module (0x60422c)
LDR: ! Imported function 'cellVdecStartSeq' in 'libvdec' module (0x60424c)
LDR: ! Imported function 'cellVdecQueryAttr' in 'libvdec' module (0x60426c)
LDR: ! Imported function 'cellAdecDecodeAu' in 'cellAdec' module (0x60428c)
LDR: ! Imported function 'cellAdecStartSeq' in 'cellAdec' module (0x6042ac)
LDR: ! Imported function 'cellAdecQueryAttr' in 'cellAdec' module (0x6042cc)
LDR: ! Imported function 'cellAdecClose' in 'cellAdec' module (0x6042ec)
LDR: ! Imported function 'cellAdecGetPcm' in 'cellAdec' module (0x60430c)
LDR: ! Imported function 'cellAdecGetPcmItem' in 'cellAdec' module (0x60432c)
LDR: ! Imported function 'cellAdecOpen' in 'cellAdec' module (0x60434c)
LDR: ! Imported function 'cellDmuxQueryEsAttr' in 'cellDmux' module (0x60436c)
LDR: ! Imported function 'cellDmuxSetStream' in 'cellDmux' module (0x60438c)
LDR: ! Imported function 'cellDmuxDisableEs' in 'cellDmux' module (0x6043ac)
LDR: ! Imported function 'cellDmuxReleaseAu' in 'cellDmux' module (0x6043cc)
LDR: ! Imported function 'cellDmuxGetAu' in 'cellDmux' module (0x6043ec)
LDR: ! Imported function 'cellDmuxResetStream' in 'cellDmux' module (0x60440c)
LDR: ! Imported function 'cellDmuxOpen' in 'cellDmux' module (0x60442c)
LDR: ! Imported function 'cellDmuxEnableEs' in 'cellDmux' module (0x60444c)
LDR: ! Imported function 'cellDmuxClose' in 'cellDmux' module (0x60446c)
LDR: ! Imported function 'cellDmuxQueryAttr' in 'cellDmux' module (0x60448c)
LDR: ! Imported function 'cellPamfStreamTypeToEsFilterId' in 'cellPamf' module (0x6044ac)
LDR: ! Imported function 'cellPamfReaderSetStreamWithTypeAndIndex' in 'cellPamf' module (0x6044cc)
LDR: ! Imported function 'cellPamfGetStreamOffsetAndSize' in 'cellPamf' module (0x6044ec)
LDR: ! Imported function 'cellPamfReaderGetStreamInfo' in 'cellPamf' module (0x60450c)
LDR: ! Imported function 'cellPamfReaderGetStreamTypeAndChannel' in 'cellPamf' module (0x60452c)
LDR: ! Imported function 'cellPamfReaderInitialize' in 'cellPamf' module (0x60454c)
LDR: ! Imported function 'cellPamfGetHeaderSize' in 'cellPamf' module (0x60456c)
LDR: ! Imported function 'cellPamfReaderGetNumberOfSpecificStreams' in 'cellPamf' module (0x60458c)
LDR: ! Imported function 'sceNpCommerceGetChildProductSkuInfo' in 'sceNp' module (0x6045ac)
LDR: ! Imported function 'sceNpCommerceGetProductCategoryStart' in 'sceNp' module (0x6045cc)
LDR: ! Imported function 'sceNpCommerceGetSkuId' in 'sceNp' module (0x6045ec)
LDR: ! Imported function 'sceNpLookupAbortTransaction' in 'sceNp' module (0x60460c)
LDR: ! Imported function 'sceNpCommerceGetProductCategoryResult' in 'sceNp' module (0x60462c)
LDR: ! Imported function 'sceNpTerm' in 'sceNp' module (0x60464c)
LDR: ! Imported function 'sceNpManagerUnregisterCallback' in 'sceNp' module (0x60466c)
LDR: ! Imported function 'sceNpLookupDestroyTitleCtx' in 'sceNp' module (0x60468c)
LDR: ! Imported function 'sceNpLookupInit' in 'sceNp' module (0x6046ac)
LDR: ! Imported function 'sceNpCommerceGetProductCategoryAbort' in 'sceNp' module (0x6046cc)
LDR: ! Imported function 'sceNpCommerceDestroyProductCategory' in 'sceNp' module (0x6046ec)
LDR: ! Imported function 'sceNpCommerceGetNumOfChildProductSku' in 'sceNp' module (0x60470c)
LDR: ! Imported function 'sceNpLookupPollAsync' in 'sceNp' module (0x60472c)
LDR: ! Imported function 'sceNpCommerceGetSkuPrice' in 'sceNp' module (0x60474c)
LDR: ! Imported function 'sceNpCommerceGetCurrencyCode' in 'sceNp' module (0x60476c)
LDR: ! Imported function 'sceNpLookupTerm' in 'sceNp' module (0x60478c)
LDR: ! Imported function 'sceNpLookupTitleSmallStorageAsync' in 'sceNp' module (0x6047ac)
LDR: ! Imported function 'sceNpCommerceInitProductCategory' in 'sceNp' module (0x6047cc)
LDR: ! Imported function 'sceNpManagerGetStatus' in 'sceNp' module (0x6047ec)
LDR: ! Imported function 'sceNpCommerceGetSkuDescription' in 'sceNp' module (0x60480c)
LDR: ! Imported function 'sceNpCommerceDoCheckoutFinishAsync' in 'sceNp' module (0x60482c)
LDR: ! Imported function 'sceNpCommerceGetCurrencyDecimals' in 'sceNp' module (0x60484c)
LDR: ! Imported function 'sceNpCommerceGetCurrencyInfo' in 'sceNp' module (0x60486c)
LDR: ! Imported function 'sceNpManagerGetAccountRegion' in 'sceNp' module (0x60488c)
LDR: ! Imported function 'sceNpInit' in 'sceNp' module (0x6048ac)
LDR: ! Imported function 'sceNpLookupCreateTitleCtx' in 'sceNp' module (0x6048cc)
LDR: ! Imported function 'sceNpCommerceGetProductCategoryFinish' in 'sceNp' module (0x6048ec)
LDR: ! Imported function 'sceNpCommerceDestroyCtx' in 'sceNp' module (0x60490c)
LDR: ! Imported function 'sceNpCommerceDoCheckoutStartAsync' in 'sceNp' module (0x60492c)
LDR: ! Imported function 'sceNpManagerRegisterCallback' in 'sceNp' module (0x60494c)
LDR: ! Imported function 'sceNpLookupCreateTransactionCtx' in 'sceNp' module (0x60496c)
LDR: ! Imported function 'sceNpCommerceGetProductName' in 'sceNp' module (0x60498c)
LDR: ! Imported function 'sceNpLookupDestroyTransactionCtx' in 'sceNp' module (0x6049ac)
LDR: ! Imported function 'sceNpCommerceCreateCtx' in 'sceNp' module (0x6049cc)
LDR: ! Imported function 'sceNpManagerGetNpId' in 'sceNp' module (0x6049ec)
LDR: ! Imported function 'cellRtcGetCurrentClockLocalTime' in 'cellRtc' module (0x604a0c)
LDR: ! Imported function 'cellRtcSetTick' in 'cellRtc' module (0x604a2c)
LDR: ! Imported function 'cellRtcConvertUtcToLocalTime' in 'cellRtc' module (0x604a4c)
LDR: ! Imported function 'cellRtcTickAddSeconds' in 'cellRtc' module (0x604a6c)
LDR: ! Imported function 'cellRtcTickAddHours' in 'cellRtc' module (0x604a8c)
LDR: E Unknown module 'cellMusicExportUtility'
LDR: E Unknown function 'cellMusicExportFromFile' in 'cellMusicExportUtility' module (0x604aac)
LDR: E Unknown function 'cellMusicExportInitialize' in 'cellMusicExportUtility' module (0x604acc)
LDR: E Unknown function 'cellMusicExportFinalize' in 'cellMusicExportUtility' module (0x604aec)
LDR: E Unknown module 'cellPhotoUtility'
LDR: E Unknown function 'cellPhotoExportFromFile' in 'cellPhotoUtility' module (0x604b0c)
LDR: E Unknown function 'cellPhotoExportInitialize' in 'cellPhotoUtility' module (0x604b2c)
LDR: E Unknown function 'cellPhotoExportFinalize' in 'cellPhotoUtility' module (0x604b4c)
LDR: E Unknown module 'cellBGDLUtility'
LDR: E Unknown function 'cellBGDLGetInfo' in 'cellBGDLUtility' module (0x604b6c)
LDR: E Unknown module 'cellSync'
LDR: ! Imported function 'cellSyncMutexUnlock' in 'cellSync' module (0x604ccc)
LDR: ! Imported function 'cellSyncMutexInitialize' in 'cellSync' module (0x604cec)
LDR: ! Imported function 'cellSyncMutexTryLock' in 'cellSync' module (0x604d0c)
LDR: ! Imported function 'cellAudioInit' in 'cellAudio' module (0x6052ec)
LDR: ! Imported function 'cellAudioSetNotifyEventQueue' in 'cellAudio' module (0x60530c)
LDR: ! Imported function 'cellAudioGetPortTimestamp' in 'cellAudio' module (0x60532c)
LDR: ! Imported function 'cellAudioPortClose' in 'cellAudio' module (0x60534c)
LDR: ! Imported function 'cellAudioPortStop' in 'cellAudio' module (0x60536c)
LDR: ! Imported function 'cellAudioGetPortConfig' in 'cellAudio' module (0x60538c)
LDR: ! Imported function 'cellAudioPortStart' in 'cellAudio' module (0x6053ac)
LDR: ! Imported function 'cellAudioQuit' in 'cellAudio' module (0x6053cc)
LDR: ! Imported function 'cellAudioPortOpen' in 'cellAudio' module (0x6053ec)
LDR: ! Imported function 'cellAudioGetPortBlockTag' in 'cellAudio' module (0x60540c)
LDR: ! Imported function 'cellAudioRemoveNotifyEventQueue' in 'cellAudio' module (0x60542c)
LDR: ! Imported function 'cellGcmSetUserHandler' in 'cellGcmSys' module (0x60544c)
LDR: ! Imported function 'cellGcmSetQueueHandler' in 'cellGcmSys' module (0x60546c)
LDR: ! Imported function '_cellGcmInitBody' in 'cellGcmSys' module (0x60548c)
LDR: ! Imported function '_cellGcmSetFlipCommand' in 'cellGcmSys' module (0x6054ac)
LDR: ! Imported function 'cellGcmAddressToOffset' in 'cellGcmSys' module (0x6054cc)
LDR: ! Imported function 'cellGcmSortRemapEaIoAddress' in 'cellGcmSys' module (0x6054ec)
LDR: ! Imported function 'cellGcmGetOffsetTable' in 'cellGcmSys' module (0x60550c)
LDR: ! Imported function '_cellGcmFunc15' in 'cellGcmSys' module (0x60552c)
LDR: ! Imported function 'cellGcmSetFlipMode' in 'cellGcmSys' module (0x60554c)
LDR: ! Imported function 'cellGcmSetDebugOutputLevel' in 'cellGcmSys' module (0x60556c)
LDR: ! Imported function 'cellGcmMapMainMemory' in 'cellGcmSys' module (0x60558c)
LDR: ! Imported function 'cellGcmSetFlipHandler' in 'cellGcmSys' module (0x6055ac)
LDR: ! Imported function 'cellGcmSetDisplayBuffer' in 'cellGcmSys' module (0x6055cc)
LDR: ! Imported function 'cellGcmGetControlRegister' in 'cellGcmSys' module (0x6055ec)
LDR: ! Imported function 'cellGcmSetVBlankHandler' in 'cellGcmSys' module (0x60560c)
LDR: ! Imported function 'cellGcmSetFlipImmediate' in 'cellGcmSys' module (0x60562c)
LDR: ! Imported function 'cellGcmSetInvalidateTile' in 'cellGcmSys' module (0x60564c)
LDR: ! Imported function 'cellGcmSetGraphicsHandler' in 'cellGcmSys' module (0x60566c)
LDR: ! Imported function 'cellGcmSetTile' in 'cellGcmSys' module (0x60568c)
LDR: ! Imported function 'cellGcmSetZcull' in 'cellGcmSys' module (0x6056ac)
LDR: ! Imported function 'cellGcmUnmapIoAddress' in 'cellGcmSys' module (0x6056cc)
LDR: ! Imported function 'cellGcmGetConfiguration' in 'cellGcmSys' module (0x6056ec)
LDR: ! Imported function 'cellGcmGetLabelAddress' in 'cellGcmSys' module (0x60570c)
LDR: ! Imported function 'sys_lwmutex_lock' in 'sysPrxForUser' module (0x60572c)
LDR: ! Imported function 'sys_lwmutex_unlock' in 'sysPrxForUser' module (0x60574c)
LDR: ! Imported function 'sys_ppu_thread_create' in 'sysPrxForUser' module (0x60576c)
LDR: ! Imported function '_sys_process_atexitspawn' in 'sysPrxForUser' module (0x60578c)
LDR: ! Imported function 'sys_lwmutex_create' in 'sysPrxForUser' module (0x6057ac)
LDR: ! Imported function 'sys_ppu_thread_get_id' in 'sysPrxForUser' module (0x6057cc)
LDR: ! Imported function 'sys_process_is_stack' in 'sysPrxForUser' module (0x6057ec)
LDR: ! Imported function 'sys_initialize_tls' in 'sysPrxForUser' module (0x60580c)
LDR: ! Imported function 'sys_time_get_system_time' in 'sysPrxForUser' module (0x60582c)
LDR: ! Imported function 'sys_prx_exitspawn_with_level' in 'sysPrxForUser' module (0x60584c)
LDR: ! Imported function 'sys_ppu_thread_exit' in 'sysPrxForUser' module (0x60586c)
LDR: ! Imported function 'sys_lwmutex_destroy' in 'sysPrxForUser' module (0x60588c)
LDR: ! Imported function 'sys_process_exit' in 'sysPrxForUser' module (0x6058ac)
HLE: ! sysPrxForUser: Thread Local Storage initialized (g_tls_start=0xf4c000, user_size=0x140)
*** TLS segment addr: 0x007cecfc
*** TLS segment size: 0x00000008
HLE: W {PPU[0x1] Thread (main_thread)[0x006057ac]} sysPrxForUser: sys_lwmutex_create(lwmutex=*0xf27a00, attr=*0x617e40)
HLE: W {PPU[0x1] Thread (main_thread)[0x0035fb74]} sys_memory: sys_memory_get_user_memory_size(mem_info=*0xd000fc34)
HLE: W {PPU[0x1] Thread (main_thread)[0x006057ac]} sysPrxForUser: sys_lwmutex_create(lwmutex=*0xf279d8, attr=*0x617e40)
HLE: W {PPU[0x1] Thread (main_thread)[0x006057ac]} sysPrxForUser: sys_lwmutex_create(lwmutex=*0xf27168, attr=*0x617e40)
HLE: W {PPU[0x1] Thread (main_thread)[0x006057ac]} sysPrxForUser: sys_lwmutex_create(lwmutex=*0xf27190, attr=*0x617e40)
HLE: W {PPU[0x1] Thread (main_thread)[0x006057ac]} sysPrxForUser: sys_lwmutex_create(lwmutex=*0xf271b8, attr=*0x617e40)
HLE: W {PPU[0x1] Thread (main_thread)[0x006057ac]} sysPrxForUser: sys_lwmutex_create(lwmutex=*0xf270a0, attr=*0x617e40)
HLE: W {PPU[0x1] Thread (main_thread)[0x006057ac]} sysPrxForUser: sys_lwmutex_create(lwmutex=*0xf270f0, attr=*0x617e40)
HLE: W {PPU[0x1] Thread (main_thread)[0x006057ac]} sysPrxForUser: sys_lwmutex_create(lwmutex=*0xf27118, attr=*0x617e40)
HLE: W {PPU[0x1] Thread (main_thread)[0x006057ac]} sysPrxForUser: sys_lwmutex_create(lwmutex=*0xf27140, attr=*0x617e40)
HLE: W {PPU[0x1] Thread (main_thread)[0x006057ac]} sysPrxForUser: sys_lwmutex_create(lwmutex=*0xf27c98, attr=*0x7ec2b4)
HLE: W {PPU[0x1] Thread (main_thread)[0x006057ac]} sysPrxForUser: sys_lwmutex_create(lwmutex=*0xf27d60, attr=*0x7ec2b4)
HLE: W {PPU[0x1] Thread (main_thread)[0x00468484]} sys_mutex: sys_mutex_create(mutex_id=*0xf49638, attr=*0xd000fbb0)
HLE: W {PPU[0x1] Thread (main_thread)[0x00040348]} sys_memory: sys_memory_get_user_memory_size(mem_info=*0xd000f8c0)
HLE: W {PPU[0x1] Thread (main_thread)[0x006057ac]} sysPrxForUser: sys_lwmutex_create(lwmutex=*0x884c08, attr=*0xd000f8c8)
HLE: W {PPU[0x1] Thread (main_thread)[0x0003fe60]} sys_memory: sys_memory_allocate(size=0x3000000, flags=0x400, alloc_addr=*0xd000f5b0)
HLE: W {PPU[0x1] Thread (main_thread)[0x0003fe60]} sys_memory: sys_memory_allocate(size=0x210000, flags=0x200, alloc_addr=*0xd000f5b0)
HLE: W {PPU[0x1] Thread (main_thread)[0x0003fe60]} sys_memory: sys_memory_allocate(size=0x1400000, flags=0x200, alloc_addr=*0xd000f5b0)
HLE: W {PPU[0x1] Thread (main_thread)[0x0003fe60]} sys_memory: sys_memory_allocate(size=0x2700000, flags=0x200, alloc_addr=*0xd000f5b0)
HLE: W {PPU[0x1] Thread (main_thread)[0x0003fe60]} sys_memory: sys_memory_allocate(size=0x500000, flags=0x200, alloc_addr=*0xd000f5b0)
HLE: W {PPU[0x1] Thread (main_thread)[0x0060418c]} cellSysmodule: cellSysmoduleLoadModule(id=0x000e: CELL_SYSMODULE_FS)
HLE: W {PPU[0x1] Thread (main_thread)[0x0060418c]} cellSysmodule: cellSysmoduleLoadModule(id=0x0024: CELL_SYSMODULE_VDEC_MPEG2)
HLE: W {PPU[0x1] Thread (main_thread)[0x0060418c]} cellSysmodule: cellSysmoduleLoadModule(id=0x0026: CELL_SYSMODULE_ADEC_LPCM)
HLE: W {PPU[0x1] Thread (main_thread)[0x0060418c]} cellSysmodule: cellSysmoduleLoadModule(id=0x0027: CELL_SYSMODULE_ADEC_AC3)
HLE: W {PPU[0x1] Thread (main_thread)[0x0060418c]} cellSysmodule: cellSysmoduleLoadModule(id=0x002a: CELL_SYSMODULE_DMUX_PAMF)
HLE: W {PPU[0x1] Thread (main_thread)[0x0060418c]} cellSysmodule: cellSysmoduleLoadModule(id=0x0012: CELL_SYSMODULE_PAMF)
HLE: W {PPU[0x1] Thread (main_thread)[0x0060418c]} cellSysmodule: cellSysmoduleLoadModule(id=0x0008: CELL_SYSMODULE_VPOST)
HLE: W {PPU[0x1] Thread (main_thread)[0x0060418c]} cellSysmodule: cellSysmoduleLoadModule(id=0x0000: CELL_SYSMODULE_NET)
HLE: W {PPU[0x1] Thread (main_thread)[0x0060418c]} cellSysmodule: cellSysmoduleLoadModule(id=0x0016: CELL_SYSMODULE_SYSUTIL_NP)
HLE: W {PPU[0x1] Thread (main_thread)[0x0060418c]} cellSysmodule: cellSysmoduleLoadModule(id=0x0009: CELL_SYSMODULE_RTC)
HLE: W {PPU[0x1] Thread (main_thread)[0x0060418c]} cellSysmodule: cellSysmoduleLoadModule(id=0x003f: CELL_SYSMODULE_BGDL)
HLE: W {PPU[0x1] Thread (main_thread)[0x0060418c]} cellSysmodule: cellSysmoduleLoadModule(id=0xf029: CELL_SYSMODULE_PHOTO_EXPORT)
HLE: W {PPU[0x1] Thread (main_thread)[0x0060418c]} cellSysmodule: cellSysmoduleLoadModule(id=0xf02c: CELL_SYSMODULE_MUSIC_EXPORT)
HLE: W {PPU[0x1] Thread (main_thread)[0x002de918]} sys_spu: sys_spu_initialize(max_usable_spu=6, max_raw_spu=0)
HLE: W {PPU[0x1] Thread (main_thread)[0x00603fcc]} cellSpurs: _cellSpursAttributeInitialize(attr=*0xd000f9f0, revision=2, sdkVersion=0x210001, nSpus=4, spuPriority=200, ppuPriority=200, exitIfNoWork=0)
HLE: W {PPU[0x1] Thread (main_thread)[0x00603fac]} cellSpurs: cellSpursAttributeSetNamePrefix(attr=*0xd000f9f0, prefix=*0x61bb10, size=9)
HLE: W {PPU[0x1] Thread (main_thread)[0x00603fec]} cellSpurs: cellSpursInitializeWithAttribute(spurs=*0x885100, attr=*0xd000f9f0)
HLE: W {PPU[0x1] Thread (main_thread)[0x00603fec]} sys_process: sys_process_is_spu_lock_line_reservation_address(addr=0x885100, flags=0x2)
HLE: W {PPU[0x1] Thread (main_thread)[0x00603fec]} sys_semaphore: sys_semaphore_create(sem=*0xd000f968, attr=*0xd000f948, initial_val=0, max_val=1)
HLE: W {PPU[0x1] Thread (main_thread)[0x00603fec]} sys_semaphore: sys_semaphore_create(sem=*0xd000f968, attr=*0xd000f948, initial_val=0, max_val=1)
HLE: W {PPU[0x1] Thread (main_thread)[0x00603fec]} sys_semaphore: sys_semaphore_create(sem=*0xd000f968, attr=*0xd000f948, initial_val=0, max_val=1)
HLE: W {PPU[0x1] Thread (main_thread)[0x00603fec]} sys_semaphore: sys_semaphore_create(sem=*0xd000f968, attr=*0xd000f948, initial_val=0, max_val=1)
HLE: W {PPU[0x1] Thread (main_thread)[0x00603fec]} sys_semaphore: sys_semaphore_create(sem=*0xd000f968, attr=*0xd000f948, initial_val=0, max_val=1)
HLE: W {PPU[0x1] Thread (main_thread)[0x00603fec]} sys_semaphore: sys_semaphore_create(sem=*0xd000f968, attr=*0xd000f948, initial_val=0, max_val=1)
HLE: W {PPU[0x1] Thread (main_thread)[0x00603fec]} sys_semaphore: sys_semaphore_create(sem=*0xd000f968, attr=*0xd000f948, initial_val=0, max_val=1)
HLE: W {PPU[0x1] Thread (main_thread)[0x00603fec]} sys_semaphore: sys_semaphore_create(sem=*0xd000f968, attr=*0xd000f948, initial_val=0, max_val=1)
HLE: W {PPU[0x1] Thread (main_thread)[0x00603fec]} sys_semaphore: sys_semaphore_create(sem=*0xd000f968, attr=*0xd000f948, initial_val=0, max_val=1)
HLE: W {PPU[0x1] Thread (main_thread)[0x00603fec]} sys_semaphore: sys_semaphore_create(sem=*0xd000f968, attr=*0xd000f948, initial_val=0, max_val=1)
HLE: W {PPU[0x1] Thread (main_thread)[0x00603fec]} sys_semaphore: sys_semaphore_create(sem=*0xd000f968, attr=*0xd000f948, initial_val=0, max_val=1)
HLE: W {PPU[0x1] Thread (main_thread)[0x00603fec]} sys_semaphore: sys_semaphore_create(sem=*0xd000f968, attr=*0xd000f948, initial_val=0, max_val=1)
HLE: W {PPU[0x1] Thread (main_thread)[0x00603fec]} sys_semaphore: sys_semaphore_create(sem=*0xd000f968, attr=*0xd000f948, initial_val=0, max_val=1)
HLE: W {PPU[0x1] Thread (main_thread)[0x00603fec]} sys_semaphore: sys_semaphore_create(sem=*0xd000f968, attr=*0xd000f948, initial_val=0, max_val=1)
HLE: W {PPU[0x1] Thread (main_thread)[0x00603fec]} sys_semaphore: sys_semaphore_create(sem=*0xd000f968, attr=*0xd000f948, initial_val=0, max_val=1)
HLE: W {PPU[0x1] Thread (main_thread)[0x00603fec]} sys_semaphore: sys_semaphore_create(sem=*0xd000f968, attr=*0xd000f948, initial_val=0, max_val=1)
HLE: W {PPU[0x1] Thread (main_thread)[0x00603fec]} sys_semaphore: sys_semaphore_create(sem=*0xd000f968, attr=*0xd000f948, initial_val=0, max_val=1)
HLE: W {PPU[0x1] Thread (main_thread)[0x00603fec]} sys_spu: sys_spu_thread_group_create(id=*0xd000f928, num=4, prio=200, attr=*0xd000f898)
HLE: W {PPU[0x1] Thread (main_thread)[0x00603fec]} sys_spu: sys_spu_thread_initialize(thread=*0xd000f870, group=0x21, spu_num=0, img=*0x885e70, attr=*0xd000f860, arg=*0xd000f878)
HLE: E {PPU[0x1] Thread (main_thread)[0x00603fec]} sys_spu: Unsupported SPU Thread options (0x2)
HLE: W {PPU[0x1] Thread (main_thread)[0x00603fec]} sys_spu: sys_spu_thread_initialize(thread=*0xd000f870, group=0x21, spu_num=1, img=*0x885e70, attr=*0xd000f860, arg=*0xd000f878)
HLE: E {PPU[0x1] Thread (main_thread)[0x00603fec]} sys_spu: Unsupported SPU Thread options (0x2)
HLE: W {PPU[0x1] Thread (main_thread)[0x00603fec]} sys_spu: sys_spu_thread_initialize(thread=*0xd000f870, group=0x21, spu_num=2, img=*0x885e70, attr=*0xd000f860, arg=*0xd000f878)
HLE: E {PPU[0x1] Thread (main_thread)[0x00603fec]} sys_spu: Unsupported SPU Thread options (0x2)
HLE: W {PPU[0x1] Thread (main_thread)[0x00603fec]} sys_spu: sys_spu_thread_initialize(thread=*0xd000f870, group=0x21, spu_num=3, img=*0x885e70, attr=*0xd000f860, arg=*0xd000f878)
HLE: E {PPU[0x1] Thread (main_thread)[0x00603fec]} sys_spu: Unsupported SPU Thread options (0x2)
HLE: W {PPU[0x1] Thread (main_thread)[0x00603fec]} sysPrxForUser: sys_lwmutex_create(lwmutex=*0x885eb0, attr=*0xd000f930)
HLE: W {PPU[0x1] Thread (main_thread)[0x00603fec]} sysPrxForUser: sys_lwcond_create(lwcond=*0x885ec8, lwmutex=*0x885eb0, attr=*0xd000f940)
HLE: W {PPU[0x1] Thread (main_thread)[0x00603fec]} sys_event: sys_event_queue_create(equeue_id=*0x885e5c, attr=*0xd000f7c8, event_queue_key=0x0, size=42)
HLE: W {PPU[0x1] Thread (main_thread)[0x00603fec]} sys_spu: sys_spu_thread_group_connect_event_all_threads(id=0x21, eq=0x28, req=0xffffffffffff0000, spup=*0xd000f7b8)
HLE: W {PPU[0x1] Thread (main_thread)[0x00603fec]} sys_event: sys_event_port_create(eport_id=*0x885e60, port_type=1, name=0x0)
HLE: W {PPU[0x1] Thread (main_thread)[0x00603fec]} sys_event: sys_event_port_connect_local(eport_id=0x29, equeue_id=0x28)
HLE: W {PPU[0x1] Thread (main_thread)[0x00603fec]} cellSpurs: cellSpursEnableExceptionEventHandler(spurs=*0x885100, flag=1)
HLE: W {PPU[0x2b] Thread (MainSpursSpursHdlr0)[0x00000000]} sys_spu: sys_spu_thread_group_start(id=0x21)
HLE: W {PPU[0x1] Thread (main_thread)[0x00603fec]} sys_spu: sys_spu_thread_group_connect_event(id=0x21, eq=0x28, et=2)
HLE: W {PPU[0x2b] Thread (MainSpursSpursHdlr0)[0x00000000]} sys_spu: sys_spu_thread_group_join(id=0x21, cause=*0x0, status=*0x0)
HLE: W {PPU[0x1] Thread (main_thread)[0x002e2430]} sys_event: sys_event_queue_create(equeue_id=*0x20005900, attr=*0xd000f934, event_queue_key=0x0, size=127)
HLE: W {PPU[0x1] Thread (main_thread)[0x0060576c]} sysPrxForUser: sys_ppu_thread_create(thread_id=*0x20005908, entry=0x7bc9f8, arg=0x20005900, prio=1000, stacksize=0x10000, flags=0x1, threadname=*0x6546a8)
HLE: W {PPU[0x1] Thread (main_thread)[0x0060576c]} sys_ppu_thread: _sys_ppu_thread_create(thread_id=*0x20005908, param=*0xd000f8b8, arg=0x20005900, unk=0x0, prio=1000, stacksize=0x10000, flags=0x1, threadname=*0x6546a8)
HLE: W {PPU[0x1] Thread (main_thread)[0x0060576c]} sys_ppu_thread: sys_ppu_thread_start(thread_id=0x2d)
HLE: W {PPU[0x1] Thread (main_thread)[0x002e2474]} sys_event: sys_event_port_create(eport_id=*0x20005914, port_type=1, name=0xd0a77)
HLE: W {PPU[0x1] Thread (main_thread)[0x002e2484]} sys_event: sys_event_port_connect_local(eport_id=0x2e, equeue_id=0x2c)
HLE: W {PPU[0x1] Thread (main_thread)[0x006050ac]} cellSpurs: cellSpursAttachLv2EventQueue(spurs=*0x885100, queue=0x2c, port=*0xd000f930, isDynamic=0)
HLE: W {PPU[0x1] Thread (main_thread)[0x006050ac]} sys_spu: sys_spu_thread_group_connect_event_all_threads(id=0x21, eq=0x2c, req=0x2, spup=*0xd000f8b8)
HLE: W {PPU[0x1] Thread (main_thread)[0x00603fcc]} cellSpurs: _cellSpursAttributeInitialize(attr=*0xd000f9f0, revision=2, sdkVersion=0x210001, nSpus=2, spuPriority=32, ppuPriority=110, exitIfNoWork=1)
HLE: W {PPU[0x1] Thread (main_thread)[0x00603fac]} cellSpurs: cellSpursAttributeSetNamePrefix(attr=*0xd000f9f0, prefix=*0x61bb20, size=8)
HLE: W {PPU[0x1] Thread (main_thread)[0x00603fec]} cellSpurs: cellSpursInitializeWithAttribute(spurs=*0x886100, attr=*0xd000f9f0)
HLE: W {PPU[0x1] Thread (main_thread)[0x00603fec]} sys_process: sys_process_is_spu_lock_line_reservation_address(addr=0x886100, flags=0x2)
HLE: W {PPU[0x1] Thread (main_thread)[0x00603fec]} sys_semaphore: sys_semaphore_create(sem=*0xd000f968, attr=*0xd000f948, initial_val=0, max_val=1)
HLE: W {PPU[0x1] Thread (main_thread)[0x00603fec]} sys_semaphore: sys_semaphore_create(sem=*0xd000f968, attr=*0xd000f948, initial_val=0, max_val=1)
HLE: W {PPU[0x1] Thread (main_thread)[0x00603fec]} sys_semaphore: sys_semaphore_create(sem=*0xd000f968, attr=*0xd000f948, initial_val=0, max_val=1)
HLE: W {PPU[0x1] Thread (main_thread)[0x00603fec]} sys_semaphore: sys_semaphore_create(sem=*0xd000f968, attr=*0xd000f948, initial_val=0, max_val=1)
HLE: W {PPU[0x1] Thread (main_thread)[0x00603fec]} sys_semaphore: sys_semaphore_create(sem=*0xd000f968, attr=*0xd000f948, initial_val=0, max_val=1)
HLE: W {PPU[0x1] Thread (main_thread)[0x00603fec]} sys_semaphore: sys_semaphore_create(sem=*0xd000f968, attr=*0xd000f948, initial_val=0, max_val=1)
HLE: W {PPU[0x1] Thread (main_thread)[0x00603fec]} sys_semaphore: sys_semaphore_create(sem=*0xd000f968, attr=*0xd000f948, initial_val=0, max_val=1)
HLE: W {PPU[0x1] Thread (main_thread)[0x00603fec]} sys_semaphore: sys_semaphore_create(sem=*0xd000f968, attr=*0xd000f948, initial_val=0, max_val=1)
HLE: W {PPU[0x1] Thread (main_thread)[0x00603fec]} sys_semaphore: sys_semaphore_create(sem=*0xd000f968, attr=*0xd000f948, initial_val=0, max_val=1)
HLE: W {PPU[0x1] Thread (main_thread)[0x00603fec]} sys_semaphore: sys_semaphore_create(sem=*0xd000f968, attr=*0xd000f948, initial_val=0, max_val=1)
HLE: W {PPU[0x1] Thread (main_thread)[0x00603fec]} sys_semaphore: sys_semaphore_create(sem=*0xd000f968, attr=*0xd000f948, initial_val=0, max_val=1)
HLE: W {PPU[0x1] Thread (main_thread)[0x00603fec]} sys_semaphore: sys_semaphore_create(sem=*0xd000f968, attr=*0xd000f948, initial_val=0, max_val=1)
HLE: W {PPU[0x1] Thread (main_thread)[0x00603fec]} sys_semaphore: sys_semaphore_create(sem=*0xd000f968, attr=*0xd000f948, initial_val=0, max_val=1)
HLE: W {PPU[0x1] Thread (main_thread)[0x00603fec]} sys_semaphore: sys_semaphore_create(sem=*0xd000f968, attr=*0xd000f948, initial_val=0, max_val=1)
HLE: W {PPU[0x1] Thread (main_thread)[0x00603fec]} sys_semaphore: sys_semaphore_create(sem=*0xd000f968, attr=*0xd000f948, initial_val=0, max_val=1)
HLE: W {PPU[0x1] Thread (main_thread)[0x00603fec]} sys_semaphore: sys_semaphore_create(sem=*0xd000f968, attr=*0xd000f948, initial_val=0, max_val=1)
HLE: W {PPU[0x1] Thread (main_thread)[0x00603fec]} sys_semaphore: sys_semaphore_create(sem=*0xd000f968, attr=*0xd000f948, initial_val=0, max_val=1)
HLE: W {PPU[0x1] Thread (main_thread)[0x00603fec]} sys_spu: sys_spu_thread_group_create(id=*0xd000f928, num=2, prio=32, attr=*0xd000f898)
HLE: W {PPU[0x1] Thread (main_thread)[0x00603fec]} sys_spu: sys_spu_thread_initialize(thread=*0xd000f870, group=0x40, spu_num=0, img=*0x886e70, attr=*0xd000f860, arg=*0xd000f878)
HLE: E {PPU[0x1] Thread (main_thread)[0x00603fec]} sys_spu: Unsupported SPU Thread options (0x2)
HLE: W {PPU[0x1] Thread (main_thread)[0x00603fec]} sys_spu: sys_spu_thread_initialize(thread=*0xd000f870, group=0x40, spu_num=1, img=*0x886e70, attr=*0xd000f860, arg=*0xd000f878)
HLE: E {PPU[0x1] Thread (main_thread)[0x00603fec]} sys_spu: Unsupported SPU Thread options (0x2)
HLE: W {PPU[0x1] Thread (main_thread)[0x00603fec]} sysPrxForUser: sys_lwmutex_create(lwmutex=*0x886eb0, attr=*0xd000f930)
HLE: W {PPU[0x1] Thread (main_thread)[0x00603fec]} sysPrxForUser: sys_lwcond_create(lwcond=*0x886ec8, lwmutex=*0x886eb0, attr=*0xd000f940)
HLE: W {PPU[0x1] Thread (main_thread)[0x00603fec]} sys_event: sys_event_queue_create(equeue_id=*0x886e5c, attr=*0xd000f7c8, event_queue_key=0x0, size=42)
HLE: W {PPU[0x1] Thread (main_thread)[0x00603fec]} sys_spu: sys_spu_thread_group_connect_event_all_threads(id=0x40, eq=0x45, req=0xffffffffffff0000, spup=*0xd000f7b8)
HLE: W {PPU[0x1] Thread (main_thread)[0x00603fec]} sys_event: sys_event_port_create(eport_id=*0x886e60, port_type=1, name=0x0)
HLE: W {PPU[0x1] Thread (main_thread)[0x00603fec]} sys_event: sys_event_port_connect_local(eport_id=0x46, equeue_id=0x45)
HLE: W {PPU[0x1] Thread (main_thread)[0x00603fec]} cellSpurs: cellSpursEnableExceptionEventHandler(spurs=*0x886100, flag=1)
HLE: W {PPU[0x1] Thread (main_thread)[0x00603fec]} sys_spu: sys_spu_thread_group_connect_event(id=0x40, eq=0x45, et=2)
HLE: W {PPU[0x1] Thread (main_thread)[0x00603fec]} cellSpurs: cellSpursWakeUp(spurs=*0x886100)
HLE: W {PPU[0x1] Thread (main_thread)[0x0035ebd0]} sys_memory: sys_memory_allocate(size=0xf00000, flags=0x400, alloc_addr=*0xd000f950)
HLE: W {PPU[0x1] Thread (main_thread)[0x0060548c]} cellGcmSys: _cellGcmInitBody(context=*0xf26f30, cmdSize=0x10000, ioSize=0xd00000, ioAddress=0x27400000)
HLE: W {PPU[0x1] Thread (main_thread)[0x0060548c]} cellGcmSys: *** local memory(addr=0xc0000000, size=0xf900000)
HLE: W {PPU[0x1] Thread (main_thread)[0x0060548c]} cellGcmSys: cellGcmInit(): 256MB io address space used
RSX: ! {RSXThread} RSX thread started
HLE: W {PPU[0x1] Thread (main_thread)[0x00604c4c]} cellSysutil: cellVideoOutGetResolutionAvailability(videoOut=0, resolutionId=0x2, aspect=0, option=0)
HLE: W {PPU[0x1] Thread (main_thread)[0x00604b8c]} cellSysutil: cellVideoOutConfigure(videoOut=0, config=*0xd000f9dc, option=*0x0, waitForEvent=0x0)
HLE: W {PPU[0x1] Thread (main_thread)[0x0060554c]} cellGcmSys: cellGcmSetFlipMode(mode=2)
HLE: W {PPU[0x1] Thread (main_thread)[0x0035ebd0]} sys_memory: sys_memory_allocate(size=0x800000, flags=0x400, alloc_addr=*0xd000f890)
RSX: W {RSXThread} TODO: NV4097_SET_COLOR_MASK_MRT: 0xfff0
RSX: E {RSXThread} TODO: CELL_GCM_NV4097_SET_ATTRIB_TEX_COORD_EX(0x6f)
RSX: W {RSXThread} TODO: NV4097_SET_CONTEXT_DMA_REPORT: 0xfeed0001
RSX: E {RSXThread} TODO: unknown/illegal method [0x00001450](0x80004)
HLE: W {PPU[0x1] Thread (main_thread)[0x0060558c]} cellGcmSys: cellGcmMapMainMemory(ea=0x28200000, size=0x600000, offset=*0xd000f9a0)
HLE: E {PPU[0x1] Thread (main_thread)[0x00604ecc]} cellSpurs: cellSpursGetInfo
HLE: W {PPU[0x1] Thread (main_thread)[0x0060518c]} cellSpurs: _cellSpursWorkloadAttributeInitialize(attr=*0xd000f768, revision=1, sdkVersion=0x200002, pm=*0x6f9900, size=0x2b80, data=0x887f8000ede500, priority=*0xf1e508, minCnt=0x1, maxCnt=0x0)
HLE: W {PPU[0x1] Thread (main_thread)[0x00604eec]} cellSpurs: cellSpursWorkloadAttributeSetName(attr=*0xd000f768, nameClass=*0x654760, nameInstance=*0xede48c)
HLE: W {PPU[0x1] Thread (main_thread)[0x0060510c]} cellSpurs: cellSpursAddWorkloadWithAttribute(spurs=*0x885100, wid=*0xede488, attr=*0xd000f768)
HLE: E {PPU[0x1] Thread (main_thread)[0x00604eac]} cellSpurs: cellSpursRequestIdleSpu
HLE: E {PPU[0x1] Thread (main_thread)[0x0060514c]} cellSpurs: cellSpursSetExceptionEventHandler
HLE: E {PPU[0x1] Thread (main_thread)[0x00604ecc]} cellSpurs: cellSpursGetInfo
HLE: W {PPU[0x1] Thread (main_thread)[0x0060518c]} cellSpurs: _cellSpursWorkloadAttributeInitialize(attr=*0xd000f768, revision=1, sdkVersion=0x200002, pm=*0x6f9900, size=0x2b80, data=0x887f8000efe500, priority=*0xf1e508, minCnt=0x1, maxCnt=0x0)
HLE: W {PPU[0x1] Thread (main_thread)[0x00604eec]} cellSpurs: cellSpursWorkloadAttributeSetName(attr=*0xd000f768, nameClass=*0x654760, nameInstance=*0xede4b4)
HLE: W {PPU[0x1] Thread (main_thread)[0x0060510c]} cellSpurs: cellSpursAddWorkloadWithAttribute(spurs=*0x885100, wid=*0xede4b0, attr=*0xd000f768)
HLE: E {PPU[0x1] Thread (main_thread)[0x00604eac]} cellSpurs: cellSpursRequestIdleSpu
HLE: E {PPU[0x1] Thread (main_thread)[0x0060514c]} cellSpurs: cellSpursSetExceptionEventHandler
HLE: W {PPU[0x1] Thread (main_thread)[0x0035ebd0]} sys_memory: sys_memory_allocate(size=0x300000, flags=0x400, alloc_addr=*0xd000f8c0)
HLE: W {PPU[0x1] Thread (main_thread)[0x00604c4c]} cellSysutil: cellVideoOutGetResolutionAvailability(videoOut=0, resolutionId=0x2, aspect=2, option=0)
HLE: W {PPU[0x1] Thread (main_thread)[0x00604c4c]} cellSysutil: cellVideoOutGetResolutionAvailability(videoOut=0, resolutionId=0x2, aspect=2, option=0)
HLE: W {PPU[0x1] Thread (main_thread)[0x00604b8c]} cellSysutil: cellVideoOutConfigure(videoOut=0, config=*0xd000fa88, option=*0x0, waitForEvent=0x0)
HLE: W {PPU[0x1] Thread (main_thread)[0x0060554c]} cellGcmSys: cellGcmSetFlipMode(mode=2)
HLE: W {PPU[0x1] Thread (main_thread)[0x0060568c]} cellGcmSys: cellGcmSetTile(index=0, location=0, offset=8454144, size=3932160, pitch=5120, comp=7, base=1, bank=0)
HLE: E {PPU[0x1] Thread (main_thread)[0x0060568c]} cellGcmSys: cellGcmSetTile: bad compression mode! (7)
HLE: W {PPU[0x1] Thread (main_thread)[0x0060568c]} cellGcmSys: cellGcmSetTile(index=1, location=0, offset=12386304, size=3932160, pitch=5120, comp=7, base=61, bank=0)
HLE: E {PPU[0x1] Thread (main_thread)[0x0060568c]} cellGcmSys: cellGcmSetTile: bad compression mode! (7)
HLE: W {PPU[0x1] Thread (main_thread)[0x0060568c]} cellGcmSys: cellGcmSetTile(index=2, location=0, offset=16318464, size=3932160, pitch=5120, comp=11, base=121, bank=1)
HLE: E {PPU[0x1] Thread (main_thread)[0x0060568c]} cellGcmSys: cellGcmSetTile: bad compression mode! (11)
HLE: E {PPU[0x1] Thread (main_thread)[0x006056ac]} cellGcmSys TODO: cellGcmSetZcull(index=0, offset=0xf90000, width=640, height=768, cullStart=0x0, zFormat=0x2, aaFormat=0x0, zCullDir=0x0, zCullFormat=0x885100, sFunc=0x600000, sRef=0x400000, sMask=0xd000f880)
HLE: W {PPU[0x1] Thread (main_thread)[0x006057ac]} sysPrxForUser: sys_lwmutex_create(lwmutex=*0xadd738, attr=*0xd000fc90)
HLE: W {PPU[0x1] Thread (main_thread)[0x00603e8c]} cellSysutil: cellSysutilRegisterCallback(slot=0, func=*0x7ad1d8, userdata=*0x0)
HLE: W {PPU[0x1] Thread (main_thread)[0x00603d0c]} cellSysutil: cellSysutilGetSystemParamInt(id=0x111(ID_LANG), value=*0xd000fb20)
HLE: W {PPU[0x1] Thread (main_thread)[0x0060576c]} sysPrxForUser: sys_ppu_thread_create(thread_id=*0xadd758, entry=0x7b86d0, arg=0x0, prio=1000, stacksize=0x8000, flags=0x0, threadname=*0x645f48)
HLE: W {PPU[0x1] Thread (main_thread)[0x0060576c]} sys_ppu_thread: _sys_ppu_thread_create(thread_id=*0xadd758, param=*0xd000fc08, arg=0x0, unk=0x0, prio=1000, stacksize=0x8000, flags=0x0, threadname=*0x645f48)
HLE: W {PPU[0x1] Thread (main_thread)[0x0060576c]} sys_ppu_thread: sys_ppu_thread_start(thread_id=0x4a)
HLE: W {PPU[0x4a] Thread (boot_init_thread)[0x0060408c]} cellFs: cellFsStat(path=*0x618878, sb=*0xd004fd30) -> sys_fs_stat()
HLE: W {PPU[0x4a] Thread (boot_init_thread)[0x0060408c]} sys_fs: sys_fs_stat(path=*0x618878, sb=*0xd004fd30)
HLE: W {PPU[0x4a] Thread (boot_init_thread)[0x0060408c]} sys_fs: *** path = '/dev_bdvd'
HLE: W {PPU[0x4a] Thread (boot_init_thread)[0x00603f6c]} sys_net: sys_net_initialize_network_ex(param=*0xd004fcf0)
HLE: E {PPU[0x1] Thread (main_thread)[0x00604ecc]} cellSpurs: cellSpursGetInfo
HLE: W {PPU[0x1] Thread (main_thread)[0x0060518c]} cellSpurs: _cellSpursWorkloadAttributeInitialize(attr=*0xd000f8b8, revision=1, sdkVersion=0x200002, pm=*0x6f9900, size=0x2b80, data=0x887f8000ede500, priority=*0xf1e508, minCnt=0x1, maxCnt=0x884af0)
HLE: W {PPU[0x1] Thread (main_thread)[0x00604eec]} cellSpurs: cellSpursWorkloadAttributeSetName(attr=*0xd000f8b8, nameClass=*0x654760, nameInstance=*0xede48c)
HLE: W {PPU[0x1] Thread (main_thread)[0x0060510c]} cellSpurs: cellSpursAddWorkloadWithAttribute(spurs=*0x885100, wid=*0xede488, attr=*0xd000f8b8)
HLE: E {PPU[0x1] Thread (main_thread)[0x00604eac]} cellSpurs: cellSpursRequestIdleSpu
HLE: E {PPU[0x1] Thread (main_thread)[0x0060514c]} cellSpurs: cellSpursSetExceptionEventHandler
HLE: W {PPU[0x1] Thread (main_thread)[0x006051ac]} cellSpurs: cellSpursReadyCountStore(spurs=*0x885100, wid=2, value=0x4)
HLE: E {PPU[0x1] Thread (main_thread)[0x0060500c]} cellSpurs: cellSpursShutdownWorkload
HLE: E {PPU[0x1] Thread (main_thread)[0x00604f6c]} cellSpurs: cellSpursWaitForWorkloadShutdown
HLE: E {PPU[0x1] Thread (main_thread)[0x00604f4c]} cellSpurs: cellSpursRemoveWorkload
HLE: W {PPU[0x4a] Thread (boot_init_thread)[0x006048ac]} sceNp: sceNpInit(poolsize=131072, poolptr=0x9091c0)
HLE: W {PPU[0x4a] Thread (boot_init_thread)[0x006057ac]} sysPrxForUser: sys_lwmutex_create(lwmutex=*0x7f0c98, attr=*0xd004fcd0)
HLE: W {PPU[0x4a] Thread (boot_init_thread)[0x006057ac]} sysPrxForUser: sys_lwmutex_create(lwmutex=*0x7f0cb8, attr=*0xd004fce0)
HLE: W {PPU[0x4a] Thread (boot_init_thread)[0x006057ac]} sysPrxForUser: sys_lwmutex_create(lwmutex=*0xf26ef0, attr=*0xd004fbb0)
HLE: W {PPU[0x4a] Thread (boot_init_thread)[0x006057ac]} sysPrxForUser: sys_lwmutex_create(lwmutex=*0xf26f08, attr=*0xd004fbb0)
HLE: W {PPU[0x4a] Thread (boot_init_thread)[0x0033aaa8]} sys_mutex: sys_mutex_create(mutex_id=*0x2730cd28, attr=*0xd004fab8)
HLE: W {PPU[0x4a] Thread (boot_init_thread)[0x0033ab20]} sys_cond: sys_cond_create(cond_id=*0x2730cd2c, mutex_id=0x4f, attr=*0xd004faa0)
HLE: W {PPU[0x4a] Thread (boot_init_thread)[0x0033ab40]} sys_cond: sys_cond_create(cond_id=*0x2730cd30, mutex_id=0x4f, attr=*0xd004faa0)
HLE: W {PPU[0x4a] Thread (boot_init_thread)[0x0060576c]} sysPrxForUser: sys_ppu_thread_create(thread_id=*0x27314d78, entry=0x7be238, arg=0x27314d70, prio=150, stacksize=0x4000, flags=0x1, threadname=*0x65abb0)
HLE: W {PPU[0x4a] Thread (boot_init_thread)[0x0060576c]} sys_ppu_thread: _sys_ppu_thread_create(thread_id=*0x27314d78, param=*0xd004fa68, arg=0x27314d70, unk=0x0, prio=150, stacksize=0x4000, flags=0x1, threadname=*0x65abb0)
HLE: W {PPU[0x4a] Thread (boot_init_thread)[0x0060576c]} sys_ppu_thread: sys_ppu_thread_start(thread_id=0x52)
RSX: W {RSXThread} TODO: NV4097_SET_SCULL_CONTROL: 0xff000002
HLE: W {PPU[0x4a] Thread (boot_init_thread)[0x0033aaa8]} sys_mutex: sys_mutex_create(mutex_id=*0x27314d98, attr=*0xd004fab8)
HLE: W {PPU[0x4a] Thread (boot_init_thread)[0x0033ab20]} sys_cond: sys_cond_create(cond_id=*0x27314d9c, mutex_id=0x53, attr=*0xd004faa0)
HLE: W {PPU[0x4a] Thread (boot_init_thread)[0x0033ab40]} sys_cond: sys_cond_create(cond_id=*0x27314da0, mutex_id=0x53, attr=*0xd004faa0)
HLE: W {PPU[0x4a] Thread (boot_init_thread)[0x0060576c]} sysPrxForUser: sys_ppu_thread_create(thread_id=*0x2731cde8, entry=0x7be238, arg=0x2731cde0, prio=150, stacksize=0x4000, flags=0x1, threadname=*0x65abb0)
HLE: W {PPU[0x4a] Thread (boot_init_thread)[0x0060576c]} sys_ppu_thread: _sys_ppu_thread_create(thread_id=*0x2731cde8, param=*0xd004fa68, arg=0x2731cde0, unk=0x0, prio=150, stacksize=0x4000, flags=0x1, threadname=*0x65abb0)
HLE: W {PPU[0x4a] Thread (boot_init_thread)[0x0060576c]} sys_ppu_thread: sys_ppu_thread_start(thread_id=0x56)
RSX: W {RSXThread} TODO: NV4097_SET_WINDOW_OFFSET: x=0, y=0
RSX: W {RSXThread} TODO: NV4097_SET_ANTI_ALIASING_CONTROL: 0xffff0000
RSX: E {RSXThread} NV4097_SET_CONTEXT_DMA_COLOR_A: Bad count (2)
RSX: W {RSXThread} TODO: NV4097_SET_COLOR_MASK_MRT: 0xfff0
HLE: E {PPU[0x4a] Thread (boot_init_thread)[0x00338e6c]} Unimplemented syscall 631: sys_gpio_get -> CELL_OK
HLE: W {PPU[0x4a] Thread (boot_init_thread)[0x0033ae20]} sys_mutex: sys_mutex_create(mutex_id=*0x2731d328, attr=*0xd004ea48)
HLE: W {PPU[0x4a] Thread (boot_init_thread)[0x0033ae40]} sys_cond: sys_cond_create(cond_id=*0x2731d32c, mutex_id=0x57, attr=*0xd004ea30)
HLE: W {PPU[0x56] Thread (sgsfile-req-th)[0x0060406c]} cellFs: cellFsOpen(path=*0xd00579d8, flags=0, fd=*0xd0057990, arg=*0x0, size=0x0) -> sys_fs_open()
HLE: W {PPU[0x56] Thread (sgsfile-req-th)[0x0060406c]} sys_fs: sys_fs_open(path=*0xd00579d8, flags=0, fd=*0xd0057990, mode=0, arg=*0x0, size=0x0)
HLE: W {PPU[0x56] Thread (sgsfile-req-th)[0x0060406c]} sys_fs: *** path = '/dev_bdvd/PS3_GAME/USRDIR/sirenx/data/commonfr.hed'
RSX: W {RSXThread} Creating RTT
