LDR: E PSFLoader::Load() failed: unknown magic (0x0)
G: ! RPCS3 0.0.0.5 v0.0.0.5-2528-g37721d6
G: ! 
G: ! Stopping emulator...
LDR: ! Decrypting 'D:/Emulateurs/Rpcs3/dev_hdd0/game/BCES00002-[Genji™ Days of the Blade]/PS3_GAME/USRDIR/EBOOT.BIN'...
LDR: W SELF: No NPDRM control info found!
LDR: ! Loading 'D:/Emulateurs/Rpcs3/dev_hdd0/game/BCES00002-[Genji™ Days of the Blade]/PS3_GAME/USRDIR/BOOT.BIN'...
G: W fs::file::open('D:/Emulateurs/Rpcs3/dev_hdd0/game/BCES00002-[Genji™ Days of the Blade]/PS3_GAME/dev_bdvd.path', 0x1) failed: error 0x2
LDR: ! 
LDR: ! Mount info:
LDR: ! /dev_usb000/ -> D:/Emulateurs/Rpcs3/dev_usb000/
LDR: ! /dev_flash/ -> D:/Emulateurs/Rpcs3/dev_flash/
LDR: ! /host_root/ -> 
LDR: ! /dev_hdd0/ -> D:/Emulateurs/Rpcs3/dev_hdd0/
LDR: ! /dev_hdd1/ -> D:/Emulateurs/Rpcs3/dev_hdd1/
LDR: ! /dev_bdvd/ -> D:/Emulateurs/Rpcs3/dev_hdd0/game/BCES00002-[Genji™ Days of the Blade]/
LDR: ! /dev_usb/ -> D:/Emulateurs/Rpcs3/dev_usb000/
LDR: ! 
LDR: ! Settings:
LDR: ! CPU: PPU Interpreter 2
LDR: ! SPU: SPU Recompiler (ASMJIT)
LDR: ! Renderer: DirectX 12
LDR: ! D3D Adapter: Default
LDR: ! Resolution: 1280x720
LDR: ! Write Depth Buffer: No
LDR: ! Write Color Buffers: No
LDR: ! Read Color Buffer: No
LDR: ! Audio Out: XAudio2
LDR: ! Log Everything: No
LDR: ! RSX Logging: No
LDR: ! 
LDR: ! Title: Genji™: Days of the Blade
LDR: ! Serial: BCES00002
LDR: ! Elf path: /dev_bdvd/PS3_GAME/USRDIR/BOOT.BIN
LDR: ! 
LDR: ! loader::init() failed: Broken file
LDR: ! *** sdk version: 0x110006
LDR: ! *** primary prio: 1001
LDR: ! *** primary stacksize: 0x40000
LDR: ! *** malloc pagesize: 0x100000
LDR: ! *** ppc seg: 0x0
LDR: ! Imported function '_cellGcmInitBody' in 'cellGcmSys' module (0x5d3984)
LDR: ! Imported function '_cellGcmFunc3' in 'cellGcmSys' module (0x5d39a4)
LDR: ! Imported function 'cellGcmAddressToOffset' in 'cellGcmSys' module (0x5d39c4)
LDR: ! Imported function '_cellGcmFunc15' in 'cellGcmSys' module (0x5d39e4)
LDR: ! Imported function 'cellGcmSetFlipMode' in 'cellGcmSys' module (0x5d3a04)
LDR: ! Imported function 'cellGcmSetDebugOutputLevel' in 'cellGcmSys' module (0x5d3a24)
LDR: ! Imported function '_cellGcmFunc1' in 'cellGcmSys' module (0x5d3a44)
LDR: ! Imported function 'cellGcmGetLastFlipTime' in 'cellGcmSys' module (0x5d3a64)
LDR: ! Imported function '_cellGcmFunc12' in 'cellGcmSys' module (0x5d3a84)
LDR: ! Imported function '_cellGcmFunc2' in 'cellGcmSys' module (0x5d3aa4)
LDR: ! Imported function 'cellGcmSetWaitFlip' in 'cellGcmSys' module (0x5d3ac4)
LDR: ! Imported function 'cellGcmSetFlipHandler' in 'cellGcmSys' module (0x5d3ae4)
LDR: ! Imported function 'cellGcmSetDisplayBuffer' in 'cellGcmSys' module (0x5d3b04)
LDR: ! Imported function 'cellGcmGetControlRegister' in 'cellGcmSys' module (0x5d3b24)
LDR: ! Imported function '_cellGcmFunc13' in 'cellGcmSys' module (0x5d3b44)
LDR: ! Imported function 'cellGcmSetInvalidateTile' in 'cellGcmSys' module (0x5d3b64)
LDR: ! Imported function 'cellGcmSetGraphicsHandler' in 'cellGcmSys' module (0x5d3b84)
LDR: ! Imported function 'cellGcmSetTile' in 'cellGcmSys' module (0x5d3ba4)
LDR: ! Imported function 'cellGcmSetZcull' in 'cellGcmSys' module (0x5d3bc4)
LDR: ! Imported function 'cellGcmSetFlip' in 'cellGcmSys' module (0x5d3be4)
LDR: ! Imported function 'cellGcmGetConfiguration' in 'cellGcmSys' module (0x5d3c04)
LDR: ! Imported function 'cellGcmGetLabelAddress' in 'cellGcmSys' module (0x5d3c24)
LDR: ! Imported function 'cellRescGetNumColorBuffers' in 'cellResc' module (0x5d3c44)
LDR: ! Imported function 'cellRescSetWaitFlip' in 'cellResc' module (0x5d3c64)
LDR: ! Imported function 'cellRescSetDsts' in 'cellResc' module (0x5d3c84)
LDR: ! Imported function 'cellRescSetDisplayMode' in 'cellResc' module (0x5d3ca4)
LDR: ! Imported function 'cellRescSetConvertAndFlip' in 'cellResc' module (0x5d3cc4)
LDR: ! Imported function 'cellRescExit' in 'cellResc' module (0x5d3ce4)
LDR: ! Imported function 'cellRescInit' in 'cellResc' module (0x5d3d04)
LDR: ! Imported function 'cellRescGetBufferSize' in 'cellResc' module (0x5d3d24)
LDR: ! Imported function 'cellRescSetSrc' in 'cellResc' module (0x5d3d44)
LDR: ! Imported function 'cellRescSetBufferAddress' in 'cellResc' module (0x5d3d64)
LDR: ! Imported function 'cellVideoOutConfigure' in 'cellSysutil' module (0x5d3d84)
LDR: ! Imported function 'cellSysutilCheckCallback' in 'cellSysutil' module (0x5d3da4)
LDR: ! Imported function 'cellVideoOutGetDeviceInfo' in 'cellSysutil' module (0x5d3dc4)
LDR: ! Imported function 'cellSysutilGetSystemParamInt' in 'cellSysutil' module (0x5d3de4)
LDR: ! Imported function 'cellAudioOutConfigure' in 'cellSysutil' module (0x5d3e04)
LDR: ! Imported function 'cellMsgDialogAbort' in 'cellSysutil' module (0x5d3e24)
LDR: ! Imported function 'cellVideoOutGetNumberOfDevice' in 'cellSysutil' module (0x5d3e44)
LDR: ! Imported function 'cellVideoOutGetState' in 'cellSysutil' module (0x5d3e64)
LDR: ! Imported function 'cellSysutilRegisterCallback' in 'cellSysutil' module (0x5d3e84)
LDR: ! Imported function 'cellAudioOutGetSoundAvailability' in 'cellSysutil' module (0x5d3ea4)
LDR: ! Imported function 'cellAudioOutSetCopyControl' in 'cellSysutil' module (0x5d3ec4)
LDR: ! Imported function 'cellVideoOutDebugSetMonitorType' in 'cellSysutil' module (0x5d3ee4)
LDR: ! Imported function 'cellVideoOutGetResolution' in 'cellSysutil' module (0x5d3f04)
LDR: ! Imported function 'cellMsgDialogOpen' in 'cellSysutil' module (0x5d3f24)
LDR: ! Imported function 'cellSaveDataListSave' in 'cellSysutil' module (0x5d4964)
LDR: ! Imported function 'cellSaveDataFixedSave' in 'cellSysutil' module (0x5d4984)
LDR: ! Imported function 'cellSaveDataFixedLoad' in 'cellSysutil' module (0x5d49a4)
LDR: ! Imported function 'cellAudioOutGetDeviceInfo' in 'cellSysutil' module (0x5d49c4)
LDR: ! Imported function 'cellSaveDataDelete' in 'cellSysutil' module (0x5d49e4)
LDR: ! Imported function 'cellDiscGameGetBootDiscInfo' in 'cellSysutil' module (0x5d4a04)
LDR: ! Imported function 'cellSaveDataAutoLoad' in 'cellSysutil' module (0x5d4a24)
LDR: ! Imported function 'cellGameDataCheckCreate2' in 'cellSysutil' module (0x5d4a44)
LDR: ! Imported function 'cellGameDataCheckCreate' in 'cellSysutil' module (0x5d4a64)
LDR: ! Imported function 'cellSaveDataListLoad' in 'cellSysutil' module (0x5d4a84)
LDR: ! Imported function 'cellSaveDataAutoSave' in 'cellSysutil' module (0x5d4aa4)
LDR: ! Imported function 'cellSysmoduleLoadModule' in 'cellSysmodule' module (0x5d3f44)
LDR: ! Imported function 'cellSyncMutexLock' in 'cellSync' module (0x5d3f64)
LDR: ! Imported function 'cellSyncMutexUnlock' in 'cellSync' module (0x5d3f84)
LDR: ! Imported function 'cellSyncMutexInitialize' in 'cellSync' module (0x5d3fa4)
LDR: ! Imported function 'cellSpursCreateTaskset' in 'cellSpurs' module (0x5d3fc4)
LDR: ! Imported function 'cellSpursJoinTaskset' in 'cellSpurs' module (0x5d3fe4)
LDR: ! Imported function 'cellSpursShutdownTaskset' in 'cellSpurs' module (0x5d4004)
LDR: ! Imported function 'cellSpursInitialize' in 'cellSpurs' module (0x5d4024)
LDR: ! Imported function 'cellSpursCreateTask' in 'cellSpurs' module (0x5d4044)
LDR: ! Imported function 'cellSpursFinalize' in 'cellSpurs' module (0x5d4064)
LDR: ! Imported function 'cellSpursDetachLv2EventQueue' in 'cellSpurs' module (0x5d4bc4)
LDR: ! Imported function 'cellSpursCreateJobChain' in 'cellSpurs' module (0x5d4be4)
LDR: ! Imported function 'cellSpursJobGuardInitialize' in 'cellSpurs' module (0x5d4c04)
LDR: ! Imported function 'cellSpursShutdownJobChain' in 'cellSpurs' module (0x5d4c24)
LDR: ! Imported function 'cellSpursJoinJobChain' in 'cellSpurs' module (0x5d4c44)
LDR: ! Imported function 'cellSpursAttachLv2EventQueue' in 'cellSpurs' module (0x5d4c64)
LDR: ! Imported function 'cellSpursKickJobChain' in 'cellSpurs' module (0x5d4c84)
LDR: ! Imported function 'cellSpursJobGuardNotify' in 'cellSpurs' module (0x5d4ca4)
LDR: ! Imported function 'sys_net_initialize_network_ex' in 'sys_net' module (0x5d4084)
LDR: ! Imported function 'listen' in 'sys_net' module (0x5d40a4)
LDR: ! Imported function 'socketselect' in 'sys_net' module (0x5d40c4)
LDR: ! Imported function 'connect' in 'sys_net' module (0x5d40e4)
LDR: ! Imported function 'socketclose' in 'sys_net' module (0x5d4104)
LDR: ! Imported function 'setsockopt' in 'sys_net' module (0x5d4124)
LDR: ! Imported function 'socket' in 'sys_net' module (0x5d4144)
LDR: ! Imported function 'bind' in 'sys_net' module (0x5d4164)
LDR: ! Imported function 'sys_net_show_ifconfig' in 'sys_net' module (0x5d4184)
LDR: ! Imported function 'sys_net_finalize_network' in 'sys_net' module (0x5d41a4)
LDR: ! Imported function 'accept' in 'sys_net' module (0x5d41c4)
LDR: ! Imported function 'inet_addr' in 'sys_net' module (0x5d41e4)
LDR: ! Imported function 'send' in 'sys_net' module (0x5d4204)
LDR: ! Imported function 'recv' in 'sys_net' module (0x5d4224)
LDR: ! Imported function 'cellNetCtlTerm' in 'cellNetCtl' module (0x5d4244)
LDR: ! Imported function 'cellNetCtlGetState' in 'cellNetCtl' module (0x5d4264)
LDR: ! Imported function 'cellNetCtlInit' in 'cellNetCtl' module (0x5d4284)
LDR: ! Imported function 'cellPamfStreamTypeToEsFilterId' in 'cellPamf' module (0x5d42a4)
LDR: ! Imported function 'cellPamfReaderSetStreamWithTypeAndIndex' in 'cellPamf' module (0x5d42c4)
LDR: ! Imported function 'cellPamfGetStreamOffsetAndSize' in 'cellPamf' module (0x5d42e4)
LDR: ! Imported function 'cellPamfReaderGetStreamInfo' in 'cellPamf' module (0x5d4304)
LDR: ! Imported function 'cellPamfReaderGetStreamTypeAndChannel' in 'cellPamf' module (0x5d4324)
LDR: ! Imported function 'cellPamfReaderInitialize' in 'cellPamf' module (0x5d4344)
LDR: ! Imported function 'cellPamfGetHeaderSize' in 'cellPamf' module (0x5d4364)
LDR: ! Imported function 'cellPamfReaderGetNumberOfSpecificStreams' in 'cellPamf' module (0x5d4384)
LDR: ! Imported function 'cellAdecDecodeAu' in 'cellAdec' module (0x5d43a4)
LDR: ! Imported function 'cellAdecStartSeq' in 'cellAdec' module (0x5d43c4)
LDR: ! Imported function 'cellAdecQueryAttr' in 'cellAdec' module (0x5d43e4)
LDR: ! Imported function 'cellAdecClose' in 'cellAdec' module (0x5d4404)
LDR: ! Imported function 'cellAdecGetPcm' in 'cellAdec' module (0x5d4424)
LDR: ! Imported function 'cellAdecGetPcmItem' in 'cellAdec' module (0x5d4444)
LDR: ! Imported function 'cellAdecOpen' in 'cellAdec' module (0x5d4464)
LDR: ! Imported function 'cellVdecClose' in 'libvdec' module (0x5d4484)
LDR: ! Imported function 'cellVdecGetPicItem' in 'libvdec' module (0x5d44a4)
LDR: ! Imported function 'cellVdecDecodeAu' in 'libvdec' module (0x5d44c4)
LDR: ! Imported function 'cellVdecGetPicture' in 'libvdec' module (0x5d44e4)
LDR: ! Imported function 'cellVdecOpen' in 'libvdec' module (0x5d4504)
LDR: ! Imported function 'cellVdecStartSeq' in 'libvdec' module (0x5d4524)
LDR: ! Imported function 'cellVdecQueryAttr' in 'libvdec' module (0x5d4544)
LDR: ! Imported function 'cellDmuxQueryEsAttr' in 'cellDmux' module (0x5d4564)
LDR: ! Imported function 'cellDmuxSetStream' in 'cellDmux' module (0x5d4584)
LDR: ! Imported function 'cellDmuxDisableEs' in 'cellDmux' module (0x5d45a4)
LDR: ! Imported function 'cellDmuxReleaseAu' in 'cellDmux' module (0x5d45c4)
LDR: ! Imported function 'cellDmuxGetAu' in 'cellDmux' module (0x5d45e4)
LDR: ! Imported function 'cellDmuxResetStream' in 'cellDmux' module (0x5d4604)
LDR: ! Imported function 'cellDmuxOpen' in 'cellDmux' module (0x5d4624)
LDR: ! Imported function 'cellDmuxEnableEs' in 'cellDmux' module (0x5d4644)
LDR: ! Imported function 'cellDmuxClose' in 'cellDmux' module (0x5d4664)
LDR: ! Imported function 'cellDmuxQueryAttr' in 'cellDmux' module (0x5d4684)
LDR: ! Imported function 'cellFsRmdir' in 'sys_fs' module (0x5d46a4)
LDR: ! Imported function 'cellFsClose' in 'sys_fs' module (0x5d46c4)
LDR: ! Imported function 'cellFsOpendir' in 'sys_fs' module (0x5d46e4)
LDR: ! Imported function 'cellFsRead' in 'sys_fs' module (0x5d4704)
LDR: ! Imported function 'cellFsReaddir' in 'sys_fs' module (0x5d4724)
LDR: ! Imported function 'cellFsOpen' in 'sys_fs' module (0x5d4744)
LDR: ! Imported function 'cellFsStat' in 'sys_fs' module (0x5d4764)
LDR: ! Imported function 'cellFsUnlink' in 'sys_fs' module (0x5d4784)
LDR: ! Imported function 'cellFsFsync' in 'sys_fs' module (0x5d47a4)
LDR: ! Imported function 'cellFsLseek' in 'sys_fs' module (0x5d47c4)
LDR: ! Imported function 'cellFsMkdir' in 'sys_fs' module (0x5d47e4)
LDR: ! Imported function 'cellFsWrite' in 'sys_fs' module (0x5d4804)
LDR: ! Imported function 'cellFsFstat' in 'sys_fs' module (0x5d4824)
LDR: ! Imported function 'cellFsRename' in 'sys_fs' module (0x5d4844)
LDR: ! Imported function 'cellFsClosedir' in 'sys_fs' module (0x5d4864)
LDR: ! Imported function 'cellPadInfoPressMode' in 'sys_io' module (0x5d4884)
LDR: ! Imported function 'cellPadInit' in 'sys_io' module (0x5d48a4)
LDR: ! Imported function 'cellPadGetInfo' in 'sys_io' module (0x5d48c4)
LDR: ! Imported function 'cellPadInfoSensorMode' in 'sys_io' module (0x5d48e4)
LDR: ! Imported function 'cellPadGetData' in 'sys_io' module (0x5d4904)
LDR: ! Imported function 'cellPadSetSensorMode' in 'sys_io' module (0x5d4924)
LDR: ! Imported function 'cellPadSetPressMode' in 'sys_io' module (0x5d4944)
LDR: ! Imported function 'cellAudioInit' in 'cellAudio' module (0x5d4ac4)
LDR: ! Imported function 'cellAudioSetNotifyEventQueue' in 'cellAudio' module (0x5d4ae4)
LDR: ! Imported function 'cellAudioPortClose' in 'cellAudio' module (0x5d4b04)
LDR: ! Imported function 'cellAudioPortStop' in 'cellAudio' module (0x5d4b24)
LDR: ! Imported function 'cellAudioGetPortConfig' in 'cellAudio' module (0x5d4b44)
LDR: ! Imported function 'cellAudioPortStart' in 'cellAudio' module (0x5d4b64)
LDR: ! Imported function 'cellAudioQuit' in 'cellAudio' module (0x5d4b84)
LDR: ! Imported function 'cellAudioPortOpen' in 'cellAudio' module (0x5d4ba4)
LDR: ! Imported function 'SJISstoUTF8s' in 'cellL10n' module (0x5d4cc4)
LDR: ! Imported function 'sys_lwmutex_lock' in 'sysPrxForUser' module (0x5d4ce4)
LDR: ! Imported function 'sys_lwmutex_unlock' in 'sysPrxForUser' module (0x5d4d04)
LDR: ! Imported function 'sys_ppu_thread_create' in 'sysPrxForUser' module (0x5d4d24)
LDR: ! Imported function 'sys_lwmutex_create' in 'sysPrxForUser' module (0x5d4d44)
LDR: ! Imported function 'sys_ppu_thread_get_id' in 'sysPrxForUser' module (0x5d4d64)
LDR: ! Imported function 'sys_initialize_tls' in 'sysPrxForUser' module (0x5d4d84)
LDR: ! Imported function 'sys_time_get_system_time' in 'sysPrxForUser' module (0x5d4da4)
LDR: ! Imported function 'sys_prx_exitspawn_with_level' in 'sysPrxForUser' module (0x5d4dc4)
LDR: ! Imported function 'sys_ppu_thread_exit' in 'sysPrxForUser' module (0x5d4de4)
LDR: ! Imported function 'sys_lwmutex_destroy' in 'sysPrxForUser' module (0x5d4e04)
LDR: ! Imported function 'sys_process_exit' in 'sysPrxForUser' module (0x5d4e24)
LDR: ! Imported function 'sys_game_process_exitspawn' in 'sysPrxForUser' module (0x5d4e44)
MEM: ! Thread Local Storage initialized (g_tls_start=0x63e000, user_size=0x1dc)
*** TLS segment addr: 0x00638450
*** TLS segment size: 0x00000008
HLE: W {PPU[0x1] Thread (main_thread)[0x005d4d44]} sysPrxForUser: sys_lwmutex_create(lwmutex=*0x113a9cd8, attr=*0x10030820)
HLE: W {PPU[0x1] Thread (main_thread)[0x005d4d44]} sysPrxForUser: sys_lwmutex_create(lwmutex=*0x113a9cf0, attr=*0x10030820)
HLE: W {PPU[0x1] Thread (main_thread)[0x00572244]} sys_memory: sys_memory_allocate(size=0x100000, flags=0x400, alloc_addr=*0xd003fb70)
HLE: W {PPU[0x1] Thread (main_thread)[0x005d4d44]} sysPrxForUser: sys_lwmutex_create(lwmutex=*0x20000020, attr=*0x10030820)
HLE: W {PPU[0x1] Thread (main_thread)[0x005d4d44]} sysPrxForUser: sys_lwmutex_create(lwmutex=*0x20000050, attr=*0x10030820)
HLE: W {PPU[0x1] Thread (main_thread)[0x005d4d44]} sysPrxForUser: sys_lwmutex_create(lwmutex=*0x20000080, attr=*0x10030820)
HLE: W {PPU[0x1] Thread (main_thread)[0x005d4d44]} sysPrxForUser: sys_lwmutex_create(lwmutex=*0x200000b0, attr=*0x10030820)
HLE: W {PPU[0x1] Thread (main_thread)[0x005d4d44]} sysPrxForUser: sys_lwmutex_create(lwmutex=*0x200000e0, attr=*0x10030820)
HLE: W {PPU[0x1] Thread (main_thread)[0x005d4d44]} sysPrxForUser: sys_lwmutex_create(lwmutex=*0x20000110, attr=*0x10030820)
HLE: W {PPU[0x1] Thread (main_thread)[0x005d4d44]} sysPrxForUser: sys_lwmutex_create(lwmutex=*0x20000140, attr=*0x10030820)
HLE: W {PPU[0x1] Thread (main_thread)[0x005d4d44]} sysPrxForUser: sys_lwmutex_create(lwmutex=*0x20000180, attr=*0x10030820)
HLE: W {PPU[0x1] Thread (main_thread)[0x005d4d44]} sysPrxForUser: sys_lwmutex_create(lwmutex=*0x20000210, attr=*0x10030820)
HLE: W {PPU[0x1] Thread (main_thread)[0x005d4d44]} sysPrxForUser: sys_lwmutex_create(lwmutex=*0x200002b0, attr=*0x10030820)
HLE: W {PPU[0x1] Thread (main_thread)[0x005d4d44]} sysPrxForUser: sys_lwmutex_create(lwmutex=*0x20000320, attr=*0x10030820)
HLE: W {PPU[0x1] Thread (main_thread)[0x005d4d44]} sysPrxForUser: sys_lwmutex_create(lwmutex=*0x20000370, attr=*0x10030820)
HLE: W {PPU[0x1] Thread (main_thread)[0x005d4d44]} sysPrxForUser: sys_lwmutex_create(lwmutex=*0x200003c0, attr=*0x10030820)
HLE: W {PPU[0x1] Thread (main_thread)[0x005d4d44]} sysPrxForUser: sys_lwmutex_create(lwmutex=*0x20000490, attr=*0x10030820)
HLE: W {PPU[0x1] Thread (main_thread)[0x005d4d44]} sysPrxForUser: sys_lwmutex_create(lwmutex=*0x200004d0, attr=*0x10030820)
HLE: W {PPU[0x1] Thread (main_thread)[0x005d4d44]} sysPrxForUser: sys_lwmutex_create(lwmutex=*0x20000510, attr=*0x10030820)
HLE: W {PPU[0x1] Thread (main_thread)[0x005d4d44]} sysPrxForUser: sys_lwmutex_create(lwmutex=*0x20000550, attr=*0x10030820)
HLE: W {PPU[0x1] Thread (main_thread)[0x005d4d44]} sysPrxForUser: sys_lwmutex_create(lwmutex=*0x20000590, attr=*0x10030820)
HLE: W {PPU[0x1] Thread (main_thread)[0x005d4d44]} sysPrxForUser: sys_lwmutex_create(lwmutex=*0x200005d0, attr=*0x10030820)
HLE: W {PPU[0x1] Thread (main_thread)[0x0029e450]} sys_memory: sys_memory_get_user_memory_size(mem_info=*0xd003fc50)
HLE: W {PPU[0x1] Thread (main_thread)[0x00572244]} sys_memory: sys_memory_allocate(size=0x2700000, flags=0x400, alloc_addr=*0xd003fb80)
HLE: W {PPU[0x1] Thread (main_thread)[0x005d3f44]} cellSysmodule: cellSysmoduleLoadModule(id=0x0017: CELL_SYSMODULE_IO)
HLE: W {PPU[0x1] Thread (main_thread)[0x005d3f44]} cellSysmodule: cellSysmoduleLoadModule(id=0x000e: CELL_SYSMODULE_FS)
HLE: W {PPU[0x1] Thread (main_thread)[0x005d3f44]} cellSysmodule: cellSysmoduleLoadModule(id=0x000d: CELL_SYSMODULE_SYNC)
HLE: W {PPU[0x1] Thread (main_thread)[0x005d3f44]} cellSysmodule: cellSysmoduleLoadModule(id=0x000a: CELL_SYSMODULE_SPURS)
HLE: W {PPU[0x1] Thread (main_thread)[0x005d3f44]} cellSysmodule: cellSysmoduleLoadModule(id=0x0011: CELL_SYSMODULE_AUDIO)
HLE: W {PPU[0x1] Thread (main_thread)[0x005d3f44]} cellSysmodule: cellSysmoduleLoadModule(id=0x0024: CELL_SYSMODULE_VDEC_MPEG2)
HLE: W {PPU[0x1] Thread (main_thread)[0x005d3f44]} cellSysmodule: cellSysmoduleLoadModule(id=0x0027: CELL_SYSMODULE_ADEC_AC3)
HLE: W {PPU[0x1] Thread (main_thread)[0x005d3f44]} cellSysmodule: cellSysmoduleLoadModule(id=0x002a: CELL_SYSMODULE_DMUX_PAMF)
HLE: W {PPU[0x1] Thread (main_thread)[0x005d3f44]} cellSysmodule: cellSysmoduleLoadModule(id=0x0012: CELL_SYSMODULE_PAMF)
HLE: W {PPU[0x1] Thread (main_thread)[0x005d3f44]} cellSysmodule: cellSysmoduleLoadModule(id=0x0008: CELL_SYSMODULE_VPOST)
HLE: W {PPU[0x1] Thread (main_thread)[0x005d3f44]} cellSysmodule: cellSysmoduleLoadModule(id=0x001e: CELL_SYSMODULE_L10N)
HLE: W {PPU[0x1] Thread (main_thread)[0x005d3e84]} cellSysutil: cellSysutilRegisterCallback(slot=0, func=*0x615928, userdata=*0x0)
HLE: W {PPU[0x1] Thread (main_thread)[0x005d3de4]} cellSysutil: cellSysutilGetSystemParamInt(id=0x111(ID_LANG), value=*0xd003fc30)
HLE: W {PPU[0x1] Thread (main_thread)[0x005d3de4]} cellSysutil: cellSysutilGetSystemParamInt(id=0x112(ID_ENTER_BUTTON_ASSIGN), value=*0xd003fc30)
HLE: W {PPU[0x1] Thread (main_thread)[0x005d3de4]} cellSysutil: cellSysutilGetSystemParamInt(id=0x121(ID_GAME_PARENTAL_LEVEL), value=*0xd003fc30)
HLE: W {PPU[0x1] Thread (main_thread)[0x0029ecfc]} sys_spu: sys_spu_initialize(max_usable_spu=6, max_raw_spu=1)
HLE: W {PPU[0x1] Thread (main_thread)[0x004e5108]} sys_mutex: sys_mutex_create(mutex_id=*0xd003fb90, attr=*0xd003fad0)
HLE: W {PPU[0x1] Thread (main_thread)[0x004cfe8c]} sys_memory: sys_memory_container_create(cid=*0x1100e954, size=0x800000)
HLE: W {PPU[0x1] Thread (main_thread)[0x004cfeac]} sys_memory: sys_memory_allocate_from_container(size=0x800000, cid=0x19, flags=0x400, alloc_addr=*0xd003fb90)
HLE: W {PPU[0x1] Thread (main_thread)[0x005d4764]} cellFs: cellFsStat(path=*0x10025c88, sb=*0xd003fad0) -> sys_fs_stat()
HLE: W {PPU[0x1] Thread (main_thread)[0x005d4764]} sys_fs: sys_fs_stat(path=*0x10025c88, sb=*0xd003fad0)
HLE: W {PPU[0x1] Thread (main_thread)[0x005d4764]} sys_fs: *** path = '/dev_bdvd'
HLE: W {PPU[0x1] Thread (main_thread)[0x005d3ea4]} cellSysutil: cellAudioOutGetSoundAvailability(audioOut=0, type=0, fs=0x4, option=0)
HLE: W {PPU[0x1] Thread (main_thread)[0x005d3ea4]} cellSysutil: cellAudioOutGetSoundAvailability(audioOut=0, type=1, fs=0x4, option=0)
HLE: W {PPU[0x1] Thread (main_thread)[0x005d3e04]} cellSysutil: cellAudioOutConfigure(audioOut=0, config=*0xd003fb20, option=*0x0, waitForEvent=0)
HLE: W {PPU[0x1] Thread (main_thread)[0x005d3ec4]} cellSysutil: cellAudioOutSetCopyControl(audioOut=0, control=1)
HLE: W {PPU[0x1] Thread (main_thread)[0x0038ae54]} sys_mutex: sys_mutex_create(mutex_id=*0x10fe63a0, attr=*0xd003f9f0)
HLE: W {PPU[0x1] Thread (main_thread)[0x0038b2e0]} sys_mutex: sys_mutex_create(mutex_id=*0x20011208, attr=*0xd003f918)
HLE: W {PPU[0x1] Thread (main_thread)[0x0038b35c]} sys_cond: sys_cond_create(cond_id=*0x2001120c, mutex_id=0x1b, attr=*0xd003f900)
HLE: W {PPU[0x1] Thread (main_thread)[0x0038b37c]} sys_cond: sys_cond_create(cond_id=*0x20011210, mutex_id=0x1b, attr=*0xd003f900)
HLE: W {PPU[0x1] Thread (main_thread)[0x005d4d24]} sysPrxForUser: sys_ppu_thread_create(thread_id=*0x20019258, entry=0x61adf8, arg=0x20019250, prio=950, stacksize=0x4000, flags=0x1, threadname=*0x10025bb0)
HLE: W {PPU[0x1] Thread (main_thread)[0x005d4d24]} sys_ppu_thread: _sys_ppu_thread_create(thread_id=*0x20019258, param=*0xd003f8d8, arg=0x20019250, unk=0x0, prio=950, stacksize=0x4000, flags=0x1, threadname=*0x10025bb0)
HLE: W {PPU[0x1] Thread (main_thread)[0x005d4d24]} sys_ppu_thread: sys_ppu_thread_start(thread_id=0x1e)
HLE: E {PPU[0x1] Thread (main_thread)[0x0038958c]} Unimplemented syscall 631: sys_gpio_get -> CELL_OK
HLE: W {PPU[0x1] Thread (main_thread)[0x005d4d44]} sysPrxForUser: sys_lwmutex_create(lwmutex=*0x20026c90, attr=*0xd003fa10)
HLE: W {PPU[0x1] Thread (main_thread)[0x005d4d44]} sysPrxForUser: sys_lwmutex_create(lwmutex=*0x20026cb0, attr=*0xd003fa10)
HLE: W {PPU[0x1] Thread (main_thread)[0x005d4d44]} sysPrxForUser: sys_lwmutex_create(lwmutex=*0x10fec590, attr=*0xd003f8d0)
HLE: W {PPU[0x1] Thread (main_thread)[0x005d4024]} cellSpurs: cellSpursInitialize(spurs=*0x10feb500, nSpus=1, spuPriority=32, ppuPriority=910, exitIfNoWork=2863872)
HLE: W {PPU[0x1] Thread (main_thread)[0x005d4024]} sys_process: sys_process_is_spu_lock_line_reservation_address(addr=0x10feb500, flags=0x2)
HLE: W {PPU[0x1] Thread (main_thread)[0x005d4024]} sys_semaphore: sys_semaphore_create(sem_id=*0xd003f6a8, attr=*0xd003f688, initial_val=0, max_val=1)
HLE: W {PPU[0x1] Thread (main_thread)[0x005d4024]} sys_semaphore: sys_semaphore_create(sem_id=*0xd003f6a8, attr=*0xd003f688, initial_val=0, max_val=1)
HLE: W {PPU[0x1] Thread (main_thread)[0x005d4024]} sys_semaphore: sys_semaphore_create(sem_id=*0xd003f6a8, attr=*0xd003f688, initial_val=0, max_val=1)
HLE: W {PPU[0x1] Thread (main_thread)[0x005d4024]} sys_semaphore: sys_semaphore_create(sem_id=*0xd003f6a8, attr=*0xd003f688, initial_val=0, max_val=1)
HLE: W {PPU[0x1] Thread (main_thread)[0x005d4024]} sys_semaphore: sys_semaphore_create(sem_id=*0xd003f6a8, attr=*0xd003f688, initial_val=0, max_val=1)
HLE: W {PPU[0x1] Thread (main_thread)[0x005d4024]} sys_semaphore: sys_semaphore_create(sem_id=*0xd003f6a8, attr=*0xd003f688, initial_val=0, max_val=1)
HLE: W {PPU[0x1] Thread (main_thread)[0x005d4024]} sys_semaphore: sys_semaphore_create(sem_id=*0xd003f6a8, attr=*0xd003f688, initial_val=0, max_val=1)
HLE: W {PPU[0x1] Thread (main_thread)[0x005d4024]} sys_semaphore: sys_semaphore_create(sem_id=*0xd003f6a8, attr=*0xd003f688, initial_val=0, max_val=1)
HLE: W {PPU[0x1] Thread (main_thread)[0x005d4024]} sys_semaphore: sys_semaphore_create(sem_id=*0xd003f6a8, attr=*0xd003f688, initial_val=0, max_val=1)
HLE: W {PPU[0x1] Thread (main_thread)[0x005d4024]} sys_semaphore: sys_semaphore_create(sem_id=*0xd003f6a8, attr=*0xd003f688, initial_val=0, max_val=1)
HLE: W {PPU[0x1] Thread (main_thread)[0x005d4024]} sys_semaphore: sys_semaphore_create(sem_id=*0xd003f6a8, attr=*0xd003f688, initial_val=0, max_val=1)
HLE: W {PPU[0x1] Thread (main_thread)[0x005d4024]} sys_semaphore: sys_semaphore_create(sem_id=*0xd003f6a8, attr=*0xd003f688, initial_val=0, max_val=1)
HLE: W {PPU[0x1] Thread (main_thread)[0x005d4024]} sys_semaphore: sys_semaphore_create(sem_id=*0xd003f6a8, attr=*0xd003f688, initial_val=0, max_val=1)
HLE: W {PPU[0x1] Thread (main_thread)[0x005d4024]} sys_semaphore: sys_semaphore_create(sem_id=*0xd003f6a8, attr=*0xd003f688, initial_val=0, max_val=1)
HLE: W {PPU[0x1] Thread (main_thread)[0x005d4024]} sys_semaphore: sys_semaphore_create(sem_id=*0xd003f6a8, attr=*0xd003f688, initial_val=0, max_val=1)
HLE: W {PPU[0x1] Thread (main_thread)[0x005d4024]} sys_semaphore: sys_semaphore_create(sem_id=*0xd003f6a8, attr=*0xd003f688, initial_val=0, max_val=1)
HLE: W {PPU[0x1] Thread (main_thread)[0x005d4024]} sys_semaphore: sys_semaphore_create(sem_id=*0xd003f6a8, attr=*0xd003f688, initial_val=0, max_val=1)
HLE: W {PPU[0x1] Thread (main_thread)[0x005d4024]} sys_spu: sys_spu_thread_group_create(id=*0xd003f668, num=1, prio=32, attr=*0xd003f5d8)
HLE: W {PPU[0x1] Thread (main_thread)[0x005d4024]} sys_spu: sys_spu_thread_initialize(thread=*0xd003f5b0, group=0x33, spu_num=0, img=*0x10fec270, attr=*0xd003f5a0, arg=*0xd003f5b8)
HLE: E {PPU[0x1] Thread (main_thread)[0x005d4024]} sys_spu: Unsupported SPU Thread options (0x2)
HLE: W {PPU[0x1] Thread (main_thread)[0x005d4024]} sysPrxForUser: sys_lwmutex_create(lwmutex=*0x10fec2b0, attr=*0xd003f670)
HLE: W {PPU[0x1] Thread (main_thread)[0x005d4024]} sysPrxForUser: sys_lwcond_create(lwcond=*0x10fec2c8, lwmutex=*0x10fec2b0, attr=*0xd003f680)
HLE: W {PPU[0x1] Thread (main_thread)[0x005d4024]} sys_event: sys_event_queue_create(equeue_id=*0x10fec25c, attr=*0xd003f508, event_queue_key=0x0, size=42)
HLE: W {PPU[0x1] Thread (main_thread)[0x005d4024]} sys_spu: sys_spu_thread_group_connect_event_all_threads(id=0x33, eq=0x37, req=0xffffffffffff0000, spup=*0x10feb5c9)
HLE: W {PPU[0x1] Thread (main_thread)[0x005d4024]} sys_event: sys_event_port_create(eport_id=*0x10fec260, port_type=1, name=0x0)
HLE: W {PPU[0x1] Thread (main_thread)[0x005d4024]} sys_event: sys_event_port_connect_local(eport_id=0x38, equeue_id=0x37)
HLE: W {PPU[0x3a] Thread (SpursHdlr0)[0x00000000]} sys_spu: sys_spu_thread_group_start(id=0x33)
HLE: W {PPU[0x1] Thread (main_thread)[0x005d4024]} cellSpurs: cellSpursEnableExceptionEventHandler(spurs=*0x10feb500, flag=1)
HLE: W {PPU[0x1] Thread (main_thread)[0x005d4024]} sys_spu: sys_spu_thread_group_connect_event(id=0x33, eq=0x37, et=2)
SPU: S {PPU[0x3a] Thread (SpursHdlr0)[0x00000000]} SPU Database initialized...
SPU: S {PPU[0x3a] Thread (SpursHdlr0)[0x00000000]} SPU Recompiler (ASMJIT) created...
HLE: W {PPU[0x3a] Thread (SpursHdlr0)[0x00000000]} sys_spu: sys_spu_thread_group_join(id=0x33, cause=*0x0, status=*0x0)
HLE: W {PPU[0x1] Thread (main_thread)[0x003b4dd4]} sys_event: sys_event_queue_create(equeue_id=*0x10fec500, attr=*0xd003f774, event_queue_key=0x0, size=8)
HLE: W {PPU[0x1] Thread (main_thread)[0x003b4dfc]} sys_event: sys_event_port_create(eport_id=*0x10fec510, port_type=1, name=0xfee1dead)
HLE: W {PPU[0x1] Thread (main_thread)[0x003b4e18]} sys_event: sys_event_port_connect_local(eport_id=0x3c, equeue_id=0x3b)
HLE: W {PPU[0x1] Thread (main_thread)[0x005d4c64]} cellSpurs: cellSpursAttachLv2EventQueue(spurs=*0x10feb500, queue=0x3b, port=*0xd003f750, isDynamic=0)
HLE: W {PPU[0x1] Thread (main_thread)[0x005d4c64]} sys_spu: sys_spu_thread_group_connect_event_all_threads(id=0x33, eq=0x3b, req=0x2, spup=*0xd003f750)
HLE: W {PPU[0x1] Thread (main_thread)[0x005d4d24]} sysPrxForUser: sys_ppu_thread_create(thread_id=*0x10fec508, entry=0x61c440, arg=0x0, prio=909, stacksize=0x10000, flags=0x1, threadname=*0x10028b18)
HLE: W {PPU[0x1] Thread (main_thread)[0x005d4d24]} sys_ppu_thread: _sys_ppu_thread_create(thread_id=*0x10fec508, param=*0xd003f6a8, arg=0x0, unk=0x0, prio=909, stacksize=0x10000, flags=0x1, threadname=*0x10028b18)
HLE: W {PPU[0x1] Thread (main_thread)[0x005d4d24]} sys_ppu_thread: sys_ppu_thread_start(thread_id=0x3d)
SPU: S {SPU[0x34] Thread (CellSpursKernel0)[0x00818]} Function detected [0x00818-0x00820] (size=0x8)
HLE: W {PPU[0x1] Thread (main_thread)[0x005d4d44]} sysPrxForUser: sys_lwmutex_create(lwmutex=*0x20028f80, attr=*0xd003f8c0)
HLE: W {PPU[0x1] Thread (main_thread)[0x003b46f0]} sys_event: sys_event_queue_create(equeue_id=*0x20028f98, attr=*0xd003f8b0, event_queue_key=0x0, size=1)
HLE: W {PPU[0x1] Thread (main_thread)[0x005d4c64]} cellSpurs: cellSpursAttachLv2EventQueue(spurs=*0x10feb500, queue=0x3f, port=*0x20028f9c, isDynamic=1)
HLE: W {PPU[0x1] Thread (main_thread)[0x005d4c64]} sys_spu: sys_spu_thread_group_connect_event_all_threads(id=0x33, eq=0x3f, req=0xffffffffffff0000, spup=*0x20028f9c)
HLE: E {PPU[0x1] Thread (main_thread)[0x005d4be4]} cellSpurs: cellSpursCreateJobChain
HLE: E {PPU[0x1] Thread (main_thread)[0x005d4c04]} cellSpurs: cellSpursJobGuardInitialize
HLE: E {PPU[0x1] Thread (main_thread)[0x005d4c84]} cellSpurs: cellSpursKickJobChain
HLE: E {PPU[0x1] Thread (main_thread)[0x005d4ca4]} cellSpurs: cellSpursJobGuardNotify
G: ! Stopping emulator...
G: ! All threads signaled...
HLE: S {PPU[0x1] Thread (main_thread)[0x003b5220]} Last syscall: 130 (sys_event_queue_receive)
HLE: S {PPU[0x1e] Thread (sgsfile-req-th)[0x0038b138]} Last syscall: 107 (sys_cond_wait)
HLE: S {PPU[0x3d] Thread (spurs_printf_handler)[0x003b501c]} Last syscall: 130 (sys_event_queue_receive)
G: ! {PPU[0x3d] Thread (spurs_printf_handler)[0x003b501c]} Thread aborted
G: ! {PPU[0x3a] Thread (SpursHdlr0)[0x00000000]} Thread aborted
G: ! {PPU[0x2] Thread (Callback Thread)[0x00000000]} Thread aborted
G: ! {PPU[0x1e] Thread (sgsfile-req-th)[0x0038b138]} Thread aborted
G: ! {PPU[0x1] Thread (main_thread)[0x003b5220]} Thread aborted
G: ! {SPU[0x34] Thread (CellSpursKernel0)[0x00818]} Thread aborted
G: ! {PPU[0x39] Thread (SpursHdlr1)[0x00000000]} Thread aborted
G: ! All threads stopped...
G: ! Objects cleared...
