LDR: E PSFLoader::Load() failed: unknown magic (0x0)
G: ! RPCS3 v0.0.0.6-3827-a6beb0e
G: ! 
LDR: ! Loading 'D:\Emulateurs\Rpcs3\dev_hdd0\game\BCES01085-[White Knight Chronicles™ II]\PS3_GAME\USRDIR\BOOT.BIN'...
G: W fs::file::open('D:/Emulateurs/Rpcs3/dev_hdd0/game/BCES01085-[White Knight Chronicles™ II]/PS3_GAME/dev_bdvd.path', 0x1) failed: error 0x2
LDR: ! 
LDR: ! Mount info:
LDR: ! /dev_usb000/ -> D:/Emulateurs/Rpcs3/dev_usb000/
LDR: ! /dev_flash/ -> D:/Emulateurs/Rpcs3/dev_flash/
LDR: ! /host_root/ -> 
LDR: ! /dev_hdd0/ -> D:/Emulateurs/Rpcs3/dev_hdd0/
LDR: ! /dev_hdd1/ -> D:/Emulateurs/Rpcs3/dev_hdd1/
LDR: ! /dev_bdvd/ -> D:/Emulateurs/Rpcs3/dev_hdd0/game/BCES01085-[White Knight Chronicles™ II]/
LDR: ! /dev_usb/ -> D:/Emulateurs/Rpcs3/dev_usb000/
LDR: ! 
LDR: ! 
LDR: ! Title: White Knight Chronicles™ II(BCES-01085)
LDR: ! Serial: BCES01085
LDR: ! Used configuration: 'rpcs3.new.ini'
LDR: ! 
LDR: ! [gui]
MainFrameAui=layout2|name~Pane_0;caption~Game List;state~4196348;dir~5;layer~0;row~0;pos~0;prop~100000;bestw~283;besth~279;minw~-1;minh~-1;maxw~-1;maxh~-1;floatx~-1;floaty~-1;floatw~-1;floath~-1|name~Pane_1;caption~Log;state~4196348;dir~4;layer~0;row~1;pos~1;prop~99647;bestw~600;besth~300;minw~-1;minh~-1;maxw~-1;maxh~-1;floatx~52;floaty~489;floatw~616;floath~339|name~Pane_2;caption~Debugger;state~4196348;dir~4;layer~0;row~1;pos~0;prop~100353;bestw~400;besth~300;minw~-1;minh~-1;maxw~-1;maxh~-1;floatx~47;floaty~117;floatw~416;floath~339|dock_size(5,0,0)~265|dock_size(4,0,1)~400|

[system]
Emulation dir path=
Language=2
Use path below as EmulationDir=false

[rsx/opengl]
Write Color Buffers=false
Write Depth Buffer=false
Read Color Buffers=false
Read Depth Buffer=false

[gui/size]
width=987
height=629

[gui/position]
horizontal=5
vertical=397

[core]
PPU Decoder=interpreter2
Load liblv2.sprx=false
Hook static functions=false
SPU Decoder=recompiler_asmjit

[rsx]
VSync=true
Aspect ratio=16x9
Renderer=DX12
Resolution=1280x720
Frame limit=Auto
Log shader programs=false
3D Monitor=false

[core/llvm]
Compiled blocks exclusion=false
Excluded block range min=200
Excluded block range max=250
Compilation threshold=1000

[audio]
Audio Out=XAudio2
Dump to file=false
Convert to 16 bit=false

[io]
Pad Handler=windows
Camera=connected
Camera type=PlayStationEye
Mouse Handler=null
Keyboard Handler=null

[rsx/d3d12]
D3D Adaptater=0
Debug Output=false
Debug overlay=true

[io/pad]
Circle=76
Left Analog Stick Left=314
Left Analog Stick Down=317
Left Analog Stick Right=316
R2=69
Right=68
Triangle=73
Right Analog Stick Right=312
Down=83
Right Analog Stick Down=367
Left Analog Stick Up=315
Up=90
Right Analog Stick Up=366
Left=81
Right Analog Stick Left=313
Start=13
Select=32
Square=74
Cross=75
R1=51
R3=67
L1=49
L2=65
L3=87

[misc]
Exit RPCS3 when process finishes=false
Always start after boot=true
Use default configuration=true

[misc/log]
RSX Logging=false
Log Level=Errors
Log everything=false
Save TTY output to file=false

[misc/net]
Connection status=Connecting
Network adapter=0

[misc/debug]
Auto Pause at System Call=false
Auto Pause at Function Call=false


LDR: ! Elf path: /dev_bdvd/PS3_GAME/USRDIR/BOOT.BIN
LDR: ! 
LDR: ! loader::init() failed: Broken file
LDR: ! *** sdk version: 0x310001
LDR: ! *** primary prio: 1001
LDR: ! *** primary stacksize: 0x40000
LDR: ! *** malloc pagesize: 0x100000
LDR: ! *** ppc seg: 0x0
LDR: ! Imported function 'cellSysmoduleUnloadModule' in 'cellSysmodule' module (0x1054cc8)
LDR: ! Imported function 'cellSysmoduleLoadModule' in 'cellSysmodule' module (0x1054ce8)
LDR: ! Imported function 'cellSysmoduleIsLoaded' in 'cellSysmodule' module (0x1054d08)
LDR: ! Imported function 'cellSysmoduleInitialize' in 'cellSysmodule' module (0x1057ce8)
LDR: ! Imported function 'cellSyncMutexUnlock' in 'cellSync' module (0x1054d28)
LDR: ! Imported function 'cellSyncMutexInitialize' in 'cellSync' module (0x1054d48)
LDR: ! Imported function 'cellSyncMutexTryLock' in 'cellSync' module (0x1054d68)
LDR: ! Imported function 'sceNpManagerGetTicket' in 'sceNp' module (0x1054d88)
LDR: ! Imported function 'sceNpManagerGetAccountAge' in 'sceNp' module (0x1054da8)
LDR: ! Imported function 'sceNpLookupAbortTransaction' in 'sceNp' module (0x1054dc8)
LDR: ! Imported function 'sceNpSignalingAddExtendedHandler' in 'sceNp' module (0x1054de8)
LDR: ! Imported function 'sceNpManagerUnregisterCallback' in 'sceNp' module (0x1054e08)
LDR: ! Imported function 'sceNpManagerGetTicketParam' in 'sceNp' module (0x1054e28)
LDR: ! Imported function 'sceNpLookupDestroyTitleCtx' in 'sceNp' module (0x1054e48)
LDR: ! Imported function 'sceNpLookupInit' in 'sceNp' module (0x1054e68)
LDR: ! Imported function 'sceNpSignalingActivateConnection' in 'sceNp' module (0x1054e88)
LDR: ! Imported function 'sceNpSignalingCreateCtx' in 'sceNp' module (0x1054ea8)
LDR: ! Imported function 'sceNpManagerGetContentRatingFlag' in 'sceNp' module (0x1054ec8)
LDR: ! Imported function 'sceNpLookupPollAsync' in 'sceNp' module (0x1054ee8)
LDR: ! Imported function 'sceNpManagerRequestTicket' in 'sceNp' module (0x1054f08)
LDR: ! Imported function 'sceNpLookupTerm' in 'sceNp' module (0x1054f28)
LDR: ! Imported function 'sceNpLookupTitleSmallStorageAsync' in 'sceNp' module (0x1054f48)
LDR: ! Imported function 'sceNpManagerGetEntitlementById' in 'sceNp' module (0x1054f68)
LDR: ! Imported function 'sceNpManagerGetStatus' in 'sceNp' module (0x1054f88)
LDR: ! Imported function 'sceNpSignalingDestroyCtx' in 'sceNp' module (0x1054fa8)
LDR: ! Imported function 'sceNpManagerGetAccountRegion' in 'sceNp' module (0x1054fc8)
LDR: ! Imported function 'sceNpManagerGetNetworkTime' in 'sceNp' module (0x1054fe8)
LDR: ! Imported function 'sceNpManagerGetOnlineId' in 'sceNp' module (0x1055008)
LDR: ! Imported function 'sceNpSignalingGetConnectionStatus' in 'sceNp' module (0x1055028)
LDR: ! Imported function 'sceNpLookupCreateTitleCtx' in 'sceNp' module (0x1055048)
LDR: ! Imported function 'sceNpLookupNpIdAsync' in 'sceNp' module (0x1055068)
LDR: ! Imported function 'sceNpUtilCmpNpId' in 'sceNp' module (0x1055088)
LDR: ! Imported function 'sceNpManagerRegisterCallback' in 'sceNp' module (0x10550a8)
LDR: ! Imported function 'sceNpLookupCreateTransactionCtx' in 'sceNp' module (0x10550c8)
LDR: ! Imported function 'sceNpManagerGetChatRestrictionFlag' in 'sceNp' module (0x10550e8)
LDR: ! Imported function 'sceNpDrmIsAvailable2' in 'sceNp' module (0x1055108)
LDR: ! Imported function 'sceNpManagerGetOnlineName' in 'sceNp' module (0x1055128)
LDR: ! Imported function 'sceNpLookupDestroyTransactionCtx' in 'sceNp' module (0x1055148)
LDR: ! Imported function 'sceNpSignalingDeactivateConnection' in 'sceNp' module (0x1055168)
LDR: ! Imported function 'sceNpManagerGetNpId' in 'sceNp' module (0x1055188)
LDR: ! Imported function 'sceNp2Init' in 'sceNp2' module (0x10551a8)
LDR: ! Imported function 'sceNp2Term' in 'sceNp2' module (0x10551c8)
LDR: ! Imported function 'sceNpTusCreateTransactionCtx' in 'sceNpTus' module (0x10551e8)
LDR: ! Imported function 'sceNpTusPollAsync' in 'sceNpTus' module (0x1055208)
LDR: ! Imported function 'sceNpTusTerm' in 'sceNpTus' module (0x1055228)
LDR: ! Imported function 'sceNpTusDestroyTitleCtx' in 'sceNpTus' module (0x1055248)
LDR: ! Imported function 'sceNpTusDeleteMultiSlotDataAsync' in 'sceNpTus' module (0x1055268)
LDR: ! Imported function 'sceNpTusAbortTransaction' in 'sceNpTus' module (0x1055288)
LDR: ! Imported function 'sceNpTusDestroyTransactionCtx' in 'sceNpTus' module (0x10552a8)
LDR: ! Imported function 'sceNpTusGetDataAsync' in 'sceNpTus' module (0x10552c8)
LDR: ! Imported function 'sceNpTusCreateTitleCtx' in 'sceNpTus' module (0x10552e8)
LDR: ! Imported function 'sceNpTusInit' in 'sceNpTus' module (0x1055308)
LDR: ! Imported function 'sceNpTusSetDataAsync' in 'sceNpTus' module (0x1055328)
LDR: ! Imported function 'cellHttpCreateTransaction' in 'cellHttp' module (0x1055348)
LDR: ! Imported function 'cellHttpResponseGetStatusCode' in 'cellHttp' module (0x1055368)
LDR: ! Imported function 'cellHttpRequestDeleteHeader' in 'cellHttp' module (0x1055388)
LDR: ! Imported function 'cellHttpClientSetRecvTimeout' in 'cellHttp' module (0x10553a8)
LDR: ! Imported function 'cellHttpInit' in 'cellHttp' module (0x10553c8)
LDR: ! Imported function 'cellHttpDestroyTransaction' in 'cellHttp' module (0x10553e8)
LDR: ! Imported function 'cellHttpResponseGetContentLength' in 'cellHttp' module (0x1055408)
LDR: ! Imported function 'cellHttpCreateClient' in 'cellHttp' module (0x1055428)
LDR: ! Imported function 'cellHttpsInit' in 'cellHttp' module (0x1055448)
LDR: ! Imported function 'cellHttpRequestSetHeader' in 'cellHttp' module (0x1055468)
LDR: ! Imported function 'cellHttpEndCookie' in 'cellHttp' module (0x1055488)
LDR: ! Imported function 'cellHttpRecvResponse' in 'cellHttp' module (0x10554a8)
LDR: ! Imported function 'cellHttpClientSetSendTimeout' in 'cellHttp' module (0x10554c8)
LDR: ! Imported function 'cellHttpInitCookie' in 'cellHttp' module (0x10554e8)
LDR: ! Imported function 'cellHttpDestroyClient' in 'cellHttp' module (0x1055508)
LDR: ! Imported function 'cellHttpSendRequest' in 'cellHttp' module (0x1055528)
LDR: ! Imported function 'cellHttpClientPollConnections' in 'cellHttp' module (0x1055548)
LDR: ! Imported function 'cellHttpRequestSetContentLength' in 'cellHttp' module (0x1055568)
LDR: ! Imported function 'cellHttpClientSetUserAgent' in 'cellHttp' module (0x1055588)
LDR: ! Imported function 'cellHttpEnd' in 'cellHttp' module (0x10555a8)
LDR: ! Imported function 'cellHttpsEnd' in 'cellHttp' module (0x10555c8)
LDR: ! Imported function 'cellHttpRequestAddHeader' in 'cellHttp' module (0x10555e8)
LDR: ! Imported function 'cellHttpClientGetUserAgent' in 'cellHttp' module (0x1055608)
LDR: ! Imported function 'cellHttpUtilParseUri' in 'cellHttpUtil' module (0x1055628)
LDR: ! Imported function 'cellHttpUtilBase64Encoder' in 'cellHttpUtil' module (0x1055648)
LDR: ! Imported function 'socketpoll' in 'sys_net' module (0x1055668)
LDR: ! Imported function 'sys_net_initialize_network_ex' in 'sys_net' module (0x1055688)
LDR: ! Imported function 'getsockname' in 'sys_net' module (0x10556a8)
LDR: ! Imported function 'recvfrom' in 'sys_net' module (0x10556c8)
LDR: ! Imported function 'listen' in 'sys_net' module (0x10556e8)
LDR: ! Imported function 'socketselect' in 'sys_net' module (0x1055708)
LDR: ! Imported function 'getsockopt' in 'sys_net' module (0x1055728)
LDR: ! Imported function '_sys_net_errno_loc' in 'sys_net' module (0x1055748)
LDR: ! Imported function 'connect' in 'sys_net' module (0x1055768)
LDR: ! Imported function 'socketclose' in 'sys_net' module (0x1055788)
LDR: ! Imported function 'gethostbyname' in 'sys_net' module (0x10557a8)
LDR: ! Imported function 'setsockopt' in 'sys_net' module (0x10557c8)
LDR: ! Imported function 'sendto' in 'sys_net' module (0x10557e8)
LDR: ! Imported function 'socket' in 'sys_net' module (0x1055808)
LDR: ! Imported function 'shutdown' in 'sys_net' module (0x1055828)
LDR: ! Imported function 'inet_aton' in 'sys_net' module (0x1055848)
LDR: ! Imported function 'bind' in 'sys_net' module (0x1055868)
LDR: ! Imported function 'sys_net_finalize_network' in 'sys_net' module (0x1055888)
LDR: ! Imported function 'accept' in 'sys_net' module (0x10558a8)
LDR: ! Imported function 'inet_addr' in 'sys_net' module (0x10558c8)
LDR: ! Imported function 'send' in 'sys_net' module (0x10558e8)
LDR: ! Imported function 'recv' in 'sys_net' module (0x1055908)
LDR: ! Imported function 'sys_net_show_ifconfig' in 'sys_net' module (0x1057d08)
LDR: ! Imported function 'cellNetCtlNetStartDialogLoadAsync' in 'cellNetCtl' module (0x1055928)
LDR: ! Imported function 'cellGameUpdateCheckStartAsyncEx' in 'cellNetCtl' module (0x1055948)
LDR: ! Imported function 'cellNetCtlAddHandler' in 'cellNetCtl' module (0x1055968)
LDR: ! Imported function 'cellNetCtlNetStartDialogUnloadAsync' in 'cellNetCtl' module (0x1055988)
LDR: ! Imported function 'cellNetCtlTerm' in 'cellNetCtl' module (0x10559a8)
LDR: ! Imported function 'cellGameUpdateTerm' in 'cellNetCtl' module (0x10559c8)
LDR: ! Imported function 'cellNetCtlGetInfo' in 'cellNetCtl' module (0x10559e8)
LDR: ! Imported function 'cellGameUpdateCheckAbort' in 'cellNetCtl' module (0x1055a08)
LDR: ! Imported function 'cellGameUpdateCheckStartWithoutDialogAsyncEx' in 'cellNetCtl' module (0x1055a28)
LDR: ! Imported function 'cellNetCtlGetState' in 'cellNetCtl' module (0x1055a48)
LDR: ! Imported function 'cellNetCtlDelHandler' in 'cellNetCtl' module (0x1055a68)
LDR: ! Imported function 'cellGameUpdateInit' in 'cellNetCtl' module (0x1055a88)
LDR: ! Imported function 'cellNetCtlInit' in 'cellNetCtl' module (0x1055aa8)
LDR: ! Imported function 'cellGameUpdateCheckFinishAsyncEx' in 'cellNetCtl' module (0x1055ac8)
LDR: ! Imported function 'cellKbClearBuf' in 'sys_io' module (0x1055ae8)
LDR: ! Imported function 'cellKbGetInfo' in 'sys_io' module (0x1055b08)
LDR: ! Imported function 'cellKbInit' in 'sys_io' module (0x1055b28)
LDR: ! Imported function 'cellKbSetCodeType' in 'sys_io' module (0x1055b48)
LDR: ! Imported function 'cellKbEnd' in 'sys_io' module (0x1055b68)
LDR: ! Imported function 'cellKbSetReadMode' in 'sys_io' module (0x1055b88)
LDR: ! Imported function 'cellKbRead' in 'sys_io' module (0x1055ba8)
LDR: ! Imported function 'cellPadInit' in 'sys_io' module (0x1057d28)
LDR: ! Imported function 'cellPadEnd' in 'sys_io' module (0x1057d48)
LDR: ! Imported function 'cellPadGetData' in 'sys_io' module (0x1057d68)
LDR: ! Imported function 'cellPadGetInfo2' in 'sys_io' module (0x1057d88)
LDR: ! Imported function 'cellFsRmdir' in 'sys_fs' module (0x1055bc8)
LDR: ! Imported function 'cellFsClose' in 'sys_fs' module (0x1055be8)
LDR: ! Imported function 'cellFsOpendir' in 'sys_fs' module (0x1055c08)
LDR: ! Imported function 'cellFsRead' in 'sys_fs' module (0x1055c28)
LDR: ! Imported function 'cellFsReaddir' in 'sys_fs' module (0x1055c48)
LDR: ! Imported function 'cellFsOpen' in 'sys_fs' module (0x1055c68)
LDR: ! Imported function 'cellFsStat' in 'sys_fs' module (0x1055c88)
LDR: ! Imported function 'cellFsUnlink' in 'sys_fs' module (0x1055ca8)
LDR: ! Imported function 'cellFsWriteWithOffset' in 'sys_fs' module (0x1055cc8)
LDR: ! Imported function 'cellFsFsync' in 'sys_fs' module (0x1055ce8)
LDR: ! Imported function 'cellFsGetDirectoryEntries' in 'sys_fs' module (0x1055d08)
LDR: ! Imported function 'cellFsLseek' in 'sys_fs' module (0x1055d28)
LDR: ! Imported function 'cellFsSdataOpen' in 'sys_fs' module (0x1055d48)
LDR: ! Imported function 'cellFsMkdir' in 'sys_fs' module (0x1055d68)
LDR: ! Imported function 'cellFsWrite' in 'sys_fs' module (0x1055d88)
LDR: ! Imported function 'cellFsFstat' in 'sys_fs' module (0x1055da8)
LDR: ! Imported function 'cellFsRename' in 'sys_fs' module (0x1055dc8)
LDR: ! Imported function 'cellFsClosedir' in 'sys_fs' module (0x1055de8)
LDR: ! Imported function 'cellFsSdataOpenByFd' in 'sys_fs' module (0x1057da8)
LDR: ! Imported function 'cellFsGetFreeSize' in 'sys_fs' module (0x1057dc8)
LDR: ! Imported function 'sceNpTrophyRegisterContext' in 'sceNpTrophy' module (0x1055e08)
LDR: ! Imported function 'sceNpTrophyCreateHandle' in 'sceNpTrophy' module (0x1055e28)
LDR: ! Imported function 'sceNpTrophySetSoundLevel' in 'sceNpTrophy' module (0x1055e48)
LDR: ! Imported function 'sceNpTrophyGetRequiredDiskSpace' in 'sceNpTrophy' module (0x1055e68)
LDR: ! Imported function 'sceNpTrophyDestroyContext' in 'sceNpTrophy' module (0x1055e88)
LDR: ! Imported function 'sceNpTrophyInit' in 'sceNpTrophy' module (0x1055ea8)
LDR: ! Imported function 'sceNpTrophyAbortHandle' in 'sceNpTrophy' module (0x1055ec8)
LDR: ! Imported function 'sceNpTrophyDestroyHandle' in 'sceNpTrophy' module (0x1055ee8)
LDR: ! Imported function 'sceNpTrophyUnlockTrophy' in 'sceNpTrophy' module (0x1055f08)
LDR: ! Imported function 'sceNpTrophyTerm' in 'sceNpTrophy' module (0x1055f28)
LDR: ! Imported function 'sceNpTrophyGetTrophyUnlockState' in 'sceNpTrophy' module (0x1055f48)
LDR: ! Imported function 'sceNpTrophyCreateContext' in 'sceNpTrophy' module (0x1055f68)
LDR: ! Imported function '_cellGcmInitBody' in 'cellGcmSys' module (0x1055f88)
LDR: ! Imported function 'cellGcmAddressToOffset' in 'cellGcmSys' module (0x1055fa8)
LDR: ! Imported function '_cellGcmFunc15' in 'cellGcmSys' module (0x1055fc8)
LDR: ! Imported function 'cellGcmGetDefaultCommandWordSize' in 'cellGcmSys' module (0x1055fe8)
LDR: ! Imported function 'cellGcmGetDefaultSegmentWordSize' in 'cellGcmSys' module (0x1056008)
LDR: ! Imported function 'cellGcmSetDefaultFifoSize' in 'cellGcmSys' module (0x1056028)
LDR: ! Imported function 'cellGcmGetControlRegister' in 'cellGcmSys' module (0x1056048)
LDR: ! Imported function 'cellGcmGetTiledPitchSize' in 'cellGcmSys' module (0x1057de8)
LDR: ! Imported function 'cellGcmSetUserHandler' in 'cellGcmSys' module (0x1057e08)
LDR: ! Imported function 'cellGcmSetPrepareFlip' in 'cellGcmSys' module (0x1057e28)
LDR: ! Imported function '_cellGcmSetFlipCommand' in 'cellGcmSys' module (0x1057e48)
LDR: ! Imported function 'cellGcmGetOffsetTable' in 'cellGcmSys' module (0x1057e68)
LDR: ! Imported function 'cellGcmIoOffsetToAddress' in 'cellGcmSys' module (0x1057e88)
LDR: ! Imported function 'cellGcmSetFlipMode' in 'cellGcmSys' module (0x1057ea8)
LDR: ! Imported function 'cellGcmSetDebugOutputLevel' in 'cellGcmSys' module (0x1057ec8)
LDR: ! Imported function 'cellGcmGetTimeStamp' in 'cellGcmSys' module (0x1057ee8)
LDR: ! Imported function 'cellGcmGetReport' in 'cellGcmSys' module (0x1057f08)
LDR: ! Imported function 'cellGcmMapMainMemory' in 'cellGcmSys' module (0x1057f28)
LDR: ! Imported function 'cellGcmSetFlipHandler' in 'cellGcmSys' module (0x1057f48)
LDR: ! Imported function 'cellGcmSetDisplayBuffer' in 'cellGcmSys' module (0x1057f68)
LDR: ! Imported function 'cellGcmSetVBlankHandler' in 'cellGcmSys' module (0x1057f88)
LDR: ! Imported function 'cellGcmSetInvalidateTile' in 'cellGcmSys' module (0x1057fa8)
LDR: ! Imported function 'cellGcmSetTile' in 'cellGcmSys' module (0x1057fc8)
LDR: ! Imported function 'cellGcmSetZcull' in 'cellGcmSys' module (0x1057fe8)
LDR: ! Imported function '_cellGcmSetFlipCommandWithWaitLabel' in 'cellGcmSys' module (0x1058008)
LDR: ! Imported function 'cellGcmGetConfiguration' in 'cellGcmSys' module (0x1058028)
LDR: ! Imported function 'cellGcmUnmapEaIoAddress' in 'cellGcmSys' module (0x1058048)
LDR: ! Imported function 'cellGcmGetLabelAddress' in 'cellGcmSys' module (0x1058068)
LDR: ! Imported function 'cellSysutilUnregisterCallback' in 'cellSysutil' module (0x1056068)
LDR: ! Imported function 'cellSysutilCheckCallback' in 'cellSysutil' module (0x1056088)
LDR: ! Imported function 'cellOskDialogGetInputText' in 'cellSysutil' module (0x10560a8)
LDR: ! Imported function 'cellSaveDataListLoad2' in 'cellSysutil' module (0x10560c8)
LDR: ! Imported function 'cellSysCacheMount' in 'cellSysutil' module (0x10560e8)
LDR: ! Imported function 'cellSaveDataListAutoLoad' in 'cellSysutil' module (0x1056108)
LDR: ! Imported function 'cellSaveDataListSave2' in 'cellSysutil' module (0x1056128)
LDR: ! Imported function 'cellOskDialogUnloadAsync' in 'cellSysutil' module (0x1056148)
LDR: ! Imported function 'cellSysutilGetSystemParamInt' in 'cellSysutil' module (0x1056168)
LDR: ! Imported function 'cellOskDialogDisableDimmer' in 'cellSysutil' module (0x1056188)
LDR: ! Imported function 'cellAudioOutConfigure' in 'cellSysutil' module (0x10561a8)
LDR: ! Imported function 'cellOskDialogSetSeparateWindowOption' in 'cellSysutil' module (0x10561c8)
LDR: ! Imported function 'cellMsgDialogAbort' in 'cellSysutil' module (0x10561e8)
LDR: ! Imported function 'cellSysCacheClear' in 'cellSysutil' module (0x1056208)
LDR: ! Imported function 'cellMsgDialogOpen2' in 'cellSysutil' module (0x1056228)
LDR: ! Imported function 'cellAudioOutGetDeviceInfo' in 'cellSysutil' module (0x1056248)
LDR: ! Imported function 'cellOskDialogLoadAsync' in 'cellSysutil' module (0x1056268)
LDR: ! Imported function 'cellSaveDataAutoSave2' in 'cellSysutil' module (0x1056288)
LDR: ! Imported function 'cellStorageDataImport' in 'cellSysutil' module (0x10562a8)
LDR: ! Imported function 'cellMsgDialogProgressBarInc' in 'cellSysutil' module (0x10562c8)
LDR: ! Imported function 'cellSysutilRegisterCallback' in 'cellSysutil' module (0x10562e8)
LDR: ! Imported function 'cellStorageDataExport' in 'cellSysutil' module (0x1056308)
LDR: ! Imported function 'cellOskDialogSetKeyLayoutOption' in 'cellSysutil' module (0x1056328)
LDR: ! Imported function 'cellOskDialogAbort' in 'cellSysutil' module (0x1056348)
LDR: ! Imported function 'cellAudioOutGetSoundAvailability' in 'cellSysutil' module (0x1056368)
LDR: ! Imported function 'cellAudioOutSetCopyControl' in 'cellSysutil' module (0x1056388)
LDR: ! Imported function 'cellOskDialogSetDeviceMask' in 'cellSysutil' module (0x10563a8)
LDR: ! Imported function 'cellSaveDataDelete2' in 'cellSysutil' module (0x10563c8)
LDR: ! Imported function 'cellOskDialogSetLayoutMode' in 'cellSysutil' module (0x10563e8)
LDR: ! Imported function 'cellOskDialogSetInitialInputDevice' in 'cellSysutil' module (0x1056408)
LDR: ! Imported function 'cellSaveDataAutoLoad2' in 'cellSysutil' module (0x1056428)
LDR: ! Imported function 'cellVideoOutConfigure' in 'cellSysutil' module (0x1058088)
LDR: ! Imported function 'cellVideoOutGetDeviceInfo' in 'cellSysutil' module (0x10580a8)
LDR: ! Imported function 'cellVideoOutGetState' in 'cellSysutil' module (0x10580c8)
LDR: ! Imported function 'cellVideoOutGetResolution' in 'cellSysutil' module (0x10580e8)
LDR: ! Imported function '_cellSpursLFQueueInitialize' in 'cellSpurs' module (0x1056448)
LDR: ! Imported function 'cellSpursAttributeSetNamePrefix' in 'cellSpurs' module (0x1056468)
LDR: ! Imported function '_cellSpursTasksetAttributeInitialize' in 'cellSpurs' module (0x1056488)
LDR: ! Imported function 'cellSpursLFQueueAttachLv2EventQueue' in 'cellSpurs' module (0x10564a8)
LDR: ! Imported function 'cellSpursEventFlagDetachLv2EventQueue' in 'cellSpurs' module (0x10564c8)
LDR: ! Imported function 'cellSpursCreateJobChainWithAttribute' in 'cellSpurs' module (0x10564e8)
LDR: ! Imported function '_cellSpursJobChainAttributeInitialize' in 'cellSpurs' module (0x1056508)
LDR: ! Imported function 'cellSpursEventFlagWait' in 'cellSpurs' module (0x1056528)
LDR: ! Imported function 'cellSpursEventFlagClear' in 'cellSpurs' module (0x1056548)
LDR: ! Imported function 'cellSpursDetachLv2EventQueue' in 'cellSpurs' module (0x1056568)
LDR: ! Imported function '_cellSpursEventFlagInitialize' in 'cellSpurs' module (0x1056588)
LDR: ! Imported function 'cellSpursTasksetAttributeSetName' in 'cellSpurs' module (0x10565a8)
LDR: ! Imported function 'cellSpursJobGuardInitialize' in 'cellSpurs' module (0x10565c8)
LDR: ! Imported function 'cellSpursShutdownJobChain' in 'cellSpurs' module (0x10565e8)
LDR: ! Imported function 'cellSpursLFQueueDetachLv2EventQueue' in 'cellSpurs' module (0x1056608)
LDR: ! Imported function 'cellSpursEventFlagAttachLv2EventQueue' in 'cellSpurs' module (0x1056628)
LDR: ! Imported function '_cellSpursLFQueuePushBody' in 'cellSpurs' module (0x1056648)
LDR: ! Imported function '_cellSpursAttributeInitialize' in 'cellSpurs' module (0x1056668)
LDR: ! Imported function 'cellSpursJoinTaskset' in 'cellSpurs' module (0x1056688)
LDR: ! Imported function 'cellSpursJobChainAttributeSetName' in 'cellSpurs' module (0x10566a8)
LDR: ! Imported function 'cellSpursShutdownTaskset' in 'cellSpurs' module (0x10566c8)
LDR: ! Imported function 'cellSpursJoinJobChain' in 'cellSpurs' module (0x10566e8)
LDR: ! Imported function 'cellSpursInitializeWithAttribute' in 'cellSpurs' module (0x1056708)
LDR: ! Imported function 'cellSpursInitialize' in 'cellSpurs' module (0x1056728)
LDR: ! Imported function 'cellSpursAttachLv2EventQueue' in 'cellSpurs' module (0x1056748)
LDR: ! Imported function 'cellSpursCreateTask' in 'cellSpurs' module (0x1056768)
LDR: ! Imported function 'cellSpursCreateTasksetWithAttribute' in 'cellSpurs' module (0x1056788)
LDR: ! Imported function 'cellSpursFinalize' in 'cellSpurs' module (0x10567a8)
LDR: ! Imported function 'cellSpursJobGuardNotify' in 'cellSpurs' module (0x10567c8)
LDR: ! Imported function 'cellSpursRunJobChain' in 'cellSpurs' module (0x10567e8)
LDR: ! Imported function 'cellSpursAddUrgentCommand' in 'cellSpurs' module (0x1058108)
LDR: ! Imported function 'cellSpursCreateTaskWithAttribute' in 'cellSpurs' module (0x1058128)
LDR: ! Imported function 'cellSpursTaskExitCodeInitialize' in 'cellSpurs' module (0x1058148)
LDR: ! Imported function 'cellSpursEventFlagTryWait' in 'cellSpurs' module (0x1058168)
LDR: ! Imported function 'cellSpursTasksetAttributeSetTasksetSize' in 'cellSpurs' module (0x1058188)
LDR: ! Imported function 'cellSpursTaskAttributeSetExitCodeContainer' in 'cellSpurs' module (0x10581a8)
LDR: ! Imported function '_cellSpursTaskAttributeInitialize' in 'cellSpurs' module (0x10581c8)
LDR: ! Imported function 'cellPamfStreamTypeToEsFilterId' in 'cellPamf' module (0x1056808)
LDR: ! Imported function 'cellPamfReaderSetStreamWithTypeAndIndex' in 'cellPamf' module (0x1056828)
LDR: ! Imported function 'cellPamfGetStreamOffsetAndSize' in 'cellPamf' module (0x1056848)
LDR: ! Imported function 'cellPamfReaderGetPresentationStartTime' in 'cellPamf' module (0x1056868)
LDR: ! Imported function 'cellPamfReaderGetStreamInfo' in 'cellPamf' module (0x1056888)
LDR: ! Imported function 'cellPamfReaderGetStreamTypeAndChannel' in 'cellPamf' module (0x10568a8)
LDR: ! Imported function 'cellPamfReaderInitialize' in 'cellPamf' module (0x10568c8)
LDR: ! Imported function 'cellPamfGetHeaderSize' in 'cellPamf' module (0x10568e8)
LDR: ! Imported function 'cellPamfReaderGetNumberOfSpecificStreams' in 'cellPamf' module (0x1056908)
LDR: ! Imported function 'cellDmuxQueryEsAttr' in 'cellDmux' module (0x1056928)
LDR: ! Imported function 'cellDmuxSetStream' in 'cellDmux' module (0x1056948)
LDR: ! Imported function 'cellDmuxDisableEs' in 'cellDmux' module (0x1056968)
LDR: ! Imported function 'cellDmuxReleaseAu' in 'cellDmux' module (0x1056988)
LDR: ! Imported function 'cellDmuxGetAu' in 'cellDmux' module (0x10569a8)
LDR: ! Imported function 'cellDmuxOpen' in 'cellDmux' module (0x10569c8)
LDR: ! Imported function 'cellDmuxEnableEs' in 'cellDmux' module (0x10569e8)
LDR: ! Imported function 'cellDmuxClose' in 'cellDmux' module (0x1056a08)
LDR: ! Imported function 'cellDmuxQueryAttr' in 'cellDmux' module (0x1056a28)
LDR: ! Imported function 'cellDmuxFlushEs' in 'cellDmux' module (0x1056a48)
LDR: ! Imported function 'cellVdecClose' in 'libvdec' module (0x1056a68)
LDR: ! Imported function 'cellVdecGetPicItem' in 'libvdec' module (0x1056a88)
LDR: ! Imported function 'cellVdecDecodeAu' in 'libvdec' module (0x1056aa8)
LDR: ! Imported function 'cellVdecGetPicture' in 'libvdec' module (0x1056ac8)
LDR: ! Imported function 'cellVdecEndSeq' in 'libvdec' module (0x1056ae8)
LDR: ! Imported function 'cellVdecOpen' in 'libvdec' module (0x1056b08)
LDR: ! Imported function 'cellVdecStartSeq' in 'libvdec' module (0x1056b28)
LDR: ! Imported function 'cellVdecQueryAttr' in 'libvdec' module (0x1056b48)
LDR: ! Imported function 'cellVpostClose' in 'cellVpost' module (0x1056b68)
LDR: ! Imported function 'cellVpostQueryAttr' in 'cellVpost' module (0x1056b88)
LDR: ! Imported function 'cellVpostExec' in 'cellVpost' module (0x1056ba8)
LDR: ! Imported function 'cellVpostOpen' in 'cellVpost' module (0x1056bc8)
LDR: ! Imported function 'cellAdecDecodeAu' in 'cellAdec' module (0x1056be8)
LDR: ! Imported function 'cellAdecStartSeq' in 'cellAdec' module (0x1056c08)
LDR: ! Imported function 'cellAdecQueryAttr' in 'cellAdec' module (0x1056c28)
LDR: ! Imported function 'cellAdecClose' in 'cellAdec' module (0x1056c48)
LDR: ! Imported function 'cellAdecGetPcm' in 'cellAdec' module (0x1056c68)
LDR: ! Imported function 'cellAdecGetPcmItem' in 'cellAdec' module (0x1056c88)
LDR: ! Imported function 'cellAdecOpen' in 'cellAdec' module (0x1056ca8)
LDR: ! Imported function 'cellAdecEndSeq' in 'cellAdec' module (0x1056cc8)
LDR: ! Imported function 'UCS2stoSJISs' in 'cellL10n' module (0x1056ce8)
LDR: ! Imported function 'UCS2stoUTF8s' in 'cellL10n' module (0x1056d08)
LDR: ! Imported function 'SJISstoUTF8s' in 'cellL10n' module (0x1056d28)
LDR: ! Imported function 'UTF8stoSJISs' in 'cellL10n' module (0x1056d48)
LDR: ! Imported function 'UTF8stoUCS2s' in 'cellL10n' module (0x1056d68)
LDR: ! Imported function 'cellAudioInit' in 'cellAudio' module (0x1056d88)
LDR: ! Imported function 'cellAudioSetNotifyEventQueue' in 'cellAudio' module (0x1056da8)
LDR: ! Imported function 'cellAudioGetPortTimestamp' in 'cellAudio' module (0x1056dc8)
LDR: ! Imported function 'cellAudioPortClose' in 'cellAudio' module (0x1056de8)
LDR: ! Imported function 'cellAudioPortStop' in 'cellAudio' module (0x1056e08)
LDR: ! Imported function 'cellAudioGetPortConfig' in 'cellAudio' module (0x1056e28)
LDR: ! Imported function 'cellAudioPortStart' in 'cellAudio' module (0x1056e48)
LDR: ! Imported function 'cellAudioQuit' in 'cellAudio' module (0x1056e68)
LDR: ! Imported function 'cellAudioPortOpen' in 'cellAudio' module (0x1056e88)
LDR: ! Imported function 'cellAudioGetPortBlockTag' in 'cellAudio' module (0x1056ea8)
LDR: ! Imported function 'cellAudioRemoveNotifyEventQueue' in 'cellAudio' module (0x1056ec8)
LDR: ! Imported function 'cellRtcTickAddMinutes' in 'cellRtc' module (0x1056ee8)
LDR: ! Imported function 'cellRtcTickAddYears' in 'cellRtc' module (0x1056f08)
LDR: ! Imported function 'cellRtcConvertLocalTimeToUtc' in 'cellRtc' module (0x1056f28)
LDR: ! Imported function 'cellRtcTickAddDays' in 'cellRtc' module (0x1056f48)
LDR: ! Imported function 'cellRtcSetTick' in 'cellRtc' module (0x1056f68)
LDR: ! Imported function 'cellRtcGetCurrentTick' in 'cellRtc' module (0x1056f88)
LDR: ! Imported function 'cellRtcConvertUtcToLocalTime' in 'cellRtc' module (0x1056fa8)
LDR: ! Imported function 'cellRtcGetTick' in 'cellRtc' module (0x1056fc8)
LDR: ! Imported function 'cellRtcTickAddSeconds' in 'cellRtc' module (0x1056fe8)
LDR: ! Imported function 'cellRtcTickAddHours' in 'cellRtc' module (0x1057008)
LDR: ! Imported function 'cellRtcTickAddMonths' in 'cellRtc' module (0x1057028)
LDR: ! Imported function 'cellJpgEncQueryAttr' in 'cellJpgEnc' module (0x1057048)
LDR: ! Imported function 'cellJpgEncWaitForInput' in 'cellJpgEnc' module (0x1057068)
LDR: ! Imported function 'cellJpgEncGetStreamInfo' in 'cellJpgEnc' module (0x1057088)
LDR: ! Imported function 'cellJpgEncClose' in 'cellJpgEnc' module (0x10570a8)
LDR: ! Imported function 'cellJpgEncWaitForOutput' in 'cellJpgEnc' module (0x10570c8)
LDR: ! Imported function 'cellJpgEncOpen' in 'cellJpgEnc' module (0x10570e8)
LDR: ! Imported function 'cellJpgEncEncodePicture' in 'cellJpgEnc' module (0x1057108)
LDR: ! Imported function 'cellJpgDecReadHeader' in 'cellJpgDec' module (0x1057128)
LDR: ! Imported function 'cellJpgDecClose' in 'cellJpgDec' module (0x1057148)
LDR: ! Imported function 'cellJpgDecOpen' in 'cellJpgDec' module (0x1057168)
LDR: ! Imported function 'cellJpgDecCreate' in 'cellJpgDec' module (0x1057188)
LDR: ! Imported function 'cellJpgDecDecodeData' in 'cellJpgDec' module (0x10571a8)
LDR: ! Imported function 'cellJpgDecDestroy' in 'cellJpgDec' module (0x10571c8)
LDR: ! Imported function 'cellJpgDecSetParameter' in 'cellJpgDec' module (0x10571e8)
LDR: ! Imported function 'cellSaveDataListDelete' in 'cellSaveData' module (0x1057208)
LDR: ! Imported function 'cellFiberPpuRunFibers' in 'cellFiber' module (0x1057228)
LDR: ! Imported function 'cellFiberPpuFinalizeScheduler' in 'cellFiber' module (0x1057248)
LDR: ! Imported function '_cellFiberPpuSchedulerAttributeInitialize' in 'cellFiber' module (0x1057268)
LDR: ! Imported function 'cellFiberPpuHasRunnableFiber' in 'cellFiber' module (0x1057288)
LDR: ! Imported function 'cellFiberPpuInitializeScheduler' in 'cellFiber' module (0x10572a8)
LDR: ! Imported function 'cellFiberPpuCheckFlags' in 'cellFiber' module (0x10572c8)
LDR: ! Imported function '_cellFiberPpuInitialize' in 'cellFiber' module (0x10572e8)
LDR: ! Imported function 'sceNpCommerce2DoCheckoutStartAsync' in 'sceNpCommerce2' module (0x1057308)
LDR: ! Imported function 'sceNpCommerce2DestroyReq' in 'sceNpCommerce2' module (0x1057328)
LDR: ! Imported function 'sceNpCommerce2Init' in 'sceNpCommerce2' module (0x1057348)
LDR: ! Imported function 'sceNpCommerce2GetCategoryContentsStart' in 'sceNpCommerce2' module (0x1057368)
LDR: ! Imported function 'sceNpCommerce2DoDlListFinishAsync' in 'sceNpCommerce2' module (0x1057388)
LDR: ! Imported function 'sceNpCommerce2Term' in 'sceNpCommerce2' module (0x10573a8)
LDR: ! Imported function 'sceNpCommerce2CreateSessionAbort' in 'sceNpCommerce2' module (0x10573c8)
LDR: ! Imported function 'sceNpCommerce2DoDlListStartAsync' in 'sceNpCommerce2' module (0x10573e8)
LDR: ! Imported function 'sceNpCommerce2DestroyCtx' in 'sceNpCommerce2' module (0x1057408)
LDR: ! Imported function 'sceNpCommerce2GetCategoryContentsCreateReq' in 'sceNpCommerce2' module (0x1057428)
LDR: ! Imported function 'sceNpCommerce2AbortReq' in 'sceNpCommerce2' module (0x1057448)
LDR: ! Imported function 'sceNpCommerce2GetProductInfoStart' in 'sceNpCommerce2' module (0x1057468)
LDR: ! Imported function 'sceNpCommerce2CreateSessionFinish' in 'sceNpCommerce2' module (0x1057488)
LDR: ! Imported function 'sceNpCommerce2GetContentInfo' in 'sceNpCommerce2' module (0x10574a8)
LDR: ! Imported function 'sceNpCommerce2SetBGDLAvailability' in 'sceNpCommerce2' module (0x10574c8)
LDR: ! Imported function 'sceNpCommerce2GetProductInfoCreateReq' in 'sceNpCommerce2' module (0x10574e8)
LDR: ! Imported function 'sceNpCommerce2DoProductBrowseFinishAsync' in 'sceNpCommerce2' module (0x1057508)
LDR: ! Imported function 'sceNpCommerce2GetCategoryInfo' in 'sceNpCommerce2' module (0x1057528)
LDR: ! Imported function 'sceNpCommerce2GetProductInfoGetResult' in 'sceNpCommerce2' module (0x1057548)
LDR: ! Imported function 'sceNpCommerce2GetCategoryContentsGetResult' in 'sceNpCommerce2' module (0x1057568)
LDR: ! Imported function 'sceNpCommerce2CreateSessionStart' in 'sceNpCommerce2' module (0x1057588)
LDR: ! Imported function 'sceNpCommerce2DoCheckoutFinishAsync' in 'sceNpCommerce2' module (0x10575a8)
LDR: ! Imported function 'sceNpCommerce2InitGetCategoryContentsResult' in 'sceNpCommerce2' module (0x10575c8)
LDR: ! Imported function 'sceNpCommerce2CreateCtx' in 'sceNpCommerce2' module (0x10575e8)
LDR: ! Imported function 'sceNpCommerce2GetGameSkuInfoFromGameProductInfo' in 'sceNpCommerce2' module (0x1057608)
LDR: ! Imported function 'sceNpCommerce2DoProductCodeStartAsync' in 'sceNpCommerce2' module (0x1057628)
LDR: ! Imported function 'sceNpCommerce2GetGameProductInfoFromContentInfo' in 'sceNpCommerce2' module (0x1057648)
LDR: ! Imported function 'sceNpCommerce2GetGameProductInfo' in 'sceNpCommerce2' module (0x1057668)
LDR: ! Imported function 'sceNpCommerce2InitGetProductInfoResult' in 'sceNpCommerce2' module (0x1057688)
LDR: ! Imported function 'sceNpCommerce2GetCategoryInfoFromContentInfo' in 'sceNpCommerce2' module (0x10576a8)
LDR: ! Imported function 'cellSslEnd' in 'cellSsl' module (0x10576c8)
LDR: ! Imported function 'cellSslCertificateLoader' in 'cellSsl' module (0x10576e8)
LDR: ! Imported function 'cellSslInit' in 'cellSsl' module (0x1057708)
LDR: ! Imported function 'cellSysutilAvc2StopStreaming' in 'cellSysutilAvc2' module (0x1057728)
LDR: ! Imported function 'cellSysutilAvc2SetVoiceMuting' in 'cellSysutilAvc2' module (0x1057748)
LDR: ! Imported function 'cellSysutilAvc2StartVoiceDetection' in 'cellSysutilAvc2' module (0x1057768)
LDR: ! Imported function 'cellSysutilAvc2UnloadAsync' in 'cellSysutilAvc2' module (0x1057788)
LDR: ! Imported function 'cellSysutilAvc2GetAttribute' in 'cellSysutilAvc2' module (0x10577a8)
LDR: ! Imported function 'cellSysutilAvc2LoadAsync' in 'cellSysutilAvc2' module (0x10577c8)
LDR: ! Imported function 'cellSysutilAvc2SetSpeakerVolumeLevel' in 'cellSysutilAvc2' module (0x10577e8)
LDR: ! Imported function 'cellSysutilAvc2SetStreamingTarget' in 'cellSysutilAvc2' module (0x1057808)
LDR: ! Imported function 'cellSysutilAvc2GetSpeakerVolumeLevel' in 'cellSysutilAvc2' module (0x1057828)
LDR: ! Imported function 'cellSysutilAvc2JoinChatRequest' in 'cellSysutilAvc2' module (0x1057848)
LDR: ! Imported function 'cellSysutilAvc2StartStreaming' in 'cellSysutilAvc2' module (0x1057868)
LDR: ! Imported function 'cellSysutilAvc2InitParam' in 'cellSysutilAvc2' module (0x1057888)
LDR: ! Imported function 'cellSysutilAvc2SetStreamPriority' in 'cellSysutilAvc2' module (0x10578a8)
LDR: ! Imported function 'cellSysutilAvc2LeaveChatRequest' in 'cellSysutilAvc2' module (0x10578c8)
LDR: ! Imported function 'cellSysutilAvc2LeaveChat' in 'cellSysutilAvc2' module (0x10578e8)
LDR: ! Imported function 'cellSysutilAvc2SetAttribute' in 'cellSysutilAvc2' module (0x1057908)
LDR: ! Imported function 'cellSysutilAvc2GetVoiceMuting' in 'cellSysutilAvc2' module (0x1057928)
LDR: ! Imported function 'cellGameGetHomeDataExportPath' in 'cellGameExec' module (0x1057948)
LDR: ! Imported function 'cellGameGetDiscContentInfoUpdatePath' in 'cellGame' module (0x1057968)
LDR: ! Imported function 'cellGameGetParamString' in 'cellGame' module (0x1057988)
LDR: ! Imported function 'cellGameCreateGameData' in 'cellGame' module (0x10579a8)
LDR: ! Imported function 'cellGameContentPermit' in 'cellGame' module (0x10579c8)
LDR: ! Imported function 'cellGameGetLocalWebContentPath' in 'cellGame' module (0x10579e8)
LDR: ! Imported function 'cellGameContentErrorDialog' in 'cellGame' module (0x1057a08)
LDR: ! Imported function 'cellGameGetParamInt' in 'cellGame' module (0x1057a28)
LDR: ! Imported function 'cellGamePatchCheck' in 'cellGame' module (0x1057a48)
LDR: ! Imported function 'cellGameSetParamString' in 'cellGame' module (0x1057a68)
LDR: ! Imported function 'cellGameDataCheck' in 'cellGame' module (0x1057a88)
LDR: ! Imported function 'cellGameGetSizeKB' in 'cellGame' module (0x1057aa8)
LDR: ! Imported function 'cellGameBootCheck' in 'cellGame' module (0x1057ac8)
LDR: ! Imported function 'cellSpursJobQueueAttributeSetDoBusyWaiting' in 'cellSpursJq' module (0x1057ae8)
LDR: ! Imported function 'cellSpursJobQueueAttributeSetSubmitWithEntryLock' in 'cellSpursJq' module (0x1057b08)
LDR: ! Imported function 'cellSpursJobQueueAttributeSetMaxSizeJobDescriptor' in 'cellSpursJq' module (0x1057b28)
LDR: ! Imported function 'cellSpursJobQueuePortFinalize' in 'cellSpursJq' module (0x1057b48)
LDR: ! Imported function 'cellSpursJobQueueGetError' in 'cellSpursJq' module (0x1057b68)
LDR: ! Imported function 'cellSpursJobQueueAttributeInitialize' in 'cellSpursJq' module (0x1057b88)
LDR: ! Imported function '_cellSpursJobQueuePortCopyPushBody' in 'cellSpursJq' module (0x1057ba8)
LDR: ! Imported function 'cellSpursJobQueuePortSync' in 'cellSpursJq' module (0x1057bc8)
LDR: ! Imported function 'cellSpursJobQueueAttributeSetIsJobTypeMemoryCheck' in 'cellSpursJq' module (0x1057be8)
LDR: ! Imported function 'cellSpursShutdownJobQueue' in 'cellSpursJq' module (0x1057c08)
LDR: ! Imported function 'cellSpursJoinJobQueue' in 'cellSpursJq' module (0x1057c28)
LDR: ! Imported function 'cellSpursJobQueueAttributeSetGrabParameters' in 'cellSpursJq' module (0x1057c48)
LDR: ! Imported function '_cellSpursCreateJobQueue' in 'cellSpursJq' module (0x1057c68)
LDR: ! Imported function 'cellSpursJobQueuePortInitializeWithDescriptorBuffer' in 'cellSpursJq' module (0x1057c88)
LDR: ! Imported function 'cellSpursJobQueueAttributeSetIsHaltOnError' in 'cellSpursJq' module (0x1057ca8)
LDR: ! Imported function 'cellOskDialogExtRegisterKeyboardEventHookCallback' in 'cellOskExtUtility' module (0x1057cc8)
LDR: ! Imported function 'sys_lwmutex_lock' in 'sysPrxForUser' module (0x10581e8)
LDR: ! Imported function 'sys_lwmutex_unlock' in 'sysPrxForUser' module (0x1058208)
LDR: ! Imported function 'sys_lwcond_destroy' in 'sysPrxForUser' module (0x1058228)
LDR: ! Imported function 'sys_ppu_thread_create' in 'sysPrxForUser' module (0x1058248)
LDR: ! Imported function 'sys_prx_load_module' in 'sysPrxForUser' module (0x1058268)
LDR: ! Imported function 'sys_lwcond_wait' in 'sysPrxForUser' module (0x1058288)
LDR: ! Imported function '_sys_process_atexitspawn' in 'sysPrxForUser' module (0x10582a8)
LDR: ! Imported function 'sys_lwmutex_create' in 'sysPrxForUser' module (0x10582c8)
LDR: ! Imported function 'sys_ppu_thread_get_id' in 'sysPrxForUser' module (0x10582e8)
LDR: ! Imported function 'sys_prx_register_library' in 'sysPrxForUser' module (0x1058308)
LDR: ! Imported function 'sys_process_is_stack' in 'sysPrxForUser' module (0x1058328)
LDR: ! Imported function 'sys_spinlock_unlock' in 'sysPrxForUser' module (0x1058348)
LDR: ! Imported function 'sys_initialize_tls' in 'sysPrxForUser' module (0x1058368)
LDR: ! Imported function 'sys_time_get_system_time' in 'sysPrxForUser' module (0x1058388)
LDR: ! Imported function 'sys_spinlock_initialize' in 'sysPrxForUser' module (0x10583a8)
LDR: ! Imported function '_sys_process_at_Exitspawn' in 'sysPrxForUser' module (0x10583c8)
LDR: ! Imported function 'sys_spinlock_lock' in 'sysPrxForUser' module (0x10583e8)
LDR: ! Imported function 'sys_prx_exitspawn_with_level' in 'sysPrxForUser' module (0x1058408)
LDR: ! Imported function 'sys_prx_load_module_on_memcontainer_by_fd' in 'sysPrxForUser' module (0x1058428)
LDR: ! Imported function 'sys_prx_load_module_on_memcontainer' in 'sysPrxForUser' module (0x1058448)
LDR: ! Imported function 'sys_lwmutex_trylock' in 'sysPrxForUser' module (0x1058468)
LDR: ! Imported function 'sys_ppu_thread_exit' in 'sysPrxForUser' module (0x1058488)
LDR: ! Imported function 'sys_lwmutex_destroy' in 'sysPrxForUser' module (0x10584a8)
LDR: ! Imported function 'sys_lwcond_create' in 'sysPrxForUser' module (0x10584c8)
LDR: ! Imported function 'sys_process_exit' in 'sysPrxForUser' module (0x10584e8)
LDR: ! Imported function 'sys_lwcond_signal_all' in 'sysPrxForUser' module (0x1058508)
LDR: ! Imported function 'sys_prx_load_module_by_fd' in 'sysPrxForUser' module (0x1058528)
LDR: ! Imported function 'sys_lwcond_signal' in 'sysPrxForUser' module (0x1058548)
MEM: ! Thread Local Storage initialized (g_tls_start=0x1581000, user_size=0x248)
*** TLS segment addr: 0x01414068
*** TLS segment size: 0x00000008
HLE: W {PPU[0x1] Thread (main_thread)[0x010582c8]} sysPrxForUser: sys_lwmutex_create(lwmutex=*0x1552d30, attr=*0x11bc928)
HLE: W {PPU[0x1] Thread (main_thread)[0x00b9de8c]} sys_memory: sys_memory_get_user_memory_size(mem_info=*0xd003fc04)
HLE: W {PPU[0x1] Thread (main_thread)[0x010582c8]} sysPrxForUser: sys_lwmutex_create(lwmutex=*0x1552b38, attr=*0x11bc928)
HLE: W {PPU[0x1] Thread (main_thread)[0x010582c8]} sysPrxForUser: sys_lwmutex_create(lwmutex=*0x15522c0, attr=*0x11bc928)
HLE: W {PPU[0x1] Thread (main_thread)[0x010582c8]} sysPrxForUser: sys_lwmutex_create(lwmutex=*0x15522e8, attr=*0x11bc928)
HLE: W {PPU[0x1] Thread (main_thread)[0x010582c8]} sysPrxForUser: sys_lwmutex_create(lwmutex=*0x1552310, attr=*0x11bc928)
HLE: W {PPU[0x1] Thread (main_thread)[0x010582c8]} sysPrxForUser: sys_lwmutex_create(lwmutex=*0x15521f8, attr=*0x11bc928)
HLE: W {PPU[0x1] Thread (main_thread)[0x010582c8]} sysPrxForUser: sys_lwmutex_create(lwmutex=*0x1552220, attr=*0x11bc928)
HLE: W {PPU[0x1] Thread (main_thread)[0x010582c8]} sysPrxForUser: sys_lwmutex_create(lwmutex=*0x1552248, attr=*0x11bc928)
HLE: W {PPU[0x1] Thread (main_thread)[0x010582c8]} sysPrxForUser: sys_lwmutex_create(lwmutex=*0x1552270, attr=*0x11bc928)
HLE: W {PPU[0x1] Thread (main_thread)[0x010582c8]} sysPrxForUser: sys_lwmutex_create(lwmutex=*0x1552298, attr=*0x11bc928)
HLE: W {PPU[0x1] Thread (main_thread)[0x010582c8]} sysPrxForUser: sys_lwmutex_create(lwmutex=*0x1552e80, attr=*0x141e610)
HLE: W {PPU[0x1] Thread (main_thread)[0x010582c8]} sysPrxForUser: sys_lwmutex_create(lwmutex=*0x1552e00, attr=*0x141e610)
HLE: W {PPU[0x1] Thread (main_thread)[0x010582c8]} sysPrxForUser: sys_lwmutex_create(lwmutex=*0x1552e40, attr=*0x141e620)
HLE: W {PPU[0x1] Thread (main_thread)[0x00b9c7f4]} sys_memory: sys_memory_allocate(size=0x100000, flags=0x400, alloc_addr=*0xd003f830)
HLE: W {PPU[0x1] Thread (main_thread)[0x010582c8]} sysPrxForUser: sys_lwmutex_create(lwmutex=*0x20000020, attr=*0x11bc928)
HLE: W {PPU[0x1] Thread (main_thread)[0x010582c8]} sysPrxForUser: sys_lwmutex_create(lwmutex=*0x200000a0, attr=*0x11bc928)
HLE: W {PPU[0x1] Thread (main_thread)[0x010582c8]} sysPrxForUser: sys_lwmutex_create(lwmutex=*0x20000130, attr=*0x11bc928)
HLE: W {PPU[0x1] Thread (main_thread)[0x010582c8]} sysPrxForUser: sys_lwmutex_create(lwmutex=*0x20000190, attr=*0x11bc928)
HLE: W {PPU[0x1] Thread (main_thread)[0x010582c8]} sysPrxForUser: sys_lwmutex_create(lwmutex=*0x200001d0, attr=*0x11bc928)
HLE: W {PPU[0x1] Thread (main_thread)[0x010582c8]} sysPrxForUser: sys_lwmutex_create(lwmutex=*0x20000210, attr=*0x11bc928)
HLE: W {PPU[0x1] Thread (main_thread)[0x010582c8]} sysPrxForUser: sys_lwmutex_create(lwmutex=*0x200002d0, attr=*0x11bc928)
HLE: W {PPU[0x1] Thread (main_thread)[0x010582c8]} sysPrxForUser: sys_lwmutex_create(lwmutex=*0x20000300, attr=*0x11bc928)
HLE: W {PPU[0x1] Thread (main_thread)[0x010582c8]} sysPrxForUser: sys_lwmutex_create(lwmutex=*0x20000330, attr=*0x11bc928)
HLE: W {PPU[0x1] Thread (main_thread)[0x010582c8]} sysPrxForUser: sys_lwmutex_create(lwmutex=*0x20000360, attr=*0x11bc928)
HLE: W {PPU[0x1] Thread (main_thread)[0x010582c8]} sysPrxForUser: sys_lwmutex_create(lwmutex=*0x20000390, attr=*0x11bc928)
HLE: W {PPU[0x1] Thread (main_thread)[0x010582c8]} sysPrxForUser: sys_lwmutex_create(lwmutex=*0x200003c0, attr=*0x11bc928)
HLE: W {PPU[0x1] Thread (main_thread)[0x010582c8]} sysPrxForUser: sys_lwmutex_create(lwmutex=*0x1579030, attr=*0xd003fbd0)
HLE: W {PPU[0x1] Thread (main_thread)[0x00b7796c]} sys_mutex: sys_mutex_create(mutex_id=*0x1551690, attr=*0xd003fba8)
HLE: W {PPU[0x1] Thread (main_thread)[0x00b77990]} sys_cond: sys_cond_create(cond_id=*0x155168c, mutex_id=0x1d, attr=*0xd003fb90)
HLE: W {PPU[0x1] Thread (main_thread)[0x00b8ddfc]} sys_time: sys_time_get_timezone(timezone=*0xd003fb20, summertime=*0xd003fb24)
HLE: W {PPU[0x1] Thread (main_thread)[0x00b8f86c]} sys_time: sys_time_get_timezone(timezone=*0xd003fb20, summertime=*0xd003fb24)
HLE: W {PPU[0x1] Thread (main_thread)[0x00b8dda0]} sys_time: sys_time_get_timezone(timezone=*0xd003fb20, summertime=*0xd003fb24)
HLE: W {PPU[0x1] Thread (main_thread)[0x00b8f86c]} sys_time: sys_time_get_timezone(timezone=*0xd003fb20, summertime=*0xd003fb24)
HLE: W {PPU[0x1] Thread (main_thread)[0x010582c8]} sysPrxForUser: sys_lwmutex_create(lwmutex=*0x1550708, attr=*0xd003fb50)
HLE: W {PPU[0x1] Thread (main_thread)[0x01054d08]} cellSysmodule: cellSysmoduleIsLoaded(id=0x001e: CELL_SYSMODULE_L10N)
HLE: E {PPU[0x1] Thread (main_thread)[0x01054d08]} cellSysmodule: cellSysmoduleIsLoaded() failed: module not loaded (id=0x001e)
HLE: W {PPU[0x1] Thread (main_thread)[0x01054ce8]} cellSysmodule: cellSysmoduleLoadModule(id=0x001e: CELL_SYSMODULE_L10N)
HLE: W {PPU[0x1] Thread (main_thread)[0x010582c8]} sysPrxForUser: sys_lwmutex_create(lwmutex=*0x15508f0, attr=*0xd003f680)
HLE: W {PPU[0x1] Thread (main_thread)[0x010582c8]} sysPrxForUser: sys_lwmutex_create(lwmutex=*0x1551060, attr=*0xd003f5f0)
HLE: W {PPU[0x1] Thread (main_thread)[0x009b8068]} sys_memory: sys_memory_get_user_memory_size(mem_info=*0xd003f724)
HLE: W {PPU[0x1] Thread (main_thread)[0x00b9c7f4]} sys_memory: sys_memory_allocate(size=0x4600000, flags=0x400, alloc_addr=*0xd003f510)
HLE: W {PPU[0x1] Thread (main_thread)[0x0002c654]} sys_memory: sys_memory_container_create(cid=*0x14383e0, size=0x1800000)
HLE: W {PPU[0x1] Thread (main_thread)[0x0002c670]} sys_memory: sys_memory_allocate_from_container(size=0x1800000, cid=0x22, flags=0x200, alloc_addr=*0x14383e4)
HLE: E {PPU[0x1] Thread (main_thread)[0x00034b8c]} sys_vm: sys_vm_memory_map(vsize=0x10000000, psize=0x100000, cid=0xffffffff, flags=0x200, policy=0x1, addr=*0x143840c)
HLE: W {PPU[0x1] Thread (main_thread)[0x01054ce8]} cellSysmodule: cellSysmoduleLoadModule(id=0x003e: CELL_SYSMODULE_SYSUTIL_GAME)
HLE: W {PPU[0x1] Thread (main_thread)[0x01054ce8]} cellSysmodule: cellSysmoduleLoadModule(id=0x000e: CELL_SYSMODULE_FS)
HLE: W {PPU[0x1] Thread (main_thread)[0x00b2e924]} sys_spu: sys_spu_initialize(max_usable_spu=4, max_raw_spu=0)
HLE: W {PPU[0x1] Thread (main_thread)[0x01056728]} cellSpurs: cellSpursInitialize(spurs=*0x245f6b00, nSpus=4, spuPriority=250, ppuPriority=991, exitIfNoWork=4483072)
HLE: W {PPU[0x1] Thread (main_thread)[0x01056728]} sys_process: sys_process_is_spu_lock_line_reservation_address(addr=0x245f6b00, flags=0x2)
HLE: W {PPU[0x1] Thread (main_thread)[0x01056728]} sys_semaphore: sys_semaphore_create(sem_id=*0xd003f5b8, attr=*0xd003f590, initial_val=0, max_val=1)
HLE: W {PPU[0x1] Thread (main_thread)[0x01056728]} sys_semaphore: sys_semaphore_create(sem_id=*0xd003f5b8, attr=*0xd003f590, initial_val=0, max_val=1)
HLE: W {PPU[0x1] Thread (main_thread)[0x01056728]} sys_semaphore: sys_semaphore_create(sem_id=*0xd003f5b8, attr=*0xd003f590, initial_val=0, max_val=1)
HLE: W {PPU[0x1] Thread (main_thread)[0x01056728]} sys_semaphore: sys_semaphore_create(sem_id=*0xd003f5b8, attr=*0xd003f590, initial_val=0, max_val=1)
HLE: W {PPU[0x1] Thread (main_thread)[0x01056728]} sys_semaphore: sys_semaphore_create(sem_id=*0xd003f5b8, attr=*0xd003f590, initial_val=0, max_val=1)
HLE: W {PPU[0x1] Thread (main_thread)[0x01056728]} sys_semaphore: sys_semaphore_create(sem_id=*0xd003f5b8, attr=*0xd003f590, initial_val=0, max_val=1)
HLE: W {PPU[0x1] Thread (main_thread)[0x01056728]} sys_semaphore: sys_semaphore_create(sem_id=*0xd003f5b8, attr=*0xd003f590, initial_val=0, max_val=1)
HLE: W {PPU[0x1] Thread (main_thread)[0x01056728]} sys_semaphore: sys_semaphore_create(sem_id=*0xd003f5b8, attr=*0xd003f590, initial_val=0, max_val=1)
HLE: W {PPU[0x1] Thread (main_thread)[0x01056728]} sys_semaphore: sys_semaphore_create(sem_id=*0xd003f5b8, attr=*0xd003f590, initial_val=0, max_val=1)
HLE: W {PPU[0x1] Thread (main_thread)[0x01056728]} sys_semaphore: sys_semaphore_create(sem_id=*0xd003f5b8, attr=*0xd003f590, initial_val=0, max_val=1)
HLE: W {PPU[0x1] Thread (main_thread)[0x01056728]} sys_semaphore: sys_semaphore_create(sem_id=*0xd003f5b8, attr=*0xd003f590, initial_val=0, max_val=1)
HLE: W {PPU[0x1] Thread (main_thread)[0x01056728]} sys_semaphore: sys_semaphore_create(sem_id=*0xd003f5b8, attr=*0xd003f590, initial_val=0, max_val=1)
HLE: W {PPU[0x1] Thread (main_thread)[0x01056728]} sys_semaphore: sys_semaphore_create(sem_id=*0xd003f5b8, attr=*0xd003f590, initial_val=0, max_val=1)
HLE: W {PPU[0x1] Thread (main_thread)[0x01056728]} sys_semaphore: sys_semaphore_create(sem_id=*0xd003f5b8, attr=*0xd003f590, initial_val=0, max_val=1)
HLE: W {PPU[0x1] Thread (main_thread)[0x01056728]} sys_semaphore: sys_semaphore_create(sem_id=*0xd003f5b8, attr=*0xd003f590, initial_val=0, max_val=1)
HLE: W {PPU[0x1] Thread (main_thread)[0x01056728]} sys_semaphore: sys_semaphore_create(sem_id=*0xd003f5b8, attr=*0xd003f590, initial_val=0, max_val=1)
HLE: W {PPU[0x1] Thread (main_thread)[0x01056728]} sys_semaphore: sys_semaphore_create(sem_id=*0xd003f5b8, attr=*0xd003f590, initial_val=0, max_val=1)
HLE: W {PPU[0x1] Thread (main_thread)[0x01056728]} sys_spu: sys_spu_thread_group_create(id=*0x245f7830, num=4, prio=250, attr=*0xd003f4f0)
HLE: W {PPU[0x1] Thread (main_thread)[0x01056728]} sys_spu: sys_spu_thread_initialize(thread=*0x245f7834, group=0x34, spu_num=0, img=*0x245f7870, attr=*0xd003f4b8, arg=*0xd003f4c8)
HLE: E {PPU[0x1] Thread (main_thread)[0x01056728]} sys_spu: Unsupported SPU Thread options (0x2)
HLE: W {PPU[0x1] Thread (main_thread)[0x01056728]} sys_spu: sys_spu_thread_initialize(thread=*0x245f7838, group=0x34, spu_num=1, img=*0x245f7870, attr=*0xd003f4b8, arg=*0xd003f4c8)
HLE: E {PPU[0x1] Thread (main_thread)[0x01056728]} sys_spu: Unsupported SPU Thread options (0x2)
HLE: W {PPU[0x1] Thread (main_thread)[0x01056728]} sys_spu: sys_spu_thread_initialize(thread=*0x245f783c, group=0x34, spu_num=2, img=*0x245f7870, attr=*0xd003f4b8, arg=*0xd003f4c8)
HLE: E {PPU[0x1] Thread (main_thread)[0x01056728]} sys_spu: Unsupported SPU Thread options (0x2)
HLE: W {PPU[0x1] Thread (main_thread)[0x01056728]} sys_spu: sys_spu_thread_initialize(thread=*0x245f7840, group=0x34, spu_num=3, img=*0x245f7870, attr=*0xd003f4b8, arg=*0xd003f4c8)
HLE: E {PPU[0x1] Thread (main_thread)[0x01056728]} sys_spu: Unsupported SPU Thread options (0x2)
HLE: W {PPU[0x1] Thread (main_thread)[0x01056728]} sysPrxForUser: sys_lwmutex_create(lwmutex=*0x245f78b0, attr=*0xd003f418)
HLE: W {PPU[0x1] Thread (main_thread)[0x01056728]} sysPrxForUser: sys_lwcond_create(lwcond=*0x245f78c8, lwmutex=*0x245f78b0, attr=*0xd003f420)
HLE: W {PPU[0x1] Thread (main_thread)[0x01056728]} sys_event: sys_event_queue_create(equeue_id=*0x245f785c, attr=*0xd003f418, event_queue_key=0x0, size=42)
HLE: W {PPU[0x1] Thread (main_thread)[0x01056728]} sys_spu: sys_spu_thread_group_connect_event_all_threads(id=0x34, eq=0x3b, req=0xffffffffffff0000, spup=*0x245f6bc9)
HLE: W {PPU[0x1] Thread (main_thread)[0x01056728]} sys_event: sys_event_port_create(eport_id=*0x245f7860, port_type=1, name=0x0)
HLE: W {PPU[0x1] Thread (main_thread)[0x01056728]} sys_event: sys_event_port_connect_local(eport_id=0x3c, equeue_id=0x3b)
HLE: W {PPU[0x1] Thread (main_thread)[0x01056728]} cellSpurs: cellSpursEnableExceptionEventHandler(spurs=*0x245f6b00, flag=1)
HLE: W {PPU[0x3e] Thread (SpursHdlr0)[0x00000000]} sys_spu: sys_spu_thread_group_start(id=0x34)
HLE: W {PPU[0x1] Thread (main_thread)[0x01056728]} sys_spu: sys_spu_thread_group_connect_event(id=0x34, eq=0x3b, et=2)
SPU: S {PPU[0x3e] Thread (SpursHdlr0)[0x00000000]} SPU Database initialized...
SPU: S {PPU[0x3e] Thread (SpursHdlr0)[0x00000000]} SPU Recompiler (ASMJIT) created...
HLE: W {PPU[0x3e] Thread (SpursHdlr0)[0x00000000]} sys_spu: sys_spu_thread_group_join(id=0x34, cause=*0x0, status=*0x0)
HLE: W {PPU[0x1] Thread (main_thread)[0x00b2e024]} sys_event: sys_event_queue_create(equeue_id=*0x15510b4, attr=*0xd003f604, event_queue_key=0x0, size=8)
HLE: W {PPU[0x1] Thread (main_thread)[0x01058248]} sysPrxForUser: sys_ppu_thread_create(thread_id=*0x15510b8, entry=0x13da288, arg=0x15510b0, prio=998, stacksize=0x10000, flags=0x1, threadname=*0x12091b0)
HLE: W {PPU[0x1] Thread (main_thread)[0x01058248]} sys_ppu_thread: _sys_ppu_thread_create(thread_id=*0x15510b8, param=*0xd003f580, arg=0x15510b0, unk=0x0, prio=998, stacksize=0x10000, flags=0x1, threadname=*0x12091b0)
HLE: W {PPU[0x1] Thread (main_thread)[0x01058248]} sys_ppu_thread: sys_ppu_thread_start(thread_id=0x40)
HLE: W {PPU[0x1] Thread (main_thread)[0x00b2e0ac]} sys_event: sys_event_port_create(eport_id=*0x15510c0, port_type=1, name=0xfee1dead)
HLE: W {PPU[0x1] Thread (main_thread)[0x00b2e0c4]} sys_event: sys_event_port_connect_local(eport_id=0x41, equeue_id=0x3f)
HLE: W {PPU[0x1] Thread (main_thread)[0x01056748]} cellSpurs: cellSpursAttachLv2EventQueue(spurs=*0x245f6b00, queue=0x3f, port=*0xd003f600, isDynamic=0)
HLE: W {PPU[0x1] Thread (main_thread)[0x01056748]} sys_spu: sys_spu_thread_group_connect_event_all_threads(id=0x34, eq=0x3f, req=0x2, spup=*0xd003f600)
HLE: W {PPU[0x1] Thread (main_thread)[0x01054ce8]} cellSysmodule: cellSysmoduleLoadModule(id=0x0050: CELL_SYSMODULE_SPURS_JQ)
HLE: W {PPU[0x1] Thread (main_thread)[0x01054ce8]} cellSysmodule: cellSysmoduleLoadModule(id=0x0050: CELL_SYSMODULE_SPURS_JQ)
HLE: E {PPU[0x1] Thread (main_thread)[0x01057b88]} cellSpursJq: cellSpursJobQueueAttributeInitialize
HLE: E {PPU[0x1] Thread (main_thread)[0x01057c48]} cellSpursJq: cellSpursJobQueueAttributeSetGrabParameters
HLE: E {PPU[0x1] Thread (main_thread)[0x01057b28]} cellSpursJq: cellSpursJobQueueAttributeSetMaxSizeJobDescriptor
HLE: E {PPU[0x1] Thread (main_thread)[0x01057b08]} cellSpursJq: cellSpursJobQueueAttributeSetSubmitWithEntryLock
HLE: E {PPU[0x1] Thread (main_thread)[0x01057ae8]} cellSpursJq: cellSpursJobQueueAttributeSetDoBusyWaiting
HLE: E {PPU[0x1] Thread (main_thread)[0x01057ca8]} cellSpursJq: cellSpursJobQueueAttributeSetIsHaltOnError
HLE: E {PPU[0x1] Thread (main_thread)[0x01057be8]} cellSpursJq: cellSpursJobQueueAttributeSetIsJobTypeMemoryCheck
HLE: E {PPU[0x1] Thread (main_thread)[0x01057c68]} cellSpursJq: _cellSpursCreateJobQueue
HLE: E {PPU[0x1] Thread (main_thread)[0x01057c88]} cellSpursJq: cellSpursJobQueuePortInitializeWithDescriptorBuffer
HLE: W {PPU[0x1] Thread (main_thread)[0x01054ce8]} cellSysmodule: cellSysmoduleLoadModule(id=0x003d: CELL_SYSMODULE_JPGENC)
HLE: W {PPU[0x1] Thread (main_thread)[0x01054ce8]} cellSysmodule: cellSysmoduleLoadModule(id=0x000f: CELL_SYSMODULE_JPGDEC)
HLE: W {PPU[0x1] Thread (main_thread)[0x01054ce8]} cellSysmodule: cellSysmoduleLoadModule(id=0x0043: CELL_SYSMODULE_FIBER)
HLE: W {PPU[0x1] Thread (main_thread)[0x01054d08]} cellSysmodule: cellSysmoduleIsLoaded(id=0x0043: CELL_SYSMODULE_FIBER)
G: ! {PPU[0x1] Thread (main_thread)[0x010572e8]} Registers:
=========
GPR[0] = 0xffffffff80012003
GPR[1] = 0xd003f5c0
GPR[2] = 0x14197c0
GPR[3] = 0x1581038
GPR[4] = 0x245f7b80
GPR[5] = 0x245f9600
GPR[6] = 0x100
GPR[7] = 0x10
GPR[8] = 0x1
GPR[9] = 0x1588030
GPR[10] = 0x1059c8
GPR[11] = 0x245fa608
GPR[12] = 0x24000024
GPR[13] = 0x1588030
GPR[14] = 0x0
GPR[15] = 0x134f000
GPR[16] = 0x134e000
GPR[17] = 0x0
GPR[18] = 0x134d000
GPR[19] = 0x100000
GPR[20] = 0x0
GPR[21] = 0x0
GPR[22] = 0x0
GPR[23] = 0x0
GPR[24] = 0x152e38c
GPR[25] = 0x152e3b0
GPR[26] = 0x134e000
GPR[27] = 0x1
GPR[28] = 0xd003fa18
GPR[29] = 0xd003fa18
GPR[30] = 0x0
GPR[31] = 0x0
FPR[0] = 5
FPR[1] = 30
FPR[2] = 5
FPR[3] = 500
FPR[4] = 0.0064
FPR[5] = 20
FPR[6] = 100
FPR[7] = 0.9
FPR[8] = 150
FPR[9] = 0.2
FPR[10] = 1
FPR[11] = 0.2
FPR[12] = -0.5
FPR[13] = 1
FPR[14] = 0
FPR[15] = 0
FPR[16] = 0
FPR[17] = 0
FPR[18] = 0
FPR[19] = 0
FPR[20] = 0
FPR[21] = 0
FPR[22] = 0
FPR[23] = 0
FPR[24] = 0
FPR[25] = 0
FPR[26] = 0
FPR[27] = 0
FPR[28] = 0
FPR[29] = 0
FPR[30] = 0
FPR[31] = 0
VPR[0] = 0x0000000000000000000000003f000000 [x: 0 y: 0 z: 0 w: 0.5]
VPR[1] = 0x00000000000000000000000000000000 [x: 0 y: 0 z: 0 w: 0]
VPR[2] = 0x000000000000000000000000560f12be [x: 0 y: 0 z: 0 w: 3.93277e+13]
VPR[3] = 0x00000000000000005254416873616c00 [x: 0 y: 0 z: 2.27908e+11 w: 1.78598e+31]
VPR[4] = 0x0000000000000062000000000000000f [x: 0 y: 1.37327e-43 z: 0 w: 2.10195e-44]
VPR[5] = 0x00000000560f12bf00000000000098fe [x: 0 y: 3.93277e+13 z: 0 w: 5.48833e-41]
VPR[6] = 0x00000000560f12bf00000000560f12fe [x: 0 y: 3.93277e+13 z: 0 w: 3.93279e+13]
VPR[7] = 0x3300787270732e636564337461626900 [x: 2.99119e-08 y: 3.01044e+29 z: 6.7353e+22 w: 2.61033e+20]
VPR[8] = 0x000000000000000f0000000000000000 [x: 0 y: 2.10195e-44 z: 0 w: 0]
VPR[9] = 0x0000000000006f940000000000000062 [x: 0 y: 4.00267e-41 z: 0 w: 1.37327e-43]
VPR[10] = 0xc120000000000000c000000000000000 [x: -10 y: 0 z: -2 w: 0]
VPR[11] = 0x4120000000000000c000000000000000 [x: 10 y: 0 z: -2 w: 0]
VPR[12] = 0x0000000000000000c1c8000000000000 [x: 0 y: 0 z: -25 w: 0]
VPR[13] = 0xc170000000000000c120000000000000 [x: -15 y: 0 z: -10 w: 0]
VPR[14] = 0x00000000560f12bf0000000000006ca3 [x: 0 y: 3.93277e+13 z: 0 w: 3.89715e-41]
VPR[15] = 0x00000000560f12bf00000000560f12fe [x: 0 y: 3.93277e+13 z: 0 w: 3.93279e+13]
VPR[16] = 0x00000000000000000000000000000000 [x: 0 y: 0 z: 0 w: 0]
VPR[17] = 0x000000000000000f0000000000000000 [x: 0 y: 2.10195e-44 z: 0 w: 0]
VPR[18] = 0x0000000000002b0d0000000000000062 [x: 0 y: 1.54437e-41 z: 0 w: 1.37327e-43]
VPR[19] = 0x00000000560f12fe00000000560f12bf [x: 0 y: 3.93279e+13 z: 0 w: 3.93277e+13]
VPR[20] = 0x000000000000000000000000560f12bf [x: 0 y: 0 z: 0 w: 3.93277e+13]
VPR[21] = 0x00000000000000006564336361626900 [x: 0 y: 0 z: 6.7353e+22 w: 2.61033e+20]
VPR[22] = 0x0000000000000062000000000000000f [x: 0 y: 1.37327e-43 z: 0 w: 2.10195e-44]
VPR[23] = 0x00000000560f12bf0000000000002bba [x: 0 y: 3.93277e+13 z: 0 w: 1.56861e-41]
VPR[24] = 0x00000000560f12bf00000000560f12fe [x: 0 y: 3.93277e+13 z: 0 w: 3.93279e+13]
VPR[25] = 0x6500787270732e636564787461626900 [x: 3.79178e+22 y: 3.01044e+29 z: 6.74326e+22 w: 2.61033e+20]
VPR[26] = 0x000000000000000f0000000000000000 [x: 0 y: 2.10195e-44 z: 0 w: 0]
VPR[27] = 0x0000000000017ed60000000000000062 [x: 0 y: 1.37336e-40 z: 0 w: 1.37327e-43]
VPR[28] = 0x00000000560f12fe00000000560f12bf [x: 0 y: 3.93279e+13 z: 0 w: 3.93277e+13]
VPR[29] = 0x656478746162690000000000560f12bf [x: 6.74326e+22 y: 2.61033e+20 z: 0 w: 3.93277e+13]
VPR[30] = 0x000000000000000000787270732e3263 [x: 0 y: 0 z: 1.10613e-38 w: 1.38013e+31]
VPR[31] = 0x0000000000000062000000000000000f [x: 0 y: 1.37327e-43 z: 0 w: 2.10195e-44]
CR = 0x44000024
LR = 0xb883ec
CTR = 0x0
XER = 0x20000000 [CA=1 | OV=8589934592 | SO=0]
FPSCR = 0x0 [RN=0 | NI=0 | XE=0 | ZE=0 | UE=0 | OE=0 | VE=0 | VXCVI=0 | VXSQRT=0 | VXSOFT=0 | FPRF=0 | FI=0 | FR=0 | VXVC=0 | VXIMZ=0 | VXZDZ=0 | VXIDI=0 | VXISI=0 | VXSNAN=0 | XX=0 | ZX=0 | UX=0 | OX=0 | VX=0 | FEX=0 | FX=0]

G: E {PPU[0x1] Thread (main_thread)[0x010572e8]} Exception: LLE function not set: _cellFiberPpuInitialize (0x255870804)
(in file Emu\SysCalls\Modules.cpp:140, in function execute_ppu_func_by_index)
G: ! Stopping emulator...
G: ! All threads signaled...
G: ! {PPU[0x2] Thread (Callback Thread)[0x00000000]} Thread aborted
G: ! {SPU[0x37] Thread (CellSpursKernel2)[0x00818]} Thread aborted
G: ! {SPU[0x38] Thread (CellSpursKernel3)[0x00818]} Thread aborted
G: ! {SPU[0x35] Thread (CellSpursKernel0)[0x00818]} Thread aborted
G: ! {SPU[0x36] Thread (CellSpursKernel1)[0x00818]} Thread aborted
HLE: S {PPU[0x40] Thread (spu_printf_handler)[0x00b2e1f8]} Last syscall: 130 (sys_event_queue_receive)
G: ! {PPU[0x3d] Thread (SpursHdlr1)[0x00000000]} Thread aborted
G: ! {PPU[0x40] Thread (spu_printf_handler)[0x00b2e1f8]} Thread aborted
G: ! {PPU[0x3e] Thread (SpursHdlr0)[0x00000000]} Thread aborted
G: ! All threads stopped...
G: ! Objects cleared...
G: ! Stopping emulator...
