LDR: E PSFLoader::Load() failed: unknown magic (0x0)
G: ! RPCS3 0.0.0.5 v0.0.0.5-2531-g69bde39
G: ! 
G: ! Stopping emulator...
LDR: ! Loading 'D:/Emulateurs/Rpcs3/dev_hdd0/game/BCES00009-[RIDGE RACER 7]/PS3_GAME/USRDIR/BOOT.BIN'...
G: W fs::file::open('D:/Emulateurs/Rpcs3/dev_hdd0/game/BCES00009-[RIDGE RACER 7]/PS3_GAME/dev_bdvd.path', 0x1) failed: error 0x2
LDR: ! 
LDR: ! Mount info:
LDR: ! /dev_usb000/ -> D:/Emulateurs/Rpcs3/dev_usb000/
LDR: ! /dev_flash/ -> D:/Emulateurs/Rpcs3/dev_flash/
LDR: ! /host_root/ -> 
LDR: ! /dev_hdd0/ -> D:/Emulateurs/Rpcs3/dev_hdd0/
LDR: ! /dev_hdd1/ -> D:/Emulateurs/Rpcs3/dev_hdd1/
LDR: ! /dev_bdvd/ -> D:/Emulateurs/Rpcs3/dev_hdd0/game/BCES00009-[RIDGE RACER 7]/
LDR: ! /dev_usb/ -> D:/Emulateurs/Rpcs3/dev_usb000/
LDR: ! 
LDR: ! Settings:
LDR: ! CPU: PPU Interpreter 2
LDR: ! SPU: SPU Recompiler (ASMJIT)
LDR: ! Renderer: DirectX 12
LDR: ! D3D Adapter: Default
LDR: ! Resolution: 1280x720
LDR: ! Write Depth Buffer: No
LDR: ! Write Color Buffers: No
LDR: ! Read Color Buffer: No
LDR: ! Audio Out: XAudio2
LDR: ! Log Everything: No
LDR: ! RSX Logging: No
LDR: ! 
LDR: ! Title: RIDGE RACER 7
LDR: ! Serial: BCES00009
LDR: ! Elf path: /dev_bdvd/PS3_GAME/USRDIR/BOOT.BIN
LDR: ! 
LDR: ! loader::init() failed: Broken file
LDR: ! *** sdk version: 0x132002
LDR: ! *** primary prio: 1001
LDR: ! *** primary stacksize: 0x20000
LDR: ! *** malloc pagesize: 0x100000
LDR: ! *** ppc seg: 0x0
LDR: ! Imported function 'cellRescGcmSurface2RescSrc' in 'cellResc' module (0x5e544)
LDR: ! Imported function 'cellRescSetWaitFlip' in 'cellResc' module (0x5e564)
LDR: ! Imported function 'cellRescSetDsts' in 'cellResc' module (0x5e584)
LDR: ! Imported function 'cellRescSetPalInterpolateDropFlexRatio' in 'cellResc' module (0x5e5a4)
LDR: ! Imported function 'cellRescSetDisplayMode' in 'cellResc' module (0x5e5c4)
LDR: ! Imported function 'cellRescSetConvertAndFlip' in 'cellResc' module (0x5e5e4)
LDR: ! Imported function 'cellRescExit' in 'cellResc' module (0x5e604)
LDR: ! Imported function 'cellRescInit' in 'cellResc' module (0x5e624)
LDR: ! Imported function 'cellRescGetBufferSize' in 'cellResc' module (0x5e644)
LDR: ! Imported function 'cellRescSetSrc' in 'cellResc' module (0x5e664)
LDR: ! Imported function 'cellRescSetBufferAddress' in 'cellResc' module (0x5e684)
LDR: ! Imported function 'cellRescSetVBlankHandler' in 'cellResc' module (0x5e6a4)
LDR: ! Imported function 'cellPadClearBuf' in 'sys_io' module (0x5e6c4)
LDR: ! Imported function 'cellPadInfoPressMode' in 'sys_io' module (0x5e6e4)
LDR: ! Imported function 'cellPadInit' in 'sys_io' module (0x5e704)
LDR: ! Imported function 'cellPadGetInfo' in 'sys_io' module (0x5e724)
LDR: ! Imported function 'cellPadEnd' in 'sys_io' module (0x5e744)
LDR: ! Imported function 'cellPadInfoSensorMode' in 'sys_io' module (0x5e764)
LDR: ! Imported function 'cellPadGetData' in 'sys_io' module (0x5e784)
LDR: ! Imported function 'cellPadSetSensorMode' in 'sys_io' module (0x5e7a4)
LDR: ! Imported function 'cellPadSetPressMode' in 'sys_io' module (0x5e7c4)
LDR: ! Imported function 'cellFsClose' in 'sys_fs' module (0x5e7e4)
LDR: ! Imported function 'cellFsOpendir' in 'sys_fs' module (0x5e804)
LDR: ! Imported function 'cellFsRead' in 'sys_fs' module (0x5e824)
LDR: ! Imported function 'cellFsReaddir' in 'sys_fs' module (0x5e844)
LDR: ! Imported function 'cellFsOpen' in 'sys_fs' module (0x5e864)
LDR: ! Imported function 'cellFsUnlink' in 'sys_fs' module (0x5e884)
LDR: ! Imported function 'cellFsLseek' in 'sys_fs' module (0x5e8a4)
LDR: ! Imported function 'cellFsWrite' in 'sys_fs' module (0x5e8c4)
LDR: ! Imported function 'cellFsFstat' in 'sys_fs' module (0x5e8e4)
LDR: ! Imported function 'cellFsClosedir' in 'sys_fs' module (0x5e904)
LDR: ! Imported function 'cellGcmGetTiledPitchSize' in 'cellGcmSys' module (0x5e924)
LDR: ! Imported function '_cellGcmInitBody' in 'cellGcmSys' module (0x5e944)
LDR: ! Imported function 'cellGcmAddressToOffset' in 'cellGcmSys' module (0x5e964)
LDR: ! Imported function '_cellGcmFunc15' in 'cellGcmSys' module (0x5e984)
LDR: ! Imported function 'cellGcmSetFlipMode' in 'cellGcmSys' module (0x5e9a4)
LDR: ! Imported function 'cellGcmSetWaitFlip' in 'cellGcmSys' module (0x5e9c4)
LDR: ! Imported function 'cellGcmSetDisplayBuffer' in 'cellGcmSys' module (0x5e9e4)
LDR: ! Imported function 'cellGcmGetControlRegister' in 'cellGcmSys' module (0x5ea04)
LDR: ! Imported function 'cellGcmSetVBlankHandler' in 'cellGcmSys' module (0x5ea24)
LDR: ! Imported function 'cellGcmSetInvalidateTile' in 'cellGcmSys' module (0x5ea44)
LDR: ! Imported function 'cellGcmSetTile' in 'cellGcmSys' module (0x5ea64)
LDR: ! Imported function 'cellGcmSetZcull' in 'cellGcmSys' module (0x5ea84)
LDR: ! Imported function 'cellGcmSetFlip' in 'cellGcmSys' module (0x5eaa4)
LDR: ! Imported function 'cellGcmGetConfiguration' in 'cellGcmSys' module (0x5eac4)
LDR: ! Imported function 'cellGcmGetLabelAddress' in 'cellGcmSys' module (0x5eae4)
LDR: ! Imported function 'cellSysutilUnregisterCallback' in 'cellSysutil' module (0x5eb04)
LDR: ! Imported function 'cellVideoOutConfigure' in 'cellSysutil' module (0x5eb24)
LDR: ! Imported function 'cellSysutilCheckCallback' in 'cellSysutil' module (0x5eb44)
LDR: ! Imported function 'cellVideoOutGetDeviceInfo' in 'cellSysutil' module (0x5eb64)
LDR: ! Imported function 'cellSysutilGetSystemParamInt' in 'cellSysutil' module (0x5eb84)
LDR: ! Imported function 'cellMsgDialogAbort' in 'cellSysutil' module (0x5eba4)
LDR: ! Imported function 'cellVideoOutGetNumberOfDevice' in 'cellSysutil' module (0x5ebc4)
LDR: ! Imported function 'cellVideoOutGetState' in 'cellSysutil' module (0x5ebe4)
LDR: ! Imported function 'cellSysutilGetSystemParamString' in 'cellSysutil' module (0x5ec04)
LDR: ! Imported function 'cellSysutilRegisterCallback' in 'cellSysutil' module (0x5ec24)
LDR: ! Imported function 'cellVideoOutGetResolutionAvailability' in 'cellSysutil' module (0x5ec44)
LDR: ! Imported function 'cellDiscGameGetBootDiscInfo' in 'cellSysutil' module (0x5ec64)
LDR: ! Imported function 'cellVideoOutGetResolution' in 'cellSysutil' module (0x5ec84)
LDR: ! Imported function 'cellMsgDialogOpen' in 'cellSysutil' module (0x5eca4)
LDR: ! Imported function 'cellSysmoduleUnloadModule' in 'cellSysmodule' module (0x5ecc4)
LDR: ! Imported function 'cellSysmoduleLoadModule' in 'cellSysmodule' module (0x5ece4)
LDR: ! Imported function 'UCS2stoSJISs' in 'cellL10n' module (0x5ed04)
LDR: ! Imported function 'UCS2stoUTF8s' in 'cellL10n' module (0x5ed24)
LDR: ! Imported function 'SJISstoUTF8s' in 'cellL10n' module (0x5ed44)
LDR: ! Imported function 'SjisHan2Zen' in 'cellL10n' module (0x5ed64)
LDR: ! Imported function 'UTF8stoSJISs' in 'cellL10n' module (0x5ed84)
LDR: ! Imported function 'SJISstoUCS2s' in 'cellL10n' module (0x5eda4)
LDR: ! Imported function 'UTF8stoUCS2s' in 'cellL10n' module (0x5edc4)
LDR: ! Imported function 'sceNpTerm' in 'sceNp' module (0x5ede4)
LDR: ! Imported function 'sceNpDrmProcessExitSpawn' in 'sceNp' module (0x5ee04)
LDR: ! Imported function 'sceNpDrmIsAvailable' in 'sceNp' module (0x5ee24)
LDR: ! Imported function 'sceNpInit' in 'sceNp' module (0x5ee44)
LDR: ! Imported function 'cellPngDecCreate' in 'cellPngDec' module (0x5ee64)
LDR: ! Imported function 'cellPngDecDecodeData' in 'cellPngDec' module (0x5ee84)
LDR: ! Imported function 'cellPngDecClose' in 'cellPngDec' module (0x5eea4)
LDR: ! Imported function 'cellPngDecDestroy' in 'cellPngDec' module (0x5eec4)
LDR: ! Imported function 'cellPngDecReadHeader' in 'cellPngDec' module (0x5eee4)
LDR: ! Imported function 'cellPngDecOpen' in 'cellPngDec' module (0x5ef04)
LDR: ! Imported function 'cellPngDecSetParameter' in 'cellPngDec' module (0x5ef24)
LDR: ! Imported function 'sys_lwmutex_lock' in 'sysPrxForUser' module (0x5ef44)
LDR: ! Imported function 'sys_lwmutex_unlock' in 'sysPrxForUser' module (0x5ef64)
LDR: ! Imported function 'sys_ppu_thread_create' in 'sysPrxForUser' module (0x5ef84)
LDR: ! Imported function 'sys_lwmutex_create' in 'sysPrxForUser' module (0x5efa4)
LDR: ! Imported function 'sys_ppu_thread_get_id' in 'sysPrxForUser' module (0x5efc4)
LDR: ! Imported function 'sys_initialize_tls' in 'sysPrxForUser' module (0x5efe4)
LDR: ! Imported function 'sys_time_get_system_time' in 'sysPrxForUser' module (0x5f004)
LDR: ! Imported function 'sys_prx_exitspawn_with_level' in 'sysPrxForUser' module (0x5f024)
LDR: ! Imported function 'sys_ppu_thread_exit' in 'sysPrxForUser' module (0x5f044)
LDR: ! Imported function 'sys_lwmutex_destroy' in 'sysPrxForUser' module (0x5f064)
LDR: ! Imported function 'sys_process_exit' in 'sysPrxForUser' module (0x5f084)
LDR: ! Imported function 'sys_game_process_exitspawn' in 'sysPrxForUser' module (0x5f0a4)
MEM: ! Thread Local Storage initialized (g_tls_start=0x74000, user_size=0x88)
*** TLS segment addr: 0x00073c88
*** TLS segment size: 0x00000004
HLE: W {PPU[0x1] Thread (main_thread)[0x0005efa4]} sysPrxForUser: sys_lwmutex_create(lwmutex=*0x1004bfc0, attr=*0x10002a60)
HLE: W {PPU[0x1] Thread (main_thread)[0x0005efa4]} sysPrxForUser: sys_lwmutex_create(lwmutex=*0x1004bfd8, attr=*0x10002a60)
HLE: W {PPU[0x1] Thread (main_thread)[0x00047ae8]} sys_memory: sys_memory_allocate(size=0x100000, flags=0x400, alloc_addr=*0xd001fb70)
HLE: W {PPU[0x1] Thread (main_thread)[0x0005efa4]} sysPrxForUser: sys_lwmutex_create(lwmutex=*0x20000020, attr=*0x10002a60)
HLE: W {PPU[0x1] Thread (main_thread)[0x0005efa4]} sysPrxForUser: sys_lwmutex_create(lwmutex=*0x20000050, attr=*0x10002a60)
HLE: W {PPU[0x1] Thread (main_thread)[0x0005efa4]} sysPrxForUser: sys_lwmutex_create(lwmutex=*0x20000080, attr=*0x10002a60)
HLE: W {PPU[0x1] Thread (main_thread)[0x0005efa4]} sysPrxForUser: sys_lwmutex_create(lwmutex=*0x200000b0, attr=*0x10002a60)
HLE: W {PPU[0x1] Thread (main_thread)[0x0005efa4]} sysPrxForUser: sys_lwmutex_create(lwmutex=*0x200000e0, attr=*0x10002a60)
HLE: W {PPU[0x1] Thread (main_thread)[0x0005efa4]} sysPrxForUser: sys_lwmutex_create(lwmutex=*0x20000110, attr=*0x10002a60)
HLE: W {PPU[0x1] Thread (main_thread)[0x0005efa4]} sysPrxForUser: sys_lwmutex_create(lwmutex=*0x20000140, attr=*0x10002a60)
HLE: W {PPU[0x1] Thread (main_thread)[0x0001061c]} sys_spu: sys_spu_initialize(max_usable_spu=6, max_raw_spu=0)
HLE: W {PPU[0x1] Thread (main_thread)[0x0005ece4]} cellSysmodule: cellSysmoduleLoadModule(id=0x001e: CELL_SYSMODULE_L10N)
HLE: W {PPU[0x1] Thread (main_thread)[0x0005ece4]} cellSysmodule: cellSysmoduleLoadModule(id=0x0019: CELL_SYSMODULE_FONT)
HLE: W {PPU[0x1] Thread (main_thread)[0x0005ece4]} cellSysmodule: cellSysmoduleLoadModule(id=0x001b: CELL_SYSMODULE_FREETYPE)
HLE: W {PPU[0x1] Thread (main_thread)[0x0005ece4]} cellSysmodule: cellSysmoduleLoadModule(id=0x001a: CELL_SYSMODULE_FONTFT)
HLE: W {PPU[0x1] Thread (main_thread)[0x0005ece4]} cellSysmodule: cellSysmoduleLoadModule(id=0x001c: CELL_SYSMODULE_USBD)
HLE: W {PPU[0x1] Thread (main_thread)[0x0005ece4]} cellSysmodule: cellSysmoduleLoadModule(id=0x0009: CELL_SYSMODULE_RTC)
HLE: W {PPU[0x1] Thread (main_thread)[0x0005ece4]} cellSysmodule: cellSysmoduleLoadModule(id=0x0000: CELL_SYSMODULE_NET)
HLE: W {PPU[0x1] Thread (main_thread)[0x0005ece4]} cellSysmodule: cellSysmoduleLoadModule(id=0x0016: CELL_SYSMODULE_SYSUTIL_NP)
HLE: W {PPU[0x1] Thread (main_thread)[0x0005ece4]} cellSysmodule: cellSysmoduleLoadModule(id=0x000f: CELL_SYSMODULE_JPGDEC)
HLE: W {PPU[0x1] Thread (main_thread)[0x0005ece4]} cellSysmodule: cellSysmoduleLoadModule(id=0x0018: CELL_SYSMODULE_PNGDEC)
HLE: W {PPU[0x1] Thread (main_thread)[0x0005ece4]} cellSysmodule: cellSysmoduleLoadModule(id=0x0001: CELL_SYSMODULE_HTTP)
HLE: W {PPU[0x1] Thread (main_thread)[0x0005ece4]} cellSysmodule: cellSysmoduleLoadModule(id=0x0017: CELL_SYSMODULE_IO)
HLE: W {PPU[0x1] Thread (main_thread)[0x0005ece4]} cellSysmodule: cellSysmoduleLoadModule(id=0x000e: CELL_SYSMODULE_FS)
HLE: W {PPU[0x1] Thread (main_thread)[0x0005ece4]} cellSysmodule: cellSysmoduleLoadModule(id=0x0010: CELL_SYSMODULE_GCM_SYS)
HLE: W {PPU[0x1] Thread (main_thread)[0x0005ece4]} cellSysmodule: cellSysmoduleLoadModule(id=0x0005: CELL_SYSMODULE_VDEC)
HLE: W {PPU[0x1] Thread (main_thread)[0x0005ece4]} cellSysmodule: cellSysmoduleLoadModule(id=0x0006: CELL_SYSMODULE_ADEC)
HLE: W {PPU[0x1] Thread (main_thread)[0x0005ece4]} cellSysmodule: cellSysmoduleLoadModule(id=0x0008: CELL_SYSMODULE_VPOST)
HLE: W {PPU[0x1] Thread (main_thread)[0x0005ece4]} cellSysmodule: cellSysmoduleLoadModule(id=0x001f: CELL_SYSMODULE_RESC)
HLE: W {PPU[0x1] Thread (main_thread)[0x0005e704]} sys_io: cellPadInit(max_connect=2)
HLE: W {PPU[0x1] Thread (main_thread)[0x00047ae8]} sys_memory: sys_memory_allocate(size=0x3300000, flags=0x400, alloc_addr=*0xd001f980)
HLE: W {PPU[0x1] Thread (main_thread)[0x0005e944]} cellGcmSys: _cellGcmInitBody(context=**0x1004bc38, cmdSize=0x10000, ioSize=0x3100000, ioAddress=0x20100000)
HLE: W {PPU[0x1] Thread (main_thread)[0x0005e944]} cellGcmSys: *** local memory(addr=0xc0000000, size=0xf900000)
HLE: W {PPU[0x1] Thread (main_thread)[0x0005e944]} cellGcmSys: cellGcmInit(): 256MB io address space used
RSX: ! {RSXThread} RSX thread started
HLE: W {PPU[0x1] Thread (main_thread)[0x0005ebc4]} cellSysutil: cellVideoOutGetNumberOfDevice(videoOut=0)
HLE: W {PPU[0x1] Thread (main_thread)[0x0005eb64]} cellSysutil: cellVideoOutGetDeviceInfo(videoOut=0, deviceIndex=0, info=*0xd001f810)
HLE: W {PPU[0x1] Thread (main_thread)[0x0005e9c4]} cellGcmSys: cellGcmSetWaitFlip(ctx=*0x7a000)
HLE: W {PPU[0x1] Thread (main_thread)[0x0005ec44]} cellSysutil: cellVideoOutGetResolutionAvailability(videoOut=0, resolutionId=0x4, aspect=1, option=0)
HLE: W {PPU[0x1] Thread (main_thread)[0x0005eb24]} cellSysutil: cellVideoOutConfigure(videoOut=0, config=*0xd001f894, option=*0x0, waitForEvent=0)
HLE: W {PPU[0x1] Thread (main_thread)[0x0005e9a4]} cellGcmSys: cellGcmSetFlipMode(mode=2)
HLE: W {PPU[0x1] Thread (main_thread)[0x0005ea64]} cellGcmSys: cellGcmSetTile(index=1, location=0, offset=0, size=8912896, pitch=8192, comp=0, base=0, bank=0)
HLE: W {PPU[0x1] Thread (main_thread)[0x0005ea64]} cellGcmSys: cellGcmSetTile(index=2, location=0, offset=8912896, size=8912896, pitch=8192, comp=0, base=136, bank=0)
HLE: W {PPU[0x1] Thread (main_thread)[0x0005ea64]} cellGcmSys: cellGcmSetTile(index=3, location=0, offset=17825792, size=8912896, pitch=8192, comp=0, base=272, bank=0)
HLE: W {PPU[0x1] Thread (main_thread)[0x0005ea64]} cellGcmSys: cellGcmSetTile(index=0, location=0, offset=26738688, size=8912896, pitch=8192, comp=10, base=408, bank=1)
HLE: E {PPU[0x1] Thread (main_thread)[0x0005ea64]} cellGcmSys: cellGcmSetTile: bad compression mode! (10)
HLE: W {PPU[0x1] Thread (main_thread)[0x0005ea64]} cellGcmSys: cellGcmSetTile(index=5, location=0, offset=35651584, size=196608, pitch=1024, comp=0, base=544, bank=0)
HLE: W {PPU[0x1] Thread (main_thread)[0x0005ea64]} cellGcmSys: cellGcmSetTile(index=6, location=0, offset=35848192, size=196608, pitch=1024, comp=0, base=547, bank=0)
HLE: W {PPU[0x1] Thread (main_thread)[0x0005ea64]} cellGcmSys: cellGcmSetTile(index=5, location=0, offset=36044800, size=655360, pitch=2048, comp=0, base=550, bank=0)
HLE: W {PPU[0x1] Thread (main_thread)[0x0005ea64]} cellGcmSys: cellGcmSetTile(index=6, location=0, offset=36700160, size=655360, pitch=2048, comp=0, base=560, bank=0)
HLE: E {PPU[0x1] Thread (main_thread)[0x0005ea84]} cellGcmSys TODO: cellGcmSetZcull(index=0, offset=0x1980000, width=1920, height=1088, cullStart=0x0, zFormat=0x2, aaFormat=0x0, zCullDir=0x0, zCullFormat=0x1, sFunc=0x0, sRef=0x80, sMask=0xff)
RSX: W {RSXThread} TODO: NV4097_SET_WINDOW_OFFSET: x=0, y=0
HLE: W {PPU[0x1] Thread (main_thread)[0x0005efa4]} sysPrxForUser: sys_lwmutex_create(lwmutex=*0x1004b780, attr=*0xd001f960)
HLE: W {PPU[0x1] Thread (main_thread)[0x0005efa4]} sysPrxForUser: sys_lwmutex_create(lwmutex=*0x1004b768, attr=*0xd001f960)
HLE: W {PPU[0x1] Thread (main_thread)[0x00021ce4]} sys_semaphore: sys_semaphore_create(sem_id=*0x1004b508, attr=*0xd001fa50, initial_val=0, max_val=1)
HLE: W {PPU[0x1] Thread (main_thread)[0x00021d00]} sys_semaphore: sys_semaphore_create(sem_id=*0x1004b504, attr=*0xd001fa50, initial_val=0, max_val=1)
HLE: W {PPU[0x1] Thread (main_thread)[0x0005ef84]} sysPrxForUser: sys_ppu_thread_create(thread_id=*0x1004b4f8, entry=0x71110, arg=0x0, prio=1000, stacksize=0x10000, flags=0x1, threadname=*0x10000718)
HLE: W {PPU[0x1] Thread (main_thread)[0x0005ef84]} sys_ppu_thread: _sys_ppu_thread_create(thread_id=*0x1004b4f8, param=*0xd001f9d8, arg=0x0, unk=0x0, prio=1000, stacksize=0x10000, flags=0x1, threadname=*0x10000718)
HLE: W {PPU[0x1] Thread (main_thread)[0x0005ef84]} sys_ppu_thread: sys_ppu_thread_start(thread_id=0x10)
HLE: W {PPU[0x1] Thread (main_thread)[0x00021d4c]} sys_semaphore: sys_semaphore_create(sem_id=*0x1004b50c, attr=*0xd001fa50, initial_val=0, max_val=1)
HLE: W {PPU[0x1] Thread (main_thread)[0x0005ea24]} cellGcmSys: cellGcmSetVBlankHandler(handler=*0x71100)
HLE: W {PPU[0x1] Thread (main_thread)[0x00047ae8]} sys_memory: sys_memory_allocate(size=0x200000, flags=0x400, alloc_addr=*0xd001f8b0)
HLE: W {PPU[0x1] Thread (main_thread)[0x0005efa4]} sysPrxForUser: sys_lwmutex_create(lwmutex=*0x1004b1c8, attr=*0xd001fb10)
HLE: W {PPU[0x1] Thread (main_thread)[0x00012af4]} sys_semaphore: sys_semaphore_create(sem_id=*0x1002a074, attr=*0xd001fb50, initial_val=0, max_val=1)
HLE: W {PPU[0x1] Thread (main_thread)[0x00012b28]} sys_mutex: sys_mutex_create(mutex_id=*0x1002a070, attr=*0xd001fb70)
HLE: W {PPU[0x1] Thread (main_thread)[0x0005ef84]} sysPrxForUser: sys_ppu_thread_create(thread_id=*0x1002a078, entry=0x706e0, arg=0x0, prio=3000, stacksize=0x4000, flags=0x1, threadname=*0x100001f0)
HLE: W {PPU[0x1] Thread (main_thread)[0x0005ef84]} sys_ppu_thread: _sys_ppu_thread_create(thread_id=*0x1002a078, param=*0xd001fad8, arg=0x0, unk=0x0, prio=3000, stacksize=0x4000, flags=0x1, threadname=*0x100001f0)
HLE: W {PPU[0x1] Thread (main_thread)[0x0005ef84]} sys_ppu_thread: sys_ppu_thread_start(thread_id=0x15)
HLE: W {PPU[0x1] Thread (main_thread)[0x0005eb84]} cellSysutil: cellSysutilGetSystemParamInt(id=0x111(ID_LANG), value=*0x1002a368)
HLE: W {PPU[0x1] Thread (main_thread)[0x0005eb84]} cellSysutil: cellSysutilGetSystemParamInt(id=0x112(ID_ENTER_BUTTON_ASSIGN), value=*0x1002a36c)
HLE: W {PPU[0x1] Thread (main_thread)[0x0005eb84]} cellSysutil: cellSysutilGetSystemParamInt(id=0x114(ID_DATE_FORMAT), value=*0x1002a370)
HLE: W {PPU[0x1] Thread (main_thread)[0x0005eb84]} cellSysutil: cellSysutilGetSystemParamInt(id=0x115(ID_TIME_FORMAT), value=*0x1002a374)
HLE: W {PPU[0x1] Thread (main_thread)[0x0005eb84]} cellSysutil: cellSysutilGetSystemParamInt(id=0x121(ID_GAME_PARENTAL_LEVEL), value=*0x1002a378)
HLE: W {PPU[0x1] Thread (main_thread)[0x0005eec4]} cellPngDec: cellPngDecDestroy(mainHandle=*0x1004b798)
HLE: W {PPU[0x1] Thread (main_thread)[0x0005ee64]} cellPngDec: cellPngDecCreate(mainHandle=**0x1004b798, threadInParam=*0x1004b79c, threadOutParam=*0x1004b7b8)
HLE: W {PPU[0x1] Thread (main_thread)[0x0005ec24]} cellSysutil: cellSysutilRegisterCallback(slot=0, func=*0x702f8, userdata=*0x0)
HLE: W {PPU[0x1] Thread (main_thread)[0x0005ee44]} sceNp: sceNpInit(poolsize=0x20000, poolptr=*0x1002b0c0)
HLE: W {PPU[0x1] Thread (main_thread)[0x0005ee24]} sceNp: sceNpDrmIsAvailable(k_licensee=*0x1002af78, drm_path=*0xd001f818)
HLE: W {PPU[0x1] Thread (main_thread)[0x0005ee24]} sceNp: npDrmIsAvailable(): Found DRM license file at /dev_hdd0/game/BCES00009/USRDIR/text.edat
HLE: W {PPU[0x1] Thread (main_thread)[0x0005ee24]} sceNp: npDrmIsAvailable(): Using k_licensee 0x000000000000000000000000000000000
HLE: W {PPU[0x1] Thread (main_thread)[0x0005ee24]} sceNp: npDrmIsAvailable(): Can't find RAP file for '/dev_hdd0/game/BCES00009/USRDIR/text.edat' (titleID='BCES00009')
G: W {PPU[0x1] Thread (main_thread)[0x0005ee24]} fs::file::open('D:/Emulateurs/Rpcs3/dev_hdd0/home/00000001/exdata', 0x1) failed: error 0x5
LDR: E {PPU[0x1] Thread (main_thread)[0x0005ee24]} EDAT: D:/Emulateurs/Rpcs3/dev_hdd0/game/BCES00009/USRDIR/text.edat has invalid NPD header or already decrypted.
HLE: W {PPU[0x1] Thread (main_thread)[0x0005e864]} cellFs: cellFsOpen(path=*0xd001f818, flags=0, fd=*0x200ae2c0, arg=*0xd001f810, size=0x8) -> sys_fs_open()
HLE: W {PPU[0x1] Thread (main_thread)[0x0005e864]} sys_fs: sys_fs_open(path=*0xd001f818, flags=0, fd=*0x200ae2c0, mode=0, arg=*0xd001f810, size=0x8)
HLE: W {PPU[0x1] Thread (main_thread)[0x0005e864]} sys_fs: *** path = '/dev_hdd0/game/BCES00009/USRDIR/text.edat'
HLE: W {PPU[0x1] Thread (main_thread)[0x0005e9c4]} cellGcmSys: cellGcmSetWaitFlip(ctx=*0x1004bc28)
HLE: W {PPU[0x1] Thread (main_thread)[0x0005ee24]} sceNp: sceNpDrmIsAvailable(k_licensee=*0x100105d0, drm_path=*0xd001f790)
HLE: W {PPU[0x1] Thread (main_thread)[0x0005ee24]} sceNp: npDrmIsAvailable(): '/dev_hdd0/game/BCES00009/USRDIR/license.edat' not found
HLE: W {PPU[0x1] Thread (main_thread)[0x0005e9c4]} cellGcmSys: cellGcmSetWaitFlip(ctx=*0x1004bc28)
RSX: W {RSXThread} TODO : NV4097_SET_BLEND_COLOR2: 0xffffffff
RSX: W {RSXThread} TODO : NV4097_SET_BLEND_COLOR2: 0xffffffff
RSX: W {RSXThread} TODO: NV4097_SET_RENDER_ENABLE: Offset=0x000000, Mode=0x1
RSX: W {RSXThread} TODO: NV4097_SET_VERTEX_ATTRIB_INPUT_MASK: 0xffff
RSX: W {RSXThread} TODO: NV4097_SET_ZPASS_PIXEL_COUNT_ENABLE: 0
RSX: W {RSXThread} TODO: NV4097_SET_WINDOW_OFFSET: x=0, y=0
RSX: W {RSXThread} Creating RTT
HLE: W {PPU[0x1] Thread (main_thread)[0x0005ee04]} sceNp: sceNpDrmProcessExitSpawn() -> sys_game_process_exitspawn
HLE: E {PPU[0x1] Thread (main_thread)[0x0005ee04]} sysPrxForUser TODO: sys_game_process_exitspawn()
HLE: W {PPU[0x1] Thread (main_thread)[0x0005ee04]} sysPrxForUser: path: 
HLE: W {PPU[0x1] Thread (main_thread)[0x0005ee04]} sysPrxForUser: argv: 0xd001f790
HLE: W {PPU[0x1] Thread (main_thread)[0x0005ee04]} sysPrxForUser: envp: 0x0
HLE: W {PPU[0x1] Thread (main_thread)[0x0005ee04]} sysPrxForUser: data: 0x0
HLE: W {PPU[0x1] Thread (main_thread)[0x0005ee04]} sysPrxForUser: data_size: 0x0
HLE: W {PPU[0x1] Thread (main_thread)[0x0005ee04]} sysPrxForUser: prio: 0
HLE: W {PPU[0x1] Thread (main_thread)[0x0005ee04]} sysPrxForUser: flags: 1001
HLE: S {PPU[0x1] Thread (main_thread)[0x0005ee04]} Last function: sceNpDrmProcessExitSpawn (0xaa16695f)
G: ! {PPU[0x1] Thread (main_thread)[0x0005ee04]} Registers:
=========
GPR[0] = 0x1a654
GPR[1] = 0xd001f720
GPR[2] = 0x7af28
GPR[3] = 0x1002af78
GPR[4] = 0xd001f790
GPR[5] = 0x0
GPR[6] = 0x0
GPR[7] = 0x0
GPR[8] = 0x0
GPR[9] = 0x3e9
GPR[10] = 0x40
GPR[11] = 0x0
GPR[12] = 0x0
GPR[13] = 0x7b030
GPR[14] = 0x0
GPR[15] = 0x6b000
GPR[16] = 0x6a000
GPR[17] = 0x0
GPR[18] = 0x69000
GPR[19] = 0x100000
GPR[20] = 0x0
GPR[21] = 0x0
GPR[22] = 0x0
GPR[23] = 0x0
GPR[24] = 0x0
GPR[25] = 0x0
GPR[26] = 0x0
GPR[27] = 0x6a000
GPR[28] = 0x6b000
GPR[29] = 0xd001f790
GPR[30] = 0x1002af8c
GPR[31] = 0x1002af8c
FPR[0] = 0
FPR[1] = 1
FPR[2] = 0
FPR[3] = 0
FPR[4] = 0
FPR[5] = 1.00001
FPR[6] = 0.000251848
FPR[7] = 0.330302
FPR[8] = 0.0179185
FPR[9] = 1
FPR[10] = 0
FPR[11] = -1.35358
FPR[12] = 1
FPR[13] = 0.0523599
FPR[14] = 0
FPR[15] = 0
FPR[16] = 0
FPR[17] = 0
FPR[18] = 0
FPR[19] = 0
FPR[20] = 0
FPR[21] = 0
FPR[22] = 0
FPR[23] = 0
FPR[24] = 0
FPR[25] = 0
FPR[26] = 0
FPR[27] = 0
FPR[28] = 0
FPR[29] = 0
FPR[30] = 0
FPR[31] = 0
VPR[0] = 0x3ab2dabd3ab2dabd3ab2dabd3ab2dabd [x: 0.00136455 y: 0.00136455 z: 0.00136455 w: 0.00136455]
VPR[1] = 0x3ab2da003ab2da003ab2da003ab2da00 [x: 0.00136453 y: 0.00136453 z: 0.00136453 w: 0.00136453]
VPR[2] = 0x00000000000000000000000000000000 [x: 0 y: 0 z: 0 w: 0]
VPR[3] = 0x00000000000000000000000000000000 [x: 0 y: 0 z: 0 w: 0]
VPR[4] = 0x00000000000000080000000000000007 [x: 0 y: 1.12104e-44 z: 0 w: 9.80909e-45]
VPR[5] = 0x00000002013eda280000000000000ac1 [x: 2.8026e-45 y: 3.5054e-38 z: 0 w: 3.85777e-42]
VPR[6] = 0x00000000000000000000000000000000 [x: 0 y: 0 z: 0 w: 0]
VPR[7] = 0x00000000000000000000000000000000 [x: 0 y: 0 z: 0 w: 0]
VPR[8] = 0x3f8000003f8000003f8000003f800000 [x: 1 y: 1 z: 1 w: 1]
VPR[9] = 0x3f0000003f0000003f0000003f000000 [x: 0.5 y: 0.5 z: 0.5 w: 0.5]
VPR[10] = 0x00000000000000000000000000000000 [x: 0 y: 0 z: 0 w: 0]
VPR[11] = 0x00000000000000000000000000000000 [x: 0 y: 0 z: 0 w: 0]
VPR[12] = 0x3a32da003a32da003a32da003a32da00 [x: 0.000682265 y: 0.000682265 z: 0.000682265 w: 0.000682265]
VPR[13] = 0xbf32dabdbe1de51bbf32dabd00000000 [x: -0.69865 y: -0.154194 z: -0.69865 w: 0]
VPR[14] = 0x00000000000000000000000000000000 [x: 0 y: 0 z: 0 w: 0]
VPR[15] = 0x000000000308aa50000000003f800000 [x: 0 y: 4.01623e-37 z: 0 w: 1]
VPR[16] = 0x00000000000000000000000000000000 [x: 0 y: 0 z: 0 w: 0]
VPR[17] = 0x00000000000000000000000000000000 [x: 0 y: 0 z: 0 w: 0]
VPR[18] = 0x00000000000000080000000000000007 [x: 0 y: 1.12104e-44 z: 0 w: 9.80909e-45]
VPR[19] = 0x00000002013eda600000000000000ac3 [x: 2.8026e-45 y: 3.50542e-38 z: 0 w: 3.86058e-42]
VPR[20] = 0x00000000000000000000000000000000 [x: 0 y: 0 z: 0 w: 0]
VPR[21] = 0x00000000000000000000000000000000 [x: 0 y: 0 z: 0 w: 0]
VPR[22] = 0x000000000308a8b0000000003f800000 [x: 0 y: 4.01605e-37 z: 0 w: 1]
VPR[23] = 0x00000000000000000000000000000000 [x: 0 y: 0 z: 0 w: 0]
VPR[24] = 0x00000000000000000000000000000000 [x: 0 y: 0 z: 0 w: 0]
VPR[25] = 0x00000000000000080000000000000007 [x: 0 y: 1.12104e-44 z: 0 w: 9.80909e-45]
VPR[26] = 0x00000002013eda800000000000000ac4 [x: 2.8026e-45 y: 3.50543e-38 z: 0 w: 3.86198e-42]
VPR[27] = 0x00000000000000000000000000000000 [x: 0 y: 0 z: 0 w: 0]
VPR[28] = 0x00000000000000000000000000000000 [x: 0 y: 0 z: 0 w: 0]
VPR[29] = 0x000000000308a430000000003f800000 [x: 0 y: 4.01553e-37 z: 0 w: 1]
VPR[30] = 0x00000000000000000000000000000000 [x: 0 y: 0 z: 0 w: 0]
VPR[31] = 0x00000000000000000000000000000000 [x: 0 y: 0 z: 0 w: 0]
CR = 0x24000084
LR = 0x1a67c
CTR = 0x7fffffff
XER = 0x20000000 [CA=1 | OV=8589934592 | SO=0]
FPSCR = 0x0 [RN=0 | NI=0 | XE=0 | ZE=0 | UE=0 | OE=0 | VE=0 | VXCVI=0 | VXSQRT=0 | VXSOFT=0 | FPRF=0 | FI=0 | FR=0 | VXVC=0 | VXIMZ=0 | VXZDZ=0 | VXIDI=0 | VXISI=0 | VXSNAN=0 | XX=0 | ZX=0 | UX=0 | OX=0 | VX=0 | FEX=0 | FX=0]

G: E {PPU[0x1] Thread (main_thread)[0x0005ee04]} Exception: Access violation reading location 0x2f646576
(in file ..\Utilities\Thread.cpp:1122, in function _se_translator)
G: ! Stopping emulator...
G: ! All threads signaled...
HLE: S {PPU[0x10] Thread (Draw Thread)[0x00021a7c]} Last syscall: 92 (sys_semaphore_wait)
G: ! {PPU[0x2] Thread (Callback Thread)[0x0002190c]} Thread aborted
HLE: S {PPU[0x15] Thread (File Thread)[0x00014d4c]} Last syscall: 92 (sys_semaphore_wait)
G: ! {PPU[0x10] Thread (Draw Thread)[0x00021a7c]} Thread aborted
G: ! {PPU[0x15] Thread (File Thread)[0x00014d4c]} Thread aborted
G: ! {VBlank Thread} Thread aborted
G: ! All threads stopped...
G: ! Objects cleared...
