LDR: E PSFLoader::Load() failed: unknown magic (0x0)
G: ! RPCS3 0.0.0.5 v0.0.0.5-2531-g69bde39
G: ! 
G: ! Stopping emulator...
LDR: ! Decrypting 'D:/Emulateurs/Rpcs3/dev_hdd0/game/BCES00006-[MotorStorm™]/PS3_GAME/USRDIR/EBOOT.BIN'...
LDR: W SELF: No NPDRM control info found!
LDR: ! Loading 'D:/Emulateurs/Rpcs3/dev_hdd0/game/BCES00006-[MotorStorm™]/PS3_GAME/USRDIR/BOOT.BIN'...
G: W fs::file::open('D:/Emulateurs/Rpcs3/dev_hdd0/game/BCES00006-[MotorStorm™]/PS3_GAME/dev_bdvd.path', 0x1) failed: error 0x2
LDR: ! 
LDR: ! Mount info:
LDR: ! /dev_usb000/ -> D:/Emulateurs/Rpcs3/dev_usb000/
LDR: ! /dev_flash/ -> D:/Emulateurs/Rpcs3/dev_flash/
LDR: ! /host_root/ -> 
LDR: ! /dev_hdd0/ -> D:/Emulateurs/Rpcs3/dev_hdd0/
LDR: ! /dev_hdd1/ -> D:/Emulateurs/Rpcs3/dev_hdd1/
LDR: ! /dev_bdvd/ -> D:/Emulateurs/Rpcs3/dev_hdd0/game/BCES00006-[MotorStorm™]/
LDR: ! /dev_usb/ -> D:/Emulateurs/Rpcs3/dev_usb000/
LDR: ! 
LDR: ! Settings:
LDR: ! CPU: PPU Interpreter 2
LDR: ! SPU: SPU Recompiler (ASMJIT)
LDR: ! Renderer: DirectX 12
LDR: ! D3D Adapter: Default
LDR: ! Resolution: 1280x720
LDR: ! Write Depth Buffer: No
LDR: ! Write Color Buffers: No
LDR: ! Read Color Buffer: No
LDR: ! Audio Out: XAudio2
LDR: ! Log Everything: No
LDR: ! RSX Logging: No
LDR: ! 
LDR: ! Title: MotorStorm™
LDR: ! Serial: BCES00006
LDR: ! Elf path: /dev_bdvd/PS3_GAME/USRDIR/BOOT.BIN
LDR: ! 
LDR: ! loader::init() failed: Broken file
LDR: ! *** sdk version: 0x192001
LDR: ! *** primary prio: 1024
LDR: ! *** primary stacksize: 0x40000
LDR: ! *** malloc pagesize: 0x100000
LDR: ! *** ppc seg: 0x0
LDR: ! Imported function 'cellSpursCreateTaskset' in 'cellSpurs' module (0xdc87b4)
LDR: ! Imported function 'cellSpursJoinTaskset' in 'cellSpurs' module (0xdc87d4)
LDR: ! Imported function 'cellSpursShutdownTaskset' in 'cellSpurs' module (0xdc87f4)
LDR: ! Imported function 'cellSpursCreateTask' in 'cellSpurs' module (0xdc8814)
LDR: ! Imported function 'cellSpursFinalize' in 'cellSpurs' module (0xdc8834)
LDR: ! Imported function 'cellSpursRequestIdleSpu' in 'cellSpurs' module (0xdc98b4)
LDR: ! Imported function 'cellSpursGetInfo' in 'cellSpurs' module (0xdc98d4)
LDR: ! Imported function 'cellSpursEventFlagDetachLv2EventQueue' in 'cellSpurs' module (0xdc98f4)
LDR: ! Imported function 'cellSpursEventFlagWait' in 'cellSpurs' module (0xdc9914)
LDR: ! Imported function 'cellSpursWorkloadAttributeSetName' in 'cellSpurs' module (0xdc9934)
LDR: ! Imported function 'cellSpursDetachLv2EventQueue' in 'cellSpurs' module (0xdc9954)
LDR: ! Imported function 'cellSpursRemoveWorkload' in 'cellSpurs' module (0xdc9974)
LDR: ! Imported function '_cellSpursEventFlagInitialize' in 'cellSpurs' module (0xdc9994)
LDR: ! Imported function 'cellSpursWaitForWorkloadShutdown' in 'cellSpurs' module (0xdc99b4)
LDR: ! Imported function 'cellSpursSetPriorities' in 'cellSpurs' module (0xdc99d4)
LDR: ! Imported function 'cellSpursEventFlagAttachLv2EventQueue' in 'cellSpurs' module (0xdc99f4)
LDR: ! Imported function 'cellSpursShutdownWorkload' in 'cellSpurs' module (0xdc9a14)
LDR: ! Imported function 'cellSpursInitialize' in 'cellSpurs' module (0xdc9a34)
LDR: ! Imported function 'cellSpursAttachLv2EventQueue' in 'cellSpurs' module (0xdc9a54)
LDR: ! Imported function 'cellSpursAddWorkloadWithAttribute' in 'cellSpurs' module (0xdc9a74)
LDR: ! Imported function 'cellSpursSetExceptionEventHandler' in 'cellSpurs' module (0xdc9a94)
LDR: ! Imported function '_cellSpursSendSignal' in 'cellSpurs' module (0xdc9ab4)
LDR: ! Imported function '_cellSpursWorkloadAttributeInitialize' in 'cellSpurs' module (0xdc9ad4)
LDR: ! Imported function 'cellSpursReadyCountStore' in 'cellSpurs' module (0xdc9af4)
LDR: ! Imported function 'cellSysutilUnregisterCallback' in 'cellSysutil' module (0xdc8854)
LDR: ! Imported function 'cellOskDialogUnloadAsync' in 'cellSysutil' module (0xdc8874)
LDR: ! Imported function 'cellSysutilGetSystemParamInt' in 'cellSysutil' module (0xdc8894)
LDR: ! Imported function 'cellMsgDialogAbort' in 'cellSysutil' module (0xdc88b4)
LDR: ! Imported function 'cellOskDialogLoadAsync' in 'cellSysutil' module (0xdc88d4)
LDR: ! Imported function 'cellSaveDataAutoSave2' in 'cellSysutil' module (0xdc88f4)
LDR: ! Imported function 'cellSysutilGetSystemParamString' in 'cellSysutil' module (0xdc8914)
LDR: ! Imported function 'cellSysutilRegisterCallback' in 'cellSysutil' module (0xdc8934)
LDR: ! Imported function 'cellSaveDataDelete2' in 'cellSysutil' module (0xdc8954)
LDR: ! Imported function 'cellMsgDialogOpen' in 'cellSysutil' module (0xdc8974)
LDR: ! Imported function 'cellSaveDataAutoLoad2' in 'cellSysutil' module (0xdc8994)
LDR: ! Imported function 'cellVideoOutConfigure' in 'cellSysutil' module (0xdc9b14)
LDR: ! Imported function 'cellSysutilCheckCallback' in 'cellSysutil' module (0xdc9b34)
LDR: ! Imported function 'cellSysCacheMount' in 'cellSysutil' module (0xdc9b54)
LDR: ! Imported function 'cellVideoOutGetDeviceInfo' in 'cellSysutil' module (0xdc9b74)
LDR: ! Imported function 'cellAudioOutConfigure' in 'cellSysutil' module (0xdc9b94)
LDR: ! Imported function 'cellVideoOutGetNumberOfDevice' in 'cellSysutil' module (0xdc9bb4)
LDR: ! Imported function 'cellAudioOutGetDeviceInfo' in 'cellSysutil' module (0xdc9bd4)
LDR: ! Imported function 'cellVideoOutGetState' in 'cellSysutil' module (0xdc9bf4)
LDR: ! Imported function 'cellVideoOutGetResolutionAvailability' in 'cellSysutil' module (0xdc9c14)
LDR: ! Imported function 'cellOskDialogAbort' in 'cellSysutil' module (0xdc9c34)
LDR: ! Imported function 'cellDiscGameGetBootDiscInfo' in 'cellSysutil' module (0xdc9c54)
LDR: ! Imported function 'cellAudioOutGetSoundAvailability' in 'cellSysutil' module (0xdc9c74)
LDR: ! Imported function 'cellGameDataCheckCreate2' in 'cellSysutil' module (0xdc9c94)
LDR: ! Imported function 'cellAudioOutSetCopyControl' in 'cellSysutil' module (0xdc9cb4)
LDR: ! Imported function 'cellVideoOutGetResolution' in 'cellSysutil' module (0xdc9cd4)
LDR: ! Imported function 'cellAudioOutGetNumberOfDevice' in 'cellSysutil' module (0xdc9cf4)
LDR: ! Imported function 'cellAudioOutGetState' in 'cellSysutil' module (0xdc9d14)
LDR: ! Imported function 'sceNpManagerGetTicket' in 'sceNp' module (0xdc89b4)
LDR: ! Imported function 'sceNpBasicAddPlayersHistory' in 'sceNp' module (0xdc89d4)
LDR: ! Imported function 'sceNpScoreWaitAsync' in 'sceNp' module (0xdc89f4)
LDR: ! Imported function 'sceNpScoreGetRankingByRangeAsync' in 'sceNp' module (0xdc8a14)
LDR: ! Imported function 'sceNpScoreDestroyTitleCtx' in 'sceNp' module (0xdc8a34)
LDR: ! Imported function 'sceNpBasicAddFriend' in 'sceNp' module (0xdc8a54)
LDR: ! Imported function 'sceNpScoreInit' in 'sceNp' module (0xdc8a74)
LDR: ! Imported function 'sceNpScoreGetRankingByNpIdAsync' in 'sceNp' module (0xdc8a94)
LDR: ! Imported function 'sceNpBasicSetPresence' in 'sceNp' module (0xdc8ab4)
LDR: ! Imported function 'sceNpBasicSendMessageAttachment' in 'sceNp' module (0xdc8ad4)
LDR: ! Imported function 'sceNpTerm' in 'sceNp' module (0xdc8af4)
LDR: ! Imported function 'sceNpManagerUnregisterCallback' in 'sceNp' module (0xdc8b14)
LDR: ! Imported function 'sceNpManagerGetContentRatingFlag' in 'sceNp' module (0xdc8b34)
LDR: ! Imported function 'sceNpScoreCreateTransactionCtx' in 'sceNp' module (0xdc8b54)
LDR: ! Imported function 'sceNpBasicGetBlockListEntryCount' in 'sceNp' module (0xdc8b74)
LDR: ! Imported function 'sceNpManagerRequestTicket' in 'sceNp' module (0xdc8b94)
LDR: ! Imported function 'sceNpScoreTerm' in 'sceNp' module (0xdc8bb4)
LDR: ! Imported function 'sceNpScorePollAsync' in 'sceNp' module (0xdc8bd4)
LDR: ! Imported function 'sceNpManagerGetStatus' in 'sceNp' module (0xdc8bf4)
LDR: ! Imported function 'sceNpBasicUnregisterHandler' in 'sceNp' module (0xdc8c14)
LDR: ! Imported function 'sceNpDrmIsAvailable' in 'sceNp' module (0xdc8c34)
LDR: ! Imported function 'sceNpBasicRecvMessageAttachment' in 'sceNp' module (0xdc8c54)
LDR: ! Imported function 'sceNpScoreCreateTitleCtx' in 'sceNp' module (0xdc8c74)
LDR: ! Imported function 'sceNpBasicRegisterHandler' in 'sceNp' module (0xdc8c94)
LDR: ! Imported function 'sceNpInit' in 'sceNp' module (0xdc8cb4)
LDR: ! Imported function 'sceNpScoreDestroyTransactionCtx' in 'sceNp' module (0xdc8cd4)
LDR: ! Imported function 'sceNpUtilCmpNpId' in 'sceNp' module (0xdc8cf4)
LDR: ! Imported function 'sceNpScoreGetGameDataAsync' in 'sceNp' module (0xdc8d14)
LDR: ! Imported function 'sceNpBasicGetEvent' in 'sceNp' module (0xdc8d34)
LDR: ! Imported function 'sceNpManagerRegisterCallback' in 'sceNp' module (0xdc8d54)
LDR: ! Imported function 'sceNpManagerGetChatRestrictionFlag' in 'sceNp' module (0xdc8d74)
LDR: ! Imported function 'sceNpBasicSendMessage' in 'sceNp' module (0xdc8d94)
LDR: ! Imported function 'sceNpScoreAbortTransaction' in 'sceNp' module (0xdc8db4)
LDR: ! Imported function 'sceNpScoreRecordScoreAsync' in 'sceNp' module (0xdc8dd4)
LDR: ! Imported function 'sceNpBasicGetBlockListEntry' in 'sceNp' module (0xdc8df4)
LDR: ! Imported function 'sceNpScoreRecordGameDataAsync' in 'sceNp' module (0xdc8e14)
LDR: ! Imported function 'sceNpManagerGetNpId' in 'sceNp' module (0xdc8e34)
LDR: ! Imported function 'cellVdecClose' in 'libvdec' module (0xdc8e54)
LDR: ! Imported function 'cellVdecGetPicItem' in 'libvdec' module (0xdc8e74)
LDR: ! Imported function 'cellVdecDecodeAu' in 'libvdec' module (0xdc8e94)
LDR: ! Imported function 'cellVdecGetPicture' in 'libvdec' module (0xdc8eb4)
LDR: ! Imported function 'cellVdecEndSeq' in 'libvdec' module (0xdc8ed4)
LDR: ! Imported function 'cellVdecOpen' in 'libvdec' module (0xdc8ef4)
LDR: ! Imported function 'cellVdecStartSeq' in 'libvdec' module (0xdc8f14)
LDR: ! Imported function 'cellVdecQueryAttr' in 'libvdec' module (0xdc8f34)
LDR: ! Imported function 'cellNetCtlNetStartDialogLoadAsync' in 'cellNetCtl' module (0xdc8f54)
LDR: ! Imported function 'cellNetCtlNetStartDialogUnloadAsync' in 'cellNetCtl' module (0xdc8f74)
LDR: ! Imported function 'cellNetCtlTerm' in 'cellNetCtl' module (0xdc8f94)
LDR: ! Imported function 'cellNetCtlGetInfo' in 'cellNetCtl' module (0xdc8fb4)
LDR: ! Imported function 'cellNetCtlGetState' in 'cellNetCtl' module (0xdc8fd4)
LDR: ! Imported function 'cellNetCtlInit' in 'cellNetCtl' module (0xdc8ff4)
LDR: ! Imported function 'socketpoll' in 'sys_net' module (0xdc9014)
LDR: ! Imported function 'sys_net_initialize_network_ex' in 'sys_net' module (0xdc9034)
LDR: ! Imported function 'getsockname' in 'sys_net' module (0xdc9054)
LDR: ! Imported function 'recvfrom' in 'sys_net' module (0xdc9074)
LDR: ! Imported function 'listen' in 'sys_net' module (0xdc9094)
LDR: ! Imported function 'socketselect' in 'sys_net' module (0xdc90b4)
LDR: ! Imported function 'getsockopt' in 'sys_net' module (0xdc90d4)
LDR: ! Imported function '_sys_net_errno_loc' in 'sys_net' module (0xdc90f4)
LDR: ! Imported function 'connect' in 'sys_net' module (0xdc9114)
LDR: ! Imported function 'socketclose' in 'sys_net' module (0xdc9134)
LDR: ! Imported function 'gethostbyname' in 'sys_net' module (0xdc9154)
LDR: ! Imported function 'inet_ntoa' in 'sys_net' module (0xdc9174)
LDR: ! Imported function 'setsockopt' in 'sys_net' module (0xdc9194)
LDR: ! Imported function 'sendto' in 'sys_net' module (0xdc91b4)
LDR: ! Imported function 'socket' in 'sys_net' module (0xdc91d4)
LDR: ! Imported function 'shutdown' in 'sys_net' module (0xdc91f4)
LDR: ! Imported function 'inet_aton' in 'sys_net' module (0xdc9214)
LDR: ! Imported function 'bind' in 'sys_net' module (0xdc9234)
LDR: ! Imported function 'sys_net_show_ifconfig' in 'sys_net' module (0xdc9254)
LDR: ! Imported function 'sys_net_finalize_network' in 'sys_net' module (0xdc9274)
LDR: ! Imported function 'accept' in 'sys_net' module (0xdc9294)
LDR: ! Imported function 'inet_addr' in 'sys_net' module (0xdc92b4)
LDR: ! Imported function 'send' in 'sys_net' module (0xdc92d4)
LDR: ! Imported function 'recv' in 'sys_net' module (0xdc92f4)
LDR: ! Imported function 'sys_net_free_thread_context' in 'sys_net' module (0xdc9314)
LDR: ! Imported function 'cellPadClearBuf' in 'sys_io' module (0xdc9334)
LDR: ! Imported function 'cellPadGetInfo' in 'sys_io' module (0xdc9354)
LDR: ! Imported function 'cellPadGetCapabilityInfo' in 'sys_io' module (0xdc9374)
LDR: ! Imported function 'cellPadSetActDirect' in 'sys_io' module (0xdc9394)
LDR: ! Imported function 'cellPadInfoPressMode' in 'sys_io' module (0xdc9db4)
LDR: ! Imported function 'cellPadInit' in 'sys_io' module (0xdc9dd4)
LDR: ! Imported function 'cellKbGetConfiguration' in 'sys_io' module (0xdc9df4)
LDR: ! Imported function 'cellKbClearBuf' in 'sys_io' module (0xdc9e14)
LDR: ! Imported function 'cellKbGetInfo' in 'sys_io' module (0xdc9e34)
LDR: ! Imported function 'cellMouseGetData' in 'sys_io' module (0xdc9e54)
LDR: ! Imported function 'cellMouseClearBuf' in 'sys_io' module (0xdc9e74)
LDR: ! Imported function 'cellKbInit' in 'sys_io' module (0xdc9e94)
LDR: ! Imported function 'cellKbCnvRawCode' in 'sys_io' module (0xdc9eb4)
LDR: ! Imported function 'cellPadEnd' in 'sys_io' module (0xdc9ed4)
LDR: ! Imported function 'cellMouseGetInfo' in 'sys_io' module (0xdc9ef4)
LDR: ! Imported function 'cellPadInfoSensorMode' in 'sys_io' module (0xdc9f14)
LDR: ! Imported function 'cellPadGetData' in 'sys_io' module (0xdc9f34)
LDR: ! Imported function 'cellKbSetCodeType' in 'sys_io' module (0xdc9f54)
LDR: ! Imported function 'cellPadSetSensorMode' in 'sys_io' module (0xdc9f74)
LDR: ! Imported function 'cellKbEnd' in 'sys_io' module (0xdc9f94)
LDR: ! Imported function 'cellMouseInit' in 'sys_io' module (0xdc9fb4)
LDR: ! Imported function 'cellKbSetReadMode' in 'sys_io' module (0xdc9fd4)
LDR: ! Imported function 'cellMouseEnd' in 'sys_io' module (0xdc9ff4)
LDR: ! Imported function 'cellPadSetPressMode' in 'sys_io' module (0xdca014)
LDR: ! Imported function 'cellKbRead' in 'sys_io' module (0xdca034)
LDR: ! Imported function 'cellAudioInit' in 'cellAudio' module (0xdc93b4)
LDR: ! Imported function 'cellAudioSetNotifyEventQueue' in 'cellAudio' module (0xdc93d4)
LDR: ! Imported function 'cellAudioGetPortTimestamp' in 'cellAudio' module (0xdc93f4)
LDR: ! Imported function 'cellAudioPortClose' in 'cellAudio' module (0xdc9414)
LDR: ! Imported function 'cellAudioSetPortLevel' in 'cellAudio' module (0xdc9434)
LDR: ! Imported function 'cellAudioPortStop' in 'cellAudio' module (0xdc9454)
LDR: ! Imported function 'cellAudioGetPortConfig' in 'cellAudio' module (0xdc9474)
LDR: ! Imported function 'cellAudioPortStart' in 'cellAudio' module (0xdc9494)
LDR: ! Imported function 'cellAudioQuit' in 'cellAudio' module (0xdc94b4)
LDR: ! Imported function 'cellAudioPortOpen' in 'cellAudio' module (0xdc94d4)
LDR: ! Imported function 'cellAudioGetPortBlockTag' in 'cellAudio' module (0xdc94f4)
LDR: ! Imported function 'cellAudioRemoveNotifyEventQueue' in 'cellAudio' module (0xdc9514)
LDR: ! Imported function 'cellSyncMutexLock' in 'cellSync' module (0xdc9534)
LDR: ! Imported function 'cellSyncMutexUnlock' in 'cellSync' module (0xdc9554)
LDR: ! Imported function 'cellSyncMutexInitialize' in 'cellSync' module (0xdc9574)
LDR: ! Imported function 'cellGcmGetLabelAddress' in 'cellGcmSys' module (0xdc9594)
LDR: ! Imported function 'cellGcmSetUserHandler' in 'cellGcmSys' module (0xdca054)
LDR: ! Imported function 'cellGcmSetQueueHandler' in 'cellGcmSys' module (0xdca074)
LDR: ! Imported function '_cellGcmInitBody' in 'cellGcmSys' module (0xdca094)
LDR: ! Imported function 'cellGcmAddressToOffset' in 'cellGcmSys' module (0xdca0b4)
LDR: ! Imported function 'cellGcmSortRemapEaIoAddress' in 'cellGcmSys' module (0xdca0d4)
LDR: ! Imported function 'cellGcmGetOffsetTable' in 'cellGcmSys' module (0xdca0f4)
LDR: ! Imported function '_cellGcmFunc15' in 'cellGcmSys' module (0xdca114)
LDR: ! Imported function 'cellGcmSetFlipMode' in 'cellGcmSys' module (0xdca134)
LDR: ! Imported function 'cellGcmSetDebugOutputLevel' in 'cellGcmSys' module (0xdca154)
LDR: ! Imported function 'cellGcmSetWaitFlip' in 'cellGcmSys' module (0xdca174)
LDR: ! Imported function 'cellGcmMapMainMemory' in 'cellGcmSys' module (0xdca194)
LDR: ! Imported function 'cellGcmSetFlipHandler' in 'cellGcmSys' module (0xdca1b4)
LDR: ! Imported function 'cellGcmSetDisplayBuffer' in 'cellGcmSys' module (0xdca1d4)
LDR: ! Imported function 'cellGcmGetControlRegister' in 'cellGcmSys' module (0xdca1f4)
LDR: ! Imported function 'cellGcmSetVBlankHandler' in 'cellGcmSys' module (0xdca214)
LDR: ! Imported function 'cellGcmSetFlipImmediate' in 'cellGcmSys' module (0xdca234)
LDR: ! Imported function 'cellGcmSetInvalidateTile' in 'cellGcmSys' module (0xdca254)
LDR: ! Imported function 'cellGcmSetGraphicsHandler' in 'cellGcmSys' module (0xdca274)
LDR: ! Imported function 'cellGcmSetTile' in 'cellGcmSys' module (0xdca294)
LDR: ! Imported function 'cellGcmSetZcull' in 'cellGcmSys' module (0xdca2b4)
LDR: ! Imported function 'cellGcmUnmapIoAddress' in 'cellGcmSys' module (0xdca2d4)
LDR: ! Imported function 'cellGcmSetFlip' in 'cellGcmSys' module (0xdca2f4)
LDR: ! Imported function 'cellGcmGetConfiguration' in 'cellGcmSys' module (0xdca314)
LDR: ! Imported function 'cellFsClose' in 'sys_fs' module (0xdc95b4)
LDR: ! Imported function 'cellFsRead' in 'sys_fs' module (0xdc95d4)
LDR: ! Imported function 'cellFsOpen' in 'sys_fs' module (0xdc95f4)
LDR: ! Imported function 'cellFsStat' in 'sys_fs' module (0xdc9614)
LDR: ! Imported function 'cellFsUnlink' in 'sys_fs' module (0xdc9634)
LDR: ! Imported function 'cellFsLseek' in 'sys_fs' module (0xdc9654)
LDR: ! Imported function 'cellFsMkdir' in 'sys_fs' module (0xdc9674)
LDR: ! Imported function 'cellFsFGetBlockSize' in 'sys_fs' module (0xdc9694)
LDR: ! Imported function 'cellFsWrite' in 'sys_fs' module (0xdc96b4)
LDR: ! Imported function 'cellFsFstat' in 'sys_fs' module (0xdc96d4)
LDR: ! Imported function 'UCS2stoUTF8s' in 'cellL10n' module (0xdc96f4)
LDR: ! Imported function 'UCS2toUTF8' in 'cellL10n' module (0xdc9714)
LDR: ! Imported function 'UTF8stoUCS2s' in 'cellL10n' module (0xdc9734)
LDR: ! Imported function 'cellSysmoduleUnloadModule' in 'cellSysmodule' module (0xdc9754)
LDR: ! Imported function 'cellSysmoduleLoadModule' in 'cellSysmodule' module (0xdc9774)
LDR: ! Imported function 'cellSysmoduleIsLoaded' in 'cellSysmodule' module (0xdc9794)
LDR: ! Imported function 'cellMicRead' in 'cellMic' module (0xdc97b4)
LDR: ! Imported function 'cellMicSetSignalAttr' in 'cellMic' module (0xdc97d4)
LDR: ! Imported function 'cellMicSetNotifyEventQueue' in 'cellMic' module (0xdc97f4)
LDR: ! Imported function 'cellMicInit' in 'cellMic' module (0xdc9814)
LDR: ! Imported function 'cellMicClose' in 'cellMic' module (0xdc9834)
LDR: ! Imported function 'cellMicEnd' in 'cellMic' module (0xdc9854)
LDR: ! Imported function 'cellMicOpen' in 'cellMic' module (0xdc9874)
LDR: ! Imported function 'cellMicStart' in 'cellMic' module (0xdc9894)
LDR: ! Imported function 'cellKey2CharClose' in 'cellKey2char' module (0xdc9d34)
LDR: ! Imported function 'cellKey2CharGetChar' in 'cellKey2char' module (0xdc9d54)
LDR: ! Imported function 'cellKey2CharOpen' in 'cellKey2char' module (0xdc9d74)
LDR: ! Imported function 'cellKey2CharSetMode' in 'cellKey2char' module (0xdc9d94)
LDR: ! Imported function 'sys_lwmutex_lock' in 'sysPrxForUser' module (0xdca334)
LDR: ! Imported function 'sys_lwmutex_unlock' in 'sysPrxForUser' module (0xdca354)
LDR: ! Imported function 'sys_ppu_thread_create' in 'sysPrxForUser' module (0xdca374)
LDR: ! Imported function '_sys_process_atexitspawn' in 'sysPrxForUser' module (0xdca394)
LDR: ! Imported function 'sys_lwmutex_create' in 'sysPrxForUser' module (0xdca3b4)
LDR: ! Imported function 'sys_ppu_thread_get_id' in 'sysPrxForUser' module (0xdca3d4)
LDR: ! Imported function '_sys_heap_malloc' in 'sysPrxForUser' module (0xdca3f4)
LDR: ! Imported function '_sys_heap_memalign' in 'sysPrxForUser' module (0xdca414)
LDR: ! Imported function 'sys_process_is_stack' in 'sysPrxForUser' module (0xdca434)
LDR: ! Imported function 'sys_initialize_tls' in 'sysPrxForUser' module (0xdca454)
LDR: ! Imported function 'sys_time_get_system_time' in 'sysPrxForUser' module (0xdca474)
LDR: ! Imported function '_sys_heap_free' in 'sysPrxForUser' module (0xdca494)
LDR: ! Imported function 'sys_prx_exitspawn_with_level' in 'sysPrxForUser' module (0xdca4b4)
LDR: ! Imported function 'sys_lwmutex_trylock' in 'sysPrxForUser' module (0xdca4d4)
LDR: ! Imported function '_sys_heap_delete_heap' in 'sysPrxForUser' module (0xdca4f4)
LDR: ! Imported function 'sys_ppu_thread_exit' in 'sysPrxForUser' module (0xdca514)
LDR: ! Imported function '_sys_heap_create_heap' in 'sysPrxForUser' module (0xdca534)
LDR: ! Imported function 'sys_lwmutex_destroy' in 'sysPrxForUser' module (0xdca554)
LDR: ! Imported function 'sys_spu_image_close' in 'sysPrxForUser' module (0xdca574)
LDR: ! Imported function 'sys_process_exit' in 'sysPrxForUser' module (0xdca594)
MEM: ! Thread Local Storage initialized (g_tls_start=0xf41000, user_size=0x1f8)
*** TLS segment addr: 0x00f3c010
*** TLS segment size: 0x00000008
HLE: W {PPU[0x1] Thread (main_thread)[0x00dca3b4]} sysPrxForUser: sys_lwmutex_create(lwmutex=*0x1026ed90, attr=*0x1004458c)
HLE: W {PPU[0x1] Thread (main_thread)[0x00dca3b4]} sysPrxForUser: sys_lwmutex_create(lwmutex=*0x1026ed68, attr=*0x1004458c)
HLE: W {PPU[0x1] Thread (main_thread)[0x00dca3b4]} sysPrxForUser: sys_lwmutex_create(lwmutex=*0x1026e4f8, attr=*0x1004458c)
HLE: W {PPU[0x1] Thread (main_thread)[0x00dca3b4]} sysPrxForUser: sys_lwmutex_create(lwmutex=*0x1026e520, attr=*0x1004458c)
HLE: W {PPU[0x1] Thread (main_thread)[0x00dca3b4]} sysPrxForUser: sys_lwmutex_create(lwmutex=*0x1026e548, attr=*0x1004458c)
HLE: W {PPU[0x1] Thread (main_thread)[0x00dca3b4]} sysPrxForUser: sys_lwmutex_create(lwmutex=*0x1026e428, attr=*0x1004458c)
HLE: W {PPU[0x1] Thread (main_thread)[0x00dca3b4]} sysPrxForUser: sys_lwmutex_create(lwmutex=*0x1026e478, attr=*0x1004458c)
HLE: W {PPU[0x1] Thread (main_thread)[0x00dca3b4]} sysPrxForUser: sys_lwmutex_create(lwmutex=*0x1026e4a0, attr=*0x1004458c)
HLE: W {PPU[0x1] Thread (main_thread)[0x00dca3b4]} sysPrxForUser: sys_lwmutex_create(lwmutex=*0x1026e4c8, attr=*0x1004458c)
HLE: W {PPU[0x1] Thread (main_thread)[0x00dc9794]} cellSysmodule: cellSysmoduleIsLoaded(id=0x0017: CELL_SYSMODULE_IO)
HLE: E {PPU[0x1] Thread (main_thread)[0x00dc9794]} cellSysmodule: cellSysmoduleIsLoaded() failed: module not loaded (id=0x0017)
HLE: W {PPU[0x1] Thread (main_thread)[0x00dc9774]} cellSysmodule: cellSysmoduleLoadModule(id=0x0017: CELL_SYSMODULE_IO)
HLE: W {PPU[0x1] Thread (main_thread)[0x00dc9794]} cellSysmodule: cellSysmoduleIsLoaded(id=0x0010: CELL_SYSMODULE_GCM_SYS)
HLE: E {PPU[0x1] Thread (main_thread)[0x00dc9794]} cellSysmodule: cellSysmoduleIsLoaded() failed: module not loaded (id=0x0010)
HLE: W {PPU[0x1] Thread (main_thread)[0x00dc9774]} cellSysmodule: cellSysmoduleLoadModule(id=0x0010: CELL_SYSMODULE_GCM_SYS)
HLE: W {PPU[0x1] Thread (main_thread)[0x00dc9794]} cellSysmodule: cellSysmoduleIsLoaded(id=0x000e: CELL_SYSMODULE_FS)
HLE: E {PPU[0x1] Thread (main_thread)[0x00dc9794]} cellSysmodule: cellSysmoduleIsLoaded() failed: module not loaded (id=0x000e)
HLE: W {PPU[0x1] Thread (main_thread)[0x00dc9774]} cellSysmodule: cellSysmoduleLoadModule(id=0x000e: CELL_SYSMODULE_FS)
HLE: W {PPU[0x1] Thread (main_thread)[0x00dc9794]} cellSysmodule: cellSysmoduleIsLoaded(id=0x0009: CELL_SYSMODULE_RTC)
HLE: E {PPU[0x1] Thread (main_thread)[0x00dc9794]} cellSysmodule: cellSysmoduleIsLoaded() failed: module not loaded (id=0x0009)
HLE: W {PPU[0x1] Thread (main_thread)[0x00dc9774]} cellSysmodule: cellSysmoduleLoadModule(id=0x0009: CELL_SYSMODULE_RTC)
HLE: W {PPU[0x1] Thread (main_thread)[0x00dc9794]} cellSysmodule: cellSysmoduleIsLoaded(id=0x0016: CELL_SYSMODULE_SYSUTIL_NP)
HLE: E {PPU[0x1] Thread (main_thread)[0x00dc9794]} cellSysmodule: cellSysmoduleIsLoaded() failed: module not loaded (id=0x0016)
HLE: W {PPU[0x1] Thread (main_thread)[0x00dc9774]} cellSysmodule: cellSysmoduleLoadModule(id=0x0016: CELL_SYSMODULE_SYSUTIL_NP)
HLE: W {PPU[0x1] Thread (main_thread)[0x00dc9794]} cellSysmodule: cellSysmoduleIsLoaded(id=0x0005: CELL_SYSMODULE_VDEC)
HLE: E {PPU[0x1] Thread (main_thread)[0x00dc9794]} cellSysmodule: cellSysmoduleIsLoaded() failed: module not loaded (id=0x0005)
HLE: W {PPU[0x1] Thread (main_thread)[0x00dc9774]} cellSysmodule: cellSysmoduleLoadModule(id=0x0005: CELL_SYSMODULE_VDEC)
HLE: W {PPU[0x1] Thread (main_thread)[0x00dc9794]} cellSysmodule: cellSysmoduleIsLoaded(id=0x0014: CELL_SYSMODULE_NETCTL)
HLE: E {PPU[0x1] Thread (main_thread)[0x00dc9794]} cellSysmodule: cellSysmoduleIsLoaded() failed: module not loaded (id=0x0014)
HLE: W {PPU[0x1] Thread (main_thread)[0x00dc9774]} cellSysmodule: cellSysmoduleLoadModule(id=0x0014: CELL_SYSMODULE_NETCTL)
HLE: W {PPU[0x1] Thread (main_thread)[0x00dc9794]} cellSysmodule: cellSysmoduleIsLoaded(id=0x0000: CELL_SYSMODULE_NET)
HLE: E {PPU[0x1] Thread (main_thread)[0x00dc9794]} cellSysmodule: cellSysmoduleIsLoaded() failed: module not loaded (id=0x0000)
HLE: W {PPU[0x1] Thread (main_thread)[0x00dc9774]} cellSysmodule: cellSysmoduleLoadModule(id=0x0000: CELL_SYSMODULE_NET)
HLE: W {PPU[0x1] Thread (main_thread)[0x00dc9794]} cellSysmodule: cellSysmoduleIsLoaded(id=0x0001: CELL_SYSMODULE_HTTP)
HLE: E {PPU[0x1] Thread (main_thread)[0x00dc9794]} cellSysmodule: cellSysmoduleIsLoaded() failed: module not loaded (id=0x0001)
HLE: W {PPU[0x1] Thread (main_thread)[0x00dc9774]} cellSysmodule: cellSysmoduleLoadModule(id=0x0001: CELL_SYSMODULE_HTTP)
HLE: W {PPU[0x1] Thread (main_thread)[0x00dc9794]} cellSysmodule: cellSysmoduleIsLoaded(id=0x001c: CELL_SYSMODULE_USBD)
HLE: E {PPU[0x1] Thread (main_thread)[0x00dc9794]} cellSysmodule: cellSysmoduleIsLoaded() failed: module not loaded (id=0x001c)
HLE: W {PPU[0x1] Thread (main_thread)[0x00dc9774]} cellSysmodule: cellSysmoduleLoadModule(id=0x001c: CELL_SYSMODULE_USBD)
HLE: W {PPU[0x1] Thread (main_thread)[0x00dc9794]} cellSysmodule: cellSysmoduleIsLoaded(id=0x0006: CELL_SYSMODULE_ADEC)
HLE: E {PPU[0x1] Thread (main_thread)[0x00dc9794]} cellSysmodule: cellSysmoduleIsLoaded() failed: module not loaded (id=0x0006)
HLE: W {PPU[0x1] Thread (main_thread)[0x00dc9774]} cellSysmodule: cellSysmoduleLoadModule(id=0x0006: CELL_SYSMODULE_ADEC)
HLE: W {PPU[0x1] Thread (main_thread)[0x00dc9794]} cellSysmodule: cellSysmoduleIsLoaded(id=0x001e: CELL_SYSMODULE_L10N)
HLE: E {PPU[0x1] Thread (main_thread)[0x00dc9794]} cellSysmodule: cellSysmoduleIsLoaded() failed: module not loaded (id=0x001e)
HLE: W {PPU[0x1] Thread (main_thread)[0x00dc9774]} cellSysmodule: cellSysmoduleLoadModule(id=0x001e: CELL_SYSMODULE_L10N)
HLE: W {PPU[0x1] Thread (main_thread)[0x00dc9794]} cellSysmodule: cellSysmoduleIsLoaded(id=0x0011: CELL_SYSMODULE_AUDIO)
HLE: E {PPU[0x1] Thread (main_thread)[0x00dc9794]} cellSysmodule: cellSysmoduleIsLoaded() failed: module not loaded (id=0x0011)
HLE: W {PPU[0x1] Thread (main_thread)[0x00dc9774]} cellSysmodule: cellSysmoduleLoadModule(id=0x0011: CELL_SYSMODULE_AUDIO)
HLE: W {PPU[0x1] Thread (main_thread)[0x00dc9794]} cellSysmodule: cellSysmoduleIsLoaded(id=0x0022: CELL_SYSMODULE_MIC)
HLE: E {PPU[0x1] Thread (main_thread)[0x00dc9794]} cellSysmodule: cellSysmoduleIsLoaded() failed: module not loaded (id=0x0022)
HLE: W {PPU[0x1] Thread (main_thread)[0x00dc9774]} cellSysmodule: cellSysmoduleLoadModule(id=0x0022: CELL_SYSMODULE_MIC)
HLE: W {PPU[0x1] Thread (main_thread)[0x006f61f8]} sys_memory: sys_memory_allocate(size=0x200000, flags=0x400, alloc_addr=*0x101ded4c)
HLE: W {PPU[0x1] Thread (main_thread)[0x006f6218]} sys_spu: sys_spu_initialize(max_usable_spu=6, max_raw_spu=0)
HLE: W {PPU[0x1] Thread (main_thread)[0x00d188d8]} sys_mutex: sys_mutex_create(mutex_id=*0x102c6a10, attr=*0xd003f900)
HLE: W {PPU[0x1] Thread (main_thread)[0x00ca8958]} sys_memory: sys_memory_allocate(size=0x100000, flags=0x400, alloc_addr=*0xd003f7c0)
HLE: W {PPU[0x1] Thread (main_thread)[0x00dc9774]} cellSysmodule: cellSysmoduleLoadModule(id=0x000e: CELL_SYSMODULE_FS)
HLE: W {PPU[0x1] Thread (main_thread)[0x00dc9a34]} cellSpurs: cellSpursInitialize(spurs=*0x2023f280, nSpus=5, spuPriority=100, ppuPriority=1000, exitIfNoWork=0)
HLE: W {PPU[0x1] Thread (main_thread)[0x00dc9a34]} sys_process: sys_process_is_spu_lock_line_reservation_address(addr=0x2023f280, flags=0x2)
HLE: W {PPU[0x1] Thread (main_thread)[0x00dc9a34]} sys_semaphore: sys_semaphore_create(sem_id=*0xd003f948, attr=*0xd003f928, initial_val=0, max_val=1)
HLE: W {PPU[0x1] Thread (main_thread)[0x00dc9a34]} sys_semaphore: sys_semaphore_create(sem_id=*0xd003f948, attr=*0xd003f928, initial_val=0, max_val=1)
HLE: W {PPU[0x1] Thread (main_thread)[0x00dc9a34]} sys_semaphore: sys_semaphore_create(sem_id=*0xd003f948, attr=*0xd003f928, initial_val=0, max_val=1)
HLE: W {PPU[0x1] Thread (main_thread)[0x00dc9a34]} sys_semaphore: sys_semaphore_create(sem_id=*0xd003f948, attr=*0xd003f928, initial_val=0, max_val=1)
HLE: W {PPU[0x1] Thread (main_thread)[0x00dc9a34]} sys_semaphore: sys_semaphore_create(sem_id=*0xd003f948, attr=*0xd003f928, initial_val=0, max_val=1)
HLE: W {PPU[0x1] Thread (main_thread)[0x00dc9a34]} sys_semaphore: sys_semaphore_create(sem_id=*0xd003f948, attr=*0xd003f928, initial_val=0, max_val=1)
HLE: W {PPU[0x1] Thread (main_thread)[0x00dc9a34]} sys_semaphore: sys_semaphore_create(sem_id=*0xd003f948, attr=*0xd003f928, initial_val=0, max_val=1)
HLE: W {PPU[0x1] Thread (main_thread)[0x00dc9a34]} sys_semaphore: sys_semaphore_create(sem_id=*0xd003f948, attr=*0xd003f928, initial_val=0, max_val=1)
HLE: W {PPU[0x1] Thread (main_thread)[0x00dc9a34]} sys_semaphore: sys_semaphore_create(sem_id=*0xd003f948, attr=*0xd003f928, initial_val=0, max_val=1)
HLE: W {PPU[0x1] Thread (main_thread)[0x00dc9a34]} sys_semaphore: sys_semaphore_create(sem_id=*0xd003f948, attr=*0xd003f928, initial_val=0, max_val=1)
HLE: W {PPU[0x1] Thread (main_thread)[0x00dc9a34]} sys_semaphore: sys_semaphore_create(sem_id=*0xd003f948, attr=*0xd003f928, initial_val=0, max_val=1)
HLE: W {PPU[0x1] Thread (main_thread)[0x00dc9a34]} sys_semaphore: sys_semaphore_create(sem_id=*0xd003f948, attr=*0xd003f928, initial_val=0, max_val=1)
HLE: W {PPU[0x1] Thread (main_thread)[0x00dc9a34]} sys_semaphore: sys_semaphore_create(sem_id=*0xd003f948, attr=*0xd003f928, initial_val=0, max_val=1)
HLE: W {PPU[0x1] Thread (main_thread)[0x00dc9a34]} sys_semaphore: sys_semaphore_create(sem_id=*0xd003f948, attr=*0xd003f928, initial_val=0, max_val=1)
HLE: W {PPU[0x1] Thread (main_thread)[0x00dc9a34]} sys_semaphore: sys_semaphore_create(sem_id=*0xd003f948, attr=*0xd003f928, initial_val=0, max_val=1)
HLE: W {PPU[0x1] Thread (main_thread)[0x00dc9a34]} sys_semaphore: sys_semaphore_create(sem_id=*0xd003f948, attr=*0xd003f928, initial_val=0, max_val=1)
HLE: W {PPU[0x1] Thread (main_thread)[0x00dc9a34]} sys_semaphore: sys_semaphore_create(sem_id=*0xd003f948, attr=*0xd003f928, initial_val=0, max_val=1)
HLE: W {PPU[0x1] Thread (main_thread)[0x00dc9a34]} sys_spu: sys_spu_thread_group_create(id=*0xd003f908, num=5, prio=100, attr=*0xd003f878)
HLE: W {PPU[0x1] Thread (main_thread)[0x00dc9a34]} sys_spu: sys_spu_thread_initialize(thread=*0xd003f850, group=0x1e, spu_num=0, img=*0x2023fff0, attr=*0xd003f840, arg=*0xd003f858)
HLE: E {PPU[0x1] Thread (main_thread)[0x00dc9a34]} sys_spu: Unsupported SPU Thread options (0x2)
HLE: W {PPU[0x1] Thread (main_thread)[0x00dc9a34]} sys_spu: sys_spu_thread_initialize(thread=*0xd003f850, group=0x1e, spu_num=1, img=*0x2023fff0, attr=*0xd003f840, arg=*0xd003f858)
HLE: E {PPU[0x1] Thread (main_thread)[0x00dc9a34]} sys_spu: Unsupported SPU Thread options (0x2)
HLE: W {PPU[0x1] Thread (main_thread)[0x00dc9a34]} sys_spu: sys_spu_thread_initialize(thread=*0xd003f850, group=0x1e, spu_num=2, img=*0x2023fff0, attr=*0xd003f840, arg=*0xd003f858)
HLE: E {PPU[0x1] Thread (main_thread)[0x00dc9a34]} sys_spu: Unsupported SPU Thread options (0x2)
HLE: W {PPU[0x1] Thread (main_thread)[0x00dc9a34]} sys_spu: sys_spu_thread_initialize(thread=*0xd003f850, group=0x1e, spu_num=3, img=*0x2023fff0, attr=*0xd003f840, arg=*0xd003f858)
HLE: E {PPU[0x1] Thread (main_thread)[0x00dc9a34]} sys_spu: Unsupported SPU Thread options (0x2)
HLE: W {PPU[0x1] Thread (main_thread)[0x00dc9a34]} sys_spu: sys_spu_thread_initialize(thread=*0xd003f850, group=0x1e, spu_num=4, img=*0x2023fff0, attr=*0xd003f840, arg=*0xd003f858)
HLE: E {PPU[0x1] Thread (main_thread)[0x00dc9a34]} sys_spu: Unsupported SPU Thread options (0x2)
HLE: W {PPU[0x1] Thread (main_thread)[0x00dc9a34]} sysPrxForUser: sys_lwmutex_create(lwmutex=*0x20240030, attr=*0xd003f910)
HLE: W {PPU[0x1] Thread (main_thread)[0x00dc9a34]} sysPrxForUser: sys_lwcond_create(lwcond=*0x20240048, lwmutex=*0x20240030, attr=*0xd003f920)
HLE: W {PPU[0x1] Thread (main_thread)[0x00dc9a34]} sys_event: sys_event_queue_create(equeue_id=*0x2023ffdc, attr=*0xd003f7a8, event_queue_key=0x0, size=42)
HLE: W {PPU[0x1] Thread (main_thread)[0x00dc9a34]} sys_spu: sys_spu_thread_group_connect_event_all_threads(id=0x1e, eq=0x26, req=0xffffffffffff0000, spup=*0x2023f349)
HLE: W {PPU[0x1] Thread (main_thread)[0x00dc9a34]} sys_event: sys_event_port_create(eport_id=*0x2023ffe0, port_type=1, name=0x0)
HLE: W {PPU[0x1] Thread (main_thread)[0x00dc9a34]} sys_event: sys_event_port_connect_local(eport_id=0x27, equeue_id=0x26)
HLE: W {PPU[0x29] Thread (SpursHdlr0)[0x00000000]} sys_spu: sys_spu_thread_group_start(id=0x1e)
HLE: W {PPU[0x1] Thread (main_thread)[0x00dc9a34]} cellSpurs: cellSpursEnableExceptionEventHandler(spurs=*0x2023f280, flag=1)
HLE: W {PPU[0x1] Thread (main_thread)[0x00dc9a34]} sys_spu: sys_spu_thread_group_connect_event(id=0x1e, eq=0x26, et=2)
SPU: S {PPU[0x29] Thread (SpursHdlr0)[0x00000000]} SPU Database initialized...
SPU: S {PPU[0x29] Thread (SpursHdlr0)[0x00000000]} SPU Recompiler (ASMJIT) created...
HLE: W {PPU[0x29] Thread (SpursHdlr0)[0x00000000]} sys_spu: sys_spu_thread_group_join(id=0x1e, cause=*0x0, status=*0x0)
HLE: E {PPU[0x1] Thread (main_thread)[0x00dc98d4]} cellSpurs: cellSpursGetInfo
HLE: W {PPU[0x1] Thread (main_thread)[0x00dc9ad4]} cellSpurs: _cellSpursWorkloadAttributeInitialize(attr=*0xd003f708, revision=1, sdkVersion=0x192001, pm=*0x100dd080, size=0x2b80, data=0x20240300, priority=*0xd003f9c0, minCnt=0x1, maxCnt=0x5)
HLE: W {PPU[0x1] Thread (main_thread)[0x00dc9934]} cellSpurs: cellSpursWorkloadAttributeSetName(attr=*0xd003f708, nameClass=*0x100468e0, nameInstance=*0x2023f234)
HLE: W {PPU[0x1] Thread (main_thread)[0x00dc9a74]} cellSpurs: cellSpursAddWorkloadWithAttribute(spurs=*0x2023f280, wid=*0x2023f230, attr=*0xd003f708)
HLE: E {PPU[0x1] Thread (main_thread)[0x00dc98b4]} cellSpurs: cellSpursRequestIdleSpu
HLE: E {PPU[0x1] Thread (main_thread)[0x00dc9a94]} cellSpurs: cellSpursSetExceptionEventHandler
SPU: S {SPU[0x1f] Thread (CellSpursKernel0)[0x00818]} Function detected [0x00818-0x00820] (size=0x8)
HLE: E {PPU[0x1] Thread (main_thread)[0x00dc98d4]} cellSpurs: cellSpursGetInfo
HLE: W {PPU[0x1] Thread (main_thread)[0x00dc9ad4]} cellSpurs: _cellSpursWorkloadAttributeInitialize(attr=*0xd003f708, revision=1, sdkVersion=0x192001, pm=*0x100dd080, size=0x2b80, data=0x20244380, priority=*0xd003f9c0, minCnt=0x1, maxCnt=0x5)
HLE: W {PPU[0x1] Thread (main_thread)[0x00dc9934]} cellSpurs: cellSpursWorkloadAttributeSetName(attr=*0xd003f708, nameClass=*0x100468e0, nameInstance=*0x2023f264)
HLE: W {PPU[0x1] Thread (main_thread)[0x00dc9a74]} cellSpurs: cellSpursAddWorkloadWithAttribute(spurs=*0x2023f280, wid=*0x2023f260, attr=*0xd003f708)
HLE: E {PPU[0x1] Thread (main_thread)[0x00dc98b4]} cellSpurs: cellSpursRequestIdleSpu
HLE: E {PPU[0x1] Thread (main_thread)[0x00dc9a94]} cellSpurs: cellSpursSetExceptionEventHandler
HLE: E {PPU[0x1] Thread (main_thread)[0x00dc98d4]} cellSpurs: cellSpursGetInfo
HLE: W {PPU[0x1] Thread (main_thread)[0x00dc9ad4]} cellSpurs: _cellSpursWorkloadAttributeInitialize(attr=*0xd003f708, revision=1, sdkVersion=0x192001, pm=*0x100dd080, size=0x2b80, data=0x20248400, priority=*0xd003f9c0, minCnt=0x1, maxCnt=0x5)
HLE: W {PPU[0x1] Thread (main_thread)[0x00dc9934]} cellSpurs: cellSpursWorkloadAttributeSetName(attr=*0xd003f708, nameClass=*0x100468e0, nameInstance=*0x202483a4)
HLE: W {PPU[0x1] Thread (main_thread)[0x00dc9a74]} cellSpurs: cellSpursAddWorkloadWithAttribute(spurs=*0x2023f280, wid=*0x202483a0, attr=*0xd003f708)
HLE: E {PPU[0x1] Thread (main_thread)[0x00dc98b4]} cellSpurs: cellSpursRequestIdleSpu
HLE: E {PPU[0x1] Thread (main_thread)[0x00dc9a94]} cellSpurs: cellSpursSetExceptionEventHandler
HLE: E {PPU[0x1] Thread (main_thread)[0x00dc98d4]} cellSpurs: cellSpursGetInfo
HLE: W {PPU[0x1] Thread (main_thread)[0x00dc9ad4]} cellSpurs: _cellSpursWorkloadAttributeInitialize(attr=*0xd003f708, revision=1, sdkVersion=0x192001, pm=*0x100dd080, size=0x2b80, data=0x2024c480, priority=*0xd003f9c0, minCnt=0x1, maxCnt=0x5)
HLE: W {PPU[0x1] Thread (main_thread)[0x00dc9934]} cellSpurs: cellSpursWorkloadAttributeSetName(attr=*0xd003f708, nameClass=*0x100468e0, nameInstance=*0x202483d4)
HLE: W {PPU[0x1] Thread (main_thread)[0x00dc9a74]} cellSpurs: cellSpursAddWorkloadWithAttribute(spurs=*0x2023f280, wid=*0x202483d0, attr=*0xd003f708)
HLE: E {PPU[0x1] Thread (main_thread)[0x00dc98b4]} cellSpurs: cellSpursRequestIdleSpu
HLE: E {PPU[0x1] Thread (main_thread)[0x00dc9a94]} cellSpurs: cellSpursSetExceptionEventHandler
HLE: W {PPU[0x1] Thread (main_thread)[0x00dc9bb4]} cellSysutil: cellVideoOutGetNumberOfDevice(videoOut=0)
HLE: W {PPU[0x1] Thread (main_thread)[0x00dc9b74]} cellSysutil: cellVideoOutGetDeviceInfo(videoOut=0, deviceIndex=0, info=*0x101dee28)
HLE: W {PPU[0x1] Thread (main_thread)[0x00dc9c14]} cellSysutil: cellVideoOutGetResolutionAvailability(videoOut=0, resolutionId=0x2, aspect=2, option=0)
TTY: \n
\n
\n
TTY: \n
HLE: W {PPU[0x1] Thread (main_thread)[0x00dc9cf4]} cellSysutil: cellAudioOutGetNumberOfDevice(audioOut=0)
TTY: SYSINFO:\tAudio has 1 primary output devices\n
TTY: SYSINFO:\tAudioDevice 0\n
HLE: W {PPU[0x1] Thread (main_thread)[0x00dc9d14]} cellSysutil: cellAudioOutGetState(audioOut=0x0, deviceIndex=0x0, state=*0xd003f7a0)
TTY: SYSINFO:\tAudio: Current no downmix\n
TTY: SYSINFO:\tAudio: Current Encoder Lin. PCM\n
TTY: SYSINFO:\tAudio: Current Frequency 48.000000Khz\n
TTY: SYSINFO:\tAudio: Current Speaker Layout 7.1 LREClrxy\n
TTY: SYSINFO:\tAudio: Current Channels 8\n
HLE: E {PPU[0x1] Thread (main_thread)[0x00dc9bd4]} cellSysutil TODO: cellAudioOutGetDeviceInfo(audioOut=0, deviceIndex=0, info=*0xd003f7b4)
TTY: SYSINFO:\tAudio: Port Type HDMI(0)\n
TTY: SYSINFO:\tAudio: Device state ENABLED\n
TTY: SYSINFO:\tAudio: Primary output device has 1 modes\n
TTY: SYSINFO:\t\tMode: 0\n
TTY: SYSINFO:\t\taudio coding type:Linear PCM\n
TTY: SYSINFO:\t\tfrequencies:  48.00Khz \n
TTY: SYSINFO:\t\tspeaker layout : 7.1 LREClrxy\n
TTY: \n
\n
\n
TTY: \n
TTY: \n
TTY: \n
TTY: SYSINFO:\t***************************************************\n
TTY: SYSINFO:\t****                                           ****\n
TTY: SYSINFO:\t****     Checking Audio Settings               ****\n
HLE: W {PPU[0x1] Thread (main_thread)[0x00dc9c74]} cellSysutil: cellAudioOutGetSoundAvailability(audioOut=0, type=0, fs=0x4, option=0)
TTY: SYSINFO:\t****    best number of LPCM 48khz channels 8  ****\n
HLE: W {PPU[0x1] Thread (main_thread)[0x00dc9c74]} cellSysutil: cellAudioOutGetSoundAvailability(audioOut=0, type=1, fs=0x4, option=0)
TTY: SYSINFO:\t****    best number of AC3 48khz channels 0   ****\n
TTY: SYSINFO:\t****                                           ****\n
TTY: SYSINFO:\t***************************************************\n
TTY: \n
TTY: \n
HLE: W {PPU[0x1] Thread (main_thread)[0x00dc9cf4]} cellSysutil: cellAudioOutGetNumberOfDevice(audioOut=0)
HLE: W {PPU[0x1] Thread (main_thread)[0x00dc9d14]} cellSysutil: cellAudioOutGetState(audioOut=0x0, deviceIndex=0x0, state=*0xd003f870)
HLE: E {PPU[0x1] Thread (main_thread)[0x00dc9bd4]} cellSysutil TODO: cellAudioOutGetDeviceInfo(audioOut=0, deviceIndex=0, info=*0xd003f884)
TTY: SYSINFO:cellAudioOutConfigure() with channels 8 encoder 0 downmixer 0\n
HLE: W {PPU[0x1] Thread (main_thread)[0x00dc9b94]} cellSysutil: cellAudioOutConfigure(audioOut=0, config=*0xd003f860, option=*0xd003f850, waitForEvent=0)
HLE: W {PPU[0x1] Thread (main_thread)[0x00dc9d14]} cellSysutil: cellAudioOutGetState(audioOut=0x0, deviceIndex=0x0, state=*0x101deffc)
HLE: W {PPU[0x1] Thread (main_thread)[0x00dc9bb4]} cellSysutil: cellVideoOutGetNumberOfDevice(videoOut=0)
HLE: W {PPU[0x1] Thread (main_thread)[0x00dc9b74]} cellSysutil: cellVideoOutGetDeviceInfo(videoOut=0, deviceIndex=0, info=*0x101dee28)
HLE: W {PPU[0x1] Thread (main_thread)[0x00dc9c14]} cellSysutil: cellVideoOutGetResolutionAvailability(videoOut=0, resolutionId=0x2, aspect=2, option=0)
TTY: \n
\n
\n
TTY: \n
HLE: W {PPU[0x1] Thread (main_thread)[0x00dc9cf4]} cellSysutil: cellAudioOutGetNumberOfDevice(audioOut=0)
TTY: SYSINFO:\tAudio has 1 primary output devices\n
TTY: SYSINFO:\tAudioDevice 0\n
HLE: W {PPU[0x1] Thread (main_thread)[0x00dc9d14]} cellSysutil: cellAudioOutGetState(audioOut=0x0, deviceIndex=0x0, state=*0xd003f7a0)
TTY: SYSINFO:\tAudio: Current no downmix\n
TTY: SYSINFO:\tAudio: Current Encoder Lin. PCM\n
TTY: SYSINFO:\tAudio: Current Frequency 48.000000Khz\n
TTY: SYSINFO:\tAudio: Current Speaker Layout 7.1 LREClrxy\n
TTY: SYSINFO:\tAudio: Current Channels 8\n
HLE: E {PPU[0x1] Thread (main_thread)[0x00dc9bd4]} cellSysutil TODO: cellAudioOutGetDeviceInfo(audioOut=0, deviceIndex=0, info=*0xd003f7b4)
TTY: SYSINFO:\tAudio: Port Type HDMI(0)\n
TTY: SYSINFO:\tAudio: Device state ENABLED\n
TTY: SYSINFO:\tAudio: Primary output device has 1 modes\n
TTY: SYSINFO:\t\tMode: 0\n
TTY: SYSINFO:\t\taudio coding type:Linear PCM\n
TTY: SYSINFO:\t\tfrequencies:  48.00Khz \n
TTY: SYSINFO:\t\tspeaker layout : 7.1 LREClrxy\n
TTY: \n
\n
\n
TTY: \n
TTY: \n
TTY: \n
TTY: SYSINFO:\t***************************************************\n
TTY: SYSINFO:\t****                                           ****\n
TTY: SYSINFO:\t****     Checking Audio Settings               ****\n
HLE: W {PPU[0x1] Thread (main_thread)[0x00dc9c74]} cellSysutil: cellAudioOutGetSoundAvailability(audioOut=0, type=0, fs=0x4, option=0)
TTY: SYSINFO:\t****    best number of LPCM 48khz channels 8  ****\n
HLE: W {PPU[0x1] Thread (main_thread)[0x00dc9c74]} cellSysutil: cellAudioOutGetSoundAvailability(audioOut=0, type=1, fs=0x4, option=0)
TTY: SYSINFO:\t****    best number of AC3 48khz channels 0   ****\n
TTY: SYSINFO:\t****                                           ****\n
TTY: SYSINFO:\t***************************************************\n
TTY: \n
TTY: \n
HLE: W {PPU[0x1] Thread (main_thread)[0x00dc9cf4]} cellSysutil: cellAudioOutGetNumberOfDevice(audioOut=0)
HLE: W {PPU[0x1] Thread (main_thread)[0x00dc9d14]} cellSysutil: cellAudioOutGetState(audioOut=0x0, deviceIndex=0x0, state=*0x101deffc)
TTY: SYSINFO:\tAudio: Current Encoder Lin. PCM\n
TTY: SYSINFO:\tAudio: Current Frequency 48.000000Khz\n
TTY: SYSINFO:\tAudio: Current Speaker Layout 7.1 LREClrxy\n
TTY: SYSINFO:\tAudio: Current Channels 8\n
HLE: W {PPU[0x1] Thread (main_thread)[0x00dca3b4]} sysPrxForUser: sys_lwmutex_create(lwmutex=*0x2024c420, attr=*0x1004458c)
HLE: W {PPU[0x1] Thread (main_thread)[0x00dca3b4]} sysPrxForUser: sys_lwmutex_create(lwmutex=*0x20244320, attr=*0x1004458c)
HLE: W {PPU[0x1] Thread (main_thread)[0x00dca3b4]} sysPrxForUser: sys_lwmutex_create(lwmutex=*0x202402c0, attr=*0x1004458c)
HLE: W {PPU[0x1] Thread (main_thread)[0x00dca3b4]} sysPrxForUser: sys_lwmutex_create(lwmutex=*0x202604c0, attr=*0x1004458c)
HLE: W {PPU[0x1] Thread (main_thread)[0x00dca3b4]} sysPrxForUser: sys_lwmutex_create(lwmutex=*0x20260500, attr=*0x1004458c)
HLE: W {PPU[0x1] Thread (main_thread)[0x00dca3b4]} sysPrxForUser: sys_lwmutex_create(lwmutex=*0x20260540, attr=*0x1004458c)
HLE: W {PPU[0x1] Thread (main_thread)[0x00dca3b4]} sysPrxForUser: sys_lwmutex_create(lwmutex=*0x20260600, attr=*0x1004458c)
HLE: W {PPU[0x1] Thread (main_thread)[0x00dca3b4]} sysPrxForUser: sys_lwmutex_create(lwmutex=*0x20260630, attr=*0x1004458c)
HLE: W {PPU[0x1] Thread (main_thread)[0x00dca3b4]} sysPrxForUser: sys_lwmutex_create(lwmutex=*0x20260660, attr=*0x1004458c)
HLE: W {PPU[0x1] Thread (main_thread)[0x00dca3b4]} sysPrxForUser: sys_lwmutex_create(lwmutex=*0x20260690, attr=*0x1004458c)
HLE: W {PPU[0x1] Thread (main_thread)[0x00dca3b4]} sysPrxForUser: sys_lwmutex_create(lwmutex=*0x202606c0, attr=*0x1004458c)
HLE: W {PPU[0x1] Thread (main_thread)[0x00dca3b4]} sysPrxForUser: sys_lwmutex_create(lwmutex=*0x202606f0, attr=*0x1004458c)
HLE: W {PPU[0x1] Thread (main_thread)[0x007012ac]} sys_mutex: sys_mutex_create(mutex_id=*0x102002b0, attr=*0xd003fb60)
HLE: W {PPU[0x1] Thread (main_thread)[0x006fd618]} sys_memory: sys_memory_container_create(cid=*0x101df030, size=0xa00000)
HLE: S {PPU[0x1] Thread (main_thread)[0x00dc9c54]} Last function: cellDiscGameGetBootDiscInfo (0xb72bc4e6)
G: ! {PPU[0x1] Thread (main_thread)[0x00dc9c54]} Registers:
=========
GPR[0] = 0x0
GPR[1] = 0xd003fad0
GPR[2] = 0xf2ba68
GPR[3] = 0x101dec30
GPR[4] = 0x34
GPR[5] = 0x202609b0
GPR[6] = 0x1
GPR[7] = 0x0
GPR[8] = 0x1026e418
GPR[9] = 0x202609b0
GPR[10] = 0x10147a84
GPR[11] = 0x100e3030
GPR[12] = 0x48000042
GPR[13] = 0xf48030
GPR[14] = 0x0
GPR[15] = 0xf3f000
GPR[16] = 0xf3e000
GPR[17] = 0x0
GPR[18] = 0xf3d000
GPR[19] = 0x100000
GPR[20] = 0x0
GPR[21] = 0x0
GPR[22] = 0x0
GPR[23] = 0x0
GPR[24] = 0x0
GPR[25] = 0x0
GPR[26] = 0xf3e000
GPR[27] = 0x0
GPR[28] = 0x1
GPR[29] = 0xf3e000
GPR[30] = 0x101dec28
GPR[31] = 0x101dec30
FPR[0] = 0.5
FPR[1] = 1
FPR[2] = 0
FPR[3] = 0
FPR[4] = 0
FPR[5] = 0
FPR[6] = 0
FPR[7] = 0
FPR[8] = 0.95
FPR[9] = 5000
FPR[10] = 0.7
FPR[11] = 0.8
FPR[12] = 0.2
FPR[13] = 1
FPR[14] = 0
FPR[15] = 0
FPR[16] = 0
FPR[17] = 0
FPR[18] = 0
FPR[19] = 0
FPR[20] = 0
FPR[21] = 0
FPR[22] = 0
FPR[23] = 0
FPR[24] = 0
FPR[25] = 0
FPR[26] = 0
FPR[27] = 0
FPR[28] = 0
FPR[29] = 0
FPR[30] = 0
FPR[31] = 0
VPR[0] = 0x3f8000003f6666663e80000000000000 [x: 1 y: 0.9 z: 0.25 w: 0]
VPR[1] = 0x000000003e19999a3ecccccd00000000 [x: 0 y: 0.15 z: 0.4 w: 0]
VPR[2] = 0x00000000000000150000003ec243d070 [x: 0 y: 2.94273e-44 z: 8.68805e-44 w: -48.9536]
VPR[3] = 0x00000004000000080003005000000000 [x: 5.60519e-45 y: 1.12104e-44 z: 2.75619e-40 w: 0]
VPR[4] = 0xccfbfdf7c71d77a8b6df44ec69899e2c [x: -1.32116e+08 y: -40311.7 z: -6.65394e-06 w: 2.07962e+25]
VPR[5] = 0x136e9a2a7423bbca000907ecc39e32af [x: 3.01158e-27 y: 5.18892e+31 z: 8.29361e-40 w: -316.396]
VPR[6] = 0x0594d1762335b9d093c0c3a9d5ef4c5a [x: 1.39948e-35 y: 9.85138e-18 z: -4.86605e-27 w: -3.28889e+13]
VPR[7] = 0x4cb2e33e04b3a8e4eb9d0e4ab5f6826e [x: 9.37887e+07 y: 4.22378e-36 z: -3.79738e+26 w: -1.83664e-06]
VPR[8] = 0x292e55a219e4822548b016442bb6bbd9 [x: 3.871e-14 y: 2.36272e-23 z: 360626 w: 1.2984e-12]
VPR[9] = 0x3f800000000000000000000000000000 [x: 1 y: 0 z: 0 w: 0]
VPR[10] = 0x0000000000000000bf80000000000000 [x: 0 y: 0 z: -1 w: 0]
VPR[11] = 0x00000000000000003f80000000000000 [x: 0 y: 0 z: 1 w: 0]
VPR[12] = 0x3f99999a3e99999abfcccccd00000000 [x: 1.2 y: 0.3 z: -1.6 w: 0]
VPR[13] = 0x3f8000003f8000003f80000000000000 [x: 1 y: 1 z: 1 w: 0]
VPR[14] = 0x88ee01930635d5f42b631d20f1573297 [x: -1.43245e-33 y: 3.41995e-35 z: 8.0687e-13 w: -1.06561e+30]
VPR[15] = 0x2e1ce6104d977b1d614465db52a8c28c [x: 3.56746e-11 y: 3.17678e+08 z: 2.26431e+20 w: 3.62409e+11]
VPR[16] = 0x95f86062e907ec774690351598a087d0 [x: -1.00318e-25 y: -1.02701e+25 z: 18458.5 w: -4.14962e-24]
VPR[17] = 0x993f89d5bdbca92a5c03eea4bd7eff65 [x: -9.9023e-24 y: -0.0921195 z: 1.48542e+17 w: -0.0622553]
VPR[18] = 0x00000000000000000000000000000004 [x: 0 y: 0 z: 0 w: 5.60519e-45]
VPR[19] = 0x000000000000002d00000001000000f8 [x: 0 y: 6.30584e-44 z: 1.4013e-45 w: 3.47522e-43]
VPR[20] = 0x0000000400ed000a0003005500000000 [x: 5.60519e-45 y: 2.1765e-38 z: 2.75626e-40 w: 0]
VPR[21] = 0x6a773fa91c160940202fc9e702538029 [x: 7.47263e+25 y: 4.96428e-22 z: 1.48899e-19 w: 1.55386e-37]
VPR[22] = 0xa376a173d4461c578e106ac4a8412107 [x: -1.33699e-17 y: -3.40352e+12 z: -1.78008e-30 w: -1.07208e-14]
VPR[23] = 0x33b6bcae5ec2dfbc6a67074184ab1f5d [x: 8.50936e-08 y: 7.02107e+18 z: 6.9824e+25 w: -4.02307e-36]
VPR[24] = 0xf91a3f0a308515cb535bc836641b3009 [x: -5.00558e+34 y: 9.68322e-10 z: 9.43957e+11 w: 1.14508e+22]
VPR[25] = 0x99b848c1d566ad42468c08307cdb14fb [x: -1.90545e-23 y: -1.5852e+13 z: 17924.1 w: 9.10031e+36]
VPR[26] = 0x0566a6d88e8110002718c7a898a6b15b [x: 1.08452e-35 y: -3.18164e-30 z: 2.12025e-15 w: -4.30891e-24]
VPR[27] = 0x000000dc1d90a42cde6d3d2c6698611c [x: 3.08286e-43 y: 3.82862e-21 z: -4.27372e+18 w: 3.59796e+23]
VPR[28] = 0x00030055000000000000000000000025 [x: 2.75626e-40 y: 0 z: 0 w: 5.1848e-44]
VPR[29] = 0xbc718acc0274c9a4000000040001000b [x: -0.0147426 y: 1.79842e-37 z: 5.60519e-45 w: 9.18509e-41]
VPR[30] = 0xa53889d5d095ce4df47dcee91f664877 [x: -1.60062e-16 y: -2.01066e+10 z: -8.0435e+31 w: 4.87643e-20]
VPR[31] = 0xb80cb39d2b2f79e4c3bfa7dbe9b9479f [x: -3.35459e-05 y: 6.23416e-13 z: -383.311 w: -2.79987e+25]
CR = 0x48000042
LR = 0x6f1770
CTR = 0x3ed4d4
XER = 0x20000000 [CA=1 | OV=8589934592 | SO=0]
FPSCR = 0x0 [RN=0 | NI=0 | XE=0 | ZE=0 | UE=0 | OE=0 | VE=0 | VXCVI=0 | VXSQRT=0 | VXSOFT=0 | FPRF=0 | FI=0 | FR=0 | VXVC=0 | VXIMZ=0 | VXZDZ=0 | VXIDI=0 | VXISI=0 | VXSNAN=0 | XX=0 | ZX=0 | UX=0 | OX=0 | VX=0 | FEX=0 | FX=0]

G: E {PPU[0x1] Thread (main_thread)[0x00dc9c54]} Exception: 
(in file Emu\SysCalls\Modules\cellGame.cpp:683, in function cellDiscGameGetBootDiscInfo)
G: ! Stopping emulator...
G: ! All threads signaled...
G: ! {PPU[0x2] Thread (Callback Thread)[0x00000000]} Thread aborted
G: ! {PPU[0x28] Thread (SpursHdlr1)[0x00000000]} Thread aborted
G: ! {PPU[0x29] Thread (SpursHdlr0)[0x00000000]} Thread aborted
G: ! {SPU[0x1f] Thread (CellSpursKernel0)[0x00818]} Thread aborted
G: ! {SPU[0x22] Thread (CellSpursKernel3)[0x00818]} Thread aborted
G: ! {SPU[0x20] Thread (CellSpursKernel1)[0x00818]} Thread aborted
G: ! {SPU[0x23] Thread (CellSpursKernel4)[0x00818]} Thread aborted
G: ! {SPU[0x21] Thread (CellSpursKernel2)[0x00818]} Thread aborted
G: ! All threads stopped...
G: ! Objects cleared...
