LDR: E PSFLoader::Load() failed: unknown magic (0x0)
G: ! RPCS3 0.0.0.5 v0.0.0.5-2528-g37721d6
G: ! 
G: ! Stopping emulator...
LDR: ! Loading 'D:/Emulateurs/Rpcs3/dev_hdd0/game/BCES00005-[Formula One Championship Edition]/PS3_GAME/USRDIR/BOOT.BIN'...
G: W fs::file::open('D:/Emulateurs/Rpcs3/dev_hdd0/game/BCES00005-[Formula One Championship Edition]/PS3_GAME/dev_bdvd.path', 0x1) failed: error 0x2
LDR: ! 
LDR: ! Mount info:
LDR: ! /dev_usb000/ -> D:/Emulateurs/Rpcs3/dev_usb000/
LDR: ! /dev_flash/ -> D:/Emulateurs/Rpcs3/dev_flash/
LDR: ! /host_root/ -> 
LDR: ! /dev_hdd0/ -> D:/Emulateurs/Rpcs3/dev_hdd0/
LDR: ! /dev_hdd1/ -> D:/Emulateurs/Rpcs3/dev_hdd1/
LDR: ! /dev_bdvd/ -> D:/Emulateurs/Rpcs3/dev_hdd0/game/BCES00005-[Formula One Championship Edition]/
LDR: ! /dev_usb/ -> D:/Emulateurs/Rpcs3/dev_usb000/
LDR: ! 
LDR: ! Settings:
LDR: ! CPU: PPU Interpreter 2
LDR: ! SPU: SPU Recompiler (ASMJIT)
LDR: ! Renderer: DirectX 12
LDR: ! D3D Adapter: Default
LDR: ! Resolution: 1280x720
LDR: ! Write Depth Buffer: No
LDR: ! Write Color Buffers: No
LDR: ! Read Color Buffer: No
LDR: ! Audio Out: XAudio2
LDR: ! Log Everything: No
LDR: ! RSX Logging: No
LDR: ! 
LDR: ! Title: Formula One™ Championship Edition
LDR: ! Serial: BCES00005
LDR: ! Elf path: /dev_bdvd/PS3_GAME/USRDIR/BOOT.BIN
LDR: ! 
LDR: ! loader::init() failed: Broken file
LDR: ! *** sdk version: 0x192001
LDR: ! *** primary prio: 1001
LDR: ! *** primary stacksize: 0x40000
LDR: ! *** malloc pagesize: 0x100000
LDR: ! *** ppc seg: 0x0
LDR: ! Imported function 'cellSysmoduleUnloadModule' in 'cellSysmodule' module (0x6e98ac)
LDR: ! Imported function 'cellSysmoduleLoadModule' in 'cellSysmodule' module (0x6e98cc)
LDR: ! Imported function 'sys_lwmutex_lock' in 'sysPrxForUser' module (0x6e98ec)
LDR: ! Imported function 'sys_lwmutex_unlock' in 'sysPrxForUser' module (0x6e990c)
LDR: ! Imported function 'sys_ppu_thread_create' in 'sysPrxForUser' module (0x6e992c)
LDR: ! Imported function '_sys_process_atexitspawn' in 'sysPrxForUser' module (0x6e994c)
LDR: ! Imported function 'sys_lwmutex_create' in 'sysPrxForUser' module (0x6e996c)
LDR: ! Imported function 'sys_ppu_thread_get_id' in 'sysPrxForUser' module (0x6e998c)
LDR: ! Imported function 'sys_initialize_tls' in 'sysPrxForUser' module (0x6e99ac)
LDR: ! Imported function 'sys_time_get_system_time' in 'sysPrxForUser' module (0x6e99cc)
LDR: ! Imported function 'sys_prx_exitspawn_with_level' in 'sysPrxForUser' module (0x6e99ec)
LDR: ! Imported function 'sys_ppu_thread_exit' in 'sysPrxForUser' module (0x6e9a0c)
LDR: ! Imported function 'sys_lwmutex_destroy' in 'sysPrxForUser' module (0x6e9a2c)
LDR: ! Imported function 'sys_process_exit' in 'sysPrxForUser' module (0x6e9a4c)
LDR: ! Imported function 'sys_mempool_try_allocate_block' in 'sysPrxForUser' module (0x6ea58c)
LDR: ! Imported function 'sys_process_is_stack' in 'sysPrxForUser' module (0x6ea5ac)
LDR: ! Imported function 'sys_mempool_free_block' in 'sysPrxForUser' module (0x6ea5cc)
LDR: ! Imported function 'sys_mempool_destroy' in 'sysPrxForUser' module (0x6ea5ec)
LDR: ! Imported function 'sys_mempool_create' in 'sysPrxForUser' module (0x6ea60c)
LDR: ! Imported function 'cellUsbdEnd' in 'cellUsbd' module (0x6e9a6c)
LDR: ! Imported function 'cellUsbdSetThreadPriority2' in 'cellUsbd' module (0x6e9a8c)
LDR: ! Imported function 'cellUsbdInit' in 'cellUsbd' module (0x6e9aac)
LDR: ! Imported function 'cellUsbdInterruptTransfer' in 'cellUsbd' module (0x6ea62c)
LDR: ! Imported function 'cellUsbdOpenPipe' in 'cellUsbd' module (0x6ea64c)
LDR: ! Imported function 'cellUsbdScanStaticDescriptor' in 'cellUsbd' module (0x6ea66c)
LDR: ! Imported function 'cellUsbdGetPrivateData' in 'cellUsbd' module (0x6ea68c)
LDR: ! Imported function 'cellUsbdSetPrivateData' in 'cellUsbd' module (0x6ea6ac)
LDR: ! Imported function 'cellUsbdUnregisterExtraLdd' in 'cellUsbd' module (0x6ea6cc)
LDR: ! Imported function 'cellUsbdClosePipe' in 'cellUsbd' module (0x6ea6ec)
LDR: ! Imported function 'cellUsbdControlTransfer' in 'cellUsbd' module (0x6ea70c)
LDR: ! Imported function 'cellUsbdRegisterExtraLdd2' in 'cellUsbd' module (0x6ea72c)
LDR: ! Imported function 'cellUsbdGetDeviceLocation' in 'cellUsbd' module (0x6ea74c)
LDR: ! Imported function 'cellKbGetConfiguration' in 'sys_io' module (0x6e9acc)
LDR: ! Imported function 'cellKbGetInfo' in 'sys_io' module (0x6e9aec)
LDR: ! Imported function 'cellMouseGetData' in 'sys_io' module (0x6e9b0c)
LDR: ! Imported function 'cellPadGetInfo' in 'sys_io' module (0x6e9b2c)
LDR: ! Imported function 'cellMouseClearBuf' in 'sys_io' module (0x6e9b4c)
LDR: ! Imported function 'cellKbInit' in 'sys_io' module (0x6e9b6c)
LDR: ! Imported function 'cellKbCnvRawCode' in 'sys_io' module (0x6e9b8c)
LDR: ! Imported function 'cellMouseGetInfo' in 'sys_io' module (0x6e9bac)
LDR: ! Imported function 'cellKbSetCodeType' in 'sys_io' module (0x6e9bcc)
LDR: ! Imported function 'cellKbEnd' in 'sys_io' module (0x6e9bec)
LDR: ! Imported function 'cellMouseInit' in 'sys_io' module (0x6e9c0c)
LDR: ! Imported function 'cellKbSetReadMode' in 'sys_io' module (0x6e9c2c)
LDR: ! Imported function 'cellMouseEnd' in 'sys_io' module (0x6e9c4c)
LDR: ! Imported function 'cellPadSetActDirect' in 'sys_io' module (0x6e9c6c)
LDR: ! Imported function 'cellKbRead' in 'sys_io' module (0x6e9c8c)
LDR: ! Imported function 'cellPadInfoPressMode' in 'sys_io' module (0x6ea76c)
LDR: ! Imported function 'cellPadInit' in 'sys_io' module (0x6ea78c)
LDR: ! Imported function 'cellKbClearBuf' in 'sys_io' module (0x6ea7ac)
LDR: ! Imported function 'cellPadLddRegisterController' in 'sys_io' module (0x6ea7cc)
LDR: ! Imported function 'cellPadEnd' in 'sys_io' module (0x6ea7ec)
LDR: ! Imported function 'cellPadInfoSensorMode' in 'sys_io' module (0x6ea80c)
LDR: ! Imported function 'cellPadGetData' in 'sys_io' module (0x6ea82c)
LDR: ! Imported function 'cellPadLddDataInsert' in 'sys_io' module (0x6ea84c)
LDR: ! Imported function 'cellPadSetSensorMode' in 'sys_io' module (0x6ea86c)
LDR: ! Imported function 'cellPadLddUnregisterController' in 'sys_io' module (0x6ea88c)
LDR: ! Imported function 'cellPadSetPressMode' in 'sys_io' module (0x6ea8ac)
LDR: ! Imported function 'cellFsClose' in 'sys_fs' module (0x6e9cac)
LDR: ! Imported function 'cellFsRead' in 'sys_fs' module (0x6e9ccc)
LDR: ! Imported function 'cellFsOpen' in 'sys_fs' module (0x6e9cec)
LDR: ! Imported function 'cellFsStat' in 'sys_fs' module (0x6e9d0c)
LDR: ! Imported function 'cellFsLseek' in 'sys_fs' module (0x6e9d2c)
LDR: ! Imported function 'cellFsWrite' in 'sys_fs' module (0x6e9d4c)
LDR: ! Imported function 'cellFsFstat' in 'sys_fs' module (0x6e9d6c)
LDR: ! Imported function 'cellSpursQueuePopBody' in 'cellSpurs' module (0x6e9d8c)
LDR: ! Imported function 'cellSpursInitialize' in 'cellSpurs' module (0x6e9dac)
LDR: ! Imported function 'cellSpursFinalize' in 'cellSpurs' module (0x6e9dcc)
LDR: ! Imported function 'cellSpursRequestIdleSpu' in 'cellSpurs' module (0x6ea3cc)
LDR: ! Imported function 'cellSpursGetInfo' in 'cellSpurs' module (0x6ea3ec)
LDR: ! Imported function 'cellSpursDetachLv2EventQueue' in 'cellSpurs' module (0x6ea40c)
LDR: ! Imported function 'cellSpursRemoveWorkload' in 'cellSpurs' module (0x6ea42c)
LDR: ! Imported function 'cellSpursWaitForWorkloadShutdown' in 'cellSpurs' module (0x6ea44c)
LDR: ! Imported function 'cellSpursAddWorkload' in 'cellSpurs' module (0x6ea46c)
LDR: ! Imported function 'cellSpursSetPriorities' in 'cellSpurs' module (0x6ea48c)
LDR: ! Imported function 'cellSpursShutdownWorkload' in 'cellSpurs' module (0x6ea4ac)
LDR: ! Imported function 'cellSpursAttachLv2EventQueue' in 'cellSpurs' module (0x6ea4cc)
LDR: ! Imported function 'cellSpursSetExceptionEventHandler' in 'cellSpurs' module (0x6ea4ec)
LDR: ! Imported function 'cellSpursReadyCountStore' in 'cellSpurs' module (0x6ea50c)
LDR: ! Imported function 'cellSpursQueueDetachLv2EventQueue' in 'cellSpurs' module (0x6ea8cc)
LDR: ! Imported function '_cellSpursQueueInitialize' in 'cellSpurs' module (0x6ea8ec)
LDR: ! Imported function 'cellSpursEventFlagDetachLv2EventQueue' in 'cellSpurs' module (0x6ea90c)
LDR: ! Imported function 'cellSpursQueueClear' in 'cellSpurs' module (0x6ea92c)
LDR: ! Imported function 'cellSpursEventFlagWait' in 'cellSpurs' module (0x6ea94c)
LDR: ! Imported function 'cellSpursEventFlagClear' in 'cellSpurs' module (0x6ea96c)
LDR: ! Imported function 'cellSpursEventFlagGetClearMode' in 'cellSpurs' module (0x6ea98c)
LDR: ! Imported function 'cellSpursCreateTaskset' in 'cellSpurs' module (0x6ea9ac)
LDR: ! Imported function '_cellSpursEventFlagInitialize' in 'cellSpurs' module (0x6ea9cc)
LDR: ! Imported function 'cellSpursEventFlagTryWait' in 'cellSpurs' module (0x6ea9ec)
LDR: ! Imported function 'cellSpursEventFlagAttachLv2EventQueue' in 'cellSpurs' module (0x6eaa0c)
LDR: ! Imported function 'cellSpursEventFlagGetDirection' in 'cellSpurs' module (0x6eaa2c)
LDR: ! Imported function 'cellSpursQueuePushBody' in 'cellSpurs' module (0x6eaa4c)
LDR: ! Imported function 'cellSpursJoinTaskset' in 'cellSpurs' module (0x6eaa6c)
LDR: ! Imported function 'cellSpursShutdownTaskset' in 'cellSpurs' module (0x6eaa8c)
LDR: ! Imported function 'cellSpursCreateTask' in 'cellSpurs' module (0x6eaaac)
LDR: ! Imported function 'cellSpursQueueAttachLv2EventQueue' in 'cellSpurs' module (0x6eaacc)
LDR: ! Imported function 'cellSpursEventFlagSet' in 'cellSpurs' module (0x6eaaec)
LDR: ! Imported function 'cellAudioInit' in 'cellAudio' module (0x6e9dec)
LDR: ! Imported function 'cellAudioPortClose' in 'cellAudio' module (0x6e9e0c)
LDR: ! Imported function 'cellAudioGetPortConfig' in 'cellAudio' module (0x6e9e2c)
LDR: ! Imported function 'cellAudioPortStart' in 'cellAudio' module (0x6e9e4c)
LDR: ! Imported function 'cellAudioQuit' in 'cellAudio' module (0x6e9e6c)
LDR: ! Imported function 'cellAudioPortOpen' in 'cellAudio' module (0x6e9e8c)
LDR: ! Imported function 'cellAudioGetPortBlockTag' in 'cellAudio' module (0x6e9eac)
LDR: ! Imported function 'cellAudioPortStop' in 'cellAudio' module (0x6eac0c)
LDR: ! Imported function 'cellSysutilUnregisterCallback' in 'cellSysutil' module (0x6e9ecc)
LDR: ! Imported function 'cellVideoOutConfigure' in 'cellSysutil' module (0x6e9eec)
LDR: ! Imported function 'cellSysutilCheckCallback' in 'cellSysutil' module (0x6e9f0c)
LDR: ! Imported function 'cellSysutilGetSystemParamInt' in 'cellSysutil' module (0x6e9f2c)
LDR: ! Imported function 'cellAudioOutConfigure' in 'cellSysutil' module (0x6e9f4c)
LDR: ! Imported function 'cellMsgDialogAbort' in 'cellSysutil' module (0x6e9f6c)
LDR: ! Imported function 'cellVideoOutGetState' in 'cellSysutil' module (0x6e9f8c)
LDR: ! Imported function 'cellSysutilGetSystemParamString' in 'cellSysutil' module (0x6e9fac)
LDR: ! Imported function 'cellSysutilRegisterCallback' in 'cellSysutil' module (0x6e9fcc)
LDR: ! Imported function 'cellDiscGameGetBootDiscInfo' in 'cellSysutil' module (0x6e9fec)
LDR: ! Imported function 'cellAudioOutGetSoundAvailability' in 'cellSysutil' module (0x6ea00c)
LDR: ! Imported function 'cellGameDataCheckCreate2' in 'cellSysutil' module (0x6ea02c)
LDR: ! Imported function 'cellDiscGameRegisterDiscChangeCallback' in 'cellSysutil' module (0x6ea04c)
LDR: ! Imported function 'cellVideoOutGetResolution' in 'cellSysutil' module (0x6ea06c)
LDR: ! Imported function 'cellDiscGameUnregisterDiscChangeCallback' in 'cellSysutil' module (0x6ea08c)
LDR: ! Imported function 'cellAudioOutGetState' in 'cellSysutil' module (0x6ea0ac)
LDR: ! Imported function 'cellMsgDialogOpen' in 'cellSysutil' module (0x6ea0cc)
LDR: ! Imported function 'cellSaveDataListLoad2' in 'cellSysutil' module (0x6eab0c)
LDR: ! Imported function 'cellSaveDataListSave2' in 'cellSysutil' module (0x6eab2c)
LDR: ! Imported function 'cellSaveDataAutoSave2' in 'cellSysutil' module (0x6eab4c)
LDR: ! Imported function 'cellSaveDataDelete2' in 'cellSysutil' module (0x6eab6c)
LDR: ! Imported function 'cellSaveDataAutoLoad2' in 'cellSysutil' module (0x6eab8c)
LDR: ! Imported function 'cellGcmSetUserHandler' in 'cellGcmSys' module (0x6ea0ec)
LDR: ! Imported function 'cellGcmSetQueueHandler' in 'cellGcmSys' module (0x6ea10c)
LDR: ! Imported function 'cellGcmSetFlipMode' in 'cellGcmSys' module (0x6ea12c)
LDR: ! Imported function 'cellGcmSetDebugOutputLevel' in 'cellGcmSys' module (0x6ea14c)
LDR: ! Imported function 'cellGcmSetWaitFlip' in 'cellGcmSys' module (0x6ea16c)
LDR: ! Imported function 'cellGcmMapMainMemory' in 'cellGcmSys' module (0x6ea18c)
LDR: ! Imported function 'cellGcmSetFlipHandler' in 'cellGcmSys' module (0x6ea1ac)
LDR: ! Imported function 'cellGcmSetDisplayBuffer' in 'cellGcmSys' module (0x6ea1cc)
LDR: ! Imported function 'cellGcmGetControlRegister' in 'cellGcmSys' module (0x6ea1ec)
LDR: ! Imported function 'cellGcmSetVBlankHandler' in 'cellGcmSys' module (0x6ea20c)
LDR: ! Imported function 'cellGcmSetFlipImmediate' in 'cellGcmSys' module (0x6ea22c)
LDR: ! Imported function 'cellGcmSetGraphicsHandler' in 'cellGcmSys' module (0x6ea24c)
LDR: ! Imported function 'cellGcmSetTile' in 'cellGcmSys' module (0x6ea26c)
LDR: ! Imported function 'cellGcmSetZcull' in 'cellGcmSys' module (0x6ea28c)
LDR: ! Imported function 'cellGcmSetFlip' in 'cellGcmSys' module (0x6ea2ac)
LDR: ! Imported function 'cellGcmGetConfiguration' in 'cellGcmSys' module (0x6ea2cc)
LDR: ! Imported function 'cellGcmGetLabelAddress' in 'cellGcmSys' module (0x6ea2ec)
LDR: ! Imported function '_cellGcmInitBody' in 'cellGcmSys' module (0x6eabac)
LDR: ! Imported function 'cellGcmAddressToOffset' in 'cellGcmSys' module (0x6eabcc)
LDR: ! Imported function '_cellGcmFunc15' in 'cellGcmSys' module (0x6eabec)
LDR: ! Imported function 'cellKey2CharClose' in 'cellKey2char' module (0x6ea30c)
LDR: ! Imported function 'cellKey2CharGetChar' in 'cellKey2char' module (0x6ea32c)
LDR: ! Imported function 'cellKey2CharOpen' in 'cellKey2char' module (0x6ea34c)
LDR: ! Imported function 'cellKey2CharSetMode' in 'cellKey2char' module (0x6ea36c)
LDR: ! Imported function 'sys_net_initialize_network_ex' in 'sys_net' module (0x6ea38c)
LDR: ! Imported function 'sys_net_finalize_network' in 'sys_net' module (0x6ea3ac)
LDR: ! Imported function 'sceNpTerm' in 'sceNp' module (0x6ea52c)
LDR: ! Imported function 'sceNpInit' in 'sceNp' module (0x6ea54c)
LDR: ! Imported function 'sceNpDrmProcessExitSpawn2' in 'sceNp' module (0x6ea56c)
MEM: ! Thread Local Storage initialized (g_tls_start=0x72c000, user_size=0x1fc)
*** TLS segment addr: 0x007285f0
*** TLS segment size: 0x00000004
HLE: W {PPU[0x1] Thread (main_thread)[0x006e996c]} sysPrxForUser: sys_lwmutex_create(lwmutex=*0x10c78a38, attr=*0x1001f594)
HLE: W {PPU[0x1] Thread (main_thread)[0x006e996c]} sysPrxForUser: sys_lwmutex_create(lwmutex=*0x10c78a10, attr=*0x1001f594)
HLE: W {PPU[0x1] Thread (main_thread)[0x006e996c]} sysPrxForUser: sys_lwmutex_create(lwmutex=*0x10c781a0, attr=*0x1001f594)
HLE: W {PPU[0x1] Thread (main_thread)[0x006e996c]} sysPrxForUser: sys_lwmutex_create(lwmutex=*0x10c781c8, attr=*0x1001f594)
HLE: W {PPU[0x1] Thread (main_thread)[0x006e996c]} sysPrxForUser: sys_lwmutex_create(lwmutex=*0x10c781f0, attr=*0x1001f594)
HLE: W {PPU[0x1] Thread (main_thread)[0x006e996c]} sysPrxForUser: sys_lwmutex_create(lwmutex=*0x10c780d0, attr=*0x1001f594)
HLE: W {PPU[0x1] Thread (main_thread)[0x006e996c]} sysPrxForUser: sys_lwmutex_create(lwmutex=*0x10c78120, attr=*0x1001f594)
HLE: W {PPU[0x1] Thread (main_thread)[0x006e996c]} sysPrxForUser: sys_lwmutex_create(lwmutex=*0x10c78148, attr=*0x1001f594)
HLE: W {PPU[0x1] Thread (main_thread)[0x006e996c]} sysPrxForUser: sys_lwmutex_create(lwmutex=*0x10c78170, attr=*0x1001f594)
HLE: W {PPU[0x1] Thread (main_thread)[0x004e0258]} sys_memory: sys_memory_allocate(size=0x100000, flags=0x400, alloc_addr=*0xd003f3a0)
TTY: Initialising 5*1MB System Containers\n
HLE: W {PPU[0x1] Thread (main_thread)[0x0001b1a0]} sys_memory: sys_memory_container_create(cid=*0x10101b6c, size=0x500000)
HLE: W {PPU[0x1] Thread (main_thread)[0x0001b1b4]} sys_memory: sys_memory_allocate(size=0x300000, flags=0x200, alloc_addr=*0xd003f850)
HLE: W {PPU[0x1] Thread (main_thread)[0x006e996c]} sysPrxForUser: sys_lwmutex_create(lwmutex=*0x20010120, attr=*0xd003f720)
HLE: W {PPU[0x1] Thread (main_thread)[0x006e996c]} sysPrxForUser: sys_lwmutex_create(lwmutex=*0x200101b8, attr=*0xd003f720)
HLE: W {PPU[0x1] Thread (main_thread)[0x0001ae54]} sys_memory: sys_memory_get_user_memory_size(mem_info=*0xd003f7a0)
TTY: ****************************************************\n
TTY: *******PS3 Initial Memory***************************\n
TTY: ****************************************************\n
TTY: ****************************************************\n
TTY: Available User Memory is 264241152 bytes\n
TTY: Total User Memory was 263192576 bytes\n
TTY: ****************************************************\n
TTY: ****************************************************\n
TTY: ****************************************************\n
TTY: ****************************************************\n
HLE: W {PPU[0x1] Thread (main_thread)[0x004e0258]} sys_memory: sys_memory_allocate(size=0xe00000, flags=0x400, alloc_addr=*0xd003f640)
HLE: W {PPU[0x1] Thread (main_thread)[0x004e0258]} sys_memory: sys_memory_allocate(size=0xab00000, flags=0x400, alloc_addr=*0xd003f640)
HLE: W {PPU[0x1] Thread (main_thread)[0x0001b1d8]} sys_memory: sys_memory_free(addr=0x20100000)
TTY: ****************************************************\n
TTY: *******PS3 Heap Initial Sizes***********************\n
TTY: ****************************************************\n
TTY: ****************************************************\n
TTY: Small is 13631488 bytes\n
TTY: String is 61440 bytes\n
TTY: Large is 178257920 bytes\n
TTY: ****************************************************\n
TTY: ****************************************************\n
TTY: ****************************************************\n
TTY: ****************************************************\n
HLE: W {PPU[0x1] Thread (main_thread)[0x006e996c]} sysPrxForUser: sys_lwmutex_create(lwmutex=*0x20400040, attr=*0x1001f594)
HLE: W {PPU[0x1] Thread (main_thread)[0x006e996c]} sysPrxForUser: sys_lwmutex_create(lwmutex=*0x204000f0, attr=*0x1001f594)
HLE: W {PPU[0x1] Thread (main_thread)[0x006e996c]} sysPrxForUser: sys_lwmutex_create(lwmutex=*0x204001e0, attr=*0x1001f594)
HLE: W {PPU[0x1] Thread (main_thread)[0x006e996c]} sysPrxForUser: sys_lwmutex_create(lwmutex=*0x20400280, attr=*0x1001f594)
HLE: W {PPU[0x1] Thread (main_thread)[0x006e996c]} sysPrxForUser: sys_lwmutex_create(lwmutex=*0x204002e0, attr=*0x1001f594)
HLE: W {PPU[0x1] Thread (main_thread)[0x006e996c]} sysPrxForUser: sys_lwmutex_create(lwmutex=*0x20400340, attr=*0x1001f594)
HLE: W {PPU[0x1] Thread (main_thread)[0x006e996c]} sysPrxForUser: sys_lwmutex_create(lwmutex=*0x20400470, attr=*0x1001f594)
HLE: W {PPU[0x1] Thread (main_thread)[0x006e996c]} sysPrxForUser: sys_lwmutex_create(lwmutex=*0x204004b0, attr=*0x1001f594)
HLE: W {PPU[0x1] Thread (main_thread)[0x006e996c]} sysPrxForUser: sys_lwmutex_create(lwmutex=*0x204004f0, attr=*0x1001f594)
HLE: W {PPU[0x1] Thread (main_thread)[0x006e996c]} sysPrxForUser: sys_lwmutex_create(lwmutex=*0x20400530, attr=*0x1001f594)
HLE: W {PPU[0x1] Thread (main_thread)[0x006e996c]} sysPrxForUser: sys_lwmutex_create(lwmutex=*0x20400570, attr=*0x1001f594)
HLE: W {PPU[0x1] Thread (main_thread)[0x006e996c]} sysPrxForUser: sys_lwmutex_create(lwmutex=*0x204005b0, attr=*0x1001f594)
HLE: W {PPU[0x1] Thread (main_thread)[0x006e996c]} sysPrxForUser: sys_lwmutex_create(lwmutex=*0x10d29bb8, attr=*0xd003fb80)
HLE: W {PPU[0x1] Thread (main_thread)[0x006e996c]} sysPrxForUser: sys_lwmutex_create(lwmutex=*0x10115b00, attr=*0xd003fb80)
HLE: W {PPU[0x1] Thread (main_thread)[0x006e996c]} sysPrxForUser: sys_lwmutex_create(lwmutex=*0x10102e28, attr=*0xd003fb50)
HLE: W {PPU[0x1] Thread (main_thread)[0x006e996c]} sysPrxForUser: sys_lwmutex_create(lwmutex=*0x100e04b8, attr=*0xd003fb70)
TTY: *** Global Constructor (libc start) ***\n
TTY: /dev_bdvd/PS3_GAME/USRDIR/ is the BD location\n
HLE: W {PPU[0x1] Thread (main_thread)[0x006e996c]} sysPrxForUser: sys_lwmutex_create(lwmutex=*0x20404bc0, attr=*0xd003f750)
HLE: W {PPU[0x1] Thread (main_thread)[0x006e996c]} sysPrxForUser: sys_lwmutex_create(lwmutex=*0x20404bd8, attr=*0xd003f750)
HLE: W {PPU[0x1] Thread (main_thread)[0x006e9fcc]} cellSysutil: cellSysutilRegisterCallback(slot=0, func=*0x6f3af0, userdata=*0x211009e0)
HLE: W {PPU[0x1] Thread (main_thread)[0x006e98cc]} cellSysmodule: cellSysmoduleLoadModule(id=0x000e: CELL_SYSMODULE_FS)
HLE: W {PPU[0x1] Thread (main_thread)[0x00049b64]} sys_spu: sys_spu_initialize(max_usable_spu=5, max_raw_spu=0)
HLE: W {PPU[0x1] Thread (main_thread)[0x006e9dac]} cellSpurs: cellSpursInitialize(spurs=*0x21104a00, nSpus=5, spuPriority=128, ppuPriority=600, exitIfNoWork=-256)
HLE: W {PPU[0x1] Thread (main_thread)[0x006e9dac]} sys_process: sys_process_is_spu_lock_line_reservation_address(addr=0x21104a00, flags=0x2)
HLE: W {PPU[0x1] Thread (main_thread)[0x006e9dac]} sys_semaphore: sys_semaphore_create(sem_id=*0xd003f7d8, attr=*0xd003f7b8, initial_val=0, max_val=1)
HLE: W {PPU[0x1] Thread (main_thread)[0x006e9dac]} sys_semaphore: sys_semaphore_create(sem_id=*0xd003f7d8, attr=*0xd003f7b8, initial_val=0, max_val=1)
HLE: W {PPU[0x1] Thread (main_thread)[0x006e9dac]} sys_semaphore: sys_semaphore_create(sem_id=*0xd003f7d8, attr=*0xd003f7b8, initial_val=0, max_val=1)
HLE: W {PPU[0x1] Thread (main_thread)[0x006e9dac]} sys_semaphore: sys_semaphore_create(sem_id=*0xd003f7d8, attr=*0xd003f7b8, initial_val=0, max_val=1)
HLE: W {PPU[0x1] Thread (main_thread)[0x006e9dac]} sys_semaphore: sys_semaphore_create(sem_id=*0xd003f7d8, attr=*0xd003f7b8, initial_val=0, max_val=1)
HLE: W {PPU[0x1] Thread (main_thread)[0x006e9dac]} sys_semaphore: sys_semaphore_create(sem_id=*0xd003f7d8, attr=*0xd003f7b8, initial_val=0, max_val=1)
HLE: W {PPU[0x1] Thread (main_thread)[0x006e9dac]} sys_semaphore: sys_semaphore_create(sem_id=*0xd003f7d8, attr=*0xd003f7b8, initial_val=0, max_val=1)
HLE: W {PPU[0x1] Thread (main_thread)[0x006e9dac]} sys_semaphore: sys_semaphore_create(sem_id=*0xd003f7d8, attr=*0xd003f7b8, initial_val=0, max_val=1)
HLE: W {PPU[0x1] Thread (main_thread)[0x006e9dac]} sys_semaphore: sys_semaphore_create(sem_id=*0xd003f7d8, attr=*0xd003f7b8, initial_val=0, max_val=1)
HLE: W {PPU[0x1] Thread (main_thread)[0x006e9dac]} sys_semaphore: sys_semaphore_create(sem_id=*0xd003f7d8, attr=*0xd003f7b8, initial_val=0, max_val=1)
HLE: W {PPU[0x1] Thread (main_thread)[0x006e9dac]} sys_semaphore: sys_semaphore_create(sem_id=*0xd003f7d8, attr=*0xd003f7b8, initial_val=0, max_val=1)
HLE: W {PPU[0x1] Thread (main_thread)[0x006e9dac]} sys_semaphore: sys_semaphore_create(sem_id=*0xd003f7d8, attr=*0xd003f7b8, initial_val=0, max_val=1)
HLE: W {PPU[0x1] Thread (main_thread)[0x006e9dac]} sys_semaphore: sys_semaphore_create(sem_id=*0xd003f7d8, attr=*0xd003f7b8, initial_val=0, max_val=1)
HLE: W {PPU[0x1] Thread (main_thread)[0x006e9dac]} sys_semaphore: sys_semaphore_create(sem_id=*0xd003f7d8, attr=*0xd003f7b8, initial_val=0, max_val=1)
HLE: W {PPU[0x1] Thread (main_thread)[0x006e9dac]} sys_semaphore: sys_semaphore_create(sem_id=*0xd003f7d8, attr=*0xd003f7b8, initial_val=0, max_val=1)
HLE: W {PPU[0x1] Thread (main_thread)[0x006e9dac]} sys_semaphore: sys_semaphore_create(sem_id=*0xd003f7d8, attr=*0xd003f7b8, initial_val=0, max_val=1)
HLE: W {PPU[0x1] Thread (main_thread)[0x006e9dac]} sys_semaphore: sys_semaphore_create(sem_id=*0xd003f7d8, attr=*0xd003f7b8, initial_val=0, max_val=1)
HLE: W {PPU[0x1] Thread (main_thread)[0x006e9dac]} sys_spu: sys_spu_thread_group_create(id=*0xd003f798, num=5, prio=128, attr=*0xd003f708)
HLE: W {PPU[0x1] Thread (main_thread)[0x006e9dac]} sys_spu: sys_spu_thread_initialize(thread=*0xd003f6e0, group=0x32, spu_num=0, img=*0x21105770, attr=*0xd003f6d0, arg=*0xd003f6e8)
HLE: E {PPU[0x1] Thread (main_thread)[0x006e9dac]} sys_spu: Unsupported SPU Thread options (0x2)
HLE: W {PPU[0x1] Thread (main_thread)[0x006e9dac]} sys_spu: sys_spu_thread_initialize(thread=*0xd003f6e0, group=0x32, spu_num=1, img=*0x21105770, attr=*0xd003f6d0, arg=*0xd003f6e8)
HLE: E {PPU[0x1] Thread (main_thread)[0x006e9dac]} sys_spu: Unsupported SPU Thread options (0x2)
HLE: W {PPU[0x1] Thread (main_thread)[0x006e9dac]} sys_spu: sys_spu_thread_initialize(thread=*0xd003f6e0, group=0x32, spu_num=2, img=*0x21105770, attr=*0xd003f6d0, arg=*0xd003f6e8)
HLE: E {PPU[0x1] Thread (main_thread)[0x006e9dac]} sys_spu: Unsupported SPU Thread options (0x2)
HLE: W {PPU[0x1] Thread (main_thread)[0x006e9dac]} sys_spu: sys_spu_thread_initialize(thread=*0xd003f6e0, group=0x32, spu_num=3, img=*0x21105770, attr=*0xd003f6d0, arg=*0xd003f6e8)
HLE: E {PPU[0x1] Thread (main_thread)[0x006e9dac]} sys_spu: Unsupported SPU Thread options (0x2)
HLE: W {PPU[0x1] Thread (main_thread)[0x006e9dac]} sys_spu: sys_spu_thread_initialize(thread=*0xd003f6e0, group=0x32, spu_num=4, img=*0x21105770, attr=*0xd003f6d0, arg=*0xd003f6e8)
HLE: E {PPU[0x1] Thread (main_thread)[0x006e9dac]} sys_spu: Unsupported SPU Thread options (0x2)
HLE: W {PPU[0x1] Thread (main_thread)[0x006e9dac]} sysPrxForUser: sys_lwmutex_create(lwmutex=*0x211057b0, attr=*0xd003f7a0)
HLE: W {PPU[0x1] Thread (main_thread)[0x006e9dac]} sysPrxForUser: sys_lwcond_create(lwcond=*0x211057c8, lwmutex=*0x211057b0, attr=*0xd003f7b0)
HLE: W {PPU[0x1] Thread (main_thread)[0x006e9dac]} sys_event: sys_event_queue_create(equeue_id=*0x2110575c, attr=*0xd003f638, event_queue_key=0x0, size=42)
HLE: W {PPU[0x1] Thread (main_thread)[0x006e9dac]} sys_spu: sys_spu_thread_group_connect_event_all_threads(id=0x32, eq=0x3a, req=0xffffffffffff0000, spup=*0x21104ac9)
HLE: W {PPU[0x1] Thread (main_thread)[0x006e9dac]} sys_event: sys_event_port_create(eport_id=*0x21105760, port_type=1, name=0x0)
HLE: W {PPU[0x1] Thread (main_thread)[0x006e9dac]} sys_event: sys_event_port_connect_local(eport_id=0x3b, equeue_id=0x3a)
HLE: W {PPU[0x1] Thread (main_thread)[0x006e9dac]} cellSpurs: cellSpursEnableExceptionEventHandler(spurs=*0x21104a00, flag=1)
HLE: W {PPU[0x1] Thread (main_thread)[0x006e9dac]} sys_spu: sys_spu_thread_group_connect_event(id=0x32, eq=0x3a, et=2)
HLE: W {PPU[0x3d] Thread (SpursHdlr0)[0x00000000]} sys_spu: sys_spu_thread_group_start(id=0x32)
HLE: W {PPU[0x1] Thread (main_thread)[0x005601d4]} sys_event: sys_event_queue_create(equeue_id=*0x21105a00, attr=*0xd003f7a4, event_queue_key=0x0, size=127)
HLE: W {PPU[0x1] Thread (main_thread)[0x006e992c]} sysPrxForUser: sys_ppu_thread_create(thread_id=*0x21105a08, entry=0x70f110, arg=0x21105a00, prio=200, stacksize=0x10000, flags=0x1, threadname=*0x10025ba0)
HLE: W {PPU[0x1] Thread (main_thread)[0x006e992c]} sys_ppu_thread: _sys_ppu_thread_create(thread_id=*0x21105a08, param=*0xd003f728, arg=0x21105a00, unk=0x0, prio=200, stacksize=0x10000, flags=0x1, threadname=*0x10025ba0)
SPU: S {PPU[0x3d] Thread (SpursHdlr0)[0x00000000]} SPU Database initialized...
SPU: S {PPU[0x3d] Thread (SpursHdlr0)[0x00000000]} SPU Recompiler (ASMJIT) created...
HLE: W {PPU[0x3d] Thread (SpursHdlr0)[0x00000000]} sys_spu: sys_spu_thread_group_join(id=0x32, cause=*0x0, status=*0x0)
SPU: S {SPU[0x34] Thread (CellSpursKernel1)[0x00818]} Function detected [0x00818-0x00820] (size=0x8)
HLE: W {PPU[0x1] Thread (main_thread)[0x006e992c]} sys_ppu_thread: sys_ppu_thread_start(thread_id=0x3f)
HLE: W {PPU[0x1] Thread (main_thread)[0x00560218]} sys_event: sys_event_port_create(eport_id=*0x21105a14, port_type=1, name=0xd0a77)
HLE: W {PPU[0x1] Thread (main_thread)[0x00560228]} sys_event: sys_event_port_connect_local(eport_id=0x40, equeue_id=0x3e)
HLE: W {PPU[0x1] Thread (main_thread)[0x006ea4cc]} cellSpurs: cellSpursAttachLv2EventQueue(spurs=*0x21104a00, queue=0x3e, port=*0xd003f7a0, isDynamic=0)
HLE: W {PPU[0x1] Thread (main_thread)[0x006ea4cc]} sys_spu: sys_spu_thread_group_connect_event_all_threads(id=0x32, eq=0x3e, req=0x8000, spup=*0xd003f7a0)
HLE: W {PPU[0x1] Thread (main_thread)[0x006ea4cc]} cellSpurs: cellSpursAttachLv2EventQueue(spurs=*0x21104a00, queue=0x3e, port=*0xd003f7a1, isDynamic=0)
HLE: W {PPU[0x1] Thread (main_thread)[0x006ea4cc]} sys_spu: sys_spu_thread_group_connect_event_all_threads(id=0x32, eq=0x3e, req=0x2, spup=*0xd003f7a1)
HLE: W {PPU[0x1] Thread (main_thread)[0x006ea4cc]} cellSpurs: cellSpursAttachLv2EventQueue(spurs=*0x21104a00, queue=0x3e, port=*0xd003f7a2, isDynamic=0)
HLE: W {PPU[0x1] Thread (main_thread)[0x006ea4cc]} sys_spu: sys_spu_thread_group_connect_event_all_threads(id=0x32, eq=0x3e, req=0x4000, spup=*0xd003f7a2)
HLE: W {PPU[0x1] Thread (main_thread)[0x006ea4cc]} cellSpurs: cellSpursAttachLv2EventQueue(spurs=*0x21104a00, queue=0x3e, port=*0x21105a10, isDynamic=1)
HLE: W {PPU[0x1] Thread (main_thread)[0x006ea4cc]} sys_spu: sys_spu_thread_group_connect_event_all_threads(id=0x32, eq=0x3e, req=0xffffffffffff0000, spup=*0x21105a10)
HLE: W {PPU[0x1] Thread (main_thread)[0x006e9d0c]} cellFs: cellFsStat(path=*0x10002128, sb=*0xd003f8f0) -> sys_fs_stat()
HLE: W {PPU[0x1] Thread (main_thread)[0x006e9d0c]} sys_fs: sys_fs_stat(path=*0x10002128, sb=*0xd003f8f0)
HLE: W {PPU[0x1] Thread (main_thread)[0x006e9d0c]} sys_fs: *** path = '/dev_bdvd/PS3_GAME/USRDIR'
HLE: S {PPU[0x1] Thread (main_thread)[0x006ea04c]} Last function: cellDiscGameRegisterDiscChangeCallback (0xdfdd302e)
G: ! {PPU[0x1] Thread (main_thread)[0x006ea04c]} Registers:
=========
GPR[0] = 0x49d84
GPR[1] = 0xd003f880
GPR[2] = 0x71f800
GPR[3] = 0x6f39f0
GPR[4] = 0x6f39f8
GPR[5] = 0x21105a10
GPR[6] = 0x1
GPR[7] = 0x10000
GPR[8] = 0x1
GPR[9] = 0x10102dd0
GPR[10] = 0x4d80
GPR[11] = 0x8d
GPR[12] = 0x44000024
GPR[13] = 0x733030
GPR[14] = 0x0
GPR[15] = 0x72a000
GPR[16] = 0x729000
GPR[17] = 0x0
GPR[18] = 0x6ef000
GPR[19] = 0x100000
GPR[20] = 0x0
GPR[21] = 0x0
GPR[22] = 0x0
GPR[23] = 0x0
GPR[24] = 0x0
GPR[25] = 0x1
GPR[26] = 0x100e0508
GPR[27] = 0xd003fa48
GPR[28] = 0x1920011090
GPR[29] = 0x20404c10
GPR[30] = 0x72a000
GPR[31] = 0xd003f8f0
FPR[0] = 0.5
FPR[1] = 265
FPR[2] = 0
FPR[3] = 234.5
FPR[4] = 252.5
FPR[5] = 237.5
FPR[6] = 233.5
FPR[7] = 232.5
FPR[8] = 231.5
FPR[9] = 230.5
FPR[10] = 229.5
FPR[11] = 0
FPR[12] = 0
FPR[13] = 0.25
FPR[14] = 0
FPR[15] = 0
FPR[16] = 0
FPR[17] = 0
FPR[18] = 0
FPR[19] = 0
FPR[20] = 0
FPR[21] = 0
FPR[22] = 0
FPR[23] = 0
FPR[24] = 0
FPR[25] = 0
FPR[26] = 0
FPR[27] = 0
FPR[28] = 0
FPR[29] = 0
FPR[30] = 0
FPR[31] = 0
VPR[0] = 0x00000000000000000000000000000000 [x: 0 y: 0 z: 0 w: 0]
VPR[1] = 0x3f666666000000000000000000000000 [x: 0.9 y: 0 z: 0 w: 0]
VPR[2] = 0x00000000000000000000000000000000 [x: 0 y: 0 z: 0 w: 0]
VPR[3] = 0x00000000000000000000000000000000 [x: 0 y: 0 z: 0 w: 0]
VPR[4] = 0x00000000000000080000000000000007 [x: 0 y: 1.12104e-44 z: 0 w: 9.80909e-45]
VPR[5] = 0xffffffff000000000000000000000000 [x: -nan y: 0 z: 0 w: 0]
VPR[6] = 0x00000000ffffffff0000000000000000 [x: 0 y: -nan z: 0 w: 0]
VPR[7] = 0x0000000000000000ffffffff00000000 [x: 0 y: 0 z: -nan w: 0]
VPR[8] = 0x08090a0b08090a0b08090a0b08090a0b [x: 4.12387e-34 y: 4.12387e-34 z: 4.12387e-34 w: 4.12387e-34]
VPR[9] = 0x04050607040506070405060704050607 [x: 1.56368e-36 y: 1.56368e-36 z: 1.56368e-36 w: 1.56368e-36]
VPR[10] = 0x000000003f8000000000000000000000 [x: 0 y: 1 z: 0 w: 0]
VPR[11] = 0x41a0000041a0000041a0000041a00000 [x: 20 y: 20 z: 20 w: 20]
VPR[12] = 0x3c23d70a000000000000000000000000 [x: 0.01 y: 0 z: 0 w: 0]
VPR[13] = 0xbf666666000000000000000000000000 [x: -0.9 y: 0 z: 0 w: 0]
VPR[14] = 0x00000000000000000000000000000000 [x: 0 y: 0 z: 0 w: 0]
VPR[15] = 0x000000000238a230000000003f800000 [x: 0 y: 1.35647e-37 z: 0 w: 1]
VPR[16] = 0x00000000000000000000000000000000 [x: 0 y: 0 z: 0 w: 0]
VPR[17] = 0x00000000000000000000000000000000 [x: 0 y: 0 z: 0 w: 0]
VPR[18] = 0x00000000000000080000000000000007 [x: 0 y: 1.12104e-44 z: 0 w: 9.80909e-45]
VPR[19] = 0x00000002013eda500000000000000ac3 [x: 2.8026e-45 y: 3.50541e-38 z: 0 w: 3.86058e-42]
VPR[20] = 0x00000000000000000000000000000000 [x: 0 y: 0 z: 0 w: 0]
VPR[21] = 0x00000000000000000000000000000000 [x: 0 y: 0 z: 0 w: 0]
VPR[22] = 0x000000000238a350000000003f800000 [x: 0 y: 1.35651e-37 z: 0 w: 1]
VPR[23] = 0x00000000000000000000000000000000 [x: 0 y: 0 z: 0 w: 0]
VPR[24] = 0x00000000000000000000000000000000 [x: 0 y: 0 z: 0 w: 0]
VPR[25] = 0x00000000000000080000000000000007 [x: 0 y: 1.12104e-44 z: 0 w: 9.80909e-45]
VPR[26] = 0x00000002013eda700000000000000ac4 [x: 2.8026e-45 y: 3.50542e-38 z: 0 w: 3.86198e-42]
VPR[27] = 0x00000000000000000000000000000000 [x: 0 y: 0 z: 0 w: 0]
VPR[28] = 0x00000000000000000000000000000000 [x: 0 y: 0 z: 0 w: 0]
VPR[29] = 0x000000000238a3b0000000003f800000 [x: 0 y: 1.35652e-37 z: 0 w: 1]
VPR[30] = 0x00000000000000000000000000000000 [x: 0 y: 0 z: 0 w: 0]
VPR[31] = 0x00000000000000000000000000000000 [x: 0 y: 0 z: 0 w: 0]
CR = 0x44000022
LR = 0x49dbc
CTR = 0x0
XER = 0x20000000 [CA=1 | OV=8589934592 | SO=0]
FPSCR = 0x0 [RN=0 | NI=0 | XE=0 | ZE=0 | UE=0 | OE=0 | VE=0 | VXCVI=0 | VXSQRT=0 | VXSOFT=0 | FPRF=0 | FI=0 | FR=0 | VXVC=0 | VXIMZ=0 | VXZDZ=0 | VXIDI=0 | VXISI=0 | VXSNAN=0 | XX=0 | ZX=0 | UX=0 | OX=0 | VX=0 | FEX=0 | FX=0]

G: E {PPU[0x1] Thread (main_thread)[0x006ea04c]} Exception: 
(in file Emu\SysCalls\Modules\cellGame.cpp:688, in function cellDiscGameRegisterDiscChangeCallback)
G: ! Stopping emulator...
G: ! All threads signaled...
G: ! {PPU[0x2] Thread (Callback Thread)[0x00000000]} Thread aborted
G: ! {PPU[0x3c] Thread (SpursHdlr1)[0x00000000]} Thread aborted
G: ! {SPU[0x37] Thread (CellSpursKernel4)[0x00818]} Thread aborted
HLE: S {PPU[0x3f] Thread (Job Manager Event Handler)[0x0056038c]} Last syscall: 130 (sys_event_queue_receive)
G: ! {SPU[0x36] Thread (CellSpursKernel3)[0x00818]} Thread aborted
G: ! {SPU[0x34] Thread (CellSpursKernel1)[0x00818]} Thread aborted
G: ! {SPU[0x35] Thread (CellSpursKernel2)[0x00818]} Thread aborted
G: ! {PPU[0x3f] Thread (Job Manager Event Handler)[0x0056038c]} Thread aborted
G: ! {SPU[0x33] Thread (CellSpursKernel0)[0x00818]} Thread aborted
G: ! {PPU[0x3d] Thread (SpursHdlr0)[0x00000000]} Thread aborted
G: ! All threads stopped...
G: ! Objects cleared...
