LDR: E PSFLoader::Load() failed: unknown magic (0x0)
G: ! RPCS3 0.0.0.5 v0.0.0.5-2531-g69bde39
G: ! 
G: ! Stopping emulator...
LDR: ! Decrypting 'D:/Emulateurs/Rpcs3/dev_hdd0/game/BCES00874-[THE FIGHT™]/PS3_GAME/USRDIR/EBOOT.BIN'...
LDR: ! Loading 'D:/Emulateurs/Rpcs3/dev_hdd0/game/BCES00874-[THE FIGHT™]/PS3_GAME/USRDIR/BOOT.BIN'...
G: W fs::file::open('D:/Emulateurs/Rpcs3/dev_hdd0/game/BCES00874-[THE FIGHT™]/PS3_GAME/dev_bdvd.path', 0x1) failed: error 0x2
LDR: ! 
LDR: ! Mount info:
LDR: ! /dev_usb000/ -> D:/Emulateurs/Rpcs3/dev_usb000/
LDR: ! /dev_flash/ -> D:/Emulateurs/Rpcs3/dev_flash/
LDR: ! /host_root/ -> 
LDR: ! /dev_hdd0/ -> D:/Emulateurs/Rpcs3/dev_hdd0/
LDR: ! /dev_hdd1/ -> D:/Emulateurs/Rpcs3/dev_hdd1/
LDR: ! /dev_bdvd/ -> D:/Emulateurs/Rpcs3/dev_hdd0/game/BCES00874-[THE FIGHT™]/
LDR: ! /dev_usb/ -> D:/Emulateurs/Rpcs3/dev_usb000/
LDR: ! 
LDR: ! Settings:
LDR: ! CPU: PPU Interpreter 2
LDR: ! SPU: SPU Recompiler (ASMJIT)
LDR: ! Renderer: DirectX 12
LDR: ! D3D Adapter: Default
LDR: ! Resolution: 1280x720
LDR: ! Write Depth Buffer: No
LDR: ! Write Color Buffers: No
LDR: ! Read Color Buffer: No
LDR: ! Audio Out: XAudio2
LDR: ! Log Everything: No
LDR: ! RSX Logging: No
LDR: ! 
LDR: ! Title: THE FIGHT™
LDR: ! Serial: BCES00874
LDR: ! Elf path: /dev_bdvd/PS3_GAME/USRDIR/BOOT.BIN
LDR: ! 
LDR: ! loader::init() failed: Broken file
LDR: ! *** sdk version: 0x340001
LDR: ! *** primary prio: 1001
LDR: ! *** primary stacksize: 0x10000
LDR: ! *** malloc pagesize: 0x100000
LDR: ! *** ppc seg: 0x0
LDR: ! Imported function 'cellGcmGetTiledPitchSize' in 'cellGcmSys' module (0x121d3bc)
LDR: ! Imported function 'cellGcmSetUserHandler' in 'cellGcmSys' module (0x121d3dc)
LDR: ! Imported function 'cellGcmSetPrepareFlip' in 'cellGcmSys' module (0x121d3fc)
LDR: ! Imported function '_cellGcmInitBody' in 'cellGcmSys' module (0x121d41c)
LDR: ! Imported function 'cellGcmAddressToOffset' in 'cellGcmSys' module (0x121d43c)
LDR: ! Imported function '_cellGcmFunc15' in 'cellGcmSys' module (0x121d45c)
LDR: ! Imported function 'cellGcmSetFlipMode' in 'cellGcmSys' module (0x121d47c)
LDR: ! Imported function 'cellGcmGetDefaultCommandWordSize' in 'cellGcmSys' module (0x121d49c)
LDR: ! Imported function 'cellGcmGetLastFlipTime' in 'cellGcmSys' module (0x121d4bc)
LDR: ! Imported function 'cellGcmGetDefaultSegmentWordSize' in 'cellGcmSys' module (0x121d4dc)
LDR: ! Imported function 'cellGcmSetDefaultFifoSize' in 'cellGcmSys' module (0x121d4fc)
LDR: ! Imported function 'cellGcmBindZcull' in 'cellGcmSys' module (0x121d51c)
LDR: ! Imported function 'cellGcmMapMainMemory' in 'cellGcmSys' module (0x121d53c)
LDR: ! Imported function 'cellGcmSetFlipHandler' in 'cellGcmSys' module (0x121d55c)
LDR: ! Imported function 'cellGcmSetDisplayBuffer' in 'cellGcmSys' module (0x121d57c)
LDR: ! Imported function 'cellGcmGetControlRegister' in 'cellGcmSys' module (0x121d59c)
LDR: ! Imported function 'cellGcmUnbindZcull' in 'cellGcmSys' module (0x121d5bc)
LDR: ! Imported function 'cellGcmSetVBlankHandler' in 'cellGcmSys' module (0x121d5dc)
LDR: ! Imported function 'cellGcmSetFlipImmediate' in 'cellGcmSys' module (0x121d5fc)
LDR: ! Imported function 'cellGcmSetInvalidateTile' in 'cellGcmSys' module (0x121d61c)
LDR: ! Imported function 'cellGcmSetTile' in 'cellGcmSys' module (0x121d63c)
LDR: ! Imported function 'cellGcmUnmapIoAddress' in 'cellGcmSys' module (0x121d65c)
LDR: ! Imported function 'cellGcmGetConfiguration' in 'cellGcmSys' module (0x121d67c)
LDR: ! Imported function 'cellGcmUnmapEaIoAddress' in 'cellGcmSys' module (0x121d69c)
LDR: ! Imported function 'cellGcmGetLabelAddress' in 'cellGcmSys' module (0x121d6bc)
LDR: ! Imported function 'cellPadClearBuf' in 'sys_io' module (0x121d6dc)
LDR: ! Imported function 'cellPadInit' in 'sys_io' module (0x121d6fc)
LDR: ! Imported function 'cellPadEnd' in 'sys_io' module (0x121d71c)
LDR: ! Imported function 'cellPadSetPortSetting' in 'sys_io' module (0x121d73c)
LDR: ! Imported function 'cellPadGetData' in 'sys_io' module (0x121d75c)
LDR: ! Imported function 'cellPadGetInfo2' in 'sys_io' module (0x121d77c)
LDR: ! Imported function 'cellPadSetActDirect' in 'sys_io' module (0x121d79c)
LDR: ! Imported function 'cellFsClose' in 'sys_fs' module (0x121d7bc)
LDR: ! Imported function 'cellFsOpendir' in 'sys_fs' module (0x121d7dc)
LDR: ! Imported function 'cellFsRead' in 'sys_fs' module (0x121d7fc)
LDR: ! Imported function 'cellFsOpen' in 'sys_fs' module (0x121d81c)
LDR: ! Imported function 'cellFsStat' in 'sys_fs' module (0x121d83c)
LDR: ! Imported function 'cellFsUnlink' in 'sys_fs' module (0x121d85c)
LDR: ! Imported function 'cellFsLseek' in 'sys_fs' module (0x121d87c)
LDR: ! Imported function 'cellFsMkdir' in 'sys_fs' module (0x121d89c)
LDR: ! Imported function 'cellFsFstat' in 'sys_fs' module (0x121d8bc)
LDR: ! Imported function 'cellFsClosedir' in 'sys_fs' module (0x121d8dc)
LDR: ! Imported function 'cellFsRmdir' in 'sys_fs' module (0x12203fc)
LDR: ! Imported function 'cellFsReaddir' in 'sys_fs' module (0x122041c)
LDR: ! Imported function 'cellFsSdataOpenByFd' in 'sys_fs' module (0x122043c)
LDR: ! Imported function 'cellFsFsync' in 'sys_fs' module (0x122045c)
LDR: ! Imported function 'cellFsGetFreeSize' in 'sys_fs' module (0x122047c)
LDR: ! Imported function 'cellFsSdataOpen' in 'sys_fs' module (0x122049c)
LDR: ! Imported function 'cellFsWrite' in 'sys_fs' module (0x12204bc)
LDR: ! Imported function 'cellSpursAttributeSetNamePrefix' in 'cellSpurs' module (0x121d8fc)
LDR: ! Imported function 'cellSpursAttributeEnableSpuPrintfIfAvailable' in 'cellSpurs' module (0x121d91c)
LDR: ! Imported function '_cellSpursTasksetAttributeInitialize' in 'cellSpurs' module (0x121d93c)
LDR: ! Imported function 'cellSpursCreateTaskWithAttribute' in 'cellSpurs' module (0x121d95c)
LDR: ! Imported function 'cellSpursEventFlagDetachLv2EventQueue' in 'cellSpurs' module (0x121d97c)
LDR: ! Imported function 'cellSpursCreateJobChainWithAttribute' in 'cellSpurs' module (0x121d99c)
LDR: ! Imported function '_cellSpursJobChainAttributeInitialize' in 'cellSpurs' module (0x121d9bc)
LDR: ! Imported function 'cellSpursEventFlagWait' in 'cellSpurs' module (0x121d9dc)
LDR: ! Imported function 'cellSpursCreateTaskset2' in 'cellSpurs' module (0x121d9fc)
LDR: ! Imported function 'cellSpursDetachLv2EventQueue' in 'cellSpurs' module (0x121da1c)
LDR: ! Imported function 'cellSpursTraceInitialize' in 'cellSpurs' module (0x121da3c)
LDR: ! Imported function '_cellSpursEventFlagInitialize' in 'cellSpurs' module (0x121da5c)
LDR: ! Imported function 'cellSpursTasksetAttributeSetName' in 'cellSpurs' module (0x121da7c)
LDR: ! Imported function 'cellSpursJobGuardInitialize' in 'cellSpurs' module (0x121da9c)
LDR: ! Imported function 'cellSpursShutdownJobChain' in 'cellSpurs' module (0x121dabc)
LDR: ! Imported function 'cellSpursTraceFinalize' in 'cellSpurs' module (0x121dadc)
LDR: ! Imported function 'cellSpursBarrierInitialize' in 'cellSpurs' module (0x121dafc)
LDR: ! Imported function 'cellSpursEventFlagAttachLv2EventQueue' in 'cellSpurs' module (0x121db1c)
LDR: ! Imported function 'cellSpursTaskGetContextSaveAreaSize' in 'cellSpurs' module (0x121db3c)
LDR: ! Imported function '_cellSpursAttributeInitialize' in 'cellSpurs' module (0x121db5c)
LDR: ! Imported function 'cellSpursJoinTaskset' in 'cellSpurs' module (0x121db7c)
LDR: ! Imported function 'cellSpursShutdownTaskset' in 'cellSpurs' module (0x121db9c)
LDR: ! Imported function 'cellSpursJoinTask2' in 'cellSpurs' module (0x121dbbc)
LDR: ! Imported function 'cellSpursJoinJobChain' in 'cellSpurs' module (0x121dbdc)
LDR: ! Imported function 'cellSpursInitializeWithAttribute' in 'cellSpurs' module (0x121dbfc)
LDR: ! Imported function 'cellSpursInitialize' in 'cellSpurs' module (0x121dc1c)
LDR: ! Imported function '_cellSpursTaskAttributeInitialize' in 'cellSpurs' module (0x121dc3c)
LDR: ! Imported function 'cellSpursAttachLv2EventQueue' in 'cellSpurs' module (0x121dc5c)
LDR: ! Imported function 'cellSpursCreateTask' in 'cellSpurs' module (0x121dc7c)
LDR: ! Imported function 'cellSpursCreateTasksetWithAttribute' in 'cellSpurs' module (0x121dc9c)
LDR: ! Imported function '_cellSpursTasksetAttribute2Initialize' in 'cellSpurs' module (0x121dcbc)
LDR: ! Imported function 'cellSpursFinalize' in 'cellSpurs' module (0x121dcdc)
LDR: ! Imported function 'cellSpursTraceStart' in 'cellSpurs' module (0x121dcfc)
LDR: ! Imported function 'cellSpursJobGuardNotify' in 'cellSpurs' module (0x121dd1c)
LDR: ! Imported function 'cellSpursTraceStop' in 'cellSpurs' module (0x121dd3c)
LDR: ! Imported function '_cellSpursSendSignal' in 'cellSpurs' module (0x121dd5c)
LDR: ! Imported function 'cellSpursCreateTask2WithBinInfo' in 'cellSpurs' module (0x121dd7c)
LDR: ! Imported function 'cellSpursRunJobChain' in 'cellSpurs' module (0x121dd9c)
LDR: ! Imported function 'cellSpursEventFlagSet' in 'cellSpurs' module (0x121ddbc)
LDR: ! Imported function 'cellGemUpdateStart' in 'libgem' module (0x121dddc)
LDR: ! Imported function 'cellGemInit' in 'libgem' module (0x121ddfc)
LDR: ! Imported function 'cellGemConvertVideoFinish' in 'libgem' module (0x121de1c)
LDR: ! Imported function 'cellGemEnableMagnetometer' in 'libgem' module (0x121de3c)
LDR: ! Imported function 'cellGemGetMemorySize' in 'libgem' module (0x121de5c)
LDR: ! Imported function 'cellGemUpdateFinish' in 'libgem' module (0x121de7c)
LDR: ! Imported function 'cellGemEnableCameraPitchAngleCorrection' in 'libgem' module (0x121de9c)
LDR: ! Imported function 'cellGemSetRumble' in 'libgem' module (0x121debc)
LDR: ! Imported function 'cellGemGetState' in 'libgem' module (0x121dedc)
LDR: ! Imported function 'cellGemConvertVideoStart' in 'libgem' module (0x121defc)
LDR: ! Imported function 'cellGemFilterState' in 'libgem' module (0x121df1c)
LDR: ! Imported function 'cellGemSetYaw' in 'libgem' module (0x121df3c)
LDR: ! Imported function 'cellGemGetCameraState' in 'libgem' module (0x121df5c)
LDR: ! Imported function 'cellGemTrackHues' in 'libgem' module (0x121df7c)
LDR: ! Imported function 'cellGemGetImageState' in 'libgem' module (0x121df9c)
LDR: ! Imported function 'cellGemGetInfo' in 'libgem' module (0x121dfbc)
LDR: ! Imported function 'cellGemPrepareCamera' in 'libgem' module (0x121dfdc)
LDR: ! Imported function 'cellGemCalibrate' in 'libgem' module (0x121dffc)
LDR: ! Imported function 'cellGemPrepareVideoConvert' in 'libgem' module (0x121e01c)
LDR: ! Imported function 'cellGemForceRGB' in 'libgem' module (0x121e03c)
LDR: ! Imported function 'cellGemGetInertialState' in 'libgem' module (0x121e05c)
LDR: ! Imported function 'cellGemReset' in 'libgem' module (0x121e07c)
LDR: ! Imported function 'cellGemEnd' in 'libgem' module (0x121e09c)
LDR: ! Imported function 'cellGemInvalidateCalibration' in 'libgem' module (0x121e0bc)
LDR: ! Imported function 'cellGemGetStatusFlags' in 'libgem' module (0x121e0dc)
LDR: ! Imported function 'cellCameraGetBufferInfoEx' in 'cellCamera' module (0x121e0fc)
LDR: ! Imported function 'cellCameraReadEx' in 'cellCamera' module (0x121e11c)
LDR: ! Imported function 'cellCameraRemoveNotifyEventQueue2' in 'cellCamera' module (0x121e13c)
LDR: ! Imported function 'cellCameraStart' in 'cellCamera' module (0x121e15c)
LDR: ! Imported function 'cellCameraGetType' in 'cellCamera' module (0x121e17c)
LDR: ! Imported function 'cellCameraOpenEx' in 'cellCamera' module (0x121e19c)
LDR: ! Imported function 'cellCameraReset' in 'cellCamera' module (0x121e1bc)
LDR: ! Imported function 'cellCameraSetAttribute' in 'cellCamera' module (0x121e1dc)
LDR: ! Imported function 'cellCameraSetNotifyEventQueue2' in 'cellCamera' module (0x121e1fc)
LDR: ! Imported function 'cellCameraInit' in 'cellCamera' module (0x121e21c)
LDR: ! Imported function 'cellSysmoduleUnloadModule' in 'cellSysmodule' module (0x121e23c)
LDR: ! Imported function 'cellSysmoduleLoadModule' in 'cellSysmodule' module (0x121e25c)
LDR: ! Imported function 'cellSysmoduleIsLoaded' in 'cellSysmodule' module (0x121e27c)
LDR: ! Imported function 'cellSysmoduleInitialize' in 'cellSysmodule' module (0x12204dc)
LDR: ! Imported function 'cellSysutilUnregisterCallback' in 'cellSysutil' module (0x121e29c)
LDR: ! Imported function 'cellVideoOutConfigure' in 'cellSysutil' module (0x121e2bc)
LDR: ! Imported function 'cellSysutilCheckCallback' in 'cellSysutil' module (0x121e2dc)
LDR: ! Imported function 'cellSaveDataListLoad2' in 'cellSysutil' module (0x121e2fc)
LDR: ! Imported function 'cellSysutilEnableBgmPlayback' in 'cellSysutil' module (0x121e31c)
LDR: ! Imported function 'cellSaveDataListSave2' in 'cellSysutil' module (0x121e33c)
LDR: ! Imported function 'cellOskDialogGetSize' in 'cellSysutil' module (0x121e35c)
LDR: ! Imported function 'cellOskDialogUnloadAsync' in 'cellSysutil' module (0x121e37c)
LDR: ! Imported function 'cellMsgDialogOpenErrorCode' in 'cellSysutil' module (0x121e39c)
LDR: ! Imported function 'cellSysutilGetSystemParamInt' in 'cellSysutil' module (0x121e3bc)
LDR: ! Imported function 'cellAudioOutConfigure' in 'cellSysutil' module (0x121e3dc)
LDR: ! Imported function 'cellMsgDialogAbort' in 'cellSysutil' module (0x121e3fc)
LDR: ! Imported function 'cellMsgDialogOpen2' in 'cellSysutil' module (0x121e41c)
LDR: ! Imported function 'cellOskDialogAddSupportLanguage' in 'cellSysutil' module (0x121e43c)
LDR: ! Imported function 'cellOskDialogLoadAsync' in 'cellSysutil' module (0x121e45c)
LDR: ! Imported function 'cellVideoOutGetState' in 'cellSysutil' module (0x121e47c)
LDR: ! Imported function 'cellSaveDataAutoSave2' in 'cellSysutil' module (0x121e49c)
LDR: ! Imported function 'cellSysutilRegisterCallback' in 'cellSysutil' module (0x121e4bc)
LDR: ! Imported function 'cellSysutilGetBgmPlaybackStatus' in 'cellSysutil' module (0x121e4dc)
LDR: ! Imported function 'cellVideoOutGetResolutionAvailability' in 'cellSysutil' module (0x121e4fc)
LDR: ! Imported function 'cellOskDialogSetKeyLayoutOption' in 'cellSysutil' module (0x121e51c)
LDR: ! Imported function 'cellOskDialogAbort' in 'cellSysutil' module (0x121e53c)
LDR: ! Imported function 'cellAudioOutGetSoundAvailability' in 'cellSysutil' module (0x121e55c)
LDR: ! Imported function 'cellOskDialogSetInitialKeyLayout' in 'cellSysutil' module (0x121e57c)
LDR: ! Imported function 'cellSysutilDisableBgmPlayback' in 'cellSysutil' module (0x121e59c)
LDR: ! Imported function 'cellVideoOutDebugSetMonitorType' in 'cellSysutil' module (0x121e5bc)
LDR: ! Imported function 'cellVideoOutGetResolution' in 'cellSysutil' module (0x121e5dc)
LDR: ! Imported function 'cellOskDialogSetLayoutMode' in 'cellSysutil' module (0x121e5fc)
LDR: ! Imported function 'cellSaveDataAutoLoad2' in 'cellSysutil' module (0x121e61c)
LDR: ! Imported function 'cellOskDialogGetInputText' in 'cellSysutil' module (0x12204fc)
LDR: ! Imported function 'cellMsgDialogProgressBarInc' in 'cellSysutil' module (0x122051c)
LDR: ! Imported function 'cellSaveDataEnableOverlay' in 'cellSysutil' module (0x122053c)
LDR: ! Imported function 'sceNpBasicSendMessageGui' in 'sceNp' module (0x121e63c)
LDR: ! Imported function 'sceNpBasicGetFriendListEntry' in 'sceNp' module (0x121e65c)
LDR: ! Imported function 'sceNpScoreGetRankingByNpId' in 'sceNp' module (0x121e67c)
LDR: ! Imported function 'sceNpManagerGetTicket' in 'sceNp' module (0x121e69c)
LDR: ! Imported function 'sceNpScoreRecordScore' in 'sceNp' module (0x121e6bc)
LDR: ! Imported function 'sceNpBasicAddPlayersHistory' in 'sceNp' module (0x121e6dc)
LDR: ! Imported function 'sceNpScoreDestroyTitleCtx' in 'sceNp' module (0x121e6fc)
LDR: ! Imported function 'sceNpScoreInit' in 'sceNp' module (0x121e71c)
LDR: ! Imported function 'sceNpManagerUnregisterCallback' in 'sceNp' module (0x121e73c)
LDR: ! Imported function 'sceNpBasicRecvMessageAttachmentLoad' in 'sceNp' module (0x121e75c)
LDR: ! Imported function 'sceNpManagerGetContentRatingFlag' in 'sceNp' module (0x121e77c)
LDR: ! Imported function 'sceNpScoreCreateTransactionCtx' in 'sceNp' module (0x121e79c)
LDR: ! Imported function 'sceNpBasicRecvMessageCustom' in 'sceNp' module (0x121e7bc)
LDR: ! Imported function 'sceNpManagerRequestTicket2' in 'sceNp' module (0x121e7dc)
LDR: ! Imported function 'sceNpScoreTerm' in 'sceNp' module (0x121e7fc)
LDR: ! Imported function 'sceNpManagerGetEntitlementById' in 'sceNp' module (0x121e81c)
LDR: ! Imported function 'sceNpBasicUnregisterHandler' in 'sceNp' module (0x121e83c)
LDR: ! Imported function 'sceNpDrmIsAvailable' in 'sceNp' module (0x121e85c)
LDR: ! Imported function 'sceNpBasicGetFriendListEntryCount' in 'sceNp' module (0x121e87c)
LDR: ! Imported function 'sceNpScoreCreateTitleCtx' in 'sceNp' module (0x121e89c)
LDR: ! Imported function 'sceNpBasicRegisterHandler' in 'sceNp' module (0x121e8bc)
LDR: ! Imported function 'sceNpScoreDestroyTransactionCtx' in 'sceNp' module (0x121e8dc)
LDR: ! Imported function 'sceNpProfileCallGui' in 'sceNp' module (0x121e8fc)
LDR: ! Imported function 'sceNpUtilCmpNpId' in 'sceNp' module (0x121e91c)
LDR: ! Imported function 'sceNpBasicGetEvent' in 'sceNp' module (0x121e93c)
LDR: ! Imported function 'sceNpManagerRegisterCallback' in 'sceNp' module (0x121e95c)
LDR: ! Imported function 'sceNpManagerGetChatRestrictionFlag' in 'sceNp' module (0x121e97c)
LDR: ! Imported function 'sceNpScoreGetRankingByRange' in 'sceNp' module (0x121e99c)
LDR: ! Imported function 'sceNpManagerGetNpId' in 'sceNp' module (0x121e9bc)
LDR: ! Imported function 'sceNpDrmIsAvailable2' in 'sceNp' module (0x122055c)
LDR: ! Imported function 'sceNpMatching2DestroyContext' in 'sceNp2' module (0x121e9dc)
LDR: ! Imported function 'sceNpMatching2SearchRoom' in 'sceNp2' module (0x121e9fc)
LDR: ! Imported function 'sceNpMatching2SignalingGetConnectionStatus' in 'sceNp2' module (0x121ea1c)
LDR: ! Imported function 'sceNpMatching2ContextStart' in 'sceNp2' module (0x121ea3c)
LDR: ! Imported function 'sceNpMatching2LeaveRoom' in 'sceNp2' module (0x121ea5c)
LDR: ! Imported function 'sceNpMatching2SetRoomDataExternal' in 'sceNp2' module (0x121ea7c)
LDR: ! Imported function 'sceNpMatching2Term2' in 'sceNp2' module (0x121ea9c)
LDR: ! Imported function 'sceNpMatching2GetServerInfo' in 'sceNp2' module (0x121eabc)
LDR: ! Imported function 'sceNpMatching2GetEventData' in 'sceNp2' module (0x121eadc)
LDR: ! Imported function 'sceNp2Init' in 'sceNp2' module (0x121eafc)
LDR: ! Imported function 'sceNpMatching2JoinRoom' in 'sceNp2' module (0x121eb1c)
LDR: ! Imported function 'sceNpMatching2RegisterContextCallback' in 'sceNp2' module (0x121eb3c)
LDR: ! Imported function 'sceNpMatching2SignalingGetPingInfo' in 'sceNp2' module (0x121eb5c)
LDR: ! Imported function 'sceNpMatching2GetServerIdListLocal' in 'sceNp2' module (0x121eb7c)
LDR: ! Imported function 'sceNpMatching2CreateContext' in 'sceNp2' module (0x121eb9c)
LDR: ! Imported function 'sceNp2Term' in 'sceNp2' module (0x121ebbc)
LDR: ! Imported function 'sceNpMatching2SetDefaultRequestOptParam' in 'sceNp2' module (0x121ebdc)
LDR: ! Imported function 'sceNpMatching2RegisterRoomEventCallback' in 'sceNp2' module (0x121ebfc)
LDR: ! Imported function 'sceNpMatching2CreateJoinRoom' in 'sceNp2' module (0x121ec1c)
LDR: ! Imported function 'sceNpMatching2Init2' in 'sceNp2' module (0x121ec3c)
LDR: ! Imported function 'sceNpCommerce2DestroyReq' in 'sceNpCommerce2' module (0x121ec5c)
LDR: ! Imported function 'sceNpCommerce2Init' in 'sceNpCommerce2' module (0x121ec7c)
LDR: ! Imported function 'sceNpCommerce2GetCategoryContentsStart' in 'sceNpCommerce2' module (0x121ec9c)
LDR: ! Imported function 'sceNpCommerce2GetCategoryContentsCreateReq' in 'sceNpCommerce2' module (0x121ecbc)
LDR: ! Imported function 'sceNpCommerce2CreateSessionFinish' in 'sceNpCommerce2' module (0x121ecdc)
LDR: ! Imported function 'sceNpCommerce2GetContentInfo' in 'sceNpCommerce2' module (0x121ecfc)
LDR: ! Imported function 'sceNpCommerce2DoProductBrowseStartAsync' in 'sceNpCommerce2' module (0x121ed1c)
LDR: ! Imported function 'sceNpCommerce2DoProductBrowseFinishAsync' in 'sceNpCommerce2' module (0x121ed3c)
LDR: ! Imported function 'sceNpCommerce2GetCategoryInfo' in 'sceNpCommerce2' module (0x121ed5c)
LDR: ! Imported function 'sceNpCommerce2GetCategoryContentsGetResult' in 'sceNpCommerce2' module (0x121ed7c)
LDR: ! Imported function 'sceNpCommerce2CreateSessionStart' in 'sceNpCommerce2' module (0x121ed9c)
LDR: ! Imported function 'sceNpCommerce2InitGetCategoryContentsResult' in 'sceNpCommerce2' module (0x121edbc)
LDR: ! Imported function 'sceNpCommerce2CreateCtx' in 'sceNpCommerce2' module (0x121eddc)
LDR: ! Imported function 'sceNpCommerce2GetGameProductInfoFromContentInfo' in 'sceNpCommerce2' module (0x121edfc)
LDR: ! Imported function 'cellSysutilAvc2JoinChat' in 'cellSysutilAvc2' module (0x121ee1c)
LDR: ! Imported function 'cellSysutilAvc2StopStreaming' in 'cellSysutilAvc2' module (0x121ee3c)
LDR: ! Imported function 'cellSysutilAvc2Unload' in 'cellSysutilAvc2' module (0x121ee5c)
LDR: ! Imported function 'cellSysutilAvc2StartStreaming' in 'cellSysutilAvc2' module (0x121ee7c)
LDR: ! Imported function 'cellSysutilAvc2InitParam' in 'cellSysutilAvc2' module (0x121ee9c)
LDR: ! Imported function 'cellSysutilAvc2LeaveChat' in 'cellSysutilAvc2' module (0x121eebc)
LDR: ! Imported function 'cellSysutilAvc2Load' in 'cellSysutilAvc2' module (0x121eedc)
LDR: ! Imported function 'sceNpTrophyRegisterContext' in 'sceNpTrophy' module (0x121eefc)
LDR: ! Imported function 'sceNpTrophyCreateHandle' in 'sceNpTrophy' module (0x121ef1c)
LDR: ! Imported function 'sceNpTrophyGetRequiredDiskSpace' in 'sceNpTrophy' module (0x121ef3c)
LDR: ! Imported function 'sceNpTrophyDestroyContext' in 'sceNpTrophy' module (0x121ef5c)
LDR: ! Imported function 'sceNpTrophyInit' in 'sceNpTrophy' module (0x121ef7c)
LDR: ! Imported function 'sceNpTrophyAbortHandle' in 'sceNpTrophy' module (0x121ef9c)
LDR: ! Imported function 'sceNpTrophyDestroyHandle' in 'sceNpTrophy' module (0x121efbc)
LDR: ! Imported function 'sceNpTrophyUnlockTrophy' in 'sceNpTrophy' module (0x121efdc)
LDR: ! Imported function 'sceNpTrophyTerm' in 'sceNpTrophy' module (0x121effc)
LDR: ! Imported function 'sceNpTrophyCreateContext' in 'sceNpTrophy' module (0x121f01c)
LDR: ! Imported function 'sceNpTrophyGetTrophyInfo' in 'sceNpTrophy' module (0x121f03c)
LDR: ! Imported function 'cellSaveDataListDelete' in 'cellSaveData' module (0x121f05c)
LDR: ! Imported function 'cellUserInfoGetStat' in 'cellUserInfo' module (0x121f07c)
LDR: ! Imported function 'cellGameContentPermit' in 'cellGame' module (0x121f09c)
LDR: ! Imported function 'cellGameBootCheck' in 'cellGame' module (0x121f0bc)
LDR: ! Imported function 'cellGameCreateGameData' in 'cellGame' module (0x12205fc)
LDR: ! Imported function 'cellGameDataCheck' in 'cellGame' module (0x122061c)
LDR: ! Imported function 'sys_net_initialize_network_ex' in 'sys_net' module (0x121f0dc)
LDR: ! Imported function 'listen' in 'sys_net' module (0x121f0fc)
LDR: ! Imported function 'socketselect' in 'sys_net' module (0x121f11c)
LDR: ! Imported function '_sys_net_errno_loc' in 'sys_net' module (0x121f13c)
LDR: ! Imported function 'connect' in 'sys_net' module (0x121f15c)
LDR: ! Imported function 'socketclose' in 'sys_net' module (0x121f17c)
LDR: ! Imported function 'setsockopt' in 'sys_net' module (0x121f19c)
LDR: ! Imported function 'socket' in 'sys_net' module (0x121f1bc)
LDR: ! Imported function 'bind' in 'sys_net' module (0x121f1dc)
LDR: ! Imported function 'sys_net_finalize_network' in 'sys_net' module (0x121f1fc)
LDR: ! Imported function 'accept' in 'sys_net' module (0x121f21c)
LDR: ! Imported function 'inet_addr' in 'sys_net' module (0x121f23c)
LDR: ! Imported function 'send' in 'sys_net' module (0x121f25c)
LDR: ! Imported function 'recv' in 'sys_net' module (0x121f27c)
LDR: ! Imported function 'getsockname' in 'sys_net' module (0x122063c)
LDR: ! Imported function 'recvfrom' in 'sys_net' module (0x122065c)
LDR: ! Imported function 'gethostbyname' in 'sys_net' module (0x122067c)
LDR: ! Imported function 'inet_ntoa' in 'sys_net' module (0x122069c)
LDR: ! Imported function 'sendto' in 'sys_net' module (0x12206bc)
LDR: ! Imported function 'shutdown' in 'sys_net' module (0x12206dc)
LDR: ! Imported function 'cellNetCtlNetStartDialogLoadAsync' in 'cellNetCtl' module (0x121f29c)
LDR: ! Imported function 'cellNetCtlNetStartDialogUnloadAsync' in 'cellNetCtl' module (0x121f2bc)
LDR: ! Imported function 'cellNetCtlTerm' in 'cellNetCtl' module (0x121f2dc)
LDR: ! Imported function 'cellNetCtlGetNatInfo' in 'cellNetCtl' module (0x121f2fc)
LDR: ! Imported function 'cellNetCtlInit' in 'cellNetCtl' module (0x121f31c)
LDR: ! Imported function 'cellSailGraphicsAdapterGetFrame' in 'cellSail' module (0x121f33c)
LDR: ! Imported function 'cellSailDescriptorCreateDatabase' in 'cellSail' module (0x121f35c)
LDR: ! Imported function 'cellSailFutureReset' in 'cellSail' module (0x121f37c)
LDR: ! Imported function 'cellSailPlayerSetSoundAdapter' in 'cellSail' module (0x121f39c)
LDR: ! Imported function 'cellSailGraphicsAdapterPtsToTimePosition' in 'cellSail' module (0x121f3bc)
LDR: ! Imported function 'cellSailPlayerFinalize' in 'cellSail' module (0x121f3dc)
LDR: ! Imported function 'cellSailPlayerSetGraphicsAdapter' in 'cellSail' module (0x121f3fc)
LDR: ! Imported function 'cellSailGraphicsAdapterInitialize' in 'cellSail' module (0x121f41c)
LDR: ! Imported function 'cellSailSoundAdapterSetPreferredFormat' in 'cellSail' module (0x121f43c)
LDR: ! Imported function 'cellSailPlayerInitialize2' in 'cellSail' module (0x121f45c)
LDR: ! Imported function 'cellSailDescriptorDestroyDatabase' in 'cellSail' module (0x121f47c)
LDR: ! Imported function 'cellSailGraphicsAdapterSetPreferredFormat' in 'cellSail' module (0x121f49c)
LDR: ! Imported function 'cellSailMemAllocatorInitialize' in 'cellSail' module (0x121f4bc)
LDR: ! Imported function 'cellSailPlayerOpenStream' in 'cellSail' module (0x121f4dc)
LDR: ! Imported function 'cellSailFutureGet' in 'cellSail' module (0x121f4fc)
LDR: ! Imported function 'cellSailSoundAdapterInitialize' in 'cellSail' module (0x121f51c)
LDR: ! Imported function 'cellSailGraphicsAdapterUpdateAvSync' in 'cellSail' module (0x121f53c)
LDR: ! Imported function 'cellSailSoundAdapterPtsToTimePosition' in 'cellSail' module (0x121f55c)
LDR: ! Imported function 'cellSailFutureInitialize' in 'cellSail' module (0x121f57c)
LDR: ! Imported function 'cellSailMp4MovieGetMovieInfo' in 'cellSail' module (0x121f59c)
LDR: ! Imported function 'cellSailPlayerSetParameter' in 'cellSail' module (0x121f5bc)
LDR: ! Imported function 'cellSailAviMovieGetMovieInfo' in 'cellSail' module (0x121f5dc)
LDR: ! Imported function 'cellSailGraphicsAdapterFinalize' in 'cellSail' module (0x121f5fc)
LDR: ! Imported function 'cellSailPlayerAddDescriptor' in 'cellSail' module (0x121f61c)
LDR: ! Imported function 'cellSailSoundAdapterGetFrame' in 'cellSail' module (0x121f63c)
LDR: ! Imported function 'cellSailFutureFinalize' in 'cellSail' module (0x121f65c)
LDR: ! Imported function 'cellSailFutureSet' in 'cellSail' module (0x121f67c)
LDR: ! Imported function 'cellSailPlayerBoot' in 'cellSail' module (0x121f69c)
LDR: ! Imported function 'cellSailSoundAdapterFinalize' in 'cellSail' module (0x121f6bc)
LDR: ! Imported function 'cellSailPlayerSetPaused' in 'cellSail' module (0x121f6dc)
LDR: ! Imported function 'cellSailPlayerCreateDescriptor' in 'cellSail' module (0x121f6fc)
LDR: ! Imported function 'cellSailPlayerStart' in 'cellSail' module (0x121f71c)
LDR: ! Imported function 'cellSailPlayerStop' in 'cellSail' module (0x121f73c)
LDR: ! Imported function 'cellSailSoundAdapterUpdateAvSync' in 'cellSail' module (0x121f75c)
LDR: ! Imported function 'cellSailSoundAdapterGetFormat' in 'cellSail' module (0x121f77c)
LDR: ! Imported function 'cellSailPlayerSetRepeatMode' in 'cellSail' module (0x121f79c)
LDR: ! Imported function 'cellSailPlayerDestroyDescriptor' in 'cellSail' module (0x121f7bc)
LDR: ! Imported function 'cellSailGraphicsAdapterGetFormat' in 'cellSail' module (0x121f7dc)
LDR: ! Imported function 'cellSailPlayerCloseStream' in 'cellSail' module (0x12206fc)
LDR: ! Imported function 'cellAudioInGetAvailableDeviceInfo' in 'cellSysutilAvconfExt' module (0x121f7fc)
LDR: ! Imported function 'cellVideoOutSetGamma' in 'cellSysutilAvconfExt' module (0x121f81c)
LDR: ! Imported function 'cellAudioInSetDeviceMode' in 'cellSysutilAvconfExt' module (0x121f83c)
LDR: ! Imported function 'cellAudioInRegisterDevice' in 'cellSysutilAvconfExt' module (0x121f85c)
LDR: ! Imported function 'cellAudioInUnregisterDevice' in 'cellSysutilAvconfExt' module (0x121f87c)
LDR: ! Imported function 'cellMicOpenEx' in 'cellMic' module (0x121f89c)
LDR: ! Imported function 'cellMicRead' in 'cellMic' module (0x121f8bc)
LDR: ! Imported function 'cellMicRemoveNotifyEventQueue' in 'cellMic' module (0x121f8dc)
LDR: ! Imported function 'cellMicSetNotifyEventQueue' in 'cellMic' module (0x121f8fc)
LDR: ! Imported function 'cellMicInit' in 'cellMic' module (0x121f91c)
LDR: ! Imported function 'cellMicClose' in 'cellMic' module (0x121f93c)
LDR: ! Imported function 'cellMicGetSignalState' in 'cellMic' module (0x121f95c)
LDR: ! Imported function 'cellMicEnd' in 'cellMic' module (0x121f97c)
LDR: ! Imported function 'cellMicOpen' in 'cellMic' module (0x121f99c)
LDR: ! Imported function 'cellMicStart' in 'cellMic' module (0x121f9bc)
LDR: ! Imported function 'cellMicStop' in 'cellMic' module (0x121f9dc)
LDR: ! Imported function 'cellAudioCreateNotifyEventQueue' in 'cellAudio' module (0x121f9fc)
LDR: ! Imported function 'cellAudioInit' in 'cellAudio' module (0x121fa1c)
LDR: ! Imported function 'cellAudioSetNotifyEventQueue' in 'cellAudio' module (0x121fa3c)
LDR: ! Imported function 'cellAudioGetPortTimestamp' in 'cellAudio' module (0x121fa5c)
LDR: ! Imported function 'cellAudioPortClose' in 'cellAudio' module (0x121fa7c)
LDR: ! Imported function 'cellAudioPortStop' in 'cellAudio' module (0x121fa9c)
LDR: ! Imported function 'cellAudioGetPortConfig' in 'cellAudio' module (0x121fabc)
LDR: ! Imported function 'cellAudioAdd6chData' in 'cellAudio' module (0x121fadc)
LDR: ! Imported function 'cellAudioPortStart' in 'cellAudio' module (0x121fafc)
LDR: ! Imported function 'cellAudioAdd2chData' in 'cellAudio' module (0x121fb1c)
LDR: ! Imported function 'cellAudioQuit' in 'cellAudio' module (0x121fb3c)
LDR: ! Imported function 'cellAudioPortOpen' in 'cellAudio' module (0x121fb5c)
LDR: ! Imported function 'cellAudioAddData' in 'cellAudio' module (0x121fb7c)
LDR: ! Imported function 'cellAudioGetPortBlockTag' in 'cellAudio' module (0x121fb9c)
LDR: ! Imported function 'cellAudioRemoveNotifyEventQueue' in 'cellAudio' module (0x121fbbc)
LDR: ! Imported function 'l10n_convert_str' in 'cellL10n' module (0x121fbdc)
LDR: ! Imported function 'l10n_get_converter' in 'cellL10n' module (0x121fbfc)
LDR: ! Imported function 'cellRtcSetTick' in 'cellRtc' module (0x121fc1c)
LDR: ! Imported function 'cellRtcGetCurrentTick' in 'cellRtc' module (0x121fc3c)
LDR: ! Imported function 'cellHttpCreateTransaction' in 'cellHttp' module (0x121fc5c)
LDR: ! Imported function 'cellHttpResponseGetStatusCode' in 'cellHttp' module (0x121fc7c)
LDR: ! Imported function 'cellHttpClientSetSslCallback' in 'cellHttp' module (0x121fc9c)
LDR: ! Imported function 'cellHttpInit' in 'cellHttp' module (0x121fcbc)
LDR: ! Imported function 'cellHttpDestroyTransaction' in 'cellHttp' module (0x121fcdc)
LDR: ! Imported function 'cellHttpClientSetCookieStatus' in 'cellHttp' module (0x121fcfc)
LDR: ! Imported function 'cellHttpResponseGetContentLength' in 'cellHttp' module (0x121fd1c)
LDR: ! Imported function 'cellHttpCreateClient' in 'cellHttp' module (0x121fd3c)
LDR: ! Imported function 'cellHttpsInit' in 'cellHttp' module (0x121fd5c)
LDR: ! Imported function 'cellHttpRecvResponse' in 'cellHttp' module (0x121fd7c)
LDR: ! Imported function 'cellHttpInitCookie' in 'cellHttp' module (0x121fd9c)
LDR: ! Imported function 'cellHttpDestroyClient' in 'cellHttp' module (0x121fdbc)
LDR: ! Imported function 'cellHttpSendRequest' in 'cellHttp' module (0x121fddc)
LDR: ! Imported function 'cellHttpRequestSetContentLength' in 'cellHttp' module (0x121fdfc)
LDR: ! Imported function 'cellHttpEnd' in 'cellHttp' module (0x121fe1c)
LDR: ! Imported function 'cellHttpsEnd' in 'cellHttp' module (0x121fe3c)
LDR: ! Imported function 'cellHttpUtilParseUri' in 'cellHttpUtil' module (0x121fe5c)
LDR: ! Imported function 'cellSslCertGetNameEntryInfo' in 'cellSsl' module (0x121fe7c)
LDR: ! Imported function 'cellSslCertGetRsaPublicKeyExponent' in 'cellSsl' module (0x121fe9c)
LDR: ! Imported function 'cellSslEnd' in 'cellSsl' module (0x121febc)
LDR: ! Imported function 'cellSslCertGetNotAfter' in 'cellSsl' module (0x121fedc)
LDR: ! Imported function 'cellSslCertGetNotBefore' in 'cellSsl' module (0x121fefc)
LDR: ! Imported function 'cellSslCertGetSubjectName' in 'cellSsl' module (0x121ff1c)
LDR: ! Imported function 'cellSslCertificateLoader' in 'cellSsl' module (0x121ff3c)
LDR: ! Imported function 'cellSslCertGetMd5Fingerprint' in 'cellSsl' module (0x121ff5c)
LDR: ! Imported function 'cellSslCertGetNameEntryCount' in 'cellSsl' module (0x121ff7c)
LDR: ! Imported function 'cellSslCertGetSerialNumber' in 'cellSsl' module (0x121ff9c)
LDR: ! Imported function 'cellSslCertGetRsaPublicKeyModulus' in 'cellSsl' module (0x121ffbc)
LDR: ! Imported function 'cellSslCertGetIssuerName' in 'cellSsl' module (0x121ffdc)
LDR: ! Imported function 'cellSslCertGetPublicKey' in 'cellSsl' module (0x121fffc)
LDR: ! Imported function 'cellSslInit' in 'cellSsl' module (0x122001c)
LDR: ! Imported function 'cellScreenShotSetOverlayImage' in 'cellScreenShotUtility' module (0x122003c)
LDR: ! Imported function 'cellScreenShotEnable' in 'cellScreenShotUtility' module (0x122005c)
LDR: ! Imported function 'cellScreenShotSetParameter' in 'cellScreenShotUtility' module (0x122007c)
LDR: ! Imported function 'cellScreenShotDisable' in 'cellScreenShotUtility' module (0x122009c)
LDR: ! Imported function 'sys_lwmutex_lock' in 'sysPrxForUser' module (0x12200bc)
LDR: ! Imported function 'sys_lwmutex_unlock' in 'sysPrxForUser' module (0x12200dc)
LDR: ! Imported function 'sys_lwcond_destroy' in 'sysPrxForUser' module (0x12200fc)
LDR: ! Imported function 'sys_ppu_thread_create' in 'sysPrxForUser' module (0x122011c)
LDR: ! Imported function 'sys_prx_load_module' in 'sysPrxForUser' module (0x122013c)
LDR: ! Imported function 'sys_lwcond_wait' in 'sysPrxForUser' module (0x122015c)
LDR: ! Imported function '_sys_process_atexitspawn' in 'sysPrxForUser' module (0x122017c)
LDR: ! Imported function 'sys_lwmutex_create' in 'sysPrxForUser' module (0x122019c)
LDR: ! Imported function 'sys_ppu_thread_get_id' in 'sysPrxForUser' module (0x12201bc)
LDR: ! Imported function 'sys_prx_register_library' in 'sysPrxForUser' module (0x12201dc)
LDR: ! Imported function 'sys_process_is_stack' in 'sysPrxForUser' module (0x12201fc)
LDR: ! Imported function 'sys_initialize_tls' in 'sysPrxForUser' module (0x122021c)
LDR: ! Imported function 'sys_time_get_system_time' in 'sysPrxForUser' module (0x122023c)
LDR: ! Imported function '_sys_process_at_Exitspawn' in 'sysPrxForUser' module (0x122025c)
LDR: ! Imported function 'sys_prx_exitspawn_with_level' in 'sysPrxForUser' module (0x122027c)
LDR: ! Imported function 'sys_prx_load_module_on_memcontainer_by_fd' in 'sysPrxForUser' module (0x122029c)
LDR: ! Imported function 'sys_prx_load_module_on_memcontainer' in 'sysPrxForUser' module (0x12202bc)
LDR: ! Imported function 'sys_ppu_thread_exit' in 'sysPrxForUser' module (0x12202dc)
LDR: ! Imported function 'sys_lwmutex_destroy' in 'sysPrxForUser' module (0x12202fc)
LDR: ! Imported function 'sys_lwcond_create' in 'sysPrxForUser' module (0x122031c)
LDR: ! Imported function 'sys_spu_image_close' in 'sysPrxForUser' module (0x122033c)
LDR: ! Imported function 'sys_process_exit' in 'sysPrxForUser' module (0x122035c)
LDR: ! Imported function 'sys_lwcond_signal_all' in 'sysPrxForUser' module (0x122037c)
LDR: ! Imported function 'sys_spu_image_import' in 'sysPrxForUser' module (0x122039c)
LDR: ! Imported function 'sys_prx_load_module_by_fd' in 'sysPrxForUser' module (0x12203bc)
LDR: ! Imported function 'sys_lwcond_signal' in 'sysPrxForUser' module (0x12203dc)
LDR: ! Imported function '_sys_heap_malloc' in 'sysPrxForUser' module (0x122071c)
LDR: ! Imported function '_sys_heap_memalign' in 'sysPrxForUser' module (0x122073c)
LDR: ! Imported function '_sys_heap_free' in 'sysPrxForUser' module (0x122075c)
LDR: ! Imported function 'sys_lwmutex_trylock' in 'sysPrxForUser' module (0x122077c)
LDR: ! Imported function '_sys_heap_delete_heap' in 'sysPrxForUser' module (0x122079c)
LDR: ! Imported function '_sys_heap_create_heap' in 'sysPrxForUser' module (0x12207bc)
LDR: ! Imported function 'cellOskDialogExtInputDeviceUnlock' in 'cellOskExtUtility' module (0x122057c)
LDR: ! Imported function 'cellOskDialogExtRegisterKeyboardEventHookCallback' in 'cellOskExtUtility' module (0x122059c)
LDR: ! Imported function 'cellOskDialogExtInputDeviceLock' in 'cellOskExtUtility' module (0x12205bc)
LDR: ! Imported function 'cellOskDialogExtRegisterConfirmWordFilterCallback' in 'cellOskExtUtility' module (0x12205dc)
MEM: ! Thread Local Storage initialized (g_tls_start=0x1ffa000, user_size=0x1fc)
*** TLS segment addr: 0x014cff84
*** TLS segment size: 0x00000008
HLE: W {PPU[0x1] Thread (main_thread)[0x0122019c]} sysPrxForUser: sys_lwmutex_create(lwmutex=*0x1ff22e8, attr=*0x1263b08)
HLE: W {PPU[0x1] Thread (main_thread)[0x00e5c3c4]} sys_memory: sys_memory_get_user_memory_size(mem_info=*0xd000fc04)
HLE: W {PPU[0x1] Thread (main_thread)[0x0122019c]} sysPrxForUser: sys_lwmutex_create(lwmutex=*0x1ff20f0, attr=*0x1263b08)
HLE: W {PPU[0x1] Thread (main_thread)[0x0122019c]} sysPrxForUser: sys_lwmutex_create(lwmutex=*0x1ff1878, attr=*0x1263b08)
HLE: W {PPU[0x1] Thread (main_thread)[0x0122019c]} sysPrxForUser: sys_lwmutex_create(lwmutex=*0x1ff18a0, attr=*0x1263b08)
HLE: W {PPU[0x1] Thread (main_thread)[0x0122019c]} sysPrxForUser: sys_lwmutex_create(lwmutex=*0x1ff18c8, attr=*0x1263b08)
HLE: W {PPU[0x1] Thread (main_thread)[0x0122019c]} sysPrxForUser: sys_lwmutex_create(lwmutex=*0x1ff17b0, attr=*0x1263b08)
HLE: W {PPU[0x1] Thread (main_thread)[0x0122019c]} sysPrxForUser: sys_lwmutex_create(lwmutex=*0x1ff17d8, attr=*0x1263b08)
HLE: W {PPU[0x1] Thread (main_thread)[0x0122019c]} sysPrxForUser: sys_lwmutex_create(lwmutex=*0x1ff1800, attr=*0x1263b08)
HLE: W {PPU[0x1] Thread (main_thread)[0x0122019c]} sysPrxForUser: sys_lwmutex_create(lwmutex=*0x1ff1828, attr=*0x1263b08)
HLE: W {PPU[0x1] Thread (main_thread)[0x0122019c]} sysPrxForUser: sys_lwmutex_create(lwmutex=*0x1ff1850, attr=*0x1263b08)
HLE: W {PPU[0x1] Thread (main_thread)[0x0122019c]} sysPrxForUser: sys_lwmutex_create(lwmutex=*0x1ff2438, attr=*0x14d51b0)
HLE: W {PPU[0x1] Thread (main_thread)[0x0122019c]} sysPrxForUser: sys_lwmutex_create(lwmutex=*0x1ff23b8, attr=*0x14d51b0)
HLE: W {PPU[0x1] Thread (main_thread)[0x0122019c]} sysPrxForUser: sys_lwmutex_create(lwmutex=*0x1ff23f8, attr=*0x14d51c0)
HLE: W {PPU[0x1] Thread (main_thread)[0x00e5ad2c]} sys_memory: sys_memory_allocate(size=0x100000, flags=0x400, alloc_addr=*0xd000f830)
HLE: W {PPU[0x1] Thread (main_thread)[0x0122019c]} sysPrxForUser: sys_lwmutex_create(lwmutex=*0x20000020, attr=*0x1263b08)
HLE: W {PPU[0x1] Thread (main_thread)[0x0122019c]} sysPrxForUser: sys_lwmutex_create(lwmutex=*0x200000a0, attr=*0x1263b08)
HLE: W {PPU[0x1] Thread (main_thread)[0x0122019c]} sysPrxForUser: sys_lwmutex_create(lwmutex=*0x20000130, attr=*0x1263b08)
HLE: W {PPU[0x1] Thread (main_thread)[0x0122019c]} sysPrxForUser: sys_lwmutex_create(lwmutex=*0x20000190, attr=*0x1263b08)
HLE: W {PPU[0x1] Thread (main_thread)[0x0122019c]} sysPrxForUser: sys_lwmutex_create(lwmutex=*0x200001d0, attr=*0x1263b08)
HLE: W {PPU[0x1] Thread (main_thread)[0x0122019c]} sysPrxForUser: sys_lwmutex_create(lwmutex=*0x20000210, attr=*0x1263b08)
HLE: W {PPU[0x1] Thread (main_thread)[0x0122019c]} sysPrxForUser: sys_lwmutex_create(lwmutex=*0x200002d0, attr=*0x1263b08)
HLE: W {PPU[0x1] Thread (main_thread)[0x0122019c]} sysPrxForUser: sys_lwmutex_create(lwmutex=*0x20000300, attr=*0x1263b08)
HLE: W {PPU[0x1] Thread (main_thread)[0x0122019c]} sysPrxForUser: sys_lwmutex_create(lwmutex=*0x20000330, attr=*0x1263b08)
HLE: W {PPU[0x1] Thread (main_thread)[0x0122019c]} sysPrxForUser: sys_lwmutex_create(lwmutex=*0x20000360, attr=*0x1263b08)
HLE: W {PPU[0x1] Thread (main_thread)[0x0122019c]} sysPrxForUser: sys_lwmutex_create(lwmutex=*0x20000390, attr=*0x1263b08)
HLE: W {PPU[0x1] Thread (main_thread)[0x0122019c]} sysPrxForUser: sys_lwmutex_create(lwmutex=*0x200003c0, attr=*0x1263b08)
HLE: W {PPU[0x1] Thread (main_thread)[0x0122019c]} sysPrxForUser: sys_lwmutex_create(lwmutex=*0x20000750, attr=*0x1263b08)
HLE: W {PPU[0x1] Thread (main_thread)[0x0122019c]} sysPrxForUser: sys_lwmutex_create(lwmutex=*0x1ff0f88, attr=*0xd000fb80)
HLE: W {PPU[0x1] Thread (main_thread)[0x0122019c]} sysPrxForUser: sys_lwmutex_create(lwmutex=*0x1faebf8, attr=*0xd000fbd0)
HLE: W {PPU[0x1] Thread (main_thread)[0x0122019c]} sysPrxForUser: sys_lwmutex_create(lwmutex=*0x1fad890, attr=*0xd000fbd0)
HLE: W {PPU[0x1] Thread (main_thread)[0x00b3c6e4]} sys_semaphore: sys_semaphore_create(sem_id=*0x1fad8b8, attr=*0xd000fb40, initial_val=1, max_val=1)
HLE: W {PPU[0x1] Thread (main_thread)[0x0122019c]} sysPrxForUser: sys_lwmutex_create(lwmutex=*0x1fab788, attr=*0xd000fb50)
HLE: W {PPU[0x1] Thread (main_thread)[0x00e4a354]} sys_time: sys_time_get_timezone(timezone=*0xd000fb20, summertime=*0xd000fb24)
HLE: W {PPU[0x1] Thread (main_thread)[0x00e4beb4]} sys_time: sys_time_get_timezone(timezone=*0xd000fb20, summertime=*0xd000fb24)
HLE: W {PPU[0x1] Thread (main_thread)[0x00e4a2f8]} sys_time: sys_time_get_timezone(timezone=*0xd000fb20, summertime=*0xd000fb24)
HLE: W {PPU[0x1] Thread (main_thread)[0x00e4beb4]} sys_time: sys_time_get_timezone(timezone=*0xd000fb20, summertime=*0xd000fb24)
HLE: W {PPU[0x1] Thread (main_thread)[0x0122019c]} sysPrxForUser: sys_lwmutex_create(lwmutex=*0x14d3870, attr=*0xd000fbb0)
HLE: W {PPU[0x1] Thread (main_thread)[0x0122019c]} sysPrxForUser: sys_lwmutex_create(lwmutex=*0x14d9e88, attr=*0xd000fbb0)
HLE: W {PPU[0x1] Thread (main_thread)[0x0122019c]} sysPrxForUser: sys_lwmutex_create(lwmutex=*0x14d9e60, attr=*0xd000fbd0)
HLE: W {PPU[0x1] Thread (main_thread)[0x0122019c]} sysPrxForUser: sys_lwmutex_create(lwmutex=*0x1659350, attr=*0xd000fbd0)
HLE: W {PPU[0x1] Thread (main_thread)[0x0122019c]} sysPrxForUser: sys_lwmutex_create(lwmutex=*0x1659318, attr=*0xd000fbd0)
HLE: W {PPU[0x1] Thread (main_thread)[0x0122019c]} sysPrxForUser: sys_lwmutex_create(lwmutex=*0x16592e0, attr=*0xd000fbf0)
HLE: W {PPU[0x1] Thread (main_thread)[0x0122019c]} sysPrxForUser: sys_lwmutex_create(lwmutex=*0x1659280, attr=*0xd000fbd0)
HLE: W {PPU[0x1] Thread (main_thread)[0x0122019c]} sysPrxForUser: sys_lwmutex_create(lwmutex=*0x1659248, attr=*0xd000fbf0)
HLE: W {PPU[0x1] Thread (main_thread)[0x0122019c]} sysPrxForUser: sys_lwmutex_create(lwmutex=*0x1659210, attr=*0xd000fbf0)
HLE: W {PPU[0x1] Thread (main_thread)[0x0122019c]} sysPrxForUser: sys_lwmutex_create(lwmutex=*0x1658020, attr=*0xd000fbf0)
HLE: W {PPU[0x1] Thread (main_thread)[0x0122019c]} sysPrxForUser: sys_lwmutex_create(lwmutex=*0x1657f28, attr=*0xd000fbf0)
HLE: W {PPU[0x1] Thread (main_thread)[0x0122019c]} sysPrxForUser: sys_lwmutex_create(lwmutex=*0x16574f8, attr=*0xd000fbd0)
HLE: W {PPU[0x1] Thread (main_thread)[0x00a31e6c]} sys_mutex: sys_mutex_create(mutex_id=*0xd000fa00, attr=*0xd000fa08)
HLE: W {PPU[0x1] Thread (main_thread)[0x0122019c]} sysPrxForUser: sys_lwmutex_create(lwmutex=*0x1656748, attr=*0xd000fbe0)
HLE: W {PPU[0x1] Thread (main_thread)[0x0122019c]} sysPrxForUser: sys_lwmutex_create(lwmutex=*0x16563c0, attr=*0xd000fbd0)
HLE: W {PPU[0x1] Thread (main_thread)[0x0122019c]} sysPrxForUser: sys_lwmutex_create(lwmutex=*0x1655d48, attr=*0xd000fbd0)
HLE: W {PPU[0x1] Thread (main_thread)[0x0122019c]} sysPrxForUser: sys_lwmutex_create(lwmutex=*0x1655ce8, attr=*0xd000fbd0)
HLE: W {PPU[0x1] Thread (main_thread)[0x0122019c]} sysPrxForUser: sys_lwmutex_create(lwmutex=*0x1655c88, attr=*0xd000fbd0)
HLE: W {PPU[0x1] Thread (main_thread)[0x0122019c]} sysPrxForUser: sys_lwmutex_create(lwmutex=*0x1ff8fe0, attr=*0xd000fbf0)
HLE: W {PPU[0x1] Thread (main_thread)[0x0122019c]} sysPrxForUser: sys_lwmutex_create(lwmutex=*0x1655b48, attr=*0xd000fbd0)
HLE: W {PPU[0x1] Thread (main_thread)[0x0122019c]} sysPrxForUser: sys_lwmutex_create(lwmutex=*0x1655aa8, attr=*0xd000fbd0)
HLE: W {PPU[0x1] Thread (main_thread)[0x0122019c]} sysPrxForUser: sys_lwmutex_create(lwmutex=*0x16559e8, attr=*0xd000fbf0)
HLE: W {PPU[0x1] Thread (main_thread)[0x0122019c]} sysPrxForUser: sys_lwmutex_create(lwmutex=*0x1655890, attr=*0xd000fbc0)
HLE: W {PPU[0x1] Thread (main_thread)[0x0122019c]} sysPrxForUser: sys_lwmutex_create(lwmutex=*0x16558b8, attr=*0xd000fbc0)
HLE: W {PPU[0x1] Thread (main_thread)[0x0122019c]} sysPrxForUser: sys_lwmutex_create(lwmutex=*0x1655648, attr=*0xd000fbd0)
HLE: W {PPU[0x1] Thread (main_thread)[0x0122019c]} sysPrxForUser: sys_lwmutex_create(lwmutex=*0x1653fc0, attr=*0xd000fbd0)
HLE: W {PPU[0x1] Thread (main_thread)[0x0122019c]} sysPrxForUser: sys_lwmutex_create(lwmutex=*0x1653da0, attr=*0xd000fbd0)
HLE: W {PPU[0x1] Thread (main_thread)[0x0122019c]} sysPrxForUser: sys_lwmutex_create(lwmutex=*0x16539b0, attr=*0xd000fbd0)
TTY: before ps3 init\n
HLE: W {PPU[0x1] Thread (main_thread)[0x00e5ad2c]} sys_memory: sys_memory_allocate(size=0xe00000, flags=0x400, alloc_addr=*0xd000f720)
HLE: W {PPU[0x1] Thread (main_thread)[0x0121e25c]} cellSysmodule: cellSysmoduleLoadModule(id=0x000e: CELL_SYSMODULE_FS)
HLE: W {PPU[0x1] Thread (main_thread)[0x0121e25c]} cellSysmodule: cellSysmoduleLoadModule(id=0x0017: CELL_SYSMODULE_IO)
HLE: W {PPU[0x1] Thread (main_thread)[0x0121e25c]} cellSysmodule: cellSysmoduleLoadModule(id=0x000a: CELL_SYSMODULE_SPURS)
HLE: W {PPU[0x1] Thread (main_thread)[0x0121e25c]} cellSysmodule: cellSysmoduleLoadModule(id=0x0010: CELL_SYSMODULE_GCM_SYS)
HLE: W {PPU[0x1] Thread (main_thread)[0x0121e25c]} cellSysmodule: cellSysmoduleLoadModule(id=0x0000: CELL_SYSMODULE_NET)
HLE: W {PPU[0x1] Thread (main_thread)[0x0121e25c]} cellSysmodule: cellSysmoduleLoadModule(id=0x0011: CELL_SYSMODULE_AUDIO)
HLE: W {PPU[0x1] Thread (main_thread)[0x0121e25c]} cellSysmodule: cellSysmoduleLoadModule(id=0x0023: CELL_SYSMODULE_CAMERA)
HLE: W {PPU[0x1] Thread (main_thread)[0x0121e25c]} cellSysmodule: cellSysmoduleLoadModule(id=0x005a: CELL_SYSMODULE_GEM)
HLE: W {PPU[0x1] Thread (main_thread)[0x0121e25c]} cellSysmodule: cellSysmoduleLoadModule(id=0x001e: CELL_SYSMODULE_L10N)
HLE: W {PPU[0x1] Thread (main_thread)[0x0121e25c]} cellSysmodule: cellSysmoduleLoadModule(id=0x0031: CELL_SYSMODULE_AVCONF_EXT)
HLE: W {PPU[0x1] Thread (main_thread)[0x0121e25c]} cellSysmodule: cellSysmoduleLoadModule(id=0x0015: CELL_SYSMODULE_SYSUTIL)
HLE: W {PPU[0x1] Thread (main_thread)[0x0121e25c]} cellSysmodule: cellSysmoduleLoadModule(id=0x003e: CELL_SYSMODULE_SYSUTIL_GAME)
HLE: W {PPU[0x1] Thread (main_thread)[0x0121e25c]} cellSysmodule: cellSysmoduleLoadModule(id=0x0032: CELL_SYSMODULE_SYSUTIL_USERINFO)
HLE: W {PPU[0x1] Thread (main_thread)[0x0121e25c]} cellSysmodule: cellSysmoduleLoadModule(id=0x0033: CELL_SYSMODULE_SYSUTIL_SAVEDATA)
HLE: W {PPU[0x1] Thread (main_thread)[0x0121e25c]} cellSysmodule: cellSysmoduleLoadModule(id=0x003b: CELL_SYSMODULE_SYSUTIL_OSK_EXT)
HLE: E {PPU[0x1] Thread (main_thread)[0x0122053c]} cellSysutil: cellSaveDataEnableOverlay(enable=1)
HLE: W {PPU[0x1] Thread (main_thread)[0x0121e4bc]} cellSysutil: cellSysutilRegisterCallback(slot=0, func=*0x1472068, userdata=*0x0)
HLE: S {PPU[0x1] Thread (main_thread)[0x012205dc]} Last function: cellOskDialogExtRegisterConfirmWordFilterCallback (0x8692fcd2)
G: ! {PPU[0x1] Thread (main_thread)[0x012205dc]} Registers:
=========
GPR[0] = 0xcf7f8c
GPR[1] = 0xd000f850
GPR[2] = 0x14c9f74
GPR[3] = 0x1471d18
GPR[4] = 0x1472068
GPR[5] = 0x0
GPR[6] = 0x0
GPR[7] = 0x20d00010
GPR[8] = 0x20d10c48
GPR[9] = 0x0
GPR[10] = 0x1fffc8
GPR[11] = 0x20d00008
GPR[12] = 0x24000024
GPR[13] = 0x2001030
GPR[14] = 0x0
GPR[15] = 0x13bd000
GPR[16] = 0x13bc000
GPR[17] = 0x0
GPR[18] = 0x13bb000
GPR[19] = 0x100000
GPR[20] = 0x0
GPR[21] = 0x4d
GPR[22] = 0x14da2c0
GPR[23] = 0x47
GPR[24] = 0x1
GPR[25] = 0x5f
GPR[26] = 0x13bd000
GPR[27] = 0x1fcf268
GPR[28] = 0x33
GPR[29] = 0x1fcfad8
GPR[30] = 0x53
GPR[31] = 0x50
FPR[0] = 3.40282E+38
FPR[1] = 3.40282E+38
FPR[2] = 20
FPR[3] = 20
FPR[4] = 20
FPR[5] = 9.88131E-323
FPR[6] = 20
FPR[7] = 0.8
FPR[8] = 0.3
FPR[9] = 0.2
FPR[10] = 22.0318
FPR[11] = 12.1989
FPR[12] = 129.515
FPR[13] = -12.1989
FPR[14] = 0
FPR[15] = 0
FPR[16] = 0
FPR[17] = 0
FPR[18] = 0
FPR[19] = 0
FPR[20] = 0
FPR[21] = 0
FPR[22] = 0
FPR[23] = 0
FPR[24] = 0
FPR[25] = 0
FPR[26] = 0
FPR[27] = 0
FPR[28] = 0
FPR[29] = 0
FPR[30] = 0
FPR[31] = 0
VPR[0] = 0x00000000000000003f80000000000000 [x: 0 y: 0 z: 1 w: 0]
VPR[1] = 0x00000000000000003f80000000000000 [x: 0 y: 0 z: 1 w: 0]
VPR[2] = 0x00000000000000000000000000000000 [x: 0 y: 0 z: 0 w: 0]
VPR[3] = 0x00000000000000000000000000000000 [x: 0 y: 0 z: 0 w: 0]
VPR[4] = 0x00000000000000080000000000000007 [x: 0 y: 1.12104e-44 z: 0 w: 9.80909e-45]
VPR[5] = 0x00000002013eda280000000000000ac1 [x: 2.8026e-45 y: 3.5054e-38 z: 0 w: 3.85777e-42]
VPR[6] = 0x00000000000000000000000000000000 [x: 0 y: 0 z: 0 w: 0]
VPR[7] = 0x3ff00000000000000000000000000000 [x: 1.875 y: 0 z: 0 w: 0]
VPR[8] = 0x00000000024b3f703ff000003f800000 [x: 0 y: 1.49323e-37 z: 1.875 w: 1]
VPR[9] = 0x00000000000000000000000000000000 [x: 0 y: 0 z: 0 w: 0]
VPR[10] = 0x00000000000000000000000000000000 [x: 0 y: 0 z: 0 w: 0]
VPR[11] = 0x00000000000000080000000000000007 [x: 0 y: 1.12104e-44 z: 0 w: 9.80909e-45]
VPR[12] = 0xffffffffffffffffffffffff00000000 [x: -nan y: -nan z: -nan w: 0]
VPR[13] = 0x00000000000000003f80000000000000 [x: 0 y: 0 z: 1 w: 0]
VPR[14] = 0x00000000000000000000000000000000 [x: 0 y: 0 z: 0 w: 0]
VPR[15] = 0x00000000024b3f90000000023f800000 [x: 0 y: 1.49323e-37 z: 2.8026e-45 w: 1]
VPR[16] = 0x00000000000000000000000000000000 [x: 0 y: 0 z: 0 w: 0]
VPR[17] = 0x00000000000000000000000000000000 [x: 0 y: 0 z: 0 w: 0]
VPR[18] = 0x00000000000000080000000000000007 [x: 0 y: 1.12104e-44 z: 0 w: 9.80909e-45]
VPR[19] = 0x00000002013eda600000000100000ac3 [x: 2.8026e-45 y: 3.50542e-38 z: 1.4013e-45 w: 3.86058e-42]
VPR[20] = 0x00000000000000000000000000000000 [x: 0 y: 0 z: 0 w: 0]
VPR[21] = 0x00000000000000000000000000000000 [x: 0 y: 0 z: 0 w: 0]
VPR[22] = 0x00000000024b4070000000023f800000 [x: 0 y: 1.49326e-37 z: 2.8026e-45 w: 1]
VPR[23] = 0x00000000000000000000000000000000 [x: 0 y: 0 z: 0 w: 0]
VPR[24] = 0x00000000000000000000000000000000 [x: 0 y: 0 z: 0 w: 0]
VPR[25] = 0x00000000000000080000000000000007 [x: 0 y: 1.12104e-44 z: 0 w: 9.80909e-45]
VPR[26] = 0x000d21fd5d00005d0000000000000000 [x: 1.20605e-39 y: 5.76467e+17 z: 0 w: 0]
VPR[27] = 0x0000000002b5ba3000000000023cb020 [x: 0 y: 2.67024e-37 z: 0 w: 1.38626e-37]
VPR[28] = 0x00000000000000000000000000000000 [x: 0 y: 0 z: 0 w: 0]
VPR[29] = 0x800006004fb5df8e0000000000000000 [x: -2.15239e-42 y: 6.10265e+09 z: 0 w: 0]
VPR[30] = 0x0000000000000000000000020127de20 [x: 0 y: 0 z: 2.8026e-45 w: 3.08324e-38]
VPR[31] = 0x00000000023802d0000000000014e8f0 [x: 0 y: 1.3519e-37 z: 0 w: 1.92027e-39]
CR = 0x24000042
LR = 0xcf5990
CTR = 0x0
XER = 0x20000000 [CA=1 | OV=8589934592 | SO=0]
FPSCR = 0x0 [RN=0 | NI=0 | XE=0 | ZE=0 | UE=0 | OE=0 | VE=0 | VXCVI=0 | VXSQRT=0 | VXSOFT=0 | FPRF=0 | FI=0 | FR=0 | VXVC=0 | VXIMZ=0 | VXZDZ=0 | VXIDI=0 | VXISI=0 | VXSNAN=0 | XX=0 | ZX=0 | UX=0 | OX=0 | VX=0 | FEX=0 | FX=0]

G: E {PPU[0x1] Thread (main_thread)[0x012205dc]} Exception: 
(in file Emu\SysCalls\Modules\cellOskDialog.cpp:120, in function cellOskDialogExtRegisterConfirmWordFilterCallback)
G: ! Stopping emulator...
G: ! All threads signaled...
G: ! {PPU[0x2] Thread (Callback Thread)[0x00000000]} Thread aborted
G: ! All threads stopped...
G: ! Objects cleared...
