LDR: E PSFLoader::Load() failed: unknown magic (0x0)
G: ! RPCS3 0.0.0.5 v0.0.0.5-2533-g467bea3
G: ! 
G: ! Stopping emulator...
LDR: ! Loading 'D:/Emulateurs/Rpcs3/dev_hdd0/game/BCES01277-[God of War Collection Volume II]/PS3_GAME/USRDIR/BOOT.BIN'...
G: W fs::file::open('D:/Emulateurs/Rpcs3/dev_hdd0/game/BCES01277-[God of War Collection Volume II]/PS3_GAME/dev_bdvd.path', 0x1) failed: error 0x2
LDR: ! 
LDR: ! Mount info:
LDR: ! /dev_usb000/ -> D:/Emulateurs/Rpcs3/dev_usb000/
LDR: ! /dev_flash/ -> D:/Emulateurs/Rpcs3/dev_flash/
LDR: ! /host_root/ -> 
LDR: ! /dev_hdd0/ -> D:/Emulateurs/Rpcs3/dev_hdd0/
LDR: ! /dev_hdd1/ -> D:/Emulateurs/Rpcs3/dev_hdd1/
LDR: ! /dev_bdvd/ -> D:/Emulateurs/Rpcs3/dev_hdd0/game/BCES01277-[God of War Collection Volume II]/
LDR: ! /dev_usb/ -> D:/Emulateurs/Rpcs3/dev_usb000/
LDR: ! 
LDR: ! Settings:
LDR: ! CPU: PPU Interpreter 2
LDR: ! SPU: SPU Recompiler (ASMJIT)
LDR: ! Renderer: DirectX 12
LDR: ! D3D Adapter: Default
LDR: ! Resolution: 1280x720
LDR: ! Write Depth Buffer: No
LDR: ! Write Color Buffers: No
LDR: ! Read Color Buffer: No
LDR: ! Audio Out: XAudio2
LDR: ! Log Everything: No
LDR: ! RSX Logging: No
LDR: ! 
LDR: ! Title: God of War® Collection: Volume II
LDR: ! Serial: BCES01277
LDR: ! Elf path: /dev_bdvd/PS3_GAME/USRDIR/BOOT.BIN
LDR: ! 
LDR: ! loader::init() failed: Broken file
LDR: ! *** sdk version: 0x360001
LDR: ! *** primary prio: 1001
LDR: ! *** primary stacksize: 0x70
LDR: ! *** malloc pagesize: 0x100000
LDR: ! *** ppc seg: 0x0
LDR: ! Imported function 'cellVideoOutGetScreenSize' in 'cellSysutilAvconfExt' module (0x456040)
LDR: ! Imported function 'cellAudioCreateNotifyEventQueue' in 'cellAudio' module (0x456060)
LDR: ! Imported function 'cellAudioSetNotifyEventQueue' in 'cellAudio' module (0x456080)
LDR: ! Imported function 'cellAudioGetPortTimestamp' in 'cellAudio' module (0x4560a0)
LDR: ! Imported function 'cellAudioPortClose' in 'cellAudio' module (0x4560c0)
LDR: ! Imported function 'cellAudioPortStop' in 'cellAudio' module (0x4560e0)
LDR: ! Imported function 'cellAudioGetPortConfig' in 'cellAudio' module (0x456100)
LDR: ! Imported function 'cellAudioAdd6chData' in 'cellAudio' module (0x456120)
LDR: ! Imported function 'cellAudioPortStart' in 'cellAudio' module (0x456140)
LDR: ! Imported function 'cellAudioAdd2chData' in 'cellAudio' module (0x456160)
LDR: ! Imported function 'cellAudioQuit' in 'cellAudio' module (0x456180)
LDR: ! Imported function 'cellAudioPortOpen' in 'cellAudio' module (0x4561a0)
LDR: ! Imported function 'cellAudioAddData' in 'cellAudio' module (0x4561c0)
LDR: ! Imported function 'cellAudioGetPortBlockTag' in 'cellAudio' module (0x4561e0)
LDR: ! Imported function 'cellAudioRemoveNotifyEventQueue' in 'cellAudio' module (0x456200)
LDR: ! Imported function 'cellAudioInit' in 'cellAudio' module (0x457480)
LDR: ! Imported function 'cellPadInit' in 'sys_io' module (0x456220)
LDR: ! Imported function 'cellPadSetPortSetting' in 'sys_io' module (0x456240)
LDR: ! Imported function 'cellPadGetData' in 'sys_io' module (0x456260)
LDR: ! Imported function 'cellPadGetInfo2' in 'sys_io' module (0x456280)
LDR: ! Imported function 'cellPadSetActDirect' in 'sys_io' module (0x4562a0)
LDR: ! Imported function 'cellSpursAttributeSetNamePrefix' in 'cellSpurs' module (0x4562c0)
LDR: ! Imported function 'cellSpursAttributeSetMemoryContainerForSpuThread' in 'cellSpurs' module (0x4562e0)
LDR: ! Imported function '_cellSpursAttributeInitialize' in 'cellSpurs' module (0x456300)
LDR: ! Imported function 'cellSpursInitializeWithAttribute' in 'cellSpurs' module (0x456320)
LDR: ! Imported function 'cellSpursRequestIdleSpu' in 'cellSpurs' module (0x457240)
LDR: ! Imported function 'cellSpursGetInfo' in 'cellSpurs' module (0x457260)
LDR: ! Imported function 'cellSpursWorkloadAttributeSetName' in 'cellSpurs' module (0x457280)
LDR: ! Imported function 'cellSpursGetWorkloadInfo' in 'cellSpurs' module (0x4572a0)
LDR: ! Imported function 'cellSpursRemoveWorkload' in 'cellSpurs' module (0x4572c0)
LDR: ! Imported function 'cellSpursWaitForWorkloadShutdown' in 'cellSpurs' module (0x4572e0)
LDR: ! Imported function 'cellSpursSetPriorities' in 'cellSpurs' module (0x457300)
LDR: ! Imported function 'cellSpursShutdownWorkload' in 'cellSpurs' module (0x457320)
LDR: ! Imported function 'cellSpursAddWorkloadWithAttribute' in 'cellSpurs' module (0x457340)
LDR: ! Imported function 'cellSpursSetExceptionEventHandler' in 'cellSpurs' module (0x457360)
LDR: ! Imported function '_cellSpursWorkloadAttributeInitialize' in 'cellSpurs' module (0x457380)
LDR: ! Imported function 'cellSpursReadyCountStore' in 'cellSpurs' module (0x4573a0)
LDR: ! Imported function 'cellFsRmdir' in 'sys_fs' module (0x456340)
LDR: ! Imported function 'cellFsClose' in 'sys_fs' module (0x456360)
LDR: ! Imported function 'cellFsOpendir' in 'sys_fs' module (0x456380)
LDR: ! Imported function 'cellFsRead' in 'sys_fs' module (0x4563a0)
LDR: ! Imported function 'cellFsOpen' in 'sys_fs' module (0x4563c0)
LDR: ! Imported function 'cellFsStat' in 'sys_fs' module (0x4563e0)
LDR: ! Imported function 'cellFsUnlink' in 'sys_fs' module (0x456400)
LDR: ! Imported function 'cellFsGetDirectoryEntries' in 'sys_fs' module (0x456420)
LDR: ! Imported function 'cellFsAioFinish' in 'sys_fs' module (0x456440)
LDR: ! Imported function 'cellFsLseek' in 'sys_fs' module (0x456460)
LDR: ! Imported function 'cellFsMkdir' in 'sys_fs' module (0x456480)
LDR: ! Imported function 'cellFsAioInit' in 'sys_fs' module (0x4564a0)
LDR: ! Imported function 'cellFsWrite' in 'sys_fs' module (0x4564c0)
LDR: ! Imported function 'cellFsFstat' in 'sys_fs' module (0x4564e0)
LDR: ! Imported function 'cellFsClosedir' in 'sys_fs' module (0x456500)
LDR: ! Imported function 'cellFsAioWrite' in 'sys_fs' module (0x4573c0)
LDR: ! Imported function 'cellFsAioRead' in 'sys_fs' module (0x4573e0)
LDR: ! Imported function 'cellVideoOutConfigure' in 'cellSysutil' module (0x456520)
LDR: ! Imported function 'cellSysutilCheckCallback' in 'cellSysutil' module (0x456540)
LDR: ! Imported function 'cellSaveDataListLoad2' in 'cellSysutil' module (0x456560)
LDR: ! Imported function 'cellSaveDataListSave2' in 'cellSysutil' module (0x456580)
LDR: ! Imported function 'cellMsgDialogOpen2' in 'cellSysutil' module (0x4565a0)
LDR: ! Imported function 'cellVideoOutGetState' in 'cellSysutil' module (0x4565c0)
LDR: ! Imported function 'cellSaveDataAutoSave2' in 'cellSysutil' module (0x4565e0)
LDR: ! Imported function 'cellSysutilRegisterCallback' in 'cellSysutil' module (0x456600)
LDR: ! Imported function 'cellVideoOutGetResolutionAvailability' in 'cellSysutil' module (0x456620)
LDR: ! Imported function 'cellVideoOutGetResolution' in 'cellSysutil' module (0x456640)
LDR: ! Imported function 'cellSaveDataDelete2' in 'cellSysutil' module (0x456660)
LDR: ! Imported function 'cellSaveDataAutoLoad2' in 'cellSysutil' module (0x456680)
LDR: ! Imported function 'cellSysutilGetSystemParamInt' in 'cellSysutil' module (0x457400)
LDR: ! Imported function 'cellAudioOutConfigure' in 'cellSysutil' module (0x457420)
LDR: ! Imported function 'cellAudioOutGetSoundAvailability' in 'cellSysutil' module (0x457440)
LDR: ! Imported function 'cellSysmoduleUnloadModule' in 'cellSysmodule' module (0x4566a0)
LDR: ! Imported function 'cellSysmoduleLoadModule' in 'cellSysmodule' module (0x4566c0)
LDR: ! Imported function 'cellSysmoduleIsLoaded' in 'cellSysmodule' module (0x457460)
LDR: ! Imported function 'cellSailGraphicsAdapterGetFrame' in 'cellSail' module (0x4566e0)
LDR: ! Imported function 'cellSailDescriptorCreateDatabase' in 'cellSail' module (0x456700)
LDR: ! Imported function 'cellSailFutureReset' in 'cellSail' module (0x456720)
LDR: ! Imported function 'cellSailPlayerSetSoundAdapter' in 'cellSail' module (0x456740)
LDR: ! Imported function 'cellSailGraphicsAdapterPtsToTimePosition' in 'cellSail' module (0x456760)
LDR: ! Imported function 'cellSailPlayerFinalize' in 'cellSail' module (0x456780)
LDR: ! Imported function 'cellSailPlayerSetGraphicsAdapter' in 'cellSail' module (0x4567a0)
LDR: ! Imported function 'cellSailGraphicsAdapterInitialize' in 'cellSail' module (0x4567c0)
LDR: ! Imported function 'cellSailSoundAdapterSetPreferredFormat' in 'cellSail' module (0x4567e0)
LDR: ! Imported function 'cellSailPlayerInitialize2' in 'cellSail' module (0x456800)
LDR: ! Imported function 'cellSailDescriptorDestroyDatabase' in 'cellSail' module (0x456820)
LDR: ! Imported function 'cellSailGraphicsAdapterSetPreferredFormat' in 'cellSail' module (0x456840)
LDR: ! Imported function 'cellSailMemAllocatorInitialize' in 'cellSail' module (0x456860)
LDR: ! Imported function 'cellSailPlayerOpenStream' in 'cellSail' module (0x456880)
LDR: ! Imported function 'cellSailFutureGet' in 'cellSail' module (0x4568a0)
LDR: ! Imported function 'cellSailSoundAdapterInitialize' in 'cellSail' module (0x4568c0)
LDR: ! Imported function 'cellSailGraphicsAdapterUpdateAvSync' in 'cellSail' module (0x4568e0)
LDR: ! Imported function 'cellSailSoundAdapterPtsToTimePosition' in 'cellSail' module (0x456900)
LDR: ! Imported function 'cellSailFutureInitialize' in 'cellSail' module (0x456920)
LDR: ! Imported function 'cellSailMp4MovieGetMovieInfo' in 'cellSail' module (0x456940)
LDR: ! Imported function 'cellSailPlayerSetParameter' in 'cellSail' module (0x456960)
LDR: ! Imported function 'cellSailAviMovieGetMovieInfo' in 'cellSail' module (0x456980)
LDR: ! Imported function 'cellSailGraphicsAdapterFinalize' in 'cellSail' module (0x4569a0)
LDR: ! Imported function 'cellSailPlayerAddDescriptor' in 'cellSail' module (0x4569c0)
LDR: ! Imported function 'cellSailSoundAdapterGetFrame' in 'cellSail' module (0x4569e0)
LDR: ! Imported function 'cellSailFutureFinalize' in 'cellSail' module (0x456a00)
LDR: ! Imported function 'cellSailFutureSet' in 'cellSail' module (0x456a20)
LDR: ! Imported function 'cellSailPlayerBoot' in 'cellSail' module (0x456a40)
LDR: ! Imported function 'cellSailSoundAdapterFinalize' in 'cellSail' module (0x456a60)
LDR: ! Imported function 'cellSailPlayerSetPaused' in 'cellSail' module (0x456a80)
LDR: ! Imported function 'cellSailPlayerCreateDescriptor' in 'cellSail' module (0x456aa0)
LDR: ! Imported function 'cellSailPlayerStart' in 'cellSail' module (0x456ac0)
LDR: ! Imported function 'cellSailPlayerStop' in 'cellSail' module (0x456ae0)
LDR: ! Imported function 'cellSailSoundAdapterUpdateAvSync' in 'cellSail' module (0x456b00)
LDR: ! Imported function 'cellSailSoundAdapterGetFormat' in 'cellSail' module (0x456b20)
LDR: ! Imported function 'cellSailPlayerSetRepeatMode' in 'cellSail' module (0x456b40)
LDR: ! Imported function 'cellSailPlayerDestroyDescriptor' in 'cellSail' module (0x456b60)
LDR: ! Imported function 'cellSailGraphicsAdapterGetFormat' in 'cellSail' module (0x456b80)
LDR: ! Imported function 'cellGcmGetTiledPitchSize' in 'cellGcmSys' module (0x456ba0)
LDR: ! Imported function '_cellGcmInitBody' in 'cellGcmSys' module (0x456bc0)
LDR: ! Imported function '_cellGcmSetFlipCommand' in 'cellGcmSys' module (0x456be0)
LDR: ! Imported function 'cellGcmAddressToOffset' in 'cellGcmSys' module (0x456c00)
LDR: ! Imported function 'cellGcmGetLastSecondVTime' in 'cellGcmSys' module (0x456c20)
LDR: ! Imported function 'cellGcmIoOffsetToAddress' in 'cellGcmSys' module (0x456c40)
LDR: ! Imported function '_cellGcmFunc15' in 'cellGcmSys' module (0x456c60)
LDR: ! Imported function 'cellGcmBindTile' in 'cellGcmSys' module (0x456c80)
LDR: ! Imported function 'cellGcmSetFlipMode' in 'cellGcmSys' module (0x456ca0)
LDR: ! Imported function 'cellGcmSetSecondVFrequency' in 'cellGcmSys' module (0x456cc0)
LDR: ! Imported function 'cellGcmGetDefaultCommandWordSize' in 'cellGcmSys' module (0x456ce0)
LDR: ! Imported function 'cellGcmGetLastFlipTime' in 'cellGcmSys' module (0x456d00)
LDR: ! Imported function 'cellGcmGetFlipStatus' in 'cellGcmSys' module (0x456d20)
LDR: ! Imported function 'cellGcmGetDefaultSegmentWordSize' in 'cellGcmSys' module (0x456d40)
LDR: ! Imported function 'cellGcmSetDefaultFifoSize' in 'cellGcmSys' module (0x456d60)
LDR: ! Imported function 'cellGcmBindZcull' in 'cellGcmSys' module (0x456d80)
LDR: ! Imported function 'cellGcmMapMainMemory' in 'cellGcmSys' module (0x456da0)
LDR: ! Imported function 'cellGcmSetFlipHandler' in 'cellGcmSys' module (0x456dc0)
LDR: ! Imported function 'cellGcmSetDisplayBuffer' in 'cellGcmSys' module (0x456de0)
LDR: ! Imported function 'cellGcmGetControlRegister' in 'cellGcmSys' module (0x456e00)
LDR: ! Imported function 'cellGcmUnbindZcull' in 'cellGcmSys' module (0x456e20)
LDR: ! Imported function 'cellGcmSetVBlankHandler' in 'cellGcmSys' module (0x456e40)
LDR: ! Imported function 'cellGcmResetFlipStatus' in 'cellGcmSys' module (0x456e60)
LDR: ! Imported function 'cellGcmSetTileInfo' in 'cellGcmSys' module (0x456e80)
LDR: ! Imported function 'cellGcmInitDefaultFifoMode' in 'cellGcmSys' module (0x456ea0)
LDR: ! Imported function '_cellGcmSetFlipCommandWithWaitLabel' in 'cellGcmSys' module (0x456ec0)
LDR: ! Imported function 'cellGcmUnbindTile' in 'cellGcmSys' module (0x456ee0)
LDR: ! Imported function 'cellGcmGetConfiguration' in 'cellGcmSys' module (0x456f00)
LDR: ! Imported function 'cellGcmGetLabelAddress' in 'cellGcmSys' module (0x456f20)
LDR: ! Imported function 'cellPamfReaderGetPresentationStartTime' in 'cellPamf' module (0x456f40)
LDR: ! Imported function 'cellPamfReaderGetPresentationEndTime' in 'cellPamf' module (0x456f60)
LDR: ! Imported function 'cellFiberPpuRunFibers' in 'cellFiber' module (0x456f80)
LDR: ! Imported function 'cellFiberPpuWaitSignal' in 'cellFiber' module (0x456fa0)
LDR: ! Imported function 'cellFiberPpuCreateFiber' in 'cellFiber' module (0x456fc0)
LDR: ! Imported function 'cellFiberPpuSendSignal' in 'cellFiber' module (0x456fe0)
LDR: ! Imported function '_cellFiberPpuSchedulerAttributeInitialize' in 'cellFiber' module (0x457000)
LDR: ! Imported function '_cellFiberPpuAttributeInitialize' in 'cellFiber' module (0x457020)
LDR: ! Imported function 'cellFiberPpuInitializeScheduler' in 'cellFiber' module (0x457040)
LDR: ! Imported function '_cellFiberPpuInitialize' in 'cellFiber' module (0x457060)
LDR: ! Imported function 'sceNpTrophyRegisterContext' in 'sceNpTrophy' module (0x457080)
LDR: ! Imported function 'sceNpTrophyCreateHandle' in 'sceNpTrophy' module (0x4570a0)
LDR: ! Imported function 'sceNpTrophyGetRequiredDiskSpace' in 'sceNpTrophy' module (0x4570c0)
LDR: ! Imported function 'sceNpTrophyDestroyContext' in 'sceNpTrophy' module (0x4570e0)
LDR: ! Imported function 'sceNpTrophyInit' in 'sceNpTrophy' module (0x457100)
LDR: ! Imported function 'sceNpTrophyGetGameInfo' in 'sceNpTrophy' module (0x457120)
LDR: ! Imported function 'sceNpTrophyDestroyHandle' in 'sceNpTrophy' module (0x457140)
LDR: ! Imported function 'sceNpTrophyUnlockTrophy' in 'sceNpTrophy' module (0x457160)
LDR: ! Imported function 'sceNpTrophyTerm' in 'sceNpTrophy' module (0x457180)
LDR: ! Imported function 'sceNpTrophyGetTrophyUnlockState' in 'sceNpTrophy' module (0x4571a0)
LDR: ! Imported function 'sceNpTrophyCreateContext' in 'sceNpTrophy' module (0x4571c0)
LDR: ! Imported function 'cellGameContentPermit' in 'cellGame' module (0x4571e0)
LDR: ! Imported function 'cellGameContentErrorDialog' in 'cellGame' module (0x457200)
LDR: ! Imported function 'cellGameBootCheck' in 'cellGame' module (0x457220)
LDR: ! Imported function 'sys_lwmutex_lock' in 'sysPrxForUser' module (0x4574a0)
LDR: ! Imported function 'sys_lwmutex_unlock' in 'sysPrxForUser' module (0x4574c0)
LDR: ! Imported function 'sys_lwcond_destroy' in 'sysPrxForUser' module (0x4574e0)
LDR: ! Imported function 'sys_ppu_thread_create' in 'sysPrxForUser' module (0x457500)
LDR: ! Imported function 'sys_lwcond_wait' in 'sysPrxForUser' module (0x457520)
LDR: ! Imported function '_sys_process_atexitspawn' in 'sysPrxForUser' module (0x457540)
LDR: ! Imported function 'sys_lwmutex_create' in 'sysPrxForUser' module (0x457560)
LDR: ! Imported function 'sys_ppu_thread_get_id' in 'sysPrxForUser' module (0x457580)
LDR: ! Imported function '_sys_heap_malloc' in 'sysPrxForUser' module (0x4575a0)
LDR: ! Imported function 'sys_prx_register_library' in 'sysPrxForUser' module (0x4575c0)
LDR: ! Imported function '_sys_heap_memalign' in 'sysPrxForUser' module (0x4575e0)
LDR: ! Imported function 'sys_process_is_stack' in 'sysPrxForUser' module (0x457600)
LDR: ! Imported function 'sys_game_process_exitspawn2' in 'sysPrxForUser' module (0x457620)
LDR: ! Imported function 'sys_initialize_tls' in 'sysPrxForUser' module (0x457640)
LDR: ! Imported function 'sys_time_get_system_time' in 'sysPrxForUser' module (0x457660)
LDR: ! Imported function '_sys_heap_free' in 'sysPrxForUser' module (0x457680)
LDR: ! Imported function '_sys_process_at_Exitspawn' in 'sysPrxForUser' module (0x4576a0)
LDR: ! Imported function 'sys_prx_exitspawn_with_level' in 'sysPrxForUser' module (0x4576c0)
LDR: ! Imported function 'sys_lwmutex_trylock' in 'sysPrxForUser' module (0x4576e0)
LDR: ! Imported function '_sys_heap_delete_heap' in 'sysPrxForUser' module (0x457700)
LDR: ! Imported function 'sys_ppu_thread_exit' in 'sysPrxForUser' module (0x457720)
LDR: ! Imported function '_sys_heap_create_heap' in 'sysPrxForUser' module (0x457740)
LDR: ! Imported function 'sys_lwmutex_destroy' in 'sysPrxForUser' module (0x457760)
LDR: ! Imported function 'sys_lwcond_create' in 'sysPrxForUser' module (0x457780)
LDR: ! Imported function 'sys_process_exit' in 'sysPrxForUser' module (0x4577a0)
LDR: ! Imported function 'sys_lwcond_signal' in 'sysPrxForUser' module (0x4577c0)
MEM: ! Thread Local Storage initialized (g_tls_start=0xf93000, user_size=0xe8)
*** TLS segment addr: 0x0060803c
*** TLS segment size: 0x00000000
G: ! {PPU[0x1] Thread (main_thread)[0x00012158]} Registers:
=========
GPR[0] = 0x12148
GPR[1] = 0xd0000000
GPR[2] = 0x60f488
GPR[3] = 0x1
GPR[4] = 0xf91000
GPR[5] = 0xf90000
GPR[6] = 0x0
GPR[7] = 0x0
GPR[8] = 0x0
GPR[9] = 0x0
GPR[10] = 0x0
GPR[11] = 0xf8f000
GPR[12] = 0x100000
GPR[13] = 0xf9a030
GPR[14] = 0x1
GPR[15] = 0xf91000
GPR[16] = 0xf90000
GPR[17] = 0x0
GPR[18] = 0xf8f000
GPR[19] = 0x100000
GPR[20] = 0x0
GPR[21] = 0x0
GPR[22] = 0x0
GPR[23] = 0x0
GPR[24] = 0x0
GPR[25] = 0x0
GPR[26] = 0x0
GPR[27] = 0x0
GPR[28] = 0x0
GPR[29] = 0x0
GPR[30] = 0x0
GPR[31] = 0x0
FPR[0] = 0
FPR[1] = 0
FPR[2] = 0
FPR[3] = 0
FPR[4] = 0
FPR[5] = 0
FPR[6] = 0
FPR[7] = 0
FPR[8] = 0
FPR[9] = 0
FPR[10] = 0
FPR[11] = 0
FPR[12] = 0
FPR[13] = 0
FPR[14] = 0
FPR[15] = 0
FPR[16] = 0
FPR[17] = 0
FPR[18] = 0
FPR[19] = 0
FPR[20] = 0
FPR[21] = 0
FPR[22] = 0
FPR[23] = 0
FPR[24] = 0
FPR[25] = 0
FPR[26] = 0
FPR[27] = 0
FPR[28] = 0
FPR[29] = 0
FPR[30] = 0
FPR[31] = 0
VPR[0] = 0x00000000000000000000000000000000 [x: 0 y: 0 z: 0 w: 0]
VPR[1] = 0x00000000000000000000000000000000 [x: 0 y: 0 z: 0 w: 0]
VPR[2] = 0x00000000023faa80ffffd7613f800000 [x: 0 y: 1.40814e-37 z: -nan w: 1]
VPR[3] = 0x00000000000000000000000000000000 [x: 0 y: 0 z: 0 w: 0]
VPR[4] = 0x00000000000000000000000000000000 [x: 0 y: 0 z: 0 w: 0]
VPR[5] = 0x00000000000000080000000000000007 [x: 0 y: 1.12104e-44 z: 0 w: 9.80909e-45]
VPR[6] = 0x00000002013ed9700000000000000ab8 [x: 2.8026e-45 y: 3.50535e-38 z: 0 w: 3.84516e-42]
VPR[7] = 0x00000000000000000000000000000000 [x: 0 y: 0 z: 0 w: 0]
VPR[8] = 0xfecdbdbf000000000000000000000000 [x: -1.36738e+38 y: 0 z: 0 w: 0]
VPR[9] = 0x00000000023faa00ffffffff3f800000 [x: 0 y: 1.40813e-37 z: -nan w: 1]
VPR[10] = 0x00000000000000000000000000000000 [x: 0 y: 0 z: 0 w: 0]
VPR[11] = 0x00000000000000000000000000000000 [x: 0 y: 0 z: 0 w: 0]
VPR[12] = 0x00000000000000080000000000000007 [x: 0 y: 1.12104e-44 z: 0 w: 9.80909e-45]
VPR[13] = 0x00000002013ed9806989a5a700000ab9 [x: 2.8026e-45 y: 3.50535e-38 z: 2.08006e+25 w: 3.84656e-42]
VPR[14] = 0x00000000000000000000000000000000 [x: 0 y: 0 z: 0 w: 0]
VPR[15] = 0x0625516c000000000000000000000000 [x: 3.10929e-35 y: 0 z: 0 w: 0]
VPR[16] = 0x00000000023fa640000000003f800000 [x: 0 y: 1.40802e-37 z: 0 w: 1]
VPR[17] = 0x00000000000000000000000000000000 [x: 0 y: 0 z: 0 w: 0]
VPR[18] = 0x00000000000000000000000000000000 [x: 0 y: 0 z: 0 w: 0]
VPR[19] = 0x00000000000000080000000000000007 [x: 0 y: 1.12104e-44 z: 0 w: 9.80909e-45]
VPR[20] = 0x00000002013ed9984939261200000aba [x: 2.8026e-45 y: 3.50536e-38 z: 758369 w: 3.84797e-42]
VPR[21] = 0x00000000000000000000000000000000 [x: 0 y: 0 z: 0 w: 0]
VPR[22] = 0xffffffff000000000000000000000000 [x: -nan y: 0 z: 0 w: 0]
VPR[23] = 0x00000000023fa90074a1c1c53f800000 [x: 0 y: 1.4081e-37 z: 1.02526e+32 w: 1]
VPR[24] = 0x00000000000000000000000000000000 [x: 0 y: 0 z: 0 w: 0]
VPR[25] = 0x00000000000000000000000000000000 [x: 0 y: 0 z: 0 w: 0]
VPR[26] = 0x00000000000000080000000000000007 [x: 0 y: 1.12104e-44 z: 0 w: 9.80909e-45]
VPR[27] = 0x00000002013ed9b0ffa2510e00000abb [x: 2.8026e-45 y: 3.50537e-38 z: -nan w: 3.84937e-42]
VPR[28] = 0x00000000000000000000000000000000 [x: 0 y: 0 z: 0 w: 0]
VPR[29] = 0x00000000000000000000000000000000 [x: 0 y: 0 z: 0 w: 0]
VPR[30] = 0x00000000023fa820000000003f800000 [x: 0 y: 1.40807e-37 z: 0 w: 1]
VPR[31] = 0x00000000000000000000000000000000 [x: 0 y: 0 z: 0 w: 0]
CR = 0x22000082
LR = 0xf8f058
CTR = 0x12148
XER = 0x0 [CA=0 | OV=8589934592 | SO=0]
FPSCR = 0x0 [RN=0 | NI=0 | XE=0 | ZE=0 | UE=0 | OE=0 | VE=0 | VXCVI=0 | VXSQRT=0 | VXSOFT=0 | FPRF=0 | FI=0 | FR=0 | VXVC=0 | VXIMZ=0 | VXZDZ=0 | VXIDI=0 | VXISI=0 | VXSNAN=0 | XX=0 | ZX=0 | UX=0 | OX=0 | VX=0 | FEX=0 | FX=0]

G: E {PPU[0x1] Thread (main_thread)[0x00012158]} Exception: Access violation writing location 0xcfffff90
(in file ..\Utilities\Thread.cpp:1122, in function _se_translator)
G: ! Stopping emulator...
G: ! All threads signaled...
G: ! {PPU[0x2] Thread (Callback Thread)[0x00000000]} Thread aborted
G: ! All threads stopped...
G: ! Objects cleared...
