LDR: E PSFLoader::Load() failed: unknown magic (0x0)
G: ! RPCS3 0.0.0.5 v0.0.0.5-2531-g69bde39
G: ! 
G: ! Stopping emulator...
LDR: ! Loading 'D:/Emulateurs/Rpcs3/dev_hdd0/game/BCES00463-[The Shoot™]/PS3_GAME/USRDIR/BOOT.BIN'...
G: W fs::file::open('D:/Emulateurs/Rpcs3/dev_hdd0/game/BCES00463-[The Shoot™]/PS3_GAME/dev_bdvd.path', 0x1) failed: error 0x2
LDR: ! 
LDR: ! Mount info:
LDR: ! /dev_usb000/ -> D:/Emulateurs/Rpcs3/dev_usb000/
LDR: ! /dev_flash/ -> D:/Emulateurs/Rpcs3/dev_flash/
LDR: ! /host_root/ -> 
LDR: ! /dev_hdd0/ -> D:/Emulateurs/Rpcs3/dev_hdd0/
LDR: ! /dev_hdd1/ -> D:/Emulateurs/Rpcs3/dev_hdd1/
LDR: ! /dev_bdvd/ -> D:/Emulateurs/Rpcs3/dev_hdd0/game/BCES00463-[The Shoot™]/
LDR: ! /dev_usb/ -> D:/Emulateurs/Rpcs3/dev_usb000/
LDR: ! 
LDR: ! Settings:
LDR: ! CPU: PPU Interpreter 2
LDR: ! SPU: SPU Recompiler (ASMJIT)
LDR: ! Renderer: DirectX 12
LDR: ! D3D Adapter: Default
LDR: ! Resolution: 1280x720
LDR: ! Write Depth Buffer: No
LDR: ! Write Color Buffers: No
LDR: ! Read Color Buffer: No
LDR: ! Audio Out: XAudio2
LDR: ! Log Everything: No
LDR: ! RSX Logging: No
LDR: ! 
LDR: ! Title: The Shoot™
LDR: ! Serial: BCES00463
LDR: ! Elf path: /dev_bdvd/PS3_GAME/USRDIR/BOOT.BIN
LDR: ! 
LDR: ! loader::init() failed: Broken file
LDR: ! *** sdk version: 0x340001
LDR: ! *** primary prio: 900
LDR: ! *** primary stacksize: 0x20000
LDR: ! *** malloc pagesize: 0x100000
LDR: ! *** ppc seg: 0x0
LDR: ! Imported function 'cellGemUpdateStart' in 'libgem' module (0xe0b008)
LDR: ! Imported function 'cellGemInit' in 'libgem' module (0xe0b028)
LDR: ! Imported function 'cellGemConvertVideoFinish' in 'libgem' module (0xe0b048)
LDR: ! Imported function 'cellGemEnableMagnetometer' in 'libgem' module (0xe0b068)
LDR: ! Imported function 'cellGemGetRGB' in 'libgem' module (0xe0b088)
LDR: ! Imported function 'cellGemGetMemorySize' in 'libgem' module (0xe0b0a8)
LDR: ! Imported function 'cellGemUpdateFinish' in 'libgem' module (0xe0b0c8)
LDR: ! Imported function 'cellGemSetRumble' in 'libgem' module (0xe0b0e8)
LDR: ! Imported function 'cellGemGetState' in 'libgem' module (0xe0b108)
LDR: ! Imported function 'cellGemConvertVideoStart' in 'libgem' module (0xe0b128)
LDR: ! Imported function 'cellGemSetYaw' in 'libgem' module (0xe0b148)
LDR: ! Imported function 'cellGemTrackHues' in 'libgem' module (0xe0b168)
LDR: ! Imported function 'cellGemGetImageState' in 'libgem' module (0xe0b188)
LDR: ! Imported function 'cellGemGetInfo' in 'libgem' module (0xe0b1a8)
LDR: ! Imported function 'cellGemPrepareCamera' in 'libgem' module (0xe0b1c8)
LDR: ! Imported function 'cellGemCalibrate' in 'libgem' module (0xe0b1e8)
LDR: ! Imported function 'cellGemPrepareVideoConvert' in 'libgem' module (0xe0b208)
LDR: ! Imported function 'cellGemForceRGB' in 'libgem' module (0xe0b228)
LDR: ! Imported function 'cellGemGetInertialState' in 'libgem' module (0xe0b248)
LDR: ! Imported function 'cellGemReset' in 'libgem' module (0xe0b268)
LDR: ! Imported function 'cellGemEnd' in 'libgem' module (0xe0b288)
LDR: ! Imported function 'cellGemInvalidateCalibration' in 'libgem' module (0xe0b2a8)
LDR: ! Imported function 'cellGemGetStatusFlags' in 'libgem' module (0xe0b2c8)
LDR: ! Imported function 'cellGameContentPermit' in 'cellGame' module (0xe0b2e8)
LDR: ! Imported function 'cellGameContentErrorDialog' in 'cellGame' module (0xe0b308)
LDR: ! Imported function 'cellGameBootCheck' in 'cellGame' module (0xe0b328)
LDR: ! Imported function 'cellGameCreateGameData' in 'cellGame' module (0xe0b348)
LDR: ! Imported function 'cellGameDataCheck' in 'cellGame' module (0xe0b368)
LDR: ! Imported function 'cellPamfReaderGetPresentationStartTime' in 'cellPamf' module (0xe0b388)
LDR: ! Imported function 'cellPamfReaderGetPresentationEndTime' in 'cellPamf' module (0xe0b3a8)
LDR: ! Imported function 'cellSailGraphicsAdapterGetFrame' in 'cellSail' module (0xe0b3c8)
LDR: ! Imported function 'cellSailDescriptorCreateDatabase' in 'cellSail' module (0xe0b3e8)
LDR: ! Imported function 'cellSailPlayerSetSoundAdapter' in 'cellSail' module (0xe0b408)
LDR: ! Imported function 'cellSailPlayerFinalize' in 'cellSail' module (0xe0b428)
LDR: ! Imported function 'cellSailPlayerSetGraphicsAdapter' in 'cellSail' module (0xe0b448)
LDR: ! Imported function 'cellSailGraphicsAdapterInitialize' in 'cellSail' module (0xe0b468)
LDR: ! Imported function 'cellSailPlayerInitialize2' in 'cellSail' module (0xe0b488)
LDR: ! Imported function 'cellSailDescriptorDestroyDatabase' in 'cellSail' module (0xe0b4a8)
LDR: ! Imported function 'cellSailGraphicsAdapterSetPreferredFormat' in 'cellSail' module (0xe0b4c8)
LDR: ! Imported function 'cellSailMemAllocatorInitialize' in 'cellSail' module (0xe0b4e8)
LDR: ! Imported function 'cellSailPlayerOpenStream' in 'cellSail' module (0xe0b508)
LDR: ! Imported function 'cellSailFutureGet' in 'cellSail' module (0xe0b528)
LDR: ! Imported function 'cellSailSoundAdapterInitialize' in 'cellSail' module (0xe0b548)
LDR: ! Imported function 'cellSailGraphicsAdapterUpdateAvSync' in 'cellSail' module (0xe0b568)
LDR: ! Imported function 'cellSailDescriptorGetUri' in 'cellSail' module (0xe0b588)
LDR: ! Imported function 'cellSailFutureInitialize' in 'cellSail' module (0xe0b5a8)
LDR: ! Imported function 'cellSailMp4MovieGetMovieInfo' in 'cellSail' module (0xe0b5c8)
LDR: ! Imported function 'cellSailAviMovieGetMovieInfo' in 'cellSail' module (0xe0b5e8)
LDR: ! Imported function 'cellSailPlayerGetDescriptorCount' in 'cellSail' module (0xe0b608)
LDR: ! Imported function 'cellSailGraphicsAdapterFinalize' in 'cellSail' module (0xe0b628)
LDR: ! Imported function 'cellSailPlayerAddDescriptor' in 'cellSail' module (0xe0b648)
LDR: ! Imported function 'cellSailSoundAdapterGetFrame' in 'cellSail' module (0xe0b668)
LDR: ! Imported function 'cellSailPlayerCloseStream' in 'cellSail' module (0xe0b688)
LDR: ! Imported function 'cellSailFutureFinalize' in 'cellSail' module (0xe0b6a8)
LDR: ! Imported function 'cellSailFutureSet' in 'cellSail' module (0xe0b6c8)
LDR: ! Imported function 'cellSailPlayerBoot' in 'cellSail' module (0xe0b6e8)
LDR: ! Imported function 'cellSailSoundAdapterFinalize' in 'cellSail' module (0xe0b708)
LDR: ! Imported function 'cellSailPlayerSetPaused' in 'cellSail' module (0xe0b728)
LDR: ! Imported function 'cellSailDescriptorGetStreamType' in 'cellSail' module (0xe0b748)
LDR: ! Imported function 'cellSailPlayerCreateDescriptor' in 'cellSail' module (0xe0b768)
LDR: ! Imported function 'cellSailPlayerStart' in 'cellSail' module (0xe0b788)
LDR: ! Imported function 'cellSailPlayerStop' in 'cellSail' module (0xe0b7a8)
LDR: ! Imported function 'cellSailSoundAdapterUpdateAvSync' in 'cellSail' module (0xe0b7c8)
LDR: ! Imported function 'cellSailSoundAdapterGetFormat' in 'cellSail' module (0xe0b7e8)
LDR: ! Imported function 'cellSailPlayerSetRepeatMode' in 'cellSail' module (0xe0b808)
LDR: ! Imported function 'cellSailPlayerDestroyDescriptor' in 'cellSail' module (0xe0b828)
LDR: ! Imported function 'cellVideoOutGetGamma' in 'cellSysutilAvconfExt' module (0xe0b848)
LDR: ! Imported function 'cellFsRmdir' in 'sys_fs' module (0xe0b868)
LDR: ! Imported function 'cellFsClose' in 'sys_fs' module (0xe0b888)
LDR: ! Imported function 'cellFsOpendir' in 'sys_fs' module (0xe0b8a8)
LDR: ! Imported function 'cellFsRead' in 'sys_fs' module (0xe0b8c8)
LDR: ! Imported function 'cellFsReaddir' in 'sys_fs' module (0xe0b8e8)
LDR: ! Imported function 'cellFsSdataOpenByFd' in 'sys_fs' module (0xe0b908)
LDR: ! Imported function 'cellFsOpen' in 'sys_fs' module (0xe0b928)
LDR: ! Imported function 'cellFsStat' in 'sys_fs' module (0xe0b948)
LDR: ! Imported function 'cellFsUnlink' in 'sys_fs' module (0xe0b968)
LDR: ! Imported function 'cellFsFsync' in 'sys_fs' module (0xe0b988)
LDR: ! Imported function 'cellFsGetDirectoryEntries' in 'sys_fs' module (0xe0b9a8)
LDR: ! Imported function 'cellFsLseek' in 'sys_fs' module (0xe0b9c8)
LDR: ! Imported function 'cellFsGetFreeSize' in 'sys_fs' module (0xe0b9e8)
LDR: ! Imported function 'cellFsSdataOpen' in 'sys_fs' module (0xe0ba08)
LDR: ! Imported function 'cellFsMkdir' in 'sys_fs' module (0xe0ba28)
LDR: ! Imported function 'cellFsWrite' in 'sys_fs' module (0xe0ba48)
LDR: ! Imported function 'cellFsFstat' in 'sys_fs' module (0xe0ba68)
LDR: ! Imported function 'cellFsClosedir' in 'sys_fs' module (0xe0ba88)
LDR: ! Imported function 'cellPadInit' in 'sys_io' module (0xe0baa8)
LDR: ! Imported function 'cellKbGetInfo' in 'sys_io' module (0xe0bac8)
LDR: ! Imported function 'cellMouseGetData' in 'sys_io' module (0xe0bae8)
LDR: ! Imported function 'cellPadEnd' in 'sys_io' module (0xe0bb08)
LDR: ! Imported function 'cellPadSetPortSetting' in 'sys_io' module (0xe0bb28)
LDR: ! Imported function 'cellMouseGetInfo' in 'sys_io' module (0xe0bb48)
LDR: ! Imported function 'cellPadGetData' in 'sys_io' module (0xe0bb68)
LDR: ! Imported function 'cellPadGetInfo2' in 'sys_io' module (0xe0bb88)
LDR: ! Imported function 'cellPadSetActDirect' in 'sys_io' module (0xe0bba8)
LDR: ! Imported function 'cellKbRead' in 'sys_io' module (0xe0bbc8)
LDR: ! Imported function 'cellSysutilUnregisterCallback' in 'cellSysutil' module (0xe0bbe8)
LDR: ! Imported function 'cellSaveDataUserListSave' in 'cellSysutil' module (0xe0bc08)
LDR: ! Imported function 'cellVideoOutGetConfiguration' in 'cellSysutil' module (0xe0bc28)
LDR: ! Imported function 'cellSysutilCheckCallback' in 'cellSysutil' module (0xe0bc48)
LDR: ! Imported function 'cellSysCacheMount' in 'cellSysutil' module (0xe0bc68)
LDR: ! Imported function 'cellVideoOutGetDeviceInfo' in 'cellSysutil' module (0xe0bc88)
LDR: ! Imported function 'cellMsgDialogClose' in 'cellSysutil' module (0xe0bca8)
LDR: ! Imported function 'cellSaveDataUserListLoad' in 'cellSysutil' module (0xe0bcc8)
LDR: ! Imported function 'cellMsgDialogOpenErrorCode' in 'cellSysutil' module (0xe0bce8)
LDR: ! Imported function 'cellSaveDataUserFixedSave' in 'cellSysutil' module (0xe0bd08)
LDR: ! Imported function 'cellSysutilGetSystemParamInt' in 'cellSysutil' module (0xe0bd28)
LDR: ! Imported function 'cellAudioOutConfigure' in 'cellSysutil' module (0xe0bd48)
LDR: ! Imported function 'cellSaveDataUserAutoSave' in 'cellSysutil' module (0xe0bd68)
LDR: ! Imported function 'cellMsgDialogAbort' in 'cellSysutil' module (0xe0bd88)
LDR: ! Imported function 'cellSaveDataUserFixedLoad' in 'cellSysutil' module (0xe0bda8)
LDR: ! Imported function 'cellMsgDialogOpen2' in 'cellSysutil' module (0xe0bdc8)
LDR: ! Imported function 'cellAudioOutGetDeviceInfo' in 'cellSysutil' module (0xe0bde8)
LDR: ! Imported function 'cellSaveDataUserFixedDelete' in 'cellSysutil' module (0xe0be08)
LDR: ! Imported function 'cellSysutilRegisterCallback' in 'cellSysutil' module (0xe0be28)
LDR: ! Imported function 'cellVideoOutGetResolutionAvailability' in 'cellSysutil' module (0xe0be48)
LDR: ! Imported function 'cellAudioOutGetSoundAvailability' in 'cellSysutil' module (0xe0be68)
LDR: ! Imported function 'cellSaveDataUserAutoLoad' in 'cellSysutil' module (0xe0be88)
LDR: ! Imported function 'cellVideoOutGetResolution' in 'cellSysutil' module (0xe0bea8)
LDR: ! Imported function 'cellAudioOutGetNumberOfDevice' in 'cellSysutil' module (0xe0bec8)
LDR: ! Imported function 'cellSaveDataEnableOverlay' in 'cellSysutil' module (0xe0bee8)
LDR: ! Imported function 'cellAudioOutGetConfiguration' in 'cellSysutil' module (0xe0bf08)
LDR: ! Imported function 'cellAudioOutGetState' in 'cellSysutil' module (0xe0bf28)
LDR: ! Imported function 'cellGcmGetTiledPitchSize' in 'cellGcmSys' module (0xe0bf48)
LDR: ! Imported function 'cellGcmInitCursor' in 'cellGcmSys' module (0xe0bf68)
LDR: ! Imported function '_cellGcmInitBody' in 'cellGcmSys' module (0xe0bf88)
LDR: ! Imported function 'cellGcmSetCursorPosition' in 'cellGcmSys' module (0xe0bfa8)
LDR: ! Imported function '_cellGcmSetFlipCommand' in 'cellGcmSys' module (0xe0bfc8)
LDR: ! Imported function 'cellGcmAddressToOffset' in 'cellGcmSys' module (0xe0bfe8)
LDR: ! Imported function 'cellGcmGetLastSecondVTime' in 'cellGcmSys' module (0xe0c008)
LDR: ! Imported function '_cellGcmFunc15' in 'cellGcmSys' module (0xe0c028)
LDR: ! Imported function 'cellGcmBindTile' in 'cellGcmSys' module (0xe0c048)
LDR: ! Imported function 'cellGcmSetFlipMode' in 'cellGcmSys' module (0xe0c068)
LDR: ! Imported function 'cellGcmSetSecondVFrequency' in 'cellGcmSys' module (0xe0c088)
LDR: ! Imported function 'cellGcmGetDefaultCommandWordSize' in 'cellGcmSys' module (0xe0c0a8)
LDR: ! Imported function 'cellGcmGetLastFlipTime' in 'cellGcmSys' module (0xe0c0c8)
LDR: ! Imported function 'cellGcmSetCursorDisable' in 'cellGcmSys' module (0xe0c0e8)
LDR: ! Imported function 'cellGcmGetFlipStatus' in 'cellGcmSys' module (0xe0c108)
LDR: ! Imported function 'cellGcmGetDefaultSegmentWordSize' in 'cellGcmSys' module (0xe0c128)
LDR: ! Imported function 'cellGcmSetDefaultFifoSize' in 'cellGcmSys' module (0xe0c148)
LDR: ! Imported function 'cellGcmBindZcull' in 'cellGcmSys' module (0xe0c168)
LDR: ! Imported function 'cellGcmMapMainMemory' in 'cellGcmSys' module (0xe0c188)
LDR: ! Imported function 'cellGcmSetFlipHandler' in 'cellGcmSys' module (0xe0c1a8)
LDR: ! Imported function 'cellGcmSetDisplayBuffer' in 'cellGcmSys' module (0xe0c1c8)
LDR: ! Imported function 'cellGcmGetControlRegister' in 'cellGcmSys' module (0xe0c1e8)
LDR: ! Imported function 'cellGcmSetVBlankHandler' in 'cellGcmSys' module (0xe0c208)
LDR: ! Imported function 'cellGcmResetFlipStatus' in 'cellGcmSys' module (0xe0c228)
LDR: ! Imported function 'cellGcmSetTileInfo' in 'cellGcmSys' module (0xe0c248)
LDR: ! Imported function 'cellGcmUpdateCursor' in 'cellGcmSys' module (0xe0c268)
LDR: ! Imported function 'cellGcmSetCursorEnable' in 'cellGcmSys' module (0xe0c288)
LDR: ! Imported function 'cellGcmInitDefaultFifoMode' in 'cellGcmSys' module (0xe0c2a8)
LDR: ! Imported function '_cellGcmSetFlipCommandWithWaitLabel' in 'cellGcmSys' module (0xe0c2c8)
LDR: ! Imported function 'cellGcmUnbindTile' in 'cellGcmSys' module (0xe0c2e8)
LDR: ! Imported function 'cellGcmGetConfiguration' in 'cellGcmSys' module (0xe0c308)
LDR: ! Imported function 'cellGcmGetLabelAddress' in 'cellGcmSys' module (0xe0c328)
LDR: ! Imported function 'cellGcmSetCursorImageOffset' in 'cellGcmSys' module (0xe0c348)
LDR: ! Imported function 'cellSysmoduleUnloadModule' in 'cellSysmodule' module (0xe0c368)
LDR: ! Imported function 'cellSysmoduleLoadModule' in 'cellSysmodule' module (0xe0c388)
LDR: ! Imported function 'cellSysmoduleInitialize' in 'cellSysmodule' module (0xe0c3a8)
LDR: ! Imported function 'cellSysmoduleIsLoaded' in 'cellSysmodule' module (0xe0d0a8)
LDR: ! Imported function '_cellSpursLFQueueInitialize' in 'cellSpurs' module (0xe0c3c8)
LDR: ! Imported function 'cellSpursAttributeSetNamePrefix' in 'cellSpurs' module (0xe0c3e8)
LDR: ! Imported function '_cellSpursTasksetAttributeInitialize' in 'cellSpurs' module (0xe0c408)
LDR: ! Imported function 'cellSpursLFQueueAttachLv2EventQueue' in 'cellSpurs' module (0xe0c428)
LDR: ! Imported function 'cellSpursEventFlagDetachLv2EventQueue' in 'cellSpurs' module (0xe0c448)
LDR: ! Imported function 'cellSpursCreateJobChainWithAttribute' in 'cellSpurs' module (0xe0c468)
LDR: ! Imported function '_cellSpursJobChainAttributeInitialize' in 'cellSpurs' module (0xe0c488)
LDR: ! Imported function 'cellSpursEventFlagWait' in 'cellSpurs' module (0xe0c4a8)
LDR: ! Imported function 'cellSpursEventFlagClear' in 'cellSpurs' module (0xe0c4c8)
LDR: ! Imported function 'cellSpursDetachLv2EventQueue' in 'cellSpurs' module (0xe0c4e8)
LDR: ! Imported function 'cellSpursCreateTaskset' in 'cellSpurs' module (0xe0c508)
LDR: ! Imported function '_cellSpursEventFlagInitialize' in 'cellSpurs' module (0xe0c528)
LDR: ! Imported function 'cellSpursTasksetAttributeSetName' in 'cellSpurs' module (0xe0c548)
LDR: ! Imported function 'cellSpursJobGuardInitialize' in 'cellSpurs' module (0xe0c568)
LDR: ! Imported function 'cellSpursShutdownJobChain' in 'cellSpurs' module (0xe0c588)
LDR: ! Imported function 'cellSpursLFQueueDetachLv2EventQueue' in 'cellSpurs' module (0xe0c5a8)
LDR: ! Imported function 'cellSpursEventFlagAttachLv2EventQueue' in 'cellSpurs' module (0xe0c5c8)
LDR: ! Imported function '_cellSpursLFQueuePushBody' in 'cellSpurs' module (0xe0c5e8)
LDR: ! Imported function '_cellSpursAttributeInitialize' in 'cellSpurs' module (0xe0c608)
LDR: ! Imported function 'cellSpursJoinTaskset' in 'cellSpurs' module (0xe0c628)
LDR: ! Imported function 'cellSpursJobChainAttributeSetName' in 'cellSpurs' module (0xe0c648)
LDR: ! Imported function 'cellSpursShutdownTaskset' in 'cellSpurs' module (0xe0c668)
LDR: ! Imported function 'cellSpursJoinJobChain' in 'cellSpurs' module (0xe0c688)
LDR: ! Imported function 'cellSpursInitializeWithAttribute' in 'cellSpurs' module (0xe0c6a8)
LDR: ! Imported function 'cellSpursAttachLv2EventQueue' in 'cellSpurs' module (0xe0c6c8)
LDR: ! Imported function 'cellSpursCreateTask' in 'cellSpurs' module (0xe0c6e8)
LDR: ! Imported function 'cellSpursCreateTasksetWithAttribute' in 'cellSpurs' module (0xe0c708)
LDR: ! Imported function 'cellSpursFinalize' in 'cellSpurs' module (0xe0c728)
LDR: ! Imported function 'cellSpursJobGuardNotify' in 'cellSpurs' module (0xe0c748)
LDR: ! Imported function '_cellSpursSendSignal' in 'cellSpurs' module (0xe0c768)
LDR: ! Imported function 'cellSpursRunJobChain' in 'cellSpurs' module (0xe0c788)
LDR: ! Imported function 'cellSpursEventFlagSet' in 'cellSpurs' module (0xe0c7a8)
LDR: ! Imported function 'cellSpursDestroyTaskset2' in 'cellSpurs' module (0xe0d0c8)
LDR: ! Imported function 'cellSpursCreateTaskset2' in 'cellSpurs' module (0xe0d0e8)
LDR: ! Imported function 'cellSpursTryJoinTask2' in 'cellSpurs' module (0xe0d108)
LDR: ! Imported function 'cellSpursJoinTask2' in 'cellSpurs' module (0xe0d128)
LDR: ! Imported function '_cellSpursTasksetAttribute2Initialize' in 'cellSpurs' module (0xe0d148)
LDR: ! Imported function 'cellSpursCreateTask2' in 'cellSpurs' module (0xe0d168)
LDR: ! Imported function 'cellAudioCreateNotifyEventQueue' in 'cellAudio' module (0xe0c7c8)
LDR: ! Imported function 'cellAudioInit' in 'cellAudio' module (0xe0c7e8)
LDR: ! Imported function 'cellAudioSetNotifyEventQueue' in 'cellAudio' module (0xe0c808)
LDR: ! Imported function 'cellAudioGetPortTimestamp' in 'cellAudio' module (0xe0c828)
LDR: ! Imported function 'cellAudioPortClose' in 'cellAudio' module (0xe0c848)
LDR: ! Imported function 'cellAudioPortStop' in 'cellAudio' module (0xe0c868)
LDR: ! Imported function 'cellAudioGetPortConfig' in 'cellAudio' module (0xe0c888)
LDR: ! Imported function 'cellAudioPortStart' in 'cellAudio' module (0xe0c8a8)
LDR: ! Imported function 'cellAudioQuit' in 'cellAudio' module (0xe0c8c8)
LDR: ! Imported function 'cellAudioPortOpen' in 'cellAudio' module (0xe0c8e8)
LDR: ! Imported function 'cellAudioGetPortBlockTag' in 'cellAudio' module (0xe0c908)
LDR: ! Imported function 'cellAudioRemoveNotifyEventQueue' in 'cellAudio' module (0xe0c928)
LDR: ! Imported function 'sys_net_initialize_network_ex' in 'sys_net' module (0xe0c948)
LDR: ! Imported function 'sys_net_finalize_network' in 'sys_net' module (0xe0c968)
LDR: ! Imported function 'listen' in 'sys_net' module (0xe0d1e8)
LDR: ! Imported function 'socketselect' in 'sys_net' module (0xe0d208)
LDR: ! Imported function 'connect' in 'sys_net' module (0xe0d228)
LDR: ! Imported function 'socketclose' in 'sys_net' module (0xe0d248)
LDR: ! Imported function 'setsockopt' in 'sys_net' module (0xe0d268)
LDR: ! Imported function 'socket' in 'sys_net' module (0xe0d288)
LDR: ! Imported function 'bind' in 'sys_net' module (0xe0d2a8)
LDR: ! Imported function 'sys_net_show_ifconfig' in 'sys_net' module (0xe0d2c8)
LDR: ! Imported function 'accept' in 'sys_net' module (0xe0d2e8)
LDR: ! Imported function 'inet_addr' in 'sys_net' module (0xe0d308)
LDR: ! Imported function 'send' in 'sys_net' module (0xe0d328)
LDR: ! Imported function 'recv' in 'sys_net' module (0xe0d348)
LDR: ! Imported function 'cellNetCtlNetStartDialogLoadAsync' in 'cellNetCtl' module (0xe0c988)
LDR: ! Imported function 'cellNetCtlNetStartDialogUnloadAsync' in 'cellNetCtl' module (0xe0c9a8)
LDR: ! Imported function 'cellNetCtlTerm' in 'cellNetCtl' module (0xe0c9c8)
LDR: ! Imported function 'cellNetCtlInit' in 'cellNetCtl' module (0xe0c9e8)
LDR: ! Imported function 'cellNetCtlGetState' in 'cellNetCtl' module (0xe0d368)
LDR: ! Imported function 'sceNpBasicGetFriendListEntry' in 'sceNp' module (0xe0ca08)
LDR: ! Imported function 'sceNpScoreRecordScore' in 'sceNp' module (0xe0ca28)
LDR: ! Imported function 'sceNpScoreWaitAsync' in 'sceNp' module (0xe0ca48)
LDR: ! Imported function 'sceNpScoreGetRankingByRangeAsync' in 'sceNp' module (0xe0ca68)
LDR: ! Imported function 'sceNpScoreDestroyTitleCtx' in 'sceNp' module (0xe0ca88)
LDR: ! Imported function 'sceNpScoreInit' in 'sceNp' module (0xe0caa8)
LDR: ! Imported function 'sceNpScoreGetRankingByNpIdAsync' in 'sceNp' module (0xe0cac8)
LDR: ! Imported function 'sceNpTerm' in 'sceNp' module (0xe0cae8)
LDR: ! Imported function 'sceNpManagerUnregisterCallback' in 'sceNp' module (0xe0cb08)
LDR: ! Imported function 'sceNpBasicSetPresenceDetails2' in 'sceNp' module (0xe0cb28)
LDR: ! Imported function 'sceNpManagerGetContentRatingFlag' in 'sceNp' module (0xe0cb48)
LDR: ! Imported function 'sceNpScoreCreateTransactionCtx' in 'sceNp' module (0xe0cb68)
LDR: ! Imported function 'sceNpScoreTerm' in 'sceNp' module (0xe0cb88)
LDR: ! Imported function 'sceNpManagerGetStatus' in 'sceNp' module (0xe0cba8)
LDR: ! Imported function 'sceNpDrmIsAvailable' in 'sceNp' module (0xe0cbc8)
LDR: ! Imported function 'sceNpBasicGetFriendListEntryCount' in 'sceNp' module (0xe0cbe8)
LDR: ! Imported function 'sceNpManagerGetAccountRegion' in 'sceNp' module (0xe0cc08)
LDR: ! Imported function 'sceNpScoreCreateTitleCtx' in 'sceNp' module (0xe0cc28)
LDR: ! Imported function 'sceNpInit' in 'sceNp' module (0xe0cc48)
LDR: ! Imported function 'sceNpScoreDestroyTransactionCtx' in 'sceNp' module (0xe0cc68)
LDR: ! Imported function 'sceNpManagerRegisterCallback' in 'sceNp' module (0xe0cc88)
LDR: ! Imported function 'sceNpScoreAbortTransaction' in 'sceNp' module (0xe0cca8)
LDR: ! Imported function 'sceNpDrmIsAvailable2' in 'sceNp' module (0xe0ccc8)
LDR: ! Imported function 'sceNpManagerGetNpId' in 'sceNp' module (0xe0cce8)
LDR: ! Imported function 'sceNpTrophyRegisterContext' in 'sceNpTrophy' module (0xe0cd08)
LDR: ! Imported function 'sceNpTrophyCreateHandle' in 'sceNpTrophy' module (0xe0cd28)
LDR: ! Imported function 'sceNpTrophyGetRequiredDiskSpace' in 'sceNpTrophy' module (0xe0cd48)
LDR: ! Imported function 'sceNpTrophyDestroyContext' in 'sceNpTrophy' module (0xe0cd68)
LDR: ! Imported function 'sceNpTrophyInit' in 'sceNpTrophy' module (0xe0cd88)
LDR: ! Imported function 'sceNpTrophyGetGameInfo' in 'sceNpTrophy' module (0xe0cda8)
LDR: ! Imported function 'sceNpTrophyDestroyHandle' in 'sceNpTrophy' module (0xe0cdc8)
LDR: ! Imported function 'sceNpTrophyUnlockTrophy' in 'sceNpTrophy' module (0xe0cde8)
LDR: ! Imported function 'sceNpTrophyTerm' in 'sceNpTrophy' module (0xe0ce08)
LDR: ! Imported function 'sceNpTrophyGetTrophyUnlockState' in 'sceNpTrophy' module (0xe0ce28)
LDR: ! Imported function 'sceNpTrophyCreateContext' in 'sceNpTrophy' module (0xe0ce48)
LDR: ! Imported function 'cellSaveDataUserListExport' in 'cellSaveData' module (0xe0ce68)
LDR: ! Imported function 'cellSaveDataUserListImport' in 'cellSaveData' module (0xe0ce88)
LDR: ! Imported function 'cellSaveDataUserFixedImport' in 'cellSaveData' module (0xe0cea8)
LDR: ! Imported function 'cellSaveDataUserListDelete' in 'cellSaveData' module (0xe0cec8)
LDR: ! Imported function 'cellSaveDataUserFixedExport' in 'cellSaveData' module (0xe0cee8)
LDR: ! Imported function 'cellCameraReadEx' in 'cellCamera' module (0xe0cf08)
LDR: ! Imported function 'cellCameraClose' in 'cellCamera' module (0xe0cf28)
LDR: ! Imported function 'cellCameraStart' in 'cellCamera' module (0xe0cf48)
LDR: ! Imported function 'cellCameraGetType' in 'cellCamera' module (0xe0cf68)
LDR: ! Imported function 'cellCameraOpenEx' in 'cellCamera' module (0xe0cf88)
LDR: ! Imported function 'cellCameraReset' in 'cellCamera' module (0xe0cfa8)
LDR: ! Imported function 'cellCameraInit' in 'cellCamera' module (0xe0cfc8)
LDR: ! Imported function 'cellScreenShotEnable' in 'cellScreenShotUtility' module (0xe0cfe8)
LDR: ! Imported function 'cellScreenShotSetParameter' in 'cellScreenShotUtility' module (0xe0d008)
LDR: E Unknown module 'cellPrx_VPE_PRX'
LDR: E Unknown function '0x148EF7E8' in 'cellPrx_VPE_PRX' module (0xe0d028)
LDR: E Unknown function '0x2B76AD00' in 'cellPrx_VPE_PRX' module (0xe0d048)
LDR: E Unknown function '0x5DB50254' in 'cellPrx_VPE_PRX' module (0xe0d068)
LDR: E Unknown function '0xE3D3B36B' in 'cellPrx_VPE_PRX' module (0xe0d088)
LDR: ! Imported function 'cellSyncMutexUnlock' in 'cellSync' module (0xe0d188)
LDR: ! Imported function 'cellSyncMutexInitialize' in 'cellSync' module (0xe0d1a8)
LDR: ! Imported function 'cellSyncMutexTryLock' in 'cellSync' module (0xe0d1c8)
LDR: E Unknown module 'cellPrx_SPU_Skinner_PRX'
LDR: E Unknown function '0x2169ADA2' in 'cellPrx_SPU_Skinner_PRX' module (0xe0d388)
LDR: E Unknown function '0x5770A57A' in 'cellPrx_SPU_Skinner_PRX' module (0xe0d3a8)
LDR: E Unknown function '0x6D54FBBB' in 'cellPrx_SPU_Skinner_PRX' module (0xe0d3c8)
LDR: E Unknown function '0x9B62A4D5' in 'cellPrx_SPU_Skinner_PRX' module (0xe0d3e8)
LDR: ! Imported function 'sys_lwmutex_lock' in 'sysPrxForUser' module (0xe0d408)
LDR: ! Imported function 'sys_lwmutex_unlock' in 'sysPrxForUser' module (0xe0d428)
LDR: ! Imported function 'sys_lwcond_destroy' in 'sysPrxForUser' module (0xe0d448)
LDR: ! Imported function 'sys_ppu_thread_create' in 'sysPrxForUser' module (0xe0d468)
LDR: ! Imported function 'sys_prx_load_module' in 'sysPrxForUser' module (0xe0d488)
LDR: ! Imported function 'sys_lwcond_wait' in 'sysPrxForUser' module (0xe0d4a8)
LDR: ! Imported function '_sys_process_atexitspawn' in 'sysPrxForUser' module (0xe0d4c8)
LDR: ! Imported function 'sys_lwmutex_create' in 'sysPrxForUser' module (0xe0d4e8)
LDR: ! Imported function 'sys_ppu_thread_get_id' in 'sysPrxForUser' module (0xe0d508)
LDR: ! Imported function 'sys_prx_register_library' in 'sysPrxForUser' module (0xe0d528)
LDR: ! Imported function 'sys_process_is_stack' in 'sysPrxForUser' module (0xe0d548)
LDR: ! Imported function 'sys_initialize_tls' in 'sysPrxForUser' module (0xe0d568)
LDR: ! Imported function 'sys_prx_stop_module' in 'sysPrxForUser' module (0xe0d588)
LDR: ! Imported function 'sys_time_get_system_time' in 'sysPrxForUser' module (0xe0d5a8)
LDR: ! Imported function '_sys_process_at_Exitspawn' in 'sysPrxForUser' module (0xe0d5c8)
LDR: ! Imported function 'sys_prx_start_module' in 'sysPrxForUser' module (0xe0d5e8)
LDR: ! Imported function 'sys_prx_exitspawn_with_level' in 'sysPrxForUser' module (0xe0d608)
LDR: ! Imported function 'sys_prx_load_module_on_memcontainer_by_fd' in 'sysPrxForUser' module (0xe0d628)
LDR: ! Imported function 'sys_prx_load_module_on_memcontainer' in 'sysPrxForUser' module (0xe0d648)
LDR: ! Imported function 'sys_lwmutex_trylock' in 'sysPrxForUser' module (0xe0d668)
LDR: ! Imported function 'sys_ppu_thread_exit' in 'sysPrxForUser' module (0xe0d688)
LDR: ! Imported function 'sys_lwmutex_destroy' in 'sysPrxForUser' module (0xe0d6a8)
LDR: ! Imported function 'sys_lwcond_create' in 'sysPrxForUser' module (0xe0d6c8)
LDR: ! Imported function 'sys_spu_image_close' in 'sysPrxForUser' module (0xe0d6e8)
LDR: ! Imported function 'sys_process_exit' in 'sysPrxForUser' module (0xe0d708)
LDR: ! Imported function 'sys_lwcond_signal_all' in 'sysPrxForUser' module (0xe0d728)
LDR: ! Imported function 'sys_prx_load_module_by_fd' in 'sysPrxForUser' module (0xe0d748)
LDR: ! Imported function 'sys_lwcond_signal' in 'sysPrxForUser' module (0xe0d768)
LDR: ! Imported function 'sys_prx_unload_module' in 'sysPrxForUser' module (0xe0d788)
MEM: ! Thread Local Storage initialized (g_tls_start=0x153b000, user_size=0x208)
*** TLS segment addr: 0x011c5960
*** TLS segment size: 0x00000008
HLE: W {PPU[0x1] Thread (main_thread)[0x00e0d4e8]} sysPrxForUser: sys_lwmutex_create(lwmutex=*0x14c6158, attr=*0xe57818)
HLE: W {PPU[0x1] Thread (main_thread)[0x00406a3c]} sys_memory: sys_memory_get_user_memory_size(mem_info=*0xd001fc04)
HLE: W {PPU[0x1] Thread (main_thread)[0x00e0d4e8]} sysPrxForUser: sys_lwmutex_create(lwmutex=*0x14c5f60, attr=*0xe57818)
HLE: W {PPU[0x1] Thread (main_thread)[0x00e0d4e8]} sysPrxForUser: sys_lwmutex_create(lwmutex=*0x14c56e8, attr=*0xe57818)
HLE: W {PPU[0x1] Thread (main_thread)[0x00e0d4e8]} sysPrxForUser: sys_lwmutex_create(lwmutex=*0x14c5710, attr=*0xe57818)
HLE: W {PPU[0x1] Thread (main_thread)[0x00e0d4e8]} sysPrxForUser: sys_lwmutex_create(lwmutex=*0x14c5738, attr=*0xe57818)
HLE: W {PPU[0x1] Thread (main_thread)[0x00e0d4e8]} sysPrxForUser: sys_lwmutex_create(lwmutex=*0x14c5620, attr=*0xe57818)
HLE: W {PPU[0x1] Thread (main_thread)[0x00e0d4e8]} sysPrxForUser: sys_lwmutex_create(lwmutex=*0x14c5648, attr=*0xe57818)
HLE: W {PPU[0x1] Thread (main_thread)[0x00e0d4e8]} sysPrxForUser: sys_lwmutex_create(lwmutex=*0x14c5670, attr=*0xe57818)
HLE: W {PPU[0x1] Thread (main_thread)[0x00e0d4e8]} sysPrxForUser: sys_lwmutex_create(lwmutex=*0x14c5698, attr=*0xe57818)
HLE: W {PPU[0x1] Thread (main_thread)[0x00e0d4e8]} sysPrxForUser: sys_lwmutex_create(lwmutex=*0x14c56c0, attr=*0xe57818)
HLE: W {PPU[0x1] Thread (main_thread)[0x004053a4]} sys_memory: sys_memory_allocate(size=0x100000, flags=0x400, alloc_addr=*0xd001f830)
HLE: W {PPU[0x1] Thread (main_thread)[0x00e0d4e8]} sysPrxForUser: sys_lwmutex_create(lwmutex=*0x14c62a8, attr=*0x11c7e60)
HLE: W {PPU[0x1] Thread (main_thread)[0x00e0d4e8]} sysPrxForUser: sys_lwmutex_create(lwmutex=*0x14c6268, attr=*0x11c7e70)
HLE: W {PPU[0x1] Thread (main_thread)[0x00e0d4e8]} sysPrxForUser: sys_lwmutex_create(lwmutex=*0x200002e0, attr=*0xe57818)
HLE: W {PPU[0x1] Thread (main_thread)[0x00e0d4e8]} sysPrxForUser: sys_lwmutex_create(lwmutex=*0x20000350, attr=*0xe57818)
HLE: W {PPU[0x1] Thread (main_thread)[0x00e0d4e8]} sysPrxForUser: sys_lwmutex_create(lwmutex=*0x200003d0, attr=*0xe57818)
HLE: W {PPU[0x1] Thread (main_thread)[0x00e0d4e8]} sysPrxForUser: sys_lwmutex_create(lwmutex=*0x20000430, attr=*0xe57818)
HLE: W {PPU[0x1] Thread (main_thread)[0x00e0d4e8]} sysPrxForUser: sys_lwmutex_create(lwmutex=*0x20000470, attr=*0xe57818)
HLE: W {PPU[0x1] Thread (main_thread)[0x00e0d4e8]} sysPrxForUser: sys_lwmutex_create(lwmutex=*0x200004b0, attr=*0xe57818)
HLE: W {PPU[0x1] Thread (main_thread)[0x00e0d4e8]} sysPrxForUser: sys_lwmutex_create(lwmutex=*0x20000570, attr=*0xe57818)
HLE: W {PPU[0x1] Thread (main_thread)[0x00e0d4e8]} sysPrxForUser: sys_lwmutex_create(lwmutex=*0x200005a0, attr=*0xe57818)
HLE: W {PPU[0x1] Thread (main_thread)[0x00e0d4e8]} sysPrxForUser: sys_lwmutex_create(lwmutex=*0x200005d0, attr=*0xe57818)
HLE: W {PPU[0x1] Thread (main_thread)[0x00e0d4e8]} sysPrxForUser: sys_lwmutex_create(lwmutex=*0x20000600, attr=*0xe57818)
HLE: W {PPU[0x1] Thread (main_thread)[0x00e0d4e8]} sysPrxForUser: sys_lwmutex_create(lwmutex=*0x20000630, attr=*0xe57818)
HLE: W {PPU[0x1] Thread (main_thread)[0x00e0d4e8]} sysPrxForUser: sys_lwmutex_create(lwmutex=*0x20000660, attr=*0xe57818)
HLE: W {PPU[0x1] Thread (main_thread)[0x00e0d4e8]} sysPrxForUser: sys_lwmutex_create(lwmutex=*0x11c7b30, attr=*0xd001fbb0)
HLE: W {PPU[0x1] Thread (main_thread)[0x00e0d4e8]} sysPrxForUser: sys_lwmutex_create(lwmutex=*0x11cc6f8, attr=*0xd001fbb0)
HLE: W {PPU[0x1] Thread (main_thread)[0x00e0d4e8]} sysPrxForUser: sys_lwmutex_create(lwmutex=*0x11cc6d0, attr=*0xd001fbd0)
HLE: W {PPU[0x1] Thread (main_thread)[0x00e0d4e8]} sysPrxForUser: sys_lwmutex_create(lwmutex=*0x11cc6a8, attr=*0xd001fbd0)
HLE: W {PPU[0x1] Thread (main_thread)[0x00e0d4e8]} sysPrxForUser: sys_lwmutex_create(lwmutex=*0x14c7f40, attr=*0xd001fbd0)
HLE: W {PPU[0x1] Thread (main_thread)[0x003f3d90]} sys_time: sys_time_get_timezone(timezone=*0xd001fb20, summertime=*0xd001fb24)
HLE: W {PPU[0x1] Thread (main_thread)[0x003f5800]} sys_time: sys_time_get_timezone(timezone=*0xd001fb20, summertime=*0xd001fb24)
HLE: W {PPU[0x1] Thread (main_thread)[0x003f3d34]} sys_time: sys_time_get_timezone(timezone=*0xd001fb20, summertime=*0xd001fb24)
HLE: W {PPU[0x1] Thread (main_thread)[0x003f5800]} sys_time: sys_time_get_timezone(timezone=*0xd001fb20, summertime=*0xd001fb24)
HLE: W {PPU[0x1] Thread (main_thread)[0x00e0d4e8]} sysPrxForUser: sys_lwmutex_create(lwmutex=*0x120c588, attr=*0xd001fb50)
HLE: W {PPU[0x1] Thread (main_thread)[0x003dee3c]} sys_mutex: sys_mutex_create(mutex_id=*0xd001f990, attr=*0xd001f998)
HLE: W {PPU[0x1] Thread (main_thread)[0x003dee3c]} sys_mutex: sys_mutex_create(mutex_id=*0xd001f990, attr=*0xd001f998)
HLE: W {PPU[0x1] Thread (main_thread)[0x003dee3c]} sys_mutex: sys_mutex_create(mutex_id=*0xd001f990, attr=*0xd001f998)
HLE: W {PPU[0x1] Thread (main_thread)[0x003dee3c]} sys_mutex: sys_mutex_create(mutex_id=*0xd001f990, attr=*0xd001f998)
TTY: This is not a demo build\n
TTY: This is a final build\n
HLE: W {PPU[0x1] Thread (main_thread)[0x0012f810]} sys_mutex: sys_mutex_create(mutex_id=*0x11d5228, attr=*0xd001f910)
HLE: W {PPU[0x1] Thread (main_thread)[0x0012f83c]} sys_cond: sys_cond_create(cond_id=*0x11d522c, mutex_id=0x25, attr=*0xd001f8e0)
HLE: W {PPU[0x1] Thread (main_thread)[0x0012f854]} sys_spu: sys_spu_initialize(max_usable_spu=6, max_raw_spu=0)
HLE: W {PPU[0x1] Thread (main_thread)[0x00e0c388]} cellSysmodule: cellSysmoduleLoadModule(id=0x000d: CELL_SYSMODULE_SYNC)
HLE: W {PPU[0x1] Thread (main_thread)[0x00e0c388]} cellSysmodule: cellSysmoduleLoadModule(id=0x000a: CELL_SYSMODULE_SPURS)
HLE: W {PPU[0x1] Thread (main_thread)[0x00e0c388]} cellSysmodule: cellSysmoduleLoadModule(id=0x0000: CELL_SYSMODULE_NET)
HLE: W {PPU[0x1] Thread (main_thread)[0x00e0c388]} cellSysmodule: cellSysmoduleLoadModule(id=0x0016: CELL_SYSMODULE_SYSUTIL_NP)
HLE: W {PPU[0x1] Thread (main_thread)[0x00e0c388]} cellSysmodule: cellSysmoduleLoadModule(id=0xf035: CELL_SYSMODULE_SYSUTIL_NP_TROPHY)
HLE: W {PPU[0x1] Thread (main_thread)[0x00e0bd28]} cellSysutil: cellSysutilGetSystemParamInt(id=0x111(ID_LANG), value=*0xd001f850)
HLE: W {PPU[0x1] Thread (main_thread)[0x00e0be28]} cellSysutil: cellSysutilRegisterCallback(slot=0, func=*0x114ae60, userdata=*0x0)
HLE: W {PPU[0x1] Thread (main_thread)[0x00e0c948]} sys_net: sys_net_initialize_network_ex(param=*0xd001f8d0)
HLE: W {PPU[0x1] Thread (main_thread)[0x00e0be48]} cellSysutil: cellVideoOutGetResolutionAvailability(videoOut=0, resolutionId=0x2, aspect=2, option=0)
HLE: W {PPU[0x1] Thread (main_thread)[0x004053a4]} sys_memory: sys_memory_allocate(size=0x300000, flags=0x400, alloc_addr=*0xd001f5e0)
HLE: W {PPU[0x1] Thread (main_thread)[0x00e0c2a8]} cellGcmSys: cellGcmInitDefaultFifoMode(mode=1)
HLE: W {PPU[0x1] Thread (main_thread)[0x00e0bf88]} cellGcmSys: _cellGcmInitBody(context=**0x1411034, cmdSize=0x80000, ioSize=0x100000, ioAddress=0x20100000)
HLE: W {PPU[0x1] Thread (main_thread)[0x00e0bf88]} cellGcmSys: *** local memory(addr=0xc0000000, size=0xf900000)
HLE: W {PPU[0x1] Thread (main_thread)[0x00e0bf88]} cellGcmSys: cellGcmInit(): 256MB io address space used
RSX: ! {RSXThread} RSX thread started
HLE: W {PPU[0x1] Thread (main_thread)[0x00e0d4e8]} sysPrxForUser: sys_lwmutex_create(lwmutex=*0x11d5290, attr=*0xd001f7f0)
HLE: W {PPU[0x1] Thread (main_thread)[0x00131784]} sys_memory: sys_memory_allocate(size=0x1500000, flags=0x400, alloc_addr=*0xd001f670)
HLE: W {PPU[0x1] Thread (main_thread)[0x00e0c188]} cellGcmSys: cellGcmMapMainMemory(ea=0x20400000, size=0x1500000, offset=*0x11f5358)
HLE: W {PPU[0x1] Thread (main_thread)[0x00e0c068]} cellGcmSys: cellGcmSetFlipMode(mode=1)
HLE: W {PPU[0x1] Thread (main_thread)[0x00e0c248]} cellGcmSys: cellGcmSetTileInfo(index=0, location=0, offset=1310720, size=3801088, pitch=5120, comp=7, base=0, bank=0)
HLE: E {PPU[0x1] Thread (main_thread)[0x00e0c248]} cellGcmSys: cellGcmSetTileInfo: bad compression mode! (7)
HLE: W {PPU[0x1] Thread (main_thread)[0x00e0c048]} cellGcmSys: cellGcmBindTile(index=0)
HLE: W {PPU[0x1] Thread (main_thread)[0x00e0c248]} cellGcmSys: cellGcmSetTileInfo(index=1, location=0, offset=5242880, size=3801088, pitch=5120, comp=7, base=58, bank=0)
HLE: E {PPU[0x1] Thread (main_thread)[0x00e0c248]} cellGcmSys: cellGcmSetTileInfo: bad compression mode! (7)
HLE: W {PPU[0x1] Thread (main_thread)[0x00e0c048]} cellGcmSys: cellGcmBindTile(index=1)
HLE: W {PPU[0x1] Thread (main_thread)[0x00e0c248]} cellGcmSys: cellGcmSetTileInfo(index=2, location=0, offset=9175040, size=3801088, pitch=5120, comp=10, base=116, bank=1)
HLE: E {PPU[0x1] Thread (main_thread)[0x00e0c248]} cellGcmSys: cellGcmSetTileInfo: bad compression mode! (10)
HLE: W {PPU[0x1] Thread (main_thread)[0x00e0c048]} cellGcmSys: cellGcmBindTile(index=2)
HLE: W {PPU[0x1] Thread (main_thread)[0x00e0c088]} cellGcmSys: cellGcmSetSecondVFrequency(level=2)
HLE: E {PPU[0x1] Thread (main_thread)[0x00e0c088]} cellGcmSys TODO: Unimplemented display frequency: Scanout
HLE: W {PPU[0x1] Thread (main_thread)[0x00e0c1a8]} cellGcmSys: cellGcmSetFlipHandler(handler=*0x114ae40)
HLE: W {PPU[0x1] Thread (main_thread)[0x00e0c208]} cellGcmSys: cellGcmSetVBlankHandler(handler=*0x114ada0)
HLE: W {PPU[0x1] Thread (main_thread)[0x00e0c9e8]} cellNetCtl: cellNetCtlInit()
HLE: W {PPU[0x1] Thread (main_thread)[0x00e0c608]} cellSpurs: _cellSpursAttributeInitialize(attr=*0xd001f630, revision=2, sdkVersion=0x330000, nSpus=1, spuPriority=230, ppuPriority=880, exitIfNoWork=0)
HLE: W {PPU[0x1] Thread (main_thread)[0x00e0c3e8]} cellSpurs: cellSpursAttributeSetNamePrefix(attr=*0xd001f630, prefix=*0xecac28, size=14)
HLE: W {PPU[0x1] Thread (main_thread)[0x00e0c6a8]} cellSpurs: cellSpursInitializeWithAttribute(spurs=*0x20011d00, attr=*0xd001f630)
HLE: W {PPU[0x1] Thread (main_thread)[0x00e0c6a8]} sys_process: sys_process_is_spu_lock_line_reservation_address(addr=0x20011d00, flags=0x2)
HLE: W {PPU[0x1] Thread (main_thread)[0x00e0c6a8]} sys_semaphore: sys_semaphore_create(sem_id=*0xd001f5a8, attr=*0xd001f588, initial_val=0, max_val=1)
HLE: W {PPU[0x1] Thread (main_thread)[0x00e0c6a8]} sys_semaphore: sys_semaphore_create(sem_id=*0xd001f5a8, attr=*0xd001f588, initial_val=0, max_val=1)
HLE: W {PPU[0x1] Thread (main_thread)[0x00e0c6a8]} sys_semaphore: sys_semaphore_create(sem_id=*0xd001f5a8, attr=*0xd001f588, initial_val=0, max_val=1)
HLE: W {PPU[0x1] Thread (main_thread)[0x00e0c6a8]} sys_semaphore: sys_semaphore_create(sem_id=*0xd001f5a8, attr=*0xd001f588, initial_val=0, max_val=1)
HLE: W {PPU[0x1] Thread (main_thread)[0x00e0c6a8]} sys_semaphore: sys_semaphore_create(sem_id=*0xd001f5a8, attr=*0xd001f588, initial_val=0, max_val=1)
HLE: W {PPU[0x1] Thread (main_thread)[0x00e0c6a8]} sys_semaphore: sys_semaphore_create(sem_id=*0xd001f5a8, attr=*0xd001f588, initial_val=0, max_val=1)
HLE: W {PPU[0x1] Thread (main_thread)[0x00e0c6a8]} sys_semaphore: sys_semaphore_create(sem_id=*0xd001f5a8, attr=*0xd001f588, initial_val=0, max_val=1)
HLE: W {PPU[0x1] Thread (main_thread)[0x00e0c6a8]} sys_semaphore: sys_semaphore_create(sem_id=*0xd001f5a8, attr=*0xd001f588, initial_val=0, max_val=1)
HLE: W {PPU[0x1] Thread (main_thread)[0x00e0c6a8]} sys_semaphore: sys_semaphore_create(sem_id=*0xd001f5a8, attr=*0xd001f588, initial_val=0, max_val=1)
HLE: W {PPU[0x1] Thread (main_thread)[0x00e0c6a8]} sys_semaphore: sys_semaphore_create(sem_id=*0xd001f5a8, attr=*0xd001f588, initial_val=0, max_val=1)
HLE: W {PPU[0x1] Thread (main_thread)[0x00e0c6a8]} sys_semaphore: sys_semaphore_create(sem_id=*0xd001f5a8, attr=*0xd001f588, initial_val=0, max_val=1)
HLE: W {PPU[0x1] Thread (main_thread)[0x00e0c6a8]} sys_semaphore: sys_semaphore_create(sem_id=*0xd001f5a8, attr=*0xd001f588, initial_val=0, max_val=1)
HLE: W {PPU[0x1] Thread (main_thread)[0x00e0c6a8]} sys_semaphore: sys_semaphore_create(sem_id=*0xd001f5a8, attr=*0xd001f588, initial_val=0, max_val=1)
HLE: W {PPU[0x1] Thread (main_thread)[0x00e0c6a8]} sys_semaphore: sys_semaphore_create(sem_id=*0xd001f5a8, attr=*0xd001f588, initial_val=0, max_val=1)
HLE: W {PPU[0x1] Thread (main_thread)[0x00e0c6a8]} sys_semaphore: sys_semaphore_create(sem_id=*0xd001f5a8, attr=*0xd001f588, initial_val=0, max_val=1)
HLE: W {PPU[0x1] Thread (main_thread)[0x00e0c6a8]} sys_semaphore: sys_semaphore_create(sem_id=*0xd001f5a8, attr=*0xd001f588, initial_val=0, max_val=1)
HLE: W {PPU[0x1] Thread (main_thread)[0x00e0c6a8]} sys_semaphore: sys_semaphore_create(sem_id=*0xd001f5a8, attr=*0xd001f588, initial_val=0, max_val=1)
HLE: W {PPU[0x1] Thread (main_thread)[0x00e0c6a8]} sys_spu: sys_spu_thread_group_create(id=*0xd001f568, num=1, prio=230, attr=*0xd001f4d8)
HLE: W {PPU[0x1] Thread (main_thread)[0x00e0c6a8]} sys_spu: sys_spu_thread_initialize(thread=*0xd001f4b0, group=0x39, spu_num=0, img=*0x20012a70, attr=*0xd001f4a0, arg=*0xd001f4b8)
HLE: E {PPU[0x1] Thread (main_thread)[0x00e0c6a8]} sys_spu: Unsupported SPU Thread options (0x2)
HLE: W {PPU[0x1] Thread (main_thread)[0x00e0c6a8]} sysPrxForUser: sys_lwmutex_create(lwmutex=*0x20012ab0, attr=*0xd001f570)
HLE: W {PPU[0x1] Thread (main_thread)[0x00e0c6a8]} sysPrxForUser: sys_lwcond_create(lwcond=*0x20012ac8, lwmutex=*0x20012ab0, attr=*0xd001f580)
HLE: W {PPU[0x1] Thread (main_thread)[0x00e0c6a8]} sys_event: sys_event_queue_create(equeue_id=*0x20012a5c, attr=*0xd001f408, event_queue_key=0x0, size=42)
HLE: W {PPU[0x1] Thread (main_thread)[0x00e0c6a8]} sys_spu: sys_spu_thread_group_connect_event_all_threads(id=0x39, eq=0x3d, req=0xffffffffffff0000, spup=*0x20011dc9)
HLE: W {PPU[0x1] Thread (main_thread)[0x00e0c6a8]} sys_event: sys_event_port_create(eport_id=*0x20012a60, port_type=1, name=0x0)
HLE: W {PPU[0x1] Thread (main_thread)[0x00e0c6a8]} sys_event: sys_event_port_connect_local(eport_id=0x3e, equeue_id=0x3d)
HLE: W {PPU[0x1] Thread (main_thread)[0x00e0c6a8]} cellSpurs: cellSpursEnableExceptionEventHandler(spurs=*0x20011d00, flag=1)
HLE: W {PPU[0x40] Thread (PlatformSPURS_SpursHdlr0)[0x00000000]} sys_spu: sys_spu_thread_group_start(id=0x39)
HLE: W {PPU[0x1] Thread (main_thread)[0x00e0c6a8]} sys_spu: sys_spu_thread_group_connect_event(id=0x39, eq=0x3d, et=2)
SPU: S {PPU[0x40] Thread (PlatformSPURS_SpursHdlr0)[0x00000000]} SPU Database initialized...
SPU: S {PPU[0x40] Thread (PlatformSPURS_SpursHdlr0)[0x00000000]} SPU Recompiler (ASMJIT) created...
HLE: W {PPU[0x40] Thread (PlatformSPURS_SpursHdlr0)[0x00000000]} sys_spu: sys_spu_thread_group_join(id=0x39, cause=*0x0, status=*0x0)
HLE: W {PPU[0x1] Thread (main_thread)[0x003dee3c]} sys_mutex: sys_mutex_create(mutex_id=*0xd001f600, attr=*0xd001f608)
HLE: W {PPU[0x1] Thread (main_thread)[0x003dee3c]} sys_mutex: sys_mutex_create(mutex_id=*0xd001f600, attr=*0xd001f608)
HLE: W {PPU[0x1] Thread (main_thread)[0x00e0c388]} cellSysmodule: cellSysmoduleLoadModule(id=0x005a: CELL_SYSMODULE_GEM)
SPU: S {SPU[0x3a] Thread (PlatformSPURS_CellSpursKernel0)[0x00818]} Function detected [0x00818-0x00820] (size=0x8)
HLE: W {PPU[0x1] Thread (main_thread)[0x000cfb7c]} sys_memory: sys_memory_container_create(cid=*0x11d4fbc, size=0x100000)
HLE: W {PPU[0x1] Thread (main_thread)[0x00e0c388]} cellSysmodule: cellSysmoduleLoadModule(id=0x0023: CELL_SYSMODULE_CAMERA)
HLE: W {PPU[0x1] Thread (main_thread)[0x00e0cfc8]} cellCamera: cellCameraInit()
HLE: E {PPU[0x1] Thread (main_thread)[0x00e0cf88]} cellCamera: cellCameraOpenEx
HLE: W {PPU[0x1] Thread (main_thread)[0x00e0cf68]} cellCamera: cellCameraGetType(dev_num=0, type=*0xd001f720)
HLE: W {PPU[0x1] Thread (main_thread)[0x00e0b0a8]} cellGem: cellGemGetMemorySize(max_connect=2)
HLE: W {PPU[0x1] Thread (main_thread)[0x00e0b028]} cellGem: cellGemInit(attribute=*0xd001f7d0)
HLE: W {PPU[0x1] Thread (main_thread)[0x004053a4]} sys_memory: sys_memory_allocate(size=0x200000, flags=0x400, alloc_addr=*0xd001f540)
HLE: E {PPU[0x2] Thread (Callback Thread)[0x00e0c008]} cellGcmSys TODO: cellGcmGetLastSecondVTime()
HLE: E {PPU[0x1] Thread (main_thread)[0x00e0b208]} cellGem: cellGemPrepareVideoConvert
HLE: W {PPU[0x1] Thread (main_thread)[0x00e0d4e8]} sysPrxForUser: sys_lwmutex_create(lwmutex=*0x20019170, attr=*0xd001f6d0)
HLE: W {PPU[0x1] Thread (main_thread)[0x00e0d468]} sysPrxForUser: sys_ppu_thread_create(thread_id=*0x20019110, entry=0x11974f0, arg=0x2001911000000000, prio=0, stacksize=0x4000, flags=0x1, threadname=*0xd001f6e0)
HLE: W {PPU[0x1] Thread (main_thread)[0x00e0d468]} sys_ppu_thread: _sys_ppu_thread_create(thread_id=*0x20019110, param=*0xd001f648, arg=0x2001911000000000, unk=0x0, prio=0, stacksize=0x4000, flags=0x1, threadname=*0xd001f6e0)
HLE: W {PPU[0x1] Thread (main_thread)[0x00e0d468]} sys_ppu_thread: sys_ppu_thread_start(thread_id=0x45)
HLE: E {PPU[0x1] Thread (main_thread)[0x00e0b268]} cellGem: cellGemReset
HLE: E {PPU[0x1] Thread (main_thread)[0x00e0b268]} cellGem: cellGemReset
HLE: E {PPU[0x45] Thread (Gem Update)[0x00e0cf08]} cellCamera: cellCameraReadEx
HLE: E {PPU[0x45] Thread (Gem Update)[0x00e0b008]} cellGem: cellGemUpdateStart
HLE: E {PPU[0x45] Thread (Gem Update)[0x00e0b0c8]} cellGem: cellGemUpdateFinish
HLE: E {PPU[0x45] Thread (Gem Update)[0x00e0b128]} cellGem: cellGemConvertVideoStart
HLE: E {PPU[0x45] Thread (Gem Update)[0x00e0b048]} cellGem: cellGemConvertVideoFinish
HLE: E {PPU[0x45] Thread (Gem Update)[0x00e0b1a8]} cellGem TODO: cellGemGetInfo(info=*0xd003fba0)
HLE: E {PPU[0x45] Thread (Gem Update)[0x00e0b108]} cellGem: cellGemGetState
HLE: E {PPU[0x45] Thread (Gem Update)[0x00e0b2c8]} cellGem: cellGemGetStatusFlags
HLE: E {PPU[0x45] Thread (Gem Update)[0x00e0b248]} cellGem: cellGemGetInertialState
HLE: E {PPU[0x45] Thread (Gem Update)[0x00e0b108]} cellGem: cellGemGetState
HLE: E {PPU[0x45] Thread (Gem Update)[0x00e0b108]} cellGem: cellGemGetState
HLE: E {PPU[0x45] Thread (Gem Update)[0x00e0b108]} cellGem: cellGemGetState
HLE: E {PPU[0x45] Thread (Gem Update)[0x00e0b108]} cellGem: cellGemGetState
HLE: E {PPU[0x45] Thread (Gem Update)[0x00e0b108]} cellGem: cellGemGetState
HLE: E {PPU[0x45] Thread (Gem Update)[0x00e0b108]} cellGem: cellGemGetState
HLE: E {PPU[0x45] Thread (Gem Update)[0x00e0b108]} cellGem: cellGemGetState
HLE: E {PPU[0x45] Thread (Gem Update)[0x00e0b108]} cellGem: cellGemGetState
HLE: E {PPU[0x45] Thread (Gem Update)[0x00e0b108]} cellGem: cellGemGetState
HLE: E {PPU[0x45] Thread (Gem Update)[0x00e0b108]} cellGem: cellGemGetState
HLE: E {PPU[0x45] Thread (Gem Update)[0x00e0b108]} cellGem: cellGemGetState
HLE: E {PPU[0x45] Thread (Gem Update)[0x00e0b108]} cellGem: cellGemGetState
HLE: E {PPU[0x45] Thread (Gem Update)[0x00e0b108]} cellGem: cellGemGetState
HLE: E {PPU[0x45] Thread (Gem Update)[0x00e0b108]} cellGem: cellGemGetState
HLE: E {PPU[0x45] Thread (Gem Update)[0x00e0b108]} cellGem: cellGemGetState
HLE: E {PPU[0x45] Thread (Gem Update)[0x00e0b108]} cellGem: cellGemGetState
HLE: E {PPU[0x45] Thread (Gem Update)[0x00e0b108]} cellGem: cellGemGetState
HLE: E {PPU[0x45] Thread (Gem Update)[0x00e0b108]} cellGem: cellGemGetState
HLE: E {PPU[0x45] Thread (Gem Update)[0x00e0b108]} cellGem: cellGemGetState
HLE: E {PPU[0x45] Thread (Gem Update)[0x00e0b108]} cellGem: cellGemGetState
HLE: E {PPU[0x45] Thread (Gem Update)[0x00e0b108]} cellGem: cellGemGetState
HLE: E {PPU[0x45] Thread (Gem Update)[0x00e0b108]} cellGem: cellGemGetState
HLE: E {PPU[0x45] Thread (Gem Update)[0x00e0b108]} cellGem: cellGemGetState
HLE: E {PPU[0x45] Thread (Gem Update)[0x00e0b108]} cellGem: cellGemGetState
HLE: E {PPU[0x45] Thread (Gem Update)[0x00e0b108]} cellGem: cellGemGetState
HLE: E {PPU[0x45] Thread (Gem Update)[0x00e0b108]} cellGem: cellGemGetState
HLE: E {PPU[0x45] Thread (Gem Update)[0x00e0b108]} cellGem: cellGemGetState
HLE: E {PPU[0x45] Thread (Gem Update)[0x00e0b108]} cellGem: cellGemGetState
HLE: E {PPU[0x45] Thread (Gem Update)[0x00e0b108]} cellGem: cellGemGetState
HLE: E {PPU[0x45] Thread (Gem Update)[0x00e0b108]} cellGem: cellGemGetState
HLE: E {PPU[0x45] Thread (Gem Update)[0x00e0b108]} cellGem: cellGemGetState
HLE: E {PPU[0x45] Thread (Gem Update)[0x00e0b108]} cellGem: cellGemGetState
HLE: E {PPU[0x45] Thread (Gem Update)[0x00e0b108]} cellGem: cellGemGetState
HLE: E {PPU[0x45] Thread (Gem Update)[0x00e0b108]} cellGem: cellGemGetState
HLE: E {PPU[0x45] Thread (Gem Update)[0x00e0b108]} cellGem: cellGemGetState
HLE: E {PPU[0x45] Thread (Gem Update)[0x00e0b108]} cellGem: cellGemGetState
HLE: E {PPU[0x45] Thread (Gem Update)[0x00e0b108]} cellGem: cellGemGetState
HLE: E {PPU[0x45] Thread (Gem Update)[0x00e0b108]} cellGem: cellGemGetState
HLE: E {PPU[0x45] Thread (Gem Update)[0x00e0b108]} cellGem: cellGemGetState
HLE: E {PPU[0x45] Thread (Gem Update)[0x00e0b108]} cellGem: cellGemGetState
HLE: E {PPU[0x45] Thread (Gem Update)[0x00e0b108]} cellGem: cellGemGetState
HLE: E {PPU[0x45] Thread (Gem Update)[0x00e0b108]} cellGem: cellGemGetState
HLE: E {PPU[0x45] Thread (Gem Update)[0x00e0b108]} cellGem: cellGemGetState
HLE: E {PPU[0x45] Thread (Gem Update)[0x00e0b108]} cellGem: cellGemGetState
HLE: E {PPU[0x45] Thread (Gem Update)[0x00e0b108]} cellGem: cellGemGetState
HLE: E {PPU[0x45] Thread (Gem Update)[0x00e0b108]} cellGem: cellGemGetState
HLE: E {PPU[0x45] Thread (Gem Update)[0x00e0b108]} cellGem: cellGemGetState
HLE: E {PPU[0x45] Thread (Gem Update)[0x00e0b108]} cellGem: cellGemGetState
HLE: E {PPU[0x45] Thread (Gem Update)[0x00e0b108]} cellGem: cellGemGetState
HLE: E {PPU[0x45] Thread (Gem Update)[0x00e0b108]} cellGem: cellGemGetState
HLE: E {PPU[0x45] Thread (Gem Update)[0x00e0b108]} cellGem: cellGemGetState
HLE: E {PPU[0x45] Thread (Gem Update)[0x00e0b108]} cellGem: cellGemGetState
HLE: E {PPU[0x45] Thread (Gem Update)[0x00e0b108]} cellGem: cellGemGetState
HLE: E {PPU[0x45] Thread (Gem Update)[0x00e0b108]} cellGem: cellGemGetState
HLE: E {PPU[0x45] Thread (Gem Update)[0x00e0b108]} cellGem: cellGemGetState
HLE: E {PPU[0x45] Thread (Gem Update)[0x00e0b108]} cellGem: cellGemGetState
HLE: E {PPU[0x45] Thread (Gem Update)[0x00e0b108]} cellGem: cellGemGetState
HLE: E {PPU[0x45] Thread (Gem Update)[0x00e0b108]} cellGem: cellGemGetState
HLE: E {PPU[0x45] Thread (Gem Update)[0x00e0b108]} cellGem: cellGemGetState
HLE: E {PPU[0x45] Thread (Gem Update)[0x00e0b248]} cellGem: cellGemGetInertialState
HLE: E {PPU[0x45] Thread (Gem Update)[0x00e0bfa8]} cellGcmSys: cellGcmSetCursorPosition
HLE: E {PPU[0x45] Thread (Gem Update)[0x00e0b108]} cellGem: cellGemGetState
HLE: E {PPU[0x45] Thread (Gem Update)[0x00e0b2c8]} cellGem: cellGemGetStatusFlags
HLE: E {PPU[0x45] Thread (Gem Update)[0x00e0b248]} cellGem: cellGemGetInertialState
HLE: E {PPU[0x45] Thread (Gem Update)[0x00e0b108]} cellGem: cellGemGetState
HLE: E {PPU[0x45] Thread (Gem Update)[0x00e0b108]} cellGem: cellGemGetState
HLE: E {PPU[0x45] Thread (Gem Update)[0x00e0b108]} cellGem: cellGemGetState
HLE: E {PPU[0x45] Thread (Gem Update)[0x00e0b108]} cellGem: cellGemGetState
HLE: E {PPU[0x45] Thread (Gem Update)[0x00e0b108]} cellGem: cellGemGetState
HLE: E {PPU[0x45] Thread (Gem Update)[0x00e0b108]} cellGem: cellGemGetState
HLE: E {PPU[0x45] Thread (Gem Update)[0x00e0b108]} cellGem: cellGemGetState
HLE: E {PPU[0x45] Thread (Gem Update)[0x00e0b108]} cellGem: cellGemGetState
HLE: E {PPU[0x45] Thread (Gem Update)[0x00e0b108]} cellGem: cellGemGetState
HLE: E {PPU[0x45] Thread (Gem Update)[0x00e0b108]} cellGem: cellGemGetState
HLE: E {PPU[0x45] Thread (Gem Update)[0x00e0b108]} cellGem: cellGemGetState
HLE: E {PPU[0x45] Thread (Gem Update)[0x00e0b108]} cellGem: cellGemGetState
HLE: E {PPU[0x45] Thread (Gem Update)[0x00e0b108]} cellGem: cellGemGetState
HLE: E {PPU[0x45] Thread (Gem Update)[0x00e0b108]} cellGem: cellGemGetState
HLE: E {PPU[0x45] Thread (Gem Update)[0x00e0b108]} cellGem: cellGemGetState
HLE: E {PPU[0x45] Thread (Gem Update)[0x00e0b108]} cellGem: cellGemGetState
HLE: E {PPU[0x45] Thread (Gem Update)[0x00e0b108]} cellGem: cellGemGetState
HLE: E {PPU[0x45] Thread (Gem Update)[0x00e0b108]} cellGem: cellGemGetState
HLE: E {PPU[0x45] Thread (Gem Update)[0x00e0b108]} cellGem: cellGemGetState
HLE: E {PPU[0x45] Thread (Gem Update)[0x00e0b108]} cellGem: cellGemGetState
HLE: E {PPU[0x45] Thread (Gem Update)[0x00e0b108]} cellGem: cellGemGetState
HLE: E {PPU[0x45] Thread (Gem Update)[0x00e0b108]} cellGem: cellGemGetState
HLE: E {PPU[0x45] Thread (Gem Update)[0x00e0b108]} cellGem: cellGemGetState
HLE: E {PPU[0x45] Thread (Gem Update)[0x00e0b108]} cellGem: cellGemGetState
HLE: E {PPU[0x45] Thread (Gem Update)[0x00e0b108]} cellGem: cellGemGetState
HLE: E {PPU[0x45] Thread (Gem Update)[0x00e0b108]} cellGem: cellGemGetState
HLE: E {PPU[0x45] Thread (Gem Update)[0x00e0b108]} cellGem: cellGemGetState
HLE: E {PPU[0x45] Thread (Gem Update)[0x00e0b108]} cellGem: cellGemGetState
HLE: E {PPU[0x45] Thread (Gem Update)[0x00e0b108]} cellGem: cellGemGetState
HLE: E {PPU[0x45] Thread (Gem Update)[0x00e0b108]} cellGem: cellGemGetState
HLE: E {PPU[0x45] Thread (Gem Update)[0x00e0b108]} cellGem: cellGemGetState
HLE: E {PPU[0x45] Thread (Gem Update)[0x00e0b108]} cellGem: cellGemGetState
HLE: E {PPU[0x45] Thread (Gem Update)[0x00e0b108]} cellGem: cellGemGetState
HLE: E {PPU[0x45] Thread (Gem Update)[0x00e0b108]} cellGem: cellGemGetState
HLE: E {PPU[0x45] Thread (Gem Update)[0x00e0b108]} cellGem: cellGemGetState
HLE: E {PPU[0x45] Thread (Gem Update)[0x00e0b108]} cellGem: cellGemGetState
HLE: E {PPU[0x45] Thread (Gem Update)[0x00e0b108]} cellGem: cellGemGetState
HLE: E {PPU[0x45] Thread (Gem Update)[0x00e0b108]} cellGem: cellGemGetState
HLE: E {PPU[0x45] Thread (Gem Update)[0x00e0b108]} cellGem: cellGemGetState
HLE: E {PPU[0x45] Thread (Gem Update)[0x00e0b108]} cellGem: cellGemGetState
HLE: E {PPU[0x45] Thread (Gem Update)[0x00e0b108]} cellGem: cellGemGetState
HLE: E {PPU[0x45] Thread (Gem Update)[0x00e0b108]} cellGem: cellGemGetState
HLE: E {PPU[0x45] Thread (Gem Update)[0x00e0b108]} cellGem: cellGemGetState
HLE: E {PPU[0x45] Thread (Gem Update)[0x00e0b108]} cellGem: cellGemGetState
HLE: E {PPU[0x45] Thread (Gem Update)[0x00e0b108]} cellGem: cellGemGetState
HLE: E {PPU[0x45] Thread (Gem Update)[0x00e0b108]} cellGem: cellGemGetState
HLE: E {PPU[0x45] Thread (Gem Update)[0x00e0b108]} cellGem: cellGemGetState
HLE: E {PPU[0x45] Thread (Gem Update)[0x00e0b108]} cellGem: cellGemGetState
HLE: E {PPU[0x45] Thread (Gem Update)[0x00e0b108]} cellGem: cellGemGetState
HLE: E {PPU[0x45] Thread (Gem Update)[0x00e0b108]} cellGem: cellGemGetState
HLE: E {PPU[0x45] Thread (Gem Update)[0x00e0b108]} cellGem: cellGemGetState
HLE: E {PPU[0x45] Thread (Gem Update)[0x00e0b108]} cellGem: cellGemGetState
HLE: E {PPU[0x45] Thread (Gem Update)[0x00e0b108]} cellGem: cellGemGetState
HLE: E {PPU[0x45] Thread (Gem Update)[0x00e0b108]} cellGem: cellGemGetState
HLE: E {PPU[0x45] Thread (Gem Update)[0x00e0b108]} cellGem: cellGemGetState
HLE: E {PPU[0x45] Thread (Gem Update)[0x00e0b108]} cellGem: cellGemGetState
HLE: E {PPU[0x45] Thread (Gem Update)[0x00e0b108]} cellGem: cellGemGetState
HLE: E {PPU[0x45] Thread (Gem Update)[0x00e0b108]} cellGem: cellGemGetState
HLE: E {PPU[0x45] Thread (Gem Update)[0x00e0b108]} cellGem: cellGemGetState
HLE: E {PPU[0x45] Thread (Gem Update)[0x00e0b248]} cellGem: cellGemGetInertialState
HLE: W {PPU[0x1] Thread (main_thread)[0x00e0c388]} cellSysmodule: cellSysmoduleLoadModule(id=0x000e: CELL_SYSMODULE_FS)
HLE: W {PPU[0x1] Thread (main_thread)[0x00e0c3a8]} cellSysmodule: cellSysmoduleInitialize()
HLE: W {PPU[0x1] Thread (main_thread)[0x00e0c388]} cellSysmodule: cellSysmoduleLoadModule(id=0x0017: CELL_SYSMODULE_IO)
HLE: W {PPU[0x1] Thread (main_thread)[0x00e0c388]} cellSysmodule: cellSysmoduleLoadModule(id=0x000e: CELL_SYSMODULE_FS)
HLE: W {PPU[0x1] Thread (main_thread)[0x00e0d4e8]} sysPrxForUser: sys_lwmutex_create(lwmutex=*0x200191e0, attr=*0xd001f3c0)
HLE: W {PPU[0x1] Thread (main_thread)[0x00e0d6c8]} sysPrxForUser: sys_lwcond_create(lwcond=*0x20011cf0, lwmutex=*0x200191e0, attr=*0xd001f3b0)
HLE: W {PPU[0x1] Thread (main_thread)[0x00e0d4e8]} sysPrxForUser: sys_lwmutex_create(lwmutex=*0x20019210, attr=*0xd001f350)
HLE: W {PPU[0x1] Thread (main_thread)[0x00e0d4e8]} sysPrxForUser: sys_lwmutex_create(lwmutex=*0x20320ca0, attr=*0xd001f3d0)
HLE: W {PPU[0x1] Thread (main_thread)[0x00e0d4e8]} sysPrxForUser: sys_lwmutex_create(lwmutex=*0x20320d28, attr=*0xd001f470)
HLE: W {PPU[0x1] Thread (main_thread)[0x0016f2e8]} sys_rwlock: sys_rwlock_create(rw_lock_id=*0x20320d5c, attr=*0xd001f460)
HLE: W {PPU[0x1] Thread (main_thread)[0x00e0d4e8]} sysPrxForUser: sys_lwmutex_create(lwmutex=*0x20320d78, attr=*0xd001f470)
HLE: W {PPU[0x1] Thread (main_thread)[0x00e0d6c8]} sysPrxForUser: sys_lwcond_create(lwcond=*0x20320da0, lwmutex=*0x20320d78, attr=*0xd001f460)
HLE: W {PPU[0x1] Thread (main_thread)[0x0016f2e8]} sys_rwlock: sys_rwlock_create(rw_lock_id=*0x2001927c, attr=*0xd001f460)
HLE: W {PPU[0x1] Thread (main_thread)[0x00e0c388]} cellSysmodule: cellSysmoduleLoadModule(id=0x003e: CELL_SYSMODULE_SYSUTIL_GAME)
HLE: W {PPU[0x1] Thread (main_thread)[0x00e0b368]} cellGame: cellGameDataCheck(type=3, dirName=*0x203211c0, size=*0xd001f320)
HLE: W {PPU[0x1] Thread (main_thread)[0x00e0b368]} cellGame: cellGameDataCheck(): '/dev_hdd0/game/BCES00463' directory not found
HLE: W {PPU[0x1] Thread (main_thread)[0x00e0b928]} cellFs: cellFsOpen(path=*0xd001f164, flags=0, fd=*0xd001f010, arg=*0x0, size=0x0) -> sys_fs_open()
HLE: W {PPU[0x1] Thread (main_thread)[0x00e0b928]} sys_fs: sys_fs_open(path=*0xd001f164, flags=0, fd=*0xd001f010, mode=0, arg=*0x0, size=0x0)
HLE: W {PPU[0x1] Thread (main_thread)[0x00e0b928]} sys_fs: *** path = '/dev_bdvd/PS3_GAME/ICON0.PNG'
HLE: W {PPU[0x1] Thread (main_thread)[0x00e0ba68]} sys_fs: sys_fs_fstat(fd=3, sb=*0xd001f030)
HLE: E {PPU[0x1] Thread (main_thread)[0x00e0b348]} cellGame: cellGameCreateGameData(init=*0xd001f430, tmp_contentInfoPath=*0xd001f330, tmp_usrdirPath=*0xd001f3b0)
G: W {PPU[0x1] Thread (main_thread)[0x00e0b348]} Error creating directory 'D:/Emulateurs/Rpcs3/dev_hdd1/game/BCES00463': 0x3
HLE: E {PPU[0x1] Thread (main_thread)[0x00e0b348]} cellGame: cellGameCreateGameData(): failed to create content directory ('/dev_hdd1/game/BCES00463')
TTY: cellGameCreateGameData failed - Error Code: 8002cb09\n
HLE: W {PPU[0x1] Thread (main_thread)[0x00e0b948]} cellFs: cellFsStat(path=*0xd001f16c, sb=*0xd001f038) -> sys_fs_stat()
HLE: W {PPU[0x1] Thread (main_thread)[0x00e0b948]} sys_fs: sys_fs_stat(path=*0xd001f16c, sb=*0xd001f038)
HLE: W {PPU[0x1] Thread (main_thread)[0x00e0b948]} sys_fs: *** path = '/ICON0.PNG'
HLE: W {PPU[0x1] Thread (main_thread)[0x00e0b948]} sys_fs: sys_fs_stat('/ICON0.PNG') failed: not mounted
HLE: W {PPU[0x1] Thread (main_thread)[0x00e0b928]} cellFs: cellFsOpen(path=*0xd001f06c, flags=0, fd=*0xd001efd0, arg=*0x0, size=0x0) -> sys_fs_open()
HLE: W {PPU[0x1] Thread (main_thread)[0x00e0b928]} sys_fs: sys_fs_open(path=*0xd001f06c, flags=0, fd=*0xd001efd0, mode=0, arg=*0x0, size=0x0)
HLE: W {PPU[0x1] Thread (main_thread)[0x00e0b928]} sys_fs: *** path = '/dev_bdvd/PS3_GAME/ICON0.PNG'
HLE: W {PPU[0x1] Thread (main_thread)[0x00e0ba68]} sys_fs: sys_fs_fstat(fd=4, sb=*0xd001f004)
HLE: W {PPU[0x1] Thread (main_thread)[0x00e0b928]} cellFs: cellFsOpen(path=*0xd001f16c, flags=0102, fd=*0xd001efd4, arg=*0x0, size=0x0) -> sys_fs_open()
HLE: W {PPU[0x1] Thread (main_thread)[0x00e0b928]} sys_fs: sys_fs_open(path=*0xd001f16c, flags=0102, fd=*0xd001efd4, mode=0600, arg=*0x0, size=0x0)
HLE: W {PPU[0x1] Thread (main_thread)[0x00e0b928]} sys_fs: *** path = '/ICON0.PNG'
HLE: E {PPU[0x1] Thread (main_thread)[0x00e0b928]} sys_fs: sys_fs_open('/ICON0.PNG') failed: device not mounted
TTY: ret is -2147418054\n
TTY: Could not copy game data icon\n
HLE: W {PPU[0x1] Thread (main_thread)[0x00e0b2e8]} cellGame: cellGameContentPermit(contentInfoPath=*0x203210c0, usrdirPath=*0x20321140)
TTY: cellGameContentPermit failed\n
TTY: Cannot initialise game data on /dev_hdd0\n
TTY: CInputManager::DeactivateGemAndReleaseSpurs - Calling pthread_join for gem thread\n
HLE: W {PPU[0x1] Thread (main_thread)[0x003dffc4]} sys_ppu_thread: sys_ppu_thread_join(thread_id=0x45, vptr=*0xd001f780)
HLE: W {PPU[0x1] Thread (main_thread)[0x00e0d6a8]} sys_lwmutex: _sys_lwmutex_destroy(lwmutex_id=0x44)
TTY: CInputManager::DeactivateGemAndReleaseSpurs - Finished calling pthread_join for gem thread\n
HLE: W {PPU[0x1] Thread (main_thread)[0x00e0b288]} cellGem: cellGemEnd()
HLE: W {PPU[0x1] Thread (main_thread)[0x00e0c368]} cellSysmodule: cellSysmoduleUnloadModule(id=0x005a: CELL_SYSMODULE_GEM)
HLE: W {PPU[0x1] Thread (main_thread)[0x003df1cc]} sys_mutex: sys_mutex_destroy(mutex_id=0x41)
HLE: W {PPU[0x1] Thread (main_thread)[0x003df1cc]} sys_mutex: sys_mutex_destroy(mutex_id=0x42)
HLE: W {PPU[0x1] Thread (main_thread)[0x00e0c9c8]} cellNetCtl: cellNetCtlTerm()
HLE: W {PPU[0x1] Thread (main_thread)[0x00e0bbe8]} cellSysutil: cellSysutilUnregisterCallback(slot=0)
HLE: W {PPU[0x1] Thread (main_thread)[0x00e0c968]} sys_net: sys_net_initialize_network_ex()
HLE: W {PPU[0x1] Thread (main_thread)[0x00e0c368]} cellSysmodule: cellSysmoduleUnloadModule(id=0xf035: CELL_SYSMODULE_SYSUTIL_NP_TROPHY)
HLE: W {PPU[0x1] Thread (main_thread)[0x00e0c368]} cellSysmodule: cellSysmoduleUnloadModule(id=0x0016: CELL_SYSMODULE_SYSUTIL_NP)
HLE: W {PPU[0x1] Thread (main_thread)[0x00e0c368]} cellSysmodule: cellSysmoduleUnloadModule(id=0x0000: CELL_SYSMODULE_NET)
HLE: W {PPU[0x1] Thread (main_thread)[0x00e0c368]} cellSysmodule: cellSysmoduleUnloadModule(id=0x000a: CELL_SYSMODULE_SPURS)
HLE: W {PPU[0x1] Thread (main_thread)[0x00e0c368]} cellSysmodule: cellSysmoduleUnloadModule(id=0x000d: CELL_SYSMODULE_SYNC)
HLE: E {PPU[0x1] Thread (main_thread)[0x003f2ab4]} Unimplemented syscall 988: syscall_988 -> CELL_OK
HLE: W {PPU[0x1] Thread (main_thread)[0x003df2b0]} sys_mutex: sys_mutex_destroy(mutex_id=0x21)
HLE: W {PPU[0x1] Thread (main_thread)[0x003df2b0]} sys_mutex: sys_mutex_destroy(mutex_id=0x22)
HLE: W {PPU[0x1] Thread (main_thread)[0x003df2b0]} sys_mutex: sys_mutex_destroy(mutex_id=0x23)
HLE: W {PPU[0x1] Thread (main_thread)[0x003df2b0]} sys_mutex: sys_mutex_destroy(mutex_id=0x24)
HLE: W {PPU[0x1] Thread (main_thread)[0x00e0d6a8]} sys_lwmutex: _sys_lwmutex_destroy(lwmutex_id=0x1d)
HLE: W {PPU[0x1] Thread (main_thread)[0x00e0d6a8]} sys_lwmutex: _sys_lwmutex_destroy(lwmutex_id=0x20)
RSX: W {RSXThread} TODO: NV4097_SET_WINDOW_OFFSET: x=0, y=0
RSX: W {RSXThread} TODO: NV4097_SET_TEXTURE_CONTROL2
RSX: W {RSXThread} TODO: NV4097_SET_TEXTURE_CONTROL2
RSX: W {RSXThread} TODO: NV4097_SET_TEXTURE_CONTROL2
RSX: W {RSXThread} TODO: NV4097_SET_TEXTURE_CONTROL2
RSX: W {RSXThread} TODO: NV4097_SET_TEXTURE_CONTROL2
RSX: W {RSXThread} TODO: NV4097_SET_TEXTURE_CONTROL2
RSX: W {RSXThread} TODO: NV4097_SET_TEXTURE_CONTROL2
RSX: W {RSXThread} TODO: NV4097_SET_TEXTURE_CONTROL2
RSX: W {RSXThread} TODO: NV4097_SET_TEXTURE_CONTROL2
RSX: W {RSXThread} TODO: NV4097_SET_TEXTURE_CONTROL2
RSX: W {RSXThread} TODO: NV4097_SET_TEXTURE_CONTROL2
RSX: W {RSXThread} TODO: NV4097_SET_TEXTURE_CONTROL2
RSX: W {RSXThread} TODO: NV4097_SET_TEXTURE_CONTROL2
RSX: W {RSXThread} TODO: NV4097_SET_TEXTURE_CONTROL2
RSX: W {RSXThread} TODO: NV4097_SET_TEXTURE_CONTROL2
RSX: W {RSXThread} TODO: NV4097_SET_TEXTURE_CONTROL2
HLE: W {PPU[0x1] Thread (main_thread)[0x00e0d6a8]} sys_lwmutex: _sys_lwmutex_destroy(lwmutex_id=0x1f)
HLE: W {PPU[0x1] Thread (main_thread)[0x00e0d6a8]} sys_lwmutex: _sys_lwmutex_destroy(lwmutex_id=0x1b)
HLE: W {PPU[0x1] Thread (main_thread)[0x00e0d6a8]} sys_lwmutex: _sys_lwmutex_destroy(lwmutex_id=0x1c)
HLE: W {PPU[0x1] Thread (main_thread)[0x00e0d6a8]} sys_lwmutex: _sys_lwmutex_destroy(lwmutex_id=0x1a)
HLE: W {PPU[0x1] Thread (main_thread)[0x00e0d6a8]} sys_lwmutex: _sys_lwmutex_destroy(lwmutex_id=0x19)
HLE: W {PPU[0x1] Thread (main_thread)[0x00e0d6a8]} sys_lwmutex: _sys_lwmutex_destroy(lwmutex_id=0x18)
HLE: W {PPU[0x1] Thread (main_thread)[0x00e0d6a8]} sys_lwmutex: _sys_lwmutex_destroy(lwmutex_id=0x17)
HLE: W {PPU[0x1] Thread (main_thread)[0x00e0d6a8]} sys_lwmutex: _sys_lwmutex_destroy(lwmutex_id=0x16)
HLE: W {PPU[0x1] Thread (main_thread)[0x00e0d6a8]} sys_lwmutex: _sys_lwmutex_destroy(lwmutex_id=0x15)
HLE: E {PPU[0x1] Thread (main_thread)[0x003f7bb4]} Unimplemented syscall 988: syscall_988 -> CELL_OK
HLE: W {PPU[0x1] Thread (main_thread)[0x00e0d6a8]} sys_lwmutex: _sys_lwmutex_destroy(lwmutex_id=0x5)
HLE: W {PPU[0x1] Thread (main_thread)[0x00e0d6a8]} sys_lwmutex: _sys_lwmutex_destroy(lwmutex_id=0x6)
HLE: W {PPU[0x1] Thread (main_thread)[0x00e0d6a8]} sys_lwmutex: _sys_lwmutex_destroy(lwmutex_id=0x7)
HLE: W {PPU[0x1] Thread (main_thread)[0x00e0d6a8]} sys_lwmutex: _sys_lwmutex_destroy(lwmutex_id=0x8)
HLE: W {PPU[0x1] Thread (main_thread)[0x00e0d6a8]} sys_lwmutex: _sys_lwmutex_destroy(lwmutex_id=0x9)
HLE: W {PPU[0x1] Thread (main_thread)[0x00e0d6a8]} sys_lwmutex: _sys_lwmutex_destroy(lwmutex_id=0xa)
HLE: W {PPU[0x1] Thread (main_thread)[0x00e0d6a8]} sys_lwmutex: _sys_lwmutex_destroy(lwmutex_id=0xb)
HLE: W {PPU[0x1] Thread (main_thread)[0x00e0d6a8]} sys_lwmutex: _sys_lwmutex_destroy(lwmutex_id=0xc)
HLE: W {PPU[0x1] Thread (main_thread)[0x00e0d6a8]} sys_lwmutex: _sys_lwmutex_destroy(lwmutex_id=0x4)
HLE: W {PPU[0x1] Thread (main_thread)[0x00e0d6a8]} sys_lwmutex: _sys_lwmutex_destroy(lwmutex_id=0x3)
HLE: W {PPU[0x1] Thread (main_thread)[0x00e0d708]} sys_process: sys_process_exit(status=0xffffffff)
HLE: S {PPU[0x1] Thread (main_thread)[0x00e0d708]} sys_process: Process finished
G: ! Stopping emulator...
G: ! {VBlank Thread} Thread aborted
HLE: S {PPU[0x1] Thread (main_thread)[0x00e0d708]} Last function: sys_process_exit (0xe6f2c1e7)
G: ! All threads signaled...
G: ! {PPU[0x1] Thread (main_thread)[0x00e0d708]} Thread aborted
G: ! {PPU[0x3f] Thread (PlatformSPURS_SpursHdlr1)[0x00000000]} Thread aborted
G: ! {PPU[0x40] Thread (PlatformSPURS_SpursHdlr0)[0x00000000]} Thread aborted
G: ! {PPU[0x2] Thread (Callback Thread)[0x00000000]} Thread aborted
G: ! {SPU[0x3a] Thread (PlatformSPURS_CellSpursKernel0)[0x00818]} Thread aborted
G: ! All threads stopped...
G: ! Objects cleared...
G: ! Stopping emulator...
