LDR: E PSFLoader::Load() failed: unknown magic (0x0)
G: ! RPCS3 0.0.0.5 v0.0.0.5-2529-g286d296
G: ! 
G: ! Stopping emulator...
LDR: ! Loading 'D:/Emulateurs/Rpcs3/dev_hdd0/game/BCES01663-[LittleBigPlanet™3]/PS3_GAME/USRDIR/BOOT.BIN'...
G: W fs::file::open('D:/Emulateurs/Rpcs3/dev_hdd0/game/BCES01663-[LittleBigPlanet™3]/PS3_GAME/dev_bdvd.path', 0x1) failed: error 0x2
LDR: ! 
LDR: ! Mount info:
LDR: ! /dev_usb000/ -> D:/Emulateurs/Rpcs3/dev_usb000/
LDR: ! /dev_flash/ -> D:/Emulateurs/Rpcs3/dev_flash/
LDR: ! /host_root/ -> 
LDR: ! /dev_hdd0/ -> D:/Emulateurs/Rpcs3/dev_hdd0/
LDR: ! /dev_hdd1/ -> D:/Emulateurs/Rpcs3/dev_hdd1/
LDR: ! /dev_bdvd/ -> D:/Emulateurs/Rpcs3/dev_hdd0/game/BCES01663-[LittleBigPlanet™3]/
LDR: ! /dev_usb/ -> D:/Emulateurs/Rpcs3/dev_usb000/
LDR: ! 
LDR: ! Settings:
LDR: ! CPU: PPU Interpreter 2
LDR: ! SPU: SPU Recompiler (ASMJIT)
LDR: ! Renderer: DirectX 12
LDR: ! D3D Adapter: Default
LDR: ! Resolution: 1280x720
LDR: ! Write Depth Buffer: No
LDR: ! Write Color Buffers: No
LDR: ! Read Color Buffer: No
LDR: ! Audio Out: XAudio2
LDR: ! Log Everything: No
LDR: ! RSX Logging: No
LDR: ! 
LDR: ! Title: LittleBigPlanet™3 (EU)
LDR: ! Serial: BCES01663
LDR: ! Elf path: /dev_bdvd/PS3_GAME/USRDIR/BOOT.BIN
LDR: ! 
LDR: ! loader::init() failed: Broken file
LDR: ! *** sdk version: 0x460001
LDR: ! *** primary prio: 800
LDR: ! *** primary stacksize: 0x40000
LDR: ! *** malloc pagesize: 0x100000
LDR: ! *** ppc seg: 0x0
LDR: ! Imported function 'cellAudioCreateNotifyEventQueue' in 'cellAudio' module (0xd0ed80)
LDR: ! Imported function 'cellAudioInit' in 'cellAudio' module (0xd0edb8)
LDR: ! Imported function 'cellAudioSetNotifyEventQueue' in 'cellAudio' module (0xd0edf0)
LDR: ! Imported function 'cellAudioPortClose' in 'cellAudio' module (0xd0ee28)
LDR: ! Imported function 'cellAudioPortStop' in 'cellAudio' module (0xd0ee60)
LDR: ! Imported function 'cellAudioGetPortConfig' in 'cellAudio' module (0xd0ee98)
LDR: ! Imported function 'cellAudioPortStart' in 'cellAudio' module (0xd0eed0)
LDR: ! Imported function 'cellAudioQuit' in 'cellAudio' module (0xd0ef08)
LDR: ! Imported function 'cellAudioPortOpen' in 'cellAudio' module (0xd0ef40)
LDR: ! Imported function 'cellAudioRemoveNotifyEventQueue' in 'cellAudio' module (0xd0ef78)
LDR: ! Imported function 'cellCameraStop' in 'cellCamera' module (0xd0efb0)
LDR: ! Imported function 'cellCameraGetBufferInfoEx' in 'cellCamera' module (0xd0efe8)
LDR: ! Imported function 'cellCameraReadEx' in 'cellCamera' module (0xd0f020)
LDR: ! Imported function 'cellCameraClose' in 'cellCamera' module (0xd0f058)
LDR: ! Imported function 'cellCameraRemoveNotifyEventQueue2' in 'cellCamera' module (0xd0f090)
LDR: ! Imported function 'cellCameraStart' in 'cellCamera' module (0xd0f0c8)
LDR: ! Imported function 'cellCameraGetAttribute' in 'cellCamera' module (0xd0f100)
LDR: ! Imported function 'cellCameraGetType' in 'cellCamera' module (0xd0f138)
LDR: ! Imported function 'cellCameraEnd' in 'cellCamera' module (0xd0f170)
LDR: ! Imported function 'cellCameraOpenEx' in 'cellCamera' module (0xd0f1a8)
LDR: ! Imported function 'cellCameraGetBufferSize' in 'cellCamera' module (0xd0f1e0)
LDR: ! Imported function 'cellCameraReset' in 'cellCamera' module (0xd0f218)
LDR: ! Imported function 'cellCameraIsAvailable' in 'cellCamera' module (0xd0f250)
LDR: ! Imported function 'cellCameraSetAttribute' in 'cellCamera' module (0xd0f288)
LDR: ! Imported function 'cellCameraSetNotifyEventQueue2' in 'cellCamera' module (0xd0f2c0)
LDR: ! Imported function 'cellCameraInit' in 'cellCamera' module (0xd0f2f8)
LDR: ! Imported function 'cellFiberPpuYield' in 'cellFiber' module (0xd0f330)
LDR: ! Imported function 'cellFiberPpuRunFibers' in 'cellFiber' module (0xd0f368)
LDR: ! Imported function 'cellFiberPpuWaitSignal' in 'cellFiber' module (0xd0f3a0)
LDR: ! Imported function 'cellFiberPpuCreateFiber' in 'cellFiber' module (0xd0f3d8)
LDR: ! Imported function 'cellFiberPpuSendSignal' in 'cellFiber' module (0xd0f410)
LDR: ! Imported function 'cellFiberPpuFinalizeScheduler' in 'cellFiber' module (0xd0f448)
LDR: ! Imported function '_cellFiberPpuSchedulerAttributeInitialize' in 'cellFiber' module (0xd0f480)
LDR: ! Imported function 'cellFiberPpuWaitFlag' in 'cellFiber' module (0xd0f4b8)
LDR: ! Imported function 'cellFiberPpuJoinFiber' in 'cellFiber' module (0xd0f4f0)
LDR: ! Imported function '_cellFiberPpuAttributeInitialize' in 'cellFiber' module (0xd0f528)
LDR: ! Imported function 'cellFiberPpuInitializeScheduler' in 'cellFiber' module (0xd0f560)
LDR: ! Imported function 'cellFiberPpuCheckFlags' in 'cellFiber' module (0xd0f598)
LDR: ! Imported function 'cellFiberPpuExit' in 'cellFiber' module (0xd0f5d0)
LDR: ! Imported function '_cellFiberPpuInitialize' in 'cellFiber' module (0xd14810)
LDR: ! Imported function 'cellFsFtruncate' in 'sys_fs' module (0xd0f608)
LDR: ! Imported function 'cellFsRmdir' in 'sys_fs' module (0xd0f640)
LDR: ! Imported function 'cellFsClose' in 'sys_fs' module (0xd0f678)
LDR: ! Imported function 'cellFsOpendir' in 'sys_fs' module (0xd0f6b0)
LDR: ! Imported function 'cellFsRead' in 'sys_fs' module (0xd0f6e8)
LDR: ! Imported function 'cellFsReaddir' in 'sys_fs' module (0xd0f720)
LDR: ! Imported function 'cellFsOpen' in 'sys_fs' module (0xd0f758)
LDR: ! Imported function 'cellFsAllocateFileAreaWithoutZeroFill' in 'sys_fs' module (0xd0f790)
LDR: ! Imported function 'cellFsStat' in 'sys_fs' module (0xd0f7c8)
LDR: ! Imported function 'cellFsUnlink' in 'sys_fs' module (0xd0f800)
LDR: ! Imported function 'cellFsFsync' in 'sys_fs' module (0xd0f838)
LDR: ! Imported function 'cellFsGetDirectoryEntries' in 'sys_fs' module (0xd0f870)
LDR: ! Imported function 'cellFsLseek' in 'sys_fs' module (0xd0f8a8)
LDR: ! Imported function 'cellFsGetFreeSize' in 'sys_fs' module (0xd0f8e0)
LDR: ! Imported function 'cellFsSdataOpen' in 'sys_fs' module (0xd0f918)
LDR: ! Imported function 'cellFsMkdir' in 'sys_fs' module (0xd0f950)
LDR: ! Imported function 'cellFsWrite' in 'sys_fs' module (0xd0f988)
LDR: ! Imported function 'cellFsFstat' in 'sys_fs' module (0xd0f9c0)
LDR: ! Imported function 'cellFsRename' in 'sys_fs' module (0xd0f9f8)
LDR: ! Imported function 'cellFsClosedir' in 'sys_fs' module (0xd0fa30)
LDR: ! Imported function 'cellFsSdataOpenByFd' in 'sys_fs' module (0xd14ed8)
LDR: ! Imported function 'cellGcmGetTiledPitchSize' in 'cellGcmSys' module (0xd0fa68)
LDR: ! Imported function 'cellGcmSetUserHandler' in 'cellGcmSys' module (0xd0faa0)
LDR: ! Imported function 'cellGcmAddressToOffset' in 'cellGcmSys' module (0xd0fad8)
LDR: ! Imported function 'cellGcmSetFlipMode' in 'cellGcmSys' module (0xd0fb10)
LDR: ! Imported function 'cellGcmSetDebugOutputLevel' in 'cellGcmSys' module (0xd0fb48)
LDR: ! Imported function 'cellGcmGetTimeStamp' in 'cellGcmSys' module (0xd0fb80)
LDR: ! Imported function 'cellGcmMapEaIoAddress' in 'cellGcmSys' module (0xd0fbb8)
LDR: ! Imported function 'cellGcmGetFlipStatus' in 'cellGcmSys' module (0xd0fbf0)
LDR: ! Imported function 'cellGcmGetReport' in 'cellGcmSys' module (0xd0fc28)
LDR: ! Imported function 'cellGcmMapMainMemory' in 'cellGcmSys' module (0xd0fc60)
LDR: ! Imported function 'cellGcmSetDisplayBuffer' in 'cellGcmSys' module (0xd0fc98)
LDR: ! Imported function 'cellGcmGetControlRegister' in 'cellGcmSys' module (0xd0fcd0)
LDR: ! Imported function 'cellGcmSetVBlankHandler' in 'cellGcmSys' module (0xd0fd08)
LDR: ! Imported function 'cellGcmResetFlipStatus' in 'cellGcmSys' module (0xd0fd40)
LDR: ! Imported function 'cellGcmSetInvalidateTile' in 'cellGcmSys' module (0xd0fd78)
LDR: ! Imported function 'cellGcmSetTile' in 'cellGcmSys' module (0xd0fdb0)
LDR: ! Imported function 'cellGcmSetZcull' in 'cellGcmSys' module (0xd0fde8)
LDR: ! Imported function 'cellGcmGetConfiguration' in 'cellGcmSys' module (0xd0fe20)
LDR: ! Imported function 'cellGcmUnmapEaIoAddress' in 'cellGcmSys' module (0xd0fe58)
LDR: ! Imported function 'cellGcmGetLabelAddress' in 'cellGcmSys' module (0xd0fe90)
LDR: ! Imported function '_cellGcmInitBody' in 'cellGcmSys' module (0xd14848)
LDR: ! Imported function '_cellGcmSetFlipCommand' in 'cellGcmSys' module (0xd14880)
LDR: ! Imported function '_cellGcmFunc15' in 'cellGcmSys' module (0xd148b8)
LDR: ! Imported function 'cellGcmGetDefaultCommandWordSize' in 'cellGcmSys' module (0xd148f0)
LDR: ! Imported function 'cellGcmGetDefaultSegmentWordSize' in 'cellGcmSys' module (0xd14928)
LDR: ! Imported function 'cellGcmSetDefaultFifoSize' in 'cellGcmSys' module (0xd14960)
LDR: ! Imported function '_cellGcmSetFlipCommandWithWaitLabel' in 'cellGcmSys' module (0xd14998)
LDR: ! Imported function 'cellHttpCreateTransaction' in 'cellHttp' module (0xd0fec8)
LDR: ! Imported function 'cellHttpResponseGetStatusCode' in 'cellHttp' module (0xd0ff00)
LDR: ! Imported function 'cellHttpClientSetSslCallback' in 'cellHttp' module (0xd0ff38)
LDR: ! Imported function 'cellHttpClientSetRecvTimeout' in 'cellHttp' module (0xd0ff70)
LDR: ! Imported function 'cellHttpInit' in 'cellHttp' module (0xd0ffa8)
LDR: ! Imported function 'cellHttpTransactionAbortConnection' in 'cellHttp' module (0xd0ffe0)
LDR: ! Imported function 'cellHttpDestroyTransaction' in 'cellHttp' module (0xd10018)
LDR: ! Imported function 'cellHttpClientSetVersion' in 'cellHttp' module (0xd10050)
LDR: ! Imported function 'cellHttpClientSetCookieStatus' in 'cellHttp' module (0xd10088)
LDR: ! Imported function 'cellHttpResponseGetContentLength' in 'cellHttp' module (0xd100c0)
LDR: ! Imported function 'cellHttpClientSetRedirectCallback' in 'cellHttp' module (0xd100f8)
LDR: ! Imported function 'cellHttpCreateClient' in 'cellHttp' module (0xd10130)
LDR: ! Imported function 'cellHttpResponseGetHeader' in 'cellHttp' module (0xd10168)
LDR: ! Imported function 'cellHttpsInit' in 'cellHttp' module (0xd101a0)
LDR: ! Imported function 'cellHttpRequestSetHeader' in 'cellHttp' module (0xd101d8)
LDR: ! Imported function 'cellHttpClientSetPerHostKeepAliveMax' in 'cellHttp' module (0xd10210)
LDR: ! Imported function 'cellHttpClientSetKeepAlive' in 'cellHttp' module (0xd10248)
LDR: ! Imported function 'cellHttpRecvResponse' in 'cellHttp' module (0xd10280)
LDR: ! Imported function 'cellHttpClientSetAuthenticationCallback' in 'cellHttp' module (0xd102b8)
LDR: ! Imported function 'cellHttpClientSetSendTimeout' in 'cellHttp' module (0xd102f0)
LDR: ! Imported function 'cellHttpInitCookie' in 'cellHttp' module (0xd10328)
LDR: ! Imported function 'cellHttpDestroyClient' in 'cellHttp' module (0xd10360)
LDR: ! Imported function 'cellHttpSendRequest' in 'cellHttp' module (0xd10398)
LDR: ! Imported function 'cellHttpRequestSetContentLength' in 'cellHttp' module (0xd103d0)
LDR: ! Imported function 'cellHttpClientSetTransactionStateCallback' in 'cellHttp' module (0xd10408)
LDR: ! Imported function 'cellHttpClientSetUserAgent' in 'cellHttp' module (0xd10440)
LDR: ! Imported function 'cellHttpEnd' in 'cellHttp' module (0xd10478)
LDR: ! Imported function 'cellHttpsEnd' in 'cellHttp' module (0xd104b0)
LDR: ! Imported function 'cellHttpUtilBuildUri' in 'cellHttpUtil' module (0xd104e8)
LDR: ! Imported function 'cellPadInit' in 'sys_io' module (0xd10520)
LDR: ! Imported function 'cellKbGetConfiguration' in 'sys_io' module (0xd10558)
LDR: ! Imported function 'cellKbGetInfo' in 'sys_io' module (0xd10590)
LDR: ! Imported function 'cellKbInit' in 'sys_io' module (0xd105c8)
LDR: ! Imported function 'cellPadPeriphGetInfo' in 'sys_io' module (0xd10600)
LDR: ! Imported function 'cellPadEnd' in 'sys_io' module (0xd10638)
LDR: ! Imported function 'cellPadSetPortSetting' in 'sys_io' module (0xd10670)
LDR: ! Imported function 'cellMouseGetInfo' in 'sys_io' module (0xd106a8)
LDR: ! Imported function 'cellMouseGetDataList' in 'sys_io' module (0xd106e0)
LDR: ! Imported function 'cellPadGetData' in 'sys_io' module (0xd10718)
LDR: ! Imported function 'cellKbSetCodeType' in 'sys_io' module (0xd10750)
LDR: ! Imported function 'cellKbEnd' in 'sys_io' module (0xd10788)
LDR: ! Imported function 'cellMouseInit' in 'sys_io' module (0xd107c0)
LDR: ! Imported function 'cellKbSetReadMode' in 'sys_io' module (0xd107f8)
LDR: ! Imported function 'cellMouseEnd' in 'sys_io' module (0xd10830)
LDR: ! Imported function 'cellPadSetActDirect' in 'sys_io' module (0xd10868)
LDR: ! Imported function 'cellKbRead' in 'sys_io' module (0xd108a0)
LDR: ! Imported function 'cellJpgDecReadHeader' in 'cellJpgDec' module (0xd108d8)
LDR: ! Imported function 'cellJpgDecClose' in 'cellJpgDec' module (0xd10910)
LDR: ! Imported function 'cellJpgDecOpen' in 'cellJpgDec' module (0xd10948)
LDR: ! Imported function 'cellJpgDecCreate' in 'cellJpgDec' module (0xd10980)
LDR: ! Imported function 'cellJpgDecDecodeData' in 'cellJpgDec' module (0xd109b8)
LDR: ! Imported function 'cellJpgDecDestroy' in 'cellJpgDec' module (0xd109f0)
LDR: ! Imported function 'cellJpgDecSetParameter' in 'cellJpgDec' module (0xd10a28)
LDR: ! Imported function 'cellKey2CharClose' in 'cellKey2char' module (0xd10a60)
LDR: ! Imported function 'cellKey2CharGetChar' in 'cellKey2char' module (0xd10a98)
LDR: ! Imported function 'cellKey2CharOpen' in 'cellKey2char' module (0xd10ad0)
LDR: ! Imported function 'cellKey2CharSetMode' in 'cellKey2char' module (0xd10b08)
LDR: ! Imported function 'sys_lwmutex_lock' in 'sysPrxForUser' module (0xd10b40)
LDR: ! Imported function 'sys_lwmutex_unlock' in 'sysPrxForUser' module (0xd10b78)
LDR: ! Imported function 'sys_ppu_thread_create' in 'sysPrxForUser' module (0xd10bb0)
LDR: ! Imported function '_sys_process_atexitspawn' in 'sysPrxForUser' module (0xd10be8)
LDR: ! Imported function 'sys_lwmutex_create' in 'sysPrxForUser' module (0xd10c20)
LDR: ! Imported function 'sys_ppu_thread_get_id' in 'sysPrxForUser' module (0xd10c58)
LDR: ! Imported function 'sys_prx_register_library' in 'sysPrxForUser' module (0xd10c90)
LDR: ! Imported function 'sys_initialize_tls' in 'sysPrxForUser' module (0xd10cc8)
LDR: ! Imported function 'sys_time_get_system_time' in 'sysPrxForUser' module (0xd10d00)
LDR: ! Imported function '_sys_process_at_Exitspawn' in 'sysPrxForUser' module (0xd10d38)
LDR: ! Imported function 'sys_prx_exitspawn_with_level' in 'sysPrxForUser' module (0xd10d70)
LDR: ! Imported function 'sys_ppu_thread_exit' in 'sysPrxForUser' module (0xd10da8)
LDR: ! Imported function 'sys_lwmutex_destroy' in 'sysPrxForUser' module (0xd10de0)
LDR: ! Imported function 'sys_spu_image_close' in 'sysPrxForUser' module (0xd10e18)
LDR: ! Imported function 'sys_process_exit' in 'sysPrxForUser' module (0xd10e50)
LDR: ! Imported function 'sys_spu_image_import' in 'sysPrxForUser' module (0xd10e88)
LDR: ! Imported function 'sys_lwcond_destroy' in 'sysPrxForUser' module (0xd149d0)
LDR: ! Imported function 'sys_lwcond_wait' in 'sysPrxForUser' module (0xd14a08)
LDR: ! Imported function 'sys_process_is_stack' in 'sysPrxForUser' module (0xd14a40)
LDR: ! Imported function 'sys_lwmutex_trylock' in 'sysPrxForUser' module (0xd14a78)
LDR: ! Imported function 'sys_lwcond_create' in 'sysPrxForUser' module (0xd14ab0)
LDR: ! Imported function 'sys_lwcond_signal_all' in 'sysPrxForUser' module (0xd14ae8)
LDR: ! Imported function 'sys_lwcond_signal' in 'sysPrxForUser' module (0xd14b20)
LDR: ! Imported function 'sys_prx_load_module' in 'sysPrxForUser' module (0xd14f10)
LDR: ! Imported function 'sys_prx_load_module_on_memcontainer_by_fd' in 'sysPrxForUser' module (0xd14f48)
LDR: ! Imported function 'sys_prx_load_module_on_memcontainer' in 'sysPrxForUser' module (0xd14f80)
LDR: ! Imported function 'sys_prx_load_module_by_fd' in 'sysPrxForUser' module (0xd14fb8)
LDR: ! Imported function 'sys_game_process_exitspawn2' in 'sysPrxForUser' module (0xd15028)
LDR: ! Imported function 'cellMicRead' in 'cellMic' module (0xd10ec0)
LDR: ! Imported function 'cellMicRemoveNotifyEventQueue' in 'cellMic' module (0xd10ef8)
LDR: ! Imported function 'cellMicSetNotifyEventQueue2' in 'cellMic' module (0xd10f30)
LDR: ! Imported function 'cellMicInit' in 'cellMic' module (0xd10f68)
LDR: ! Imported function 'cellMicClose' in 'cellMic' module (0xd10fa0)
LDR: ! Imported function 'cellMicGetType' in 'cellMic' module (0xd10fd8)
LDR: ! Imported function 'cellMicEnd' in 'cellMic' module (0xd11010)
LDR: ! Imported function 'cellMicOpen' in 'cellMic' module (0xd11048)
LDR: ! Imported function 'cellMicStart' in 'cellMic' module (0xd11080)
LDR: ! Imported function 'sys_net_initialize_network_ex' in 'sys_net' module (0xd110b8)
LDR: ! Imported function 'recvfrom' in 'sys_net' module (0xd110f0)
LDR: ! Imported function 'listen' in 'sys_net' module (0xd11128)
LDR: ! Imported function 'socketselect' in 'sys_net' module (0xd11160)
LDR: ! Imported function '_sys_net_errno_loc' in 'sys_net' module (0xd11198)
LDR: ! Imported function 'connect' in 'sys_net' module (0xd111d0)
LDR: ! Imported function 'socketclose' in 'sys_net' module (0xd11208)
LDR: ! Imported function 'gethostbyname' in 'sys_net' module (0xd11240)
LDR: ! Imported function 'inet_ntoa' in 'sys_net' module (0xd11278)
LDR: ! Imported function 'setsockopt' in 'sys_net' module (0xd112b0)
LDR: ! Imported function 'sendto' in 'sys_net' module (0xd112e8)
LDR: ! Imported function 'socket' in 'sys_net' module (0xd11320)
LDR: ! Imported function 'shutdown' in 'sys_net' module (0xd11358)
LDR: ! Imported function 'bind' in 'sys_net' module (0xd11390)
LDR: ! Imported function 'sys_net_finalize_network' in 'sys_net' module (0xd113c8)
LDR: ! Imported function 'accept' in 'sys_net' module (0xd11400)
LDR: ! Imported function 'inet_addr' in 'sys_net' module (0xd11438)
LDR: ! Imported function 'send' in 'sys_net' module (0xd11470)
LDR: ! Imported function 'recv' in 'sys_net' module (0xd114a8)
LDR: ! Imported function 'sys_net_free_thread_context' in 'sys_net' module (0xd114e0)
LDR: ! Imported function 'getpeername' in 'sys_net' module (0xd14ff0)
LDR: ! Imported function 'cellNetCtlNetStartDialogLoadAsync' in 'cellNetCtl' module (0xd11518)
LDR: ! Imported function 'cellNetCtlNetStartDialogUnloadAsync' in 'cellNetCtl' module (0xd11550)
LDR: ! Imported function 'cellNetCtlTerm' in 'cellNetCtl' module (0xd11588)
LDR: ! Imported function 'cellNetCtlGetInfo' in 'cellNetCtl' module (0xd115c0)
LDR: ! Imported function 'cellNetCtlGetNatInfo' in 'cellNetCtl' module (0xd115f8)
LDR: ! Imported function 'cellNetCtlGetState' in 'cellNetCtl' module (0xd11630)
LDR: ! Imported function 'cellNetCtlInit' in 'cellNetCtl' module (0xd11668)
LDR: ! Imported function 'cellRtcGetCurrentClockLocalTime' in 'cellRtc' module (0xd116a0)
LDR: ! Imported function 'cellRtcGetCurrentClock' in 'cellRtc' module (0xd116d8)
LDR: ! Imported function 'cellRtcSetTick' in 'cellRtc' module (0xd11710)
LDR: ! Imported function 'cellRtcGetCurrentTick' in 'cellRtc' module (0xd11748)
LDR: ! Imported function 'cellRtcSetTime_t' in 'cellRtc' module (0xd11780)
LDR: ! Imported function 'cellRtcGetDayOfWeek' in 'cellRtc' module (0xd117b8)
LDR: ! Imported function 'cellRtcGetTick' in 'cellRtc' module (0xd117f0)
LDR: ! Imported function 'cellRtcGetTime_t' in 'cellRtc' module (0xd11828)
LDR: ! Imported function 'cellSpursAttributeSetNamePrefix' in 'cellSpurs' module (0xd11860)
LDR: ! Imported function '_cellSpursQueueInitialize' in 'cellSpurs' module (0xd11898)
LDR: ! Imported function 'cellSpursJobChainGetError' in 'cellSpurs' module (0xd118d0)
LDR: ! Imported function '_cellSpursTasksetAttributeInitialize' in 'cellSpurs' module (0xd11908)
LDR: ! Imported function 'cellSpursAddUrgentCommand' in 'cellSpurs' module (0xd11940)
LDR: ! Imported function 'cellSpursCreateTaskWithAttribute' in 'cellSpurs' module (0xd11978)
LDR: ! Imported function 'cellSpursGetInfo' in 'cellSpurs' module (0xd119b0)
LDR: ! Imported function 'cellSpursEventFlagDetachLv2EventQueue' in 'cellSpurs' module (0xd119e8)
LDR: ! Imported function 'cellSpursQueueClear' in 'cellSpurs' module (0xd11a20)
LDR: ! Imported function 'cellSpursCreateJobChainWithAttribute' in 'cellSpurs' module (0xd11a58)
LDR: ! Imported function 'cellSpursInitializeWithAttribute2' in 'cellSpurs' module (0xd11a90)
LDR: ! Imported function '_cellSpursJobChainAttributeInitialize' in 'cellSpurs' module (0xd11ac8)
LDR: ! Imported function 'cellSpursEventFlagWait' in 'cellSpurs' module (0xd11b00)
LDR: ! Imported function 'cellSpursGetWorkloadInfo' in 'cellSpurs' module (0xd11b38)
LDR: ! Imported function 'cellSpursCreateTaskset' in 'cellSpurs' module (0xd11b70)
LDR: ! Imported function '_cellSpursEventFlagInitialize' in 'cellSpurs' module (0xd11ba8)
LDR: ! Imported function 'cellSpursTasksetAttributeSetName' in 'cellSpurs' module (0xd11be0)
LDR: ! Imported function 'cellSpursShutdownJobChain' in 'cellSpurs' module (0xd11c18)
LDR: ! Imported function 'cellSpursSetPriorities' in 'cellSpurs' module (0xd11c50)
LDR: ! Imported function 'cellSpursEventFlagAttachLv2EventQueue' in 'cellSpurs' module (0xd11c88)
LDR: ! Imported function '_cellSpursAttributeInitialize' in 'cellSpurs' module (0xd11cc0)
LDR: ! Imported function 'cellSpursAttributeEnableSystemWorkload' in 'cellSpurs' module (0xd11cf8)
LDR: ! Imported function 'cellSpursJoinTaskset' in 'cellSpurs' module (0xd11d30)
LDR: ! Imported function 'cellSpursJobChainAttributeSetName' in 'cellSpurs' module (0xd11d68)
LDR: ! Imported function 'cellSpursShutdownTaskset' in 'cellSpurs' module (0xd11da0)
LDR: ! Imported function 'cellSpursJoinJobChain' in 'cellSpurs' module (0xd11dd8)
LDR: ! Imported function '_cellSpursTaskAttributeInitialize' in 'cellSpurs' module (0xd11e10)
LDR: ! Imported function 'cellSpursCreateTask' in 'cellSpurs' module (0xd11e48)
LDR: ! Imported function 'cellSpursCreateTasksetWithAttribute' in 'cellSpurs' module (0xd11e80)
LDR: ! Imported function 'cellSpursFinalize' in 'cellSpurs' module (0xd11eb8)
LDR: ! Imported function 'cellSpursRunJobChain' in 'cellSpurs' module (0xd11ef0)
LDR: ! Imported function 'cellSpursEventFlagSet' in 'cellSpurs' module (0xd11f28)
LDR: ! Imported function 'cellSpursRequestIdleSpu' in 'cellSpurs' module (0xd14b58)
LDR: ! Imported function 'cellSpursWorkloadAttributeSetName' in 'cellSpurs' module (0xd14b90)
LDR: ! Imported function 'cellSpursDetachLv2EventQueue' in 'cellSpurs' module (0xd14bc8)
LDR: ! Imported function 'cellSpursRemoveWorkload' in 'cellSpurs' module (0xd14c00)
LDR: ! Imported function 'cellSpursWaitForWorkloadShutdown' in 'cellSpurs' module (0xd14c38)
LDR: ! Imported function 'cellSpursBarrierInitialize' in 'cellSpurs' module (0xd14c70)
LDR: ! Imported function 'cellSpursTaskGetContextSaveAreaSize' in 'cellSpurs' module (0xd14ca8)
LDR: ! Imported function 'cellSpursShutdownWorkload' in 'cellSpurs' module (0xd14ce0)
LDR: ! Imported function 'cellSpursGetTasksetInfo' in 'cellSpurs' module (0xd14d18)
LDR: ! Imported function 'cellSpursAttachLv2EventQueue' in 'cellSpurs' module (0xd14d50)
LDR: ! Imported function 'cellSpursAddWorkloadWithAttribute' in 'cellSpurs' module (0xd14d88)
LDR: ! Imported function 'cellSpursSetExceptionEventHandler' in 'cellSpurs' module (0xd14dc0)
LDR: ! Imported function '_cellSpursSendSignal' in 'cellSpurs' module (0xd14df8)
LDR: ! Imported function '_cellSpursWorkloadAttributeInitialize' in 'cellSpurs' module (0xd14e30)
LDR: ! Imported function 'cellSpursReadyCountStore' in 'cellSpurs' module (0xd14e68)
LDR: ! Imported function 'cellSslEnd' in 'cellSsl' module (0xd11f60)
LDR: ! Imported function 'cellSslCertificateLoader' in 'cellSsl' module (0xd11f98)
LDR: ! Imported function 'cellSslInit' in 'cellSsl' module (0xd11fd0)
LDR: ! Imported function 'cellSysmoduleUnloadModule' in 'cellSysmodule' module (0xd12008)
LDR: ! Imported function 'cellSysmoduleLoadModule' in 'cellSysmodule' module (0xd12040)
LDR: ! Imported function 'cellSysmoduleIsLoaded' in 'cellSysmodule' module (0xd12078)
LDR: ! Imported function 'cellSysmoduleInitialize' in 'cellSysmodule' module (0xd120b0)
LDR: ! Imported function 'cellVideoOutSetGamma' in 'cellSysutilAvconfExt' module (0xd120e8)
LDR: ! Imported function 'cellGameGetHomeLaunchOptionPath' in 'cellGameExec' module (0xd12120)
LDR: ! Imported function 'cellGameGetParamString' in 'cellGame' module (0xd12158)
LDR: ! Imported function 'cellGameCreateGameData' in 'cellGame' module (0xd12190)
LDR: ! Imported function 'cellGameContentPermit' in 'cellGame' module (0xd121c8)
LDR: ! Imported function 'cellGameContentErrorDialog' in 'cellGame' module (0xd12200)
LDR: ! Imported function 'cellGameGetParamInt' in 'cellGame' module (0xd12238)
LDR: ! Imported function 'cellGamePatchCheck' in 'cellGame' module (0xd12270)
LDR: ! Imported function 'cellGameSetParamString' in 'cellGame' module (0xd122a8)
LDR: ! Imported function 'cellGameDataCheck' in 'cellGame' module (0xd122e0)
LDR: ! Imported function 'cellGameBootCheck' in 'cellGame' module (0xd12318)
LDR: ! Imported function 'cellImeJpGetFocusTop' in 'cellImeJpUtility' module (0xd12350)
LDR: ! Imported function 'cellImeJpConvertForward' in 'cellImeJpUtility' module (0xd12388)
LDR: ! Imported function 'cellImeJpMoveFocusClause' in 'cellImeJpUtility' module (0xd123c0)
LDR: ! Imported function 'cellImeJpSetKanaInputMode' in 'cellImeJpUtility' module (0xd123f8)
LDR: ! Imported function 'cellImeJpReset' in 'cellImeJpUtility' module (0xd12430)
LDR: ! Imported function 'cellImeJpExtendConvertArea' in 'cellImeJpUtility' module (0xd12468)
LDR: ! Imported function 'cellImeJpClose' in 'cellImeJpUtility' module (0xd124a0)
LDR: ! Imported function 'cellImeJpOpen2' in 'cellImeJpUtility' module (0xd124d8)
LDR: ! Imported function 'cellImeJpEnterCharExt' in 'cellImeJpUtility' module (0xd12510)
LDR: ! Imported function 'cellImeJpGetFocusLength' in 'cellImeJpUtility' module (0xd12548)
LDR: ! Imported function 'cellImeJpGetStatus' in 'cellImeJpUtility' module (0xd12580)
LDR: ! Imported function 'cellImeJpAllConfirm' in 'cellImeJpUtility' module (0xd125b8)
LDR: ! Imported function 'cellImeJpDeleteWord' in 'cellImeJpUtility' module (0xd125f0)
LDR: ! Imported function 'cellImeJpPostConvert' in 'cellImeJpUtility' module (0xd12628)
LDR: ! Imported function 'cellImeJpBackspaceWord' in 'cellImeJpUtility' module (0xd12660)
LDR: ! Imported function 'cellImeJpShortenConvertArea' in 'cellImeJpUtility' module (0xd12698)
LDR: ! Imported function 'cellImeJpModeCaretRight' in 'cellImeJpUtility' module (0xd126d0)
LDR: ! Imported function 'cellImeJpTemporalConfirm' in 'cellImeJpUtility' module (0xd12708)
LDR: ! Imported function 'cellImeJpConvertBackward' in 'cellImeJpUtility' module (0xd12740)
LDR: ! Imported function 'cellImeJpGetCandidateListSize' in 'cellImeJpUtility' module (0xd12778)
LDR: ! Imported function 'cellImeJpGetConfirmString' in 'cellImeJpUtility' module (0xd127b0)
LDR: ! Imported function 'cellImeJpGetCandidateList' in 'cellImeJpUtility' module (0xd127e8)
LDR: ! Imported function 'cellImeJpModeCaretLeft' in 'cellImeJpUtility' module (0xd12820)
LDR: ! Imported function 'cellImeJpGetConvertString' in 'cellImeJpUtility' module (0xd12858)
LDR: ! Imported function 'cellMusicSetSelectionContext2' in 'cellMusicUtility' module (0xd12890)
LDR: ! Imported function 'cellMusicSetVolume2' in 'cellMusicUtility' module (0xd128c8)
LDR: ! Imported function 'cellMusicInitialize2SystemWorkload' in 'cellMusicUtility' module (0xd12900)
LDR: ! Imported function 'cellMusicGetContentsId2' in 'cellMusicUtility' module (0xd12938)
LDR: ! Imported function 'cellMusicFinalize2' in 'cellMusicUtility' module (0xd12970)
LDR: ! Imported function 'cellMusicGetSelectionContext2' in 'cellMusicUtility' module (0xd129a8)
LDR: ! Imported function 'cellMusicSetPlaybackCommand2' in 'cellMusicUtility' module (0xd129e0)
LDR: ! Imported function 'cellMusicSelectContents2' in 'cellMusicUtility' module (0xd12a18)
LDR: ! Imported function 'sceNp2Init' in 'sceNp2' module (0xd12a50)
LDR: ! Imported function 'sceNp2Term' in 'sceNp2' module (0xd12a88)
LDR: ! Imported function 'sceNpCommerce2DoCheckoutStartAsync' in 'sceNpCommerce2' module (0xd12ac0)
LDR: ! Imported function 'sceNpCommerce2GetProductInfoListGetResult' in 'sceNpCommerce2' module (0xd12af8)
LDR: ! Imported function 'sceNpCommerce2EmptyStoreCheckAbort' in 'sceNpCommerce2' module (0xd12b30)
LDR: ! Imported function 'sceNpCommerce2DestroyReq' in 'sceNpCommerce2' module (0xd12b68)
LDR: ! Imported function 'sceNpCommerce2Init' in 'sceNpCommerce2' module (0xd12ba0)
LDR: ! Imported function 'sceNpCommerce2DoDlListFinishAsync' in 'sceNpCommerce2' module (0xd12bd8)
LDR: ! Imported function 'sceNpCommerce2Term' in 'sceNpCommerce2' module (0xd12c10)
LDR: ! Imported function 'sceNpCommerce2EmptyStoreCheckStart' in 'sceNpCommerce2' module (0xd12c48)
LDR: ! Imported function 'sceNpCommerce2CreateSessionAbort' in 'sceNpCommerce2' module (0xd12c80)
LDR: ! Imported function 'sceNpCommerce2DoDlListStartAsync' in 'sceNpCommerce2' module (0xd12cb8)
LDR: ! Imported function 'sceNpCommerce2DestroyCtx' in 'sceNpCommerce2' module (0xd12cf0)
LDR: ! Imported function 'sceNpCommerce2AbortReq' in 'sceNpCommerce2' module (0xd12d28)
LDR: ! Imported function 'sceNpCommerce2GetProductInfoStart' in 'sceNpCommerce2' module (0xd12d60)
LDR: ! Imported function 'sceNpCommerce2CreateSessionFinish' in 'sceNpCommerce2' module (0xd12d98)
LDR: ! Imported function 'sceNpCommerce2GetProductInfoListStart' in 'sceNpCommerce2' module (0xd12dd0)
LDR: ! Imported function 'sceNpCommerce2SetBGDLAvailability' in 'sceNpCommerce2' module (0xd12e08)
LDR: ! Imported function 'sceNpCommerce2GetProductInfoCreateReq' in 'sceNpCommerce2' module (0xd12e40)
LDR: ! Imported function 'sceNpCommerce2GetProductInfoGetResult' in 'sceNpCommerce2' module (0xd12e78)
LDR: ! Imported function 'sceNpCommerce2EmptyStoreCheckFinish' in 'sceNpCommerce2' module (0xd12eb0)
LDR: ! Imported function 'sceNpCommerce2CreateSessionStart' in 'sceNpCommerce2' module (0xd12ee8)
LDR: ! Imported function 'sceNpCommerce2DoCheckoutFinishAsync' in 'sceNpCommerce2' module (0xd12f20)
LDR: ! Imported function 'sceNpCommerce2GetGameProductInfoFromGetProductInfoListResult' in 'sceNpCommerce2' module (0xd12f58)
LDR: ! Imported function 'sceNpCommerce2CreateCtx' in 'sceNpCommerce2' module (0xd12f90)
LDR: ! Imported function 'sceNpCommerce2GetGameSkuInfoFromGameProductInfo' in 'sceNpCommerce2' module (0xd12fc8)
LDR: ! Imported function 'sceNpCommerce2InitGetProductInfoListResult' in 'sceNpCommerce2' module (0xd13000)
LDR: ! Imported function 'sceNpCommerce2GetProductInfoListCreateReq' in 'sceNpCommerce2' module (0xd13038)
LDR: ! Imported function 'sceNpCommerce2GetGameProductInfo' in 'sceNpCommerce2' module (0xd13070)
LDR: ! Imported function 'sceNpCommerce2DestroyGetProductInfoResult' in 'sceNpCommerce2' module (0xd130a8)
LDR: ! Imported function 'sceNpCommerce2DestroyGetProductInfoListResult' in 'sceNpCommerce2' module (0xd130e0)
LDR: ! Imported function 'sceNpCommerce2InitGetProductInfoResult' in 'sceNpCommerce2' module (0xd13118)
LDR: ! Imported function 'sceNpManagerSubSignout' in 'sceNp' module (0xd13150)
LDR: ! Imported function 'sceNpBasicSendMessageGui' in 'sceNp' module (0xd13188)
LDR: ! Imported function 'sceNpManagerGetTicket' in 'sceNp' module (0xd131c0)
LDR: ! Imported function 'sceNpSignalingGetConnectionInfo' in 'sceNp' module (0xd131f8)
LDR: ! Imported function 'sceNpLookupNpId' in 'sceNp' module (0xd13230)
LDR: ! Imported function 'sceNpBasicAddPlayersHistory' in 'sceNp' module (0xd13268)
LDR: ! Imported function 'sceNpBasicAddFriend' in 'sceNp' module (0xd132a0)
LDR: ! Imported function 'sceNpBasicRegisterContextSensitiveHandler' in 'sceNp' module (0xd132d8)
LDR: ! Imported function 'sceNpManagerSubSignin' in 'sceNp' module (0xd13310)
LDR: ! Imported function 'sceNpManagerGetCachedInfo' in 'sceNp' module (0xd13348)
LDR: ! Imported function 'sceNpSignalingAddExtendedHandler' in 'sceNp' module (0xd13380)
LDR: ! Imported function 'sceNpManagerUnregisterCallback' in 'sceNp' module (0xd133b8)
LDR: ! Imported function 'sceNpManagerGetTicketParam' in 'sceNp' module (0xd133f0)
LDR: ! Imported function 'sceNpLookupDestroyTitleCtx' in 'sceNp' module (0xd13428)
LDR: ! Imported function 'sceNpLookupInit' in 'sceNp' module (0xd13460)
LDR: ! Imported function 'sceNpSignalingActivateConnection' in 'sceNp' module (0xd13498)
LDR: ! Imported function 'sceNpSignalingCreateCtx' in 'sceNp' module (0xd134d0)
LDR: ! Imported function 'sceNpBasicRecvMessageAttachmentLoad' in 'sceNp' module (0xd13508)
LDR: ! Imported function 'sceNpManagerGetContentRatingFlag' in 'sceNp' module (0xd13540)
LDR: ! Imported function 'sceNpBasicGetBlockListEntryCount' in 'sceNp' module (0xd13578)
LDR: ! Imported function 'sceNpManagerRequestTicket2' in 'sceNp' module (0xd135b0)
LDR: ! Imported function 'sceNpLookupTerm' in 'sceNp' module (0xd135e8)
LDR: ! Imported function 'sceNpSignalingTerminateConnection' in 'sceNp' module (0xd13620)
LDR: ! Imported function 'sceNpManagerGetStatus' in 'sceNp' module (0xd13658)
LDR: ! Imported function 'sceNpSignalingDestroyCtx' in 'sceNp' module (0xd13690)
LDR: ! Imported function 'sceNpBasicUnregisterHandler' in 'sceNp' module (0xd136c8)
LDR: ! Imported function 'sceNpDrmIsAvailable' in 'sceNp' module (0xd13700)
LDR: ! Imported function 'sceNpManagerGetAccountRegion' in 'sceNp' module (0xd13738)
LDR: ! Imported function 'sceNpBasicRecvMessageAttachment' in 'sceNp' module (0xd13770)
LDR: ! Imported function 'sceNpManagerGetNetworkTime' in 'sceNp' module (0xd137a8)
LDR: ! Imported function 'sceNpBasicSetPresenceDetails' in 'sceNp' module (0xd137e0)
LDR: ! Imported function 'sceNpSignalingGetConnectionStatus' in 'sceNp' module (0xd13818)
LDR: ! Imported function 'sceNpLookupCreateTitleCtx' in 'sceNp' module (0xd13850)
LDR: ! Imported function 'sceNpUtilCmpNpId' in 'sceNp' module (0xd13888)
LDR: ! Imported function 'sceNpLookupUserProfile' in 'sceNp' module (0xd138c0)
LDR: ! Imported function 'sceNpBasicGetEvent' in 'sceNp' module (0xd138f8)
LDR: ! Imported function 'sceNpManagerRegisterCallback' in 'sceNp' module (0xd13930)
LDR: ! Imported function 'sceNpLookupCreateTransactionCtx' in 'sceNp' module (0xd13968)
LDR: ! Imported function 'sceNpManagerGetChatRestrictionFlag' in 'sceNp' module (0xd139a0)
LDR: ! Imported function 'sceNpBasicSendMessage' in 'sceNp' module (0xd139d8)
LDR: ! Imported function 'sceNpFriendlist' in 'sceNp' module (0xd13a10)
LDR: ! Imported function 'sceNpBasicGetBlockListEntry' in 'sceNp' module (0xd13a48)
LDR: ! Imported function 'sceNpLookupDestroyTransactionCtx' in 'sceNp' module (0xd13a80)
LDR: ! Imported function 'sceNpManagerGetNpId' in 'sceNp' module (0xd13ab8)
LDR: ! Imported function 'sceNpDrmIsAvailable2' in 'sceNp' module (0xd14ea0)
LDR: ! Imported function 'sceNpTrophyRegisterContext' in 'sceNpTrophy' module (0xd13af0)
LDR: ! Imported function 'sceNpTrophyCreateHandle' in 'sceNpTrophy' module (0xd13b28)
LDR: ! Imported function 'sceNpTrophyGetRequiredDiskSpace' in 'sceNpTrophy' module (0xd13b60)
LDR: ! Imported function 'sceNpTrophyDestroyContext' in 'sceNpTrophy' module (0xd13b98)
LDR: ! Imported function 'sceNpTrophyInit' in 'sceNpTrophy' module (0xd13bd0)
LDR: ! Imported function 'sceNpTrophyDestroyHandle' in 'sceNpTrophy' module (0xd13c08)
LDR: ! Imported function 'sceNpTrophyUnlockTrophy' in 'sceNpTrophy' module (0xd13c40)
LDR: ! Imported function 'sceNpTrophyTerm' in 'sceNpTrophy' module (0xd13c78)
LDR: ! Imported function 'sceNpTrophyGetTrophyUnlockState' in 'sceNpTrophy' module (0xd13cb0)
LDR: ! Imported function 'sceNpTrophyCreateContext' in 'sceNpTrophy' module (0xd13ce8)
LDR: ! Imported function 'cellPhotoDecodeInitialize2' in 'cellPhotoDecodeUtil' module (0xd13d20)
LDR: ! Imported function 'cellPhotoDecodeFromFile' in 'cellPhotoDecodeUtil' module (0xd13d58)
LDR: ! Imported function 'cellPhotoDecodeFinalize' in 'cellPhotoDecodeUtil' module (0xd13d90)
LDR: ! Imported function 'cellPhotoExportInitialize2' in 'cellPhotoUtility' module (0xd13dc8)
LDR: ! Imported function 'cellPhotoExportFromFile' in 'cellPhotoUtility' module (0xd13e00)
LDR: ! Imported function 'cellPhotoExportFinalize' in 'cellPhotoUtility' module (0xd13e38)
LDR: ! Imported function 'cellPhotoImport2' in 'cellPhotoImportUtil' module (0xd13e70)
LDR: ! Imported function 'cellSaveDataUserListDelete' in 'cellSaveData' module (0xd13ea8)
LDR: ! Imported function 'cellSearchGetContentInfoByContentId' in 'cellSearchUtility' module (0xd13ee0)
LDR: ! Imported function 'cellSearchFinalize' in 'cellSearchUtility' module (0xd13f18)
LDR: ! Imported function 'cellSearchInitialize' in 'cellSearchUtility' module (0xd13f50)
LDR: E Unknown module 'cellCrossController'
LDR: E Unknown function '0x37E1F502' in 'cellCrossController' module (0xd13f88)
LDR: ! Imported function 'cellVideoOutConfigure' in 'cellSysutil' module (0xd13fc0)
LDR: ! Imported function 'cellSaveDataUserListSave' in 'cellSysutil' module (0xd13ff8)
LDR: ! Imported function 'cellSysutilCheckCallback' in 'cellSysutil' module (0xd14030)
LDR: ! Imported function 'cellSysCacheMount' in 'cellSysutil' module (0xd14068)
LDR: ! Imported function 'cellMsgDialogClose' in 'cellSysutil' module (0xd140a0)
LDR: ! Imported function 'cellSaveDataListAutoLoad' in 'cellSysutil' module (0xd140d8)
LDR: ! Imported function 'cellSaveDataUserListLoad' in 'cellSysutil' module (0xd14110)
LDR: ! Imported function 'cellOskDialogUnloadAsync' in 'cellSysutil' module (0xd14148)
LDR: ! Imported function 'cellMsgDialogOpenErrorCode' in 'cellSysutil' module (0xd14180)
LDR: ! Imported function 'cellSysutilGetSystemParamInt' in 'cellSysutil' module (0xd141b8)
LDR: ! Imported function 'cellAudioOutConfigure' in 'cellSysutil' module (0xd141f0)
LDR: ! Imported function 'cellSaveDataUserAutoSave' in 'cellSysutil' module (0xd14228)
LDR: ! Imported function 'cellOskDialogAddSupportLanguage' in 'cellSysutil' module (0xd14260)
LDR: ! Imported function 'cellOskDialogLoadAsync' in 'cellSysutil' module (0xd14298)
LDR: ! Imported function 'cellVideoOutGetState' in 'cellSysutil' module (0xd142d0)
LDR: ! Imported function 'cellSysutilRegisterCallback' in 'cellSysutil' module (0xd14308)
LDR: ! Imported function 'cellSysutilGetBgmPlaybackStatus' in 'cellSysutil' module (0xd14340)
LDR: ! Imported function 'cellSysconfOpen' in 'cellSysutil' module (0xd14378)
LDR: ! Imported function 'cellOskDialogSetKeyLayoutOption' in 'cellSysutil' module (0xd143b0)
LDR: ! Imported function 'cellOskDialogAbort' in 'cellSysutil' module (0xd143e8)
LDR: ! Imported function 'cellAudioOutGetSoundAvailability' in 'cellSysutil' module (0xd14420)
LDR: ! Imported function 'cellSaveDataUserAutoLoad' in 'cellSysutil' module (0xd14458)
LDR: ! Imported function 'cellVideoOutGetResolution' in 'cellSysutil' module (0xd14490)
LDR: ! Imported function 'cellUserInfoGetStat' in 'cellUserInfo' module (0xd144c8)
LDR: ! Imported function 'cellUserInfoGetList' in 'cellUserInfo' module (0xd14500)
LDR: ! Imported function 'cellGemUpdateStart' in 'libgem' module (0xd14538)
LDR: ! Imported function 'cellGemInit' in 'libgem' module (0xd14570)
LDR: ! Imported function 'cellGemGetRGB' in 'libgem' module (0xd145a8)
LDR: ! Imported function 'cellGemUpdateFinish' in 'libgem' module (0xd145e0)
LDR: ! Imported function 'cellGemSetRumble' in 'libgem' module (0xd14618)
LDR: ! Imported function 'cellGemGetState' in 'libgem' module (0xd14650)
LDR: ! Imported function 'cellGemTrackHues' in 'libgem' module (0xd14688)
LDR: ! Imported function 'cellGemGetInfo' in 'libgem' module (0xd146c0)
LDR: ! Imported function 'cellGemPrepareCamera' in 'libgem' module (0xd146f8)
LDR: ! Imported function 'cellGemCalibrate' in 'libgem' module (0xd14730)
LDR: ! Imported function 'cellGemForceRGB' in 'libgem' module (0xd14768)
LDR: ! Imported function 'cellGemEnd' in 'libgem' module (0xd147a0)
LDR: E Unknown module 'sys_crashdump'
LDR: E Unknown function '0xB20F87B3' in 'sys_crashdump' module (0xd147d8)
MEM: ! Thread Local Storage initialized (g_tls_start=0xfaf000, user_size=0x1c4)
*** TLS segment addr: 0x00e5e7a8
*** TLS segment size: 0x000001c4
HLE: W {PPU[0x1] Thread (main_thread)[0x00d10c20]} sysPrxForUser: sys_lwmutex_create(lwmutex=*0xf856a8, attr=*0xd9de40)
HLE: W {PPU[0x1] Thread (main_thread)[0x009724a0]} sys_memory: sys_memory_get_user_memory_size(mem_info=*0xd003fc04)
HLE: W {PPU[0x1] Thread (main_thread)[0x00d10c20]} sysPrxForUser: sys_lwmutex_create(lwmutex=*0xf854a8, attr=*0xd9de40)
HLE: W {PPU[0x1] Thread (main_thread)[0x00d10c20]} sysPrxForUser: sys_lwmutex_create(lwmutex=*0xf84c30, attr=*0xd9de40)
HLE: W {PPU[0x1] Thread (main_thread)[0x00d10c20]} sysPrxForUser: sys_lwmutex_create(lwmutex=*0xf84c58, attr=*0xd9de40)
HLE: W {PPU[0x1] Thread (main_thread)[0x00d10c20]} sysPrxForUser: sys_lwmutex_create(lwmutex=*0xf84c80, attr=*0xd9de40)
HLE: W {PPU[0x1] Thread (main_thread)[0x00d10c20]} sysPrxForUser: sys_lwmutex_create(lwmutex=*0xf84b68, attr=*0xd9de40)
HLE: W {PPU[0x1] Thread (main_thread)[0x00d10c20]} sysPrxForUser: sys_lwmutex_create(lwmutex=*0xf84b90, attr=*0xd9de40)
HLE: W {PPU[0x1] Thread (main_thread)[0x00d10c20]} sysPrxForUser: sys_lwmutex_create(lwmutex=*0xf84bb8, attr=*0xd9de40)
HLE: W {PPU[0x1] Thread (main_thread)[0x00d10c20]} sysPrxForUser: sys_lwmutex_create(lwmutex=*0xf84be0, attr=*0xd9de40)
HLE: W {PPU[0x1] Thread (main_thread)[0x00d10c20]} sysPrxForUser: sys_lwmutex_create(lwmutex=*0xf84c08, attr=*0xd9de40)
HLE: W {PPU[0x1] Thread (main_thread)[0x00021138]} sys_memory: sys_memory_get_user_memory_size(mem_info=*0xd003fb08)
HLE: W {PPU[0x1] Thread (main_thread)[0x00020edc]} sys_memory: sys_memory_container_create(cid=*0xe7c518, size=0x2400000)
HLE: W {PPU[0x1] Thread (main_thread)[0x00020e04]} sys_memory: sys_memory_allocate_from_container(size=0x2400000, cid=0xd, flags=0x400, alloc_addr=*0xd003fa80)
HLE: S {PPU[0x1] Thread (main_thread)[0x00020e04]} Last syscall: 350 (sys_memory_allocate_from_container)
G: ! {PPU[0x1] Thread (main_thread)[0x00020e04]} Registers:
=========
GPR[0] = 0x21154
GPR[1] = 0xd003fa10
GPR[2] = 0xe64270
GPR[3] = 0x2400000
GPR[4] = 0xd
GPR[5] = 0x400
GPR[6] = 0xd003fa80
GPR[7] = 0xffffffffffffffff
GPR[8] = 0xf84ca8
GPR[9] = 0xe440a8
GPR[10] = 0x3f4
GPR[11] = 0x15e
GPR[12] = 0x100000
GPR[13] = 0xfb6030
GPR[14] = 0x0
GPR[15] = 0xfad000
GPR[16] = 0xfac000
GPR[17] = 0x0
GPR[18] = 0xfab000
GPR[19] = 0x100000
GPR[20] = 0x0
GPR[21] = 0xe7c898
GPR[22] = 0x0
GPR[23] = 0xd003fb08
GPR[24] = 0xe7c54c
GPR[25] = 0xe7c53c
GPR[26] = 0xe7c52c
GPR[27] = 0xe7c51c
GPR[28] = 0xe7c4fc
GPR[29] = 0xe7c4ec
GPR[30] = 0xe7c4d8
GPR[31] = 0xe7c50c
FPR[0] = 0
FPR[1] = 0
FPR[2] = 0
FPR[3] = 0
FPR[4] = 0
FPR[5] = 0
FPR[6] = 0
FPR[7] = 0
FPR[8] = 0
FPR[9] = 0
FPR[10] = 0
FPR[11] = 0
FPR[12] = 0
FPR[13] = 0
FPR[14] = 0
FPR[15] = 0
FPR[16] = 0
FPR[17] = 0
FPR[18] = 0
FPR[19] = 0
FPR[20] = 0
FPR[21] = 0
FPR[22] = 0
FPR[23] = 0
FPR[24] = 0
FPR[25] = 0
FPR[26] = 0
FPR[27] = 0
FPR[28] = 0
FPR[29] = 0
FPR[30] = 0
FPR[31] = 0
VPR[0] = 0x00000000000000000000000000000000 [x: 0 y: 0 z: 0 w: 0]
VPR[1] = 0x00000000000000000000000000000000 [x: 0 y: 0 z: 0 w: 0]
VPR[2] = 0x000000000244e090000000003f800000 [x: 0 y: 1.44643e-37 z: 0 w: 1]
VPR[3] = 0x00000000000000000000000000000000 [x: 0 y: 0 z: 0 w: 0]
VPR[4] = 0x00000000000000000000000000000000 [x: 0 y: 0 z: 0 w: 0]
VPR[5] = 0x00000000000000080000000000000007 [x: 0 y: 1.12104e-44 z: 0 w: 9.80909e-45]
VPR[6] = 0x00000002013ed7500000000000000abb [x: 2.8026e-45 y: 3.5052e-38 z: 0 w: 3.84937e-42]
VPR[7] = 0x00000000000000000000000000000000 [x: 0 y: 0 z: 0 w: 0]
VPR[8] = 0x00000000000000000000000000000000 [x: 0 y: 0 z: 0 w: 0]
VPR[9] = 0x000000000244ddb0000000003f800000 [x: 0 y: 1.44634e-37 z: 0 w: 1]
VPR[10] = 0x00000000000000000000000000000000 [x: 0 y: 0 z: 0 w: 0]
VPR[11] = 0x00000000000000000000000000000000 [x: 0 y: 0 z: 0 w: 0]
VPR[12] = 0x00000000000000080000000000000007 [x: 0 y: 1.12104e-44 z: 0 w: 9.80909e-45]
VPR[13] = 0x00000002013ed7700000000000000abc [x: 2.8026e-45 y: 3.50521e-38 z: 0 w: 3.85077e-42]
VPR[14] = 0x00000000000000000000000000000000 [x: 0 y: 0 z: 0 w: 0]
VPR[15] = 0x00000000000000000000000000000000 [x: 0 y: 0 z: 0 w: 0]
VPR[16] = 0x000000000244da50000000003f800000 [x: 0 y: 1.44625e-37 z: 0 w: 1]
VPR[17] = 0x00000000000000000000000000000000 [x: 0 y: 0 z: 0 w: 0]
VPR[18] = 0x00000000000000000000000000000000 [x: 0 y: 0 z: 0 w: 0]
VPR[19] = 0x00000000000000080000000000000007 [x: 0 y: 1.12104e-44 z: 0 w: 9.80909e-45]
VPR[20] = 0x00000002013ed3b00000000000000abd [x: 2.8026e-45 y: 3.50494e-38 z: 0 w: 3.85217e-42]
VPR[21] = 0x00000000000000000000000000000000 [x: 0 y: 0 z: 0 w: 0]
VPR[22] = 0x00000000000000000000000000000000 [x: 0 y: 0 z: 0 w: 0]
VPR[23] = 0x000000000244dcb0000000003f800000 [x: 0 y: 1.44631e-37 z: 0 w: 1]
VPR[24] = 0x00000000000000000000000000000000 [x: 0 y: 0 z: 0 w: 0]
VPR[25] = 0x00000000000000000000000000000000 [x: 0 y: 0 z: 0 w: 0]
VPR[26] = 0x00000000000000080000000000000007 [x: 0 y: 1.12104e-44 z: 0 w: 9.80909e-45]
VPR[27] = 0x00000002013ed4400000000000000abe [x: 2.8026e-45 y: 3.50498e-38 z: 0 w: 3.85357e-42]
VPR[28] = 0x00000000000000000000000000000000 [x: 0 y: 0 z: 0 w: 0]
VPR[29] = 0x00000000000000000000000000000000 [x: 0 y: 0 z: 0 w: 0]
VPR[30] = 0x000000000244dc90000000003f800000 [x: 0 y: 1.44631e-37 z: 0 w: 1]
VPR[31] = 0x00000000000000000000000000000000 [x: 0 y: 0 z: 0 w: 0]
CR = 0x42000084
LR = 0x21154
CTR = 0x0
XER = 0x0 [CA=0 | OV=8589934592 | SO=0]
FPSCR = 0x0 [RN=0 | NI=0 | XE=0 | ZE=0 | UE=0 | OE=0 | VE=0 | VXCVI=0 | VXSQRT=0 | VXSOFT=0 | FPRF=0 | FI=0 | FR=0 | VXVC=0 | VXIMZ=0 | VXZDZ=0 | VXIDI=0 | VXISI=0 | VXSNAN=0 | XX=0 | ZX=0 | UX=0 | OX=0 | VX=0 | FEX=0 | FX=0]

G: E {PPU[0x1] Thread (main_thread)[0x00020e04]} Exception: Unexpected memory amount used (0xfdc00000)
(in file Emu\Memory\vm.cpp:797, in function vm::block_t::try_alloc::<lambda_367794bc7d5181d0874921cbd7622935>::operator ())
G: ! Stopping emulator...
G: ! All threads signaled...
G: ! {PPU[0x2] Thread (Callback Thread)[0x00000000]} Thread aborted
G: ! All threads stopped...
G: ! Objects cleared...
