LDR: E PSFLoader::Load() failed: unknown magic (0x0)
G: ! RPCS3 v0.0.0.5-2549-g2d4ab1d
G: ! 
G: ! Stopping emulator...
LDR: ! Loading 'D:/Emulateurs/Rpcs3/dev_hdd0/game/BLES01146-[Tom Clancy's™ Splinter Cell® Trilogy HD]/PS3_GAME/USRDIR/BOOT.BIN'...
G: W fs::file::open('D:/Emulateurs/Rpcs3/dev_hdd0/game/BLES01146-[Tom Clancy's™ Splinter Cell® Trilogy HD]/PS3_GAME/dev_bdvd.path', 0x1) failed: error 0x2
LDR: ! 
LDR: ! Mount info:
LDR: ! /dev_usb000/ -> D:/Emulateurs/Rpcs3/dev_usb000/
LDR: ! /dev_flash/ -> D:/Emulateurs/Rpcs3/dev_flash/
LDR: ! /host_root/ -> 
LDR: ! /dev_hdd0/ -> D:/Emulateurs/Rpcs3/dev_hdd0/
LDR: ! /dev_hdd1/ -> D:/Emulateurs/Rpcs3/dev_hdd1/
LDR: ! /dev_bdvd/ -> D:/Emulateurs/Rpcs3/dev_hdd0/game/BLES01146-[Tom Clancy's™ Splinter Cell® Trilogy HD]/
LDR: ! /dev_usb/ -> D:/Emulateurs/Rpcs3/dev_usb000/
LDR: ! 
LDR: ! Settings:
LDR: ! CPU: PPU Interpreter 2
LDR: ! SPU: SPU Recompiler (ASMJIT)
LDR: ! Renderer: DirectX 12
LDR: ! D3D Adapter: Default
LDR: ! Resolution: 1280x720
LDR: ! Write Depth Buffer: No
LDR: ! Write Color Buffers: No
LDR: ! Read Color Buffer: No
LDR: ! Audio Out: OpenAL
LDR: ! Log Everything: No
LDR: ! RSX Logging: No
LDR: ! 
LDR: ! Title: Tom Clancy's™ Splinter Cell® Trilogy HD
LDR: ! Serial: BLES01146
LDR: ! Elf path: /dev_bdvd/PS3_GAME/USRDIR/BOOT.BIN
LDR: ! 
LDR: ! loader::init() failed: Broken file
LDR: ! *** sdk version: 0x360001
LDR: ! *** primary prio: 1001
LDR: ! *** primary stacksize: 0x10000
LDR: ! *** malloc pagesize: 0x100000
LDR: ! *** ppc seg: 0x0
LDR: ! Imported function 'cellGameCreateGameData' in 'cellGame' module (0x59c4c)
LDR: ! Imported function 'cellGameContentPermit' in 'cellGame' module (0x59c6c)
LDR: ! Imported function 'cellGamePatchCheck' in 'cellGame' module (0x59c8c)
LDR: ! Imported function 'cellGameDataCheck' in 'cellGame' module (0x59cac)
LDR: ! Imported function 'cellGameBootCheck' in 'cellGame' module (0x59ccc)
LDR: ! Imported function 'cellAudioInit' in 'cellAudio' module (0x59cec)
LDR: ! Imported function 'cellAudioQuit' in 'cellAudio' module (0x59d0c)
LDR: ! Imported function 'cellAudioPortClose' in 'cellAudio' module (0x5a92c)
LDR: ! Imported function 'cellAudioPortStop' in 'cellAudio' module (0x5a94c)
LDR: ! Imported function 'cellAudioGetPortConfig' in 'cellAudio' module (0x5a96c)
LDR: ! Imported function 'cellAudioPortStart' in 'cellAudio' module (0x5a98c)
LDR: ! Imported function 'cellAudioPortOpen' in 'cellAudio' module (0x5a9ac)
LDR: ! Imported function 'sceNpInit' in 'sceNp' module (0x59d2c)
LDR: ! Imported function 'sceNpDrmProcessExitSpawn2' in 'sceNp' module (0x59d4c)
LDR: ! Imported function 'sceNpTrophyRegisterContext' in 'sceNpTrophy' module (0x59d6c)
LDR: ! Imported function 'sceNpTrophyCreateHandle' in 'sceNpTrophy' module (0x59d8c)
LDR: ! Imported function 'sceNpTrophyGetRequiredDiskSpace' in 'sceNpTrophy' module (0x59dac)
LDR: ! Imported function 'sceNpTrophyDestroyContext' in 'sceNpTrophy' module (0x59dcc)
LDR: ! Imported function 'sceNpTrophyInit' in 'sceNpTrophy' module (0x59dec)
LDR: ! Imported function 'sceNpTrophyAbortHandle' in 'sceNpTrophy' module (0x59e0c)
LDR: ! Imported function 'sceNpTrophyDestroyHandle' in 'sceNpTrophy' module (0x59e2c)
LDR: ! Imported function 'sceNpTrophyTerm' in 'sceNpTrophy' module (0x59e4c)
LDR: ! Imported function 'sceNpTrophyCreateContext' in 'sceNpTrophy' module (0x59e6c)
LDR: ! Imported function '_cellGcmInitBody' in 'cellGcmSys' module (0x59e8c)
LDR: ! Imported function '_cellGcmSetFlipCommand' in 'cellGcmSys' module (0x59eac)
LDR: ! Imported function 'cellGcmAddressToOffset' in 'cellGcmSys' module (0x59ecc)
LDR: ! Imported function '_cellGcmFunc15' in 'cellGcmSys' module (0x59eec)
LDR: ! Imported function 'cellGcmSetFlipMode' in 'cellGcmSys' module (0x59f0c)
LDR: ! Imported function 'cellGcmSetDebugOutputLevel' in 'cellGcmSys' module (0x59f2c)
LDR: ! Imported function 'cellGcmGetDefaultCommandWordSize' in 'cellGcmSys' module (0x59f4c)
LDR: ! Imported function 'cellGcmGetFlipStatus' in 'cellGcmSys' module (0x59f6c)
LDR: ! Imported function 'cellGcmGetDefaultSegmentWordSize' in 'cellGcmSys' module (0x59f8c)
LDR: ! Imported function 'cellGcmSetDefaultFifoSize' in 'cellGcmSys' module (0x59fac)
LDR: ! Imported function 'cellGcmSetFlipStatus' in 'cellGcmSys' module (0x59fcc)
LDR: ! Imported function 'cellGcmSetDisplayBuffer' in 'cellGcmSys' module (0x59fec)
LDR: ! Imported function 'cellGcmGetControlRegister' in 'cellGcmSys' module (0x5a00c)
LDR: ! Imported function 'cellGcmResetFlipStatus' in 'cellGcmSys' module (0x5a02c)
LDR: ! Imported function '_cellGcmSetFlipCommandWithWaitLabel' in 'cellGcmSys' module (0x5a04c)
LDR: ! Imported function 'cellGcmGetConfiguration' in 'cellGcmSys' module (0x5a06c)
LDR: ! Imported function 'cellGcmGetLabelAddress' in 'cellGcmSys' module (0x5a08c)
LDR: ! Imported function 'cellSysmoduleUnloadModule' in 'cellSysmodule' module (0x5a0ac)
LDR: ! Imported function 'cellSysmoduleLoadModule' in 'cellSysmodule' module (0x5a0cc)
LDR: ! Imported function 'cellSysmoduleIsLoaded' in 'cellSysmodule' module (0x5a0ec)
LDR: ! Imported function 'cellVideoOutConfigure' in 'cellSysutil' module (0x5a10c)
LDR: ! Imported function 'cellSysutilCheckCallback' in 'cellSysutil' module (0x5a12c)
LDR: ! Imported function 'cellMsgDialogClose' in 'cellSysutil' module (0x5a14c)
LDR: ! Imported function 'cellMsgDialogOpenErrorCode' in 'cellSysutil' module (0x5a16c)
LDR: ! Imported function 'cellSysutilGetSystemParamInt' in 'cellSysutil' module (0x5a18c)
LDR: ! Imported function 'cellAudioOutConfigure' in 'cellSysutil' module (0x5a1ac)
LDR: ! Imported function 'cellMsgDialogOpen2' in 'cellSysutil' module (0x5a1cc)
LDR: ! Imported function 'cellMsgDialogProgressBarReset' in 'cellSysutil' module (0x5a1ec)
LDR: ! Imported function 'cellVideoOutGetState' in 'cellSysutil' module (0x5a20c)
LDR: ! Imported function 'cellMsgDialogProgressBarInc' in 'cellSysutil' module (0x5a22c)
LDR: ! Imported function 'cellMsgDialogProgressBarSetMsg' in 'cellSysutil' module (0x5a24c)
LDR: ! Imported function 'cellSysutilRegisterCallback' in 'cellSysutil' module (0x5a26c)
LDR: ! Imported function 'cellAudioOutGetSoundAvailability' in 'cellSysutil' module (0x5a28c)
LDR: ! Imported function 'cellAudioOutSetCopyControl' in 'cellSysutil' module (0x5a2ac)
LDR: ! Imported function 'cellVideoOutGetResolution' in 'cellSysutil' module (0x5a2cc)
LDR: ! Imported function 'cellSaveDataAutoLoad2' in 'cellSysutil' module (0x5a2ec)
LDR: ! Imported function 'cellPadInit' in 'sys_io' module (0x5a30c)
LDR: ! Imported function 'cellPadEnd' in 'sys_io' module (0x5a32c)
LDR: ! Imported function 'cellPadSetPortSetting' in 'sys_io' module (0x5a34c)
LDR: ! Imported function 'cellPadGetData' in 'sys_io' module (0x5a36c)
LDR: ! Imported function 'cellPadGetInfo2' in 'sys_io' module (0x5a38c)
LDR: ! Imported function 'cellPadSetActDirect' in 'sys_io' module (0x5a3ac)
LDR: ! Imported function 'cellFsRmdir' in 'sys_fs' module (0x5a3cc)
LDR: ! Imported function 'cellFsClose' in 'sys_fs' module (0x5a3ec)
LDR: ! Imported function 'cellFsOpendir' in 'sys_fs' module (0x5a40c)
LDR: ! Imported function 'cellFsRead' in 'sys_fs' module (0x5a42c)
LDR: ! Imported function 'cellFsOpen' in 'sys_fs' module (0x5a44c)
LDR: ! Imported function 'cellFsStat' in 'sys_fs' module (0x5a46c)
LDR: ! Imported function 'cellFsUnlink' in 'sys_fs' module (0x5a48c)
LDR: ! Imported function 'cellFsGetDirectoryEntries' in 'sys_fs' module (0x5a4ac)
LDR: ! Imported function 'cellFsLseek' in 'sys_fs' module (0x5a4cc)
LDR: ! Imported function 'cellFsMkdir' in 'sys_fs' module (0x5a4ec)
LDR: ! Imported function 'cellFsWrite' in 'sys_fs' module (0x5a50c)
LDR: ! Imported function 'cellFsFstat' in 'sys_fs' module (0x5a52c)
LDR: ! Imported function 'cellFsClosedir' in 'sys_fs' module (0x5a54c)
LDR: ! Imported function 'cellFontCreateRenderer' in 'cellFont' module (0x5a56c)
LDR: ! Imported function 'cellFontOpenFontsetOnMemory' in 'cellFont' module (0x5a58c)
LDR: ! Imported function 'cellFontGetHorizontalLayout' in 'cellFont' module (0x5a5ac)
LDR: ! Imported function 'cellFontDestroyRenderer' in 'cellFont' module (0x5a5cc)
LDR: ! Imported function 'cellFontSetupRenderScalePixel' in 'cellFont' module (0x5a5ec)
LDR: ! Imported function 'cellFontSetEffectWeight' in 'cellFont' module (0x5a60c)
LDR: ! Imported function 'cellFontOpenFontInstance' in 'cellFont' module (0x5a62c)
LDR: ! Imported function 'cellFontSetScalePixel' in 'cellFont' module (0x5a64c)
LDR: ! Imported function 'cellFontGetRenderCharGlyphMetrics' in 'cellFont' module (0x5a66c)
LDR: ! Imported function 'cellFontEndLibrary' in 'cellFont' module (0x5a68c)
LDR: ! Imported function 'cellFontBindRenderer' in 'cellFont' module (0x5a6ac)
LDR: ! Imported function 'cellFontGetVerticalLayout' in 'cellFont' module (0x5a6cc)
LDR: ! Imported function 'cellFontGetRenderCharGlyphMetricsVertical' in 'cellFont' module (0x5a6ec)
LDR: ! Imported function 'cellFontSetScalePoint' in 'cellFont' module (0x5a70c)
LDR: ! Imported function 'cellFontSetupRenderEffectSlant' in 'cellFont' module (0x5a72c)
LDR: ! Imported function 'cellFontEnd' in 'cellFont' module (0x5a74c)
LDR: ! Imported function 'cellFontSetEffectSlant' in 'cellFont' module (0x5a76c)
LDR: ! Imported function 'cellFontRenderCharGlyphImage' in 'cellFont' module (0x5a78c)
LDR: ! Imported function 'cellFontRenderSurfaceInit' in 'cellFont' module (0x5a7ac)
LDR: ! Imported function 'cellFontGetFontIdCode' in 'cellFont' module (0x5a7cc)
LDR: ! Imported function 'cellFontOpenFontset' in 'cellFont' module (0x5a7ec)
LDR: ! Imported function 'cellFontCloseFont' in 'cellFont' module (0x5a80c)
LDR: ! Imported function 'cellFontRenderSurfaceSetScissor' in 'cellFont' module (0x5a82c)
LDR: ! Imported function 'cellFontGetCharGlyphMetrics' in 'cellFont' module (0x5a84c)
LDR: ! Imported function 'cellFontRenderCharGlyphImageVertical' in 'cellFont' module (0x5a86c)
LDR: ! Imported function 'cellFontInitializeWithRevision' in 'cellFont' module (0x5a88c)
LDR: ! Imported function 'cellFontUnbindRenderer' in 'cellFont' module (0x5a8ac)
LDR: ! Imported function 'cellFontSetResolutionDpi' in 'cellFont' module (0x5a8cc)
LDR: ! Imported function 'cellFontGetCharGlyphMetricsVertical' in 'cellFont' module (0x5a8ec)
LDR: ! Imported function 'cellFontInitLibraryFreeTypeWithRevision' in 'cellFontFT' module (0x5a90c)
LDR: ! Imported function 'sys_lwmutex_lock' in 'sysPrxForUser' module (0x5a9cc)
LDR: ! Imported function 'sys_lwmutex_unlock' in 'sysPrxForUser' module (0x5a9ec)
LDR: ! Imported function 'sys_ppu_thread_create' in 'sysPrxForUser' module (0x5aa0c)
LDR: ! Imported function '_sys_process_atexitspawn' in 'sysPrxForUser' module (0x5aa2c)
LDR: ! Imported function 'sys_lwmutex_create' in 'sysPrxForUser' module (0x5aa4c)
LDR: ! Imported function 'sys_ppu_thread_get_id' in 'sysPrxForUser' module (0x5aa6c)
LDR: ! Imported function 'sys_prx_register_library' in 'sysPrxForUser' module (0x5aa8c)
LDR: ! Imported function 'sys_game_process_exitspawn2' in 'sysPrxForUser' module (0x5aaac)
LDR: ! Imported function 'sys_initialize_tls' in 'sysPrxForUser' module (0x5aacc)
LDR: ! Imported function 'sys_time_get_system_time' in 'sysPrxForUser' module (0x5aaec)
LDR: ! Imported function '_sys_process_at_Exitspawn' in 'sysPrxForUser' module (0x5ab0c)
LDR: ! Imported function 'sys_prx_exitspawn_with_level' in 'sysPrxForUser' module (0x5ab2c)
LDR: ! Imported function 'sys_ppu_thread_exit' in 'sysPrxForUser' module (0x5ab4c)
LDR: ! Imported function 'sys_lwmutex_destroy' in 'sysPrxForUser' module (0x5ab6c)
LDR: ! Imported function 'sys_process_exit' in 'sysPrxForUser' module (0x5ab8c)
MEM: ! Thread Local Storage initialized (g_tls_start=0x50e000, user_size=0x84)
*** TLS segment addr: 0x003912cc
*** TLS segment size: 0x00000000
HLE: W {PPU[0x1] Thread (main_thread)[0x0005aa4c]} sysPrxForUser: sys_lwmutex_create(lwmutex=*0x50dd10, attr=*0x5e3b8)
HLE: W {PPU[0x1] Thread (main_thread)[0x00036410]} sys_memory: sys_memory_get_user_memory_size(mem_info=*0xd000fc04)
HLE: W {PPU[0x1] Thread (main_thread)[0x0005aa4c]} sysPrxForUser: sys_lwmutex_create(lwmutex=*0x50db10, attr=*0x5e3b8)
HLE: W {PPU[0x1] Thread (main_thread)[0x0005aa4c]} sysPrxForUser: sys_lwmutex_create(lwmutex=*0x50d2a0, attr=*0x5e3b8)
HLE: W {PPU[0x1] Thread (main_thread)[0x0005aa4c]} sysPrxForUser: sys_lwmutex_create(lwmutex=*0x50d2c8, attr=*0x5e3b8)
HLE: W {PPU[0x1] Thread (main_thread)[0x0005aa4c]} sysPrxForUser: sys_lwmutex_create(lwmutex=*0x50d2f0, attr=*0x5e3b8)
HLE: W {PPU[0x1] Thread (main_thread)[0x0005aa4c]} sysPrxForUser: sys_lwmutex_create(lwmutex=*0x50d1d8, attr=*0x5e3b8)
HLE: W {PPU[0x1] Thread (main_thread)[0x0005aa4c]} sysPrxForUser: sys_lwmutex_create(lwmutex=*0x50d200, attr=*0x5e3b8)
HLE: W {PPU[0x1] Thread (main_thread)[0x0005aa4c]} sysPrxForUser: sys_lwmutex_create(lwmutex=*0x50d228, attr=*0x5e3b8)
HLE: W {PPU[0x1] Thread (main_thread)[0x0005aa4c]} sysPrxForUser: sys_lwmutex_create(lwmutex=*0x50d250, attr=*0x5e3b8)
HLE: W {PPU[0x1] Thread (main_thread)[0x0005aa4c]} sysPrxForUser: sys_lwmutex_create(lwmutex=*0x50d278, attr=*0x5e3b8)
HLE: W {PPU[0x1] Thread (main_thread)[0x0005a0cc]} cellSysmodule: cellSysmoduleLoadModule(id=0x0010: CELL_SYSMODULE_GCM_SYS)
HLE: W {PPU[0x1] Thread (main_thread)[0x0005a0cc]} cellSysmodule: cellSysmoduleLoadModule(id=0x0010: CELL_SYSMODULE_GCM_SYS)
HLE: W {PPU[0x1] Thread (main_thread)[0x0005a0cc]} cellSysmodule: cellSysmoduleLoadModule(id=0x0017: CELL_SYSMODULE_IO)
HLE: W {PPU[0x1] Thread (main_thread)[0x0005a0cc]} cellSysmodule: cellSysmoduleLoadModule(id=0x000e: CELL_SYSMODULE_FS)
HLE: W {PPU[0x1] Thread (main_thread)[0x0005a0cc]} cellSysmodule: cellSysmoduleLoadModule(id=0x0016: CELL_SYSMODULE_SYSUTIL_NP)
HLE: W {PPU[0x1] Thread (main_thread)[0x0005a0cc]} cellSysmodule: cellSysmoduleLoadModule(id=0x0015: CELL_SYSMODULE_SYSUTIL)
HLE: W {PPU[0x1] Thread (main_thread)[0x0005a0cc]} cellSysmodule: cellSysmoduleLoadModule(id=0x003e: CELL_SYSMODULE_SYSUTIL_GAME)
HLE: W {PPU[0x1] Thread (main_thread)[0x0005a26c]} cellSysutil: cellSysutilRegisterCallback(slot=0, func=*0x390398, userdata=*0x0)
HLE: W {PPU[0x1] Thread (main_thread)[0x0005a18c]} cellSysutil: cellSysutilGetSystemParamInt(id=0x111(ID_LANG), value=*0x392258)
HLE: W {PPU[0x1] Thread (main_thread)[0x0003501c]} sys_memory: sys_memory_allocate(size=0x100000, flags=0x400, alloc_addr=*0xd000f3e0)
HLE: W {PPU[0x1] Thread (main_thread)[0x0005a0cc]} cellSysmodule: cellSysmoduleLoadModule(id=0x000e: CELL_SYSMODULE_FS)
HLE: W {PPU[0x1] Thread (main_thread)[0x0005a46c]} cellFs: cellFsStat(path=*0x20000010, sb=*0xd000f5d0) -> sys_fs_stat()
HLE: W {PPU[0x1] Thread (main_thread)[0x0005a46c]} sys_fs: sys_fs_stat(path=*0x20000010, sb=*0xd000f5d0)
HLE: W {PPU[0x1] Thread (main_thread)[0x0005a46c]} sys_fs: *** path = '/dev_bdvd/PS3_GAME/USRDIR/Data_COMMON/navi.conf'
HLE: W {PPU[0x1] Thread (main_thread)[0x0005a0ac]} cellSysmodule: cellSysmoduleUnloadModule(id=0x000e: CELL_SYSMODULE_FS)
HLE: W {PPU[0x1] Thread (main_thread)[0x0005a0cc]} cellSysmodule: cellSysmoduleLoadModule(id=0x000e: CELL_SYSMODULE_FS)
HLE: W {PPU[0x1] Thread (main_thread)[0x0005a0cc]} cellSysmodule: cellSysmoduleLoadModule(id=0x000e: CELL_SYSMODULE_FS)
HLE: W {PPU[0x1] Thread (main_thread)[0x0005a46c]} cellFs: cellFsStat(path=*0x20000010, sb=*0xd000f5d0) -> sys_fs_stat()
HLE: W {PPU[0x1] Thread (main_thread)[0x0005a46c]} sys_fs: sys_fs_stat(path=*0x20000010, sb=*0xd000f5d0)
HLE: W {PPU[0x1] Thread (main_thread)[0x0005a46c]} sys_fs: *** path = '/dev_hdd0/game/BLES01146DATA/USRDIR/Data_COMMON/navi.conf'
HLE: W {PPU[0x1] Thread (main_thread)[0x0005a0ac]} cellSysmodule: cellSysmoduleUnloadModule(id=0x000e: CELL_SYSMODULE_FS)
HLE: W {PPU[0x1] Thread (main_thread)[0x0005a44c]} cellFs: cellFsOpen(path=*0x386f18, flags=0, fd=*0xd000f6a0, arg=*0x0, size=0x0) -> sys_fs_open()
HLE: W {PPU[0x1] Thread (main_thread)[0x0005a44c]} sys_fs: sys_fs_open(path=*0x386f18, flags=0, fd=*0xd000f6a0, mode=0, arg=*0x0, size=0x0)
HLE: W {PPU[0x1] Thread (main_thread)[0x0005a44c]} sys_fs: *** path = '/dev_hdd0/game/BLES01146DATA/USRDIR/Data_COMMON/navi.conf'
HLE: W {PPU[0x1] Thread (main_thread)[0x0005a52c]} sys_fs: sys_fs_fstat(fd=3, sb=*0xd000f838)
HLE: W {PPU[0x1] Thread (main_thread)[0x0005a0ac]} cellSysmodule: cellSysmoduleUnloadModule(id=0x000e: CELL_SYSMODULE_FS)
HLE: E {PPU[0x1] Thread (main_thread)[0x0005a0ac]} cellSysmodule: cellSysmoduleUnloadModule() failed: module not loaded (id=0x000e)
HLE: W {PPU[0x1] Thread (main_thread)[0x0005a0cc]} cellSysmodule: cellSysmoduleLoadModule(id=0x000e: CELL_SYSMODULE_FS)
HLE: W {PPU[0x1] Thread (main_thread)[0x0005a46c]} cellFs: cellFsStat(path=*0x20000710, sb=*0xd000f5d0) -> sys_fs_stat()
HLE: W {PPU[0x1] Thread (main_thread)[0x0005a46c]} sys_fs: sys_fs_stat(path=*0x20000710, sb=*0xd000f5d0)
HLE: W {PPU[0x1] Thread (main_thread)[0x0005a46c]} sys_fs: *** path = '/dev_hdd0/game/BLES01146DATA/USRDIR/Data_COMMON/textures/T-SC1_Select.gtf'
HLE: W {PPU[0x1] Thread (main_thread)[0x0005a0ac]} cellSysmodule: cellSysmoduleUnloadModule(id=0x000e: CELL_SYSMODULE_FS)
HLE: W {PPU[0x1] Thread (main_thread)[0x0005a0cc]} cellSysmodule: cellSysmoduleLoadModule(id=0x000e: CELL_SYSMODULE_FS)
HLE: W {PPU[0x1] Thread (main_thread)[0x0005a46c]} cellFs: cellFsStat(path=*0x20000050, sb=*0xd000f5d0) -> sys_fs_stat()
HLE: W {PPU[0x1] Thread (main_thread)[0x0005a46c]} sys_fs: sys_fs_stat(path=*0x20000050, sb=*0xd000f5d0)
HLE: W {PPU[0x1] Thread (main_thread)[0x0005a46c]} sys_fs: *** path = '/dev_hdd0/game/BLES01146DATA/USRDIR/Data_COMMON/textures/T-SC2_Select.gtf'
HLE: W {PPU[0x1] Thread (main_thread)[0x0005a0ac]} cellSysmodule: cellSysmoduleUnloadModule(id=0x000e: CELL_SYSMODULE_FS)
HLE: W {PPU[0x1] Thread (main_thread)[0x0005a0cc]} cellSysmodule: cellSysmoduleLoadModule(id=0x000e: CELL_SYSMODULE_FS)
HLE: W {PPU[0x1] Thread (main_thread)[0x0005a46c]} cellFs: cellFsStat(path=*0x200000d0, sb=*0xd000f5d0) -> sys_fs_stat()
HLE: W {PPU[0x1] Thread (main_thread)[0x0005a46c]} sys_fs: sys_fs_stat(path=*0x200000d0, sb=*0xd000f5d0)
HLE: W {PPU[0x1] Thread (main_thread)[0x0005a46c]} sys_fs: *** path = '/dev_hdd0/game/BLES01146DATA/USRDIR/Data_COMMON/textures/T-SC3_Select.gtf'
HLE: W {PPU[0x1] Thread (main_thread)[0x0005a0ac]} cellSysmodule: cellSysmoduleUnloadModule(id=0x000e: CELL_SYSMODULE_FS)
HLE: W {PPU[0x1] Thread (main_thread)[0x0003501c]} sys_memory: sys_memory_allocate(size=0x8200000, flags=0x400, alloc_addr=*0xd000f6c0)
HLE: W {PPU[0x1] Thread (main_thread)[0x00059e8c]} cellGcmSys: _cellGcmInitBody(context=**0x50d07c, cmdSize=0x10000, ioSize=0x8000000, ioAddress=0x20100000)
HLE: W {PPU[0x1] Thread (main_thread)[0x00059e8c]} cellGcmSys: *** local memory(addr=0xc0000000, size=0xf900000)
HLE: W {PPU[0x1] Thread (main_thread)[0x00059e8c]} cellGcmSys: cellGcmInit(): 256MB io address space used
RSX: ! {RSXThread} RSX thread started
HLE: W {PPU[0x1] Thread (main_thread)[0x00059f2c]} cellGcmSys: cellGcmSetDebugOutputLevel(level=2)
HLE: W {PPU[0x1] Thread (main_thread)[0x0005a10c]} cellSysutil: cellVideoOutConfigure(videoOut=0, config=*0xd000f898, option=*0x0, waitForEvent=0)
HLE: W {PPU[0x1] Thread (main_thread)[0x00059f0c]} cellGcmSys: cellGcmSetFlipMode(mode=2)
HLE: W {PPU[0x1] Thread (main_thread)[0x00059fcc]} cellGcmSys: cellGcmSetFlipStatus()
HLE: W {PPU[0x1] Thread (main_thread)[0x0005a0cc]} cellSysmodule: cellSysmoduleLoadModule(id=0x0019: CELL_SYSMODULE_FONT)
HLE: W {PPU[0x1] Thread (main_thread)[0x0005a0cc]} cellSysmodule: cellSysmoduleLoadModule(id=0x001b: CELL_SYSMODULE_FREETYPE)
HLE: W {PPU[0x1] Thread (main_thread)[0x0005a0cc]} cellSysmodule: cellSysmoduleLoadModule(id=0x001a: CELL_SYSMODULE_FONTFT)
HLE: W {PPU[0x1] Thread (main_thread)[0x0005a88c]} cellFont: cellFontInitializeWithRevision(revisionFlags=0x61, config=*0xd000f8f8)
HLE: W {PPU[0x1] Thread (main_thread)[0x0005a90c]} cellFontFT: cellFontInitLibraryFreeTypeWithRevision(revisionFlags=0x41, config=*0xd000f8e0, lib=**0xd000f8d0)
HLE: E {PPU[0x1] Thread (main_thread)[0x0005a58c]} cellFont TODO: cellFontOpenFontsetOnMemory(library=*0x51c000, fontType=*0xd000f8b0, font=*0x50a440)
HLE: E {PPU[0x1] Thread (main_thread)[0x0005a8cc]} cellFont: cellFontSetResolutionDpi
HLE: E {PPU[0x1] Thread (main_thread)[0x0005a70c]} cellFont: cellFontSetScalePoint
HLE: E {PPU[0x1] Thread (main_thread)[0x0005a58c]} cellFont TODO: cellFontOpenFontsetOnMemory(library=*0x51c000, fontType=*0xd000f8b0, font=*0x50a540)
HLE: E {PPU[0x1] Thread (main_thread)[0x0005a8cc]} cellFont: cellFontSetResolutionDpi
HLE: E {PPU[0x1] Thread (main_thread)[0x0005a70c]} cellFont: cellFontSetScalePoint
HLE: W {PPU[0x1] Thread (main_thread)[0x0005a7ec]} cellFont: cellFontOpenFontset(library=*0x51c000, fontType=*0xd000f8b0, font=*0x50a240)
HLE: W {PPU[0x1] Thread (main_thread)[0x0005a7ec]} cellFont: cellFontOpenFontset: fontType->type = 257 not supported yet. RD-R-LATIN.TTF will be used instead.
HLE: W {PPU[0x1] Thread (main_thread)[0x0005a7ec]} cellFont: cellFontOpenFontFile(library=*0x51c000, fontPath=*0xd000f810, subNum=0, uniqueId=0, font=*0x50a240)
HLE: W {PPU[0x1] Thread (main_thread)[0x0005a7ec]} cellFont: cellFontOpenFontMemory(library=*0x51c000, fontAddr=0x51d000, fontSize=38388, subNum=0, uniqueId=0, font=*0x50a240)
HLE: E {PPU[0x1] Thread (main_thread)[0x0005a8cc]} cellFont: cellFontSetResolutionDpi
HLE: E {PPU[0x1] Thread (main_thread)[0x0005a70c]} cellFont: cellFontSetScalePoint
HLE: W {PPU[0x1] Thread (main_thread)[0x0005a7ec]} cellFont: cellFontOpenFontset(library=*0x51c000, fontType=*0xd000f8b0, font=*0x50a340)
HLE: W {PPU[0x1] Thread (main_thread)[0x0005a7ec]} cellFont: cellFontOpenFontset: fontType->type = 256 not supported yet. RD-R-LATIN.TTF will be used instead.
HLE: W {PPU[0x1] Thread (main_thread)[0x0005a7ec]} cellFont: cellFontOpenFontFile(library=*0x51c000, fontPath=*0xd000f810, subNum=0, uniqueId=0, font=*0x50a340)
HLE: W {PPU[0x1] Thread (main_thread)[0x0005a7ec]} cellFont: cellFontOpenFontMemory(library=*0x51c000, fontAddr=0x527000, fontSize=38388, subNum=0, uniqueId=0, font=*0x50a340)
HLE: E {PPU[0x1] Thread (main_thread)[0x0005a8cc]} cellFont: cellFontSetResolutionDpi
HLE: E {PPU[0x1] Thread (main_thread)[0x0005a70c]} cellFont: cellFontSetScalePoint
HLE: E {PPU[0x1] Thread (main_thread)[0x0005a56c]} cellFont TODO: cellFontCreateRenderer(library=*0x51c000, config=*0xd000f8f0, Renderer=*0x40a00c)
HLE: W {PPU[0x1] Thread (main_thread)[0x0005a7ac]} cellFont: cellFontRenderSurfaceInit(surface=*0x40a110, buffer=*0x200014d0, bufferWidthByte=1024, pixelSizeByte=4, w=256, h=256)
HLE: W {PPU[0x1] Thread (main_thread)[0x0005a82c]} cellFont: cellFontRenderSurfaceSetScissor(surface=*0x40a110, x0=0, y0=0, w=256, h=256)
HLE: W {PPU[0x1] Thread (main_thread)[0x0005a62c]} cellFont: cellFontOpenFontInstance(openedFont=*0x50a340, font=*0xd000f77c)
HLE: E {PPU[0x1] Thread (main_thread)[0x0005a7cc]} cellFont TODO: cellFontGetFontIdCode(font=*0xd000f77c, code=42, fontId=*0xd000f644, fontCode=*0x0)
HLE: W {PPU[0x1] Thread (main_thread)[0x0005a84c]} cellFont: cellFontGetCharGlyphMetrics(font=*0xd000f77c, code=0x2a, metrics=*0xd000f648)
HLE: W {PPU[0x1] Thread (main_thread)[0x0005a6ac]} cellFont: cellFontBindRenderer(font=*0xd000f77c, renderer=*0x40a00c)
HLE: E {PPU[0x1] Thread (main_thread)[0x0005a5ec]} cellFont TODO: cellFontSetupRenderScalePixel(font=*0xd000f77c, w=96.000000, h=204.800003)
HLE: E {PPU[0x1] Thread (main_thread)[0x0005a7cc]} cellFont TODO: cellFontGetFontIdCode(font=*0xd000f77c, code=42, fontId=*0xd000f634, fontCode=*0x0)
HLE: E {PPU[0x1] Thread (main_thread)[0x0005a66c]} cellFont TODO: cellFontGetRenderCharGlyphMetrics(font=*0xd000f77c, code=0x2a, metrics=*0xd000f654)
HLE: ! {PPU[0x1] Thread (main_thread)[0x0005a78c]} cellFont: cellFontRenderCharGlyphImage(font=*0xd000f77c, code=0x2a, surface=*0x40a110, x=78.115517, y=40.623230, metrics=*0x0, trans=*0xd000fa4c)
G: ! Stopping emulator...
G: ! All threads signaled...
G: ! {PPU[0x2] Thread (Callback Thread)[0x00000000]} Thread aborted
G: ! {PPU[0x1] Thread (main_thread)[0x0002436c]} Thread aborted
G: ! {VBlank Thread} Thread aborted
G: ! All threads stopped...
G: ! Objects cleared...
