LDR: E PSFLoader::Load() failed: unknown magic (0x0)
G: ! RPCS3 0.0.0.5 v0.0.0.5-2529-g286d296
G: ! 
G: ! Stopping emulator...
LDR: ! Loading 'D:/Emulateurs/Rpcs3/dev_hdd0/game/BLES00142-[The Simpsons Game]/PS3_GAME/USRDIR/BOOT.BIN'...
G: W fs::file::open('D:/Emulateurs/Rpcs3/dev_hdd0/game/BLES00142-[The Simpsons Game]/PS3_GAME/dev_bdvd.path', 0x1) failed: error 0x2
LDR: ! 
LDR: ! Mount info:
LDR: ! /dev_usb000/ -> D:/Emulateurs/Rpcs3/dev_usb000/
LDR: ! /dev_flash/ -> D:/Emulateurs/Rpcs3/dev_flash/
LDR: ! /host_root/ -> 
LDR: ! /dev_hdd0/ -> D:/Emulateurs/Rpcs3/dev_hdd0/
LDR: ! /dev_hdd1/ -> D:/Emulateurs/Rpcs3/dev_hdd1/
LDR: ! /dev_bdvd/ -> D:/Emulateurs/Rpcs3/dev_hdd0/game/BLES00142-[The Simpsons Game]/
LDR: ! /dev_usb/ -> D:/Emulateurs/Rpcs3/dev_usb000/
LDR: ! 
LDR: ! Settings:
LDR: ! CPU: PPU Interpreter 2
LDR: ! SPU: SPU Recompiler (ASMJIT)
LDR: ! Renderer: DirectX 12
LDR: ! D3D Adapter: Default
LDR: ! Resolution: 1280x720
LDR: ! Write Depth Buffer: No
LDR: ! Write Color Buffers: No
LDR: ! Read Color Buffer: No
LDR: ! Audio Out: XAudio2
LDR: ! Log Everything: No
LDR: ! RSX Logging: No
LDR: ! 
LDR: ! Title: The Simpsons™ Game
LDR: ! Serial: BLES00142
LDR: ! Elf path: /dev_bdvd/PS3_GAME/USRDIR/BOOT.BIN
LDR: ! 
LDR: ! loader::init() failed: Broken file
LDR: ! *** sdk version: 0x190002
LDR: ! *** primary prio: 1001
LDR: ! *** primary stacksize: 0x40
LDR: ! *** malloc pagesize: 0x100000
LDR: ! *** ppc seg: 0x0
LDR: ! Imported function 'sys_ppu_thread_create' in 'sysPrxForUser' module (0xa73ecc)
LDR: ! Imported function '_sys_process_atexitspawn' in 'sysPrxForUser' module (0xa73eec)
LDR: ! Imported function 'sys_initialize_tls' in 'sysPrxForUser' module (0xa73f0c)
LDR: ! Imported function 'sys_time_get_system_time' in 'sysPrxForUser' module (0xa73f2c)
LDR: ! Imported function 'sys_prx_exitspawn_with_level' in 'sysPrxForUser' module (0xa73f4c)
LDR: ! Imported function 'sys_ppu_thread_exit' in 'sysPrxForUser' module (0xa73f6c)
LDR: ! Imported function 'sys_spu_image_close' in 'sysPrxForUser' module (0xa73f8c)
LDR: ! Imported function 'sys_process_exit' in 'sysPrxForUser' module (0xa73fac)
LDR: ! Imported function 'sys_spu_image_import' in 'sysPrxForUser' module (0xa73fcc)
LDR: ! Imported function 'sys_lwmutex_lock' in 'sysPrxForUser' module (0xa7456c)
LDR: ! Imported function 'sys_lwmutex_unlock' in 'sysPrxForUser' module (0xa7458c)
LDR: ! Imported function 'sys_lwmutex_create' in 'sysPrxForUser' module (0xa745ac)
LDR: ! Imported function 'sys_ppu_thread_get_id' in 'sysPrxForUser' module (0xa745cc)
LDR: ! Imported function 'sys_lwmutex_destroy' in 'sysPrxForUser' module (0xa745ec)
LDR: ! Imported function 'cellFsClose' in 'sys_fs' module (0xa73fec)
LDR: ! Imported function 'cellFsOpendir' in 'sys_fs' module (0xa7400c)
LDR: ! Imported function 'cellFsRead' in 'sys_fs' module (0xa7402c)
LDR: ! Imported function 'cellFsReaddir' in 'sys_fs' module (0xa7404c)
LDR: ! Imported function 'cellFsOpen' in 'sys_fs' module (0xa7406c)
LDR: ! Imported function 'cellFsStat' in 'sys_fs' module (0xa7408c)
LDR: ! Imported function 'cellFsLseek' in 'sys_fs' module (0xa740ac)
LDR: ! Imported function 'cellFsClosedir' in 'sys_fs' module (0xa740cc)
LDR: ! Imported function 'cellFsRmdir' in 'sys_fs' module (0xa7472c)
LDR: ! Imported function 'cellFsUnlink' in 'sys_fs' module (0xa7474c)
LDR: ! Imported function 'cellFsMkdir' in 'sys_fs' module (0xa7476c)
LDR: ! Imported function 'cellFsWrite' in 'sys_fs' module (0xa7478c)
LDR: ! Imported function 'cellFsFstat' in 'sys_fs' module (0xa747ac)
LDR: ! Imported function 'cellFsRename' in 'sys_fs' module (0xa747cc)
LDR: ! Imported function 'cellGcmGetTiledPitchSize' in 'cellGcmSys' module (0xa740ec)
LDR: ! Imported function '_cellGcmInitBody' in 'cellGcmSys' module (0xa7410c)
LDR: ! Imported function 'cellGcmAddressToOffset' in 'cellGcmSys' module (0xa7412c)
LDR: ! Imported function '_cellGcmFunc15' in 'cellGcmSys' module (0xa7414c)
LDR: ! Imported function 'cellGcmMapMainMemory' in 'cellGcmSys' module (0xa7416c)
LDR: ! Imported function 'cellGcmGetControlRegister' in 'cellGcmSys' module (0xa7418c)
LDR: ! Imported function 'cellGcmSetDefaultCommandBuffer' in 'cellGcmSys' module (0xa741ac)
LDR: ! Imported function 'cellGcmSetInvalidateTile' in 'cellGcmSys' module (0xa741cc)
LDR: ! Imported function 'cellGcmSetTile' in 'cellGcmSys' module (0xa741ec)
LDR: ! Imported function 'cellGcmGetConfiguration' in 'cellGcmSys' module (0xa7420c)
LDR: ! Imported function 'cellGcmGetLabelAddress' in 'cellGcmSys' module (0xa7422c)
LDR: ! Imported function 'cellGcmSetUserHandler' in 'cellGcmSys' module (0xa747ec)
LDR: ! Imported function 'cellGcmSetFlipMode' in 'cellGcmSys' module (0xa7480c)
LDR: ! Imported function 'cellGcmGetFlipStatus' in 'cellGcmSys' module (0xa7482c)
LDR: ! Imported function 'cellGcmSetUserCommand' in 'cellGcmSys' module (0xa7484c)
LDR: ! Imported function 'cellGcmSetWaitFlip' in 'cellGcmSys' module (0xa7486c)
LDR: ! Imported function 'cellGcmSetDisplayBuffer' in 'cellGcmSys' module (0xa7488c)
LDR: ! Imported function 'cellGcmResetFlipStatus' in 'cellGcmSys' module (0xa748ac)
LDR: ! Imported function 'cellGcmSetZcull' in 'cellGcmSys' module (0xa748cc)
LDR: ! Imported function 'cellGcmSetFlip' in 'cellGcmSys' module (0xa748ec)
LDR: ! Imported function 'cellPadInit' in 'sys_io' module (0xa7424c)
LDR: ! Imported function 'cellPadGetInfo' in 'sys_io' module (0xa7426c)
LDR: ! Imported function 'cellPadEnd' in 'sys_io' module (0xa7428c)
LDR: ! Imported function 'cellPadInfoSensorMode' in 'sys_io' module (0xa742ac)
LDR: ! Imported function 'cellPadGetData' in 'sys_io' module (0xa742cc)
LDR: ! Imported function 'cellPadSetSensorMode' in 'sys_io' module (0xa742ec)
LDR: ! Imported function 'sys_net_initialize_network_ex' in 'sys_net' module (0xa7430c)
LDR: ! Imported function 'sys_net_finalize_network' in 'sys_net' module (0xa7432c)
LDR: ! Imported function 'socketpoll' in 'sys_net' module (0xa74b2c)
LDR: ! Imported function 'getsockname' in 'sys_net' module (0xa74b4c)
LDR: ! Imported function 'recvfrom' in 'sys_net' module (0xa74b6c)
LDR: ! Imported function 'listen' in 'sys_net' module (0xa74b8c)
LDR: ! Imported function 'socketselect' in 'sys_net' module (0xa74bac)
LDR: ! Imported function 'getsockopt' in 'sys_net' module (0xa74bcc)
LDR: ! Imported function '_sys_net_errno_loc' in 'sys_net' module (0xa74bec)
LDR: ! Imported function 'connect' in 'sys_net' module (0xa74c0c)
LDR: ! Imported function 'socketclose' in 'sys_net' module (0xa74c2c)
LDR: ! Imported function 'gethostbyname' in 'sys_net' module (0xa74c4c)
LDR: ! Imported function 'setsockopt' in 'sys_net' module (0xa74c6c)
LDR: ! Imported function 'sys_net_abort_resolver' in 'sys_net' module (0xa74c8c)
LDR: ! Imported function 'sendto' in 'sys_net' module (0xa74cac)
LDR: ! Imported function 'socket' in 'sys_net' module (0xa74ccc)
LDR: ! Imported function 'shutdown' in 'sys_net' module (0xa74cec)
LDR: ! Imported function 'bind' in 'sys_net' module (0xa74d0c)
LDR: ! Imported function 'sys_net_show_ifconfig' in 'sys_net' module (0xa74d2c)
LDR: ! Imported function 'accept' in 'sys_net' module (0xa74d4c)
LDR: ! Imported function 'inet_addr' in 'sys_net' module (0xa74d6c)
LDR: ! Imported function 'send' in 'sys_net' module (0xa74d8c)
LDR: ! Imported function 'getpeername' in 'sys_net' module (0xa74dac)
LDR: ! Imported function 'recv' in 'sys_net' module (0xa74dcc)
LDR: ! Imported function 'sys_net_free_thread_context' in 'sys_net' module (0xa74dec)
LDR: ! Imported function 'cellSysmoduleUnloadModule' in 'cellSysmodule' module (0xa7434c)
LDR: ! Imported function 'cellSysmoduleLoadModule' in 'cellSysmodule' module (0xa7436c)
LDR: ! Imported function 'sceNpManagerGetAccountAge' in 'sceNp' module (0xa7438c)
LDR: ! Imported function 'sceNpTerm' in 'sceNp' module (0xa743ac)
LDR: ! Imported function 'sceNpManagerGetStatus' in 'sceNp' module (0xa743cc)
LDR: ! Imported function 'sceNpDrmIsAvailable' in 'sceNp' module (0xa743ec)
LDR: ! Imported function 'sceNpManagerGetAccountRegion' in 'sceNp' module (0xa7440c)
LDR: ! Imported function 'sceNpInit' in 'sceNp' module (0xa7442c)
LDR: ! Imported function 'sceNpManagerGetOnlineName' in 'sceNp' module (0xa7444c)
LDR: ! Imported function 'sceNpManagerGetTicket' in 'sceNp' module (0xa74eec)
LDR: ! Imported function 'sceNpManagerGetPsHandle' in 'sceNp' module (0xa74f0c)
LDR: ! Imported function 'sceNpLookupAbortTransaction' in 'sceNp' module (0xa74f2c)
LDR: ! Imported function 'sceNpBasicSetPresence' in 'sceNp' module (0xa74f4c)
LDR: ! Imported function 'sceNpBasicRegisterContextSensitiveHandler' in 'sceNp' module (0xa74f6c)
LDR: ! Imported function 'sceNpManagerUnregisterCallback' in 'sceNp' module (0xa74f8c)
LDR: ! Imported function 'sceNpLookupDestroyTitleCtx' in 'sceNp' module (0xa74fac)
LDR: ! Imported function 'sceNpLookupInit' in 'sceNp' module (0xa74fcc)
LDR: ! Imported function 'sceNpBasicGetBlockListEntryCount' in 'sceNp' module (0xa74fec)
LDR: ! Imported function 'sceNpLookupPollAsync' in 'sceNp' module (0xa7500c)
LDR: ! Imported function 'sceNpManagerRequestTicket' in 'sceNp' module (0xa7502c)
LDR: ! Imported function 'sceNpLookupTerm' in 'sceNp' module (0xa7504c)
LDR: ! Imported function 'sceNpCommerceSetDataFlagFinish' in 'sceNp' module (0xa7506c)
LDR: ! Imported function 'sceNpCommerceSetDataFlagStart' in 'sceNp' module (0xa7508c)
LDR: ! Imported function 'sceNpBasicUnregisterHandler' in 'sceNp' module (0xa750ac)
LDR: ! Imported function 'sceNpLookupCreateTitleCtx' in 'sceNp' module (0xa750cc)
LDR: ! Imported function 'sceNpLookupNpIdAsync' in 'sceNp' module (0xa750ec)
LDR: ! Imported function 'sceNpBasicGetEvent' in 'sceNp' module (0xa7510c)
LDR: ! Imported function 'sceNpCommerceDestroyCtx' in 'sceNp' module (0xa7512c)
LDR: ! Imported function 'sceNpManagerRegisterCallback' in 'sceNp' module (0xa7514c)
LDR: ! Imported function 'sceNpLookupCreateTransactionCtx' in 'sceNp' module (0xa7516c)
LDR: ! Imported function 'sceNpManagerGetChatRestrictionFlag' in 'sceNp' module (0xa7518c)
LDR: ! Imported function 'sceNpBasicGetBlockListEntry' in 'sceNp' module (0xa751ac)
LDR: ! Imported function 'sceNpLookupDestroyTransactionCtx' in 'sceNp' module (0xa751cc)
LDR: ! Imported function 'sceNpCommerceCreateCtx' in 'sceNp' module (0xa751ec)
LDR: ! Imported function 'sceNpManagerGetNpId' in 'sceNp' module (0xa7520c)
LDR: ! Imported function 'cellSysutilUnregisterCallback' in 'cellSysutil' module (0xa7446c)
LDR: ! Imported function 'cellSysutilCheckCallback' in 'cellSysutil' module (0xa7448c)
LDR: ! Imported function 'cellSysutilGetSystemParamInt' in 'cellSysutil' module (0xa744ac)
LDR: ! Imported function 'cellVideoOutGetState' in 'cellSysutil' module (0xa744cc)
LDR: ! Imported function 'cellSaveDataAutoSave2' in 'cellSysutil' module (0xa744ec)
LDR: ! Imported function 'cellSysutilRegisterCallback' in 'cellSysutil' module (0xa7450c)
LDR: ! Imported function 'cellGameDataCheckCreate2' in 'cellSysutil' module (0xa7452c)
LDR: ! Imported function 'cellVideoOutGetResolution' in 'cellSysutil' module (0xa7454c)
LDR: ! Imported function 'cellVideoOutConfigure' in 'cellSysutil' module (0xa7522c)
LDR: ! Imported function 'cellSaveDataListLoad2' in 'cellSysutil' module (0xa7524c)
LDR: ! Imported function 'cellSaveDataFixedSave2' in 'cellSysutil' module (0xa7526c)
LDR: ! Imported function 'cellSaveDataListSave2' in 'cellSysutil' module (0xa7528c)
LDR: ! Imported function 'cellAudioOutConfigure' in 'cellSysutil' module (0xa752ac)
LDR: ! Imported function 'cellAudioOutGetDeviceInfo' in 'cellSysutil' module (0xa752cc)
LDR: ! Imported function 'cellAudioOutGetSoundAvailability' in 'cellSysutil' module (0xa752ec)
LDR: ! Imported function 'cellSaveDataDelete2' in 'cellSysutil' module (0xa7530c)
LDR: ! Imported function 'cellSaveDataAutoLoad2' in 'cellSysutil' module (0xa7532c)
LDR: ! Imported function 'cellAudioInit' in 'cellAudio' module (0xa7460c)
LDR: ! Imported function 'cellAudioSetNotifyEventQueue' in 'cellAudio' module (0xa7462c)
LDR: ! Imported function 'cellAudioPortClose' in 'cellAudio' module (0xa7464c)
LDR: ! Imported function 'cellAudioPortStop' in 'cellAudio' module (0xa7466c)
LDR: ! Imported function 'cellAudioGetPortConfig' in 'cellAudio' module (0xa7468c)
LDR: ! Imported function 'cellAudioPortStart' in 'cellAudio' module (0xa746ac)
LDR: ! Imported function 'cellAudioQuit' in 'cellAudio' module (0xa746cc)
LDR: ! Imported function 'cellAudioPortOpen' in 'cellAudio' module (0xa746ec)
LDR: ! Imported function 'cellAudioRemoveNotifyEventQueue' in 'cellAudio' module (0xa7470c)
LDR: ! Imported function 'cellMicRead' in 'cellMic' module (0xa7490c)
LDR: ! Imported function 'cellMicIsAttached' in 'cellMic' module (0xa7492c)
LDR: ! Imported function 'cellMicSetSignalAttr' in 'cellMic' module (0xa7494c)
LDR: ! Imported function 'cellMicInit' in 'cellMic' module (0xa7496c)
LDR: ! Imported function 'cellMicClose' in 'cellMic' module (0xa7498c)
LDR: ! Imported function 'cellMicGetSignalState' in 'cellMic' module (0xa749ac)
LDR: ! Imported function 'cellMicEnd' in 'cellMic' module (0xa749cc)
LDR: ! Imported function 'cellMicOpen' in 'cellMic' module (0xa749ec)
LDR: ! Imported function 'cellMicStart' in 'cellMic' module (0xa74a0c)
LDR: ! Imported function 'cellNetCtlNetStartDialogLoadAsync' in 'cellNetCtl' module (0xa74a2c)
LDR: ! Imported function 'cellNetCtlAddHandler' in 'cellNetCtl' module (0xa74a4c)
LDR: ! Imported function 'cellNetCtlNetStartDialogUnloadAsync' in 'cellNetCtl' module (0xa74a6c)
LDR: ! Imported function 'cellNetCtlTerm' in 'cellNetCtl' module (0xa74a8c)
LDR: ! Imported function 'cellNetCtlGetInfo' in 'cellNetCtl' module (0xa74aac)
LDR: ! Imported function 'cellNetCtlGetState' in 'cellNetCtl' module (0xa74acc)
LDR: ! Imported function 'cellNetCtlDelHandler' in 'cellNetCtl' module (0xa74aec)
LDR: ! Imported function 'cellNetCtlInit' in 'cellNetCtl' module (0xa74b0c)
LDR: ! Imported function 'cellRtcGetCurrentClockLocalTime' in 'cellRtc' module (0xa74e0c)
LDR: ! Imported function 'cellRtcGetCurrentClock' in 'cellRtc' module (0xa74e2c)
LDR: ! Imported function 'cellRtcGetTime_t' in 'cellRtc' module (0xa74e4c)
LDR: ! Imported function 'cellSyncMutexLock' in 'cellSync' module (0xa74e6c)
LDR: ! Imported function 'cellSyncMutexUnlock' in 'cellSync' module (0xa74e8c)
LDR: ! Imported function 'cellSyncMutexInitialize' in 'cellSync' module (0xa74eac)
LDR: ! Imported function 'cellSyncMutexTryLock' in 'cellSync' module (0xa74ecc)
LDR: ! Imported function 'cellAdecDecodeAu' in 'cellAdec' module (0xa7534c)
LDR: ! Imported function 'cellAdecStartSeq' in 'cellAdec' module (0xa7536c)
LDR: ! Imported function 'cellAdecQueryAttr' in 'cellAdec' module (0xa7538c)
LDR: ! Imported function 'cellAdecClose' in 'cellAdec' module (0xa753ac)
LDR: ! Imported function 'cellAdecGetPcm' in 'cellAdec' module (0xa753cc)
LDR: ! Imported function 'cellAdecGetPcmItem' in 'cellAdec' module (0xa753ec)
LDR: ! Imported function 'cellAdecOpen' in 'cellAdec' module (0xa7540c)
LDR: ! Imported function 'cellAdecEndSeq' in 'cellAdec' module (0xa7542c)
LDR: ! Imported function 'cellCelpEncClose' in 'cellCelpEnc' module (0xa7544c)
LDR: ! Imported function 'cellCelpEncGetAu' in 'cellCelpEnc' module (0xa7546c)
LDR: ! Imported function 'cellCelpEncStart' in 'cellCelpEnc' module (0xa7548c)
LDR: ! Imported function 'cellCelpEncQueryAttr' in 'cellCelpEnc' module (0xa754ac)
LDR: ! Imported function 'cellCelpEncOpen' in 'cellCelpEnc' module (0xa754cc)
LDR: ! Imported function 'cellCelpEncEncodeFrame' in 'cellCelpEnc' module (0xa754ec)
LDR: ! Imported function 'cellCelpEncWaitForOutput' in 'cellCelpEnc' module (0xa7550c)
LDR: ! Imported function 'cellCelpEncEnd' in 'cellCelpEnc' module (0xa7552c)
MEM: ! Thread Local Storage initialized (g_tls_start=0xb11000, user_size=0x1b4)
*** TLS segment addr: 0x00b0faa0
*** TLS segment size: 0x00000008
G: ! {PPU[0x1] Thread (main_thread)[0x000149f4]} Registers:
=========
GPR[0] = 0x149d0
GPR[1] = 0xd0000000
GPR[2] = 0xafda30
GPR[3] = 0x1
GPR[4] = 0xa9f000
GPR[5] = 0xa9e000
GPR[6] = 0x0
GPR[7] = 0x0
GPR[8] = 0x0
GPR[9] = 0x0
GPR[10] = 0x0
GPR[11] = 0xa9d000
GPR[12] = 0x100000
GPR[13] = 0xb18030
GPR[14] = 0x1
GPR[15] = 0xa9f000
GPR[16] = 0xa9e000
GPR[17] = 0x0
GPR[18] = 0xa9d000
GPR[19] = 0x100000
GPR[20] = 0x0
GPR[21] = 0x0
GPR[22] = 0x0
GPR[23] = 0x0
GPR[24] = 0x0
GPR[25] = 0x0
GPR[26] = 0x0
GPR[27] = 0x0
GPR[28] = 0x0
GPR[29] = 0x0
GPR[30] = 0x0
GPR[31] = 0x0
FPR[0] = 0
FPR[1] = 0
FPR[2] = 0
FPR[3] = 0
FPR[4] = 0
FPR[5] = 0
FPR[6] = 0
FPR[7] = 0
FPR[8] = 0
FPR[9] = 0
FPR[10] = 0
FPR[11] = 0
FPR[12] = 0
FPR[13] = 0
FPR[14] = 0
FPR[15] = 0
FPR[16] = 0
FPR[17] = 0
FPR[18] = 0
FPR[19] = 0
FPR[20] = 0
FPR[21] = 0
FPR[22] = 0
FPR[23] = 0
FPR[24] = 0
FPR[25] = 0
FPR[26] = 0
FPR[27] = 0
FPR[28] = 0
FPR[29] = 0
FPR[30] = 0
FPR[31] = 0
VPR[0] = 0xffffffff000000000000000000000000 [x: -nan y: 0 z: 0 w: 0]
VPR[1] = 0x00000000024afac0fffffffb3f800000 [x: 0 y: 1.49126e-37 z: -nan w: 1]
VPR[2] = 0x00000000000000000000000000000000 [x: 0 y: 0 z: 0 w: 0]
VPR[3] = 0x00000000000000000000000000000000 [x: 0 y: 0 z: 0 w: 0]
VPR[4] = 0x00000000000000080000000000000007 [x: 0 y: 1.12104e-44 z: 0 w: 9.80909e-45]
VPR[5] = 0x00000002013ed7c8ffffffff00000ac1 [x: 2.8026e-45 y: 3.50523e-38 z: -nan w: 3.85777e-42]
VPR[6] = 0x00000000000000000000000000000000 [x: 0 y: 0 z: 0 w: 0]
VPR[7] = 0x00000000000000000000000000000000 [x: 0 y: 0 z: 0 w: 0]
VPR[8] = 0x00000000024afae0ffffdc623f800000 [x: 0 y: 1.49126e-37 z: -nan w: 1]
VPR[9] = 0x00000000000000000000000000000000 [x: 0 y: 0 z: 0 w: 0]
VPR[10] = 0x00000000000000000000000000000000 [x: 0 y: 0 z: 0 w: 0]
VPR[11] = 0x00000000000000080000000000000007 [x: 0 y: 1.12104e-44 z: 0 w: 9.80909e-45]
VPR[12] = 0x00000002013ed7e00000000000000ac2 [x: 2.8026e-45 y: 3.50524e-38 z: 0 w: 3.85918e-42]
VPR[13] = 0x00000000000000000000000000000000 [x: 0 y: 0 z: 0 w: 0]
VPR[14] = 0xfffffff9000000000000000000000000 [x: -nan y: 0 z: 0 w: 0]
VPR[15] = 0x00000000024afb20a0846a663f800000 [x: 0 y: 1.49127e-37 z: -2.24321e-19 w: 1]
VPR[16] = 0x00000000000000000000000000000000 [x: 0 y: 0 z: 0 w: 0]
VPR[17] = 0x00000000000000000000000000000000 [x: 0 y: 0 z: 0 w: 0]
VPR[18] = 0x00000000000000080000000000000007 [x: 0 y: 1.12104e-44 z: 0 w: 9.80909e-45]
VPR[19] = 0x00000002013ed80074a1c1c500000ac3 [x: 2.8026e-45 y: 3.50525e-38 z: 1.02526e+32 w: 3.86058e-42]
VPR[20] = 0x00000000000000000000000000000000 [x: 0 y: 0 z: 0 w: 0]
VPR[21] = 0x00000001000000000000000000000000 [x: 1.4013e-45 y: 0 z: 0 w: 0]
VPR[22] = 0x00000000024aff80000000003f800000 [x: 0 y: 1.49139e-37 z: 0 w: 1]
VPR[23] = 0x00000000000000000000000000000000 [x: 0 y: 0 z: 0 w: 0]
VPR[24] = 0x00000000000000000000000000000000 [x: 0 y: 0 z: 0 w: 0]
VPR[25] = 0x00000000000000080000000000000007 [x: 0 y: 1.12104e-44 z: 0 w: 9.80909e-45]
VPR[26] = 0x00000002013ed8200000000000000ac4 [x: 2.8026e-45 y: 3.50526e-38 z: 0 w: 3.86198e-42]
VPR[27] = 0x00000000000000000000000000000000 [x: 0 y: 0 z: 0 w: 0]
VPR[28] = 0xffffffff000000000000000000000000 [x: -nan y: 0 z: 0 w: 0]
VPR[29] = 0x00000000024b0160ffffffff3f800000 [x: 0 y: 1.49145e-37 z: -nan w: 1]
VPR[30] = 0x00000000000000000000000000000000 [x: 0 y: 0 z: 0 w: 0]
VPR[31] = 0x00000000000000000000000000000000 [x: 0 y: 0 z: 0 w: 0]
CR = 0x22000082
LR = 0xa9d058
CTR = 0x149d0
XER = 0x0 [CA=0 | OV=8589934592 | SO=0]
FPSCR = 0x0 [RN=0 | NI=0 | XE=0 | ZE=0 | UE=0 | OE=0 | VE=0 | VXCVI=0 | VXSQRT=0 | VXSOFT=0 | FPRF=0 | FI=0 | FR=0 | VXVC=0 | VXIMZ=0 | VXZDZ=0 | VXIDI=0 | VXISI=0 | VXSNAN=0 | XX=0 | ZX=0 | UX=0 | OX=0 | VX=0 | FEX=0 | FX=0]

G: E {PPU[0x1] Thread (main_thread)[0x000149f4]} Exception: Access violation writing location 0xcfffff90
(in file ..\Utilities\Thread.cpp:1122, in function _se_translator)
G: ! Stopping emulator...
G: ! All threads signaled...
G: ! {PPU[0x2] Thread (Callback Thread)[0x00000000]} Thread aborted
G: ! All threads stopped...
G: ! Objects cleared...
