LDR: E PSFLoader::Load() failed: unknown magic (0x0)
G: ! RPCS3 0.0.0.5 v0.0.0.5-2529-g286d296
G: ! 
G: ! Stopping emulator...
LDR: ! Decrypting 'D:/Emulateurs/Rpcs3/dev_hdd0/game/BLES00425-[SONIC UNLEASHED]/PS3_GAME/USRDIR/EBOOT.BIN'...
LDR: ! Loading 'D:/Emulateurs/Rpcs3/dev_hdd0/game/BLES00425-[SONIC UNLEASHED]/PS3_GAME/USRDIR/BOOT.BIN'...
G: W fs::file::open('D:/Emulateurs/Rpcs3/dev_hdd0/game/BLES00425-[SONIC UNLEASHED]/PS3_GAME/dev_bdvd.path', 0x1) failed: error 0x2
LDR: ! 
LDR: ! Mount info:
LDR: ! /dev_usb000/ -> D:/Emulateurs/Rpcs3/dev_usb000/
LDR: ! /dev_flash/ -> D:/Emulateurs/Rpcs3/dev_flash/
LDR: ! /host_root/ -> 
LDR: ! /dev_hdd0/ -> D:/Emulateurs/Rpcs3/dev_hdd0/
LDR: ! /dev_hdd1/ -> D:/Emulateurs/Rpcs3/dev_hdd1/
LDR: ! /dev_bdvd/ -> D:/Emulateurs/Rpcs3/dev_hdd0/game/BLES00425-[SONIC UNLEASHED]/
LDR: ! /dev_usb/ -> D:/Emulateurs/Rpcs3/dev_usb000/
LDR: ! 
LDR: ! Settings:
LDR: ! CPU: PPU Interpreter 2
LDR: ! SPU: SPU Recompiler (ASMJIT)
LDR: ! Renderer: DirectX 12
LDR: ! D3D Adapter: Default
LDR: ! Resolution: 1280x720
LDR: ! Write Depth Buffer: No
LDR: ! Write Color Buffers: No
LDR: ! Read Color Buffer: No
LDR: ! Audio Out: XAudio2
LDR: ! Log Everything: No
LDR: ! RSX Logging: No
LDR: ! 
LDR: ! Title: SONIC UNLEASHED
LDR: ! Serial: BLES00425
LDR: ! Elf path: /dev_bdvd/PS3_GAME/USRDIR/BOOT.BIN
LDR: ! 
LDR: ! loader::init() failed: Broken file
LDR: ! *** sdk version: 0x240001
LDR: ! *** primary prio: 1001
LDR: ! *** primary stacksize: 0x40000
LDR: ! *** malloc pagesize: 0x100000
LDR: ! *** ppc seg: 0x0
LDR: ! Imported function 'cellPadInit' in 'sys_io' module (0x1cabd74)
LDR: ! Imported function 'cellPadEnd' in 'sys_io' module (0x1cabd94)
LDR: ! Imported function 'cellPadSetPortSetting' in 'sys_io' module (0x1cabdb4)
LDR: ! Imported function 'cellPadGetData' in 'sys_io' module (0x1cabdd4)
LDR: ! Imported function 'cellPadGetInfo2' in 'sys_io' module (0x1cabdf4)
LDR: ! Imported function 'cellPadSetActDirect' in 'sys_io' module (0x1cabe14)
LDR: ! Imported function 'sys_net_initialize_network_ex' in 'sys_net' module (0x1cabe34)
LDR: ! Imported function 'sys_net_finalize_network' in 'sys_net' module (0x1cabe54)
LDR: ! Imported function 'listen' in 'sys_net' module (0x1cacef4)
LDR: ! Imported function 'socketselect' in 'sys_net' module (0x1cacf14)
LDR: ! Imported function 'connect' in 'sys_net' module (0x1cacf34)
LDR: ! Imported function 'socketclose' in 'sys_net' module (0x1cacf54)
LDR: ! Imported function 'setsockopt' in 'sys_net' module (0x1cacf74)
LDR: ! Imported function 'socket' in 'sys_net' module (0x1cacf94)
LDR: ! Imported function 'bind' in 'sys_net' module (0x1cacfb4)
LDR: ! Imported function 'sys_net_show_ifconfig' in 'sys_net' module (0x1cacfd4)
LDR: ! Imported function 'accept' in 'sys_net' module (0x1cacff4)
LDR: ! Imported function 'inet_addr' in 'sys_net' module (0x1cad014)
LDR: ! Imported function 'send' in 'sys_net' module (0x1cad034)
LDR: ! Imported function 'recv' in 'sys_net' module (0x1cad054)
LDR: ! Imported function 'cellNetCtlTerm' in 'cellNetCtl' module (0x1cabe74)
LDR: ! Imported function 'cellNetCtlInit' in 'cellNetCtl' module (0x1cabe94)
LDR: ! Imported function 'cellNetCtlGetState' in 'cellNetCtl' module (0x1cad074)
LDR: ! Imported function '_cellSpursLFQueueInitialize' in 'cellSpurs' module (0x1cabeb4)
LDR: ! Imported function 'cellSpursAttributeSetNamePrefix' in 'cellSpurs' module (0x1cabed4)
LDR: ! Imported function 'cellSpursTaskExitCodeGet' in 'cellSpurs' module (0x1cabef4)
LDR: ! Imported function '_cellSpursTasksetAttributeInitialize' in 'cellSpurs' module (0x1cabf14)
LDR: ! Imported function 'cellSpursLFQueueAttachLv2EventQueue' in 'cellSpurs' module (0x1cabf34)
LDR: ! Imported function 'cellSpursCreateTaskWithAttribute' in 'cellSpurs' module (0x1cabf54)
LDR: ! Imported function 'cellSpursGetInfo' in 'cellSpurs' module (0x1cabf74)
LDR: ! Imported function 'cellSpursEventFlagDetachLv2EventQueue' in 'cellSpurs' module (0x1cabf94)
LDR: ! Imported function 'cellSpursCreateJobChainWithAttribute' in 'cellSpurs' module (0x1cabfb4)
LDR: ! Imported function 'cellSpursTaskExitCodeInitialize' in 'cellSpurs' module (0x1cabfd4)
LDR: ! Imported function '_cellSpursJobChainAttributeInitialize' in 'cellSpurs' module (0x1cabff4)
LDR: ! Imported function 'cellSpursEventFlagWait' in 'cellSpurs' module (0x1cac014)
LDR: ! Imported function 'cellSpursDetachLv2EventQueue' in 'cellSpurs' module (0x1cac034)
LDR: ! Imported function '_cellSpursEventFlagInitialize' in 'cellSpurs' module (0x1cac054)
LDR: ! Imported function 'cellSpursTasksetAttributeSetName' in 'cellSpurs' module (0x1cac074)
LDR: ! Imported function 'cellSpursLFQueueDetachLv2EventQueue' in 'cellSpurs' module (0x1cac094)
LDR: ! Imported function 'cellSpursEventFlagAttachLv2EventQueue' in 'cellSpurs' module (0x1cac0b4)
LDR: ! Imported function '_cellSpursLFQueuePushBody' in 'cellSpurs' module (0x1cac0d4)
LDR: ! Imported function 'cellSpursTasksetAttributeSetTasksetSize' in 'cellSpurs' module (0x1cac0f4)
LDR: ! Imported function '_cellSpursAttributeInitialize' in 'cellSpurs' module (0x1cac114)
LDR: ! Imported function 'cellSpursJoinTaskset' in 'cellSpurs' module (0x1cac134)
LDR: ! Imported function 'cellSpursJobChainAttributeSetName' in 'cellSpurs' module (0x1cac154)
LDR: ! Imported function 'cellSpursTaskAttributeSetExitCodeContainer' in 'cellSpurs' module (0x1cac174)
LDR: ! Imported function 'cellSpursShutdownTaskset' in 'cellSpurs' module (0x1cac194)
LDR: ! Imported function 'cellSpursInitializeWithAttribute' in 'cellSpurs' module (0x1cac1b4)
LDR: ! Imported function '_cellSpursTaskAttributeInitialize' in 'cellSpurs' module (0x1cac1d4)
LDR: ! Imported function 'cellSpursAttachLv2EventQueue' in 'cellSpurs' module (0x1cac1f4)
LDR: ! Imported function 'cellSpursCreateTask' in 'cellSpurs' module (0x1cac214)
LDR: ! Imported function 'cellSpursCreateTasksetWithAttribute' in 'cellSpurs' module (0x1cac234)
LDR: ! Imported function 'cellSpursFinalize' in 'cellSpurs' module (0x1cac254)
LDR: ! Imported function 'cellSpursRunJobChain' in 'cellSpurs' module (0x1cac274)
LDR: ! Imported function 'cellSpursEventFlagSet' in 'cellSpurs' module (0x1cac294)
LDR: ! Imported function 'cellSpursQueueDetachLv2EventQueue' in 'cellSpurs' module (0x1cad0f4)
LDR: ! Imported function '_cellSpursQueueInitialize' in 'cellSpurs' module (0x1cad114)
LDR: ! Imported function 'cellSpursCreateTaskset' in 'cellSpurs' module (0x1cad134)
LDR: ! Imported function 'cellSpursQueuePopBody' in 'cellSpurs' module (0x1cad154)
LDR: ! Imported function 'cellSpursQueuePushBody' in 'cellSpurs' module (0x1cad174)
LDR: ! Imported function 'cellSpursQueueAttachLv2EventQueue' in 'cellSpurs' module (0x1cad194)
LDR: ! Imported function 'cellAudioInit' in 'cellAudio' module (0x1cac2b4)
LDR: ! Imported function 'cellAudioSetNotifyEventQueue' in 'cellAudio' module (0x1cac2d4)
LDR: ! Imported function 'cellAudioGetPortTimestamp' in 'cellAudio' module (0x1cac2f4)
LDR: ! Imported function 'cellAudioPortClose' in 'cellAudio' module (0x1cac314)
LDR: ! Imported function 'cellAudioPortStop' in 'cellAudio' module (0x1cac334)
LDR: ! Imported function 'cellAudioGetPortConfig' in 'cellAudio' module (0x1cac354)
LDR: ! Imported function 'cellAudioPortStart' in 'cellAudio' module (0x1cac374)
LDR: ! Imported function 'cellAudioQuit' in 'cellAudio' module (0x1cac394)
LDR: ! Imported function 'cellAudioPortOpen' in 'cellAudio' module (0x1cac3b4)
LDR: ! Imported function 'cellAudioGetPortBlockTag' in 'cellAudio' module (0x1cac3d4)
LDR: ! Imported function 'cellAudioRemoveNotifyEventQueue' in 'cellAudio' module (0x1cac3f4)
LDR: ! Imported function 'cellGcmGetTiledPitchSize' in 'cellGcmSys' module (0x1cac414)
LDR: ! Imported function '_cellGcmInitBody' in 'cellGcmSys' module (0x1cac434)
LDR: ! Imported function 'cellGcmAddressToOffset' in 'cellGcmSys' module (0x1cac454)
LDR: ! Imported function '_cellGcmFunc15' in 'cellGcmSys' module (0x1cac474)
LDR: ! Imported function 'cellGcmSetDisplayBuffer' in 'cellGcmSys' module (0x1cac494)
LDR: ! Imported function 'cellGcmGetControlRegister' in 'cellGcmSys' module (0x1cac4b4)
LDR: ! Imported function 'cellGcmSetInvalidateTile' in 'cellGcmSys' module (0x1cac4d4)
LDR: ! Imported function 'cellGcmSetTile' in 'cellGcmSys' module (0x1cac4f4)
LDR: ! Imported function 'cellGcmSetZcull' in 'cellGcmSys' module (0x1cac514)
LDR: ! Imported function 'cellGcmGetConfiguration' in 'cellGcmSys' module (0x1cac534)
LDR: ! Imported function 'cellGcmGetLabelAddress' in 'cellGcmSys' module (0x1cac554)
LDR: ! Imported function 'cellSysmoduleUnloadModule' in 'cellSysmodule' module (0x1cac574)
LDR: ! Imported function 'cellSysmoduleLoadModule' in 'cellSysmodule' module (0x1cac594)
LDR: ! Imported function 'cellSysmoduleIsLoaded' in 'cellSysmodule' module (0x1cad1b4)
LDR: ! Imported function 'cellSysutilUnregisterCallback' in 'cellSysutil' module (0x1cac5b4)
LDR: ! Imported function 'cellVideoOutGetConfiguration' in 'cellSysutil' module (0x1cac5d4)
LDR: ! Imported function 'cellSysutilCheckCallback' in 'cellSysutil' module (0x1cac5f4)
LDR: ! Imported function 'cellSaveDataListLoad2' in 'cellSysutil' module (0x1cac614)
LDR: ! Imported function 'cellSysCacheMount' in 'cellSysutil' module (0x1cac634)
LDR: ! Imported function 'cellMsgDialogClose' in 'cellSysutil' module (0x1cac654)
LDR: ! Imported function 'cellSaveDataListAutoLoad' in 'cellSysutil' module (0x1cac674)
LDR: ! Imported function 'cellSysutilEnableBgmPlayback' in 'cellSysutil' module (0x1cac694)
LDR: ! Imported function 'cellSaveDataFixedLoad2' in 'cellSysutil' module (0x1cac6b4)
LDR: ! Imported function 'cellSaveDataFixedSave2' in 'cellSysutil' module (0x1cac6d4)
LDR: ! Imported function 'cellSaveDataListSave2' in 'cellSysutil' module (0x1cac6f4)
LDR: ! Imported function 'cellSysutilGetSystemParamInt' in 'cellSysutil' module (0x1cac714)
LDR: ! Imported function 'cellAudioOutConfigure' in 'cellSysutil' module (0x1cac734)
LDR: ! Imported function 'cellSaveDataListAutoSave' in 'cellSysutil' module (0x1cac754)
LDR: ! Imported function 'cellSysCacheClear' in 'cellSysutil' module (0x1cac774)
LDR: ! Imported function 'cellVideoOutGetNumberOfDevice' in 'cellSysutil' module (0x1cac794)
LDR: ! Imported function 'cellMsgDialogOpen2' in 'cellSysutil' module (0x1cac7b4)
LDR: ! Imported function 'cellVideoOutGetState' in 'cellSysutil' module (0x1cac7d4)
LDR: ! Imported function 'cellSaveDataAutoSave2' in 'cellSysutil' module (0x1cac7f4)
LDR: ! Imported function 'cellHddGameCheck' in 'cellSysutil' module (0x1cac814)
LDR: ! Imported function 'cellMsgDialogProgressBarInc' in 'cellSysutil' module (0x1cac834)
LDR: ! Imported function 'cellGameDataExitBroken' in 'cellSysutil' module (0x1cac854)
LDR: ! Imported function 'cellMsgDialogProgressBarSetMsg' in 'cellSysutil' module (0x1cac874)
LDR: ! Imported function 'cellSysutilRegisterCallback' in 'cellSysutil' module (0x1cac894)
LDR: ! Imported function 'cellSysutilGetBgmPlaybackStatus' in 'cellSysutil' module (0x1cac8b4)
LDR: ! Imported function 'cellVideoOutGetResolutionAvailability' in 'cellSysutil' module (0x1cac8d4)
LDR: ! Imported function 'cellGameDataGetSizeKB' in 'cellSysutil' module (0x1cac8f4)
LDR: ! Imported function 'cellDiscGameGetBootDiscInfo' in 'cellSysutil' module (0x1cac914)
LDR: ! Imported function 'cellGameDataCheckCreate2' in 'cellSysutil' module (0x1cac934)
LDR: ! Imported function 'cellSysutilDisableBgmPlayback' in 'cellSysutil' module (0x1cac954)
LDR: ! Imported function 'cellVideoOutGetResolution' in 'cellSysutil' module (0x1cac974)
LDR: ! Imported function 'cellAudioOutGetConfiguration' in 'cellSysutil' module (0x1cac994)
LDR: ! Imported function 'cellSaveDataDelete2' in 'cellSysutil' module (0x1cac9b4)
LDR: ! Imported function 'cellAudioOutGetState' in 'cellSysutil' module (0x1cac9d4)
LDR: ! Imported function 'cellSaveDataAutoLoad2' in 'cellSysutil' module (0x1cac9f4)
LDR: ! Imported function 'cellVideoOutSetGamma' in 'cellSysutilAvconfExt' module (0x1caca14)
LDR: ! Imported function 'sceNpTerm' in 'sceNp' module (0x1caca34)
LDR: ! Imported function 'sceNpDrmIsAvailable' in 'sceNp' module (0x1caca54)
LDR: ! Imported function 'sceNpInit' in 'sceNp' module (0x1caca74)
LDR: ! Imported function 'sceNpManagerRegisterCallback' in 'sceNp' module (0x1caca94)
LDR: ! Imported function 'sceNpDrmIsAvailable2' in 'sceNp' module (0x1cacab4)
LDR: ! Imported function 'sceNpTrophyRegisterContext' in 'sceNpTrophy' module (0x1cacad4)
LDR: ! Imported function 'sceNpTrophyCreateHandle' in 'sceNpTrophy' module (0x1cacaf4)
LDR: ! Imported function 'sceNpTrophyDestroyContext' in 'sceNpTrophy' module (0x1cacb14)
LDR: ! Imported function 'sceNpTrophyInit' in 'sceNpTrophy' module (0x1cacb34)
LDR: ! Imported function 'sceNpTrophyDestroyHandle' in 'sceNpTrophy' module (0x1cacb54)
LDR: ! Imported function 'sceNpTrophyUnlockTrophy' in 'sceNpTrophy' module (0x1cacb74)
LDR: ! Imported function 'sceNpTrophyTerm' in 'sceNpTrophy' module (0x1cacb94)
LDR: ! Imported function 'sceNpTrophyCreateContext' in 'sceNpTrophy' module (0x1cacbb4)
LDR: ! Imported function 'cellFsClose' in 'sys_fs' module (0x1cacbd4)
LDR: ! Imported function 'cellFsOpendir' in 'sys_fs' module (0x1cacbf4)
LDR: ! Imported function 'cellFsRead' in 'sys_fs' module (0x1cacc14)
LDR: ! Imported function 'cellFsReaddir' in 'sys_fs' module (0x1cacc34)
LDR: ! Imported function 'cellFsOpen' in 'sys_fs' module (0x1cacc54)
LDR: ! Imported function 'cellFsStat' in 'sys_fs' module (0x1cacc74)
LDR: ! Imported function 'cellFsUnlink' in 'sys_fs' module (0x1cacc94)
LDR: ! Imported function 'cellFsAioFinish' in 'sys_fs' module (0x1caccb4)
LDR: ! Imported function 'cellFsMkdir' in 'sys_fs' module (0x1caccd4)
LDR: ! Imported function 'cellFsAioRead' in 'sys_fs' module (0x1caccf4)
LDR: ! Imported function 'cellFsAioInit' in 'sys_fs' module (0x1cacd14)
LDR: ! Imported function 'cellFsWrite' in 'sys_fs' module (0x1cacd34)
LDR: ! Imported function 'cellFsFstat' in 'sys_fs' module (0x1cacd54)
LDR: ! Imported function 'cellFsClosedir' in 'sys_fs' module (0x1cacd74)
LDR: ! Imported function 'cellFsFtruncate' in 'sys_fs' module (0x1cad1d4)
LDR: ! Imported function 'cellFsFsync' in 'sys_fs' module (0x1cad1f4)
LDR: ! Imported function 'cellFsLseek' in 'sys_fs' module (0x1cad214)
LDR: ! Imported function 'cellFsRename' in 'sys_fs' module (0x1cad234)
LDR: ! Imported function 'cellRescGcmSurface2RescSrc' in 'cellResc' module (0x1cacd94)
LDR: ! Imported function 'cellRescSetWaitFlip' in 'cellResc' module (0x1cacdb4)
LDR: ! Imported function 'cellRescSetDsts' in 'cellResc' module (0x1cacdd4)
LDR: ! Imported function 'cellRescSetDisplayMode' in 'cellResc' module (0x1cacdf4)
LDR: ! Imported function 'cellRescSetConvertAndFlip' in 'cellResc' module (0x1cace14)
LDR: ! Imported function 'cellRescExit' in 'cellResc' module (0x1cace34)
LDR: ! Imported function 'cellRescInit' in 'cellResc' module (0x1cace54)
LDR: ! Imported function 'cellRescGetBufferSize' in 'cellResc' module (0x1cace74)
LDR: ! Imported function 'cellRescSetSrc' in 'cellResc' module (0x1cace94)
LDR: ! Imported function 'cellRescSetBufferAddress' in 'cellResc' module (0x1caceb4)
LDR: ! Imported function 'cellRescVideoOutResolutionId2RescBufferMode' in 'cellResc' module (0x1caced4)
LDR: ! Imported function 'cellSyncMutexUnlock' in 'cellSync' module (0x1cad094)
LDR: ! Imported function 'cellSyncMutexInitialize' in 'cellSync' module (0x1cad0b4)
LDR: ! Imported function 'cellSyncMutexTryLock' in 'cellSync' module (0x1cad0d4)
LDR: ! Imported function 'sys_lwmutex_lock' in 'sysPrxForUser' module (0x1cad254)
LDR: ! Imported function 'sys_lwmutex_unlock' in 'sysPrxForUser' module (0x1cad274)
LDR: ! Imported function 'sys_ppu_thread_create' in 'sysPrxForUser' module (0x1cad294)
LDR: ! Imported function '_sys_process_atexitspawn' in 'sysPrxForUser' module (0x1cad2b4)
LDR: ! Imported function 'sys_lwmutex_create' in 'sysPrxForUser' module (0x1cad2d4)
LDR: ! Imported function 'sys_ppu_thread_get_id' in 'sysPrxForUser' module (0x1cad2f4)
LDR: ! Imported function '_sys_heap_malloc' in 'sysPrxForUser' module (0x1cad314)
LDR: ! Imported function 'sys_mmapper_free_memory' in 'sysPrxForUser' module (0x1cad334)
LDR: ! Imported function 'sys_prx_register_library' in 'sysPrxForUser' module (0x1cad354)
LDR: ! Imported function '_sys_heap_memalign' in 'sysPrxForUser' module (0x1cad374)
LDR: ! Imported function '_sys_spu_printf_initialize' in 'sysPrxForUser' module (0x1cad394)
LDR: ! Imported function 'sys_mmapper_unmap_memory' in 'sysPrxForUser' module (0x1cad3b4)
LDR: ! Imported function 'sys_process_is_stack' in 'sysPrxForUser' module (0x1cad3d4)
LDR: ! Imported function 'sys_spinlock_unlock' in 'sysPrxForUser' module (0x1cad3f4)
LDR: ! Imported function 'sys_game_process_exitspawn2' in 'sysPrxForUser' module (0x1cad414)
LDR: ! Imported function 'sys_spinlock_trylock' in 'sysPrxForUser' module (0x1cad434)
LDR: ! Imported function 'sys_initialize_tls' in 'sysPrxForUser' module (0x1cad454)
LDR: ! Imported function 'sys_time_get_system_time' in 'sysPrxForUser' module (0x1cad474)
LDR: ! Imported function '_sys_heap_free' in 'sysPrxForUser' module (0x1cad494)
LDR: ! Imported function 'sys_spinlock_initialize' in 'sysPrxForUser' module (0x1cad4b4)
LDR: ! Imported function '_sys_process_at_Exitspawn' in 'sysPrxForUser' module (0x1cad4d4)
LDR: ! Imported function 'sys_prx_exitspawn_with_level' in 'sysPrxForUser' module (0x1cad4f4)
LDR: ! Imported function 'sys_ppu_thread_once' in 'sysPrxForUser' module (0x1cad514)
LDR: ! Imported function 'sys_lwmutex_trylock' in 'sysPrxForUser' module (0x1cad534)
LDR: ! Imported function '_sys_heap_delete_heap' in 'sysPrxForUser' module (0x1cad554)
LDR: ! Imported function 'sys_ppu_thread_exit' in 'sysPrxForUser' module (0x1cad574)
LDR: ! Imported function 'sys_mmapper_allocate_memory' in 'sysPrxForUser' module (0x1cad594)
LDR: ! Imported function '_sys_heap_create_heap' in 'sysPrxForUser' module (0x1cad5b4)
LDR: ! Imported function 'sys_lwmutex_destroy' in 'sysPrxForUser' module (0x1cad5d4)
LDR: ! Imported function 'sys_mmapper_map_memory' in 'sysPrxForUser' module (0x1cad5f4)
LDR: ! Imported function '_sys_spu_printf_finalize' in 'sysPrxForUser' module (0x1cad614)
LDR: ! Imported function 'sys_spu_image_close' in 'sysPrxForUser' module (0x1cad634)
LDR: ! Imported function 'sys_process_exit' in 'sysPrxForUser' module (0x1cad654)
LDR: ! Imported function 'sys_spu_image_import' in 'sysPrxForUser' module (0x1cad674)
MEM: ! Thread Local Storage initialized (g_tls_start=0x2931000, user_size=0x2ec)
*** TLS segment addr: 0x027a2590
*** TLS segment size: 0x00000014
HLE: W {PPU[0x1] Thread (main_thread)[0x01cad2d4]} sysPrxForUser: sys_lwmutex_create(lwmutex=*0x290ef38, attr=*0x2476178)
HLE: W {PPU[0x1] Thread (main_thread)[0x01c8a0c0]} sys_memory: sys_memory_get_user_memory_size(mem_info=*0xd003fc04)
HLE: W {PPU[0x1] Thread (main_thread)[0x01cad2d4]} sysPrxForUser: sys_lwmutex_create(lwmutex=*0x290eb88, attr=*0x2476178)
HLE: W {PPU[0x1] Thread (main_thread)[0x01cad2d4]} sysPrxForUser: sys_lwmutex_create(lwmutex=*0x290ded0, attr=*0x2476178)
HLE: W {PPU[0x1] Thread (main_thread)[0x01cad2d4]} sysPrxForUser: sys_lwmutex_create(lwmutex=*0x290def8, attr=*0x2476178)
HLE: W {PPU[0x1] Thread (main_thread)[0x01cad2d4]} sysPrxForUser: sys_lwmutex_create(lwmutex=*0x290df20, attr=*0x2476178)
HLE: W {PPU[0x1] Thread (main_thread)[0x01cad2d4]} sysPrxForUser: sys_lwmutex_create(lwmutex=*0x290de08, attr=*0x2476178)
HLE: W {PPU[0x1] Thread (main_thread)[0x01cad2d4]} sysPrxForUser: sys_lwmutex_create(lwmutex=*0x290de30, attr=*0x2476178)
HLE: W {PPU[0x1] Thread (main_thread)[0x01cad2d4]} sysPrxForUser: sys_lwmutex_create(lwmutex=*0x290de58, attr=*0x2476178)
HLE: W {PPU[0x1] Thread (main_thread)[0x01cad2d4]} sysPrxForUser: sys_lwmutex_create(lwmutex=*0x290de80, attr=*0x2476178)
HLE: W {PPU[0x1] Thread (main_thread)[0x01cad2d4]} sysPrxForUser: sys_lwmutex_create(lwmutex=*0x290dea8, attr=*0x2476178)
HLE: W {PPU[0x1] Thread (main_thread)[0x01cad2d4]} sysPrxForUser: sys_lwmutex_create(lwmutex=*0x290f080, attr=*0x27d25a4)
HLE: W {PPU[0x1] Thread (main_thread)[0x01cad2d4]} sysPrxForUser: sys_lwmutex_create(lwmutex=*0x290f000, attr=*0x27d25a4)
HLE: W {PPU[0x1] Thread (main_thread)[0x01cad514]} sysPrxForUser: sys_ppu_thread_once(once_ctrl=*0x2841c90, init=*0x271dc58)
HLE: W {PPU[0x1] Thread (main_thread)[0x01381630]} sys_memory: sys_memory_get_user_memory_size(mem_info=*0x2841ce4)
HLE: E {PPU[0x1] Thread (main_thread)[0x01381648]} sys_mmapper: sys_mmapper_allocate_address(size=0x10000000, flags=0x200, alignment=0x10000000, alloc_addr=*0x2839c40)
HLE: E {PPU[0x1] Thread (main_thread)[0x0138169c]} sys_mmapper: sys_mmapper_allocate_address(size=0x20000000, flags=0x200, alignment=0x10000000, alloc_addr=*0x2839c58)
HLE: E {PPU[0x1] Thread (main_thread)[0x013816bc]} sys_mmapper: sys_mmapper_allocate_address(size=0x20000000, flags=0x400, alignment=0x10000000, alloc_addr=*0x2839c68)
HLE: E {PPU[0x1] Thread (main_thread)[0x013816f4]} sys_mmapper: sys_mmapper_allocate_address(size=0x10000000, flags=0x200, alignment=0x10000000, alloc_addr=*0x2839c70)
HLE: W {PPU[0x1] Thread (main_thread)[0x01cad2d4]} sysPrxForUser: sys_lwmutex_create(lwmutex=*0x2841c98, attr=*0xd003f6e0)
HLE: W {PPU[0x1] Thread (main_thread)[0x01cad2d4]} sysPrxForUser: sys_lwmutex_create(lwmutex=*0x2841cb0, attr=*0xd003f6e0)
HLE: W {PPU[0x1] Thread (main_thread)[0x01cad2d4]} sysPrxForUser: sys_lwmutex_create(lwmutex=*0x2841cc8, attr=*0xd003f6e0)
HLE: W {PPU[0x1] Thread (main_thread)[0x01cad594]} sys_mmapper: sys_mmapper_allocate_memory(size=0x10000, flags=0x200, mem_id=*0xd003f6e0)
HLE: E {PPU[0x1] Thread (main_thread)[0x01cad5f4]} sys_mmapper: sys_mmapper_map_memory(addr=0x80000000, mem_id=0x12, flags=0x0)
HLE: W {PPU[0x1] Thread (main_thread)[0x01cad2d4]} sysPrxForUser: sys_lwmutex_create(lwmutex=*0x80000020, attr=*0x2476178)
HLE: W {PPU[0x1] Thread (main_thread)[0x01cad594]} sys_mmapper: sys_mmapper_allocate_memory(size=0x280000, flags=0x200, mem_id=*0xd003f714)
HLE: E {PPU[0x1] Thread (main_thread)[0x01384238]} sys_mmapper: sys_mmapper_search_and_map(start_addr=0x40000000, mem_id=0x14, flags=0x0, alloc_addr=*0xd003f710)
HLE: W {PPU[0x1] Thread (main_thread)[0x01cad334]} sys_mmapper: sys_mmapper_free_memory(mem_id=0x14)
G: ! {PPU[0x1] Thread (main_thread)[0x01389514]} Registers:
=========
GPR[0] = 0x0
GPR[1] = 0xd003f6a0
GPR[2] = 0x278f030
GPR[3] = 0x0
GPR[4] = 0x14
GPR[5] = 0x0
GPR[6] = 0xd003f710
GPR[7] = 0x40
GPR[8] = 0x80000000
GPR[9] = 0xfffffff0
GPR[10] = 0x0
GPR[11] = 0x2842438
GPR[12] = 0x82000022
GPR[13] = 0x2938030
GPR[14] = 0x0
GPR[15] = 0x292f000
GPR[16] = 0x292e000
GPR[17] = 0x10
GPR[18] = 0x280000
GPR[19] = 0x100000
GPR[20] = 0x0
GPR[21] = 0x0
GPR[22] = 0x2839c40
GPR[23] = 0x0
GPR[24] = 0x0
GPR[25] = 0x0
GPR[26] = 0x292e000
GPR[27] = 0x292f000
GPR[28] = 0x1
GPR[29] = 0x290da10
GPR[30] = 0x0
GPR[31] = 0x40000000
FPR[0] = 0
FPR[1] = 0
FPR[2] = 0
FPR[3] = 0
FPR[4] = 0
FPR[5] = 0
FPR[6] = 0
FPR[7] = 0
FPR[8] = 0
FPR[9] = 0
FPR[10] = 0
FPR[11] = 0
FPR[12] = 0
FPR[13] = 0
FPR[14] = 0
FPR[15] = 0
FPR[16] = 0
FPR[17] = 0
FPR[18] = 0
FPR[19] = 0
FPR[20] = 0
FPR[21] = 0
FPR[22] = 0
FPR[23] = 0
FPR[24] = 0
FPR[25] = 0
FPR[26] = 0
FPR[27] = 0
FPR[28] = 0
FPR[29] = 0
FPR[30] = 0
FPR[31] = 0
VPR[0] = 0x8e99978f99978d99978d99978d99968d [x: -3.78634e-30 y: -1.56702e-23 z: -9.15068e-25 w: -9.4656e-31]
VPR[1] = 0x978f99979099979099978f99968e9996 [x: -9.27993e-25 y: -6.05814e-29 z: -1.5671e-23 w: -2.30383e-25]
VPR[2] = 0x99979099979099969099979099978f99 [x: -1.56714e-23 y: -9.34455e-25 z: -6.05814e-29 w: -1.5671e-23]
VPR[3] = 0x8d99978d99978d99968f99978f999690 [x: -9.46584e-31 y: -1.56702e-23 z: -2.31998e-25 w: -1.5145e-29]
VPR[4] = 0x968999968a99978b99978b99968c9997 [x: -2.22305e-25 y: -1.47904e-32 z: -1.56694e-23 w: -2.27151e-25]
VPR[5] = 0x99937b99948099958499958699968899 [x: -1.52494e-23 y: -1.29853e-26 z: -3.61074e-36 w: -1.55648e-23]
VPR[6] = 0x68998e6a998d6a998e6e999174999278 [x: 5.80119e+24 y: -1.46221e-23 z: -2.94097e-30 w: 9.73379e+31]
VPR[7] = 0x8960998a62998b63998b65998c66998c [x: -2.70352e-33 y: 1.4162e+21 z: -1.44133e-23 w: -1.77648e-31]
VPR[8] = 0x99895d99895f99895f99895f99896099 [x: -1.42033e-23 y: -2.69148e-33 z: 2.2127e+19 w: -1.42045e-23]
VPR[9] = 0x5d998a5f998b63998b64998b6299895e [x: 1.38297e+18 y: -1.44125e-23 z: -4.40267e-32 w: 1.41613e+21]
VPR[10] = 0x885a99875b99885b99885b99885c9989 [x: -6.57825e-34 y: 8.64312e+16 z: -1.40991e-23 w: -6.63843e-34]
VPR[11] = 0x99885e99885d99885c99885b99885a99 [x: -1.41003e-23 y: -6.66852e-34 z: 3.45725e+17 w: -1.40987e-23]
VPR[12] = 0x60998a5f99895e99895e99895e99895e [x: 8.85101e+19 y: -1.42037e-23 z: -2.67945e-33 w: 5.53174e+18]
VPR[13] = 0x8b64998b64998b64998a62998a62998a [x: -4.40267e-32 y: 2.26592e+22 z: -1.43087e-23 w: -1.09104e-32]
VPR[14] = 0x998b63998b63998b63998b64998c6599 [x: -1.44125e-23 y: -4.38341e-32 z: 5.66479e+21 w: -1.45167e-23]
VPR[15] = 0x61998a62998a62998a61998a61998a60 [x: 3.5404e+20 y: -1.43087e-23 z: -1.08622e-32 w: 3.5404e+20]
VPR[16] = 0x895f998a5f99895f998a61998a61998a [x: -2.69148e-33 y: 2.2127e+19 z: -1.43083e-23 w: -1.08622e-32]
VPR[17] = 0xffefc5f0e0b6c6b68ca1916699895e99 [x: -nan y: -1.05363e+20 z: -2.48935e-31 w: -1.42037e-23]
VPR[18] = 0xc1fff0c4ffe8b7ffe7b5ffe7b5ffe7b5 [x: -31.9926 y: -nan z: -1.71894e+24 w: -1.90664e-06]
VPR[19] = 0xe9b9ffecbeffedc2ffe8b7ffe8b5ffef [x: -2.81075e+25 y: -0.499861 z: -nan w: -6.87576e+24]
VPR[20] = 0xfff0cafff2d0fff2d0fff0c8ffeabaff [x: -nan y: -8.27933e+30 z: -3.43518e+10 w: -nan]
VPR[21] = 0xb7ffe8b7ffe8b6ffe8b6ffe8b6ffecbe [x: -3.05067e-05 y: -nan z: -6.91353e+24 w: -7.62715e-06]
VPR[22] = 0xe9b9ffe9b8ffe9b9ffe9b8ffe9b8ffe8 [x: -2.81075e+25 y: -0.000122029 z: -nan w: -2.79564e+25]
VPR[23] = 0xffeab9ffe9baffe9baffe9b9ffe9b9ff [x: -nan y: -2.82586e+25 z: -0.00195246 w: -nan]
VPR[24] = 0xb9ffe9baffe9baffeabbffe9b9ffe9ba [x: -0.000488115 y: -nan z: -1.13639e+26 w: -0.000488115]
VPR[25] = 0xeabbffeabbffeabaffe9b9ffe9b9ffe9 [x: -1.13639e+26 y: -0.00780996 z: -nan w: -2.81075e+25]
VPR[26] = 0xffecc1ffebbfffebbeffebbdffeabbff [x: -nan y: -4.64227e+26 z: -0.499845 w: -nan]
VPR[27] = 0xc6ffedc5ffedc4ffedc4ffedc2ffecc1 [x: -32758.9 y: -nan z: -7.62106e+27 w: -127.962]
VPR[28] = 0xeec5ffeec5ffeec5ffeec6ffeec7ffee [x: -3.0639e+28 y: -8189.85 z: -nan w: -3.09485e+28]
VPR[29] = 0xffefc6ffeec5ffeec5ffeec5ffeec6ff [x: -nan y: -3.0639e+28 z: -8189.85 w: -nan]
VPR[30] = 0xc5ffeec5ffefc6ffeec6ffefc6ffeec6 [x: -8189.85 y: -nan z: -3.07937e+28 w: -32759.4]
VPR[31] = 0xeec6ffeec6ffeec5ffeec5ffeec6ffee [x: -3.07937e+28 y: -32759.4 z: -nan w: -3.07937e+28]
CR = 0x82008022
LR = 0x1383738
CTR = 0x1385508
XER = 0x0 [CA=0 | OV=8589934592 | SO=0]
FPSCR = 0x0 [RN=0 | NI=0 | XE=0 | ZE=0 | UE=0 | OE=0 | VE=0 | VXCVI=0 | VXSQRT=0 | VXSOFT=0 | FPRF=0 | FI=0 | FR=0 | VXVC=0 | VXIMZ=0 | VXZDZ=0 | VXIDI=0 | VXISI=0 | VXSNAN=0 | XX=0 | ZX=0 | UX=0 | OX=0 | VX=0 | FEX=0 | FX=0]

G: E {PPU[0x1] Thread (main_thread)[0x01389514]} Exception: Access violation reading location 0xfffffff0
(in file ..\Utilities\Thread.cpp:1122, in function _se_translator)
G: ! Stopping emulator...
G: ! All threads signaled...
G: ! {PPU[0x2] Thread (Callback Thread)[0x00000000]} Thread aborted
G: ! All threads stopped...
G: ! Objects cleared...
