LDR: E PSFLoader::Load() failed: unknown magic (0x0)
G: ! RPCS3 0.0.0.5 v0.0.0.5-2529-g286d296
G: ! 
G: ! Stopping emulator...
LDR: ! Loading 'D:/Emulateurs/Rpcs3/dev_hdd0/game/BLES00072-[Ninja Gaiden Sigma]/PS3_GAME/USRDIR/BOOT.BIN'...
G: W fs::file::open('D:/Emulateurs/Rpcs3/dev_hdd0/game/BLES00072-[Ninja Gaiden Sigma]/PS3_GAME/dev_bdvd.path', 0x1) failed: error 0x2
LDR: ! 
LDR: ! Mount info:
LDR: ! /dev_usb000/ -> D:/Emulateurs/Rpcs3/dev_usb000/
LDR: ! /dev_flash/ -> D:/Emulateurs/Rpcs3/dev_flash/
LDR: ! /host_root/ -> 
LDR: ! /dev_hdd0/ -> D:/Emulateurs/Rpcs3/dev_hdd0/
LDR: ! /dev_hdd1/ -> D:/Emulateurs/Rpcs3/dev_hdd1/
LDR: ! /dev_bdvd/ -> D:/Emulateurs/Rpcs3/dev_hdd0/game/BLES00072-[Ninja Gaiden Sigma]/
LDR: ! /dev_usb/ -> D:/Emulateurs/Rpcs3/dev_usb000/
LDR: ! 
LDR: ! Settings:
LDR: ! CPU: PPU Interpreter 2
LDR: ! SPU: SPU Recompiler (ASMJIT)
LDR: ! Renderer: DirectX 12
LDR: ! D3D Adapter: Default
LDR: ! Resolution: 1280x720
LDR: ! Write Depth Buffer: No
LDR: ! Write Color Buffers: No
LDR: ! Read Color Buffer: No
LDR: ! Audio Out: XAudio2
LDR: ! Log Everything: No
LDR: ! RSX Logging: No
LDR: ! 
LDR: ! Title: NINJA GAIDEN Σ
LDR: ! Serial: BLES00072
LDR: ! Elf path: /dev_bdvd/PS3_GAME/USRDIR/BOOT.BIN
LDR: ! 
LDR: ! loader::init() failed: Broken file
LDR: ! *** sdk version: 0x160008
LDR: ! *** primary prio: 1001
LDR: ! *** primary stacksize: 0x10000
LDR: ! *** malloc pagesize: 0x100000
LDR: ! *** ppc seg: 0x0
LDR: ! Imported function 'cellAudioInit' in 'cellAudio' module (0xce7b7c)
LDR: ! Imported function 'cellAudioSetNotifyEventQueue' in 'cellAudio' module (0xce7b9c)
LDR: ! Imported function 'cellAudioGetPortTimestamp' in 'cellAudio' module (0xce7bbc)
LDR: ! Imported function 'cellAudioPortClose' in 'cellAudio' module (0xce7bdc)
LDR: ! Imported function 'cellAudioPortStop' in 'cellAudio' module (0xce7bfc)
LDR: ! Imported function 'cellAudioGetPortConfig' in 'cellAudio' module (0xce7c1c)
LDR: ! Imported function 'cellAudioPortStart' in 'cellAudio' module (0xce7c3c)
LDR: ! Imported function 'cellAudioQuit' in 'cellAudio' module (0xce7c5c)
LDR: ! Imported function 'cellAudioPortOpen' in 'cellAudio' module (0xce7c7c)
LDR: ! Imported function 'cellAudioGetPortBlockTag' in 'cellAudio' module (0xce7c9c)
LDR: ! Imported function 'cellAudioRemoveNotifyEventQueue' in 'cellAudio' module (0xce7cbc)
LDR: ! Imported function 'cellSyncMutexUnlock' in 'cellSync' module (0xce7cdc)
LDR: ! Imported function 'cellSyncMutexInitialize' in 'cellSync' module (0xce7cfc)
LDR: ! Imported function 'cellSyncMutexTryLock' in 'cellSync' module (0xce7d1c)
LDR: ! Imported function 'cellSyncBarrierInitialize' in 'cellSync' module (0xce8c1c)
LDR: ! Imported function 'cellSyncBarrierTryWait' in 'cellSync' module (0xce8c3c)
LDR: ! Imported function 'cellSysmoduleUnloadModule' in 'cellSysmodule' module (0xce7d3c)
LDR: ! Imported function 'cellSysmoduleLoadModule' in 'cellSysmodule' module (0xce7d5c)
LDR: ! Imported function 'cellSysutilUnregisterCallback' in 'cellSysutil' module (0xce7d7c)
LDR: ! Imported function 'cellVideoOutConfigure' in 'cellSysutil' module (0xce7d9c)
LDR: ! Imported function 'cellSysutilCheckCallback' in 'cellSysutil' module (0xce7dbc)
LDR: ! Imported function 'cellSaveDataListLoad2' in 'cellSysutil' module (0xce7ddc)
LDR: ! Imported function 'cellSysCacheMount' in 'cellSysutil' module (0xce7dfc)
LDR: ! Imported function 'cellVideoOutGetDeviceInfo' in 'cellSysutil' module (0xce7e1c)
LDR: ! Imported function 'cellSaveDataListAutoLoad' in 'cellSysutil' module (0xce7e3c)
LDR: ! Imported function 'cellSaveDataListSave2' in 'cellSysutil' module (0xce7e5c)
LDR: ! Imported function 'cellMsgDialogOpenErrorCode' in 'cellSysutil' module (0xce7e7c)
LDR: ! Imported function 'cellSysutilGetSystemParamInt' in 'cellSysutil' module (0xce7e9c)
LDR: ! Imported function 'cellAudioOutConfigure' in 'cellSysutil' module (0xce7ebc)
LDR: ! Imported function 'cellMsgDialogAbort' in 'cellSysutil' module (0xce7edc)
LDR: ! Imported function 'cellSysCacheClear' in 'cellSysutil' module (0xce7efc)
LDR: ! Imported function 'cellVideoOutGetNumberOfDevice' in 'cellSysutil' module (0xce7f1c)
LDR: ! Imported function 'cellMsgDialogOpen2' in 'cellSysutil' module (0xce7f3c)
LDR: ! Imported function 'cellVideoOutGetState' in 'cellSysutil' module (0xce7f5c)
LDR: ! Imported function 'cellSaveDataAutoSave2' in 'cellSysutil' module (0xce7f7c)
LDR: ! Imported function 'cellHddGameCheck' in 'cellSysutil' module (0xce7f9c)
LDR: ! Imported function 'cellSysutilGetSystemParamString' in 'cellSysutil' module (0xce7fbc)
LDR: ! Imported function 'cellSysutilRegisterCallback' in 'cellSysutil' module (0xce7fdc)
LDR: ! Imported function 'cellDiscGameGetBootDiscInfo' in 'cellSysutil' module (0xce7ffc)
LDR: ! Imported function 'cellAudioOutGetSoundAvailability' in 'cellSysutil' module (0xce801c)
LDR: ! Imported function 'cellGameDataCheckCreate2' in 'cellSysutil' module (0xce803c)
LDR: ! Imported function 'cellDiscGameRegisterDiscChangeCallback' in 'cellSysutil' module (0xce805c)
LDR: ! Imported function 'cellVideoOutGetResolution' in 'cellSysutil' module (0xce807c)
LDR: ! Imported function 'cellSaveDataDelete2' in 'cellSysutil' module (0xce809c)
LDR: ! Imported function 'cellAudioOutGetState' in 'cellSysutil' module (0xce80bc)
LDR: ! Imported function 'cellSaveDataAutoLoad2' in 'cellSysutil' module (0xce80dc)
LDR: ! Imported function 'cellGcmGetTiledPitchSize' in 'cellGcmSys' module (0xce80fc)
LDR: ! Imported function 'cellGcmSetUserHandler' in 'cellGcmSys' module (0xce811c)
LDR: ! Imported function 'cellGcmSetQueueHandler' in 'cellGcmSys' module (0xce813c)
LDR: ! Imported function 'cellGcmSetPrepareFlip' in 'cellGcmSys' module (0xce815c)
LDR: ! Imported function '_cellGcmInitBody' in 'cellGcmSys' module (0xce817c)
LDR: ! Imported function 'cellGcmAddressToOffset' in 'cellGcmSys' module (0xce819c)
LDR: ! Imported function 'cellGcmIoOffsetToAddress' in 'cellGcmSys' module (0xce81bc)
LDR: ! Imported function '_cellGcmFunc15' in 'cellGcmSys' module (0xce81dc)
LDR: ! Imported function 'cellGcmSetFlipMode' in 'cellGcmSys' module (0xce81fc)
LDR: ! Imported function 'cellGcmSetSecondVFrequency' in 'cellGcmSys' module (0xce821c)
LDR: ! Imported function 'cellGcmGetTimeStamp' in 'cellGcmSys' module (0xce823c)
LDR: ! Imported function 'cellGcmSetUserCommand' in 'cellGcmSys' module (0xce825c)
LDR: ! Imported function 'cellGcmGetReport' in 'cellGcmSys' module (0xce827c)
LDR: ! Imported function 'cellGcmSetFlipHandler' in 'cellGcmSys' module (0xce829c)
LDR: ! Imported function 'cellGcmSetDisplayBuffer' in 'cellGcmSys' module (0xce82bc)
LDR: ! Imported function 'cellGcmGetControlRegister' in 'cellGcmSys' module (0xce82dc)
LDR: ! Imported function 'cellGcmSetVBlankHandler' in 'cellGcmSys' module (0xce82fc)
LDR: ! Imported function 'cellGcmSetFlipImmediate' in 'cellGcmSys' module (0xce831c)
LDR: ! Imported function 'cellGcmSetTile' in 'cellGcmSys' module (0xce833c)
LDR: ! Imported function 'cellGcmSetZcull' in 'cellGcmSys' module (0xce835c)
LDR: ! Imported function 'cellGcmSetSecondVHandler' in 'cellGcmSys' module (0xce837c)
LDR: ! Imported function 'cellGcmGetConfiguration' in 'cellGcmSys' module (0xce839c)
LDR: ! Imported function 'cellGcmGetLabelAddress' in 'cellGcmSys' module (0xce83bc)
LDR: ! Imported function 'cellPadClearBuf' in 'sys_io' module (0xce83dc)
LDR: ! Imported function 'cellPadInit' in 'sys_io' module (0xce83fc)
LDR: ! Imported function 'cellPadGetInfo' in 'sys_io' module (0xce841c)
LDR: ! Imported function 'cellPadEnd' in 'sys_io' module (0xce843c)
LDR: ! Imported function 'cellPadInfoSensorMode' in 'sys_io' module (0xce845c)
LDR: ! Imported function 'cellPadGetData' in 'sys_io' module (0xce847c)
LDR: ! Imported function 'cellPadSetSensorMode' in 'sys_io' module (0xce849c)
LDR: ! Imported function 'cellFsFtruncate' in 'sys_fs' module (0xce84bc)
LDR: ! Imported function 'cellFsRmdir' in 'sys_fs' module (0xce84dc)
LDR: ! Imported function 'cellFsClose' in 'sys_fs' module (0xce84fc)
LDR: ! Imported function 'cellFsOpendir' in 'sys_fs' module (0xce851c)
LDR: ! Imported function 'cellFsRead' in 'sys_fs' module (0xce853c)
LDR: ! Imported function 'cellFsReaddir' in 'sys_fs' module (0xce855c)
LDR: ! Imported function 'cellFsOpen' in 'sys_fs' module (0xce857c)
LDR: ! Imported function 'cellFsStat' in 'sys_fs' module (0xce859c)
LDR: ! Imported function 'cellFsUnlink' in 'sys_fs' module (0xce85bc)
LDR: ! Imported function 'cellFsFsync' in 'sys_fs' module (0xce85dc)
LDR: ! Imported function 'cellFsLseek' in 'sys_fs' module (0xce85fc)
LDR: ! Imported function 'cellFsGetFreeSize' in 'sys_fs' module (0xce861c)
LDR: ! Imported function 'cellFsMkdir' in 'sys_fs' module (0xce863c)
LDR: ! Imported function 'cellFsWrite' in 'sys_fs' module (0xce865c)
LDR: ! Imported function 'cellFsFstat' in 'sys_fs' module (0xce867c)
LDR: ! Imported function 'cellFsRename' in 'sys_fs' module (0xce869c)
LDR: ! Imported function 'cellFsClosedir' in 'sys_fs' module (0xce86bc)
LDR: ! Imported function '_cellSpursLFQueueInitialize' in 'cellSpurs' module (0xce86dc)
LDR: ! Imported function '_cellSpursQueueInitialize' in 'cellSpurs' module (0xce86fc)
LDR: ! Imported function 'cellSpursLFQueueAttachLv2EventQueue' in 'cellSpurs' module (0xce871c)
LDR: ! Imported function 'cellSpursQueueClear' in 'cellSpurs' module (0xce873c)
LDR: ! Imported function 'cellSpursCreateTaskset' in 'cellSpurs' module (0xce875c)
LDR: ! Imported function 'cellSpursLFQueueDetachLv2EventQueue' in 'cellSpurs' module (0xce877c)
LDR: ! Imported function '_cellSpursLFQueuePushBody' in 'cellSpurs' module (0xce879c)
LDR: ! Imported function 'cellSpursQueuePopBody' in 'cellSpurs' module (0xce87bc)
LDR: ! Imported function 'cellSpursQueuePushBody' in 'cellSpurs' module (0xce87dc)
LDR: ! Imported function 'cellSpursJoinTaskset' in 'cellSpurs' module (0xce87fc)
LDR: ! Imported function 'cellSpursShutdownTaskset' in 'cellSpurs' module (0xce881c)
LDR: ! Imported function 'cellSpursInitialize' in 'cellSpurs' module (0xce883c)
LDR: ! Imported function 'cellSpursCreateTask' in 'cellSpurs' module (0xce885c)
LDR: ! Imported function 'cellSpursFinalize' in 'cellSpurs' module (0xce887c)
LDR: ! Imported function 'cellSpursQueueAttachLv2EventQueue' in 'cellSpurs' module (0xce889c)
LDR: ! Imported function 'cellNetCtlNetStartDialogLoadAsync' in 'cellNetCtl' module (0xce88bc)
LDR: ! Imported function 'cellNetCtlNetStartDialogUnloadAsync' in 'cellNetCtl' module (0xce88dc)
LDR: ! Imported function 'cellNetCtlTerm' in 'cellNetCtl' module (0xce88fc)
LDR: ! Imported function 'cellNetCtlInit' in 'cellNetCtl' module (0xce891c)
LDR: ! Imported function 'sceNpScoreGetRankingByRangeAsync' in 'sceNp' module (0xce893c)
LDR: ! Imported function 'sceNpScoreDestroyTitleCtx' in 'sceNp' module (0xce895c)
LDR: ! Imported function 'sceNpScoreInit' in 'sceNp' module (0xce897c)
LDR: ! Imported function 'sceNpScoreGetRankingByNpIdAsync' in 'sceNp' module (0xce899c)
LDR: ! Imported function 'sceNpTerm' in 'sceNp' module (0xce89bc)
LDR: ! Imported function 'sceNpManagerUnregisterCallback' in 'sceNp' module (0xce89dc)
LDR: ! Imported function 'sceNpManagerGetContentRatingFlag' in 'sceNp' module (0xce89fc)
LDR: ! Imported function 'sceNpScoreCreateTransactionCtx' in 'sceNp' module (0xce8a1c)
LDR: ! Imported function 'sceNpScoreTerm' in 'sceNp' module (0xce8a3c)
LDR: ! Imported function 'sceNpScorePollAsync' in 'sceNp' module (0xce8a5c)
LDR: ! Imported function 'sceNpManagerGetStatus' in 'sceNp' module (0xce8a7c)
LDR: ! Imported function 'sceNpScoreCreateTitleCtx' in 'sceNp' module (0xce8a9c)
LDR: ! Imported function 'sceNpInit' in 'sceNp' module (0xce8abc)
LDR: ! Imported function 'sceNpManagerGetNetworkTime' in 'sceNp' module (0xce8adc)
LDR: ! Imported function 'sceNpScoreDestroyTransactionCtx' in 'sceNp' module (0xce8afc)
LDR: ! Imported function 'sceNpScoreGetGameDataAsync' in 'sceNp' module (0xce8b1c)
LDR: ! Imported function 'sceNpScoreGetBoardInfoAsync' in 'sceNp' module (0xce8b3c)
LDR: ! Imported function 'sceNpManagerRegisterCallback' in 'sceNp' module (0xce8b5c)
LDR: ! Imported function 'sceNpScoreAbortTransaction' in 'sceNp' module (0xce8b7c)
LDR: ! Imported function 'sceNpScoreRecordScoreAsync' in 'sceNp' module (0xce8b9c)
LDR: ! Imported function 'sceNpManagerGetOnlineName' in 'sceNp' module (0xce8bbc)
LDR: ! Imported function 'sceNpScoreRecordGameDataAsync' in 'sceNp' module (0xce8bdc)
LDR: ! Imported function 'sceNpManagerGetNpId' in 'sceNp' module (0xce8bfc)
LDR: ! Imported function 'sys_lwmutex_lock' in 'sysPrxForUser' module (0xce8c5c)
LDR: ! Imported function 'sys_lwmutex_unlock' in 'sysPrxForUser' module (0xce8c7c)
LDR: ! Imported function 'sys_ppu_thread_create' in 'sysPrxForUser' module (0xce8c9c)
LDR: ! Imported function 'sys_lwmutex_create' in 'sysPrxForUser' module (0xce8cbc)
LDR: ! Imported function 'sys_ppu_thread_get_id' in 'sysPrxForUser' module (0xce8cdc)
LDR: ! Imported function '_sys_heap_malloc' in 'sysPrxForUser' module (0xce8cfc)
LDR: ! Imported function '_sys_heap_memalign' in 'sysPrxForUser' module (0xce8d1c)
LDR: ! Imported function 'sys_initialize_tls' in 'sysPrxForUser' module (0xce8d3c)
LDR: ! Imported function 'sys_time_get_system_time' in 'sysPrxForUser' module (0xce8d5c)
LDR: ! Imported function '_sys_heap_free' in 'sysPrxForUser' module (0xce8d7c)
LDR: ! Imported function 'sys_prx_exitspawn_with_level' in 'sysPrxForUser' module (0xce8d9c)
LDR: ! Imported function 'sys_lwmutex_trylock' in 'sysPrxForUser' module (0xce8dbc)
LDR: ! Imported function '_sys_heap_delete_heap' in 'sysPrxForUser' module (0xce8ddc)
LDR: ! Imported function 'sys_ppu_thread_exit' in 'sysPrxForUser' module (0xce8dfc)
LDR: ! Imported function '_sys_heap_create_heap' in 'sysPrxForUser' module (0xce8e1c)
LDR: ! Imported function 'sys_lwmutex_destroy' in 'sysPrxForUser' module (0xce8e3c)
LDR: ! Imported function 'sys_spu_image_close' in 'sysPrxForUser' module (0xce8e5c)
LDR: ! Imported function 'sys_process_exit' in 'sysPrxForUser' module (0xce8e7c)
LDR: ! Imported function 'sys_spu_image_import' in 'sysPrxForUser' module (0xce8e9c)
MEM: ! Thread Local Storage initialized (g_tls_start=0xd64000, user_size=0x134)
*** TLS segment addr: 0x00d637b0
*** TLS segment size: 0x00000004
HLE: W {PPU[0x1] Thread (main_thread)[0x00ce8cbc]} sysPrxForUser: sys_lwmutex_create(lwmutex=*0x110b3f78, attr=*0x1008e31c)
HLE: W {PPU[0x1] Thread (main_thread)[0x00ce8cbc]} sysPrxForUser: sys_lwmutex_create(lwmutex=*0x110b3f90, attr=*0x1008e31c)
HLE: W {PPU[0x1] Thread (main_thread)[0x00cb5454]} sys_memory: sys_memory_allocate(size=0x100000, flags=0x400, alloc_addr=*0xd000fb70)
HLE: W {PPU[0x1] Thread (main_thread)[0x00ce8cbc]} sysPrxForUser: sys_lwmutex_create(lwmutex=*0x20000020, attr=*0x1008e31c)
HLE: W {PPU[0x1] Thread (main_thread)[0x00ce8cbc]} sysPrxForUser: sys_lwmutex_create(lwmutex=*0x20000050, attr=*0x1008e31c)
HLE: W {PPU[0x1] Thread (main_thread)[0x00ce8cbc]} sysPrxForUser: sys_lwmutex_create(lwmutex=*0x20000080, attr=*0x1008e31c)
HLE: W {PPU[0x1] Thread (main_thread)[0x00ce8cbc]} sysPrxForUser: sys_lwmutex_create(lwmutex=*0x200000b0, attr=*0x1008e31c)
HLE: W {PPU[0x1] Thread (main_thread)[0x00ce8cbc]} sysPrxForUser: sys_lwmutex_create(lwmutex=*0x200000e0, attr=*0x1008e31c)
HLE: W {PPU[0x1] Thread (main_thread)[0x00ce8cbc]} sysPrxForUser: sys_lwmutex_create(lwmutex=*0x20000110, attr=*0x1008e31c)
HLE: W {PPU[0x1] Thread (main_thread)[0x00ce8cbc]} sysPrxForUser: sys_lwmutex_create(lwmutex=*0x20000140, attr=*0x1008e31c)
HLE: W {PPU[0x1] Thread (main_thread)[0x00ce7d5c]} cellSysmodule: cellSysmoduleLoadModule(id=0x000e: CELL_SYSMODULE_FS)
HLE: W {PPU[0x1] Thread (main_thread)[0x00ce7d5c]} cellSysmodule: cellSysmoduleLoadModule(id=0x001f: CELL_SYSMODULE_RESC)
HLE: W {PPU[0x1] Thread (main_thread)[0x00ce83fc]} sys_io: cellPadInit(max_connect=127)
HLE: W {PPU[0x1] Thread (main_thread)[0x00ce7fdc]} cellSysutil: cellSysutilRegisterCallback(slot=3, func=*0xd263a0, userdata=*0x0)
HLE: W {PPU[0x1] Thread (main_thread)[0x00ce8c9c]} sysPrxForUser: sys_ppu_thread_create(thread_id=*0x2007b770, entry=0xd25700, arg=0x0, prio=1001, stacksize=0x8000, flags=0x0, threadname=*0x10080980)
HLE: W {PPU[0x1] Thread (main_thread)[0x00ce8c9c]} sys_ppu_thread: _sys_ppu_thread_create(thread_id=*0x2007b770, param=*0xd000faf8, arg=0x0, unk=0x0, prio=1001, stacksize=0x8000, flags=0x0, threadname=*0x10080980)
HLE: W {PPU[0x1] Thread (main_thread)[0x00ce8c9c]} sys_ppu_thread: sys_ppu_thread_start(thread_id=0xc)
HLE: S {PPU[0xc] Thread ()[0x00ce7ffc]} Last function: cellDiscGameGetBootDiscInfo (0xb72bc4e6)
G: ! {PPU[0xc] Thread ()[0x00ce7ffc]} Registers:
=========
GPR[0] = 0x0
GPR[1] = 0xd0027d70
GPR[2] = 0xd58604
GPR[3] = 0x10fca1fc
GPR[4] = 0x0
GPR[5] = 0x0
GPR[6] = 0x0
GPR[7] = 0x0
GPR[8] = 0x0
GPR[9] = 0x0
GPR[10] = 0x0
GPR[11] = 0x0
GPR[12] = 0x0
GPR[13] = 0xd6b2f8
GPR[14] = 0x0
GPR[15] = 0x0
GPR[16] = 0x0
GPR[17] = 0x0
GPR[18] = 0x0
GPR[19] = 0x0
GPR[20] = 0x0
GPR[21] = 0x0
GPR[22] = 0x0
GPR[23] = 0x0
GPR[24] = 0x0
GPR[25] = 0x0
GPR[26] = 0x0
GPR[27] = 0x0
GPR[28] = 0x0
GPR[29] = 0x10fca1fc
GPR[30] = 0x0
GPR[31] = 0x0
FPR[0] = 0
FPR[1] = 0
FPR[2] = 0
FPR[3] = 0
FPR[4] = 0
FPR[5] = 0
FPR[6] = 0
FPR[7] = 0
FPR[8] = 0
FPR[9] = 0
FPR[10] = 0
FPR[11] = 0
FPR[12] = 0
FPR[13] = 0
FPR[14] = 0
FPR[15] = 0
FPR[16] = 0
FPR[17] = 0
FPR[18] = 0
FPR[19] = 0
FPR[20] = 0
FPR[21] = 0
FPR[22] = 0
FPR[23] = 0
FPR[24] = 0
FPR[25] = 0
FPR[26] = 0
FPR[27] = 0
FPR[28] = 0
FPR[29] = 0
FPR[30] = 0
FPR[31] = 0
VPR[0] = 0x00000000000000000000000000000000 [x: 0 y: 0 z: 0 w: 0]
VPR[1] = 0x00000000000000000000000000000000 [x: 0 y: 0 z: 0 w: 0]
VPR[2] = 0x00000000000000000000000000000000 [x: 0 y: 0 z: 0 w: 0]
VPR[3] = 0x00000000000000000000000000000000 [x: 0 y: 0 z: 0 w: 0]
VPR[4] = 0x00000000000000000000000000000000 [x: 0 y: 0 z: 0 w: 0]
VPR[5] = 0x00000000000000000000000000000000 [x: 0 y: 0 z: 0 w: 0]
VPR[6] = 0x00000000000000000000000000000000 [x: 0 y: 0 z: 0 w: 0]
VPR[7] = 0x00000000000000000000000000000000 [x: 0 y: 0 z: 0 w: 0]
VPR[8] = 0x00000000000000000000000000000000 [x: 0 y: 0 z: 0 w: 0]
VPR[9] = 0x00000000000000000000000000000000 [x: 0 y: 0 z: 0 w: 0]
VPR[10] = 0x00000000000000000000000000000000 [x: 0 y: 0 z: 0 w: 0]
VPR[11] = 0x00000000000000000000000000000000 [x: 0 y: 0 z: 0 w: 0]
VPR[12] = 0x00000000000000000000000000000000 [x: 0 y: 0 z: 0 w: 0]
VPR[13] = 0x00000000000000000000000000000000 [x: 0 y: 0 z: 0 w: 0]
VPR[14] = 0x00000000000000000000000000000000 [x: 0 y: 0 z: 0 w: 0]
VPR[15] = 0x00000000000000000000000000000000 [x: 0 y: 0 z: 0 w: 0]
VPR[16] = 0x00000000000000000000000000000000 [x: 0 y: 0 z: 0 w: 0]
VPR[17] = 0x00000000000000000000000000000000 [x: 0 y: 0 z: 0 w: 0]
VPR[18] = 0x00000000000000000000000000000000 [x: 0 y: 0 z: 0 w: 0]
VPR[19] = 0x00000000000000000000000000000000 [x: 0 y: 0 z: 0 w: 0]
VPR[20] = 0x00000000000000000000000000000000 [x: 0 y: 0 z: 0 w: 0]
VPR[21] = 0x00000000000000000000000000000000 [x: 0 y: 0 z: 0 w: 0]
VPR[22] = 0x00000000000000000000000000000000 [x: 0 y: 0 z: 0 w: 0]
VPR[23] = 0x00000000000000000000000000000000 [x: 0 y: 0 z: 0 w: 0]
VPR[24] = 0x00000000000000000000000000000000 [x: 0 y: 0 z: 0 w: 0]
VPR[25] = 0x00000000000000000000000000000000 [x: 0 y: 0 z: 0 w: 0]
VPR[26] = 0x00000000000000000000000000000000 [x: 0 y: 0 z: 0 w: 0]
VPR[27] = 0x00000000000000000000000000000000 [x: 0 y: 0 z: 0 w: 0]
VPR[28] = 0x00000000000000000000000000000000 [x: 0 y: 0 z: 0 w: 0]
VPR[29] = 0x00000000000000000000000000000000 [x: 0 y: 0 z: 0 w: 0]
VPR[30] = 0x00000000000000000000000000000000 [x: 0 y: 0 z: 0 w: 0]
VPR[31] = 0x800012000c5374450000000000000000 [x: -6.45718e-42 y: 1.62898e-31 z: 0 w: 0]
CR = 0x22000082
LR = 0xba76a4
CTR = 0x0
XER = 0x0 [CA=0 | OV=8589934592 | SO=0]
FPSCR = 0x0 [RN=0 | NI=0 | XE=0 | ZE=0 | UE=0 | OE=0 | VE=0 | VXCVI=0 | VXSQRT=0 | VXSOFT=0 | FPRF=0 | FI=0 | FR=0 | VXVC=0 | VXIMZ=0 | VXZDZ=0 | VXIDI=0 | VXISI=0 | VXSNAN=0 | XX=0 | ZX=0 | UX=0 | OX=0 | VX=0 | FEX=0 | FX=0]

G: E {PPU[0xc] Thread ()[0x00ce7ffc]} Exception: 
(in file Emu\SysCalls\Modules\cellGame.cpp:683, in function cellDiscGameGetBootDiscInfo)
G: ! Stopping emulator...
G: ! All threads signaled...
G: ! {PPU[0x2] Thread (Callback Thread)[0x00000000]} Thread aborted
G: ! {PPU[0x1] Thread (main_thread)[0x00b75de4]} Thread aborted
G: ! All threads stopped...
G: ! Objects cleared...
