LDR: E PSFLoader::Load() failed: unknown magic (0x0)
G: ! RPCS3 v0.0.0.5-2539-g316959f
G: ! 
G: ! Stopping emulator...
LDR: ! Loading 'D:/Emulateurs/Rpcs3/dev_hdd0/game/BLES00707-[WET]/PS3_GAME/USRDIR/BOOT.BIN'...
G: W fs::file::open('D:/Emulateurs/Rpcs3/dev_hdd0/game/BLES00707-[WET]/PS3_GAME/dev_bdvd.path', 0x1) failed: error 0x2
LDR: ! 
LDR: ! Mount info:
LDR: ! /dev_usb000/ -> D:/Emulateurs/Rpcs3/dev_usb000/
LDR: ! /dev_flash/ -> D:/Emulateurs/Rpcs3/dev_flash/
LDR: ! /host_root/ -> 
LDR: ! /dev_hdd0/ -> D:/Emulateurs/Rpcs3/dev_hdd0/
LDR: ! /dev_hdd1/ -> D:/Emulateurs/Rpcs3/dev_hdd1/
LDR: ! /dev_bdvd/ -> D:/Emulateurs/Rpcs3/dev_hdd0/game/BLES00707-[WET]/
LDR: ! /dev_usb/ -> D:/Emulateurs/Rpcs3/dev_usb000/
LDR: ! 
LDR: ! Settings:
LDR: ! CPU: PPU Interpreter 2
LDR: ! SPU: SPU Recompiler (ASMJIT)
LDR: ! Renderer: DirectX 12
LDR: ! D3D Adapter: Default
LDR: ! Resolution: 1280x720
LDR: ! Write Depth Buffer: No
LDR: ! Write Color Buffers: No
LDR: ! Read Color Buffer: No
LDR: ! Audio Out: XAudio2
LDR: ! Log Everything: No
LDR: ! RSX Logging: No
LDR: ! 
LDR: ! Title: WET
LDR: ! Serial: BLES00707
LDR: ! Elf path: /dev_bdvd/PS3_GAME/USRDIR/BOOT.BIN
LDR: ! 
LDR: ! loader::init() failed: Broken file
LDR: ! *** sdk version: 0x270001
LDR: ! *** primary prio: 1001
LDR: ! *** primary stacksize: 0x80000
LDR: ! *** malloc pagesize: 0x100000
LDR: ! *** ppc seg: 0x0
LDR: ! Imported function 'cellGcmGetTiledPitchSize' in 'cellGcmSys' module (0x11d925c)
LDR: ! Imported function 'cellGcmSetUserHandler' in 'cellGcmSys' module (0x11d9294)
LDR: ! Imported function '_cellGcmInitBody' in 'cellGcmSys' module (0x11d92cc)
LDR: ! Imported function 'cellGcmSetDefaultCommandBufferAndSegmentWordSize' in 'cellGcmSys' module (0x11d9304)
LDR: ! Imported function '_cellGcmSetFlipCommand' in 'cellGcmSys' module (0x11d933c)
LDR: ! Imported function 'cellGcmAddressToOffset' in 'cellGcmSys' module (0x11d9374)
LDR: ! Imported function 'cellGcmGetLastSecondVTime' in 'cellGcmSys' module (0x11d93ac)
LDR: ! Imported function 'cellGcmSortRemapEaIoAddress' in 'cellGcmSys' module (0x11d93e4)
LDR: ! Imported function 'cellGcmGetOffsetTable' in 'cellGcmSys' module (0x11d941c)
LDR: ! Imported function 'cellGcmIoOffsetToAddress' in 'cellGcmSys' module (0x11d9454)
LDR: ! Imported function 'cellGcmGetDisplayBufferByFlipIndex' in 'cellGcmSys' module (0x11d948c)
LDR: ! Imported function '_cellGcmFunc15' in 'cellGcmSys' module (0x11d94c4)
LDR: ! Imported function 'cellGcmBindTile' in 'cellGcmSys' module (0x11d94fc)
LDR: ! Imported function 'cellGcmSetFlipMode' in 'cellGcmSys' module (0x11d9534)
LDR: ! Imported function 'cellGcmSetSecondVFrequency' in 'cellGcmSys' module (0x11d956c)
LDR: ! Imported function 'cellGcmSetDebugOutputLevel' in 'cellGcmSys' module (0x11d95a4)
LDR: ! Imported function 'cellGcmGetTimeStamp' in 'cellGcmSys' module (0x11d95dc)
LDR: ! Imported function 'cellGcmGetDefaultCommandWordSize' in 'cellGcmSys' module (0x11d9614)
LDR: ! Imported function 'cellGcmGetLastFlipTime' in 'cellGcmSys' module (0x11d964c)
LDR: ! Imported function 'cellGcmMapEaIoAddress' in 'cellGcmSys' module (0x11d9684)
LDR: ! Imported function 'cellGcmGetVBlankCount' in 'cellGcmSys' module (0x11d96bc)
LDR: ! Imported function 'cellGcmGetFlipStatus' in 'cellGcmSys' module (0x11d96f4)
LDR: ! Imported function 'cellGcmGetDefaultSegmentWordSize' in 'cellGcmSys' module (0x11d972c)
LDR: ! Imported function 'cellGcmGetReport' in 'cellGcmSys' module (0x11d9764)
LDR: ! Imported function 'cellGcmGetReportDataAddress' in 'cellGcmSys' module (0x11d979c)
LDR: ! Imported function 'cellGcmBindZcull' in 'cellGcmSys' module (0x11d97d4)
LDR: ! Imported function 'cellGcmMapMainMemory' in 'cellGcmSys' module (0x11d980c)
LDR: ! Imported function 'cellGcmSetFlipHandler' in 'cellGcmSys' module (0x11d9844)
LDR: ! Imported function 'cellGcmSetFlipStatus' in 'cellGcmSys' module (0x11d987c)
LDR: ! Imported function 'cellGcmSetDisplayBuffer' in 'cellGcmSys' module (0x11d98b4)
LDR: ! Imported function 'cellGcmGetControlRegister' in 'cellGcmSys' module (0x11d98ec)
LDR: ! Imported function 'cellGcmGetReportDataLocation' in 'cellGcmSys' module (0x11d9924)
LDR: ! Imported function 'cellGcmUnbindZcull' in 'cellGcmSys' module (0x11d995c)
LDR: ! Imported function 'cellGcmSetFlipImmediate' in 'cellGcmSys' module (0x11d9994)
LDR: ! Imported function 'cellGcmResetFlipStatus' in 'cellGcmSys' module (0x11d99cc)
LDR: ! Imported function 'cellGcmSetDefaultCommandBuffer' in 'cellGcmSys' module (0x11d9a04)
LDR: ! Imported function 'cellGcmSetTileInfo' in 'cellGcmSys' module (0x11d9a3c)
LDR: ! Imported function 'cellGcmSetInvalidateTile' in 'cellGcmSys' module (0x11d9a74)
LDR: ! Imported function 'cellGcmGetCurrentField' in 'cellGcmSys' module (0x11d9aac)
LDR: ! Imported function 'cellGcmSetTile' in 'cellGcmSys' module (0x11d9ae4)
LDR: ! Imported function 'cellGcmSetZcull' in 'cellGcmSys' module (0x11d9b1c)
LDR: ! Imported function '_cellGcmSetFlipCommandWithWaitLabel' in 'cellGcmSys' module (0x11d9b54)
LDR: ! Imported function 'cellGcmUnbindTile' in 'cellGcmSys' module (0x11d9b8c)
LDR: ! Imported function 'cellGcmUnmapIoAddress' in 'cellGcmSys' module (0x11d9bc4)
LDR: ! Imported function 'cellGcmGetConfiguration' in 'cellGcmSys' module (0x11d9bfc)
LDR: ! Imported function 'cellGcmUnmapEaIoAddress' in 'cellGcmSys' module (0x11d9c34)
LDR: ! Imported function 'cellGcmGetLabelAddress' in 'cellGcmSys' module (0x11d9c6c)
LDR: ! Imported function 'cellGcmSetVBlankFrequency' in 'cellGcmSys' module (0x11d9ca4)
LDR: ! Imported function 'cellSysmoduleUnloadModule' in 'cellSysmodule' module (0x11d9cdc)
LDR: ! Imported function 'cellSysmoduleLoadModule' in 'cellSysmodule' module (0x11d9d14)
LDR: ! Imported function 'cellSysmoduleIsLoaded' in 'cellSysmodule' module (0x11d9d4c)
LDR: ! Imported function 'cellSysmoduleInitialize' in 'cellSysmodule' module (0x11dcda4)
LDR: ! Imported function 'cellFsRmdir' in 'sys_fs' module (0x11d9d84)
LDR: ! Imported function 'cellFsClose' in 'sys_fs' module (0x11d9dbc)
LDR: ! Imported function 'cellFsOpendir' in 'sys_fs' module (0x11d9df4)
LDR: ! Imported function 'cellFsRead' in 'sys_fs' module (0x11d9e2c)
LDR: ! Imported function 'cellFsReaddir' in 'sys_fs' module (0x11d9e64)
LDR: ! Imported function 'cellFsOpen' in 'sys_fs' module (0x11d9e9c)
LDR: ! Imported function 'cellFsStat' in 'sys_fs' module (0x11d9ed4)
LDR: ! Imported function 'cellFsUnlink' in 'sys_fs' module (0x11d9f0c)
LDR: ! Imported function 'cellFsFsync' in 'sys_fs' module (0x11d9f44)
LDR: ! Imported function 'cellFsLseek' in 'sys_fs' module (0x11d9f7c)
LDR: ! Imported function 'cellFsGetFreeSize' in 'sys_fs' module (0x11d9fb4)
LDR: ! Imported function 'cellFsSdataOpen' in 'sys_fs' module (0x11d9fec)
LDR: ! Imported function 'cellFsMkdir' in 'sys_fs' module (0x11da024)
LDR: ! Imported function 'cellFsWrite' in 'sys_fs' module (0x11da05c)
LDR: ! Imported function 'cellFsFstat' in 'sys_fs' module (0x11da094)
LDR: ! Imported function 'cellFsClosedir' in 'sys_fs' module (0x11da0cc)
LDR: ! Imported function 'UTF16stoUTF8s' in 'cellL10n' module (0x11da104)
LDR: ! Imported function 'UTF8stoUTF16s' in 'cellL10n' module (0x11da13c)
LDR: ! Imported function 'sys_net_initialize_network_ex' in 'sys_net' module (0x11da174)
LDR: ! Imported function 'listen' in 'sys_net' module (0x11da1ac)
LDR: ! Imported function 'socketselect' in 'sys_net' module (0x11da1e4)
LDR: ! Imported function 'sys_net_show_nameserver' in 'sys_net' module (0x11da21c)
LDR: ! Imported function '_sys_net_errno_loc' in 'sys_net' module (0x11da254)
LDR: ! Imported function 'connect' in 'sys_net' module (0x11da28c)
LDR: ! Imported function 'socketclose' in 'sys_net' module (0x11da2c4)
LDR: ! Imported function 'gethostbyname' in 'sys_net' module (0x11da2fc)
LDR: ! Imported function 'sys_net_set_resolver_configurations' in 'sys_net' module (0x11da334)
LDR: ! Imported function 'sys_net_show_route' in 'sys_net' module (0x11da36c)
LDR: ! Imported function 'inet_ntoa' in 'sys_net' module (0x11da3a4)
LDR: ! Imported function 'setsockopt' in 'sys_net' module (0x11da3dc)
LDR: ! Imported function 'socket' in 'sys_net' module (0x11da414)
LDR: ! Imported function 'shutdown' in 'sys_net' module (0x11da44c)
LDR: ! Imported function 'bind' in 'sys_net' module (0x11da484)
LDR: ! Imported function 'sys_net_show_ifconfig' in 'sys_net' module (0x11da4bc)
LDR: ! Imported function 'sys_net_finalize_network' in 'sys_net' module (0x11da4f4)
LDR: ! Imported function '_sys_net_h_errno_loc' in 'sys_net' module (0x11da52c)
LDR: ! Imported function 'accept' in 'sys_net' module (0x11da564)
LDR: ! Imported function 'inet_addr' in 'sys_net' module (0x11da59c)
LDR: ! Imported function 'send' in 'sys_net' module (0x11da5d4)
LDR: ! Imported function 'recv' in 'sys_net' module (0x11da60c)
LDR: ! Imported function 'sys_net_free_thread_context' in 'sys_net' module (0x11da644)
LDR: ! Imported function 'cellNetCtlTerm' in 'cellNetCtl' module (0x11da67c)
LDR: ! Imported function 'cellNetCtlGetState' in 'cellNetCtl' module (0x11da6b4)
LDR: ! Imported function 'cellNetCtlInit' in 'cellNetCtl' module (0x11da6ec)
LDR: ! Imported function 'cellPadInit' in 'sys_io' module (0x11da724)
LDR: ! Imported function 'cellKbGetInfo' in 'sys_io' module (0x11da75c)
LDR: ! Imported function 'cellMouseGetData' in 'sys_io' module (0x11da794)
LDR: ! Imported function 'cellKbInit' in 'sys_io' module (0x11da7cc)
LDR: ! Imported function 'cellPadEnd' in 'sys_io' module (0x11da804)
LDR: ! Imported function 'cellPadSetPortSetting' in 'sys_io' module (0x11da83c)
LDR: ! Imported function 'cellMouseGetInfo' in 'sys_io' module (0x11da874)
LDR: ! Imported function 'cellPadGetData' in 'sys_io' module (0x11da8ac)
LDR: ! Imported function 'cellKbSetCodeType' in 'sys_io' module (0x11da8e4)
LDR: ! Imported function 'cellPadGetInfo2' in 'sys_io' module (0x11da91c)
LDR: ! Imported function 'cellKbEnd' in 'sys_io' module (0x11da954)
LDR: ! Imported function 'cellMouseInit' in 'sys_io' module (0x11da98c)
LDR: ! Imported function 'cellKbSetReadMode' in 'sys_io' module (0x11da9c4)
LDR: ! Imported function 'cellMouseEnd' in 'sys_io' module (0x11da9fc)
LDR: ! Imported function 'cellPadSetActDirect' in 'sys_io' module (0x11daa34)
LDR: ! Imported function 'cellKbRead' in 'sys_io' module (0x11daa6c)
LDR: ! Imported function 'cellRescGcmSurface2RescSrc' in 'cellResc' module (0x11daaa4)
LDR: ! Imported function 'cellRescSetWaitFlip' in 'cellResc' module (0x11daadc)
LDR: ! Imported function 'cellRescSetDsts' in 'cellResc' module (0x11dab14)
LDR: ! Imported function 'cellRescAdjustAspectRatio' in 'cellResc' module (0x11dab4c)
LDR: ! Imported function 'cellRescSetDisplayMode' in 'cellResc' module (0x11dab84)
LDR: ! Imported function 'cellRescSetConvertAndFlip' in 'cellResc' module (0x11dabbc)
LDR: ! Imported function 'cellRescExit' in 'cellResc' module (0x11dabf4)
LDR: ! Imported function 'cellRescSetFlipHandler' in 'cellResc' module (0x11dac2c)
LDR: ! Imported function 'cellRescInit' in 'cellResc' module (0x11dac64)
LDR: ! Imported function 'cellRescGetBufferSize' in 'cellResc' module (0x11dac9c)
LDR: ! Imported function 'cellRescSetSrc' in 'cellResc' module (0x11dacd4)
LDR: ! Imported function 'cellRescSetBufferAddress' in 'cellResc' module (0x11dad0c)
LDR: ! Imported function 'cellRescVideoOutResolutionId2RescBufferMode' in 'cellResc' module (0x11dad44)
LDR: ! Imported function 'cellRescSetVBlankHandler' in 'cellResc' module (0x11dad7c)
LDR: ! Imported function 'cellRtcSetTick' in 'cellRtc' module (0x11dadb4)
LDR: ! Imported function 'cellRtcGetCurrentTick' in 'cellRtc' module (0x11dadec)
LDR: ! Imported function 'cellRtcConvertUtcToLocalTime' in 'cellRtc' module (0x11dae24)
LDR: ! Imported function 'cellSyncLFQueueSize' in 'cellSync' module (0x11dae5c)
LDR: ! Imported function 'cellSyncMutexUnlock' in 'cellSync' module (0x11dae94)
LDR: ! Imported function 'cellSyncMutexInitialize' in 'cellSync' module (0x11daecc)
LDR: ! Imported function 'cellSyncMutexTryLock' in 'cellSync' module (0x11daf04)
LDR: ! Imported function 'cellSysutilUnregisterCallback' in 'cellSysutil' module (0x11daf3c)
LDR: ! Imported function 'cellVideoOutConfigure' in 'cellSysutil' module (0x11daf74)
LDR: ! Imported function 'cellSysutilCheckCallback' in 'cellSysutil' module (0x11dafac)
LDR: ! Imported function 'cellSysCacheMount' in 'cellSysutil' module (0x11dafe4)
LDR: ! Imported function 'cellSaveDataListAutoLoad' in 'cellSysutil' module (0x11db01c)
LDR: ! Imported function 'cellSysutilGetSystemParamInt' in 'cellSysutil' module (0x11db054)
LDR: ! Imported function 'cellAudioOutConfigure' in 'cellSysutil' module (0x11db08c)
LDR: ! Imported function 'cellSaveDataListAutoSave' in 'cellSysutil' module (0x11db0c4)
LDR: ! Imported function 'cellSysCacheClear' in 'cellSysutil' module (0x11db0fc)
LDR: ! Imported function 'cellAudioOutGetDeviceInfo' in 'cellSysutil' module (0x11db134)
LDR: ! Imported function 'cellVideoOutGetState' in 'cellSysutil' module (0x11db16c)
LDR: ! Imported function 'cellHddGameCheck' in 'cellSysutil' module (0x11db1a4)
LDR: ! Imported function 'cellSysutilGetSystemParamString' in 'cellSysutil' module (0x11db1dc)
LDR: ! Imported function 'cellSysutilRegisterCallback' in 'cellSysutil' module (0x11db214)
LDR: ! Imported function 'cellSysutilGetBgmPlaybackStatus' in 'cellSysutil' module (0x11db24c)
LDR: ! Imported function 'cellVideoOutGetResolutionAvailability' in 'cellSysutil' module (0x11db284)
LDR: ! Imported function 'cellGameDataGetSizeKB' in 'cellSysutil' module (0x11db2bc)
LDR: ! Imported function 'cellSysutilEnableBgmPlaybackEx' in 'cellSysutil' module (0x11db2f4)
LDR: ! Imported function 'cellHddGameExitBroken' in 'cellSysutil' module (0x11db32c)
LDR: ! Imported function 'cellAudioOutGetSoundAvailability' in 'cellSysutil' module (0x11db364)
LDR: ! Imported function 'cellGameDataCheckCreate2' in 'cellSysutil' module (0x11db39c)
LDR: ! Imported function 'cellAudioOutSetCopyControl' in 'cellSysutil' module (0x11db3d4)
LDR: ! Imported function 'cellVideoOutGetResolution' in 'cellSysutil' module (0x11db40c)
LDR: ! Imported function 'cellAudioOutGetNumberOfDevice' in 'cellSysutil' module (0x11db444)
LDR: ! Imported function 'cellSaveDataEnableOverlay' in 'cellSysutil' module (0x11db47c)
LDR: ! Imported function 'cellAudioOutGetConfiguration' in 'cellSysutil' module (0x11db4b4)
LDR: ! Imported function 'cellSaveDataDelete2' in 'cellSysutil' module (0x11db4ec)
LDR: ! Imported function 'cellAudioOutGetState' in 'cellSysutil' module (0x11db524)
LDR: ! Imported function 'cellHddGameGetSizeKB' in 'cellSysutil' module (0x11db55c)
LDR: ! Imported function 'cellSaveDataAutoLoad2' in 'cellSysutil' module (0x11db594)
LDR: ! Imported function 'cellVideoOutSetGamma' in 'cellSysutilAvconfExt' module (0x11db5cc)
LDR: ! Imported function '_cellSpursLFQueueInitialize' in 'cellSpurs' module (0x11db604)
LDR: ! Imported function 'cellSpursAttributeSetNamePrefix' in 'cellSpurs' module (0x11db63c)
LDR: ! Imported function 'cellSpursAttributeEnableSpuPrintfIfAvailable' in 'cellSpurs' module (0x11db674)
LDR: ! Imported function '_cellSpursTasksetAttributeInitialize' in 'cellSpurs' module (0x11db6ac)
LDR: ! Imported function 'cellSpursLFQueueAttachLv2EventQueue' in 'cellSpurs' module (0x11db6e4)
LDR: ! Imported function 'cellSpursCreateTaskWithAttribute' in 'cellSpurs' module (0x11db71c)
LDR: ! Imported function 'cellSpursEventFlagDetachLv2EventQueue' in 'cellSpurs' module (0x11db754)
LDR: ! Imported function '_cellSpursLFQueuePopBody' in 'cellSpurs' module (0x11db78c)
LDR: ! Imported function 'cellSpursEventFlagWait' in 'cellSpurs' module (0x11db7c4)
LDR: ! Imported function 'cellSpursEventFlagClear' in 'cellSpurs' module (0x11db7fc)
LDR: ! Imported function 'cellSpursDetachLv2EventQueue' in 'cellSpurs' module (0x11db834)
LDR: ! Imported function 'cellSpursCreateTaskset' in 'cellSpurs' module (0x11db86c)
LDR: ! Imported function '_cellSpursEventFlagInitialize' in 'cellSpurs' module (0x11db8a4)
LDR: ! Imported function 'cellSpursTasksetAttributeSetName' in 'cellSpurs' module (0x11db8dc)
LDR: ! Imported function 'cellSpursGetSpuThreadId' in 'cellSpurs' module (0x11db914)
LDR: ! Imported function 'cellSpursLFQueueDetachLv2EventQueue' in 'cellSpurs' module (0x11db94c)
LDR: ! Imported function 'cellSpursWakeUp' in 'cellSpurs' module (0x11db984)
LDR: ! Imported function 'cellSpursEventFlagAttachLv2EventQueue' in 'cellSpurs' module (0x11db9bc)
LDR: ! Imported function '_cellSpursLFQueuePushBody' in 'cellSpurs' module (0x11db9f4)
LDR: ! Imported function '_cellSpursAttributeInitialize' in 'cellSpurs' module (0x11dba2c)
LDR: ! Imported function 'cellSpursJoinTaskset' in 'cellSpurs' module (0x11dba64)
LDR: ! Imported function 'cellSpursShutdownTaskset' in 'cellSpurs' module (0x11dba9c)
LDR: ! Imported function 'cellSpursInitializeWithAttribute' in 'cellSpurs' module (0x11dbad4)
LDR: ! Imported function '_cellSpursTaskAttributeInitialize' in 'cellSpurs' module (0x11dbb0c)
LDR: ! Imported function 'cellSpursAttachLv2EventQueue' in 'cellSpurs' module (0x11dbb44)
LDR: ! Imported function 'cellSpursCreateTask' in 'cellSpurs' module (0x11dbb7c)
LDR: ! Imported function 'cellSpursCreateTasksetWithAttribute' in 'cellSpurs' module (0x11dbbb4)
LDR: ! Imported function 'cellSpursFinalize' in 'cellSpurs' module (0x11dbbec)
LDR: ! Imported function '_cellSpursSendSignal' in 'cellSpurs' module (0x11dbc24)
LDR: ! Imported function 'cellSpursEventFlagSet' in 'cellSpurs' module (0x11dbc5c)
LDR: ! Imported function 'cellAudioInit' in 'cellAudio' module (0x11dbc94)
LDR: ! Imported function 'cellAudioPortClose' in 'cellAudio' module (0x11dbccc)
LDR: ! Imported function 'cellAudioPortStop' in 'cellAudio' module (0x11dbd04)
LDR: ! Imported function 'cellAudioGetPortConfig' in 'cellAudio' module (0x11dbd3c)
LDR: ! Imported function 'cellAudioPortStart' in 'cellAudio' module (0x11dbd74)
LDR: ! Imported function 'cellAudioQuit' in 'cellAudio' module (0x11dbdac)
LDR: ! Imported function 'cellAudioPortOpen' in 'cellAudio' module (0x11dbde4)
LDR: ! Imported function 'sceNpManagerSubSignout' in 'sceNp' module (0x11dbe1c)
LDR: ! Imported function 'sceNpBasicGetFriendListEntry' in 'sceNp' module (0x11dbe54)
LDR: ! Imported function 'sceNpScoreGetRankingByNpId' in 'sceNp' module (0x11dbe8c)
LDR: ! Imported function 'sceNpScoreRecordScore' in 'sceNp' module (0x11dbec4)
LDR: ! Imported function 'sceNpScoreDestroyTitleCtx' in 'sceNp' module (0x11dbefc)
LDR: ! Imported function 'sceNpScoreInit' in 'sceNp' module (0x11dbf34)
LDR: ! Imported function 'sceNpManagerSubSignin' in 'sceNp' module (0x11dbf6c)
LDR: ! Imported function 'sceNpTerm' in 'sceNp' module (0x11dbfa4)
LDR: ! Imported function 'sceNpManagerUnregisterCallback' in 'sceNp' module (0x11dbfdc)
LDR: ! Imported function 'sceNpLookupInit' in 'sceNp' module (0x11dc014)
LDR: ! Imported function 'sceNpScoreCreateTransactionCtx' in 'sceNp' module (0x11dc04c)
LDR: ! Imported function 'sceNpScoreTerm' in 'sceNp' module (0x11dc084)
LDR: ! Imported function 'sceNpManagerGetStatus' in 'sceNp' module (0x11dc0bc)
LDR: ! Imported function 'sceNpDrmIsAvailable' in 'sceNp' module (0x11dc0f4)
LDR: ! Imported function 'sceNpBasicGetFriendListEntryCount' in 'sceNp' module (0x11dc12c)
LDR: ! Imported function 'sceNpScoreCreateTitleCtx' in 'sceNp' module (0x11dc164)
LDR: ! Imported function 'sceNpInit' in 'sceNp' module (0x11dc19c)
LDR: ! Imported function 'sceNpScoreDestroyTransactionCtx' in 'sceNp' module (0x11dc1d4)
LDR: ! Imported function 'sceNpLookupCreateTitleCtx' in 'sceNp' module (0x11dc20c)
LDR: ! Imported function 'sceNpManagerRegisterCallback' in 'sceNp' module (0x11dc244)
LDR: ! Imported function 'sceNpDrmIsAvailable2' in 'sceNp' module (0x11dc27c)
LDR: ! Imported function 'sceNpFriendlist' in 'sceNp' module (0x11dc2b4)
LDR: ! Imported function 'sceNpManagerGetOnlineName' in 'sceNp' module (0x11dc2ec)
LDR: ! Imported function 'sceNpScoreGetBoardInfo' in 'sceNp' module (0x11dc324)
LDR: ! Imported function 'sceNpScoreGetRankingByRange' in 'sceNp' module (0x11dc35c)
LDR: ! Imported function 'sceNpManagerGetNpId' in 'sceNp' module (0x11dc394)
LDR: ! Imported function 'sceNpTrophyRegisterContext' in 'sceNpTrophy' module (0x11dc3cc)
LDR: ! Imported function 'sceNpTrophyCreateHandle' in 'sceNpTrophy' module (0x11dc404)
LDR: ! Imported function 'sceNpTrophyGetRequiredDiskSpace' in 'sceNpTrophy' module (0x11dc43c)
LDR: ! Imported function 'sceNpTrophyDestroyContext' in 'sceNpTrophy' module (0x11dc474)
LDR: ! Imported function 'sceNpTrophyInit' in 'sceNpTrophy' module (0x11dc4ac)
LDR: ! Imported function 'sceNpTrophyAbortHandle' in 'sceNpTrophy' module (0x11dc4e4)
LDR: ! Imported function 'sceNpTrophyGetGameInfo' in 'sceNpTrophy' module (0x11dc51c)
LDR: ! Imported function 'sceNpTrophyDestroyHandle' in 'sceNpTrophy' module (0x11dc554)
LDR: ! Imported function 'sceNpTrophyUnlockTrophy' in 'sceNpTrophy' module (0x11dc58c)
LDR: ! Imported function 'sceNpTrophyTerm' in 'sceNpTrophy' module (0x11dc5c4)
LDR: ! Imported function 'sceNpTrophyCreateContext' in 'sceNpTrophy' module (0x11dc5fc)
LDR: ! Imported function 'sceNpTrophyGetTrophyInfo' in 'sceNpTrophy' module (0x11dc634)
LDR: ! Imported function 'cellUserInfoGetStat' in 'cellUserInfo' module (0x11dc66c)
LDR: ! Imported function 'cellUserInfoSelectUser_ListType' in 'cellUserInfo' module (0x11dc6a4)
LDR: ! Imported function 'cellUserInfoGetList' in 'cellUserInfo' module (0x11dc6dc)
LDR: ! Imported function 'sys_lwmutex_lock' in 'sysPrxForUser' module (0x11dc714)
LDR: ! Imported function 'sys_lwmutex_unlock' in 'sysPrxForUser' module (0x11dc74c)
LDR: ! Imported function 'sys_lwcond_destroy' in 'sysPrxForUser' module (0x11dc784)
LDR: ! Imported function 'sys_ppu_thread_create' in 'sysPrxForUser' module (0x11dc7bc)
LDR: ! Imported function 'sys_prx_load_module' in 'sysPrxForUser' module (0x11dc7f4)
LDR: ! Imported function 'sys_lwcond_wait' in 'sysPrxForUser' module (0x11dc82c)
LDR: ! Imported function '_sys_process_atexitspawn' in 'sysPrxForUser' module (0x11dc864)
LDR: ! Imported function 'sys_lwmutex_create' in 'sysPrxForUser' module (0x11dc89c)
LDR: ! Imported function 'sys_ppu_thread_get_id' in 'sysPrxForUser' module (0x11dc8d4)
LDR: ! Imported function 'sys_prx_register_library' in 'sysPrxForUser' module (0x11dc90c)
LDR: ! Imported function '_sys_spu_printf_initialize' in 'sysPrxForUser' module (0x11dc944)
LDR: ! Imported function 'sys_interrupt_thread_disestablish' in 'sysPrxForUser' module (0x11dc97c)
LDR: ! Imported function 'sys_process_is_stack' in 'sysPrxForUser' module (0x11dc9b4)
LDR: ! Imported function 'sys_initialize_tls' in 'sysPrxForUser' module (0x11dc9ec)
LDR: ! Imported function 'sys_time_get_system_time' in 'sysPrxForUser' module (0x11dca24)
LDR: ! Imported function '_sys_process_at_Exitspawn' in 'sysPrxForUser' module (0x11dca5c)
LDR: ! Imported function 'sys_prx_exitspawn_with_level' in 'sysPrxForUser' module (0x11dca94)
LDR: ! Imported function 'sys_ppu_thread_once' in 'sysPrxForUser' module (0x11dcacc)
LDR: ! Imported function 'sys_prx_load_module_on_memcontainer' in 'sysPrxForUser' module (0x11dcb04)
LDR: ! Imported function 'sys_lwmutex_trylock' in 'sysPrxForUser' module (0x11dcb3c)
LDR: ! Imported function 'sys_ppu_thread_exit' in 'sysPrxForUser' module (0x11dcb74)
LDR: ! Imported function 'sys_raw_spu_image_load' in 'sysPrxForUser' module (0x11dcbac)
LDR: ! Imported function 'sys_lwmutex_destroy' in 'sysPrxForUser' module (0x11dcbe4)
LDR: ! Imported function 'sys_lwcond_create' in 'sysPrxForUser' module (0x11dcc1c)
LDR: ! Imported function '_sys_spu_printf_finalize' in 'sysPrxForUser' module (0x11dcc54)
LDR: ! Imported function 'sys_spu_image_close' in 'sysPrxForUser' module (0x11dcc8c)
LDR: ! Imported function 'sys_process_exit' in 'sysPrxForUser' module (0x11dccc4)
LDR: ! Imported function 'sys_lwcond_signal_all' in 'sysPrxForUser' module (0x11dccfc)
LDR: ! Imported function 'sys_spu_image_import' in 'sysPrxForUser' module (0x11dcd34)
LDR: ! Imported function 'sys_lwcond_signal' in 'sysPrxForUser' module (0x11dcd6c)
MEM: ! Thread Local Storage initialized (g_tls_start=0x192e000, user_size=0x210)
*** TLS segment addr: 0x01507a34
*** TLS segment size: 0x00000008
HLE: W {PPU[0x1] Thread (main_thread)[0x00a6837c]} sys_memory: sys_memory_allocate(size=0x10000, flags=0x200, alloc_addr=*0x1856f14)
HLE: W {PPU[0x1] Thread (main_thread)[0x011dc89c]} sysPrxForUser: sys_lwmutex_create(lwmutex=*0x20001e78, attr=*0xd007fbb0)
HLE: W {PPU[0x1] Thread (main_thread)[0x011dc89c]} sysPrxForUser: sys_lwmutex_create(lwmutex=*0x20001ea0, attr=*0xd007fbc0)
HLE: W {PPU[0x1] Thread (main_thread)[0x00a68228]} sys_memory: sys_memory_get_user_memory_size(mem_info=*0xd007fcc4)
HLE: W {PPU[0x1] Thread (main_thread)[0x011d9d4c]} cellSysmodule: cellSysmoduleIsLoaded(id=0x000e: CELL_SYSMODULE_FS)
HLE: E {PPU[0x1] Thread (main_thread)[0x011d9d4c]} cellSysmodule: cellSysmoduleIsLoaded() failed: module not loaded (id=0x000e)
HLE: W {PPU[0x1] Thread (main_thread)[0x011d9d14]} cellSysmodule: cellSysmoduleLoadModule(id=0x000e: CELL_SYSMODULE_FS)
HLE: W {PPU[0x1] Thread (main_thread)[0x011d9e9c]} cellFs: cellFsOpen(path=*0xd007e7d0, flags=0, fd=*0xd007e9c4, arg=*0x0, size=0x0) -> sys_fs_open()
HLE: W {PPU[0x1] Thread (main_thread)[0x011d9e9c]} sys_fs: sys_fs_open(path=*0xd007e7d0, flags=0, fd=*0xd007e9c4, mode=0, arg=*0x0, size=0x0)
HLE: W {PPU[0x1] Thread (main_thread)[0x011d9e9c]} sys_fs: *** path = '/dev_bdvd/PS3_GAME/USRDIR/__dummy.ini'
G: W {PPU[0x1] Thread (main_thread)[0x011d9e9c]} fs::file::open('D:/Emulateurs/Rpcs3/dev_hdd0/game/BLES00707-[WET]/PS3_GAME/USRDIR/__dummy.ini', 0x1) failed: error 0x2
HLE: E {PPU[0x1] Thread (main_thread)[0x011d9e9c]} sys_fs: sys_fs_open('/dev_bdvd/PS3_GAME/USRDIR/__dummy.ini'): failed to open file (flags=0, mode=0)
HLE: W {PPU[0x1] Thread (main_thread)[0x011d9d4c]} cellSysmodule: cellSysmoduleIsLoaded(id=0x000e: CELL_SYSMODULE_FS)
HLE: W {PPU[0x1] Thread (main_thread)[0x011d9e9c]} cellFs: cellFsOpen(path=*0xd007e7d0, flags=0, fd=*0xd007e9c4, arg=*0x0, size=0x0) -> sys_fs_open()
HLE: W {PPU[0x1] Thread (main_thread)[0x011d9e9c]} sys_fs: sys_fs_open(path=*0xd007e7d0, flags=0, fd=*0xd007e9c4, mode=0, arg=*0x0, size=0x0)
HLE: W {PPU[0x1] Thread (main_thread)[0x011d9e9c]} sys_fs: *** path = '/dev_bdvd/PS3_GAME/USRDIR/engine.ini'
HLE: W {PPU[0x1] Thread (main_thread)[0x00a682a4]} sys_memory: sys_memory_allocate(size=0xaa00000, flags=0x400, alloc_addr=*0xd007fcc0)
HLE: W {PPU[0x1] Thread (main_thread)[0x00a68318]} sys_memory: sys_memory_get_user_memory_size(mem_info=*0x1866f64)
HLE: W {PPU[0x1] Thread (main_thread)[0x011dc89c]} sysPrxForUser: sys_lwmutex_create(lwmutex=*0x20120108, attr=*0xd007fa20)
HLE: W {PPU[0x1] Thread (main_thread)[0x011dc89c]} sysPrxForUser: sys_lwmutex_create(lwmutex=*0x20120138, attr=*0xd007fa20)
HLE: W {PPU[0x1] Thread (main_thread)[0x011dc89c]} sysPrxForUser: sys_lwmutex_create(lwmutex=*0x20120168, attr=*0xd007fa20)
HLE: W {PPU[0x1] Thread (main_thread)[0x011dc89c]} sysPrxForUser: sys_lwmutex_create(lwmutex=*0x20121068, attr=*0xd007fa20)
HLE: W {PPU[0x1] Thread (main_thread)[0x011dc89c]} sysPrxForUser: sys_lwmutex_create(lwmutex=*0x201220c8, attr=*0xd007fa20)
HLE: W {PPU[0x1] Thread (main_thread)[0x011dc89c]} sysPrxForUser: sys_lwmutex_create(lwmutex=*0x18986a8, attr=*0x122ed50)
HLE: W {PPU[0x1] Thread (main_thread)[0x011dc89c]} sysPrxForUser: sys_lwmutex_create(lwmutex=*0x18979f8, attr=*0x122ed50)
HLE: W {PPU[0x1] Thread (main_thread)[0x011dc89c]} sysPrxForUser: sys_lwmutex_create(lwmutex=*0x1897a20, attr=*0x122ed50)
HLE: W {PPU[0x1] Thread (main_thread)[0x011dc89c]} sysPrxForUser: sys_lwmutex_create(lwmutex=*0x1897a48, attr=*0x122ed50)
HLE: W {PPU[0x1] Thread (main_thread)[0x011dc89c]} sysPrxForUser: sys_lwmutex_create(lwmutex=*0x1897930, attr=*0x122ed50)
HLE: W {PPU[0x1] Thread (main_thread)[0x011dc89c]} sysPrxForUser: sys_lwmutex_create(lwmutex=*0x1897958, attr=*0x122ed50)
HLE: W {PPU[0x1] Thread (main_thread)[0x011dc89c]} sysPrxForUser: sys_lwmutex_create(lwmutex=*0x1897980, attr=*0x122ed50)
HLE: W {PPU[0x1] Thread (main_thread)[0x011dc89c]} sysPrxForUser: sys_lwmutex_create(lwmutex=*0x18979a8, attr=*0x122ed50)
HLE: W {PPU[0x1] Thread (main_thread)[0x011dc89c]} sysPrxForUser: sys_lwmutex_create(lwmutex=*0x18979d0, attr=*0x122ed50)
HLE: W {PPU[0x1] Thread (main_thread)[0x011dcbe4]} sys_lwmutex: _sys_lwmutex_destroy(lwmutex_id=0xc)
HLE: W {PPU[0x1] Thread (main_thread)[0x011dcbe4]} sys_lwmutex: _sys_lwmutex_destroy(lwmutex_id=0xd)
HLE: W {PPU[0x1] Thread (main_thread)[0x011dcbe4]} sys_lwmutex: _sys_lwmutex_destroy(lwmutex_id=0xb)
HLE: W {PPU[0x1] Thread (main_thread)[0x011dc89c]} sysPrxForUser: sys_lwmutex_create(lwmutex=*0x20126210, attr=*0x122ed50)
HLE: W {PPU[0x1] Thread (main_thread)[0x011dc89c]} sysPrxForUser: sys_lwmutex_create(lwmutex=*0x20126238, attr=*0x122ed50)
HLE: W {PPU[0x1] Thread (main_thread)[0x011dc89c]} sysPrxForUser: sys_lwmutex_create(lwmutex=*0x20126260, attr=*0x122ed50)
HLE: W {PPU[0x1] Thread (main_thread)[0x011dc89c]} sysPrxForUser: sys_lwmutex_create(lwmutex=*0x20126288, attr=*0x122ed50)
HLE: W {PPU[0x1] Thread (main_thread)[0x011dc89c]} sysPrxForUser: sys_lwmutex_create(lwmutex=*0x201262b0, attr=*0x122ed50)
HLE: W {PPU[0x1] Thread (main_thread)[0x011dc89c]} sysPrxForUser: sys_lwmutex_create(lwmutex=*0x201262d8, attr=*0x122ed50)
HLE: W {PPU[0x1] Thread (main_thread)[0x011dc89c]} sysPrxForUser: sys_lwmutex_create(lwmutex=*0x20126300, attr=*0x122ed50)
HLE: W {PPU[0x1] Thread (main_thread)[0x011dc89c]} sysPrxForUser: sys_lwmutex_create(lwmutex=*0x20126328, attr=*0x122ed50)
HLE: W {PPU[0x1] Thread (main_thread)[0x011dc89c]} sysPrxForUser: sys_lwmutex_create(lwmutex=*0x20126350, attr=*0x122ed50)
HLE: W {PPU[0x1] Thread (main_thread)[0x011dc89c]} sysPrxForUser: sys_lwmutex_create(lwmutex=*0x20126378, attr=*0x122ed50)
HLE: W {PPU[0x1] Thread (main_thread)[0x011dc89c]} sysPrxForUser: sys_lwmutex_create(lwmutex=*0x201263a0, attr=*0x122ed50)
HLE: W {PPU[0x1] Thread (main_thread)[0x011dc89c]} sysPrxForUser: sys_lwmutex_create(lwmutex=*0x201263c8, attr=*0x122ed50)
HLE: W {PPU[0x1] Thread (main_thread)[0x00d010e4]} sys_time: sys_time_get_timezone(timezone=*0xd007fb20, summertime=*0xd007fb24)
HLE: W {PPU[0x1] Thread (main_thread)[0x00d02b6c]} sys_time: sys_time_get_timezone(timezone=*0xd007fb20, summertime=*0xd007fb24)
HLE: W {PPU[0x1] Thread (main_thread)[0x00d01088]} sys_time: sys_time_get_timezone(timezone=*0xd007fb20, summertime=*0xd007fb24)
HLE: W {PPU[0x1] Thread (main_thread)[0x00d02b6c]} sys_time: sys_time_get_timezone(timezone=*0xd007fb20, summertime=*0xd007fb24)
HLE: W {PPU[0x1] Thread (main_thread)[0x011dc89c]} sysPrxForUser: sys_lwmutex_create(lwmutex=*0x187d220, attr=*0xd007fb50)
HLE: W {PPU[0x1] Thread (main_thread)[0x011dc89c]} sysPrxForUser: sys_lwmutex_create(lwmutex=*0x1511a80, attr=*0xd007fbb0)
HLE: W {PPU[0x1] Thread (main_thread)[0x011dc89c]} sysPrxForUser: sys_lwmutex_create(lwmutex=*0x1540058, attr=*0xd007fbb0)
HLE: W {PPU[0x1] Thread (main_thread)[0x011dc89c]} sysPrxForUser: sys_lwmutex_create(lwmutex=*0x1540030, attr=*0xd007fbf0)
HLE: W {PPU[0x1] Thread (main_thread)[0x011dc89c]} sysPrxForUser: sys_lwmutex_create(lwmutex=*0x1540008, attr=*0xd007fbf0)
HLE: W {PPU[0x1] Thread (main_thread)[0x011dc89c]} sysPrxForUser: sys_lwmutex_create(lwmutex=*0x18dbb10, attr=*0xd007fbd0)
HLE: W {PPU[0x1] Thread (main_thread)[0x011dc89c]} sysPrxForUser: sys_lwmutex_create(lwmutex=*0x1867738, attr=*0x150df2c)
HLE: W {PPU[0x1] Thread (main_thread)[0x011dc89c]} sysPrxForUser: sys_lwmutex_create(lwmutex=*0x18676c0, attr=*0x150df2c)
HLE: W {PPU[0x1] Thread (main_thread)[0x011dc89c]} sysPrxForUser: sys_lwmutex_create(lwmutex=*0x1856ef8, attr=*0xd007fb70)
HLE: W {PPU[0x1] Thread (main_thread)[0x011dc89c]} sysPrxForUser: sys_lwmutex_create(lwmutex=*0x1856ee0, attr=*0xd007fb70)
HLE: W {PPU[0x1] Thread (main_thread)[0x011dc89c]} sysPrxForUser: sys_lwmutex_create(lwmutex=*0x2012c408, attr=*0xd007fb50)
HLE: W {PPU[0x1] Thread (main_thread)[0x011dc89c]} sysPrxForUser: sys_lwmutex_create(lwmutex=*0x2012c468, attr=*0xd007fb50)
HLE: W {PPU[0x1] Thread (main_thread)[0x011dc89c]} sysPrxForUser: sys_lwmutex_create(lwmutex=*0x18baa98, attr=*0xd007fad0)
HLE: W {PPU[0x1] Thread (main_thread)[0x011dc89c]} sysPrxForUser: sys_lwmutex_create(lwmutex=*0x182f118, attr=*0xd007fb60)
HLE: W {PPU[0x1] Thread (main_thread)[0x011dc89c]} sysPrxForUser: sys_lwmutex_create(lwmutex=*0x1565a68, attr=*0xd007fb60)
HLE: W {PPU[0x1] Thread (main_thread)[0x011dc89c]} sysPrxForUser: sys_lwmutex_create(lwmutex=*0x1565a80, attr=*0xd007fb60)
HLE: W {PPU[0x1] Thread (main_thread)[0x011dc89c]} sysPrxForUser: sys_lwmutex_create(lwmutex=*0x1565978, attr=*0xd007fb50)
HLE: W {PPU[0x1] Thread (main_thread)[0x011dc89c]} sysPrxForUser: sys_lwmutex_create(lwmutex=*0x1565950, attr=*0xd007fb50)
HLE: W {PPU[0x1] Thread (main_thread)[0x011dc89c]} sysPrxForUser: sys_lwmutex_create(lwmutex=*0x155d5c0, attr=*0xd007fb40)
HLE: W {PPU[0x1] Thread (main_thread)[0x011dc89c]} sysPrxForUser: sys_lwmutex_create(lwmutex=*0x155d400, attr=*0xd007fb40)
HLE: W {PPU[0x1] Thread (main_thread)[0x00a5dab4]} sys_spu: sys_spu_initialize(max_usable_spu=6, max_raw_spu=1)
HLE: W {PPU[0x1] Thread (main_thread)[0x011dcacc]} sysPrxForUser: sys_ppu_thread_once(once_ctrl=*0x1897ea4, init=*0x1500828)
HLE: W {PPU[0x1] Thread (main_thread)[0x011dc89c]} sysPrxForUser: sys_lwmutex_create(lwmutex=*0x1897a70, attr=*0xd007d580)
HLE: W {PPU[0x1] Thread (main_thread)[0x00d0d794]} sys_event: sys_event_queue_create(equeue_id=*0x1897a8c, attr=*0xd007d670, event_queue_key=0x0, size=127)
HLE: W {PPU[0x1] Thread (main_thread)[0x00d0d7b8]} sys_event: sys_event_port_create(eport_id=*0x1897a90, port_type=1, name=0xffffffff0000dead)
HLE: W {PPU[0x1] Thread (main_thread)[0x00d0d7d4]} sys_event: sys_event_port_connect_local(eport_id=0x35, equeue_id=0x34)
HLE: W {PPU[0x1] Thread (main_thread)[0x011dc7bc]} sysPrxForUser: sys_ppu_thread_create(thread_id=*0x1897a98, entry=0x1500820, arg=0x0, prio=1000, stacksize=0x1000, flags=0x1, threadname=*0x1391508)
HLE: W {PPU[0x1] Thread (main_thread)[0x011dc7bc]} sys_ppu_thread: _sys_ppu_thread_create(thread_id=*0x1897a98, param=*0xd007d5f8, arg=0x0, unk=0x0, prio=1000, stacksize=0x1000, flags=0x1, threadname=*0x1391508)
HLE: W {PPU[0x1] Thread (main_thread)[0x011dc7bc]} sys_ppu_thread: sys_ppu_thread_start(thread_id=0x36)
HLE: W {PPU[0x1] Thread (main_thread)[0x011dc944]} sysPrxForUser: _sys_spu_printf_initialize(agcb=*0x1500810, dgcb=*0x1500808, atcb=*0x1500800, dtcb=*0x15007f8)
HLE: W {PPU[0x1] Thread (main_thread)[0x011dba2c]} cellSpurs: _cellSpursAttributeInitialize(attr=*0xd007f180, revision=2, sdkVersion=0x270001, nSpus=4, spuPriority=200, ppuPriority=1000, exitIfNoWork=0)
HLE: W {PPU[0x1] Thread (main_thread)[0x011db674]} cellSpurs: cellSpursAttributeEnableSpuPrintfIfAvailable(attr=*0xd007f180)
HLE: W {PPU[0x1] Thread (main_thread)[0x011db63c]} cellSpurs: cellSpursAttributeSetNamePrefix(attr=*0xd007f180, prefix=*0x1362888, size=10)
HLE: W {PPU[0x1] Thread (main_thread)[0x011dbad4]} cellSpurs: cellSpursInitializeWithAttribute(spurs=*0x20146d80, attr=*0xd007f180)
HLE: W {PPU[0x1] Thread (main_thread)[0x011dbad4]} sys_process: sys_process_is_spu_lock_line_reservation_address(addr=0x20146d80, flags=0x2)
HLE: W {PPU[0x1] Thread (main_thread)[0x011dbad4]} sys_semaphore: sys_semaphore_create(sem_id=*0xd007e018, attr=*0xd007dff8, initial_val=0, max_val=1)
HLE: W {PPU[0x1] Thread (main_thread)[0x011dbad4]} sys_semaphore: sys_semaphore_create(sem_id=*0xd007e018, attr=*0xd007dff8, initial_val=0, max_val=1)
HLE: W {PPU[0x1] Thread (main_thread)[0x011dbad4]} sys_semaphore: sys_semaphore_create(sem_id=*0xd007e018, attr=*0xd007dff8, initial_val=0, max_val=1)
HLE: W {PPU[0x1] Thread (main_thread)[0x011dbad4]} sys_semaphore: sys_semaphore_create(sem_id=*0xd007e018, attr=*0xd007dff8, initial_val=0, max_val=1)
HLE: W {PPU[0x1] Thread (main_thread)[0x011dbad4]} sys_semaphore: sys_semaphore_create(sem_id=*0xd007e018, attr=*0xd007dff8, initial_val=0, max_val=1)
HLE: W {PPU[0x1] Thread (main_thread)[0x011dbad4]} sys_semaphore: sys_semaphore_create(sem_id=*0xd007e018, attr=*0xd007dff8, initial_val=0, max_val=1)
HLE: W {PPU[0x1] Thread (main_thread)[0x011dbad4]} sys_semaphore: sys_semaphore_create(sem_id=*0xd007e018, attr=*0xd007dff8, initial_val=0, max_val=1)
HLE: W {PPU[0x1] Thread (main_thread)[0x011dbad4]} sys_semaphore: sys_semaphore_create(sem_id=*0xd007e018, attr=*0xd007dff8, initial_val=0, max_val=1)
HLE: W {PPU[0x1] Thread (main_thread)[0x011dbad4]} sys_semaphore: sys_semaphore_create(sem_id=*0xd007e018, attr=*0xd007dff8, initial_val=0, max_val=1)
HLE: W {PPU[0x1] Thread (main_thread)[0x011dbad4]} sys_semaphore: sys_semaphore_create(sem_id=*0xd007e018, attr=*0xd007dff8, initial_val=0, max_val=1)
HLE: W {PPU[0x1] Thread (main_thread)[0x011dbad4]} sys_semaphore: sys_semaphore_create(sem_id=*0xd007e018, attr=*0xd007dff8, initial_val=0, max_val=1)
HLE: W {PPU[0x1] Thread (main_thread)[0x011dbad4]} sys_semaphore: sys_semaphore_create(sem_id=*0xd007e018, attr=*0xd007dff8, initial_val=0, max_val=1)
HLE: W {PPU[0x1] Thread (main_thread)[0x011dbad4]} sys_semaphore: sys_semaphore_create(sem_id=*0xd007e018, attr=*0xd007dff8, initial_val=0, max_val=1)
HLE: W {PPU[0x1] Thread (main_thread)[0x011dbad4]} sys_semaphore: sys_semaphore_create(sem_id=*0xd007e018, attr=*0xd007dff8, initial_val=0, max_val=1)
HLE: W {PPU[0x1] Thread (main_thread)[0x011dbad4]} sys_semaphore: sys_semaphore_create(sem_id=*0xd007e018, attr=*0xd007dff8, initial_val=0, max_val=1)
HLE: W {PPU[0x1] Thread (main_thread)[0x011dbad4]} sys_semaphore: sys_semaphore_create(sem_id=*0xd007e018, attr=*0xd007dff8, initial_val=0, max_val=1)
HLE: W {PPU[0x1] Thread (main_thread)[0x011dbad4]} sys_semaphore: sys_semaphore_create(sem_id=*0xd007e018, attr=*0xd007dff8, initial_val=0, max_val=1)
HLE: W {PPU[0x1] Thread (main_thread)[0x011dbad4]} sys_spu: sys_spu_thread_group_create(id=*0xd007dfd8, num=4, prio=200, attr=*0xd007df48)
HLE: W {PPU[0x1] Thread (main_thread)[0x011dbad4]} sys_spu: sys_spu_thread_initialize(thread=*0xd007df20, group=0x48, spu_num=0, img=*0x20147af0, attr=*0xd007df10, arg=*0xd007df28)
HLE: E {PPU[0x1] Thread (main_thread)[0x011dbad4]} sys_spu: Unsupported SPU Thread options (0x2)
HLE: W {PPU[0x1] Thread (main_thread)[0x011dbad4]} sys_spu: sys_spu_thread_initialize(thread=*0xd007df20, group=0x48, spu_num=1, img=*0x20147af0, attr=*0xd007df10, arg=*0xd007df28)
HLE: E {PPU[0x1] Thread (main_thread)[0x011dbad4]} sys_spu: Unsupported SPU Thread options (0x2)
HLE: W {PPU[0x1] Thread (main_thread)[0x011dbad4]} sys_spu: sys_spu_thread_initialize(thread=*0xd007df20, group=0x48, spu_num=2, img=*0x20147af0, attr=*0xd007df10, arg=*0xd007df28)
HLE: E {PPU[0x1] Thread (main_thread)[0x011dbad4]} sys_spu: Unsupported SPU Thread options (0x2)
HLE: W {PPU[0x1] Thread (main_thread)[0x011dbad4]} sys_spu: sys_spu_thread_initialize(thread=*0xd007df20, group=0x48, spu_num=3, img=*0x20147af0, attr=*0xd007df10, arg=*0xd007df28)
HLE: E {PPU[0x1] Thread (main_thread)[0x011dbad4]} sys_spu: Unsupported SPU Thread options (0x2)
HLE: W {PPU[0x1] Thread (main_thread)[0x00d0d390]} sys_spu: sys_spu_thread_group_connect_event_all_threads(id=0x48, eq=0x34, req=0x2, spup=*0xd007ddf0)
HLE: W {PPU[0x1] Thread (main_thread)[0x011dbad4]} sysPrxForUser: sys_lwmutex_create(lwmutex=*0x20147b30, attr=*0xd007dfe0)
HLE: W {PPU[0x1] Thread (main_thread)[0x011dbad4]} sysPrxForUser: sys_lwcond_create(lwcond=*0x20147b48, lwmutex=*0x20147b30, attr=*0xd007dff0)
HLE: W {PPU[0x1] Thread (main_thread)[0x011dbad4]} sys_event: sys_event_queue_create(equeue_id=*0x20147adc, attr=*0xd007de78, event_queue_key=0x0, size=42)
HLE: W {PPU[0x1] Thread (main_thread)[0x011dbad4]} sys_spu: sys_spu_thread_group_connect_event_all_threads(id=0x48, eq=0x4f, req=0xffffffffffff0000, spup=*0x20146e49)
HLE: W {PPU[0x1] Thread (main_thread)[0x011dbad4]} sys_event: sys_event_port_create(eport_id=*0x20147ae0, port_type=1, name=0x0)
HLE: W {PPU[0x1] Thread (main_thread)[0x011dbad4]} sys_event: sys_event_port_connect_local(eport_id=0x50, equeue_id=0x4f)
HLE: W {PPU[0x1] Thread (main_thread)[0x011dbad4]} cellSpurs: cellSpursEnableExceptionEventHandler(spurs=*0x20146d80, flag=1)
HLE: W {PPU[0x52] Thread (A2M MPAL )[0x00000000]} sys_spu: sys_spu_thread_group_start(id=0x48)
HLE: W {PPU[0x1] Thread (main_thread)[0x011dbad4]} sys_spu: sys_spu_thread_group_connect_event(id=0x48, eq=0x4f, et=2)
SPU: S {PPU[0x52] Thread (A2M MPAL )[0x00000000]} SPU Database initialized...
SPU: S {PPU[0x52] Thread (A2M MPAL )[0x00000000]} SPU Recompiler (ASMJIT) created...
HLE: W {PPU[0x52] Thread (A2M MPAL )[0x00000000]} sys_spu: sys_spu_thread_group_join(id=0x48, cause=*0x0, status=*0x0)
HLE: W {PPU[0x1] Thread (main_thread)[0x011db984]} cellSpurs: cellSpursWakeUp(spurs=*0x20146d80)
HLE: W {PPU[0x1] Thread (main_thread)[0x011dba2c]} cellSpurs: _cellSpursAttributeInitialize(attr=*0xd007f180, revision=2, sdkVersion=0x270001, nSpus=1, spuPriority=200, ppuPriority=1000, exitIfNoWork=0)
HLE: W {PPU[0x1] Thread (main_thread)[0x011db63c]} cellSpurs: cellSpursAttributeSetNamePrefix(attr=*0xd007f180, prefix=*0x13629d0, size=13)
HLE: W {PPU[0x1] Thread (main_thread)[0x011dbad4]} cellSpurs: cellSpursInitializeWithAttribute(spurs=*0x20147e00, attr=*0xd007f180)
HLE: W {PPU[0x1] Thread (main_thread)[0x011dbad4]} sys_process: sys_process_is_spu_lock_line_reservation_address(addr=0x20147e00, flags=0x2)
SPU: S {SPU[0x49] Thread (A2M MPAL CellSpursKernel0)[0x00818]} Function detected [0x00818-0x00820] (size=0x8)
HLE: W {PPU[0x1] Thread (main_thread)[0x011dbad4]} sys_semaphore: sys_semaphore_create(sem_id=*0xd007e018, attr=*0xd007dff8, initial_val=0, max_val=1)
HLE: W {PPU[0x1] Thread (main_thread)[0x011dbad4]} sys_semaphore: sys_semaphore_create(sem_id=*0xd007e018, attr=*0xd007dff8, initial_val=0, max_val=1)
HLE: W {PPU[0x1] Thread (main_thread)[0x011dbad4]} sys_semaphore: sys_semaphore_create(sem_id=*0xd007e018, attr=*0xd007dff8, initial_val=0, max_val=1)
HLE: W {PPU[0x1] Thread (main_thread)[0x011dbad4]} sys_semaphore: sys_semaphore_create(sem_id=*0xd007e018, attr=*0xd007dff8, initial_val=0, max_val=1)
HLE: W {PPU[0x1] Thread (main_thread)[0x011dbad4]} sys_semaphore: sys_semaphore_create(sem_id=*0xd007e018, attr=*0xd007dff8, initial_val=0, max_val=1)
HLE: W {PPU[0x1] Thread (main_thread)[0x011dbad4]} sys_semaphore: sys_semaphore_create(sem_id=*0xd007e018, attr=*0xd007dff8, initial_val=0, max_val=1)
HLE: W {PPU[0x1] Thread (main_thread)[0x011dbad4]} sys_semaphore: sys_semaphore_create(sem_id=*0xd007e018, attr=*0xd007dff8, initial_val=0, max_val=1)
HLE: W {PPU[0x1] Thread (main_thread)[0x011dbad4]} sys_semaphore: sys_semaphore_create(sem_id=*0xd007e018, attr=*0xd007dff8, initial_val=0, max_val=1)
HLE: W {PPU[0x1] Thread (main_thread)[0x011dbad4]} sys_semaphore: sys_semaphore_create(sem_id=*0xd007e018, attr=*0xd007dff8, initial_val=0, max_val=1)
HLE: W {PPU[0x1] Thread (main_thread)[0x011dbad4]} sys_semaphore: sys_semaphore_create(sem_id=*0xd007e018, attr=*0xd007dff8, initial_val=0, max_val=1)
HLE: W {PPU[0x1] Thread (main_thread)[0x011dbad4]} sys_semaphore: sys_semaphore_create(sem_id=*0xd007e018, attr=*0xd007dff8, initial_val=0, max_val=1)
HLE: W {PPU[0x1] Thread (main_thread)[0x011dbad4]} sys_semaphore: sys_semaphore_create(sem_id=*0xd007e018, attr=*0xd007dff8, initial_val=0, max_val=1)
HLE: W {PPU[0x1] Thread (main_thread)[0x011dbad4]} sys_semaphore: sys_semaphore_create(sem_id=*0xd007e018, attr=*0xd007dff8, initial_val=0, max_val=1)
HLE: W {PPU[0x1] Thread (main_thread)[0x011dbad4]} sys_semaphore: sys_semaphore_create(sem_id=*0xd007e018, attr=*0xd007dff8, initial_val=0, max_val=1)
HLE: W {PPU[0x1] Thread (main_thread)[0x011dbad4]} sys_semaphore: sys_semaphore_create(sem_id=*0xd007e018, attr=*0xd007dff8, initial_val=0, max_val=1)
HLE: W {PPU[0x1] Thread (main_thread)[0x011dbad4]} sys_semaphore: sys_semaphore_create(sem_id=*0xd007e018, attr=*0xd007dff8, initial_val=0, max_val=1)
HLE: W {PPU[0x1] Thread (main_thread)[0x011dbad4]} sys_semaphore: sys_semaphore_create(sem_id=*0xd007e018, attr=*0xd007dff8, initial_val=0, max_val=1)
HLE: W {PPU[0x1] Thread (main_thread)[0x011dbad4]} sys_spu: sys_spu_thread_group_create(id=*0xd007dfd8, num=1, prio=200, attr=*0xd007df48)
HLE: W {PPU[0x1] Thread (main_thread)[0x011dbad4]} sys_spu: sys_spu_thread_initialize(thread=*0xd007df20, group=0x64, spu_num=0, img=*0x20148b70, attr=*0xd007df10, arg=*0xd007df28)
HLE: E {PPU[0x1] Thread (main_thread)[0x011dbad4]} sys_spu: Unsupported SPU Thread options (0x2)
HLE: W {PPU[0x1] Thread (main_thread)[0x011dbad4]} sysPrxForUser: sys_lwmutex_create(lwmutex=*0x20148bb0, attr=*0xd007dfe0)
HLE: W {PPU[0x1] Thread (main_thread)[0x011dbad4]} sysPrxForUser: sys_lwcond_create(lwcond=*0x20148bc8, lwmutex=*0x20148bb0, attr=*0xd007dff0)
HLE: W {PPU[0x1] Thread (main_thread)[0x011dbad4]} sys_event: sys_event_queue_create(equeue_id=*0x20148b5c, attr=*0xd007de78, event_queue_key=0x0, size=42)
HLE: W {PPU[0x1] Thread (main_thread)[0x011dbad4]} sys_spu: sys_spu_thread_group_connect_event_all_threads(id=0x64, eq=0x68, req=0xffffffffffff0000, spup=*0x20147ec9)
HLE: W {PPU[0x1] Thread (main_thread)[0x011dbad4]} sys_event: sys_event_port_create(eport_id=*0x20148b60, port_type=1, name=0x0)
HLE: W {PPU[0x1] Thread (main_thread)[0x011dbad4]} sys_event: sys_event_port_connect_local(eport_id=0x69, equeue_id=0x68)
HLE: W {PPU[0x1] Thread (main_thread)[0x011dbad4]} cellSpurs: cellSpursEnableExceptionEventHandler(spurs=*0x20147e00, flag=1)
HLE: W {PPU[0x1] Thread (main_thread)[0x011dbad4]} sys_spu: sys_spu_thread_group_connect_event(id=0x64, eq=0x68, et=2)
HLE: W {PPU[0x6b] Thread (A2M MStream )[0x00000000]} sys_spu: sys_spu_thread_group_start(id=0x64)
HLE: W {PPU[0x1] Thread (main_thread)[0x011db984]} cellSpurs: cellSpursWakeUp(spurs=*0x20147e00)
HLE: W {PPU[0x6b] Thread (A2M MStream )[0x00000000]} sys_spu: sys_spu_thread_group_join(id=0x64, cause=*0x0, status=*0x0)
HLE: W {PPU[0x1] Thread (main_thread)[0x011dc89c]} sysPrxForUser: sys_lwmutex_create(lwmutex=*0x201201a8, attr=*0xd007f1e0)
HLE: W {PPU[0x1] Thread (main_thread)[0x011dc89c]} sysPrxForUser: sys_lwmutex_create(lwmutex=*0x201201d8, attr=*0xd007f1e0)
HLE: W {PPU[0x1] Thread (main_thread)[0x011dc89c]} sysPrxForUser: sys_lwmutex_create(lwmutex=*0x201440f8, attr=*0xd007f1e0)
HLE: W {PPU[0x1] Thread (main_thread)[0x011dc89c]} sysPrxForUser: sys_lwmutex_create(lwmutex=*0x2014f568, attr=*0xd007f1a8)
HLE: W {PPU[0x1] Thread (main_thread)[0x011dcc1c]} sysPrxForUser: sys_lwcond_create(lwcond=*0x2014f580, lwmutex=*0x2014f568, attr=*0xd007f1a0)
HLE: W {PPU[0x1] Thread (main_thread)[0x011dc89c]} sysPrxForUser: sys_lwmutex_create(lwmutex=*0x2014f5a0, attr=*0xd007f1a8)
HLE: W {PPU[0x1] Thread (main_thread)[0x011dcc1c]} sysPrxForUser: sys_lwcond_create(lwcond=*0x2014f5b8, lwmutex=*0x2014f5a0, attr=*0xd007f1a0)
HLE: W {PPU[0x1] Thread (main_thread)[0x011dc7bc]} sysPrxForUser: sys_ppu_thread_create(thread_id=*0x20126408, entry=0x14f17f8, arg=0x2014f558, prio=1001, stacksize=0x8000, flags=0x1, threadname=*0x20126414)
HLE: W {PPU[0x1] Thread (main_thread)[0x011dc7bc]} sys_ppu_thread: _sys_ppu_thread_create(thread_id=*0x20126408, param=*0xd007f008, arg=0x2014f558, unk=0x0, prio=1001, stacksize=0x8000, flags=0x1, threadname=*0x20126414)
HLE: W {PPU[0x1] Thread (main_thread)[0x011dc7bc]} sys_ppu_thread: sys_ppu_thread_start(thread_id=0x73)
HLE: W {PPU[0x1] Thread (main_thread)[0x011dc7bc]} sysPrxForUser: sys_ppu_thread_create(thread_id=*0x20126430, entry=0x14f17f8, arg=0x2014f590, prio=1001, stacksize=0x8000, flags=0x1, threadname=*0x2012643c)
HLE: W {PPU[0x1] Thread (main_thread)[0x011dc7bc]} sys_ppu_thread: _sys_ppu_thread_create(thread_id=*0x20126430, param=*0xd007f008, arg=0x2014f590, unk=0x0, prio=1001, stacksize=0x8000, flags=0x1, threadname=*0x2012643c)
HLE: W {PPU[0x1] Thread (main_thread)[0x011dc7bc]} sys_ppu_thread: sys_ppu_thread_start(thread_id=0x74)
HLE: W {PPU[0x1] Thread (main_thread)[0x011dc7bc]} sysPrxForUser: sys_ppu_thread_create(thread_id=*0x20126458, entry=0x14f17f8, arg=0x20144110, prio=1001, stacksize=0x8000, flags=0x1, threadname=*0x20126464)
HLE: W {PPU[0x1] Thread (main_thread)[0x011dc7bc]} sys_ppu_thread: _sys_ppu_thread_create(thread_id=*0x20126458, param=*0xd007f348, arg=0x20144110, unk=0x0, prio=1001, stacksize=0x8000, flags=0x1, threadname=*0x20126464)
HLE: W {PPU[0x1] Thread (main_thread)[0x011dc7bc]} sys_ppu_thread: sys_ppu_thread_start(thread_id=0x75)
HLE: W {PPU[0x1] Thread (main_thread)[0x011d9d14]} cellSysmodule: cellSysmoduleLoadModule(id=0x000e: CELL_SYSMODULE_FS)
HLE: W {PPU[0x1] Thread (main_thread)[0x011d9d14]} cellSysmodule: cellSysmoduleLoadModule(id=0x0000: CELL_SYSMODULE_NET)
HLE: W {PPU[0x1] Thread (main_thread)[0x011db214]} cellSysutil: cellSysutilRegisterCallback(slot=0, func=*0x14f16d0, userdata=*0x201251fc)
HLE: W {PPU[0x1] Thread (main_thread)[0x011dc89c]} sysPrxForUser: sys_lwmutex_create(lwmutex=*0x20176b10, attr=*0xd007ef38)
HLE: W {PPU[0x1] Thread (main_thread)[0x011dcc1c]} sysPrxForUser: sys_lwcond_create(lwcond=*0x20176b28, lwmutex=*0x20176b10, attr=*0xd007ef30)
HLE: W {PPU[0x1] Thread (main_thread)[0x011dafe4]} cellSysutil: cellSysCacheMount(param=*0xd007f204)
HLE: W {PPU[0x73] Thread (CommandQueueConsumerThread)[0x011db39c]} cellGame: cellGameDataCheckCreate2(version=0x0, dirName=*0x20176b58, errDialog=0x1, funcStat=*0x14f17b0, container=-1)
G: W {PPU[0x1] Thread (main_thread)[0x011dafe4]} Error creating directory 'D:/Emulateurs/Rpcs3/dev_hdd1/cache': 0xb7
HLE: W {PPU[0x1] Thread (main_thread)[0x00d0dc88]} sys_fs: sys_fs_stat(path=*0xd007f4f8, sb=*0xd007f3e0)
HLE: W {PPU[0x1] Thread (main_thread)[0x00d0dc88]} sys_fs: *** path = '/dev_bdvd/PS3_GAME/USRDIR/engine.ini'
HLE: W {PPU[0x1] Thread (main_thread)[0x011d9d4c]} cellSysmodule: cellSysmoduleIsLoaded(id=0x000e: CELL_SYSMODULE_FS)
HLE: ! {PPU[0x1] Thread (main_thread)[0x011d9fec]} cellFs: cellFsSdataOpen(path=*0xd007ee40, flags=0, fd=*0xd007f0d4, arg=*0x0, size=0x0)
HLE: W {PPU[0x1] Thread (main_thread)[0x011d9fec]} cellFs: cellFsOpen(path=*0xd007ee40, flags=0, fd=*0xd007f0d4, arg=*0xd007edc8, size=0x8) -> sys_fs_open()
HLE: W {PPU[0x1] Thread (main_thread)[0x011d9fec]} sys_fs: sys_fs_open(path=*0xd007ee40, flags=0, fd=*0xd007f0d4, mode=0, arg=*0xd007edc8, size=0x8)
HLE: W {PPU[0x1] Thread (main_thread)[0x011d9fec]} sys_fs: *** path = '/dev_bdvd/PS3_GAME/USRDIR/engine.sdat'
HLE: W {PPU[0x1] Thread (main_thread)[0x011dc89c]} sysPrxForUser: sys_lwmutex_create(lwmutex=*0x1856eb0, attr=*0xd007f380)
G: ! {PPU[0x1] Thread (main_thread)[0x00d041c8]} Registers:
=========
GPR[0] = 0x100
GPR[1] = 0xd007f490
GPR[2] = 0x15089e8
GPR[3] = 0x0
GPR[4] = 0x0
GPR[5] = 0x0
GPR[6] = 0x7f7f7f7f7f7f7f7f
GPR[7] = 0xd007f3f0
GPR[8] = 0x10
GPR[9] = 0x1454350
GPR[10] = 0x7f7f7f7f7f7f7f7f
GPR[11] = 0x14b2138
GPR[12] = 0xc
GPR[13] = 0x1935030
GPR[14] = 0x0
GPR[15] = 0x1446000
GPR[16] = 0x1540000
GPR[17] = 0xd007f5d0
GPR[18] = 0xd007f5b4
GPR[19] = 0x1540000
GPR[20] = 0x1540000
GPR[21] = 0x1540000
GPR[22] = 0x1540000
GPR[23] = 0x1540000
GPR[24] = 0x1540000
GPR[25] = 0xd007f9e0
GPR[26] = 0xd007f9e0
GPR[27] = 0x0
GPR[28] = 0x133ea40
GPR[29] = 0xd007f9f0
GPR[30] = 0x0
GPR[31] = 0xd007f9f0
FPR[0] = 5
FPR[1] = 30
FPR[2] = 0
FPR[3] = 0
FPR[4] = 0
FPR[5] = 0
FPR[6] = 0
FPR[7] = 0
FPR[8] = 0
FPR[9] = -0.0957823
FPR[10] = 0.0304617
FPR[11] = 0.499999
FPR[12] = 1
FPR[13] = 0
FPR[14] = 0
FPR[15] = 0
FPR[16] = 0
FPR[17] = 0
FPR[18] = 0
FPR[19] = 0
FPR[20] = 0
FPR[21] = 0
FPR[22] = 0
FPR[23] = 0
FPR[24] = 0
FPR[25] = 0
FPR[26] = 0
FPR[27] = 0
FPR[28] = 0
FPR[29] = 0
FPR[30] = 0
FPR[31] = 0
VPR[0] = 0x3f800000000000000000000000000000 [x: 1 y: 0 z: 0 w: 0]
VPR[1] = 0x000000003f8000000000000000000000 [x: 0 y: 1 z: 0 w: 0]
VPR[2] = 0x0000000002a7a9300000000002a7a930 [x: 0 y: 2.46356e-37 z: 0 w: 2.46356e-37]
VPR[3] = 0x0000000002a7a9300000000002a7a930 [x: 0 y: 2.46356e-37 z: 0 w: 2.46356e-37]
VPR[4] = 0x0000000002a7b6f00000000002a7b6f0 [x: 0 y: 2.46434e-37 z: 0 w: 2.46434e-37]
VPR[5] = 0x0000000002a7a9300000000002a7a930 [x: 0 y: 2.46356e-37 z: 0 w: 2.46356e-37]
VPR[6] = 0x0000000002a7a9300000000002a7a930 [x: 0 y: 2.46356e-37 z: 0 w: 2.46356e-37]
VPR[7] = 0x3f8000003f8000003f80000000000000 [x: 1 y: 1 z: 1 w: 0]
VPR[8] = 0x0000000000000000000000003f800000 [x: 0 y: 0 z: 0 w: 1]
VPR[9] = 0x00000000000000000000000000000000 [x: 0 y: 0 z: 0 w: 0]
VPR[10] = 0x3f800000000000000000000000000000 [x: 1 y: 0 z: 0 w: 0]
VPR[11] = 0x0000000000000000000000003f800000 [x: 0 y: 0 z: 0 w: 1]
VPR[12] = 0x000000003f8000000000000000000000 [x: 0 y: 1 z: 0 w: 0]
VPR[13] = 0x00000000000000003f80000000000000 [x: 0 y: 0 z: 1 w: 0]
VPR[14] = 0x0000000002a7a9300000000002a7a930 [x: 0 y: 2.46356e-37 z: 0 w: 2.46356e-37]
VPR[15] = 0x0000000002a7a9300000000002a7a930 [x: 0 y: 2.46356e-37 z: 0 w: 2.46356e-37]
VPR[16] = 0x0000000002a7a9300000000002a7a930 [x: 0 y: 2.46356e-37 z: 0 w: 2.46356e-37]
VPR[17] = 0x0000000002a7a9300000000002a7a930 [x: 0 y: 2.46356e-37 z: 0 w: 2.46356e-37]
VPR[18] = 0x0000000002a7b8700000000002a7b210 [x: 0 y: 2.46443e-37 z: 0 w: 2.46406e-37]
VPR[19] = 0x0000000002a7a9300000000002a7a930 [x: 0 y: 2.46356e-37 z: 0 w: 2.46356e-37]
VPR[20] = 0x0000000002a7b3b00000000002a7b3b0 [x: 0 y: 2.46416e-37 z: 0 w: 2.46416e-37]
VPR[21] = 0x0000000002a7a9300000000002a7a930 [x: 0 y: 2.46356e-37 z: 0 w: 2.46356e-37]
VPR[22] = 0x0000000002a7b7d00000000002a7b7d0 [x: 0 y: 2.46439e-37 z: 0 w: 2.46439e-37]
VPR[23] = 0x0000000002a7a9300000000002a7a930 [x: 0 y: 2.46356e-37 z: 0 w: 2.46356e-37]
VPR[24] = 0x0000000002a7a9300000000002a7a930 [x: 0 y: 2.46356e-37 z: 0 w: 2.46356e-37]
VPR[25] = 0x0000000002a7a9300000000002a7a930 [x: 0 y: 2.46356e-37 z: 0 w: 2.46356e-37]
VPR[26] = 0x0000000002a7a9300000000002a7a930 [x: 0 y: 2.46356e-37 z: 0 w: 2.46356e-37]
VPR[27] = 0x0000000002a7a9300000000002a7a930 [x: 0 y: 2.46356e-37 z: 0 w: 2.46356e-37]
VPR[28] = 0x0000000002a7a9300000000002a7a930 [x: 0 y: 2.46356e-37 z: 0 w: 2.46356e-37]
VPR[29] = 0x0000000002a7a9300000000002a7a930 [x: 0 y: 2.46356e-37 z: 0 w: 2.46356e-37]
VPR[30] = 0x0000000002a7a9300000000002a7a930 [x: 0 y: 2.46356e-37 z: 0 w: 2.46356e-37]
VPR[31] = 0x0000000002a7a9300000000002a7a930 [x: 0 y: 2.46356e-37 z: 0 w: 2.46356e-37]
CR = 0x24002044
LR = 0xa5c170
CTR = 0x10
XER = 0x0 [CA=0 | OV=8589934592 | SO=0]
FPSCR = 0x0 [RN=0 | NI=0 | XE=0 | ZE=0 | UE=0 | OE=0 | VE=0 | VXCVI=0 | VXSQRT=0 | VXSOFT=0 | FPRF=0 | FI=0 | FR=0 | VXVC=0 | VXIMZ=0 | VXZDZ=0 | VXIDI=0 | VXISI=0 | VXSNAN=0 | XX=0 | ZX=0 | UX=0 | OX=0 | VX=0 | FEX=0 | FX=0]

G: E {PPU[0x1] Thread (main_thread)[0x00d041c8]} Exception: Access violation reading location 0x0
(in file ..\Utilities\Thread.cpp:1122, in function _se_translator)
G: ! Stopping emulator...
G: ! All threads signaled...
HLE: S {PPU[0x36] Thread (_SPU_printf_server)[0x00d0d568]} Last syscall: 130 (sys_event_queue_receive)
G: ! {PPU[0x75] Thread (SysUtilCallbackPollingThrea)[0x00a50400]} Thread aborted
G: ! {PPU[0x2] Thread (Callback Thread)[0x00000000]} Thread aborted
G: ! {PPU[0x36] Thread (_SPU_printf_server)[0x00d0d568]} Thread aborted
G: ! {PPU[0x51] Thread (A2M MPAL )[0x00000000]} Thread aborted
HLE: S {PPU[0x73] Thread (CommandQueueConsumerThread)[0x011dc82c]} Last function: sys_lwcond_wait (0x2a6d9d51)
G: ! {PPU[0x6a] Thread (A2M MStream )[0x00000000]} Thread aborted
HLE: S {PPU[0x74] Thread (CommandQueueConsumerThread)[0x011dc82c]} Last function: sys_lwcond_wait (0x2a6d9d51)
G: ! {PPU[0x73] Thread (CommandQueueConsumerThread)[0x011dc82c]} Thread aborted
G: ! {PPU[0x74] Thread (CommandQueueConsumerThread)[0x011dc82c]} Thread aborted
G: ! {PPU[0x52] Thread (A2M MPAL )[0x00000000]} Thread aborted
G: ! {PPU[0x6b] Thread (A2M MStream )[0x00000000]} Thread aborted
G: ! {SPU[0x49] Thread (A2M MPAL CellSpursKernel0)[0x00818]} Thread aborted
G: ! {SPU[0x65] Thread (A2M MStream CellSpursKernel0)[0x00818]} Thread aborted
G: ! {SPU[0x4c] Thread (A2M MPAL CellSpursKernel3)[0x00818]} Thread aborted
G: ! {SPU[0x4a] Thread (A2M MPAL CellSpursKernel1)[0x00818]} Thread aborted
G: ! {SPU[0x4b] Thread (A2M MPAL CellSpursKernel2)[0x00818]} Thread aborted
G: ! All threads stopped...
G: ! Objects cleared...
