HLE: ! path: /dev_hdd0/game/
LDR: E PSFLoader::Load() failed: unknown magic (0x0)
LDR: ! Loading 'D:/Emulateurs/Rpcs3/dev_hdd0/game/BLES01658-[Dragon Ball Z Budokai HD Collection]/PS3_GAME/USRDIR/BOOT.BIN'...
G: W fs::file::open('D:/Emulateurs/Rpcs3/dev_hdd0/game/BLES01658-[Dragon Ball Z Budokai HD Collection]/PS3_GAME/dev_bdvd.path', 0x1) failed: error 0x2
LDR: !  
LDR: ! Mount info:
LDR: ! /dev_usb000/ -> D:/Emulateurs/Rpcs3/dev_usb000/
LDR: ! /dev_flash/ -> D:/Emulateurs/Rpcs3/dev_flash/
LDR: ! /host_root/ -> 
LDR: ! /dev_hdd0/ -> D:/Emulateurs/Rpcs3/dev_hdd0/
LDR: ! /dev_hdd1/ -> D:/Emulateurs/Rpcs3/dev_hdd1/
LDR: ! /dev_bdvd/ -> D:/Emulateurs/Rpcs3/dev_hdd0/game/BLES01658-[Dragon Ball Z Budokai HD Collection]/
LDR: ! /dev_usb/ -> D:/Emulateurs/Rpcs3/dev_usb000/
LDR: !  
LDR: ! Title: Dragon Ball Z Budokai HD Collection
LDR: ! Serial: BLES01658
LDR: ! Elf path: /dev_bdvd/PS3_GAME/USRDIR/BOOT.BIN
LDR: ! loader::init() failed: Broken file
MEM: ! Initializing memory: g_base_addr = 0xe093480000, g_priv_addr = 0xe193480000
MEM: ! Memory initialized.
LDR: ! Imported function 'cellGcmGetTiledPitchSize' in 'cellGcmSys' module (0xf0a9c)
LDR: ! Imported function 'cellGcmSetUserHandler' in 'cellGcmSys' module (0xf0abc)
LDR: ! Imported function 'cellGcmSetQueueHandler' in 'cellGcmSys' module (0xf0adc)
LDR: ! Imported function '_cellGcmInitBody' in 'cellGcmSys' module (0xf0afc)
LDR: ! Imported function 'cellGcmAddressToOffset' in 'cellGcmSys' module (0xf0b1c)
LDR: ! Imported function '_cellGcmFunc15' in 'cellGcmSys' module (0xf0b3c)
LDR: ! Imported function 'cellGcmBindTile' in 'cellGcmSys' module (0xf0b5c)
LDR: ! Imported function 'cellGcmGetDefaultCommandWordSize' in 'cellGcmSys' module (0xf0b7c)
LDR: ! Imported function 'cellGcmGetDefaultSegmentWordSize' in 'cellGcmSys' module (0xf0b9c)
LDR: ! Imported function 'cellGcmSetDefaultFifoSize' in 'cellGcmSys' module (0xf0bbc)
LDR: ! Imported function 'cellGcmBindZcull' in 'cellGcmSys' module (0xf0bdc)
LDR: ! Imported function 'cellGcmMapMainMemory' in 'cellGcmSys' module (0xf0bfc)
LDR: ! Imported function 'cellGcmGetControlRegister' in 'cellGcmSys' module (0xf0c1c)
LDR: ! Imported function 'cellGcmSetTileInfo' in 'cellGcmSys' module (0xf0c3c)
LDR: ! Imported function 'cellGcmGetConfiguration' in 'cellGcmSys' module (0xf0c5c)
LDR: ! Imported function 'cellGcmGetLabelAddress' in 'cellGcmSys' module (0xf0c7c)
LDR: ! Imported function 'cellRescGcmSurface2RescSrc' in 'cellResc' module (0xf0c9c)
LDR: ! Imported function 'cellRescSetWaitFlip' in 'cellResc' module (0xf0cbc)
LDR: ! Imported function 'cellRescSetDsts' in 'cellResc' module (0xf0cdc)
LDR: ! Imported function 'cellRescResetFlipStatus' in 'cellResc' module (0xf0cfc)
LDR: ! Imported function 'cellRescAdjustAspectRatio' in 'cellResc' module (0xf0d1c)
LDR: ! Imported function 'cellRescSetDisplayMode' in 'cellResc' module (0xf0d3c)
LDR: ! Imported function 'cellRescSetConvertAndFlip' in 'cellResc' module (0xf0d5c)
LDR: ! Imported function 'cellRescExit' in 'cellResc' module (0xf0d7c)
LDR: ! Imported function 'cellRescInit' in 'cellResc' module (0xf0d9c)
LDR: ! Imported function 'cellRescGetBufferSize' in 'cellResc' module (0xf0dbc)
LDR: ! Imported function 'cellRescSetSrc' in 'cellResc' module (0xf0ddc)
LDR: ! Imported function 'cellRescSetBufferAddress' in 'cellResc' module (0xf0dfc)
LDR: ! Imported function 'cellRescGetFlipStatus' in 'cellResc' module (0xf0e1c)
LDR: ! Imported function 'cellRescVideoOutResolutionId2RescBufferMode' in 'cellResc' module (0xf0e3c)
LDR: ! Imported function 'cellRescSetVBlankHandler' in 'cellResc' module (0xf0e5c)
LDR: ! Imported function 'cellSysmoduleUnloadModule' in 'cellSysmodule' module (0xf0e7c)
LDR: ! Imported function 'cellSysmoduleLoadModule' in 'cellSysmodule' module (0xf0e9c)
LDR: ! Imported function 'cellVideoOutConfigure' in 'cellSysutil' module (0xf0ebc)
LDR: ! Imported function 'cellSysutilCheckCallback' in 'cellSysutil' module (0xf0edc)
LDR: ! Imported function 'cellMsgDialogClose' in 'cellSysutil' module (0xf0efc)
LDR: ! Imported function 'cellSysutilEnableBgmPlayback' in 'cellSysutil' module (0xf0f1c)
LDR: ! Imported function 'cellSysutilGetSystemParamInt' in 'cellSysutil' module (0xf0f3c)
LDR: ! Imported function 'cellAudioOutConfigure' in 'cellSysutil' module (0xf0f5c)
LDR: ! Imported function 'cellMsgDialogAbort' in 'cellSysutil' module (0xf0f7c)
LDR: ! Imported function 'cellMsgDialogOpen2' in 'cellSysutil' module (0xf0f9c)
LDR: ! Imported function 'cellVideoOutGetState' in 'cellSysutil' module (0xf0fbc)
LDR: ! Imported function 'cellMsgDialogProgressBarInc' in 'cellSysutil' module (0xf0fdc)
LDR: ! Imported function 'cellMsgDialogProgressBarSetMsg' in 'cellSysutil' module (0xf0ffc)
LDR: ! Imported function 'cellSysutilRegisterCallback' in 'cellSysutil' module (0xf101c)
LDR: ! Imported function 'cellSysutilGetBgmPlaybackStatus' in 'cellSysutil' module (0xf103c)
LDR: ! Imported function 'cellAudioOutGetSoundAvailability' in 'cellSysutil' module (0xf105c)
LDR: ! Imported function 'cellVideoOutGetResolution' in 'cellSysutil' module (0xf107c)
LDR: ! Imported function 'cellSaveDataEnableOverlay' in 'cellSysutil' module (0xf109c)
LDR: ! Imported function 'cellAudioOutGetConfiguration' in 'cellSysutil' module (0xf10bc)
LDR: ! Imported function 'cellAudioOutGetState' in 'cellSysutil' module (0xf10dc)
LDR: ! Imported function 'cellSaveDataAutoLoad2' in 'cellSysutil' module (0xf10fc)
LDR: ! Imported function 'cellSysutilDisableBgmPlayback' in 'cellSysutil' module (0xf1a3c)
LDR: ! Imported function 'cellAudioInit' in 'cellAudio' module (0xf111c)
LDR: ! Imported function 'cellAudioSetNotifyEventQueue' in 'cellAudio' module (0xf113c)
LDR: ! Imported function 'cellAudioGetPortTimestamp' in 'cellAudio' module (0xf115c)
LDR: ! Imported function 'cellAudioPortClose' in 'cellAudio' module (0xf117c)
LDR: ! Imported function 'cellAudioPortStop' in 'cellAudio' module (0xf119c)
LDR: ! Imported function 'cellAudioGetPortConfig' in 'cellAudio' module (0xf11bc)
LDR: ! Imported function 'cellAudioPortStart' in 'cellAudio' module (0xf11dc)
LDR: ! Imported function 'cellAudioQuit' in 'cellAudio' module (0xf11fc)
LDR: ! Imported function 'cellAudioPortOpen' in 'cellAudio' module (0xf121c)
LDR: ! Imported function 'cellAudioGetPortBlockTag' in 'cellAudio' module (0xf123c)
LDR: ! Imported function 'cellAudioRemoveNotifyEventQueue' in 'cellAudio' module (0xf125c)
LDR: ! Imported function 'cellSpursAttributeSetNamePrefix' in 'cellSpurs' module (0xf127c)
LDR: ! Imported function 'cellSpursAttributeEnableSpuPrintfIfAvailable' in 'cellSpurs' module (0xf129c)
LDR: ! Imported function '_cellSpursTasksetAttributeInitialize' in 'cellSpurs' module (0xf12bc)
LDR: ! Imported function 'cellSpursEventFlagDetachLv2EventQueue' in 'cellSpurs' module (0xf12dc)
LDR: ! Imported function 'cellSpursInitializeWithAttribute2' in 'cellSpurs' module (0xf12fc)
LDR: ! Imported function 'cellSpursEventFlagWait' in 'cellSpurs' module (0xf131c)
LDR: ! Imported function '_cellSpursEventFlagInitialize' in 'cellSpurs' module (0xf133c)
LDR: ! Imported function 'cellSpursTasksetAttributeSetName' in 'cellSpurs' module (0xf135c)
LDR: ! Imported function 'cellSpursEventFlagTryWait' in 'cellSpurs' module (0xf137c)
LDR: ! Imported function 'cellSpursEventFlagAttachLv2EventQueue' in 'cellSpurs' module (0xf139c)
LDR: ! Imported function '_cellSpursAttributeInitialize' in 'cellSpurs' module (0xf13bc)
LDR: ! Imported function 'cellSpursJoinTaskset' in 'cellSpurs' module (0xf13dc)
LDR: ! Imported function 'cellSpursShutdownTaskset' in 'cellSpurs' module (0xf13fc)
LDR: ! Imported function 'cellSpursInitializeWithAttribute' in 'cellSpurs' module (0xf141c)
LDR: ! Imported function 'cellSpursCreateTasksetWithAttribute' in 'cellSpurs' module (0xf143c)
LDR: ! Imported function 'cellSpursFinalize' in 'cellSpurs' module (0xf145c)
LDR: ! Imported function '_cellSpursLFQueueInitialize' in 'cellSpurs' module (0xf1c7c)
LDR: ! Imported function 'cellSpursLFQueueAttachLv2EventQueue' in 'cellSpurs' module (0xf1c9c)
LDR: ! Imported function 'cellSpursCreateTaskWithAttribute' in 'cellSpurs' module (0xf1cbc)
LDR: ! Imported function 'cellSpursLFQueueDetachLv2EventQueue' in 'cellSpurs' module (0xf1cdc)
LDR: ! Imported function 'cellSpursBarrierInitialize' in 'cellSpurs' module (0xf1cfc)
LDR: ! Imported function '_cellSpursLFQueuePushBody' in 'cellSpurs' module (0xf1d1c)
LDR: ! Imported function 'cellSpursTaskGetContextSaveAreaSize' in 'cellSpurs' module (0xf1d3c)
LDR: ! Imported function '_cellSpursTaskAttributeInitialize' in 'cellSpurs' module (0xf1d5c)
LDR: ! Imported function 'cellSpursCreateTask' in 'cellSpurs' module (0xf1d7c)
LDR: ! Imported function '_cellSpursSendSignal' in 'cellSpurs' module (0xf1d9c)
LDR: W Unknown module 'libgem'
LDR: ! Imported function 'cellGemInit' in 'libgem' module (0xf147c)
LDR: ! Imported function 'cellGemEnd' in 'libgem' module (0xf149c)
LDR: ! Imported function 'sceNpTrophyRegisterContext' in 'sceNpTrophy' module (0xf14bc)
LDR: ! Imported function 'sceNpTrophyCreateHandle' in 'sceNpTrophy' module (0xf14dc)
LDR: ! Imported function 'sceNpTrophySetSoundLevel' in 'sceNpTrophy' module (0xf14fc)
LDR: ! Imported function 'sceNpTrophyGetRequiredDiskSpace' in 'sceNpTrophy' module (0xf151c)
LDR: ! Imported function 'sceNpTrophyDestroyContext' in 'sceNpTrophy' module (0xf153c)
LDR: ! Imported function 'sceNpTrophyInit' in 'sceNpTrophy' module (0xf155c)
LDR: ! Imported function 'sceNpTrophyAbortHandle' in 'sceNpTrophy' module (0xf157c)
LDR: ! Imported function 'sceNpTrophyDestroyHandle' in 'sceNpTrophy' module (0xf159c)
LDR: ! Imported function 'sceNpTrophyUnlockTrophy' in 'sceNpTrophy' module (0xf15bc)
LDR: ! Imported function 'sceNpTrophyTerm' in 'sceNpTrophy' module (0xf15dc)
LDR: ! Imported function 'sceNpTrophyGetTrophyUnlockState' in 'sceNpTrophy' module (0xf15fc)
LDR: ! Imported function 'sceNpTrophyCreateContext' in 'sceNpTrophy' module (0xf161c)
LDR: ! Imported function 'sceNpTrophyGetTrophyInfo' in 'sceNpTrophy' module (0xf163c)
LDR: ! Imported function 'cellGameContentPermit' in 'cellGame' module (0xf165c)
LDR: ! Imported function 'cellGameContentErrorDialog' in 'cellGame' module (0xf167c)
LDR: ! Imported function 'cellGameDataCheck' in 'cellGame' module (0xf169c)
LDR: ! Imported function 'cellGameBootCheck' in 'cellGame' module (0xf16bc)
LDR: W Unknown module 'cellSaveData'
LDR: ! Imported function 'cellSaveDataListDelete' in 'cellSaveData' module (0xf16dc)
LDR: ! Imported function 'cellPadClearBuf' in 'sys_io' module (0xf16fc)
LDR: ! Imported function 'cellPadInit' in 'sys_io' module (0xf171c)
LDR: ! Imported function 'cellKbGetInfo' in 'sys_io' module (0xf173c)
LDR: ! Imported function 'cellKbInit' in 'sys_io' module (0xf175c)
LDR: ! Imported function 'cellPadPeriphGetInfo' in 'sys_io' module (0xf177c)
LDR: ! Imported function 'cellPadEnd' in 'sys_io' module (0xf179c)
LDR: ! Imported function 'cellPadSetPortSetting' in 'sys_io' module (0xf17bc)
LDR: ! Imported function 'cellPadGetData' in 'sys_io' module (0xf17dc)
LDR: ! Imported function 'cellKbSetCodeType' in 'sys_io' module (0xf17fc)
LDR: ! Imported function 'cellPadGetInfo2' in 'sys_io' module (0xf181c)
LDR: ! Imported function 'cellKbSetReadMode' in 'sys_io' module (0xf183c)
LDR: ! Imported function 'cellPadSetActDirect' in 'sys_io' module (0xf185c)
LDR: ! Imported function 'cellKbRead' in 'sys_io' module (0xf187c)
LDR: ! Imported function 'cellFsClose' in 'sys_fs' module (0xf189c)
LDR: ! Imported function 'cellFsOpendir' in 'sys_fs' module (0xf18bc)
LDR: ! Imported function 'cellFsRead' in 'sys_fs' module (0xf18dc)
LDR: ! Imported function 'cellFsReaddir' in 'sys_fs' module (0xf18fc)
LDR: ! Imported function 'cellFsOpen' in 'sys_fs' module (0xf191c)
LDR: ! Imported function 'cellFsStat' in 'sys_fs' module (0xf193c)
LDR: ! Imported function 'cellFsUnlink' in 'sys_fs' module (0xf195c)
LDR: ! Imported function 'cellFsLseek' in 'sys_fs' module (0xf197c)
LDR: ! Imported function 'cellFsSdataOpen' in 'sys_fs' module (0xf199c)
LDR: ! Imported function 'cellFsWrite' in 'sys_fs' module (0xf19bc)
LDR: ! Imported function 'cellFsFstat' in 'sys_fs' module (0xf19dc)
LDR: ! Imported function 'cellFsRename' in 'sys_fs' module (0xf19fc)
LDR: ! Imported function 'cellFsClosedir' in 'sys_fs' module (0xf1a1c)
LDR: ! Imported function 'cellAtracSetSecondBuffer' in 'cellAtrac' module (0xf1a5c)
LDR: ! Imported function 'cellAtracGetChannel' in 'cellAtrac' module (0xf1a7c)
LDR: ! Imported function 'cellAtracCreateDecoderExt' in 'cellAtrac' module (0xf1a9c)
LDR: ! Imported function 'cellAtracGetStreamDataInfo' in 'cellAtrac' module (0xf1abc)
LDR: ! Imported function 'cellAtracAddStreamData' in 'cellAtrac' module (0xf1adc)
LDR: ! Imported function 'cellAtracGetMaxSample' in 'cellAtrac' module (0xf1afc)
LDR: ! Imported function 'cellAtracSetDataAndGetMemSize' in 'cellAtrac' module (0xf1b1c)
LDR: ! Imported function 'cellAtracDeleteDecoder' in 'cellAtrac' module (0xf1b3c)
LDR: ! Imported function 'cellAtracResetPlayPosition' in 'cellAtrac' module (0xf1b5c)
LDR: ! Imported function 'cellAtracSetLoopNum' in 'cellAtrac' module (0xf1b7c)
LDR: ! Imported function 'cellAtracDecode' in 'cellAtrac' module (0xf1b9c)
LDR: ! Imported function 'cellAtracIsSecondBufferNeeded' in 'cellAtrac' module (0xf1bbc)
LDR: ! Imported function 'cellAtracGetBufferInfoForResetting' in 'cellAtrac' module (0xf1bdc)
LDR: ! Imported function 'cellAtracGetLoopInfo' in 'cellAtrac' module (0xf1bfc)
LDR: ! Imported function 'cellAtracGetInternalErrorInfo' in 'cellAtrac' module (0xf1c1c)
LDR: ! Imported function 'cellAtracGetSecondBufferInfo' in 'cellAtrac' module (0xf1c3c)
LDR: ! Imported function 'cellAtracGetVacantSize' in 'cellAtrac' module (0xf1c5c)
LDR: ! Imported function 'sceNpDrmIsAvailable' in 'sceNp' module (0xf1dbc)
LDR: W Unknown module 'cellSync'
LDR: ! Imported function 'cellSyncBarrierInitialize' in 'cellSync' module (0xf1ddc)
LDR: ! Imported function 'cellSyncBarrierTryWait' in 'cellSync' module (0xf1dfc)
LDR: ! Imported function 'cellSyncMutexUnlock' in 'cellSync' module (0xf1e1c)
LDR: ! Imported function 'cellSyncMutexInitialize' in 'cellSync' module (0xf1e3c)
LDR: ! Imported function 'cellSyncMutexTryLock' in 'cellSync' module (0xf1e5c)
LDR: ! Imported function 'sys_lwmutex_lock' in 'sysPrxForUser' module (0xf1e7c)
LDR: ! Imported function 'sys_lwmutex_unlock' in 'sysPrxForUser' module (0xf1e9c)
LDR: ! Imported function 'sys_ppu_thread_create' in 'sysPrxForUser' module (0xf1ebc)
LDR: ! Imported function '_sys_process_atexitspawn' in 'sysPrxForUser' module (0xf1edc)
LDR: ! Imported function 'sys_lwmutex_create' in 'sysPrxForUser' module (0xf1efc)
LDR: ! Imported function 'sys_ppu_thread_get_id' in 'sysPrxForUser' module (0xf1f1c)
LDR: ! Imported function '_sys_heap_malloc' in 'sysPrxForUser' module (0xf1f3c)
LDR: ! Imported function 'sys_prx_register_library' in 'sysPrxForUser' module (0xf1f5c)
LDR: ! Imported function '_sys_heap_memalign' in 'sysPrxForUser' module (0xf1f7c)
LDR: ! Imported function '_sys_spu_printf_initialize' in 'sysPrxForUser' module (0xf1f9c)
LDR: ! Imported function 'sys_game_process_exitspawn2' in 'sysPrxForUser' module (0xf1fbc)
LDR: ! Imported function 'sys_initialize_tls' in 'sysPrxForUser' module (0xf1fdc)
LDR: ! Imported function 'sys_time_get_system_time' in 'sysPrxForUser' module (0xf1ffc)
LDR: ! Imported function '_sys_heap_free' in 'sysPrxForUser' module (0xf201c)
LDR: ! Imported function '_sys_process_at_Exitspawn' in 'sysPrxForUser' module (0xf203c)
LDR: ! Imported function 'sys_prx_exitspawn_with_level' in 'sysPrxForUser' module (0xf205c)
LDR: ! Imported function 'sys_ppu_thread_once' in 'sysPrxForUser' module (0xf207c)
LDR: ! Imported function 'sys_lwmutex_trylock' in 'sysPrxForUser' module (0xf209c)
LDR: ! Imported function '_sys_heap_delete_heap' in 'sysPrxForUser' module (0xf20bc)
LDR: ! Imported function 'sys_ppu_thread_exit' in 'sysPrxForUser' module (0xf20dc)
LDR: ! Imported function '_sys_heap_create_heap' in 'sysPrxForUser' module (0xf20fc)
LDR: ! Imported function 'sys_lwmutex_destroy' in 'sysPrxForUser' module (0xf211c)
LDR: ! Imported function '_sys_spu_printf_finalize' in 'sysPrxForUser' module (0xf213c)
LDR: ! Imported function 'sys_spu_image_close' in 'sysPrxForUser' module (0xf215c)
LDR: ! Imported function 'sys_process_exit' in 'sysPrxForUser' module (0xf217c)
LDR: ! Imported function 'sys_spu_image_import' in 'sysPrxForUser' module (0xf219c)
HLE: ! sysPrxForUser: Thread Local Storage initialized (g_tls_start=0x32c000, user_size=0x88)
*** TLS segment addr: 0x00164610
*** TLS segment size: 0x00000000
LDR: E 'BreakPoints.dat' is broken (version=0xdc80, break_count=0x0, marked_count=0x93173968, length=0x6)
HLE: W {PPU[0x1] Thread (main_thread)[0x000f1efc]} sysPrxForUser: sys_lwmutex_create(lwmutex=*0x2e47b0, attr=*0xf6170)
HLE: W {PPU[0x1] Thread (main_thread)[0x000d8fac]} sys_memory: sys_memory_get_user_memory_size(mem_info_addr=0xd00ffc04)
HLE: W {PPU[0x1] Thread (main_thread)[0x000f1efc]} sysPrxForUser: sys_lwmutex_create(lwmutex=*0x2e45b0, attr=*0xf6170)
HLE: W {PPU[0x1] Thread (main_thread)[0x000f1efc]} sysPrxForUser: sys_lwmutex_create(lwmutex=*0x2e3900, attr=*0xf6170)
HLE: W {PPU[0x1] Thread (main_thread)[0x000f1efc]} sysPrxForUser: sys_lwmutex_create(lwmutex=*0x2e3928, attr=*0xf6170)
HLE: W {PPU[0x1] Thread (main_thread)[0x000f1efc]} sysPrxForUser: sys_lwmutex_create(lwmutex=*0x2e3950, attr=*0xf6170)
HLE: W {PPU[0x1] Thread (main_thread)[0x000f1efc]} sysPrxForUser: sys_lwmutex_create(lwmutex=*0x2e3838, attr=*0xf6170)
HLE: W {PPU[0x1] Thread (main_thread)[0x000f1efc]} sysPrxForUser: sys_lwmutex_create(lwmutex=*0x2e3860, attr=*0xf6170)
HLE: W {PPU[0x1] Thread (main_thread)[0x000f1efc]} sysPrxForUser: sys_lwmutex_create(lwmutex=*0x2e3888, attr=*0xf6170)
HLE: W {PPU[0x1] Thread (main_thread)[0x000f1efc]} sysPrxForUser: sys_lwmutex_create(lwmutex=*0x2e38b0, attr=*0xf6170)
HLE: W {PPU[0x1] Thread (main_thread)[0x000f1efc]} sysPrxForUser: sys_lwmutex_create(lwmutex=*0x2e38d8, attr=*0xf6170)
HLE: W {PPU[0x1] Thread (main_thread)[0x000f1efc]} sysPrxForUser: sys_lwmutex_create(lwmutex=*0x2e48f8, attr=*0x279aa0)
HLE: W {PPU[0x1] Thread (main_thread)[0x000f1efc]} sysPrxForUser: sys_lwmutex_create(lwmutex=*0x2e48b8, attr=*0x279ab0)
HLE: E {PPU[0x1] Thread (main_thread)[0x000f109c]} cellSysutil TODO: cellSaveDataEnableOverlay(enable=1)
HLE: E {PPU[0x1] Thread (main_thread)[0x000f109c]} cellSysutil TODO: cellSaveDataEnableOverlay(enable=1)
HLE: E {PPU[0x1] Thread (main_thread)[0x000f109c]} cellSysutil TODO: cellSaveDataEnableOverlay(enable=1)
HLE: W {PPU[0x1] Thread (main_thread)[0x000f101c]} cellSysutil: cellSysutilRegisterCallback(slot=0, func_addr=0x160b00, userdata=0x0)
HLE: W {PPU[0x1] Thread (main_thread)[0x000f0afc]} cellGcmSys: _cellGcmInitBody(context_addr=0x28b270, cmdSize=0x100000, ioSize=0x200000, ioAddress=0x20d00000)
HLE: W {PPU[0x1] Thread (main_thread)[0x000f0afc]} cellGcmSys: *** local memory(addr=0xc0000000, size=0xf900000)
HLE: W {PPU[0x1] Thread (main_thread)[0x000f0afc]} cellGcmSys: cellGcmInit(): 256MB io address space used
RSX: ! {RSXThread} RSX thread started
HLE: W {PPU[0x1] Thread (main_thread)[0x000f0c3c]} cellGcmSys: cellGcmSetTileInfo(index=0, location=0, offset=65536, size=3932160, pitch=5120, comp=0, base=0, bank=0)
HLE: W {PPU[0x1] Thread (main_thread)[0x000f0b5c]} cellGcmSys: cellGcmBindTile(index=0)
HLE: W {PPU[0x1] Thread (main_thread)[0x000f0c3c]} cellGcmSys: cellGcmSetTileInfo(index=1, location=0, offset=4128768, size=3932160, pitch=5120, comp=9, base=60, bank=2)
HLE: E {PPU[0x1] Thread (main_thread)[0x000f0c3c]} cellGcmSys error: cellGcmSetTileInfo: bad compression mode! (9)
HLE: W {PPU[0x1] Thread (main_thread)[0x000f0b5c]} cellGcmSys: cellGcmBindTile(index=1)
HLE: W {PPU[0x1] Thread (main_thread)[0x000f0bdc]} cellGcmSys: cellGcmBindZcull(index=0)
HLE: W {PPU[0x1] Thread (main_thread)[0x000f0c3c]} cellGcmSys: cellGcmSetTileInfo(index=2, location=0, offset=8192000, size=3932160, pitch=5120, comp=0, base=120, bank=0)
HLE: W {PPU[0x1] Thread (main_thread)[0x000f0b5c]} cellGcmSys: cellGcmBindTile(index=2)
HLE: W {PPU[0x1] Thread (main_thread)[0x000f0c3c]} cellGcmSys: cellGcmSetTileInfo(index=3, location=0, offset=12255232, size=3932160, pitch=5120, comp=0, base=180, bank=0)
HLE: W {PPU[0x1] Thread (main_thread)[0x000f0b5c]} cellGcmSys: cellGcmBindTile(index=3)
HLE: W {PPU[0x1] Thread (main_thread)[0x000f0e9c]} cellSysmodule: cellSysmoduleLoadModule(id=0x001f: CELL_SYSMODULE_RESC)
HLE: W {PPU[0x1] Thread (main_thread)[0x000f0d9c]} cellResc: cellRescInit(initConfig_addr=0xd00ff904)
HLE: W {PPU[0x1] Thread (main_thread)[0x000f0d3c]} cellResc: cellRescSetDisplayMode(displayMode=4)
HLE: W {PPU[0x1] Thread (main_thread)[0x000f0d3c]} cellSysutil: cellVideoOutConfigure(videoOut=0, config_addr=0x21106000, option_addr=0x0, waitForEvent=0x0)
HLE: W {PPU[0x1] Thread (main_thread)[0x000f0d3c]} cellGcmSys: cellGcmSetFlipMode(mode=2)
HLE: W {PPU[0x1] Thread (main_thread)[0x000f0dbc]} cellResc: cellRescGetBufferSize(colorBuffers_addr=0xd00ff8e4, vertexArray_addr=0xd00ff8e8, fragmentShader_addr=0xd00ff8ec)
HLE: W {PPU[0x1] Thread (main_thread)[0x000f0dfc]} cellResc: cellRescSetBufferAddress(colorBuffers_addr=0xc11a0000, vertexArray_addr=0xc2320000, fragmentShader_addr=0xc2331080)
HLE: W {PPU[0x1] Thread (main_thread)[0x000f0c3c]} cellGcmSys: cellGcmSetTileInfo(index=4, location=0, offset=18481152, size=17825792, pitch=5120, comp=7, base=240, bank=0)
HLE: E {PPU[0x1] Thread (main_thread)[0x000f0c3c]} cellGcmSys error: cellGcmSetTileInfo: bad compression mode! (7)
HLE: W {PPU[0x1] Thread (main_thread)[0x000f0b5c]} cellGcmSys: cellGcmBindTile(index=4)
HLE: W {PPU[0x1] Thread (main_thread)[0x000f0e5c]} cellResc: cellRescSetVBlankHandler(handler_addr=0x160fb0)
HLE: E {PPU[0x1] Thread (main_thread)[0x000f0adc]} cellGcmSys error: cellGcmSetQueueHandler
HLE: W {PPU[0x1] Thread (main_thread)[0x000f207c]} sysPrxForUser: sys_ppu_thread_once(once_ctrl=*0x2e3dac, init=*0x161f98)
HLE: W {PPU[0x1] Thread (main_thread)[0x000f1efc]} sysPrxForUser: sys_lwmutex_create(lwmutex=*0x2e3978, attr=*0xd00ff1b0)
HLE: W {PPU[0x1] Thread (main_thread)[0x000d5228]} sys_event: sys_event_queue_create(equeue_id=*0x2e3994, attr=*0xd00ff2a0, event_queue_key=0x0, size=127)
HLE: W {PPU[0x1] Thread (main_thread)[0x000d524c]} sys_event: sys_event_port_create(eport_id=*0x2e3998, port_type=1, name=0xffffffff0000dead)
HLE: W {PPU[0x1] Thread (main_thread)[0x000d5268]} sys_event: sys_event_port_connect_local(eport_id=0x11, equeue_id=0x10)
HLE: W {PPU[0x1] Thread (main_thread)[0x000f1ebc]} sysPrxForUser: sys_ppu_thread_create(thread_id=*0x2e39a0, entry=0x161f90, arg=0x0, prio=1000, stacksize=0x1000, flags=0x1, threadname=*0x10aa50)
HLE: W {PPU[0x1] Thread (main_thread)[0x000f1ebc]} sys_ppu_thread: _sys_ppu_thread_create(thread_id=*0x2e39a0, param=*0xd00ff228, arg=0x0, unk=0x0, prio=1000, stacksize=0x1000, flags=0x1, threadname=*0x10aa50)
HLE: W {PPU[0x1] Thread (main_thread)[0x000f1ebc]} sys_ppu_thread: sys_ppu_thread_start(thread_id=0x12)
HLE: W {PPU[0x1] Thread (main_thread)[0x000f1f9c]} sysPrxForUser: _sys_spu_printf_initialize(agcb=*0x161f80, dgcb=*0x161f78, atcb=*0x161f70, dtcb=*0x161f68)
HLE: W {PPU[0x1] Thread (main_thread)[0x000f13bc]} cellSpurs: _cellSpursAttributeInitialize(attr_addr=0xd00ff368, revision=2, sdkVersion=0x330000, nSpus=3, spuPriority=250, ppuPriority=1000, exitIfNoWork=0)
HLE: W {PPU[0x1] Thread (main_thread)[0x000f129c]} cellSpurs: cellSpursAttributeEnableSpuPrintfIfAvailable(attr_addr=0xd00ff368)
HLE: W {PPU[0x1] Thread (main_thread)[0x000f141c]} cellSpurs: cellSpursInitializeWithAttribute(spurs_addr=0x20000e80, attr_addr=0xd00ff368)
HLE: E {PPU[0x1] Thread (main_thread)[0x000f141c]} sys_spu TODO: Unsupported SPU Thread options (0x2)
HLE: E {PPU[0x1] Thread (main_thread)[0x000f141c]} sys_spu TODO: Unsupported SPU Thread options (0x2)
HLE: E {PPU[0x1] Thread (main_thread)[0x000f141c]} sys_spu TODO: Unsupported SPU Thread options (0x2)
HLE: W {PPU[0x1] Thread (main_thread)[0x000d4e34]} sys_spu: sys_spu_thread_group_connect_event_all_threads(id=0x24, eq=0x10, req=0x2, spup=*0xd00ff240)
HLE: W {PPU[0x1] Thread (main_thread)[0x000f141c]} sys_spu: sys_spu_thread_group_connect_event_all_threads(id=0x24, eq=0x2a, req=0xffffffffffff0000, spup=*0x20000f49)
HLE: W {PPU[0x1] Thread (main_thread)[0x000f141c]} sys_event: sys_event_port_connect_local(eport_id=0x2b, equeue_id=0x2a)
HLE: W {PPU[0x2c] Thread (SpursHdlr0)[0x00000000]} sys_spu: sys_spu_thread_group_start(id=0x24)
HLE: W {PPU[0x1] Thread (main_thread)[0x000f141c]} sys_spu: sys_spu_thread_group_connect_event(id=0x24, eq=0x2a, et=2)
HLE: W {PPU[0x2c] Thread (SpursHdlr0)[0x00000000]} sys_spu: sys_spu_thread_group_join(id=0x24, cause=*0x0, status=*0x0)
HLE: W {PPU[0x1] Thread (main_thread)[0x000f0bfc]} cellGcmSys: cellGcmMapMainMemory(ea=0x20100000,size=0x400000,offset_addr=0x200003bc)
HLE: W {PPU[0x1] Thread (main_thread)[0x000f12bc]} cellSpurs: _cellSpursTasksetAttributeInitialize(attribute=0xd00fefe0, revision=1, skd_version=3342336, args=0x0, priority=0xd00ff2b0, max_contention=3)
HLE: W {PPU[0x1] Thread (main_thread)[0x000f135c]} cellSpurs: cellSpursTasksetAttributeSetName(attr=0xd00fefe0, name=0xf5dd8)
HLE: W {PPU[0x1] Thread (main_thread)[0x000f143c]} cellSpurs: cellSpursCreateTasksetWithAttribute(spurs=0x20000e80, taskset=0x20521f80, attr=0xd00fefe0)
HLE: W {PPU[0x1] Thread (main_thread)[0x000f143c]} cellSpurs: _cellSpursWorkloadAttributeInitialize(attr_addr=0x21106000, revision=1, sdkVersion=0x33, pm_addr=0x200, size=0x1e40, data=0x20521f80, priorityTable_addr=0xd00feff0, minContention=0x8, maxContention=0x3)
HLE: W {PPU[0x1] Thread (main_thread)[0x000f143c]} cellSpurs: cellSpursWorkloadAttributeSetName(attr_addr=0x21106000, nameClass_addr=0x0, nameInstance_addr=0xf5dd8)
HLE: W {PPU[0x1] Thread (main_thread)[0x000f143c]} cellSpurs: cellSpursAddWorkloadWithAttribute(spurs_addr=0x20000e80, wid_addr=0x21107000, attr_addr=0x21106000)
HLE: E {PPU[0x1] Thread (main_thread)[0x000f1cfc]} cellSpurs error: cellSpursBarrierInitialize
HLE: E {PPU[0x1] Thread (main_thread)[0x000f1d3c]} cellSpurs error: cellSpursTaskGetContextSaveAreaSize
HLE: E {PPU[0x1] Thread (main_thread)[0x000f1d5c]} cellSpurs error: _cellSpursTaskAttributeInitialize
HLE: E {PPU[0x1] Thread (main_thread)[0x000f1cbc]} cellSpurs error: cellSpursCreateTaskWithAttribute
HLE: E {PPU[0x1] Thread (main_thread)[0x000f1d3c]} cellSpurs error: cellSpursTaskGetContextSaveAreaSize
HLE: E {PPU[0x1] Thread (main_thread)[0x000f1d5c]} cellSpurs error: _cellSpursTaskAttributeInitialize
HLE: E {PPU[0x1] Thread (main_thread)[0x000f1cbc]} cellSpurs error: cellSpursCreateTaskWithAttribute
HLE: E {PPU[0x1] Thread (main_thread)[0x000f1d3c]} cellSpurs error: cellSpursTaskGetContextSaveAreaSize
HLE: E {PPU[0x1] Thread (main_thread)[0x000f1d5c]} cellSpurs error: _cellSpursTaskAttributeInitialize
HLE: E {PPU[0x1] Thread (main_thread)[0x000f1cbc]} cellSpurs error: cellSpursCreateTaskWithAttribute
HLE: W {PPU[0x1] Thread (main_thread)[0x000f0abc]} cellGcmSys: cellGcmSetUserHandler(handler_addr=0x160cb8)
HLE: W {PPU[0x1] Thread (main_thread)[0x000f13bc]} cellSpurs: _cellSpursAttributeInitialize(attr_addr=0xd00ff568, revision=2, sdkVersion=0x330000, nSpus=1, spuPriority=250, ppuPriority=1000, exitIfNoWork=0)
HLE: W {PPU[0x1] Thread (main_thread)[0x000f141c]} cellSpurs: cellSpursInitializeWithAttribute(spurs_addr=0x20526200, attr_addr=0xd00ff568)
HLE: E {PPU[0x1] Thread (main_thread)[0x000f141c]} sys_spu TODO: Unsupported SPU Thread options (0x2)
HLE: W {PPU[0x1] Thread (main_thread)[0x000f141c]} sys_spu: sys_spu_thread_group_connect_event_all_threads(id=0x3f, eq=0x43, req=0xffffffffffff0000, spup=*0x205262c9)
HLE: W {PPU[0x1] Thread (main_thread)[0x000f141c]} sys_event: sys_event_port_connect_local(eport_id=0x44, equeue_id=0x43)
HLE: W {PPU[0x45] Thread (SpursHdlr0)[0x00000000]} sys_spu: sys_spu_thread_group_start(id=0x3f)
HLE: W {PPU[0x1] Thread (main_thread)[0x000f141c]} sys_spu: sys_spu_thread_group_connect_event(id=0x3f, eq=0x43, et=2)
HLE: W {PPU[0x45] Thread (SpursHdlr0)[0x00000000]} sys_spu: sys_spu_thread_group_join(id=0x3f, cause=*0x0, status=*0x0)
HLE: W {PPU[0x1] Thread (main_thread)[0x000f12bc]} cellSpurs: _cellSpursTasksetAttributeInitialize(attribute=0xd00ff768, revision=1, skd_version=3342336, args=0x0, priority=0xd00ff350, max_contention=8)
HLE: W {PPU[0x1] Thread (main_thread)[0x000f135c]} cellSpurs: cellSpursTasksetAttributeSetName(attr=0xd00ff768, name=0xf6a4c)
HLE: W {PPU[0x1] Thread (main_thread)[0x000f143c]} cellSpurs: cellSpursCreateTasksetWithAttribute(spurs=0x20526200, taskset=0x20527400, attr=0xd00ff768)
HLE: W {PPU[0x1] Thread (main_thread)[0x000f143c]} cellSpurs: _cellSpursWorkloadAttributeInitialize(attr_addr=0x21106000, revision=1, sdkVersion=0x33, pm_addr=0x200, size=0x1e40, data=0x20527400, priorityTable_addr=0xd00ff778, minContention=0x8, maxContention=0x8)
HLE: W {PPU[0x1] Thread (main_thread)[0x000f143c]} cellSpurs: cellSpursWorkloadAttributeSetName(attr_addr=0x21106000, nameClass_addr=0x0, nameInstance_addr=0xf6a4c)
HLE: W {PPU[0x1] Thread (main_thread)[0x000f143c]} cellSpurs: cellSpursAddWorkloadWithAttribute(spurs_addr=0x20526200, wid_addr=0x21107000, attr_addr=0x21106000)
HLE: W {PPU[0x1] Thread (main_thread)[0x000f133c]} cellSpurs: _cellSpursEventFlagInitialize(spurs_addr=0x20526200, taskset_addr=0x0, eventFlag_addr=0x20527300, flagClearMode=0, flagDirection=1)
HLE: W {PPU[0x1] Thread (main_thread)[0x000f139c]} cellSpurs: cellSpursEventFlagAttachLv2EventQueue(eventFlag_addr=0x20527300)
HLE: W {PPU[0x1] Thread (main_thread)[0x000f139c]} sys_spu: sys_spu_thread_group_connect_event_all_threads(id=0x3f, eq=0x47, req=0xffffffffffff0000, spup=*0x21106000)
HLE: E {PPU[0x1] Thread (main_thread)[0x000f1c7c]} cellSpurs error: _cellSpursLFQueueInitialize
HLE: E {PPU[0x1] Thread (main_thread)[0x000f1c9c]} cellSpurs error: cellSpursLFQueueAttachLv2EventQueue
HLE: W {PPU[0x1] Thread (main_thread)[0x000f1d7c]} cellSpurs: cellSpursCreateTask(taskset_addr=0x20527400, taskID_addr=0xd00ff2d0, elf_addr_addr=0x14ae80, context_addr_addr=0x20529000, context_size=3072, lsPattern_addr=0xf5de8, argument_addr=0xd00ff2c0)
HLE: W {PPU[0x1] Thread (main_thread)[0x000f1d7c]} cellSpurs: cellSpursSendWorkloadSignal(spurs=0x20526200, workloadId=0x0)
HLE: W {PPU[0x1] Thread (main_thread)[0x000f1d7c]} cellSpurs: cellSpursWakeUp(spurs_addr=0x20526200)
HLE: W {PPU[0x1] Thread (main_thread)[0x000f161c]} sceNpTrophy: sceNpTrophyCreateContext(context_addr=0x27f880, commID_addr=0xf2e14, commSign_addr=0xf2e20, options=0x0)
HLE: E {PPU[0x1] Thread (main_thread)[0x000f14dc]} sceNpTrophy TODO: sceNpTrophyCreateHandle(handle_addr=0x27f884)
HLE: W {PPU[0x1] Thread (main_thread)[0x000f0f3c]} cellSysutil: cellSysutilGetSystemParamInt: CELL_SYSUTIL_SYSTEMPARAM_ID_LANG
HLE: W {PPU[0x1] Thread (main_thread)[0x000f0e9c]} cellSysmodule: cellSysmoduleLoadModule(id=0x003e: CELL_SYSMODULE_SYSUTIL_GAME)
HLE: W {PPU[0x1] Thread (main_thread)[0x000f16bc]} cellGame: cellGameBootCheck(type=*0x200006e4, attributes=*0x200006e8, size=*0xd00ffa80, dirName=*0x200006f8)
HLE: W {PPU[0x1] Thread (main_thread)[0x000f165c]} cellGame: cellGameContentPermit(contentInfoPath=*0x20000718, usrdirPath=*0x20000798)
HLE: W {PPU[0x1] Thread (main_thread)[0x000f165c]} cellGame: cellGameContentPermit(): path_set=1, contentInfo='/dev_bdvd/PS3_GAME', usrdir='/dev_bdvd/PS3_GAME/USRDIR'
HLE: W {PPU[0x1] Thread (main_thread)[0x000f0c3c]} cellGcmSys: cellGcmSetTileInfo(index=5, location=0, offset=37224448, size=3932160, pitch=5120, comp=0, base=512, bank=0)
HLE: W {PPU[0x1] Thread (main_thread)[0x000f0b5c]} cellGcmSys: cellGcmBindTile(index=5)
HLE: W {PPU[0x1] Thread (main_thread)[0x000f0c3c]} cellGcmSys: cellGcmSetTileInfo(index=6, location=0, offset=41287680, size=3932160, pitch=5120, comp=9, base=572, bank=2)
HLE: E {PPU[0x1] Thread (main_thread)[0x000f0c3c]} cellGcmSys error: cellGcmSetTileInfo: bad compression mode! (9)
HLE: W {PPU[0x1] Thread (main_thread)[0x000f0b5c]} cellGcmSys: cellGcmBindTile(index=6)
HLE: W {PPU[0x1] Thread (main_thread)[0x000f0bdc]} cellGcmSys: cellGcmBindZcull(index=1)
HLE: W {PPU[0x1] Thread (main_thread)[0x000f0c3c]} cellGcmSys: cellGcmSetTileInfo(index=7, location=0, offset=45350912, size=983040, pitch=2560, comp=0, base=632, bank=0)
HLE: W {PPU[0x1] Thread (main_thread)[0x000f0b5c]} cellGcmSys: cellGcmBindTile(index=7)
HLE: W {PPU[0x1] Thread (main_thread)[0x000f0c3c]} cellGcmSys: cellGcmSetTileInfo(index=8, location=0, offset=46465024, size=1048576, pitch=2048, comp=0, base=647, bank=0)
HLE: W {PPU[0x1] Thread (main_thread)[0x000f0b5c]} cellGcmSys: cellGcmBindTile(index=8)
HLE: W {PPU[0x1] Thread (main_thread)[0x000f0c3c]} cellGcmSys: cellGcmSetTileInfo(index=9, location=0, offset=47579136, size=1310720, pitch=2560, comp=0, base=663, bank=0)
HLE: W {PPU[0x1] Thread (main_thread)[0x000f0b5c]} cellGcmSys: cellGcmBindTile(index=9)
HLE: W {PPU[0x1] Thread (main_thread)[0x000f0c3c]} cellGcmSys: cellGcmSetTileInfo(index=10, location=0, offset=49020928, size=983040, pitch=1280, comp=0, base=683, bank=0)
HLE: W {PPU[0x1] Thread (main_thread)[0x000f0b5c]} cellGcmSys: cellGcmBindTile(index=10)
HLE: W {PPU[0x1] Thread (main_thread)[0x000f1ebc]} sysPrxForUser: sys_ppu_thread_create(thread_id=*0x20000630, entry=0x161148, arg=0x20000620, prio=1002, stacksize=0x4000, flags=0x0, threadname=*0xf3200)
HLE: W {PPU[0x1] Thread (main_thread)[0x000f1ebc]} sys_ppu_thread: _sys_ppu_thread_create(thread_id=*0x20000630, param=*0xd00ffa88, arg=0x20000620, unk=0x0, prio=1002, stacksize=0x4000, flags=0x0, threadname=*0xf3200)
HLE: W {PPU[0x1] Thread (main_thread)[0x000f1ebc]} sys_ppu_thread: sys_ppu_thread_start(thread_id=0x48)
HLE: W {PPU[0x48] Thread (Initialize Thread)[0x000f151c]} sceNpTrophy: sceNpTrophyGetRequiredDiskSpace(context=0x1, handle=0x0, reqspace_addr=0x254c40, options=0x0)
HLE: W {PPU[0x1] Thread (main_thread)[0x000f0e9c]} cellSysmodule: cellSysmoduleLoadModule(id=0x0017: CELL_SYSMODULE_IO)
HLE: W {PPU[0x1] Thread (main_thread)[0x000f0e9c]} cellSysmodule: cellSysmoduleLoadModule(id=0x000e: CELL_SYSMODULE_FS)
HLE: W {PPU[0x1] Thread (main_thread)[0x000f1efc]} sysPrxForUser: sys_lwmutex_create(lwmutex=*0x2a6a98, attr=*0xd00ff700)
HLE: W {PPU[0x1] Thread (main_thread)[0x0006a2b8]} sys_mutex: sys_mutex_create(mutex_id=*0x2a5eb8, attr=*0xd00ff758)
HLE: W {PPU[0x1] Thread (main_thread)[0x0006a2ec]} sys_cond: sys_cond_create(cond_id=*0x2a5ebc, mutex_id=0x4a, attr=*0xd00ff740)
HLE: W {PPU[0x1] Thread (main_thread)[0x000f1efc]} sysPrxForUser: sys_lwmutex_create(lwmutex=*0x2a5ec8, attr=*0xd00ff6b0)
HLE: W {PPU[0x1] Thread (main_thread)[0x000f1ebc]} sysPrxForUser: sys_ppu_thread_create(thread_id=*0x2a5eb0, entry=0x161748, arg=0x2a5ea8, prio=800, stacksize=0x2000, flags=0x1, threadname=*0xfe250)
HLE: W {PPU[0x1] Thread (main_thread)[0x000f1ebc]} sys_ppu_thread: _sys_ppu_thread_create(thread_id=*0x2a5eb0, param=*0xd00ff6c8, arg=0x2a5ea8, unk=0x0, prio=800, stacksize=0x2000, flags=0x1, threadname=*0xfe250)
HLE: W {PPU[0x1] Thread (main_thread)[0x000f1ebc]} sys_ppu_thread: sys_ppu_thread_start(thread_id=0x4d)
HLE: W {PPU[0x1] Thread (main_thread)[0x000f1efc]} sysPrxForUser: sys_lwmutex_create(lwmutex=*0x2f7c20, attr=*0xd00ff790)
HLE: W {PPU[0x1] Thread (main_thread)[0x000f1efc]} sysPrxForUser: sys_lwmutex_create(lwmutex=*0x28c918, attr=*0xd00ff710)
HLE: W {PPU[0x1] Thread (main_thread)[0x000f1efc]} sysPrxForUser: sys_lwmutex_create(lwmutex=*0x2a6ac8, attr=*0xd00ff710)
HLE: W {PPU[0x1] Thread (main_thread)[0x0006a2b8]} sys_mutex: sys_mutex_create(mutex_id=*0x2a5e50, attr=*0xd00ff668)
HLE: W {PPU[0x1] Thread (main_thread)[0x0006a2ec]} sys_cond: sys_cond_create(cond_id=*0x2a5e54, mutex_id=0x51, attr=*0xd00ff650)
HLE: W {PPU[0x1] Thread (main_thread)[0x000f1efc]} sysPrxForUser: sys_lwmutex_create(lwmutex=*0x2a5e60, attr=*0xd00ff5c0)
HLE: W {PPU[0x1] Thread (main_thread)[0x000f1ebc]} sysPrxForUser: sys_ppu_thread_create(thread_id=*0x2a5e48, entry=0x161748, arg=0x2a5e40, prio=800, stacksize=0x2000, flags=0x1, threadname=*0xfe250)
HLE: W {PPU[0x1] Thread (main_thread)[0x000f1ebc]} sys_ppu_thread: _sys_ppu_thread_create(thread_id=*0x2a5e48, param=*0xd00ff5d8, arg=0x2a5e40, unk=0x0, prio=800, stacksize=0x2000, flags=0x1, threadname=*0xfe250)
HLE: W {PPU[0x1] Thread (main_thread)[0x000f1ebc]} sys_ppu_thread: sys_ppu_thread_start(thread_id=0x54)
HLE: W {PPU[0x1] Thread (main_thread)[0x000f1efc]} sysPrxForUser: sys_lwmutex_create(lwmutex=*0x2f7c48, attr=*0xd00ff720)
HLE: W {PPU[0x1] Thread (main_thread)[0x000f18bc]} cellFs: cellFsOpendir(path=*0x2a6080, fd=*0xd00ff0c0) -> sys_fs_opendir()
HLE: W {PPU[0x1] Thread (main_thread)[0x000f18bc]} sys_fs: sys_fs_opendir(path=*0x2a6080, fd=*0xd00ff0c0)
HLE: W {PPU[0x1] Thread (main_thread)[0x000f18bc]} sys_fs: *** path = '/dev_bdvd/PS3_GAME/USRDIR/LAUNCH'
HLE: W {PPU[0x1] Thread (main_thread)[0x000f18fc]} sys_fs: sys_fs_readdir(fd=0x56, dir=*0xd00ff0d0, nread=*0xd00ff0c8)
HLE: W {PPU[0x1] Thread (main_thread)[0x000f18fc]} sys_fs: sys_fs_readdir(fd=0x56, dir=*0xd00ff0d0, nread=*0xd00ff0c8)
HLE: W {PPU[0x1] Thread (main_thread)[0x000f18fc]} sys_fs: sys_fs_readdir(fd=0x56, dir=*0xd00ff0d0, nread=*0xd00ff0c8)
HLE: W {PPU[0x1] Thread (main_thread)[0x000f18fc]} sys_fs: sys_fs_readdir(fd=0x56, dir=*0xd00ff0d0, nread=*0xd00ff0c8)
HLE: W {PPU[0x1] Thread (main_thread)[0x000f18fc]} sys_fs: sys_fs_readdir(fd=0x56, dir=*0xd00ff0d0, nread=*0xd00ff0c8)
HLE: W {PPU[0x1] Thread (main_thread)[0x000f18fc]} sys_fs: sys_fs_readdir(fd=0x56, dir=*0xd00ff0d0, nread=*0xd00ff0c8)
HLE: W {PPU[0x1] Thread (main_thread)[0x000f18bc]} cellFs: cellFsOpendir(path=*0x2a6080, fd=*0xd00fee80) -> sys_fs_opendir()
HLE: W {PPU[0x1] Thread (main_thread)[0x000f18bc]} sys_fs: sys_fs_opendir(path=*0x2a6080, fd=*0xd00fee80)
HLE: W {PPU[0x1] Thread (main_thread)[0x000f18bc]} sys_fs: *** path = '/dev_bdvd/PS3_GAME/USRDIR/LAUNCH'
HLE: W {PPU[0x1] Thread (main_thread)[0x000f18fc]} sys_fs: sys_fs_readdir(fd=0x57, dir=*0xd00fee90, nread=*0xd00fee88)
HLE: W {PPU[0x1] Thread (main_thread)[0x000f18fc]} sys_fs: sys_fs_readdir(fd=0x57, dir=*0xd00fee90, nread=*0xd00fee88)
HLE: W {PPU[0x1] Thread (main_thread)[0x000f18fc]} sys_fs: sys_fs_readdir(fd=0x57, dir=*0xd00fee90, nread=*0xd00fee88)
HLE: W {PPU[0x1] Thread (main_thread)[0x000f18fc]} sys_fs: sys_fs_readdir(fd=0x57, dir=*0xd00fee90, nread=*0xd00fee88)
HLE: W {PPU[0x1] Thread (main_thread)[0x000f18fc]} sys_fs: sys_fs_readdir(fd=0x57, dir=*0xd00fee90, nread=*0xd00fee88)
HLE: W {PPU[0x1] Thread (main_thread)[0x000f18fc]} sys_fs: sys_fs_readdir(fd=0x57, dir=*0xd00fee90, nread=*0xd00fee88)
HLE: W {PPU[0x1] Thread (main_thread)[0x000f191c]} cellFs: cellFsOpen(path=*0x2a6080, flags=0, fd=*0xd00ff520, arg=*0x0, size=0x0) -> sys_fs_open()
HLE: W {PPU[0x1] Thread (main_thread)[0x000f191c]} sys_fs: sys_fs_open(path=*0x2a6080, flags=0, fd=*0xd00ff520, mode=0, arg=*0x0, size=0x0)
HLE: W {PPU[0x1] Thread (main_thread)[0x000f191c]} sys_fs: *** path = '/dev_bdvd/PS3_GAME/USRDIR/LAUNCH/data.afs'
HLE: W {PPU[0x1] Thread (main_thread)[0x000f19dc]} sys_fs: sys_fs_fstat(fd=0x58, sb=*0xd00ff530)
HLE: W {PPU[0x1] Thread (main_thread)[0x000f191c]} cellFs: cellFsOpen(path=*0x2a6080, flags=0, fd=*0xd00ff520, arg=*0x0, size=0x0) -> sys_fs_open()
HLE: W {PPU[0x1] Thread (main_thread)[0x000f191c]} sys_fs: sys_fs_open(path=*0x2a6080, flags=0, fd=*0xd00ff520, mode=0, arg=*0x0, size=0x0)
HLE: W {PPU[0x1] Thread (main_thread)[0x000f191c]} sys_fs: *** path = '/dev_bdvd/PS3_GAME/USRDIR/LAUNCH/data_adx.afs'
HLE: W {PPU[0x1] Thread (main_thread)[0x000f19dc]} sys_fs: sys_fs_fstat(fd=0x59, sb=*0xd00ff530)
HLE: W {PPU[0x1] Thread (main_thread)[0x000f191c]} cellFs: cellFsOpen(path=*0x2a6080, flags=0, fd=*0xd00ff520, arg=*0x0, size=0x0) -> sys_fs_open()
HLE: W {PPU[0x1] Thread (main_thread)[0x000f191c]} sys_fs: sys_fs_open(path=*0x2a6080, flags=0, fd=*0xd00ff520, mode=0, arg=*0x0, size=0x0)
HLE: W {PPU[0x1] Thread (main_thread)[0x000f191c]} sys_fs: *** path = '/dev_bdvd/PS3_GAME/USRDIR/LAUNCH/data_se.afs'
HLE: W {PPU[0x1] Thread (main_thread)[0x000f19dc]} sys_fs: sys_fs_fstat(fd=0x5a, sb=*0xd00ff530)
HLE: W {PPU[0x1] Thread (main_thread)[0x000f191c]} cellFs: cellFsOpen(path=*0x2a6080, flags=0, fd=*0xd00ff520, arg=*0x0, size=0x0) -> sys_fs_open()
HLE: W {PPU[0x1] Thread (main_thread)[0x000f191c]} sys_fs: sys_fs_open(path=*0x2a6080, flags=0, fd=*0xd00ff520, mode=0, arg=*0x0, size=0x0)
HLE: W {PPU[0x1] Thread (main_thread)[0x000f191c]} sys_fs: *** path = '/dev_bdvd/PS3_GAME/USRDIR/LAUNCH/DBZ1.BIN'
HLE: W {PPU[0x1] Thread (main_thread)[0x000f19dc]} sys_fs: sys_fs_fstat(fd=0x5b, sb=*0xd00ff530)
HLE: W {PPU[0x1] Thread (main_thread)[0x000f191c]} cellFs: cellFsOpen(path=*0x2a6080, flags=0, fd=*0xd00ff520, arg=*0x0, size=0x0) -> sys_fs_open()
HLE: W {PPU[0x1] Thread (main_thread)[0x000f191c]} sys_fs: sys_fs_open(path=*0x2a6080, flags=0, fd=*0xd00ff520, mode=0, arg=*0x0, size=0x0)
HLE: W {PPU[0x1] Thread (main_thread)[0x000f191c]} sys_fs: *** path = '/dev_bdvd/PS3_GAME/USRDIR/LAUNCH/DBZ3.BIN'
HLE: W {PPU[0x1] Thread (main_thread)[0x000f19dc]} sys_fs: sys_fs_fstat(fd=0x5c, sb=*0xd00ff530)
HLE: W {PPU[0x1] Thread (main_thread)[0x000f1efc]} sysPrxForUser: sys_lwmutex_create(lwmutex=*0x28cb68, attr=*0xd00ff770)
HLE: W {PPU[0x1] Thread (main_thread)[0x0004c938]} sys_mutex: sys_mutex_create(mutex_id=*0x28cb28, attr=*0xd00ff748)
HLE: W {PPU[0x1] Thread (main_thread)[0x0004c970]} sys_cond: sys_cond_create(cond_id=*0x28cb2c, mutex_id=0x5e, attr=*0xd00ff730)
HLE: W {PPU[0x1] Thread (main_thread)[0x0004c938]} sys_mutex: sys_mutex_create(mutex_id=*0x28cb3c, attr=*0xd00ff748)
HLE: W {PPU[0x1] Thread (main_thread)[0x0004c970]} sys_cond: sys_cond_create(cond_id=*0x28cb40, mutex_id=0x60, attr=*0xd00ff730)
HLE: W {PPU[0x1] Thread (main_thread)[0x0004c938]} sys_mutex: sys_mutex_create(mutex_id=*0x28cb50, attr=*0xd00ff748)
HLE: W {PPU[0x1] Thread (main_thread)[0x0004c970]} sys_cond: sys_cond_create(cond_id=*0x28cb54, mutex_id=0x62, attr=*0xd00ff730)
HLE: W {PPU[0x1] Thread (main_thread)[0x0004c938]} sys_mutex: sys_mutex_create(mutex_id=*0x28cb14, attr=*0xd00ff748)
HLE: W {PPU[0x1] Thread (main_thread)[0x0004c970]} sys_cond: sys_cond_create(cond_id=*0x28cb18, mutex_id=0x64, attr=*0xd00ff730)
HLE: W {PPU[0x1] Thread (main_thread)[0x000f1efc]} sysPrxForUser: sys_lwmutex_create(lwmutex=*0x2a6848, attr=*0xd00ff6a0)
HLE: W {PPU[0x1] Thread (main_thread)[0x000f1efc]} sysPrxForUser: sys_lwmutex_create(lwmutex=*0x2a6868, attr=*0xd00ff6a0)
HLE: W {PPU[0x1] Thread (main_thread)[0x000f1efc]} sysPrxForUser: sys_lwmutex_create(lwmutex=*0x2a6888, attr=*0xd00ff6a0)
HLE: W {PPU[0x1] Thread (main_thread)[0x000f1efc]} sysPrxForUser: sys_lwmutex_create(lwmutex=*0x2a68a8, attr=*0xd00ff6a0)
HLE: W {PPU[0x1] Thread (main_thread)[0x000f1efc]} sysPrxForUser: sys_lwmutex_create(lwmutex=*0x2a68c8, attr=*0xd00ff6a0)
HLE: W {PPU[0x1] Thread (main_thread)[0x000f1efc]} sysPrxForUser: sys_lwmutex_create(lwmutex=*0x2a68e8, attr=*0xd00ff6a0)
HLE: W {PPU[0x1] Thread (main_thread)[0x000f1efc]} sysPrxForUser: sys_lwmutex_create(lwmutex=*0x2a6908, attr=*0xd00ff6a0)
HLE: W {PPU[0x1] Thread (main_thread)[0x000f1efc]} sysPrxForUser: sys_lwmutex_create(lwmutex=*0x2a6928, attr=*0xd00ff6a0)
HLE: W {PPU[0x1] Thread (main_thread)[0x000f1efc]} sysPrxForUser: sys_lwmutex_create(lwmutex=*0x28cbd8, attr=*0xd00ff690)
HLE: W {PPU[0x1] Thread (main_thread)[0x000f1ebc]} sysPrxForUser: sys_ppu_thread_create(thread_id=*0x28cbc8, entry=0x161530, arg=0x28cb88, prio=100, stacksize=0x2000, flags=0x1, threadname=*0x28cb88)
HLE: W {PPU[0x1] Thread (main_thread)[0x000f1ebc]} sys_ppu_thread: _sys_ppu_thread_create(thread_id=*0x28cbc8, param=*0xd00ff6a8, arg=0x28cb88, unk=0x0, prio=100, stacksize=0x2000, flags=0x1, threadname=*0x28cb88)
HLE: W {PPU[0x1] Thread (main_thread)[0x000f1ebc]} sys_ppu_thread: sys_ppu_thread_start(thread_id=0x6f)
HLE: W {PPU[0x1] Thread (main_thread)[0x000f1efc]} sysPrxForUser: sys_lwmutex_create(lwmutex=*0x28cc48, attr=*0xd00ff690)
HLE: W {PPU[0x1] Thread (main_thread)[0x000f1ebc]} sysPrxForUser: sys_ppu_thread_create(thread_id=*0x28cc38, entry=0x161530, arg=0x28cbf8, prio=500, stacksize=0x2000, flags=0x1, threadname=*0x28cbf8)
HLE: W {PPU[0x1] Thread (main_thread)[0x000f1ebc]} sys_ppu_thread: _sys_ppu_thread_create(thread_id=*0x28cc38, param=*0xd00ff6a8, arg=0x28cbf8, unk=0x0, prio=500, stacksize=0x2000, flags=0x1, threadname=*0x28cbf8)
HLE: W {PPU[0x1] Thread (main_thread)[0x000f1ebc]} sys_ppu_thread: sys_ppu_thread_start(thread_id=0x71)
HLE: W {PPU[0x1] Thread (main_thread)[0x000f1efc]} sysPrxForUser: sys_lwmutex_create(lwmutex=*0x28ccb8, attr=*0xd00ff690)
HLE: W {PPU[0x1] Thread (main_thread)[0x000f1ebc]} sysPrxForUser: sys_ppu_thread_create(thread_id=*0x28cca8, entry=0x161530, arg=0x28cc68, prio=600, stacksize=0x2000, flags=0x1, threadname=*0x28cc68)
HLE: W {PPU[0x1] Thread (main_thread)[0x000f1ebc]} sys_ppu_thread: _sys_ppu_thread_create(thread_id=*0x28cca8, param=*0xd00ff6a8, arg=0x28cc68, unk=0x0, prio=600, stacksize=0x2000, flags=0x1, threadname=*0x28cc68)
HLE: W {PPU[0x1] Thread (main_thread)[0x000f1ebc]} sys_ppu_thread: sys_ppu_thread_start(thread_id=0x73)
HLE: W {PPU[0x1] Thread (main_thread)[0x000f1efc]} sysPrxForUser: sys_lwmutex_create(lwmutex=*0x28cd28, attr=*0xd00ff690)
HLE: W {PPU[0x1] Thread (main_thread)[0x000f1ebc]} sysPrxForUser: sys_ppu_thread_create(thread_id=*0x28cd18, entry=0x161530, arg=0x28ccd8, prio=1500, stacksize=0x2000, flags=0x1, threadname=*0x28ccd8)
HLE: W {PPU[0x1] Thread (main_thread)[0x000f1ebc]} sys_ppu_thread: _sys_ppu_thread_create(thread_id=*0x28cd18, param=*0xd00ff6a8, arg=0x28ccd8, unk=0x0, prio=1500, stacksize=0x2000, flags=0x1, threadname=*0x28ccd8)
HLE: W {PPU[0x1] Thread (main_thread)[0x000f1ebc]} sys_ppu_thread: sys_ppu_thread_start(thread_id=0x75)
HLE: W {PPU[0x1] Thread (main_thread)[0x000f0e9c]} cellSysmodule: cellSysmoduleLoadModule(id=0x0011: CELL_SYSMODULE_AUDIO)
HLE: W {PPU[0x1] Thread (main_thread)[0x000f105c]} cellSysutil: cellAudioOutGetSoundAvailability(audioOut=0, type=0, fs=0x4, option=0)
HLE: W {PPU[0x1] Thread (main_thread)[0x000f105c]} cellSysutil: cellAudioOutGetSoundAvailability(audioOut=0, type=1, fs=0x4, option=0)
HLE: W {PPU[0x1] Thread (main_thread)[0x000f105c]} cellSysutil: cellAudioOutGetSoundAvailability(audioOut=0, type=6, fs=0x4, option=0)
HLE: W {PPU[0x1] Thread (main_thread)[0x000f0f5c]} cellSysutil: cellAudioOutConfigure(audioOut=0, config_addr=0xd00ff920, option_addr=0x0, waitForEvent=0)
HLE: W {PPU[0x1] Thread (main_thread)[0x000f10dc]} cellSysutil: cellAudioOutGetState(audioOut=0x0, deviceIndex=0x0, state_addr=0xd00ff94c)
HLE: W {PPU[0x1] Thread (main_thread)[0x000f111c]} cellAudio: cellAudioInit()
HLE: W {PPU[0x1] Thread (main_thread)[0x000f20fc]} sysPrxForUser: _sys_heap_create_heap(name=*0xf6ec0, arg2=0x40000, arg3=0x110000, arg4=0x0)
HLE: W {PPU[0x1] Thread (main_thread)[0x000f1f7c]} sysPrxForUser: _sys_heap_memalign(heap=0x76, align=0x10, size=0x1080)
HLE: W {PPU[0x1] Thread (main_thread)[0x000f1efc]} sysPrxForUser: sys_lwmutex_create(lwmutex=*0x15e640, attr=*0x15e658)
HLE: W {PPU[0x1] Thread (main_thread)[0x000f1f7c]} sysPrxForUser: _sys_heap_memalign(heap=0x76, align=0x10, size=0x1c8)
HLE: W {PPU[0x1] Thread (main_thread)[0x000f1f3c]} sysPrxForUser: _sys_heap_malloc(heap=0x76, size=0x28)
HLE: W {PPU[0x1] Thread (main_thread)[0x000f1f3c]} sysPrxForUser: _sys_heap_malloc(heap=0x76, size=0x28)
HLE: W {PPU[0x1] Thread (main_thread)[0x000f1f3c]} sysPrxForUser: _sys_heap_malloc(heap=0x76, size=0x4)
HLE: W {PPU[0x1] Thread (main_thread)[0x000f1f7c]} sysPrxForUser: _sys_heap_memalign(heap=0x76, align=0x10, size=0x88)
HLE: W {PPU[0x1] Thread (main_thread)[0x000f1efc]} sysPrxForUser: sys_lwmutex_create(lwmutex=*0x6b6010, attr=*0x6b6028)
HLE: W {PPU[0x1] Thread (main_thread)[0x000f1f3c]} sysPrxForUser: _sys_heap_malloc(heap=0x76, size=0x8)
HLE: W {PPU[0x1] Thread (main_thread)[0x000f1f7c]} sysPrxForUser: _sys_heap_memalign(heap=0x76, align=0x10, size=0x88)
HLE: W {PPU[0x1] Thread (main_thread)[0x000f1efc]} sysPrxForUser: sys_lwmutex_create(lwmutex=*0x6b8010, attr=*0x6b8028)
HLE: W {PPU[0x1] Thread (main_thread)[0x000f1f7c]} sysPrxForUser: _sys_heap_memalign(heap=0x76, align=0x10, size=0x88)
HLE: W {PPU[0x1] Thread (main_thread)[0x000f1efc]} sysPrxForUser: sys_lwmutex_create(lwmutex=*0x6b9010, attr=*0x6b9028)
HLE: W {PPU[0x1] Thread (main_thread)[0x000f1f3c]} sysPrxForUser: _sys_heap_malloc(heap=0x76, size=0xc)
HLE: W {PPU[0x1] Thread (main_thread)[0x000f1f7c]} sysPrxForUser: _sys_heap_memalign(heap=0x76, align=0x10, size=0x60)
HLE: W {PPU[0x1] Thread (main_thread)[0x000f1efc]} sysPrxForUser: sys_lwmutex_create(lwmutex=*0x6bb008, attr=*0x6bb020)
HLE: W {PPU[0x1] Thread (main_thread)[0x000f1f7c]} sysPrxForUser: _sys_heap_memalign(heap=0x76, align=0x10, size=0x60)
HLE: W {PPU[0x1] Thread (main_thread)[0x000f1efc]} sysPrxForUser: sys_lwmutex_create(lwmutex=*0x6bc008, attr=*0x6bc020)
HLE: W {PPU[0x1] Thread (main_thread)[0x000f1f7c]} sysPrxForUser: _sys_heap_memalign(heap=0x76, align=0x10, size=0x60)
HLE: W {PPU[0x1] Thread (main_thread)[0x000f1efc]} sysPrxForUser: sys_lwmutex_create(lwmutex=*0x6bd008, attr=*0x6bd020)
HLE: W {PPU[0x1] Thread (main_thread)[0x000f1f3c]} sysPrxForUser: _sys_heap_malloc(heap=0x76, size=0x10)
HLE: W {PPU[0x1] Thread (main_thread)[0x000f1f7c]} sysPrxForUser: _sys_heap_memalign(heap=0x76, align=0x10, size=0x60)
HLE: W {PPU[0x1] Thread (main_thread)[0x000f1efc]} sysPrxForUser: sys_lwmutex_create(lwmutex=*0x6bf008, attr=*0x6bf020)
HLE: W {PPU[0x1] Thread (main_thread)[0x000f1f7c]} sysPrxForUser: _sys_heap_memalign(heap=0x76, align=0x10, size=0x60)
HLE: W {PPU[0x1] Thread (main_thread)[0x000f1efc]} sysPrxForUser: sys_lwmutex_create(lwmutex=*0x6c0008, attr=*0x6c0020)
HLE: W {PPU[0x1] Thread (main_thread)[0x000f1f7c]} sysPrxForUser: _sys_heap_memalign(heap=0x76, align=0x10, size=0x60)
HLE: W {PPU[0x1] Thread (main_thread)[0x000f1efc]} sysPrxForUser: sys_lwmutex_create(lwmutex=*0x6c1008, attr=*0x6c1020)
HLE: W {PPU[0x1] Thread (main_thread)[0x000f1f7c]} sysPrxForUser: _sys_heap_memalign(heap=0x76, align=0x10, size=0x60)
HLE: W {PPU[0x1] Thread (main_thread)[0x000f1efc]} sysPrxForUser: sys_lwmutex_create(lwmutex=*0x6c2008, attr=*0x6c2020)
HLE: W {PPU[0x1] Thread (main_thread)[0x000f1f7c]} sysPrxForUser: _sys_heap_memalign(heap=0x76, align=0x10, size=0x4e00)
HLE: W {PPU[0x1] Thread (main_thread)[0x00048ad0]} sys_mutex: sys_mutex_create(mutex_id=*0x6b20b0, attr=*0x6b20b8)
HLE: W {PPU[0x1] Thread (main_thread)[0x00048af4]} sys_cond: sys_cond_create(cond_id=*0x6b2094, mutex_id=0x82, attr=*0x6b2098)
HLE: W {PPU[0x1] Thread (main_thread)[0x000f1ebc]} sysPrxForUser: sys_ppu_thread_create(thread_id=*0x6b20e0, entry=0x1614b8, arg=0x6b2000, prio=404, stacksize=0x8000, flags=0x0, threadname=*0xf6f80)
HLE: W {PPU[0x1] Thread (main_thread)[0x000f1ebc]} sys_ppu_thread: _sys_ppu_thread_create(thread_id=*0x6b20e0, param=*0xd00ff658, arg=0x6b2000, unk=0x0, prio=404, stacksize=0x8000, flags=0x0, threadname=*0xf6f80)
HLE: W {PPU[0x1] Thread (main_thread)[0x000f1ebc]} sys_ppu_thread: sys_ppu_thread_start(thread_id=0x84)
HLE: W {PPU[0x1] Thread (main_thread)[0x000f1efc]} sysPrxForUser: sys_lwmutex_create(lwmutex=*0x6b2180, attr=*0x6b2198)
HLE: W {PPU[0x1] Thread (main_thread)[0x000f1f7c]} sysPrxForUser: _sys_heap_memalign(heap=0x76, align=0x10, size=0x4e80)
HLE: W {PPU[0x1] Thread (main_thread)[0x000f1f7c]} sysPrxForUser: _sys_heap_memalign(heap=0x76, align=0x10, size=0x20f00)
HLE: W {PPU[0x1] Thread (main_thread)[0x000f1f7c]} sysPrxForUser: _sys_heap_memalign(heap=0x76, align=0x10, size=0x8c00)
HLE: W {PPU[0x1] Thread (main_thread)[0x00042990]} sys_mutex: sys_mutex_create(mutex_id=*0x15e3e0, attr=*0x15e3e8)
HLE: W {PPU[0x1] Thread (main_thread)[0x000429b4]} sys_cond: sys_cond_create(cond_id=*0x15e3c0, mutex_id=0x86, attr=*0x15e3c8)
HLE: W {PPU[0x1] Thread (main_thread)[0x00042a40]} sys_mutex: sys_mutex_create(mutex_id=*0x15e430, attr=*0x15e438)
HLE: W {PPU[0x1] Thread (main_thread)[0x00042a64]} sys_cond: sys_cond_create(cond_id=*0x15e414, mutex_id=0x88, attr=*0x15e418)
HLE: W {PPU[0x1] Thread (main_thread)[0x00042ae8]} sys_mutex: sys_mutex_create(mutex_id=*0x15e688, attr=*0x15e690)
HLE: W {PPU[0x1] Thread (main_thread)[0x00042b0c]} sys_cond: sys_cond_create(cond_id=*0x15e668, mutex_id=0x8a, attr=*0x15e670)
HLE: W {PPU[0x1] Thread (main_thread)[0x000f1ebc]} sysPrxForUser: sys_ppu_thread_create(thread_id=*0x15e3b0, entry=0x161460, arg=0x28b750, prio=402, stacksize=0x4000, flags=0x0, threadname=*0xf6ea8)
HLE: W {PPU[0x1] Thread (main_thread)[0x000f1ebc]} sys_ppu_thread: _sys_ppu_thread_create(thread_id=*0x15e3b0, param=*0xd00ff738, arg=0x28b750, unk=0x0, prio=402, stacksize=0x4000, flags=0x0, threadname=*0xf6ea8)
HLE: W {PPU[0x1] Thread (main_thread)[0x000f1ebc]} sys_ppu_thread: sys_ppu_thread_start(thread_id=0x8c)
HLE: W {PPU[0x1] Thread (main_thread)[0x000f1efc]} sysPrxForUser: sys_lwmutex_create(lwmutex=*0x28b788, attr=*0x28b7a8)
HLE: W {PPU[0x1] Thread (main_thread)[0x000f1efc]} sysPrxForUser: sys_lwmutex_create(lwmutex=*0x28b760, attr=*0x28b7b8)
HLE: W {PPU[0x1] Thread (main_thread)[0x000f1ebc]} sysPrxForUser: sys_ppu_thread_create(thread_id=*0x28b7c8, entry=0x1614a0, arg=0x0, prio=400, stacksize=0x8000, flags=0x0, threadname=*0xf6ee0)
HLE: W {PPU[0x1] Thread (main_thread)[0x000f1ebc]} sys_ppu_thread: _sys_ppu_thread_create(thread_id=*0x28b7c8, param=*0xd00ff7f8, arg=0x0, unk=0x0, prio=400, stacksize=0x8000, flags=0x0, threadname=*0xf6ee0)
HLE: W {PPU[0x1] Thread (main_thread)[0x000f1ebc]} sys_ppu_thread: sys_ppu_thread_start(thread_id=0x8f)
HLE: W {PPU[0x1] Thread (main_thread)[0x000f1efc]} sysPrxForUser: sys_lwmutex_create(lwmutex=*0x28b2b0, attr=*0x28b7d4)
HLE: W {PPU[0x8f] Thread (_cellsurMixerMain)[0x000441d4]} sys_event: sys_event_queue_create(equeue_id=*0x28b7a4, attr=*0x28c850, event_queue_key=0x8000cafe02460300, size=2)
HLE: W {PPU[0x1] Thread (main_thread)[0x000f121c]} cellAudio: cellAudioPortOpen(audioParam=*0x28b7e8, portNum=*0x28b758)
HLE: W {PPU[0x1] Thread (main_thread)[0x000f121c]} cellAudio: *** audio port opened(nChannel=8, nBlock=8, attr=0x0, level=1.000000): port = 0
HLE: W {PPU[0x1] Thread (main_thread)[0x000f11bc]} cellAudio: cellAudioGetPortConfig(portNum=0, portConfig=*0x28b808)
HLE: W {PPU[0x1] Thread (main_thread)[0x000f1efc]} sysPrxForUser: sys_lwmutex_create(lwmutex=*0x2a6520, attr=*0xd00ff750)
HLE: W {PPU[0x1] Thread (main_thread)[0x000f11dc]} cellAudio: cellAudioPortStart(portNum=0)
HLE: W {PPU[0x1] Thread (main_thread)[0x000f113c]} cellAudio: cellAudioSetNotifyEventQueue(key=0x8000cafe02460300)
HLE: W {PPU[0x1] Thread (main_thread)[0x000f1efc]} sysPrxForUser: sys_lwmutex_create(lwmutex=*0x2a6b20, attr=*0xd00ff710)
HLE: W {PPU[0x1] Thread (main_thread)[0x000f1efc]} sysPrxForUser: sys_lwmutex_create(lwmutex=*0x20c06bb8, attr=*0xd00ff530)
HLE: W {PPU[0x1] Thread (main_thread)[0x000f1efc]} sysPrxForUser: sys_lwmutex_create(lwmutex=*0x20c0cd08, attr=*0xd00ff530)
HLE: W {PPU[0x1] Thread (main_thread)[0x000f1efc]} sysPrxForUser: sys_lwmutex_create(lwmutex=*0x20c12e60, attr=*0xd00ff530)
HLE: W {PPU[0x1] Thread (main_thread)[0x000f1efc]} sysPrxForUser: sys_lwmutex_create(lwmutex=*0x20c18fb0, attr=*0xd00ff530)
HLE: W {PPU[0x1] Thread (main_thread)[0x000f1efc]} sysPrxForUser: sys_lwmutex_create(lwmutex=*0x20c1f108, attr=*0xd00ff530)
HLE: W {PPU[0x1] Thread (main_thread)[0x000f1efc]} sysPrxForUser: sys_lwmutex_create(lwmutex=*0x20c25258, attr=*0xd00ff530)
HLE: W {PPU[0x1] Thread (main_thread)[0x000f1efc]} sysPrxForUser: sys_lwmutex_create(lwmutex=*0x20c25278, attr=*0xd00ff620)
HLE: W {PPU[0x1] Thread (main_thread)[0x000f171c]} sys_io: cellPadInit(max_connect=4)
HLE: W {PPU[0x1] Thread (main_thread)[0x000f13bc]} cellSpurs: _cellSpursAttributeInitialize(attr_addr=0xd00ff730, revision=2, sdkVersion=0x330000, nSpus=1, spuPriority=250, ppuPriority=1000, exitIfNoWork=0)
HLE: W {PPU[0x1] Thread (main_thread)[0x000f129c]} cellSpurs: cellSpursAttributeEnableSpuPrintfIfAvailable(attr_addr=0xd00ff730)
HLE: W {PPU[0x1] Thread (main_thread)[0x000f127c]} cellSpurs: cellSpursAttributeSetNamePrefix(attr_addr=0xd00ff730, prefix_addr=0xf2928, size=3)
HLE: W {PPU[0x1] Thread (main_thread)[0x000f12fc]} cellSpurs: cellSpursInitializeWithAttribute2(spurs_addr=0x205e1680, attr_addr=0xd00ff730)
HLE: E {PPU[0x1] Thread (main_thread)[0x000f12fc]} sys_spu TODO: Unsupported SPU Thread options (0x2)
HLE: W {PPU[0x1] Thread (main_thread)[0x000d4e34]} sys_spu: sys_spu_thread_group_connect_event_all_threads(id=0xbc, eq=0x10, req=0x2, spup=*0xd00ff620)
HLE: W {PPU[0x1] Thread (main_thread)[0x000f12fc]} sys_spu: sys_spu_thread_group_connect_event_all_threads(id=0xbc, eq=0xc0, req=0xffffffffffff0000, spup=*0x205e1749)
HLE: W {PPU[0x1] Thread (main_thread)[0x000f12fc]} sys_event: sys_event_port_connect_local(eport_id=0xc1, equeue_id=0xc0)
HLE: W {PPU[0xc2] Thread (GemSpursHdlr0)[0x00000000]} sys_spu: sys_spu_thread_group_start(id=0xbc)
HLE: W {PPU[0x1] Thread (main_thread)[0x000f12fc]} sys_spu: sys_spu_thread_group_connect_event(id=0xbc, eq=0xc0, et=2)
HLE: W {PPU[0xc2] Thread (GemSpursHdlr0)[0x00000000]} sys_spu: sys_spu_thread_group_join(id=0xbc, cause=*0x0, status=*0x0)
HLE: W {PPU[0x1] Thread (main_thread)[0x000f0e9c]} cellSysmodule: cellSysmoduleLoadModule(id=0x005a: CELL_SYSMODULE_GEM)
HLE: W {PPU[0x1] Thread (main_thread)[0x000f147c]} cellGem: cellGemInit(attribute_addr=0xd00ff930)
HLE: W {PPU[0x1] Thread (main_thread)[0x000f1efc]} sysPrxForUser: sys_lwmutex_create(lwmutex=*0x2a6fc8, attr=*0xd00ff770)
HLE: W {PPU[0x1] Thread (main_thread)[0x000f1efc]} sysPrxForUser: sys_lwmutex_create(lwmutex=*0x2a6f90, attr=*0xd00ff770)
HLE: W {PPU[0x1] Thread (main_thread)[0x000f1efc]} sysPrxForUser: sys_lwmutex_create(lwmutex=*0x2a6b70, attr=*0xd00ff770)
HLE: W {PPU[0x1] Thread (main_thread)[0x000f1efc]} sysPrxForUser: sys_lwmutex_create(lwmutex=*0x2a6b90, attr=*0xd00ff770)
HLE: W {PPU[0x1] Thread (main_thread)[0x000f1efc]} sysPrxForUser: sys_lwmutex_create(lwmutex=*0x2a6bb0, attr=*0xd00ff770)
HLE: W {PPU[0x1] Thread (main_thread)[0x000f1efc]} sysPrxForUser: sys_lwmutex_create(lwmutex=*0x2a6bd0, attr=*0xd00ff770)
HLE: W {PPU[0x1] Thread (main_thread)[0x000f1efc]} sysPrxForUser: sys_lwmutex_create(lwmutex=*0x2a6bf0, attr=*0xd00ff770)
HLE: W {PPU[0x1] Thread (main_thread)[0x000f1efc]} sysPrxForUser: sys_lwmutex_create(lwmutex=*0x2a6c10, attr=*0xd00ff770)
HLE: W {PPU[0x1] Thread (main_thread)[0x000f1efc]} sysPrxForUser: sys_lwmutex_create(lwmutex=*0x2a6c30, attr=*0xd00ff770)
HLE: W {PPU[0x1] Thread (main_thread)[0x000f1efc]} sysPrxForUser: sys_lwmutex_create(lwmutex=*0x2a6c50, attr=*0xd00ff770)
HLE: W {PPU[0x1] Thread (main_thread)[0x000f1efc]} sysPrxForUser: sys_lwmutex_create(lwmutex=*0x2e36f0, attr=*0xd00ff300)
HLE: W {PPU[0x1] Thread (main_thread)[0x000ce0c8]} sys_spu: sys_spu_thread_group_create(id=*0x2e35e8, num=2, prio=100, attr=*0x2e35d8)
HLE: W {PPU[0x1] Thread (main_thread)[0x000cd964]} sys_event: sys_event_queue_create(equeue_id=*0x2df060, attr=*0xd00ff338, event_queue_key=0x0, size=1)
HLE: W {PPU[0x1] Thread (main_thread)[0x000f219c]} sysPrxForUser: sys_spu_image_import(img=*0xd00ff328, src=0x10bd00, type=1)
LDR: W {PPU[0x1] Thread (main_thread)[0x000f219c]} m_ehdr.e_type = 0x2
HLE: W {PPU[0x1] Thread (main_thread)[0x000cda28]} sys_spu: sys_spu_thread_initialize(thread=*0x2df050, group=0xcf, spu_num=0, img=*0xd00ff328, attr=*0x2df054, arg=*0xd00ff348)
HLE: W {PPU[0x1] Thread (main_thread)[0x000cda54]} sys_spu: sys_spu_thread_connect_event(id=0xd1, eq=0xd0, et=1, spup=48)
HLE: W {PPU[0x1] Thread (main_thread)[0x000cda70]} sys_spu: sys_spu_thread_get_spu_cfg(id=0xd1, value=*0xd00ff320)
HLE: W {PPU[0x1] Thread (main_thread)[0x000cda8c]} sys_spu: sys_spu_thread_set_spu_cfg(id=0xd1, value=0x0)
HLE: W {PPU[0x1] Thread (main_thread)[0x000cd964]} sys_event: sys_event_queue_create(equeue_id=*0x2df0e0, attr=*0xd00ff338, event_queue_key=0x0, size=1)
HLE: W {PPU[0x1] Thread (main_thread)[0x000f219c]} sysPrxForUser: sys_spu_image_import(img=*0xd00ff328, src=0x10bd00, type=1)
LDR: W {PPU[0x1] Thread (main_thread)[0x000f219c]} m_ehdr.e_type = 0x2
HLE: W {PPU[0x1] Thread (main_thread)[0x000cda28]} sys_spu: sys_spu_thread_initialize(thread=*0x2df0d0, group=0xcf, spu_num=1, img=*0xd00ff328, attr=*0x2df0d4, arg=*0xd00ff348)
HLE: W {PPU[0x1] Thread (main_thread)[0x000cda54]} sys_spu: sys_spu_thread_connect_event(id=0xd3, eq=0xd2, et=1, spup=49)
HLE: W {PPU[0x1] Thread (main_thread)[0x000cda70]} sys_spu: sys_spu_thread_get_spu_cfg(id=0xd3, value=*0xd00ff320)
HLE: W {PPU[0x1] Thread (main_thread)[0x000cda8c]} sys_spu: sys_spu_thread_set_spu_cfg(id=0xd3, value=0x0)
HLE: W {PPU[0x1] Thread (main_thread)[0x000cd790]} sys_spu: sys_spu_thread_group_start(id=0xcf)
MEM: W {PPU[0x1] Thread (main_thread)[0x000cd790]} decode_x64_reg_op(00007ff692349551h): unsupported opcode found (0F10000F11010F1048100F1149100F10)
G: E {PPU[0x1] Thread (main_thread)[0x000cd790]} Exception: Access violation reading location 0x0
G: E {PPU[0x1] Thread (main_thread)[0x000cd790]} Information: is_alive=1, m_last_syscall=0xffffffffffffff52 (sys_spu_thread_group_start)
G: W {PPU[0x1] Thread (main_thread)[0x000cd790]} Registers:
=========
GPR[0] = 0xcd788
GPR[1] = 0xd00ff330
GPR[2] = 0x16a0f8
GPR[3] = 0xcf
GPR[4] = 0x0
GPR[5] = 0x1
GPR[6] = 0x31
GPR[7] = 0x2df0d4
GPR[8] = 0xd00ff348
GPR[9] = 0x1
GPR[10] = 0x2
GPR[11] = 0xad
GPR[12] = 0x48000084
GPR[13] = 0x333030
GPR[14] = 0x0
GPR[15] = 0x159000
GPR[16] = 0x158000
GPR[17] = 0x0
GPR[18] = 0x157000
GPR[19] = 0x100000
GPR[20] = 0x0
GPR[21] = 0x0
GPR[22] = 0x0
GPR[23] = 0x0
GPR[24] = 0xd00ff440
GPR[25] = 0x320
GPR[26] = 0x102228
GPR[27] = 0x102230
GPR[28] = 0x2df080
GPR[29] = 0x2e35d8
GPR[30] = 0x2b5e80
GPR[31] = 0x2
FPR[0] = 59940.5
FPR[1] = 59.94
FPR[2] = 1
FPR[3] = 1
FPR[4] = 1
FPR[5] = 44998.6
FPR[6] = 102397
FPR[7] = -1.5625
FPR[8] = 0
FPR[9] = 28799.1
FPR[10] = 0
FPR[11] = -0
FPR[12] = 1000
FPR[13] = 0.5
FPR[14] = 0
FPR[15] = 0
FPR[16] = 0
FPR[17] = 0
FPR[18] = 0
FPR[19] = 0
FPR[20] = 0
FPR[21] = 0
FPR[22] = 0
FPR[23] = 0
FPR[24] = 0
FPR[25] = 0
FPR[26] = 0
FPR[27] = 0
FPR[28] = 0
FPR[29] = 0
FPR[30] = 0
FPR[31] = 1
VPR[0] = 0x00000000000000003f8001003f800000 [x: 0 y: 0 z: 1.00003 w: 1]
VPR[1] = 0x00000000000000000000000000000000 [x: 0 y: 0 z: 0 w: 0]
VPR[2] = 0x00000000000000000000000000000000 [x: 0 y: 0 z: 0 w: 0]
VPR[3] = 0x00000000000000000000000000000000 [x: 0 y: 0 z: 0 w: 0]
VPR[4] = 0x00000000000000000000000000000000 [x: 0 y: 0 z: 0 w: 0]
VPR[5] = 0x00000000000000000000000000000000 [x: 0 y: 0 z: 0 w: 0]
VPR[6] = 0x00000000000000000000000000000000 [x: 0 y: 0 z: 0 w: 0]
VPR[7] = 0x3f8000003f8000003f8000003f800000 [x: 1 y: 1 z: 1 w: 1]
VPR[8] = 0x000000003ecce66a0000000000000000 [x: 0 y: 0.400195 z: 0 w: 0]
VPR[9] = 0x00000000000000000000000000000000 [x: 0 y: 0 z: 0 w: 0]
VPR[10] = 0x00000000000000000000000000000000 [x: 0 y: 0 z: 0 w: 0]
VPR[11] = 0x00000000000000003f8001003f800000 [x: 0 y: 0 z: 1.00003 w: 1]
VPR[12] = 0x00000000000000000000000000000000 [x: 0 y: 0 z: 0 w: 0]
VPR[13] = 0x00000000000000000000000000000000 [x: 0 y: 0 z: 0 w: 0]
VPR[14] = 0x0000000000000000c000008000000000 [x: 0 y: 0 z: -2.00003 w: 0]
VPR[15] = 0x0000000000000000000000003f800000 [x: 0 y: 0 z: 0 w: 1]
VPR[16] = 0x00000000000000000000000000000000 [x: 0 y: 0 z: 0 w: 0]
VPR[17] = 0x3f8000003f8000003f8000003f800000 [x: 1 y: 1 z: 1 w: 1]
VPR[18] = 0x3f800000000000000000000000000000 [x: 1 y: 0 z: 0 w: 0]
VPR[19] = 0x00000000000000000000000000000000 [x: 0 y: 0 z: 0 w: 0]
VPR[20] = 0x00000000000000000000000000000000 [x: 0 y: 0 z: 0 w: 0]
VPR[21] = 0x00000000000000000000000000000000 [x: 0 y: 0 z: 0 w: 0]
VPR[22] = 0x00000000000000000000000000000000 [x: 0 y: 0 z: 0 w: 0]
VPR[23] = 0x00000000000000000000000000000000 [x: 0 y: 0 z: 0 w: 0]
VPR[24] = 0x00000000000000000000000000000000 [x: 0 y: 0 z: 0 w: 0]
VPR[25] = 0x00000000000000000000000000000000 [x: 0 y: 0 z: 0 w: 0]
VPR[26] = 0x00000000000000000000000000000000 [x: 0 y: 0 z: 0 w: 0]
VPR[27] = 0x00000000000000000000000000000000 [x: 0 y: 0 z: 0 w: 0]
VPR[28] = 0x00000000000000000000000000000000 [x: 0 y: 0 z: 0 w: 0]
VPR[29] = 0x00000000000000000000000000000000 [x: 0 y: 0 z: 0 w: 0]
VPR[30] = 0x00000000000000000000000000000000 [x: 0 y: 0 z: 0 w: 0]
VPR[31] = 0x00000000000000000000000000000000 [x: 0 y: 0 z: 0 w: 0]
CR = 0x88000042
LR = 0xcd788
CTR = 0xe
XER = 0x20000000 [CA=970662608897 | OV=0 | SO=140694538682368]
FPSCR = 0x0 [RN=0 | NI=0 | XE=0 | ZE=0 | UE=0 | OE=0 | VE=0 | VXCVI=0 | VXSQRT=0 | VXSOFT=0 | FPRF=0 | FI=0 | FR=0 | VXVC=0 | VXIMZ=0 | VXZDZ=0 | VXIDI=0 | VXISI=0 | VXSNAN=0 | XX=0 | ZX=0 | UX=0 | OX=0 | VX=0 | FEX=0 | FX=0]

HLE: W {PPU[0x8f] Thread (_cellsurMixerMain)[0x00044270]} sys_event: sys_event_queue_receive(equeue_id=0x91) aborted
RSX: W {RSXThread} RSX thread aborted
HLE: ! {PPU[0x2] Thread (Callback Thread)[0x00000000]} CallbackManager thread aborted
HLE: ! {VBlank thread} VBlank thread aborted
RSX: ! {RSXThread} RSX thread ended
HLE: W {PPU[0x84] Thread (_sys_MixerChStripMain)[0x00047f24]} sys_cond: sys_cond_wait(id=0x83) aborted
HLE: W {PPU[0x45] Thread (SpursHdlr0)[0x00000000]} sys_spu: sys_spu_thread_group_join(id=0x3f) aborted
HLE: W {PPU[0x45] Thread (SpursHdlr0)[0x00000000]} cellSpurs: SPURS Handler Thread 0 aborted
HLE: W {PPU[0xc2] Thread (GemSpursHdlr0)[0x00000000]} sys_spu: sys_spu_thread_group_join(id=0xbc) aborted
HLE: W {PPU[0xc2] Thread (GemSpursHdlr0)[0x00000000]} cellSpurs: SPURS Handler Thread 0 aborted
HLE: W {PPU[0x4d] Thread (cri_dlg)[0x0006a5a4]} sys_cond: sys_cond_wait(id=0x4b) aborted
HLE: W {PPU[0x12] Thread (_SPU_printf_server)[0x000d5004]} sys_event: sys_event_queue_receive(equeue_id=0x10) aborted
HLE: W {PPU[0x2c] Thread (SpursHdlr0)[0x00000000]} sys_spu: sys_spu_thread_group_join(id=0x24) aborted
HLE: W {PPU[0x2c] Thread (SpursHdlr0)[0x00000000]} cellSpurs: SPURS Handler Thread 0 aborted
HLE: W {PPU[0x75] Thread (cri_adxm_idle_proc)[0x0004c558]} sys_cond: sys_cond_wait(id=0x63) aborted
HLE: W {PPU[0x8c] Thread (_sys_mixerSurBusReq)[0x00041e3c]} sys_cond: sys_cond_wait(id=0x87) aborted
HLE: W {PPU[0x71] Thread (cri_adxm_vsync_proc)[0x0004c558]} sys_cond: sys_cond_wait(id=0x5f) aborted
HLE: W {PPU[0x73] Thread (cri_adxm_fs_proc)[0x0004c558]} sys_cond: sys_cond_wait(id=0x61) aborted
HLE: W {PPU[0x54] Thread (cri_dlg)[0x0006a5a4]} sys_cond: sys_cond_wait(id=0x52) aborted
HLE: ! {Internal Audio Thread} Internal Audio Thread aborted
HLE: ! {Audio Thread} Audio Thread aborted
HLE: ! All threads stopped...
MEM: ! Closing memory...
