LDR: E PSFLoader::Load() failed: unknown magic (0x0)
G: ! RPCS3 v0.0.0.6-3827-a6beb0e
G: ! 
LDR: ! Decrypting 'D:\Emulateurs\Rpcs3\dev_hdd0\game\BLES01880-[FINAL FANTASY XX-2 HD Remaster]\PS3_GAME\USRDIR\EBOOT.BIN'...
LDR: W SELF: No NPDRM control info found!
LDR: ! Loading 'D:\Emulateurs\Rpcs3\dev_hdd0\game\BLES01880-[FINAL FANTASY XX-2 HD Remaster]\PS3_GAME\USRDIR\BOOT.BIN'...
G: W fs::file::open('D:/Emulateurs/Rpcs3/dev_hdd0/game/BLES01880-[FINAL FANTASY XX-2 HD Remaster]/PS3_GAME/dev_bdvd.path', 0x1) failed: error 0x2
LDR: ! 
LDR: ! Mount info:
LDR: ! /dev_usb000/ -> D:/Emulateurs/Rpcs3/dev_usb000/
LDR: ! /dev_flash/ -> D:/Emulateurs/Rpcs3/dev_flash/
LDR: ! /host_root/ -> 
LDR: ! /dev_hdd0/ -> D:/Emulateurs/Rpcs3/dev_hdd0/
LDR: ! /dev_hdd1/ -> D:/Emulateurs/Rpcs3/dev_hdd1/
LDR: ! /dev_bdvd/ -> D:/Emulateurs/Rpcs3/dev_hdd0/game/BLES01880-[FINAL FANTASY XX-2 HD Remaster]/
LDR: ! /dev_usb/ -> D:/Emulateurs/Rpcs3/dev_usb000/
LDR: ! 
LDR: ! 
LDR: ! Title: FINAL FANTASY X/X-2 HD Remaster
LDR: ! Serial: BLES01880
LDR: ! Used configuration: 'rpcs3.new.ini'
LDR: ! 
LDR: ! [gui]
MainFrameAui=layout2|name~Pane_0;caption~Game List;state~4196348;dir~5;layer~0;row~0;pos~0;prop~100000;bestw~283;besth~279;minw~-1;minh~-1;maxw~-1;maxh~-1;floatx~-1;floaty~-1;floatw~-1;floath~-1|name~Pane_1;caption~Log;state~4196348;dir~4;layer~0;row~1;pos~1;prop~99647;bestw~600;besth~300;minw~-1;minh~-1;maxw~-1;maxh~-1;floatx~52;floaty~489;floatw~616;floath~339|name~Pane_2;caption~Debugger;state~4196348;dir~4;layer~0;row~1;pos~0;prop~100353;bestw~400;besth~300;minw~-1;minh~-1;maxw~-1;maxh~-1;floatx~47;floaty~117;floatw~416;floath~339|dock_size(5,0,0)~265|dock_size(4,0,1)~400|

[system]
Emulation dir path=
Language=2
Use path below as EmulationDir=false

[rsx/opengl]
Write Color Buffers=false
Write Depth Buffer=false
Read Color Buffers=false
Read Depth Buffer=false

[gui/size]
width=987
height=628

[gui/position]
horizontal=5
vertical=397

[core]
PPU Decoder=interpreter2
Load liblv2.sprx=false
Hook static functions=false
SPU Decoder=recompiler_asmjit

[rsx]
VSync=true
Aspect ratio=16x9
Renderer=DX12
Resolution=1280x720
Frame limit=Auto
Log shader programs=false
3D Monitor=false

[core/llvm]
Compiled blocks exclusion=false
Excluded block range min=200
Excluded block range max=250
Compilation threshold=1000

[audio]
Audio Out=XAudio2
Dump to file=false
Convert to 16 bit=false

[io]
Pad Handler=windows
Camera=connected
Camera type=PlayStationEye
Mouse Handler=null
Keyboard Handler=null

[rsx/d3d12]
D3D Adaptater=0
Debug Output=false
Debug overlay=true

[io/pad]
Circle=76
Left Analog Stick Left=314
Left Analog Stick Down=317
Left Analog Stick Right=316
R2=69
Right=68
Triangle=73
Right Analog Stick Right=312
Down=83
Right Analog Stick Down=367
Left Analog Stick Up=315
Up=90
Right Analog Stick Up=366
Left=81
Right Analog Stick Left=313
Start=13
Select=32
Square=74
Cross=75
R1=51
R3=67
L1=49
L2=65
L3=87

[misc]
Exit RPCS3 when process finishes=false
Always start after boot=true
Use default configuration=true

[misc/log]
RSX Logging=false
Log Level=Errors
Log everything=false
Save TTY output to file=false

[misc/net]
Connection status=Connecting
Network adapter=0

[misc/debug]
Auto Pause at System Call=false
Auto Pause at Function Call=false


LDR: ! Elf path: /dev_bdvd/PS3_GAME/USRDIR/BOOT.BIN
LDR: ! 
LDR: ! loader::init() failed: Broken file
LDR: ! *** sdk version: 0x440001
LDR: ! *** primary prio: 1001
LDR: ! *** primary stacksize: 0x10000
LDR: ! *** malloc pagesize: 0x100000
LDR: ! *** ppc seg: 0x0
LDR: ! Imported function 'cellGcmGetTiledPitchSize' in 'cellGcmSys' module (0x23ca10)
LDR: ! Imported function 'cellGcmSetUserHandler' in 'cellGcmSys' module (0x23ca30)
LDR: ! Imported function 'cellGcmSetPrepareFlip' in 'cellGcmSys' module (0x23ca50)
LDR: ! Imported function '_cellGcmInitBody' in 'cellGcmSys' module (0x23ca70)
LDR: ! Imported function 'cellGcmDumpGraphicsError' in 'cellGcmSys' module (0x23ca90)
LDR: ! Imported function '_cellGcmSetFlipCommand' in 'cellGcmSys' module (0x23cab0)
LDR: ! Imported function 'cellGcmAddressToOffset' in 'cellGcmSys' module (0x23cad0)
LDR: ! Imported function 'cellGcmGetOffsetTable' in 'cellGcmSys' module (0x23caf0)
LDR: ! Imported function '_cellGcmFunc15' in 'cellGcmSys' module (0x23cb10)
LDR: ! Imported function 'cellGcmBindTile' in 'cellGcmSys' module (0x23cb30)
LDR: ! Imported function 'cellGcmSetFlipMode' in 'cellGcmSys' module (0x23cb50)
LDR: ! Imported function 'cellGcmGetDefaultCommandWordSize' in 'cellGcmSys' module (0x23cb70)
LDR: ! Imported function 'cellGcmMapEaIoAddressWithFlags' in 'cellGcmSys' module (0x23cb90)
LDR: ! Imported function 'cellGcmMapEaIoAddress' in 'cellGcmSys' module (0x23cbb0)
LDR: ! Imported function 'cellGcmGetFlipStatus' in 'cellGcmSys' module (0x23cbd0)
LDR: ! Imported function 'cellGcmGetReportDataAddressLocation' in 'cellGcmSys' module (0x23cbf0)
LDR: ! Imported function 'cellGcmGetDefaultSegmentWordSize' in 'cellGcmSys' module (0x23cc10)
LDR: ! Imported function 'cellGcmSetDefaultFifoSize' in 'cellGcmSys' module (0x23cc30)
LDR: ! Imported function 'cellGcmBindZcull' in 'cellGcmSys' module (0x23cc50)
LDR: ! Imported function 'cellGcmSetDisplayBuffer' in 'cellGcmSys' module (0x23cc70)
LDR: ! Imported function 'cellGcmGetControlRegister' in 'cellGcmSys' module (0x23cc90)
LDR: ! Imported function 'cellGcmUnbindZcull' in 'cellGcmSys' module (0x23ccb0)
LDR: ! Imported function 'cellGcmSetVBlankHandler' in 'cellGcmSys' module (0x23ccd0)
LDR: ! Imported function 'cellGcmSetFlipImmediate' in 'cellGcmSys' module (0x23ccf0)
LDR: ! Imported function 'cellGcmResetFlipStatus' in 'cellGcmSys' module (0x23cd10)
LDR: ! Imported function 'cellGcmSetTileInfo' in 'cellGcmSys' module (0x23cd30)
LDR: ! Imported function '_cellGcmSetFlipCommandWithWaitLabel' in 'cellGcmSys' module (0x23cd50)
LDR: ! Imported function 'cellGcmUnbindTile' in 'cellGcmSys' module (0x23cd70)
LDR: ! Imported function 'cellGcmGetConfiguration' in 'cellGcmSys' module (0x23cd90)
LDR: ! Imported function 'cellGcmUnmapEaIoAddress' in 'cellGcmSys' module (0x23cdb0)
LDR: ! Imported function 'cellGcmGetLabelAddress' in 'cellGcmSys' module (0x23cdd0)
LDR: ! Imported function '_cellSpursLFQueueInitialize' in 'cellSpurs' module (0x23cdf0)
LDR: ! Imported function '_cellSpursTasksetAttributeInitialize' in 'cellSpurs' module (0x23ce10)
LDR: ! Imported function 'cellSpursLFQueueAttachLv2EventQueue' in 'cellSpurs' module (0x23ce30)
LDR: ! Imported function 'cellSpursEventFlagDetachLv2EventQueue' in 'cellSpurs' module (0x23ce50)
LDR: ! Imported function 'cellSpursEventFlagClear' in 'cellSpurs' module (0x23ce70)
LDR: ! Imported function 'cellSpursDetachLv2EventQueue' in 'cellSpurs' module (0x23ce90)
LDR: ! Imported function 'cellSpursRemoveWorkload' in 'cellSpurs' module (0x23ceb0)
LDR: ! Imported function '_cellSpursEventFlagInitialize' in 'cellSpurs' module (0x23ced0)
LDR: ! Imported function 'cellSpursWaitForWorkloadShutdown' in 'cellSpurs' module (0x23cef0)
LDR: ! Imported function 'cellSpursTasksetAttributeSetName' in 'cellSpurs' module (0x23cf10)
LDR: ! Imported function 'cellSpursAddWorkload' in 'cellSpurs' module (0x23cf30)
LDR: ! Imported function 'cellSpursLFQueueDetachLv2EventQueue' in 'cellSpurs' module (0x23cf50)
LDR: ! Imported function 'cellSpursWakeUp' in 'cellSpurs' module (0x23cf70)
LDR: ! Imported function 'cellSpursEventFlagAttachLv2EventQueue' in 'cellSpurs' module (0x23cf90)
LDR: ! Imported function '_cellSpursLFQueuePushBody' in 'cellSpurs' module (0x23cfb0)
LDR: ! Imported function '_cellSpursAttributeInitialize' in 'cellSpurs' module (0x23cfd0)
LDR: ! Imported function 'cellSpursShutdownWorkload' in 'cellSpurs' module (0x23cff0)
LDR: ! Imported function 'cellSpursJoinTaskset' in 'cellSpurs' module (0x23d010)
LDR: ! Imported function '_cellSpursWorkloadFlagReceiver' in 'cellSpurs' module (0x23d030)
LDR: ! Imported function 'cellSpursShutdownTaskset' in 'cellSpurs' module (0x23d050)
LDR: ! Imported function 'cellSpursInitializeWithAttribute' in 'cellSpurs' module (0x23d070)
LDR: ! Imported function 'cellSpursAttachLv2EventQueue' in 'cellSpurs' module (0x23d090)
LDR: ! Imported function 'cellSpursCreateTask' in 'cellSpurs' module (0x23d0b0)
LDR: ! Imported function 'cellSpursCreateTasksetWithAttribute' in 'cellSpurs' module (0x23d0d0)
LDR: ! Imported function 'cellSpursGetWorkloadFlag' in 'cellSpurs' module (0x23d0f0)
LDR: ! Imported function 'cellSpursFinalize' in 'cellSpurs' module (0x23d110)
LDR: ! Imported function 'cellSpursReadyCountStore' in 'cellSpurs' module (0x23d130)
LDR: ! Imported function 'cellSysmoduleUnloadModule' in 'cellSysmodule' module (0x23d150)
LDR: ! Imported function 'cellSysmoduleLoadModule' in 'cellSysmodule' module (0x23d170)
LDR: ! Imported function 'cellSysmoduleInitialize' in 'cellSysmodule' module (0x23d190)
LDR: ! Imported function 'cellSysmoduleFinalize' in 'cellSysmodule' module (0x23d1b0)
LDR: ! Imported function 'cellSysutilUnregisterCallback' in 'cellSysutil' module (0x23d1d0)
LDR: ! Imported function 'cellVideoOutConfigure' in 'cellSysutil' module (0x23d1f0)
LDR: ! Imported function 'cellSysutilCheckCallback' in 'cellSysutil' module (0x23d210)
LDR: ! Imported function 'cellSysCacheMount' in 'cellSysutil' module (0x23d230)
LDR: ! Imported function 'cellSysutilGetSystemParamInt' in 'cellSysutil' module (0x23d250)
LDR: ! Imported function 'cellAudioOutConfigure' in 'cellSysutil' module (0x23d270)
LDR: ! Imported function 'cellVideoOutGetNumberOfDevice' in 'cellSysutil' module (0x23d290)
LDR: ! Imported function 'cellVideoOutGetState' in 'cellSysutil' module (0x23d2b0)
LDR: ! Imported function 'cellSysutilRegisterCallback' in 'cellSysutil' module (0x23d2d0)
LDR: ! Imported function 'cellVideoOutGetResolutionAvailability' in 'cellSysutil' module (0x23d2f0)
LDR: ! Imported function 'cellAudioOutGetSoundAvailability' in 'cellSysutil' module (0x23d310)
LDR: ! Imported function 'cellAudioOutSetCopyControl' in 'cellSysutil' module (0x23d330)
LDR: ! Imported function 'cellVideoOutGetResolution' in 'cellSysutil' module (0x23d350)
LDR: ! Imported function 'cellAudioOutGetState' in 'cellSysutil' module (0x23d370)
LDR: ! Imported function 'cellGameContentPermit' in 'cellGame' module (0x23d390)
LDR: ! Imported function 'cellGameBootCheck' in 'cellGame' module (0x23d3b0)
LDR: ! Imported function 'cellFsStReadInit' in 'sys_fs' module (0x23d3d0)
LDR: ! Imported function 'cellFsStRead' in 'sys_fs' module (0x23d3f0)
LDR: ! Imported function 'cellFsClose' in 'sys_fs' module (0x23d410)
LDR: ! Imported function 'cellFsRead' in 'sys_fs' module (0x23d430)
LDR: ! Imported function 'cellFsOpen' in 'sys_fs' module (0x23d450)
LDR: ! Imported function 'cellFsStReadStart' in 'sys_fs' module (0x23d470)
LDR: ! Imported function 'cellFsLseek' in 'sys_fs' module (0x23d490)
LDR: ! Imported function 'cellFsStReadFinish' in 'sys_fs' module (0x23d4b0)
LDR: ! Imported function 'cellFsWrite' in 'sys_fs' module (0x23d4d0)
LDR: ! Imported function 'cellFsFstat' in 'sys_fs' module (0x23d4f0)
LDR: ! Imported function 'cellFsStReadStop' in 'sys_fs' module (0x23d510)
LDR: ! Imported function 'cellFsRmdir' in 'sys_fs' module (0x23dad0)
LDR: ! Imported function 'cellFsOpendir' in 'sys_fs' module (0x23daf0)
LDR: ! Imported function 'cellFsReaddir' in 'sys_fs' module (0x23db10)
LDR: ! Imported function 'cellFsSdataOpenByFd' in 'sys_fs' module (0x23db30)
LDR: ! Imported function 'cellFsStat' in 'sys_fs' module (0x23db50)
LDR: ! Imported function 'cellFsUnlink' in 'sys_fs' module (0x23db70)
LDR: ! Imported function 'cellFsFsync' in 'sys_fs' module (0x23db90)
LDR: ! Imported function 'cellFsGetFreeSize' in 'sys_fs' module (0x23dbb0)
LDR: ! Imported function 'cellFsSdataOpen' in 'sys_fs' module (0x23dbd0)
LDR: ! Imported function 'cellFsMkdir' in 'sys_fs' module (0x23dbf0)
LDR: ! Imported function 'cellFsClosedir' in 'sys_fs' module (0x23dc10)
LDR: ! Imported function 'cellAudioCreateNotifyEventQueue' in 'cellAudio' module (0x23d530)
LDR: ! Imported function 'cellAudioInit' in 'cellAudio' module (0x23d550)
LDR: ! Imported function 'cellAudioSetNotifyEventQueue' in 'cellAudio' module (0x23d570)
LDR: ! Imported function 'cellAudioPortClose' in 'cellAudio' module (0x23d590)
LDR: ! Imported function 'cellAudioGetPortConfig' in 'cellAudio' module (0x23d5b0)
LDR: ! Imported function 'cellAudioPortStart' in 'cellAudio' module (0x23d5d0)
LDR: ! Imported function 'cellAudioQuit' in 'cellAudio' module (0x23d5f0)
LDR: ! Imported function 'cellAudioPortOpen' in 'cellAudio' module (0x23d610)
LDR: ! Imported function 'cellAudioRemoveNotifyEventQueue' in 'cellAudio' module (0x23d630)
LDR: ! Imported function 'sceNpDrmIsAvailable2' in 'sceNp' module (0x23d650)
LDR: ! Imported function 'cellRescGcmSurface2RescSrc' in 'cellResc' module (0x23d670)
LDR: ! Imported function 'cellRescSetWaitFlip' in 'cellResc' module (0x23d690)
LDR: ! Imported function 'cellRescSetDsts' in 'cellResc' module (0x23d6b0)
LDR: ! Imported function 'cellRescSetDisplayMode' in 'cellResc' module (0x23d6d0)
LDR: ! Imported function 'cellRescSetConvertAndFlip' in 'cellResc' module (0x23d6f0)
LDR: ! Imported function 'cellRescExit' in 'cellResc' module (0x23d710)
LDR: ! Imported function 'cellRescSetFlipHandler' in 'cellResc' module (0x23d730)
LDR: ! Imported function 'cellRescInit' in 'cellResc' module (0x23d750)
LDR: ! Imported function 'cellRescGetBufferSize' in 'cellResc' module (0x23d770)
LDR: ! Imported function 'cellRescSetSrc' in 'cellResc' module (0x23d790)
LDR: ! Imported function 'cellRescSetBufferAddress' in 'cellResc' module (0x23d7b0)
LDR: ! Imported function 'cellRescVideoOutResolutionId2RescBufferMode' in 'cellResc' module (0x23d7d0)
LDR: ! Imported function 'cellRescSetVBlankHandler' in 'cellResc' module (0x23d7f0)
LDR: ! Imported function 'cellRescCreateInterlaceTable' in 'cellResc' module (0x23d810)
LDR: ! Imported function 'cellPadClearBuf' in 'sys_io' module (0x23d830)
LDR: ! Imported function 'cellPadInit' in 'sys_io' module (0x23d850)
LDR: ! Imported function 'cellKbClearBuf' in 'sys_io' module (0x23d870)
LDR: ! Imported function 'cellKbGetInfo' in 'sys_io' module (0x23d890)
LDR: ! Imported function 'cellMouseGetData' in 'sys_io' module (0x23d8b0)
LDR: ! Imported function 'cellMouseClearBuf' in 'sys_io' module (0x23d8d0)
LDR: ! Imported function 'cellKbInit' in 'sys_io' module (0x23d8f0)
LDR: ! Imported function 'cellPadPeriphGetInfo' in 'sys_io' module (0x23d910)
LDR: ! Imported function 'cellPadEnd' in 'sys_io' module (0x23d930)
LDR: ! Imported function 'cellPadSetPortSetting' in 'sys_io' module (0x23d950)
LDR: ! Imported function 'cellMouseGetInfo' in 'sys_io' module (0x23d970)
LDR: ! Imported function 'cellPadGetDataExtra' in 'sys_io' module (0x23d990)
LDR: ! Imported function 'cellPadGetData' in 'sys_io' module (0x23d9b0)
LDR: ! Imported function 'cellKbSetCodeType' in 'sys_io' module (0x23d9d0)
LDR: ! Imported function 'cellPadGetInfo2' in 'sys_io' module (0x23d9f0)
LDR: ! Imported function 'cellKbEnd' in 'sys_io' module (0x23da10)
LDR: ! Imported function 'cellMouseInit' in 'sys_io' module (0x23da30)
LDR: ! Imported function 'cellKbSetReadMode' in 'sys_io' module (0x23da50)
LDR: ! Imported function 'cellMouseEnd' in 'sys_io' module (0x23da70)
LDR: ! Imported function 'cellPadSetActDirect' in 'sys_io' module (0x23da90)
LDR: ! Imported function 'cellKbRead' in 'sys_io' module (0x23dab0)
LDR: ! Imported function 'sys_lwmutex_lock' in 'sysPrxForUser' module (0x23dc30)
LDR: ! Imported function 'sys_lwmutex_unlock' in 'sysPrxForUser' module (0x23dc50)
LDR: ! Imported function 'sys_lwcond_destroy' in 'sysPrxForUser' module (0x23dc70)
LDR: ! Imported function 'sys_ppu_thread_create' in 'sysPrxForUser' module (0x23dc90)
LDR: ! Imported function 'sys_prx_load_module' in 'sysPrxForUser' module (0x23dcb0)
LDR: ! Imported function 'sys_lwcond_wait' in 'sysPrxForUser' module (0x23dcd0)
LDR: ! Imported function '_sys_process_atexitspawn' in 'sysPrxForUser' module (0x23dcf0)
LDR: ! Imported function 'sys_lwmutex_create' in 'sysPrxForUser' module (0x23dd10)
LDR: ! Imported function 'sys_ppu_thread_get_id' in 'sysPrxForUser' module (0x23dd30)
LDR: ! Imported function 'sys_prx_register_library' in 'sysPrxForUser' module (0x23dd50)
LDR: ! Imported function '_sys_heap_memalign' in 'sysPrxForUser' module (0x23dd70)
LDR: ! Imported function 'sys_process_is_stack' in 'sysPrxForUser' module (0x23dd90)
LDR: ! Imported function 'sys_game_process_exitspawn2' in 'sysPrxForUser' module (0x23ddb0)
LDR: ! Imported function 'sys_initialize_tls' in 'sysPrxForUser' module (0x23ddd0)
LDR: ! Imported function 'sys_time_get_system_time' in 'sysPrxForUser' module (0x23ddf0)
LDR: ! Imported function '_sys_heap_free' in 'sysPrxForUser' module (0x23de10)
LDR: ! Imported function '_sys_process_at_Exitspawn' in 'sysPrxForUser' module (0x23de30)
LDR: ! Imported function 'sys_prx_exitspawn_with_level' in 'sysPrxForUser' module (0x23de50)
LDR: ! Imported function 'sys_prx_load_module_on_memcontainer_by_fd' in 'sysPrxForUser' module (0x23de70)
LDR: ! Imported function 'sys_prx_load_module_on_memcontainer' in 'sysPrxForUser' module (0x23de90)
LDR: ! Imported function 'sys_lwmutex_trylock' in 'sysPrxForUser' module (0x23deb0)
LDR: ! Imported function '_sys_heap_delete_heap' in 'sysPrxForUser' module (0x23ded0)
LDR: ! Imported function 'sys_ppu_thread_exit' in 'sysPrxForUser' module (0x23def0)
LDR: ! Imported function '_sys_heap_create_heap' in 'sysPrxForUser' module (0x23df10)
LDR: ! Imported function 'sys_lwmutex_destroy' in 'sysPrxForUser' module (0x23df30)
LDR: ! Imported function 'sys_lwcond_create' in 'sysPrxForUser' module (0x23df50)
LDR: ! Imported function 'sys_spu_image_close' in 'sysPrxForUser' module (0x23df70)
LDR: ! Imported function 'sys_process_exit' in 'sysPrxForUser' module (0x23df90)
LDR: ! Imported function 'sys_lwcond_signal_all' in 'sysPrxForUser' module (0x23dfb0)
LDR: ! Imported function 'sys_spu_image_import' in 'sysPrxForUser' module (0x23dfd0)
LDR: ! Imported function 'sys_prx_load_module_by_fd' in 'sysPrxForUser' module (0x23dff0)
LDR: ! Imported function 'sys_lwcond_signal' in 'sysPrxForUser' module (0x23e010)
MEM: ! Thread Local Storage initialized (g_tls_start=0xddc000, user_size=0x194)
*** TLS segment addr: 0x002c13d0
*** TLS segment size: 0x00000004
HLE: W {PPU[0x1] Thread (main_thread)[0x0023dd10]} sysPrxForUser: sys_lwmutex_create(lwmutex=*0xdcdbf0, attr=*0x24cf18)
HLE: W {PPU[0x1] Thread (main_thread)[0x0011d36c]} sys_memory: sys_memory_get_user_memory_size(mem_info=*0xd000fc04)
HLE: W {PPU[0x1] Thread (main_thread)[0x0023dd10]} sysPrxForUser: sys_lwmutex_create(lwmutex=*0xdcd9f0, attr=*0x24cf18)
HLE: W {PPU[0x1] Thread (main_thread)[0x0023dd10]} sysPrxForUser: sys_lwmutex_create(lwmutex=*0xdcd178, attr=*0x24cf18)
HLE: W {PPU[0x1] Thread (main_thread)[0x0023dd10]} sysPrxForUser: sys_lwmutex_create(lwmutex=*0xdcd1a0, attr=*0x24cf18)
HLE: W {PPU[0x1] Thread (main_thread)[0x0023dd10]} sysPrxForUser: sys_lwmutex_create(lwmutex=*0xdcd1c8, attr=*0x24cf18)
HLE: W {PPU[0x1] Thread (main_thread)[0x0023dd10]} sysPrxForUser: sys_lwmutex_create(lwmutex=*0xdcd0b0, attr=*0x24cf18)
HLE: W {PPU[0x1] Thread (main_thread)[0x0023dd10]} sysPrxForUser: sys_lwmutex_create(lwmutex=*0xdcd0d8, attr=*0x24cf18)
HLE: W {PPU[0x1] Thread (main_thread)[0x0023dd10]} sysPrxForUser: sys_lwmutex_create(lwmutex=*0xdcd100, attr=*0x24cf18)
HLE: W {PPU[0x1] Thread (main_thread)[0x0023dd10]} sysPrxForUser: sys_lwmutex_create(lwmutex=*0xdcd128, attr=*0x24cf18)
HLE: W {PPU[0x1] Thread (main_thread)[0x0023dd10]} sysPrxForUser: sys_lwmutex_create(lwmutex=*0xdcd150, attr=*0x24cf18)
HLE: W {PPU[0x1] Thread (main_thread)[0x001118c0]} sys_time: sys_time_get_timezone(timezone=*0xd000fb20, summertime=*0xd000fb24)
HLE: W {PPU[0x1] Thread (main_thread)[0x00113330]} sys_time: sys_time_get_timezone(timezone=*0xd000fb20, summertime=*0xd000fb24)
HLE: W {PPU[0x1] Thread (main_thread)[0x0011186c]} sys_time: sys_time_get_timezone(timezone=*0xd000fb20, summertime=*0xd000fb24)
HLE: W {PPU[0x1] Thread (main_thread)[0x00113330]} sys_time: sys_time_get_timezone(timezone=*0xd000fb20, summertime=*0xd000fb24)
HLE: W {PPU[0x1] Thread (main_thread)[0x0023dd10]} sysPrxForUser: sys_lwmutex_create(lwmutex=*0xdcbc88, attr=*0xd000fb50)
HLE: W {PPU[0x1] Thread (main_thread)[0x0011c014]} sys_memory: sys_memory_allocate(size=0x100000, flags=0x400, alloc_addr=*0xd000f8a0)
HLE: W {PPU[0x1] Thread (main_thread)[0x0023dc90]} sysPrxForUser: sys_ppu_thread_create(thread_id=*0xd000fca8, entry=0x2bf640, arg=0x0, prio=99, stacksize=0x20000, flags=0x0, threadname=*0x24aa18)
HLE: W {PPU[0x1] Thread (main_thread)[0x0023dc90]} sys_ppu_thread: _sys_ppu_thread_create(thread_id=*0xd000fca8, param=*0xd000fc20, arg=0x0, unk=0x0, prio=99, stacksize=0x20000, flags=0x0, threadname=*0x24aa18)
HLE: W {PPU[0x1] Thread (main_thread)[0x0023dc90]} sys_ppu_thread: sys_ppu_thread_start(thread_id=0xe)
HLE: W {PPU[0x1] Thread (main_thread)[0x0023d170]} cellSysmodule: cellSysmoduleLoadModule(id=0x001f: CELL_SYSMODULE_RESC)
HLE: W {PPU[0x1] Thread (main_thread)[0x000cfac8]} sys_memory: sys_memory_allocate(size=0x100000, flags=0x400, alloc_addr=*0xd000fb10)
HLE: W {PPU[0x1] Thread (main_thread)[0x0023ca70]} cellGcmSys: _cellGcmInitBody(context=**0xd313a8, cmdSize=0xf0000, ioSize=0x100000, ioAddress=0x20100000)
HLE: W {PPU[0x1] Thread (main_thread)[0x0023ca70]} cellGcmSys: *** local memory(addr=0xc0000000, size=0xf900000)
HLE: W {PPU[0x1] Thread (main_thread)[0x0023ca70]} cellGcmSys: cellGcmInit(): 256MB io address space used
HLE: W {PPU[0x1] Thread (main_thread)[0x0023d290]} cellSysutil: cellVideoOutGetNumberOfDevice(videoOut=0)
RSX: ! {rsx::thread} RSX thread started
HLE: W {PPU[0x1] Thread (main_thread)[0x0023d2f0]} cellSysutil: cellVideoOutGetResolutionAvailability(videoOut=0, resolutionId=0x2, aspect=0, option=0)
HLE: W {PPU[0x1] Thread (main_thread)[0x0023ccd0]} cellGcmSys: cellGcmSetVBlankHandler(handler=*0x2bf1d8)
HLE: W {PPU[0x1] Thread (main_thread)[0x0023ca30]} cellGcmSys: cellGcmSetUserHandler(handler=*0x2bf1d0)
HLE: W {PPU[0x1] Thread (main_thread)[0x0023d1f0]} cellSysutil: cellVideoOutConfigure(videoOut=0, config=*0xd000fb00, option=*0x0, waitForEvent=0)
HLE: W {PPU[0x1] Thread (main_thread)[0x0023cb50]} cellGcmSys: cellGcmSetFlipMode(mode=2)
HLE: W {PPU[0x1] Thread (main_thread)[0x0023cd30]} cellGcmSys: cellGcmSetTileInfo(index=0, location=0, offset=0, size=7864320, pitch=5120, comp=7, base=0, bank=0)
HLE: E {PPU[0x1] Thread (main_thread)[0x0023cd30]} cellGcmSys: cellGcmSetTileInfo: bad compression mode! (7)
HLE: W {PPU[0x1] Thread (main_thread)[0x0023cb30]} cellGcmSys: cellGcmBindTile(index=0)
HLE: W {PPU[0x1] Thread (main_thread)[0x0023cd30]} cellGcmSys: cellGcmSetTileInfo(index=1, location=0, offset=7864320, size=3932160, pitch=5120, comp=10, base=120, bank=2)
HLE: E {PPU[0x1] Thread (main_thread)[0x0023cd30]} cellGcmSys: cellGcmSetTileInfo: bad compression mode! (10)
HLE: W {PPU[0x1] Thread (main_thread)[0x0023cb30]} cellGcmSys: cellGcmBindTile(index=1)
HLE: W {PPU[0x1] Thread (main_thread)[0x0023cc50]} cellGcmSys: cellGcmBindZcull(index=0)
HLE: W {PPU[0x1] Thread (main_thread)[0x0011c014]} sys_memory: sys_memory_allocate(size=0x1200000, flags=0x400, alloc_addr=*0xd000f7a0)
HLE: W {PPU[0x1] Thread (main_thread)[0x0023cbb0]} cellGcmSys: cellGcmMapEaIoAddress(ea=0x20300000, io=0xd100000, size=0xf00000)
HLE: W {PPU[0x1] Thread (main_thread)[0x0023cb90]} cellGcmSys: cellGcmMapEaIoAddressWithFlags(ea=0x21200000, io=0xe000000, size=0x100000, flags=0x2)
HLE: W {PPU[0x1] Thread (main_thread)[0x0023d190]} cellSysmodule: cellSysmoduleInitialize()
HLE: W {PPU[0x1] Thread (main_thread)[0x0023d170]} cellSysmodule: cellSysmoduleLoadModule(id=0x0000: CELL_SYSMODULE_NET)
HLE: W {PPU[0x1] Thread (main_thread)[0x0023d170]} cellSysmodule: cellSysmoduleLoadModule(id=0x0014: CELL_SYSMODULE_NETCTL)
HLE: W {PPU[0x1] Thread (main_thread)[0x0023d170]} cellSysmodule: cellSysmoduleLoadModule(id=0x001f: CELL_SYSMODULE_RESC)
HLE: W {PPU[0x1] Thread (main_thread)[0x0023d170]} cellSysmodule: cellSysmoduleLoadModule(id=0x001c: CELL_SYSMODULE_USBD)
HLE: W {PPU[0x1] Thread (main_thread)[0x0023d170]} cellSysmodule: cellSysmoduleLoadModule(id=0x003e: CELL_SYSMODULE_SYSUTIL_GAME)
HLE: W {PPU[0x1] Thread (main_thread)[0x0023d2d0]} cellSysutil: cellSysutilRegisterCallback(slot=0, func=*0x2bf478, userdata=*0x2c44c0)
TTY: SKS: cellSysutilRegisterCallback registered!\n
HLE: W {PPU[0x1] Thread (main_thread)[0x0023cfd0]} cellSpurs: _cellSpursAttributeInitialize(attr=*0xd000f9f8, revision=2, sdkVersion=0x330000, nSpus=5, spuPriority=250, ppuPriority=1000, exitIfNoWork=0)
HLE: W {PPU[0x1] Thread (main_thread)[0x0023d070]} cellSpurs: cellSpursInitializeWithAttribute(spurs=*0x21200400, attr=*0xd000f9f8)
HLE: W {PPU[0x1] Thread (main_thread)[0x0023d070]} sys_process: sys_process_is_spu_lock_line_reservation_address(addr=0x21200400, flags=0x2)
HLE: W {PPU[0x1] Thread (main_thread)[0x0023d070]} sys_semaphore: sys_semaphore_create(sem_id=*0xd000f978, attr=*0xd000f950, initial_val=0, max_val=1)
HLE: W {PPU[0x1] Thread (main_thread)[0x0023d070]} sys_semaphore: sys_semaphore_create(sem_id=*0xd000f978, attr=*0xd000f950, initial_val=0, max_val=1)
HLE: W {PPU[0x1] Thread (main_thread)[0x0023d070]} sys_semaphore: sys_semaphore_create(sem_id=*0xd000f978, attr=*0xd000f950, initial_val=0, max_val=1)
HLE: W {PPU[0x1] Thread (main_thread)[0x0023d070]} sys_semaphore: sys_semaphore_create(sem_id=*0xd000f978, attr=*0xd000f950, initial_val=0, max_val=1)
HLE: W {PPU[0x1] Thread (main_thread)[0x0023d070]} sys_semaphore: sys_semaphore_create(sem_id=*0xd000f978, attr=*0xd000f950, initial_val=0, max_val=1)
HLE: W {PPU[0x1] Thread (main_thread)[0x0023d070]} sys_semaphore: sys_semaphore_create(sem_id=*0xd000f978, attr=*0xd000f950, initial_val=0, max_val=1)
HLE: W {PPU[0x1] Thread (main_thread)[0x0023d070]} sys_semaphore: sys_semaphore_create(sem_id=*0xd000f978, attr=*0xd000f950, initial_val=0, max_val=1)
HLE: W {PPU[0x1] Thread (main_thread)[0x0023d070]} sys_semaphore: sys_semaphore_create(sem_id=*0xd000f978, attr=*0xd000f950, initial_val=0, max_val=1)
HLE: W {PPU[0x1] Thread (main_thread)[0x0023d070]} sys_semaphore: sys_semaphore_create(sem_id=*0xd000f978, attr=*0xd000f950, initial_val=0, max_val=1)
HLE: W {PPU[0x1] Thread (main_thread)[0x0023d070]} sys_semaphore: sys_semaphore_create(sem_id=*0xd000f978, attr=*0xd000f950, initial_val=0, max_val=1)
HLE: W {PPU[0x1] Thread (main_thread)[0x0023d070]} sys_semaphore: sys_semaphore_create(sem_id=*0xd000f978, attr=*0xd000f950, initial_val=0, max_val=1)
HLE: W {PPU[0x1] Thread (main_thread)[0x0023d070]} sys_semaphore: sys_semaphore_create(sem_id=*0xd000f978, attr=*0xd000f950, initial_val=0, max_val=1)
HLE: W {PPU[0x1] Thread (main_thread)[0x0023d070]} sys_semaphore: sys_semaphore_create(sem_id=*0xd000f978, attr=*0xd000f950, initial_val=0, max_val=1)
HLE: W {PPU[0x1] Thread (main_thread)[0x0023d070]} sys_semaphore: sys_semaphore_create(sem_id=*0xd000f978, attr=*0xd000f950, initial_val=0, max_val=1)
HLE: W {PPU[0x1] Thread (main_thread)[0x0023d070]} sys_semaphore: sys_semaphore_create(sem_id=*0xd000f978, attr=*0xd000f950, initial_val=0, max_val=1)
HLE: W {PPU[0x1] Thread (main_thread)[0x0023d070]} sys_semaphore: sys_semaphore_create(sem_id=*0xd000f978, attr=*0xd000f950, initial_val=0, max_val=1)
HLE: W {PPU[0x1] Thread (main_thread)[0x0023d070]} sys_semaphore: sys_semaphore_create(sem_id=*0xd000f978, attr=*0xd000f950, initial_val=0, max_val=1)
HLE: W {PPU[0x1] Thread (main_thread)[0x0023d070]} sys_spu: sys_spu_thread_group_create(id=*0x21201130, num=5, prio=250, attr=*0xd000f8b0)
HLE: W {PPU[0x1] Thread (main_thread)[0x0023d070]} sys_spu: sys_spu_thread_initialize(thread=*0x21201134, group=0x20, spu_num=0, img=*0x21201170, attr=*0xd000f878, arg=*0xd000f888)
HLE: E {PPU[0x1] Thread (main_thread)[0x0023d070]} sys_spu: Unsupported SPU Thread options (0x2)
HLE: W {PPU[0x1] Thread (main_thread)[0x0023d070]} sys_spu: sys_spu_thread_initialize(thread=*0x21201138, group=0x20, spu_num=1, img=*0x21201170, attr=*0xd000f878, arg=*0xd000f888)
HLE: E {PPU[0x1] Thread (main_thread)[0x0023d070]} sys_spu: Unsupported SPU Thread options (0x2)
HLE: W {PPU[0x1] Thread (main_thread)[0x0023d070]} sys_spu: sys_spu_thread_initialize(thread=*0x2120113c, group=0x20, spu_num=2, img=*0x21201170, attr=*0xd000f878, arg=*0xd000f888)
HLE: E {PPU[0x1] Thread (main_thread)[0x0023d070]} sys_spu: Unsupported SPU Thread options (0x2)
HLE: W {PPU[0x1] Thread (main_thread)[0x0023d070]} sys_spu: sys_spu_thread_initialize(thread=*0x21201140, group=0x20, spu_num=3, img=*0x21201170, attr=*0xd000f878, arg=*0xd000f888)
HLE: E {PPU[0x1] Thread (main_thread)[0x0023d070]} sys_spu: Unsupported SPU Thread options (0x2)
HLE: W {PPU[0x1] Thread (main_thread)[0x0023d070]} sys_spu: sys_spu_thread_initialize(thread=*0x21201144, group=0x20, spu_num=4, img=*0x21201170, attr=*0xd000f878, arg=*0xd000f888)
HLE: E {PPU[0x1] Thread (main_thread)[0x0023d070]} sys_spu: Unsupported SPU Thread options (0x2)
HLE: W {PPU[0x1] Thread (main_thread)[0x0023d070]} sysPrxForUser: sys_lwmutex_create(lwmutex=*0x212011b0, attr=*0xd000f7d8)
HLE: W {PPU[0x1] Thread (main_thread)[0x0023d070]} sysPrxForUser: sys_lwcond_create(lwcond=*0x212011c8, lwmutex=*0x212011b0, attr=*0xd000f7e0)
HLE: W {PPU[0x1] Thread (main_thread)[0x0023d070]} sys_event: sys_event_queue_create(equeue_id=*0x2120115c, attr=*0xd000f7d8, event_queue_key=0x0, size=42)
HLE: W {PPU[0x1] Thread (main_thread)[0x0023d070]} sys_spu: sys_spu_thread_group_connect_event_all_threads(id=0x20, eq=0x28, req=0xffffffffffff0000, spup=*0x212004c9)
HLE: W {PPU[0x1] Thread (main_thread)[0x0023d070]} sys_event: sys_event_port_create(eport_id=*0x21201160, port_type=1, name=0x0)
HLE: W {PPU[0x1] Thread (main_thread)[0x0023d070]} sys_event: sys_event_port_connect_local(eport_id=0x29, equeue_id=0x28)
HLE: W {PPU[0x1] Thread (main_thread)[0x0023d070]} cellSpurs: cellSpursEnableExceptionEventHandler(spurs=*0x21200400, flag=1)
HLE: W {PPU[0x2b] Thread (SpursHdlr0)[0x00000000]} sys_spu: sys_spu_thread_group_start(id=0x20)
HLE: W {PPU[0x1] Thread (main_thread)[0x0023d070]} sys_spu: sys_spu_thread_group_connect_event(id=0x20, eq=0x28, et=2)
SPU: S {PPU[0x2b] Thread (SpursHdlr0)[0x00000000]} SPU Database initialized...
SPU: S {PPU[0x2b] Thread (SpursHdlr0)[0x00000000]} SPU Recompiler (ASMJIT) created...
HLE: W {PPU[0x2b] Thread (SpursHdlr0)[0x00000000]} sys_spu: sys_spu_thread_group_join(id=0x20, cause=*0x0, status=*0x0)
HLE: W {PPU[0x1] Thread (main_thread)[0x0023dd10]} sysPrxForUser: sys_lwmutex_create(lwmutex=*0xd13cf8, attr=*0xd000fa90)
HLE: W {PPU[0x1] Thread (main_thread)[0x0023df50]} sysPrxForUser: sys_lwcond_create(lwcond=*0xd13d10, lwmutex=*0xd13cf8, attr=*0xd000faa0)
HLE: W {PPU[0x1] Thread (main_thread)[0x0023dd10]} sysPrxForUser: sys_lwmutex_create(lwmutex=*0xd0eef8, attr=*0xd000f9b0)
HLE: W {PPU[0x1] Thread (main_thread)[0x0023df50]} sysPrxForUser: sys_lwcond_create(lwcond=*0xd0ef10, lwmutex=*0xd0eef8, attr=*0xd000f9c0)
HLE: W {PPU[0x1] Thread (main_thread)[0x0023dd10]} sysPrxForUser: sys_lwmutex_create(lwmutex=*0xdcde40, attr=*0xd000fa20)
HLE: W {PPU[0x1] Thread (main_thread)[0x0023df50]} sysPrxForUser: sys_lwcond_create(lwcond=*0xdcde58, lwmutex=*0xdcde40, attr=*0xd000fa30)
HLE: W {PPU[0x1] Thread (main_thread)[0x000825ac]} sys_event: sys_event_queue_create(equeue_id=*0xd26290, attr=*0xd000fb50, event_queue_key=0x0, size=8)
HLE: W {PPU[0x1] Thread (main_thread)[0x0023dc90]} sysPrxForUser: sys_ppu_thread_create(thread_id=*0xd26288, entry=0x2b7b68, arg=0x0, prio=200, stacksize=0x1000, flags=0x1, threadname=*0x244a00)
HLE: W {PPU[0x1] Thread (main_thread)[0x0023dc90]} sys_ppu_thread: _sys_ppu_thread_create(thread_id=*0xd26288, param=*0xd000fad0, arg=0x0, unk=0x0, prio=200, stacksize=0x1000, flags=0x1, threadname=*0x244a00)
HLE: W {PPU[0x1] Thread (main_thread)[0x0023dc90]} sys_ppu_thread: sys_ppu_thread_start(thread_id=0x33)
HLE: W {PPU[0x1] Thread (main_thread)[0x00082994]} sys_event: sys_event_port_create(eport_id=*0xd26294, port_type=1, name=0xd1ed1ed1)
HLE: W {PPU[0x1] Thread (main_thread)[0x000829a8]} sys_event: sys_event_port_connect_local(eport_id=0x34, equeue_id=0x32)
HLE: W {PPU[0x1] Thread (main_thread)[0x0023d090]} cellSpurs: cellSpursAttachLv2EventQueue(spurs=*0x21200400, queue=0x32, port=*0xd000fb60, isDynamic=0)
HLE: W {PPU[0x1] Thread (main_thread)[0x0023d090]} sys_spu: sys_spu_thread_group_connect_event_all_threads(id=0x20, eq=0x32, req=0x2, spup=*0xd000fb60)
HLE: W {PPU[0x1] Thread (main_thread)[0x0023cf30]} cellSpurs: cellSpursAddWorkload(spurs=*0x21200400, wid=*0xd26280, pm=*0x292d80, size=0xa00, data=0xd26300, priority=*0x2c19a0, minCnt=0x1, maxCnt=0x4)
HLE: W {PPU[0x1] Thread (main_thread)[0x0023d030]} cellSpurs: _cellSpursWorkloadFlagReceiver(spurs=*0x21200400, wid=0, is_set=1)
HLE: W {PPU[0x1] Thread (main_thread)[0x0023d130]} cellSpurs: cellSpursReadyCountStore(spurs=*0x21200400, wid=0, value=0x4)
HLE: W {PPU[0x1] Thread (main_thread)[0x0023cf70]} cellSpurs: cellSpursWakeUp(spurs=*0x21200400)
HLE: W {PPU[0x1] Thread (main_thread)[0x0023dd10]} sysPrxForUser: sys_lwmutex_create(lwmutex=*0xd15b78, attr=*0xd000faf0)
HLE: W {PPU[0x1] Thread (main_thread)[0x0023df50]} sysPrxForUser: sys_lwcond_create(lwcond=*0xd15b90, lwmutex=*0xd15b78, attr=*0xd000fb00)
HLE: W {PPU[0x1] Thread (main_thread)[0x0023dd10]} sysPrxForUser: sys_lwmutex_create(lwmutex=*0xd15ba8, attr=*0xd000faf0)
HLE: W {PPU[0x1] Thread (main_thread)[0x0023df50]} sysPrxForUser: sys_lwcond_create(lwcond=*0xd15bc0, lwmutex=*0xd15ba8, attr=*0xd000fb00)
HLE: W {PPU[0x1] Thread (main_thread)[0x0023dd10]} sysPrxForUser: sys_lwmutex_create(lwmutex=*0xd15b18, attr=*0xd000faf0)
HLE: W {PPU[0x1] Thread (main_thread)[0x0023df50]} sysPrxForUser: sys_lwcond_create(lwcond=*0xd15b30, lwmutex=*0xd15b18, attr=*0xd000fb00)
HLE: W {PPU[0x1] Thread (main_thread)[0x0023dd10]} sysPrxForUser: sys_lwmutex_create(lwmutex=*0xd15b48, attr=*0xd000faf0)
HLE: W {PPU[0x1] Thread (main_thread)[0x0023df50]} sysPrxForUser: sys_lwcond_create(lwcond=*0xd15b60, lwmutex=*0xd15b48, attr=*0xd000fb00)
HLE: W {PPU[0x1] Thread (main_thread)[0x0023dc90]} sysPrxForUser: sys_ppu_thread_create(thread_id=*0x2001f418, entry=0x2b7708, arg=0x2001f410, prio=1002, stacksize=0x40000, flags=0x1, threadname=*0x200a1490)
HLE: W {PPU[0x1] Thread (main_thread)[0x0023dc90]} sys_ppu_thread: _sys_ppu_thread_create(thread_id=*0x2001f418, param=*0xd000f990, arg=0x2001f410, unk=0x0, prio=1002, stacksize=0x40000, flags=0x1, threadname=*0x200a1490)
HLE: W {PPU[0x1] Thread (main_thread)[0x0023dc90]} sys_ppu_thread: sys_ppu_thread_start(thread_id=0x3d)
HLE: W {PPU[0x1] Thread (main_thread)[0x0023dc90]} sysPrxForUser: sys_ppu_thread_create(thread_id=*0x2001f448, entry=0x2b7708, arg=0x2001f440, prio=1002, stacksize=0x40000, flags=0x1, threadname=*0x200a1490)
HLE: W {PPU[0x1] Thread (main_thread)[0x0023dc90]} sys_ppu_thread: _sys_ppu_thread_create(thread_id=*0x2001f448, param=*0xd000f990, arg=0x2001f440, unk=0x0, prio=1002, stacksize=0x40000, flags=0x1, threadname=*0x200a1490)
HLE: W {PPU[0x1] Thread (main_thread)[0x0023dc90]} sys_ppu_thread: sys_ppu_thread_start(thread_id=0x3e)
HLE: W {PPU[0x1] Thread (main_thread)[0x0023dc90]} sysPrxForUser: sys_ppu_thread_create(thread_id=*0xd000fbc8, entry=0x2b7708, arg=0xd000fbc0, prio=1002, stacksize=0x10000, flags=0x0, threadname=*0x24ab58)
HLE: W {PPU[0x1] Thread (main_thread)[0x0023dc90]} sys_ppu_thread: _sys_ppu_thread_create(thread_id=*0xd000fbc8, param=*0xd000fab0, arg=0xd000fbc0, unk=0x0, prio=1002, stacksize=0x10000, flags=0x0, threadname=*0x24ab58)
HLE: W {PPU[0x1] Thread (main_thread)[0x0023dc90]} sys_ppu_thread: sys_ppu_thread_start(thread_id=0x3f)
HLE: W {PPU[0x3f] Thread (PhyreEngineHDDPathThread)[0x0023d3b0]} cellGame: cellGameBootCheck(type=*0xd00dfcf0, attributes=*0xd00dfcf4, size=*0xd00dfcf8, dirName=*0x0)
HLE: W {PPU[0x3f] Thread (PhyreEngineHDDPathThread)[0x0023d390]} cellGame: cellGameContentPermit(contentInfoPath=*0xd00dfd08, usrdirPath=*0xd30220)
TTY: s_bootUsrdirPath='/dev_bdvd/PS3_GAME/USRDIR'\n
HLE: W {PPU[0x1] Thread (main_thread)[0x0011c014]} sys_memory: sys_memory_allocate(size=0x200000, flags=0x400, alloc_addr=*0xd000f880)
HLE: W {PPU[0x1] Thread (main_thread)[0x0023dd10]} sysPrxForUser: sys_lwmutex_create(lwmutex=*0xd0aee8, attr=*0xd000f930)
HLE: W {PPU[0x1] Thread (main_thread)[0x0023df50]} sysPrxForUser: sys_lwcond_create(lwcond=*0xd0af00, lwmutex=*0xd0aee8, attr=*0xd000f940)
HLE: W {PPU[0x1] Thread (main_thread)[0x0023dd10]} sysPrxForUser: sys_lwmutex_create(lwmutex=*0xd0af60, attr=*0xd000f930)
HLE: W {PPU[0x1] Thread (main_thread)[0x0023df50]} sysPrxForUser: sys_lwcond_create(lwcond=*0xd0af78, lwmutex=*0xd0af60, attr=*0xd000f940)
HLE: W {PPU[0x1] Thread (main_thread)[0x0023d0f0]} cellSpurs: cellSpursGetWorkloadFlag(spurs=*0x21200400, flag=**0xd000fa50)
HLE: W {PPU[0x1] Thread (main_thread)[0x0023cbf0]} cellGcmSys: cellGcmGetReportDataAddressLocation(index=0, location=1)
HLE: W {PPU[0x1] Thread (main_thread)[0x0023dd10]} sysPrxForUser: sys_lwmutex_create(lwmutex=*0xd0e1a0, attr=*0xd000fa70)
HLE: W {PPU[0x1] Thread (main_thread)[0x0023df50]} sysPrxForUser: sys_lwcond_create(lwcond=*0xd0e1b8, lwmutex=*0xd0e1a0, attr=*0xd000fa80)
HLE: W {PPU[0x1] Thread (main_thread)[0x0023dd10]} sysPrxForUser: sys_lwmutex_create(lwmutex=*0xd0e1d0, attr=*0xd000fa70)
HLE: W {PPU[0x1] Thread (main_thread)[0x0023df50]} sysPrxForUser: sys_lwcond_create(lwcond=*0xd0e1e8, lwmutex=*0xd0e1d0, attr=*0xd000fa80)
HLE: W {PPU[0x1] Thread (main_thread)[0x0023dd10]} sysPrxForUser: sys_lwmutex_create(lwmutex=*0xd0dd98, attr=*0xd000fa80)
HLE: W {PPU[0x1] Thread (main_thread)[0x0023df50]} sysPrxForUser: sys_lwcond_create(lwcond=*0xd0ddb0, lwmutex=*0xd0dd98, attr=*0xd000fa90)
HLE: W {PPU[0x1] Thread (main_thread)[0x0023dd10]} sysPrxForUser: sys_lwmutex_create(lwmutex=*0xd0ddd8, attr=*0xd000fa80)
HLE: W {PPU[0x1] Thread (main_thread)[0x0023df50]} sysPrxForUser: sys_lwcond_create(lwcond=*0xd0ddf0, lwmutex=*0xd0ddd8, attr=*0xd000fa90)
HLE: W {PPU[0x1] Thread (main_thread)[0x0023dd10]} sysPrxForUser: sys_lwmutex_create(lwmutex=*0xd0de18, attr=*0xd000fa80)
HLE: W {PPU[0x1] Thread (main_thread)[0x0023df50]} sysPrxForUser: sys_lwcond_create(lwcond=*0xd0de30, lwmutex=*0xd0de18, attr=*0xd000fa90)
HLE: W {PPU[0x1] Thread (main_thread)[0x0023dd10]} sysPrxForUser: sys_lwmutex_create(lwmutex=*0xd0de58, attr=*0xd000fa80)
HLE: W {PPU[0x1] Thread (main_thread)[0x0023df50]} sysPrxForUser: sys_lwcond_create(lwcond=*0xd0de70, lwmutex=*0xd0de58, attr=*0xd000fa90)
HLE: W {PPU[0x1] Thread (main_thread)[0x0023dd10]} sysPrxForUser: sys_lwmutex_create(lwmutex=*0xd0de98, attr=*0xd000fa80)
HLE: W {PPU[0x1] Thread (main_thread)[0x0023df50]} sysPrxForUser: sys_lwcond_create(lwcond=*0xd0deb0, lwmutex=*0xd0de98, attr=*0xd000fa90)
HLE: W {PPU[0x1] Thread (main_thread)[0x0023dd10]} sysPrxForUser: sys_lwmutex_create(lwmutex=*0xd0ded8, attr=*0xd000fa80)
HLE: W {PPU[0x1] Thread (main_thread)[0x0023df50]} sysPrxForUser: sys_lwcond_create(lwcond=*0xd0def0, lwmutex=*0xd0ded8, attr=*0xd000fa90)
HLE: W {PPU[0x1] Thread (main_thread)[0x0023dd10]} sysPrxForUser: sys_lwmutex_create(lwmutex=*0xd0df18, attr=*0xd000fa80)
HLE: W {PPU[0x1] Thread (main_thread)[0x0023df50]} sysPrxForUser: sys_lwcond_create(lwcond=*0xd0df30, lwmutex=*0xd0df18, attr=*0xd000fa90)
HLE: W {PPU[0x1] Thread (main_thread)[0x0023dd10]} sysPrxForUser: sys_lwmutex_create(lwmutex=*0xd0df58, attr=*0xd000fa80)
HLE: W {PPU[0x1] Thread (main_thread)[0x0023df50]} sysPrxForUser: sys_lwcond_create(lwcond=*0xd0df70, lwmutex=*0xd0df58, attr=*0xd000fa90)
HLE: W {PPU[0x1] Thread (main_thread)[0x0023dd10]} sysPrxForUser: sys_lwmutex_create(lwmutex=*0xd0df98, attr=*0xd000fa80)
HLE: W {PPU[0x1] Thread (main_thread)[0x0023df50]} sysPrxForUser: sys_lwcond_create(lwcond=*0xd0dfb0, lwmutex=*0xd0df98, attr=*0xd000fa90)
HLE: W {PPU[0x1] Thread (main_thread)[0x0023dd10]} sysPrxForUser: sys_lwmutex_create(lwmutex=*0xd0dfd8, attr=*0xd000fa80)
HLE: W {PPU[0x1] Thread (main_thread)[0x0023df50]} sysPrxForUser: sys_lwcond_create(lwcond=*0xd0dff0, lwmutex=*0xd0dfd8, attr=*0xd000fa90)
HLE: W {PPU[0x1] Thread (main_thread)[0x0023dd10]} sysPrxForUser: sys_lwmutex_create(lwmutex=*0xd0e018, attr=*0xd000fa80)
HLE: W {PPU[0x1] Thread (main_thread)[0x0023df50]} sysPrxForUser: sys_lwcond_create(lwcond=*0xd0e030, lwmutex=*0xd0e018, attr=*0xd000fa90)
HLE: W {PPU[0x1] Thread (main_thread)[0x0023dd10]} sysPrxForUser: sys_lwmutex_create(lwmutex=*0xd0e058, attr=*0xd000fa80)
HLE: W {PPU[0x1] Thread (main_thread)[0x0023df50]} sysPrxForUser: sys_lwcond_create(lwcond=*0xd0e070, lwmutex=*0xd0e058, attr=*0xd000fa90)
HLE: W {PPU[0x1] Thread (main_thread)[0x0023dd10]} sysPrxForUser: sys_lwmutex_create(lwmutex=*0xd0e098, attr=*0xd000fa80)
HLE: W {PPU[0x1] Thread (main_thread)[0x0023df50]} sysPrxForUser: sys_lwcond_create(lwcond=*0xd0e0b0, lwmutex=*0xd0e098, attr=*0xd000fa90)
HLE: W {PPU[0x1] Thread (main_thread)[0x0023dd10]} sysPrxForUser: sys_lwmutex_create(lwmutex=*0xd0e0d8, attr=*0xd000fa80)
HLE: W {PPU[0x1] Thread (main_thread)[0x0023df50]} sysPrxForUser: sys_lwcond_create(lwcond=*0xd0e0f0, lwmutex=*0xd0e0d8, attr=*0xd000fa90)
HLE: W {PPU[0x1] Thread (main_thread)[0x0023dd10]} sysPrxForUser: sys_lwmutex_create(lwmutex=*0xd0e118, attr=*0xd000fa80)
HLE: W {PPU[0x1] Thread (main_thread)[0x0023df50]} sysPrxForUser: sys_lwcond_create(lwcond=*0xd0e130, lwmutex=*0xd0e118, attr=*0xd000fa90)
HLE: W {PPU[0x1] Thread (main_thread)[0x0023dd10]} sysPrxForUser: sys_lwmutex_create(lwmutex=*0xd0e158, attr=*0xd000fa80)
HLE: W {PPU[0x1] Thread (main_thread)[0x0023df50]} sysPrxForUser: sys_lwcond_create(lwcond=*0xd0e170, lwmutex=*0xd0e158, attr=*0xd000fa90)
HLE: W {PPU[0x1] Thread (main_thread)[0x0023dc90]} sysPrxForUser: sys_ppu_thread_create(thread_id=*0xd0dd68, entry=0x2b7708, arg=0xd0dd60, prio=1001, stacksize=0x10000, flags=0x1, threadname=*0x2418ac)
HLE: W {PPU[0x1] Thread (main_thread)[0x0023dc90]} sys_ppu_thread: _sys_ppu_thread_create(thread_id=*0xd0dd68, param=*0xd000fa10, arg=0xd0dd60, unk=0x0, prio=1001, stacksize=0x10000, flags=0x1, threadname=*0x2418ac)
HLE: W {PPU[0x1] Thread (main_thread)[0x0023dc90]} sys_ppu_thread: sys_ppu_thread_start(thread_id=0x68)
HLE: W {PPU[0x1] Thread (main_thread)[0x0023d850]} sys_io: cellPadInit(max_connect=7)
HLE: W {PPU[0x1] Thread (main_thread)[0x0023d8f0]} sys_io: cellKbInit(max_connect=7)
HLE: W {PPU[0x1] Thread (main_thread)[0x0023da30]} sys_io: cellMouseInit(max_connect=1)
HLE: W {PPU[0x1] Thread (main_thread)[0x0023d450]} cellFs: cellFsOpen(path=*0x2c1600, flags=0, fd=*0xd000e734, arg=*0x0, size=0x0) -> sys_fs_open()
HLE: W {PPU[0x1] Thread (main_thread)[0x0023d450]} sys_fs: sys_fs_open(path=*0x2c1600, flags=0, fd=*0xd000e734, mode=0, arg=*0x0, size=0x0)
HLE: W {PPU[0x1] Thread (main_thread)[0x0023d450]} sys_fs: *** path = '/dev_bdvd/PS3_GAME/USRDIR/Version_config/mater_version_config.txt'
HLE: W {PPU[0x1] Thread (main_thread)[0x0023d4f0]} sys_fs: sys_fs_fstat(fd=3, sb=*0xd000e700)
HLE: W {PPU[0x1] Thread (main_thread)[0x0023d3d0]} cellFs: cellFsStReadInit(fd=3, ringbuf=*0xd000e6e0)
HLE: W {PPU[0x1] Thread (main_thread)[0x0023d470]} cellFs: cellFsStReadStart(fd=3, offset=0x0, size=0xb)
HLE: W {PPU[0x1] Thread (main_thread)[0x0023d3f0]} cellFs: cellFsStRead(fd=3, buf=*0xd000e948, size=0x3ff, rsize=*0xd000e848)
HLE: W {PPU[0x1] Thread (main_thread)[0x0023d510]} cellFs: cellFsStReadStop(fd=3)
HLE: W {PPU[0x1] Thread (main_thread)[0x0023d4b0]} cellFs: cellFsStReadFinish(fd=3)
G: ! {PPU[0x1] Thread (main_thread)[0x001143dc]} Registers:
=========
GPR[0] = 0x100
GPR[1] = 0xd000e890
GPR[2] = 0x2c87c0
GPR[3] = 0x0
GPR[4] = 0x0
GPR[5] = 0x0
GPR[6] = 0x7f7f7f7f7f7f7f7f
GPR[7] = 0x0
GPR[8] = 0x10
GPR[9] = 0xd000ed48
GPR[10] = 0x7f7f7f7f7f7f7f7f
GPR[11] = 0x8080808080000000
GPR[12] = 0xd000f948
GPR[13] = 0xde3030
GPR[14] = 0x0
GPR[15] = 0x2a7000
GPR[16] = 0x2a6000
GPR[17] = 0x0
GPR[18] = 0x2a5000
GPR[19] = 0x0
GPR[20] = 0x0
GPR[21] = 0x200c42a0
GPR[22] = 0x200c4280
GPR[23] = 0x0
GPR[24] = 0x0
GPR[25] = 0x0
GPR[26] = 0xd000ed48
GPR[27] = 0x0
GPR[28] = 0x0
GPR[29] = 0x0
GPR[30] = 0x200c42a4
GPR[31] = 0xd000f148
FPR[0] = 2048
FPR[1] = 8.28905E-317
FPR[2] = 1.67772E+07
FPR[3] = 0.8
FPR[4] = 0.5
FPR[5] = 127.5
FPR[6] = 25.5
FPR[7] = 25.5
FPR[8] = 204
FPR[9] = 0.5
FPR[10] = 2048
FPR[11] = 2048
FPR[12] = 0.5
FPR[13] = 2048
FPR[14] = 0
FPR[15] = 0
FPR[16] = 0
FPR[17] = 0
FPR[18] = 0
FPR[19] = 0
FPR[20] = 0
FPR[21] = 0
FPR[22] = 0
FPR[23] = 0
FPR[24] = 0
FPR[25] = 0
FPR[26] = 0
FPR[27] = 0
FPR[28] = 0
FPR[29] = 0
FPR[30] = 0
FPR[31] = 0
VPR[0] = 0xbf5413cfbf5413cfbf5413cfbf5413cf [x: -0.828427 y: -0.828427 z: -0.828427 w: -0.828427]
VPR[1] = 0x461c4066461c4066461c4066461c4066 [x: 10000.1 y: 10000.1 z: 10000.1 w: 10000.1]
VPR[2] = 0x401a8279000000000000000000000000 [x: 2.41421 y: 0 z: 0 w: 0]
VPR[3] = 0x401a8279401a8279401a8279401a8279 [x: 2.41421 y: 2.41421 z: 2.41421 w: 2.41421]
VPR[4] = 0x00000000401a82790000000000000000 [x: 0 y: 2.41421 z: 0 w: 0]
VPR[5] = 0x401a8279401a8279401a8279401a8279 [x: 2.41421 y: 2.41421 z: 2.41421 w: 2.41421]
VPR[6] = 0x8000000080000000bf8000a7bf800000 [x: -0 y: -0 z: -1.00002 w: -1]
VPR[7] = 0x0000000000000000be4ccd5200000000 [x: 0 y: 0 z: -0.200002 w: 0]
VPR[8] = 0x409a8279409a8279409a8279409a8279 [x: 4.82843 y: 4.82843 z: 4.82843 w: 4.82843]
VPR[9] = 0x000102031415161718191a1b1c1d1e1f [x: 9.25572e-41 y: 7.52693e-27 z: 1.9788e-24 w: 5.19859e-22]
VPR[10] = 0x000102030405060718191a1b08090a0b [x: 9.25572e-41 y: 1.56368e-36 z: 1.9788e-24 w: 4.12387e-34]
VPR[11] = 0xbf8000a7bf8000a7bf8000a7bf8000a7 [x: -1.00002 y: -1.00002 z: -1.00002 w: -1.00002]
VPR[12] = 0xc09a8279c09a8279c09a8279c09a8279 [x: -4.82843 y: -4.82843 z: -4.82843 w: -4.82843]
VPR[13] = 0x3dcccccd3dcccccd3dcccccd3dcccccd [x: 0.1 y: 0.1 z: 0.1 w: 0.1]
VPR[14] = 0xc01a8279c01a8279c01a8279c01a8279 [x: -2.41421 y: -2.41421 z: -2.41421 w: -2.41421]
VPR[15] = 0xbed413cfbed413cfbed413cfbed413cf [x: -0.414214 y: -0.414214 z: -0.414214 w: -0.414214]
VPR[16] = 0xb951b7a0b951b7a0b951b7a0b951b7a0 [x: -0.000200002 y: -0.000200002 z: -0.000200002 w: -0.000200002]
VPR[17] = 0xb7420000b7420000b7420000b7420000 [x: -1.15633e-05 y: -1.15633e-05 z: -1.15633e-05 w: -1.15633e-05]
VPR[18] = 0x37470000374700003747000037470000 [x: 1.18613e-05 y: 1.18613e-05 z: 1.18613e-05 w: 1.18613e-05]
VPR[19] = 0x00000000560f12fe00000000560f12bf [x: 0 y: 3.93279e+13 z: 0 w: 3.93277e+13]
VPR[20] = 0x000000000000000000000000560f12bf [x: 0 y: 0 z: 0 w: 3.93277e+13]
VPR[21] = 0x00000000000000000000000000000000 [x: 0 y: 0 z: 0 w: 0]
VPR[22] = 0x0000000000000062000000000000000f [x: 0 y: 1.37327e-43 z: 0 w: 2.10195e-44]
VPR[23] = 0x00000000560f12bf0000000000002bba [x: 0 y: 3.93277e+13 z: 0 w: 1.56861e-41]
VPR[24] = 0x00000000560f12bf00000000560f12fe [x: 0 y: 3.93277e+13 z: 0 w: 3.93279e+13]
VPR[25] = 0x0000787270732e636564787461626900 [x: 4.32076e-41 y: 3.01044e+29 z: 6.74326e+22 w: 2.61033e+20]
VPR[26] = 0x000000000000000f0000000000000000 [x: 0 y: 2.10195e-44 z: 0 w: 0]
VPR[27] = 0x0000000000017ed60000000000000062 [x: 0 y: 1.37336e-40 z: 0 w: 1.37327e-43]
VPR[28] = 0x00000000560f12fe00000000560f12bf [x: 0 y: 3.93279e+13 z: 0 w: 3.93277e+13]
VPR[29] = 0x656478746162690000000000560f12bf [x: 6.74326e+22 y: 2.61033e+20 z: 0 w: 3.93277e+13]
VPR[30] = 0x000000000000000000787270732e3263 [x: 0 y: 0 z: 1.10613e-38 w: 1.38013e+31]
VPR[31] = 0x0000000000000062000000000000000f [x: 0 y: 1.37327e-43 z: 0 w: 2.10195e-44]
CR = 0x24000082
LR = 0x187b8
CTR = 0x10
XER = 0x20000000 [CA=1 | OV=8589934592 | SO=0]
FPSCR = 0x0 [RN=0 | NI=0 | XE=0 | ZE=0 | UE=0 | OE=0 | VE=0 | VXCVI=0 | VXSQRT=0 | VXSOFT=0 | FPRF=0 | FI=0 | FR=0 | VXVC=0 | VXIMZ=0 | VXZDZ=0 | VXIDI=0 | VXISI=0 | VXSNAN=0 | XX=0 | ZX=0 | UX=0 | OX=0 | VX=0 | FEX=0 | FX=0]

G: E {PPU[0x1] Thread (main_thread)[0x001143dc]} Exception: Access violation reading location 0x0
(in file ..\Utilities\Thread.cpp:1122, in function _se_translator)
G: ! Stopping emulator...
G: ! All threads signaled...
G: ! {PPU[0x2] Thread (Callback Thread)[0x000d37b0]} Thread aborted
G: ! {SPU[0x25] Thread (CellSpursKernel4)[0x00818]} Thread aborted
G: ! {SPU[0x23] Thread (CellSpursKernel2)[0x00818]} Thread aborted
HLE: S {PPU[0x33] Thread (spu_printf_handler)[0x00082df0]} Last syscall: 130 (sys_event_queue_receive)
G: ! {SPU[0x22] Thread (CellSpursKernel1)[0x00818]} Thread aborted
G: ! {SPU[0x21] Thread (CellSpursKernel0)[0x00818]} Thread aborted
HLE: S {PPU[0x3d] Thread (PhyreEngineWorkerThread0)[0x0023dcd0]} Last function: sys_lwcond_wait (0x2a6d9d51)
G: ! {PPU[0xe] Thread (SysutilCheckCallbackThread)[0x000da024]} Thread aborted
HLE: S {PPU[0x3e] Thread (PhyreEngineWorkerThread1)[0x0023dcd0]} Last function: sys_lwcond_wait (0x2a6d9d51)
G: ! {PPU[0x33] Thread (spu_printf_handler)[0x00082df0]} Thread aborted
G: ! {PPU[0x3d] Thread (PhyreEngineWorkerThread0)[0x0023dcd0]} Thread aborted
HLE: S {PPU[0x68] Thread (PhyreEngineRenderThread)[0x0023dcd0]} Last function: sys_lwcond_wait (0x2a6d9d51)
G: ! {PPU[0x3e] Thread (PhyreEngineWorkerThread1)[0x0023dcd0]} Thread aborted
G: ! {SPU[0x24] Thread (CellSpursKernel3)[0x00818]} Thread aborted
G: ! {PPU[0x68] Thread (PhyreEngineRenderThread)[0x0023dcd0]} Thread aborted
RSX: W {rsx::thread} RSX thread aborted
RSX: ! {rsx::thread} RSX thread ended
G: ! {PPU[0x2a] Thread (SpursHdlr1)[0x00000000]} Thread aborted
G: ! {VBlank Thread} Thread aborted
G: ! {PPU[0x2b] Thread (SpursHdlr0)[0x00000000]} Thread aborted
G: ! All threads stopped...
G: ! Objects cleared...
G: ! Stopping emulator...
