LDR: E PSFLoader::Load() failed: unknown magic (0x0)
G: ! RPCS3 0.0.0.5 v0.0.0.5-2529-g286d296
G: ! 
G: ! Stopping emulator...
LDR: ! Decrypting 'D:/Emulateurs/Rpcs3/dev_hdd0/game/BLES00372-[Valkyria Chronicles]/PS3_GAME/USRDIR/EBOOT.BIN'...
LDR: ! Loading 'D:/Emulateurs/Rpcs3/dev_hdd0/game/BLES00372-[Valkyria Chronicles]/PS3_GAME/USRDIR/BOOT.BIN'...
G: W fs::file::open('D:/Emulateurs/Rpcs3/dev_hdd0/game/BLES00372-[Valkyria Chronicles]/PS3_GAME/dev_bdvd.path', 0x1) failed: error 0x2
LDR: ! 
LDR: ! Mount info:
LDR: ! /dev_usb000/ -> D:/Emulateurs/Rpcs3/dev_usb000/
LDR: ! /dev_flash/ -> D:/Emulateurs/Rpcs3/dev_flash/
LDR: ! /host_root/ -> 
LDR: ! /dev_hdd0/ -> D:/Emulateurs/Rpcs3/dev_hdd0/
LDR: ! /dev_hdd1/ -> D:/Emulateurs/Rpcs3/dev_hdd1/
LDR: ! /dev_bdvd/ -> D:/Emulateurs/Rpcs3/dev_hdd0/game/BLES00372-[Valkyria Chronicles]/
LDR: ! /dev_usb/ -> D:/Emulateurs/Rpcs3/dev_usb000/
LDR: ! 
LDR: ! Settings:
LDR: ! CPU: PPU Interpreter 2
LDR: ! SPU: SPU Recompiler (ASMJIT)
LDR: ! Renderer: DirectX 12
LDR: ! D3D Adapter: Default
LDR: ! Resolution: 1280x720
LDR: ! Write Depth Buffer: No
LDR: ! Write Color Buffers: No
LDR: ! Read Color Buffer: No
LDR: ! Audio Out: XAudio2
LDR: ! Log Everything: No
LDR: ! RSX Logging: No
LDR: ! 
LDR: ! Title: Valkyria Chronicles
LDR: ! Serial: BLES00372
LDR: ! Elf path: /dev_bdvd/PS3_GAME/USRDIR/BOOT.BIN
LDR: ! 
LDR: ! loader::init() failed: Broken file
LDR: ! *** sdk version: 0x200002
LDR: ! *** primary prio: 1001
LDR: ! *** primary stacksize: 0x80000
LDR: ! *** malloc pagesize: 0x100000
LDR: ! *** ppc seg: 0x0
LDR: ! Imported function 'cellGcmGetTiledPitchSize' in 'cellGcmSys' module (0xc2db00)
LDR: ! Imported function 'cellGcmSetUserHandler' in 'cellGcmSys' module (0xc2db20)
LDR: ! Imported function '_cellGcmInitBody' in 'cellGcmSys' module (0xc2db40)
LDR: ! Imported function 'cellGcmAddressToOffset' in 'cellGcmSys' module (0xc2db60)
LDR: ! Imported function '_cellGcmFunc15' in 'cellGcmSys' module (0xc2db80)
LDR: ! Imported function 'cellGcmBindTile' in 'cellGcmSys' module (0xc2dba0)
LDR: ! Imported function 'cellGcmSetFlipMode' in 'cellGcmSys' module (0xc2dbc0)
LDR: ! Imported function 'cellGcmGetLastFlipTime' in 'cellGcmSys' module (0xc2dbe0)
LDR: ! Imported function 'cellGcmBindZcull' in 'cellGcmSys' module (0xc2dc00)
LDR: ! Imported function 'cellGcmMapMainMemory' in 'cellGcmSys' module (0xc2dc20)
LDR: ! Imported function 'cellGcmSetDisplayBuffer' in 'cellGcmSys' module (0xc2dc40)
LDR: ! Imported function 'cellGcmGetControlRegister' in 'cellGcmSys' module (0xc2dc60)
LDR: ! Imported function 'cellGcmUnbindZcull' in 'cellGcmSys' module (0xc2dc80)
LDR: ! Imported function 'cellGcmSetVBlankHandler' in 'cellGcmSys' module (0xc2dca0)
LDR: ! Imported function 'cellGcmResetFlipStatus' in 'cellGcmSys' module (0xc2dcc0)
LDR: ! Imported function 'cellGcmSetTileInfo' in 'cellGcmSys' module (0xc2dce0)
LDR: ! Imported function 'cellGcmUnbindTile' in 'cellGcmSys' module (0xc2dd00)
LDR: ! Imported function 'cellGcmGetConfiguration' in 'cellGcmSys' module (0xc2dd20)
LDR: ! Imported function 'cellGcmUnmapEaIoAddress' in 'cellGcmSys' module (0xc2dd40)
LDR: ! Imported function 'cellGcmGetLabelAddress' in 'cellGcmSys' module (0xc2dd60)
LDR: ! Imported function 'cellGcmSetVBlankFrequency' in 'cellGcmSys' module (0xc2dd80)
LDR: ! Imported function 'cellSysmoduleUnloadModule' in 'cellSysmodule' module (0xc2dda0)
LDR: ! Imported function 'cellSysmoduleLoadModule' in 'cellSysmodule' module (0xc2ddc0)
LDR: ! Imported function 'cellSysutilUnregisterCallback' in 'cellSysutil' module (0xc2dde0)
LDR: ! Imported function 'cellVideoOutConfigure' in 'cellSysutil' module (0xc2de00)
LDR: ! Imported function 'cellSysutilCheckCallback' in 'cellSysutil' module (0xc2de20)
LDR: ! Imported function 'cellSaveDataListLoad2' in 'cellSysutil' module (0xc2de40)
LDR: ! Imported function 'cellVideoOutGetDeviceInfo' in 'cellSysutil' module (0xc2de60)
LDR: ! Imported function 'cellMsgDialogClose' in 'cellSysutil' module (0xc2de80)
LDR: ! Imported function 'cellSaveDataFixedLoad2' in 'cellSysutil' module (0xc2dea0)
LDR: ! Imported function 'cellSaveDataListSave2' in 'cellSysutil' module (0xc2dec0)
LDR: ! Imported function 'cellSysutilGetSystemParamInt' in 'cellSysutil' module (0xc2dee0)
LDR: ! Imported function 'cellAudioOutConfigure' in 'cellSysutil' module (0xc2df00)
LDR: ! Imported function 'cellMsgDialogAbort' in 'cellSysutil' module (0xc2df20)
LDR: ! Imported function 'cellVideoOutGetNumberOfDevice' in 'cellSysutil' module (0xc2df40)
LDR: ! Imported function 'cellMsgDialogOpen2' in 'cellSysutil' module (0xc2df60)
LDR: ! Imported function 'cellVideoOutGetState' in 'cellSysutil' module (0xc2df80)
LDR: ! Imported function 'cellSaveDataAutoSave2' in 'cellSysutil' module (0xc2dfa0)
LDR: ! Imported function 'cellSysutilRegisterCallback' in 'cellSysutil' module (0xc2dfc0)
LDR: ! Imported function 'cellDiscGameGetBootDiscInfo' in 'cellSysutil' module (0xc2dfe0)
LDR: ! Imported function 'cellAudioOutGetSoundAvailability' in 'cellSysutil' module (0xc2e000)
LDR: ! Imported function 'cellGameDataCheckCreate2' in 'cellSysutil' module (0xc2e020)
LDR: ! Imported function 'cellSaveDataFixedDelete' in 'cellSysutil' module (0xc2e040)
LDR: ! Imported function 'cellDiscGameRegisterDiscChangeCallback' in 'cellSysutil' module (0xc2e060)
LDR: ! Imported function 'cellVideoOutGetResolution' in 'cellSysutil' module (0xc2e080)
LDR: ! Imported function 'cellSaveDataDelete2' in 'cellSysutil' module (0xc2e0a0)
LDR: ! Imported function 'cellDiscGameUnregisterDiscChangeCallback' in 'cellSysutil' module (0xc2e0c0)
LDR: ! Imported function 'cellAudioOutGetState' in 'cellSysutil' module (0xc2e0e0)
LDR: ! Imported function 'cellSaveDataAutoLoad2' in 'cellSysutil' module (0xc2e100)
LDR: ! Imported function 'cellFsClose' in 'sys_fs' module (0xc2e120)
LDR: ! Imported function 'cellFsOpendir' in 'sys_fs' module (0xc2e140)
LDR: ! Imported function 'cellFsRead' in 'sys_fs' module (0xc2e160)
LDR: ! Imported function 'cellFsReaddir' in 'sys_fs' module (0xc2e180)
LDR: ! Imported function 'cellFsOpen' in 'sys_fs' module (0xc2e1a0)
LDR: ! Imported function 'cellFsStat' in 'sys_fs' module (0xc2e1c0)
LDR: ! Imported function 'cellFsLseek' in 'sys_fs' module (0xc2e1e0)
LDR: ! Imported function 'cellFsWrite' in 'sys_fs' module (0xc2e200)
LDR: ! Imported function 'cellFsFstat' in 'sys_fs' module (0xc2e220)
LDR: ! Imported function 'cellFsClosedir' in 'sys_fs' module (0xc2e240)
LDR: ! Imported function 'cellFsFtruncate' in 'sys_fs' module (0xc2f000)
LDR: ! Imported function 'cellFsUnlink' in 'sys_fs' module (0xc2f020)
LDR: ! Imported function 'cellFsFsync' in 'sys_fs' module (0xc2f040)
LDR: ! Imported function 'cellFsRename' in 'sys_fs' module (0xc2f060)
LDR: ! Imported function 'cellPadClearBuf' in 'sys_io' module (0xc2e260)
LDR: ! Imported function 'cellPadInfoPressMode' in 'sys_io' module (0xc2e280)
LDR: ! Imported function 'cellPadInit' in 'sys_io' module (0xc2e2a0)
LDR: ! Imported function 'cellKbGetConfiguration' in 'sys_io' module (0xc2e2c0)
LDR: ! Imported function 'cellKbClearBuf' in 'sys_io' module (0xc2e2e0)
LDR: ! Imported function 'cellKbGetInfo' in 'sys_io' module (0xc2e300)
LDR: ! Imported function 'cellPadGetInfo' in 'sys_io' module (0xc2e320)
LDR: ! Imported function 'cellMouseClearBuf' in 'sys_io' module (0xc2e340)
LDR: ! Imported function 'cellKbInit' in 'sys_io' module (0xc2e360)
LDR: ! Imported function 'cellPadEnd' in 'sys_io' module (0xc2e380)
LDR: ! Imported function 'cellMouseGetInfo' in 'sys_io' module (0xc2e3a0)
LDR: ! Imported function 'cellMouseGetDataList' in 'sys_io' module (0xc2e3c0)
LDR: ! Imported function 'cellPadInfoSensorMode' in 'sys_io' module (0xc2e3e0)
LDR: ! Imported function 'cellPadGetData' in 'sys_io' module (0xc2e400)
LDR: ! Imported function 'cellKbSetCodeType' in 'sys_io' module (0xc2e420)
LDR: ! Imported function 'cellPadSetSensorMode' in 'sys_io' module (0xc2e440)
LDR: ! Imported function 'cellKbEnd' in 'sys_io' module (0xc2e460)
LDR: ! Imported function 'cellMouseInit' in 'sys_io' module (0xc2e480)
LDR: ! Imported function 'cellPadGetCapabilityInfo' in 'sys_io' module (0xc2e4a0)
LDR: ! Imported function 'cellKbSetReadMode' in 'sys_io' module (0xc2e4c0)
LDR: ! Imported function 'cellMouseEnd' in 'sys_io' module (0xc2e4e0)
LDR: ! Imported function 'cellPadSetActDirect' in 'sys_io' module (0xc2e500)
LDR: ! Imported function 'cellPadSetPressMode' in 'sys_io' module (0xc2e520)
LDR: ! Imported function 'cellKbRead' in 'sys_io' module (0xc2e540)
LDR: ! Imported function 'cellSpursAttributeSetNamePrefix' in 'cellSpurs' module (0xc2e560)
LDR: ! Imported function 'cellSpursCreateJobChainWithAttribute' in 'cellSpurs' module (0xc2e580)
LDR: ! Imported function '_cellSpursJobChainAttributeInitialize' in 'cellSpurs' module (0xc2e5a0)
LDR: ! Imported function 'cellSpursEventFlagWait' in 'cellSpurs' module (0xc2e5c0)
LDR: ! Imported function 'cellSpursDetachLv2EventQueue' in 'cellSpurs' module (0xc2e5e0)
LDR: ! Imported function '_cellSpursEventFlagInitialize' in 'cellSpurs' module (0xc2e600)
LDR: ! Imported function 'cellSpursJobGuardInitialize' in 'cellSpurs' module (0xc2e620)
LDR: ! Imported function 'cellSpursGetSpuThreadId' in 'cellSpurs' module (0xc2e640)
LDR: ! Imported function 'cellSpursShutdownJobChain' in 'cellSpurs' module (0xc2e660)
LDR: ! Imported function 'cellSpursEventFlagAttachLv2EventQueue' in 'cellSpurs' module (0xc2e680)
LDR: ! Imported function '_cellSpursAttributeInitialize' in 'cellSpurs' module (0xc2e6a0)
LDR: ! Imported function 'cellSpursJobChainAttributeSetName' in 'cellSpurs' module (0xc2e6c0)
LDR: ! Imported function 'cellSpursJoinJobChain' in 'cellSpurs' module (0xc2e6e0)
LDR: ! Imported function 'cellSpursInitializeWithAttribute' in 'cellSpurs' module (0xc2e700)
LDR: ! Imported function 'cellSpursAttachLv2EventQueue' in 'cellSpurs' module (0xc2e720)
LDR: ! Imported function 'cellSpursGetNumSpuThread' in 'cellSpurs' module (0xc2e740)
LDR: ! Imported function 'cellSpursFinalize' in 'cellSpurs' module (0xc2e760)
LDR: ! Imported function 'cellSpursJobGuardNotify' in 'cellSpurs' module (0xc2e780)
LDR: ! Imported function 'cellSpursRunJobChain' in 'cellSpurs' module (0xc2e7a0)
LDR: ! Imported function '_cellSpursLFQueueInitialize' in 'cellSpurs' module (0xc2f080)
LDR: ! Imported function 'cellSpursQueueDetachLv2EventQueue' in 'cellSpurs' module (0xc2f0a0)
LDR: ! Imported function '_cellSpursQueueInitialize' in 'cellSpurs' module (0xc2f0c0)
LDR: ! Imported function '_cellSpursTasksetAttributeInitialize' in 'cellSpurs' module (0xc2f0e0)
LDR: ! Imported function 'cellSpursLFQueueAttachLv2EventQueue' in 'cellSpurs' module (0xc2f100)
LDR: ! Imported function 'cellSpursCreateTaskWithAttribute' in 'cellSpurs' module (0xc2f120)
LDR: ! Imported function 'cellSpursCreateTaskset' in 'cellSpurs' module (0xc2f140)
LDR: ! Imported function 'cellSpursTasksetAttributeSetName' in 'cellSpurs' module (0xc2f160)
LDR: ! Imported function 'cellSpursLFQueueDetachLv2EventQueue' in 'cellSpurs' module (0xc2f180)
LDR: ! Imported function '_cellSpursLFQueuePushBody' in 'cellSpurs' module (0xc2f1a0)
LDR: ! Imported function 'cellSpursQueuePopBody' in 'cellSpurs' module (0xc2f1c0)
LDR: ! Imported function 'cellSpursQueuePushBody' in 'cellSpurs' module (0xc2f1e0)
LDR: ! Imported function 'cellSpursJoinTaskset' in 'cellSpurs' module (0xc2f200)
LDR: ! Imported function 'cellSpursShutdownTaskset' in 'cellSpurs' module (0xc2f220)
LDR: ! Imported function 'cellSpursInitialize' in 'cellSpurs' module (0xc2f240)
LDR: ! Imported function '_cellSpursTaskAttributeInitialize' in 'cellSpurs' module (0xc2f260)
LDR: ! Imported function 'cellSpursCreateTask' in 'cellSpurs' module (0xc2f280)
LDR: ! Imported function 'cellSpursCreateTasksetWithAttribute' in 'cellSpurs' module (0xc2f2a0)
LDR: ! Imported function 'cellSpursQueueAttachLv2EventQueue' in 'cellSpurs' module (0xc2f2c0)
LDR: ! Imported function 'cellSpursEventFlagDetachLv2EventQueue' in 'cellSpurs' module (0xc2f540)
LDR: ! Imported function 'cellSpursEventFlagSet' in 'cellSpurs' module (0xc2f560)
LDR: ! Imported function 'cellAudioInit' in 'cellAudio' module (0xc2e7c0)
LDR: ! Imported function 'cellAudioSetNotifyEventQueue' in 'cellAudio' module (0xc2e7e0)
LDR: ! Imported function 'cellAudioGetPortTimestamp' in 'cellAudio' module (0xc2e800)
LDR: ! Imported function 'cellAudioPortClose' in 'cellAudio' module (0xc2e820)
LDR: ! Imported function 'cellAudioPortStop' in 'cellAudio' module (0xc2e840)
LDR: ! Imported function 'cellAudioGetPortConfig' in 'cellAudio' module (0xc2e860)
LDR: ! Imported function 'cellAudioPortStart' in 'cellAudio' module (0xc2e880)
LDR: ! Imported function 'cellAudioQuit' in 'cellAudio' module (0xc2e8a0)
LDR: ! Imported function 'cellAudioPortOpen' in 'cellAudio' module (0xc2e8c0)
LDR: ! Imported function 'cellAudioGetPortBlockTag' in 'cellAudio' module (0xc2e8e0)
LDR: ! Imported function 'cellAudioRemoveNotifyEventQueue' in 'cellAudio' module (0xc2e900)
LDR: ! Imported function 'SJISstoUTF8s' in 'cellL10n' module (0xc2e920)
LDR: ! Imported function 'cellSailGraphicsAdapterGetFrame' in 'cellSail' module (0xc2e940)
LDR: ! Imported function 'cellSailDescriptorCreateDatabase' in 'cellSail' module (0xc2e960)
LDR: ! Imported function 'cellSailDescriptorSetEs' in 'cellSail' module (0xc2e980)
LDR: ! Imported function 'cellSailPlayerSetSoundAdapter' in 'cellSail' module (0xc2e9a0)
LDR: ! Imported function 'cellSailDescriptorClose' in 'cellSail' module (0xc2e9c0)
LDR: ! Imported function 'cellSailPlayerInitialize' in 'cellSail' module (0xc2e9e0)
LDR: ! Imported function 'cellSailGraphicsAdapterPtsToTimePosition' in 'cellSail' module (0xc2ea00)
LDR: ! Imported function 'cellSailPlayerFinalize' in 'cellSail' module (0xc2ea20)
LDR: ! Imported function 'cellSailPlayerSetGraphicsAdapter' in 'cellSail' module (0xc2ea40)
LDR: ! Imported function 'cellSailGraphicsAdapterInitialize' in 'cellSail' module (0xc2ea60)
LDR: ! Imported function 'cellSailDescriptorDestroyDatabase' in 'cellSail' module (0xc2ea80)
LDR: ! Imported function 'cellSailGraphicsAdapterSetPreferredFormat' in 'cellSail' module (0xc2eaa0)
LDR: ! Imported function 'cellSailMemAllocatorInitialize' in 'cellSail' module (0xc2eac0)
LDR: ! Imported function 'cellSailPlayerOpenStream' in 'cellSail' module (0xc2eae0)
LDR: ! Imported function 'cellSailFutureGet' in 'cellSail' module (0xc2eb00)
LDR: ! Imported function 'cellSailSoundAdapterInitialize' in 'cellSail' module (0xc2eb20)
LDR: ! Imported function 'cellSailGraphicsAdapterUpdateAvSync' in 'cellSail' module (0xc2eb40)
LDR: ! Imported function 'cellSailPlayerReplaceEventHandler' in 'cellSail' module (0xc2eb60)
LDR: ! Imported function 'cellSailSoundAdapterPtsToTimePosition' in 'cellSail' module (0xc2eb80)
LDR: ! Imported function 'cellSailFutureInitialize' in 'cellSail' module (0xc2eba0)
LDR: ! Imported function 'cellSailPlayerSetParameter' in 'cellSail' module (0xc2ebc0)
LDR: ! Imported function 'cellSailPlayerGetDescriptorCount' in 'cellSail' module (0xc2ebe0)
LDR: ! Imported function 'cellSailGraphicsAdapterFinalize' in 'cellSail' module (0xc2ec00)
LDR: ! Imported function 'cellSailDescriptorSetAutoSelection' in 'cellSail' module (0xc2ec20)
LDR: ! Imported function 'cellSailPlayerAddDescriptor' in 'cellSail' module (0xc2ec40)
LDR: ! Imported function 'cellSailSoundAdapterGetFrame' in 'cellSail' module (0xc2ec60)
LDR: ! Imported function 'cellSailPlayerCloseStream' in 'cellSail' module (0xc2ec80)
LDR: ! Imported function 'cellSailFutureFinalize' in 'cellSail' module (0xc2eca0)
LDR: ! Imported function 'cellSailPlayerRemoveDescriptor' in 'cellSail' module (0xc2ecc0)
LDR: ! Imported function 'cellSailFutureSet' in 'cellSail' module (0xc2ece0)
LDR: ! Imported function 'cellSailPlayerIsPaused' in 'cellSail' module (0xc2ed00)
LDR: ! Imported function 'cellSailPlayerBoot' in 'cellSail' module (0xc2ed20)
LDR: ! Imported function 'cellSailDescriptorOpen' in 'cellSail' module (0xc2ed40)
LDR: ! Imported function 'cellSailSoundAdapterFinalize' in 'cellSail' module (0xc2ed60)
LDR: ! Imported function 'cellSailPlayerSetPaused' in 'cellSail' module (0xc2ed80)
LDR: ! Imported function 'cellSailDescriptorGetStreamType' in 'cellSail' module (0xc2eda0)
LDR: ! Imported function 'cellSailPlayerCreateDescriptor' in 'cellSail' module (0xc2edc0)
LDR: ! Imported function 'cellSailPlayerStart' in 'cellSail' module (0xc2ede0)
LDR: ! Imported function 'cellSailPlayerStop' in 'cellSail' module (0xc2ee00)
LDR: ! Imported function 'cellSailSoundAdapterUpdateAvSync' in 'cellSail' module (0xc2ee20)
LDR: ! Imported function 'cellSailSoundAdapterGetFormat' in 'cellSail' module (0xc2ee40)
LDR: ! Imported function 'cellSailPlayerSetRepeatMode' in 'cellSail' module (0xc2ee60)
LDR: ! Imported function 'cellSailPlayerDestroyDescriptor' in 'cellSail' module (0xc2ee80)
LDR: ! Imported function 'cellSailGraphicsAdapterGetFormat' in 'cellSail' module (0xc2eea0)
LDR: ! Imported function 'cellVpostClose' in 'cellVpost' module (0xc2eec0)
LDR: ! Imported function 'cellVpostQueryAttr' in 'cellVpost' module (0xc2eee0)
LDR: ! Imported function 'cellVpostExec' in 'cellVpost' module (0xc2ef00)
LDR: ! Imported function 'cellVpostOpen' in 'cellVpost' module (0xc2ef20)
LDR: ! Imported function 'sceNpTerm' in 'sceNp' module (0xc2ef40)
LDR: ! Imported function 'sceNpDrmIsAvailable' in 'sceNp' module (0xc2ef60)
LDR: ! Imported function 'sceNpInit' in 'sceNp' module (0xc2ef80)
LDR: ! Imported function 'cellPamfReaderSetStreamWithTypeAndIndex' in 'cellPamf' module (0xc2efa0)
LDR: ! Imported function 'cellPamfReaderGetStreamInfo' in 'cellPamf' module (0xc2efc0)
LDR: ! Imported function 'cellPamfReaderGetNumberOfSpecificStreams' in 'cellPamf' module (0xc2efe0)
LDR: ! Imported function 'cellSyncMutexUnlock' in 'cellSync' module (0xc2f2e0)
LDR: ! Imported function 'cellSyncMutexInitialize' in 'cellSync' module (0xc2f300)
LDR: ! Imported function 'cellSyncMutexTryLock' in 'cellSync' module (0xc2f320)
LDR: ! Imported function 'sys_net_initialize_network_ex' in 'sys_net' module (0xc2f340)
LDR: ! Imported function 'connect' in 'sys_net' module (0xc2f360)
LDR: ! Imported function 'socketclose' in 'sys_net' module (0xc2f380)
LDR: ! Imported function 'gethostbyname' in 'sys_net' module (0xc2f3a0)
LDR: ! Imported function 'setsockopt' in 'sys_net' module (0xc2f3c0)
LDR: ! Imported function 'socket' in 'sys_net' module (0xc2f3e0)
LDR: ! Imported function 'sys_net_finalize_network' in 'sys_net' module (0xc2f400)
LDR: ! Imported function 'inet_addr' in 'sys_net' module (0xc2f420)
LDR: ! Imported function 'send' in 'sys_net' module (0xc2f440)
LDR: ! Imported function 'gethostbyaddr' in 'sys_net' module (0xc2f460)
LDR: ! Imported function 'recv' in 'sys_net' module (0xc2f480)
LDR: ! Imported function 'cellNetCtlTerm' in 'cellNetCtl' module (0xc2f4a0)
LDR: ! Imported function 'cellNetCtlGetState' in 'cellNetCtl' module (0xc2f4c0)
LDR: ! Imported function 'cellNetCtlInit' in 'cellNetCtl' module (0xc2f4e0)
LDR: ! Imported function 'cellOvisGetOverlayTableSize' in 'cellOvis' module (0xc2f500)
LDR: ! Imported function 'cellOvisInitializeOverlayTable' in 'cellOvis' module (0xc2f520)
LDR: ! Imported function 'sys_lwmutex_lock' in 'sysPrxForUser' module (0xc2f580)
LDR: ! Imported function 'sys_lwmutex_unlock' in 'sysPrxForUser' module (0xc2f5a0)
LDR: ! Imported function 'sys_lwcond_destroy' in 'sysPrxForUser' module (0xc2f5c0)
LDR: ! Imported function 'sys_ppu_thread_create' in 'sysPrxForUser' module (0xc2f5e0)
LDR: ! Imported function 'sys_lwcond_wait' in 'sysPrxForUser' module (0xc2f600)
LDR: ! Imported function '_sys_process_atexitspawn' in 'sysPrxForUser' module (0xc2f620)
LDR: ! Imported function 'sys_lwmutex_create' in 'sysPrxForUser' module (0xc2f640)
LDR: ! Imported function 'sys_ppu_thread_get_id' in 'sysPrxForUser' module (0xc2f660)
LDR: ! Imported function '_sys_heap_malloc' in 'sysPrxForUser' module (0xc2f680)
LDR: ! Imported function '_sys_heap_memalign' in 'sysPrxForUser' module (0xc2f6a0)
LDR: ! Imported function 'sys_initialize_tls' in 'sysPrxForUser' module (0xc2f6c0)
LDR: ! Imported function 'sys_time_get_system_time' in 'sysPrxForUser' module (0xc2f6e0)
LDR: ! Imported function '_sys_heap_free' in 'sysPrxForUser' module (0xc2f700)
LDR: ! Imported function 'sys_prx_exitspawn_with_level' in 'sysPrxForUser' module (0xc2f720)
LDR: ! Imported function 'sys_lwmutex_trylock' in 'sysPrxForUser' module (0xc2f740)
LDR: ! Imported function '_sys_heap_delete_heap' in 'sysPrxForUser' module (0xc2f760)
LDR: ! Imported function 'sys_ppu_thread_exit' in 'sysPrxForUser' module (0xc2f780)
LDR: ! Imported function '_sys_heap_create_heap' in 'sysPrxForUser' module (0xc2f7a0)
LDR: ! Imported function 'sys_lwmutex_destroy' in 'sysPrxForUser' module (0xc2f7c0)
LDR: ! Imported function 'sys_lwcond_create' in 'sysPrxForUser' module (0xc2f7e0)
LDR: ! Imported function 'sys_spu_image_close' in 'sysPrxForUser' module (0xc2f800)
LDR: ! Imported function 'sys_process_exit' in 'sysPrxForUser' module (0xc2f820)
LDR: ! Imported function 'sys_spu_image_import' in 'sysPrxForUser' module (0xc2f840)
LDR: ! Imported function 'sys_lwcond_signal' in 'sysPrxForUser' module (0xc2f860)
MEM: ! Thread Local Storage initialized (g_tls_start=0xd52000, user_size=0x3d4)
*** TLS segment addr: 0x00d51f78
*** TLS segment size: 0x00000008
HLE: W {PPU[0x1] Thread (main_thread)[0x00c2f640]} sysPrxForUser: sys_lwmutex_create(lwmutex=*0x1053eb48, attr=*0x1007bcac)
HLE: W {PPU[0x1] Thread (main_thread)[0x00c2f640]} sysPrxForUser: sys_lwmutex_create(lwmutex=*0x1053eb20, attr=*0x1007bcac)
HLE: W {PPU[0x1] Thread (main_thread)[0x00c2f640]} sysPrxForUser: sys_lwmutex_create(lwmutex=*0x1053e2a8, attr=*0x1007bcac)
HLE: W {PPU[0x1] Thread (main_thread)[0x00c2f640]} sysPrxForUser: sys_lwmutex_create(lwmutex=*0x1053e2d0, attr=*0x1007bcac)
HLE: W {PPU[0x1] Thread (main_thread)[0x00c2f640]} sysPrxForUser: sys_lwmutex_create(lwmutex=*0x1053e2f8, attr=*0x1007bcac)
HLE: W {PPU[0x1] Thread (main_thread)[0x00c2f640]} sysPrxForUser: sys_lwmutex_create(lwmutex=*0x1053e1e0, attr=*0x1007bcac)
HLE: W {PPU[0x1] Thread (main_thread)[0x00c2f640]} sysPrxForUser: sys_lwmutex_create(lwmutex=*0x1053e230, attr=*0x1007bcac)
HLE: W {PPU[0x1] Thread (main_thread)[0x00c2f640]} sysPrxForUser: sys_lwmutex_create(lwmutex=*0x1053e258, attr=*0x1007bcac)
HLE: W {PPU[0x1] Thread (main_thread)[0x00c2f640]} sysPrxForUser: sys_lwmutex_create(lwmutex=*0x1053e280, attr=*0x1007bcac)
HLE: W {PPU[0x1] Thread (main_thread)[0x00c2f640]} sysPrxForUser: sys_lwmutex_create(lwmutex=*0x10382fe8, attr=*0xd007fb70)
HLE: W {PPU[0x1] Thread (main_thread)[0x00010a78]} sys_memory: sys_memory_allocate(size=0x1600000, flags=0x400, alloc_addr=*0xd007fbd0)
HLE: W {PPU[0x1] Thread (main_thread)[0x00c2f640]} sysPrxForUser: sys_lwmutex_create(lwmutex=*0x215f4e70, attr=*0x1007bcac)
HLE: W {PPU[0x1] Thread (main_thread)[0x00c2f640]} sysPrxForUser: sys_lwmutex_create(lwmutex=*0x215f4d60, attr=*0x1007bcac)
HLE: W {PPU[0x1] Thread (main_thread)[0x00c2f640]} sysPrxForUser: sys_lwmutex_create(lwmutex=*0x215f4bb0, attr=*0x1007bcac)
HLE: W {PPU[0x1] Thread (main_thread)[0x00c2f640]} sysPrxForUser: sys_lwmutex_create(lwmutex=*0x215f4a90, attr=*0x1007bcac)
HLE: W {PPU[0x1] Thread (main_thread)[0x00c2f640]} sysPrxForUser: sys_lwmutex_create(lwmutex=*0x215f49f0, attr=*0x1007bcac)
HLE: W {PPU[0x1] Thread (main_thread)[0x00c2f640]} sysPrxForUser: sys_lwmutex_create(lwmutex=*0x215f4950, attr=*0x1007bcac)
HLE: W {PPU[0x1] Thread (main_thread)[0x00c2f640]} sysPrxForUser: sys_lwmutex_create(lwmutex=*0x215f4720, attr=*0x1007bcac)
HLE: W {PPU[0x1] Thread (main_thread)[0x00c2f640]} sysPrxForUser: sys_lwmutex_create(lwmutex=*0x215f46c0, attr=*0x1007bcac)
HLE: W {PPU[0x1] Thread (main_thread)[0x00c2f640]} sysPrxForUser: sys_lwmutex_create(lwmutex=*0x215f4660, attr=*0x1007bcac)
HLE: W {PPU[0x1] Thread (main_thread)[0x00c2f640]} sysPrxForUser: sys_lwmutex_create(lwmutex=*0x215f4600, attr=*0x1007bcac)
HLE: W {PPU[0x1] Thread (main_thread)[0x00c2f640]} sysPrxForUser: sys_lwmutex_create(lwmutex=*0x215f45a0, attr=*0x1007bcac)
HLE: W {PPU[0x1] Thread (main_thread)[0x00c2f640]} sysPrxForUser: sys_lwmutex_create(lwmutex=*0x215f4540, attr=*0x1007bcac)
HLE: W {PPU[0x1] Thread (main_thread)[0x00c2f640]} sysPrxForUser: sys_lwmutex_create(lwmutex=*0x1053bda0, attr=*0xd007fbf0)
HLE: W {PPU[0x1] Thread (main_thread)[0x00c2f640]} sysPrxForUser: sys_lwmutex_create(lwmutex=*0x10383048, attr=*0xd007fb70)
HLE: W {PPU[0x1] Thread (main_thread)[0x00c2f640]} sysPrxForUser: sys_lwmutex_create(lwmutex=*0x102c41b8, attr=*0xd007fb50)
HLE: W {PPU[0x1] Thread (main_thread)[0x00c2df40]} cellSysutil: cellVideoOutGetNumberOfDevice(videoOut=0)
HLE: W {PPU[0x1] Thread (main_thread)[0x00c2dfc0]} cellSysutil: cellSysutilRegisterCallback(slot=0, func=*0xcf4328, userdata=*0x0)
HLE: W {PPU[0x1] Thread (main_thread)[0x00c2ddc0]} cellSysmodule: cellSysmoduleLoadModule(id=0x001e: CELL_SYSMODULE_L10N)
HLE: W {PPU[0x1] Thread (main_thread)[0x00c2ddc0]} cellSysmodule: cellSysmoduleLoadModule(id=0x000e: CELL_SYSMODULE_FS)
HLE: W {PPU[0x1] Thread (main_thread)[0x00c2ddc0]} cellSysmodule: cellSysmoduleLoadModule(id=0x000d: CELL_SYSMODULE_SYNC)
HLE: W {PPU[0x1] Thread (main_thread)[0x00654b60]} sys_spu: sys_spu_initialize(max_usable_spu=6, max_raw_spu=0)
HLE: W {PPU[0x1] Thread (main_thread)[0x00c2e6a0]} cellSpurs: _cellSpursAttributeInitialize(attr=*0xd007f1a0, revision=1, sdkVersion=0x200002, nSpus=6, spuPriority=250, ppuPriority=1000, exitIfNoWork=1)
HLE: W {PPU[0x1] Thread (main_thread)[0x00c2e560]} cellSpurs: cellSpursAttributeSetNamePrefix(attr=*0xd007f1a0, prefix=*0x100aa710, size=13)
HLE: W {PPU[0x1] Thread (main_thread)[0x00b4b9b0]} sys_memory: sys_memory_allocate(size=0x100000, flags=0x400, alloc_addr=*0xd007f020)
HLE: W {PPU[0x1] Thread (main_thread)[0x00c2e700]} cellSpurs: cellSpursInitializeWithAttribute(spurs=*0x21600080, attr=*0xd007f1a0)
HLE: W {PPU[0x1] Thread (main_thread)[0x00c2e700]} sys_process: sys_process_is_spu_lock_line_reservation_address(addr=0x21600080, flags=0x2)
HLE: W {PPU[0x1] Thread (main_thread)[0x00c2e700]} sys_semaphore: sys_semaphore_create(sem_id=*0xd007f128, attr=*0xd007f108, initial_val=0, max_val=1)
HLE: W {PPU[0x1] Thread (main_thread)[0x00c2e700]} sys_semaphore: sys_semaphore_create(sem_id=*0xd007f128, attr=*0xd007f108, initial_val=0, max_val=1)
HLE: W {PPU[0x1] Thread (main_thread)[0x00c2e700]} sys_semaphore: sys_semaphore_create(sem_id=*0xd007f128, attr=*0xd007f108, initial_val=0, max_val=1)
HLE: W {PPU[0x1] Thread (main_thread)[0x00c2e700]} sys_semaphore: sys_semaphore_create(sem_id=*0xd007f128, attr=*0xd007f108, initial_val=0, max_val=1)
HLE: W {PPU[0x1] Thread (main_thread)[0x00c2e700]} sys_semaphore: sys_semaphore_create(sem_id=*0xd007f128, attr=*0xd007f108, initial_val=0, max_val=1)
HLE: W {PPU[0x1] Thread (main_thread)[0x00c2e700]} sys_semaphore: sys_semaphore_create(sem_id=*0xd007f128, attr=*0xd007f108, initial_val=0, max_val=1)
HLE: W {PPU[0x1] Thread (main_thread)[0x00c2e700]} sys_semaphore: sys_semaphore_create(sem_id=*0xd007f128, attr=*0xd007f108, initial_val=0, max_val=1)
HLE: W {PPU[0x1] Thread (main_thread)[0x00c2e700]} sys_semaphore: sys_semaphore_create(sem_id=*0xd007f128, attr=*0xd007f108, initial_val=0, max_val=1)
HLE: W {PPU[0x1] Thread (main_thread)[0x00c2e700]} sys_semaphore: sys_semaphore_create(sem_id=*0xd007f128, attr=*0xd007f108, initial_val=0, max_val=1)
HLE: W {PPU[0x1] Thread (main_thread)[0x00c2e700]} sys_semaphore: sys_semaphore_create(sem_id=*0xd007f128, attr=*0xd007f108, initial_val=0, max_val=1)
HLE: W {PPU[0x1] Thread (main_thread)[0x00c2e700]} sys_semaphore: sys_semaphore_create(sem_id=*0xd007f128, attr=*0xd007f108, initial_val=0, max_val=1)
HLE: W {PPU[0x1] Thread (main_thread)[0x00c2e700]} sys_semaphore: sys_semaphore_create(sem_id=*0xd007f128, attr=*0xd007f108, initial_val=0, max_val=1)
HLE: W {PPU[0x1] Thread (main_thread)[0x00c2e700]} sys_semaphore: sys_semaphore_create(sem_id=*0xd007f128, attr=*0xd007f108, initial_val=0, max_val=1)
HLE: W {PPU[0x1] Thread (main_thread)[0x00c2e700]} sys_semaphore: sys_semaphore_create(sem_id=*0xd007f128, attr=*0xd007f108, initial_val=0, max_val=1)
HLE: W {PPU[0x1] Thread (main_thread)[0x00c2e700]} sys_semaphore: sys_semaphore_create(sem_id=*0xd007f128, attr=*0xd007f108, initial_val=0, max_val=1)
HLE: W {PPU[0x1] Thread (main_thread)[0x00c2e700]} sys_semaphore: sys_semaphore_create(sem_id=*0xd007f128, attr=*0xd007f108, initial_val=0, max_val=1)
HLE: W {PPU[0x1] Thread (main_thread)[0x00c2e700]} sys_semaphore: sys_semaphore_create(sem_id=*0xd007f128, attr=*0xd007f108, initial_val=0, max_val=1)
HLE: W {PPU[0x1] Thread (main_thread)[0x00c2e700]} sys_spu: sys_spu_thread_group_create(id=*0xd007f0e8, num=6, prio=250, attr=*0xd007f058)
HLE: W {PPU[0x1] Thread (main_thread)[0x00c2e700]} sys_spu: sys_spu_thread_initialize(thread=*0xd007f030, group=0x2d, spu_num=0, img=*0x21600df0, attr=*0xd007f020, arg=*0xd007f038)
HLE: E {PPU[0x1] Thread (main_thread)[0x00c2e700]} sys_spu: Unsupported SPU Thread options (0x2)
HLE: W {PPU[0x1] Thread (main_thread)[0x00c2e700]} sys_spu: sys_spu_thread_initialize(thread=*0xd007f030, group=0x2d, spu_num=1, img=*0x21600df0, attr=*0xd007f020, arg=*0xd007f038)
HLE: E {PPU[0x1] Thread (main_thread)[0x00c2e700]} sys_spu: Unsupported SPU Thread options (0x2)
HLE: W {PPU[0x1] Thread (main_thread)[0x00c2e700]} sys_spu: sys_spu_thread_initialize(thread=*0xd007f030, group=0x2d, spu_num=2, img=*0x21600df0, attr=*0xd007f020, arg=*0xd007f038)
HLE: E {PPU[0x1] Thread (main_thread)[0x00c2e700]} sys_spu: Unsupported SPU Thread options (0x2)
HLE: W {PPU[0x1] Thread (main_thread)[0x00c2e700]} sys_spu: sys_spu_thread_initialize(thread=*0xd007f030, group=0x2d, spu_num=3, img=*0x21600df0, attr=*0xd007f020, arg=*0xd007f038)
HLE: E {PPU[0x1] Thread (main_thread)[0x00c2e700]} sys_spu: Unsupported SPU Thread options (0x2)
HLE: W {PPU[0x1] Thread (main_thread)[0x00c2e700]} sys_spu: sys_spu_thread_initialize(thread=*0xd007f030, group=0x2d, spu_num=4, img=*0x21600df0, attr=*0xd007f020, arg=*0xd007f038)
HLE: E {PPU[0x1] Thread (main_thread)[0x00c2e700]} sys_spu: Unsupported SPU Thread options (0x2)
HLE: W {PPU[0x1] Thread (main_thread)[0x00c2e700]} sys_spu: sys_spu_thread_initialize(thread=*0xd007f030, group=0x2d, spu_num=5, img=*0x21600df0, attr=*0xd007f020, arg=*0xd007f038)
HLE: E {PPU[0x1] Thread (main_thread)[0x00c2e700]} sys_spu: Unsupported SPU Thread options (0x2)
HLE: W {PPU[0x1] Thread (main_thread)[0x00c2e700]} sysPrxForUser: sys_lwmutex_create(lwmutex=*0x21600e30, attr=*0xd007f0f0)
HLE: W {PPU[0x1] Thread (main_thread)[0x00c2e700]} sysPrxForUser: sys_lwcond_create(lwcond=*0x21600e48, lwmutex=*0x21600e30, attr=*0xd007f100)
HLE: W {PPU[0x1] Thread (main_thread)[0x00c2e700]} sys_event: sys_event_queue_create(equeue_id=*0x21600ddc, attr=*0xd007ef88, event_queue_key=0x0, size=42)
HLE: W {PPU[0x1] Thread (main_thread)[0x00c2e700]} sys_spu: sys_spu_thread_group_connect_event_all_threads(id=0x2d, eq=0x36, req=0xffffffffffff0000, spup=*0x21600149)
HLE: W {PPU[0x1] Thread (main_thread)[0x00c2e700]} sys_event: sys_event_port_create(eport_id=*0x21600de0, port_type=1, name=0x0)
HLE: W {PPU[0x1] Thread (main_thread)[0x00c2e700]} sys_event: sys_event_port_connect_local(eport_id=0x37, equeue_id=0x36)
HLE: W {PPU[0x1] Thread (main_thread)[0x00c2e700]} cellSpurs: cellSpursEnableExceptionEventHandler(spurs=*0x21600080, flag=1)
HLE: W {PPU[0x1] Thread (main_thread)[0x00c2e700]} sys_spu: sys_spu_thread_group_connect_event(id=0x2d, eq=0x36, et=2)
HLE: W {PPU[0x1] Thread (main_thread)[0x00c2e700]} cellSpurs: cellSpursWakeUp(spurs=*0x21600080)
HLE: W {PPU[0x1] Thread (main_thread)[0x00c2e740]} cellSpurs: cellSpursGetNumSpuThread(spurs=*0x21600080, nThreads=*0xd007f390)
HLE: W {PPU[0x1] Thread (main_thread)[0x00c2e640]} cellSpurs: cellSpursGetSpuThreadId(spurs=*0x21600080, thread=*0x21600010, nThreads=*0xd007f390)
TTY: \tSPURS uses 6 spu threads\n
TTY: \t\tSPU ID\tSPU Thread ID\n
TTY: \t\t[0]\t2e\n
TTY: \t\t[1]\t2f\n
TTY: \t\t[2]\t30\n
TTY: \t\t[3]\t31\n
TTY: \t\t[4]\t32\n
TTY: \t\t[5]\t33\n
TTY: \n
HLE: W {PPU[0x1] Thread (main_thread)[0x006545d8]} sys_event: sys_event_queue_create(equeue_id=*0x215f4314, attr=*0xd007f394, event_queue_key=0x0, size=8)
HLE: W {PPU[0x1] Thread (main_thread)[0x00c2f5e0]} sysPrxForUser: sys_ppu_thread_create(thread_id=*0x215f4318, entry=0xd12c68, arg=0x215f4310, prio=1000, stacksize=0x10000, flags=0x1, threadname=*0x100aa418)
HLE: W {PPU[0x1] Thread (main_thread)[0x00c2f5e0]} sys_ppu_thread: _sys_ppu_thread_create(thread_id=*0x215f4318, param=*0xd007f318, arg=0x215f4310, unk=0x0, prio=1000, stacksize=0x10000, flags=0x1, threadname=*0x100aa418)
HLE: W {PPU[0x1] Thread (main_thread)[0x00c2f5e0]} sys_ppu_thread: sys_ppu_thread_start(thread_id=0x3b)
HLE: W {PPU[0x1] Thread (main_thread)[0x00654670]} sys_event: sys_event_port_create(eport_id=*0x215f4320, port_type=1, name=0xfee1dead)
HLE: W {PPU[0x1] Thread (main_thread)[0x0065468c]} sys_event: sys_event_port_connect_local(eport_id=0x3c, equeue_id=0x3a)
HLE: W {PPU[0x1] Thread (main_thread)[0x00c2e720]} cellSpurs: cellSpursAttachLv2EventQueue(spurs=*0x21600080, queue=0x3a, port=*0xd007f390, isDynamic=0)
HLE: W {PPU[0x1] Thread (main_thread)[0x00c2e720]} sys_spu: sys_spu_thread_group_connect_event_all_threads(id=0x2d, eq=0x3a, req=0x2, spup=*0xd007f390)
HLE: W {PPU[0x1] Thread (main_thread)[0x00c2e600]} cellSpurs: _cellSpursEventFlagInitialize(spurs=*0x21600080, taskset=*0x0, eventFlag=*0x21611300, flagClearMode=0, flagDirection=1)
HLE: W {PPU[0x1] Thread (main_thread)[0x00c2e680]} cellSpurs: cellSpursEventFlagAttachLv2EventQueue(eventFlag=*0x21611300)
HLE: W {PPU[0x1] Thread (main_thread)[0x00c2e680]} sys_event: sys_event_queue_create(equeue_id=*0xd007f0b8, attr=*0xd007f098, event_queue_key=0x0, size=1)
HLE: W {PPU[0x1] Thread (main_thread)[0x00c2e680]} sys_spu: sys_spu_thread_group_connect_event_all_threads(id=0x2d, eq=0x3d, req=0xffffffffffff0000, spup=*0xd007f0b0)
HLE: E {PPU[0x1] Thread (main_thread)[0x00c2e5a0]} cellSpurs: _cellSpursJobChainAttributeInitialize
HLE: E {PPU[0x1] Thread (main_thread)[0x00c2e6c0]} cellSpurs: cellSpursJobChainAttributeSetName
HLE: E {PPU[0x1] Thread (main_thread)[0x00c2e580]} cellSpurs: cellSpursCreateJobChainWithAttribute
HLE: E {PPU[0x1] Thread (main_thread)[0x00c2e620]} cellSpurs: cellSpursJobGuardInitialize
HLE: W {PPU[0x1] Thread (main_thread)[0x006542b4]} sys_event: sys_event_queue_create(equeue_id=*0x215f4334, attr=*0xd007f160, event_queue_key=0x0, size=64)
HLE: W {PPU[0x1] Thread (main_thread)[0x00c2f5e0]} sysPrxForUser: sys_ppu_thread_create(thread_id=*0x215f4338, entry=0xd12cb0, arg=0x215f4330, prio=1000, stacksize=0x4000, flags=0x1, threadname=*0x100aa1d0)
HLE: W {PPU[0x1] Thread (main_thread)[0x00c2f5e0]} sys_ppu_thread: _sys_ppu_thread_create(thread_id=*0x215f4338, param=*0xd007f0b8, arg=0x215f4330, unk=0x0, prio=1000, stacksize=0x4000, flags=0x1, threadname=*0x100aa1d0)
HLE: W {PPU[0x1] Thread (main_thread)[0x00c2f5e0]} sys_ppu_thread: sys_ppu_thread_start(thread_id=0x3f)
HLE: W {PPU[0x1] Thread (main_thread)[0x0065431c]} sys_event: sys_event_port_create(eport_id=*0x215f4340, port_type=1, name=0xfee2dead)
HLE: W {PPU[0x1] Thread (main_thread)[0x00654338]} sys_event: sys_event_port_connect_local(eport_id=0x40, equeue_id=0x3e)
HLE: W {PPU[0x1] Thread (main_thread)[0x00654360]} sys_event: sys_event_port_create(eport_id=*0x215f4344, port_type=1, name=0xfee21234)
HLE: E {PPU[0x3f] Thread (job_control_handler)[0x00c2e7a0]} cellSpurs: cellSpursRunJobChain
HLE: W {PPU[0x1] Thread (main_thread)[0x0065437c]} sys_event: sys_event_port_connect_local(eport_id=0x41, equeue_id=0x3e)
HLE: W {PPU[0x3f] Thread (job_control_handler)[0x00c2e5c0]} cellSpurs: cellSpursEventFlagWait(eventFlag=*0x21611300, mask=*0xd00afb80, mode=1)
HLE: W {PPU[0x1] Thread (main_thread)[0x00010790]} sys_memory: sys_memory_allocate(size=0x5400000, flags=0x400, alloc_addr=*0xd007f570)
HLE: W {PPU[0x1] Thread (main_thread)[0x006ca8d8]} sys_semaphore: sys_semaphore_create(sem_id=*0x1038b320, attr=*0xd007f4a0, initial_val=8, max_val=8)
HLE: W {PPU[0x1] Thread (main_thread)[0x00c2de60]} cellSysutil: cellVideoOutGetDeviceInfo(videoOut=0, deviceIndex=0, info=*0xd007ef58)
HLE: W {PPU[0x1] Thread (main_thread)[0x00c2ddc0]} cellSysmodule: cellSysmoduleLoadModule(id=0x0010: CELL_SYSMODULE_GCM_SYS)
HLE: W {PPU[0x1] Thread (main_thread)[0x00010c50]} sys_memory: sys_memory_allocate(size=0xf00000, flags=0x400, alloc_addr=*0xd007eca0)
HLE: W {PPU[0x1] Thread (main_thread)[0x00c2db40]} cellGcmSys: _cellGcmInitBody(context=**0x10490260, cmdSize=0xff000, ioSize=0x100000, ioAddress=0x26b00000)
HLE: W {PPU[0x1] Thread (main_thread)[0x00c2db40]} cellGcmSys: *** local memory(addr=0xc0000000, size=0xf900000)
HLE: W {PPU[0x1] Thread (main_thread)[0x00c2db40]} cellGcmSys: cellGcmInit(): 256MB io address space used
HLE: W {PPU[0x1] Thread (main_thread)[0x00c2dc20]} cellGcmSys: cellGcmMapMainMemory(ea=0x26c00000, size=0xe00000, offset=*0xd007ed50)
RSX: ! {RSXThread} RSX thread started
HLE: W {PPU[0x1] Thread (main_thread)[0x00c2de60]} cellSysutil: cellVideoOutGetDeviceInfo(videoOut=0, deviceIndex=0, info=*0xd007ed90)
HLE: W {PPU[0x1] Thread (main_thread)[0x00c2de00]} cellSysutil: cellVideoOutConfigure(videoOut=0, config=*0xd007ed68, option=*0x0, waitForEvent=0)
HLE: W {PPU[0x1] Thread (main_thread)[0x00c2dbc0]} cellGcmSys: cellGcmSetFlipMode(mode=2)
HLE: E {PPU[0x1] Thread (main_thread)[0x00c2dd80]} cellGcmSys: cellGcmSetVBlankFrequency
HLE: W {PPU[0x1] Thread (main_thread)[0x00c2dce0]} cellGcmSys: cellGcmSetTileInfo(index=0, location=0, offset=0, size=3932160, pitch=5120, comp=7, base=0, bank=0)
HLE: E {PPU[0x1] Thread (main_thread)[0x00c2dce0]} cellGcmSys: cellGcmSetTileInfo: bad compression mode! (7)
HLE: W {PPU[0x1] Thread (main_thread)[0x00c2dba0]} cellGcmSys: cellGcmBindTile(index=0)
HLE: W {PPU[0x1] Thread (main_thread)[0x00c2dce0]} cellGcmSys: cellGcmSetTileInfo(index=1, location=0, offset=3932160, size=3932160, pitch=5120, comp=7, base=60, bank=0)
HLE: E {PPU[0x1] Thread (main_thread)[0x00c2dce0]} cellGcmSys: cellGcmSetTileInfo: bad compression mode! (7)
HLE: W {PPU[0x1] Thread (main_thread)[0x00c2dba0]} cellGcmSys: cellGcmBindTile(index=1)
HLE: W {PPU[0x1] Thread (main_thread)[0x00c2dce0]} cellGcmSys: cellGcmSetTileInfo(index=2, location=0, offset=7864320, size=3932160, pitch=5120, comp=10, base=120, bank=1)
HLE: E {PPU[0x1] Thread (main_thread)[0x00c2dce0]} cellGcmSys: cellGcmSetTileInfo: bad compression mode! (10)
HLE: W {PPU[0x1] Thread (main_thread)[0x00c2dba0]} cellGcmSys: cellGcmBindTile(index=2)
RSX: W {RSXThread} TODO: NV4097_SET_WINDOW_OFFSET: x=0, y=0
RSX: W {RSXThread} TODO: NV4097_SET_FREQUENCY_DIVIDER_OPERATION: 0
RSX: W {RSXThread} TODO: NV4097_SET_VERTEX_ATTRIB_INPUT_MASK: 0xffff
RSX: E {RSXThread} TODO: NV4097_SET_CONTROL0(0x100000)
RSX: W {RSXThread} TODO: NV4097_SET_ANTI_ALIASING_CONTROL: 0xffff0000
RSX: W {RSXThread} TODO: NV4097_SET_RENDER_ENABLE: Offset=0x000000, Mode=0x1
RSX: W {RSXThread} TODO: NV4097_SET_ZPASS_PIXEL_COUNT_ENABLE: 1
RSX: W {RSXThread} TODO: NV4097_SET_COLOR_MASK_MRT: 0xfff0
RSX: W {RSXThread} TODO: NV4097_SET_ZCULL_CONTROL0: 0x10
RSX: W {RSXThread} TODO: NV4097_SET_SCULL_CONTROL: 0xff000002
RSX: W {RSXThread} Creating RTT
RSX: E {RSXThread} TODO: unknown/illegal method [0x0000e944](0x0)
RSX: W {RSXThread} TODO: NV406E_SET_CONTEXT_DMA_SEMAPHORE: 0x56616661
RSX: E {RSXThread} Has wait for more than a second for semaphore acquire
RSX: E {RSXThread} Has wait for more than a second for semaphore acquire
RSX: E {RSXThread} Has wait for more than a second for semaphore acquire
RSX: E {RSXThread} Has wait for more than a second for semaphore acquire
RSX: E {RSXThread} Has wait for more than a second for semaphore acquire
RSX: E {RSXThread} Has wait for more than a second for semaphore acquire
RSX: E {RSXThread} Has wait for more than a second for semaphore acquire
RSX: E {RSXThread} Has wait for more than a second for semaphore acquire
RSX: E {RSXThread} Has wait for more than a second for semaphore acquire
RSX: E {RSXThread} Has wait for more than a second for semaphore acquire
RSX: E {RSXThread} Has wait for more than a second for semaphore acquire
RSX: E {RSXThread} Has wait for more than a second for semaphore acquire
RSX: E {RSXThread} Has wait for more than a second for semaphore acquire
RSX: E {RSXThread} Has wait for more than a second for semaphore acquire
RSX: E {RSXThread} Has wait for more than a second for semaphore acquire
RSX: E {RSXThread} Has wait for more than a second for semaphore acquire
RSX: E {RSXThread} Has wait for more than a second for semaphore acquire
RSX: E {RSXThread} Has wait for more than a second for semaphore acquire
RSX: E {RSXThread} Has wait for more than a second for semaphore acquire
RSX: E {RSXThread} Has wait for more than a second for semaphore acquire
RSX: E {RSXThread} Has wait for more than a second for semaphore acquire
RSX: E {RSXThread} Has wait for more than a second for semaphore acquire
RSX: E {RSXThread} Has wait for more than a second for semaphore acquire
RSX: E {RSXThread} Has wait for more than a second for semaphore acquire
RSX: E {RSXThread} Has wait for more than a second for semaphore acquire
RSX: E {RSXThread} Has wait for more than a second for semaphore acquire
RSX: E {RSXThread} Has wait for more than a second for semaphore acquire
RSX: E {RSXThread} Has wait for more than a second for semaphore acquire
RSX: E {RSXThread} Has wait for more than a second for semaphore acquire
RSX: E {RSXThread} Has wait for more than a second for semaphore acquire
RSX: E {RSXThread} Has wait for more than a second for semaphore acquire
RSX: E {RSXThread} Has wait for more than a second for semaphore acquire
RSX: E {RSXThread} Has wait for more than a second for semaphore acquire
RSX: E {RSXThread} Has wait for more than a second for semaphore acquire
RSX: E {RSXThread} Has wait for more than a second for semaphore acquire
RSX: E {RSXThread} Has wait for more than a second for semaphore acquire
RSX: E {RSXThread} Has wait for more than a second for semaphore acquire
RSX: E {RSXThread} Has wait for more than a second for semaphore acquire
RSX: E {RSXThread} Has wait for more than a second for semaphore acquire
RSX: E {RSXThread} Has wait for more than a second for semaphore acquire
RSX: E {RSXThread} Has wait for more than a second for semaphore acquire
RSX: E {RSXThread} Has wait for more than a second for semaphore acquire
RSX: E {RSXThread} Has wait for more than a second for semaphore acquire
RSX: E {RSXThread} Has wait for more than a second for semaphore acquire
RSX: E {RSXThread} Has wait for more than a second for semaphore acquire
RSX: E {RSXThread} Has wait for more than a second for semaphore acquire
RSX: E {RSXThread} Has wait for more than a second for semaphore acquire
RSX: E {RSXThread} Has wait for more than a second for semaphore acquire
RSX: E {RSXThread} Has wait for more than a second for semaphore acquire
RSX: E {RSXThread} Has wait for more than a second for semaphore acquire
RSX: E {RSXThread} Has wait for more than a second for semaphore acquire
RSX: E {RSXThread} Has wait for more than a second for semaphore acquire
RSX: E {RSXThread} Has wait for more than a second for semaphore acquire
RSX: E {RSXThread} Has wait for more than a second for semaphore acquire
RSX: E {RSXThread} Has wait for more than a second for semaphore acquire
RSX: E {RSXThread} Has wait for more than a second for semaphore acquire
RSX: E {RSXThread} Has wait for more than a second for semaphore acquire
RSX: E {RSXThread} Has wait for more than a second for semaphore acquire
RSX: E {RSXThread} Has wait for more than a second for semaphore acquire
RSX: E {RSXThread} Has wait for more than a second for semaphore acquire
RSX: E {RSXThread} Has wait for more than a second for semaphore acquire
RSX: E {RSXThread} Has wait for more than a second for semaphore acquire
RSX: E {RSXThread} Has wait for more than a second for semaphore acquire
RSX: E {RSXThread} Has wait for more than a second for semaphore acquire
RSX: E {RSXThread} Has wait for more than a second for semaphore acquire
RSX: E {RSXThread} Has wait for more than a second for semaphore acquire
RSX: E {RSXThread} Has wait for more than a second for semaphore acquire
RSX: E {RSXThread} Has wait for more than a second for semaphore acquire
RSX: E {RSXThread} Has wait for more than a second for semaphore acquire
RSX: E {RSXThread} Has wait for more than a second for semaphore acquire