LDR: E PSFLoader::Load() failed: unknown magic (0x0)
G: ! RPCS3 v0.0.0.6-20-g94002f7
G: ! 
G: ! Stopping emulator...
LDR: ! Decrypting 'D:/Emulateurs/Rpcs3/dev_hdd0/game/BLES01355-[ULTIMATE MARVEL VS. CAPCOM 3]/PS3_GAME/USRDIR/EBOOT.BIN'...
LDR: ! Loading 'D:/Emulateurs/Rpcs3/dev_hdd0/game/BLES01355-[ULTIMATE MARVEL VS. CAPCOM 3]/PS3_GAME/USRDIR/BOOT.BIN'...
G: W fs::file::open('D:/Emulateurs/Rpcs3/dev_hdd0/game/BLES01355-[ULTIMATE MARVEL VS. CAPCOM 3]/PS3_GAME/dev_bdvd.path', 0x1) failed: error 0x2
LDR: ! 
LDR: ! Mount info:
LDR: ! /dev_usb000/ -> D:/Emulateurs/Rpcs3/dev_usb000/
LDR: ! /dev_flash/ -> D:/Emulateurs/Rpcs3/dev_flash/
LDR: ! /host_root/ -> 
LDR: ! /dev_hdd0/ -> D:/Emulateurs/Rpcs3/dev_hdd0/
LDR: ! /dev_hdd1/ -> D:/Emulateurs/Rpcs3/dev_hdd1/
LDR: ! /dev_bdvd/ -> D:/Emulateurs/Rpcs3/dev_hdd0/game/BLES01355-[ULTIMATE MARVEL VS. CAPCOM 3]/
LDR: ! /dev_usb/ -> D:/Emulateurs/Rpcs3/dev_usb000/
LDR: ! 
LDR: ! Settings:
LDR: ! CPU: PPU Interpreter 2
LDR: ! SPU: SPU Recompiler (ASMJIT)
LDR: ! Renderer: OpenGL
LDR: ! Resolution: 1280x720
LDR: ! Write Depth Buffer: No
LDR: ! Write Color Buffers: No
LDR: ! Read Color Buffer: No
LDR: ! Audio Out: XAudio2
LDR: ! Log Everything: No
LDR: ! RSX Logging: No
LDR: ! 
LDR: ! Title: ULTIMATE MARVEL VS. CAPCOM 3
LDR: ! Serial: BLES01355
LDR: ! Elf path: /dev_bdvd/PS3_GAME/USRDIR/BOOT.BIN
LDR: ! 
LDR: ! loader::init() failed: Broken file
LDR: ! *** sdk version: 0x360001
LDR: ! *** primary prio: 1001
LDR: ! *** primary stacksize: 0x20000
LDR: ! *** malloc pagesize: 0x100000
LDR: ! *** ppc seg: 0x0
LDR: ! Imported function 'sceNpManagerGetContentRatingFlag' in 'sceNp' module (0xcd4508)
LDR: ! Imported function 'sceNpManagerGetStatus' in 'sceNp' module (0xcd4540)
LDR: ! Imported function 'sceNpDrmIsAvailable' in 'sceNp' module (0xcd4578)
LDR: ! Imported function 'sceNpManagerGetAccountRegion' in 'sceNp' module (0xcd45b0)
LDR: ! Imported function 'sceNpProfileCallGui' in 'sceNp' module (0xcd45e8)
LDR: ! Imported function 'sceNpManagerGetChatRestrictionFlag' in 'sceNp' module (0xcd4620)
LDR: ! Imported function 'sceNpManagerGetNpId' in 'sceNp' module (0xcd4658)
LDR: ! Imported function 'sceNpBasicSendMessageGui' in 'sceNp' module (0xcd74f0)
LDR: ! Imported function 'sceNpBasicGetFriendListEntry' in 'sceNp' module (0xcd7528)
LDR: ! Imported function 'sceNpScoreGetRankingByRangeAsync' in 'sceNp' module (0xcd7560)
LDR: ! Imported function 'sceNpScoreDestroyTitleCtx' in 'sceNp' module (0xcd7598)
LDR: ! Imported function 'sceNpScoreSetTimeout' in 'sceNp' module (0xcd75d0)
LDR: ! Imported function 'sceNpBasicGetFriendPresenceByIndex' in 'sceNp' module (0xcd7608)
LDR: ! Imported function 'sceNpScoreInit' in 'sceNp' module (0xcd7640)
LDR: ! Imported function 'sceNpScoreGetRankingByNpIdAsync' in 'sceNp' module (0xcd7678)
LDR: ! Imported function 'sceNpBasicRegisterContextSensitiveHandler' in 'sceNp' module (0xcd76b0)
LDR: ! Imported function 'sceNpCustomMenuRegisterActions' in 'sceNp' module (0xcd76e8)
LDR: ! Imported function 'sceNpManagerUnregisterCallback' in 'sceNp' module (0xcd7720)
LDR: ! Imported function 'sceNpLookupDestroyTitleCtx' in 'sceNp' module (0xcd7758)
LDR: ! Imported function 'sceNpLookupInit' in 'sceNp' module (0xcd7790)
LDR: ! Imported function 'sceNpSignalingActivateConnection' in 'sceNp' module (0xcd77c8)
LDR: ! Imported function 'sceNpSignalingCreateCtx' in 'sceNp' module (0xcd7800)
LDR: ! Imported function 'sceNpBasicRecvMessageAttachmentLoad' in 'sceNp' module (0xcd7838)
LDR: ! Imported function 'sceNpScoreCreateTransactionCtx' in 'sceNp' module (0xcd7870)
LDR: ! Imported function 'sceNpBasicGetBlockListEntryCount' in 'sceNp' module (0xcd78a8)
LDR: ! Imported function 'sceNpLookupPollAsync' in 'sceNp' module (0xcd78e0)
LDR: ! Imported function 'sceNpBasicRecvMessageCustom' in 'sceNp' module (0xcd7918)
LDR: ! Imported function 'sceNpLookupTerm' in 'sceNp' module (0xcd7950)
LDR: ! Imported function 'sceNpLookupTitleSmallStorageAsync' in 'sceNp' module (0xcd7988)
LDR: ! Imported function 'sceNpSignalingTerminateConnection' in 'sceNp' module (0xcd79c0)
LDR: ! Imported function 'sceNpScoreTerm' in 'sceNp' module (0xcd79f8)
LDR: ! Imported function 'sceNpScorePollAsync' in 'sceNp' module (0xcd7a30)
LDR: ! Imported function 'sceNpSignalingDestroyCtx' in 'sceNp' module (0xcd7a68)
LDR: ! Imported function 'sceNpBasicUnregisterHandler' in 'sceNp' module (0xcd7aa0)
LDR: ! Imported function 'sceNpBasicGetFriendListEntryCount' in 'sceNp' module (0xcd7ad8)
LDR: ! Imported function 'sceNpScoreCreateTitleCtx' in 'sceNp' module (0xcd7b10)
LDR: ! Imported function 'sceNpBasicAddPlayersHistoryAsync' in 'sceNp' module (0xcd7b48)
LDR: ! Imported function 'sceNpInit' in 'sceNp' module (0xcd7b80)
LDR: ! Imported function 'sceNpManagerGetNetworkTime' in 'sceNp' module (0xcd7bb8)
LDR: ! Imported function 'sceNpScoreDestroyTransactionCtx' in 'sceNp' module (0xcd7bf0)
LDR: ! Imported function 'sceNpSignalingGetConnectionStatus' in 'sceNp' module (0xcd7c28)
LDR: ! Imported function 'sceNpLookupCreateTitleCtx' in 'sceNp' module (0xcd7c60)
LDR: ! Imported function 'sceNpUtilCmpNpId' in 'sceNp' module (0xcd7c98)
LDR: ! Imported function 'sceNpBasicGetEvent' in 'sceNp' module (0xcd7cd0)
LDR: ! Imported function 'sceNpDrmProcessExitSpawn2' in 'sceNp' module (0xcd7d08)
LDR: ! Imported function 'sceNpManagerRegisterCallback' in 'sceNp' module (0xcd7d40)
LDR: ! Imported function 'sceNpLookupCreateTransactionCtx' in 'sceNp' module (0xcd7d78)
LDR: ! Imported function 'sceNpScoreAbortTransaction' in 'sceNp' module (0xcd7db0)
LDR: ! Imported function 'sceNpFriendlist' in 'sceNp' module (0xcd7de8)
LDR: ! Imported function 'sceNpScoreRecordScoreAsync' in 'sceNp' module (0xcd7e20)
LDR: ! Imported function 'sceNpBasicGetBlockListEntry' in 'sceNp' module (0xcd7e58)
LDR: ! Imported function 'sceNpManagerGetOnlineName' in 'sceNp' module (0xcd7e90)
LDR: ! Imported function 'sceNpFriendlistAbortGui' in 'sceNp' module (0xcd7ec8)
LDR: ! Imported function 'sceNpCustomMenuActionSetActivation' in 'sceNp' module (0xcd7f00)
LDR: ! Imported function 'sceNpLookupDestroyTransactionCtx' in 'sceNp' module (0xcd7f38)
LDR: ! Imported function 'cellSysmoduleUnloadModule' in 'cellSysmodule' module (0xcd37e8)
LDR: ! Imported function 'cellSysmoduleLoadModule' in 'cellSysmodule' module (0xcd3820)
LDR: ! Imported function 'cellSysmoduleIsLoaded' in 'cellSysmodule' module (0xcd9518)
LDR: ! Imported function 'cellSysutilUnregisterCallback' in 'cellSysutil' module (0xcd3858)
LDR: ! Imported function 'cellSysutilCheckCallback' in 'cellSysutil' module (0xcd3890)
LDR: ! Imported function 'cellSaveDataListLoad2' in 'cellSysutil' module (0xcd38c8)
LDR: ! Imported function 'cellSysCacheMount' in 'cellSysutil' module (0xcd3900)
LDR: ! Imported function 'cellMsgDialogClose' in 'cellSysutil' module (0xcd3938)
LDR: ! Imported function 'cellSaveDataFixedLoad2' in 'cellSysutil' module (0xcd3970)
LDR: ! Imported function 'cellSaveDataFixedSave2' in 'cellSysutil' module (0xcd39a8)
LDR: ! Imported function 'cellSaveDataListSave2' in 'cellSysutil' module (0xcd39e0)
LDR: ! Imported function 'cellMsgDialogOpenErrorCode' in 'cellSysutil' module (0xcd3a18)
LDR: ! Imported function 'cellSysCacheClear' in 'cellSysutil' module (0xcd3a50)
LDR: ! Imported function 'cellMsgDialogOpen2' in 'cellSysutil' module (0xcd3a88)
LDR: ! Imported function 'cellMsgDialogProgressBarReset' in 'cellSysutil' module (0xcd3ac0)
LDR: ! Imported function 'cellSaveDataAutoSave2' in 'cellSysutil' module (0xcd3af8)
LDR: ! Imported function 'cellMsgDialogProgressBarInc' in 'cellSysutil' module (0xcd3b30)
LDR: ! Imported function 'cellSysutilRegisterCallback' in 'cellSysutil' module (0xcd3b68)
LDR: ! Imported function 'cellSaveDataDelete2' in 'cellSysutil' module (0xcd3ba0)
LDR: ! Imported function 'cellSaveDataAutoLoad2' in 'cellSysutil' module (0xcd3bd8)
LDR: ! Imported function 'cellVideoOutConfigure' in 'cellSysutil' module (0xcd5570)
LDR: ! Imported function 'cellSysutilGetSystemParamInt' in 'cellSysutil' module (0xcd55a8)
LDR: ! Imported function 'cellAudioOutConfigure' in 'cellSysutil' module (0xcd55e0)
LDR: ! Imported function 'cellMsgDialogAbort' in 'cellSysutil' module (0xcd5618)
LDR: ! Imported function 'cellAudioOutGetDeviceInfo' in 'cellSysutil' module (0xcd5650)
LDR: ! Imported function 'cellVideoOutGetState' in 'cellSysutil' module (0xcd5688)
LDR: ! Imported function 'cellSysutilGetSystemParamString' in 'cellSysutil' module (0xcd56c0)
LDR: ! Imported function 'cellVideoOutGetResolutionAvailability' in 'cellSysutil' module (0xcd56f8)
LDR: ! Imported function 'cellAudioOutGetSoundAvailability' in 'cellSysutil' module (0xcd5730)
LDR: ! Imported function 'cellAudioOutSetCopyControl' in 'cellSysutil' module (0xcd5768)
LDR: ! Imported function 'cellVideoOutGetResolution' in 'cellSysutil' module (0xcd57a0)
LDR: ! Imported function 'cellAudioOutGetNumberOfDevice' in 'cellSysutil' module (0xcd57d8)
LDR: ! Imported function 'cellAudioOutGetConfiguration' in 'cellSysutil' module (0xcd5810)
LDR: ! Imported function 'cellAudioOutGetState' in 'cellSysutil' module (0xcd5848)
LDR: ! Imported function 'cellFsFtruncate' in 'sys_fs' module (0xcd3c10)
LDR: ! Imported function 'cellFsRmdir' in 'sys_fs' module (0xcd3c48)
LDR: ! Imported function 'cellFsClose' in 'sys_fs' module (0xcd3c80)
LDR: ! Imported function 'cellFsOpendir' in 'sys_fs' module (0xcd3cb8)
LDR: ! Imported function 'cellFsRead' in 'sys_fs' module (0xcd3cf0)
LDR: ! Imported function 'cellFsReaddir' in 'sys_fs' module (0xcd3d28)
LDR: ! Imported function 'cellFsOpen' in 'sys_fs' module (0xcd3d60)
LDR: ! Imported function 'cellFsStat' in 'sys_fs' module (0xcd3d98)
LDR: ! Imported function 'cellFsUnlink' in 'sys_fs' module (0xcd3dd0)
LDR: ! Imported function 'cellFsLseek' in 'sys_fs' module (0xcd3e08)
LDR: ! Imported function 'cellFsGetFreeSize' in 'sys_fs' module (0xcd3e40)
LDR: ! Imported function 'cellFsMkdir' in 'sys_fs' module (0xcd3e78)
LDR: ! Imported function 'cellFsWrite' in 'sys_fs' module (0xcd3eb0)
LDR: ! Imported function 'cellFsFstat' in 'sys_fs' module (0xcd3ee8)
LDR: ! Imported function 'cellFsRename' in 'sys_fs' module (0xcd3f20)
LDR: ! Imported function 'cellFsClosedir' in 'sys_fs' module (0xcd3f58)
LDR: ! Imported function 'cellSpursAttributeSetNamePrefix' in 'cellSpurs' module (0xcd3f90)
LDR: ! Imported function 'cellSpursInitializeWithAttribute2' in 'cellSpurs' module (0xcd3fc8)
LDR: ! Imported function 'cellSpursWakeUp' in 'cellSpurs' module (0xcd4000)
LDR: ! Imported function 'cellSpursSetPriorities' in 'cellSpurs' module (0xcd4038)
LDR: ! Imported function '_cellSpursAttributeInitialize' in 'cellSpurs' module (0xcd4070)
LDR: ! Imported function 'cellSpursGetNumSpuThread' in 'cellSpurs' module (0xcd40a8)
LDR: ! Imported function 'cellSpursFinalize' in 'cellSpurs' module (0xcd40e0)
LDR: ! Imported function '_cellSpursLFQueueInitialize' in 'cellSpurs' module (0xcd4850)
LDR: ! Imported function 'cellSpursLFQueueAttachLv2EventQueue' in 'cellSpurs' module (0xcd4888)
LDR: ! Imported function 'cellSpursDestroyTaskset2' in 'cellSpurs' module (0xcd48c0)
LDR: ! Imported function 'cellSpursEventFlagDetachLv2EventQueue' in 'cellSpurs' module (0xcd48f8)
LDR: ! Imported function 'cellSpursCreateJobChainWithAttribute' in 'cellSpurs' module (0xcd4930)
LDR: ! Imported function '_cellSpursJobChainAttributeInitialize' in 'cellSpurs' module (0xcd4968)
LDR: ! Imported function '_cellSpursLFQueuePopBody' in 'cellSpurs' module (0xcd49a0)
LDR: ! Imported function 'cellSpursEventFlagWait' in 'cellSpurs' module (0xcd49d8)
LDR: ! Imported function 'cellSpursJobChainGetSpursAddress' in 'cellSpurs' module (0xcd4a10)
LDR: ! Imported function 'cellSpursCreateTaskset2' in 'cellSpurs' module (0xcd4a48)
LDR: ! Imported function 'cellSpursEventFlagClear' in 'cellSpurs' module (0xcd4a80)
LDR: ! Imported function 'cellSpursGetJobChainInfo' in 'cellSpurs' module (0xcd4ab8)
LDR: ! Imported function 'cellSpursTasksetGetSpursAddress' in 'cellSpurs' module (0xcd4af0)
LDR: ! Imported function '_cellSpursEventFlagInitialize' in 'cellSpurs' module (0xcd4b28)
LDR: ! Imported function 'cellSpursGetSpuThreadId' in 'cellSpurs' module (0xcd4b60)
LDR: ! Imported function 'cellSpursEventFlagTryWait' in 'cellSpurs' module (0xcd4b98)
LDR: ! Imported function 'cellSpursLFQueueDetachLv2EventQueue' in 'cellSpurs' module (0xcd4bd0)
LDR: ! Imported function 'cellSpursTaskGetReadOnlyAreaPattern' in 'cellSpurs' module (0xcd4c08)
LDR: ! Imported function 'cellSpursTryJoinTask2' in 'cellSpurs' module (0xcd4c40)
LDR: ! Imported function 'cellSpursGetJobChainId' in 'cellSpurs' module (0xcd4c78)
LDR: ! Imported function 'cellSpursEventFlagAttachLv2EventQueue' in 'cellSpurs' module (0xcd4cb0)
LDR: ! Imported function 'cellSpursEventFlagGetDirection' in 'cellSpurs' module (0xcd4ce8)
LDR: ! Imported function '_cellSpursLFQueuePushBody' in 'cellSpurs' module (0xcd4d20)
LDR: ! Imported function '_cellSpursTaskAttribute2Initialize' in 'cellSpurs' module (0xcd4d58)
LDR: ! Imported function 'cellSpursTaskGetContextSaveAreaSize' in 'cellSpurs' module (0xcd4d90)
LDR: ! Imported function 'cellSpursJobChainAttributeSetName' in 'cellSpurs' module (0xcd4dc8)
LDR: ! Imported function 'cellSpursJoinTask2' in 'cellSpurs' module (0xcd4e00)
LDR: ! Imported function 'cellSpursJoinJobChain' in 'cellSpurs' module (0xcd4e38)
LDR: ! Imported function '_cellSpursTasksetAttribute2Initialize' in 'cellSpurs' module (0xcd4e70)
LDR: ! Imported function 'cellSpursCreateTask2' in 'cellSpurs' module (0xcd4ea8)
LDR: ! Imported function 'cellSpursJobSetMaxGrab' in 'cellSpurs' module (0xcd4ee0)
LDR: ! Imported function 'cellSpursGetTasksetId' in 'cellSpurs' module (0xcd4f18)
LDR: ! Imported function 'cellSpursRunJobChain' in 'cellSpurs' module (0xcd4f50)
LDR: ! Imported function 'cellSpursEventFlagSet' in 'cellSpurs' module (0xcd4f88)
LDR: ! Imported function 'cellSpursDetachLv2EventQueue' in 'cellSpurs' module (0xcd65d8)
LDR: ! Imported function 'cellSpursCreateTaskset' in 'cellSpurs' module (0xcd6610)
LDR: ! Imported function 'cellSpursJoinTaskset' in 'cellSpurs' module (0xcd6648)
LDR: ! Imported function 'cellSpursShutdownTaskset' in 'cellSpurs' module (0xcd6680)
LDR: ! Imported function 'cellSpursAttachLv2EventQueue' in 'cellSpurs' module (0xcd66b8)
LDR: ! Imported function 'cellSpursCreateTask' in 'cellSpurs' module (0xcd66f0)
LDR: ! Imported function '_cellSpursSendSignal' in 'cellSpurs' module (0xcd6728)
LDR: ! Imported function 'sys_lwmutex_lock' in 'sysPrxForUser' module (0xcd4118)
LDR: ! Imported function 'sys_lwmutex_unlock' in 'sysPrxForUser' module (0xcd4150)
LDR: ! Imported function 'sys_ppu_thread_create' in 'sysPrxForUser' module (0xcd4188)
LDR: ! Imported function '_sys_process_atexitspawn' in 'sysPrxForUser' module (0xcd41c0)
LDR: ! Imported function 'sys_lwmutex_create' in 'sysPrxForUser' module (0xcd41f8)
LDR: ! Imported function 'sys_ppu_thread_get_id' in 'sysPrxForUser' module (0xcd4230)
LDR: ! Imported function 'sys_prx_register_library' in 'sysPrxForUser' module (0xcd4268)
LDR: ! Imported function 'sys_mmapper_unmap_memory' in 'sysPrxForUser' module (0xcd42a0)
LDR: ! Imported function 'sys_initialize_tls' in 'sysPrxForUser' module (0xcd42d8)
LDR: ! Imported function 'sys_time_get_system_time' in 'sysPrxForUser' module (0xcd4310)
LDR: ! Imported function '_sys_process_at_Exitspawn' in 'sysPrxForUser' module (0xcd4348)
LDR: ! Imported function 'sys_prx_exitspawn_with_level' in 'sysPrxForUser' module (0xcd4380)
LDR: ! Imported function 'sys_lwmutex_trylock' in 'sysPrxForUser' module (0xcd43b8)
LDR: ! Imported function 'sys_ppu_thread_exit' in 'sysPrxForUser' module (0xcd43f0)
LDR: ! Imported function 'sys_mmapper_allocate_memory' in 'sysPrxForUser' module (0xcd4428)
LDR: ! Imported function 'sys_lwmutex_destroy' in 'sysPrxForUser' module (0xcd4460)
LDR: ! Imported function 'sys_mmapper_map_memory' in 'sysPrxForUser' module (0xcd4498)
LDR: ! Imported function 'sys_process_exit' in 'sysPrxForUser' module (0xcd44d0)
LDR: ! Imported function 'sys_spinlock_initialize' in 'sysPrxForUser' module (0xcd6e98)
LDR: ! Imported function 'sys_spu_image_close' in 'sysPrxForUser' module (0xcd6ed0)
LDR: ! Imported function 'sys_game_process_exitspawn2' in 'sysPrxForUser' module (0xcd9588)
LDR: ! Imported function 'cellGameGetParamString' in 'cellGame' module (0xcd4690)
LDR: ! Imported function 'cellGameCreateGameData' in 'cellGame' module (0xcd46c8)
LDR: ! Imported function 'cellGameContentPermit' in 'cellGame' module (0xcd4700)
LDR: ! Imported function 'cellGameContentErrorDialog' in 'cellGame' module (0xcd4738)
LDR: ! Imported function 'cellGameGetParamInt' in 'cellGame' module (0xcd4770)
LDR: ! Imported function 'cellGameDataCheck' in 'cellGame' module (0xcd47a8)
LDR: ! Imported function 'cellGameGetSizeKB' in 'cellGame' module (0xcd47e0)
LDR: ! Imported function 'cellGameBootCheck' in 'cellGame' module (0xcd4818)
LDR: ! Imported function 'cellSheapQueryMax' in 'cellSheap' module (0xcd4fc0)
LDR: ! Imported function 'cellSheapAllocate' in 'cellSheap' module (0xcd4ff8)
LDR: ! Imported function 'cellSheapFree' in 'cellSheap' module (0xcd5030)
LDR: ! Imported function 'cellSheapQueryFree' in 'cellSheap' module (0xcd5068)
LDR: ! Imported function 'cellSheapInitialize' in 'cellSheap' module (0xcd50a0)
LDR: ! Imported function 'cellSyncMutexLock' in 'cellSync' module (0xcd50d8)
LDR: ! Imported function 'cellSyncMutexUnlock' in 'cellSync' module (0xcd5110)
LDR: ! Imported function 'cellSyncMutexInitialize' in 'cellSync' module (0xcd5148)
LDR: ! Imported function 'cellSyncMutexTryLock' in 'cellSync' module (0xcd5180)
LDR: ! Imported function 'cellSyncLFQueueGetDirection' in 'cellSync' module (0xcd51b8)
LDR: ! Imported function 'cellPadInit' in 'sys_io' module (0xcd51f0)
LDR: ! Imported function 'cellKbGetInfo' in 'sys_io' module (0xcd5228)
LDR: ! Imported function 'cellKbInit' in 'sys_io' module (0xcd5260)
LDR: ! Imported function 'cellPadEnd' in 'sys_io' module (0xcd5298)
LDR: ! Imported function 'cellPadSetPortSetting' in 'sys_io' module (0xcd52d0)
LDR: ! Imported function 'cellMouseGetInfo' in 'sys_io' module (0xcd5308)
LDR: ! Imported function 'cellMouseGetDataList' in 'sys_io' module (0xcd5340)
LDR: ! Imported function 'cellPadGetData' in 'sys_io' module (0xcd5378)
LDR: ! Imported function 'cellKbSetCodeType' in 'sys_io' module (0xcd53b0)
LDR: ! Imported function 'cellPadGetInfo2' in 'sys_io' module (0xcd53e8)
LDR: ! Imported function 'cellKbEnd' in 'sys_io' module (0xcd5420)
LDR: ! Imported function 'cellMouseInit' in 'sys_io' module (0xcd5458)
LDR: ! Imported function 'cellKbSetReadMode' in 'sys_io' module (0xcd5490)
LDR: ! Imported function 'cellMouseEnd' in 'sys_io' module (0xcd54c8)
LDR: ! Imported function 'cellPadSetActDirect' in 'sys_io' module (0xcd5500)
LDR: ! Imported function 'cellKbRead' in 'sys_io' module (0xcd5538)
LDR: ! Imported function 'cellGcmGetTiledPitchSize' in 'cellGcmSys' module (0xcd5880)
LDR: ! Imported function 'cellGcmSetUserHandler' in 'cellGcmSys' module (0xcd58b8)
LDR: ! Imported function 'cellGcmSetPrepareFlip' in 'cellGcmSys' module (0xcd58f0)
LDR: ! Imported function '_cellGcmInitBody' in 'cellGcmSys' module (0xcd5928)
LDR: ! Imported function 'cellGcmAddressToOffset' in 'cellGcmSys' module (0xcd5960)
LDR: ! Imported function 'cellGcmGetTimeStampLocation' in 'cellGcmSys' module (0xcd5998)
LDR: ! Imported function '_cellGcmFunc15' in 'cellGcmSys' module (0xcd59d0)
LDR: ! Imported function 'cellGcmBindTile' in 'cellGcmSys' module (0xcd5a08)
LDR: ! Imported function 'cellGcmSetFlipMode' in 'cellGcmSys' module (0xcd5a40)
LDR: ! Imported function 'cellGcmGetDefaultCommandWordSize' in 'cellGcmSys' module (0xcd5a78)
LDR: ! Imported function 'cellGcmMapEaIoAddress' in 'cellGcmSys' module (0xcd5ab0)
LDR: ! Imported function 'cellGcmGetFlipStatus' in 'cellGcmSys' module (0xcd5ae8)
LDR: ! Imported function 'cellGcmGetReportDataAddressLocation' in 'cellGcmSys' module (0xcd5b20)
LDR: ! Imported function 'cellGcmGetDefaultSegmentWordSize' in 'cellGcmSys' module (0xcd5b58)
LDR: ! Imported function 'cellGcmSetDefaultFifoSize' in 'cellGcmSys' module (0xcd5b90)
LDR: ! Imported function 'cellGcmBindZcull' in 'cellGcmSys' module (0xcd5bc8)
LDR: ! Imported function 'cellGcmMapMainMemory' in 'cellGcmSys' module (0xcd5c00)
LDR: ! Imported function 'cellGcmSetFlipStatus' in 'cellGcmSys' module (0xcd5c38)
LDR: ! Imported function 'cellGcmSetDisplayBuffer' in 'cellGcmSys' module (0xcd5c70)
LDR: ! Imported function 'cellGcmGetControlRegister' in 'cellGcmSys' module (0xcd5ca8)
LDR: ! Imported function 'cellGcmGetReportDataLocation' in 'cellGcmSys' module (0xcd5ce0)
LDR: ! Imported function 'cellGcmUnbindZcull' in 'cellGcmSys' module (0xcd5d18)
LDR: ! Imported function 'cellGcmSetFlipImmediate' in 'cellGcmSys' module (0xcd5d50)
LDR: ! Imported function 'cellGcmResetFlipStatus' in 'cellGcmSys' module (0xcd5d88)
LDR: ! Imported function 'cellGcmSetTileInfo' in 'cellGcmSys' module (0xcd5dc0)
LDR: ! Imported function 'cellGcmUnbindTile' in 'cellGcmSys' module (0xcd5df8)
LDR: ! Imported function 'cellGcmGetConfiguration' in 'cellGcmSys' module (0xcd5e30)
LDR: ! Imported function 'cellGcmUnmapEaIoAddress' in 'cellGcmSys' module (0xcd5e68)
LDR: ! Imported function 'cellGcmGetLabelAddress' in 'cellGcmSys' module (0xcd5ea0)
LDR: ! Imported function 'cellAudioInit' in 'cellAudio' module (0xcd5ed8)
LDR: ! Imported function 'cellAudioPortClose' in 'cellAudio' module (0xcd5f10)
LDR: ! Imported function 'cellAudioPortStop' in 'cellAudio' module (0xcd5f48)
LDR: ! Imported function 'cellAudioGetPortConfig' in 'cellAudio' module (0xcd5f80)
LDR: ! Imported function 'cellAudioPortStart' in 'cellAudio' module (0xcd5fb8)
LDR: ! Imported function 'cellAudioQuit' in 'cellAudio' module (0xcd5ff0)
LDR: ! Imported function 'cellAudioPortOpen' in 'cellAudio' module (0xcd6028)
LDR: ! Imported function 'cellAdecDecodeAu' in 'cellAdec' module (0xcd6060)
LDR: ! Imported function 'cellAdecStartSeq' in 'cellAdec' module (0xcd6098)
LDR: ! Imported function 'cellAdecQueryAttr' in 'cellAdec' module (0xcd60d0)
LDR: ! Imported function 'cellAdecClose' in 'cellAdec' module (0xcd6108)
LDR: ! Imported function 'cellAdecOpenEx' in 'cellAdec' module (0xcd6140)
LDR: ! Imported function 'cellAdecGetPcm' in 'cellAdec' module (0xcd6178)
LDR: ! Imported function 'cellAdecGetPcmItem' in 'cellAdec' module (0xcd61b0)
LDR: ! Imported function 'cellAdecEndSeq' in 'cellAdec' module (0xcd61e8)
LDR: ! Imported function 'cellAtracGetBitrate' in 'cellAtrac' module (0xcd6220)
LDR: ! Imported function 'cellAtracSetSecondBuffer' in 'cellAtrac' module (0xcd6258)
LDR: ! Imported function 'cellAtracGetChannel' in 'cellAtrac' module (0xcd6290)
LDR: ! Imported function 'cellAtracCreateDecoderExt' in 'cellAtrac' module (0xcd62c8)
LDR: ! Imported function 'cellAtracGetStreamDataInfo' in 'cellAtrac' module (0xcd6300)
LDR: ! Imported function 'cellAtracAddStreamData' in 'cellAtrac' module (0xcd6338)
LDR: ! Imported function 'cellAtracSetDataAndGetMemSize' in 'cellAtrac' module (0xcd6370)
LDR: ! Imported function 'cellAtracDeleteDecoder' in 'cellAtrac' module (0xcd63a8)
LDR: ! Imported function 'cellAtracResetPlayPosition' in 'cellAtrac' module (0xcd63e0)
LDR: ! Imported function 'cellAtracSetLoopNum' in 'cellAtrac' module (0xcd6418)
LDR: ! Imported function 'cellAtracDecode' in 'cellAtrac' module (0xcd6450)
LDR: ! Imported function 'cellAtracIsSecondBufferNeeded' in 'cellAtrac' module (0xcd6488)
LDR: ! Imported function 'cellAtracGetBufferInfoForResetting' in 'cellAtrac' module (0xcd64c0)
LDR: ! Imported function 'cellAtracGetInternalErrorInfo' in 'cellAtrac' module (0xcd64f8)
LDR: ! Imported function 'cellAtracGetSecondBufferInfo' in 'cellAtrac' module (0xcd6530)
LDR: ! Imported function 'cellAtracGetSoundInfo' in 'cellAtrac' module (0xcd6568)
LDR: ! Imported function 'cellAtracGetRemainFrame' in 'cellAtrac' module (0xcd65a0)
LDR: ! Imported function 'cellRescGcmSurface2RescSrc' in 'cellResc' module (0xcd6760)
LDR: ! Imported function 'cellRescSetWaitFlip' in 'cellResc' module (0xcd6798)
LDR: ! Imported function 'cellRescSetDsts' in 'cellResc' module (0xcd67d0)
LDR: ! Imported function 'cellRescResetFlipStatus' in 'cellResc' module (0xcd6808)
LDR: ! Imported function 'cellRescSetDisplayMode' in 'cellResc' module (0xcd6840)
LDR: ! Imported function 'cellRescSetConvertAndFlip' in 'cellResc' module (0xcd6878)
LDR: ! Imported function 'cellRescExit' in 'cellResc' module (0xcd68b0)
LDR: ! Imported function 'cellRescInit' in 'cellResc' module (0xcd68e8)
LDR: ! Imported function 'cellRescGetBufferSize' in 'cellResc' module (0xcd6920)
LDR: ! Imported function 'cellRescSetSrc' in 'cellResc' module (0xcd6958)
LDR: ! Imported function 'cellRescSetBufferAddress' in 'cellResc' module (0xcd6990)
LDR: ! Imported function 'cellRescVideoOutResolutionId2RescBufferMode' in 'cellResc' module (0xcd69c8)
LDR: ! Imported function 'cellRescCreateInterlaceTable' in 'cellResc' module (0xcd6a00)
LDR: ! Imported function 'cellDmuxQueryEsAttr' in 'cellDmux' module (0xcd6a38)
LDR: ! Imported function 'cellDmuxSetStream' in 'cellDmux' module (0xcd6a70)
LDR: ! Imported function 'cellDmuxDisableEs' in 'cellDmux' module (0xcd6aa8)
LDR: ! Imported function 'cellDmuxReleaseAu' in 'cellDmux' module (0xcd6ae0)
LDR: ! Imported function 'cellDmuxGetAu' in 'cellDmux' module (0xcd6b18)
LDR: ! Imported function 'cellDmuxEnableEs' in 'cellDmux' module (0xcd6b50)
LDR: ! Imported function 'cellDmuxClose' in 'cellDmux' module (0xcd6b88)
LDR: ! Imported function 'cellDmuxQueryAttr' in 'cellDmux' module (0xcd6bc0)
LDR: ! Imported function 'cellDmuxFlushEs' in 'cellDmux' module (0xcd6bf8)
LDR: ! Imported function 'cellDmuxOpenEx' in 'cellDmux' module (0xcd6c30)
LDR: ! Imported function 'cellPamfStreamTypeToEsFilterId' in 'cellPamf' module (0xcd6c68)
LDR: ! Imported function 'cellPamfReaderGetNumberOfStreams' in 'cellPamf' module (0xcd6ca0)
LDR: ! Imported function 'cellPamfGetStreamOffsetAndSize' in 'cellPamf' module (0xcd6cd8)
LDR: ! Imported function 'cellPamfReaderSetStreamWithIndex' in 'cellPamf' module (0xcd6d10)
LDR: ! Imported function 'cellPamfReaderGetPresentationStartTime' in 'cellPamf' module (0xcd6d48)
LDR: ! Imported function 'cellPamfReaderGetStreamInfo' in 'cellPamf' module (0xcd6d80)
LDR: ! Imported function 'cellPamfGetHeaderSize2' in 'cellPamf' module (0xcd6db8)
LDR: ! Imported function 'cellPamfReaderGetStreamTypeAndChannel' in 'cellPamf' module (0xcd6df0)
LDR: ! Imported function 'cellPamfReaderInitialize' in 'cellPamf' module (0xcd6e28)
LDR: ! Imported function 'cellPamfReaderGetPresentationEndTime' in 'cellPamf' module (0xcd6e60)
LDR: ! Imported function 'cellNetCtlNetStartDialogLoadAsync' in 'cellNetCtl' module (0xcd6f08)
LDR: ! Imported function 'cellNetCtlAddHandler' in 'cellNetCtl' module (0xcd6f40)
LDR: ! Imported function 'cellNetCtlNetStartDialogUnloadAsync' in 'cellNetCtl' module (0xcd6f78)
LDR: ! Imported function 'cellNetCtlTerm' in 'cellNetCtl' module (0xcd6fb0)
LDR: ! Imported function 'cellNetCtlGetInfo' in 'cellNetCtl' module (0xcd6fe8)
LDR: ! Imported function 'cellNetCtlGetState' in 'cellNetCtl' module (0xcd7020)
LDR: ! Imported function 'cellNetCtlDelHandler' in 'cellNetCtl' module (0xcd7058)
LDR: ! Imported function 'cellNetCtlInit' in 'cellNetCtl' module (0xcd7090)
LDR: ! Imported function 'sys_net_initialize_network_ex' in 'sys_net' module (0xcd70c8)
LDR: ! Imported function 'recvfrom' in 'sys_net' module (0xcd7100)
LDR: ! Imported function 'listen' in 'sys_net' module (0xcd7138)
LDR: ! Imported function 'sys_net_get_sockinfo' in 'sys_net' module (0xcd7170)
LDR: ! Imported function '_sys_net_errno_loc' in 'sys_net' module (0xcd71a8)
LDR: ! Imported function 'connect' in 'sys_net' module (0xcd71e0)
LDR: ! Imported function 'socketclose' in 'sys_net' module (0xcd7218)
LDR: ! Imported function 'gethostbyname' in 'sys_net' module (0xcd7250)
LDR: ! Imported function 'setsockopt' in 'sys_net' module (0xcd7288)
LDR: ! Imported function 'sys_net_abort_socket' in 'sys_net' module (0xcd72c0)
LDR: ! Imported function 'sendto' in 'sys_net' module (0xcd72f8)
LDR: ! Imported function 'socket' in 'sys_net' module (0xcd7330)
LDR: ! Imported function 'shutdown' in 'sys_net' module (0xcd7368)
LDR: ! Imported function 'bind' in 'sys_net' module (0xcd73a0)
LDR: ! Imported function 'sys_net_finalize_network' in 'sys_net' module (0xcd73d8)
LDR: ! Imported function 'accept' in 'sys_net' module (0xcd7410)
LDR: ! Imported function 'inet_addr' in 'sys_net' module (0xcd7448)
LDR: ! Imported function 'send' in 'sys_net' module (0xcd7480)
LDR: ! Imported function 'recv' in 'sys_net' module (0xcd74b8)
LDR: ! Imported function 'cellVdecOpenEx' in 'libvdec' module (0xcd7f70)
LDR: ! Imported function 'cellVdecClose' in 'libvdec' module (0xcd7fa8)
LDR: ! Imported function 'cellVdecGetPicItem' in 'libvdec' module (0xcd7fe0)
LDR: ! Imported function 'cellVdecDecodeAu' in 'libvdec' module (0xcd8018)
LDR: ! Imported function 'cellVdecGetPicture' in 'libvdec' module (0xcd8050)
LDR: ! Imported function 'cellVdecEndSeq' in 'libvdec' module (0xcd8088)
LDR: ! Imported function 'cellVdecStartSeq' in 'libvdec' module (0xcd80c0)
LDR: ! Imported function 'cellVdecQueryAttrEx' in 'libvdec' module (0xcd80f8)
LDR: ! Imported function 'cellVideoOutSetGamma' in 'cellSysutilAvconfExt' module (0xcd8130)
LDR: ! Imported function 'cellVideoOutGetScreenSize' in 'cellSysutilAvconfExt' module (0xcd8168)
LDR: ! Imported function 'cellFiberPpuContextReturnToThread' in 'cellFiber' module (0xcd81a0)
LDR: ! Imported function '_cellFiberPpuContextAttributeInitialize' in 'cellFiber' module (0xcd81d8)
LDR: ! Imported function 'cellFiberPpuContextSelf' in 'cellFiber' module (0xcd8210)
LDR: ! Imported function 'cellFiberPpuContextInitialize' in 'cellFiber' module (0xcd8248)
LDR: ! Imported function 'cellFiberPpuContextRun' in 'cellFiber' module (0xcd8280)
LDR: ! Imported function 'cellFiberPpuContextFinalize' in 'cellFiber' module (0xcd82b8)
LDR: ! Imported function 'cellFiberPpuContextSwitch' in 'cellFiber' module (0xcd82f0)
LDR: ! Imported function '_cellFiberPpuInitialize' in 'cellFiber' module (0xcd9550)
LDR: ! Imported function 'cellRecOpen' in 'cellRec' module (0xcd8328)
LDR: ! Imported function 'cellRecClose' in 'cellRec' module (0xcd8360)
LDR: ! Imported function 'cellRecGetInfo' in 'cellRec' module (0xcd8398)
LDR: ! Imported function 'cellRecStop' in 'cellRec' module (0xcd83d0)
LDR: ! Imported function 'cellRecStart' in 'cellRec' module (0xcd8408)
LDR: ! Imported function 'cellRecQueryMemSize' in 'cellRec' module (0xcd8440)
LDR: ! Imported function 'sceNpMatching2DestroyContext' in 'sceNp2' module (0xcd8478)
LDR: ! Imported function 'sceNpMatching2GetWorldInfoList' in 'sceNp2' module (0xcd84b0)
LDR: ! Imported function 'sceNpMatching2SearchRoom' in 'sceNp2' module (0xcd84e8)
LDR: ! Imported function 'sceNpMatching2CreateServerContext' in 'sceNp2' module (0xcd8520)
LDR: ! Imported function 'sceNpMatching2LeaveRoom' in 'sceNp2' module (0xcd8558)
LDR: ! Imported function 'sceNpMatching2SetRoomDataExternal' in 'sceNp2' module (0xcd8590)
LDR: ! Imported function 'sceNpMatching2Term2' in 'sceNp2' module (0xcd85c8)
LDR: ! Imported function 'sceNpMatching2AbortRequest' in 'sceNp2' module (0xcd8600)
LDR: ! Imported function 'sceNpMatching2GetServerInfo' in 'sceNp2' module (0xcd8638)
LDR: ! Imported function 'sceNpMatching2GetEventData' in 'sceNp2' module (0xcd8670)
LDR: ! Imported function 'sceNp2Init' in 'sceNp2' module (0xcd86a8)
LDR: ! Imported function 'sceNpMatching2AbortContextStart' in 'sceNp2' module (0xcd86e0)
LDR: ! Imported function 'sceNpMatching2KickoutRoomMember' in 'sceNp2' module (0xcd8718)
LDR: ! Imported function 'sceNpMatching2ContextStartAsync' in 'sceNp2' module (0xcd8750)
LDR: ! Imported function 'sceNpMatching2RegisterContextCallback' in 'sceNp2' module (0xcd8788)
LDR: ! Imported function 'sceNpMatching2SendRoomChatMessage' in 'sceNp2' module (0xcd87c0)
LDR: ! Imported function 'sceNpMatching2SetRoomDataInternal' in 'sceNp2' module (0xcd87f8)
LDR: ! Imported function 'sceNpMatching2SignalingGetPingInfo' in 'sceNp2' module (0xcd8830)
LDR: ! Imported function 'sceNpMatching2GetServerIdListLocal' in 'sceNp2' module (0xcd8868)
LDR: ! Imported function 'sceNpMatching2CreateContext' in 'sceNp2' module (0xcd88a0)
LDR: ! Imported function 'sceNp2Term' in 'sceNp2' module (0xcd88d8)
LDR: ! Imported function 'sceNpMatching2SetRoomMemberDataInternal' in 'sceNp2' module (0xcd8910)
LDR: ! Imported function 'sceNpMatching2JoinProhibitiveRoom' in 'sceNp2' module (0xcd8948)
LDR: ! Imported function 'sceNpMatching2DeleteServerContext' in 'sceNp2' module (0xcd8980)
LDR: ! Imported function 'sceNpMatching2SetDefaultRequestOptParam' in 'sceNp2' module (0xcd89b8)
LDR: ! Imported function 'sceNpMatching2RegisterRoomEventCallback' in 'sceNp2' module (0xcd89f0)
LDR: ! Imported function 'sceNpMatching2GetRoomDataExternalList' in 'sceNp2' module (0xcd8a28)
LDR: ! Imported function 'sceNpMatching2CreateJoinRoom' in 'sceNp2' module (0xcd8a60)
LDR: ! Imported function 'sceNpMatching2ContextStop' in 'sceNp2' module (0xcd8a98)
LDR: ! Imported function 'sceNpMatching2Init2' in 'sceNp2' module (0xcd8ad0)
LDR: ! Imported function 'sceNpMatching2RegisterRoomMessageCallback' in 'sceNp2' module (0xcd8b08)
LDR: ! Imported function 'cellVoiceStart' in 'cellVoice' module (0xcd8b40)
LDR: ! Imported function 'cellVoiceDisconnectIPortFromOPort' in 'cellVoice' module (0xcd8b78)
LDR: ! Imported function 'cellVoiceCreateNotifyEventQueue' in 'cellVoice' module (0xcd8bb0)
LDR: ! Imported function 'cellVoiceCreatePort' in 'cellVoice' module (0xcd8be8)
LDR: ! Imported function 'cellVoiceSetNotifyEventQueue' in 'cellVoice' module (0xcd8c20)
LDR: ! Imported function 'cellVoiceReadFromOPort' in 'cellVoice' module (0xcd8c58)
LDR: ! Imported function 'cellVoiceWriteToIPort' in 'cellVoice' module (0xcd8c90)
LDR: ! Imported function 'cellVoiceGetVolume' in 'cellVoice' module (0xcd8cc8)
LDR: ! Imported function 'cellVoiceDeletePort' in 'cellVoice' module (0xcd8d00)
LDR: ! Imported function 'cellVoiceConnectIPortToOPort' in 'cellVoice' module (0xcd8d38)
LDR: ! Imported function 'cellVoiceInit' in 'cellVoice' module (0xcd8d70)
LDR: ! Imported function 'cellVoiceStop' in 'cellVoice' module (0xcd8da8)
LDR: ! Imported function 'cellVoiceSetVolume' in 'cellVoice' module (0xcd8de0)
LDR: ! Imported function 'cellVoiceRemoveNotifyEventQueue' in 'cellVoice' module (0xcd8e18)
LDR: ! Imported function 'cellVoiceSetMuteFlag' in 'cellVoice' module (0xcd8e50)
LDR: ! Imported function 'cellVoiceEnd' in 'cellVoice' module (0xcd8e88)
LDR: ! Imported function 'cellVoiceGetPortAttr' in 'cellVoice' module (0xcd8ec0)
LDR: ! Imported function 'cellVoiceResetPort' in 'cellVoice' module (0xcd8ef8)
LDR: ! Imported function 'sceNpTrophyRegisterContext' in 'sceNpTrophy' module (0xcd8f30)
LDR: ! Imported function 'sceNpTrophyCreateHandle' in 'sceNpTrophy' module (0xcd8f68)
LDR: ! Imported function 'sceNpTrophyGetRequiredDiskSpace' in 'sceNpTrophy' module (0xcd8fa0)
LDR: ! Imported function 'sceNpTrophyDestroyContext' in 'sceNpTrophy' module (0xcd8fd8)
LDR: ! Imported function 'sceNpTrophyInit' in 'sceNpTrophy' module (0xcd9010)
LDR: ! Imported function 'sceNpTrophyDestroyHandle' in 'sceNpTrophy' module (0xcd9048)
LDR: ! Imported function 'sceNpTrophyUnlockTrophy' in 'sceNpTrophy' module (0xcd9080)
LDR: ! Imported function 'sceNpTrophyTerm' in 'sceNpTrophy' module (0xcd90b8)
LDR: ! Imported function 'sceNpTrophyGetTrophyUnlockState' in 'sceNpTrophy' module (0xcd90f0)
LDR: ! Imported function 'sceNpTrophyCreateContext' in 'sceNpTrophy' module (0xcd9128)
LDR: ! Imported function 'sceNpTusCreateTransactionCtx' in 'sceNpTus' module (0xcd9160)
LDR: ! Imported function 'sceNpTusPollAsync' in 'sceNpTus' module (0xcd9198)
LDR: ! Imported function 'sceNpTusTerm' in 'sceNpTus' module (0xcd91d0)
LDR: ! Imported function 'sceNpTusDestroyTitleCtx' in 'sceNpTus' module (0xcd9208)
LDR: ! Imported function 'sceNpTusDeleteMultiSlotDataAsync' in 'sceNpTus' module (0xcd9240)
LDR: ! Imported function 'sceNpTusAbortTransaction' in 'sceNpTus' module (0xcd9278)
LDR: ! Imported function 'sceNpTusDestroyTransactionCtx' in 'sceNpTus' module (0xcd92b0)
LDR: ! Imported function 'sceNpTusGetDataAsync' in 'sceNpTus' module (0xcd92e8)
LDR: ! Imported function 'sceNpTusCreateTitleCtx' in 'sceNpTus' module (0xcd9320)
LDR: ! Imported function 'sceNpTusInit' in 'sceNpTus' module (0xcd9358)
LDR: ! Imported function 'sceNpTusSetMultiSlotVariableVUserAsync' in 'sceNpTus' module (0xcd9390)
LDR: ! Imported function 'sceNpTusAddAndGetVariableVUserAsync' in 'sceNpTus' module (0xcd93c8)
LDR: ! Imported function 'sceNpTusSetDataAsync' in 'sceNpTus' module (0xcd9400)
LDR: ! Imported function 'sceNpTusGetMultiSlotVariableVUserAsync' in 'sceNpTus' module (0xcd9438)
LDR: ! Imported function 'cellSysutilApOn' in 'cellSysutilAp' module (0xcd9470)
LDR: ! Imported function 'cellSysutilApOff' in 'cellSysutilAp' module (0xcd94a8)
LDR: ! Imported function 'cellSysutilApGetRequiredMemSize' in 'cellSysutilAp' module (0xcd94e0)
MEM: ! Thread Local Storage initialized (g_tls_start=0x113b000, user_size=0x198)
*** TLS segment addr: 0x00f98a58
*** TLS segment size: 0x00000008
HLE: W {PPU[0x1] Thread (main_thread)[0x00cd41f8]} sysPrxForUser: sys_lwmutex_create(lwmutex=*0x10f6508, attr=*0xd7e828)
HLE: W {PPU[0x1] Thread (main_thread)[0x00cd41f8]} sysPrxForUser: sys_lwmutex_create(lwmutex=*0x10f5c90, attr=*0xd7e828)
HLE: W {PPU[0x1] Thread (main_thread)[0x00cd41f8]} sysPrxForUser: sys_lwmutex_create(lwmutex=*0x10f5cb8, attr=*0xd7e828)
HLE: W {PPU[0x1] Thread (main_thread)[0x00cd41f8]} sysPrxForUser: sys_lwmutex_create(lwmutex=*0x10f5ce0, attr=*0xd7e828)
HLE: W {PPU[0x1] Thread (main_thread)[0x00cd41f8]} sysPrxForUser: sys_lwmutex_create(lwmutex=*0x10f5bc8, attr=*0xd7e828)
HLE: W {PPU[0x1] Thread (main_thread)[0x00cd41f8]} sysPrxForUser: sys_lwmutex_create(lwmutex=*0x10f5bf0, attr=*0xd7e828)
HLE: W {PPU[0x1] Thread (main_thread)[0x00cd41f8]} sysPrxForUser: sys_lwmutex_create(lwmutex=*0x10f5c18, attr=*0xd7e828)
HLE: W {PPU[0x1] Thread (main_thread)[0x00cd41f8]} sysPrxForUser: sys_lwmutex_create(lwmutex=*0x10f5c40, attr=*0xd7e828)
HLE: W {PPU[0x1] Thread (main_thread)[0x00cd41f8]} sysPrxForUser: sys_lwmutex_create(lwmutex=*0x10f5c68, attr=*0xd7e828)
HLE: W {PPU[0x1] Thread (main_thread)[0x00cd41f8]} sysPrxForUser: sys_lwmutex_create(lwmutex=*0x102f0d8, attr=*0xd001fb60)
HLE: W {PPU[0x1] Thread (main_thread)[0x0068d918]} sys_memory: sys_memory_get_user_memory_size(mem_info=*0xd001fa30)
HLE: W {PPU[0x1] Thread (main_thread)[0x0068bd30]} sys_memory: sys_memory_allocate(size=0xf500000, flags=0x400, alloc_addr=*0xd001fab8)
HLE: W {PPU[0x1] Thread (main_thread)[0x00cd41f8]} sysPrxForUser: sys_lwmutex_create(lwmutex=*0x10f5170, attr=*0xd001fbf0)
HLE: W {PPU[0x1] Thread (main_thread)[0x00cd41f8]} sysPrxForUser: sys_lwmutex_create(lwmutex=*0x10f4ea8, attr=*0xd001fbe0)
HLE: W {PPU[0x1] Thread (main_thread)[0x00cd41f8]} sysPrxForUser: sys_lwmutex_create(lwmutex=*0x10f4ed8, attr=*0xd001fbd0)
HLE: W {PPU[0x1] Thread (main_thread)[0x00cd41f8]} sysPrxForUser: sys_lwmutex_create(lwmutex=*0x10b3180, attr=*0xd001fbd0)
HLE: W {PPU[0x1] Thread (main_thread)[0x00cd41f8]} sysPrxForUser: sys_lwmutex_create(lwmutex=*0x10acec8, attr=*0xd001fbd0)
HLE: W {PPU[0x1] Thread (main_thread)[0x00cd41f8]} sysPrxForUser: sys_lwmutex_create(lwmutex=*0x10acc50, attr=*0xd001fbd0)
HLE: W {PPU[0x1] Thread (main_thread)[0x00cd41f8]} sysPrxForUser: sys_lwmutex_create(lwmutex=*0x10ac668, attr=*0xd001fbf0)
HLE: W {PPU[0x1] Thread (main_thread)[0x00cd41f8]} sysPrxForUser: sys_lwmutex_create(lwmutex=*0x10a9760, attr=*0xd001fbd0)
HLE: W {PPU[0x1] Thread (main_thread)[0x00cd41f8]} sysPrxForUser: sys_lwmutex_create(lwmutex=*0x10a9c28, attr=*0xd001fbc0)
HLE: W {PPU[0x1] Thread (main_thread)[0x00cd41f8]} sysPrxForUser: sys_lwmutex_create(lwmutex=*0x109f648, attr=*0xd001fbe0)
HLE: W {PPU[0x1] Thread (main_thread)[0x00cd41f8]} sysPrxForUser: sys_lwmutex_create(lwmutex=*0x102f350, attr=*0xd001fbf0)
HLE: W {PPU[0x1] Thread (main_thread)[0x00cd41f8]} sysPrxForUser: sys_lwmutex_create(lwmutex=*0x1020910, attr=*0xd001fbe0)
HLE: W {PPU[0x1] Thread (main_thread)[0x00cd41f8]} sysPrxForUser: sys_lwmutex_create(lwmutex=*0x101fb68, attr=*0xd001fbe0)
HLE: W {PPU[0x1] Thread (main_thread)[0x00cd41f8]} sysPrxForUser: sys_lwmutex_create(lwmutex=*0x101fb80, attr=*0xd001fbd0)
HLE: W {PPU[0x1] Thread (main_thread)[0x00cd41f8]} sysPrxForUser: sys_lwmutex_create(lwmutex=*0x101c278, attr=*0xd001fbd0)
HLE: W {PPU[0x1] Thread (main_thread)[0x00cd41f8]} sysPrxForUser: sys_lwmutex_create(lwmutex=*0x101c290, attr=*0xd001fbd0)
HLE: W {PPU[0x1] Thread (main_thread)[0x00cd41f8]} sysPrxForUser: sys_lwmutex_create(lwmutex=*0x101c2a8, attr=*0xd001fbd0)
HLE: W {PPU[0x1] Thread (main_thread)[0x00cd41f8]} sysPrxForUser: sys_lwmutex_create(lwmutex=*0x101c2c0, attr=*0xd001fbd0)
HLE: W {PPU[0x1] Thread (main_thread)[0x00cd41f8]} sysPrxForUser: sys_lwmutex_create(lwmutex=*0x101c2d8, attr=*0xd001fbd0)
HLE: W {PPU[0x1] Thread (main_thread)[0x00cd41f8]} sysPrxForUser: sys_lwmutex_create(lwmutex=*0x101c2f0, attr=*0xd001fbd0)
HLE: W {PPU[0x1] Thread (main_thread)[0x00cd41f8]} sysPrxForUser: sys_lwmutex_create(lwmutex=*0x101c308, attr=*0xd001fbd0)
HLE: W {PPU[0x1] Thread (main_thread)[0x00cd41f8]} sysPrxForUser: sys_lwmutex_create(lwmutex=*0x101c320, attr=*0xd001fbd0)
HLE: W {PPU[0x1] Thread (main_thread)[0x00cd41f8]} sysPrxForUser: sys_lwmutex_create(lwmutex=*0x101c338, attr=*0xd001fbd0)
HLE: W {PPU[0x1] Thread (main_thread)[0x00cd41f8]} sysPrxForUser: sys_lwmutex_create(lwmutex=*0x101c350, attr=*0xd001fbd0)
HLE: W {PPU[0x1] Thread (main_thread)[0x00cd41f8]} sysPrxForUser: sys_lwmutex_create(lwmutex=*0x101a028, attr=*0xd001fbe0)
HLE: W {PPU[0x1] Thread (main_thread)[0x00cd41f8]} sysPrxForUser: sys_lwmutex_create(lwmutex=*0xd001d7c8, attr=*0xd001d6b0)
HLE: W {PPU[0x1] Thread (main_thread)[0x009bd6e0]} sys_spu: sys_spu_initialize(max_usable_spu=6, max_raw_spu=0)
HLE: W {PPU[0x1] Thread (main_thread)[0x00cd3820]} cellSysmodule: cellSysmoduleLoadModule(id=0x0010: CELL_SYSMODULE_GCM_SYS)
HLE: W {PPU[0x1] Thread (main_thread)[0x00cd3820]} cellSysmodule: cellSysmoduleLoadModule(id=0x0015: CELL_SYSMODULE_SYSUTIL)
HLE: W {PPU[0x1] Thread (main_thread)[0x00cd3820]} cellSysmodule: cellSysmoduleLoadModule(id=0x0031: CELL_SYSMODULE_AVCONF_EXT)
HLE: W {PPU[0x1] Thread (main_thread)[0x00cd3820]} cellSysmodule: cellSysmoduleLoadModule(id=0x0017: CELL_SYSMODULE_IO)
HLE: W {PPU[0x1] Thread (main_thread)[0x00cd3820]} cellSysmodule: cellSysmoduleLoadModule(id=0x0011: CELL_SYSMODULE_AUDIO)
HLE: W {PPU[0x1] Thread (main_thread)[0x00cd3820]} cellSysmodule: cellSysmoduleLoadModule(id=0x0013: CELL_SYSMODULE_ATRAC3PLUS)
HLE: W {PPU[0x1] Thread (main_thread)[0x00cd3820]} cellSysmodule: cellSysmoduleLoadModule(id=0x0026: CELL_SYSMODULE_ADEC_LPCM)
HLE: W {PPU[0x1] Thread (main_thread)[0x00cd3820]} cellSysmodule: cellSysmoduleLoadModule(id=0x0028: CELL_SYSMODULE_ADEC_ATX)
HLE: W {PPU[0x1] Thread (main_thread)[0x00cd3820]} cellSysmodule: cellSysmoduleLoadModule(id=0x0027: CELL_SYSMODULE_ADEC_AC3)
HLE: W {PPU[0x1] Thread (main_thread)[0x00cd3820]} cellSysmodule: cellSysmoduleLoadModule(id=0x0012: CELL_SYSMODULE_PAMF)
HLE: W {PPU[0x1] Thread (main_thread)[0x00cd3820]} cellSysmodule: cellSysmoduleLoadModule(id=0x002a: CELL_SYSMODULE_DMUX_PAMF)
HLE: W {PPU[0x1] Thread (main_thread)[0x00cd3820]} cellSysmodule: cellSysmoduleLoadModule(id=0x0024: CELL_SYSMODULE_VDEC_MPEG2)
HLE: W {PPU[0x1] Thread (main_thread)[0x00cd3820]} cellSysmodule: cellSysmoduleLoadModule(id=0x0025: CELL_SYSMODULE_VDEC_AVC)
HLE: W {PPU[0x1] Thread (main_thread)[0x00cd3820]} cellSysmodule: cellSysmoduleLoadModule(id=0x000e: CELL_SYSMODULE_FS)
HLE: W {PPU[0x1] Thread (main_thread)[0x00cd3820]} cellSysmodule: cellSysmoduleLoadModule(id=0x000a: CELL_SYSMODULE_SPURS)
HLE: W {PPU[0x1] Thread (main_thread)[0x00cd3820]} cellSysmodule: cellSysmoduleLoadModule(id=0x001f: CELL_SYSMODULE_RESC)
HLE: W {PPU[0x1] Thread (main_thread)[0x00cd3820]} cellSysmodule: cellSysmoduleLoadModule(id=0x0043: CELL_SYSMODULE_FIBER)
HLE: W {PPU[0x1] Thread (main_thread)[0x00cd3820]} cellSysmodule: cellSysmoduleLoadModule(id=0x001e: CELL_SYSMODULE_L10N)
HLE: W {PPU[0x1] Thread (main_thread)[0x00cd3b68]} cellSysutil: cellSysutilRegisterCallback(slot=0, func=*0xf8c788, userdata=*0x0)
HLE: W {PPU[0x1] Thread (main_thread)[0x00cd55a8]} cellSysutil: cellSysutilGetSystemParamInt(id=0x111(ID_LANG), value=*0xd001fbf0)
HLE: W {PPU[0x1] Thread (main_thread)[0x00cd55a8]} cellSysutil: cellSysutilGetSystemParamInt(id=0x112(ID_ENTER_BUTTON_ASSIGN), value=*0xd001fbf8)
HLE: W {PPU[0x1] Thread (main_thread)[0x00cd55a8]} cellSysutil: cellSysutilGetSystemParamInt(id=0x114(ID_DATE_FORMAT), value=*0xd001fbfc)
HLE: W {PPU[0x1] Thread (main_thread)[0x00cd55a8]} cellSysutil: cellSysutilGetSystemParamInt(id=0x115(ID_TIME_FORMAT), value=*0xd001fc00)
HLE: W {PPU[0x1] Thread (main_thread)[0x00cd55a8]} cellSysutil: cellSysutilGetSystemParamInt(id=0x116(ID_TIMEZONE), value=*0xd001fc04)
HLE: W {PPU[0x1] Thread (main_thread)[0x00cd55a8]} cellSysutil: cellSysutilGetSystemParamInt(id=0x117(ID_SUMMERTIME), value=*0xd001fc08)
HLE: W {PPU[0x1] Thread (main_thread)[0x00cd55a8]} cellSysutil: cellSysutilGetSystemParamInt(id=0x121(ID_GAME_PARENTAL_LEVEL), value=*0xd001fc0c)
HLE: W {PPU[0x1] Thread (main_thread)[0x00cd55a8]} cellSysutil: cellSysutilGetSystemParamInt(id=0x141(ID_CURRENT_USER_HAS_NP_ACCOUNT), value=*0xd001fc10)
HLE: W {PPU[0x1] Thread (main_thread)[0x00cd41f8]} sysPrxForUser: sys_lwmutex_create(lwmutex=*0x2e500080, attr=*0xd001d650)
HLE: W {PPU[0x1] Thread (main_thread)[0x00cd41f8]} sysPrxForUser: sys_lwmutex_create(lwmutex=*0x2e500360, attr=*0xd001d640)
HLE: W {PPU[0x1] Thread (main_thread)[0x00cd41f8]} sysPrxForUser: sys_lwmutex_create(lwmutex=*0x2e500640, attr=*0xd001d630)
HLE: W {PPU[0x1] Thread (main_thread)[0x00cd41f8]} sysPrxForUser: sys_lwmutex_create(lwmutex=*0x2e5006f8, attr=*0xd001d620)
HLE: W {PPU[0x1] Thread (main_thread)[0x00cd41f8]} sysPrxForUser: sys_lwmutex_create(lwmutex=*0x2e500780, attr=*0xd001d620)
HLE: W {PPU[0x1] Thread (main_thread)[0x00cd41f8]} sysPrxForUser: sys_lwmutex_create(lwmutex=*0x2e500808, attr=*0xd001d620)
HLE: W {PPU[0x1] Thread (main_thread)[0x00cd41f8]} sysPrxForUser: sys_lwmutex_create(lwmutex=*0x2e500890, attr=*0xd001d620)
HLE: W {PPU[0x1] Thread (main_thread)[0x00cd41f8]} sysPrxForUser: sys_lwmutex_create(lwmutex=*0x2e500918, attr=*0xd001d620)
HLE: W {PPU[0x1] Thread (main_thread)[0x00cd41f8]} sysPrxForUser: sys_lwmutex_create(lwmutex=*0x2e5009a0, attr=*0xd001d620)
HLE: W {PPU[0x1] Thread (main_thread)[0x00cd41f8]} sysPrxForUser: sys_lwmutex_create(lwmutex=*0x2e500a28, attr=*0xd001d620)
HLE: W {PPU[0x1] Thread (main_thread)[0x00cd41f8]} sysPrxForUser: sys_lwmutex_create(lwmutex=*0x2e500ab0, attr=*0xd001d620)
HLE: W {PPU[0x1] Thread (main_thread)[0x00cd41f8]} sysPrxForUser: sys_lwmutex_create(lwmutex=*0x2e500ad0, attr=*0xd001d610)
HLE: W {PPU[0x1] Thread (main_thread)[0x00cd41f8]} sysPrxForUser: sys_lwmutex_create(lwmutex=*0x2e500b70, attr=*0xd001d600)
HLE: W {PPU[0x1] Thread (main_thread)[0x00cd41f8]} sysPrxForUser: sys_lwmutex_create(lwmutex=*0x2e500e50, attr=*0xd001d5f0)
HLE: W {PPU[0x1] Thread (main_thread)[0x00cd41f8]} sysPrxForUser: sys_lwmutex_create(lwmutex=*0x2e500f08, attr=*0xd001d5e0)
HLE: W {PPU[0x1] Thread (main_thread)[0x00cd41f8]} sysPrxForUser: sys_lwmutex_create(lwmutex=*0x2e500f90, attr=*0xd001d5e0)
HLE: W {PPU[0x1] Thread (main_thread)[0x00cd41f8]} sysPrxForUser: sys_lwmutex_create(lwmutex=*0x2e501018, attr=*0xd001d5e0)
HLE: W {PPU[0x1] Thread (main_thread)[0x00cd41f8]} sysPrxForUser: sys_lwmutex_create(lwmutex=*0x2e5010a0, attr=*0xd001d5e0)
HLE: W {PPU[0x1] Thread (main_thread)[0x00cd41f8]} sysPrxForUser: sys_lwmutex_create(lwmutex=*0x2e501128, attr=*0xd001d5e0)
HLE: W {PPU[0x1] Thread (main_thread)[0x00cd41f8]} sysPrxForUser: sys_lwmutex_create(lwmutex=*0x2e5011b0, attr=*0xd001d5e0)
HLE: W {PPU[0x1] Thread (main_thread)[0x00cd41f8]} sysPrxForUser: sys_lwmutex_create(lwmutex=*0x2e501238, attr=*0xd001d5e0)
HLE: W {PPU[0x1] Thread (main_thread)[0x00cd41f8]} sysPrxForUser: sys_lwmutex_create(lwmutex=*0x2e5012c0, attr=*0xd001d5e0)
HLE: W {PPU[0x1] Thread (main_thread)[0x00cd41f8]} sysPrxForUser: sys_lwmutex_create(lwmutex=*0x2e5012e0, attr=*0xd001d5d0)
HLE: W {PPU[0x1] Thread (main_thread)[0x00cd41f8]} sysPrxForUser: sys_lwmutex_create(lwmutex=*0x2e501380, attr=*0xd001d5c0)
HLE: W {PPU[0x1] Thread (main_thread)[0x00cd41f8]} sysPrxForUser: sys_lwmutex_create(lwmutex=*0x2e501780, attr=*0xd001d5b0)
HLE: W {PPU[0x1] Thread (main_thread)[0x00cd41f8]} sysPrxForUser: sys_lwmutex_create(lwmutex=*0x2e501838, attr=*0xd001d5a0)
HLE: W {PPU[0x1] Thread (main_thread)[0x00cd41f8]} sysPrxForUser: sys_lwmutex_create(lwmutex=*0x2e5018c0, attr=*0xd001d5a0)
HLE: W {PPU[0x1] Thread (main_thread)[0x00cd41f8]} sysPrxForUser: sys_lwmutex_create(lwmutex=*0x2e501948, attr=*0xd001d5a0)
HLE: W {PPU[0x1] Thread (main_thread)[0x00cd41f8]} sysPrxForUser: sys_lwmutex_create(lwmutex=*0x2e5019d0, attr=*0xd001d5a0)
HLE: W {PPU[0x1] Thread (main_thread)[0x00cd41f8]} sysPrxForUser: sys_lwmutex_create(lwmutex=*0x2e501a58, attr=*0xd001d5a0)
HLE: W {PPU[0x1] Thread (main_thread)[0x00cd41f8]} sysPrxForUser: sys_lwmutex_create(lwmutex=*0x2e501ae0, attr=*0xd001d5a0)
HLE: W {PPU[0x1] Thread (main_thread)[0x00cd41f8]} sysPrxForUser: sys_lwmutex_create(lwmutex=*0x2e501b68, attr=*0xd001d5a0)
HLE: W {PPU[0x1] Thread (main_thread)[0x00cd41f8]} sysPrxForUser: sys_lwmutex_create(lwmutex=*0x2e501bf0, attr=*0xd001d5a0)
HLE: W {PPU[0x1] Thread (main_thread)[0x00cd41f8]} sysPrxForUser: sys_lwmutex_create(lwmutex=*0x2e501c10, attr=*0xd001d590)
HLE: W {PPU[0x1] Thread (main_thread)[0x00cd41f8]} sysPrxForUser: sys_lwmutex_create(lwmutex=*0x2e501cb0, attr=*0xd001d580)
HLE: W {PPU[0x1] Thread (main_thread)[0x00cd41f8]} sysPrxForUser: sys_lwmutex_create(lwmutex=*0x2e501ff8, attr=*0xd001d3e0)
HLE: W {PPU[0x1] Thread (main_thread)[0x00cd9518]} cellSysmodule: cellSysmoduleIsLoaded(id=0x0043: CELL_SYSMODULE_FIBER)
G: ! {PPU[0x1] Thread (main_thread)[0x00cd9550]} Registers:
=========
GPR[0] = 0xffffffff80012003
GPR[1] = 0xd001d380
GPR[2] = 0xf9fd48
GPR[3] = 0x113b038
GPR[4] = 0x10000
GPR[5] = 0x0
GPR[6] = 0x1
GPR[7] = 0x1a
GPR[8] = 0x0
GPR[9] = 0x1142030
GPR[10] = 0xd68110
GPR[11] = 0xd68118
GPR[12] = 0x0
GPR[13] = 0x1142030
GPR[14] = 0x0
GPR[15] = 0xf46000
GPR[16] = 0xf45000
GPR[17] = 0x0
GPR[18] = 0xf44000
GPR[19] = 0x100000
GPR[20] = 0x0
GPR[21] = 0x0
GPR[22] = 0x0
GPR[23] = 0x0
GPR[24] = 0x0
GPR[25] = 0x80
GPR[26] = 0xd693a8
GPR[27] = 0x0
GPR[28] = 0x27e68
GPR[29] = 0x2e529de0
GPR[30] = 0x0
GPR[31] = 0x0
FPR[0] = -0.166667
FPR[1] = 3.81625E-05
FPR[2] = 3.81625E-05
FPR[3] = 4.85996E+12
FPR[4] = 0.95
FPR[5] = 0.95
FPR[6] = 1.5
FPR[7] = 1
FPR[8] = 1.2
FPR[9] = 0
FPR[10] = 2.35257E-06
FPR[11] = 0.166667
FPR[12] = -3.6084E-09
FPR[13] = 0.00833208
FPR[14] = 0
FPR[15] = 0
FPR[16] = 0
FPR[17] = 0
FPR[18] = 0
FPR[19] = 0
FPR[20] = 0
FPR[21] = 0
FPR[22] = 0
FPR[23] = 0
FPR[24] = 0
FPR[25] = 0
FPR[26] = 0
FPR[27] = 0
FPR[28] = 0
FPR[29] = 0
FPR[30] = 0
FPR[31] = 0
VPR[0] = 0x00000000000000000000000000000000 [x: 0 y: 0 z: 0 w: 0]
VPR[1] = 0x00000000000000000000000000000000 [x: 0 y: 0 z: 0 w: 0]
VPR[2] = 0x3f8000003fa000003fc0000000000000 [x: 1 y: 1.25 z: 1.5 w: 0]
VPR[3] = 0x4000000041880000c120000000000000 [x: 2 y: 17 z: -10 w: 0]
VPR[4] = 0x3f0000003f0000003f0000003f800000 [x: 0.5 y: 0.5 z: 0.5 w: 1]
VPR[5] = 0x0000000000000000000000003f800000 [x: 0 y: 0 z: 0 w: 1]
VPR[6] = 0x3f800000000000000000000000000000 [x: 1 y: 0 z: 0 w: 0]
VPR[7] = 0x000000003f8000000000000000000000 [x: 0 y: 1 z: 0 w: 0]
VPR[8] = 0x00000000000000003f80000000000000 [x: 0 y: 0 z: 1 w: 0]
VPR[9] = 0xff7fffffff7fffffff7fffffff7fffff [x: -3.40282e+38 y: -3.40282e+38 z: -3.40282e+38 w: -3.40282e+38]
VPR[10] = 0x7f7fffff7f7fffff7f7fffff7f7fffff [x: 3.40282e+38 y: 3.40282e+38 z: 3.40282e+38 w: 3.40282e+38]
VPR[11] = 0x34000000340000003400000034000000 [x: 1.19209e-07 y: 1.19209e-07 z: 1.19209e-07 w: 1.19209e-07]
VPR[12] = 0x00000000000000080000000000000007 [x: 0 y: 1.12104e-44 z: 0 w: 9.80909e-45]
VPR[13] = 0x00000002013f3c700000000000000ac2 [x: 2.8026e-45 y: 3.51245e-38 z: 0 w: 3.85918e-42]
VPR[14] = 0x00000000000000000000000000000000 [x: 0 y: 0 z: 0 w: 0]
VPR[15] = 0x00000000000000000000000000000000 [x: 0 y: 0 z: 0 w: 0]
VPR[16] = 0x0000000002fba4f0000000003f800000 [x: 0 y: 3.69758e-37 z: 0 w: 1]
VPR[17] = 0x00000000000000000000000000000000 [x: 0 y: 0 z: 0 w: 0]
VPR[18] = 0x00000000000000000000000000000000 [x: 0 y: 0 z: 0 w: 0]
VPR[19] = 0x00000000000000080000000000000007 [x: 0 y: 1.12104e-44 z: 0 w: 9.80909e-45]
VPR[20] = 0x00000002013f3c900000000000000ac3 [x: 2.8026e-45 y: 3.51246e-38 z: 0 w: 3.86058e-42]
VPR[21] = 0x00000000000000000000000000000000 [x: 0 y: 0 z: 0 w: 0]
VPR[22] = 0x00000000000000000000000000000000 [x: 0 y: 0 z: 0 w: 0]
VPR[23] = 0x0000000002fba510000000003f800000 [x: 0 y: 3.69759e-37 z: 0 w: 1]
VPR[24] = 0x00000000000000000000000000000000 [x: 0 y: 0 z: 0 w: 0]
VPR[25] = 0x00000000000000000000000000000000 [x: 0 y: 0 z: 0 w: 0]
VPR[26] = 0x00000000000000080000000000000007 [x: 0 y: 1.12104e-44 z: 0 w: 9.80909e-45]
VPR[27] = 0x00000002013f3cb00000000000000ac4 [x: 2.8026e-45 y: 3.51247e-38 z: 0 w: 3.86198e-42]
VPR[28] = 0x00000000000000000000000000000000 [x: 0 y: 0 z: 0 w: 0]
VPR[29] = 0x00000000000000000000000000000000 [x: 0 y: 0 z: 0 w: 0]
VPR[30] = 0x0000000002fba6b0000000003f800000 [x: 0 y: 3.69768e-37 z: 0 w: 1]
VPR[31] = 0x00000000000000000000000000000000 [x: 0 y: 0 z: 0 w: 0]
CR = 0x82000024
LR = 0xbae544
CTR = 0x69f278
XER = 0x0 [CA=0 | OV=8589934592 | SO=0]
FPSCR = 0x0 [RN=0 | NI=0 | XE=0 | ZE=0 | UE=0 | OE=0 | VE=0 | VXCVI=0 | VXSQRT=0 | VXSOFT=0 | FPRF=0 | FI=0 | FR=0 | VXVC=0 | VXIMZ=0 | VXZDZ=0 | VXIDI=0 | VXISI=0 | VXSNAN=0 | XX=0 | ZX=0 | UX=0 | OX=0 | VX=0 | FEX=0 | FX=0]

G: E {PPU[0x1] Thread (main_thread)[0x00cd9550]} Exception: LLE function not set: _cellFiberPpuInitialize (0x255870804)
(in file Emu\SysCalls\Modules.cpp:140, in function execute_ppu_func_by_index)
G: ! Stopping emulator...
G: ! All threads signaled...
G: ! {PPU[0x2] Thread (Callback Thread)[0x00000000]} Thread aborted
G: ! All threads stopped...
G: ! Objects cleared...
G: ! Stopping emulator...
