LDR: E PSFLoader::Load() failed: unknown magic (0x0)
G: ! RPCS3 v0.0.0.5-2539-g316959f
G: ! 
G: ! Stopping emulator...
LDR: ! Loading 'D:/Emulateurs/Rpcs3/dev_hdd0/game/BLES00820-[BLAZBLUE]/PS3_GAME/USRDIR/BOOT.BIN'...
G: W fs::file::open('D:/Emulateurs/Rpcs3/dev_hdd0/game/BLES00820-[BLAZBLUE]/PS3_GAME/dev_bdvd.path', 0x1) failed: error 0x2
LDR: ! 
LDR: ! Mount info:
LDR: ! /dev_usb000/ -> D:/Emulateurs/Rpcs3/dev_usb000/
LDR: ! /dev_flash/ -> D:/Emulateurs/Rpcs3/dev_flash/
LDR: ! /host_root/ -> 
LDR: ! /dev_hdd0/ -> D:/Emulateurs/Rpcs3/dev_hdd0/
LDR: ! /dev_hdd1/ -> D:/Emulateurs/Rpcs3/dev_hdd1/
LDR: ! /dev_bdvd/ -> D:/Emulateurs/Rpcs3/dev_hdd0/game/BLES00820-[BLAZBLUE]/
LDR: ! /dev_usb/ -> D:/Emulateurs/Rpcs3/dev_usb000/
LDR: ! 
LDR: ! Settings:
LDR: ! CPU: PPU Interpreter 2
LDR: ! SPU: SPU Recompiler (ASMJIT)
LDR: ! Renderer: DirectX 12
LDR: ! D3D Adapter: Default
LDR: ! Resolution: 1280x720
LDR: ! Write Depth Buffer: No
LDR: ! Write Color Buffers: No
LDR: ! Read Color Buffer: No
LDR: ! Audio Out: XAudio2
LDR: ! Log Everything: No
LDR: ! RSX Logging: No
LDR: ! 
LDR: ! Title: BLAZBLUE
LDR: ! Serial: BLES00820
LDR: ! Elf path: /dev_bdvd/PS3_GAME/USRDIR/BOOT.BIN
LDR: ! 
LDR: ! loader::init() failed: Broken file
LDR: ! *** sdk version: 0x280001
LDR: ! *** primary prio: 1001
LDR: ! *** primary stacksize: 0x20000
LDR: ! *** malloc pagesize: 0x100000
LDR: ! *** ppc seg: 0x0
LDR: ! Imported function 'cellPadInit' in 'sys_io' module (0x5859f0)
LDR: ! Imported function 'cellPadEnd' in 'sys_io' module (0x585a10)
LDR: ! Imported function 'cellPadSetPortSetting' in 'sys_io' module (0x585a30)
LDR: ! Imported function 'cellPadGetData' in 'sys_io' module (0x585a50)
LDR: ! Imported function 'cellPadGetInfo2' in 'sys_io' module (0x585a70)
LDR: ! Imported function 'cellPadSetActDirect' in 'sys_io' module (0x585a90)
LDR: ! Imported function 'cellSysmoduleUnloadModule' in 'cellSysmodule' module (0x585ab0)
LDR: ! Imported function 'cellSysmoduleLoadModule' in 'cellSysmodule' module (0x585ad0)
LDR: ! Imported function 'cellVideoOutConfigure' in 'cellSysutil' module (0x585af0)
LDR: ! Imported function 'cellSysutilCheckCallback' in 'cellSysutil' module (0x585b10)
LDR: ! Imported function 'cellSysCacheMount' in 'cellSysutil' module (0x585b30)
LDR: ! Imported function 'cellVideoOutGetDeviceInfo' in 'cellSysutil' module (0x585b50)
LDR: ! Imported function 'cellSaveDataFixedLoad2' in 'cellSysutil' module (0x585b70)
LDR: ! Imported function 'cellSaveDataFixedSave2' in 'cellSysutil' module (0x585b90)
LDR: ! Imported function 'cellOskDialogUnloadAsync' in 'cellSysutil' module (0x585bb0)
LDR: ! Imported function 'cellSysutilGetSystemParamInt' in 'cellSysutil' module (0x585bd0)
LDR: ! Imported function 'cellAudioOutConfigure' in 'cellSysutil' module (0x585bf0)
LDR: ! Imported function 'cellSysCacheClear' in 'cellSysutil' module (0x585c10)
LDR: ! Imported function 'cellMsgDialogOpen2' in 'cellSysutil' module (0x585c30)
LDR: ! Imported function 'cellOskDialogLoadAsync' in 'cellSysutil' module (0x585c50)
LDR: ! Imported function 'cellVideoOutGetState' in 'cellSysutil' module (0x585c70)
LDR: ! Imported function 'cellSaveDataAutoSave2' in 'cellSysutil' module (0x585c90)
LDR: ! Imported function 'cellSysutilRegisterCallback' in 'cellSysutil' module (0x585cb0)
LDR: ! Imported function 'cellOskDialogSetKeyLayoutOption' in 'cellSysutil' module (0x585cd0)
LDR: ! Imported function 'cellOskDialogAbort' in 'cellSysutil' module (0x585cf0)
LDR: ! Imported function 'cellAudioOutGetSoundAvailability' in 'cellSysutil' module (0x585d10)
LDR: ! Imported function 'cellSaveDataFixedDelete' in 'cellSysutil' module (0x585d30)
LDR: ! Imported function 'cellOskDialogSetDeviceMask' in 'cellSysutil' module (0x585d50)
LDR: ! Imported function 'cellAudioOutGetNumberOfDevice' in 'cellSysutil' module (0x585d70)
LDR: ! Imported function 'cellSaveDataDelete2' in 'cellSysutil' module (0x585d90)
LDR: ! Imported function 'cellOskDialogSetLayoutMode' in 'cellSysutil' module (0x585db0)
LDR: ! Imported function 'cellSaveDataAutoLoad2' in 'cellSysutil' module (0x585dd0)
LDR: ! Imported function 'cellAudioOutGetDeviceInfo' in 'cellSysutil' module (0x587bd0)
LDR: ! Imported function 'cellAudioOutGetConfiguration' in 'cellSysutil' module (0x587bf0)
LDR: ! Imported function 'cellAudioOutGetState' in 'cellSysutil' module (0x587c10)
LDR: ! Imported function 'cellFsGetBlockSize' in 'sys_fs' module (0x585df0)
LDR: ! Imported function 'cellFsClose' in 'sys_fs' module (0x585e10)
LDR: ! Imported function 'cellFsRead' in 'sys_fs' module (0x585e30)
LDR: ! Imported function 'cellFsOpen' in 'sys_fs' module (0x585e50)
LDR: ! Imported function 'cellFsStat' in 'sys_fs' module (0x585e70)
LDR: ! Imported function 'cellFsLseek' in 'sys_fs' module (0x585e90)
LDR: ! Imported function 'cellFsMkdir' in 'sys_fs' module (0x585eb0)
LDR: ! Imported function 'cellFsWrite' in 'sys_fs' module (0x585ed0)
LDR: ! Imported function 'cellFsFstat' in 'sys_fs' module (0x585ef0)
LDR: ! Imported function 'cellAudioInit' in 'cellAudio' module (0x585f10)
LDR: ! Imported function 'cellAudioPortStop' in 'cellAudio' module (0x585f30)
LDR: ! Imported function 'cellAudioGetPortConfig' in 'cellAudio' module (0x585f50)
LDR: ! Imported function 'cellAudioPortStart' in 'cellAudio' module (0x585f70)
LDR: ! Imported function 'cellAudioQuit' in 'cellAudio' module (0x585f90)
LDR: ! Imported function 'cellAudioPortOpen' in 'cellAudio' module (0x585fb0)
LDR: ! Imported function 'cellAudioSetNotifyEventQueue' in 'cellAudio' module (0x587c30)
LDR: ! Imported function 'cellAudioGetPortTimestamp' in 'cellAudio' module (0x587c50)
LDR: ! Imported function 'cellAudioPortClose' in 'cellAudio' module (0x587c70)
LDR: ! Imported function 'cellAudioGetPortBlockTag' in 'cellAudio' module (0x587c90)
LDR: ! Imported function 'cellAudioRemoveNotifyEventQueue' in 'cellAudio' module (0x587cb0)
LDR: ! Imported function '_cellSpursLFQueueInitialize' in 'cellSpurs' module (0x585fd0)
LDR: ! Imported function 'cellSpursAttributeSetNamePrefix' in 'cellSpurs' module (0x585ff0)
LDR: ! Imported function '_cellSpursTasksetAttributeInitialize' in 'cellSpurs' module (0x586010)
LDR: ! Imported function 'cellSpursLFQueueAttachLv2EventQueue' in 'cellSpurs' module (0x586030)
LDR: ! Imported function 'cellSpursEventFlagDetachLv2EventQueue' in 'cellSpurs' module (0x586050)
LDR: ! Imported function 'cellSpursEventFlagWait' in 'cellSpurs' module (0x586070)
LDR: ! Imported function 'cellSpursDetachLv2EventQueue' in 'cellSpurs' module (0x586090)
LDR: ! Imported function 'cellSpursCreateTaskset' in 'cellSpurs' module (0x5860b0)
LDR: ! Imported function '_cellSpursEventFlagInitialize' in 'cellSpurs' module (0x5860d0)
LDR: ! Imported function 'cellSpursTasksetAttributeSetName' in 'cellSpurs' module (0x5860f0)
LDR: ! Imported function 'cellSpursLFQueueDetachLv2EventQueue' in 'cellSpurs' module (0x586110)
LDR: ! Imported function 'cellSpursAttributeSetMemoryContainerForSpuThread' in 'cellSpurs' module (0x586130)
LDR: ! Imported function 'cellSpursEventFlagAttachLv2EventQueue' in 'cellSpurs' module (0x586150)
LDR: ! Imported function '_cellSpursLFQueuePushBody' in 'cellSpurs' module (0x586170)
LDR: ! Imported function '_cellSpursAttributeInitialize' in 'cellSpurs' module (0x586190)
LDR: ! Imported function 'cellSpursJoinTaskset' in 'cellSpurs' module (0x5861b0)
LDR: ! Imported function 'cellSpursShutdownTaskset' in 'cellSpurs' module (0x5861d0)
LDR: ! Imported function 'cellSpursInitializeWithAttribute' in 'cellSpurs' module (0x5861f0)
LDR: ! Imported function 'cellSpursInitialize' in 'cellSpurs' module (0x586210)
LDR: ! Imported function 'cellSpursAttachLv2EventQueue' in 'cellSpurs' module (0x586230)
LDR: ! Imported function 'cellSpursCreateTask' in 'cellSpurs' module (0x586250)
LDR: ! Imported function 'cellSpursCreateTasksetWithAttribute' in 'cellSpurs' module (0x586270)
LDR: ! Imported function 'cellSpursFinalize' in 'cellSpurs' module (0x586290)
LDR: ! Imported function '_cellSpursSendSignal' in 'cellSpurs' module (0x5862b0)
LDR: ! Imported function 'cellSailGraphicsAdapterGetFrame' in 'cellSail' module (0x5862d0)
LDR: ! Imported function 'cellSailPlayerCloseEsVideo' in 'cellSail' module (0x5862f0)
LDR: ! Imported function 'cellSailDescriptorCreateDatabase' in 'cellSail' module (0x586310)
LDR: ! Imported function 'cellSailFutureReset' in 'cellSail' module (0x586330)
LDR: ! Imported function 'cellSailPlayerSetSoundAdapter' in 'cellSail' module (0x586350)
LDR: ! Imported function 'cellSailGraphicsAdapterPtsToTimePosition' in 'cellSail' module (0x586370)
LDR: ! Imported function 'cellSailPlayerFinalize' in 'cellSail' module (0x586390)
LDR: ! Imported function 'cellSailPlayerSetGraphicsAdapter' in 'cellSail' module (0x5863b0)
LDR: ! Imported function 'cellSailGraphicsAdapterInitialize' in 'cellSail' module (0x5863d0)
LDR: ! Imported function 'cellSailPlayerInitialize2' in 'cellSail' module (0x5863f0)
LDR: ! Imported function 'cellSailDescriptorDestroyDatabase' in 'cellSail' module (0x586410)
LDR: ! Imported function 'cellSailGraphicsAdapterSetPreferredFormat' in 'cellSail' module (0x586430)
LDR: ! Imported function 'cellSailMemAllocatorInitialize' in 'cellSail' module (0x586450)
LDR: ! Imported function 'cellSailPlayerOpenStream' in 'cellSail' module (0x586470)
LDR: ! Imported function 'cellSailFutureGet' in 'cellSail' module (0x586490)
LDR: ! Imported function 'cellSailSoundAdapterInitialize' in 'cellSail' module (0x5864b0)
LDR: ! Imported function 'cellSailGraphicsAdapterUpdateAvSync' in 'cellSail' module (0x5864d0)
LDR: ! Imported function 'cellSailSoundAdapterPtsToTimePosition' in 'cellSail' module (0x5864f0)
LDR: ! Imported function 'cellSailFutureInitialize' in 'cellSail' module (0x586510)
LDR: ! Imported function 'cellSailPlayerReopenEsAudio' in 'cellSail' module (0x586530)
LDR: ! Imported function 'cellSailPlayerSetParameter' in 'cellSail' module (0x586550)
LDR: ! Imported function 'cellSailGraphicsAdapterFinalize' in 'cellSail' module (0x586570)
LDR: ! Imported function 'cellSailPlayerAddDescriptor' in 'cellSail' module (0x586590)
LDR: ! Imported function 'cellSailSoundAdapterGetFrame' in 'cellSail' module (0x5865b0)
LDR: ! Imported function 'cellSailPlayerCloseStream' in 'cellSail' module (0x5865d0)
LDR: ! Imported function 'cellSailFutureFinalize' in 'cellSail' module (0x5865f0)
LDR: ! Imported function 'cellSailFutureSet' in 'cellSail' module (0x586610)
LDR: ! Imported function 'cellSailPlayerBoot' in 'cellSail' module (0x586630)
LDR: ! Imported function 'cellSailPlayerCloseEsAudio' in 'cellSail' module (0x586650)
LDR: ! Imported function 'cellSailSoundAdapterFinalize' in 'cellSail' module (0x586670)
LDR: ! Imported function 'cellSailPlayerSetPaused' in 'cellSail' module (0x586690)
LDR: ! Imported function 'cellSailPlayerCreateDescriptor' in 'cellSail' module (0x5866b0)
LDR: ! Imported function 'cellSailPlayerStart' in 'cellSail' module (0x5866d0)
LDR: ! Imported function 'cellSailPlayerStop' in 'cellSail' module (0x5866f0)
LDR: ! Imported function 'cellSailSoundAdapterUpdateAvSync' in 'cellSail' module (0x586710)
LDR: ! Imported function 'cellSailSoundAdapterGetFormat' in 'cellSail' module (0x586730)
LDR: ! Imported function 'cellSailPlayerReopenEsVideo' in 'cellSail' module (0x586750)
LDR: ! Imported function 'cellSailPlayerDestroyDescriptor' in 'cellSail' module (0x586770)
LDR: ! Imported function 'cellSailGraphicsAdapterGetFormat' in 'cellSail' module (0x586790)
LDR: ! Imported function 'cellSyncLFQueueGetDirection' in 'cellSync' module (0x5867b0)
LDR: ! Imported function 'sys_net_initialize_network_ex' in 'sys_net' module (0x5867d0)
LDR: ! Imported function 'recvfrom' in 'sys_net' module (0x5867f0)
LDR: ! Imported function '_sys_net_errno_loc' in 'sys_net' module (0x586810)
LDR: ! Imported function 'socketclose' in 'sys_net' module (0x586830)
LDR: ! Imported function 'setsockopt' in 'sys_net' module (0x586850)
LDR: ! Imported function 'sendto' in 'sys_net' module (0x586870)
LDR: ! Imported function 'socket' in 'sys_net' module (0x586890)
LDR: ! Imported function 'bind' in 'sys_net' module (0x5868b0)
LDR: ! Imported function 'sys_net_finalize_network' in 'sys_net' module (0x5868d0)
LDR: ! Imported function 'sceNpBasicSendMessageGui' in 'sceNp' module (0x5868f0)
LDR: ! Imported function 'sceNpBasicGetFriendListEntry' in 'sceNp' module (0x586910)
LDR: ! Imported function 'sceNpBasicAddPlayersHistory' in 'sceNp' module (0x586930)
LDR: ! Imported function 'sceNpScoreGetRankingByRangeAsync' in 'sceNp' module (0x586950)
LDR: ! Imported function 'sceNpScoreDestroyTitleCtx' in 'sceNp' module (0x586970)
LDR: ! Imported function 'sceNpScoreInit' in 'sceNp' module (0x586990)
LDR: ! Imported function 'sceNpScoreGetRankingByNpIdAsync' in 'sceNp' module (0x5869b0)
LDR: ! Imported function 'sceNpBasicRegisterContextSensitiveHandler' in 'sceNp' module (0x5869d0)
LDR: ! Imported function 'sceNpManagerUnregisterCallback' in 'sceNp' module (0x5869f0)
LDR: ! Imported function 'sceNpLookupDestroyTitleCtx' in 'sceNp' module (0x586a10)
LDR: ! Imported function 'sceNpLookupInit' in 'sceNp' module (0x586a30)
LDR: ! Imported function 'sceNpBasicRecvMessageAttachmentLoad' in 'sceNp' module (0x586a50)
LDR: ! Imported function 'sceNpManagerGetContentRatingFlag' in 'sceNp' module (0x586a70)
LDR: ! Imported function 'sceNpScoreCreateTransactionCtx' in 'sceNp' module (0x586a90)
LDR: ! Imported function 'sceNpLookupPollAsync' in 'sceNp' module (0x586ab0)
LDR: ! Imported function 'sceNpBasicRecvMessageCustom' in 'sceNp' module (0x586ad0)
LDR: ! Imported function 'sceNpLookupTerm' in 'sceNp' module (0x586af0)
LDR: ! Imported function 'sceNpScoreTerm' in 'sceNp' module (0x586b10)
LDR: ! Imported function 'sceNpScorePollAsync' in 'sceNp' module (0x586b30)
LDR: ! Imported function 'sceNpManagerGetStatus' in 'sceNp' module (0x586b50)
LDR: ! Imported function 'sceNpBasicUnregisterHandler' in 'sceNp' module (0x586b70)
LDR: ! Imported function 'sceNpDrmIsAvailable' in 'sceNp' module (0x586b90)
LDR: ! Imported function 'sceNpBasicGetFriendListEntryCount' in 'sceNp' module (0x586bb0)
LDR: ! Imported function 'sceNpManagerGetAccountRegion' in 'sceNp' module (0x586bd0)
LDR: ! Imported function 'sceNpScoreCreateTitleCtx' in 'sceNp' module (0x586bf0)
LDR: ! Imported function 'sceNpManagerGetNetworkTime' in 'sceNp' module (0x586c10)
LDR: ! Imported function 'sceNpManagerGetOnlineId' in 'sceNp' module (0x586c30)
LDR: ! Imported function 'sceNpScoreDestroyTransactionCtx' in 'sceNp' module (0x586c50)
LDR: ! Imported function 'sceNpLookupCreateTitleCtx' in 'sceNp' module (0x586c70)
LDR: ! Imported function 'sceNpLookupNpIdAsync' in 'sceNp' module (0x586c90)
LDR: ! Imported function 'sceNpScoreGetGameDataAsync' in 'sceNp' module (0x586cb0)
LDR: ! Imported function 'sceNpBasicGetEvent' in 'sceNp' module (0x586cd0)
LDR: ! Imported function 'sceNpManagerRegisterCallback' in 'sceNp' module (0x586cf0)
LDR: ! Imported function 'sceNpLookupCreateTransactionCtx' in 'sceNp' module (0x586d10)
LDR: ! Imported function 'sceNpManagerGetChatRestrictionFlag' in 'sceNp' module (0x586d30)
LDR: ! Imported function 'sceNpScoreAbortTransaction' in 'sceNp' module (0x586d50)
LDR: ! Imported function 'sceNpScoreRecordScoreAsync' in 'sceNp' module (0x586d70)
LDR: ! Imported function 'sceNpScoreRecordGameDataAsync' in 'sceNp' module (0x586d90)
LDR: ! Imported function 'sceNpLookupDestroyTransactionCtx' in 'sceNp' module (0x586db0)
LDR: ! Imported function 'sceNpManagerGetNpId' in 'sceNp' module (0x586dd0)
LDR: ! Imported function 'sceNpMatching2DestroyContext' in 'sceNp2' module (0x586df0)
LDR: ! Imported function 'sceNpMatching2RegisterLobbyMessageCallback' in 'sceNp2' module (0x586e10)
LDR: ! Imported function 'sceNpMatching2GetWorldInfoList' in 'sceNp2' module (0x586e30)
LDR: ! Imported function 'sceNpMatching2RegisterLobbyEventCallback' in 'sceNp2' module (0x586e50)
LDR: ! Imported function 'sceNpMatching2SearchRoom' in 'sceNp2' module (0x586e70)
LDR: ! Imported function 'sceNpMatching2SignalingGetConnectionStatus' in 'sceNp2' module (0x586e90)
LDR: ! Imported function 'sceNpMatching2LeaveRoom' in 'sceNp2' module (0x586eb0)
LDR: ! Imported function 'sceNpMatching2SetRoomDataExternal' in 'sceNp2' module (0x586ed0)
LDR: ! Imported function 'sceNpMatching2Term2' in 'sceNp2' module (0x586ef0)
LDR: ! Imported function 'sceNpMatching2SignalingGetConnectionInfo' in 'sceNp2' module (0x586f10)
LDR: ! Imported function 'sceNpMatching2AbortRequest' in 'sceNp2' module (0x586f30)
LDR: ! Imported function 'sceNpMatching2GetServerInfo' in 'sceNp2' module (0x586f50)
LDR: ! Imported function 'sceNpMatching2GetEventData' in 'sceNp2' module (0x586f70)
LDR: ! Imported function 'sceNp2Init' in 'sceNp2' module (0x586f90)
LDR: ! Imported function 'sceNpMatching2JoinRoom' in 'sceNp2' module (0x586fb0)
LDR: ! Imported function 'sceNpMatching2ContextStartAsync' in 'sceNp2' module (0x586fd0)
LDR: ! Imported function 'sceNpMatching2RegisterContextCallback' in 'sceNp2' module (0x586ff0)
LDR: ! Imported function 'sceNpMatching2SetRoomDataInternal' in 'sceNp2' module (0x587010)
LDR: ! Imported function 'sceNpMatching2SignalingGetPingInfo' in 'sceNp2' module (0x587030)
LDR: ! Imported function 'sceNpMatching2GetServerIdListLocal' in 'sceNp2' module (0x587050)
LDR: ! Imported function 'sceNpMatching2CreateContext' in 'sceNp2' module (0x587070)
LDR: ! Imported function 'sceNpMatching2RegisterSignalingCallback' in 'sceNp2' module (0x587090)
LDR: ! Imported function 'sceNp2Term' in 'sceNp2' module (0x5870b0)
LDR: ! Imported function 'sceNpMatching2SetDefaultRequestOptParam' in 'sceNp2' module (0x5870d0)
LDR: ! Imported function 'sceNpMatching2RegisterRoomEventCallback' in 'sceNp2' module (0x5870f0)
LDR: ! Imported function 'sceNpMatching2GetRoomDataExternalList' in 'sceNp2' module (0x587110)
LDR: ! Imported function 'sceNpMatching2CreateJoinRoom' in 'sceNp2' module (0x587130)
LDR: ! Imported function 'sceNpMatching2ContextStop' in 'sceNp2' module (0x587150)
LDR: ! Imported function 'sceNpMatching2Init2' in 'sceNp2' module (0x587170)
LDR: ! Imported function 'sceNpMatching2RegisterRoomMessageCallback' in 'sceNp2' module (0x587190)
LDR: ! Imported function 'sceNpTusSetMultiSlotVariableAsync' in 'sceNpTus' module (0x5871b0)
LDR: ! Imported function 'sceNpTusCreateTransactionCtx' in 'sceNpTus' module (0x5871d0)
LDR: ! Imported function 'sceNpTusPollAsync' in 'sceNpTus' module (0x5871f0)
LDR: ! Imported function 'sceNpTusAddAndGetVariableAsync' in 'sceNpTus' module (0x587210)
LDR: ! Imported function 'sceNpTusTerm' in 'sceNpTus' module (0x587230)
LDR: ! Imported function 'sceNpTusDestroyTitleCtx' in 'sceNpTus' module (0x587250)
LDR: ! Imported function 'sceNpTusDeleteMultiSlotDataAsync' in 'sceNpTus' module (0x587270)
LDR: ! Imported function 'sceNpTusAbortTransaction' in 'sceNpTus' module (0x587290)
LDR: ! Imported function 'sceNpTusDestroyTransactionCtx' in 'sceNpTus' module (0x5872b0)
LDR: ! Imported function 'sceNpTusGetDataAsync' in 'sceNpTus' module (0x5872d0)
LDR: ! Imported function 'sceNpTusCreateTitleCtx' in 'sceNpTus' module (0x5872f0)
LDR: ! Imported function 'sceNpTusInit' in 'sceNpTus' module (0x587310)
LDR: ! Imported function 'sceNpTusGetMultiSlotVariableAsync' in 'sceNpTus' module (0x587330)
LDR: ! Imported function 'sceNpTusSetDataAsync' in 'sceNpTus' module (0x587350)
LDR: ! Imported function 'cellSysutilAvc2JoinChat' in 'cellSysutilAvc2' module (0x587370)
LDR: ! Imported function 'cellSysutilAvc2StartVoiceDetection' in 'cellSysutilAvc2' module (0x587390)
LDR: ! Imported function 'cellSysutilAvc2StopVoiceDetection' in 'cellSysutilAvc2' module (0x5873b0)
LDR: ! Imported function 'cellSysutilAvc2Unload' in 'cellSysutilAvc2' module (0x5873d0)
LDR: ! Imported function 'cellSysutilAvc2StartStreaming' in 'cellSysutilAvc2' module (0x5873f0)
LDR: ! Imported function 'cellSysutilAvc2InitParam' in 'cellSysutilAvc2' module (0x587410)
LDR: ! Imported function 'cellSysutilAvc2IsMicAttached' in 'cellSysutilAvc2' module (0x587430)
LDR: ! Imported function 'cellSysutilAvc2LeaveChat' in 'cellSysutilAvc2' module (0x587450)
LDR: ! Imported function 'cellSysutilAvc2Load' in 'cellSysutilAvc2' module (0x587470)
LDR: ! Imported function 'cellNetCtlNetStartDialogLoadAsync' in 'cellNetCtl' module (0x587490)
LDR: ! Imported function 'cellNetCtlNetStartDialogUnloadAsync' in 'cellNetCtl' module (0x5874b0)
LDR: ! Imported function 'cellNetCtlTerm' in 'cellNetCtl' module (0x5874d0)
LDR: ! Imported function 'cellNetCtlInit' in 'cellNetCtl' module (0x5874f0)
LDR: ! Imported function 'cellGcmGetTiledPitchSize' in 'cellGcmSys' module (0x587510)
LDR: ! Imported function '_cellGcmInitBody' in 'cellGcmSys' module (0x587530)
LDR: ! Imported function '_cellGcmSetFlipCommand' in 'cellGcmSys' module (0x587550)
LDR: ! Imported function 'cellGcmAddressToOffset' in 'cellGcmSys' module (0x587570)
LDR: ! Imported function '_cellGcmFunc15' in 'cellGcmSys' module (0x587590)
LDR: ! Imported function 'cellGcmBindTile' in 'cellGcmSys' module (0x5875b0)
LDR: ! Imported function 'cellGcmSetFlipMode' in 'cellGcmSys' module (0x5875d0)
LDR: ! Imported function 'cellGcmGetDefaultCommandWordSize' in 'cellGcmSys' module (0x5875f0)
LDR: ! Imported function 'cellGcmGetLastFlipTime' in 'cellGcmSys' module (0x587610)
LDR: ! Imported function 'cellGcmGetFlipStatus' in 'cellGcmSys' module (0x587630)
LDR: ! Imported function 'cellGcmGetDefaultSegmentWordSize' in 'cellGcmSys' module (0x587650)
LDR: ! Imported function 'cellGcmGetReport' in 'cellGcmSys' module (0x587670)
LDR: ! Imported function 'cellGcmSetDefaultFifoSize' in 'cellGcmSys' module (0x587690)
LDR: ! Imported function 'cellGcmBindZcull' in 'cellGcmSys' module (0x5876b0)
LDR: ! Imported function 'cellGcmMapMainMemory' in 'cellGcmSys' module (0x5876d0)
LDR: ! Imported function 'cellGcmSetDisplayBuffer' in 'cellGcmSys' module (0x5876f0)
LDR: ! Imported function 'cellGcmGetControlRegister' in 'cellGcmSys' module (0x587710)
LDR: ! Imported function 'cellGcmResetFlipStatus' in 'cellGcmSys' module (0x587730)
LDR: ! Imported function 'cellGcmSetTileInfo' in 'cellGcmSys' module (0x587750)
LDR: ! Imported function '_cellGcmSetFlipCommandWithWaitLabel' in 'cellGcmSys' module (0x587770)
LDR: ! Imported function 'cellGcmGetConfiguration' in 'cellGcmSys' module (0x587790)
LDR: ! Imported function 'cellGcmUnmapEaIoAddress' in 'cellGcmSys' module (0x5877b0)
LDR: ! Imported function 'cellGcmGetLabelAddress' in 'cellGcmSys' module (0x5877d0)
LDR: ! Imported function 'cellRescGcmSurface2RescSrc' in 'cellResc' module (0x5877f0)
LDR: ! Imported function 'cellRescSetWaitFlip' in 'cellResc' module (0x587810)
LDR: ! Imported function 'cellRescSetDsts' in 'cellResc' module (0x587830)
LDR: ! Imported function 'cellRescResetFlipStatus' in 'cellResc' module (0x587850)
LDR: ! Imported function 'cellRescAdjustAspectRatio' in 'cellResc' module (0x587870)
LDR: ! Imported function 'cellRescSetDisplayMode' in 'cellResc' module (0x587890)
LDR: ! Imported function 'cellRescSetConvertAndFlip' in 'cellResc' module (0x5878b0)
LDR: ! Imported function 'cellRescExit' in 'cellResc' module (0x5878d0)
LDR: ! Imported function 'cellRescInit' in 'cellResc' module (0x5878f0)
LDR: ! Imported function 'cellRescGetBufferSize' in 'cellResc' module (0x587910)
LDR: ! Imported function 'cellRescSetSrc' in 'cellResc' module (0x587930)
LDR: ! Imported function 'cellRescSetBufferAddress' in 'cellResc' module (0x587950)
LDR: ! Imported function 'cellRescGetFlipStatus' in 'cellResc' module (0x587970)
LDR: ! Imported function 'cellRescVideoOutResolutionId2RescBufferMode' in 'cellResc' module (0x587990)
LDR: ! Imported function 'cellRescCreateInterlaceTable' in 'cellResc' module (0x5879b0)
LDR: ! Imported function 'sceNpTrophyRegisterContext' in 'sceNpTrophy' module (0x5879d0)
LDR: ! Imported function 'sceNpTrophyCreateHandle' in 'sceNpTrophy' module (0x5879f0)
LDR: ! Imported function 'sceNpTrophyGetRequiredDiskSpace' in 'sceNpTrophy' module (0x587a10)
LDR: ! Imported function 'sceNpTrophyDestroyContext' in 'sceNpTrophy' module (0x587a30)
LDR: ! Imported function 'sceNpTrophyInit' in 'sceNpTrophy' module (0x587a50)
LDR: ! Imported function 'sceNpTrophyDestroyHandle' in 'sceNpTrophy' module (0x587a70)
LDR: ! Imported function 'sceNpTrophyUnlockTrophy' in 'sceNpTrophy' module (0x587a90)
LDR: ! Imported function 'sceNpTrophyTerm' in 'sceNpTrophy' module (0x587ab0)
LDR: ! Imported function 'sceNpTrophyCreateContext' in 'sceNpTrophy' module (0x587ad0)
LDR: ! Imported function 'cellRtcSetTick' in 'cellRtc' module (0x587af0)
LDR: ! Imported function 'cellRtcGetTick' in 'cellRtc' module (0x587b10)
LDR: ! Imported function 'cellGameContentPermit' in 'cellGame' module (0x587b30)
LDR: ! Imported function 'cellGameContentErrorDialog' in 'cellGame' module (0x587b50)
LDR: ! Imported function 'cellGamePatchCheck' in 'cellGame' module (0x587b70)
LDR: ! Imported function 'cellGameDataCheck' in 'cellGame' module (0x587b90)
LDR: ! Imported function 'cellGameBootCheck' in 'cellGame' module (0x587bb0)
LDR: ! Imported function 'sys_lwmutex_lock' in 'sysPrxForUser' module (0x587cd0)
LDR: ! Imported function 'sys_lwmutex_unlock' in 'sysPrxForUser' module (0x587cf0)
LDR: ! Imported function 'sys_lwcond_destroy' in 'sysPrxForUser' module (0x587d10)
LDR: ! Imported function 'sys_ppu_thread_create' in 'sysPrxForUser' module (0x587d30)
LDR: ! Imported function 'sys_lwcond_wait' in 'sysPrxForUser' module (0x587d50)
LDR: ! Imported function '_sys_process_atexitspawn' in 'sysPrxForUser' module (0x587d70)
LDR: ! Imported function 'sys_lwmutex_create' in 'sysPrxForUser' module (0x587d90)
LDR: ! Imported function 'sys_ppu_thread_get_id' in 'sysPrxForUser' module (0x587db0)
LDR: ! Imported function '_sys_heap_malloc' in 'sysPrxForUser' module (0x587dd0)
LDR: ! Imported function 'sys_prx_register_library' in 'sysPrxForUser' module (0x587df0)
LDR: ! Imported function '_sys_heap_memalign' in 'sysPrxForUser' module (0x587e10)
LDR: ! Imported function 'sys_initialize_tls' in 'sysPrxForUser' module (0x587e30)
LDR: ! Imported function 'sys_time_get_system_time' in 'sysPrxForUser' module (0x587e50)
LDR: ! Imported function '_sys_heap_free' in 'sysPrxForUser' module (0x587e70)
LDR: ! Imported function '_sys_process_at_Exitspawn' in 'sysPrxForUser' module (0x587e90)
LDR: ! Imported function 'sys_prx_exitspawn_with_level' in 'sysPrxForUser' module (0x587eb0)
LDR: ! Imported function 'sys_lwmutex_trylock' in 'sysPrxForUser' module (0x587ed0)
LDR: ! Imported function '_sys_heap_delete_heap' in 'sysPrxForUser' module (0x587ef0)
LDR: ! Imported function 'sys_ppu_thread_exit' in 'sysPrxForUser' module (0x587f10)
LDR: ! Imported function '_sys_heap_create_heap' in 'sysPrxForUser' module (0x587f30)
LDR: ! Imported function 'sys_lwmutex_destroy' in 'sysPrxForUser' module (0x587f50)
LDR: ! Imported function 'sys_lwcond_create' in 'sysPrxForUser' module (0x587f70)
LDR: ! Imported function 'sys_spu_image_close' in 'sysPrxForUser' module (0x587f90)
LDR: ! Imported function 'sys_process_exit' in 'sysPrxForUser' module (0x587fb0)
LDR: ! Imported function 'sys_lwcond_signal_all' in 'sysPrxForUser' module (0x587fd0)
LDR: ! Imported function 'sys_lwcond_signal' in 'sysPrxForUser' module (0x587ff0)
MEM: ! Thread Local Storage initialized (g_tls_start=0x13b4000, user_size=0x158)
*** TLS segment addr: 0x00680850
*** TLS segment size: 0x00000004
HLE: W {PPU[0x1] Thread (main_thread)[0x00587d90]} sysPrxForUser: sys_lwmutex_create(lwmutex=*0x136ee18, attr=*0x58fde8)
HLE: W {PPU[0x1] Thread (main_thread)[0x005649c0]} sys_memory: sys_memory_get_user_memory_size(mem_info=*0xd001fc04)
HLE: W {PPU[0x1] Thread (main_thread)[0x00587d90]} sysPrxForUser: sys_lwmutex_create(lwmutex=*0x136ec20, attr=*0x58fde8)
HLE: W {PPU[0x1] Thread (main_thread)[0x00587d90]} sysPrxForUser: sys_lwmutex_create(lwmutex=*0x136e3a8, attr=*0x58fde8)
HLE: W {PPU[0x1] Thread (main_thread)[0x00587d90]} sysPrxForUser: sys_lwmutex_create(lwmutex=*0x136e3d0, attr=*0x58fde8)
HLE: W {PPU[0x1] Thread (main_thread)[0x00587d90]} sysPrxForUser: sys_lwmutex_create(lwmutex=*0x136e3f8, attr=*0x58fde8)
HLE: W {PPU[0x1] Thread (main_thread)[0x00587d90]} sysPrxForUser: sys_lwmutex_create(lwmutex=*0x136e2e0, attr=*0x58fde8)
HLE: W {PPU[0x1] Thread (main_thread)[0x00587d90]} sysPrxForUser: sys_lwmutex_create(lwmutex=*0x136e308, attr=*0x58fde8)
HLE: W {PPU[0x1] Thread (main_thread)[0x00587d90]} sysPrxForUser: sys_lwmutex_create(lwmutex=*0x136e330, attr=*0x58fde8)
HLE: W {PPU[0x1] Thread (main_thread)[0x00587d90]} sysPrxForUser: sys_lwmutex_create(lwmutex=*0x136e358, attr=*0x58fde8)
HLE: W {PPU[0x1] Thread (main_thread)[0x00587d90]} sysPrxForUser: sys_lwmutex_create(lwmutex=*0x136e380, attr=*0x58fde8)
HLE: W {PPU[0x1] Thread (main_thread)[0x00587d90]} sysPrxForUser: sys_lwmutex_create(lwmutex=*0x136b3d0, attr=*0xd001fbd0)
HLE: W {PPU[0x1] Thread (main_thread)[0x00563328]} sys_memory: sys_memory_allocate(size=0x100000, flags=0x400, alloc_addr=*0xd001f970)
HLE: W {PPU[0x1] Thread (main_thread)[0x00557b68]} sys_time: sys_time_get_timezone(timezone=*0xd001eec0, summertime=*0xd001eec4)
HLE: W {PPU[0x1] Thread (main_thread)[0x00557b68]} sys_time: sys_time_get_timezone(timezone=*0xd001ef30, summertime=*0xd001ef34)
HLE: W {PPU[0x1] Thread (main_thread)[0x00557b68]} sys_time: sys_time_get_timezone(timezone=*0xd001eec0, summertime=*0xd001eec4)
HLE: W {PPU[0x1] Thread (main_thread)[0x00557b68]} sys_time: sys_time_get_timezone(timezone=*0xd001ef30, summertime=*0xd001ef34)
HLE: W {PPU[0x1] Thread (main_thread)[0x00557b68]} sys_time: sys_time_get_timezone(timezone=*0xd001eec0, summertime=*0xd001eec4)
HLE: W {PPU[0x1] Thread (main_thread)[0x00557b68]} sys_time: sys_time_get_timezone(timezone=*0xd001ef30, summertime=*0xd001ef34)
HLE: W {PPU[0x1] Thread (main_thread)[0x00557b68]} sys_time: sys_time_get_timezone(timezone=*0xd001eec0, summertime=*0xd001eec4)
HLE: W {PPU[0x1] Thread (main_thread)[0x00557b68]} sys_time: sys_time_get_timezone(timezone=*0xd001ef30, summertime=*0xd001ef34)
HLE: W {PPU[0x1] Thread (main_thread)[0x00557b68]} sys_time: sys_time_get_timezone(timezone=*0xd001eec0, summertime=*0xd001eec4)
HLE: W {PPU[0x1] Thread (main_thread)[0x00557b68]} sys_time: sys_time_get_timezone(timezone=*0xd001ef30, summertime=*0xd001ef34)
HLE: W {PPU[0x1] Thread (main_thread)[0x00557b68]} sys_time: sys_time_get_timezone(timezone=*0xd001eec0, summertime=*0xd001eec4)
HLE: W {PPU[0x1] Thread (main_thread)[0x00557b68]} sys_time: sys_time_get_timezone(timezone=*0xd001ef30, summertime=*0xd001ef34)
HLE: W {PPU[0x1] Thread (main_thread)[0x00557b68]} sys_time: sys_time_get_timezone(timezone=*0xd001eec0, summertime=*0xd001eec4)
HLE: W {PPU[0x1] Thread (main_thread)[0x00557b68]} sys_time: sys_time_get_timezone(timezone=*0xd001ef30, summertime=*0xd001ef34)
HLE: W {PPU[0x1] Thread (main_thread)[0x00557b68]} sys_time: sys_time_get_timezone(timezone=*0xd001eec0, summertime=*0xd001eec4)
HLE: W {PPU[0x1] Thread (main_thread)[0x00557b68]} sys_time: sys_time_get_timezone(timezone=*0xd001ef30, summertime=*0xd001ef34)
HLE: W {PPU[0x1] Thread (main_thread)[0x00557b68]} sys_time: sys_time_get_timezone(timezone=*0xd001eec0, summertime=*0xd001eec4)
HLE: W {PPU[0x1] Thread (main_thread)[0x00557b68]} sys_time: sys_time_get_timezone(timezone=*0xd001ef30, summertime=*0xd001ef34)
HLE: W {PPU[0x1] Thread (main_thread)[0x00557b68]} sys_time: sys_time_get_timezone(timezone=*0xd001eec0, summertime=*0xd001eec4)
HLE: W {PPU[0x1] Thread (main_thread)[0x00557b68]} sys_time: sys_time_get_timezone(timezone=*0xd001ef30, summertime=*0xd001ef34)
HLE: W {PPU[0x1] Thread (main_thread)[0x00557b68]} sys_time: sys_time_get_timezone(timezone=*0xd001eec0, summertime=*0xd001eec4)
HLE: W {PPU[0x1] Thread (main_thread)[0x00557b68]} sys_time: sys_time_get_timezone(timezone=*0xd001ef30, summertime=*0xd001ef34)
HLE: W {PPU[0x1] Thread (main_thread)[0x00557b68]} sys_time: sys_time_get_timezone(timezone=*0xd001eec0, summertime=*0xd001eec4)
HLE: W {PPU[0x1] Thread (main_thread)[0x00557b68]} sys_time: sys_time_get_timezone(timezone=*0xd001ef30, summertime=*0xd001ef34)
HLE: W {PPU[0x1] Thread (main_thread)[0x00557b68]} sys_time: sys_time_get_timezone(timezone=*0xd001eec0, summertime=*0xd001eec4)
HLE: W {PPU[0x1] Thread (main_thread)[0x00557b68]} sys_time: sys_time_get_timezone(timezone=*0xd001ef30, summertime=*0xd001ef34)
HLE: W {PPU[0x1] Thread (main_thread)[0x00557b68]} sys_time: sys_time_get_timezone(timezone=*0xd001eec0, summertime=*0xd001eec4)
HLE: W {PPU[0x1] Thread (main_thread)[0x00557b68]} sys_time: sys_time_get_timezone(timezone=*0xd001ef30, summertime=*0xd001ef34)
HLE: W {PPU[0x1] Thread (main_thread)[0x00557b68]} sys_time: sys_time_get_timezone(timezone=*0xd001eec0, summertime=*0xd001eec4)
HLE: W {PPU[0x1] Thread (main_thread)[0x00557b68]} sys_time: sys_time_get_timezone(timezone=*0xd001ef30, summertime=*0xd001ef34)
HLE: W {PPU[0x1] Thread (main_thread)[0x00557b68]} sys_time: sys_time_get_timezone(timezone=*0xd001eec0, summertime=*0xd001eec4)
HLE: W {PPU[0x1] Thread (main_thread)[0x00557b68]} sys_time: sys_time_get_timezone(timezone=*0xd001ef30, summertime=*0xd001ef34)
HLE: W {PPU[0x1] Thread (main_thread)[0x00557b68]} sys_time: sys_time_get_timezone(timezone=*0xd001eec0, summertime=*0xd001eec4)
HLE: W {PPU[0x1] Thread (main_thread)[0x00557b68]} sys_time: sys_time_get_timezone(timezone=*0xd001ef30, summertime=*0xd001ef34)
HLE: W {PPU[0x1] Thread (main_thread)[0x00557b68]} sys_time: sys_time_get_timezone(timezone=*0xd001eec0, summertime=*0xd001eec4)
HLE: W {PPU[0x1] Thread (main_thread)[0x00557b68]} sys_time: sys_time_get_timezone(timezone=*0xd001ef30, summertime=*0xd001ef34)
HLE: W {PPU[0x1] Thread (main_thread)[0x00557b68]} sys_time: sys_time_get_timezone(timezone=*0xd001eec0, summertime=*0xd001eec4)
HLE: W {PPU[0x1] Thread (main_thread)[0x00557b68]} sys_time: sys_time_get_timezone(timezone=*0xd001ef30, summertime=*0xd001ef34)
HLE: W {PPU[0x1] Thread (main_thread)[0x00557b68]} sys_time: sys_time_get_timezone(timezone=*0xd001eec0, summertime=*0xd001eec4)
HLE: W {PPU[0x1] Thread (main_thread)[0x00557b68]} sys_time: sys_time_get_timezone(timezone=*0xd001ef30, summertime=*0xd001ef34)
HLE: W {PPU[0x1] Thread (main_thread)[0x00557b68]} sys_time: sys_time_get_timezone(timezone=*0xd001eec0, summertime=*0xd001eec4)
HLE: W {PPU[0x1] Thread (main_thread)[0x00557b68]} sys_time: sys_time_get_timezone(timezone=*0xd001ef30, summertime=*0xd001ef34)
HLE: W {PPU[0x1] Thread (main_thread)[0x00557b68]} sys_time: sys_time_get_timezone(timezone=*0xd001eec0, summertime=*0xd001eec4)
HLE: W {PPU[0x1] Thread (main_thread)[0x00557b68]} sys_time: sys_time_get_timezone(timezone=*0xd001ef30, summertime=*0xd001ef34)
HLE: W {PPU[0x1] Thread (main_thread)[0x00557b68]} sys_time: sys_time_get_timezone(timezone=*0xd001eec0, summertime=*0xd001eec4)
HLE: W {PPU[0x1] Thread (main_thread)[0x00557b68]} sys_time: sys_time_get_timezone(timezone=*0xd001ef30, summertime=*0xd001ef34)
HLE: W {PPU[0x1] Thread (main_thread)[0x00557b68]} sys_time: sys_time_get_timezone(timezone=*0xd001eec0, summertime=*0xd001eec4)
HLE: W {PPU[0x1] Thread (main_thread)[0x00557b68]} sys_time: sys_time_get_timezone(timezone=*0xd001ef30, summertime=*0xd001ef34)
HLE: W {PPU[0x1] Thread (main_thread)[0x00557b68]} sys_time: sys_time_get_timezone(timezone=*0xd001eec0, summertime=*0xd001eec4)
HLE: W {PPU[0x1] Thread (main_thread)[0x00557b68]} sys_time: sys_time_get_timezone(timezone=*0xd001ef30, summertime=*0xd001ef34)
HLE: W {PPU[0x1] Thread (main_thread)[0x00557b68]} sys_time: sys_time_get_timezone(timezone=*0xd001eec0, summertime=*0xd001eec4)
HLE: W {PPU[0x1] Thread (main_thread)[0x00557b68]} sys_time: sys_time_get_timezone(timezone=*0xd001ef30, summertime=*0xd001ef34)
HLE: W {PPU[0x1] Thread (main_thread)[0x00557b68]} sys_time: sys_time_get_timezone(timezone=*0xd001eec0, summertime=*0xd001eec4)
HLE: W {PPU[0x1] Thread (main_thread)[0x00557b68]} sys_time: sys_time_get_timezone(timezone=*0xd001ef30, summertime=*0xd001ef34)
HLE: W {PPU[0x1] Thread (main_thread)[0x00557b68]} sys_time: sys_time_get_timezone(timezone=*0xd001eec0, summertime=*0xd001eec4)
HLE: W {PPU[0x1] Thread (main_thread)[0x00557b68]} sys_time: sys_time_get_timezone(timezone=*0xd001ef30, summertime=*0xd001ef34)
HLE: W {PPU[0x1] Thread (main_thread)[0x00557b68]} sys_time: sys_time_get_timezone(timezone=*0xd001eec0, summertime=*0xd001eec4)
HLE: W {PPU[0x1] Thread (main_thread)[0x00557b68]} sys_time: sys_time_get_timezone(timezone=*0xd001ef30, summertime=*0xd001ef34)
HLE: W {PPU[0x1] Thread (main_thread)[0x00557b68]} sys_time: sys_time_get_timezone(timezone=*0xd001eec0, summertime=*0xd001eec4)
HLE: W {PPU[0x1] Thread (main_thread)[0x00557b68]} sys_time: sys_time_get_timezone(timezone=*0xd001ef30, summertime=*0xd001ef34)
HLE: W {PPU[0x1] Thread (main_thread)[0x00557b68]} sys_time: sys_time_get_timezone(timezone=*0xd001eec0, summertime=*0xd001eec4)
HLE: W {PPU[0x1] Thread (main_thread)[0x00557b68]} sys_time: sys_time_get_timezone(timezone=*0xd001ef30, summertime=*0xd001ef34)
HLE: W {PPU[0x1] Thread (main_thread)[0x00557b68]} sys_time: sys_time_get_timezone(timezone=*0xd001eec0, summertime=*0xd001eec4)
HLE: W {PPU[0x1] Thread (main_thread)[0x00557b68]} sys_time: sys_time_get_timezone(timezone=*0xd001ef30, summertime=*0xd001ef34)
HLE: W {PPU[0x1] Thread (main_thread)[0x00557b68]} sys_time: sys_time_get_timezone(timezone=*0xd001eec0, summertime=*0xd001eec4)
HLE: W {PPU[0x1] Thread (main_thread)[0x00557b68]} sys_time: sys_time_get_timezone(timezone=*0xd001ef30, summertime=*0xd001ef34)
HLE: W {PPU[0x1] Thread (main_thread)[0x00557b68]} sys_time: sys_time_get_timezone(timezone=*0xd001eec0, summertime=*0xd001eec4)
HLE: W {PPU[0x1] Thread (main_thread)[0x00557b68]} sys_time: sys_time_get_timezone(timezone=*0xd001ef30, summertime=*0xd001ef34)
HLE: W {PPU[0x1] Thread (main_thread)[0x00557b68]} sys_time: sys_time_get_timezone(timezone=*0xd001eec0, summertime=*0xd001eec4)
HLE: W {PPU[0x1] Thread (main_thread)[0x00557b68]} sys_time: sys_time_get_timezone(timezone=*0xd001ef30, summertime=*0xd001ef34)
HLE: W {PPU[0x1] Thread (main_thread)[0x00557b68]} sys_time: sys_time_get_timezone(timezone=*0xd001eec0, summertime=*0xd001eec4)
HLE: W {PPU[0x1] Thread (main_thread)[0x00557b68]} sys_time: sys_time_get_timezone(timezone=*0xd001ef30, summertime=*0xd001ef34)
HLE: W {PPU[0x1] Thread (main_thread)[0x00557b68]} sys_time: sys_time_get_timezone(timezone=*0xd001eec0, summertime=*0xd001eec4)
HLE: W {PPU[0x1] Thread (main_thread)[0x00557b68]} sys_time: sys_time_get_timezone(timezone=*0xd001ef30, summertime=*0xd001ef34)
HLE: W {PPU[0x1] Thread (main_thread)[0x00557b68]} sys_time: sys_time_get_timezone(timezone=*0xd001eec0, summertime=*0xd001eec4)
HLE: W {PPU[0x1] Thread (main_thread)[0x00557b68]} sys_time: sys_time_get_timezone(timezone=*0xd001ef30, summertime=*0xd001ef34)
HLE: W {PPU[0x1] Thread (main_thread)[0x00557b68]} sys_time: sys_time_get_timezone(timezone=*0xd001eec0, summertime=*0xd001eec4)
HLE: W {PPU[0x1] Thread (main_thread)[0x00557b68]} sys_time: sys_time_get_timezone(timezone=*0xd001ef30, summertime=*0xd001ef34)
HLE: W {PPU[0x1] Thread (main_thread)[0x00557b68]} sys_time: sys_time_get_timezone(timezone=*0xd001eec0, summertime=*0xd001eec4)
HLE: W {PPU[0x1] Thread (main_thread)[0x00557b68]} sys_time: sys_time_get_timezone(timezone=*0xd001ef30, summertime=*0xd001ef34)
HLE: W {PPU[0x1] Thread (main_thread)[0x00557b68]} sys_time: sys_time_get_timezone(timezone=*0xd001eec0, summertime=*0xd001eec4)
HLE: W {PPU[0x1] Thread (main_thread)[0x00557b68]} sys_time: sys_time_get_timezone(timezone=*0xd001ef30, summertime=*0xd001ef34)
HLE: W {PPU[0x1] Thread (main_thread)[0x00557b68]} sys_time: sys_time_get_timezone(timezone=*0xd001eec0, summertime=*0xd001eec4)
HLE: W {PPU[0x1] Thread (main_thread)[0x00557b68]} sys_time: sys_time_get_timezone(timezone=*0xd001ef30, summertime=*0xd001ef34)
HLE: W {PPU[0x1] Thread (main_thread)[0x00557b68]} sys_time: sys_time_get_timezone(timezone=*0xd001eec0, summertime=*0xd001eec4)
HLE: W {PPU[0x1] Thread (main_thread)[0x00557b68]} sys_time: sys_time_get_timezone(timezone=*0xd001ef30, summertime=*0xd001ef34)
HLE: W {PPU[0x1] Thread (main_thread)[0x00557b68]} sys_time: sys_time_get_timezone(timezone=*0xd001eec0, summertime=*0xd001eec4)
HLE: W {PPU[0x1] Thread (main_thread)[0x00557b68]} sys_time: sys_time_get_timezone(timezone=*0xd001ef30, summertime=*0xd001ef34)
HLE: W {PPU[0x1] Thread (main_thread)[0x00557b68]} sys_time: sys_time_get_timezone(timezone=*0xd001eec0, summertime=*0xd001eec4)
HLE: W {PPU[0x1] Thread (main_thread)[0x00557b68]} sys_time: sys_time_get_timezone(timezone=*0xd001ef30, summertime=*0xd001ef34)
HLE: W {PPU[0x1] Thread (main_thread)[0x00557b68]} sys_time: sys_time_get_timezone(timezone=*0xd001eec0, summertime=*0xd001eec4)
HLE: W {PPU[0x1] Thread (main_thread)[0x00557b68]} sys_time: sys_time_get_timezone(timezone=*0xd001ef30, summertime=*0xd001ef34)
HLE: W {PPU[0x1] Thread (main_thread)[0x00557b68]} sys_time: sys_time_get_timezone(timezone=*0xd001eec0, summertime=*0xd001eec4)
HLE: W {PPU[0x1] Thread (main_thread)[0x00557b68]} sys_time: sys_time_get_timezone(timezone=*0xd001ef30, summertime=*0xd001ef34)
HLE: W {PPU[0x1] Thread (main_thread)[0x00557b68]} sys_time: sys_time_get_timezone(timezone=*0xd001eec0, summertime=*0xd001eec4)
HLE: W {PPU[0x1] Thread (main_thread)[0x00557b68]} sys_time: sys_time_get_timezone(timezone=*0xd001ef30, summertime=*0xd001ef34)
HLE: W {PPU[0x1] Thread (main_thread)[0x00557b68]} sys_time: sys_time_get_timezone(timezone=*0xd001eec0, summertime=*0xd001eec4)
HLE: W {PPU[0x1] Thread (main_thread)[0x00557b68]} sys_time: sys_time_get_timezone(timezone=*0xd001ef30, summertime=*0xd001ef34)
HLE: W {PPU[0x1] Thread (main_thread)[0x00557b68]} sys_time: sys_time_get_timezone(timezone=*0xd001eec0, summertime=*0xd001eec4)
HLE: W {PPU[0x1] Thread (main_thread)[0x00557b68]} sys_time: sys_time_get_timezone(timezone=*0xd001ef30, summertime=*0xd001ef34)
HLE: W {PPU[0x1] Thread (main_thread)[0x00557b68]} sys_time: sys_time_get_timezone(timezone=*0xd001f8f0, summertime=*0xd001f8f4)
HLE: W {PPU[0x1] Thread (main_thread)[0x00557b68]} sys_time: sys_time_get_timezone(timezone=*0xd001f960, summertime=*0xd001f964)
HLE: W {PPU[0x1] Thread (main_thread)[0x00557b68]} sys_time: sys_time_get_timezone(timezone=*0xd001f8f0, summertime=*0xd001f8f4)
HLE: W {PPU[0x1] Thread (main_thread)[0x00557b68]} sys_time: sys_time_get_timezone(timezone=*0xd001f960, summertime=*0xd001f964)
HLE: W {PPU[0x1] Thread (main_thread)[0x00557b68]} sys_time: sys_time_get_timezone(timezone=*0xd001f9e0, summertime=*0xd001f9e4)
HLE: W {PPU[0x1] Thread (main_thread)[0x00557b68]} sys_time: sys_time_get_timezone(timezone=*0xd001fa50, summertime=*0xd001fa54)
HLE: W {PPU[0x1] Thread (main_thread)[0x00557b68]} sys_time: sys_time_get_timezone(timezone=*0xd001f9e0, summertime=*0xd001f9e4)
HLE: W {PPU[0x1] Thread (main_thread)[0x00557b68]} sys_time: sys_time_get_timezone(timezone=*0xd001fa50, summertime=*0xd001fa54)
HLE: W {PPU[0x1] Thread (main_thread)[0x00557b68]} sys_time: sys_time_get_timezone(timezone=*0xd001f9e0, summertime=*0xd001f9e4)
HLE: W {PPU[0x1] Thread (main_thread)[0x00557b68]} sys_time: sys_time_get_timezone(timezone=*0xd001fa50, summertime=*0xd001fa54)
HLE: W {PPU[0x1] Thread (main_thread)[0x00557b68]} sys_time: sys_time_get_timezone(timezone=*0xd001f9e0, summertime=*0xd001f9e4)
HLE: W {PPU[0x1] Thread (main_thread)[0x00557b68]} sys_time: sys_time_get_timezone(timezone=*0xd001fa50, summertime=*0xd001fa54)
HLE: W {PPU[0x1] Thread (main_thread)[0x00557b68]} sys_time: sys_time_get_timezone(timezone=*0xd001f9e0, summertime=*0xd001f9e4)
HLE: W {PPU[0x1] Thread (main_thread)[0x00557b68]} sys_time: sys_time_get_timezone(timezone=*0xd001fa50, summertime=*0xd001fa54)
HLE: W {PPU[0x1] Thread (main_thread)[0x00557b68]} sys_time: sys_time_get_timezone(timezone=*0xd001f9e0, summertime=*0xd001f9e4)
HLE: W {PPU[0x1] Thread (main_thread)[0x00557b68]} sys_time: sys_time_get_timezone(timezone=*0xd001fa50, summertime=*0xd001fa54)
HLE: W {PPU[0x1] Thread (main_thread)[0x00557b68]} sys_time: sys_time_get_timezone(timezone=*0xd001f9e0, summertime=*0xd001f9e4)
HLE: W {PPU[0x1] Thread (main_thread)[0x00557b68]} sys_time: sys_time_get_timezone(timezone=*0xd001fa50, summertime=*0xd001fa54)
HLE: W {PPU[0x1] Thread (main_thread)[0x00557b68]} sys_time: sys_time_get_timezone(timezone=*0xd001f9e0, summertime=*0xd001f9e4)
HLE: W {PPU[0x1] Thread (main_thread)[0x00557b68]} sys_time: sys_time_get_timezone(timezone=*0xd001fa50, summertime=*0xd001fa54)
HLE: W {PPU[0x1] Thread (main_thread)[0x00557b68]} sys_time: sys_time_get_timezone(timezone=*0xd001f9e0, summertime=*0xd001f9e4)
HLE: W {PPU[0x1] Thread (main_thread)[0x00557b68]} sys_time: sys_time_get_timezone(timezone=*0xd001fa50, summertime=*0xd001fa54)
HLE: W {PPU[0x1] Thread (main_thread)[0x00557b68]} sys_time: sys_time_get_timezone(timezone=*0xd001f9e0, summertime=*0xd001f9e4)
HLE: W {PPU[0x1] Thread (main_thread)[0x00557b68]} sys_time: sys_time_get_timezone(timezone=*0xd001fa50, summertime=*0xd001fa54)
HLE: W {PPU[0x1] Thread (main_thread)[0x00557b68]} sys_time: sys_time_get_timezone(timezone=*0xd001f9e0, summertime=*0xd001f9e4)
HLE: W {PPU[0x1] Thread (main_thread)[0x00557b68]} sys_time: sys_time_get_timezone(timezone=*0xd001fa50, summertime=*0xd001fa54)
HLE: W {PPU[0x1] Thread (main_thread)[0x00557b68]} sys_time: sys_time_get_timezone(timezone=*0xd001f9e0, summertime=*0xd001f9e4)
HLE: W {PPU[0x1] Thread (main_thread)[0x00557b68]} sys_time: sys_time_get_timezone(timezone=*0xd001fa50, summertime=*0xd001fa54)
HLE: W {PPU[0x1] Thread (main_thread)[0x00557b68]} sys_time: sys_time_get_timezone(timezone=*0xd001f9e0, summertime=*0xd001f9e4)
HLE: W {PPU[0x1] Thread (main_thread)[0x00557b68]} sys_time: sys_time_get_timezone(timezone=*0xd001fa50, summertime=*0xd001fa54)
HLE: W {PPU[0x1] Thread (main_thread)[0x00557b68]} sys_time: sys_time_get_timezone(timezone=*0xd001f9e0, summertime=*0xd001f9e4)
HLE: W {PPU[0x1] Thread (main_thread)[0x00557b68]} sys_time: sys_time_get_timezone(timezone=*0xd001fa50, summertime=*0xd001fa54)
HLE: W {PPU[0x1] Thread (main_thread)[0x00557b68]} sys_time: sys_time_get_timezone(timezone=*0xd001f9e0, summertime=*0xd001f9e4)
HLE: W {PPU[0x1] Thread (main_thread)[0x00557b68]} sys_time: sys_time_get_timezone(timezone=*0xd001fa50, summertime=*0xd001fa54)
HLE: W {PPU[0x1] Thread (main_thread)[0x00557b68]} sys_time: sys_time_get_timezone(timezone=*0xd001f9e0, summertime=*0xd001f9e4)
HLE: W {PPU[0x1] Thread (main_thread)[0x00557b68]} sys_time: sys_time_get_timezone(timezone=*0xd001fa50, summertime=*0xd001fa54)
HLE: W {PPU[0x1] Thread (main_thread)[0x00557b68]} sys_time: sys_time_get_timezone(timezone=*0xd001f9e0, summertime=*0xd001f9e4)
HLE: W {PPU[0x1] Thread (main_thread)[0x00557b68]} sys_time: sys_time_get_timezone(timezone=*0xd001fa50, summertime=*0xd001fa54)
HLE: W {PPU[0x1] Thread (main_thread)[0x00557b68]} sys_time: sys_time_get_timezone(timezone=*0xd001f9e0, summertime=*0xd001f9e4)
HLE: W {PPU[0x1] Thread (main_thread)[0x00557b68]} sys_time: sys_time_get_timezone(timezone=*0xd001fa50, summertime=*0xd001fa54)
HLE: W {PPU[0x1] Thread (main_thread)[0x00557b68]} sys_time: sys_time_get_timezone(timezone=*0xd001f9e0, summertime=*0xd001f9e4)
HLE: W {PPU[0x1] Thread (main_thread)[0x00557b68]} sys_time: sys_time_get_timezone(timezone=*0xd001fa50, summertime=*0xd001fa54)
HLE: W {PPU[0x1] Thread (main_thread)[0x00557b68]} sys_time: sys_time_get_timezone(timezone=*0xd001f9e0, summertime=*0xd001f9e4)
HLE: W {PPU[0x1] Thread (main_thread)[0x00557b68]} sys_time: sys_time_get_timezone(timezone=*0xd001fa50, summertime=*0xd001fa54)
HLE: W {PPU[0x1] Thread (main_thread)[0x00557b68]} sys_time: sys_time_get_timezone(timezone=*0xd001f9e0, summertime=*0xd001f9e4)
HLE: W {PPU[0x1] Thread (main_thread)[0x00557b68]} sys_time: sys_time_get_timezone(timezone=*0xd001fa50, summertime=*0xd001fa54)
HLE: W {PPU[0x1] Thread (main_thread)[0x00557b68]} sys_time: sys_time_get_timezone(timezone=*0xd001f9e0, summertime=*0xd001f9e4)
HLE: W {PPU[0x1] Thread (main_thread)[0x00557b68]} sys_time: sys_time_get_timezone(timezone=*0xd001fa50, summertime=*0xd001fa54)
HLE: W {PPU[0x1] Thread (main_thread)[0x00557b68]} sys_time: sys_time_get_timezone(timezone=*0xd001f9e0, summertime=*0xd001f9e4)
HLE: W {PPU[0x1] Thread (main_thread)[0x00557b68]} sys_time: sys_time_get_timezone(timezone=*0xd001fa50, summertime=*0xd001fa54)
HLE: W {PPU[0x1] Thread (main_thread)[0x00557b68]} sys_time: sys_time_get_timezone(timezone=*0xd001f9e0, summertime=*0xd001f9e4)
HLE: W {PPU[0x1] Thread (main_thread)[0x00557b68]} sys_time: sys_time_get_timezone(timezone=*0xd001fa50, summertime=*0xd001fa54)
HLE: W {PPU[0x1] Thread (main_thread)[0x00557b68]} sys_time: sys_time_get_timezone(timezone=*0xd001f9e0, summertime=*0xd001f9e4)
HLE: W {PPU[0x1] Thread (main_thread)[0x00557b68]} sys_time: sys_time_get_timezone(timezone=*0xd001fa50, summertime=*0xd001fa54)
HLE: W {PPU[0x1] Thread (main_thread)[0x00557b68]} sys_time: sys_time_get_timezone(timezone=*0xd001f9e0, summertime=*0xd001f9e4)
HLE: W {PPU[0x1] Thread (main_thread)[0x00557b68]} sys_time: sys_time_get_timezone(timezone=*0xd001fa50, summertime=*0xd001fa54)
HLE: W {PPU[0x1] Thread (main_thread)[0x00557b68]} sys_time: sys_time_get_timezone(timezone=*0xd001f9e0, summertime=*0xd001f9e4)
HLE: W {PPU[0x1] Thread (main_thread)[0x00557b68]} sys_time: sys_time_get_timezone(timezone=*0xd001fa50, summertime=*0xd001fa54)
HLE: W {PPU[0x1] Thread (main_thread)[0x00557b68]} sys_time: sys_time_get_timezone(timezone=*0xd001f9e0, summertime=*0xd001f9e4)
HLE: W {PPU[0x1] Thread (main_thread)[0x00557b68]} sys_time: sys_time_get_timezone(timezone=*0xd001fa50, summertime=*0xd001fa54)
HLE: W {PPU[0x1] Thread (main_thread)[0x00557b68]} sys_time: sys_time_get_timezone(timezone=*0xd001f9e0, summertime=*0xd001f9e4)
HLE: W {PPU[0x1] Thread (main_thread)[0x00557b68]} sys_time: sys_time_get_timezone(timezone=*0xd001fa50, summertime=*0xd001fa54)
HLE: W {PPU[0x1] Thread (main_thread)[0x00557b68]} sys_time: sys_time_get_timezone(timezone=*0xd001f9e0, summertime=*0xd001f9e4)
HLE: W {PPU[0x1] Thread (main_thread)[0x00557b68]} sys_time: sys_time_get_timezone(timezone=*0xd001fa50, summertime=*0xd001fa54)
HLE: W {PPU[0x1] Thread (main_thread)[0x00557b68]} sys_time: sys_time_get_timezone(timezone=*0xd001f9e0, summertime=*0xd001f9e4)
HLE: W {PPU[0x1] Thread (main_thread)[0x00557b68]} sys_time: sys_time_get_timezone(timezone=*0xd001fa50, summertime=*0xd001fa54)
HLE: W {PPU[0x1] Thread (main_thread)[0x00557b68]} sys_time: sys_time_get_timezone(timezone=*0xd001f9e0, summertime=*0xd001f9e4)
HLE: W {PPU[0x1] Thread (main_thread)[0x00557b68]} sys_time: sys_time_get_timezone(timezone=*0xd001fa50, summertime=*0xd001fa54)
HLE: W {PPU[0x1] Thread (main_thread)[0x00557b68]} sys_time: sys_time_get_timezone(timezone=*0xd001f9e0, summertime=*0xd001f9e4)
HLE: W {PPU[0x1] Thread (main_thread)[0x00557b68]} sys_time: sys_time_get_timezone(timezone=*0xd001fa50, summertime=*0xd001fa54)
HLE: W {PPU[0x1] Thread (main_thread)[0x00557b68]} sys_time: sys_time_get_timezone(timezone=*0xd001f9e0, summertime=*0xd001f9e4)
HLE: W {PPU[0x1] Thread (main_thread)[0x00557b68]} sys_time: sys_time_get_timezone(timezone=*0xd001fa50, summertime=*0xd001fa54)
HLE: W {PPU[0x1] Thread (main_thread)[0x00557b68]} sys_time: sys_time_get_timezone(timezone=*0xd001f9e0, summertime=*0xd001f9e4)
HLE: W {PPU[0x1] Thread (main_thread)[0x00557b68]} sys_time: sys_time_get_timezone(timezone=*0xd001fa50, summertime=*0xd001fa54)
HLE: W {PPU[0x1] Thread (main_thread)[0x00557b68]} sys_time: sys_time_get_timezone(timezone=*0xd001f9e0, summertime=*0xd001f9e4)
HLE: W {PPU[0x1] Thread (main_thread)[0x00557b68]} sys_time: sys_time_get_timezone(timezone=*0xd001fa50, summertime=*0xd001fa54)
HLE: W {PPU[0x1] Thread (main_thread)[0x00557b68]} sys_time: sys_time_get_timezone(timezone=*0xd001f9e0, summertime=*0xd001f9e4)
HLE: W {PPU[0x1] Thread (main_thread)[0x00557b68]} sys_time: sys_time_get_timezone(timezone=*0xd001fa50, summertime=*0xd001fa54)
HLE: W {PPU[0x1] Thread (main_thread)[0x00557b68]} sys_time: sys_time_get_timezone(timezone=*0xd001f9e0, summertime=*0xd001f9e4)
HLE: W {PPU[0x1] Thread (main_thread)[0x00557b68]} sys_time: sys_time_get_timezone(timezone=*0xd001fa50, summertime=*0xd001fa54)
HLE: W {PPU[0x1] Thread (main_thread)[0x00557b68]} sys_time: sys_time_get_timezone(timezone=*0xd001f9e0, summertime=*0xd001f9e4)
HLE: W {PPU[0x1] Thread (main_thread)[0x00557b68]} sys_time: sys_time_get_timezone(timezone=*0xd001fa50, summertime=*0xd001fa54)
HLE: W {PPU[0x1] Thread (main_thread)[0x00557b68]} sys_time: sys_time_get_timezone(timezone=*0xd001f9e0, summertime=*0xd001f9e4)
HLE: W {PPU[0x1] Thread (main_thread)[0x00557b68]} sys_time: sys_time_get_timezone(timezone=*0xd001fa50, summertime=*0xd001fa54)
HLE: W {PPU[0x1] Thread (main_thread)[0x00557b68]} sys_time: sys_time_get_timezone(timezone=*0xd001f9e0, summertime=*0xd001f9e4)
HLE: W {PPU[0x1] Thread (main_thread)[0x00557b68]} sys_time: sys_time_get_timezone(timezone=*0xd001fa50, summertime=*0xd001fa54)
HLE: W {PPU[0x1] Thread (main_thread)[0x00557b68]} sys_time: sys_time_get_timezone(timezone=*0xd001f9e0, summertime=*0xd001f9e4)
HLE: W {PPU[0x1] Thread (main_thread)[0x00557b68]} sys_time: sys_time_get_timezone(timezone=*0xd001fa50, summertime=*0xd001fa54)
HLE: W {PPU[0x1] Thread (main_thread)[0x00557b68]} sys_time: sys_time_get_timezone(timezone=*0xd001f9e0, summertime=*0xd001f9e4)
HLE: W {PPU[0x1] Thread (main_thread)[0x00557b68]} sys_time: sys_time_get_timezone(timezone=*0xd001fa50, summertime=*0xd001fa54)
HLE: W {PPU[0x1] Thread (main_thread)[0x00557b68]} sys_time: sys_time_get_timezone(timezone=*0xd001f9e0, summertime=*0xd001f9e4)
HLE: W {PPU[0x1] Thread (main_thread)[0x00557b68]} sys_time: sys_time_get_timezone(timezone=*0xd001fa50, summertime=*0xd001fa54)
HLE: W {PPU[0x1] Thread (main_thread)[0x00557b68]} sys_time: sys_time_get_timezone(timezone=*0xd001f9e0, summertime=*0xd001f9e4)
HLE: W {PPU[0x1] Thread (main_thread)[0x00557b68]} sys_time: sys_time_get_timezone(timezone=*0xd001fa50, summertime=*0xd001fa54)
HLE: W {PPU[0x1] Thread (main_thread)[0x00557b68]} sys_time: sys_time_get_timezone(timezone=*0xd001f9e0, summertime=*0xd001f9e4)
HLE: W {PPU[0x1] Thread (main_thread)[0x00557b68]} sys_time: sys_time_get_timezone(timezone=*0xd001fa50, summertime=*0xd001fa54)
HLE: W {PPU[0x1] Thread (main_thread)[0x00557b68]} sys_time: sys_time_get_timezone(timezone=*0xd001f9e0, summertime=*0xd001f9e4)
HLE: W {PPU[0x1] Thread (main_thread)[0x00557b68]} sys_time: sys_time_get_timezone(timezone=*0xd001fa50, summertime=*0xd001fa54)
HLE: W {PPU[0x1] Thread (main_thread)[0x00557b68]} sys_time: sys_time_get_timezone(timezone=*0xd001f9e0, summertime=*0xd001f9e4)
HLE: W {PPU[0x1] Thread (main_thread)[0x00557b68]} sys_time: sys_time_get_timezone(timezone=*0xd001fa50, summertime=*0xd001fa54)
HLE: W {PPU[0x1] Thread (main_thread)[0x00557b68]} sys_time: sys_time_get_timezone(timezone=*0xd001f9e0, summertime=*0xd001f9e4)
HLE: W {PPU[0x1] Thread (main_thread)[0x00557b68]} sys_time: sys_time_get_timezone(timezone=*0xd001fa50, summertime=*0xd001fa54)
HLE: W {PPU[0x1] Thread (main_thread)[0x00557b68]} sys_time: sys_time_get_timezone(timezone=*0xd001f9e0, summertime=*0xd001f9e4)
HLE: W {PPU[0x1] Thread (main_thread)[0x00557b68]} sys_time: sys_time_get_timezone(timezone=*0xd001fa50, summertime=*0xd001fa54)
HLE: W {PPU[0x1] Thread (main_thread)[0x00587d90]} sysPrxForUser: sys_lwmutex_create(lwmutex=*0xab87c0, attr=*0xd001fb40)
HLE: W {PPU[0x1] Thread (main_thread)[0x004efa48]} sys_spu: sys_spu_initialize(max_usable_spu=6, max_raw_spu=1)
HLE: W {PPU[0x1] Thread (main_thread)[0x00563328]} sys_memory: sys_memory_allocate(size=0x6d00000, flags=0x400, alloc_addr=*0xd001fad0)
HLE: W {PPU[0x1] Thread (main_thread)[0x00587d90]} sysPrxForUser: sys_lwmutex_create(lwmutex=*0x12b8710, attr=*0xd001fc30)
HLE: W {PPU[0x1] Thread (main_thread)[0x00563328]} sys_memory: sys_memory_allocate(size=0x1d00000, flags=0x400, alloc_addr=*0xd001fa60)
HLE: W {PPU[0x1] Thread (main_thread)[0x00585ad0]} cellSysmodule: cellSysmoduleLoadModule(id=0x000e: CELL_SYSMODULE_FS)
HLE: W {PPU[0x1] Thread (main_thread)[0x00585df0]} cellFs: cellFsGetBlockSize(path=*0x5fcac8, sector_size=*0xd001fc60, block_size=*0xd001fc68) -> sys_fs_get_block_size()
HLE: E {PPU[0x1] Thread (main_thread)[0x00585df0]} sys_fs TODO: sys_fs_get_block_size(path=*0x5fcac8, sector_size=*0xd001fc60, block_size=*0xd001fc68, arg4=*0xd001fbe8, arg5=*0x1000)
HLE: E {PPU[0x1] Thread (main_thread)[0x00585df0]} sys_fs TODO: *** path = '/dev_bdvd'
HLE: W {PPU[0x1] Thread (main_thread)[0x00585b30]} cellSysutil: cellSysCacheMount(param=*0x12b8080)
HLE: E {PPU[0x1] Thread (main_thread)[0x00585c10]} cellSysutil TODO: cellSysCacheClear()
HLE: W {PPU[0x1] Thread (main_thread)[0x00585eb0]} cellFs: cellFsMkdir(path=*0x12b7e78, mode=0700) -> sys_fs_mkdir()
HLE: W {PPU[0x1] Thread (main_thread)[0x00585eb0]} sys_fs: sys_fs_mkdir(path=*0x12b7e78, mode=0700)
HLE: W {PPU[0x1] Thread (main_thread)[0x00585eb0]} sys_fs: *** path = '/dev_hdd1/cache/BLES00820//00000000'
HLE: ! {PPU[0x1] Thread (main_thread)[0x00585eb0]} sys_fs: sys_fs_mkdir(): directory '/dev_hdd1/cache/BLES00820//00000000' created
HLE: W {PPU[0x1] Thread (main_thread)[0x00585eb0]} cellFs: cellFsMkdir(path=*0x12b7e78, mode=0700) -> sys_fs_mkdir()
HLE: W {PPU[0x1] Thread (main_thread)[0x00585eb0]} sys_fs: sys_fs_mkdir(path=*0x12b7e78, mode=0700)
HLE: W {PPU[0x1] Thread (main_thread)[0x00585eb0]} sys_fs: *** path = '/dev_hdd1/cache/BLES00820//00000001'
HLE: ! {PPU[0x1] Thread (main_thread)[0x00585eb0]} sys_fs: sys_fs_mkdir(): directory '/dev_hdd1/cache/BLES00820//00000001' created
HLE: W {PPU[0x1] Thread (main_thread)[0x00585eb0]} cellFs: cellFsMkdir(path=*0x12b7e78, mode=0700) -> sys_fs_mkdir()
HLE: W {PPU[0x1] Thread (main_thread)[0x00585eb0]} sys_fs: sys_fs_mkdir(path=*0x12b7e78, mode=0700)
HLE: W {PPU[0x1] Thread (main_thread)[0x00585eb0]} sys_fs: *** path = '/dev_hdd1/cache/BLES00820//00000002'
HLE: ! {PPU[0x1] Thread (main_thread)[0x00585eb0]} sys_fs: sys_fs_mkdir(): directory '/dev_hdd1/cache/BLES00820//00000002' created
HLE: W {PPU[0x1] Thread (main_thread)[0x00585eb0]} cellFs: cellFsMkdir(path=*0x12b7e78, mode=0700) -> sys_fs_mkdir()
HLE: W {PPU[0x1] Thread (main_thread)[0x00585eb0]} sys_fs: sys_fs_mkdir(path=*0x12b7e78, mode=0700)
HLE: W {PPU[0x1] Thread (main_thread)[0x00585eb0]} sys_fs: *** path = '/dev_hdd1/cache/BLES00820//00000003'
HLE: ! {PPU[0x1] Thread (main_thread)[0x00585eb0]} sys_fs: sys_fs_mkdir(): directory '/dev_hdd1/cache/BLES00820//00000003' created
HLE: W {PPU[0x1] Thread (main_thread)[0x00585eb0]} cellFs: cellFsMkdir(path=*0x12b7e78, mode=0700) -> sys_fs_mkdir()
HLE: W {PPU[0x1] Thread (main_thread)[0x00585eb0]} sys_fs: sys_fs_mkdir(path=*0x12b7e78, mode=0700)
HLE: W {PPU[0x1] Thread (main_thread)[0x00585eb0]} sys_fs: *** path = '/dev_hdd1/cache/BLES00820//00000004'
HLE: ! {PPU[0x1] Thread (main_thread)[0x00585eb0]} sys_fs: sys_fs_mkdir(): directory '/dev_hdd1/cache/BLES00820//00000004' created
HLE: W {PPU[0x1] Thread (main_thread)[0x00585eb0]} cellFs: cellFsMkdir(path=*0x12b7e78, mode=0700) -> sys_fs_mkdir()
HLE: W {PPU[0x1] Thread (main_thread)[0x00585eb0]} sys_fs: sys_fs_mkdir(path=*0x12b7e78, mode=0700)
HLE: W {PPU[0x1] Thread (main_thread)[0x00585eb0]} sys_fs: *** path = '/dev_hdd1/cache/BLES00820//00000005'
HLE: ! {PPU[0x1] Thread (main_thread)[0x00585eb0]} sys_fs: sys_fs_mkdir(): directory '/dev_hdd1/cache/BLES00820//00000005' created
HLE: W {PPU[0x1] Thread (main_thread)[0x00585eb0]} cellFs: cellFsMkdir(path=*0x12b7e78, mode=0700) -> sys_fs_mkdir()
HLE: W {PPU[0x1] Thread (main_thread)[0x00585eb0]} sys_fs: sys_fs_mkdir(path=*0x12b7e78, mode=0700)
HLE: W {PPU[0x1] Thread (main_thread)[0x00585eb0]} sys_fs: *** path = '/dev_hdd1/cache/BLES00820//00000006'
HLE: ! {PPU[0x1] Thread (main_thread)[0x00585eb0]} sys_fs: sys_fs_mkdir(): directory '/dev_hdd1/cache/BLES00820//00000006' created
HLE: W {PPU[0x1] Thread (main_thread)[0x00585eb0]} cellFs: cellFsMkdir(path=*0x12b7e78, mode=0700) -> sys_fs_mkdir()
HLE: W {PPU[0x1] Thread (main_thread)[0x00585eb0]} sys_fs: sys_fs_mkdir(path=*0x12b7e78, mode=0700)
HLE: W {PPU[0x1] Thread (main_thread)[0x00585eb0]} sys_fs: *** path = '/dev_hdd1/cache/BLES00820//00000007'
HLE: ! {PPU[0x1] Thread (main_thread)[0x00585eb0]} sys_fs: sys_fs_mkdir(): directory '/dev_hdd1/cache/BLES00820//00000007' created
HLE: W {PPU[0x1] Thread (main_thread)[0x00585eb0]} cellFs: cellFsMkdir(path=*0x12b7e78, mode=0700) -> sys_fs_mkdir()
HLE: W {PPU[0x1] Thread (main_thread)[0x00585eb0]} sys_fs: sys_fs_mkdir(path=*0x12b7e78, mode=0700)
HLE: W {PPU[0x1] Thread (main_thread)[0x00585eb0]} sys_fs: *** path = '/dev_hdd1/cache/BLES00820//00000008'
HLE: ! {PPU[0x1] Thread (main_thread)[0x00585eb0]} sys_fs: sys_fs_mkdir(): directory '/dev_hdd1/cache/BLES00820//00000008' created
HLE: W {PPU[0x1] Thread (main_thread)[0x00585eb0]} cellFs: cellFsMkdir(path=*0x12b7e78, mode=0700) -> sys_fs_mkdir()
HLE: W {PPU[0x1] Thread (main_thread)[0x00585eb0]} sys_fs: sys_fs_mkdir(path=*0x12b7e78, mode=0700)
HLE: W {PPU[0x1] Thread (main_thread)[0x00585eb0]} sys_fs: *** path = '/dev_hdd1/cache/BLES00820//00000009'
HLE: ! {PPU[0x1] Thread (main_thread)[0x00585eb0]} sys_fs: sys_fs_mkdir(): directory '/dev_hdd1/cache/BLES00820//00000009' created
HLE: W {PPU[0x1] Thread (main_thread)[0x00585eb0]} cellFs: cellFsMkdir(path=*0x12b7e78, mode=0700) -> sys_fs_mkdir()
HLE: W {PPU[0x1] Thread (main_thread)[0x00585eb0]} sys_fs: sys_fs_mkdir(path=*0x12b7e78, mode=0700)
HLE: W {PPU[0x1] Thread (main_thread)[0x00585eb0]} sys_fs: *** path = '/dev_hdd1/cache/BLES00820//0000000a'
HLE: ! {PPU[0x1] Thread (main_thread)[0x00585eb0]} sys_fs: sys_fs_mkdir(): directory '/dev_hdd1/cache/BLES00820//0000000a' created
HLE: W {PPU[0x1] Thread (main_thread)[0x00585eb0]} cellFs: cellFsMkdir(path=*0x12b7e78, mode=0700) -> sys_fs_mkdir()
HLE: W {PPU[0x1] Thread (main_thread)[0x00585eb0]} sys_fs: sys_fs_mkdir(path=*0x12b7e78, mode=0700)
HLE: W {PPU[0x1] Thread (main_thread)[0x00585eb0]} sys_fs: *** path = '/dev_hdd1/cache/BLES00820//0000000b'
HLE: ! {PPU[0x1] Thread (main_thread)[0x00585eb0]} sys_fs: sys_fs_mkdir(): directory '/dev_hdd1/cache/BLES00820//0000000b' created
HLE: W {PPU[0x1] Thread (main_thread)[0x00585eb0]} cellFs: cellFsMkdir(path=*0x12b7e78, mode=0700) -> sys_fs_mkdir()
HLE: W {PPU[0x1] Thread (main_thread)[0x00585eb0]} sys_fs: sys_fs_mkdir(path=*0x12b7e78, mode=0700)
HLE: W {PPU[0x1] Thread (main_thread)[0x00585eb0]} sys_fs: *** path = '/dev_hdd1/cache/BLES00820//0000000c'
HLE: ! {PPU[0x1] Thread (main_thread)[0x00585eb0]} sys_fs: sys_fs_mkdir(): directory '/dev_hdd1/cache/BLES00820//0000000c' created
HLE: W {PPU[0x1] Thread (main_thread)[0x00585eb0]} cellFs: cellFsMkdir(path=*0x12b7e78, mode=0700) -> sys_fs_mkdir()
HLE: W {PPU[0x1] Thread (main_thread)[0x00585eb0]} sys_fs: sys_fs_mkdir(path=*0x12b7e78, mode=0700)
HLE: W {PPU[0x1] Thread (main_thread)[0x00585eb0]} sys_fs: *** path = '/dev_hdd1/cache/BLES00820//0000000d'
HLE: ! {PPU[0x1] Thread (main_thread)[0x00585eb0]} sys_fs: sys_fs_mkdir(): directory '/dev_hdd1/cache/BLES00820//0000000d' created
HLE: W {PPU[0x1] Thread (main_thread)[0x00585eb0]} cellFs: cellFsMkdir(path=*0x12b7e78, mode=0700) -> sys_fs_mkdir()
HLE: W {PPU[0x1] Thread (main_thread)[0x00585eb0]} sys_fs: sys_fs_mkdir(path=*0x12b7e78, mode=0700)
HLE: W {PPU[0x1] Thread (main_thread)[0x00585eb0]} sys_fs: *** path = '/dev_hdd1/cache/BLES00820//0000000e'
HLE: ! {PPU[0x1] Thread (main_thread)[0x00585eb0]} sys_fs: sys_fs_mkdir(): directory '/dev_hdd1/cache/BLES00820//0000000e' created
HLE: W {PPU[0x1] Thread (main_thread)[0x00585eb0]} cellFs: cellFsMkdir(path=*0x12b7e78, mode=0700) -> sys_fs_mkdir()
HLE: W {PPU[0x1] Thread (main_thread)[0x00585eb0]} sys_fs: sys_fs_mkdir(path=*0x12b7e78, mode=0700)
HLE: W {PPU[0x1] Thread (main_thread)[0x00585eb0]} sys_fs: *** path = '/dev_hdd1/cache/BLES00820//0000000f'
HLE: ! {PPU[0x1] Thread (main_thread)[0x00585eb0]} sys_fs: sys_fs_mkdir(): directory '/dev_hdd1/cache/BLES00820//0000000f' created
HLE: W {PPU[0x1] Thread (main_thread)[0x00585eb0]} cellFs: cellFsMkdir(path=*0x12b7e78, mode=0700) -> sys_fs_mkdir()
HLE: W {PPU[0x1] Thread (main_thread)[0x00585eb0]} sys_fs: sys_fs_mkdir(path=*0x12b7e78, mode=0700)
HLE: W {PPU[0x1] Thread (main_thread)[0x00585eb0]} sys_fs: *** path = '/dev_hdd1/cache/BLES00820//00000010'
HLE: ! {PPU[0x1] Thread (main_thread)[0x00585eb0]} sys_fs: sys_fs_mkdir(): directory '/dev_hdd1/cache/BLES00820//00000010' created
HLE: W {PPU[0x1] Thread (main_thread)[0x00585eb0]} cellFs: cellFsMkdir(path=*0x12b7e78, mode=0700) -> sys_fs_mkdir()
HLE: W {PPU[0x1] Thread (main_thread)[0x00585eb0]} sys_fs: sys_fs_mkdir(path=*0x12b7e78, mode=0700)
HLE: W {PPU[0x1] Thread (main_thread)[0x00585eb0]} sys_fs: *** path = '/dev_hdd1/cache/BLES00820//00000011'
HLE: ! {PPU[0x1] Thread (main_thread)[0x00585eb0]} sys_fs: sys_fs_mkdir(): directory '/dev_hdd1/cache/BLES00820//00000011' created
HLE: W {PPU[0x1] Thread (main_thread)[0x00585eb0]} cellFs: cellFsMkdir(path=*0x12b7e78, mode=0700) -> sys_fs_mkdir()
HLE: W {PPU[0x1] Thread (main_thread)[0x00585eb0]} sys_fs: sys_fs_mkdir(path=*0x12b7e78, mode=0700)
HLE: W {PPU[0x1] Thread (main_thread)[0x00585eb0]} sys_fs: *** path = '/dev_hdd1/cache/BLES00820//00000012'
HLE: ! {PPU[0x1] Thread (main_thread)[0x00585eb0]} sys_fs: sys_fs_mkdir(): directory '/dev_hdd1/cache/BLES00820//00000012' created
HLE: W {PPU[0x1] Thread (main_thread)[0x00585eb0]} cellFs: cellFsMkdir(path=*0x12b7e78, mode=0700) -> sys_fs_mkdir()
HLE: W {PPU[0x1] Thread (main_thread)[0x00585eb0]} sys_fs: sys_fs_mkdir(path=*0x12b7e78, mode=0700)
HLE: W {PPU[0x1] Thread (main_thread)[0x00585eb0]} sys_fs: *** path = '/dev_hdd1/cache/BLES00820//00000013'
HLE: ! {PPU[0x1] Thread (main_thread)[0x00585eb0]} sys_fs: sys_fs_mkdir(): directory '/dev_hdd1/cache/BLES00820//00000013' created
HLE: W {PPU[0x1] Thread (main_thread)[0x00585eb0]} cellFs: cellFsMkdir(path=*0x12b7e78, mode=0700) -> sys_fs_mkdir()
HLE: W {PPU[0x1] Thread (main_thread)[0x00585eb0]} sys_fs: sys_fs_mkdir(path=*0x12b7e78, mode=0700)
HLE: W {PPU[0x1] Thread (main_thread)[0x00585eb0]} sys_fs: *** path = '/dev_hdd1/cache/BLES00820//00000014'
HLE: ! {PPU[0x1] Thread (main_thread)[0x00585eb0]} sys_fs: sys_fs_mkdir(): directory '/dev_hdd1/cache/BLES00820//00000014' created
HLE: W {PPU[0x1] Thread (main_thread)[0x00585eb0]} cellFs: cellFsMkdir(path=*0x12b7e78, mode=0700) -> sys_fs_mkdir()
HLE: W {PPU[0x1] Thread (main_thread)[0x00585eb0]} sys_fs: sys_fs_mkdir(path=*0x12b7e78, mode=0700)
HLE: W {PPU[0x1] Thread (main_thread)[0x00585eb0]} sys_fs: *** path = '/dev_hdd1/cache/BLES00820//00000015'
HLE: ! {PPU[0x1] Thread (main_thread)[0x00585eb0]} sys_fs: sys_fs_mkdir(): directory '/dev_hdd1/cache/BLES00820//00000015' created
HLE: W {PPU[0x1] Thread (main_thread)[0x00585eb0]} cellFs: cellFsMkdir(path=*0x12b7e78, mode=0700) -> sys_fs_mkdir()
HLE: W {PPU[0x1] Thread (main_thread)[0x00585eb0]} sys_fs: sys_fs_mkdir(path=*0x12b7e78, mode=0700)
HLE: W {PPU[0x1] Thread (main_thread)[0x00585eb0]} sys_fs: *** path = '/dev_hdd1/cache/BLES00820//00000016'
HLE: ! {PPU[0x1] Thread (main_thread)[0x00585eb0]} sys_fs: sys_fs_mkdir(): directory '/dev_hdd1/cache/BLES00820//00000016' created
HLE: W {PPU[0x1] Thread (main_thread)[0x00585eb0]} cellFs: cellFsMkdir(path=*0x12b7e78, mode=0700) -> sys_fs_mkdir()
HLE: W {PPU[0x1] Thread (main_thread)[0x00585eb0]} sys_fs: sys_fs_mkdir(path=*0x12b7e78, mode=0700)
HLE: W {PPU[0x1] Thread (main_thread)[0x00585eb0]} sys_fs: *** path = '/dev_hdd1/cache/BLES00820//00000017'
HLE: ! {PPU[0x1] Thread (main_thread)[0x00585eb0]} sys_fs: sys_fs_mkdir(): directory '/dev_hdd1/cache/BLES00820//00000017' created
HLE: W {PPU[0x1] Thread (main_thread)[0x00585eb0]} cellFs: cellFsMkdir(path=*0x12b7e78, mode=0700) -> sys_fs_mkdir()
HLE: W {PPU[0x1] Thread (main_thread)[0x00585eb0]} sys_fs: sys_fs_mkdir(path=*0x12b7e78, mode=0700)
HLE: W {PPU[0x1] Thread (main_thread)[0x00585eb0]} sys_fs: *** path = '/dev_hdd1/cache/BLES00820//00000018'
HLE: ! {PPU[0x1] Thread (main_thread)[0x00585eb0]} sys_fs: sys_fs_mkdir(): directory '/dev_hdd1/cache/BLES00820//00000018' created
HLE: W {PPU[0x1] Thread (main_thread)[0x00585eb0]} cellFs: cellFsMkdir(path=*0x12b7e78, mode=0700) -> sys_fs_mkdir()
HLE: W {PPU[0x1] Thread (main_thread)[0x00585eb0]} sys_fs: sys_fs_mkdir(path=*0x12b7e78, mode=0700)
HLE: W {PPU[0x1] Thread (main_thread)[0x00585eb0]} sys_fs: *** path = '/dev_hdd1/cache/BLES00820//00000019'
HLE: ! {PPU[0x1] Thread (main_thread)[0x00585eb0]} sys_fs: sys_fs_mkdir(): directory '/dev_hdd1/cache/BLES00820//00000019' created
HLE: W {PPU[0x1] Thread (main_thread)[0x00585eb0]} cellFs: cellFsMkdir(path=*0x12b7e78, mode=0700) -> sys_fs_mkdir()
HLE: W {PPU[0x1] Thread (main_thread)[0x00585eb0]} sys_fs: sys_fs_mkdir(path=*0x12b7e78, mode=0700)
HLE: W {PPU[0x1] Thread (main_thread)[0x00585eb0]} sys_fs: *** path = '/dev_hdd1/cache/BLES00820//0000001a'
HLE: ! {PPU[0x1] Thread (main_thread)[0x00585eb0]} sys_fs: sys_fs_mkdir(): directory '/dev_hdd1/cache/BLES00820//0000001a' created
HLE: W {PPU[0x1] Thread (main_thread)[0x00586210]} cellSpurs: cellSpursInitialize(spurs=*0x12bd780, nSpus=4, spuPriority=250, ppuPriority=1000, exitIfNoWork=2882560)
HLE: W {PPU[0x1] Thread (main_thread)[0x00586210]} sys_process: sys_process_is_spu_lock_line_reservation_address(addr=0x12bd780, flags=0x2)
HLE: W {PPU[0x1] Thread (main_thread)[0x00586210]} sys_semaphore: sys_semaphore_create(sem_id=*0xd001fbb8, attr=*0xd001fb98, initial_val=0, max_val=1)
HLE: W {PPU[0x1] Thread (main_thread)[0x00586210]} sys_semaphore: sys_semaphore_create(sem_id=*0xd001fbb8, attr=*0xd001fb98, initial_val=0, max_val=1)
HLE: W {PPU[0x1] Thread (main_thread)[0x00586210]} sys_semaphore: sys_semaphore_create(sem_id=*0xd001fbb8, attr=*0xd001fb98, initial_val=0, max_val=1)
HLE: W {PPU[0x1] Thread (main_thread)[0x00586210]} sys_semaphore: sys_semaphore_create(sem_id=*0xd001fbb8, attr=*0xd001fb98, initial_val=0, max_val=1)
HLE: W {PPU[0x1] Thread (main_thread)[0x00586210]} sys_semaphore: sys_semaphore_create(sem_id=*0xd001fbb8, attr=*0xd001fb98, initial_val=0, max_val=1)
HLE: W {PPU[0x1] Thread (main_thread)[0x00586210]} sys_semaphore: sys_semaphore_create(sem_id=*0xd001fbb8, attr=*0xd001fb98, initial_val=0, max_val=1)
HLE: W {PPU[0x1] Thread (main_thread)[0x00586210]} sys_semaphore: sys_semaphore_create(sem_id=*0xd001fbb8, attr=*0xd001fb98, initial_val=0, max_val=1)
HLE: W {PPU[0x1] Thread (main_thread)[0x00586210]} sys_semaphore: sys_semaphore_create(sem_id=*0xd001fbb8, attr=*0xd001fb98, initial_val=0, max_val=1)
HLE: W {PPU[0x1] Thread (main_thread)[0x00586210]} sys_semaphore: sys_semaphore_create(sem_id=*0xd001fbb8, attr=*0xd001fb98, initial_val=0, max_val=1)
HLE: W {PPU[0x1] Thread (main_thread)[0x00586210]} sys_semaphore: sys_semaphore_create(sem_id=*0xd001fbb8, attr=*0xd001fb98, initial_val=0, max_val=1)
HLE: W {PPU[0x1] Thread (main_thread)[0x00586210]} sys_semaphore: sys_semaphore_create(sem_id=*0xd001fbb8, attr=*0xd001fb98, initial_val=0, max_val=1)
HLE: W {PPU[0x1] Thread (main_thread)[0x00586210]} sys_semaphore: sys_semaphore_create(sem_id=*0xd001fbb8, attr=*0xd001fb98, initial_val=0, max_val=1)
HLE: W {PPU[0x1] Thread (main_thread)[0x00586210]} sys_semaphore: sys_semaphore_create(sem_id=*0xd001fbb8, attr=*0xd001fb98, initial_val=0, max_val=1)
HLE: W {PPU[0x1] Thread (main_thread)[0x00586210]} sys_semaphore: sys_semaphore_create(sem_id=*0xd001fbb8, attr=*0xd001fb98, initial_val=0, max_val=1)
HLE: W {PPU[0x1] Thread (main_thread)[0x00586210]} sys_semaphore: sys_semaphore_create(sem_id=*0xd001fbb8, attr=*0xd001fb98, initial_val=0, max_val=1)
HLE: W {PPU[0x1] Thread (main_thread)[0x00586210]} sys_semaphore: sys_semaphore_create(sem_id=*0xd001fbb8, attr=*0xd001fb98, initial_val=0, max_val=1)
HLE: W {PPU[0x1] Thread (main_thread)[0x00586210]} sys_semaphore: sys_semaphore_create(sem_id=*0xd001fbb8, attr=*0xd001fb98, initial_val=0, max_val=1)
HLE: W {PPU[0x1] Thread (main_thread)[0x00586210]} sys_spu: sys_spu_thread_group_create(id=*0xd001fb78, num=4, prio=250, attr=*0xd001fae8)
HLE: W {PPU[0x1] Thread (main_thread)[0x00586210]} sys_spu: sys_spu_thread_initialize(thread=*0xd001fac0, group=0x21, spu_num=0, img=*0x12be4f0, attr=*0xd001fab0, arg=*0xd001fac8)
HLE: E {PPU[0x1] Thread (main_thread)[0x00586210]} sys_spu: Unsupported SPU Thread options (0x2)
HLE: W {PPU[0x1] Thread (main_thread)[0x00586210]} sys_spu: sys_spu_thread_initialize(thread=*0xd001fac0, group=0x21, spu_num=1, img=*0x12be4f0, attr=*0xd001fab0, arg=*0xd001fac8)
HLE: E {PPU[0x1] Thread (main_thread)[0x00586210]} sys_spu: Unsupported SPU Thread options (0x2)
HLE: W {PPU[0x1] Thread (main_thread)[0x00586210]} sys_spu: sys_spu_thread_initialize(thread=*0xd001fac0, group=0x21, spu_num=2, img=*0x12be4f0, attr=*0xd001fab0, arg=*0xd001fac8)
HLE: E {PPU[0x1] Thread (main_thread)[0x00586210]} sys_spu: Unsupported SPU Thread options (0x2)
HLE: W {PPU[0x1] Thread (main_thread)[0x00586210]} sys_spu: sys_spu_thread_initialize(thread=*0xd001fac0, group=0x21, spu_num=3, img=*0x12be4f0, attr=*0xd001fab0, arg=*0xd001fac8)
HLE: E {PPU[0x1] Thread (main_thread)[0x00586210]} sys_spu: Unsupported SPU Thread options (0x2)
HLE: W {PPU[0x1] Thread (main_thread)[0x00586210]} sysPrxForUser: sys_lwmutex_create(lwmutex=*0x12be530, attr=*0xd001fb80)
HLE: W {PPU[0x1] Thread (main_thread)[0x00586210]} sysPrxForUser: sys_lwcond_create(lwcond=*0x12be548, lwmutex=*0x12be530, attr=*0xd001fb90)
HLE: W {PPU[0x1] Thread (main_thread)[0x00586210]} sys_event: sys_event_queue_create(equeue_id=*0x12be4dc, attr=*0xd001fa18, event_queue_key=0x0, size=42)
HLE: W {PPU[0x1] Thread (main_thread)[0x00586210]} sys_spu: sys_spu_thread_group_connect_event_all_threads(id=0x21, eq=0x28, req=0xffffffffffff0000, spup=*0x12bd849)
HLE: W {PPU[0x1] Thread (main_thread)[0x00586210]} sys_event: sys_event_port_create(eport_id=*0x12be4e0, port_type=1, name=0x0)
HLE: W {PPU[0x1] Thread (main_thread)[0x00586210]} sys_event: sys_event_port_connect_local(eport_id=0x29, equeue_id=0x28)
HLE: W {PPU[0x1] Thread (main_thread)[0x00586210]} cellSpurs: cellSpursEnableExceptionEventHandler(spurs=*0x12bd780, flag=1)
HLE: W {PPU[0x2b] Thread (SpursHdlr0)[0x00000000]} sys_spu: sys_spu_thread_group_start(id=0x21)
HLE: W {PPU[0x1] Thread (main_thread)[0x00586210]} sys_spu: sys_spu_thread_group_connect_event(id=0x21, eq=0x28, et=2)
SPU: S {PPU[0x2b] Thread (SpursHdlr0)[0x00000000]} SPU Database initialized...
SPU: S {PPU[0x2b] Thread (SpursHdlr0)[0x00000000]} SPU Recompiler (ASMJIT) created...
HLE: W {PPU[0x2b] Thread (SpursHdlr0)[0x00000000]} sys_spu: sys_spu_thread_group_join(id=0x21, cause=*0x0, status=*0x0)
HLE: W {PPU[0x1] Thread (main_thread)[0x00587d90]} sysPrxForUser: sys_lwmutex_create(lwmutex=*0x12be780, attr=*0xd001fc34)
HLE: W {PPU[0x1] Thread (main_thread)[0x00585cb0]} cellSysutil: cellSysutilRegisterCallback(slot=0, func=*0x65fc88, userdata=*0x0)
HLE: W {PPU[0x1] Thread (main_thread)[0x00585bd0]} cellSysutil: cellSysutilGetSystemParamInt(id=0x112(ID_ENTER_BUTTON_ASSIGN), value=*0x12b7904)
HLE: W {PPU[0x1] Thread (main_thread)[0x00585f10]} cellAudio: cellAudioInit()
SPU: S {SPU[0x23] Thread (CellSpursKernel1)[0x00818]} Function detected [0x00818-0x00820] (size=0x8)
HLE: W {PPU[0x1] Thread (main_thread)[0x00585d10]} cellSysutil: cellAudioOutGetSoundAvailability(audioOut=0, type=0, fs=0x4, option=0)
HLE: W {PPU[0x1] Thread (main_thread)[0x00585bf0]} cellSysutil: cellAudioOutConfigure(audioOut=0, config=*0xd001f9a0, option=*0x0, waitForEvent=1)
HLE: W {PPU[0x1] Thread (main_thread)[0x00587c10]} cellSysutil: cellAudioOutGetState(audioOut=0x0, deviceIndex=0x0, state=*0xd001f9b0)
HLE: W {PPU[0x1] Thread (main_thread)[0x00585fb0]} cellAudio: cellAudioPortOpen(audioParam=*0x12bc4d8, portNum=*0xd001fb04)
HLE: W {PPU[0x1] Thread (main_thread)[0x00585fb0]} cellAudio: *** audio port opened(nChannel=8, nBlock=8, attr=0x0, level=1.000000): port = 0
HLE: W {PPU[0x1] Thread (main_thread)[0x00585f50]} cellAudio: cellAudioGetPortConfig(portNum=0, portConfig=*0x12bc4f8)
HLE: W {PPU[0x1] Thread (main_thread)[0x00586210]} cellSpurs: cellSpursInitialize(spurs=*0x12bc580, nSpus=1, spuPriority=100, ppuPriority=999, exitIfNoWork=2882561)
HLE: W {PPU[0x1] Thread (main_thread)[0x00586210]} sys_process: sys_process_is_spu_lock_line_reservation_address(addr=0x12bc580, flags=0x2)
HLE: W {PPU[0x1] Thread (main_thread)[0x00586210]} sys_semaphore: sys_semaphore_create(sem_id=*0xd001fa08, attr=*0xd001f9e8, initial_val=0, max_val=1)
HLE: W {PPU[0x1] Thread (main_thread)[0x00586210]} sys_semaphore: sys_semaphore_create(sem_id=*0xd001fa08, attr=*0xd001f9e8, initial_val=0, max_val=1)
HLE: W {PPU[0x1] Thread (main_thread)[0x00586210]} sys_semaphore: sys_semaphore_create(sem_id=*0xd001fa08, attr=*0xd001f9e8, initial_val=0, max_val=1)
HLE: W {PPU[0x1] Thread (main_thread)[0x00586210]} sys_semaphore: sys_semaphore_create(sem_id=*0xd001fa08, attr=*0xd001f9e8, initial_val=0, max_val=1)
HLE: W {PPU[0x1] Thread (main_thread)[0x00586210]} sys_semaphore: sys_semaphore_create(sem_id=*0xd001fa08, attr=*0xd001f9e8, initial_val=0, max_val=1)
HLE: W {PPU[0x1] Thread (main_thread)[0x00586210]} sys_semaphore: sys_semaphore_create(sem_id=*0xd001fa08, attr=*0xd001f9e8, initial_val=0, max_val=1)
HLE: W {PPU[0x1] Thread (main_thread)[0x00586210]} sys_semaphore: sys_semaphore_create(sem_id=*0xd001fa08, attr=*0xd001f9e8, initial_val=0, max_val=1)
HLE: W {PPU[0x1] Thread (main_thread)[0x00586210]} sys_semaphore: sys_semaphore_create(sem_id=*0xd001fa08, attr=*0xd001f9e8, initial_val=0, max_val=1)
HLE: W {PPU[0x1] Thread (main_thread)[0x00586210]} sys_semaphore: sys_semaphore_create(sem_id=*0xd001fa08, attr=*0xd001f9e8, initial_val=0, max_val=1)
HLE: W {PPU[0x1] Thread (main_thread)[0x00586210]} sys_semaphore: sys_semaphore_create(sem_id=*0xd001fa08, attr=*0xd001f9e8, initial_val=0, max_val=1)
HLE: W {PPU[0x1] Thread (main_thread)[0x00586210]} sys_semaphore: sys_semaphore_create(sem_id=*0xd001fa08, attr=*0xd001f9e8, initial_val=0, max_val=1)
HLE: W {PPU[0x1] Thread (main_thread)[0x00586210]} sys_semaphore: sys_semaphore_create(sem_id=*0xd001fa08, attr=*0xd001f9e8, initial_val=0, max_val=1)
HLE: W {PPU[0x1] Thread (main_thread)[0x00586210]} sys_semaphore: sys_semaphore_create(sem_id=*0xd001fa08, attr=*0xd001f9e8, initial_val=0, max_val=1)
HLE: W {PPU[0x1] Thread (main_thread)[0x00586210]} sys_semaphore: sys_semaphore_create(sem_id=*0xd001fa08, attr=*0xd001f9e8, initial_val=0, max_val=1)
HLE: W {PPU[0x1] Thread (main_thread)[0x00586210]} sys_semaphore: sys_semaphore_create(sem_id=*0xd001fa08, attr=*0xd001f9e8, initial_val=0, max_val=1)
HLE: W {PPU[0x1] Thread (main_thread)[0x00586210]} sys_semaphore: sys_semaphore_create(sem_id=*0xd001fa08, attr=*0xd001f9e8, initial_val=0, max_val=1)
HLE: W {PPU[0x1] Thread (main_thread)[0x00586210]} sys_semaphore: sys_semaphore_create(sem_id=*0xd001fa08, attr=*0xd001f9e8, initial_val=0, max_val=1)
HLE: W {PPU[0x1] Thread (main_thread)[0x00586210]} sys_spu: sys_spu_thread_group_create(id=*0xd001f9c8, num=1, prio=100, attr=*0xd001f938)
HLE: W {PPU[0x1] Thread (main_thread)[0x00586210]} sys_spu: sys_spu_thread_initialize(thread=*0xd001f910, group=0x3e, spu_num=0, img=*0x12bd2f0, attr=*0xd001f900, arg=*0xd001f918)
HLE: E {PPU[0x1] Thread (main_thread)[0x00586210]} sys_spu: Unsupported SPU Thread options (0x2)
HLE: W {PPU[0x1] Thread (main_thread)[0x00586210]} sysPrxForUser: sys_lwmutex_create(lwmutex=*0x12bd330, attr=*0xd001f9d0)
HLE: W {PPU[0x1] Thread (main_thread)[0x00586210]} sysPrxForUser: sys_lwcond_create(lwcond=*0x12bd348, lwmutex=*0x12bd330, attr=*0xd001f9e0)
HLE: W {PPU[0x1] Thread (main_thread)[0x00586210]} sys_event: sys_event_queue_create(equeue_id=*0x12bd2dc, attr=*0xd001f868, event_queue_key=0x0, size=42)
HLE: W {PPU[0x1] Thread (main_thread)[0x00586210]} sys_spu: sys_spu_thread_group_connect_event_all_threads(id=0x3e, eq=0x42, req=0xffffffffffff0000, spup=*0x12bc649)
HLE: W {PPU[0x1] Thread (main_thread)[0x00586210]} sys_event: sys_event_port_create(eport_id=*0x12bd2e0, port_type=1, name=0x0)
HLE: W {PPU[0x1] Thread (main_thread)[0x00586210]} sys_event: sys_event_port_connect_local(eport_id=0x43, equeue_id=0x42)
HLE: W {PPU[0x1] Thread (main_thread)[0x00586210]} cellSpurs: cellSpursEnableExceptionEventHandler(spurs=*0x12bc580, flag=1)
HLE: W {PPU[0x1] Thread (main_thread)[0x00586210]} sys_spu: sys_spu_thread_group_connect_event(id=0x3e, eq=0x42, et=2)
HLE: W {PPU[0x1] Thread (main_thread)[0x00586210]} cellSpurs: cellSpursWakeUp(spurs=*0x12bc580)
HLE: W {PPU[0x1] Thread (main_thread)[0x00587d90]} sysPrxForUser: sys_lwmutex_create(lwmutex=*0x1370380, attr=*0xd001f870)
HLE: W {PPU[0x1] Thread (main_thread)[0x005860b0]} cellSpurs: cellSpursCreateTaskset(spurs=*0x12bc580, taskset=*0x1370780, args=0x0, priority=*0xd001fb08, maxContention=1)
HLE: W {PPU[0x1] Thread (main_thread)[0x005860b0]} cellSpurs: _cellSpursWorkloadAttributeInitialize(attr=*0xd001f740, revision=1, sdkVersion=0x33, pm=*0x200, size=0x1e40, data=0x1370780, priority=*0xd001fb08, minCnt=0x8, maxCnt=0x1)
HLE: W {PPU[0x1] Thread (main_thread)[0x005860b0]} cellSpurs: cellSpursWorkloadAttributeSetName(attr=*0xd001f740, nameClass=*0x0, nameInstance=*0x0)
HLE: W {PPU[0x1] Thread (main_thread)[0x005860b0]} cellSpurs: cellSpursAddWorkloadWithAttribute(spurs=*0x12bc580, wid=*0xd001f738, attr=*0xd001f740)
HLE: W {PPU[0x1] Thread (main_thread)[0x005860d0]} cellSpurs: _cellSpursEventFlagInitialize(spurs=*0x0, taskset=*0x1370780, eventFlag=*0x1372100, flagClearMode=0, flagDirection=1)
HLE: W {PPU[0x1] Thread (main_thread)[0x00586150]} cellSpurs: cellSpursEventFlagAttachLv2EventQueue(eventFlag=*0x1372100)
HLE: W {PPU[0x1] Thread (main_thread)[0x00586150]} sys_event: sys_event_queue_create(equeue_id=*0xd001f938, attr=*0xd001f918, event_queue_key=0x0, size=1)
HLE: W {PPU[0x1] Thread (main_thread)[0x00586150]} sys_spu: sys_spu_thread_group_connect_event_all_threads(id=0x3e, eq=0x47, req=0xffffffffffff0000, spup=*0xd001f930)
HLE: W {PPU[0x1] Thread (main_thread)[0x005860d0]} cellSpurs: _cellSpursEventFlagInitialize(spurs=*0x0, taskset=*0x1370780, eventFlag=*0x1376200, flagClearMode=0, flagDirection=2)
HLE: W {PPU[0x1] Thread (main_thread)[0x00586250]} cellSpurs: cellSpursCreateTask(taskset=*0x1370780, taskID=*0x1372080, elf=*0x611a80, context=*0x1376280, size=0x3d400, lsPattern=*0x58ea98, argument=*0xd001f9c0)
HLE: W {PPU[0x1] Thread (main_thread)[0x00586250]} cellSpurs: cellSpursSendWorkloadSignal(spurs=*0x12bc580, wid=0)
HLE: W {PPU[0x1] Thread (main_thread)[0x00586250]} cellSpurs: cellSpursWakeUp(spurs=*0x12bc580)
HLE: W {PPU[0x1] Thread (main_thread)[0x00585e50]} cellFs: cellFsOpen(path=*0x60fac0, flags=0, fd=*0xd001f8e0, arg=*0x0, size=0x0) -> sys_fs_open()
HLE: W {PPU[0x1] Thread (main_thread)[0x00585e50]} sys_fs: sys_fs_open(path=*0x60fac0, flags=0, fd=*0xd001f8e0, mode=0, arg=*0x0, size=0x0)
HLE: W {PPU[0x1] Thread (main_thread)[0x00585e50]} sys_fs: *** path = '/dev_flash/sys/external/flashATRAC.pic'
HLE: W {PPU[0x45] Thread (SpursHdlr0)[0x00000000]} sys_spu: sys_spu_thread_group_start(id=0x3e)
HLE: W {PPU[0x1] Thread (main_thread)[0x00586070]} cellSpurs: cellSpursEventFlagWait(eventFlag=*0x1372100, mask=*0x8c4bd4, mode=1)
HLE: W {PPU[0x45] Thread (SpursHdlr0)[0x00000000]} sys_spu: sys_spu_thread_group_join(id=0x3e, cause=*0x0, status=*0x0)
G: ! Stopping emulator...
G: ! All threads signaled...
G: ! {PPU[0x2] Thread (Callback Thread)[0x00000000]} Thread aborted
HLE: S {PPU[0x1] Thread (main_thread)[0x00586070]} Last function: cellSpursEventFlagWait (0x373523d4)
G: ! {PPU[0x1] Thread (main_thread)[0x00586070]} Thread aborted
G: ! {PPU[0x2a] Thread (SpursHdlr1)[0x00000000]} Thread aborted
G: ! {PPU[0x44] Thread (SpursHdlr1)[0x00000000]} Thread aborted
G: ! {PPU[0x2b] Thread (SpursHdlr0)[0x00000000]} Thread aborted
G: ! {PPU[0x45] Thread (SpursHdlr0)[0x00000000]} Thread aborted
G: ! {SPU[0x3f] Thread (CellSpursKernel0)[0x00818]} Thread aborted
G: ! {SPU[0x23] Thread (CellSpursKernel1)[0x00818]} Thread aborted
G: ! {SPU[0x22] Thread (CellSpursKernel0)[0x00818]} Thread aborted
G: ! {SPU[0x24] Thread (CellSpursKernel2)[0x00818]} Thread aborted
G: ! {SPU[0x25] Thread (CellSpursKernel3)[0x00818]} Thread aborted
G: ! All threads stopped...
G: ! Objects cleared...
