LDR: E PSFLoader::Load() failed: unknown magic (0x0)
G: ! RPCS3 0.0.0.5 v0.0.0.5-2529-g286d296
G: ! 
G: ! Stopping emulator...
LDR: ! Loading 'D:/Emulateurs/Rpcs3/dev_hdd0/game/BLES00124-[Skate]/PS3_GAME/USRDIR/BOOT.BIN'...
G: W fs::file::open('D:/Emulateurs/Rpcs3/dev_hdd0/game/BLES00124-[Skate]/PS3_GAME/dev_bdvd.path', 0x1) failed: error 0x2
LDR: ! 
LDR: ! Mount info:
LDR: ! /dev_usb000/ -> D:/Emulateurs/Rpcs3/dev_usb000/
LDR: ! /dev_flash/ -> D:/Emulateurs/Rpcs3/dev_flash/
LDR: ! /host_root/ -> 
LDR: ! /dev_hdd0/ -> D:/Emulateurs/Rpcs3/dev_hdd0/
LDR: ! /dev_hdd1/ -> D:/Emulateurs/Rpcs3/dev_hdd1/
LDR: ! /dev_bdvd/ -> D:/Emulateurs/Rpcs3/dev_hdd0/game/BLES00124-[Skate]/
LDR: ! /dev_usb/ -> D:/Emulateurs/Rpcs3/dev_usb000/
LDR: ! 
LDR: ! Settings:
LDR: ! CPU: PPU Interpreter 2
LDR: ! SPU: SPU Recompiler (ASMJIT)
LDR: ! Renderer: DirectX 12
LDR: ! D3D Adapter: Default
LDR: ! Resolution: 1280x720
LDR: ! Write Depth Buffer: No
LDR: ! Write Color Buffers: No
LDR: ! Read Color Buffer: No
LDR: ! Audio Out: XAudio2
LDR: ! Log Everything: No
LDR: ! RSX Logging: No
LDR: ! 
LDR: ! Title: skate.
LDR: ! Serial: BLES00124
LDR: ! Elf path: /dev_bdvd/PS3_GAME/USRDIR/BOOT.BIN
LDR: ! 
LDR: ! loader::init() failed: Broken file
LDR: ! *** sdk version: 0x180002
LDR: ! *** primary prio: 1001
LDR: ! *** primary stacksize: 0x10000
LDR: ! *** malloc pagesize: 0x100000
LDR: ! *** ppc seg: 0x0
LDR: ! Imported function 'cellGcmGetTiledPitchSize' in 'cellGcmSys' module (0xfd27c8)
LDR: ! Imported function 'cellGcmSetPrepareFlip' in 'cellGcmSys' module (0xfd27e8)
LDR: ! Imported function '_cellGcmInitBody' in 'cellGcmSys' module (0xfd2808)
LDR: ! Imported function 'cellGcmAddressToOffset' in 'cellGcmSys' module (0xfd2828)
LDR: ! Imported function '_cellGcmFunc15' in 'cellGcmSys' module (0xfd2848)
LDR: ! Imported function 'cellGcmSetFlipMode' in 'cellGcmSys' module (0xfd2868)
LDR: ! Imported function 'cellGcmSetSecondVFrequency' in 'cellGcmSys' module (0xfd2888)
LDR: ! Imported function 'cellGcmSetDebugOutputLevel' in 'cellGcmSys' module (0xfd28a8)
LDR: ! Imported function 'cellGcmGetTimeStamp' in 'cellGcmSys' module (0xfd28c8)
LDR: ! Imported function 'cellGcmGetLastFlipTime' in 'cellGcmSys' module (0xfd28e8)
LDR: ! Imported function 'cellGcmGetFlipStatus' in 'cellGcmSys' module (0xfd2908)
LDR: ! Imported function 'cellGcmSetWaitFlip' in 'cellGcmSys' module (0xfd2928)
LDR: ! Imported function 'cellGcmGetReport' in 'cellGcmSys' module (0xfd2948)
LDR: ! Imported function 'cellGcmMapMainMemory' in 'cellGcmSys' module (0xfd2968)
LDR: ! Imported function 'cellGcmSetFlipHandler' in 'cellGcmSys' module (0xfd2988)
LDR: ! Imported function 'cellGcmSetDisplayBuffer' in 'cellGcmSys' module (0xfd29a8)
LDR: ! Imported function 'cellGcmGetControlRegister' in 'cellGcmSys' module (0xfd29c8)
LDR: ! Imported function 'cellGcmSetVBlankHandler' in 'cellGcmSys' module (0xfd29e8)
LDR: ! Imported function 'cellGcmSetFlipImmediate' in 'cellGcmSys' module (0xfd2a08)
LDR: ! Imported function 'cellGcmResetFlipStatus' in 'cellGcmSys' module (0xfd2a28)
LDR: ! Imported function 'cellGcmSetInvalidateTile' in 'cellGcmSys' module (0xfd2a48)
LDR: ! Imported function 'cellGcmSetGraphicsHandler' in 'cellGcmSys' module (0xfd2a68)
LDR: ! Imported function 'cellGcmSetTile' in 'cellGcmSys' module (0xfd2a88)
LDR: ! Imported function 'cellGcmSetZcull' in 'cellGcmSys' module (0xfd2aa8)
LDR: ! Imported function 'cellGcmSetFlip' in 'cellGcmSys' module (0xfd2ac8)
LDR: ! Imported function 'cellGcmSetSecondVHandler' in 'cellGcmSys' module (0xfd2ae8)
LDR: ! Imported function 'cellGcmGetConfiguration' in 'cellGcmSys' module (0xfd2b08)
LDR: ! Imported function 'cellGcmGetLabelAddress' in 'cellGcmSys' module (0xfd2b28)
LDR: ! Imported function 'socketpoll' in 'sys_net' module (0xfd2b48)
LDR: ! Imported function 'sys_net_initialize_network_ex' in 'sys_net' module (0xfd2b68)
LDR: ! Imported function 'getsockname' in 'sys_net' module (0xfd2b88)
LDR: ! Imported function 'recvfrom' in 'sys_net' module (0xfd2ba8)
LDR: ! Imported function 'listen' in 'sys_net' module (0xfd2bc8)
LDR: ! Imported function 'getsockopt' in 'sys_net' module (0xfd2be8)
LDR: ! Imported function '_sys_net_errno_loc' in 'sys_net' module (0xfd2c08)
LDR: ! Imported function 'connect' in 'sys_net' module (0xfd2c28)
LDR: ! Imported function 'socketclose' in 'sys_net' module (0xfd2c48)
LDR: ! Imported function 'gethostbyname' in 'sys_net' module (0xfd2c68)
LDR: ! Imported function 'setsockopt' in 'sys_net' module (0xfd2c88)
LDR: ! Imported function 'sys_net_abort_resolver' in 'sys_net' module (0xfd2ca8)
LDR: ! Imported function 'sendto' in 'sys_net' module (0xfd2cc8)
LDR: ! Imported function 'socket' in 'sys_net' module (0xfd2ce8)
LDR: ! Imported function 'shutdown' in 'sys_net' module (0xfd2d08)
LDR: ! Imported function 'bind' in 'sys_net' module (0xfd2d28)
LDR: ! Imported function 'sys_net_finalize_network' in 'sys_net' module (0xfd2d48)
LDR: ! Imported function 'accept' in 'sys_net' module (0xfd2d68)
LDR: ! Imported function 'send' in 'sys_net' module (0xfd2d88)
LDR: ! Imported function 'getpeername' in 'sys_net' module (0xfd2da8)
LDR: ! Imported function 'recv' in 'sys_net' module (0xfd2dc8)
LDR: ! Imported function 'sys_net_free_thread_context' in 'sys_net' module (0xfd2de8)
LDR: ! Imported function 'cellNetCtlNetStartDialogLoadAsync' in 'cellNetCtl' module (0xfd2e08)
LDR: ! Imported function 'cellNetCtlAddHandler' in 'cellNetCtl' module (0xfd2e28)
LDR: ! Imported function 'cellNetCtlNetStartDialogUnloadAsync' in 'cellNetCtl' module (0xfd2e48)
LDR: ! Imported function 'cellNetCtlTerm' in 'cellNetCtl' module (0xfd2e68)
LDR: ! Imported function 'cellNetCtlGetInfo' in 'cellNetCtl' module (0xfd2e88)
LDR: ! Imported function 'cellNetCtlGetState' in 'cellNetCtl' module (0xfd2ea8)
LDR: ! Imported function 'cellNetCtlDelHandler' in 'cellNetCtl' module (0xfd2ec8)
LDR: ! Imported function 'cellNetCtlInit' in 'cellNetCtl' module (0xfd2ee8)
LDR: ! Imported function 'cellPadInfoPressMode' in 'sys_io' module (0xfd2f08)
LDR: ! Imported function 'cellPadInit' in 'sys_io' module (0xfd2f28)
LDR: ! Imported function 'cellPadGetInfo' in 'sys_io' module (0xfd2f48)
LDR: ! Imported function 'cellKbInit' in 'sys_io' module (0xfd2f68)
LDR: ! Imported function 'cellPadInfoSensorMode' in 'sys_io' module (0xfd2f88)
LDR: ! Imported function 'cellPadGetData' in 'sys_io' module (0xfd2fa8)
LDR: ! Imported function 'cellKbSetCodeType' in 'sys_io' module (0xfd2fc8)
LDR: ! Imported function 'cellPadSetSensorMode' in 'sys_io' module (0xfd2fe8)
LDR: ! Imported function 'cellKbEnd' in 'sys_io' module (0xfd3008)
LDR: ! Imported function 'cellKbSetReadMode' in 'sys_io' module (0xfd3028)
LDR: ! Imported function 'cellPadSetPressMode' in 'sys_io' module (0xfd3048)
LDR: ! Imported function 'cellKbRead' in 'sys_io' module (0xfd3068)
LDR: ! Imported function 'cellFsRmdir' in 'sys_fs' module (0xfd3088)
LDR: ! Imported function 'cellFsClose' in 'sys_fs' module (0xfd30a8)
LDR: ! Imported function 'cellFsOpendir' in 'sys_fs' module (0xfd30c8)
LDR: ! Imported function 'cellFsRead' in 'sys_fs' module (0xfd30e8)
LDR: ! Imported function 'cellFsReaddir' in 'sys_fs' module (0xfd3108)
LDR: ! Imported function 'cellFsOpen' in 'sys_fs' module (0xfd3128)
LDR: ! Imported function 'cellFsStat' in 'sys_fs' module (0xfd3148)
LDR: ! Imported function 'cellFsUnlink' in 'sys_fs' module (0xfd3168)
LDR: ! Imported function 'cellFsLseek' in 'sys_fs' module (0xfd3188)
LDR: ! Imported function 'cellFsMkdir' in 'sys_fs' module (0xfd31a8)
LDR: ! Imported function 'cellFsWrite' in 'sys_fs' module (0xfd31c8)
LDR: ! Imported function 'cellFsRename' in 'sys_fs' module (0xfd31e8)
LDR: ! Imported function 'cellFsClosedir' in 'sys_fs' module (0xfd3208)
LDR: ! Imported function 'cellRescGetNumColorBuffers' in 'cellResc' module (0xfd3228)
LDR: ! Imported function 'cellRescSetDsts' in 'cellResc' module (0xfd3248)
LDR: ! Imported function 'cellRescAdjustAspectRatio' in 'cellResc' module (0xfd3268)
LDR: ! Imported function 'cellRescSetDisplayMode' in 'cellResc' module (0xfd3288)
LDR: ! Imported function 'cellRescSetConvertAndFlip' in 'cellResc' module (0xfd32a8)
LDR: ! Imported function 'cellRescExit' in 'cellResc' module (0xfd32c8)
LDR: ! Imported function 'cellRescSetFlipHandler' in 'cellResc' module (0xfd32e8)
LDR: ! Imported function 'cellRescInit' in 'cellResc' module (0xfd3308)
LDR: ! Imported function 'cellRescGetBufferSize' in 'cellResc' module (0xfd3328)
LDR: ! Imported function 'cellRescSetSrc' in 'cellResc' module (0xfd3348)
LDR: ! Imported function 'cellRescSetBufferAddress' in 'cellResc' module (0xfd3368)
LDR: ! Imported function 'cellRescSetVBlankHandler' in 'cellResc' module (0xfd3388)
LDR: ! Imported function 'cellRescCreateInterlaceTable' in 'cellResc' module (0xfd33a8)
LDR: ! Imported function 'cellSysmoduleUnloadModule' in 'cellSysmodule' module (0xfd33c8)
LDR: ! Imported function 'cellSysmoduleLoadModule' in 'cellSysmodule' module (0xfd33e8)
LDR: ! Imported function 'cellSysutilUnregisterCallback' in 'cellSysutil' module (0xfd3408)
LDR: ! Imported function 'cellVideoOutConfigure' in 'cellSysutil' module (0xfd3428)
LDR: ! Imported function 'cellSysutilCheckCallback' in 'cellSysutil' module (0xfd3448)
LDR: ! Imported function 'cellSaveDataListLoad2' in 'cellSysutil' module (0xfd3468)
LDR: ! Imported function 'cellSysCacheMount' in 'cellSysutil' module (0xfd3488)
LDR: ! Imported function 'cellSaveDataFixedLoad2' in 'cellSysutil' module (0xfd34a8)
LDR: ! Imported function 'cellSaveDataFixedSave2' in 'cellSysutil' module (0xfd34c8)
LDR: ! Imported function 'cellSaveDataListSave2' in 'cellSysutil' module (0xfd34e8)
LDR: ! Imported function 'cellSysutilGetSystemParamInt' in 'cellSysutil' module (0xfd3508)
LDR: ! Imported function 'cellAudioOutConfigure' in 'cellSysutil' module (0xfd3528)
LDR: ! Imported function 'cellMsgDialogAbort' in 'cellSysutil' module (0xfd3548)
LDR: ! Imported function 'cellSysCacheClear' in 'cellSysutil' module (0xfd3568)
LDR: ! Imported function 'cellVideoOutGetNumberOfDevice' in 'cellSysutil' module (0xfd3588)
LDR: ! Imported function 'cellMsgDialogOpen2' in 'cellSysutil' module (0xfd35a8)
LDR: ! Imported function 'cellAudioOutGetDeviceInfo' in 'cellSysutil' module (0xfd35c8)
LDR: ! Imported function 'cellVideoOutGetState' in 'cellSysutil' module (0xfd35e8)
LDR: ! Imported function 'cellSaveDataAutoSave2' in 'cellSysutil' module (0xfd3608)
LDR: ! Imported function 'cellMsgDialogProgressBarInc' in 'cellSysutil' module (0xfd3628)
LDR: ! Imported function 'cellSysutilRegisterCallback' in 'cellSysutil' module (0xfd3648)
LDR: ! Imported function 'cellVideoOutGetResolutionAvailability' in 'cellSysutil' module (0xfd3668)
LDR: ! Imported function 'cellGameDataGetSizeKB' in 'cellSysutil' module (0xfd3688)
LDR: ! Imported function 'cellDiscGameGetBootDiscInfo' in 'cellSysutil' module (0xfd36a8)
LDR: ! Imported function 'cellAudioOutGetSoundAvailability' in 'cellSysutil' module (0xfd36c8)
LDR: ! Imported function 'cellGameDataCheckCreate2' in 'cellSysutil' module (0xfd36e8)
LDR: ! Imported function 'cellVideoOutGetResolution' in 'cellSysutil' module (0xfd3708)
LDR: ! Imported function 'cellSaveDataDelete2' in 'cellSysutil' module (0xfd3728)
LDR: ! Imported function 'cellSaveDataAutoLoad2' in 'cellSysutil' module (0xfd3748)
LDR: ! Imported function 'cellAudioInit' in 'cellAudio' module (0xfd3768)
LDR: ! Imported function 'cellAudioSetNotifyEventQueue' in 'cellAudio' module (0xfd3788)
LDR: ! Imported function 'cellAudioPortClose' in 'cellAudio' module (0xfd37a8)
LDR: ! Imported function 'cellAudioPortStop' in 'cellAudio' module (0xfd37c8)
LDR: ! Imported function 'cellAudioGetPortConfig' in 'cellAudio' module (0xfd37e8)
LDR: ! Imported function 'cellAudioPortStart' in 'cellAudio' module (0xfd3808)
LDR: ! Imported function 'cellAudioQuit' in 'cellAudio' module (0xfd3828)
LDR: ! Imported function 'cellAudioPortOpen' in 'cellAudio' module (0xfd3848)
LDR: ! Imported function 'cellAudioRemoveNotifyEventQueue' in 'cellAudio' module (0xfd3868)
LDR: ! Imported function 'sceNpManagerGetTicket' in 'sceNp' module (0xfd3888)
LDR: ! Imported function 'sceNpBasicAddPlayersHistory' in 'sceNp' module (0xfd38a8)
LDR: ! Imported function 'sceNpManagerGetPsHandle' in 'sceNp' module (0xfd38c8)
LDR: ! Imported function 'sceNpBasicAddFriend' in 'sceNp' module (0xfd38e8)
LDR: ! Imported function 'sceNpLookupAbortTransaction' in 'sceNp' module (0xfd3908)
LDR: ! Imported function 'sceNpBasicSetPresence' in 'sceNp' module (0xfd3928)
LDR: ! Imported function 'sceNpBasicRegisterContextSensitiveHandler' in 'sceNp' module (0xfd3948)
LDR: ! Imported function 'sceNpBasicSendMessageAttachment' in 'sceNp' module (0xfd3968)
LDR: ! Imported function 'sceNpTerm' in 'sceNp' module (0xfd3988)
LDR: ! Imported function 'sceNpManagerUnregisterCallback' in 'sceNp' module (0xfd39a8)
LDR: ! Imported function 'sceNpLookupDestroyTitleCtx' in 'sceNp' module (0xfd39c8)
LDR: ! Imported function 'sceNpLookupInit' in 'sceNp' module (0xfd39e8)
LDR: ! Imported function 'sceNpManagerGetContentRatingFlag' in 'sceNp' module (0xfd3a08)
LDR: ! Imported function 'sceNpBasicGetBlockListEntryCount' in 'sceNp' module (0xfd3a28)
LDR: ! Imported function 'sceNpLookupPollAsync' in 'sceNp' module (0xfd3a48)
LDR: ! Imported function 'sceNpManagerRequestTicket' in 'sceNp' module (0xfd3a68)
LDR: ! Imported function 'sceNpLookupTerm' in 'sceNp' module (0xfd3a88)
LDR: ! Imported function 'sceNpCommerceSetDataFlagFinish' in 'sceNp' module (0xfd3aa8)
LDR: ! Imported function 'sceNpCommerceSetDataFlagStart' in 'sceNp' module (0xfd3ac8)
LDR: ! Imported function 'sceNpManagerGetStatus' in 'sceNp' module (0xfd3ae8)
LDR: ! Imported function 'sceNpBasicUnregisterHandler' in 'sceNp' module (0xfd3b08)
LDR: ! Imported function 'sceNpBasicRecvMessageAttachment' in 'sceNp' module (0xfd3b28)
LDR: ! Imported function 'sceNpInit' in 'sceNp' module (0xfd3b48)
LDR: ! Imported function 'sceNpLookupCreateTitleCtx' in 'sceNp' module (0xfd3b68)
LDR: ! Imported function 'sceNpLookupNpIdAsync' in 'sceNp' module (0xfd3b88)
LDR: ! Imported function 'sceNpBasicGetEvent' in 'sceNp' module (0xfd3ba8)
LDR: ! Imported function 'sceNpCommerceDestroyCtx' in 'sceNp' module (0xfd3bc8)
LDR: ! Imported function 'sceNpManagerRegisterCallback' in 'sceNp' module (0xfd3be8)
LDR: ! Imported function 'sceNpLookupCreateTransactionCtx' in 'sceNp' module (0xfd3c08)
LDR: ! Imported function 'sceNpManagerGetChatRestrictionFlag' in 'sceNp' module (0xfd3c28)
LDR: ! Imported function 'sceNpBasicGetBlockListEntry' in 'sceNp' module (0xfd3c48)
LDR: ! Imported function 'sceNpLookupDestroyTransactionCtx' in 'sceNp' module (0xfd3c68)
LDR: ! Imported function 'sceNpCommerceCreateCtx' in 'sceNp' module (0xfd3c88)
LDR: ! Imported function 'sceNpManagerGetNpId' in 'sceNp' module (0xfd3ca8)
LDR: ! Imported function 'cellRtcGetCurrentClockLocalTime' in 'cellRtc' module (0xfd3cc8)
LDR: ! Imported function 'cellRtcGetCurrentClock' in 'cellRtc' module (0xfd3ce8)
LDR: ! Imported function 'cellRtcFormatRfc2822LocalTime' in 'cellRtc' module (0xfd3d08)
LDR: ! Imported function 'cellRtcSetTime_t' in 'cellRtc' module (0xfd3d28)
LDR: ! Imported function 'cellRtcGetDayOfWeek' in 'cellRtc' module (0xfd3d48)
LDR: ! Imported function 'cellRtcGetTick' in 'cellRtc' module (0xfd3d68)
LDR: ! Imported function 'cellRtcGetTime_t' in 'cellRtc' module (0xfd3d88)
LDR: ! Imported function 'cellKey2CharClose' in 'cellKey2char' module (0xfd3da8)
LDR: ! Imported function 'cellKey2CharGetChar' in 'cellKey2char' module (0xfd3dc8)
LDR: ! Imported function 'cellKey2CharOpen' in 'cellKey2char' module (0xfd3de8)
LDR: ! Imported function 'cellKey2CharSetMode' in 'cellKey2char' module (0xfd3e08)
LDR: ! Imported function 'cellMicRead' in 'cellMic' module (0xfd3e28)
LDR: ! Imported function 'cellMicIsAttached' in 'cellMic' module (0xfd3e48)
LDR: ! Imported function 'cellMicSetSignalAttr' in 'cellMic' module (0xfd3e68)
LDR: ! Imported function 'cellMicInit' in 'cellMic' module (0xfd3e88)
LDR: ! Imported function 'cellMicClose' in 'cellMic' module (0xfd3ea8)
LDR: ! Imported function 'cellMicGetSignalState' in 'cellMic' module (0xfd3ec8)
LDR: ! Imported function 'cellMicEnd' in 'cellMic' module (0xfd3ee8)
LDR: ! Imported function 'cellMicOpen' in 'cellMic' module (0xfd3f08)
LDR: ! Imported function 'cellMicStart' in 'cellMic' module (0xfd3f28)
LDR: ! Imported function 'cellAdecDecodeAu' in 'cellAdec' module (0xfd3f48)
LDR: ! Imported function 'cellAdecStartSeq' in 'cellAdec' module (0xfd3f68)
LDR: ! Imported function 'cellAdecQueryAttr' in 'cellAdec' module (0xfd3f88)
LDR: ! Imported function 'cellAdecClose' in 'cellAdec' module (0xfd3fa8)
LDR: ! Imported function 'cellAdecGetPcm' in 'cellAdec' module (0xfd3fc8)
LDR: ! Imported function 'cellAdecGetPcmItem' in 'cellAdec' module (0xfd3fe8)
LDR: ! Imported function 'cellAdecOpen' in 'cellAdec' module (0xfd4008)
LDR: ! Imported function 'cellAdecEndSeq' in 'cellAdec' module (0xfd4028)
LDR: ! Imported function 'cellCelpEncClose' in 'cellCelpEnc' module (0xfd4048)
LDR: ! Imported function 'cellCelpEncGetAu' in 'cellCelpEnc' module (0xfd4068)
LDR: ! Imported function 'cellCelpEncStart' in 'cellCelpEnc' module (0xfd4088)
LDR: ! Imported function 'cellCelpEncQueryAttr' in 'cellCelpEnc' module (0xfd40a8)
LDR: ! Imported function 'cellCelpEncOpen' in 'cellCelpEnc' module (0xfd40c8)
LDR: ! Imported function 'cellCelpEncEncodeFrame' in 'cellCelpEnc' module (0xfd40e8)
LDR: ! Imported function 'cellCelpEncWaitForOutput' in 'cellCelpEnc' module (0xfd4108)
LDR: ! Imported function 'cellCelpEncEnd' in 'cellCelpEnc' module (0xfd4128)
LDR: ! Imported function 'sys_lwmutex_lock' in 'sysPrxForUser' module (0xfd4148)
LDR: ! Imported function 'sys_lwmutex_unlock' in 'sysPrxForUser' module (0xfd4168)
LDR: ! Imported function 'sys_ppu_thread_create' in 'sysPrxForUser' module (0xfd4188)
LDR: ! Imported function '_sys_process_atexitspawn' in 'sysPrxForUser' module (0xfd41a8)
LDR: ! Imported function 'sys_lwmutex_create' in 'sysPrxForUser' module (0xfd41c8)
LDR: ! Imported function 'sys_ppu_thread_get_id' in 'sysPrxForUser' module (0xfd41e8)
LDR: ! Imported function 'sys_initialize_tls' in 'sysPrxForUser' module (0xfd4208)
LDR: ! Imported function 'sys_time_get_system_time' in 'sysPrxForUser' module (0xfd4228)
LDR: ! Imported function 'sys_raw_spu_load' in 'sysPrxForUser' module (0xfd4248)
LDR: ! Imported function 'sys_prx_exitspawn_with_level' in 'sysPrxForUser' module (0xfd4268)
LDR: ! Imported function 'sys_ppu_thread_exit' in 'sysPrxForUser' module (0xfd4288)
LDR: ! Imported function 'sys_lwmutex_destroy' in 'sysPrxForUser' module (0xfd42a8)
LDR: ! Imported function 'sys_spu_image_close' in 'sysPrxForUser' module (0xfd42c8)
LDR: ! Imported function 'sys_process_exit' in 'sysPrxForUser' module (0xfd42e8)
LDR: ! Imported function 'sys_spu_image_import' in 'sysPrxForUser' module (0xfd4308)
MEM: ! Thread Local Storage initialized (g_tls_start=0x10be000, user_size=0x200)
*** TLS segment addr: 0x010bb0a8
*** TLS segment size: 0x00000008
HLE: W {PPU[0x1] Thread (main_thread)[0x00fd41c8]} sysPrxForUser: sys_lwmutex_create(lwmutex=*0x103b3428, attr=*0x10120c40)
HLE: W {PPU[0x1] Thread (main_thread)[0x00fd41c8]} sysPrxForUser: sys_lwmutex_create(lwmutex=*0x103b3440, attr=*0x10120c40)
HLE: W {PPU[0x1] Thread (main_thread)[0x00f7473c]} sys_memory: sys_memory_allocate(size=0x100000, flags=0x400, alloc_addr=*0xd000fb70)
HLE: W {PPU[0x1] Thread (main_thread)[0x00fd41c8]} sysPrxForUser: sys_lwmutex_create(lwmutex=*0x20000020, attr=*0x10120c40)
HLE: W {PPU[0x1] Thread (main_thread)[0x00fd41c8]} sysPrxForUser: sys_lwmutex_create(lwmutex=*0x20000050, attr=*0x10120c40)
HLE: W {PPU[0x1] Thread (main_thread)[0x00fd41c8]} sysPrxForUser: sys_lwmutex_create(lwmutex=*0x20000080, attr=*0x10120c40)
HLE: W {PPU[0x1] Thread (main_thread)[0x00fd41c8]} sysPrxForUser: sys_lwmutex_create(lwmutex=*0x200000b0, attr=*0x10120c40)
HLE: W {PPU[0x1] Thread (main_thread)[0x00fd41c8]} sysPrxForUser: sys_lwmutex_create(lwmutex=*0x200000e0, attr=*0x10120c40)
HLE: W {PPU[0x1] Thread (main_thread)[0x00fd41c8]} sysPrxForUser: sys_lwmutex_create(lwmutex=*0x20000110, attr=*0x10120c40)
HLE: W {PPU[0x1] Thread (main_thread)[0x00fd41c8]} sysPrxForUser: sys_lwmutex_create(lwmutex=*0x20000140, attr=*0x10120c40)
HLE: W {PPU[0x1] Thread (main_thread)[0x00a4e288]} sys_mutex: sys_mutex_create(mutex_id=*0x10310b18, attr=*0xd000f5f0)
HLE: W {PPU[0x1] Thread (main_thread)[0x00a4e288]} sys_mutex: sys_mutex_create(mutex_id=*0x10310ba0, attr=*0xd000f680)
HLE: W {PPU[0x1] Thread (main_thread)[0x008a305c]} sys_memory: sys_memory_container_create(cid=*0x10310a38, size=0x1000000)
HLE: W {PPU[0x1] Thread (main_thread)[0x008a9b80]} sys_memory: sys_memory_allocate(size=0x8200000, flags=0x400, alloc_addr=*0xd000f710)
HLE: W {PPU[0x1] Thread (main_thread)[0x00fd41c8]} sysPrxForUser: sys_lwmutex_create(lwmutex=*0x1030a0e8, attr=*0xd000f500)
HLE: W {PPU[0x1] Thread (main_thread)[0x008a9b80]} sys_memory: sys_memory_allocate(size=0x2000000, flags=0x400, alloc_addr=*0xd000f710)
HLE: W {PPU[0x1] Thread (main_thread)[0x00fd41c8]} sysPrxForUser: sys_lwmutex_create(lwmutex=*0x1030a738, attr=*0xd000f500)
HLE: W {PPU[0x1] Thread (main_thread)[0x00fd41c8]} sysPrxForUser: sys_lwmutex_create(lwmutex=*0x20000170, attr=*0x10120c40)
HLE: W {PPU[0x1] Thread (main_thread)[0x00fd41c8]} sysPrxForUser: sys_lwmutex_create(lwmutex=*0x200001a0, attr=*0x10120c40)
HLE: W {PPU[0x1] Thread (main_thread)[0x00fd41c8]} sysPrxForUser: sys_lwmutex_create(lwmutex=*0x200001d0, attr=*0x10120c40)
HLE: W {PPU[0x1] Thread (main_thread)[0x00fd41c8]} sysPrxForUser: sys_lwmutex_create(lwmutex=*0x20000200, attr=*0x10120c40)
HLE: W {PPU[0x1] Thread (main_thread)[0x00fd41c8]} sysPrxForUser: sys_lwmutex_create(lwmutex=*0x20000230, attr=*0x10120c40)
HLE: W {PPU[0x1] Thread (main_thread)[0x00fd41c8]} sysPrxForUser: sys_lwmutex_create(lwmutex=*0x20000260, attr=*0x10120c40)
HLE: W {PPU[0x1] Thread (main_thread)[0x00fd41c8]} sysPrxForUser: sys_lwmutex_create(lwmutex=*0x20000290, attr=*0x10120c40)
HLE: W {PPU[0x1] Thread (main_thread)[0x00fd41c8]} sysPrxForUser: sys_lwmutex_create(lwmutex=*0x200002c0, attr=*0x10120c40)
HLE: W {PPU[0x1] Thread (main_thread)[0x00fd41c8]} sysPrxForUser: sys_lwmutex_create(lwmutex=*0x200002f0, attr=*0x10120c40)
HLE: W {PPU[0x1] Thread (main_thread)[0x00fd41c8]} sysPrxForUser: sys_lwmutex_create(lwmutex=*0x20000320, attr=*0x10120c40)
HLE: W {PPU[0x1] Thread (main_thread)[0x00fd41c8]} sysPrxForUser: sys_lwmutex_create(lwmutex=*0x20000350, attr=*0x10120c40)
HLE: W {PPU[0x1] Thread (main_thread)[0x00fd41c8]} sysPrxForUser: sys_lwmutex_create(lwmutex=*0x20000380, attr=*0x10120c40)
HLE: W {PPU[0x1] Thread (main_thread)[0x00fd41c8]} sysPrxForUser: sys_lwmutex_create(lwmutex=*0x200003b0, attr=*0x10120c40)
HLE: W {PPU[0x1] Thread (main_thread)[0x00fd3668]} cellSysutil: cellVideoOutGetResolutionAvailability(videoOut=0, resolutionId=0x1, aspect=0, option=0)
HLE: W {PPU[0x1] Thread (main_thread)[0x00a4e288]} sys_mutex: sys_mutex_create(mutex_id=*0x1038b5c8, attr=*0xd000fa50)
HLE: W {PPU[0x1] Thread (main_thread)[0x00a4e288]} sys_mutex: sys_mutex_create(mutex_id=*0x1038b598, attr=*0xd000fa20)
HLE: W {PPU[0x1] Thread (main_thread)[0x00a5c350]} sys_mutex: sys_mutex_create(mutex_id=*0x1038b0a0, attr=*0xd000fa10)
HLE: W {PPU[0x1] Thread (main_thread)[0x00a4ce74]} sys_mutex: sys_mutex_create(mutex_id=*0x1038a220, attr=*0xd000fbb0)
HLE: W {PPU[0x1] Thread (main_thread)[0x00a4e288]} sys_mutex: sys_mutex_create(mutex_id=*0x10348cc8, attr=*0xd000fa80)
HLE: W {PPU[0x1] Thread (main_thread)[0x00a4e288]} sys_mutex: sys_mutex_create(mutex_id=*0x10348cb0, attr=*0xd000fa80)
HLE: W {PPU[0x1] Thread (main_thread)[0x00a4e288]} sys_mutex: sys_mutex_create(mutex_id=*0x103488a8, attr=*0xd000fa80)
HLE: W {PPU[0x1] Thread (main_thread)[0x00a4e55c]} sys_mutex: sys_mutex_create(mutex_id=*0x103057f0, attr=*0xd000f998)
HLE: W {PPU[0x1] Thread (main_thread)[0x00a4e61c]} sys_cond: sys_cond_create(cond_id=*0x103057ec, mutex_id=0x25, attr=*0xd000f980)
HLE: W {PPU[0x1] Thread (main_thread)[0x00a4e288]} sys_mutex: sys_mutex_create(mutex_id=*0x103049b8, attr=*0xd000faa0)
HLE: W {PPU[0x1] Thread (main_thread)[0x00a4e288]} sys_mutex: sys_mutex_create(mutex_id=*0x102e8b70, attr=*0xd000fa80)
HLE: W {PPU[0x1] Thread (main_thread)[0x00a4e288]} sys_mutex: sys_mutex_create(mutex_id=*0x102c7ca0, attr=*0xd000f960)
HLE: W {PPU[0x1] Thread (main_thread)[0x00a4e288]} sys_mutex: sys_mutex_create(mutex_id=*0x10286088, attr=*0xd000f810)
HLE: W {PPU[0x1] Thread (main_thread)[0x00fd33e8]} cellSysmodule: cellSysmoduleLoadModule(id=0x0017: CELL_SYSMODULE_IO)
HLE: W {PPU[0x1] Thread (main_thread)[0x00fd33e8]} cellSysmodule: cellSysmoduleLoadModule(id=0x000e: CELL_SYSMODULE_FS)
HLE: W {PPU[0x1] Thread (main_thread)[0x00fd33e8]} cellSysmodule: cellSysmoduleLoadModule(id=0x0000: CELL_SYSMODULE_NET)
HLE: W {PPU[0x1] Thread (main_thread)[0x00fd33e8]} cellSysmodule: cellSysmoduleLoadModule(id=0x0014: CELL_SYSMODULE_NETCTL)
HLE: W {PPU[0x1] Thread (main_thread)[0x00fd33e8]} cellSysmodule: cellSysmoduleLoadModule(id=0x0022: CELL_SYSMODULE_MIC)
HLE: W {PPU[0x1] Thread (main_thread)[0x00fd33e8]} cellSysmodule: cellSysmoduleLoadModule(id=0x0009: CELL_SYSMODULE_RTC)
HLE: W {PPU[0x1] Thread (main_thread)[0x00fd33e8]} cellSysmodule: cellSysmoduleLoadModule(id=0x0021: CELL_SYSMODULE_KEY2CHAR)
HLE: W {PPU[0x1] Thread (main_thread)[0x00fd33e8]} cellSysmodule: cellSysmoduleLoadModule(id=0x0016: CELL_SYSMODULE_SYSUTIL_NP)
HLE: W {PPU[0x1] Thread (main_thread)[0x00a4e288]} sys_mutex: sys_mutex_create(mutex_id=*0x27014238, attr=*0xd000f8e0)
HLE: W {PPU[0x1] Thread (main_thread)[0x00a4e288]} sys_mutex: sys_mutex_create(mutex_id=*0x27014268, attr=*0xd000f8e0)
HLE: W {PPU[0x1] Thread (main_thread)[0x00a4e288]} sys_mutex: sys_mutex_create(mutex_id=*0x270142b8, attr=*0xd000f8e0)
HLE: W {PPU[0x1] Thread (main_thread)[0x00a4e288]} sys_mutex: sys_mutex_create(mutex_id=*0x270142e8, attr=*0xd000f8e0)
HLE: W {PPU[0x1] Thread (main_thread)[0x00a4e288]} sys_mutex: sys_mutex_create(mutex_id=*0x27014338, attr=*0xd000f8e0)
HLE: W {PPU[0x1] Thread (main_thread)[0x00a4e288]} sys_mutex: sys_mutex_create(mutex_id=*0x27014368, attr=*0xd000f8e0)
HLE: W {PPU[0x1] Thread (main_thread)[0x00a4e288]} sys_mutex: sys_mutex_create(mutex_id=*0x270143b8, attr=*0xd000f8e0)
HLE: W {PPU[0x1] Thread (main_thread)[0x00a4e288]} sys_mutex: sys_mutex_create(mutex_id=*0x270143e8, attr=*0xd000f8e0)
HLE: W {PPU[0x1] Thread (main_thread)[0x00a4e288]} sys_mutex: sys_mutex_create(mutex_id=*0x27014438, attr=*0xd000f8e0)
HLE: W {PPU[0x1] Thread (main_thread)[0x00a4e288]} sys_mutex: sys_mutex_create(mutex_id=*0x27014468, attr=*0xd000f8e0)
HLE: W {PPU[0x1] Thread (main_thread)[0x00a4e288]} sys_mutex: sys_mutex_create(mutex_id=*0x270144b8, attr=*0xd000f8e0)
HLE: W {PPU[0x1] Thread (main_thread)[0x00a4e288]} sys_mutex: sys_mutex_create(mutex_id=*0x270144e8, attr=*0xd000f8e0)
HLE: W {PPU[0x1] Thread (main_thread)[0x00a4e288]} sys_mutex: sys_mutex_create(mutex_id=*0x27014538, attr=*0xd000f8e0)
HLE: W {PPU[0x1] Thread (main_thread)[0x00a4e288]} sys_mutex: sys_mutex_create(mutex_id=*0x27014568, attr=*0xd000f8e0)
HLE: W {PPU[0x1] Thread (main_thread)[0x00fd4188]} sysPrxForUser: sys_ppu_thread_create(thread_id=*0x10389818, entry=0x1068d28, arg=0x10389818, prio=1001, stacksize=0x20000, flags=0x1, threadname=*0x10389844)
HLE: W {PPU[0x1] Thread (main_thread)[0x00fd4188]} sys_ppu_thread: _sys_ppu_thread_create(thread_id=*0x10389818, param=*0xd000fb48, arg=0x10389818, unk=0x0, prio=1001, stacksize=0x20000, flags=0x1, threadname=*0x10389844)
HLE: W {PPU[0x1] Thread (main_thread)[0x00fd4188]} sys_ppu_thread: sys_ppu_thread_start(thread_id=0x39)
HLE: W {PPU[0x39] Thread (themain_thread)[0x00a4e55c]} sys_mutex: sys_mutex_create(mutex_id=*0x10305a44, attr=*0xd003fb78)
HLE: W {PPU[0x39] Thread (themain_thread)[0x00a4e61c]} sys_cond: sys_cond_create(cond_id=*0x10305a40, mutex_id=0x3a, attr=*0xd003fb60)
HLE: W {PPU[0x39] Thread (themain_thread)[0x00a4e55c]} sys_mutex: sys_mutex_create(mutex_id=*0x10305a54, attr=*0xd003fb78)
HLE: W {PPU[0x39] Thread (themain_thread)[0x00a4e61c]} sys_cond: sys_cond_create(cond_id=*0x10305a50, mutex_id=0x3c, attr=*0xd003fb60)
HLE: W {PPU[0x39] Thread (themain_thread)[0x00fd4188]} sysPrxForUser: sys_ppu_thread_create(thread_id=*0x10389868, entry=0x1068d28, arg=0x10389868, prio=1001, stacksize=0x10000, flags=0x1, threadname=*0x10389894)
HLE: W {PPU[0x39] Thread (themain_thread)[0x00fd4188]} sys_ppu_thread: _sys_ppu_thread_create(thread_id=*0x10389868, param=*0xd003faf8, arg=0x10389868, unk=0x0, prio=1001, stacksize=0x10000, flags=0x1, threadname=*0x10389894)
HLE: W {PPU[0x39] Thread (themain_thread)[0x00fd4188]} sys_ppu_thread: sys_ppu_thread_start(thread_id=0x3e)
HLE: W {PPU[0x39] Thread (themain_thread)[0x00fd4188]} sysPrxForUser: sys_ppu_thread_create(thread_id=*0x103898b8, entry=0x1068d28, arg=0x103898b8, prio=1001, stacksize=0x4000, flags=0x1, threadname=*0x103898e4)
HLE: W {PPU[0x39] Thread (themain_thread)[0x00fd4188]} sys_ppu_thread: _sys_ppu_thread_create(thread_id=*0x103898b8, param=*0xd003faf8, arg=0x103898b8, unk=0x0, prio=1001, stacksize=0x4000, flags=0x1, threadname=*0x103898e4)
HLE: W {PPU[0x39] Thread (themain_thread)[0x00fd4188]} sys_ppu_thread: sys_ppu_thread_start(thread_id=0x3f)
HLE: W {PPU[0x39] Thread (themain_thread)[0x00fd3648]} cellSysutil: cellSysutilRegisterCallback(slot=0, func=*0x1059260, userdata=*0x0)
HLE: S {PPU[0x39] Thread (themain_thread)[0x00fd36a8]} Last function: cellDiscGameGetBootDiscInfo (0xb72bc4e6)
G: ! {PPU[0x39] Thread (themain_thread)[0x00fd36a8]} Registers:
=========
GPR[0] = 0xd003fbb8
GPR[1] = 0xd003fb10
GPR[2] = 0x10a4048
GPR[3] = 0xd003fbb8
GPR[4] = 0x1
GPR[5] = 0x10bc000
GPR[6] = 0x3e9
GPR[7] = 0x4000
GPR[8] = 0x1
GPR[9] = 0x103ee98
GPR[10] = 0x10389904
GPR[11] = 0x102003d8
GPR[12] = 0x62000042
GPR[13] = 0x10c5490
GPR[14] = 0x0
GPR[15] = 0x0
GPR[16] = 0x0
GPR[17] = 0x0
GPR[18] = 0x0
GPR[19] = 0x0
GPR[20] = 0x0
GPR[21] = 0x0
GPR[22] = 0x0
GPR[23] = 0x0
GPR[24] = 0x0
GPR[25] = 0x0
GPR[26] = 0x10bc000
GPR[27] = 0x102c7c90
GPR[28] = 0x10305a08
GPR[29] = 0xd003fbb8
GPR[30] = 0x0
GPR[31] = 0x10305a00
FPR[0] = 0.0166667
FPR[1] = 0
FPR[2] = 0
FPR[3] = 0
FPR[4] = 0
FPR[5] = 0
FPR[6] = 0
FPR[7] = 0
FPR[8] = 0
FPR[9] = 0
FPR[10] = 0
FPR[11] = 0
FPR[12] = 0
FPR[13] = 0
FPR[14] = 0
FPR[15] = 0
FPR[16] = 0
FPR[17] = 0
FPR[18] = 0
FPR[19] = 0
FPR[20] = 0
FPR[21] = 0
FPR[22] = 0
FPR[23] = 0
FPR[24] = 0
FPR[25] = 0
FPR[26] = 0
FPR[27] = 0
FPR[28] = 0
FPR[29] = 0
FPR[30] = 0
FPR[31] = 0
VPR[0] = 0x00000000000000000000000000000000 [x: 0 y: 0 z: 0 w: 0]
VPR[1] = 0x00000000000000000000000000000000 [x: 0 y: 0 z: 0 w: 0]
VPR[2] = 0x00000000000000000000000000000000 [x: 0 y: 0 z: 0 w: 0]
VPR[3] = 0x00000000000000000000000000000000 [x: 0 y: 0 z: 0 w: 0]
VPR[4] = 0x00000000000000000000000000000000 [x: 0 y: 0 z: 0 w: 0]
VPR[5] = 0x00000000000000000000000000000000 [x: 0 y: 0 z: 0 w: 0]
VPR[6] = 0x00000000000000000000000000000000 [x: 0 y: 0 z: 0 w: 0]
VPR[7] = 0x00000000000000000000000000000000 [x: 0 y: 0 z: 0 w: 0]
VPR[8] = 0x00000000000000000000000000000000 [x: 0 y: 0 z: 0 w: 0]
VPR[9] = 0x00000000000000000000000000000000 [x: 0 y: 0 z: 0 w: 0]
VPR[10] = 0x00000000000000000000000000000000 [x: 0 y: 0 z: 0 w: 0]
VPR[11] = 0x00000000000000000000000000000000 [x: 0 y: 0 z: 0 w: 0]
VPR[12] = 0x00000000000000000000000000000000 [x: 0 y: 0 z: 0 w: 0]
VPR[13] = 0x00000000000000000000000000000000 [x: 0 y: 0 z: 0 w: 0]
VPR[14] = 0x00000000000000000000000000000000 [x: 0 y: 0 z: 0 w: 0]
VPR[15] = 0x00000000000000000000000000000000 [x: 0 y: 0 z: 0 w: 0]
VPR[16] = 0x00000000000000000000000000000000 [x: 0 y: 0 z: 0 w: 0]
VPR[17] = 0x00000000000000000000000000000000 [x: 0 y: 0 z: 0 w: 0]
VPR[18] = 0x00000000000000000000000000000000 [x: 0 y: 0 z: 0 w: 0]
VPR[19] = 0x00000000000000000000000000000000 [x: 0 y: 0 z: 0 w: 0]
VPR[20] = 0x00000000000000000000000000000000 [x: 0 y: 0 z: 0 w: 0]
VPR[21] = 0x00000000000000000000000000000000 [x: 0 y: 0 z: 0 w: 0]
VPR[22] = 0x00000000000000000000000000000000 [x: 0 y: 0 z: 0 w: 0]
VPR[23] = 0x00000000000000000000000000000000 [x: 0 y: 0 z: 0 w: 0]
VPR[24] = 0x00000000000000000000000000000000 [x: 0 y: 0 z: 0 w: 0]
VPR[25] = 0x00000000000000000000000000000000 [x: 0 y: 0 z: 0 w: 0]
VPR[26] = 0x00000000000000000000000000000000 [x: 0 y: 0 z: 0 w: 0]
VPR[27] = 0x00000000000000000000000000000000 [x: 0 y: 0 z: 0 w: 0]
VPR[28] = 0x00000000000000000000000000000000 [x: 0 y: 0 z: 0 w: 0]
VPR[29] = 0x00000000000000000000000000000000 [x: 0 y: 0 z: 0 w: 0]
VPR[30] = 0x00000000000000000000000000000000 [x: 0 y: 0 z: 0 w: 0]
VPR[31] = 0x00000000000000000000000000000000 [x: 0 y: 0 z: 0 w: 0]
CR = 0x42000082
LR = 0x42f468
CTR = 0x42fd28
XER = 0x20000000 [CA=1 | OV=8589934592 | SO=0]
FPSCR = 0x0 [RN=0 | NI=0 | XE=0 | ZE=0 | UE=0 | OE=0 | VE=0 | VXCVI=0 | VXSQRT=0 | VXSOFT=0 | FPRF=0 | FI=0 | FR=0 | VXVC=0 | VXIMZ=0 | VXZDZ=0 | VXIDI=0 | VXISI=0 | VXSNAN=0 | XX=0 | ZX=0 | UX=0 | OX=0 | VX=0 | FEX=0 | FX=0]

G: E {PPU[0x39] Thread (themain_thread)[0x00fd36a8]} Exception: 
(in file Emu\SysCalls\Modules\cellGame.cpp:683, in function cellDiscGameGetBootDiscInfo)
G: ! Stopping emulator...
G: ! All threads signaled...
G: ! {PPU[0x2] Thread (Callback Thread)[0x00000000]} Thread aborted
G: ! {PPU[0x3f] Thread (timer_thread)[0x0087a978]} Thread aborted
HLE: S {PPU[0x1] Thread (main_thread)[0x00a4d67c]} Last syscall: 107 (sys_cond_wait)
HLE: S {PPU[0x3e] Thread (load_thread)[0x00a4d67c]} Last syscall: 107 (sys_cond_wait)
G: ! {PPU[0x1] Thread (main_thread)[0x00a4d67c]} Thread aborted
G: ! {PPU[0x3e] Thread (load_thread)[0x00a4d67c]} Thread aborted
G: ! All threads stopped...
G: ! Objects cleared...
