LDR: E PSFLoader::Load() failed: unknown magic (0x0)
G: ! RPCS3 0.0.0.5 v0.0.0.5-2529-g286d296
G: ! 
G: ! Stopping emulator...
LDR: ! Loading 'D:/Emulateurs/Rpcs3/dev_hdd0/game/BLES00130-[TONY HAWK'S PROVING GROUND]/PS3_GAME/USRDIR/BOOT.BIN'...
G: W fs::file::open('D:/Emulateurs/Rpcs3/dev_hdd0/game/BLES00130-[TONY HAWK'S PROVING GROUND]/PS3_GAME/dev_bdvd.path', 0x1) failed: error 0x2
LDR: ! 
LDR: ! Mount info:
LDR: ! /dev_usb000/ -> D:/Emulateurs/Rpcs3/dev_usb000/
LDR: ! /dev_flash/ -> D:/Emulateurs/Rpcs3/dev_flash/
LDR: ! /host_root/ -> 
LDR: ! /dev_hdd0/ -> D:/Emulateurs/Rpcs3/dev_hdd0/
LDR: ! /dev_hdd1/ -> D:/Emulateurs/Rpcs3/dev_hdd1/
LDR: ! /dev_bdvd/ -> D:/Emulateurs/Rpcs3/dev_hdd0/game/BLES00130-[TONY HAWK'S PROVING GROUND]/
LDR: ! /dev_usb/ -> D:/Emulateurs/Rpcs3/dev_usb000/
LDR: ! 
LDR: ! Settings:
LDR: ! CPU: PPU Interpreter 2
LDR: ! SPU: SPU Recompiler (ASMJIT)
LDR: ! Renderer: DirectX 12
LDR: ! D3D Adapter: Default
LDR: ! Resolution: 1280x720
LDR: ! Write Depth Buffer: No
LDR: ! Write Color Buffers: No
LDR: ! Read Color Buffer: No
LDR: ! Audio Out: XAudio2
LDR: ! Log Everything: No
LDR: ! RSX Logging: No
LDR: ! 
LDR: ! Title: TONY HAWK'S PROVING GROUND
LDR: ! Serial: BLES00130
LDR: ! Elf path: /dev_bdvd/PS3_GAME/USRDIR/BOOT.BIN
LDR: ! 
LDR: ! loader::init() failed: Broken file
LDR: ! *** sdk version: 0x180002
LDR: ! *** primary prio: 1001
LDR: ! *** primary stacksize: 0x80000
LDR: ! *** malloc pagesize: 0x100000
LDR: ! *** ppc seg: 0x0
LDR: ! Imported function 'cellGcmGetTiledPitchSize' in 'cellGcmSys' module (0xdcd0ac)
LDR: ! Imported function 'cellGcmSetPrepareFlip' in 'cellGcmSys' module (0xdcd0cc)
LDR: ! Imported function '_cellGcmInitBody' in 'cellGcmSys' module (0xdcd0ec)
LDR: ! Imported function 'cellGcmAddressToOffset' in 'cellGcmSys' module (0xdcd10c)
LDR: ! Imported function 'cellGcmIoOffsetToAddress' in 'cellGcmSys' module (0xdcd12c)
LDR: ! Imported function '_cellGcmFunc15' in 'cellGcmSys' module (0xdcd14c)
LDR: ! Imported function 'cellGcmSetFlipMode' in 'cellGcmSys' module (0xdcd16c)
LDR: ! Imported function 'cellGcmSetDebugOutputLevel' in 'cellGcmSys' module (0xdcd18c)
LDR: ! Imported function 'cellGcmGetTimeStamp' in 'cellGcmSys' module (0xdcd1ac)
LDR: ! Imported function 'cellGcmGetReport' in 'cellGcmSys' module (0xdcd1cc)
LDR: ! Imported function 'cellGcmMapMainMemory' in 'cellGcmSys' module (0xdcd1ec)
LDR: ! Imported function 'cellGcmSetFlipHandler' in 'cellGcmSys' module (0xdcd20c)
LDR: ! Imported function 'cellGcmSetDisplayBuffer' in 'cellGcmSys' module (0xdcd22c)
LDR: ! Imported function 'cellGcmGetControlRegister' in 'cellGcmSys' module (0xdcd24c)
LDR: ! Imported function 'cellGcmSetVBlankHandler' in 'cellGcmSys' module (0xdcd26c)
LDR: ! Imported function 'cellGcmSetFlipImmediate' in 'cellGcmSys' module (0xdcd28c)
LDR: ! Imported function 'cellGcmSetInvalidateTile' in 'cellGcmSys' module (0xdcd2ac)
LDR: ! Imported function 'cellGcmSetTile' in 'cellGcmSys' module (0xdcd2cc)
LDR: ! Imported function 'cellGcmSetZcull' in 'cellGcmSys' module (0xdcd2ec)
LDR: ! Imported function 'cellGcmSetFlip' in 'cellGcmSys' module (0xdcd30c)
LDR: ! Imported function 'cellGcmSetWaitFlipUnsafe' in 'cellGcmSys' module (0xdcd32c)
LDR: ! Imported function 'cellGcmGetConfiguration' in 'cellGcmSys' module (0xdcd34c)
LDR: ! Imported function 'cellGcmUnmapEaIoAddress' in 'cellGcmSys' module (0xdcd36c)
LDR: ! Imported function 'cellPadInfoPressMode' in 'sys_io' module (0xdcd38c)
LDR: ! Imported function 'cellPadInit' in 'sys_io' module (0xdcd3ac)
LDR: ! Imported function 'cellPadGetInfo' in 'sys_io' module (0xdcd3cc)
LDR: ! Imported function 'cellPadInfoSensorMode' in 'sys_io' module (0xdcd3ec)
LDR: ! Imported function 'cellPadGetData' in 'sys_io' module (0xdcd40c)
LDR: ! Imported function 'cellPadSetSensorMode' in 'sys_io' module (0xdcd42c)
LDR: ! Imported function 'cellPadSetPressMode' in 'sys_io' module (0xdcd44c)
LDR: ! Imported function 'cellSysmoduleUnloadModule' in 'cellSysmodule' module (0xdcd46c)
LDR: ! Imported function 'cellSysmoduleLoadModule' in 'cellSysmodule' module (0xdcd48c)
LDR: ! Imported function 'sys_net_initialize_network_ex' in 'sys_net' module (0xdcd4ac)
LDR: ! Imported function 'listen' in 'sys_net' module (0xdcd4cc)
LDR: ! Imported function 'sys_net_get_sockinfo' in 'sys_net' module (0xdcd4ec)
LDR: ! Imported function 'socketselect' in 'sys_net' module (0xdcd50c)
LDR: ! Imported function '_sys_net_errno_loc' in 'sys_net' module (0xdcd52c)
LDR: ! Imported function 'connect' in 'sys_net' module (0xdcd54c)
LDR: ! Imported function 'socketclose' in 'sys_net' module (0xdcd56c)
LDR: ! Imported function 'setsockopt' in 'sys_net' module (0xdcd58c)
LDR: ! Imported function 'socket' in 'sys_net' module (0xdcd5ac)
LDR: ! Imported function 'shutdown' in 'sys_net' module (0xdcd5cc)
LDR: ! Imported function 'bind' in 'sys_net' module (0xdcd5ec)
LDR: ! Imported function 'sys_net_show_ifconfig' in 'sys_net' module (0xdcd60c)
LDR: ! Imported function 'sys_net_finalize_network' in 'sys_net' module (0xdcd62c)
LDR: ! Imported function '_sys_net_h_errno_loc' in 'sys_net' module (0xdcd64c)
LDR: ! Imported function 'accept' in 'sys_net' module (0xdcd66c)
LDR: ! Imported function 'inet_addr' in 'sys_net' module (0xdcd68c)
LDR: ! Imported function 'send' in 'sys_net' module (0xdcd6ac)
LDR: ! Imported function 'recv' in 'sys_net' module (0xdcd6cc)
LDR: ! Imported function 'recvfrom' in 'sys_net' module (0xdce92c)
LDR: ! Imported function 'gethostbyname' in 'sys_net' module (0xdce94c)
LDR: ! Imported function 'inet_ntoa' in 'sys_net' module (0xdce96c)
LDR: ! Imported function 'sys_net_abort_resolver' in 'sys_net' module (0xdce98c)
LDR: ! Imported function 'sendto' in 'sys_net' module (0xdce9ac)
LDR: ! Imported function 'sys_net_free_thread_context' in 'sys_net' module (0xdce9cc)
LDR: ! Imported function 'cellNetCtlNetStartDialogLoadAsync' in 'cellNetCtl' module (0xdcd6ec)
LDR: ! Imported function 'cellNetCtlNetStartDialogUnloadAsync' in 'cellNetCtl' module (0xdcd70c)
LDR: ! Imported function 'cellNetCtlTerm' in 'cellNetCtl' module (0xdcd72c)
LDR: ! Imported function 'cellNetCtlGetInfo' in 'cellNetCtl' module (0xdcd74c)
LDR: ! Imported function 'cellNetCtlGetState' in 'cellNetCtl' module (0xdcd76c)
LDR: ! Imported function 'cellNetCtlInit' in 'cellNetCtl' module (0xdcd78c)
LDR: ! Imported function 'cellSysutilUnregisterCallback' in 'cellSysutil' module (0xdcd7ac)
LDR: ! Imported function 'cellVideoOutConfigure' in 'cellSysutil' module (0xdcd7cc)
LDR: ! Imported function 'cellSysutilCheckCallback' in 'cellSysutil' module (0xdcd7ec)
LDR: ! Imported function 'cellSysCacheMount' in 'cellSysutil' module (0xdcd80c)
LDR: ! Imported function 'cellSaveDataListAutoLoad' in 'cellSysutil' module (0xdcd82c)
LDR: ! Imported function 'cellSysutilGetSystemParamInt' in 'cellSysutil' module (0xdcd84c)
LDR: ! Imported function 'cellAudioOutConfigure' in 'cellSysutil' module (0xdcd86c)
LDR: ! Imported function 'cellVideoOutGetState' in 'cellSysutil' module (0xdcd88c)
LDR: ! Imported function 'cellSaveDataAutoSave2' in 'cellSysutil' module (0xdcd8ac)
LDR: ! Imported function 'cellSysutilRegisterCallback' in 'cellSysutil' module (0xdcd8cc)
LDR: ! Imported function 'cellVideoOutGetResolutionAvailability' in 'cellSysutil' module (0xdcd8ec)
LDR: ! Imported function 'cellDiscGameGetBootDiscInfo' in 'cellSysutil' module (0xdcd90c)
LDR: ! Imported function 'cellAudioOutGetSoundAvailability' in 'cellSysutil' module (0xdcd92c)
LDR: ! Imported function 'cellGameDataCheckCreate2' in 'cellSysutil' module (0xdcd94c)
LDR: ! Imported function 'cellVideoOutGetResolution' in 'cellSysutil' module (0xdcd96c)
LDR: ! Imported function 'cellGameDataCheckCreate' in 'cellSysutil' module (0xdcd98c)
LDR: ! Imported function 'cellSaveDataDelete2' in 'cellSysutil' module (0xdcd9ac)
LDR: ! Imported function 'cellMsgDialogOpen' in 'cellSysutil' module (0xdcd9cc)
LDR: ! Imported function 'cellSaveDataAutoLoad2' in 'cellSysutil' module (0xdcd9ec)
LDR: ! Imported function 'cellFsFtruncate' in 'sys_fs' module (0xdcda0c)
LDR: ! Imported function 'cellFsRmdir' in 'sys_fs' module (0xdcda2c)
LDR: ! Imported function 'cellFsClose' in 'sys_fs' module (0xdcda4c)
LDR: ! Imported function 'cellFsOpendir' in 'sys_fs' module (0xdcda6c)
LDR: ! Imported function 'cellFsRead' in 'sys_fs' module (0xdcda8c)
LDR: ! Imported function 'cellFsReaddir' in 'sys_fs' module (0xdcdaac)
LDR: ! Imported function 'cellFsOpen' in 'sys_fs' module (0xdcdacc)
LDR: ! Imported function 'cellFsStat' in 'sys_fs' module (0xdcdaec)
LDR: ! Imported function 'cellFsUnlink' in 'sys_fs' module (0xdcdb0c)
LDR: ! Imported function 'cellFsFsync' in 'sys_fs' module (0xdcdb2c)
LDR: ! Imported function 'cellFsLseek' in 'sys_fs' module (0xdcdb4c)
LDR: ! Imported function 'cellFsMkdir' in 'sys_fs' module (0xdcdb6c)
LDR: ! Imported function 'cellFsWrite' in 'sys_fs' module (0xdcdb8c)
LDR: ! Imported function 'cellFsFstat' in 'sys_fs' module (0xdcdbac)
LDR: ! Imported function 'cellFsClosedir' in 'sys_fs' module (0xdcdbcc)
LDR: ! Imported function 'cellUsbdInterruptTransfer' in 'cellUsbd' module (0xdcdbec)
LDR: ! Imported function 'cellUsbdClosePipe' in 'cellUsbd' module (0xdcdc0c)
LDR: ! Imported function 'cellSpursEventFlagDetachLv2EventQueue' in 'cellSpurs' module (0xdcdc2c)
LDR: ! Imported function 'cellSpursEnableExceptionEventHandler' in 'cellSpurs' module (0xdcdc4c)
LDR: ! Imported function 'cellSpursEventFlagWait' in 'cellSpurs' module (0xdcdc6c)
LDR: ! Imported function 'cellSpursDetachLv2EventQueue' in 'cellSpurs' module (0xdcdc8c)
LDR: ! Imported function 'cellSpursCreateTaskset' in 'cellSpurs' module (0xdcdcac)
LDR: ! Imported function 'cellSpursRemoveWorkload' in 'cellSpurs' module (0xdcdccc)
LDR: ! Imported function '_cellSpursEventFlagInitialize' in 'cellSpurs' module (0xdcdcec)
LDR: ! Imported function 'cellSpursWaitForWorkloadShutdown' in 'cellSpurs' module (0xdcdd0c)
LDR: ! Imported function 'cellSpursAddWorkload' in 'cellSpurs' module (0xdcdd2c)
LDR: ! Imported function 'cellSpursGetSpuThreadId' in 'cellSpurs' module (0xdcdd4c)
LDR: ! Imported function 'cellSpursWakeUp' in 'cellSpurs' module (0xdcdd6c)
LDR: ! Imported function 'cellSpursEventFlagAttachLv2EventQueue' in 'cellSpurs' module (0xdcdd8c)
LDR: ! Imported function 'cellSpursShutdownWorkload' in 'cellSpurs' module (0xdcddac)
LDR: ! Imported function 'cellSpursJoinTaskset' in 'cellSpurs' module (0xdcddcc)
LDR: ! Imported function 'cellSpursShutdownTaskset' in 'cellSpurs' module (0xdcddec)
LDR: ! Imported function 'cellSpursInitialize' in 'cellSpurs' module (0xdcde0c)
LDR: ! Imported function 'cellSpursAttachLv2EventQueue' in 'cellSpurs' module (0xdcde2c)
LDR: ! Imported function 'cellSpursCreateTask' in 'cellSpurs' module (0xdcde4c)
LDR: ! Imported function 'cellSpursFinalize' in 'cellSpurs' module (0xdcde6c)
LDR: ! Imported function 'cellSpursSetExceptionEventHandler' in 'cellSpurs' module (0xdcde8c)
LDR: ! Imported function 'cellSpursEventFlagSet' in 'cellSpurs' module (0xdcdeac)
LDR: ! Imported function 'cellSpursReadyCountStore' in 'cellSpurs' module (0xdcdecc)
LDR: ! Imported function 'cellAudioInit' in 'cellAudio' module (0xdcdeec)
LDR: ! Imported function 'cellAudioSetNotifyEventQueue' in 'cellAudio' module (0xdcdf0c)
LDR: ! Imported function 'cellAudioGetPortTimestamp' in 'cellAudio' module (0xdcdf2c)
LDR: ! Imported function 'cellAudioPortClose' in 'cellAudio' module (0xdcdf4c)
LDR: ! Imported function 'cellAudioPortStop' in 'cellAudio' module (0xdcdf6c)
LDR: ! Imported function 'cellAudioGetPortConfig' in 'cellAudio' module (0xdcdf8c)
LDR: ! Imported function 'cellAudioPortStart' in 'cellAudio' module (0xdcdfac)
LDR: ! Imported function 'cellAudioQuit' in 'cellAudio' module (0xdcdfcc)
LDR: ! Imported function 'cellAudioPortOpen' in 'cellAudio' module (0xdcdfec)
LDR: ! Imported function 'cellAudioGetPortBlockTag' in 'cellAudio' module (0xdce00c)
LDR: ! Imported function 'cellAudioRemoveNotifyEventQueue' in 'cellAudio' module (0xdce02c)
LDR: ! Imported function 'cellSyncLFQueueSize' in 'cellSync' module (0xdce04c)
LDR: ! Imported function 'cellSyncMutexLock' in 'cellSync' module (0xdce06c)
LDR: ! Imported function 'cellSyncLFQueueClear' in 'cellSync' module (0xdce08c)
LDR: ! Imported function 'cellSyncQueueInitialize' in 'cellSync' module (0xdce0ac)
LDR: ! Imported function 'cellSyncQueuePush' in 'cellSync' module (0xdce0cc)
LDR: ! Imported function 'cellSyncMutexUnlock' in 'cellSync' module (0xdce0ec)
LDR: ! Imported function 'cellSyncQueueTryPop' in 'cellSync' module (0xdce10c)
LDR: ! Imported function 'cellSyncMutexInitialize' in 'cellSync' module (0xdce12c)
LDR: ! Imported function 'cellSyncLFQueueInitialize' in 'cellSync' module (0xdce14c)
LDR: ! Imported function '_cellSyncLFQueuePushBody' in 'cellSync' module (0xdce16c)
LDR: ! Imported function 'cellSyncMutexTryLock' in 'cellSync' module (0xdce18c)
LDR: ! Imported function 'cellRtcGetCurrentClockLocalTime' in 'cellRtc' module (0xdce1ac)
LDR: ! Imported function 'cellRtcSetTick' in 'cellRtc' module (0xdce1cc)
LDR: ! Imported function 'cellRtcSetTime_t' in 'cellRtc' module (0xdce1ec)
LDR: ! Imported function 'cellRtcConvertUtcToLocalTime' in 'cellRtc' module (0xdce20c)
LDR: ! Imported function 'cellRtcGetTick' in 'cellRtc' module (0xdce22c)
LDR: ! Imported function 'cellAtracGetBitrate' in 'cellAtrac' module (0xdce24c)
LDR: ! Imported function 'cellAtracGetChannel' in 'cellAtrac' module (0xdce26c)
LDR: ! Imported function 'cellAtracGetStreamDataInfo' in 'cellAtrac' module (0xdce28c)
LDR: ! Imported function 'cellAtracAddStreamData' in 'cellAtrac' module (0xdce2ac)
LDR: ! Imported function 'cellAtracGetMaxSample' in 'cellAtrac' module (0xdce2cc)
LDR: ! Imported function 'cellAtracSetDataAndGetMemSize' in 'cellAtrac' module (0xdce2ec)
LDR: ! Imported function 'cellAtracDeleteDecoder' in 'cellAtrac' module (0xdce30c)
LDR: ! Imported function 'cellAtracResetPlayPosition' in 'cellAtrac' module (0xdce32c)
LDR: ! Imported function 'cellAtracSetLoopNum' in 'cellAtrac' module (0xdce34c)
LDR: ! Imported function 'cellAtracDecode' in 'cellAtrac' module (0xdce36c)
LDR: ! Imported function 'cellAtracGetBufferInfoForResetting' in 'cellAtrac' module (0xdce38c)
LDR: ! Imported function 'cellAtracGetSoundInfo' in 'cellAtrac' module (0xdce3ac)
LDR: ! Imported function 'cellAtracGetRemainFrame' in 'cellAtrac' module (0xdce3cc)
LDR: ! Imported function 'cellAtracCreateDecoder' in 'cellAtrac' module (0xdce3ec)
LDR: ! Imported function 'sceNpManagerGetTicket' in 'sceNp' module (0xdce40c)
LDR: ! Imported function 'sceNpTerm' in 'sceNp' module (0xdce42c)
LDR: ! Imported function 'sceNpManagerGetTicketParam' in 'sceNp' module (0xdce44c)
LDR: ! Imported function 'sceNpManagerGetContentRatingFlag' in 'sceNp' module (0xdce46c)
LDR: ! Imported function 'sceNpManagerRequestTicket' in 'sceNp' module (0xdce48c)
LDR: ! Imported function 'sceNpManagerGetStatus' in 'sceNp' module (0xdce4ac)
LDR: ! Imported function 'sceNpDrmIsAvailable' in 'sceNp' module (0xdce4cc)
LDR: ! Imported function 'sceNpInit' in 'sceNp' module (0xdce4ec)
LDR: ! Imported function 'sceNpManagerGetOnlineId' in 'sceNp' module (0xdce50c)
LDR: ! Imported function 'sceNpManagerRegisterCallback' in 'sceNp' module (0xdce52c)
LDR: ! Imported function 'sceNpManagerGetChatRestrictionFlag' in 'sceNp' module (0xdce54c)
LDR: ! Imported function 'sceNpManagerGetNpId' in 'sceNp' module (0xdce56c)
LDR: ! Imported function 'cellMicOpenEx' in 'cellMic' module (0xdce58c)
LDR: ! Imported function 'cellMicRead' in 'cellMic' module (0xdce5ac)
LDR: ! Imported function 'cellMicGetDeviceAttr' in 'cellMic' module (0xdce5cc)
LDR: ! Imported function 'cellMicReset' in 'cellMic' module (0xdce5ec)
LDR: ! Imported function 'cellMicSetNotifyEventQueue' in 'cellMic' module (0xdce60c)
LDR: ! Imported function 'cellMicInit' in 'cellMic' module (0xdce62c)
LDR: ! Imported function 'cellMicGetFormatDsp' in 'cellMic' module (0xdce64c)
LDR: ! Imported function 'cellMicClose' in 'cellMic' module (0xdce66c)
LDR: ! Imported function 'cellMicGetType' in 'cellMic' module (0xdce68c)
LDR: ! Imported function 'cellMicSetDeviceAttr' in 'cellMic' module (0xdce6ac)
LDR: ! Imported function 'cellMicGetSignalState' in 'cellMic' module (0xdce6cc)
LDR: ! Imported function 'cellMicEnd' in 'cellMic' module (0xdce6ec)
LDR: ! Imported function 'cellMicStart' in 'cellMic' module (0xdce70c)
LDR: ! Imported function 'cellCelpEncClose' in 'cellCelpEnc' module (0xdce72c)
LDR: ! Imported function 'cellCelpEncGetAu' in 'cellCelpEnc' module (0xdce74c)
LDR: ! Imported function 'cellCelpEncStart' in 'cellCelpEnc' module (0xdce76c)
LDR: ! Imported function 'cellCelpEncQueryAttr' in 'cellCelpEnc' module (0xdce78c)
LDR: ! Imported function 'cellCelpEncOpen' in 'cellCelpEnc' module (0xdce7ac)
LDR: ! Imported function 'cellCelpEncEncodeFrame' in 'cellCelpEnc' module (0xdce7cc)
LDR: ! Imported function 'cellCelpEncWaitForOutput' in 'cellCelpEnc' module (0xdce7ec)
LDR: ! Imported function 'cellCelpEncEnd' in 'cellCelpEnc' module (0xdce80c)
LDR: ! Imported function 'cellAdecDecodeAu' in 'cellAdec' module (0xdce82c)
LDR: ! Imported function 'cellAdecStartSeq' in 'cellAdec' module (0xdce84c)
LDR: ! Imported function 'cellAdecQueryAttr' in 'cellAdec' module (0xdce86c)
LDR: ! Imported function 'cellAdecClose' in 'cellAdec' module (0xdce88c)
LDR: ! Imported function 'cellAdecGetPcm' in 'cellAdec' module (0xdce8ac)
LDR: ! Imported function 'cellAdecGetPcmItem' in 'cellAdec' module (0xdce8cc)
LDR: ! Imported function 'cellAdecOpen' in 'cellAdec' module (0xdce8ec)
LDR: ! Imported function 'cellAdecEndSeq' in 'cellAdec' module (0xdce90c)
LDR: ! Imported function 'sys_lwmutex_lock' in 'sysPrxForUser' module (0xdce9ec)
LDR: ! Imported function 'sys_lwmutex_unlock' in 'sysPrxForUser' module (0xdcea0c)
LDR: ! Imported function 'sys_ppu_thread_create' in 'sysPrxForUser' module (0xdcea2c)
LDR: ! Imported function '_sys_process_atexitspawn' in 'sysPrxForUser' module (0xdcea4c)
LDR: ! Imported function 'sys_lwmutex_create' in 'sysPrxForUser' module (0xdcea6c)
LDR: ! Imported function 'sys_ppu_thread_get_id' in 'sysPrxForUser' module (0xdcea8c)
LDR: ! Imported function '_sys_heap_malloc' in 'sysPrxForUser' module (0xdceaac)
LDR: ! Imported function 'sys_mmapper_free_memory' in 'sysPrxForUser' module (0xdceacc)
LDR: ! Imported function '_sys_heap_memalign' in 'sysPrxForUser' module (0xdceaec)
LDR: ! Imported function 'sys_mmapper_unmap_memory' in 'sysPrxForUser' module (0xdceb0c)
LDR: ! Imported function 'sys_spinlock_unlock' in 'sysPrxForUser' module (0xdceb2c)
LDR: ! Imported function 'sys_spinlock_trylock' in 'sysPrxForUser' module (0xdceb4c)
LDR: ! Imported function 'sys_initialize_tls' in 'sysPrxForUser' module (0xdceb6c)
LDR: ! Imported function 'sys_time_get_system_time' in 'sysPrxForUser' module (0xdceb8c)
LDR: ! Imported function '_sys_heap_free' in 'sysPrxForUser' module (0xdcebac)
LDR: ! Imported function 'sys_spinlock_initialize' in 'sysPrxForUser' module (0xdcebcc)
LDR: ! Imported function 'sys_spinlock_lock' in 'sysPrxForUser' module (0xdcebec)
LDR: ! Imported function 'sys_prx_exitspawn_with_level' in 'sysPrxForUser' module (0xdcec0c)
LDR: ! Imported function 'sys_lwmutex_trylock' in 'sysPrxForUser' module (0xdcec2c)
LDR: ! Imported function '_sys_heap_delete_heap' in 'sysPrxForUser' module (0xdcec4c)
LDR: ! Imported function 'sys_ppu_thread_exit' in 'sysPrxForUser' module (0xdcec6c)
LDR: ! Imported function 'sys_mmapper_allocate_memory' in 'sysPrxForUser' module (0xdcec8c)
LDR: ! Imported function '_sys_heap_create_heap' in 'sysPrxForUser' module (0xdcecac)
LDR: ! Imported function 'sys_lwmutex_destroy' in 'sysPrxForUser' module (0xdceccc)
LDR: ! Imported function 'sys_mmapper_map_memory' in 'sysPrxForUser' module (0xdcecec)
LDR: ! Imported function 'sys_spu_image_close' in 'sysPrxForUser' module (0xdced0c)
LDR: ! Imported function 'sys_process_exit' in 'sysPrxForUser' module (0xdced2c)
LDR: ! Imported function 'sys_spu_image_import' in 'sysPrxForUser' module (0xdced4c)
LDR: ! Imported function 'console_write' in 'sysPrxForUser' module (0xdced6c)
MEM: ! Thread Local Storage initialized (g_tls_start=0xe89000, user_size=0x9e0)
*** TLS segment addr: 0x00e88f28
*** TLS segment size: 0x00000008
HLE: W {PPU[0x1] Thread (main_thread)[0x00dcea6c]} sysPrxForUser: sys_lwmutex_create(lwmutex=*0x107c0c70, attr=*0x1003c0b4)
HLE: W {PPU[0x1] Thread (main_thread)[0x00dcea6c]} sysPrxForUser: sys_lwmutex_create(lwmutex=*0x107c0c88, attr=*0x1003c0b4)
HLE: W {PPU[0x1] Thread (main_thread)[0x00a444fc]} sys_memory: sys_memory_allocate(size=0x100000, flags=0x400, alloc_addr=*0xd007fb70)
HLE: W {PPU[0x1] Thread (main_thread)[0x00dcea6c]} sysPrxForUser: sys_lwmutex_create(lwmutex=*0x20000020, attr=*0x1003c0b4)
HLE: W {PPU[0x1] Thread (main_thread)[0x00dcea6c]} sysPrxForUser: sys_lwmutex_create(lwmutex=*0x20000050, attr=*0x1003c0b4)
HLE: W {PPU[0x1] Thread (main_thread)[0x00dcea6c]} sysPrxForUser: sys_lwmutex_create(lwmutex=*0x20000080, attr=*0x1003c0b4)
HLE: W {PPU[0x1] Thread (main_thread)[0x00dcea6c]} sysPrxForUser: sys_lwmutex_create(lwmutex=*0x200000b0, attr=*0x1003c0b4)
HLE: W {PPU[0x1] Thread (main_thread)[0x00dcea6c]} sysPrxForUser: sys_lwmutex_create(lwmutex=*0x200000e0, attr=*0x1003c0b4)
HLE: W {PPU[0x1] Thread (main_thread)[0x00dcea6c]} sysPrxForUser: sys_lwmutex_create(lwmutex=*0x20000110, attr=*0x1003c0b4)
HLE: W {PPU[0x1] Thread (main_thread)[0x00dcea6c]} sysPrxForUser: sys_lwmutex_create(lwmutex=*0x20000140, attr=*0x1003c0b4)
HLE: E {PPU[0x1] Thread (main_thread)[0x0068c2a0]} sys_mmapper: sys_mmapper_allocate_address(size=0x10000000, flags=0x40a, alignment=0x0, alloc_addr=*0xd007faa0)
HLE: W {PPU[0x1] Thread (main_thread)[0x00dcec8c]} sys_mmapper: sys_mmapper_allocate_memory(size=0xa600000, flags=0x400, mem_id=*0x1075aea8)
HLE: E {PPU[0x1] Thread (main_thread)[0x00dcecec]} sys_mmapper: sys_mmapper_map_memory(addr=0x0, mem_id=0xc, flags=0x40000)
HLE: E {PPU[0x1] Thread (main_thread)[0x0068c348]} sys_mmapper: sys_mmapper_allocate_address(size=0x10000000, flags=0x40a, alignment=0x0, alloc_addr=*0xd007faa0)
HLE: W {PPU[0x1] Thread (main_thread)[0x00dcec8c]} sys_mmapper: sys_mmapper_allocate_memory(size=0x800000, flags=0x400, mem_id=*0x1075aea4)
HLE: E {PPU[0x1] Thread (main_thread)[0x00dcecec]} sys_mmapper: sys_mmapper_map_memory(addr=0x0, mem_id=0xd, flags=0x40000)
TTY: About to test HEAP_SWAP address space.  The message 'page fault handler (DSI): invalid access address 0x70000000!' indicates a failure.\n
G: ! {PPU[0x1] Thread (main_thread)[0x0068c3a0]} Registers:
=========
GPR[0] = 0xc8
GPR[1] = 0xd007fa30
GPR[2] = 0xe7d9a0
GPR[3] = 0x0
GPR[4] = 0x20000160
GPR[5] = 0x200001e8
GPR[6] = 0xd007f880
GPR[7] = 0x6174657320612066
GPR[8] = 0x6e76616c69642061
GPR[9] = 0x0
GPR[10] = 0x4
GPR[11] = 0x0
GPR[12] = 0x4
GPR[13] = 0xe90030
GPR[14] = 0x0
GPR[15] = 0xded000
GPR[16] = 0xdec000
GPR[17] = 0x0
GPR[18] = 0xdeb000
GPR[19] = 0x100000
GPR[20] = 0x0
GPR[21] = 0x0
GPR[22] = 0x0
GPR[23] = 0x0
GPR[24] = 0x1075aeb0
GPR[25] = 0xd007faa0
GPR[26] = 0x1075ae9c
GPR[27] = 0x0
GPR[28] = 0x0
GPR[29] = 0x1075aea0
GPR[30] = 0x1
GPR[31] = 0x1075a7f8
FPR[0] = 0
FPR[1] = 0
FPR[2] = 0
FPR[3] = 0
FPR[4] = 0
FPR[5] = 0
FPR[6] = 0
FPR[7] = 0
FPR[8] = 0
FPR[9] = 0
FPR[10] = 0
FPR[11] = 0
FPR[12] = 0
FPR[13] = 0
FPR[14] = 0
FPR[15] = 0
FPR[16] = 0
FPR[17] = 0
FPR[18] = 0
FPR[19] = 0
FPR[20] = 0
FPR[21] = 0
FPR[22] = 0
FPR[23] = 0
FPR[24] = 0
FPR[25] = 0
FPR[26] = 0
FPR[27] = 0
FPR[28] = 0
FPR[29] = 0
FPR[30] = 0
FPR[31] = 0
VPR[0] = 0x00000000000000000000000000000000 [x: 0 y: 0 z: 0 w: 0]
VPR[1] = 0x00000000000000000000000000000000 [x: 0 y: 0 z: 0 w: 0]
VPR[2] = 0x00000000000000000000000000000000 [x: 0 y: 0 z: 0 w: 0]
VPR[3] = 0x4c4d4d4d4d4d4d4d4d4d4d4d4c452405 [x: 5.38187e+07 y: 2.15275e+08 z: 2.15275e+08 w: 5.16793e+07]
VPR[4] = 0x0000000000000000000000020f29404a [x: 0 y: 0 z: 2.8026e-45 w: 8.34472e-30]
VPR[5] = 0x00000000000000000000000000000000 [x: 0 y: 0 z: 0 w: 0]
VPR[6] = 0x00000000000000000000000000000000 [x: 0 y: 0 z: 0 w: 0]
VPR[7] = 0x00000000000000000000000000000000 [x: 0 y: 0 z: 0 w: 0]
VPR[8] = 0x2d3f484b4c4d4d4d4c4c4a422b0d0100 [x: 1.08731e-11 y: 5.38187e+07 z: 5.35534e+07 w: 5.00947e-13]
VPR[9] = 0x00000000000000000000000000000717 [x: 0 y: 0 z: 0 w: 2.54336e-42]
VPR[10] = 0x00000000000000000000000000000000 [x: 0 y: 0 z: 0 w: 0]
VPR[11] = 0x00000000000000000000000000000000 [x: 0 y: 0 z: 0 w: 0]
VPR[12] = 0x00000000000000000000000000000000 [x: 0 y: 0 z: 0 w: 0]
VPR[13] = 0x00050e1a252d32312c21140701000000 [x: 4.64236e-40 y: 1.50224e-16 z: 2.28906e-12 w: 2.35099e-38]
VPR[14] = 0x00000000000000000000000000000000 [x: 0 y: 0 z: 0 w: 0]
VPR[15] = 0x00000000000000000000000000000000 [x: 0 y: 0 z: 0 w: 0]
VPR[16] = 0x00000000000000000000000000000000 [x: 0 y: 0 z: 0 w: 0]
VPR[17] = 0x00000000000000000000000000000000 [x: 0 y: 0 z: 0 w: 0]
VPR[18] = 0x00000000000000000000000000000000 [x: 0 y: 0 z: 0 w: 0]
VPR[19] = 0x00000000000000000000000000000000 [x: 0 y: 0 z: 0 w: 0]
VPR[20] = 0x00000000000000000000000000000000 [x: 0 y: 0 z: 0 w: 0]
VPR[21] = 0x00200fc6430000430000000000000000 [x: 2.94439e-39 y: 128.001 z: 0 w: 0]
VPR[22] = 0x000000000234df3000000000022bf3b0 [x: 0 y: 1.32884e-37 z: 0 w: 1.2633e-37]
VPR[23] = 0x00000000000000000000000000000000 [x: 0 y: 0 z: 0 w: 0]
VPR[24] = 0x00000000000000000000000000000000 [x: 0 y: 0 z: 0 w: 0]
VPR[25] = 0x00000000000000000000000000000000 [x: 0 y: 0 z: 0 w: 0]
VPR[26] = 0x00000000000000000000000000000000 [x: 0 y: 0 z: 0 w: 0]
VPR[27] = 0x00000000000000000000000000000000 [x: 0 y: 0 z: 0 w: 0]
VPR[28] = 0x00000000000000000000000000000000 [x: 0 y: 0 z: 0 w: 0]
VPR[29] = 0x00000000000000000000000000000000 [x: 0 y: 0 z: 0 w: 0]
VPR[30] = 0x00000000000000000000000000000000 [x: 0 y: 0 z: 0 w: 0]
VPR[31] = 0x00000000000000000000000000000000 [x: 0 y: 0 z: 0 w: 0]
CR = 0x44000042
LR = 0x68c394
CTR = 0x0
XER = 0x20000000 [CA=1 | OV=8589934592 | SO=0]
FPSCR = 0x0 [RN=0 | NI=0 | XE=0 | ZE=0 | UE=0 | OE=0 | VE=0 | VXCVI=0 | VXSQRT=0 | VXSOFT=0 | FPRF=0 | FI=0 | FR=0 | VXVC=0 | VXIMZ=0 | VXZDZ=0 | VXIDI=0 | VXISI=0 | VXSNAN=0 | XX=0 | ZX=0 | UX=0 | OX=0 | VX=0 | FEX=0 | FX=0]

G: E {PPU[0x1] Thread (main_thread)[0x0068c3a0]} Exception: Access violation writing location 0x0
(in file ..\Utilities\Thread.cpp:1122, in function _se_translator)
G: ! Stopping emulator...
G: ! All threads signaled...
G: ! {PPU[0x2] Thread (Callback Thread)[0x00000000]} Thread aborted
G: ! All threads stopped...
G: ! Objects cleared...
