LDR: E PSFLoader::Load() failed: unknown magic (0x0)
G: ! RPCS3 v0.0.0.5-2539-g316959f
G: ! 
G: ! Stopping emulator...
LDR: ! Loading 'D:/Emulateurs/Rpcs3/dev_hdd0/game/BLES00834-[YAKUZA 3]/PS3_GAME/USRDIR/BOOT.BIN'...
G: W fs::file::open('D:/Emulateurs/Rpcs3/dev_hdd0/game/BLES00834-[YAKUZA 3]/PS3_GAME/dev_bdvd.path', 0x1) failed: error 0x2
LDR: ! 
LDR: ! Mount info:
LDR: ! /dev_usb000/ -> D:/Emulateurs/Rpcs3/dev_usb000/
LDR: ! /dev_flash/ -> D:/Emulateurs/Rpcs3/dev_flash/
LDR: ! /host_root/ -> 
LDR: ! /dev_hdd0/ -> D:/Emulateurs/Rpcs3/dev_hdd0/
LDR: ! /dev_hdd1/ -> D:/Emulateurs/Rpcs3/dev_hdd1/
LDR: ! /dev_bdvd/ -> D:/Emulateurs/Rpcs3/dev_hdd0/game/BLES00834-[YAKUZA 3]/
LDR: ! /dev_usb/ -> D:/Emulateurs/Rpcs3/dev_usb000/
LDR: ! 
LDR: ! Settings:
LDR: ! CPU: PPU Interpreter 2
LDR: ! SPU: SPU Recompiler (ASMJIT)
LDR: ! Renderer: DirectX 12
LDR: ! D3D Adapter: Default
LDR: ! Resolution: 1280x720
LDR: ! Write Depth Buffer: No
LDR: ! Write Color Buffers: No
LDR: ! Read Color Buffer: No
LDR: ! Audio Out: XAudio2
LDR: ! Log Everything: No
LDR: ! RSX Logging: No
LDR: ! 
LDR: ! Title: YAKUZA 3
LDR: ! Serial: BLES00834
LDR: ! Elf path: /dev_bdvd/PS3_GAME/USRDIR/BOOT.BIN
LDR: ! 
LDR: ! loader::init() failed: Broken file
LDR: ! *** sdk version: 0x270001
LDR: ! *** primary prio: 1001
LDR: ! *** primary stacksize: 0x20000
LDR: ! *** malloc pagesize: 0x100000
LDR: ! *** ppc seg: 0x0
LDR: ! Imported function 'cellAudioInit' in 'cellAudio' module (0xd92924)
LDR: ! Imported function 'cellAudioQuit' in 'cellAudio' module (0xd92944)
LDR: ! Imported function 'cellAudioSetNotifyEventQueue' in 'cellAudio' module (0xd93d24)
LDR: ! Imported function 'cellAudioGetPortTimestamp' in 'cellAudio' module (0xd93d44)
LDR: ! Imported function 'cellAudioPortClose' in 'cellAudio' module (0xd93d64)
LDR: ! Imported function 'cellAudioPortStop' in 'cellAudio' module (0xd93d84)
LDR: ! Imported function 'cellAudioGetPortConfig' in 'cellAudio' module (0xd93da4)
LDR: ! Imported function 'cellAudioPortStart' in 'cellAudio' module (0xd93dc4)
LDR: ! Imported function 'cellAudioPortOpen' in 'cellAudio' module (0xd93de4)
LDR: ! Imported function 'cellAudioGetPortBlockTag' in 'cellAudio' module (0xd93e04)
LDR: ! Imported function 'cellAudioRemoveNotifyEventQueue' in 'cellAudio' module (0xd93e24)
LDR: ! Imported function 'sceNpTrophyRegisterContext' in 'sceNpTrophy' module (0xd92964)
LDR: ! Imported function 'sceNpTrophyCreateHandle' in 'sceNpTrophy' module (0xd92984)
LDR: ! Imported function 'sceNpTrophyGetRequiredDiskSpace' in 'sceNpTrophy' module (0xd929a4)
LDR: ! Imported function 'sceNpTrophyDestroyContext' in 'sceNpTrophy' module (0xd929c4)
LDR: ! Imported function 'sceNpTrophyInit' in 'sceNpTrophy' module (0xd929e4)
LDR: ! Imported function 'sceNpTrophyDestroyHandle' in 'sceNpTrophy' module (0xd92a04)
LDR: ! Imported function 'sceNpTrophyUnlockTrophy' in 'sceNpTrophy' module (0xd92a24)
LDR: ! Imported function 'sceNpTrophyTerm' in 'sceNpTrophy' module (0xd92a44)
LDR: ! Imported function 'sceNpTrophyCreateContext' in 'sceNpTrophy' module (0xd92a64)
LDR: ! Imported function 'cellGameContentErrorDialog' in 'cellGame' module (0xd92a84)
LDR: ! Imported function 'cellGameGetParamString' in 'cellGame' module (0xd932c4)
LDR: ! Imported function 'cellGameCreateGameData' in 'cellGame' module (0xd932e4)
LDR: ! Imported function 'cellGameContentPermit' in 'cellGame' module (0xd93304)
LDR: ! Imported function 'cellGameDataCheck' in 'cellGame' module (0xd93324)
LDR: ! Imported function 'cellFsClose' in 'sys_fs' module (0xd92aa4)
LDR: ! Imported function 'cellFsOpendir' in 'sys_fs' module (0xd92ac4)
LDR: ! Imported function 'cellFsRead' in 'sys_fs' module (0xd92ae4)
LDR: ! Imported function 'cellFsReaddir' in 'sys_fs' module (0xd92b04)
LDR: ! Imported function 'cellFsOpen' in 'sys_fs' module (0xd92b24)
LDR: ! Imported function 'cellFsStat' in 'sys_fs' module (0xd92b44)
LDR: ! Imported function 'cellFsUnlink' in 'sys_fs' module (0xd92b64)
LDR: ! Imported function 'cellFsLseek' in 'sys_fs' module (0xd92b84)
LDR: ! Imported function 'cellFsMkdir' in 'sys_fs' module (0xd92ba4)
LDR: ! Imported function 'cellFsWrite' in 'sys_fs' module (0xd92bc4)
LDR: ! Imported function 'cellFsFstat' in 'sys_fs' module (0xd92be4)
LDR: ! Imported function 'cellFsClosedir' in 'sys_fs' module (0xd92c04)
LDR: ! Imported function 'cellFsFtruncate' in 'sys_fs' module (0xd93b24)
LDR: ! Imported function 'cellFsFsync' in 'sys_fs' module (0xd93b44)
LDR: ! Imported function 'cellFsSdataOpen' in 'sys_fs' module (0xd93b64)
LDR: ! Imported function 'cellFsRename' in 'sys_fs' module (0xd93b84)
LDR: ! Imported function 'cellSysutilUnregisterCallback' in 'cellSysutil' module (0xd92c24)
LDR: ! Imported function 'cellSysutilCheckCallback' in 'cellSysutil' module (0xd92c44)
LDR: ! Imported function 'cellSaveDataListLoad2' in 'cellSysutil' module (0xd92c64)
LDR: ! Imported function 'cellMsgDialogClose' in 'cellSysutil' module (0xd92c84)
LDR: ! Imported function 'cellSaveDataListAutoLoad' in 'cellSysutil' module (0xd92ca4)
LDR: ! Imported function 'cellSaveDataFixedLoad2' in 'cellSysutil' module (0xd92cc4)
LDR: ! Imported function 'cellSaveDataFixedSave2' in 'cellSysutil' module (0xd92ce4)
LDR: ! Imported function 'cellSaveDataListSave2' in 'cellSysutil' module (0xd92d04)
LDR: ! Imported function 'cellOskDialogUnloadAsync' in 'cellSysutil' module (0xd92d24)
LDR: ! Imported function 'cellSysutilGetSystemParamInt' in 'cellSysutil' module (0xd92d44)
LDR: ! Imported function 'cellAudioOutConfigure' in 'cellSysutil' module (0xd92d64)
LDR: ! Imported function 'cellMsgDialogOpen2' in 'cellSysutil' module (0xd92d84)
LDR: ! Imported function 'cellOskDialogLoadAsync' in 'cellSysutil' module (0xd92da4)
LDR: ! Imported function 'cellHddGameCheck' in 'cellSysutil' module (0xd92dc4)
LDR: ! Imported function 'cellMsgDialogProgressBarInc' in 'cellSysutil' module (0xd92de4)
LDR: ! Imported function 'cellSysutilRegisterCallback' in 'cellSysutil' module (0xd92e04)
LDR: ! Imported function 'cellAudioOutGetSoundAvailability' in 'cellSysutil' module (0xd92e24)
LDR: ! Imported function 'cellAudioOutGetNumberOfDevice' in 'cellSysutil' module (0xd92e44)
LDR: ! Imported function 'cellSaveDataDelete2' in 'cellSysutil' module (0xd92e64)
LDR: ! Imported function 'cellOskDialogSetLayoutMode' in 'cellSysutil' module (0xd92e84)
LDR: ! Imported function 'cellAudioOutGetState' in 'cellSysutil' module (0xd92ea4)
LDR: ! Imported function 'cellVideoOutConfigure' in 'cellSysutil' module (0xd94584)
LDR: ! Imported function 'cellVideoOutGetDeviceInfo' in 'cellSysutil' module (0xd945a4)
LDR: ! Imported function 'cellVideoOutGetState' in 'cellSysutil' module (0xd945c4)
LDR: ! Imported function 'cellVideoOutGetResolution' in 'cellSysutil' module (0xd945e4)
LDR: ! Imported function 'cellSysmoduleUnloadModule' in 'cellSysmodule' module (0xd92ec4)
LDR: ! Imported function 'cellSysmoduleLoadModule' in 'cellSysmodule' module (0xd92ee4)
LDR: ! Imported function 'cellSpursAttributeSetNamePrefix' in 'cellSpurs' module (0xd92f04)
LDR: ! Imported function 'cellSpursTaskExitCodeGet' in 'cellSpurs' module (0xd92f24)
LDR: ! Imported function '_cellSpursTasksetAttributeInitialize' in 'cellSpurs' module (0xd92f44)
LDR: ! Imported function 'cellSpursCreateTaskWithAttribute' in 'cellSpurs' module (0xd92f64)
LDR: ! Imported function 'cellSpursEventFlagDetachLv2EventQueue' in 'cellSpurs' module (0xd92f84)
LDR: ! Imported function 'cellSpursCreateJobChainWithAttribute' in 'cellSpurs' module (0xd92fa4)
LDR: ! Imported function 'cellSpursTaskExitCodeInitialize' in 'cellSpurs' module (0xd92fc4)
LDR: ! Imported function '_cellSpursJobChainAttributeInitialize' in 'cellSpurs' module (0xd92fe4)
LDR: ! Imported function 'cellSpursEventFlagWait' in 'cellSpurs' module (0xd93004)
LDR: ! Imported function 'cellSpursDetachLv2EventQueue' in 'cellSpurs' module (0xd93024)
LDR: ! Imported function '_cellSpursEventFlagInitialize' in 'cellSpurs' module (0xd93044)
LDR: ! Imported function 'cellSpursTasksetAttributeSetName' in 'cellSpurs' module (0xd93064)
LDR: ! Imported function 'cellSpursJobGuardInitialize' in 'cellSpurs' module (0xd93084)
LDR: ! Imported function 'cellSpursShutdownJobChain' in 'cellSpurs' module (0xd930a4)
LDR: ! Imported function 'cellSpursEventFlagAttachLv2EventQueue' in 'cellSpurs' module (0xd930c4)
LDR: ! Imported function 'cellSpursTasksetAttributeSetTasksetSize' in 'cellSpurs' module (0xd930e4)
LDR: ! Imported function '_cellSpursAttributeInitialize' in 'cellSpurs' module (0xd93104)
LDR: ! Imported function 'cellSpursJoinTaskset' in 'cellSpurs' module (0xd93124)
LDR: ! Imported function 'cellSpursJobChainAttributeSetName' in 'cellSpurs' module (0xd93144)
LDR: ! Imported function 'cellSpursTaskAttributeSetExitCodeContainer' in 'cellSpurs' module (0xd93164)
LDR: ! Imported function 'cellSpursShutdownTaskset' in 'cellSpurs' module (0xd93184)
LDR: ! Imported function 'cellSpursJoinJobChain' in 'cellSpurs' module (0xd931a4)
LDR: ! Imported function 'cellSpursInitializeWithAttribute' in 'cellSpurs' module (0xd931c4)
LDR: ! Imported function '_cellSpursTaskAttributeInitialize' in 'cellSpurs' module (0xd931e4)
LDR: ! Imported function 'cellSpursAttachLv2EventQueue' in 'cellSpurs' module (0xd93204)
LDR: ! Imported function 'cellSpursCreateTasksetWithAttribute' in 'cellSpurs' module (0xd93224)
LDR: ! Imported function 'cellSpursFinalize' in 'cellSpurs' module (0xd93244)
LDR: ! Imported function 'cellSpursJobGuardNotify' in 'cellSpurs' module (0xd93264)
LDR: ! Imported function 'cellSpursTaskExitCodeTryGet' in 'cellSpurs' module (0xd93284)
LDR: ! Imported function 'cellSpursRunJobChain' in 'cellSpurs' module (0xd932a4)
LDR: ! Imported function '_cellSpursLFQueueInitialize' in 'cellSpurs' module (0xd93ba4)
LDR: ! Imported function 'cellSpursQueueDetachLv2EventQueue' in 'cellSpurs' module (0xd93bc4)
LDR: ! Imported function '_cellSpursQueueInitialize' in 'cellSpurs' module (0xd93be4)
LDR: ! Imported function 'cellSpursLFQueueAttachLv2EventQueue' in 'cellSpurs' module (0xd93c04)
LDR: ! Imported function 'cellSpursCreateTaskset' in 'cellSpurs' module (0xd93c24)
LDR: ! Imported function 'cellSpursLFQueueDetachLv2EventQueue' in 'cellSpurs' module (0xd93c44)
LDR: ! Imported function '_cellSpursLFQueuePushBody' in 'cellSpurs' module (0xd93c64)
LDR: ! Imported function 'cellSpursTaskGetContextSaveAreaSize' in 'cellSpurs' module (0xd93c84)
LDR: ! Imported function 'cellSpursQueuePopBody' in 'cellSpurs' module (0xd93ca4)
LDR: ! Imported function 'cellSpursQueuePushBody' in 'cellSpurs' module (0xd93cc4)
LDR: ! Imported function 'cellSpursCreateTask' in 'cellSpurs' module (0xd93ce4)
LDR: ! Imported function 'cellSpursQueueAttachLv2EventQueue' in 'cellSpurs' module (0xd93d04)
LDR: ! Imported function 'cellSpursEventFlagSet' in 'cellSpurs' module (0xd94664)
LDR: ! Imported function 'cellGcmGetTiledPitchSize' in 'cellGcmSys' module (0xd93344)
LDR: ! Imported function '_cellGcmInitBody' in 'cellGcmSys' module (0xd93364)
LDR: ! Imported function 'cellGcmSetDefaultCommandBufferAndSegmentWordSize' in 'cellGcmSys' module (0xd93384)
LDR: ! Imported function '_cellGcmSetFlipCommand' in 'cellGcmSys' module (0xd933a4)
LDR: ! Imported function 'cellGcmAddressToOffset' in 'cellGcmSys' module (0xd933c4)
LDR: ! Imported function '_cellGcmFunc15' in 'cellGcmSys' module (0xd933e4)
LDR: ! Imported function 'cellGcmBindTile' in 'cellGcmSys' module (0xd93404)
LDR: ! Imported function 'cellGcmSetFlipMode' in 'cellGcmSys' module (0xd93424)
LDR: ! Imported function 'cellGcmGetTimeStamp' in 'cellGcmSys' module (0xd93444)
LDR: ! Imported function 'cellGcmGetDefaultCommandWordSize' in 'cellGcmSys' module (0xd93464)
LDR: ! Imported function 'cellGcmGetLastFlipTime' in 'cellGcmSys' module (0xd93484)
LDR: ! Imported function 'cellGcmGetReport' in 'cellGcmSys' module (0xd934a4)
LDR: ! Imported function 'cellGcmBindZcull' in 'cellGcmSys' module (0xd934c4)
LDR: ! Imported function 'cellGcmSetDisplayBuffer' in 'cellGcmSys' module (0xd934e4)
LDR: ! Imported function 'cellGcmGetControlRegister' in 'cellGcmSys' module (0xd93504)
LDR: ! Imported function 'cellGcmUnbindZcull' in 'cellGcmSys' module (0xd93524)
LDR: ! Imported function 'cellGcmSetVBlankHandler' in 'cellGcmSys' module (0xd93544)
LDR: ! Imported function 'cellGcmResetFlipStatus' in 'cellGcmSys' module (0xd93564)
LDR: ! Imported function 'cellGcmSetTileInfo' in 'cellGcmSys' module (0xd93584)
LDR: ! Imported function 'cellGcmInitDefaultFifoMode' in 'cellGcmSys' module (0xd935a4)
LDR: ! Imported function '_cellGcmSetFlipCommandWithWaitLabel' in 'cellGcmSys' module (0xd935c4)
LDR: ! Imported function 'cellGcmUnbindTile' in 'cellGcmSys' module (0xd935e4)
LDR: ! Imported function 'cellGcmGetConfiguration' in 'cellGcmSys' module (0xd93604)
LDR: ! Imported function 'cellGcmGetLabelAddress' in 'cellGcmSys' module (0xd93624)
LDR: ! Imported function 'cellGcmSetVBlankFrequency' in 'cellGcmSys' module (0xd93644)
LDR: ! Imported function 'sys_net_initialize_network_ex' in 'sys_net' module (0xd93664)
LDR: ! Imported function 'listen' in 'sys_net' module (0xd93684)
LDR: ! Imported function 'socketselect' in 'sys_net' module (0xd936a4)
LDR: ! Imported function 'sys_net_close_dump' in 'sys_net' module (0xd936c4)
LDR: ! Imported function 'connect' in 'sys_net' module (0xd936e4)
LDR: ! Imported function 'socketclose' in 'sys_net' module (0xd93704)
LDR: ! Imported function 'setsockopt' in 'sys_net' module (0xd93724)
LDR: ! Imported function 'sys_net_read_dump' in 'sys_net' module (0xd93744)
LDR: ! Imported function 'socket' in 'sys_net' module (0xd93764)
LDR: ! Imported function 'sys_net_open_dump' in 'sys_net' module (0xd93784)
LDR: ! Imported function 'bind' in 'sys_net' module (0xd937a4)
LDR: ! Imported function 'sys_net_finalize_network' in 'sys_net' module (0xd937c4)
LDR: ! Imported function 'accept' in 'sys_net' module (0xd937e4)
LDR: ! Imported function 'inet_addr' in 'sys_net' module (0xd93804)
LDR: ! Imported function 'send' in 'sys_net' module (0xd93824)
LDR: ! Imported function 'recv' in 'sys_net' module (0xd93844)
LDR: ! Imported function 'sys_net_free_thread_context' in 'sys_net' module (0xd93864)
LDR: ! Imported function 'sceNpTerm' in 'sceNp' module (0xd93884)
LDR: ! Imported function 'sceNpDrmIsAvailable' in 'sceNp' module (0xd938a4)
LDR: ! Imported function 'sceNpInit' in 'sceNp' module (0xd938c4)
LDR: ! Imported function 'sceNpManagerRegisterCallback' in 'sceNp' module (0xd938e4)
LDR: ! Imported function 'cellNetCtlNetStartDialogLoadAsync' in 'cellNetCtl' module (0xd93904)
LDR: ! Imported function 'cellNetCtlNetStartDialogUnloadAsync' in 'cellNetCtl' module (0xd93924)
LDR: ! Imported function 'cellNetCtlTerm' in 'cellNetCtl' module (0xd93944)
LDR: ! Imported function 'cellNetCtlGetInfo' in 'cellNetCtl' module (0xd93964)
LDR: ! Imported function 'cellNetCtlGetState' in 'cellNetCtl' module (0xd93984)
LDR: ! Imported function 'cellNetCtlInit' in 'cellNetCtl' module (0xd939a4)
LDR: ! Imported function 'cellPadClearBuf' in 'sys_io' module (0xd939c4)
LDR: ! Imported function 'cellPadInit' in 'sys_io' module (0xd939e4)
LDR: ! Imported function 'cellMouseGetData' in 'sys_io' module (0xd93a04)
LDR: ! Imported function 'cellPadEnd' in 'sys_io' module (0xd93a24)
LDR: ! Imported function 'cellPadSetPortSetting' in 'sys_io' module (0xd93a44)
LDR: ! Imported function 'cellMouseGetInfo' in 'sys_io' module (0xd93a64)
LDR: ! Imported function 'cellPadGetData' in 'sys_io' module (0xd93a84)
LDR: ! Imported function 'cellPadGetInfo2' in 'sys_io' module (0xd93aa4)
LDR: ! Imported function 'cellMouseInit' in 'sys_io' module (0xd93ac4)
LDR: ! Imported function 'cellMouseEnd' in 'sys_io' module (0xd93ae4)
LDR: ! Imported function 'cellPadSetActDirect' in 'sys_io' module (0xd93b04)
LDR: ! Imported function 'cellSailGraphicsAdapterGetFrame' in 'cellSail' module (0xd93e44)
LDR: ! Imported function 'cellSailDescriptorCreateDatabase' in 'cellSail' module (0xd93e64)
LDR: ! Imported function 'cellSailDescriptorSetEs' in 'cellSail' module (0xd93e84)
LDR: ! Imported function 'cellSailPlayerSetSoundAdapter' in 'cellSail' module (0xd93ea4)
LDR: ! Imported function 'cellSailDescriptorClose' in 'cellSail' module (0xd93ec4)
LDR: ! Imported function 'cellSailPlayerInitialize' in 'cellSail' module (0xd93ee4)
LDR: ! Imported function 'cellSailGraphicsAdapterPtsToTimePosition' in 'cellSail' module (0xd93f04)
LDR: ! Imported function 'cellSailPlayerFinalize' in 'cellSail' module (0xd93f24)
LDR: ! Imported function 'cellSailPlayerSetGraphicsAdapter' in 'cellSail' module (0xd93f44)
LDR: ! Imported function 'cellSailGraphicsAdapterInitialize' in 'cellSail' module (0xd93f64)
LDR: ! Imported function 'cellSailDescriptorDestroyDatabase' in 'cellSail' module (0xd93f84)
LDR: ! Imported function 'cellSailGraphicsAdapterSetPreferredFormat' in 'cellSail' module (0xd93fa4)
LDR: ! Imported function 'cellSailMemAllocatorInitialize' in 'cellSail' module (0xd93fc4)
LDR: ! Imported function 'cellSailPlayerOpenStream' in 'cellSail' module (0xd93fe4)
LDR: ! Imported function 'cellSailFutureGet' in 'cellSail' module (0xd94004)
LDR: ! Imported function 'cellSailSoundAdapterInitialize' in 'cellSail' module (0xd94024)
LDR: ! Imported function 'cellSailGraphicsAdapterUpdateAvSync' in 'cellSail' module (0xd94044)
LDR: ! Imported function 'cellSailPlayerReplaceEventHandler' in 'cellSail' module (0xd94064)
LDR: ! Imported function 'cellSailSoundAdapterPtsToTimePosition' in 'cellSail' module (0xd94084)
LDR: ! Imported function 'cellSailFutureInitialize' in 'cellSail' module (0xd940a4)
LDR: ! Imported function 'cellSailPlayerSetParameter' in 'cellSail' module (0xd940c4)
LDR: ! Imported function 'cellSailPlayerGetDescriptorCount' in 'cellSail' module (0xd940e4)
LDR: ! Imported function 'cellSailGraphicsAdapterFinalize' in 'cellSail' module (0xd94104)
LDR: ! Imported function 'cellSailDescriptorSetAutoSelection' in 'cellSail' module (0xd94124)
LDR: ! Imported function 'cellSailPlayerAddDescriptor' in 'cellSail' module (0xd94144)
LDR: ! Imported function 'cellSailSoundAdapterGetFrame' in 'cellSail' module (0xd94164)
LDR: ! Imported function 'cellSailPlayerCloseStream' in 'cellSail' module (0xd94184)
LDR: ! Imported function 'cellSailFutureFinalize' in 'cellSail' module (0xd941a4)
LDR: ! Imported function 'cellSailPlayerRemoveDescriptor' in 'cellSail' module (0xd941c4)
LDR: ! Imported function 'cellSailFutureSet' in 'cellSail' module (0xd941e4)
LDR: ! Imported function 'cellSailPlayerIsPaused' in 'cellSail' module (0xd94204)
LDR: ! Imported function 'cellSailPlayerBoot' in 'cellSail' module (0xd94224)
LDR: ! Imported function 'cellSailDescriptorOpen' in 'cellSail' module (0xd94244)
LDR: ! Imported function 'cellSailSoundAdapterFinalize' in 'cellSail' module (0xd94264)
LDR: ! Imported function 'cellSailPlayerSetPaused' in 'cellSail' module (0xd94284)
LDR: ! Imported function 'cellSailDescriptorGetStreamType' in 'cellSail' module (0xd942a4)
LDR: ! Imported function 'cellSailPlayerCreateDescriptor' in 'cellSail' module (0xd942c4)
LDR: ! Imported function 'cellSailPlayerStart' in 'cellSail' module (0xd942e4)
LDR: ! Imported function 'cellSailPlayerStop' in 'cellSail' module (0xd94304)
LDR: ! Imported function 'cellSailSoundAdapterUpdateAvSync' in 'cellSail' module (0xd94324)
LDR: ! Imported function 'cellSailSoundAdapterGetFormat' in 'cellSail' module (0xd94344)
LDR: ! Imported function 'cellSailPlayerSetRepeatMode' in 'cellSail' module (0xd94364)
LDR: ! Imported function 'cellSailPlayerDestroyDescriptor' in 'cellSail' module (0xd94384)
LDR: ! Imported function 'cellSailGraphicsAdapterGetFormat' in 'cellSail' module (0xd943a4)
LDR: ! Imported function 'cellPamfReaderSetStreamWithTypeAndIndex' in 'cellPamf' module (0xd943c4)
LDR: ! Imported function 'cellPamfReaderGetNumberOfStreams' in 'cellPamf' module (0xd943e4)
LDR: ! Imported function 'cellPamfReaderSetStreamWithIndex' in 'cellPamf' module (0xd94404)
LDR: ! Imported function 'cellPamfReaderGetPresentationStartTime' in 'cellPamf' module (0xd94424)
LDR: ! Imported function 'cellPamfReaderGetStreamInfo' in 'cellPamf' module (0xd94444)
LDR: ! Imported function 'cellPamfReaderGetStreamTypeAndChannel' in 'cellPamf' module (0xd94464)
LDR: ! Imported function 'cellPamfReaderInitialize' in 'cellPamf' module (0xd94484)
LDR: ! Imported function 'cellPamfReaderGetNumberOfSpecificStreams' in 'cellPamf' module (0xd944a4)
LDR: ! Imported function 'cellPamfReaderGetMuxRateBound' in 'cellPamf' module (0xd944c4)
LDR: ! Imported function 'cellPamfReaderGetPresentationEndTime' in 'cellPamf' module (0xd944e4)
LDR: ! Imported function 'cellVpostClose' in 'cellVpost' module (0xd94504)
LDR: ! Imported function 'cellVpostQueryAttr' in 'cellVpost' module (0xd94524)
LDR: ! Imported function 'cellVpostExec' in 'cellVpost' module (0xd94544)
LDR: ! Imported function 'cellVpostOpen' in 'cellVpost' module (0xd94564)
LDR: ! Imported function 'cellSyncMutexUnlock' in 'cellSync' module (0xd94604)
LDR: ! Imported function 'cellSyncMutexInitialize' in 'cellSync' module (0xd94624)
LDR: ! Imported function 'cellSyncMutexTryLock' in 'cellSync' module (0xd94644)
LDR: ! Imported function 'sys_lwmutex_lock' in 'sysPrxForUser' module (0xd94684)
LDR: ! Imported function 'sys_lwmutex_unlock' in 'sysPrxForUser' module (0xd946a4)
LDR: ! Imported function 'sys_lwcond_destroy' in 'sysPrxForUser' module (0xd946c4)
LDR: ! Imported function 'sys_ppu_thread_create' in 'sysPrxForUser' module (0xd946e4)
LDR: ! Imported function 'sys_prx_load_module' in 'sysPrxForUser' module (0xd94704)
LDR: ! Imported function 'sys_lwcond_wait' in 'sysPrxForUser' module (0xd94724)
LDR: ! Imported function '_sys_process_atexitspawn' in 'sysPrxForUser' module (0xd94744)
LDR: ! Imported function 'sys_lwmutex_create' in 'sysPrxForUser' module (0xd94764)
LDR: ! Imported function 'sys_ppu_thread_get_id' in 'sysPrxForUser' module (0xd94784)
LDR: ! Imported function '_sys_heap_malloc' in 'sysPrxForUser' module (0xd947a4)
LDR: ! Imported function 'sys_prx_register_library' in 'sysPrxForUser' module (0xd947c4)
LDR: ! Imported function '_sys_heap_memalign' in 'sysPrxForUser' module (0xd947e4)
LDR: ! Imported function '_sys_spu_printf_initialize' in 'sysPrxForUser' module (0xd94804)
LDR: ! Imported function 'sys_game_process_exitspawn2' in 'sysPrxForUser' module (0xd94824)
LDR: ! Imported function 'sys_initialize_tls' in 'sysPrxForUser' module (0xd94844)
LDR: ! Imported function 'sys_prx_stop_module' in 'sysPrxForUser' module (0xd94864)
LDR: ! Imported function 'sys_time_get_system_time' in 'sysPrxForUser' module (0xd94884)
LDR: ! Imported function '_sys_heap_free' in 'sysPrxForUser' module (0xd948a4)
LDR: ! Imported function '_sys_process_at_Exitspawn' in 'sysPrxForUser' module (0xd948c4)
LDR: ! Imported function 'sys_prx_start_module' in 'sysPrxForUser' module (0xd948e4)
LDR: ! Imported function 'sys_prx_exitspawn_with_level' in 'sysPrxForUser' module (0xd94904)
LDR: ! Imported function 'sys_ppu_thread_once' in 'sysPrxForUser' module (0xd94924)
LDR: ! Imported function 'sys_lwmutex_trylock' in 'sysPrxForUser' module (0xd94944)
LDR: ! Imported function '_sys_heap_delete_heap' in 'sysPrxForUser' module (0xd94964)
LDR: ! Imported function 'sys_ppu_thread_exit' in 'sysPrxForUser' module (0xd94984)
LDR: ! Imported function '_sys_heap_create_heap' in 'sysPrxForUser' module (0xd949a4)
LDR: ! Imported function 'sys_lwmutex_destroy' in 'sysPrxForUser' module (0xd949c4)
LDR: ! Imported function 'sys_lwcond_create' in 'sysPrxForUser' module (0xd949e4)
LDR: ! Imported function '_sys_spu_printf_finalize' in 'sysPrxForUser' module (0xd94a04)
LDR: ! Imported function 'sys_spu_image_close' in 'sysPrxForUser' module (0xd94a24)
LDR: ! Imported function 'sys_process_exit' in 'sysPrxForUser' module (0xd94a44)
LDR: ! Imported function 'sys_spu_image_import' in 'sysPrxForUser' module (0xd94a64)
LDR: ! Imported function 'sys_lwcond_signal' in 'sysPrxForUser' module (0xd94a84)
LDR: ! Imported function 'sys_prx_unload_module' in 'sysPrxForUser' module (0xd94aa4)
MEM: ! Thread Local Storage initialized (g_tls_start=0x13a1000, user_size=0x2a4)
*** TLS segment addr: 0x00fbdef8
*** TLS segment size: 0x00000008
HLE: W {PPU[0x1] Thread (main_thread)[0x00d94764]} sysPrxForUser: sys_lwmutex_create(lwmutex=*0x1247a40, attr=*0xe6a8ac)
HLE: W {PPU[0x1] Thread (main_thread)[0x00b8f4a0]} sys_memory: sys_memory_get_user_memory_size(mem_info=*0xd001fc04)
HLE: W {PPU[0x1] Thread (main_thread)[0x00d94764]} sysPrxForUser: sys_lwmutex_create(lwmutex=*0x1247690, attr=*0xe6a8ac)
HLE: W {PPU[0x1] Thread (main_thread)[0x00d94764]} sysPrxForUser: sys_lwmutex_create(lwmutex=*0x12469d8, attr=*0xe6a8ac)
HLE: W {PPU[0x1] Thread (main_thread)[0x00d94764]} sysPrxForUser: sys_lwmutex_create(lwmutex=*0x1246a00, attr=*0xe6a8ac)
HLE: W {PPU[0x1] Thread (main_thread)[0x00d94764]} sysPrxForUser: sys_lwmutex_create(lwmutex=*0x1246a28, attr=*0xe6a8ac)
HLE: W {PPU[0x1] Thread (main_thread)[0x00d94764]} sysPrxForUser: sys_lwmutex_create(lwmutex=*0x1246910, attr=*0xe6a8ac)
HLE: W {PPU[0x1] Thread (main_thread)[0x00d94764]} sysPrxForUser: sys_lwmutex_create(lwmutex=*0x1246938, attr=*0xe6a8ac)
HLE: W {PPU[0x1] Thread (main_thread)[0x00d94764]} sysPrxForUser: sys_lwmutex_create(lwmutex=*0x1246960, attr=*0xe6a8ac)
HLE: W {PPU[0x1] Thread (main_thread)[0x00d94764]} sysPrxForUser: sys_lwmutex_create(lwmutex=*0x1246988, attr=*0xe6a8ac)
HLE: W {PPU[0x1] Thread (main_thread)[0x00d94764]} sysPrxForUser: sys_lwmutex_create(lwmutex=*0x12469b0, attr=*0xe6a8ac)
HLE: W {PPU[0x1] Thread (main_thread)[0x00d94764]} sysPrxForUser: sys_lwmutex_create(lwmutex=*0x12b5cb0, attr=*0x10ecd14)
HLE: W {PPU[0x1] Thread (main_thread)[0x00d94764]} sysPrxForUser: sys_lwmutex_create(lwmutex=*0x12b5c30, attr=*0x10ecd14)
HLE: W {PPU[0x1] Thread (main_thread)[0x00d94764]} sysPrxForUser: sys_lwmutex_create(lwmutex=*0x1208ce8, attr=*0xd001fbd0)
HLE: E {PPU[0x1] Thread (main_thread)[0x00d947c4]} sys_prx TODO: sys_prx_register_library(library=*0xdbc708)
HLE: E {PPU[0x1] Thread (main_thread)[0x00d947c4]} sys_prx TODO: sys_prx_register_library(library=*0xdbc724)
HLE: W {PPU[0x1] Thread (main_thread)[0x00d92e04]} cellSysutil: cellSysutilRegisterCallback(slot=0, func=*0xf527e0, userdata=*0x0)
HLE: W {PPU[0x1] Thread (main_thread)[0x00b8dd04]} sys_memory: sys_memory_allocate(size=0x8000000, flags=0x400, alloc_addr=*0xd001f930)
HLE: W {PPU[0x1] Thread (main_thread)[0x00d94764]} sysPrxForUser: sys_lwmutex_create(lwmutex=*0x12e6d00, attr=*0xd001fc30)
HLE: W {PPU[0x1] Thread (main_thread)[0x00b8dd04]} sys_memory: sys_memory_allocate(size=0x200000, flags=0x400, alloc_addr=*0xd001f7f0)
HLE: W {PPU[0x1] Thread (main_thread)[0x00d94764]} sysPrxForUser: sys_lwmutex_create(lwmutex=*0x12071f8, attr=*0xd001f908)
HLE: W {PPU[0x1] Thread (main_thread)[0x00d94764]} sysPrxForUser: sys_lwmutex_create(lwmutex=*0x27f3d720, attr=*0xd001f908)
HLE: W {PPU[0x1] Thread (main_thread)[0x00d949e4]} sysPrxForUser: sys_lwcond_create(lwcond=*0x27f3d738, lwmutex=*0x27f3d720, attr=*0xd001f900)
HLE: W {PPU[0x1] Thread (main_thread)[0x00d94764]} sysPrxForUser: sys_lwmutex_create(lwmutex=*0x28092e10, attr=*0xd001f908)
HLE: W {PPU[0x1] Thread (main_thread)[0x00d949e4]} sysPrxForUser: sys_lwcond_create(lwcond=*0x28092e28, lwmutex=*0x28092e10, attr=*0xd001f900)
HLE: W {PPU[0x1] Thread (main_thread)[0x00d94764]} sysPrxForUser: sys_lwmutex_create(lwmutex=*0x28092e60, attr=*0xd001f908)
HLE: W {PPU[0x1] Thread (main_thread)[0x00d949e4]} sysPrxForUser: sys_lwcond_create(lwcond=*0x28092e78, lwmutex=*0x28092e60, attr=*0xd001f900)
HLE: W {PPU[0x1] Thread (main_thread)[0x00d94764]} sysPrxForUser: sys_lwmutex_create(lwmutex=*0x28092eb0, attr=*0xd001f908)
HLE: W {PPU[0x1] Thread (main_thread)[0x00d949e4]} sysPrxForUser: sys_lwcond_create(lwcond=*0x28092ec8, lwmutex=*0x28092eb0, attr=*0xd001f900)
HLE: W {PPU[0x1] Thread (main_thread)[0x00d94764]} sysPrxForUser: sys_lwmutex_create(lwmutex=*0x28092f00, attr=*0xd001f908)
HLE: W {PPU[0x1] Thread (main_thread)[0x00d949e4]} sysPrxForUser: sys_lwcond_create(lwcond=*0x28092f18, lwmutex=*0x28092f00, attr=*0xd001f900)
HLE: W {PPU[0x1] Thread (main_thread)[0x00d94764]} sysPrxForUser: sys_lwmutex_create(lwmutex=*0x28092f50, attr=*0xd001f908)
HLE: W {PPU[0x1] Thread (main_thread)[0x00d949e4]} sysPrxForUser: sys_lwcond_create(lwcond=*0x28092f68, lwmutex=*0x28092f50, attr=*0xd001f900)
HLE: W {PPU[0x1] Thread (main_thread)[0x00d94764]} sysPrxForUser: sys_lwmutex_create(lwmutex=*0x28092fa0, attr=*0xd001f908)
HLE: W {PPU[0x1] Thread (main_thread)[0x00d949e4]} sysPrxForUser: sys_lwcond_create(lwcond=*0x28092fb8, lwmutex=*0x28092fa0, attr=*0xd001f900)
HLE: W {PPU[0x1] Thread (main_thread)[0x00d94764]} sysPrxForUser: sys_lwmutex_create(lwmutex=*0x28092ff0, attr=*0xd001f908)
HLE: W {PPU[0x1] Thread (main_thread)[0x00d949e4]} sysPrxForUser: sys_lwcond_create(lwcond=*0x28093008, lwmutex=*0x28092ff0, attr=*0xd001f900)
HLE: W {PPU[0x1] Thread (main_thread)[0x00d94764]} sysPrxForUser: sys_lwmutex_create(lwmutex=*0x28093040, attr=*0xd001f908)
HLE: W {PPU[0x1] Thread (main_thread)[0x00d949e4]} sysPrxForUser: sys_lwcond_create(lwcond=*0x28093058, lwmutex=*0x28093040, attr=*0xd001f900)
HLE: W {PPU[0x1] Thread (main_thread)[0x00d94764]} sysPrxForUser: sys_lwmutex_create(lwmutex=*0x28093090, attr=*0xd001f908)
HLE: W {PPU[0x1] Thread (main_thread)[0x00d949e4]} sysPrxForUser: sys_lwcond_create(lwcond=*0x280930a8, lwmutex=*0x28093090, attr=*0xd001f900)
HLE: W {PPU[0x1] Thread (main_thread)[0x00d94764]} sysPrxForUser: sys_lwmutex_create(lwmutex=*0x280930e0, attr=*0xd001f908)
HLE: W {PPU[0x1] Thread (main_thread)[0x00d949e4]} sysPrxForUser: sys_lwcond_create(lwcond=*0x280930f8, lwmutex=*0x280930e0, attr=*0xd001f900)
HLE: W {PPU[0x1] Thread (main_thread)[0x00d94764]} sysPrxForUser: sys_lwmutex_create(lwmutex=*0x28093130, attr=*0xd001f908)
HLE: W {PPU[0x1] Thread (main_thread)[0x00d949e4]} sysPrxForUser: sys_lwcond_create(lwcond=*0x28093148, lwmutex=*0x28093130, attr=*0xd001f900)
HLE: W {PPU[0x1] Thread (main_thread)[0x00d94764]} sysPrxForUser: sys_lwmutex_create(lwmutex=*0x28093180, attr=*0xd001f908)
HLE: W {PPU[0x1] Thread (main_thread)[0x00d949e4]} sysPrxForUser: sys_lwcond_create(lwcond=*0x28093198, lwmutex=*0x28093180, attr=*0xd001f900)
HLE: W {PPU[0x1] Thread (main_thread)[0x00d94764]} sysPrxForUser: sys_lwmutex_create(lwmutex=*0x280931d0, attr=*0xd001f908)
HLE: W {PPU[0x1] Thread (main_thread)[0x00d949e4]} sysPrxForUser: sys_lwcond_create(lwcond=*0x280931e8, lwmutex=*0x280931d0, attr=*0xd001f900)
HLE: W {PPU[0x1] Thread (main_thread)[0x00d94764]} sysPrxForUser: sys_lwmutex_create(lwmutex=*0x28093220, attr=*0xd001f908)
HLE: W {PPU[0x1] Thread (main_thread)[0x00d949e4]} sysPrxForUser: sys_lwcond_create(lwcond=*0x28093238, lwmutex=*0x28093220, attr=*0xd001f900)
HLE: W {PPU[0x1] Thread (main_thread)[0x00d94764]} sysPrxForUser: sys_lwmutex_create(lwmutex=*0x28093270, attr=*0xd001f908)
HLE: W {PPU[0x1] Thread (main_thread)[0x00d949e4]} sysPrxForUser: sys_lwcond_create(lwcond=*0x28093288, lwmutex=*0x28093270, attr=*0xd001f900)
HLE: W {PPU[0x1] Thread (main_thread)[0x00d94764]} sysPrxForUser: sys_lwmutex_create(lwmutex=*0x280932c0, attr=*0xd001f908)
HLE: W {PPU[0x1] Thread (main_thread)[0x00d949e4]} sysPrxForUser: sys_lwcond_create(lwcond=*0x280932d8, lwmutex=*0x280932c0, attr=*0xd001f900)
HLE: W {PPU[0x1] Thread (main_thread)[0x00d94764]} sysPrxForUser: sys_lwmutex_create(lwmutex=*0x28093310, attr=*0xd001f908)
HLE: W {PPU[0x1] Thread (main_thread)[0x00d949e4]} sysPrxForUser: sys_lwcond_create(lwcond=*0x28093328, lwmutex=*0x28093310, attr=*0xd001f900)
HLE: W {PPU[0x1] Thread (main_thread)[0x00d94764]} sysPrxForUser: sys_lwmutex_create(lwmutex=*0x28093360, attr=*0xd001f908)
HLE: W {PPU[0x1] Thread (main_thread)[0x00d949e4]} sysPrxForUser: sys_lwcond_create(lwcond=*0x28093378, lwmutex=*0x28093360, attr=*0xd001f900)
HLE: W {PPU[0x1] Thread (main_thread)[0x00d94764]} sysPrxForUser: sys_lwmutex_create(lwmutex=*0x280933b0, attr=*0xd001f908)
HLE: W {PPU[0x1] Thread (main_thread)[0x00d949e4]} sysPrxForUser: sys_lwcond_create(lwcond=*0x280933c8, lwmutex=*0x280933b0, attr=*0xd001f900)
HLE: W {PPU[0x1] Thread (main_thread)[0x00d94764]} sysPrxForUser: sys_lwmutex_create(lwmutex=*0x28093400, attr=*0xd001f908)
HLE: W {PPU[0x1] Thread (main_thread)[0x00d949e4]} sysPrxForUser: sys_lwcond_create(lwcond=*0x28093418, lwmutex=*0x28093400, attr=*0xd001f900)
HLE: W {PPU[0x1] Thread (main_thread)[0x00d94764]} sysPrxForUser: sys_lwmutex_create(lwmutex=*0x28093450, attr=*0xd001f908)
HLE: W {PPU[0x1] Thread (main_thread)[0x00d949e4]} sysPrxForUser: sys_lwcond_create(lwcond=*0x28093468, lwmutex=*0x28093450, attr=*0xd001f900)
HLE: W {PPU[0x1] Thread (main_thread)[0x00d94764]} sysPrxForUser: sys_lwmutex_create(lwmutex=*0x280934a0, attr=*0xd001f908)
HLE: W {PPU[0x1] Thread (main_thread)[0x00d949e4]} sysPrxForUser: sys_lwcond_create(lwcond=*0x280934b8, lwmutex=*0x280934a0, attr=*0xd001f900)
HLE: W {PPU[0x1] Thread (main_thread)[0x00d94764]} sysPrxForUser: sys_lwmutex_create(lwmutex=*0x280934f0, attr=*0xd001f908)
HLE: W {PPU[0x1] Thread (main_thread)[0x00d949e4]} sysPrxForUser: sys_lwcond_create(lwcond=*0x28093508, lwmutex=*0x280934f0, attr=*0xd001f900)
HLE: W {PPU[0x1] Thread (main_thread)[0x00d94764]} sysPrxForUser: sys_lwmutex_create(lwmutex=*0x28093540, attr=*0xd001f908)
HLE: W {PPU[0x1] Thread (main_thread)[0x00d949e4]} sysPrxForUser: sys_lwcond_create(lwcond=*0x28093558, lwmutex=*0x28093540, attr=*0xd001f900)
HLE: W {PPU[0x1] Thread (main_thread)[0x00d94764]} sysPrxForUser: sys_lwmutex_create(lwmutex=*0x28093590, attr=*0xd001f908)
HLE: W {PPU[0x1] Thread (main_thread)[0x00d949e4]} sysPrxForUser: sys_lwcond_create(lwcond=*0x280935a8, lwmutex=*0x28093590, attr=*0xd001f900)
HLE: W {PPU[0x1] Thread (main_thread)[0x00d94764]} sysPrxForUser: sys_lwmutex_create(lwmutex=*0x280935e0, attr=*0xd001f908)
HLE: W {PPU[0x1] Thread (main_thread)[0x00d949e4]} sysPrxForUser: sys_lwcond_create(lwcond=*0x280935f8, lwmutex=*0x280935e0, attr=*0xd001f900)
HLE: W {PPU[0x1] Thread (main_thread)[0x00d94764]} sysPrxForUser: sys_lwmutex_create(lwmutex=*0x28093630, attr=*0xd001f908)
HLE: W {PPU[0x1] Thread (main_thread)[0x00d949e4]} sysPrxForUser: sys_lwcond_create(lwcond=*0x28093648, lwmutex=*0x28093630, attr=*0xd001f900)
HLE: W {PPU[0x1] Thread (main_thread)[0x00d94764]} sysPrxForUser: sys_lwmutex_create(lwmutex=*0x28093680, attr=*0xd001f908)
HLE: W {PPU[0x1] Thread (main_thread)[0x00d949e4]} sysPrxForUser: sys_lwcond_create(lwcond=*0x28093698, lwmutex=*0x28093680, attr=*0xd001f900)
HLE: W {PPU[0x1] Thread (main_thread)[0x00d94764]} sysPrxForUser: sys_lwmutex_create(lwmutex=*0x280936d0, attr=*0xd001f908)
HLE: W {PPU[0x1] Thread (main_thread)[0x00d949e4]} sysPrxForUser: sys_lwcond_create(lwcond=*0x280936e8, lwmutex=*0x280936d0, attr=*0xd001f900)
HLE: W {PPU[0x1] Thread (main_thread)[0x00d94764]} sysPrxForUser: sys_lwmutex_create(lwmutex=*0x28093720, attr=*0xd001f908)
HLE: W {PPU[0x1] Thread (main_thread)[0x00d949e4]} sysPrxForUser: sys_lwcond_create(lwcond=*0x28093738, lwmutex=*0x28093720, attr=*0xd001f900)
HLE: W {PPU[0x1] Thread (main_thread)[0x00d94764]} sysPrxForUser: sys_lwmutex_create(lwmutex=*0x28093770, attr=*0xd001f908)
HLE: W {PPU[0x1] Thread (main_thread)[0x00d949e4]} sysPrxForUser: sys_lwcond_create(lwcond=*0x28093788, lwmutex=*0x28093770, attr=*0xd001f900)
HLE: W {PPU[0x1] Thread (main_thread)[0x00d94764]} sysPrxForUser: sys_lwmutex_create(lwmutex=*0x280937c0, attr=*0xd001f908)
HLE: W {PPU[0x1] Thread (main_thread)[0x00d949e4]} sysPrxForUser: sys_lwcond_create(lwcond=*0x280937d8, lwmutex=*0x280937c0, attr=*0xd001f900)
HLE: W {PPU[0x1] Thread (main_thread)[0x00d94764]} sysPrxForUser: sys_lwmutex_create(lwmutex=*0x28093810, attr=*0xd001f908)
HLE: W {PPU[0x1] Thread (main_thread)[0x00d949e4]} sysPrxForUser: sys_lwcond_create(lwcond=*0x28093828, lwmutex=*0x28093810, attr=*0xd001f900)
HLE: W {PPU[0x1] Thread (main_thread)[0x00d94764]} sysPrxForUser: sys_lwmutex_create(lwmutex=*0x28093860, attr=*0xd001f908)
HLE: W {PPU[0x1] Thread (main_thread)[0x00d949e4]} sysPrxForUser: sys_lwcond_create(lwcond=*0x28093878, lwmutex=*0x28093860, attr=*0xd001f900)
HLE: W {PPU[0x1] Thread (main_thread)[0x00d94764]} sysPrxForUser: sys_lwmutex_create(lwmutex=*0x280938b0, attr=*0xd001f908)
HLE: W {PPU[0x1] Thread (main_thread)[0x00d949e4]} sysPrxForUser: sys_lwcond_create(lwcond=*0x280938c8, lwmutex=*0x280938b0, attr=*0xd001f900)
HLE: W {PPU[0x1] Thread (main_thread)[0x00d94764]} sysPrxForUser: sys_lwmutex_create(lwmutex=*0x28093900, attr=*0xd001f908)
HLE: W {PPU[0x1] Thread (main_thread)[0x00d949e4]} sysPrxForUser: sys_lwcond_create(lwcond=*0x28093918, lwmutex=*0x28093900, attr=*0xd001f900)
HLE: W {PPU[0x1] Thread (main_thread)[0x00d94764]} sysPrxForUser: sys_lwmutex_create(lwmutex=*0x28093950, attr=*0xd001f908)
HLE: W {PPU[0x1] Thread (main_thread)[0x00d949e4]} sysPrxForUser: sys_lwcond_create(lwcond=*0x28093968, lwmutex=*0x28093950, attr=*0xd001f900)
HLE: W {PPU[0x1] Thread (main_thread)[0x00d94764]} sysPrxForUser: sys_lwmutex_create(lwmutex=*0x280939a0, attr=*0xd001f908)
HLE: W {PPU[0x1] Thread (main_thread)[0x00d949e4]} sysPrxForUser: sys_lwcond_create(lwcond=*0x280939b8, lwmutex=*0x280939a0, attr=*0xd001f900)
HLE: W {PPU[0x1] Thread (main_thread)[0x00d94764]} sysPrxForUser: sys_lwmutex_create(lwmutex=*0x280939f0, attr=*0xd001f908)
HLE: W {PPU[0x1] Thread (main_thread)[0x00d949e4]} sysPrxForUser: sys_lwcond_create(lwcond=*0x28093a08, lwmutex=*0x280939f0, attr=*0xd001f900)
HLE: W {PPU[0x1] Thread (main_thread)[0x00d94764]} sysPrxForUser: sys_lwmutex_create(lwmutex=*0x28093a40, attr=*0xd001f908)
HLE: W {PPU[0x1] Thread (main_thread)[0x00d949e4]} sysPrxForUser: sys_lwcond_create(lwcond=*0x28093a58, lwmutex=*0x28093a40, attr=*0xd001f900)
HLE: W {PPU[0x1] Thread (main_thread)[0x00d94764]} sysPrxForUser: sys_lwmutex_create(lwmutex=*0x28093a90, attr=*0xd001f908)
HLE: W {PPU[0x1] Thread (main_thread)[0x00d949e4]} sysPrxForUser: sys_lwcond_create(lwcond=*0x28093aa8, lwmutex=*0x28093a90, attr=*0xd001f900)
HLE: W {PPU[0x1] Thread (main_thread)[0x00d94764]} sysPrxForUser: sys_lwmutex_create(lwmutex=*0x28093ae0, attr=*0xd001f908)
HLE: W {PPU[0x1] Thread (main_thread)[0x00d949e4]} sysPrxForUser: sys_lwcond_create(lwcond=*0x28093af8, lwmutex=*0x28093ae0, attr=*0xd001f900)
HLE: W {PPU[0x1] Thread (main_thread)[0x00d94764]} sysPrxForUser: sys_lwmutex_create(lwmutex=*0x28093b30, attr=*0xd001f908)
HLE: W {PPU[0x1] Thread (main_thread)[0x00d949e4]} sysPrxForUser: sys_lwcond_create(lwcond=*0x28093b48, lwmutex=*0x28093b30, attr=*0xd001f900)
HLE: W {PPU[0x1] Thread (main_thread)[0x00d94764]} sysPrxForUser: sys_lwmutex_create(lwmutex=*0x28093b80, attr=*0xd001f908)
HLE: W {PPU[0x1] Thread (main_thread)[0x00d949e4]} sysPrxForUser: sys_lwcond_create(lwcond=*0x28093b98, lwmutex=*0x28093b80, attr=*0xd001f900)
HLE: W {PPU[0x1] Thread (main_thread)[0x00d94764]} sysPrxForUser: sys_lwmutex_create(lwmutex=*0x28093bd0, attr=*0xd001f908)
HLE: W {PPU[0x1] Thread (main_thread)[0x00d949e4]} sysPrxForUser: sys_lwcond_create(lwcond=*0x28093be8, lwmutex=*0x28093bd0, attr=*0xd001f900)
HLE: W {PPU[0x1] Thread (main_thread)[0x00d94764]} sysPrxForUser: sys_lwmutex_create(lwmutex=*0x28093c20, attr=*0xd001f908)
HLE: W {PPU[0x1] Thread (main_thread)[0x00d949e4]} sysPrxForUser: sys_lwcond_create(lwcond=*0x28093c38, lwmutex=*0x28093c20, attr=*0xd001f900)
HLE: W {PPU[0x1] Thread (main_thread)[0x00d94764]} sysPrxForUser: sys_lwmutex_create(lwmutex=*0x28093c70, attr=*0xd001f908)
HLE: W {PPU[0x1] Thread (main_thread)[0x00d949e4]} sysPrxForUser: sys_lwcond_create(lwcond=*0x28093c88, lwmutex=*0x28093c70, attr=*0xd001f900)
HLE: W {PPU[0x1] Thread (main_thread)[0x00d94764]} sysPrxForUser: sys_lwmutex_create(lwmutex=*0x28093cc0, attr=*0xd001f908)
HLE: W {PPU[0x1] Thread (main_thread)[0x00d949e4]} sysPrxForUser: sys_lwcond_create(lwcond=*0x28093cd8, lwmutex=*0x28093cc0, attr=*0xd001f900)
HLE: W {PPU[0x1] Thread (main_thread)[0x00d94764]} sysPrxForUser: sys_lwmutex_create(lwmutex=*0x28093d10, attr=*0xd001f908)
HLE: W {PPU[0x1] Thread (main_thread)[0x00d949e4]} sysPrxForUser: sys_lwcond_create(lwcond=*0x28093d28, lwmutex=*0x28093d10, attr=*0xd001f900)
HLE: W {PPU[0x1] Thread (main_thread)[0x00d94764]} sysPrxForUser: sys_lwmutex_create(lwmutex=*0x28093d60, attr=*0xd001f908)
HLE: W {PPU[0x1] Thread (main_thread)[0x00d949e4]} sysPrxForUser: sys_lwcond_create(lwcond=*0x28093d78, lwmutex=*0x28093d60, attr=*0xd001f900)
HLE: W {PPU[0x1] Thread (main_thread)[0x00d94764]} sysPrxForUser: sys_lwmutex_create(lwmutex=*0x28093db0, attr=*0xd001f908)
HLE: W {PPU[0x1] Thread (main_thread)[0x00d949e4]} sysPrxForUser: sys_lwcond_create(lwcond=*0x28093dc8, lwmutex=*0x28093db0, attr=*0xd001f900)
HLE: W {PPU[0x1] Thread (main_thread)[0x00d94764]} sysPrxForUser: sys_lwmutex_create(lwmutex=*0x28093e00, attr=*0xd001f908)
HLE: W {PPU[0x1] Thread (main_thread)[0x00d949e4]} sysPrxForUser: sys_lwcond_create(lwcond=*0x28093e18, lwmutex=*0x28093e00, attr=*0xd001f900)
HLE: W {PPU[0x1] Thread (main_thread)[0x00d94764]} sysPrxForUser: sys_lwmutex_create(lwmutex=*0x28093e50, attr=*0xd001f908)
HLE: W {PPU[0x1] Thread (main_thread)[0x00d949e4]} sysPrxForUser: sys_lwcond_create(lwcond=*0x28093e68, lwmutex=*0x28093e50, attr=*0xd001f900)
HLE: W {PPU[0x1] Thread (main_thread)[0x00d94764]} sysPrxForUser: sys_lwmutex_create(lwmutex=*0x28093ea0, attr=*0xd001f908)
HLE: W {PPU[0x1] Thread (main_thread)[0x00d949e4]} sysPrxForUser: sys_lwcond_create(lwcond=*0x28093eb8, lwmutex=*0x28093ea0, attr=*0xd001f900)
HLE: W {PPU[0x1] Thread (main_thread)[0x00d94764]} sysPrxForUser: sys_lwmutex_create(lwmutex=*0x28093ef0, attr=*0xd001f908)
HLE: W {PPU[0x1] Thread (main_thread)[0x00d949e4]} sysPrxForUser: sys_lwcond_create(lwcond=*0x28093f08, lwmutex=*0x28093ef0, attr=*0xd001f900)
HLE: W {PPU[0x1] Thread (main_thread)[0x00d94764]} sysPrxForUser: sys_lwmutex_create(lwmutex=*0x28093f40, attr=*0xd001f908)
HLE: W {PPU[0x1] Thread (main_thread)[0x00d949e4]} sysPrxForUser: sys_lwcond_create(lwcond=*0x28093f58, lwmutex=*0x28093f40, attr=*0xd001f900)
HLE: W {PPU[0x1] Thread (main_thread)[0x00d94764]} sysPrxForUser: sys_lwmutex_create(lwmutex=*0x28093f90, attr=*0xd001f908)
HLE: W {PPU[0x1] Thread (main_thread)[0x00d949e4]} sysPrxForUser: sys_lwcond_create(lwcond=*0x28093fa8, lwmutex=*0x28093f90, attr=*0xd001f900)
HLE: W {PPU[0x1] Thread (main_thread)[0x00d94764]} sysPrxForUser: sys_lwmutex_create(lwmutex=*0x28093fe0, attr=*0xd001f908)
HLE: W {PPU[0x1] Thread (main_thread)[0x00d949e4]} sysPrxForUser: sys_lwcond_create(lwcond=*0x28093ff8, lwmutex=*0x28093fe0, attr=*0xd001f900)
HLE: W {PPU[0x1] Thread (main_thread)[0x00d94764]} sysPrxForUser: sys_lwmutex_create(lwmutex=*0x28094030, attr=*0xd001f908)
HLE: W {PPU[0x1] Thread (main_thread)[0x00d949e4]} sysPrxForUser: sys_lwcond_create(lwcond=*0x28094048, lwmutex=*0x28094030, attr=*0xd001f900)
HLE: W {PPU[0x1] Thread (main_thread)[0x00d94764]} sysPrxForUser: sys_lwmutex_create(lwmutex=*0x28094080, attr=*0xd001f908)
HLE: W {PPU[0x1] Thread (main_thread)[0x00d949e4]} sysPrxForUser: sys_lwcond_create(lwcond=*0x28094098, lwmutex=*0x28094080, attr=*0xd001f900)
HLE: W {PPU[0x1] Thread (main_thread)[0x00d94764]} sysPrxForUser: sys_lwmutex_create(lwmutex=*0x280940d0, attr=*0xd001f908)
HLE: W {PPU[0x1] Thread (main_thread)[0x00d949e4]} sysPrxForUser: sys_lwcond_create(lwcond=*0x280940e8, lwmutex=*0x280940d0, attr=*0xd001f900)
HLE: W {PPU[0x1] Thread (main_thread)[0x00d94764]} sysPrxForUser: sys_lwmutex_create(lwmutex=*0x28094120, attr=*0xd001f908)
HLE: W {PPU[0x1] Thread (main_thread)[0x00d949e4]} sysPrxForUser: sys_lwcond_create(lwcond=*0x28094138, lwmutex=*0x28094120, attr=*0xd001f900)
HLE: W {PPU[0x1] Thread (main_thread)[0x00d94764]} sysPrxForUser: sys_lwmutex_create(lwmutex=*0x28094170, attr=*0xd001f908)
HLE: W {PPU[0x1] Thread (main_thread)[0x00d949e4]} sysPrxForUser: sys_lwcond_create(lwcond=*0x28094188, lwmutex=*0x28094170, attr=*0xd001f900)
HLE: W {PPU[0x1] Thread (main_thread)[0x00aeaca4]} sys_semaphore: sys_semaphore_create(sem_id=*0xd001f820, attr=*0xd001f828, initial_val=0, max_val=2147483647)
HLE: W {PPU[0x1] Thread (main_thread)[0x00d94764]} sysPrxForUser: sys_lwmutex_create(lwmutex=*0x20402070, attr=*0xd001f8d0)
HLE: W {PPU[0x1] Thread (main_thread)[0x00d946e4]} sysPrxForUser: sys_ppu_thread_create(thread_id=*0x20402100, entry=0xfa54d0, arg=0x20402100, prio=1001, stacksize=0x10000, flags=0x1, threadname=*0x20402114)
HLE: W {PPU[0x1] Thread (main_thread)[0x00d946e4]} sys_ppu_thread: _sys_ppu_thread_create(thread_id=*0x20402100, param=*0xd001f7b8, arg=0x20402100, unk=0x0, prio=1001, stacksize=0x10000, flags=0x1, threadname=*0x20402114)
HLE: W {PPU[0x1] Thread (main_thread)[0x00d946e4]} sys_ppu_thread: sys_ppu_thread_start(thread_id=0x94)
HLE: W {PPU[0x1] Thread (main_thread)[0x00aeaca4]} sys_semaphore: sys_semaphore_create(sem_id=*0xd001f820, attr=*0xd001f828, initial_val=0, max_val=2147483647)
HLE: W {PPU[0x1] Thread (main_thread)[0x00d94764]} sysPrxForUser: sys_lwmutex_create(lwmutex=*0x204028f0, attr=*0xd001f8d0)
HLE: W {PPU[0x1] Thread (main_thread)[0x00d946e4]} sysPrxForUser: sys_ppu_thread_create(thread_id=*0x20402980, entry=0xfa54d0, arg=0x20402980, prio=1001, stacksize=0x10000, flags=0x1, threadname=*0x20402994)
HLE: W {PPU[0x1] Thread (main_thread)[0x00d946e4]} sys_ppu_thread: _sys_ppu_thread_create(thread_id=*0x20402980, param=*0xd001f7b8, arg=0x20402980, unk=0x0, prio=1001, stacksize=0x10000, flags=0x1, threadname=*0x20402994)
HLE: W {PPU[0x1] Thread (main_thread)[0x00d946e4]} sys_ppu_thread: sys_ppu_thread_start(thread_id=0x97)
HLE: W {PPU[0x1] Thread (main_thread)[0x00d94764]} sysPrxForUser: sys_lwmutex_create(lwmutex=*0x12090a0, attr=*0xd001f910)
HLE: W {PPU[0x1] Thread (main_thread)[0x00d94764]} sysPrxForUser: sys_lwmutex_create(lwmutex=*0x120cac8, attr=*0xd001f960)
HLE: W {PPU[0x1] Thread (main_thread)[0x00d92ee4]} cellSysmodule: cellSysmoduleLoadModule(id=0x000e: CELL_SYSMODULE_FS)
HLE: W {PPU[0x1] Thread (main_thread)[0x00d92ee4]} cellSysmodule: cellSysmoduleLoadModule(id=0x003e: CELL_SYSMODULE_SYSUTIL_GAME)
HLE: W {PPU[0x1] Thread (main_thread)[0x00d939e4]} sys_io: cellPadInit(max_connect=7)
HLE: W {PPU[0x1] Thread (main_thread)[0x00aeaca4]} sys_semaphore: sys_semaphore_create(sem_id=*0xd001f9b0, attr=*0xd001f9b8, initial_val=0, max_val=2147483647)
HLE: W {PPU[0x1] Thread (main_thread)[0x00aeaca4]} sys_semaphore: sys_semaphore_create(sem_id=*0xd001f9b0, attr=*0xd001f9b8, initial_val=0, max_val=2147483647)
HLE: W {PPU[0x1] Thread (main_thread)[0x00d946e4]} sysPrxForUser: sys_ppu_thread_create(thread_id=*0x20402a00, entry=0xfa54d0, arg=0x20402a00, prio=1001, stacksize=0x10000, flags=0x1, threadname=*0x20402a14)
HLE: W {PPU[0x1] Thread (main_thread)[0x00d946e4]} sys_ppu_thread: _sys_ppu_thread_create(thread_id=*0x20402a00, param=*0xd001f948, arg=0x20402a00, unk=0x0, prio=1001, stacksize=0x10000, flags=0x1, threadname=*0x20402a14)
HLE: W {PPU[0x1] Thread (main_thread)[0x00d946e4]} sys_ppu_thread: sys_ppu_thread_start(thread_id=0x9c)
HLE: W {PPU[0x1] Thread (main_thread)[0x00d93104]} cellSpurs: _cellSpursAttributeInitialize(attr=*0xd001f6f0, revision=2, sdkVersion=0x270001, nSpus=5, spuPriority=250, ppuPriority=450, exitIfNoWork=1701996544)
HLE: W {PPU[0x1] Thread (main_thread)[0x00d92f04]} cellSpurs: cellSpursAttributeSetNamePrefix(attr=*0xd001f6f0, prefix=*0xe6e408, size=9)
HLE: W {PPU[0x1] Thread (main_thread)[0x00d931c4]} cellSpurs: cellSpursInitializeWithAttribute(spurs=*0x28095300, attr=*0xd001f6f0)
HLE: W {PPU[0x1] Thread (main_thread)[0x00d931c4]} sys_process: sys_process_is_spu_lock_line_reservation_address(addr=0x28095300, flags=0x2)
HLE: W {PPU[0x1] Thread (main_thread)[0x00d931c4]} sys_semaphore: sys_semaphore_create(sem_id=*0xd001f668, attr=*0xd001f648, initial_val=0, max_val=1)
HLE: W {PPU[0x1] Thread (main_thread)[0x00d931c4]} sys_semaphore: sys_semaphore_create(sem_id=*0xd001f668, attr=*0xd001f648, initial_val=0, max_val=1)
HLE: W {PPU[0x1] Thread (main_thread)[0x00d931c4]} sys_semaphore: sys_semaphore_create(sem_id=*0xd001f668, attr=*0xd001f648, initial_val=0, max_val=1)
HLE: W {PPU[0x1] Thread (main_thread)[0x00d931c4]} sys_semaphore: sys_semaphore_create(sem_id=*0xd001f668, attr=*0xd001f648, initial_val=0, max_val=1)
HLE: W {PPU[0x1] Thread (main_thread)[0x00d931c4]} sys_semaphore: sys_semaphore_create(sem_id=*0xd001f668, attr=*0xd001f648, initial_val=0, max_val=1)
HLE: W {PPU[0x1] Thread (main_thread)[0x00d931c4]} sys_semaphore: sys_semaphore_create(sem_id=*0xd001f668, attr=*0xd001f648, initial_val=0, max_val=1)
HLE: W {PPU[0x1] Thread (main_thread)[0x00d931c4]} sys_semaphore: sys_semaphore_create(sem_id=*0xd001f668, attr=*0xd001f648, initial_val=0, max_val=1)
HLE: W {PPU[0x1] Thread (main_thread)[0x00d931c4]} sys_semaphore: sys_semaphore_create(sem_id=*0xd001f668, attr=*0xd001f648, initial_val=0, max_val=1)
HLE: W {PPU[0x1] Thread (main_thread)[0x00d931c4]} sys_semaphore: sys_semaphore_create(sem_id=*0xd001f668, attr=*0xd001f648, initial_val=0, max_val=1)
HLE: W {PPU[0x1] Thread (main_thread)[0x00d931c4]} sys_semaphore: sys_semaphore_create(sem_id=*0xd001f668, attr=*0xd001f648, initial_val=0, max_val=1)
HLE: W {PPU[0x1] Thread (main_thread)[0x00d931c4]} sys_semaphore: sys_semaphore_create(sem_id=*0xd001f668, attr=*0xd001f648, initial_val=0, max_val=1)
HLE: W {PPU[0x1] Thread (main_thread)[0x00d931c4]} sys_semaphore: sys_semaphore_create(sem_id=*0xd001f668, attr=*0xd001f648, initial_val=0, max_val=1)
HLE: W {PPU[0x1] Thread (main_thread)[0x00d931c4]} sys_semaphore: sys_semaphore_create(sem_id=*0xd001f668, attr=*0xd001f648, initial_val=0, max_val=1)
HLE: W {PPU[0x1] Thread (main_thread)[0x00d931c4]} sys_semaphore: sys_semaphore_create(sem_id=*0xd001f668, attr=*0xd001f648, initial_val=0, max_val=1)
HLE: W {PPU[0x1] Thread (main_thread)[0x00d931c4]} sys_semaphore: sys_semaphore_create(sem_id=*0xd001f668, attr=*0xd001f648, initial_val=0, max_val=1)
HLE: W {PPU[0x1] Thread (main_thread)[0x00d931c4]} sys_semaphore: sys_semaphore_create(sem_id=*0xd001f668, attr=*0xd001f648, initial_val=0, max_val=1)
HLE: W {PPU[0x1] Thread (main_thread)[0x00d931c4]} sys_semaphore: sys_semaphore_create(sem_id=*0xd001f668, attr=*0xd001f648, initial_val=0, max_val=1)
HLE: W {PPU[0x1] Thread (main_thread)[0x00d931c4]} sys_spu: sys_spu_thread_group_create(id=*0xd001f628, num=5, prio=250, attr=*0xd001f598)
HLE: W {PPU[0x1] Thread (main_thread)[0x00d931c4]} sys_spu: sys_spu_thread_initialize(thread=*0xd001f570, group=0xae, spu_num=0, img=*0x28096070, attr=*0xd001f560, arg=*0xd001f578)
HLE: E {PPU[0x1] Thread (main_thread)[0x00d931c4]} sys_spu: Unsupported SPU Thread options (0x2)
HLE: W {PPU[0x1] Thread (main_thread)[0x00d931c4]} sys_spu: sys_spu_thread_initialize(thread=*0xd001f570, group=0xae, spu_num=1, img=*0x28096070, attr=*0xd001f560, arg=*0xd001f578)
HLE: E {PPU[0x1] Thread (main_thread)[0x00d931c4]} sys_spu: Unsupported SPU Thread options (0x2)
HLE: W {PPU[0x1] Thread (main_thread)[0x00d931c4]} sys_spu: sys_spu_thread_initialize(thread=*0xd001f570, group=0xae, spu_num=2, img=*0x28096070, attr=*0xd001f560, arg=*0xd001f578)
HLE: E {PPU[0x1] Thread (main_thread)[0x00d931c4]} sys_spu: Unsupported SPU Thread options (0x2)
HLE: W {PPU[0x1] Thread (main_thread)[0x00d931c4]} sys_spu: sys_spu_thread_initialize(thread=*0xd001f570, group=0xae, spu_num=3, img=*0x28096070, attr=*0xd001f560, arg=*0xd001f578)
HLE: E {PPU[0x1] Thread (main_thread)[0x00d931c4]} sys_spu: Unsupported SPU Thread options (0x2)
HLE: W {PPU[0x1] Thread (main_thread)[0x00d931c4]} sys_spu: sys_spu_thread_initialize(thread=*0xd001f570, group=0xae, spu_num=4, img=*0x28096070, attr=*0xd001f560, arg=*0xd001f578)
HLE: E {PPU[0x1] Thread (main_thread)[0x00d931c4]} sys_spu: Unsupported SPU Thread options (0x2)
HLE: W {PPU[0x1] Thread (main_thread)[0x00d931c4]} sysPrxForUser: sys_lwmutex_create(lwmutex=*0x280960b0, attr=*0xd001f630)
HLE: W {PPU[0x1] Thread (main_thread)[0x00d931c4]} sysPrxForUser: sys_lwcond_create(lwcond=*0x280960c8, lwmutex=*0x280960b0, attr=*0xd001f640)
HLE: W {PPU[0x1] Thread (main_thread)[0x00d931c4]} sys_event: sys_event_queue_create(equeue_id=*0x2809605c, attr=*0xd001f4c8, event_queue_key=0x0, size=42)
HLE: W {PPU[0x1] Thread (main_thread)[0x00d931c4]} sys_spu: sys_spu_thread_group_connect_event_all_threads(id=0xae, eq=0xb6, req=0xffffffffffff0000, spup=*0x280953c9)
HLE: W {PPU[0x1] Thread (main_thread)[0x00d931c4]} sys_event: sys_event_port_create(eport_id=*0x28096060, port_type=1, name=0x0)
HLE: W {PPU[0x1] Thread (main_thread)[0x00d931c4]} sys_event: sys_event_port_connect_local(eport_id=0xb7, equeue_id=0xb6)
HLE: W {PPU[0x1] Thread (main_thread)[0x00d931c4]} cellSpurs: cellSpursEnableExceptionEventHandler(spurs=*0x28095300, flag=1)
HLE: W {PPU[0xb9] Thread (pxd_spursSpursHdlr0)[0x00000000]} sys_spu: sys_spu_thread_group_start(id=0xae)
HLE: W {PPU[0x1] Thread (main_thread)[0x00d931c4]} sys_spu: sys_spu_thread_group_connect_event(id=0xae, eq=0xb6, et=2)
SPU: S {PPU[0xb9] Thread (pxd_spursSpursHdlr0)[0x00000000]} SPU Database initialized...
SPU: S {PPU[0xb9] Thread (pxd_spursSpursHdlr0)[0x00000000]} SPU Recompiler (ASMJIT) created...
HLE: W {PPU[0xb9] Thread (pxd_spursSpursHdlr0)[0x00000000]} sys_spu: sys_spu_thread_group_join(id=0xae, cause=*0x0, status=*0x0)
HLE: W {PPU[0x1] Thread (main_thread)[0x00d92f44]} cellSpurs: _cellSpursTasksetAttributeInitialize(attribute=*0xd001f6c8, revision=1, skd_version=0x270001, args=0x0, priority=*0xd001f6c0, max_contention=3)
HLE: W {PPU[0x1] Thread (main_thread)[0x00d930e4]} cellSpurs: cellSpursTasksetAttributeSetTasksetSize(attr=*0xd001f6c8, size=0x2900)
HLE: W {PPU[0x1] Thread (main_thread)[0x00d93064]} cellSpurs: cellSpursTasksetAttributeSetName(attr=*0xd001f6c8, name=*0x280952a4)
HLE: W {PPU[0x1] Thread (main_thread)[0x00d93224]} cellSpurs: cellSpursCreateTasksetWithAttribute(spurs=*0x28095300, taskset=*0x28096380, attr=*0xd001f6c8)
HLE: W {PPU[0x1] Thread (main_thread)[0x00d93224]} cellSpurs: _cellSpursWorkloadAttributeInitialize(attr=*0xd001f450, revision=1, sdkVersion=0x33, pm=*0x200, size=0x1e40, data=0x28096380, priority=*0xd001f6d8, minCnt=0x8, maxCnt=0x3)
HLE: W {PPU[0x1] Thread (main_thread)[0x00d93224]} cellSpurs: cellSpursWorkloadAttributeSetName(attr=*0xd001f450, nameClass=*0x0, nameInstance=*0x280952a4)
SPU: S {SPU[0xaf] Thread (pxd_spursCellSpursKernel0)[0x00818]} Function detected [0x00818-0x00820] (size=0x8)
HLE: W {PPU[0x1] Thread (main_thread)[0x00d93224]} cellSpurs: cellSpursAddWorkloadWithAttribute(spurs=*0x28095300, wid=*0xd001f448, attr=*0xd001f450)
HLE: W {PPU[0x1] Thread (main_thread)[0x00d93044]} cellSpurs: _cellSpursEventFlagInitialize(spurs=*0x28095300, taskset=*0x0, eventFlag=*0x28098d00, flagClearMode=0, flagDirection=1)
HLE: W {PPU[0x1] Thread (main_thread)[0x00d930c4]} cellSpurs: cellSpursEventFlagAttachLv2EventQueue(eventFlag=*0x28098d00)
HLE: W {PPU[0x1] Thread (main_thread)[0x00d930c4]} sys_event: sys_event_queue_create(equeue_id=*0xd001f5c8, attr=*0xd001f5a8, event_queue_key=0x0, size=1)
HLE: W {PPU[0x1] Thread (main_thread)[0x00d930c4]} sys_spu: sys_spu_thread_group_connect_event_all_threads(id=0xae, eq=0xba, req=0xffffffffffff0000, spup=*0xd001f5c0)
HLE: E {PPU[0x1] Thread (main_thread)[0x00d92fe4]} cellSpurs: _cellSpursJobChainAttributeInitialize
HLE: E {PPU[0x1] Thread (main_thread)[0x00d93144]} cellSpurs: cellSpursJobChainAttributeSetName
HLE: E {PPU[0x1] Thread (main_thread)[0x00d92fa4]} cellSpurs: cellSpursCreateJobChainWithAttribute
HLE: E {PPU[0x1] Thread (main_thread)[0x00d93084]} cellSpurs: cellSpursJobGuardInitialize
HLE: E {PPU[0x1] Thread (main_thread)[0x00d93264]} cellSpurs: cellSpursJobGuardNotify
HLE: E {PPU[0x1] Thread (main_thread)[0x00d932a4]} cellSpurs: cellSpursRunJobChain
HLE: W {PPU[0x1] Thread (main_thread)[0x00d93ac4]} sys_io: cellMouseInit(max_connect=1)
HLE: W {PPU[0x1] Thread (main_thread)[0x00d945a4]} cellSysutil: cellVideoOutGetDeviceInfo(videoOut=0, deviceIndex=0, info=*0xd001f234)
HLE: W {PPU[0x1] Thread (main_thread)[0x00d92ee4]} cellSysmodule: cellSysmoduleLoadModule(id=0x0010: CELL_SYSMODULE_GCM_SYS)
HLE: W {PPU[0x1] Thread (main_thread)[0x00b8dd04]} sys_memory: sys_memory_allocate(size=0x1e00000, flags=0x400, alloc_addr=*0xd001ef50)
HLE: W {PPU[0x1] Thread (main_thread)[0x00d935a4]} cellGcmSys: cellGcmInitDefaultFifoMode(mode=0)
HLE: W {PPU[0x1] Thread (main_thread)[0x00d93364]} cellGcmSys: _cellGcmInitBody(context=**0x1246780, cmdSize=0xa00000, ioSize=0x1c00000, ioAddress=0x28200000)
HLE: W {PPU[0x1] Thread (main_thread)[0x00d93364]} cellGcmSys: *** local memory(addr=0xc0000000, size=0xf900000)
HLE: W {PPU[0x1] Thread (main_thread)[0x00d93364]} cellGcmSys: cellGcmInit(): 256MB io address space used
RSX: ! {RSXThread} RSX thread started
HLE: S {PPU[0x1] Thread (main_thread)[0x00d93384]} Last function: cellGcmSetDefaultCommandBufferAndSegmentWordSize (0x172c3197)
G: ! {PPU[0x1] Thread (main_thread)[0x00d93384]} Registers:
=========
GPR[0] = 0xb460f0
GPR[1] = 0xd001f160
GPR[2] = 0xfbe760
GPR[3] = 0x400
GPR[4] = 0x40000
GPR[5] = 0x1c00000
GPR[6] = 0x28200000
GPR[7] = 0x29e00010
GPR[8] = 0x1246780
GPR[9] = 0x0
GPR[10] = 0x28201000
GPR[11] = 0x8d
GPR[12] = 0x20008044
GPR[13] = 0x13a8030
GPR[14] = 0x0
GPR[15] = 0xf3c000
GPR[16] = 0xf3b000
GPR[17] = 0x0
GPR[18] = 0xf3a000
GPR[19] = 0x100000
GPR[20] = 0x2
GPR[21] = 0x0
GPR[22] = 0x0
GPR[23] = 0x0
GPR[24] = 0x0
GPR[25] = 0x28200000
GPR[26] = 0x28c00000
GPR[27] = 0x0
GPR[28] = 0x28200000
GPR[29] = 0x400
GPR[30] = 0xd001f860
GPR[31] = 0x12421e0
FPR[0] = 1280
FPR[1] = 0.5
FPR[2] = 0.125
FPR[3] = 0.048
FPR[4] = 0.039
FPR[5] = 0.01
FPR[6] = 0.4
FPR[7] = 0.5
FPR[8] = 0.8
FPR[9] = 8E+07
FPR[10] = 26666.7
FPR[11] = 3.75E-05
FPR[12] = 12.5
FPR[13] = 768
FPR[14] = 0
FPR[15] = 0
FPR[16] = 0
FPR[17] = 0
FPR[18] = 0
FPR[19] = 0
FPR[20] = 0
FPR[21] = 0
FPR[22] = 0
FPR[23] = 0
FPR[24] = 0
FPR[25] = 0
FPR[26] = 0
FPR[27] = 0
FPR[28] = 0
FPR[29] = 0
FPR[30] = 0
FPR[31] = 0
VPR[0] = 0x0000000000000000000000003f800000 [x: 0 y: 0 z: 0 w: 1]
VPR[1] = 0x3f800000000000000000000000000000 [x: 1 y: 0 z: 0 w: 0]
VPR[2] = 0x3f0000003f0000003f0000003f000000 [x: 0.5 y: 0.5 z: 0.5 w: 0.5]
VPR[3] = 0x3e0000003e0000003e0000003e000000 [x: 0.125 y: 0.125 z: 0.125 w: 0.125]
VPR[4] = 0x3dcccccd000000000000000000000000 [x: 0.1 y: 0 z: 0 w: 0]
VPR[5] = 0x37800000378000003780000037800000 [x: 1.52588e-05 y: 1.52588e-05 z: 1.52588e-05 w: 1.52588e-05]
VPR[6] = 0x3f8000003f8000003f8000003f800000 [x: 1 y: 1 z: 1 w: 1]
VPR[7] = 0x358637be358637be358637be358637be [x: 1e-06 y: 1e-06 z: 1e-06 w: 1e-06]
VPR[8] = 0x3bb02e803bb02e803bb02e803bb02e80 [x: 0.00537664 y: 0.00537664 z: 0.00537664 w: 0.00537664]
VPR[9] = 0x00000000000000000000000000000000 [x: 0 y: 0 z: 0 w: 0]
VPR[10] = 0x3bbc24803bbc24803bbc24803bbc2480 [x: 0.00574166 y: 0.00574166 z: 0.00574166 w: 0.00574166]
VPR[11] = 0x00000000000000000000000000000000 [x: 0 y: 0 z: 0 w: 0]
VPR[12] = 0x00000000000000003f80000000000000 [x: 0 y: 0 z: 1 w: 0]
VPR[13] = 0x000000003f8000000000000000000000 [x: 0 y: 1 z: 0 w: 0]
VPR[14] = 0x00000000034b95a000000000034b95a0 [x: 0 y: 5.98281e-37 z: 0 w: 5.98281e-37]
VPR[15] = 0x00000000034b95a000000000034b95a0 [x: 0 y: 5.98281e-37 z: 0 w: 5.98281e-37]
VPR[16] = 0x00000000034b95a000000000034b95a0 [x: 0 y: 5.98281e-37 z: 0 w: 5.98281e-37]
VPR[17] = 0x00000000034b95a000000000034b95a0 [x: 0 y: 5.98281e-37 z: 0 w: 5.98281e-37]
VPR[18] = 0x00000000034b95a000000000034b95a0 [x: 0 y: 5.98281e-37 z: 0 w: 5.98281e-37]
VPR[19] = 0x00000000034b95a000000000034b95a0 [x: 0 y: 5.98281e-37 z: 0 w: 5.98281e-37]
VPR[20] = 0x00000000034b95a000000000034b95a0 [x: 0 y: 5.98281e-37 z: 0 w: 5.98281e-37]
VPR[21] = 0x00000000034b99e000000000034b9fe0 [x: 0 y: 5.9833e-37 z: 0 w: 5.98399e-37]
VPR[22] = 0x00000000034b95a000000000034b95a0 [x: 0 y: 5.98281e-37 z: 0 w: 5.98281e-37]
VPR[23] = 0x00000000034b9ec000000000034b9ec0 [x: 0 y: 5.98386e-37 z: 0 w: 5.98386e-37]
VPR[24] = 0x00000000034b95a000000000034b95a0 [x: 0 y: 5.98281e-37 z: 0 w: 5.98281e-37]
VPR[25] = 0x00000000034b9e8000000000034b9e80 [x: 0 y: 5.98383e-37 z: 0 w: 5.98383e-37]
VPR[26] = 0x00000000034b95a000000000034b95a0 [x: 0 y: 5.98281e-37 z: 0 w: 5.98281e-37]
VPR[27] = 0x00000000034b95a000000000034b95a0 [x: 0 y: 5.98281e-37 z: 0 w: 5.98281e-37]
VPR[28] = 0x00000000034b95a000000000034b95a0 [x: 0 y: 5.98281e-37 z: 0 w: 5.98281e-37]
VPR[29] = 0x00000000034b95a000000000034b95a0 [x: 0 y: 5.98281e-37 z: 0 w: 5.98281e-37]
VPR[30] = 0x00000000034b95a000000000034b95a0 [x: 0 y: 5.98281e-37 z: 0 w: 5.98281e-37]
VPR[31] = 0x00000000034b95a000000000034b95a0 [x: 0 y: 5.98281e-37 z: 0 w: 5.98281e-37]
CR = 0x20008042
LR = 0xb46100
CTR = 0x0
XER = 0x20000000 [CA=1 | OV=8589934592 | SO=0]
FPSCR = 0x0 [RN=0 | NI=0 | XE=0 | ZE=0 | UE=0 | OE=0 | VE=0 | VXCVI=0 | VXSQRT=0 | VXSOFT=0 | FPRF=0 | FI=0 | FR=0 | VXVC=0 | VXIMZ=0 | VXZDZ=0 | VXIDI=0 | VXISI=0 | VXSNAN=0 | XX=0 | ZX=0 | UX=0 | OX=0 | VX=0 | FEX=0 | FX=0]

G: E {PPU[0x1] Thread (main_thread)[0x00d93384]} Exception: 
(in file Emu\SysCalls\Modules\cellGcmSys.cpp:1116, in function cellGcmSetDefaultCommandBufferAndSegmentWordSize)
G: ! Stopping emulator...
G: ! All threads signaled...
HLE: S {PPU[0x94] Thread (AsyncFileAccess)[0x00aead34]} Last syscall: 92 (sys_semaphore_wait)
G: ! {PPU[0x2] Thread (Callback Thread)[0x00000000]} Thread aborted
HLE: S {PPU[0x97] Thread (AsyncFileAccess)[0x00aead34]} Last syscall: 92 (sys_semaphore_wait)
G: ! {PPU[0x94] Thread (AsyncFileAccess)[0x00aead34]} Thread aborted
HLE: S {PPU[0x9c] Thread (mt_task_thread)[0x00aead34]} Last syscall: 92 (sys_semaphore_wait)
G: ! {PPU[0x97] Thread (AsyncFileAccess)[0x00aead34]} Thread aborted
G: ! {PPU[0x9c] Thread (mt_task_thread)[0x00aead34]} Thread aborted
G: ! {PPU[0xb8] Thread (pxd_spursSpursHdlr1)[0x00000000]} Thread aborted
G: ! {VBlank Thread} Thread aborted
G: ! {PPU[0xb9] Thread (pxd_spursSpursHdlr0)[0x00000000]} Thread aborted
G: ! {SPU[0xb3] Thread (pxd_spursCellSpursKernel4)[0x00818]} Thread aborted
G: ! {SPU[0xaf] Thread (pxd_spursCellSpursKernel0)[0x00818]} Thread aborted
G: ! {SPU[0xb1] Thread (pxd_spursCellSpursKernel2)[0x00818]} Thread aborted
G: ! {SPU[0xb0] Thread (pxd_spursCellSpursKernel1)[0x00818]} Thread aborted
G: ! {SPU[0xb2] Thread (pxd_spursCellSpursKernel3)[0x00818]} Thread aborted
G: ! All threads stopped...
G: ! Objects cleared...
