LDR: E PSFLoader::Load() failed: unknown magic (0x0)
G: ! RPCS3 v0.0.0.5-2539-g316959f
G: ! 
G: ! Stopping emulator...
LDR: ! Loading 'D:/Emulateurs/Rpcs3/dev_hdd0/game/BLES00954-[MONOPOLY Streets]/PS3_GAME/USRDIR/BOOT.BIN'...
G: W fs::file::open('D:/Emulateurs/Rpcs3/dev_hdd0/game/BLES00954-[MONOPOLY Streets]/PS3_GAME/dev_bdvd.path', 0x1) failed: error 0x2
LDR: ! 
LDR: ! Mount info:
LDR: ! /dev_usb000/ -> D:/Emulateurs/Rpcs3/dev_usb000/
LDR: ! /dev_flash/ -> D:/Emulateurs/Rpcs3/dev_flash/
LDR: ! /host_root/ -> 
LDR: ! /dev_hdd0/ -> D:/Emulateurs/Rpcs3/dev_hdd0/
LDR: ! /dev_hdd1/ -> D:/Emulateurs/Rpcs3/dev_hdd1/
LDR: ! /dev_bdvd/ -> D:/Emulateurs/Rpcs3/dev_hdd0/game/BLES00954-[MONOPOLY Streets]/
LDR: ! /dev_usb/ -> D:/Emulateurs/Rpcs3/dev_usb000/
LDR: ! 
LDR: ! Settings:
LDR: ! CPU: PPU Interpreter 2
LDR: ! SPU: SPU Recompiler (ASMJIT)
LDR: ! Renderer: DirectX 12
LDR: ! D3D Adapter: Default
LDR: ! Resolution: 1280x720
LDR: ! Write Depth Buffer: No
LDR: ! Write Color Buffers: No
LDR: ! Read Color Buffer: No
LDR: ! Audio Out: XAudio2
LDR: ! Log Everything: No
LDR: ! RSX Logging: No
LDR: ! 
LDR: ! Title: MONOPOLY Streets
LDR: ! Serial: BLES00954
LDR: ! Elf path: /dev_bdvd/PS3_GAME/USRDIR/BOOT.BIN
LDR: ! 
LDR: ! loader::init() failed: Broken file
LDR: ! *** sdk version: 0x330001
LDR: ! *** primary prio: 1001
LDR: ! *** primary stacksize: 0x40000
LDR: ! *** malloc pagesize: 0x100000
LDR: ! *** ppc seg: 0x0
LDR: ! Imported function 'sceNpBasicSendMessageGui' in 'sceNp' module (0x7d6f58)
LDR: ! Imported function 'sceNpManagerGetTicket' in 'sceNp' module (0x7d6f78)
LDR: ! Imported function 'sceNpBasicRegisterContextSensitiveHandler' in 'sceNp' module (0x7d6f98)
LDR: E Unknown function '0x4210C462' in 'sceNp' module (0x7d6fb8)
LDR: ! Imported function 'sceNpTerm' in 'sceNp' module (0x7d6fd8)
LDR: ! Imported function 'sceNpManagerUnregisterCallback' in 'sceNp' module (0x7d6ff8)
LDR: ! Imported function 'sceNpManagerGetTicketParam' in 'sceNp' module (0x7d7018)
LDR: ! Imported function 'sceNpBasicGetFriendPresenceByIndex2' in 'sceNp' module (0x7d7038)
LDR: ! Imported function 'sceNpBasicRecvMessageAttachmentLoad' in 'sceNp' module (0x7d7058)
LDR: ! Imported function 'sceNpManagerGetContentRatingFlag' in 'sceNp' module (0x7d7078)
LDR: ! Imported function 'sceNpBasicRecvMessageCustom' in 'sceNp' module (0x7d7098)
LDR: ! Imported function 'sceNpManagerRequestTicket2' in 'sceNp' module (0x7d70b8)
LDR: ! Imported function 'sceNpManagerGetStatus' in 'sceNp' module (0x7d70d8)
LDR: ! Imported function 'sceNpDrmIsAvailable' in 'sceNp' module (0x7d70f8)
LDR: ! Imported function 'sceNpBasicGetFriendListEntryCount' in 'sceNp' module (0x7d7118)
LDR: ! Imported function 'sceNpManagerGetAccountRegion' in 'sceNp' module (0x7d7138)
LDR: ! Imported function 'sceNpBasicAddPlayersHistoryAsync' in 'sceNp' module (0x7d7158)
LDR: ! Imported function 'sceNpInit' in 'sceNp' module (0x7d7178)
LDR: ! Imported function 'sceNpUtilCmpNpId' in 'sceNp' module (0x7d7198)
LDR: ! Imported function 'sceNpBasicGetEvent' in 'sceNp' module (0x7d71b8)
LDR: ! Imported function 'sceNpManagerRegisterCallback' in 'sceNp' module (0x7d71d8)
LDR: ! Imported function 'sceNpManagerGetChatRestrictionFlag' in 'sceNp' module (0x7d71f8)
LDR: ! Imported function 'sceNpManagerGetNpId' in 'sceNp' module (0x7d7218)
LDR: ! Imported function 'sceNpDrmIsAvailable2' in 'sceNp' module (0x7d8658)
LDR: E Unknown module 'cellPrx_EAWebkitPrx'
LDR: E Unknown function '0xB84A04AC' in 'cellPrx_EAWebkitPrx' module (0x7d7238)
LDR: ! Imported function 'cellPadInit' in 'sys_io' module (0x7d7258)
LDR: ! Imported function 'cellKbClearBuf' in 'sys_io' module (0x7d7278)
LDR: ! Imported function 'cellKbGetInfo' in 'sys_io' module (0x7d7298)
LDR: ! Imported function 'cellMouseClearBuf' in 'sys_io' module (0x7d72b8)
LDR: ! Imported function 'cellKbSetLEDStatus' in 'sys_io' module (0x7d72d8)
LDR: ! Imported function 'cellKbInit' in 'sys_io' module (0x7d72f8)
LDR: ! Imported function 'cellPadEnd' in 'sys_io' module (0x7d7318)
LDR: ! Imported function 'cellPadSetPortSetting' in 'sys_io' module (0x7d7338)
LDR: ! Imported function 'cellMouseGetInfo' in 'sys_io' module (0x7d7358)
LDR: ! Imported function 'cellMouseGetDataList' in 'sys_io' module (0x7d7378)
LDR: ! Imported function 'cellPadGetData' in 'sys_io' module (0x7d7398)
LDR: ! Imported function 'cellKbSetCodeType' in 'sys_io' module (0x7d73b8)
LDR: ! Imported function 'cellPadGetInfo2' in 'sys_io' module (0x7d73d8)
LDR: ! Imported function 'cellKbEnd' in 'sys_io' module (0x7d73f8)
LDR: ! Imported function 'cellMouseInit' in 'sys_io' module (0x7d7418)
LDR: ! Imported function 'cellKbSetReadMode' in 'sys_io' module (0x7d7438)
LDR: ! Imported function 'cellMouseEnd' in 'sys_io' module (0x7d7458)
LDR: ! Imported function 'cellPadSetActDirect' in 'sys_io' module (0x7d7478)
LDR: ! Imported function 'cellKbRead' in 'sys_io' module (0x7d7498)
LDR: ! Imported function 'cellFsReadWithOffset' in 'sys_fs' module (0x7d74b8)
LDR: ! Imported function 'cellFsFtruncate' in 'sys_fs' module (0x7d74d8)
LDR: ! Imported function 'cellFsGetBlockSize' in 'sys_fs' module (0x7d74f8)
LDR: ! Imported function 'cellFsRmdir' in 'sys_fs' module (0x7d7518)
LDR: ! Imported function 'cellFsClose' in 'sys_fs' module (0x7d7538)
LDR: ! Imported function 'cellFsOpendir' in 'sys_fs' module (0x7d7558)
LDR: ! Imported function 'cellFsAioWrite' in 'sys_fs' module (0x7d7578)
LDR: ! Imported function 'cellFsRead' in 'sys_fs' module (0x7d7598)
LDR: ! Imported function 'cellFsReaddir' in 'sys_fs' module (0x7d75b8)
LDR: ! Imported function 'cellFsOpen' in 'sys_fs' module (0x7d75d8)
LDR: ! Imported function 'cellFsStat' in 'sys_fs' module (0x7d75f8)
LDR: ! Imported function 'cellFsAioCancel' in 'sys_fs' module (0x7d7618)
LDR: ! Imported function 'cellFsUnlink' in 'sys_fs' module (0x7d7638)
LDR: ! Imported function 'cellFsAioFinish' in 'sys_fs' module (0x7d7658)
LDR: ! Imported function 'cellFsLseek' in 'sys_fs' module (0x7d7678)
LDR: ! Imported function 'cellFsGetFreeSize' in 'sys_fs' module (0x7d7698)
LDR: ! Imported function 'cellFsSdataOpen' in 'sys_fs' module (0x7d76b8)
LDR: ! Imported function 'cellFsMkdir' in 'sys_fs' module (0x7d76d8)
LDR: ! Imported function 'cellFsAioRead' in 'sys_fs' module (0x7d76f8)
LDR: ! Imported function 'cellFsAioInit' in 'sys_fs' module (0x7d7718)
LDR: ! Imported function 'cellFsWrite' in 'sys_fs' module (0x7d7738)
LDR: ! Imported function 'cellFsFstat' in 'sys_fs' module (0x7d7758)
LDR: ! Imported function 'cellFsRename' in 'sys_fs' module (0x7d7778)
LDR: ! Imported function 'cellFsClosedir' in 'sys_fs' module (0x7d7798)
LDR: ! Imported function 'cellGcmGetTiledPitchSize' in 'cellGcmSys' module (0x7d77b8)
LDR: ! Imported function 'cellGcmSetUserHandler' in 'cellGcmSys' module (0x7d77d8)
LDR: ! Imported function '_cellGcmInitBody' in 'cellGcmSys' module (0x7d77f8)
LDR: ! Imported function '_cellGcmSetFlipCommand' in 'cellGcmSys' module (0x7d7818)
LDR: ! Imported function 'cellGcmAddressToOffset' in 'cellGcmSys' module (0x7d7838)
LDR: ! Imported function '_cellGcmFunc15' in 'cellGcmSys' module (0x7d7858)
LDR: ! Imported function 'cellGcmBindTile' in 'cellGcmSys' module (0x7d7878)
LDR: ! Imported function 'cellGcmSetFlipMode' in 'cellGcmSys' module (0x7d7898)
LDR: ! Imported function 'cellGcmSetSecondVFrequency' in 'cellGcmSys' module (0x7d78b8)
LDR: ! Imported function 'cellGcmSetDebugOutputLevel' in 'cellGcmSys' module (0x7d78d8)
LDR: ! Imported function 'cellGcmGetTimeStamp' in 'cellGcmSys' module (0x7d78f8)
LDR: ! Imported function 'cellGcmGetDefaultCommandWordSize' in 'cellGcmSys' module (0x7d7918)
LDR: ! Imported function 'cellGcmGetDefaultSegmentWordSize' in 'cellGcmSys' module (0x7d7938)
LDR: ! Imported function 'cellGcmSetDefaultFifoSize' in 'cellGcmSys' module (0x7d7958)
LDR: ! Imported function 'cellGcmMapMainMemory' in 'cellGcmSys' module (0x7d7978)
LDR: ! Imported function 'cellGcmSetFlipHandler' in 'cellGcmSys' module (0x7d7998)
LDR: ! Imported function 'cellGcmSetDisplayBuffer' in 'cellGcmSys' module (0x7d79b8)
LDR: ! Imported function 'cellGcmGetControlRegister' in 'cellGcmSys' module (0x7d79d8)
LDR: ! Imported function 'cellGcmUnbindZcull' in 'cellGcmSys' module (0x7d79f8)
LDR: ! Imported function 'cellGcmSetVBlankHandler' in 'cellGcmSys' module (0x7d7a18)
LDR: ! Imported function 'cellGcmSetTileInfo' in 'cellGcmSys' module (0x7d7a38)
LDR: ! Imported function 'cellGcmSetInvalidateTile' in 'cellGcmSys' module (0x7d7a58)
LDR: ! Imported function 'cellGcmSetZcull' in 'cellGcmSys' module (0x7d7a78)
LDR: ! Imported function '_cellGcmSetFlipCommandWithWaitLabel' in 'cellGcmSys' module (0x7d7a98)
LDR: ! Imported function 'cellGcmUnbindTile' in 'cellGcmSys' module (0x7d7ab8)
LDR: ! Imported function 'cellGcmGetConfiguration' in 'cellGcmSys' module (0x7d7ad8)
LDR: ! Imported function 'cellGcmGetLabelAddress' in 'cellGcmSys' module (0x7d7af8)
LDR: ! Imported function 'cellSpursDetachLv2EventQueue' in 'cellSpurs' module (0x7d7b18)
LDR: ! Imported function 'cellSpursAttachLv2EventQueue' in 'cellSpurs' module (0x7d7b38)
LDR: ! Imported function 'cellSpursAttributeSetNamePrefix' in 'cellSpurs' module (0x7d90b8)
LDR: ! Imported function 'cellSpursCreateJobChainWithAttribute' in 'cellSpurs' module (0x7d90d8)
LDR: ! Imported function '_cellSpursJobChainAttributeInitialize' in 'cellSpurs' module (0x7d90f8)
LDR: ! Imported function 'cellSpursRemoveWorkload' in 'cellSpurs' module (0x7d9118)
LDR: ! Imported function 'cellSpursWaitForWorkloadShutdown' in 'cellSpurs' module (0x7d9138)
LDR: ! Imported function 'cellSpursJobGuardInitialize' in 'cellSpurs' module (0x7d9158)
LDR: ! Imported function 'cellSpursGetSpuThreadId' in 'cellSpurs' module (0x7d9178)
LDR: ! Imported function 'cellSpursShutdownJobChain' in 'cellSpurs' module (0x7d9198)
LDR: ! Imported function '_cellSpursAttributeInitialize' in 'cellSpurs' module (0x7d91b8)
LDR: ! Imported function 'cellSpursShutdownWorkload' in 'cellSpurs' module (0x7d91d8)
LDR: ! Imported function 'cellSpursJoinJobChain' in 'cellSpurs' module (0x7d91f8)
LDR: ! Imported function 'cellSpursInitializeWithAttribute' in 'cellSpurs' module (0x7d9218)
LDR: ! Imported function 'cellSpursAddWorkloadWithAttribute' in 'cellSpurs' module (0x7d9238)
LDR: ! Imported function 'cellSpursFinalize' in 'cellSpurs' module (0x7d9258)
LDR: ! Imported function 'cellSpursJobGuardNotify' in 'cellSpurs' module (0x7d9278)
LDR: ! Imported function '_cellSpursWorkloadAttributeInitialize' in 'cellSpurs' module (0x7d9298)
LDR: ! Imported function 'cellSpursRunJobChain' in 'cellSpurs' module (0x7d92b8)
LDR: ! Imported function 'cellSpursReadyCountStore' in 'cellSpurs' module (0x7d92d8)
LDR: ! Imported function 'socketpoll' in 'sys_net' module (0x7d7b58)
LDR: ! Imported function 'sys_net_initialize_network_ex' in 'sys_net' module (0x7d7b78)
LDR: ! Imported function 'getsockname' in 'sys_net' module (0x7d7b98)
LDR: ! Imported function 'recvfrom' in 'sys_net' module (0x7d7bb8)
LDR: ! Imported function 'listen' in 'sys_net' module (0x7d7bd8)
LDR: ! Imported function 'getsockopt' in 'sys_net' module (0x7d7bf8)
LDR: ! Imported function '_sys_net_errno_loc' in 'sys_net' module (0x7d7c18)
LDR: ! Imported function 'connect' in 'sys_net' module (0x7d7c38)
LDR: ! Imported function 'socketclose' in 'sys_net' module (0x7d7c58)
LDR: ! Imported function 'gethostbyname' in 'sys_net' module (0x7d7c78)
LDR: ! Imported function 'setsockopt' in 'sys_net' module (0x7d7c98)
LDR: ! Imported function 'sys_net_abort_resolver' in 'sys_net' module (0x7d7cb8)
LDR: ! Imported function 'sendto' in 'sys_net' module (0x7d7cd8)
LDR: ! Imported function 'socket' in 'sys_net' module (0x7d7cf8)
LDR: ! Imported function 'shutdown' in 'sys_net' module (0x7d7d18)
LDR: ! Imported function 'bind' in 'sys_net' module (0x7d7d38)
LDR: ! Imported function 'sys_net_finalize_network' in 'sys_net' module (0x7d7d58)
LDR: ! Imported function 'accept' in 'sys_net' module (0x7d7d78)
LDR: ! Imported function 'send' in 'sys_net' module (0x7d7d98)
LDR: ! Imported function 'gethostbyaddr' in 'sys_net' module (0x7d7db8)
LDR: ! Imported function 'getpeername' in 'sys_net' module (0x7d7dd8)
LDR: ! Imported function 'recv' in 'sys_net' module (0x7d7df8)
LDR: ! Imported function 'sys_net_free_thread_context' in 'sys_net' module (0x7d7e18)
LDR: ! Imported function 'cellNetCtlNetStartDialogLoadAsync' in 'cellNetCtl' module (0x7d7e38)
LDR: ! Imported function 'cellNetCtlAddHandler' in 'cellNetCtl' module (0x7d7e58)
LDR: ! Imported function 'cellNetCtlNetStartDialogUnloadAsync' in 'cellNetCtl' module (0x7d7e78)
LDR: ! Imported function 'cellNetCtlTerm' in 'cellNetCtl' module (0x7d7e98)
LDR: ! Imported function 'cellNetCtlGetInfo' in 'cellNetCtl' module (0x7d7eb8)
LDR: ! Imported function 'cellNetCtlGetState' in 'cellNetCtl' module (0x7d7ed8)
LDR: ! Imported function 'cellNetCtlDelHandler' in 'cellNetCtl' module (0x7d7ef8)
LDR: ! Imported function 'cellNetCtlInit' in 'cellNetCtl' module (0x7d7f18)
LDR: ! Imported function 'cellSysutilUnregisterCallback' in 'cellSysutil' module (0x7d7f38)
LDR: ! Imported function 'cellVideoOutConfigure' in 'cellSysutil' module (0x7d7f58)
LDR: ! Imported function 'cellSysutilCheckCallback' in 'cellSysutil' module (0x7d7f78)
LDR: ! Imported function 'cellOskDialogUnloadAsync' in 'cellSysutil' module (0x7d7f98)
LDR: ! Imported function 'cellSysutilGetSystemParamInt' in 'cellSysutil' module (0x7d7fb8)
LDR: ! Imported function 'cellVideoOutGetNumberOfDevice' in 'cellSysutil' module (0x7d7fd8)
LDR: ! Imported function 'cellOskDialogLoadAsync' in 'cellSysutil' module (0x7d7ff8)
LDR: ! Imported function 'cellVideoOutGetState' in 'cellSysutil' module (0x7d8018)
LDR: ! Imported function 'cellSysutilGetSystemParamString' in 'cellSysutil' module (0x7d8038)
LDR: ! Imported function 'cellSysutilRegisterCallback' in 'cellSysutil' module (0x7d8058)
LDR: ! Imported function 'cellVideoOutGetResolutionAvailability' in 'cellSysutil' module (0x7d8078)
LDR: ! Imported function 'cellOskDialogAbort' in 'cellSysutil' module (0x7d8098)
LDR: ! Imported function 'cellVideoOutGetResolution' in 'cellSysutil' module (0x7d80b8)
LDR: ! Imported function 'cellOskDialogSetLayoutMode' in 'cellSysutil' module (0x7d80d8)
LDR: ! Imported function 'cellSaveDataListLoad2' in 'cellSysutil' module (0x7d92f8)
LDR: ! Imported function 'cellSaveDataFixedLoad2' in 'cellSysutil' module (0x7d9318)
LDR: ! Imported function 'cellSaveDataFixedSave2' in 'cellSysutil' module (0x7d9338)
LDR: ! Imported function 'cellSaveDataListSave2' in 'cellSysutil' module (0x7d9358)
LDR: ! Imported function 'cellSaveDataAutoSave2' in 'cellSysutil' module (0x7d9378)
LDR: ! Imported function 'cellSysutilGetBgmPlaybackStatus' in 'cellSysutil' module (0x7d9398)
LDR: ! Imported function 'cellSaveDataDelete2' in 'cellSysutil' module (0x7d93b8)
LDR: ! Imported function 'cellAudioOutGetState' in 'cellSysutil' module (0x7d93d8)
LDR: ! Imported function 'cellSaveDataAutoLoad2' in 'cellSysutil' module (0x7d93f8)
LDR: ! Imported function 'cellSysmoduleUnloadModule' in 'cellSysmodule' module (0x7d80f8)
LDR: ! Imported function 'cellSysmoduleLoadModule' in 'cellSysmodule' module (0x7d8118)
LDR: ! Imported function 'cellSysmoduleIsLoaded' in 'cellSysmodule' module (0x7d8138)
LDR: ! Imported function 'cellAudioInit' in 'cellAudio' module (0x7d8158)
LDR: ! Imported function 'cellAudioPortClose' in 'cellAudio' module (0x7d8178)
LDR: ! Imported function 'cellAudioPortStop' in 'cellAudio' module (0x7d8198)
LDR: ! Imported function 'cellAudioGetPortConfig' in 'cellAudio' module (0x7d81b8)
LDR: ! Imported function 'cellAudioPortStart' in 'cellAudio' module (0x7d81d8)
LDR: ! Imported function 'cellAudioQuit' in 'cellAudio' module (0x7d81f8)
LDR: ! Imported function 'cellAudioPortOpen' in 'cellAudio' module (0x7d8218)
LDR: ! Imported function 'cellAudioSetPortLevel' in 'cellAudio' module (0x7d9418)
LDR: ! Imported function 'cellRtcGetCurrentClockLocalTime' in 'cellRtc' module (0x7d8238)
LDR: ! Imported function 'cellRtcGetCurrentClock' in 'cellRtc' module (0x7d8258)
LDR: ! Imported function 'cellRtcSetTick' in 'cellRtc' module (0x7d8278)
LDR: ! Imported function 'cellRtcSetTime_t' in 'cellRtc' module (0x7d8298)
LDR: ! Imported function 'cellRtcGetDayOfWeek' in 'cellRtc' module (0x7d82b8)
LDR: ! Imported function 'cellRtcConvertUtcToLocalTime' in 'cellRtc' module (0x7d82d8)
LDR: ! Imported function 'cellRtcGetTick' in 'cellRtc' module (0x7d82f8)
LDR: ! Imported function 'cellRtcGetTime_t' in 'cellRtc' module (0x7d8318)
LDR: ! Imported function 'sys_lwmutex_lock' in 'sysPrxForUser' module (0x7d8338)
LDR: ! Imported function 'sys_lwmutex_unlock' in 'sysPrxForUser' module (0x7d8358)
LDR: ! Imported function 'sys_ppu_thread_create' in 'sysPrxForUser' module (0x7d8378)
LDR: ! Imported function 'sys_prx_load_module' in 'sysPrxForUser' module (0x7d8398)
LDR: ! Imported function '_sys_process_atexitspawn' in 'sysPrxForUser' module (0x7d83b8)
LDR: ! Imported function 'sys_lwmutex_create' in 'sysPrxForUser' module (0x7d83d8)
LDR: ! Imported function 'sys_ppu_thread_get_id' in 'sysPrxForUser' module (0x7d83f8)
LDR: ! Imported function 'sys_prx_register_library' in 'sysPrxForUser' module (0x7d8418)
LDR: ! Imported function '_sys_spu_printf_initialize' in 'sysPrxForUser' module (0x7d8438)
LDR: ! Imported function 'sys_game_process_exitspawn2' in 'sysPrxForUser' module (0x7d8458)
LDR: ! Imported function 'sys_initialize_tls' in 'sysPrxForUser' module (0x7d8478)
LDR: ! Imported function 'sys_prx_stop_module' in 'sysPrxForUser' module (0x7d8498)
LDR: ! Imported function 'sys_time_get_system_time' in 'sysPrxForUser' module (0x7d84b8)
LDR: ! Imported function '_sys_process_at_Exitspawn' in 'sysPrxForUser' module (0x7d84d8)
LDR: ! Imported function 'sys_prx_start_module' in 'sysPrxForUser' module (0x7d84f8)
LDR: ! Imported function 'sys_prx_exitspawn_with_level' in 'sysPrxForUser' module (0x7d8518)
LDR: ! Imported function 'sys_ppu_thread_once' in 'sysPrxForUser' module (0x7d8538)
LDR: ! Imported function 'sys_ppu_thread_exit' in 'sysPrxForUser' module (0x7d8558)
LDR: ! Imported function 'sys_raw_spu_image_load' in 'sysPrxForUser' module (0x7d8578)
LDR: ! Imported function 'sys_lwmutex_destroy' in 'sysPrxForUser' module (0x7d8598)
LDR: ! Imported function '_sys_spu_printf_finalize' in 'sysPrxForUser' module (0x7d85b8)
LDR: ! Imported function 'sys_spu_image_close' in 'sysPrxForUser' module (0x7d85d8)
LDR: ! Imported function 'sys_process_exit' in 'sysPrxForUser' module (0x7d85f8)
LDR: ! Imported function 'sys_spu_image_import' in 'sysPrxForUser' module (0x7d8618)
LDR: ! Imported function 'sys_prx_unload_module' in 'sysPrxForUser' module (0x7d8638)
LDR: ! Imported function 'sys_raw_spu_load' in 'sysPrxForUser' module (0x7d9438)
LDR: ! Imported function 'sceNpTrophyRegisterContext' in 'sceNpTrophy' module (0x7d8678)
LDR: ! Imported function 'sceNpTrophyCreateHandle' in 'sceNpTrophy' module (0x7d8698)
LDR: ! Imported function 'sceNpTrophyGetRequiredDiskSpace' in 'sceNpTrophy' module (0x7d86b8)
LDR: ! Imported function 'sceNpTrophyDestroyContext' in 'sceNpTrophy' module (0x7d86d8)
LDR: ! Imported function 'sceNpTrophyInit' in 'sceNpTrophy' module (0x7d86f8)
LDR: ! Imported function 'sceNpTrophyAbortHandle' in 'sceNpTrophy' module (0x7d8718)
LDR: ! Imported function 'sceNpTrophyDestroyHandle' in 'sceNpTrophy' module (0x7d8738)
LDR: ! Imported function 'sceNpTrophyUnlockTrophy' in 'sceNpTrophy' module (0x7d8758)
LDR: ! Imported function 'sceNpTrophyTerm' in 'sceNpTrophy' module (0x7d8778)
LDR: ! Imported function 'sceNpTrophyCreateContext' in 'sceNpTrophy' module (0x7d8798)
LDR: ! Imported function 'cellCelpEncClose' in 'cellCelpEnc' module (0x7d87b8)
LDR: ! Imported function 'cellCelpEncGetAu' in 'cellCelpEnc' module (0x7d87d8)
LDR: ! Imported function 'cellCelpEncStart' in 'cellCelpEnc' module (0x7d87f8)
LDR: ! Imported function 'cellCelpEncQueryAttr' in 'cellCelpEnc' module (0x7d8818)
LDR: ! Imported function 'cellCelpEncOpen' in 'cellCelpEnc' module (0x7d8838)
LDR: ! Imported function 'cellCelpEncEncodeFrame' in 'cellCelpEnc' module (0x7d8858)
LDR: ! Imported function 'cellCelpEncWaitForOutput' in 'cellCelpEnc' module (0x7d8878)
LDR: ! Imported function 'cellCelpEncEnd' in 'cellCelpEnc' module (0x7d8898)
LDR: ! Imported function 'cellAdecDecodeAu' in 'cellAdec' module (0x7d88b8)
LDR: ! Imported function 'cellAdecStartSeq' in 'cellAdec' module (0x7d88d8)
LDR: ! Imported function 'cellAdecQueryAttr' in 'cellAdec' module (0x7d88f8)
LDR: ! Imported function 'cellAdecClose' in 'cellAdec' module (0x7d8918)
LDR: ! Imported function 'cellAdecGetPcm' in 'cellAdec' module (0x7d8938)
LDR: ! Imported function 'cellAdecGetPcmItem' in 'cellAdec' module (0x7d8958)
LDR: ! Imported function 'cellAdecOpen' in 'cellAdec' module (0x7d8978)
LDR: ! Imported function 'cellAdecEndSeq' in 'cellAdec' module (0x7d8998)
LDR: ! Imported function 'cellHttpInit' in 'cellHttp' module (0x7d89b8)
LDR: ! Imported function 'cellHttpsInit' in 'cellHttp' module (0x7d89d8)
LDR: ! Imported function 'cellHttpEndCookie' in 'cellHttp' module (0x7d89f8)
LDR: ! Imported function 'cellHttpInitCookie' in 'cellHttp' module (0x7d8a18)
LDR: ! Imported function 'cellHttpEnd' in 'cellHttp' module (0x7d8a38)
LDR: ! Imported function 'cellHttpsEnd' in 'cellHttp' module (0x7d8a58)
LDR: ! Imported function 'sceNpCommerce2DoCheckoutStartAsync' in 'sceNpCommerce2' module (0x7d8a78)
LDR: ! Imported function 'sceNpCommerce2DestroyReq' in 'sceNpCommerce2' module (0x7d8a98)
LDR: ! Imported function 'sceNpCommerce2Init' in 'sceNpCommerce2' module (0x7d8ab8)
LDR: ! Imported function 'sceNpCommerce2GetCategoryContentsStart' in 'sceNpCommerce2' module (0x7d8ad8)
LDR: ! Imported function 'sceNpCommerce2DoDlListFinishAsync' in 'sceNpCommerce2' module (0x7d8af8)
LDR: ! Imported function 'sceNpCommerce2Term' in 'sceNpCommerce2' module (0x7d8b18)
LDR: ! Imported function 'sceNpCommerce2CreateSessionAbort' in 'sceNpCommerce2' module (0x7d8b38)
LDR: ! Imported function 'sceNpCommerce2DoDlListStartAsync' in 'sceNpCommerce2' module (0x7d8b58)
LDR: ! Imported function 'sceNpCommerce2DestroyCtx' in 'sceNpCommerce2' module (0x7d8b78)
LDR: ! Imported function 'sceNpCommerce2GetCategoryContentsCreateReq' in 'sceNpCommerce2' module (0x7d8b98)
LDR: ! Imported function 'sceNpCommerce2AbortReq' in 'sceNpCommerce2' module (0x7d8bb8)
LDR: ! Imported function 'sceNpCommerce2GetProductInfoStart' in 'sceNpCommerce2' module (0x7d8bd8)
LDR: ! Imported function 'sceNpCommerce2CreateSessionFinish' in 'sceNpCommerce2' module (0x7d8bf8)
LDR: ! Imported function 'sceNpCommerce2GetContentInfo' in 'sceNpCommerce2' module (0x7d8c18)
LDR: ! Imported function 'sceNpCommerce2DestroyGetCategoryContentsResult' in 'sceNpCommerce2' module (0x7d8c38)
LDR: ! Imported function 'sceNpCommerce2SetBGDLAvailability' in 'sceNpCommerce2' module (0x7d8c58)
LDR: ! Imported function 'sceNpCommerce2GetProductInfoCreateReq' in 'sceNpCommerce2' module (0x7d8c78)
LDR: ! Imported function 'sceNpCommerce2GetCategoryInfo' in 'sceNpCommerce2' module (0x7d8c98)
LDR: ! Imported function 'sceNpCommerce2GetProductInfoGetResult' in 'sceNpCommerce2' module (0x7d8cb8)
LDR: ! Imported function 'sceNpCommerce2GetCategoryContentsGetResult' in 'sceNpCommerce2' module (0x7d8cd8)
LDR: ! Imported function 'sceNpCommerce2CreateSessionStart' in 'sceNpCommerce2' module (0x7d8cf8)
LDR: ! Imported function 'sceNpCommerce2DoCheckoutFinishAsync' in 'sceNpCommerce2' module (0x7d8d18)
LDR: ! Imported function 'sceNpCommerce2InitGetCategoryContentsResult' in 'sceNpCommerce2' module (0x7d8d38)
LDR: ! Imported function 'sceNpCommerce2CreateCtx' in 'sceNpCommerce2' module (0x7d8d58)
LDR: ! Imported function 'sceNpCommerce2GetPrice' in 'sceNpCommerce2' module (0x7d8d78)
LDR: ! Imported function 'sceNpCommerce2GetGameSkuInfoFromGameProductInfo' in 'sceNpCommerce2' module (0x7d8d98)
LDR: ! Imported function 'sceNpCommerce2GetGameProductInfoFromContentInfo' in 'sceNpCommerce2' module (0x7d8db8)
LDR: ! Imported function 'sceNpCommerce2GetGameProductInfo' in 'sceNpCommerce2' module (0x7d8dd8)
LDR: ! Imported function 'sceNpCommerce2DestroyGetProductInfoResult' in 'sceNpCommerce2' module (0x7d8df8)
LDR: ! Imported function 'sceNpCommerce2InitGetProductInfoResult' in 'sceNpCommerce2' module (0x7d8e18)
LDR: ! Imported function 'sceNpCommerce2GetCategoryInfoFromContentInfo' in 'sceNpCommerce2' module (0x7d8e38)
LDR: ! Imported function 'cellGameGetParamString' in 'cellGame' module (0x7d8e58)
LDR: ! Imported function 'cellGameContentPermit' in 'cellGame' module (0x7d8e78)
LDR: ! Imported function 'cellGameContentErrorDialog' in 'cellGame' module (0x7d8e98)
LDR: ! Imported function 'cellGamePatchCheck' in 'cellGame' module (0x7d8eb8)
LDR: ! Imported function 'cellGameDataCheck' in 'cellGame' module (0x7d8ed8)
LDR: ! Imported function 'cellGameBootCheck' in 'cellGame' module (0x7d8ef8)
LDR: ! Imported function 'cellSslEnd' in 'cellSsl' module (0x7d8f18)
LDR: ! Imported function 'cellSslCertificateLoader' in 'cellSsl' module (0x7d8f38)
LDR: ! Imported function 'cellSslInit' in 'cellSsl' module (0x7d8f58)
LDR: ! Imported function 'cellMicRead' in 'cellMic' module (0x7d8f78)
LDR: ! Imported function 'cellMicIsAttached' in 'cellMic' module (0x7d8f98)
LDR: ! Imported function 'cellMicSetSignalAttr' in 'cellMic' module (0x7d8fb8)
LDR: ! Imported function 'cellMicInit' in 'cellMic' module (0x7d8fd8)
LDR: ! Imported function 'cellMicClose' in 'cellMic' module (0x7d8ff8)
LDR: ! Imported function 'cellMicGetSignalState' in 'cellMic' module (0x7d9018)
LDR: ! Imported function 'cellMicEnd' in 'cellMic' module (0x7d9038)
LDR: ! Imported function 'cellMicOpen' in 'cellMic' module (0x7d9058)
LDR: ! Imported function 'cellMicStart' in 'cellMic' module (0x7d9078)
LDR: ! Imported function 'cellVideoOutSetGamma' in 'cellSysutilAvconfExt' module (0x7d9098)
MEM: ! Thread Local Storage initialized (g_tls_start=0x17ae000, user_size=0x2a0)
*** TLS segment addr: 0x00935aa4
*** TLS segment size: 0x00000008
HLE: W {PPU[0x1] Thread (main_thread)[0x007d83d8]} sysPrxForUser: sys_lwmutex_create(lwmutex=*0x1788210, attr=*0x7f5c54)
HLE: W {PPU[0x1] Thread (main_thread)[0x005cf1c0]} sys_memory: sys_memory_get_user_memory_size(mem_info=*0xd003fc04)
HLE: W {PPU[0x1] Thread (main_thread)[0x007d83d8]} sysPrxForUser: sys_lwmutex_create(lwmutex=*0x1787e60, attr=*0x7f5c54)
HLE: W {PPU[0x1] Thread (main_thread)[0x007d83d8]} sysPrxForUser: sys_lwmutex_create(lwmutex=*0x17871a8, attr=*0x7f5c54)
HLE: W {PPU[0x1] Thread (main_thread)[0x007d83d8]} sysPrxForUser: sys_lwmutex_create(lwmutex=*0x17871d0, attr=*0x7f5c54)
HLE: W {PPU[0x1] Thread (main_thread)[0x007d83d8]} sysPrxForUser: sys_lwmutex_create(lwmutex=*0x17871f8, attr=*0x7f5c54)
HLE: W {PPU[0x1] Thread (main_thread)[0x007d83d8]} sysPrxForUser: sys_lwmutex_create(lwmutex=*0x17870e0, attr=*0x7f5c54)
HLE: W {PPU[0x1] Thread (main_thread)[0x007d83d8]} sysPrxForUser: sys_lwmutex_create(lwmutex=*0x1787108, attr=*0x7f5c54)
HLE: W {PPU[0x1] Thread (main_thread)[0x007d83d8]} sysPrxForUser: sys_lwmutex_create(lwmutex=*0x1787130, attr=*0x7f5c54)
HLE: W {PPU[0x1] Thread (main_thread)[0x007d83d8]} sysPrxForUser: sys_lwmutex_create(lwmutex=*0x1787158, attr=*0x7f5c54)
HLE: W {PPU[0x1] Thread (main_thread)[0x007d83d8]} sysPrxForUser: sys_lwmutex_create(lwmutex=*0x1787180, attr=*0x7f5c54)
HLE: W {PPU[0x1] Thread (main_thread)[0x007d8118]} cellSysmodule: cellSysmoduleLoadModule(id=0x0017: CELL_SYSMODULE_IO)
HLE: W {PPU[0x1] Thread (main_thread)[0x007d8118]} cellSysmodule: cellSysmoduleLoadModule(id=0x0000: CELL_SYSMODULE_NET)
HLE: W {PPU[0x1] Thread (main_thread)[0x007d8118]} cellSysmodule: cellSysmoduleLoadModule(id=0x0016: CELL_SYSMODULE_SYSUTIL_NP)
HLE: W {PPU[0x1] Thread (main_thread)[0x007d8118]} cellSysmodule: cellSysmoduleLoadModule(id=0xf035: CELL_SYSMODULE_SYSUTIL_NP_TROPHY)
HLE: W {PPU[0x1] Thread (main_thread)[0x007d8118]} cellSysmodule: cellSysmoduleLoadModule(id=0x000a: CELL_SYSMODULE_SPURS)
HLE: W {PPU[0x1] Thread (main_thread)[0x007d8118]} cellSysmodule: cellSysmoduleLoadModule(id=0x000d: CELL_SYSMODULE_SYNC)
HLE: W {PPU[0x1] Thread (main_thread)[0x007d8118]} cellSysmodule: cellSysmoduleLoadModule(id=0x000e: CELL_SYSMODULE_FS)
HLE: W {PPU[0x1] Thread (main_thread)[0x007d8118]} cellSysmodule: cellSysmoduleLoadModule(id=0x0010: CELL_SYSMODULE_GCM_SYS)
HLE: W {PPU[0x1] Thread (main_thread)[0x007d8118]} cellSysmodule: cellSysmoduleLoadModule(id=0x0010: CELL_SYSMODULE_GCM_SYS)
HLE: W {PPU[0x1] Thread (main_thread)[0x007d8118]} cellSysmodule: cellSysmoduleLoadModule(id=0x000c: CELL_SYSMODULE_SHEAP)
HLE: W {PPU[0x1] Thread (main_thread)[0x007d8118]} cellSysmodule: cellSysmoduleLoadModule(id=0x001c: CELL_SYSMODULE_USBD)
HLE: W {PPU[0x1] Thread (main_thread)[0x007d8118]} cellSysmodule: cellSysmoduleLoadModule(id=0x0011: CELL_SYSMODULE_AUDIO)
HLE: W {PPU[0x1] Thread (main_thread)[0x007d8118]} cellSysmodule: cellSysmoduleLoadModule(id=0x0015: CELL_SYSMODULE_SYSUTIL)
HLE: W {PPU[0x1] Thread (main_thread)[0x007d8118]} cellSysmodule: cellSysmoduleLoadModule(id=0x0009: CELL_SYSMODULE_RTC)
HLE: W {PPU[0x1] Thread (main_thread)[0x007d8118]} cellSysmodule: cellSysmoduleLoadModule(id=0x0031: CELL_SYSMODULE_AVCONF_EXT)
HLE: W {PPU[0x1] Thread (main_thread)[0x007d8118]} cellSysmodule: cellSysmoduleLoadModule(id=0x0022: CELL_SYSMODULE_MIC)
HLE: W {PPU[0x1] Thread (main_thread)[0x007d8118]} cellSysmodule: cellSysmoduleLoadModule(id=0x003e: CELL_SYSMODULE_SYSUTIL_GAME)
HLE: W {PPU[0x1] Thread (main_thread)[0x007d8118]} cellSysmodule: cellSysmoduleLoadModule(id=0x0044: CELL_SYSMODULE_SYSUTIL_NP_COMMERCE2)
HLE: W {PPU[0x1] Thread (main_thread)[0x007d8118]} cellSysmodule: cellSysmoduleLoadModule(id=0x0004: CELL_SYSMODULE_HTTPS)
HLE: W {PPU[0x1] Thread (main_thread)[0x007d83d8]} sysPrxForUser: sys_lwmutex_create(lwmutex=*0x17ad6a8, attr=*0xd003fb60)
HLE: W {PPU[0x1] Thread (main_thread)[0x007d83d8]} sysPrxForUser: sys_lwmutex_create(lwmutex=*0x17ad620, attr=*0xd003fbf0)
HLE: W {PPU[0x1] Thread (main_thread)[0x007d83d8]} sysPrxForUser: sys_lwmutex_create(lwmutex=*0x17908a0, attr=*0xd003fbf0)
HLE: W {PPU[0x1] Thread (main_thread)[0x007d83d8]} sysPrxForUser: sys_lwmutex_create(lwmutex=*0x17907e0, attr=*0xd003fbd0)
HLE: W {PPU[0x1] Thread (main_thread)[0x002ad048]} sys_mutex: sys_mutex_create(mutex_id=*0x1790210, attr=*0xd003fa00)
HLE: W {PPU[0x1] Thread (main_thread)[0x007d83d8]} sysPrxForUser: sys_lwmutex_create(lwmutex=*0x1788890, attr=*0x11a4cec)
HLE: W {PPU[0x1] Thread (main_thread)[0x007d83d8]} sysPrxForUser: sys_lwmutex_create(lwmutex=*0x1788850, attr=*0x11a4cfc)
HLE: W {PPU[0x1] Thread (main_thread)[0x005cdb28]} sys_memory: sys_memory_allocate(size=0x9f00000, flags=0x400, alloc_addr=*0xd003f4f0)
HLE: W {PPU[0x1] Thread (main_thread)[0x007d83d8]} sysPrxForUser: sys_lwmutex_create(lwmutex=*0x12d2910, attr=*0xd003f4c0)
HLE: W {PPU[0x1] Thread (main_thread)[0x007d83d8]} sysPrxForUser: sys_lwmutex_create(lwmutex=*0x29dfffd0, attr=*0x7f5c54)
HLE: W {PPU[0x1] Thread (main_thread)[0x007d83d8]} sysPrxForUser: sys_lwmutex_create(lwmutex=*0x29dfff48, attr=*0x7f5c54)
HLE: W {PPU[0x1] Thread (main_thread)[0x007d83d8]} sysPrxForUser: sys_lwmutex_create(lwmutex=*0x29dffea0, attr=*0x7f5c54)
HLE: W {PPU[0x1] Thread (main_thread)[0x007d83d8]} sysPrxForUser: sys_lwmutex_create(lwmutex=*0x29dffe38, attr=*0x7f5c54)
HLE: W {PPU[0x1] Thread (main_thread)[0x007d83d8]} sysPrxForUser: sys_lwmutex_create(lwmutex=*0x29dffdf0, attr=*0x7f5c54)
HLE: W {PPU[0x1] Thread (main_thread)[0x007d83d8]} sysPrxForUser: sys_lwmutex_create(lwmutex=*0x29dffda8, attr=*0x7f5c54)
HLE: W {PPU[0x1] Thread (main_thread)[0x007d83d8]} sysPrxForUser: sys_lwmutex_create(lwmutex=*0x29dffcd8, attr=*0x7f5c54)
HLE: W {PPU[0x1] Thread (main_thread)[0x007d83d8]} sysPrxForUser: sys_lwmutex_create(lwmutex=*0x29dffca0, attr=*0x7f5c54)
HLE: W {PPU[0x1] Thread (main_thread)[0x007d83d8]} sysPrxForUser: sys_lwmutex_create(lwmutex=*0x29dffc68, attr=*0x7f5c54)
HLE: W {PPU[0x1] Thread (main_thread)[0x007d83d8]} sysPrxForUser: sys_lwmutex_create(lwmutex=*0x29dffc30, attr=*0x7f5c54)
HLE: W {PPU[0x1] Thread (main_thread)[0x007d83d8]} sysPrxForUser: sys_lwmutex_create(lwmutex=*0x29dffbf8, attr=*0x7f5c54)
HLE: W {PPU[0x1] Thread (main_thread)[0x007d83d8]} sysPrxForUser: sys_lwmutex_create(lwmutex=*0x29dffbc0, attr=*0x7f5c54)
HLE: W {PPU[0x1] Thread (main_thread)[0x007d83d8]} sysPrxForUser: sys_lwmutex_create(lwmutex=*0x1785f38, attr=*0xd003fb20)
HLE: W {PPU[0x1] Thread (main_thread)[0x002ac0fc]} sys_semaphore: sys_semaphore_create(sem_id=*0x17824e8, attr=*0xd003fb40, initial_val=0, max_val=100000)
HLE: W {PPU[0x1] Thread (main_thread)[0x002ad048]} sys_mutex: sys_mutex_create(mutex_id=*0x17824f0, attr=*0xd003fa60)
HLE: W {PPU[0x1] Thread (main_thread)[0x002ad048]} sys_mutex: sys_mutex_create(mutex_id=*0x17824f8, attr=*0xd003fa60)
HLE: W {PPU[0x1] Thread (main_thread)[0x002ad048]} sys_mutex: sys_mutex_create(mutex_id=*0x1782508, attr=*0xd003fa60)
HLE: W {PPU[0x1] Thread (main_thread)[0x002ac0fc]} sys_semaphore: sys_semaphore_create(sem_id=*0x14c3f88, attr=*0xd003fb40, initial_val=0, max_val=100000)
HLE: W {PPU[0x1] Thread (main_thread)[0x002ac0fc]} sys_semaphore: sys_semaphore_create(sem_id=*0x154afa8, attr=*0xd003fb40, initial_val=0, max_val=100000)
HLE: W {PPU[0x1] Thread (main_thread)[0x002ac9f8]} sys_mutex: sys_mutex_create(mutex_id=*0x14c3008, attr=*0xd003fa58)
HLE: W {PPU[0x1] Thread (main_thread)[0x002acac8]} sys_cond: sys_cond_create(cond_id=*0x14c3004, mutex_id=0x28, attr=*0xd003fa40)
HLE: W {PPU[0x1] Thread (main_thread)[0x002ac0fc]} sys_semaphore: sys_semaphore_create(sem_id=*0x154afc8, attr=*0xd003fb40, initial_val=0, max_val=100000)
HLE: W {PPU[0x1] Thread (main_thread)[0x002ac0fc]} sys_semaphore: sys_semaphore_create(sem_id=*0x154afe8, attr=*0xd003fb40, initial_val=0, max_val=100000)
HLE: W {PPU[0x1] Thread (main_thread)[0x002ac0fc]} sys_semaphore: sys_semaphore_create(sem_id=*0x154b008, attr=*0xd003fb40, initial_val=0, max_val=100000)
HLE: W {PPU[0x1] Thread (main_thread)[0x007d8078]} cellSysutil: cellVideoOutGetResolutionAvailability(videoOut=0, resolutionId=0x1, aspect=0, option=0)
HLE: W {PPU[0x1] Thread (main_thread)[0x002ac9f8]} sys_mutex: sys_mutex_create(mutex_id=*0x12d2f6c, attr=*0xd003fa68)
HLE: W {PPU[0x1] Thread (main_thread)[0x002acac8]} sys_cond: sys_cond_create(cond_id=*0x12d2f68, mutex_id=0x2d, attr=*0xd003fa50)
HLE: W {PPU[0x1] Thread (main_thread)[0x002ac9f8]} sys_mutex: sys_mutex_create(mutex_id=*0x1261c24, attr=*0xd003fa48)
HLE: W {PPU[0x1] Thread (main_thread)[0x002acac8]} sys_cond: sys_cond_create(cond_id=*0x1261c20, mutex_id=0x2f, attr=*0xd003fa30)
HLE: W {PPU[0x1] Thread (main_thread)[0x002ac0fc]} sys_semaphore: sys_semaphore_create(sem_id=*0x125f780, attr=*0xd003fb50, initial_val=0, max_val=100000)
HLE: W {PPU[0x1] Thread (main_thread)[0x007d8118]} cellSysmodule: cellSysmoduleLoadModule(id=0x000e: CELL_SYSMODULE_FS)
HLE: W {PPU[0x1] Thread (main_thread)[0x007d75f8]} cellFs: cellFsStat(path=*0xd003f758, sb=*0xd003f720) -> sys_fs_stat()
HLE: W {PPU[0x1] Thread (main_thread)[0x007d75f8]} sys_fs: sys_fs_stat(path=*0xd003f758, sb=*0xd003f720)
HLE: W {PPU[0x1] Thread (main_thread)[0x007d75f8]} sys_fs: *** path = '/app_home/'
HLE: W {PPU[0x1] Thread (main_thread)[0x002ac0fc]} sys_semaphore: sys_semaphore_create(sem_id=*0x12471e8, attr=*0xd003fac0, initial_val=0, max_val=100000)
HLE: W {PPU[0x1] Thread (main_thread)[0x002ac0fc]} sys_semaphore: sys_semaphore_create(sem_id=*0x1247248, attr=*0xd003fb50, initial_val=0, max_val=100000)
HLE: W {PPU[0x1] Thread (main_thread)[0x002ac0fc]} sys_semaphore: sys_semaphore_create(sem_id=*0x11d2e60, attr=*0xd003faa0, initial_val=0, max_val=100000)
HLE: E {PPU[0x1] Thread (main_thread)[0x007d8418]} sys_prx TODO: sys_prx_register_library(library=*0x7dcbfc)
HLE: E {PPU[0x1] Thread (main_thread)[0x007d8418]} sys_prx TODO: sys_prx_register_library(library=*0x7dcc18)
HLE: W {PPU[0x1] Thread (main_thread)[0x007d8058]} cellSysutil: cellSysutilRegisterCallback(slot=3, func=*0x91d1d8, userdata=*0x0)
HLE: W {PPU[0x1] Thread (main_thread)[0x002aa42c]} sys_spu: sys_spu_initialize(max_usable_spu=4, max_raw_spu=2)
HLE: W {PPU[0x1] Thread (main_thread)[0x007d83d8]} sysPrxForUser: sys_lwmutex_create(lwmutex=*0x21908500, attr=*0xd003f730)
HLE: W {PPU[0x1] Thread (main_thread)[0x007d83d8]} sysPrxForUser: sys_lwmutex_create(lwmutex=*0x21908a30, attr=*0xd003f730)
HLE: W {PPU[0x1] Thread (main_thread)[0x007d7fd8]} cellSysutil: cellVideoOutGetNumberOfDevice(videoOut=0)
HLE: W {PPU[0x1] Thread (main_thread)[0x007d8118]} cellSysmodule: cellSysmoduleLoadModule(id=0x0010: CELL_SYSMODULE_GCM_SYS)
HLE: W {PPU[0x1] Thread (main_thread)[0x007d77f8]} cellGcmSys: _cellGcmInitBody(context=**0x1788238, cmdSize=0x3ff000, ioSize=0x400000, ioAddress=0x20100000)
HLE: W {PPU[0x1] Thread (main_thread)[0x007d77f8]} cellGcmSys: *** local memory(addr=0xc0000000, size=0xf900000)
HLE: W {PPU[0x1] Thread (main_thread)[0x007d77f8]} cellGcmSys: cellGcmInit(): 256MB io address space used
HLE: W {PPU[0x1] Thread (main_thread)[0x007d7978]} cellGcmSys: cellGcmMapMainMemory(ea=0x20500000, size=0x9900000, offset=*0xd003f5a0)
RSX: ! {RSXThread} RSX thread started
HLE: W {PPU[0x1] Thread (main_thread)[0x007d78d8]} cellGcmSys: cellGcmSetDebugOutputLevel(level=0)
HLE: W {PPU[0x1] Thread (main_thread)[0x007d7a18]} cellGcmSys: cellGcmSetVBlankHandler(handler=*0x9282a0)
HLE: W {PPU[0x1] Thread (main_thread)[0x007d78b8]} cellGcmSys: cellGcmSetSecondVFrequency(level=2)
HLE: E {PPU[0x1] Thread (main_thread)[0x007d78b8]} cellGcmSys TODO: Unimplemented display frequency: Scanout
HLE: W {PPU[0x1] Thread (main_thread)[0x007d7f58]} cellSysutil: cellVideoOutConfigure(videoOut=0, config=*0xd003f664, option=*0x0, waitForEvent=0)
HLE: W {PPU[0x1] Thread (main_thread)[0x007d7a38]} cellGcmSys: cellGcmSetTileInfo(index=0, location=0, offset=0, size=3932160, pitch=5120, comp=10, base=0, bank=1)
HLE: E {PPU[0x1] Thread (main_thread)[0x007d7a38]} cellGcmSys: cellGcmSetTileInfo: bad compression mode! (10)
HLE: W {PPU[0x1] Thread (main_thread)[0x007d7878]} cellGcmSys: cellGcmBindTile(index=0)
HLE: E {PPU[0x1] Thread (main_thread)[0x007d7a78]} cellGcmSys TODO: cellGcmSetZcull(index=0, offset=0x0, width=1280, height=768, cullStart=0x0, zFormat=0x2, aaFormat=0x0, zCullDir=0x0, zCullFormat=0x1, sFunc=0x0, sRef=0x80, sMask=0xff)
HLE: W {PPU[0x1] Thread (main_thread)[0x007d7a38]} cellGcmSys: cellGcmSetTileInfo(index=1, location=0, offset=3932160, size=7864320, pitch=5120, comp=0, base=0, bank=0)
HLE: W {PPU[0x1] Thread (main_thread)[0x007d7878]} cellGcmSys: cellGcmBindTile(index=1)
HLE: W {PPU[0x1] Thread (main_thread)[0x007d7898]} cellGcmSys: cellGcmSetFlipMode(mode=2)
HLE: W {PPU[0x1] Thread (main_thread)[0x007d7a18]} cellGcmSys: cellGcmSetVBlankHandler(handler=*0x928290)
HLE: W {PPU[0x1] Thread (main_thread)[0x007d77d8]} cellGcmSys: cellGcmSetUserHandler(handler=*0x9282a8)
HLE: W {PPU[0x1] Thread (main_thread)[0x007d7998]} cellGcmSys: cellGcmSetFlipHandler(handler=*0x928288)
HLE: W {PPU[0x1] Thread (main_thread)[0x002ac9f8]} sys_mutex: sys_mutex_create(mutex_id=*0x1239f40, attr=*0xd003f638)
HLE: W {PPU[0x1] Thread (main_thread)[0x002acac8]} sys_cond: sys_cond_create(cond_id=*0x1239f3c, mutex_id=0x37, attr=*0xd003f620)
HLE: W {PPU[0x1] Thread (main_thread)[0x007d8378]} sysPrxForUser: sys_ppu_thread_create(thread_id=*0x1239f10, entry=0x91d270, arg=0x1239f10, prio=1001, stacksize=0x20000, flags=0x0, threadname=*0x1239f50)
HLE: W {PPU[0x1] Thread (main_thread)[0x007d8378]} sys_ppu_thread: _sys_ppu_thread_create(thread_id=*0x1239f10, param=*0xd003f728, arg=0x1239f10, unk=0x0, prio=1001, stacksize=0x20000, flags=0x0, threadname=*0x1239f50)
HLE: W {PPU[0x1] Thread (main_thread)[0x007d8378]} sys_ppu_thread: sys_ppu_thread_start(thread_id=0x39)
HLE: W {PPU[0x1] Thread (main_thread)[0x007d83d8]} sysPrxForUser: sys_lwmutex_create(lwmutex=*0x21908f60, attr=*0xd003f6c0)
HLE: W {PPU[0x1] Thread (main_thread)[0x007d8598]} sys_lwmutex: _sys_lwmutex_destroy(lwmutex_id=0x3a)
HLE: W {PPU[0x1] Thread (main_thread)[0x002ac9f8]} sys_mutex: sys_mutex_create(mutex_id=*0x1239fa0, attr=*0xd003f588)
HLE: W {PPU[0x1] Thread (main_thread)[0x002acac8]} sys_cond: sys_cond_create(cond_id=*0x1239f9c, mutex_id=0x3b, attr=*0xd003f570)
HLE: W {PPU[0x1] Thread (main_thread)[0x007d8378]} sysPrxForUser: sys_ppu_thread_create(thread_id=*0x1239f70, entry=0x91d270, arg=0x1239f70, prio=1001, stacksize=0x10000, flags=0x0, threadname=*0x1239fb0)
HLE: W {PPU[0x1] Thread (main_thread)[0x007d8378]} sys_ppu_thread: _sys_ppu_thread_create(thread_id=*0x1239f70, param=*0xd003f678, arg=0x1239f70, unk=0x0, prio=1001, stacksize=0x10000, flags=0x0, threadname=*0x1239fb0)
HLE: W {PPU[0x1] Thread (main_thread)[0x007d8378]} sys_ppu_thread: sys_ppu_thread_start(thread_id=0x3d)
HLE: W {PPU[0x1] Thread (main_thread)[0x007d83d8]} sysPrxForUser: sys_lwmutex_create(lwmutex=*0x21948390, attr=*0xd003f7e0)
HLE: W {PPU[0x1] Thread (main_thread)[0x002ad048]} sys_mutex: sys_mutex_create(mutex_id=*0x2190ae08, attr=*0xd003f8c0)
HLE: W {PPU[0x1] Thread (main_thread)[0x002ad048]} sys_mutex: sys_mutex_create(mutex_id=*0x2190ae10, attr=*0xd003f8c0)
HLE: W {PPU[0x1] Thread (main_thread)[0x002ad048]} sys_mutex: sys_mutex_create(mutex_id=*0x2190b2f4, attr=*0xd003f750)
HLE: W {PPU[0x1] Thread (main_thread)[0x002ac9f8]} sys_mutex: sys_mutex_create(mutex_id=*0x2190b320, attr=*0xd003f758)
HLE: W {PPU[0x1] Thread (main_thread)[0x002acac8]} sys_cond: sys_cond_create(cond_id=*0x2190b31c, mutex_id=0x42, attr=*0xd003f740)
HLE: W {PPU[0x1] Thread (main_thread)[0x002ac9f8]} sys_mutex: sys_mutex_create(mutex_id=*0x123a000, attr=*0xd003f688)
HLE: W {PPU[0x1] Thread (main_thread)[0x002acac8]} sys_cond: sys_cond_create(cond_id=*0x1239ffc, mutex_id=0x44, attr=*0xd003f670)
HLE: W {PPU[0x1] Thread (main_thread)[0x007d8378]} sysPrxForUser: sys_ppu_thread_create(thread_id=*0x1239fd0, entry=0x91d270, arg=0x1239fd0, prio=1001, stacksize=0x10000, flags=0x0, threadname=*0x123a010)
HLE: W {PPU[0x1] Thread (main_thread)[0x007d8378]} sys_ppu_thread: _sys_ppu_thread_create(thread_id=*0x1239fd0, param=*0xd003f778, arg=0x1239fd0, unk=0x0, prio=1001, stacksize=0x10000, flags=0x0, threadname=*0x123a010)
HLE: W {PPU[0x1] Thread (main_thread)[0x007d8378]} sys_ppu_thread: sys_ppu_thread_start(thread_id=0x46)
HLE: W {PPU[0x46] Thread (null:)[0x002ad8c0]} sys_cond: sys_cond_create(cond_id=*0x2190b304, mutex_id=0x41, attr=*0xd008fc38)
HLE: W {PPU[0x1] Thread (main_thread)[0x002ad048]} sys_mutex: sys_mutex_create(mutex_id=*0x2190b3b4, attr=*0xd003f750)
HLE: W {PPU[0x1] Thread (main_thread)[0x002ac9f8]} sys_mutex: sys_mutex_create(mutex_id=*0x2190b3e0, attr=*0xd003f758)
HLE: W {PPU[0x1] Thread (main_thread)[0x002acac8]} sys_cond: sys_cond_create(cond_id=*0x2190b3dc, mutex_id=0x49, attr=*0xd003f740)
HLE: W {PPU[0x1] Thread (main_thread)[0x002ac9f8]} sys_mutex: sys_mutex_create(mutex_id=*0x123a060, attr=*0xd003f688)
HLE: W {PPU[0x1] Thread (main_thread)[0x002acac8]} sys_cond: sys_cond_create(cond_id=*0x123a05c, mutex_id=0x4b, attr=*0xd003f670)
HLE: W {PPU[0x1] Thread (main_thread)[0x007d8378]} sysPrxForUser: sys_ppu_thread_create(thread_id=*0x123a030, entry=0x91d270, arg=0x123a030, prio=1001, stacksize=0x10000, flags=0x0, threadname=*0x123a070)
HLE: W {PPU[0x1] Thread (main_thread)[0x007d8378]} sys_ppu_thread: _sys_ppu_thread_create(thread_id=*0x123a030, param=*0xd003f778, arg=0x123a030, unk=0x0, prio=1001, stacksize=0x10000, flags=0x0, threadname=*0x123a070)
HLE: W {PPU[0x1] Thread (main_thread)[0x007d8378]} sys_ppu_thread: sys_ppu_thread_start(thread_id=0x4d)
HLE: W {PPU[0x4d] Thread (/app_home)[0x002ad8c0]} sys_cond: sys_cond_create(cond_id=*0x2190b3c4, mutex_id=0x48, attr=*0xd009fc38)
HLE: W {PPU[0x1] Thread (main_thread)[0x002ad048]} sys_mutex: sys_mutex_create(mutex_id=*0x2190b4c4, attr=*0xd003f750)
HLE: W {PPU[0x1] Thread (main_thread)[0x002ac9f8]} sys_mutex: sys_mutex_create(mutex_id=*0x2190b4f0, attr=*0xd003f758)
HLE: W {PPU[0x1] Thread (main_thread)[0x002acac8]} sys_cond: sys_cond_create(cond_id=*0x2190b4ec, mutex_id=0x50, attr=*0xd003f740)
HLE: W {PPU[0x1] Thread (main_thread)[0x002ac9f8]} sys_mutex: sys_mutex_create(mutex_id=*0x123a0c0, attr=*0xd003f688)
HLE: W {PPU[0x1] Thread (main_thread)[0x002acac8]} sys_cond: sys_cond_create(cond_id=*0x123a0bc, mutex_id=0x52, attr=*0xd003f670)
HLE: W {PPU[0x1] Thread (main_thread)[0x007d8378]} sysPrxForUser: sys_ppu_thread_create(thread_id=*0x123a090, entry=0x91d270, arg=0x123a090, prio=1001, stacksize=0x10000, flags=0x0, threadname=*0x123a0d0)
HLE: W {PPU[0x1] Thread (main_thread)[0x007d8378]} sys_ppu_thread: _sys_ppu_thread_create(thread_id=*0x123a090, param=*0xd003f778, arg=0x123a090, unk=0x0, prio=1001, stacksize=0x10000, flags=0x0, threadname=*0x123a0d0)
HLE: W {PPU[0x1] Thread (main_thread)[0x007d8378]} sys_ppu_thread: sys_ppu_thread_start(thread_id=0x54)
HLE: W {PPU[0x54] Thread (/dev_hdd0)[0x002ad8c0]} sys_cond: sys_cond_create(cond_id=*0x2190b4d4, mutex_id=0x4f, attr=*0xd00afc38)
HLE: W {PPU[0x1] Thread (main_thread)[0x002ad048]} sys_mutex: sys_mutex_create(mutex_id=*0x2190b764, attr=*0xd003f800)
HLE: W {PPU[0x1] Thread (main_thread)[0x002ac9f8]} sys_mutex: sys_mutex_create(mutex_id=*0x2190b790, attr=*0xd003f808)
HLE: W {PPU[0x1] Thread (main_thread)[0x002acac8]} sys_cond: sys_cond_create(cond_id=*0x2190b78c, mutex_id=0x57, attr=*0xd003f7f0)
HLE: W {PPU[0x1] Thread (main_thread)[0x002ac9f8]} sys_mutex: sys_mutex_create(mutex_id=*0x123a120, attr=*0xd003f738)
HLE: W {PPU[0x1] Thread (main_thread)[0x002acac8]} sys_cond: sys_cond_create(cond_id=*0x123a11c, mutex_id=0x59, attr=*0xd003f720)
HLE: W {PPU[0x1] Thread (main_thread)[0x007d8378]} sysPrxForUser: sys_ppu_thread_create(thread_id=*0x123a0f0, entry=0x91d270, arg=0x123a0f0, prio=1001, stacksize=0x10000, flags=0x0, threadname=*0x123a130)
HLE: W {PPU[0x1] Thread (main_thread)[0x007d8378]} sys_ppu_thread: _sys_ppu_thread_create(thread_id=*0x123a0f0, param=*0xd003f828, arg=0x123a0f0, unk=0x0, prio=1001, stacksize=0x10000, flags=0x0, threadname=*0x123a130)
HLE: W {PPU[0x1] Thread (main_thread)[0x007d8378]} sys_ppu_thread: sys_ppu_thread_start(thread_id=0x5b)
HLE: W {PPU[0x5b] Thread ()[0x002ad8c0]} sys_cond: sys_cond_create(cond_id=*0x2190b774, mutex_id=0x56, attr=*0xd00bfc38)
HLE: W {PPU[0x1] Thread (main_thread)[0x002ad048]} sys_mutex: sys_mutex_create(mutex_id=*0x2190b7e4, attr=*0xd003f8a0)
HLE: W {PPU[0x1] Thread (main_thread)[0x002ac9f8]} sys_mutex: sys_mutex_create(mutex_id=*0x2190b810, attr=*0xd003f8a8)
HLE: W {PPU[0x1] Thread (main_thread)[0x002acac8]} sys_cond: sys_cond_create(cond_id=*0x2190b80c, mutex_id=0x5e, attr=*0xd003f890)
HLE: W {PPU[0x1] Thread (main_thread)[0x002ad048]} sys_mutex: sys_mutex_create(mutex_id=*0x2190b894, attr=*0xd003f7f0)
HLE: W {PPU[0x1] Thread (main_thread)[0x002ac9f8]} sys_mutex: sys_mutex_create(mutex_id=*0x2190b8c0, attr=*0xd003f7f8)
HLE: W {PPU[0x1] Thread (main_thread)[0x002acac8]} sys_cond: sys_cond_create(cond_id=*0x2190b8bc, mutex_id=0x61, attr=*0xd003f7e0)
HLE: W {PPU[0x1] Thread (main_thread)[0x002ac9f8]} sys_mutex: sys_mutex_create(mutex_id=*0x123a180, attr=*0xd003f728)
HLE: W {PPU[0x1] Thread (main_thread)[0x002acac8]} sys_cond: sys_cond_create(cond_id=*0x123a17c, mutex_id=0x63, attr=*0xd003f710)
HLE: W {PPU[0x1] Thread (main_thread)[0x007d8378]} sysPrxForUser: sys_ppu_thread_create(thread_id=*0x123a150, entry=0x91d270, arg=0x123a150, prio=1001, stacksize=0x10000, flags=0x0, threadname=*0x123a190)
HLE: W {PPU[0x1] Thread (main_thread)[0x007d8378]} sys_ppu_thread: _sys_ppu_thread_create(thread_id=*0x123a150, param=*0xd003f818, arg=0x123a150, unk=0x0, prio=1001, stacksize=0x10000, flags=0x0, threadname=*0x123a190)
HLE: W {PPU[0x1] Thread (main_thread)[0x007d8378]} sys_ppu_thread: sys_ppu_thread_start(thread_id=0x65)
HLE: W {PPU[0x65] Thread (memmap:)[0x002ad8c0]} sys_cond: sys_cond_create(cond_id=*0x2190b8a4, mutex_id=0x60, attr=*0xd00cfc38)
HLE: W {PPU[0x1] Thread (main_thread)[0x002a9084]} sys_spu: sys_raw_spu_create(id=*0x123806c, attr=*0x0)
SPU: S {PPU[0x1] Thread (main_thread)[0x002a9084]} SPU Database initialized...
SPU: S {PPU[0x1] Thread (main_thread)[0x002a9084]} SPU Recompiler (ASMJIT) created...
HLE: W {PPU[0x1] Thread (main_thread)[0x007d8618]} sysPrxForUser: sys_spu_image_import(img=*0x1238070, src=0x86c200, type=1)
LDR: W {PPU[0x1] Thread (main_thread)[0x007d8618]} m_ehdr.e_type = 0x2
HLE: W {PPU[0x1] Thread (main_thread)[0x007d8578]} sysPrxForUser: sys_raw_spu_image_load(id=0, img=*0x1238070)
HLE: E {PPU[0x1] Thread (main_thread)[0x007d8578]} sysPrxForUser: memcpy() latency: 155us
HLE: E {PPU[0x1] Thread (main_thread)[0x007d8578]} sysPrxForUser: MMIO latency: 7us
HLE: E {PPU[0x1] Thread (main_thread)[0x007d85d8]} sysPrxForUser TODO: sys_spu_image_close(img=*0x1238070)
HLE: W {PPU[0x1] Thread (main_thread)[0x004ab614]} sys_spu: sys_raw_spu_create(id=*0x13b6d04, attr=*0x0)
SPU: S {RawSPU[0] Thread (0x67)[0x000d0]} Function detected [0x000d0-0x00158] (size=0x88)
HLE: W {PPU[0x1] Thread (main_thread)[0x007d7fb8]} cellSysutil: cellSysutilGetSystemParamInt(id=0x111(ID_LANG), value=*0xd003fa60)
SPU: S {RawSPU[0] Thread (0x67)[0x00090]} Function detected [0x00090-0x000c0] (size=0x30)
SPU: S {RawSPU[0] Thread (0x67)[0x02748]} Function detected [0x02748-0x028a4] (size=0x15c)
HLE: W {PPU[0x1] Thread (main_thread)[0x002ac0fc]} sys_semaphore: sys_semaphore_create(sem_id=*0x21983a28, attr=*0xd003f070, initial_val=0, max_val=100000)
HLE: W {PPU[0x1] Thread (main_thread)[0x007d8618]} sysPrxForUser: sys_spu_image_import(img=*0x178d60c, src=0x86f200, type=1)
LDR: W {PPU[0x1] Thread (main_thread)[0x007d8618]} m_ehdr.e_type = 0x2
HLE: W {PPU[0x1] Thread (main_thread)[0x005f101c]} sys_event: sys_event_queue_create(equeue_id=*0x178d690, attr=*0x178d740, event_queue_key=0x0, size=127)
HLE: W {PPU[0x1] Thread (main_thread)[0x007d8378]} sysPrxForUser: sys_ppu_thread_create(thread_id=*0x178d688, entry=0x92c470, arg=0x0, prio=100, stacksize=0x10000, flags=0x1, threadname=*0x86a750)
HLE: W {PPU[0x1] Thread (main_thread)[0x007d8378]} sys_ppu_thread: _sys_ppu_thread_create(thread_id=*0x178d688, param=*0xd003f008, arg=0x0, unk=0x0, prio=100, stacksize=0x10000, flags=0x1, threadname=*0x86a750)
HLE: W {PPU[0x1] Thread (main_thread)[0x007d8378]} sys_ppu_thread: sys_ppu_thread_start(thread_id=0x6b)
HLE: W {PPU[0x1] Thread (main_thread)[0x005f1064]} sys_event: sys_event_port_create(eport_id=*0x178d680, port_type=1, name=0xf9379348ac45d2d9)
HLE: W {PPU[0x1] Thread (main_thread)[0x005f1074]} sys_event: sys_event_port_connect_local(eport_id=0x6c, equeue_id=0x6a)
HLE: W {PPU[0x1] Thread (main_thread)[0x005ecc6c]} sys_spu: sys_spu_thread_group_create(id=*0x219800cc, num=1, prio=16, attr=*0xd003f14c)
HLE: W {PPU[0x1] Thread (main_thread)[0x005eccec]} sys_spu: sys_spu_thread_initialize(thread=*0x219800e8, group=0x6d, spu_num=0, img=*0x178d60c, attr=*0xd003f140, arg=*0xd003f160)
HLE: E {PPU[0x1] Thread (main_thread)[0x005eccec]} sys_spu: Unsupported SPU Thread options (0x2)
HLE: W {PPU[0x1] Thread (main_thread)[0x005f1304]} sys_spu: sys_spu_thread_connect_event(id=0x6e, eq=0x6a, et=1, spup=1)
HLE: W {PPU[0x1] Thread (main_thread)[0x005f131c]} sys_spu: sys_spu_thread_connect_event(id=0x6e, eq=0x6a, et=1, spup=7)
HLE: W {PPU[0x1] Thread (main_thread)[0x005ecd18]} sys_spu: sys_spu_thread_group_start(id=0x6d)
HLE: W {PPU[0x1] Thread (main_thread)[0x005ecc6c]} sys_spu: sys_spu_thread_group_create(id=*0x219800d0, num=1, prio=16, attr=*0xd003f14c)
HLE: W {PPU[0x1] Thread (main_thread)[0x005eccec]} sys_spu: sys_spu_thread_initialize(thread=*0x219800ec, group=0x6f, spu_num=1, img=*0x178d60c, attr=*0xd003f140, arg=*0xd003f160)
HLE: E {PPU[0x1] Thread (main_thread)[0x005eccec]} sys_spu: Unsupported SPU Thread options (0x2)
SPU: S {SPU[0x6e] Thread (Job Manager - Job Thread)[0x001c8]} Function detected [0x001c8-0x001d4] (size=0xc)
HLE: W {PPU[0x1] Thread (main_thread)[0x005f1304]} sys_spu: sys_spu_thread_connect_event(id=0x70, eq=0x6a, et=1, spup=1)
HLE: W {PPU[0x1] Thread (main_thread)[0x005f131c]} sys_spu: sys_spu_thread_connect_event(id=0x70, eq=0x6a, et=1, spup=7)
HLE: W {PPU[0x1] Thread (main_thread)[0x005ecd18]} sys_spu: sys_spu_thread_group_start(id=0x6f)
HLE: W {PPU[0x1] Thread (main_thread)[0x005ecc6c]} sys_spu: sys_spu_thread_group_create(id=*0x219800d4, num=1, prio=16, attr=*0xd003f14c)
HLE: W {PPU[0x1] Thread (main_thread)[0x005eccec]} sys_spu: sys_spu_thread_initialize(thread=*0x219800f0, group=0x71, spu_num=2, img=*0x178d60c, attr=*0xd003f140, arg=*0xd003f160)
HLE: E {PPU[0x1] Thread (main_thread)[0x005eccec]} sys_spu: Unsupported SPU Thread options (0x2)
HLE: W {PPU[0x1] Thread (main_thread)[0x005f1304]} sys_spu: sys_spu_thread_connect_event(id=0x72, eq=0x6a, et=1, spup=1)
HLE: W {PPU[0x1] Thread (main_thread)[0x005f131c]} sys_spu: sys_spu_thread_connect_event(id=0x72, eq=0x6a, et=1, spup=7)
HLE: W {PPU[0x1] Thread (main_thread)[0x005ecd18]} sys_spu: sys_spu_thread_group_start(id=0x71)
HLE: W {PPU[0x1] Thread (main_thread)[0x005eb760]} sys_semaphore: sys_semaphore_create(sem_id=*0x29dfd824, attr=*0xd003f030, initial_val=0, max_val=1)
HLE: W {PPU[0x1] Thread (main_thread)[0x002ac9f8]} sys_mutex: sys_mutex_create(mutex_id=*0x123a1e0, attr=*0xd003ef58)
HLE: W {PPU[0x1] Thread (main_thread)[0x002acac8]} sys_cond: sys_cond_create(cond_id=*0x123a1dc, mutex_id=0x74, attr=*0xd003ef40)
HLE: W {PPU[0x1] Thread (main_thread)[0x007d8378]} sysPrxForUser: sys_ppu_thread_create(thread_id=*0x123a1b0, entry=0x91d270, arg=0x123a1b0, prio=985, stacksize=0x10000, flags=0x0, threadname=*0x123a1f0)
HLE: W {PPU[0x1] Thread (main_thread)[0x007d8378]} sys_ppu_thread: _sys_ppu_thread_create(thread_id=*0x123a1b0, param=*0xd003f048, arg=0x123a1b0, unk=0x0, prio=985, stacksize=0x10000, flags=0x0, threadname=*0x123a1f0)
SPU: S {SPU[0x72] Thread (Job Manager - Job Thread)[0x00080]} Function detected [0x00080-0x001c8] (size=0x148)
HLE: W {PPU[0x1] Thread (main_thread)[0x007d8378]} sys_ppu_thread: sys_ppu_thread_start(thread_id=0x76)
HLE: W {PPU[0x1] Thread (main_thread)[0x007d83d8]} sysPrxForUser: sys_lwmutex_create(lwmutex=*0x27560510, attr=*0xd003f670)
SPU: E {SPU[0x70] Thread (Job Manager - Job Thread)[0x3f400]} [0x3f414] Function call without $LR
SPU: E {SPU[0x70] Thread (Job Manager - Job Thread)[0x3f400]} [0x3f420] Function call without $LR
SPU: E {SPU[0x70] Thread (Job Manager - Job Thread)[0x3f400]} [0x3f428] Function call without $LR
SPU: E {SPU[0x70] Thread (Job Manager - Job Thread)[0x3f400]} [0x3f438] Function call without $LR
SPU: E {SPU[0x70] Thread (Job Manager - Job Thread)[0x3f400]} [0x3f444] Function call without $LR
SPU: E {SPU[0x70] Thread (Job Manager - Job Thread)[0x3f400]} [0x3f448] Function call without $LR
SPU: E {SPU[0x70] Thread (Job Manager - Job Thread)[0x3f400]} [0x3f454] Function call without $LR
SPU: E {SPU[0x70] Thread (Job Manager - Job Thread)[0x3f400]} [0x3f464] Function call without $LR
SPU: E {SPU[0x70] Thread (Job Manager - Job Thread)[0x3f400]} [0x3f468] Function call without $LR
SPU: E {SPU[0x70] Thread (Job Manager - Job Thread)[0x3f400]} [0x3f47c] Function call without $LR
SPU: E {SPU[0x70] Thread (Job Manager - Job Thread)[0x3f400]} [0x3f4ac] Function call without $LR
SPU: E {SPU[0x70] Thread (Job Manager - Job Thread)[0x3f400]} [0x3f4b8] Function call without $LR
SPU: E {SPU[0x70] Thread (Job Manager - Job Thread)[0x3f400]} [0x3f4bc] Function call without $LR
SPU: E {SPU[0x70] Thread (Job Manager - Job Thread)[0x3f400]} [0x3f4e8] Function call without $LR
SPU: E {SPU[0x70] Thread (Job Manager - Job Thread)[0x3f400]} [0x3f4ec] Function call without $LR
SPU: E {SPU[0x70] Thread (Job Manager - Job Thread)[0x3f400]} [0x3f4f4] Function call without $LR
SPU: E {SPU[0x70] Thread (Job Manager - Job Thread)[0x3f400]} [0x3f4f8] Function call without $LR
SPU: E {SPU[0x70] Thread (Job Manager - Job Thread)[0x3f400]} [0x3f518] Function call without $LR
SPU: E {SPU[0x70] Thread (Job Manager - Job Thread)[0x3f400]} [0x3f524] Function call without $LR
SPU: S {SPU[0x70] Thread (Job Manager - Job Thread)[0x3f400]} Function detected [0x3f400-0x3f558] (size=0x158)
HLE: W {PPU[0x39] Thread ()[0x007d7a38]} cellGcmSys: cellGcmSetTileInfo(index=3, location=0, offset=123797504, size=7864320, pitch=10240, comp=7, base=512, bank=0)
HLE: E {PPU[0x39] Thread ()[0x007d7a38]} cellGcmSys: cellGcmSetTileInfo: bad compression mode! (7)
HLE: W {PPU[0x39] Thread ()[0x007d7878]} cellGcmSys: cellGcmBindTile(index=3)
HLE: W {PPU[0x39] Thread ()[0x007d7a38]} cellGcmSys: cellGcmSetTileInfo(index=4, location=0, offset=131727360, size=7864320, pitch=10240, comp=11, base=632, bank=3)
HLE: E {PPU[0x39] Thread ()[0x007d7a38]} cellGcmSys: cellGcmSetTileInfo: bad compression mode! (11)
HLE: W {PPU[0x39] Thread ()[0x007d7878]} cellGcmSys: cellGcmBindTile(index=4)
HLE: E {PPU[0x39] Thread ()[0x007d7a78]} cellGcmSys TODO: cellGcmSetZcull(index=1, offset=0x7da0000, width=1280, height=768, cullStart=0x0, zFormat=0x2, aaFormat=0x3, zCullDir=0x0, zCullFormat=0x1, sFunc=0x7, sRef=0x80, sMask=0xff)
SPU: E {SPU[0x70] Thread (Job Manager - Job Thread)[0x3feb0]} [0x3feb4] Function call without $LR
SPU: S {SPU[0x70] Thread (Job Manager - Job Thread)[0x3feb0]} Function detected [0x3feb0-0x3fed0] (size=0x20)
HLE: W {PPU[0x39] Thread ()[0x007d9098]} cellAvconfExt: cellVideoOutSetGamma(videoOut=0, gamma=1.000000)
SPU: S {SPU[0x70] Thread (Job Manager - Job Thread)[0x3f778]} Function detected [0x3f778-0x3f7a4] (size=0x2c)
RSX: W {RSXThread} TODO: NV4097_SET_WINDOW_OFFSET: x=0, y=0
RSX: W {RSXThread} Creating RTT
SPU: S {SPU[0x70] Thread (Job Manager - Job Thread)[0x3f558]} Function detected [0x3f558-0x3f568] (size=0x10)
RSX: W {RSXThread} TODO: NV4097_SET_FREQUENCY_DIVIDER_OPERATION: 0
SPU: E {SPU[0x70] Thread (Job Manager - Job Thread)[0x3fe88]} [0x3fea8] Function call without $LR
RSX: W {RSXThread} TODO: NV4097_SET_ANTI_ALIASING_CONTROL: 0xffff0001
SPU: S {SPU[0x70] Thread (Job Manager - Job Thread)[0x3fe88]} Function detected [0x3fe88-0x3feb0] (size=0x28)
RSX: W {RSXThread} TODO: NV4097_SET_RENDER_ENABLE: Offset=0x000000, Mode=0x1
RSX: W {RSXThread} TODO: NV4097_SET_VERTEX_ATTRIB_INPUT_MASK: 0xffff
RSX: W {RSXThread} TODO: NV4097_SET_ZPASS_PIXEL_COUNT_ENABLE: 1
RSX: W {RSXThread} TODO: NV4097_SET_ZCULL_STATS_ENABLE: 0x1
RSX: W {RSXThread} TODO: NV4097_SET_TEXTURE_CONTROL2
RSX: W {RSXThread} TODO: NV4097_SET_TEXTURE_CONTROL2
RSX: W {RSXThread} TODO: NV4097_SET_TEXTURE_CONTROL2
RSX: W {RSXThread} TODO: NV4097_SET_TEXTURE_CONTROL2
RSX: W {RSXThread} TODO: NV4097_SET_TEXTURE_CONTROL2
RSX: W {RSXThread} TODO: NV4097_SET_TEXTURE_CONTROL2
RSX: W {RSXThread} TODO: NV4097_SET_TEXTURE_CONTROL2
RSX: W {RSXThread} TODO: NV4097_SET_TEXTURE_CONTROL2
RSX: W {RSXThread} TODO: NV4097_INVALIDATE_L2: 0x1
RSX: W {RSXThread} TODO: NV4097_INVALIDATE_L2: 0x2
RSX: W {RSXThread} TODO: NV4097_SET_FREQUENCY_DIVIDER_OPERATION: 0
RSX: W {RSXThread} TODO: NV4097_SET_ANTI_ALIASING_CONTROL: 0xffff0001
RSX: W {RSXThread} TODO: NV4097_SET_RENDER_ENABLE: Offset=0x000000, Mode=0x1
RSX: W {RSXThread} TODO: NV4097_SET_VERTEX_ATTRIB_INPUT_MASK: 0xffff
RSX: W {RSXThread} TODO: NV4097_SET_ZPASS_PIXEL_COUNT_ENABLE: 1
RSX: W {RSXThread} TODO: NV4097_SET_ZCULL_STATS_ENABLE: 0x1
RSX: W {RSXThread} TODO: NV4097_SET_TEXTURE_CONTROL2
RSX: W {RSXThread} TODO: NV4097_SET_TEXTURE_CONTROL2
RSX: W {RSXThread} TODO: NV4097_SET_TEXTURE_CONTROL2
RSX: W {RSXThread} TODO: NV4097_SET_TEXTURE_CONTROL2
RSX: W {RSXThread} TODO: NV4097_SET_TEXTURE_CONTROL2
RSX: W {RSXThread} TODO: NV4097_SET_TEXTURE_CONTROL2
RSX: W {RSXThread} TODO: NV4097_SET_TEXTURE_CONTROL2
RSX: W {RSXThread} TODO: NV4097_SET_TEXTURE_CONTROL2
RSX: W {RSXThread} TODO: NV4097_INVALIDATE_L2: 0x1
RSX: W {RSXThread} TODO: NV4097_INVALIDATE_L2: 0x2
RSX: W {RSXThread} NV4097_GET_REPORT: Unimplemented type 1
RSX: W {RSXThread} TODO: NV4097_SET_WINDOW_OFFSET: x=0, y=0
RSX: W {RSXThread} TODO: NV4097_INVALIDATE_L2: 0x1
RSX: W {RSXThread} Creating RTT
SPU: S {SPU[0x70] Thread (Job Manager - Job Thread)[0x3f678]} Function detected [0x3f678-0x3f6b8] (size=0x40)
RSX: W {RSXThread} TODO: NV4097_SET_WINDOW_OFFSET: x=0, y=0
RSX: W {RSXThread} TODO: NV4097_INVALIDATE_L2: 0x1
RSX: W {RSXThread} NV4097_GET_REPORT: Unimplemented type 1
RSX: W {RSXThread} NV4097_GET_REPORT: Unimplemented type 1
RSX: W {RSXThread} NV4097_GET_REPORT: Unimplemented type 1
RSX: W {RSXThread} NV4097_GET_REPORT: Unimplemented type 1
RSX: W {RSXThread} NV4097_GET_REPORT: Unimplemented type 1
RSX: W {RSXThread} NV4097_GET_REPORT: Unimplemented type 1
RSX: W {RSXThread} NV4097_GET_REPORT: Unimplemented type 1
RSX: W {RSXThread} NV4097_GET_REPORT: Unimplemented type 1
RSX: W {RSXThread} NV4097_GET_REPORT: Unimplemented type 1
RSX: W {RSXThread} NV4097_GET_REPORT: Unimplemented type 1
RSX: W {RSXThread} NV4097_GET_REPORT: Unimplemented type 1
RSX: W {RSXThread} NV4097_GET_REPORT: Unimplemented type 1
RSX: W {RSXThread} NV4097_GET_REPORT: Unimplemented type 1
RSX: W {RSXThread} NV4097_GET_REPORT: Unimplemented type 1
RSX: W {RSXThread} NV4097_GET_REPORT: Unimplemented type 1
RSX: W {RSXThread} NV4097_GET_REPORT: Unimplemented type 1
RSX: W {RSXThread} NV4097_GET_REPORT: Unimplemented type 1
RSX: W {RSXThread} NV4097_GET_REPORT: Unimplemented type 1
RSX: W {RSXThread} NV4097_GET_REPORT: Unimplemented type 1
RSX: W {RSXThread} NV4097_GET_REPORT: Unimplemented type 1
RSX: W {RSXThread} NV4097_GET_REPORT: Unimplemented type 1
RSX: W {RSXThread} NV4097_GET_REPORT: Unimplemented type 1
RSX: W {RSXThread} NV4097_GET_REPORT: Unimplemented type 1
RSX: W {RSXThread} NV4097_GET_REPORT: Unimplemented type 1
RSX: W {RSXThread} NV4097_GET_REPORT: Unimplemented type 1
RSX: W {RSXThread} NV4097_GET_REPORT: Unimplemented type 1
RSX: W {RSXThread} NV4097_GET_REPORT: Unimplemented type 1
RSX: W {RSXThread} NV4097_GET_REPORT: Unimplemented type 1
RSX: W {RSXThread} NV4097_GET_REPORT: Unimplemented type 1
RSX: W {RSXThread} NV4097_GET_REPORT: Unimplemented type 1
RSX: W {RSXThread} NV4097_GET_REPORT: Unimplemented type 1
RSX: W {RSXThread} NV4097_GET_REPORT: Unimplemented type 1
RSX: W {RSXThread} NV4097_GET_REPORT: Unimplemented type 1
RSX: W {RSXThread} NV4097_GET_REPORT: Unimplemented type 1
RSX: W {RSXThread} NV4097_GET_REPORT: Unimplemented type 1
RSX: W {RSXThread} NV4097_GET_REPORT: Unimplemented type 1
RSX: W {RSXThread} NV4097_GET_REPORT: Unimplemented type 1
RSX: W {RSXThread} NV4097_GET_REPORT: Unimplemented type 1
RSX: W {RSXThread} NV4097_GET_REPORT: Unimplemented type 1
RSX: W {RSXThread} NV4097_GET_REPORT: Unimplemented type 1
RSX: W {RSXThread} NV4097_GET_REPORT: Unimplemented type 1
RSX: W {RSXThread} NV4097_GET_REPORT: Unimplemented type 1
RSX: W {RSXThread} NV4097_GET_REPORT: Unimplemented type 1
RSX: W {RSXThread} NV4097_GET_REPORT: Unimplemented type 1
RSX: W {RSXThread} NV4097_GET_REPORT: Unimplemented type 1
RSX: W {RSXThread} NV4097_GET_REPORT: Unimplemented type 1
RSX: W {RSXThread} NV4097_GET_REPORT: Unimplemented type 1
RSX: W {RSXThread} NV4097_GET_REPORT: Unimplemented type 1
RSX: W {RSXThread} NV4097_GET_REPORT: Unimplemented type 1
RSX: W {RSXThread} NV4097_GET_REPORT: Unimplemented type 1
RSX: W {RSXThread} NV4097_GET_REPORT: Unimplemented type 1
RSX: W {RSXThread} NV4097_GET_REPORT: Unimplemented type 1
G: ! {SPU[0x6e] Thread (Job Manager - Job Thread)[0x3f68c]} Registers:
=========
GPR[0] = 0x0003fea4000000000000000000000000
GPR[1] = 0x0003f2400003f2400003f2400003f240
GPR[2] = 0x00000000000000000000000000000000
GPR[3] = 0x219800b821980104219800b02197ff00
GPR[4] = 0x00000001000000010000000100000001
GPR[5] = 0x00000038000000040000003000000000
GPR[6] = 0x1011121314151617000102031c1d1e1f
GPR[7] = 0x219800b821980104219800b02197ff00
GPR[8] = 0x2197ff34000004002197ff7821986180
GPR[9] = 0x000004002197ff78219861802197ff34
GPR[10] = 0x000100000000006e0000000000000000
GPR[11] = 0x2197ff900000000021980090219800c0
GPR[12] = 0x0000000100000007219800bc0092c480
GPR[13] = 0x219800b02197ff00219800b821980104
GPR[14] = 0x00c0ffee00c0ffee00c0ffee00c0ffee
GPR[15] = 0x219800c02197ff900000000021980090
GPR[16] = 0x00000001000000000000006e0086f580
GPR[17] = 0x219861802197ff34000004002197ff78
GPR[18] = 0x100312131415161718191a1b1c1d1e1f
GPR[19] = 0x101103131415161718191a1b1c1d1e1f
GPR[20] = 0x000000000000006e0000000000000000
GPR[21] = 0x00000000000000000000000000000000
GPR[22] = 0x00000000000000000000000000000000
GPR[23] = 0x00000000000000000000000000000000
GPR[24] = 0x07000000bc0000008000000001000000
GPR[25] = 0x00000000000000000000000000000000
GPR[26] = 0x2197ff78219861802197ff3400000400
GPR[27] = 0x21980104219800b02197ff00219800b8
GPR[28] = 0x00000000000000000000000000000000
GPR[29] = 0x0000006e0086f5800000000100000000
GPR[30] = 0x00000000000000000000000000000000
GPR[31] = 0x101112130001020318191a1b1c1d1e1f
GPR[32] = 0x00000007219800bc0092c48000000001
GPR[33] = 0x00000000000000000000000000000000
GPR[34] = 0x00000000000000000000000000000000
GPR[35] = 0x00000000000000000000000000000000
GPR[36] = 0x000000000000006e0086f58000000001
GPR[37] = 0x031112131415161718191a1b1c1d1e1f
GPR[38] = 0x0086f58000000001000000000000006e
GPR[39] = 0x00000000000000000000000000000000
GPR[40] = 0x00000000000000000000000000000000
GPR[41] = 0x00000002000000020000000200000002
GPR[42] = 0xffffffffffffffffffffffffffffffff
GPR[43] = 0x0003d2400003d2400003d2400003d240
GPR[44] = 0x00000040000000400000004000000040
GPR[45] = 0x00000000000000000000000000000000
GPR[46] = 0x00000080000000800000008000000080
GPR[47] = 0x21980180000000000000000000000000
GPR[48] = 0x00000000000000000000000000000000
GPR[49] = 0x00000000000000000000000000000000
GPR[50] = 0x00000000000000000000000000000000
GPR[51] = 0x00000000000000000000000000000000
GPR[52] = 0x00000000000000000000000000000000
GPR[53] = 0x00000000000000000000000000000000
GPR[54] = 0x00000000000000000000000000000000
GPR[55] = 0x00000000000000000000000000000000
GPR[56] = 0x00000000000000000000000000000000
GPR[57] = 0x00000000000000000000000000000000
GPR[58] = 0x00000000000000000000000000000000
GPR[59] = 0x00000000000000000000000000000000
GPR[60] = 0x00000000000000000000000000000000
GPR[61] = 0x00000000000000000000000000000000
GPR[62] = 0x00000000000000000000000000000000
GPR[63] = 0x00000000000000000000000000000000
GPR[64] = 0x00000000000000000000000000000000
GPR[65] = 0x00000000000000000000000000000000
GPR[66] = 0x00000000000000000000000000000000
GPR[67] = 0x00000000000000000000000000000000
GPR[68] = 0x00000000000000000000000000000000
GPR[69] = 0x00000000000000000000000000000000
GPR[70] = 0x00000000000000000000000000000000
GPR[71] = 0x00000000000000000000000000000000
GPR[72] = 0x00000000000000000000000000000000
GPR[73] = 0x00000000000000000000000000000000
GPR[74] = 0x00000000000000000000000000000000
GPR[75] = 0x0003feb8000000000000000000000000
GPR[76] = 0x00000000000000000000000000000000
GPR[77] = 0x00000000000000000000000000000000
GPR[78] = 0x00000000000000000000000000000000
GPR[79] = 0x0003f424000000000000000000000000
GPR[80] = 0x00000000000000000000000000000000
GPR[81] = 0x00000000000000000000000000000000
GPR[82] = 0x00000000000000000000000000000000
GPR[83] = 0x219800b821980104219800b02197ff00
GPR[84] = 0x219800c02197ff900000000021980090
GPR[85] = 0x2197ff900000000021980090219800c0
GPR[86] = 0x21980090219800c02197ff9000000000
GPR[87] = 0x0092c4800000000100000007219800bc
GPR[88] = 0x00000000000000000000000000000000
GPR[89] = 0x00000000000000000000000000000000
GPR[90] = 0x00000000000000000000000000000000
GPR[91] = 0x00000000000000000000000000000000
GPR[92] = 0x00000000000000000000000000000000
GPR[93] = 0x00000000000000000000000000000000
GPR[94] = 0x00000000000000000000000000000000
GPR[95] = 0x0003d2000003d2000003d2000003d200
GPR[96] = 0x00000000000000000000000000000000
GPR[97] = 0xfff743ef000000000000000000000000
GPR[98] = 0x2197ff00219800b821980104219800b0
GPR[99] = 0x219800b02197ff00219800b821980104
GPR[100] = 0xffffffffffffffffffffffffffffffff
GPR[101] = 0x00000020000000200000002000000020
GPR[102] = 0x00000040000000400000004000000040
GPR[103] = 0x000000b4000000b4000000b4000000b4
GPR[104] = 0x000000d0000000d0000000d0000000d0
GPR[105] = 0x07c0ffeebcc0ffee80c0ffee01c0ffee
GPR[106] = 0x00000000000000000000000000000000
GPR[107] = 0x00000002000000020000000200000002
GPR[108] = 0x00000000000000000000000000000000
GPR[109] = 0x000004002197ff78219861802197ff34
GPR[110] = 0x0086f58000000001000000000000006e
GPR[111] = 0x00000000000000000000000000000000
GPR[112] = 0x219861802197ff34000004002197ff78
GPR[113] = 0x2197ff34000004002197ff7821986180
GPR[114] = 0x21980104219800b02197ff00219800b8
GPR[115] = 0x00000001000000010000000100000001
GPR[116] = 0x2197ff78219861802197ff3400000400
GPR[117] = 0x219800bc0092c4800000000100000007
GPR[118] = 0x00000000000000000000000000000000
GPR[119] = 0x0100000007000000bc00000080000000
GPR[120] = 0x00000000000000000000000000000000
GPR[121] = 0x00000000000000000000000000000000
GPR[122] = 0x00000000000000000000000000000000
GPR[123] = 0x2198008021980100219800802197ff00
GPR[124] = 0x00000000000000000000000000000000
GPR[125] = 0x00000000000000000000000000000000
GPR[126] = 0x00000080000000800000008000000080
GPR[127] = 0x00000000000000000000000000000000

RSX: W {RSXThread} NV4097_GET_REPORT: Unimplemented type 1
G: ! {SPU[0x72] Thread (Job Manager - Job Thread)[0x3f68c]} Registers:
=========
GPR[0] = 0x0003fea4000000000000000000000000
GPR[1] = 0x0003f2400003f2400003f2400003f240
GPR[2] = 0x00000000000000000000000000000000
GPR[3] = 0x219800b82198010c219800b02197ff00
GPR[4] = 0x00000001000000010000000100000001
GPR[5] = 0x000000380000000c0000003000000000
GPR[6] = 0x1011121314151617000102031c1d1e1f
GPR[7] = 0x219800b82198010c219800b02197ff00
GPR[8] = 0x2197ff34000004002197ff7821986180
GPR[9] = 0x000004002197ff78219861802197ff34
GPR[10] = 0x023f0000000000720000000000000000
GPR[11] = 0x2197ff900000000021980090219800c0
GPR[12] = 0x0000003f00000007219800bc0092c480
GPR[13] = 0x219800b02197ff00219800b82198010c
GPR[14] = 0x00c0ffee00c0ffee00c0ffee00c0ffee
GPR[15] = 0x219800c02197ff900000000021980090
GPR[16] = 0x0000000100000002000000720086f580
GPR[17] = 0x219861802197ff34000004002197ff78
GPR[18] = 0x100312131415161718191a1b1c1d1e1f
GPR[19] = 0x101103131415161718191a1b1c1d1e1f
GPR[20] = 0x02000000000000720000000000000000
GPR[21] = 0x00000000000000000000000000000000
GPR[22] = 0x00000000000000000000000000000000
GPR[23] = 0x00000000000000000000000000000000
GPR[24] = 0x07000000bc000000800000003f000000
GPR[25] = 0x00000000000000000000000000000000
GPR[26] = 0x2197ff78219861802197ff3400000400
GPR[27] = 0x2198010c219800b02197ff00219800b8
GPR[28] = 0x00000000000000000000000000000000
GPR[29] = 0x000000720086f5800000000100000002
GPR[30] = 0x02000000000000000000000000000000
GPR[31] = 0x101112130001020318191a1b1c1d1e1f
GPR[32] = 0x00000007219800bc0092c4800000003f
GPR[33] = 0x00000000000000000000000000000000
GPR[34] = 0x00000000000000000000000000000000
GPR[35] = 0x00000000000000000000000000000000
GPR[36] = 0x00000002000000720086f58000000001
GPR[37] = 0x031112131415161718191a1b1c1d1e1f
GPR[38] = 0x0086f580000000010000000200000072
GPR[39] = 0x00000000000000000000000000000000
GPR[40] = 0x00000000000000000000000000000000
GPR[41] = 0x00000002000000020000000200000002
GPR[42] = 0xffffffffffffffffffffffffffffffff
GPR[43] = 0x0003d2400003d2400003d2400003d240
GPR[44] = 0x00000040000000400000004000000040
GPR[45] = 0x00000000000000000000000000000000
GPR[46] = 0x00000080000000800000008000000080
GPR[47] = 0x21980280000000000000000000000000
GPR[48] = 0x00000000000000000000000000000000
GPR[49] = 0x00000000000000000000000000000000
GPR[50] = 0x00000000000000000000000000000000
GPR[51] = 0x00000000000000000000000000000000
GPR[52] = 0x00000000000000000000000000000000
GPR[53] = 0x00000000000000000000000000000000
GPR[54] = 0x00000000000000000000000000000000
GPR[55] = 0x00000000000000000000000000000000
GPR[56] = 0x00000000000000000000000000000000
GPR[57] = 0x00000000000000000000000000000000
GPR[58] = 0x00000000000000000000000000000000
GPR[59] = 0x00000000000000000000000000000000
GPR[60] = 0x00000000000000000000000000000000
GPR[61] = 0x00000000000000000000000000000000
GPR[62] = 0x00000000000000000000000000000000
GPR[63] = 0x00000000000000000000000000000000
GPR[64] = 0x00000000000000000000000000000000
GPR[65] = 0x00000000000000000000000000000000
GPR[66] = 0x00000000000000000000000000000000
GPR[67] = 0x00000000000000000000000000000000
GPR[68] = 0x00000000000000000000000000000000
GPR[69] = 0x00000000000000000000000000000000
GPR[70] = 0x00000000000000000000000000000000
GPR[71] = 0x00000000000000000000000000000000
GPR[72] = 0x00000000000000000000000000000000
GPR[73] = 0x00000000000000000000000000000000
GPR[74] = 0x00000000000000000000000000000000
GPR[75] = 0x0003feb8000000000000000000000000
GPR[76] = 0x00000000000000000000000000000000
GPR[77] = 0x00000000000000000000000000000000
GPR[78] = 0x00000000000000000000000000000000
GPR[79] = 0x0003f424000000000000000000000000
GPR[80] = 0x00000000000000000000000000000000
GPR[81] = 0x00000000000000000000000000000000
GPR[82] = 0x00000000000000000000000000000000
GPR[83] = 0x219800b82198010c219800b02197ff00
GPR[84] = 0x219800c02197ff900000000021980090
GPR[85] = 0x2197ff900000000021980090219800c0
GPR[86] = 0x21980090219800c02197ff9000000000
GPR[87] = 0x0092c4800000003f00000007219800bc
GPR[88] = 0x00000000000000000000000000000000
GPR[89] = 0x00000000000000000000000000000000
GPR[90] = 0x00000000000000000000000000000000
GPR[91] = 0x00000000000000000000000000000000
GPR[92] = 0x00000000000000000000000000000000
GPR[93] = 0x00000000000000000000000000000000
GPR[94] = 0x00000000000000000000000000000000
GPR[95] = 0x0003d2000003d2000003d2000003d200
GPR[96] = 0x00000000000000000000000000000000
GPR[97] = 0xfff85d47000000000000000000000000
GPR[98] = 0x2197ff00219800b82198010c219800b0
GPR[99] = 0x219800b02197ff00219800b82198010c
GPR[100] = 0xffffffffffffffffffffffffffffffff
GPR[101] = 0x00000020000000200000002000000020
GPR[102] = 0x00000040000000400000004000000040
GPR[103] = 0x000000b4000000b4000000b4000000b4
GPR[104] = 0x000000d0000000d0000000d0000000d0
GPR[105] = 0x07c0ffeebcc0ffee80c0ffee3fc0ffee
GPR[106] = 0x00000000000000000000000000000000
GPR[107] = 0x00000002000000020000000200000002
GPR[108] = 0x00000000000000000000000000000000
GPR[109] = 0x000004002197ff78219861802197ff34
GPR[110] = 0x0086f580000000010000000200000072
GPR[111] = 0x00000000000000000000000000000000
GPR[112] = 0x219861802197ff34000004002197ff78
GPR[113] = 0x2197ff34000004002197ff7821986180
GPR[114] = 0x2198010c219800b02197ff00219800b8
GPR[115] = 0x00000001000000010000000100000001
GPR[116] = 0x2197ff78219861802197ff3400000400
GPR[117] = 0x219800bc0092c4800000003f00000007
GPR[118] = 0x00000000000000000000000000000000
GPR[119] = 0x3f00000007000000bc00000080000000
GPR[120] = 0x00000000000000000000000000000000
GPR[121] = 0x00000000000000000000000000000000
GPR[122] = 0x00000000000000000000000000000000
GPR[123] = 0x2198008021980100219800802197ff00
GPR[124] = 0x00000000000000000000000000000000
GPR[125] = 0x00000000000000000000000000000000
GPR[126] = 0x00000080000000800000008000000080
GPR[127] = 0x00000000000000000000000000000000

RSX: W {RSXThread} NV4097_GET_REPORT: Unimplemented type 1
G: ! {SPU[0x70] Thread (Job Manager - Job Thread)[0x3f68c]} Registers:
=========
GPR[0] = 0x0003fea4000000000000000000000000
GPR[1] = 0x0003f2400003f2400003f2400003f240
GPR[2] = 0x00000000000000000000000000000000
GPR[3] = 0x219800b821980108219800b02197ff00
GPR[4] = 0x00000001000000010000000100000001
GPR[5] = 0x00000038000000080000003000000000
GPR[6] = 0x1011121314151617000102031c1d1e1f
GPR[7] = 0x219800b821980108219800b02197ff00
GPR[8] = 0x2197ff34000004002197ff7821986180
GPR[9] = 0x000004002197ff78219861802197ff34
GPR[10] = 0x01010000000000700000000000000000
GPR[11] = 0x2197ff900000000021980090219800c0
GPR[12] = 0x0000000100000007219800bc0092c480
GPR[13] = 0x219800b02197ff00219800b821980108
GPR[14] = 0x00c0ffee00c0ffee00c0ffee00c0ffee
GPR[15] = 0x219800c02197ff900000000021980090
GPR[16] = 0x0000000100000001000000700086f580
GPR[17] = 0x219861802197ff34000004002197ff78
GPR[18] = 0x100312131415161718191a1b1c1d1e1f
GPR[19] = 0x101103131415161718191a1b1c1d1e1f
GPR[20] = 0x01000000000000700000000000000000
GPR[21] = 0x00000000000000000000000000000000
GPR[22] = 0x00000000000000000000000000000000
GPR[23] = 0x00000000000000000000000000000000
GPR[24] = 0x07000000bc0000008000000001000000
GPR[25] = 0x00000000000000000000000000000000
GPR[26] = 0x2197ff78219861802197ff3400000400
GPR[27] = 0x21980108219800b02197ff00219800b8
GPR[28] = 0x00000000000000000000000000000000
GPR[29] = 0x000000700086f5800000000100000001
GPR[30] = 0x01000000000000000000000000000000
GPR[31] = 0x101112130001020318191a1b1c1d1e1f
GPR[32] = 0x00000007219800bc0092c48000000001
GPR[33] = 0x00000000000000000000000000000000
GPR[34] = 0x00000000000000000000000000000000
GPR[35] = 0x00000000000000000000000000000000
GPR[36] = 0x00000001000000700086f58000000001
GPR[37] = 0x031112131415161718191a1b1c1d1e1f
GPR[38] = 0x0086f580000000010000000100000070
GPR[39] = 0x00000000000000000000000000000000
GPR[40] = 0x00000000000000000000000000000000
GPR[41] = 0x00000002000000020000000200000002
GPR[42] = 0xffffffffffffffffffffffffffffffff
GPR[43] = 0x0003d2400003d2400003d2400003d240
GPR[44] = 0x00000040000000400000004000000040
GPR[45] = 0x00000000000000000000000000000000
GPR[46] = 0x00000080000000800000008000000080
GPR[47] = 0x21980200000000000000000000000000
GPR[48] = 0x00000000000000000000000000000000
GPR[49] = 0x00000000000000000000000000000000
GPR[50] = 0x00000000000000000000000000000000
GPR[51] = 0x00000000000000000000000000000000
GPR[52] = 0x00000000000000000000000000000000
GPR[53] = 0x00000000000000000000000000000000
GPR[54] = 0x00000000000000000000000000000000
GPR[55] = 0x00000000000000000000000000000000
GPR[56] = 0x00000000000000000000000000000000
GPR[57] = 0x00000000000000000000000000000000
GPR[58] = 0x00000000000000000000000000000000
GPR[59] = 0x00000000000000000000000000000000
GPR[60] = 0x00000000000000000000000000000000
GPR[61] = 0x00000000000000000000000000000000
GPR[62] = 0x00000000000000000000000000000000
GPR[63] = 0x00000000000000000000000000000000
GPR[64] = 0x00000000000000000000000000000000
GPR[65] = 0x00000000000000000000000000000000
GPR[66] = 0x00000000000000000000000000000000
GPR[67] = 0x00000000000000000000000000000000
GPR[68] = 0x00000000000000000000000000000000
GPR[69] = 0x00000000000000000000000000000000
GPR[70] = 0x00000000000000000000000000000000
GPR[71] = 0x00000000000000000000000000000000
GPR[72] = 0x00000000000000000000000000000000
GPR[73] = 0x00000000000000000000000000000000
GPR[74] = 0x00000000000000000000000000000000
GPR[75] = 0x0003feb8000000000000000000000000
GPR[76] = 0x00000000000000000000000000000000
GPR[77] = 0x00000000000000000000000000000000
GPR[78] = 0x00000000000000000000000000000000
GPR[79] = 0x0003f424000000000000000000000000
GPR[80] = 0x00000000000000000000000000000000
GPR[81] = 0x00000000000000000000000000000000
GPR[82] = 0x00000000000000000000000000000000
GPR[83] = 0x219800b821980108219800b02197ff00
GPR[84] = 0x219800c02197ff900000000021980090
GPR[85] = 0x2197ff900000000021980090219800c0
GPR[86] = 0x21980090219800c02197ff9000000000
GPR[87] = 0x0092c4800000000100000007219800bc
GPR[88] = 0x00000000000000000000000000000000
GPR[89] = 0x00000000000000000000000000000000
GPR[90] = 0x00000000000000000000000000000000
GPR[91] = 0x00000000000000000000000000000000
GPR[92] = 0x00000000000000000000000000000000
GPR[93] = 0x00000000000000000000000000000000
GPR[94] = 0x00000000000000000000000000000000
GPR[95] = 0x0003d2000003d2000003d2000003d200
GPR[96] = 0x00000000000000000000000000000000
GPR[97] = 0xfff7db6c000000000000000000000000
GPR[98] = 0x2197ff00219800b821980108219800b0
GPR[99] = 0x219800b02197ff00219800b821980108
GPR[100] = 0xffffffffffffffffffffffffffffffff
GPR[101] = 0x00000020000000200000002000000020
GPR[102] = 0x00000040000000400000004000000040
GPR[103] = 0x000000b4000000b4000000b4000000b4
GPR[104] = 0x000000d0000000d0000000d0000000d0
GPR[105] = 0x07c0ffeebcc0ffee80c0ffee01c0ffee
GPR[106] = 0x00000000000000000000000000000000
GPR[107] = 0x00000002000000020000000200000002
GPR[108] = 0x00000000000000000000000000000000
GPR[109] = 0x000004002197ff78219861802197ff34
GPR[110] = 0x0086f580000000010000000100000070
GPR[111] = 0x00000000000000000000000000000000
GPR[112] = 0x219861802197ff34000004002197ff78
GPR[113] = 0x2197ff34000004002197ff7821986180
GPR[114] = 0x21980108219800b02197ff00219800b8
GPR[115] = 0x00000001000000010000000100000001
GPR[116] = 0x2197ff78219861802197ff3400000400
GPR[117] = 0x219800bc0092c4800000000100000007
GPR[118] = 0x00000000000000000000000000000000
GPR[119] = 0x0100000007000000bc00000080000000
GPR[120] = 0x00000000000000000000000000000000
GPR[121] = 0x00000000000000000000000000000000
GPR[122] = 0x00000000000000000000000000000000
GPR[123] = 0x2198008021980100219800802197ff00
GPR[124] = 0x00000000000000000000000000000000
GPR[125] = 0x00000000000000000000000000000000
GPR[126] = 0x00000080000000800000008000000080
GPR[127] = 0x00000000000000000000000000000000

RSX: W {RSXThread} NV4097_GET_REPORT: Unimplemented type 1
G: E {SPU[0x6e] Thread (Job Manager - Job Thread)[0x3f68c]} Exception: Unknown command GETLLAR (cmd=0xd0, lsa=0x0, ea=0x21980080, tag=0x0, size=0x0)
(in file Emu\Cell\SPUThread.cpp:497, in function SPUThread::process_mfc_cmd)
RSX: W {RSXThread} NV4097_GET_REPORT: Unimplemented type 1
G: E {SPU[0x72] Thread (Job Manager - Job Thread)[0x3f68c]} Exception: Unknown command GETLLAR (cmd=0xd0, lsa=0x0, ea=0x21980080, tag=0x0, size=0x0)
(in file Emu\Cell\SPUThread.cpp:497, in function SPUThread::process_mfc_cmd)
G: E {SPU[0x70] Thread (Job Manager - Job Thread)[0x3f68c]} Exception: Unknown command GETLLAR (cmd=0xd0, lsa=0x0, ea=0x21980080, tag=0x0, size=0x0)
(in file Emu\Cell\SPUThread.cpp:497, in function SPUThread::process_mfc_cmd)
G: ! Stopping emulator...
G: ! All threads signaled...
G: ! {RawSPU[1] Thread (0x68)[0x00000]} Thread aborted
HLE: S {PPU[0x1] Thread (main_thread)[0x002ac164]} Last syscall: 92 (sys_semaphore_wait)
G: ! {PPU[0x39] Thread ()[0x004d8f38]} Thread aborted
HLE: S {PPU[0x3d] Thread ()[0x002ad394]} Last syscall: 107 (sys_cond_wait)
G: ! {PPU[0x1] Thread (main_thread)[0x002ac164]} Thread aborted
G: ! {PPU[0x2] Thread (Callback Thread)[0x004a90b4]} Thread aborted
HLE: S {PPU[0x46] Thread (null:)[0x002ad908]} Last syscall: 107 (sys_cond_wait)
HLE: S {PPU[0x54] Thread (/dev_hdd0)[0x002ad908]} Last syscall: 107 (sys_cond_wait)
G: ! {PPU[0x76] Thread (Job Manager - Job Thread)[0x005eb7d8]} Thread aborted
HLE: S {PPU[0x4d] Thread (/app_home)[0x002ad908]} Last syscall: 107 (sys_cond_wait)
HLE: S {PPU[0x5b] Thread ()[0x002ad908]} Last syscall: 107 (sys_cond_wait)
G: ! {RawSPU[0] Thread (0x67)[0x027b4]} Thread aborted
G: ! {PPU[0x6b] Thread (Job Manager - PPU Proxy)[0x005f10d8]} Thread aborted
G: ! {PPU[0x3d] Thread ()[0x002ad394]} Thread aborted
G: ! {PPU[0x46] Thread (null:)[0x002ad908]} Thread aborted
HLE: S {PPU[0x65] Thread (memmap:)[0x002ad908]} Last syscall: 107 (sys_cond_wait)
G: ! {PPU[0x54] Thread (/dev_hdd0)[0x002ad908]} Thread aborted
G: ! {PPU[0x4d] Thread (/app_home)[0x002ad908]} Thread aborted
G: ! {PPU[0x5b] Thread ()[0x002ad908]} Thread aborted
G: ! {PPU[0x65] Thread (memmap:)[0x002ad908]} Thread aborted
G: ! {VBlank Thread} Thread aborted
G: ! All threads stopped...
G: ! Objects cleared...
