LDR: E PSFLoader::Load() failed: unknown magic (0x0)
G: ! Stopping emulator...
LDR: ! Loading 'D:/Emulateurs/Rpcs3/dev_hdd0/game/BLES01227-[ASURA'S WRATH]/PS3_GAME/USRDIR/BOOT.BIN'...
G: W fs::file::open('D:/Emulateurs/Rpcs3/dev_hdd0/game/BLES01227-[ASURA'S WRATH]/PS3_GAME/dev_bdvd.path', 0x1) failed: error 0x2
LDR: !  
LDR: ! Mount info:
LDR: ! /dev_usb000/ -> D:/Emulateurs/Rpcs3/dev_usb000/
LDR: ! /dev_flash/ -> D:/Emulateurs/Rpcs3/dev_flash/
LDR: ! /host_root/ -> 
LDR: ! /dev_hdd0/ -> D:/Emulateurs/Rpcs3/dev_hdd0/
LDR: ! /dev_hdd1/ -> D:/Emulateurs/Rpcs3/dev_hdd1/
LDR: ! /dev_bdvd/ -> D:/Emulateurs/Rpcs3/dev_hdd0/game/BLES01227-[ASURA'S WRATH]/
LDR: ! /dev_usb/ -> D:/Emulateurs/Rpcs3/dev_usb000/
LDR: !  
LDR: ! Title: ASURA'S WRATH
LDR: ! Serial: BLES01227
LDR: ! Elf path: /dev_bdvd/PS3_GAME/USRDIR/BOOT.BIN
LDR: ! loader::init() failed: Broken file
LDR: ! *** sdk version: 0x360001
LDR: ! *** primary prio: 2000
LDR: ! *** primary stacksize: 0x40000
LDR: ! *** malloc pagesize: 0x100000
LDR: ! *** ppc seg: 0x0
LDR: ! Imported function 'sys_net_initialize_network_ex' in 'sys_net' module (0x1602a30)
LDR: ! Imported function 'getsockname' in 'sys_net' module (0x1602a68)
LDR: ! Imported function 'recvfrom' in 'sys_net' module (0x1602aa0)
LDR: ! Imported function 'listen' in 'sys_net' module (0x1602ad8)
LDR: ! Imported function 'sys_net_get_sockinfo' in 'sys_net' module (0x1602b10)
LDR: ! Imported function 'socketselect' in 'sys_net' module (0x1602b48)
LDR: ! Imported function 'getsockopt' in 'sys_net' module (0x1602b80)
LDR: ! Imported function '_sys_net_errno_loc' in 'sys_net' module (0x1602bb8)
LDR: ! Imported function 'connect' in 'sys_net' module (0x1602bf0)
LDR: ! Imported function 'socketclose' in 'sys_net' module (0x1602c28)
LDR: ! Imported function 'gethostbyname' in 'sys_net' module (0x1602c60)
LDR: ! Imported function 'setsockopt' in 'sys_net' module (0x1602c98)
LDR: ! Imported function 'sendto' in 'sys_net' module (0x1602cd0)
LDR: ! Imported function 'socket' in 'sys_net' module (0x1602d08)
LDR: ! Imported function 'bind' in 'sys_net' module (0x1602d40)
LDR: ! Imported function 'sys_net_finalize_network' in 'sys_net' module (0x1602d78)
LDR: ! Imported function 'accept' in 'sys_net' module (0x1602db0)
LDR: ! Imported function 'inet_addr' in 'sys_net' module (0x1602de8)
LDR: ! Imported function 'send' in 'sys_net' module (0x1602e20)
LDR: ! Imported function 'recv' in 'sys_net' module (0x1602e58)
LDR: ! Imported function 'gethostbyaddr' in 'sys_net' module (0x1606700)
LDR: ! Imported function 'cellNetCtlNetStartDialogLoadAsync' in 'cellNetCtl' module (0x1602e90)
LDR: ! Imported function 'cellNetCtlAddHandler' in 'cellNetCtl' module (0x1602ec8)
LDR: ! Imported function 'cellNetCtlNetStartDialogUnloadAsync' in 'cellNetCtl' module (0x1602f00)
LDR: ! Imported function 'cellNetCtlTerm' in 'cellNetCtl' module (0x1602f38)
LDR: ! Imported function 'cellNetCtlGetInfo' in 'cellNetCtl' module (0x1602f70)
LDR: ! Imported function 'cellNetCtlGetState' in 'cellNetCtl' module (0x1602fa8)
LDR: ! Imported function 'cellNetCtlInit' in 'cellNetCtl' module (0x1602fe0)
LDR: ! Imported function 'cellPadInit' in 'sys_io' module (0x1603018)
LDR: ! Imported function 'cellKbGetInfo' in 'sys_io' module (0x1603050)
LDR: ! Imported function 'cellKbInit' in 'sys_io' module (0x1603088)
LDR: ! Imported function 'cellPadSetPortSetting' in 'sys_io' module (0x16030c0)
LDR: ! Imported function 'cellMouseGetInfo' in 'sys_io' module (0x16030f8)
LDR: ! Imported function 'cellMouseGetDataList' in 'sys_io' module (0x1603130)
LDR: ! Imported function 'cellPadGetData' in 'sys_io' module (0x1603168)
LDR: ! Imported function 'cellKbSetCodeType' in 'sys_io' module (0x16031a0)
LDR: ! Imported function 'cellPadGetInfo2' in 'sys_io' module (0x16031d8)
LDR: ! Imported function 'cellKbEnd' in 'sys_io' module (0x1603210)
LDR: ! Imported function 'cellMouseInit' in 'sys_io' module (0x1603248)
LDR: ! Imported function 'cellKbSetReadMode' in 'sys_io' module (0x1603280)
LDR: ! Imported function 'cellPadSetActDirect' in 'sys_io' module (0x16032b8)
LDR: ! Imported function 'cellKbRead' in 'sys_io' module (0x16032f0)
LDR: ! Imported function 'cellFsRmdir' in 'sys_fs' module (0x1603328)
LDR: ! Imported function 'cellFsClose' in 'sys_fs' module (0x1603360)
LDR: ! Imported function 'cellFsOpendir' in 'sys_fs' module (0x1603398)
LDR: ! Imported function 'cellFsRead' in 'sys_fs' module (0x16033d0)
LDR: ! Imported function 'cellFsReaddir' in 'sys_fs' module (0x1603408)
LDR: ! Imported function 'cellFsSdataOpenByFd' in 'sys_fs' module (0x1603440)
LDR: ! Imported function 'cellFsOpen' in 'sys_fs' module (0x1603478)
LDR: ! Imported function 'cellFsStat' in 'sys_fs' module (0x16034b0)
LDR: ! Imported function 'cellFsUnlink' in 'sys_fs' module (0x16034e8)
LDR: ! Imported function 'cellFsFsync' in 'sys_fs' module (0x1603520)
LDR: ! Imported function 'cellFsLseek' in 'sys_fs' module (0x1603558)
LDR: ! Imported function 'cellFsGetFreeSize' in 'sys_fs' module (0x1603590)
LDR: ! Imported function 'cellFsSdataOpen' in 'sys_fs' module (0x16035c8)
LDR: ! Imported function 'cellFsMkdir' in 'sys_fs' module (0x1603600)
LDR: E Unknown function 'cellFsUtime' in 'sys_fs' module (0x1603638)
LDR: ! Imported function 'cellFsWrite' in 'sys_fs' module (0x1603670)
LDR: ! Imported function 'cellFsFstat' in 'sys_fs' module (0x16036a8)
LDR: ! Imported function 'cellFsRename' in 'sys_fs' module (0x16036e0)
LDR: ! Imported function 'cellFsClosedir' in 'sys_fs' module (0x1603718)
LDR: ! Imported function 'cellSysutilUnregisterCallback' in 'cellSysutil' module (0x1603750)
LDR: ! Imported function 'cellVideoOutConfigure' in 'cellSysutil' module (0x1603788)
LDR: ! Imported function 'cellSysutilCheckCallback' in 'cellSysutil' module (0x16037c0)
LDR: ! Imported function 'cellSysCacheMount' in 'cellSysutil' module (0x16037f8)
LDR: ! Imported function 'cellVideoOutGetDeviceInfo' in 'cellSysutil' module (0x1603830)
LDR: ! Imported function 'cellMsgDialogClose' in 'cellSysutil' module (0x1603868)
LDR: E Unknown function 'cellGameUnregisterDiscChangeCallback' in 'cellSysutil' module (0x16038a0)
LDR: E Unknown function 'cellOskDialogUnloadAsync' in 'cellSysutil' module (0x16038d8)
LDR: ! Imported function 'cellSysutilGetSystemParamInt' in 'cellSysutil' module (0x1603910)
LDR: ! Imported function 'cellAudioOutConfigure' in 'cellSysutil' module (0x1603948)
LDR: ! Imported function 'cellSaveDataUserAutoSave' in 'cellSysutil' module (0x1603980)
LDR: ! Imported function 'cellMsgDialogAbort' in 'cellSysutil' module (0x16039b8)
LDR: ! Imported function 'cellVideoOutGetNumberOfDevice' in 'cellSysutil' module (0x16039f0)
LDR: ! Imported function 'cellMsgDialogOpen2' in 'cellSysutil' module (0x1603a28)
LDR: ! Imported function 'cellAudioOutGetDeviceInfo' in 'cellSysutil' module (0x1603a60)
LDR: E Unknown function 'cellOskDialogLoadAsync' in 'cellSysutil' module (0x1603a98)
LDR: E Unknown function 'cellStorageDataImport' in 'cellSysutil' module (0x1603ad0)
LDR: ! Imported function 'cellSysutilGetSystemParamString' in 'cellSysutil' module (0x1603b08)
LDR: ! Imported function 'cellMsgDialogProgressBarInc' in 'cellSysutil' module (0x1603b40)
LDR: ! Imported function 'cellSysutilRegisterCallback' in 'cellSysutil' module (0x1603b78)
LDR: ! Imported function 'cellVideoOutGetResolutionAvailability' in 'cellSysutil' module (0x1603bb0)
LDR: E Unknown function 'cellOskDialogSetKeyLayoutOption' in 'cellSysutil' module (0x1603be8)
LDR: E Unknown function 'cellOskDialogAbort' in 'cellSysutil' module (0x1603c20)
LDR: ! Imported function 'cellAudioOutGetSoundAvailability' in 'cellSysutil' module (0x1603c58)
LDR: E Unknown function 'cellOskDialogSetInitialKeyLayout' in 'cellSysutil' module (0x1603c90)
LDR: ! Imported function 'cellSaveDataUserAutoLoad' in 'cellSysutil' module (0x1603cc8)
LDR: ! Imported function 'cellSaveDataFixedDelete' in 'cellSysutil' module (0x1603d00)
LDR: E Unknown function 'cellOskDialogSetDeviceMask' in 'cellSysutil' module (0x1603d38)
LDR: ! Imported function 'cellVideoOutGetResolution' in 'cellSysutil' module (0x1603d70)
LDR: ! Imported function 'cellAudioOutGetNumberOfDevice' in 'cellSysutil' module (0x1603da8)
LDR: ! Imported function 'cellAudioOutGetConfiguration' in 'cellSysutil' module (0x1603de0)
LDR: ! Imported function 'cellSaveDataDelete2' in 'cellSysutil' module (0x1603e18)
LDR: E Unknown function 'cellOskDialogSetLayoutMode' in 'cellSysutil' module (0x1603e50)
LDR: ! Imported function 'cellAudioOutGetState' in 'cellSysutil' module (0x1603e88)
LDR: ! Imported function 'cellSaveDataAutoLoad2' in 'cellSysutil' module (0x1603ec0)
LDR: ! Imported function '_cellSpursLFQueueInitialize' in 'cellSpurs' module (0x1603ef8)
LDR: ! Imported function 'cellSpursAttributeSetNamePrefix' in 'cellSpurs' module (0x1603f30)
LDR: ! Imported function 'cellSpursAttributeEnableSpuPrintfIfAvailable' in 'cellSpurs' module (0x1603f68)
LDR: ! Imported function '_cellSpursTasksetAttributeInitialize' in 'cellSpurs' module (0x1603fa0)
LDR: ! Imported function 'cellSpursLFQueueAttachLv2EventQueue' in 'cellSpurs' module (0x1603fd8)
LDR: ! Imported function 'cellSpursEventFlagDetachLv2EventQueue' in 'cellSpurs' module (0x1604010)
LDR: ! Imported function 'cellSpursCreateJobChainWithAttribute' in 'cellSpurs' module (0x1604048)
LDR: ! Imported function '_cellSpursJobChainAttributeInitialize' in 'cellSpurs' module (0x1604080)
LDR: ! Imported function 'cellSpursEventFlagWait' in 'cellSpurs' module (0x16040b8)
LDR: ! Imported function 'cellSpursEventFlagClear' in 'cellSpurs' module (0x16040f0)
LDR: ! Imported function 'cellSpursDetachLv2EventQueue' in 'cellSpurs' module (0x1604128)
LDR: ! Imported function 'cellSpursCreateTaskset' in 'cellSpurs' module (0x1604160)
LDR: ! Imported function '_cellSpursEventFlagInitialize' in 'cellSpurs' module (0x1604198)
LDR: ! Imported function 'cellSpursTasksetAttributeSetName' in 'cellSpurs' module (0x16041d0)
LDR: ! Imported function 'cellSpursLFQueueDetachLv2EventQueue' in 'cellSpurs' module (0x1604208)
LDR: ! Imported function 'cellSpursEventFlagAttachLv2EventQueue' in 'cellSpurs' module (0x1604240)
LDR: ! Imported function '_cellSpursLFQueuePushBody' in 'cellSpurs' module (0x1604278)
LDR: ! Imported function '_cellSpursAttributeInitialize' in 'cellSpurs' module (0x16042b0)
LDR: ! Imported function 'cellSpursJoinTaskset' in 'cellSpurs' module (0x16042e8)
LDR: ! Imported function 'cellSpursJobChainAttributeSetName' in 'cellSpurs' module (0x1604320)
LDR: ! Imported function 'cellSpursShutdownTaskset' in 'cellSpurs' module (0x1604358)
LDR: ! Imported function 'cellSpursAttributeSetSpuThreadGroupType' in 'cellSpurs' module (0x1604390)
LDR: ! Imported function 'cellSpursInitializeWithAttribute' in 'cellSpurs' module (0x16043c8)
LDR: ! Imported function 'cellSpursAttachLv2EventQueue' in 'cellSpurs' module (0x1604400)
LDR: ! Imported function 'cellSpursCreateTask' in 'cellSpurs' module (0x1604438)
LDR: ! Imported function 'cellSpursCreateTasksetWithAttribute' in 'cellSpurs' module (0x1604470)
LDR: ! Imported function 'cellSpursFinalize' in 'cellSpurs' module (0x16044a8)
LDR: ! Imported function '_cellSpursSendSignal' in 'cellSpurs' module (0x16044e0)
LDR: ! Imported function 'cellSpursRunJobChain' in 'cellSpurs' module (0x1604518)
LDR: ! Imported function 'cellSpursQueueDetachLv2EventQueue' in 'cellSpurs' module (0x1606738)
LDR: ! Imported function '_cellSpursQueueInitialize' in 'cellSpurs' module (0x1606770)
LDR: ! Imported function 'cellSpursJobGuardInitialize' in 'cellSpurs' module (0x16067a8)
LDR: ! Imported function 'cellSpursShutdownJobChain' in 'cellSpurs' module (0x16067e0)
LDR: ! Imported function 'cellSpursQueuePopBody' in 'cellSpurs' module (0x1606818)
LDR: ! Imported function 'cellSpursQueuePushBody' in 'cellSpurs' module (0x1606850)
LDR: ! Imported function 'cellSpursJoinJobChain' in 'cellSpurs' module (0x1606888)
LDR: ! Imported function 'cellSpursInitialize' in 'cellSpurs' module (0x16068c0)
LDR: ! Imported function 'cellSpursJobGuardNotify' in 'cellSpurs' module (0x16068f8)
LDR: ! Imported function 'cellSpursQueueAttachLv2EventQueue' in 'cellSpurs' module (0x1606930)
LDR: ! Imported function 'cellSysmoduleUnloadModule' in 'cellSysmodule' module (0x1604550)
LDR: ! Imported function 'cellSysmoduleLoadModule' in 'cellSysmodule' module (0x1604588)
LDR: ! Imported function 'cellSysmoduleInitialize' in 'cellSysmodule' module (0x16045c0)
LDR: ! Imported function 'cellRtcGetCurrentClockLocalTime' in 'cellRtc' module (0x16045f8)
LDR: ! Imported function 'cellRtcGetCurrentClock' in 'cellRtc' module (0x1604630)
LDR: ! Imported function 'cellRtcSetTime_t' in 'cellRtc' module (0x1604668)
LDR: ! Imported function 'cellRtcGetDayOfWeek' in 'cellRtc' module (0x16046a0)
LDR: ! Imported function 'cellRtcGetTick' in 'cellRtc' module (0x16046d8)
LDR: ! Imported function 'cellRtcGetTime_t' in 'cellRtc' module (0x1604710)
LDR: ! Imported function 'cellRtcGetCurrentTick' in 'cellRtc' module (0x1605f58)
LDR: ! Imported function 'cellRtcConvertUtcToLocalTime' in 'cellRtc' module (0x1605f90)
LDR: ! Imported function 'cellAudioInit' in 'cellAudio' module (0x1604748)
LDR: ! Imported function 'cellAudioPortStop' in 'cellAudio' module (0x1604780)
LDR: ! Imported function 'cellAudioGetPortConfig' in 'cellAudio' module (0x16047b8)
LDR: ! Imported function 'cellAudioPortStart' in 'cellAudio' module (0x16047f0)
LDR: ! Imported function 'cellAudioQuit' in 'cellAudio' module (0x1604828)
LDR: ! Imported function 'cellAudioPortOpen' in 'cellAudio' module (0x1604860)
LDR: ! Imported function 'cellAudioPortClose' in 'cellAudio' module (0x16069d8)
LDR: ! Imported function 'sceNpTerm' in 'sceNp' module (0x1604898)
LDR: ! Imported function 'sceNpLookupDestroyTitleCtx' in 'sceNp' module (0x16048d0)
LDR: ! Imported function 'sceNpLookupInit' in 'sceNp' module (0x1604908)
LDR: ! Imported function 'sceNpManagerGetContentRatingFlag' in 'sceNp' module (0x1604940)
LDR: ! Imported function 'sceNpLookupTerm' in 'sceNp' module (0x1604978)
LDR: ! Imported function 'sceNpManagerGetStatus' in 'sceNp' module (0x16049b0)
LDR: ! Imported function 'sceNpManagerGetAccountRegion' in 'sceNp' module (0x16049e8)
LDR: ! Imported function 'sceNpInit' in 'sceNp' module (0x1604a20)
LDR: ! Imported function 'sceNpLookupCreateTitleCtx' in 'sceNp' module (0x1604a58)
LDR: ! Imported function 'sceNpLookupWaitAsync' in 'sceNp' module (0x1604a90)
LDR: ! Imported function 'sceNpLookupCreateTransactionCtx' in 'sceNp' module (0x1604ac8)
LDR: ! Imported function 'sceNpDrmIsAvailable2' in 'sceNp' module (0x1604b00)
LDR: ! Imported function 'sceNpLookupDestroyTransactionCtx' in 'sceNp' module (0x1604b38)
LDR: ! Imported function 'sceNpManagerGetNpId' in 'sceNp' module (0x1604b70)
LDR: ! Imported function 'sceNpLookupUserProfileAsync' in 'sceNp' module (0x1604ba8)
LDR: ! Imported function 'sceNpTrophyRegisterContext' in 'sceNpTrophy' module (0x1604be0)
LDR: ! Imported function 'sceNpTrophyCreateHandle' in 'sceNpTrophy' module (0x1604c18)
LDR: ! Imported function 'sceNpTrophyGetRequiredDiskSpace' in 'sceNpTrophy' module (0x1604c50)
LDR: ! Imported function 'sceNpTrophyDestroyContext' in 'sceNpTrophy' module (0x1604c88)
LDR: ! Imported function 'sceNpTrophyInit' in 'sceNpTrophy' module (0x1604cc0)
LDR: ! Imported function 'sceNpTrophyGetGameInfo' in 'sceNpTrophy' module (0x1604cf8)
LDR: ! Imported function 'sceNpTrophyDestroyHandle' in 'sceNpTrophy' module (0x1604d30)
LDR: ! Imported function 'sceNpTrophyUnlockTrophy' in 'sceNpTrophy' module (0x1604d68)
LDR: ! Imported function 'sceNpTrophyTerm' in 'sceNpTrophy' module (0x1604da0)
LDR: ! Imported function 'sceNpTrophyGetTrophyUnlockState' in 'sceNpTrophy' module (0x1604dd8)
LDR: ! Imported function 'sceNpTrophyGetTrophyIcon' in 'sceNpTrophy' module (0x1604e10)
LDR: ! Imported function 'sceNpTrophyCreateContext' in 'sceNpTrophy' module (0x1604e48)
LDR: ! Imported function 'sceNpTrophyGetTrophyInfo' in 'sceNpTrophy' module (0x1604e80)
LDR: ! Imported function 'cellGameGetParamString' in 'cellGame' module (0x1604eb8)
LDR: ! Imported function 'cellGameCreateGameData' in 'cellGame' module (0x1604ef0)
LDR: ! Imported function 'cellGameContentPermit' in 'cellGame' module (0x1604f28)
LDR: ! Imported function 'cellGameContentErrorDialog' in 'cellGame' module (0x1604f60)
LDR: ! Imported function 'cellGameDataCheck' in 'cellGame' module (0x1604f98)
LDR: ! Imported function 'cellGameBootCheck' in 'cellGame' module (0x1604fd0)
LDR: ! Imported function 'cellPngDecDecodeData' in 'cellPngDec' module (0x1605008)
LDR: ! Imported function 'cellPngDecExtCreate' in 'cellPngDec' module (0x1605040)
LDR: ! Imported function 'cellPngDecClose' in 'cellPngDec' module (0x1605078)
LDR: ! Imported function 'cellPngDecDestroy' in 'cellPngDec' module (0x16050b0)
LDR: ! Imported function 'cellPngDecReadHeader' in 'cellPngDec' module (0x16050e8)
LDR: ! Imported function 'cellPngDecOpen' in 'cellPngDec' module (0x1605120)
LDR: ! Imported function 'cellPngDecSetParameter' in 'cellPngDec' module (0x1605158)
LDR: ! Imported function 'cellRescSetWaitFlip' in 'cellResc' module (0x1605190)
LDR: ! Imported function 'cellRescAdjustAspectRatio' in 'cellResc' module (0x16051c8)
LDR: ! Imported function 'cellRescSetDisplayMode' in 'cellResc' module (0x1605200)
LDR: ! Imported function 'cellRescSetConvertAndFlip' in 'cellResc' module (0x1605238)
LDR: ! Imported function 'cellRescSetFlipHandler' in 'cellResc' module (0x1605270)
LDR: ! Imported function 'cellRescInit' in 'cellResc' module (0x16052a8)
LDR: ! Imported function 'cellRescGetBufferSize' in 'cellResc' module (0x16052e0)
LDR: ! Imported function 'cellRescSetSrc' in 'cellResc' module (0x1605318)
LDR: ! Imported function 'cellRescSetBufferAddress' in 'cellResc' module (0x1605350)
LDR: ! Imported function 'cellRescSetVBlankHandler' in 'cellResc' module (0x1605388)
LDR: ! Imported function 'cellRescCreateInterlaceTable' in 'cellResc' module (0x16053c0)
LDR: ! Imported function 'sceNpCommerce2DestroyReq' in 'sceNpCommerce2' module (0x16053f8)
LDR: ! Imported function 'sceNpCommerce2Init' in 'sceNpCommerce2' module (0x1605430)
LDR: ! Imported function 'sceNpCommerce2GetCategoryContentsStart' in 'sceNpCommerce2' module (0x1605468)
LDR: ! Imported function 'sceNpCommerce2Term' in 'sceNpCommerce2' module (0x16054a0)
LDR: ! Imported function 'sceNpCommerce2DestroyCtx' in 'sceNpCommerce2' module (0x16054d8)
LDR: ! Imported function 'sceNpCommerce2GetCategoryContentsCreateReq' in 'sceNpCommerce2' module (0x1605510)
LDR: ! Imported function 'sceNpCommerce2CreateSessionFinish' in 'sceNpCommerce2' module (0x1605548)
LDR: ! Imported function 'sceNpCommerce2GetContentInfo' in 'sceNpCommerce2' module (0x1605580)
LDR: ! Imported function 'sceNpCommerce2GetCategoryContentsGetResult' in 'sceNpCommerce2' module (0x16055b8)
LDR: ! Imported function 'sceNpCommerce2CreateSessionStart' in 'sceNpCommerce2' module (0x16055f0)
LDR: ! Imported function 'sceNpCommerce2InitGetCategoryContentsResult' in 'sceNpCommerce2' module (0x1605628)
LDR: ! Imported function 'sceNpCommerce2CreateCtx' in 'sceNpCommerce2' module (0x1605660)
LDR: ! Imported function 'sceNpCommerce2GetGameProductInfoFromContentInfo' in 'sceNpCommerce2' module (0x1605698)
LDR: ! Imported function 'sceNpCommerce2ExecuteStoreBrowse' in 'sceNpCommerce2' module (0x16056d0)
LDR: E Unknown module 'cellHttp'
LDR: E Unknown function 'cellHttpInit' in 'cellHttp' module (0x1605708)
LDR: E Unknown function 'cellHttpsInit' in 'cellHttp' module (0x1605740)
LDR: E Unknown function 'cellHttpEndCookie' in 'cellHttp' module (0x1605778)
LDR: E Unknown function 'cellHttpInitCookie' in 'cellHttp' module (0x16057b0)
LDR: E Unknown function 'cellHttpEnd' in 'cellHttp' module (0x16057e8)
LDR: E Unknown function 'cellHttpsEnd' in 'cellHttp' module (0x1605820)
LDR: E Unknown module 'cellSsl'
LDR: E Unknown function 'cellSslEnd' in 'cellSsl' module (0x1605858)
LDR: E Unknown function 'cellSslCertificateLoader' in 'cellSsl' module (0x1605890)
LDR: E Unknown function 'cellSslInit' in 'cellSsl' module (0x16058c8)
LDR: ! Imported function 'cellUserInfoGetList' in 'cellUserInfo' module (0x1605900)
LDR: ! Imported function 'cellGcmGetTiledPitchSize' in 'cellGcmSys' module (0x1605938)
LDR: ! Imported function 'cellGcmSetUserHandler' in 'cellGcmSys' module (0x1605970)
LDR: ! Imported function 'cellGcmSetPrepareFlip' in 'cellGcmSys' module (0x16059a8)
LDR: ! Imported function '_cellGcmInitBody' in 'cellGcmSys' module (0x16059e0)
LDR: ! Imported function 'cellGcmAddressToOffset' in 'cellGcmSys' module (0x1605a18)
LDR: ! Imported function 'cellGcmSortRemapEaIoAddress' in 'cellGcmSys' module (0x1605a50)
LDR: ! Imported function 'cellGcmIoOffsetToAddress' in 'cellGcmSys' module (0x1605a88)
LDR: ! Imported function '_cellGcmFunc15' in 'cellGcmSys' module (0x1605ac0)
LDR: ! Imported function 'cellGcmBindTile' in 'cellGcmSys' module (0x1605af8)
LDR: ! Imported function 'cellGcmSetFlipMode' in 'cellGcmSys' module (0x1605b30)
LDR: ! Imported function 'cellGcmGetTimeStamp' in 'cellGcmSys' module (0x1605b68)
LDR: ! Imported function 'cellGcmGetDefaultCommandWordSize' in 'cellGcmSys' module (0x1605ba0)
LDR: ! Imported function 'cellGcmGetDefaultSegmentWordSize' in 'cellGcmSys' module (0x1605bd8)
LDR: ! Imported function 'cellGcmSetDefaultFifoSize' in 'cellGcmSys' module (0x1605c10)
LDR: ! Imported function 'cellGcmBindZcull' in 'cellGcmSys' module (0x1605c48)
LDR: ! Imported function 'cellGcmMapMainMemory' in 'cellGcmSys' module (0x1605c80)
LDR: ! Imported function 'cellGcmSetFlipHandler' in 'cellGcmSys' module (0x1605cb8)
LDR: ! Imported function 'cellGcmSetDisplayBuffer' in 'cellGcmSys' module (0x1605cf0)
LDR: ! Imported function 'cellGcmGetControlRegister' in 'cellGcmSys' module (0x1605d28)
LDR: ! Imported function 'cellGcmUnbindZcull' in 'cellGcmSys' module (0x1605d60)
LDR: ! Imported function 'cellGcmSetVBlankHandler' in 'cellGcmSys' module (0x1605d98)
LDR: ! Imported function 'cellGcmSetFlipImmediate' in 'cellGcmSys' module (0x1605dd0)
LDR: ! Imported function 'cellGcmSetTileInfo' in 'cellGcmSys' module (0x1605e08)
LDR: ! Imported function 'cellGcmSetGraphicsHandler' in 'cellGcmSys' module (0x1605e40)
LDR: ! Imported function 'cellGcmUnbindTile' in 'cellGcmSys' module (0x1605e78)
LDR: ! Imported function 'cellGcmUnmapIoAddress' in 'cellGcmSys' module (0x1605eb0)
LDR: ! Imported function 'cellGcmGetConfiguration' in 'cellGcmSys' module (0x1605ee8)
LDR: ! Imported function 'cellGcmGetLabelAddress' in 'cellGcmSys' module (0x1605f20)
LDR: ! Imported function 'sys_lwmutex_lock' in 'sysPrxForUser' module (0x1605fc8)
LDR: ! Imported function 'sys_lwmutex_unlock' in 'sysPrxForUser' module (0x1606000)
LDR: ! Imported function 'sys_lwcond_destroy' in 'sysPrxForUser' module (0x1606038)
LDR: ! Imported function 'sys_ppu_thread_create' in 'sysPrxForUser' module (0x1606070)
LDR: ! Imported function 'sys_prx_load_module' in 'sysPrxForUser' module (0x16060a8)
LDR: ! Imported function 'sys_lwcond_wait' in 'sysPrxForUser' module (0x16060e0)
LDR: ! Imported function '_sys_process_atexitspawn' in 'sysPrxForUser' module (0x1606118)
LDR: ! Imported function 'sys_lwmutex_create' in 'sysPrxForUser' module (0x1606150)
LDR: ! Imported function 'sys_ppu_thread_get_id' in 'sysPrxForUser' module (0x1606188)
LDR: ! Imported function 'sys_mmapper_free_memory' in 'sysPrxForUser' module (0x16061c0)
LDR: ! Imported function 'sys_prx_register_library' in 'sysPrxForUser' module (0x16061f8)
LDR: ! Imported function '_sys_spu_printf_initialize' in 'sysPrxForUser' module (0x1606230)
LDR: ! Imported function 'sys_mmapper_unmap_memory' in 'sysPrxForUser' module (0x1606268)
LDR: ! Imported function 'sys_process_is_stack' in 'sysPrxForUser' module (0x16062a0)
LDR: ! Imported function 'sys_initialize_tls' in 'sysPrxForUser' module (0x16062d8)
LDR: ! Imported function 'sys_time_get_system_time' in 'sysPrxForUser' module (0x1606310)
LDR: ! Imported function '_sys_process_at_Exitspawn' in 'sysPrxForUser' module (0x1606348)
LDR: ! Imported function 'sys_prx_exitspawn_with_level' in 'sysPrxForUser' module (0x1606380)
LDR: E Unknown function 'sys_prx_load_module_on_memcontainer_by_fd' in 'sysPrxForUser' module (0x16063b8)
LDR: ! Imported function 'sys_ppu_thread_once' in 'sysPrxForUser' module (0x16063f0)
LDR: ! Imported function 'sys_prx_load_module_on_memcontainer' in 'sysPrxForUser' module (0x1606428)
LDR: ! Imported function 'sys_lwmutex_trylock' in 'sysPrxForUser' module (0x1606460)
LDR: ! Imported function 'sys_ppu_thread_exit' in 'sysPrxForUser' module (0x1606498)
LDR: ! Imported function 'sys_mmapper_allocate_memory' in 'sysPrxForUser' module (0x16064d0)
LDR: ! Imported function 'sys_lwmutex_destroy' in 'sysPrxForUser' module (0x1606508)
LDR: ! Imported function 'sys_lwcond_create' in 'sysPrxForUser' module (0x1606540)
LDR: ! Imported function 'sys_mmapper_map_memory' in 'sysPrxForUser' module (0x1606578)
LDR: ! Imported function '_sys_spu_printf_finalize' in 'sysPrxForUser' module (0x16065b0)
LDR: ! Imported function 'sys_spu_image_close' in 'sysPrxForUser' module (0x16065e8)
LDR: ! Imported function 'sys_process_exit' in 'sysPrxForUser' module (0x1606620)
LDR: ! Imported function 'sys_lwcond_signal_all' in 'sysPrxForUser' module (0x1606658)
LDR: E Unknown function 'sys_prx_load_module_by_fd' in 'sysPrxForUser' module (0x1606690)
LDR: ! Imported function 'sys_lwcond_signal' in 'sysPrxForUser' module (0x16066c8)
LDR: ! Imported function 'cellOvisGetOverlayTableSize' in 'cellOvis' module (0x1606968)
LDR: ! Imported function 'cellOvisInitializeOverlayTable' in 'cellOvis' module (0x16069a0)
HLE: ! sysPrxForUser: Thread Local Storage initialized (g_tls_start=0x1bbd000, user_size=0x2a8)
*** TLS segment addr: 0x019b1864
*** TLS segment size: 0x000002a8
HLE: W {PPU[0x1] Thread (main_thread)[0x01606150]} sysPrxForUser: sys_lwmutex_create(lwmutex=*0x1b53ad0, attr=*0x16918c8)
HLE: W {PPU[0x1] Thread (main_thread)[0x00f36774]} sys_memory: sys_memory_get_user_memory_size(mem_info=*0xd003fc04)
HLE: W {PPU[0x1] Thread (main_thread)[0x01606150]} sysPrxForUser: sys_lwmutex_create(lwmutex=*0x1b53718, attr=*0x16918c8)
HLE: W {PPU[0x1] Thread (main_thread)[0x01606150]} sysPrxForUser: sys_lwmutex_create(lwmutex=*0x1b52a68, attr=*0x16918c8)
HLE: W {PPU[0x1] Thread (main_thread)[0x01606150]} sysPrxForUser: sys_lwmutex_create(lwmutex=*0x1b52a90, attr=*0x16918c8)
HLE: W {PPU[0x1] Thread (main_thread)[0x01606150]} sysPrxForUser: sys_lwmutex_create(lwmutex=*0x1b52ab8, attr=*0x16918c8)
HLE: W {PPU[0x1] Thread (main_thread)[0x01606150]} sysPrxForUser: sys_lwmutex_create(lwmutex=*0x1b529a0, attr=*0x16918c8)
HLE: W {PPU[0x1] Thread (main_thread)[0x01606150]} sysPrxForUser: sys_lwmutex_create(lwmutex=*0x1b529c8, attr=*0x16918c8)
HLE: W {PPU[0x1] Thread (main_thread)[0x01606150]} sysPrxForUser: sys_lwmutex_create(lwmutex=*0x1b529f0, attr=*0x16918c8)
HLE: W {PPU[0x1] Thread (main_thread)[0x01606150]} sysPrxForUser: sys_lwmutex_create(lwmutex=*0x1b52a18, attr=*0x16918c8)
HLE: W {PPU[0x1] Thread (main_thread)[0x01606150]} sysPrxForUser: sys_lwmutex_create(lwmutex=*0x1b52a40, attr=*0x16918c8)
HLE: W {PPU[0x1] Thread (main_thread)[0x01606150]} sysPrxForUser: sys_lwmutex_create(lwmutex=*0x1b53c18, attr=*0x19d77d4)
HLE: W {PPU[0x1] Thread (main_thread)[0x01606150]} sysPrxForUser: sys_lwmutex_create(lwmutex=*0x1b53bd8, attr=*0x19d77e4)
HLE: W {PPU[0x1] Thread (main_thread)[0x01606150]} sysPrxForUser: sys_lwmutex_create(lwmutex=*0x1b41420, attr=*0xd003fbf0)
HLE: W {PPU[0x1] Thread (main_thread)[0x00f2961c]} sys_time: sys_time_get_timezone(timezone=*0xd003fb20, summertime=*0xd003fb24)
HLE: W {PPU[0x1] Thread (main_thread)[0x00f2b08c]} sys_time: sys_time_get_timezone(timezone=*0xd003fb20, summertime=*0xd003fb24)
HLE: W {PPU[0x1] Thread (main_thread)[0x00f295c0]} sys_time: sys_time_get_timezone(timezone=*0xd003fb20, summertime=*0xd003fb24)
HLE: W {PPU[0x1] Thread (main_thread)[0x00f2b08c]} sys_time: sys_time_get_timezone(timezone=*0xd003fb20, summertime=*0xd003fb24)
HLE: W {PPU[0x1] Thread (main_thread)[0x01606150]} sysPrxForUser: sys_lwmutex_create(lwmutex=*0x1b24878, attr=*0xd003fb50)
HLE: W {PPU[0x1] Thread (main_thread)[0x0089c824]} sys_memory: sys_memory_get_user_memory_size(mem_info=*0xd003fa14)
HLE: W {PPU[0x1] Thread (main_thread)[0x0089c850]} sys_memory: sys_memory_allocate(size=0x300000, flags=0x400, alloc_addr=*0xd003fa10)
HLE: W {PPU[0x1] Thread (main_thread)[0x0089c868]} sys_memory: sys_memory_get_user_memory_size(mem_info=*0xd003fa14)
HLE: W {PPU[0x1] Thread (main_thread)[0x0089ac58]} sys_memory: sys_memory_allocate(size=0x20000, flags=0x200, alloc_addr=*0xd003f980)
HLE: W {PPU[0x1] Thread (main_thread)[0x00897928]} sys_memory: sys_memory_allocate(size=0x10000, flags=0x200, alloc_addr=*0xd003fa20)
HLE: W {PPU[0x1] Thread (main_thread)[0x01606150]} sysPrxForUser: sys_lwmutex_create(lwmutex=*0x20320010, attr=*0xd003faa0)
HLE: W {PPU[0x1] Thread (main_thread)[0x01606150]} sysPrxForUser: sys_lwmutex_create(lwmutex=*0x1b05a10, attr=*0xd003fb40)
HLE: W {PPU[0x1] Thread (main_thread)[0x01606150]} sysPrxForUser: sys_lwmutex_create(lwmutex=*0x1aa4888, attr=*0xd003efe0)
HLE: W {PPU[0x1] Thread (main_thread)[0x01606150]} sysPrxForUser: sys_lwmutex_create(lwmutex=*0x1aa48c8, attr=*0xd003efd0)
HLE: W {PPU[0x1] Thread (main_thread)[0x01606150]} sysPrxForUser: sys_lwmutex_create(lwmutex=*0x1a9ff10, attr=*0xd003fb40)
HLE: W {PPU[0x1] Thread (main_thread)[0x01606150]} sysPrxForUser: sys_lwmutex_create(lwmutex=*0x1a9ff30, attr=*0xd003fb30)
HLE: W {PPU[0x1] Thread (main_thread)[0x00899098]} sys_memory: sys_memory_allocate(size=0x20000, flags=0x200, alloc_addr=*0xd003f800)
HLE: W {PPU[0x1] Thread (main_thread)[0x01606150]} sysPrxForUser: sys_lwmutex_create(lwmutex=*0x1a75130, attr=*0xd003fb70)
HLE: W {PPU[0x1] Thread (main_thread)[0x00899270]} sys_memory: sys_memory_allocate(size=0x10000, flags=0x200, alloc_addr=*0xd003f890)
HLE: W {PPU[0x1] Thread (main_thread)[0x01606150]} sysPrxForUser: sys_lwmutex_create(lwmutex=*0x1a9fcb8, attr=*0xd003fb60)
HLE: W {PPU[0x1] Thread (main_thread)[0x00899098]} sys_memory: sys_memory_allocate(size=0x40000, flags=0x200, alloc_addr=*0xd003f800)
HLE: W {PPU[0x1] Thread (main_thread)[0x00899270]} sys_memory: sys_memory_allocate(size=0x10000, flags=0x200, alloc_addr=*0xd003f890)
HLE: W {PPU[0x1] Thread (main_thread)[0x00899270]} sys_memory: sys_memory_allocate(size=0x10000, flags=0x200, alloc_addr=*0xd003e8f0)
HLE: W {PPU[0x1] Thread (main_thread)[0x01606150]} sysPrxForUser: sys_lwmutex_create(lwmutex=*0x1a70b78, attr=*0xd003faa0)
HLE: W {PPU[0x1] Thread (main_thread)[0x01603c58]} cellSysutil: cellAudioOutGetSoundAvailability(audioOut=0, type=0, fs=0x4, option=0)
HLE: W {PPU[0x1] Thread (main_thread)[0x01603c58]} cellSysutil: cellAudioOutGetSoundAvailability(audioOut=0, type=1, fs=0x4, option=0)
HLE: W {PPU[0x1] Thread (main_thread)[0x01603948]} cellSysutil: cellAudioOutConfigure(audioOut=0, config=*0xd003f990, option=*0x0, waitForEvent=1)
HLE: W {PPU[0x1] Thread (main_thread)[0x01603e88]} cellSysutil: cellAudioOutGetState(audioOut=0x0, deviceIndex=0x0, state=*0xd003f9a0)
HLE: W {PPU[0x1] Thread (main_thread)[0x01604748]} cellAudio: cellAudioInit()
HLE: W {PPU[0x1] Thread (main_thread)[0x01606150]} sysPrxForUser: sys_lwmutex_create(lwmutex=*0x1b25720, attr=*0xd003f900)
HLE: W {PPU[0x1] Thread (main_thread)[0x01606150]} sysPrxForUser: sys_lwmutex_create(lwmutex=*0x1b25650, attr=*0xd003f900)
HLE: W {PPU[0x1] Thread (main_thread)[0x01606150]} sysPrxForUser: sys_lwmutex_create(lwmutex=*0x1b255d0, attr=*0xd003f900)
HLE: W {PPU[0x1] Thread (main_thread)[0x00899270]} sys_memory: sys_memory_allocate(size=0x10000, flags=0x200, alloc_addr=*0xd003f030)
HLE: W {PPU[0x1] Thread (main_thread)[0x00899098]} sys_memory: sys_memory_allocate(size=0x50000, flags=0x200, alloc_addr=*0xd003f6a0)
HLE: W {PPU[0x1] Thread (main_thread)[0x01606150]} sysPrxForUser: sys_lwmutex_create(lwmutex=*0x1a55fd0, attr=*0xd003fab0)
HLE: W {PPU[0x1] Thread (main_thread)[0x01606150]} sysPrxForUser: sys_lwmutex_create(lwmutex=*0x19eec48, attr=*0xd003fab0)
HLE: W {PPU[0x1] Thread (main_thread)[0x01604588]} cellSysmodule: cellSysmoduleLoadModule(id=0x000e: CELL_SYSMODULE_FS)
HLE: W {PPU[0x1] Thread (main_thread)[0x01604588]} cellSysmodule: cellSysmoduleLoadModule(id=0x000a: CELL_SYSMODULE_SPURS)
HLE: W {PPU[0x1] Thread (main_thread)[0x01604588]} cellSysmodule: cellSysmoduleLoadModule(id=0x0015: CELL_SYSMODULE_SYSUTIL)
HLE: W {PPU[0x1] Thread (main_thread)[0x01604588]} cellSysmodule: cellSysmoduleLoadModule(id=0x0009: CELL_SYSMODULE_RTC)
HLE: W {PPU[0x1] Thread (main_thread)[0x01604588]} cellSysmodule: cellSysmoduleLoadModule(id=0x0010: CELL_SYSMODULE_GCM_SYS)
HLE: W {PPU[0x1] Thread (main_thread)[0x01604588]} cellSysmodule: cellSysmoduleLoadModule(id=0x0011: CELL_SYSMODULE_AUDIO)
HLE: W {PPU[0x1] Thread (main_thread)[0x01604588]} cellSysmodule: cellSysmoduleLoadModule(id=0x0017: CELL_SYSMODULE_IO)
HLE: W {PPU[0x1] Thread (main_thread)[0x01604588]} cellSysmodule: cellSysmoduleLoadModule(id=0x0033: CELL_SYSMODULE_SYSUTIL_SAVEDATA)
HLE: W {PPU[0x1] Thread (main_thread)[0x01604588]} cellSysmodule: cellSysmoduleLoadModule(id=0x003e: CELL_SYSMODULE_SYSUTIL_GAME)
HLE: W {PPU[0x1] Thread (main_thread)[0x01604588]} cellSysmodule: cellSysmoduleLoadModule(id=0x0016: CELL_SYSMODULE_SYSUTIL_NP)
HLE: W {PPU[0x1] Thread (main_thread)[0x01604588]} cellSysmodule: cellSysmoduleLoadModule(id=0xf035: CELL_SYSMODULE_SYSUTIL_NP_TROPHY)
HLE: W {PPU[0x1] Thread (main_thread)[0x01604588]} cellSysmodule: cellSysmoduleLoadModule(id=0x0004: CELL_SYSMODULE_HTTPS)
HLE: W {PPU[0x1] Thread (main_thread)[0x01604588]} cellSysmodule: cellSysmoduleLoadModule(id=0x0044: CELL_SYSMODULE_SYSUTIL_NP_COMMERCE2)
HLE: W {PPU[0x1] Thread (main_thread)[0x01604588]} cellSysmodule: cellSysmoduleLoadModule(id=0x001e: CELL_SYSMODULE_L10N)
HLE: W {PPU[0x1] Thread (main_thread)[0x01604588]} cellSysmodule: cellSysmoduleLoadModule(id=0x0032: CELL_SYSMODULE_SYSUTIL_USERINFO)
HLE: W {PPU[0x1] Thread (main_thread)[0x008a8e08]} sys_memory: sys_memory_get_user_memory_size(mem_info=*0xd003f9ec)
HLE: W {PPU[0x1] Thread (main_thread)[0x01603b78]} cellSysutil: cellSysutilRegisterCallback(slot=0, func=*0x198ec28, userdata=*0x0)
HLE: W {PPU[0x1] Thread (main_thread)[0x01604fd0]} cellGame: cellGameBootCheck(type=*0xd003f450, attributes=*0xd003f454, size=*0xd003f458, dirName=*0x0)
HLE: W {PPU[0x1] Thread (main_thread)[0x01604eb8]} cellGame: cellGameGetParamString(id=100, buf=*0x1a9ff54, bufsize=10)
HLE: W {PPU[0x1] Thread (main_thread)[0x01604f28]} cellGame: cellGameContentPermit(contentInfoPath=*0xd003f468, usrdirPath=*0xd003f4e8)
HLE: W {PPU[0x1] Thread (main_thread)[0x01604f28]} cellGame: cellGameContentPermit(): path_set=1, contentInfo='/dev_bdvd/PS3_GAME', usrdir='/dev_bdvd/PS3_GAME/USRDIR'
HLE: E {PPU[0x1] Thread (main_thread)[0x0087bfac]} sys_mmapper: sys_mmapper_allocate_address(size=0x10000000, flags=0x40f, alignment=0x10000000, alloc_addr=*0x2035f5b0)
HLE: E {PPU[0x1] Thread (main_thread)[0x0087bfac]} sys_mmapper: sys_mmapper_allocate_address(size=0x10000000, flags=0x40f, alignment=0x10000000, alloc_addr=*0x2035f9f0)
HLE: W {PPU[0x1] Thread (main_thread)[0x016059e0]} cellGcmSys: _cellGcmInitBody(context=*0x1b42038, cmdSize=0x2ff000, ioSize=0x300000, ioAddress=0x20000000)
HLE: W {PPU[0x1] Thread (main_thread)[0x016059e0]} cellGcmSys: *** local memory(addr=0xc0000000, size=0xf900000)
HLE: W {PPU[0x1] Thread (main_thread)[0x016059e0]} cellGcmSys: cellGcmInit(): 256MB io address space used
HLE: W {PPU[0x1] Thread (main_thread)[0x016039f0]} cellSysutil: cellVideoOutGetNumberOfDevice(videoOut=0)
RSX: ! {RSXThread} RSX thread started
HLE: W {PPU[0x1] Thread (main_thread)[0x01603830]} cellSysutil: cellVideoOutGetDeviceInfo(videoOut=0, deviceIndex=0, info=*0xd003f2e0)
HLE: W {PPU[0x1] Thread (main_thread)[0x01603bb0]} cellSysutil: cellVideoOutGetResolutionAvailability(videoOut=0, resolutionId=0x0, aspect=0, option=0)
HLE: W {PPU[0x1] Thread (main_thread)[0x01603788]} cellSysutil: cellVideoOutConfigure(videoOut=0, config=*0xd003f230, option=*0x0, waitForEvent=0x0)
HLE: W {PPU[0x1] Thread (main_thread)[0x01605b30]} cellGcmSys: cellGcmSetFlipMode(mode=1)
HLE: W {PPU[0x1] Thread (main_thread)[0x01605d98]} cellGcmSys: cellGcmSetVBlankHandler(handler=*0x198e330)
HLE: W {PPU[0x1] Thread (main_thread)[0x01605cb8]} cellGcmSys: cellGcmSetFlipHandler(handler=*0x198e328)
HLE: W {PPU[0x1] Thread (main_thread)[0x01605970]} cellGcmSys: cellGcmSetUserHandler(handler=*0x198e338)
HLE: E {PPU[0x1] Thread (main_thread)[0x01605e40]} cellGcmSys: cellGcmSetGraphicsHandler
HLE: W {PPU[0x1] Thread (main_thread)[0x016064d0]} sys_mmapper: sys_mmapper_allocate_memory(size=0x100000, flags=0x400, mem_id=*0xd003f014)
HLE: E {PPU[0x1] Thread (main_thread)[0x01606578]} sys_mmapper: sys_mmapper_map_memory(addr=0x30000000, mem_id=0x1f, flags=0x40000)
HLE: W {PPU[0x1] Thread (main_thread)[0x016064d0]} sys_mmapper: sys_mmapper_allocate_memory(size=0x100000, flags=0x400, mem_id=*0xd003f014)
HLE: E {PPU[0x1] Thread (main_thread)[0x01606578]} sys_mmapper: sys_mmapper_map_memory(addr=0x30100000, mem_id=0x20, flags=0x40000)
HLE: W {PPU[0x1] Thread (main_thread)[0x016064d0]} sys_mmapper: sys_mmapper_allocate_memory(size=0x100000, flags=0x400, mem_id=*0xd003f014)
HLE: E {PPU[0x1] Thread (main_thread)[0x01606578]} sys_mmapper: sys_mmapper_map_memory(addr=0x30200000, mem_id=0x21, flags=0x40000)
HLE: W {PPU[0x1] Thread (main_thread)[0x016064d0]} sys_mmapper: sys_mmapper_allocate_memory(size=0x100000, flags=0x400, mem_id=*0xd003f014)
HLE: E {PPU[0x1] Thread (main_thread)[0x01606578]} sys_mmapper: sys_mmapper_map_memory(addr=0x30300000, mem_id=0x22, flags=0x40000)
HLE: W {PPU[0x1] Thread (main_thread)[0x016064d0]} sys_mmapper: sys_mmapper_allocate_memory(size=0x100000, flags=0x400, mem_id=*0xd003f014)
HLE: E {PPU[0x1] Thread (main_thread)[0x01606578]} sys_mmapper: sys_mmapper_map_memory(addr=0x30400000, mem_id=0x23, flags=0x40000)
HLE: W {PPU[0x1] Thread (main_thread)[0x016064d0]} sys_mmapper: sys_mmapper_allocate_memory(size=0x100000, flags=0x400, mem_id=*0xd003f014)
HLE: E {PPU[0x1] Thread (main_thread)[0x01606578]} sys_mmapper: sys_mmapper_map_memory(addr=0x30500000, mem_id=0x24, flags=0x40000)
HLE: W {PPU[0x1] Thread (main_thread)[0x016064d0]} sys_mmapper: sys_mmapper_allocate_memory(size=0x100000, flags=0x400, mem_id=*0xd003f014)
HLE: E {PPU[0x1] Thread (main_thread)[0x01606578]} sys_mmapper: sys_mmapper_map_memory(addr=0x30600000, mem_id=0x25, flags=0x40000)
HLE: W {PPU[0x1] Thread (main_thread)[0x016064d0]} sys_mmapper: sys_mmapper_allocate_memory(size=0x100000, flags=0x400, mem_id=*0xd003f014)
HLE: E {PPU[0x1] Thread (main_thread)[0x01606578]} sys_mmapper: sys_mmapper_map_memory(addr=0x30700000, mem_id=0x26, flags=0x40000)
HLE: W {PPU[0x1] Thread (main_thread)[0x016064d0]} sys_mmapper: sys_mmapper_allocate_memory(size=0x100000, flags=0x400, mem_id=*0xd003f014)
HLE: E {PPU[0x1] Thread (main_thread)[0x01606578]} sys_mmapper: sys_mmapper_map_memory(addr=0x30800000, mem_id=0x27, flags=0x40000)
HLE: W {PPU[0x1] Thread (main_thread)[0x016064d0]} sys_mmapper: sys_mmapper_allocate_memory(size=0x100000, flags=0x400, mem_id=*0xd003f014)
HLE: E {PPU[0x1] Thread (main_thread)[0x01606578]} sys_mmapper: sys_mmapper_map_memory(addr=0x30900000, mem_id=0x28, flags=0x40000)
HLE: W {PPU[0x1] Thread (main_thread)[0x01605c80]} cellGcmSys: cellGcmMapMainMemory(ea=0x30000000, size=0xa00000, offset=*0xd003f010)
HLE: W {PPU[0x1] Thread (main_thread)[0x01605e08]} cellGcmSys: cellGcmSetTileInfo(index=0, location=0, offset=1048576, size=0, pitch=512, comp=0, base=0, bank=0)
HLE: W {PPU[0x1] Thread (main_thread)[0x01605af8]} cellGcmSys: cellGcmBindTile(index=0)
HLE: W {PPU[0x1] Thread (main_thread)[0x01605e08]} cellGcmSys: cellGcmSetTileInfo(index=1, location=0, offset=1048576, size=0, pitch=0, comp=0, base=0, bank=0)
HLE: W {PPU[0x1] Thread (main_thread)[0x01605af8]} cellGcmSys: cellGcmBindTile(index=1)
HLE: W {PPU[0x1] Thread (main_thread)[0x01605e08]} cellGcmSys: cellGcmSetTileInfo(index=2, location=0, offset=1048576, size=0, pitch=0, comp=0, base=0, bank=0)
HLE: W {PPU[0x1] Thread (main_thread)[0x01605af8]} cellGcmSys: cellGcmBindTile(index=2)
HLE: W {PPU[0x1] Thread (main_thread)[0x01606070]} sysPrxForUser: sys_ppu_thread_create(thread_id=*0x19cf8e0, entry=0x198e350, arg=0x0, prio=1000, stacksize=0x2000, flags=0x1, threadname=*0x166c4fc)
HLE: W {PPU[0x1] Thread (main_thread)[0x01606070]} sys_ppu_thread: _sys_ppu_thread_create(thread_id=*0x19cf8e0, param=*0xd003f4f8, arg=0x0, unk=0x0, prio=1000, stacksize=0x2000, flags=0x1, threadname=*0x166c4fc)
HLE: W {PPU[0x1] Thread (main_thread)[0x01606070]} sys_ppu_thread: sys_ppu_thread_start(thread_id=0x29)
HLE: W {PPU[0x1] Thread (main_thread)[0x008a90e8]} sys_spu: sys_spu_initialize(max_usable_spu=6, max_raw_spu=0)
HLE: W {PPU[0x1] Thread (main_thread)[0x016063f0]} sysPrxForUser: sys_ppu_thread_once(once_ctrl=*0x1b52f14, init=*0x19a7768)
HLE: W {PPU[0x1] Thread (main_thread)[0x01606150]} sysPrxForUser: sys_lwmutex_create(lwmutex=*0x1b52ae0, attr=*0xd003f440)
HLE: W {PPU[0x1] Thread (main_thread)[0x00f355a4]} sys_event: sys_event_queue_create(equeue_id=*0x1b52afc, attr=*0xd003f530, event_queue_key=0x0, size=127)
HLE: W {PPU[0x1] Thread (main_thread)[0x00f355c8]} sys_event: sys_event_port_create(eport_id=*0x1b52b00, port_type=1, name=0xffffffff0000dead)
HLE: W {PPU[0x1] Thread (main_thread)[0x00f355e4]} sys_event: sys_event_port_connect_local(eport_id=0x2c, equeue_id=0x2b)
HLE: W {PPU[0x1] Thread (main_thread)[0x01606070]} sysPrxForUser: sys_ppu_thread_create(thread_id=*0x1b52b08, entry=0x19a7760, arg=0x0, prio=1999, stacksize=0x1000, flags=0x1, threadname=*0x17addd8)
HLE: W {PPU[0x1] Thread (main_thread)[0x01606070]} sys_ppu_thread: _sys_ppu_thread_create(thread_id=*0x1b52b08, param=*0xd003f4b8, arg=0x0, unk=0x0, prio=1999, stacksize=0x1000, flags=0x1, threadname=*0x17addd8)
HLE: W {PPU[0x1] Thread (main_thread)[0x01606070]} sys_ppu_thread: sys_ppu_thread_start(thread_id=0x2d)
HLE: W {PPU[0x1] Thread (main_thread)[0x01606230]} sysPrxForUser: _sys_spu_printf_initialize(agcb=*0x19a7750, dgcb=*0x19a7748, atcb=*0x19a7740, dtcb=*0x19a7738)
HLE: W {PPU[0x1] Thread (main_thread)[0x016042b0]} cellSpurs: _cellSpursAttributeInitialize(attr=*0xd003f5e8, revision=2, sdkVersion=0x330000, nSpus=5, spuPriority=127, ppuPriority=1999, exitIfNoWork=0)
HLE: W {PPU[0x1] Thread (main_thread)[0x01603f30]} cellSpurs: cellSpursAttributeSetNamePrefix(attr=*0xd003f5e8, prefix=*0x1672d84, size=12)
HLE: W {PPU[0x1] Thread (main_thread)[0x01603f68]} cellSpurs: cellSpursAttributeEnableSpuPrintfIfAvailable(attr=*0xd003f5e8)
HLE: W {PPU[0x1] Thread (main_thread)[0x01604390]} cellSpurs: cellSpursAttributeSetSpuThreadGroupType(attr=*0xd003f5e8, type=24)
HLE: W {PPU[0x1] Thread (main_thread)[0x016043c8]} cellSpurs: cellSpursInitializeWithAttribute(spurs=*0x1aa1800, attr=*0xd003f5e8)
HLE: W {PPU[0x1] Thread (main_thread)[0x016043c8]} sys_process: sys_process_is_spu_lock_line_reservation_address(addr=0x1aa1800, flags=0x2)
HLE: W {PPU[0x1] Thread (main_thread)[0x016043c8]} sys_semaphore: sys_semaphore_create(sem=*0xd003f568, attr=*0xd003f548, initial_val=0, max_val=1)
HLE: W {PPU[0x1] Thread (main_thread)[0x016043c8]} sys_semaphore: sys_semaphore_create(sem=*0xd003f568, attr=*0xd003f548, initial_val=0, max_val=1)
HLE: W {PPU[0x1] Thread (main_thread)[0x016043c8]} sys_semaphore: sys_semaphore_create(sem=*0xd003f568, attr=*0xd003f548, initial_val=0, max_val=1)
HLE: W {PPU[0x1] Thread (main_thread)[0x016043c8]} sys_semaphore: sys_semaphore_create(sem=*0xd003f568, attr=*0xd003f548, initial_val=0, max_val=1)
HLE: W {PPU[0x1] Thread (main_thread)[0x016043c8]} sys_semaphore: sys_semaphore_create(sem=*0xd003f568, attr=*0xd003f548, initial_val=0, max_val=1)
HLE: W {PPU[0x1] Thread (main_thread)[0x016043c8]} sys_semaphore: sys_semaphore_create(sem=*0xd003f568, attr=*0xd003f548, initial_val=0, max_val=1)
HLE: W {PPU[0x1] Thread (main_thread)[0x016043c8]} sys_semaphore: sys_semaphore_create(sem=*0xd003f568, attr=*0xd003f548, initial_val=0, max_val=1)
HLE: W {PPU[0x1] Thread (main_thread)[0x016043c8]} sys_semaphore: sys_semaphore_create(sem=*0xd003f568, attr=*0xd003f548, initial_val=0, max_val=1)
HLE: W {PPU[0x1] Thread (main_thread)[0x016043c8]} sys_semaphore: sys_semaphore_create(sem=*0xd003f568, attr=*0xd003f548, initial_val=0, max_val=1)
HLE: W {PPU[0x1] Thread (main_thread)[0x016043c8]} sys_semaphore: sys_semaphore_create(sem=*0xd003f568, attr=*0xd003f548, initial_val=0, max_val=1)
HLE: W {PPU[0x1] Thread (main_thread)[0x016043c8]} sys_semaphore: sys_semaphore_create(sem=*0xd003f568, attr=*0xd003f548, initial_val=0, max_val=1)
HLE: W {PPU[0x1] Thread (main_thread)[0x016043c8]} sys_semaphore: sys_semaphore_create(sem=*0xd003f568, attr=*0xd003f548, initial_val=0, max_val=1)
HLE: W {PPU[0x1] Thread (main_thread)[0x016043c8]} sys_semaphore: sys_semaphore_create(sem=*0xd003f568, attr=*0xd003f548, initial_val=0, max_val=1)
HLE: W {PPU[0x1] Thread (main_thread)[0x016043c8]} sys_semaphore: sys_semaphore_create(sem=*0xd003f568, attr=*0xd003f548, initial_val=0, max_val=1)
HLE: W {PPU[0x1] Thread (main_thread)[0x016043c8]} sys_semaphore: sys_semaphore_create(sem=*0xd003f568, attr=*0xd003f548, initial_val=0, max_val=1)
HLE: W {PPU[0x1] Thread (main_thread)[0x016043c8]} sys_semaphore: sys_semaphore_create(sem=*0xd003f568, attr=*0xd003f548, initial_val=0, max_val=1)
HLE: W {PPU[0x1] Thread (main_thread)[0x016043c8]} sys_semaphore: sys_semaphore_create(sem=*0xd003f568, attr=*0xd003f548, initial_val=0, max_val=1)
HLE: W {PPU[0x1] Thread (main_thread)[0x016043c8]} sys_spu: sys_spu_thread_group_create(id=*0xd003f528, num=5, prio=127, attr=*0xd003f498)
HLE: E {PPU[0x1] Thread (main_thread)[0x016043c8]} sys_spu TODO: Unsupported SPU Thread Group type (0x18)
HLE: W {PPU[0x1] Thread (main_thread)[0x016043c8]} sys_spu: sys_spu_thread_initialize(thread=*0xd003f470, group=0x3f, spu_num=0, img=*0x1aa2570, attr=*0xd003f460, arg=*0xd003f478)
HLE: E {PPU[0x1] Thread (main_thread)[0x016043c8]} sys_spu: Unsupported SPU Thread options (0x2)
HLE: W {PPU[0x1] Thread (main_thread)[0x016043c8]} sys_spu: sys_spu_thread_initialize(thread=*0xd003f470, group=0x3f, spu_num=1, img=*0x1aa2570, attr=*0xd003f460, arg=*0xd003f478)
HLE: E {PPU[0x1] Thread (main_thread)[0x016043c8]} sys_spu: Unsupported SPU Thread options (0x2)
HLE: W {PPU[0x1] Thread (main_thread)[0x016043c8]} sys_spu: sys_spu_thread_initialize(thread=*0xd003f470, group=0x3f, spu_num=2, img=*0x1aa2570, attr=*0xd003f460, arg=*0xd003f478)
HLE: E {PPU[0x1] Thread (main_thread)[0x016043c8]} sys_spu: Unsupported SPU Thread options (0x2)
HLE: W {PPU[0x1] Thread (main_thread)[0x016043c8]} sys_spu: sys_spu_thread_initialize(thread=*0xd003f470, group=0x3f, spu_num=3, img=*0x1aa2570, attr=*0xd003f460, arg=*0xd003f478)
HLE: E {PPU[0x1] Thread (main_thread)[0x016043c8]} sys_spu: Unsupported SPU Thread options (0x2)
HLE: W {PPU[0x1] Thread (main_thread)[0x016043c8]} sys_spu: sys_spu_thread_initialize(thread=*0xd003f470, group=0x3f, spu_num=4, img=*0x1aa2570, attr=*0xd003f460, arg=*0xd003f478)
HLE: E {PPU[0x1] Thread (main_thread)[0x016043c8]} sys_spu: Unsupported SPU Thread options (0x2)
RSX: W {RSXThread} TODO: NV4097_SET_WINDOW_OFFSET: x=0, y=0
HLE: W {PPU[0x1] Thread (main_thread)[0x00f351b0]} sys_spu: sys_spu_thread_group_connect_event_all_threads(id=0x3f, eq=0x2b, req=0x2, spup=*0xd003f340)
HLE: W {PPU[0x1] Thread (main_thread)[0x016043c8]} sysPrxForUser: sys_lwmutex_create(lwmutex=*0x1aa25b0, attr=*0xd003f530)
HLE: W {PPU[0x1] Thread (main_thread)[0x016043c8]} sysPrxForUser: sys_lwcond_create(lwcond=*0x1aa25c8, lwmutex=*0x1aa25b0, attr=*0xd003f540)
HLE: W {PPU[0x1] Thread (main_thread)[0x016043c8]} sys_event: sys_event_queue_create(equeue_id=*0x1aa255c, attr=*0xd003f3c8, event_queue_key=0x0, size=42)
HLE: W {PPU[0x1] Thread (main_thread)[0x016043c8]} sys_spu: sys_spu_thread_group_connect_event_all_threads(id=0x3f, eq=0x47, req=0xffffffffffff0000, spup=*0xd003f3b8)
HLE: W {PPU[0x1] Thread (main_thread)[0x016043c8]} sys_event: sys_event_port_create(eport_id=*0x1aa2560, port_type=1, name=0x0)
HLE: W {PPU[0x1] Thread (main_thread)[0x016043c8]} sys_event: sys_event_port_connect_local(eport_id=0x48, equeue_id=0x47)
HLE: W {PPU[0x1] Thread (main_thread)[0x016043c8]} cellSpurs: cellSpursEnableExceptionEventHandler(spurs=*0x1aa1800, flag=1)
HLE: W {PPU[0x4a] Thread (Spurs1 5SPU SpursHdlr0)[0x00000000]} sys_spu: sys_spu_thread_group_start(id=0x3f)
HLE: W {PPU[0x1] Thread (main_thread)[0x016043c8]} sys_spu: sys_spu_thread_group_connect_event(id=0x3f, eq=0x47, et=2)
RSX: W {RSXThread} Creating RTT
RSX: W {RSXThread} NV4097_GET_REPORT: Unimplemented type 1
