LDR: E PSFLoader::Load() failed: unknown magic (0x0)
G: ! RPCS3 v0.0.0.5-2539-g316959f
G: ! 
G: ! Stopping emulator...
LDR: ! Loading 'D:/Emulateurs/Rpcs3/dev_hdd0/game/BLES01062-[Fist of the North Star Ken's Rage]/PS3_GAME/USRDIR/BOOT.BIN'...
G: W fs::file::open('D:/Emulateurs/Rpcs3/dev_hdd0/game/BLES01062-[Fist of the North Star Ken's Rage]/PS3_GAME/dev_bdvd.path', 0x1) failed: error 0x2
LDR: ! 
LDR: ! Mount info:
LDR: ! /dev_usb000/ -> D:/Emulateurs/Rpcs3/dev_usb000/
LDR: ! /dev_flash/ -> D:/Emulateurs/Rpcs3/dev_flash/
LDR: ! /host_root/ -> 
LDR: ! /dev_hdd0/ -> D:/Emulateurs/Rpcs3/dev_hdd0/
LDR: ! /dev_hdd1/ -> D:/Emulateurs/Rpcs3/dev_hdd1/
LDR: ! /dev_bdvd/ -> D:/Emulateurs/Rpcs3/dev_hdd0/game/BLES01062-[Fist of the North Star Ken's Rage]/
LDR: ! /dev_usb/ -> D:/Emulateurs/Rpcs3/dev_usb000/
LDR: ! 
LDR: ! Settings:
LDR: ! CPU: PPU Interpreter 2
LDR: ! SPU: SPU Recompiler (ASMJIT)
LDR: ! Renderer: DirectX 12
LDR: ! D3D Adapter: Default
LDR: ! Resolution: 1280x720
LDR: ! Write Depth Buffer: No
LDR: ! Write Color Buffers: No
LDR: ! Read Color Buffer: No
LDR: ! Audio Out: XAudio2
LDR: ! Log Everything: No
LDR: ! RSX Logging: No
LDR: ! 
LDR: ! Title: Fist of the North Star: Ken's Rage
LDR: ! Serial: BLES01062
LDR: ! Elf path: /dev_bdvd/PS3_GAME/USRDIR/BOOT.BIN
LDR: ! 
LDR: ! loader::init() failed: Broken file
LDR: ! *** sdk version: 0x330001
LDR: ! *** primary prio: 1001
LDR: ! *** primary stacksize: 0x20000
LDR: ! *** malloc pagesize: 0x100000
LDR: ! *** ppc seg: 0x0
LDR: ! Imported function 'cellPadGetInfo2' in 'sys_io' module (0x672790)
LDR: ! Imported function 'cellPadSetActDirect' in 'sys_io' module (0x6727b0)
LDR: ! Imported function 'cellPadClearBuf' in 'sys_io' module (0x673470)
LDR: ! Imported function 'cellPadInit' in 'sys_io' module (0x673490)
LDR: ! Imported function 'cellPadEnd' in 'sys_io' module (0x6734b0)
LDR: ! Imported function 'cellPadSetPortSetting' in 'sys_io' module (0x6734d0)
LDR: ! Imported function 'cellPadGetData' in 'sys_io' module (0x6734f0)
LDR: ! Imported function 'cellSysmoduleUnloadModule' in 'cellSysmodule' module (0x6727d0)
LDR: ! Imported function 'cellSysmoduleLoadModule' in 'cellSysmodule' module (0x6727f0)
LDR: ! Imported function 'cellSysmoduleIsLoaded' in 'cellSysmodule' module (0x674eb0)
LDR: ! Imported function 'cellGcmGetControlRegister' in 'cellGcmSys' module (0x672810)
LDR: ! Imported function 'cellGcmGetTiledPitchSize' in 'cellGcmSys' module (0x673690)
LDR: ! Imported function 'cellGcmAddressToOffset' in 'cellGcmSys' module (0x6736b0)
LDR: ! Imported function 'cellGcmSetSecondVFrequency' in 'cellGcmSys' module (0x6736d0)
LDR: ! Imported function 'cellGcmSetDebugOutputLevel' in 'cellGcmSys' module (0x6736f0)
LDR: ! Imported function 'cellGcmGetLastFlipTime' in 'cellGcmSys' module (0x673710)
LDR: ! Imported function 'cellGcmSetFlipHandler' in 'cellGcmSys' module (0x673730)
LDR: ! Imported function 'cellGcmSetDisplayBuffer' in 'cellGcmSys' module (0x673750)
LDR: ! Imported function 'cellGcmSetVBlankHandler' in 'cellGcmSys' module (0x673770)
LDR: ! Imported function 'cellGcmResetFlipStatus' in 'cellGcmSys' module (0x673790)
LDR: ! Imported function 'cellGcmSetInvalidateTile' in 'cellGcmSys' module (0x6737b0)
LDR: ! Imported function 'cellGcmSetTile' in 'cellGcmSys' module (0x6737d0)
LDR: ! Imported function 'cellGcmSetZcull' in 'cellGcmSys' module (0x6737f0)
LDR: ! Imported function 'cellGcmSetSecondVHandler' in 'cellGcmSys' module (0x673810)
LDR: ! Imported function 'cellGcmGetConfiguration' in 'cellGcmSys' module (0x673830)
LDR: ! Imported function 'cellGcmUnmapEaIoAddress' in 'cellGcmSys' module (0x673850)
LDR: ! Imported function 'cellGcmGetLabelAddress' in 'cellGcmSys' module (0x673870)
LDR: ! Imported function 'cellGcmSetVBlankFrequency' in 'cellGcmSys' module (0x673890)
LDR: ! Imported function '_cellGcmInitBody' in 'cellGcmSys' module (0x673bf0)
LDR: ! Imported function '_cellGcmSetFlipCommand' in 'cellGcmSys' module (0x673c10)
LDR: ! Imported function '_cellGcmFunc15' in 'cellGcmSys' module (0x673c30)
LDR: ! Imported function '_cellGcmSetFlipCommandWithWaitLabel' in 'cellGcmSys' module (0x673c50)
LDR: ! Imported function 'cellSysutilUnregisterCallback' in 'cellSysutil' module (0x672830)
LDR: ! Imported function 'cellSysutilCheckCallback' in 'cellSysutil' module (0x672850)
LDR: ! Imported function 'cellSaveDataListLoad2' in 'cellSysutil' module (0x672870)
LDR: ! Imported function 'cellSaveDataListAutoLoad' in 'cellSysutil' module (0x672890)
LDR: ! Imported function 'cellSaveDataListSave2' in 'cellSysutil' module (0x6728b0)
LDR: ! Imported function 'cellMsgDialogOpenErrorCode' in 'cellSysutil' module (0x6728d0)
LDR: ! Imported function 'cellSysutilGetSystemParamInt' in 'cellSysutil' module (0x6728f0)
LDR: ! Imported function 'cellSaveDataListAutoSave' in 'cellSysutil' module (0x672910)
LDR: ! Imported function 'cellSysutilRegisterCallback' in 'cellSysutil' module (0x672930)
LDR: ! Imported function 'cellSaveDataDelete2' in 'cellSysutil' module (0x672950)
LDR: ! Imported function 'cellVideoOutConfigure' in 'cellSysutil' module (0x673af0)
LDR: ! Imported function 'cellVideoOutGetDeviceInfo' in 'cellSysutil' module (0x673b10)
LDR: ! Imported function 'cellVideoOutGetNumberOfDevice' in 'cellSysutil' module (0x673b30)
LDR: ! Imported function 'cellVideoOutGetResolution' in 'cellSysutil' module (0x673b50)
LDR: ! Imported function 'cellAudioOutConfigure' in 'cellSysutil' module (0x673c70)
LDR: ! Imported function 'cellAudioOutGetSoundAvailability' in 'cellSysutil' module (0x673c90)
LDR: ! Imported function 'cellAudioOutSetCopyControl' in 'cellSysutil' module (0x673cb0)
LDR: ! Imported function 'cellAudioOutGetState' in 'cellSysutil' module (0x673cd0)
LDR: ! Imported function 'cellAudioOutGetDeviceInfo' in 'cellSysutil' module (0x674f30)
LDR: ! Imported function 'cellAudioOutGetNumberOfDevice' in 'cellSysutil' module (0x674f50)
LDR: ! Imported function 'cellAudioOutGetConfiguration' in 'cellSysutil' module (0x674f70)
LDR: ! Imported function 'cellFsReadWithOffset' in 'sys_fs' module (0x672970)
LDR: ! Imported function 'cellFsClose' in 'sys_fs' module (0x672990)
LDR: ! Imported function 'cellFsOpendir' in 'sys_fs' module (0x6729b0)
LDR: ! Imported function 'cellFsOpen' in 'sys_fs' module (0x6729d0)
LDR: ! Imported function 'cellFsStat' in 'sys_fs' module (0x6729f0)
LDR: ! Imported function 'cellFsGetDirectoryEntries' in 'sys_fs' module (0x672a10)
LDR: ! Imported function 'cellFsGetFreeSize' in 'sys_fs' module (0x672a30)
LDR: ! Imported function 'cellFsFstat' in 'sys_fs' module (0x672a50)
LDR: ! Imported function 'cellFsClosedir' in 'sys_fs' module (0x672a70)
LDR: ! Imported function 'cellFsRmdir' in 'sys_fs' module (0x673330)
LDR: ! Imported function 'cellFsSetIoBuffer' in 'sys_fs' module (0x673350)
LDR: ! Imported function 'cellFsRead' in 'sys_fs' module (0x673370)
LDR: ! Imported function 'cellFsUnlink' in 'sys_fs' module (0x673390)
LDR: ! Imported function 'cellFsFsync' in 'sys_fs' module (0x6733b0)
LDR: ! Imported function 'cellFsLseek' in 'sys_fs' module (0x6733d0)
LDR: ! Imported function 'cellFsMkdir' in 'sys_fs' module (0x6733f0)
LDR: ! Imported function 'cellFsUtime' in 'sys_fs' module (0x673410)
LDR: ! Imported function 'cellFsWrite' in 'sys_fs' module (0x673430)
LDR: ! Imported function 'cellFsRename' in 'sys_fs' module (0x673450)
LDR: ! Imported function 'cellSpursTaskExitCodeGet' in 'cellSpurs' module (0x672a90)
LDR: ! Imported function '_cellSpursTasksetAttributeInitialize' in 'cellSpurs' module (0x672ab0)
LDR: ! Imported function 'cellSpursCreateTaskWithAttribute' in 'cellSpurs' module (0x672ad0)
LDR: ! Imported function '_cellSpursLFQueuePushBody' in 'cellSpurs' module (0x672af0)
LDR: ! Imported function 'cellSpursTasksetAttributeSetTasksetSize' in 'cellSpurs' module (0x672b10)
LDR: ! Imported function 'cellSpursJoinTaskset' in 'cellSpurs' module (0x672b30)
LDR: ! Imported function 'cellSpursTaskAttributeSetExitCodeContainer' in 'cellSpurs' module (0x672b50)
LDR: ! Imported function 'cellSpursShutdownTaskset' in 'cellSpurs' module (0x672b70)
LDR: ! Imported function '_cellSpursTaskAttributeInitialize' in 'cellSpurs' module (0x672b90)
LDR: ! Imported function 'cellSpursCreateTasksetWithAttribute' in 'cellSpurs' module (0x672bb0)
LDR: ! Imported function '_cellSpursLFQueueInitialize' in 'cellSpurs' module (0x6738b0)
LDR: ! Imported function 'cellSpursLFQueueAttachLv2EventQueue' in 'cellSpurs' module (0x6738d0)
LDR: ! Imported function 'cellSpursEventFlagDetachLv2EventQueue' in 'cellSpurs' module (0x6738f0)
LDR: ! Imported function 'cellSpursCreateJobChainWithAttribute' in 'cellSpurs' module (0x673910)
LDR: ! Imported function '_cellSpursJobChainAttributeInitialize' in 'cellSpurs' module (0x673930)
LDR: ! Imported function '_cellSpursLFQueuePopBody' in 'cellSpurs' module (0x673950)
LDR: ! Imported function 'cellSpursEventFlagWait' in 'cellSpurs' module (0x673970)
LDR: ! Imported function 'cellSpursEventFlagClear' in 'cellSpurs' module (0x673990)
LDR: ! Imported function 'cellSpursCreateTaskset' in 'cellSpurs' module (0x6739b0)
LDR: ! Imported function '_cellSpursEventFlagInitialize' in 'cellSpurs' module (0x6739d0)
LDR: ! Imported function 'cellSpursLFQueueDetachLv2EventQueue' in 'cellSpurs' module (0x6739f0)
LDR: ! Imported function 'cellSpursEventFlagAttachLv2EventQueue' in 'cellSpurs' module (0x673a10)
LDR: ! Imported function 'cellSpursJobChainAttributeSetName' in 'cellSpurs' module (0x673a30)
LDR: ! Imported function 'cellSpursJoinJobChain' in 'cellSpurs' module (0x673a50)
LDR: ! Imported function 'cellSpursInitialize' in 'cellSpurs' module (0x673a70)
LDR: ! Imported function 'cellSpursCreateTask' in 'cellSpurs' module (0x673a90)
LDR: ! Imported function 'cellSpursFinalize' in 'cellSpurs' module (0x673ab0)
LDR: ! Imported function 'cellSpursRunJobChain' in 'cellSpurs' module (0x673ad0)
LDR: ! Imported function 'cellSpursGetNumSpuThread' in 'cellSpurs' module (0x673d30)
LDR: ! Imported function 'cellSpursDetachLv2EventQueue' in 'cellSpurs' module (0x674ed0)
LDR: ! Imported function 'cellSpursAttachLv2EventQueue' in 'cellSpurs' module (0x674ef0)
LDR: ! Imported function '_cellSpursSendSignal' in 'cellSpurs' module (0x674f10)
LDR: ! Imported function 'sys_net_initialize_network_ex' in 'sys_net' module (0x672bd0)
LDR: ! Imported function 'sys_lwmutex_lock' in 'sysPrxForUser' module (0x672bf0)
LDR: ! Imported function 'sys_lwmutex_unlock' in 'sysPrxForUser' module (0x672c10)
LDR: ! Imported function 'sys_lwcond_destroy' in 'sysPrxForUser' module (0x672c30)
LDR: ! Imported function 'sys_ppu_thread_create' in 'sysPrxForUser' module (0x672c50)
LDR: ! Imported function 'sys_lwcond_wait' in 'sysPrxForUser' module (0x672c70)
LDR: ! Imported function '_sys_process_atexitspawn' in 'sysPrxForUser' module (0x672c90)
LDR: ! Imported function 'sys_lwmutex_create' in 'sysPrxForUser' module (0x672cb0)
LDR: ! Imported function 'sys_ppu_thread_get_id' in 'sysPrxForUser' module (0x672cd0)
LDR: ! Imported function 'sys_prx_register_library' in 'sysPrxForUser' module (0x672cf0)
LDR: ! Imported function 'sys_initialize_tls' in 'sysPrxForUser' module (0x672d10)
LDR: ! Imported function 'sys_time_get_system_time' in 'sysPrxForUser' module (0x672d30)
LDR: ! Imported function '_sys_process_at_Exitspawn' in 'sysPrxForUser' module (0x672d50)
LDR: ! Imported function 'sys_prx_exitspawn_with_level' in 'sysPrxForUser' module (0x672d70)
LDR: ! Imported function 'sys_ppu_thread_exit' in 'sysPrxForUser' module (0x672d90)
LDR: ! Imported function 'sys_lwmutex_destroy' in 'sysPrxForUser' module (0x672db0)
LDR: ! Imported function 'sys_lwcond_create' in 'sysPrxForUser' module (0x672dd0)
LDR: ! Imported function 'sys_process_exit' in 'sysPrxForUser' module (0x672df0)
LDR: ! Imported function 'sys_lwcond_signal_all' in 'sysPrxForUser' module (0x672e10)
LDR: ! Imported function 'sys_lwcond_signal' in 'sysPrxForUser' module (0x673d50)
LDR: ! Imported function '_sys_heap_malloc' in 'sysPrxForUser' module (0x674f90)
LDR: ! Imported function '_sys_heap_memalign' in 'sysPrxForUser' module (0x674fb0)
LDR: ! Imported function '_sys_heap_free' in 'sysPrxForUser' module (0x674fd0)
LDR: ! Imported function 'sys_lwmutex_trylock' in 'sysPrxForUser' module (0x674ff0)
LDR: ! Imported function '_sys_heap_delete_heap' in 'sysPrxForUser' module (0x675010)
LDR: ! Imported function '_sys_heap_create_heap' in 'sysPrxForUser' module (0x675030)
LDR: ! Imported function 'sys_spu_image_close' in 'sysPrxForUser' module (0x675050)
LDR: ! Imported function 'cellNetCtlInit' in 'cellNetCtl' module (0x672e30)
LDR: ! Imported function 'cellNetCtlNetStartDialogLoadAsync' in 'cellNetCtl' module (0x673d90)
LDR: ! Imported function 'cellNetCtlNetStartDialogUnloadAsync' in 'cellNetCtl' module (0x673db0)
LDR: ! Imported function 'sceNpTerm' in 'sceNp' module (0x672e50)
LDR: ! Imported function 'sceNpManagerGetContentRatingFlag' in 'sceNp' module (0x672e70)
LDR: ! Imported function 'sceNpManagerGetStatus' in 'sceNp' module (0x672e90)
LDR: ! Imported function 'sceNpDrmIsAvailable' in 'sceNp' module (0x672eb0)
LDR: ! Imported function 'sceNpInit' in 'sceNp' module (0x672ed0)
LDR: ! Imported function 'sceNpManagerGetOnlineId' in 'sceNp' module (0x672ef0)
LDR: ! Imported function 'sceNpManagerGetNpId' in 'sceNp' module (0x672f10)
LDR: ! Imported function 'sceNpBasicSendMessageGui' in 'sceNp' module (0x6741b0)
LDR: ! Imported function 'sceNpScoreGetRankingByRangeAsync' in 'sceNp' module (0x6741d0)
LDR: ! Imported function 'sceNpScoreDestroyTitleCtx' in 'sceNp' module (0x6741f0)
LDR: ! Imported function 'sceNpScoreInit' in 'sceNp' module (0x674210)
LDR: ! Imported function 'sceNpScoreGetRankingByNpIdAsync' in 'sceNp' module (0x674230)
LDR: ! Imported function 'sceNpBasicRegisterContextSensitiveHandler' in 'sceNp' module (0x674250)
LDR: ! Imported function 'sceNpManagerUnregisterCallback' in 'sceNp' module (0x674270)
LDR: ! Imported function 'sceNpBasicRecvMessageAttachmentLoad' in 'sceNp' module (0x674290)
LDR: ! Imported function 'sceNpScoreCreateTransactionCtx' in 'sceNp' module (0x6742b0)
LDR: ! Imported function 'sceNpBasicRecvMessageCustom' in 'sceNp' module (0x6742d0)
LDR: ! Imported function 'sceNpScoreTerm' in 'sceNp' module (0x6742f0)
LDR: ! Imported function 'sceNpScorePollAsync' in 'sceNp' module (0x674310)
LDR: ! Imported function 'sceNpBasicGetCustomInvitationEntryCount' in 'sceNp' module (0x674330)
LDR: ! Imported function 'sceNpBasicUnregisterHandler' in 'sceNp' module (0x674350)
LDR: ! Imported function 'sceNpScoreCreateTitleCtx' in 'sceNp' module (0x674370)
LDR: ! Imported function 'sceNpBasicAddPlayersHistoryAsync' in 'sceNp' module (0x674390)
LDR: ! Imported function 'sceNpScoreDestroyTransactionCtx' in 'sceNp' module (0x6743b0)
LDR: ! Imported function 'sceNpBasicGetEvent' in 'sceNp' module (0x6743d0)
LDR: ! Imported function 'sceNpManagerRegisterCallback' in 'sceNp' module (0x6743f0)
LDR: ! Imported function 'sceNpScoreRecordScoreAsync' in 'sceNp' module (0x674410)
LDR: ! Imported function 'cellGameCreateGameData' in 'cellGame' module (0x672f30)
LDR: ! Imported function 'cellGameContentPermit' in 'cellGame' module (0x672f50)
LDR: ! Imported function 'cellGameContentErrorDialog' in 'cellGame' module (0x672f70)
LDR: ! Imported function 'cellGameDataCheck' in 'cellGame' module (0x672f90)
LDR: ! Imported function 'cellGameGetSizeKB' in 'cellGame' module (0x672fb0)
LDR: ! Imported function 'l10n_convert_str' in 'cellL10n' module (0x672fd0)
LDR: ! Imported function 'l10n_get_converter' in 'cellL10n' module (0x672ff0)
LDR: ! Imported function 'cellSpursJobQueueAttributeSetDoBusyWaiting' in 'cellSpursJq' module (0x673010)
LDR: ! Imported function 'cellSpursJobQueueAttributeSetSubmitWithEntryLock' in 'cellSpursJq' module (0x673030)
LDR: ! Imported function 'cellSpursJobQueueAttributeSetMaxSizeJobDescriptor' in 'cellSpursJq' module (0x673050)
LDR: ! Imported function 'cellSpursJobQueuePortFinalize' in 'cellSpursJq' module (0x673070)
LDR: ! Imported function 'cellSpursJobQueueAttributeInitialize' in 'cellSpursJq' module (0x673090)
LDR: ! Imported function '_cellSpursJobQueuePortCopyPushBody' in 'cellSpursJq' module (0x6730b0)
LDR: ! Imported function 'cellSpursJobQueuePortSync' in 'cellSpursJq' module (0x6730d0)
LDR: ! Imported function 'cellSpursJobQueueAttributeSetIsJobTypeMemoryCheck' in 'cellSpursJq' module (0x6730f0)
LDR: ! Imported function 'cellSpursJobQueuePortTrySync' in 'cellSpursJq' module (0x673110)
LDR: ! Imported function 'cellSpursShutdownJobQueue' in 'cellSpursJq' module (0x673130)
LDR: ! Imported function 'cellSpursJoinJobQueue' in 'cellSpursJq' module (0x673150)
LDR: ! Imported function 'cellSpursJobQueueAttributeSetGrabParameters' in 'cellSpursJq' module (0x673170)
LDR: ! Imported function '_cellSpursCreateJobQueue' in 'cellSpursJq' module (0x673190)
LDR: ! Imported function 'cellSpursJobQueuePortInitializeWithDescriptorBuffer' in 'cellSpursJq' module (0x6731b0)
LDR: ! Imported function 'cellSpursJobQueueAttributeSetIsHaltOnError' in 'cellSpursJq' module (0x6731d0)
LDR: ! Imported function 'cellSpursJobQueuePortInitialize' in 'cellSpursJq' module (0x674d30)
LDR: ! Imported function '_cellSpursJobQueuePortPushBody' in 'cellSpursJq' module (0x674d50)
LDR: ! Imported function 'sceNpTrophyRegisterContext' in 'sceNpTrophy' module (0x6731f0)
LDR: ! Imported function 'sceNpTrophyCreateHandle' in 'sceNpTrophy' module (0x673210)
LDR: ! Imported function 'sceNpTrophyGetRequiredDiskSpace' in 'sceNpTrophy' module (0x673230)
LDR: ! Imported function 'sceNpTrophyDestroyContext' in 'sceNpTrophy' module (0x673250)
LDR: ! Imported function 'sceNpTrophyInit' in 'sceNpTrophy' module (0x673270)
LDR: ! Imported function 'sceNpTrophyDestroyHandle' in 'sceNpTrophy' module (0x673290)
LDR: ! Imported function 'sceNpTrophyUnlockTrophy' in 'sceNpTrophy' module (0x6732b0)
LDR: ! Imported function 'sceNpTrophyTerm' in 'sceNpTrophy' module (0x6732d0)
LDR: ! Imported function 'sceNpTrophyGetTrophyUnlockState' in 'sceNpTrophy' module (0x6732f0)
LDR: ! Imported function 'sceNpTrophyCreateContext' in 'sceNpTrophy' module (0x673310)
LDR: ! Imported function 'cellRescSetWaitFlip' in 'cellResc' module (0x673510)
LDR: ! Imported function 'cellRescAdjustAspectRatio' in 'cellResc' module (0x673530)
LDR: ! Imported function 'cellRescSetDisplayMode' in 'cellResc' module (0x673550)
LDR: ! Imported function 'cellRescSetConvertAndFlip' in 'cellResc' module (0x673570)
LDR: ! Imported function 'cellRescExit' in 'cellResc' module (0x673590)
LDR: ! Imported function 'cellRescSetFlipHandler' in 'cellResc' module (0x6735b0)
LDR: ! Imported function 'cellRescInit' in 'cellResc' module (0x6735d0)
LDR: ! Imported function 'cellRescGetBufferSize' in 'cellResc' module (0x6735f0)
LDR: ! Imported function 'cellRescSetSrc' in 'cellResc' module (0x673610)
LDR: ! Imported function 'cellRescSetBufferAddress' in 'cellResc' module (0x673630)
LDR: ! Imported function 'cellRescSetVBlankHandler' in 'cellResc' module (0x673650)
LDR: ! Imported function 'cellRescCreateInterlaceTable' in 'cellResc' module (0x673670)
LDR: ! Imported function 'cellSyncLFQueueSize' in 'cellSync' module (0x673b70)
LDR: ! Imported function 'cellSyncMutexLock' in 'cellSync' module (0x673b90)
LDR: ! Imported function 'cellSyncMutexUnlock' in 'cellSync' module (0x673bb0)
LDR: ! Imported function 'cellSyncMutexInitialize' in 'cellSync' module (0x673bd0)
LDR: ! Imported function 'cellOvisGetOverlayTableSize' in 'cellOvis' module (0x673cf0)
LDR: ! Imported function 'cellOvisInitializeOverlayTable' in 'cellOvis' module (0x673d10)
LDR: ! Imported function 'cellVideoOutSetGamma' in 'cellSysutilAvconfExt' module (0x673d70)
LDR: ! Imported function 'cellAtracGetBitrate' in 'cellAtrac' module (0x673dd0)
LDR: ! Imported function 'cellAtracSetSecondBuffer' in 'cellAtrac' module (0x673df0)
LDR: ! Imported function 'cellAtracGetChannel' in 'cellAtrac' module (0x673e10)
LDR: ! Imported function 'cellAtracCreateDecoderExt' in 'cellAtrac' module (0x673e30)
LDR: ! Imported function 'cellAtracGetStreamDataInfo' in 'cellAtrac' module (0x673e50)
LDR: ! Imported function 'cellAtracAddStreamData' in 'cellAtrac' module (0x673e70)
LDR: ! Imported function 'cellAtracGetMaxSample' in 'cellAtrac' module (0x673e90)
LDR: ! Imported function 'cellAtracSetDataAndGetMemSize' in 'cellAtrac' module (0x673eb0)
LDR: ! Imported function 'cellAtracDeleteDecoder' in 'cellAtrac' module (0x673ed0)
LDR: ! Imported function 'cellAtracResetPlayPosition' in 'cellAtrac' module (0x673ef0)
LDR: ! Imported function 'cellAtracSetLoopNum' in 'cellAtrac' module (0x673f10)
LDR: ! Imported function 'cellAtracDecode' in 'cellAtrac' module (0x673f30)
LDR: ! Imported function 'cellAtracIsSecondBufferNeeded' in 'cellAtrac' module (0x673f50)
LDR: ! Imported function 'cellAtracGetBufferInfoForResetting' in 'cellAtrac' module (0x673f70)
LDR: ! Imported function 'cellAtracGetLoopInfo' in 'cellAtrac' module (0x673f90)
LDR: ! Imported function 'cellAtracGetSecondBufferInfo' in 'cellAtrac' module (0x673fb0)
LDR: ! Imported function 'cellAtracGetVacantSize' in 'cellAtrac' module (0x673fd0)
LDR: ! Imported function 'cellAtracGetSoundInfo' in 'cellAtrac' module (0x673ff0)
LDR: ! Imported function 'cellAtracGetRemainFrame' in 'cellAtrac' module (0x674010)
LDR: ! Imported function 'cellAtracCreateDecoder' in 'cellAtrac' module (0x674030)
LDR: ! Imported function 'cellAudioInit' in 'cellAudio' module (0x674050)
LDR: ! Imported function 'cellAudioSetNotifyEventQueue' in 'cellAudio' module (0x674070)
LDR: ! Imported function 'cellAudioGetPortTimestamp' in 'cellAudio' module (0x674090)
LDR: ! Imported function 'cellAudioPortClose' in 'cellAudio' module (0x6740b0)
LDR: ! Imported function 'cellAudioPortStop' in 'cellAudio' module (0x6740d0)
LDR: ! Imported function 'cellAudioGetPortConfig' in 'cellAudio' module (0x6740f0)
LDR: ! Imported function 'cellAudioPortStart' in 'cellAudio' module (0x674110)
LDR: ! Imported function 'cellAudioQuit' in 'cellAudio' module (0x674130)
LDR: ! Imported function 'cellAudioPortOpen' in 'cellAudio' module (0x674150)
LDR: ! Imported function 'cellAudioGetPortBlockTag' in 'cellAudio' module (0x674170)
LDR: ! Imported function 'cellAudioRemoveNotifyEventQueue' in 'cellAudio' module (0x674190)
LDR: ! Imported function 'sceNpMatching2DestroyContext' in 'sceNp2' module (0x674430)
LDR: ! Imported function 'sceNpMatching2GetWorldInfoList' in 'sceNp2' module (0x674450)
LDR: ! Imported function 'sceNpMatching2SearchRoom' in 'sceNp2' module (0x674470)
LDR: ! Imported function 'sceNpMatching2LeaveRoom' in 'sceNp2' module (0x674490)
LDR: ! Imported function 'sceNpMatching2Term2' in 'sceNp2' module (0x6744b0)
LDR: ! Imported function 'sceNpMatching2SignalingGetConnectionInfo' in 'sceNp2' module (0x6744d0)
LDR: ! Imported function 'sceNpMatching2SendRoomMessage' in 'sceNp2' module (0x6744f0)
LDR: ! Imported function 'sceNpMatching2GetServerInfo' in 'sceNp2' module (0x674510)
LDR: ! Imported function 'sceNpMatching2GetEventData' in 'sceNp2' module (0x674530)
LDR: ! Imported function 'sceNp2Init' in 'sceNp2' module (0x674550)
LDR: ! Imported function 'sceNpMatching2JoinRoom' in 'sceNp2' module (0x674570)
LDR: ! Imported function 'sceNpMatching2KickoutRoomMember' in 'sceNp2' module (0x674590)
LDR: ! Imported function 'sceNpMatching2ContextStartAsync' in 'sceNp2' module (0x6745b0)
LDR: ! Imported function 'sceNpMatching2RegisterContextCallback' in 'sceNp2' module (0x6745d0)
LDR: ! Imported function 'sceNpMatching2SetRoomDataInternal' in 'sceNp2' module (0x6745f0)
LDR: ! Imported function 'sceNpMatching2GetServerIdListLocal' in 'sceNp2' module (0x674610)
LDR: ! Imported function 'sceNpMatching2CreateContext' in 'sceNp2' module (0x674630)
LDR: ! Imported function 'sceNpMatching2RegisterSignalingCallback' in 'sceNp2' module (0x674650)
LDR: ! Imported function 'sceNp2Term' in 'sceNp2' module (0x674670)
LDR: ! Imported function 'sceNpMatching2SetDefaultRequestOptParam' in 'sceNp2' module (0x674690)
LDR: ! Imported function 'sceNpMatching2RegisterRoomEventCallback' in 'sceNp2' module (0x6746b0)
LDR: ! Imported function 'sceNpMatching2GetRoomDataExternalList' in 'sceNp2' module (0x6746d0)
LDR: ! Imported function 'sceNpMatching2CreateJoinRoom' in 'sceNp2' module (0x6746f0)
LDR: ! Imported function 'sceNpMatching2ContextStop' in 'sceNp2' module (0x674710)
LDR: ! Imported function 'sceNpMatching2Init2' in 'sceNp2' module (0x674730)
LDR: ! Imported function 'sceNpMatching2RegisterRoomMessageCallback' in 'sceNp2' module (0x674750)
LDR: ! Imported function 'cellPamfReaderSetStreamWithTypeAndIndex' in 'cellPamf' module (0x674770)
LDR: ! Imported function 'cellSailGraphicsAdapterGetFrame' in 'cellSail' module (0x674790)
LDR: ! Imported function 'cellSailDescriptorCreateDatabase' in 'cellSail' module (0x6747b0)
LDR: ! Imported function 'cellSailDescriptorSetEs' in 'cellSail' module (0x6747d0)
LDR: ! Imported function 'cellSailPlayerSetSoundAdapter' in 'cellSail' module (0x6747f0)
LDR: ! Imported function 'cellSailDescriptorClose' in 'cellSail' module (0x674810)
LDR: ! Imported function 'cellSailGraphicsAdapterPtsToTimePosition' in 'cellSail' module (0x674830)
LDR: ! Imported function 'cellSailPlayerFinalize' in 'cellSail' module (0x674850)
LDR: ! Imported function 'cellSailPlayerSetGraphicsAdapter' in 'cellSail' module (0x674870)
LDR: ! Imported function 'cellSailGraphicsAdapterInitialize' in 'cellSail' module (0x674890)
LDR: ! Imported function 'cellSailPlayerInitialize2' in 'cellSail' module (0x6748b0)
LDR: ! Imported function 'cellSailDescriptorDestroyDatabase' in 'cellSail' module (0x6748d0)
LDR: ! Imported function 'cellSailGraphicsAdapterSetPreferredFormat' in 'cellSail' module (0x6748f0)
LDR: ! Imported function 'cellSailMemAllocatorInitialize' in 'cellSail' module (0x674910)
LDR: ! Imported function 'cellSailPlayerOpenStream' in 'cellSail' module (0x674930)
LDR: ! Imported function 'cellSailSoundAdapterInitialize' in 'cellSail' module (0x674950)
LDR: ! Imported function 'cellSailGraphicsAdapterUpdateAvSync' in 'cellSail' module (0x674970)
LDR: ! Imported function 'cellSailSoundAdapterPtsToTimePosition' in 'cellSail' module (0x674990)
LDR: ! Imported function 'cellSailGraphicsAdapterFinalize' in 'cellSail' module (0x6749b0)
LDR: ! Imported function 'cellSailDescriptorSetAutoSelection' in 'cellSail' module (0x6749d0)
LDR: ! Imported function 'cellSailPlayerAddDescriptor' in 'cellSail' module (0x6749f0)
LDR: ! Imported function 'cellSailSoundAdapterGetFrame' in 'cellSail' module (0x674a10)
LDR: ! Imported function 'cellSailPlayerCloseStream' in 'cellSail' module (0x674a30)
LDR: ! Imported function 'cellSailPlayerBoot' in 'cellSail' module (0x674a50)
LDR: ! Imported function 'cellSailDescriptorOpen' in 'cellSail' module (0x674a70)
LDR: ! Imported function 'cellSailSoundAdapterFinalize' in 'cellSail' module (0x674a90)
LDR: ! Imported function 'cellSailPlayerSetPaused' in 'cellSail' module (0x674ab0)
LDR: ! Imported function 'cellSailPlayerCreateDescriptor' in 'cellSail' module (0x674ad0)
LDR: ! Imported function 'cellSailAviMovieGetStreamByTypeAndIndex' in 'cellSail' module (0x674af0)
LDR: ! Imported function 'cellSailPlayerStart' in 'cellSail' module (0x674b10)
LDR: ! Imported function 'cellSailPlayerStop' in 'cellSail' module (0x674b30)
LDR: ! Imported function 'cellSailSoundAdapterUpdateAvSync' in 'cellSail' module (0x674b50)
LDR: ! Imported function 'cellSailSoundAdapterGetFormat' in 'cellSail' module (0x674b70)
LDR: ! Imported function 'cellSailPlayerDestroyDescriptor' in 'cellSail' module (0x674b90)
LDR: ! Imported function 'cellSailGraphicsAdapterGetFormat' in 'cellSail' module (0x674bb0)
LDR: ! Imported function 'cellFiberPpuRunFibers' in 'cellFiber' module (0x674bd0)
LDR: ! Imported function 'cellFiberPpuWaitSignal' in 'cellFiber' module (0x674bf0)
LDR: ! Imported function 'cellFiberPpuCreateFiber' in 'cellFiber' module (0x674c10)
LDR: ! Imported function 'cellFiberPpuSendSignal' in 'cellFiber' module (0x674c30)
LDR: ! Imported function 'cellFiberPpuFinalizeScheduler' in 'cellFiber' module (0x674c50)
LDR: ! Imported function '_cellFiberPpuSchedulerAttributeInitialize' in 'cellFiber' module (0x674c70)
LDR: ! Imported function 'cellFiberPpuJoinFiber' in 'cellFiber' module (0x674c90)
LDR: ! Imported function '_cellFiberPpuAttributeInitialize' in 'cellFiber' module (0x674cb0)
LDR: ! Imported function 'cellFiberPpuInitializeScheduler' in 'cellFiber' module (0x674cd0)
LDR: ! Imported function 'cellFiberPpuExit' in 'cellFiber' module (0x674cf0)
LDR: ! Imported function '_cellFiberPpuInitialize' in 'cellFiber' module (0x674d10)
LDR: ! Imported function 'sceNpTusSetMultiSlotVariableAsync' in 'sceNpTus' module (0x674d70)
LDR: ! Imported function 'sceNpTusCreateTransactionCtx' in 'sceNpTus' module (0x674d90)
LDR: ! Imported function 'sceNpTusPollAsync' in 'sceNpTus' module (0x674db0)
LDR: ! Imported function 'sceNpTusTerm' in 'sceNpTus' module (0x674dd0)
LDR: ! Imported function 'sceNpTusDestroyTitleCtx' in 'sceNpTus' module (0x674df0)
LDR: ! Imported function 'sceNpTusDestroyTransactionCtx' in 'sceNpTus' module (0x674e10)
LDR: ! Imported function 'sceNpTusCreateTitleCtx' in 'sceNpTus' module (0x674e30)
LDR: ! Imported function 'sceNpTusInit' in 'sceNpTus' module (0x674e50)
LDR: ! Imported function 'sceNpTusDeleteMultiSlotVariable' in 'sceNpTus' module (0x674e70)
LDR: ! Imported function 'sceNpTusGetMultiSlotVariableAsync' in 'sceNpTus' module (0x674e90)
MEM: ! Thread Local Storage initialized (g_tls_start=0x942000, user_size=0x174)
*** TLS segment addr: 0x00874fc0
*** TLS segment size: 0x00000004
HLE: W {PPU[0x1] Thread (main_thread)[0x00672cb0]} sysPrxForUser: sys_lwmutex_create(lwmutex=*0x8f5e90, attr=*0x67fc20)
HLE: W {PPU[0x1] Thread (main_thread)[0x004019e4]} sys_memory: sys_memory_get_user_memory_size(mem_info=*0xd001fc04)
HLE: W {PPU[0x1] Thread (main_thread)[0x00672cb0]} sysPrxForUser: sys_lwmutex_create(lwmutex=*0x8f5c98, attr=*0x67fc20)
HLE: W {PPU[0x1] Thread (main_thread)[0x00672cb0]} sysPrxForUser: sys_lwmutex_create(lwmutex=*0x8f5420, attr=*0x67fc20)
HLE: W {PPU[0x1] Thread (main_thread)[0x00672cb0]} sysPrxForUser: sys_lwmutex_create(lwmutex=*0x8f5448, attr=*0x67fc20)
HLE: W {PPU[0x1] Thread (main_thread)[0x00672cb0]} sysPrxForUser: sys_lwmutex_create(lwmutex=*0x8f5470, attr=*0x67fc20)
HLE: W {PPU[0x1] Thread (main_thread)[0x00672cb0]} sysPrxForUser: sys_lwmutex_create(lwmutex=*0x8f5358, attr=*0x67fc20)
HLE: W {PPU[0x1] Thread (main_thread)[0x00672cb0]} sysPrxForUser: sys_lwmutex_create(lwmutex=*0x8f5380, attr=*0x67fc20)
HLE: W {PPU[0x1] Thread (main_thread)[0x00672cb0]} sysPrxForUser: sys_lwmutex_create(lwmutex=*0x8f53a8, attr=*0x67fc20)
HLE: W {PPU[0x1] Thread (main_thread)[0x00672cb0]} sysPrxForUser: sys_lwmutex_create(lwmutex=*0x8f53d0, attr=*0x67fc20)
HLE: W {PPU[0x1] Thread (main_thread)[0x00672cb0]} sysPrxForUser: sys_lwmutex_create(lwmutex=*0x8f53f8, attr=*0x67fc20)
HLE: W {PPU[0x1] Thread (main_thread)[0x006727f0]} cellSysmodule: cellSysmoduleLoadModule(id=0x0010: CELL_SYSMODULE_GCM_SYS)
HLE: W {PPU[0x1] Thread (main_thread)[0x006727f0]} cellSysmodule: cellSysmoduleLoadModule(id=0x0017: CELL_SYSMODULE_IO)
HLE: W {PPU[0x1] Thread (main_thread)[0x006727f0]} cellSysmodule: cellSysmoduleLoadModule(id=0x000e: CELL_SYSMODULE_FS)
HLE: W {PPU[0x1] Thread (main_thread)[0x006727f0]} cellSysmodule: cellSysmoduleLoadModule(id=0x001f: CELL_SYSMODULE_RESC)
HLE: W {PPU[0x1] Thread (main_thread)[0x006727f0]} cellSysmodule: cellSysmoduleLoadModule(id=0x0013: CELL_SYSMODULE_ATRAC3PLUS)
HLE: W {PPU[0x1] Thread (main_thread)[0x006727f0]} cellSysmodule: cellSysmoduleLoadModule(id=0x001e: CELL_SYSMODULE_L10N)
HLE: W {PPU[0x1] Thread (main_thread)[0x006727f0]} cellSysmodule: cellSysmoduleLoadModule(id=0x0011: CELL_SYSMODULE_AUDIO)
HLE: W {PPU[0x1] Thread (main_thread)[0x006727f0]} cellSysmodule: cellSysmoduleLoadModule(id=0x0006: CELL_SYSMODULE_ADEC)
HLE: W {PPU[0x1] Thread (main_thread)[0x006727f0]} cellSysmodule: cellSysmoduleLoadModule(id=0x001d: CELL_SYSMODULE_SAIL)
HLE: W {PPU[0x1] Thread (main_thread)[0x006727f0]} cellSysmodule: cellSysmoduleLoadModule(id=0x0009: CELL_SYSMODULE_RTC)
HLE: W {PPU[0x1] Thread (main_thread)[0x006727f0]} cellSysmodule: cellSysmoduleLoadModule(id=0x0031: CELL_SYSMODULE_AVCONF_EXT)
HLE: W {PPU[0x1] Thread (main_thread)[0x006727f0]} cellSysmodule: cellSysmoduleLoadModule(id=0x003e: CELL_SYSMODULE_SYSUTIL_GAME)
HLE: W {PPU[0x1] Thread (main_thread)[0x006727f0]} cellSysmodule: cellSysmoduleLoadModule(id=0xf035: CELL_SYSMODULE_SYSUTIL_NP_TROPHY)
HLE: W {PPU[0x1] Thread (main_thread)[0x006727f0]} cellSysmodule: cellSysmoduleLoadModule(id=0x0050: CELL_SYSMODULE_SPURS_JQ)
HLE: W {PPU[0x1] Thread (main_thread)[0x006727f0]} cellSysmodule: cellSysmoduleLoadModule(id=0x0000: CELL_SYSMODULE_NET)
HLE: W {PPU[0x1] Thread (main_thread)[0x0038ad80]} sys_spu: sys_spu_initialize(max_usable_spu=6, max_raw_spu=0)
HLE: W {PPU[0x1] Thread (main_thread)[0x0038aa78]} sys_memory: sys_memory_get_user_memory_size(mem_info=*0xd001fb40)
HLE: W {PPU[0x1] Thread (main_thread)[0x0040034c]} sys_memory: sys_memory_allocate(size=0x3800000, flags=0x400, alloc_addr=*0xd001f930)
HLE: W {PPU[0x1] Thread (main_thread)[0x0040034c]} sys_memory: sys_memory_allocate(size=0xa00000, flags=0x400, alloc_addr=*0xd001f9e0)
HLE: W {PPU[0x1] Thread (main_thread)[0x0040034c]} sys_memory: sys_memory_allocate(size=0x7500000, flags=0x400, alloc_addr=*0xd001f9e0)
HLE: W {PPU[0x1] Thread (main_thread)[0x00672cb0]} sysPrxForUser: sys_lwmutex_create(lwmutex=*0x23ffffb0, attr=*0xd001fa10)
HLE: W {PPU[0x1] Thread (main_thread)[0x00672cb0]} sysPrxForUser: sys_lwmutex_create(lwmutex=*0x23ffffc8, attr=*0xd001fa10)
HLE: W {PPU[0x1] Thread (main_thread)[0x00673a70]} cellSpurs: cellSpursInitialize(spurs=*0x23700080, nSpus=5, spuPriority=80, ppuPriority=991, exitIfNoWork=2882304)
HLE: W {PPU[0x1] Thread (main_thread)[0x00673a70]} sys_process: sys_process_is_spu_lock_line_reservation_address(addr=0x23700080, flags=0x2)
HLE: W {PPU[0x1] Thread (main_thread)[0x00673a70]} sys_semaphore: sys_semaphore_create(sem_id=*0xd001f978, attr=*0xd001f958, initial_val=0, max_val=1)
HLE: W {PPU[0x1] Thread (main_thread)[0x00673a70]} sys_semaphore: sys_semaphore_create(sem_id=*0xd001f978, attr=*0xd001f958, initial_val=0, max_val=1)
HLE: W {PPU[0x1] Thread (main_thread)[0x00673a70]} sys_semaphore: sys_semaphore_create(sem_id=*0xd001f978, attr=*0xd001f958, initial_val=0, max_val=1)
HLE: W {PPU[0x1] Thread (main_thread)[0x00673a70]} sys_semaphore: sys_semaphore_create(sem_id=*0xd001f978, attr=*0xd001f958, initial_val=0, max_val=1)
HLE: W {PPU[0x1] Thread (main_thread)[0x00673a70]} sys_semaphore: sys_semaphore_create(sem_id=*0xd001f978, attr=*0xd001f958, initial_val=0, max_val=1)
HLE: W {PPU[0x1] Thread (main_thread)[0x00673a70]} sys_semaphore: sys_semaphore_create(sem_id=*0xd001f978, attr=*0xd001f958, initial_val=0, max_val=1)
HLE: W {PPU[0x1] Thread (main_thread)[0x00673a70]} sys_semaphore: sys_semaphore_create(sem_id=*0xd001f978, attr=*0xd001f958, initial_val=0, max_val=1)
HLE: W {PPU[0x1] Thread (main_thread)[0x00673a70]} sys_semaphore: sys_semaphore_create(sem_id=*0xd001f978, attr=*0xd001f958, initial_val=0, max_val=1)
HLE: W {PPU[0x1] Thread (main_thread)[0x00673a70]} sys_semaphore: sys_semaphore_create(sem_id=*0xd001f978, attr=*0xd001f958, initial_val=0, max_val=1)
HLE: W {PPU[0x1] Thread (main_thread)[0x00673a70]} sys_semaphore: sys_semaphore_create(sem_id=*0xd001f978, attr=*0xd001f958, initial_val=0, max_val=1)
HLE: W {PPU[0x1] Thread (main_thread)[0x00673a70]} sys_semaphore: sys_semaphore_create(sem_id=*0xd001f978, attr=*0xd001f958, initial_val=0, max_val=1)
HLE: W {PPU[0x1] Thread (main_thread)[0x00673a70]} sys_semaphore: sys_semaphore_create(sem_id=*0xd001f978, attr=*0xd001f958, initial_val=0, max_val=1)
HLE: W {PPU[0x1] Thread (main_thread)[0x00673a70]} sys_semaphore: sys_semaphore_create(sem_id=*0xd001f978, attr=*0xd001f958, initial_val=0, max_val=1)
HLE: W {PPU[0x1] Thread (main_thread)[0x00673a70]} sys_semaphore: sys_semaphore_create(sem_id=*0xd001f978, attr=*0xd001f958, initial_val=0, max_val=1)
HLE: W {PPU[0x1] Thread (main_thread)[0x00673a70]} sys_semaphore: sys_semaphore_create(sem_id=*0xd001f978, attr=*0xd001f958, initial_val=0, max_val=1)
HLE: W {PPU[0x1] Thread (main_thread)[0x00673a70]} sys_semaphore: sys_semaphore_create(sem_id=*0xd001f978, attr=*0xd001f958, initial_val=0, max_val=1)
HLE: W {PPU[0x1] Thread (main_thread)[0x00673a70]} sys_semaphore: sys_semaphore_create(sem_id=*0xd001f978, attr=*0xd001f958, initial_val=0, max_val=1)
HLE: W {PPU[0x1] Thread (main_thread)[0x00673a70]} sys_spu: sys_spu_thread_group_create(id=*0xd001f938, num=5, prio=80, attr=*0xd001f8a8)
HLE: W {PPU[0x1] Thread (main_thread)[0x00673a70]} sys_spu: sys_spu_thread_initialize(thread=*0xd001f880, group=0x20, spu_num=0, img=*0x23700df0, attr=*0xd001f870, arg=*0xd001f888)
HLE: E {PPU[0x1] Thread (main_thread)[0x00673a70]} sys_spu: Unsupported SPU Thread options (0x2)
HLE: W {PPU[0x1] Thread (main_thread)[0x00673a70]} sys_spu: sys_spu_thread_initialize(thread=*0xd001f880, group=0x20, spu_num=1, img=*0x23700df0, attr=*0xd001f870, arg=*0xd001f888)
HLE: E {PPU[0x1] Thread (main_thread)[0x00673a70]} sys_spu: Unsupported SPU Thread options (0x2)
HLE: W {PPU[0x1] Thread (main_thread)[0x00673a70]} sys_spu: sys_spu_thread_initialize(thread=*0xd001f880, group=0x20, spu_num=2, img=*0x23700df0, attr=*0xd001f870, arg=*0xd001f888)
HLE: E {PPU[0x1] Thread (main_thread)[0x00673a70]} sys_spu: Unsupported SPU Thread options (0x2)
HLE: W {PPU[0x1] Thread (main_thread)[0x00673a70]} sys_spu: sys_spu_thread_initialize(thread=*0xd001f880, group=0x20, spu_num=3, img=*0x23700df0, attr=*0xd001f870, arg=*0xd001f888)
HLE: E {PPU[0x1] Thread (main_thread)[0x00673a70]} sys_spu: Unsupported SPU Thread options (0x2)
HLE: W {PPU[0x1] Thread (main_thread)[0x00673a70]} sys_spu: sys_spu_thread_initialize(thread=*0xd001f880, group=0x20, spu_num=4, img=*0x23700df0, attr=*0xd001f870, arg=*0xd001f888)
HLE: E {PPU[0x1] Thread (main_thread)[0x00673a70]} sys_spu: Unsupported SPU Thread options (0x2)
HLE: W {PPU[0x1] Thread (main_thread)[0x00673a70]} sysPrxForUser: sys_lwmutex_create(lwmutex=*0x23700e30, attr=*0xd001f940)
HLE: W {PPU[0x1] Thread (main_thread)[0x00673a70]} sysPrxForUser: sys_lwcond_create(lwcond=*0x23700e48, lwmutex=*0x23700e30, attr=*0xd001f950)
HLE: W {PPU[0x1] Thread (main_thread)[0x00673a70]} sys_event: sys_event_queue_create(equeue_id=*0x23700ddc, attr=*0xd001f7d8, event_queue_key=0x0, size=42)
HLE: W {PPU[0x1] Thread (main_thread)[0x00673a70]} sys_spu: sys_spu_thread_group_connect_event_all_threads(id=0x20, eq=0x28, req=0xffffffffffff0000, spup=*0x23700149)
HLE: W {PPU[0x1] Thread (main_thread)[0x00673a70]} sys_event: sys_event_port_create(eport_id=*0x23700de0, port_type=1, name=0x0)
HLE: W {PPU[0x1] Thread (main_thread)[0x00673a70]} sys_event: sys_event_port_connect_local(eport_id=0x29, equeue_id=0x28)
HLE: W {PPU[0x1] Thread (main_thread)[0x00673a70]} cellSpurs: cellSpursEnableExceptionEventHandler(spurs=*0x23700080, flag=1)
HLE: W {PPU[0x2b] Thread (SpursHdlr0)[0x00000000]} sys_spu: sys_spu_thread_group_start(id=0x20)
HLE: W {PPU[0x1] Thread (main_thread)[0x00673a70]} sys_spu: sys_spu_thread_group_connect_event(id=0x20, eq=0x28, et=2)
SPU: S {PPU[0x2b] Thread (SpursHdlr0)[0x00000000]} SPU Database initialized...
SPU: S {PPU[0x2b] Thread (SpursHdlr0)[0x00000000]} SPU Recompiler (ASMJIT) created...
HLE: W {PPU[0x2b] Thread (SpursHdlr0)[0x00000000]} sys_spu: sys_spu_thread_group_join(id=0x20, cause=*0x0, status=*0x0)
HLE: W {PPU[0x1] Thread (main_thread)[0x00672cb0]} sysPrxForUser: sys_lwmutex_create(lwmutex=*0x23701108, attr=*0xd001f8b0)
HLE: W {PPU[0x1] Thread (main_thread)[0x00672cb0]} sysPrxForUser: sys_lwmutex_create(lwmutex=*0x237015f0, attr=*0xd001f810)
HLE: W {PPU[0x1] Thread (main_thread)[0x00672cb0]} sysPrxForUser: sys_lwmutex_create(lwmutex=*0x23701608, attr=*0xd001f810)
HLE: W {PPU[0x1] Thread (main_thread)[0x004759e0]} sys_event_flag: sys_event_flag_create(id=*0x23701620, attr=*0xd001f820, init=0x0)
HLE: W {PPU[0x1] Thread (main_thread)[0x00475a14]} sys_event_flag: sys_event_flag_create(id=*0x23701624, attr=*0xd001f820, init=0x0)
SPU: S {SPU[0x21] Thread (CellSpursKernel0)[0x00818]} Function detected [0x00818-0x00820] (size=0x8)
HLE: W {PPU[0x1] Thread (main_thread)[0x00672cb0]} sysPrxForUser: sys_lwmutex_create(lwmutex=*0x23701ad8, attr=*0xd001f810)
HLE: W {PPU[0x1] Thread (main_thread)[0x00672cb0]} sysPrxForUser: sys_lwmutex_create(lwmutex=*0x23701af0, attr=*0xd001f810)
HLE: W {PPU[0x1] Thread (main_thread)[0x004759e0]} sys_event_flag: sys_event_flag_create(id=*0x23701b08, attr=*0xd001f820, init=0x0)
HLE: W {PPU[0x1] Thread (main_thread)[0x00475a14]} sys_event_flag: sys_event_flag_create(id=*0x23701b0c, attr=*0xd001f820, init=0x0)
HLE: W {PPU[0x1] Thread (main_thread)[0x00672cb0]} sysPrxForUser: sys_lwmutex_create(lwmutex=*0x23701fc0, attr=*0xd001f810)
HLE: W {PPU[0x1] Thread (main_thread)[0x00672cb0]} sysPrxForUser: sys_lwmutex_create(lwmutex=*0x23701fd8, attr=*0xd001f810)
HLE: W {PPU[0x1] Thread (main_thread)[0x004759e0]} sys_event_flag: sys_event_flag_create(id=*0x23701ff0, attr=*0xd001f820, init=0x0)
HLE: W {PPU[0x1] Thread (main_thread)[0x00475a14]} sys_event_flag: sys_event_flag_create(id=*0x23701ff4, attr=*0xd001f820, init=0x0)
HLE: W {PPU[0x1] Thread (main_thread)[0x00672cb0]} sysPrxForUser: sys_lwmutex_create(lwmutex=*0x237024a8, attr=*0xd001f810)
HLE: W {PPU[0x1] Thread (main_thread)[0x00672cb0]} sysPrxForUser: sys_lwmutex_create(lwmutex=*0x237024c0, attr=*0xd001f810)
HLE: W {PPU[0x1] Thread (main_thread)[0x004759e0]} sys_event_flag: sys_event_flag_create(id=*0x237024d8, attr=*0xd001f820, init=0x0)
HLE: W {PPU[0x1] Thread (main_thread)[0x00475a14]} sys_event_flag: sys_event_flag_create(id=*0x237024dc, attr=*0xd001f820, init=0x0)
HLE: W {PPU[0x1] Thread (main_thread)[0x00672cb0]} sysPrxForUser: sys_lwmutex_create(lwmutex=*0x23702990, attr=*0xd001f810)
HLE: W {PPU[0x1] Thread (main_thread)[0x00672cb0]} sysPrxForUser: sys_lwmutex_create(lwmutex=*0x237029a8, attr=*0xd001f810)
HLE: W {PPU[0x1] Thread (main_thread)[0x004759e0]} sys_event_flag: sys_event_flag_create(id=*0x237029c0, attr=*0xd001f820, init=0x0)
HLE: W {PPU[0x1] Thread (main_thread)[0x00475a14]} sys_event_flag: sys_event_flag_create(id=*0x237029c4, attr=*0xd001f820, init=0x0)
HLE: W {PPU[0x1] Thread (main_thread)[0x00672cb0]} sysPrxForUser: sys_lwmutex_create(lwmutex=*0x23702e78, attr=*0xd001f810)
HLE: W {PPU[0x1] Thread (main_thread)[0x00672cb0]} sysPrxForUser: sys_lwmutex_create(lwmutex=*0x23702e90, attr=*0xd001f810)
HLE: W {PPU[0x1] Thread (main_thread)[0x004759e0]} sys_event_flag: sys_event_flag_create(id=*0x23702ea8, attr=*0xd001f820, init=0x0)
HLE: W {PPU[0x1] Thread (main_thread)[0x00475a14]} sys_event_flag: sys_event_flag_create(id=*0x23702eac, attr=*0xd001f820, init=0x0)
HLE: W {PPU[0x1] Thread (main_thread)[0x00672cb0]} sysPrxForUser: sys_lwmutex_create(lwmutex=*0x23703360, attr=*0xd001f810)
HLE: W {PPU[0x1] Thread (main_thread)[0x00672cb0]} sysPrxForUser: sys_lwmutex_create(lwmutex=*0x23703378, attr=*0xd001f810)
HLE: W {PPU[0x1] Thread (main_thread)[0x004759e0]} sys_event_flag: sys_event_flag_create(id=*0x23703390, attr=*0xd001f820, init=0x0)
HLE: W {PPU[0x1] Thread (main_thread)[0x00475a14]} sys_event_flag: sys_event_flag_create(id=*0x23703394, attr=*0xd001f820, init=0x0)
HLE: W {PPU[0x1] Thread (main_thread)[0x00672cb0]} sysPrxForUser: sys_lwmutex_create(lwmutex=*0x23703848, attr=*0xd001f810)
HLE: W {PPU[0x1] Thread (main_thread)[0x00672cb0]} sysPrxForUser: sys_lwmutex_create(lwmutex=*0x23703860, attr=*0xd001f810)
HLE: W {PPU[0x1] Thread (main_thread)[0x004759e0]} sys_event_flag: sys_event_flag_create(id=*0x23703878, attr=*0xd001f820, init=0x0)
HLE: W {PPU[0x1] Thread (main_thread)[0x00475a14]} sys_event_flag: sys_event_flag_create(id=*0x2370387c, attr=*0xd001f820, init=0x0)
HLE: W {PPU[0x1] Thread (main_thread)[0x00672cb0]} sysPrxForUser: sys_lwmutex_create(lwmutex=*0x23703d30, attr=*0xd001f810)
HLE: W {PPU[0x1] Thread (main_thread)[0x00672cb0]} sysPrxForUser: sys_lwmutex_create(lwmutex=*0x23703d48, attr=*0xd001f810)
HLE: W {PPU[0x1] Thread (main_thread)[0x004759e0]} sys_event_flag: sys_event_flag_create(id=*0x23703d60, attr=*0xd001f820, init=0x0)
HLE: W {PPU[0x1] Thread (main_thread)[0x00475a14]} sys_event_flag: sys_event_flag_create(id=*0x23703d64, attr=*0xd001f820, init=0x0)
HLE: W {PPU[0x1] Thread (main_thread)[0x00672cb0]} sysPrxForUser: sys_lwmutex_create(lwmutex=*0x23704218, attr=*0xd001f810)
HLE: W {PPU[0x1] Thread (main_thread)[0x00672cb0]} sysPrxForUser: sys_lwmutex_create(lwmutex=*0x23704230, attr=*0xd001f810)
HLE: W {PPU[0x1] Thread (main_thread)[0x004759e0]} sys_event_flag: sys_event_flag_create(id=*0x23704248, attr=*0xd001f820, init=0x0)
HLE: W {PPU[0x1] Thread (main_thread)[0x00475a14]} sys_event_flag: sys_event_flag_create(id=*0x2370424c, attr=*0xd001f820, init=0x0)
HLE: W {PPU[0x1] Thread (main_thread)[0x00672cb0]} sysPrxForUser: sys_lwmutex_create(lwmutex=*0x23704700, attr=*0xd001f810)
HLE: W {PPU[0x1] Thread (main_thread)[0x00672cb0]} sysPrxForUser: sys_lwmutex_create(lwmutex=*0x23704718, attr=*0xd001f810)
HLE: W {PPU[0x1] Thread (main_thread)[0x004759e0]} sys_event_flag: sys_event_flag_create(id=*0x23704730, attr=*0xd001f820, init=0x0)
HLE: W {PPU[0x1] Thread (main_thread)[0x00475a14]} sys_event_flag: sys_event_flag_create(id=*0x23704734, attr=*0xd001f820, init=0x0)
HLE: W {PPU[0x1] Thread (main_thread)[0x00672cb0]} sysPrxForUser: sys_lwmutex_create(lwmutex=*0x23704be8, attr=*0xd001f810)
HLE: W {PPU[0x1] Thread (main_thread)[0x00672cb0]} sysPrxForUser: sys_lwmutex_create(lwmutex=*0x23704c00, attr=*0xd001f810)
HLE: W {PPU[0x1] Thread (main_thread)[0x004759e0]} sys_event_flag: sys_event_flag_create(id=*0x23704c18, attr=*0xd001f820, init=0x0)
HLE: W {PPU[0x1] Thread (main_thread)[0x00475a14]} sys_event_flag: sys_event_flag_create(id=*0x23704c1c, attr=*0xd001f820, init=0x0)
HLE: W {PPU[0x1] Thread (main_thread)[0x00672cb0]} sysPrxForUser: sys_lwmutex_create(lwmutex=*0x237050d0, attr=*0xd001f810)
HLE: W {PPU[0x1] Thread (main_thread)[0x00672cb0]} sysPrxForUser: sys_lwmutex_create(lwmutex=*0x237050e8, attr=*0xd001f810)
HLE: W {PPU[0x1] Thread (main_thread)[0x004759e0]} sys_event_flag: sys_event_flag_create(id=*0x23705100, attr=*0xd001f820, init=0x0)
HLE: W {PPU[0x1] Thread (main_thread)[0x00475a14]} sys_event_flag: sys_event_flag_create(id=*0x23705104, attr=*0xd001f820, init=0x0)
HLE: W {PPU[0x1] Thread (main_thread)[0x00672cb0]} sysPrxForUser: sys_lwmutex_create(lwmutex=*0x237055b8, attr=*0xd001f810)
HLE: W {PPU[0x1] Thread (main_thread)[0x00672cb0]} sysPrxForUser: sys_lwmutex_create(lwmutex=*0x237055d0, attr=*0xd001f810)
HLE: W {PPU[0x1] Thread (main_thread)[0x004759e0]} sys_event_flag: sys_event_flag_create(id=*0x237055e8, attr=*0xd001f820, init=0x0)
HLE: W {PPU[0x1] Thread (main_thread)[0x00475a14]} sys_event_flag: sys_event_flag_create(id=*0x237055ec, attr=*0xd001f820, init=0x0)
HLE: W {PPU[0x1] Thread (main_thread)[0x00672cb0]} sysPrxForUser: sys_lwmutex_create(lwmutex=*0x23705aa0, attr=*0xd001f810)
HLE: W {PPU[0x1] Thread (main_thread)[0x00672cb0]} sysPrxForUser: sys_lwmutex_create(lwmutex=*0x23705ab8, attr=*0xd001f810)
HLE: W {PPU[0x1] Thread (main_thread)[0x004759e0]} sys_event_flag: sys_event_flag_create(id=*0x23705ad0, attr=*0xd001f820, init=0x0)
HLE: W {PPU[0x1] Thread (main_thread)[0x00475a14]} sys_event_flag: sys_event_flag_create(id=*0x23705ad4, attr=*0xd001f820, init=0x0)
HLE: W {PPU[0x1] Thread (main_thread)[0x00672cb0]} sysPrxForUser: sys_lwmutex_create(lwmutex=*0x23705f88, attr=*0xd001f810)
HLE: W {PPU[0x1] Thread (main_thread)[0x00672cb0]} sysPrxForUser: sys_lwmutex_create(lwmutex=*0x23705fa0, attr=*0xd001f810)
HLE: W {PPU[0x1] Thread (main_thread)[0x004759e0]} sys_event_flag: sys_event_flag_create(id=*0x23705fb8, attr=*0xd001f820, init=0x0)
HLE: W {PPU[0x1] Thread (main_thread)[0x00475a14]} sys_event_flag: sys_event_flag_create(id=*0x23705fbc, attr=*0xd001f820, init=0x0)
HLE: W {PPU[0x1] Thread (main_thread)[0x00672cb0]} sysPrxForUser: sys_lwmutex_create(lwmutex=*0x23706470, attr=*0xd001f810)
HLE: W {PPU[0x1] Thread (main_thread)[0x00672cb0]} sysPrxForUser: sys_lwmutex_create(lwmutex=*0x23706488, attr=*0xd001f810)
HLE: W {PPU[0x1] Thread (main_thread)[0x004759e0]} sys_event_flag: sys_event_flag_create(id=*0x237064a0, attr=*0xd001f820, init=0x0)
HLE: W {PPU[0x1] Thread (main_thread)[0x00475a14]} sys_event_flag: sys_event_flag_create(id=*0x237064a4, attr=*0xd001f820, init=0x0)
HLE: W {PPU[0x1] Thread (main_thread)[0x00672cb0]} sysPrxForUser: sys_lwmutex_create(lwmutex=*0x23706958, attr=*0xd001f810)
HLE: W {PPU[0x1] Thread (main_thread)[0x00672cb0]} sysPrxForUser: sys_lwmutex_create(lwmutex=*0x23706970, attr=*0xd001f810)
HLE: W {PPU[0x1] Thread (main_thread)[0x004759e0]} sys_event_flag: sys_event_flag_create(id=*0x23706988, attr=*0xd001f820, init=0x0)
HLE: W {PPU[0x1] Thread (main_thread)[0x00475a14]} sys_event_flag: sys_event_flag_create(id=*0x2370698c, attr=*0xd001f820, init=0x0)
HLE: W {PPU[0x1] Thread (main_thread)[0x00672cb0]} sysPrxForUser: sys_lwmutex_create(lwmutex=*0x23706e40, attr=*0xd001f810)
HLE: W {PPU[0x1] Thread (main_thread)[0x00672cb0]} sysPrxForUser: sys_lwmutex_create(lwmutex=*0x23706e58, attr=*0xd001f810)
HLE: W {PPU[0x1] Thread (main_thread)[0x004759e0]} sys_event_flag: sys_event_flag_create(id=*0x23706e70, attr=*0xd001f820, init=0x0)
HLE: W {PPU[0x1] Thread (main_thread)[0x00475a14]} sys_event_flag: sys_event_flag_create(id=*0x23706e74, attr=*0xd001f820, init=0x0)
HLE: W {PPU[0x1] Thread (main_thread)[0x00672cb0]} sysPrxForUser: sys_lwmutex_create(lwmutex=*0x23707328, attr=*0xd001f810)
HLE: W {PPU[0x1] Thread (main_thread)[0x00672cb0]} sysPrxForUser: sys_lwmutex_create(lwmutex=*0x23707340, attr=*0xd001f810)
HLE: W {PPU[0x1] Thread (main_thread)[0x004759e0]} sys_event_flag: sys_event_flag_create(id=*0x23707358, attr=*0xd001f820, init=0x0)
HLE: W {PPU[0x1] Thread (main_thread)[0x00475a14]} sys_event_flag: sys_event_flag_create(id=*0x2370735c, attr=*0xd001f820, init=0x0)
HLE: W {PPU[0x1] Thread (main_thread)[0x00672cb0]} sysPrxForUser: sys_lwmutex_create(lwmutex=*0x23707810, attr=*0xd001f810)
HLE: W {PPU[0x1] Thread (main_thread)[0x00672cb0]} sysPrxForUser: sys_lwmutex_create(lwmutex=*0x23707828, attr=*0xd001f810)
HLE: W {PPU[0x1] Thread (main_thread)[0x004759e0]} sys_event_flag: sys_event_flag_create(id=*0x23707840, attr=*0xd001f820, init=0x0)
HLE: W {PPU[0x1] Thread (main_thread)[0x00475a14]} sys_event_flag: sys_event_flag_create(id=*0x23707844, attr=*0xd001f820, init=0x0)
HLE: W {PPU[0x1] Thread (main_thread)[0x00672cb0]} sysPrxForUser: sys_lwmutex_create(lwmutex=*0x23707cf8, attr=*0xd001f810)
HLE: W {PPU[0x1] Thread (main_thread)[0x00672cb0]} sysPrxForUser: sys_lwmutex_create(lwmutex=*0x23707d10, attr=*0xd001f810)
HLE: W {PPU[0x1] Thread (main_thread)[0x004759e0]} sys_event_flag: sys_event_flag_create(id=*0x23707d28, attr=*0xd001f820, init=0x0)
HLE: W {PPU[0x1] Thread (main_thread)[0x00475a14]} sys_event_flag: sys_event_flag_create(id=*0x23707d2c, attr=*0xd001f820, init=0x0)
HLE: W {PPU[0x1] Thread (main_thread)[0x00672cb0]} sysPrxForUser: sys_lwmutex_create(lwmutex=*0x237081e0, attr=*0xd001f810)
HLE: W {PPU[0x1] Thread (main_thread)[0x00672cb0]} sysPrxForUser: sys_lwmutex_create(lwmutex=*0x237081f8, attr=*0xd001f810)
HLE: W {PPU[0x1] Thread (main_thread)[0x004759e0]} sys_event_flag: sys_event_flag_create(id=*0x23708210, attr=*0xd001f820, init=0x0)
HLE: W {PPU[0x1] Thread (main_thread)[0x00475a14]} sys_event_flag: sys_event_flag_create(id=*0x23708214, attr=*0xd001f820, init=0x0)
HLE: W {PPU[0x1] Thread (main_thread)[0x00672cb0]} sysPrxForUser: sys_lwmutex_create(lwmutex=*0x237086c8, attr=*0xd001f810)
HLE: W {PPU[0x1] Thread (main_thread)[0x00672cb0]} sysPrxForUser: sys_lwmutex_create(lwmutex=*0x237086e0, attr=*0xd001f810)
HLE: W {PPU[0x1] Thread (main_thread)[0x004759e0]} sys_event_flag: sys_event_flag_create(id=*0x237086f8, attr=*0xd001f820, init=0x0)
HLE: W {PPU[0x1] Thread (main_thread)[0x00475a14]} sys_event_flag: sys_event_flag_create(id=*0x237086fc, attr=*0xd001f820, init=0x0)
HLE: W {PPU[0x1] Thread (main_thread)[0x00672cb0]} sysPrxForUser: sys_lwmutex_create(lwmutex=*0x23708bb0, attr=*0xd001f810)
HLE: W {PPU[0x1] Thread (main_thread)[0x00672cb0]} sysPrxForUser: sys_lwmutex_create(lwmutex=*0x23708bc8, attr=*0xd001f810)
HLE: W {PPU[0x1] Thread (main_thread)[0x004759e0]} sys_event_flag: sys_event_flag_create(id=*0x23708be0, attr=*0xd001f820, init=0x0)
HLE: W {PPU[0x1] Thread (main_thread)[0x00475a14]} sys_event_flag: sys_event_flag_create(id=*0x23708be4, attr=*0xd001f820, init=0x0)
HLE: W {PPU[0x1] Thread (main_thread)[0x00672cb0]} sysPrxForUser: sys_lwmutex_create(lwmutex=*0x23709098, attr=*0xd001f810)
HLE: W {PPU[0x1] Thread (main_thread)[0x00672cb0]} sysPrxForUser: sys_lwmutex_create(lwmutex=*0x237090b0, attr=*0xd001f810)
HLE: W {PPU[0x1] Thread (main_thread)[0x004759e0]} sys_event_flag: sys_event_flag_create(id=*0x237090c8, attr=*0xd001f820, init=0x0)
HLE: W {PPU[0x1] Thread (main_thread)[0x00475a14]} sys_event_flag: sys_event_flag_create(id=*0x237090cc, attr=*0xd001f820, init=0x0)
HLE: W {PPU[0x1] Thread (main_thread)[0x00672cb0]} sysPrxForUser: sys_lwmutex_create(lwmutex=*0x23709580, attr=*0xd001f810)
HLE: W {PPU[0x1] Thread (main_thread)[0x00672cb0]} sysPrxForUser: sys_lwmutex_create(lwmutex=*0x23709598, attr=*0xd001f810)
HLE: W {PPU[0x1] Thread (main_thread)[0x004759e0]} sys_event_flag: sys_event_flag_create(id=*0x237095b0, attr=*0xd001f820, init=0x0)
HLE: W {PPU[0x1] Thread (main_thread)[0x00475a14]} sys_event_flag: sys_event_flag_create(id=*0x237095b4, attr=*0xd001f820, init=0x0)
HLE: W {PPU[0x1] Thread (main_thread)[0x00672cb0]} sysPrxForUser: sys_lwmutex_create(lwmutex=*0x23709a68, attr=*0xd001f810)
HLE: W {PPU[0x1] Thread (main_thread)[0x00672cb0]} sysPrxForUser: sys_lwmutex_create(lwmutex=*0x23709a80, attr=*0xd001f810)
HLE: W {PPU[0x1] Thread (main_thread)[0x004759e0]} sys_event_flag: sys_event_flag_create(id=*0x23709a98, attr=*0xd001f820, init=0x0)
HLE: W {PPU[0x1] Thread (main_thread)[0x00475a14]} sys_event_flag: sys_event_flag_create(id=*0x23709a9c, attr=*0xd001f820, init=0x0)
HLE: W {PPU[0x1] Thread (main_thread)[0x00672cb0]} sysPrxForUser: sys_lwmutex_create(lwmutex=*0x23709f50, attr=*0xd001f810)
HLE: W {PPU[0x1] Thread (main_thread)[0x00672cb0]} sysPrxForUser: sys_lwmutex_create(lwmutex=*0x23709f68, attr=*0xd001f810)
HLE: W {PPU[0x1] Thread (main_thread)[0x004759e0]} sys_event_flag: sys_event_flag_create(id=*0x23709f80, attr=*0xd001f820, init=0x0)
HLE: W {PPU[0x1] Thread (main_thread)[0x00475a14]} sys_event_flag: sys_event_flag_create(id=*0x23709f84, attr=*0xd001f820, init=0x0)
HLE: W {PPU[0x1] Thread (main_thread)[0x00672cb0]} sysPrxForUser: sys_lwmutex_create(lwmutex=*0x2370a438, attr=*0xd001f810)
HLE: W {PPU[0x1] Thread (main_thread)[0x00672cb0]} sysPrxForUser: sys_lwmutex_create(lwmutex=*0x2370a450, attr=*0xd001f810)
HLE: W {PPU[0x1] Thread (main_thread)[0x004759e0]} sys_event_flag: sys_event_flag_create(id=*0x2370a468, attr=*0xd001f820, init=0x0)
HLE: W {PPU[0x1] Thread (main_thread)[0x00475a14]} sys_event_flag: sys_event_flag_create(id=*0x2370a46c, attr=*0xd001f820, init=0x0)
HLE: W {PPU[0x1] Thread (main_thread)[0x00672cb0]} sysPrxForUser: sys_lwmutex_create(lwmutex=*0x2370a920, attr=*0xd001f810)
HLE: W {PPU[0x1] Thread (main_thread)[0x00672cb0]} sysPrxForUser: sys_lwmutex_create(lwmutex=*0x2370a938, attr=*0xd001f810)
HLE: W {PPU[0x1] Thread (main_thread)[0x004759e0]} sys_event_flag: sys_event_flag_create(id=*0x2370a950, attr=*0xd001f820, init=0x0)
HLE: W {PPU[0x1] Thread (main_thread)[0x00475a14]} sys_event_flag: sys_event_flag_create(id=*0x2370a954, attr=*0xd001f820, init=0x0)
HLE: W {PPU[0x1] Thread (main_thread)[0x00672cb0]} sysPrxForUser: sys_lwmutex_create(lwmutex=*0x2370ae08, attr=*0xd001f810)
HLE: W {PPU[0x1] Thread (main_thread)[0x00672cb0]} sysPrxForUser: sys_lwmutex_create(lwmutex=*0x2370ae20, attr=*0xd001f810)
HLE: W {PPU[0x1] Thread (main_thread)[0x004759e0]} sys_event_flag: sys_event_flag_create(id=*0x2370ae38, attr=*0xd001f820, init=0x0)
HLE: W {PPU[0x1] Thread (main_thread)[0x00475a14]} sys_event_flag: sys_event_flag_create(id=*0x2370ae3c, attr=*0xd001f820, init=0x0)
HLE: W {PPU[0x1] Thread (main_thread)[0x00672cb0]} sysPrxForUser: sys_lwmutex_create(lwmutex=*0x2370b2f0, attr=*0xd001f810)
HLE: W {PPU[0x1] Thread (main_thread)[0x00672cb0]} sysPrxForUser: sys_lwmutex_create(lwmutex=*0x2370b308, attr=*0xd001f810)
HLE: W {PPU[0x1] Thread (main_thread)[0x004759e0]} sys_event_flag: sys_event_flag_create(id=*0x2370b320, attr=*0xd001f820, init=0x0)
HLE: W {PPU[0x1] Thread (main_thread)[0x00475a14]} sys_event_flag: sys_event_flag_create(id=*0x2370b324, attr=*0xd001f820, init=0x0)
HLE: W {PPU[0x1] Thread (main_thread)[0x00672cb0]} sysPrxForUser: sys_lwmutex_create(lwmutex=*0x2370b7d8, attr=*0xd001f810)
HLE: W {PPU[0x1] Thread (main_thread)[0x00672cb0]} sysPrxForUser: sys_lwmutex_create(lwmutex=*0x2370b7f0, attr=*0xd001f810)
HLE: W {PPU[0x1] Thread (main_thread)[0x004759e0]} sys_event_flag: sys_event_flag_create(id=*0x2370b808, attr=*0xd001f820, init=0x0)
HLE: W {PPU[0x1] Thread (main_thread)[0x00475a14]} sys_event_flag: sys_event_flag_create(id=*0x2370b80c, attr=*0xd001f820, init=0x0)
HLE: W {PPU[0x1] Thread (main_thread)[0x00672cb0]} sysPrxForUser: sys_lwmutex_create(lwmutex=*0x2370bcc0, attr=*0xd001f810)
HLE: W {PPU[0x1] Thread (main_thread)[0x00672cb0]} sysPrxForUser: sys_lwmutex_create(lwmutex=*0x2370bcd8, attr=*0xd001f810)
HLE: W {PPU[0x1] Thread (main_thread)[0x004759e0]} sys_event_flag: sys_event_flag_create(id=*0x2370bcf0, attr=*0xd001f820, init=0x0)
HLE: W {PPU[0x1] Thread (main_thread)[0x00475a14]} sys_event_flag: sys_event_flag_create(id=*0x2370bcf4, attr=*0xd001f820, init=0x0)
HLE: W {PPU[0x1] Thread (main_thread)[0x00672cb0]} sysPrxForUser: sys_lwmutex_create(lwmutex=*0x2370c1a8, attr=*0xd001f810)
HLE: W {PPU[0x1] Thread (main_thread)[0x00672cb0]} sysPrxForUser: sys_lwmutex_create(lwmutex=*0x2370c1c0, attr=*0xd001f810)
HLE: W {PPU[0x1] Thread (main_thread)[0x004759e0]} sys_event_flag: sys_event_flag_create(id=*0x2370c1d8, attr=*0xd001f820, init=0x0)
HLE: W {PPU[0x1] Thread (main_thread)[0x00475a14]} sys_event_flag: sys_event_flag_create(id=*0x2370c1dc, attr=*0xd001f820, init=0x0)
HLE: W {PPU[0x1] Thread (main_thread)[0x00672cb0]} sysPrxForUser: sys_lwmutex_create(lwmutex=*0x2370c690, attr=*0xd001f810)
HLE: W {PPU[0x1] Thread (main_thread)[0x00672cb0]} sysPrxForUser: sys_lwmutex_create(lwmutex=*0x2370c6a8, attr=*0xd001f810)
HLE: W {PPU[0x1] Thread (main_thread)[0x004759e0]} sys_event_flag: sys_event_flag_create(id=*0x2370c6c0, attr=*0xd001f820, init=0x0)
HLE: W {PPU[0x1] Thread (main_thread)[0x00475a14]} sys_event_flag: sys_event_flag_create(id=*0x2370c6c4, attr=*0xd001f820, init=0x0)
HLE: W {PPU[0x1] Thread (main_thread)[0x00672cb0]} sysPrxForUser: sys_lwmutex_create(lwmutex=*0x2370cb78, attr=*0xd001f810)
HLE: W {PPU[0x1] Thread (main_thread)[0x00672cb0]} sysPrxForUser: sys_lwmutex_create(lwmutex=*0x2370cb90, attr=*0xd001f810)
HLE: W {PPU[0x1] Thread (main_thread)[0x004759e0]} sys_event_flag: sys_event_flag_create(id=*0x2370cba8, attr=*0xd001f820, init=0x0)
HLE: W {PPU[0x1] Thread (main_thread)[0x00475a14]} sys_event_flag: sys_event_flag_create(id=*0x2370cbac, attr=*0xd001f820, init=0x0)
HLE: W {PPU[0x1] Thread (main_thread)[0x00672cb0]} sysPrxForUser: sys_lwmutex_create(lwmutex=*0x2370d060, attr=*0xd001f810)
HLE: W {PPU[0x1] Thread (main_thread)[0x00672cb0]} sysPrxForUser: sys_lwmutex_create(lwmutex=*0x2370d078, attr=*0xd001f810)
HLE: W {PPU[0x1] Thread (main_thread)[0x004759e0]} sys_event_flag: sys_event_flag_create(id=*0x2370d090, attr=*0xd001f820, init=0x0)
HLE: W {PPU[0x1] Thread (main_thread)[0x00475a14]} sys_event_flag: sys_event_flag_create(id=*0x2370d094, attr=*0xd001f820, init=0x0)
HLE: W {PPU[0x1] Thread (main_thread)[0x00672cb0]} sysPrxForUser: sys_lwmutex_create(lwmutex=*0x2370d548, attr=*0xd001f810)
HLE: W {PPU[0x1] Thread (main_thread)[0x00672cb0]} sysPrxForUser: sys_lwmutex_create(lwmutex=*0x2370d560, attr=*0xd001f810)
HLE: W {PPU[0x1] Thread (main_thread)[0x004759e0]} sys_event_flag: sys_event_flag_create(id=*0x2370d578, attr=*0xd001f820, init=0x0)
HLE: W {PPU[0x1] Thread (main_thread)[0x00475a14]} sys_event_flag: sys_event_flag_create(id=*0x2370d57c, attr=*0xd001f820, init=0x0)
HLE: W {PPU[0x1] Thread (main_thread)[0x00672cb0]} sysPrxForUser: sys_lwmutex_create(lwmutex=*0x2370da30, attr=*0xd001f810)
HLE: W {PPU[0x1] Thread (main_thread)[0x00672cb0]} sysPrxForUser: sys_lwmutex_create(lwmutex=*0x2370da48, attr=*0xd001f810)
HLE: W {PPU[0x1] Thread (main_thread)[0x004759e0]} sys_event_flag: sys_event_flag_create(id=*0x2370da60, attr=*0xd001f820, init=0x0)
HLE: W {PPU[0x1] Thread (main_thread)[0x00475a14]} sys_event_flag: sys_event_flag_create(id=*0x2370da64, attr=*0xd001f820, init=0x0)
HLE: W {PPU[0x1] Thread (main_thread)[0x00672cb0]} sysPrxForUser: sys_lwmutex_create(lwmutex=*0x2370df18, attr=*0xd001f810)
HLE: W {PPU[0x1] Thread (main_thread)[0x00672cb0]} sysPrxForUser: sys_lwmutex_create(lwmutex=*0x2370df30, attr=*0xd001f810)
HLE: W {PPU[0x1] Thread (main_thread)[0x004759e0]} sys_event_flag: sys_event_flag_create(id=*0x2370df48, attr=*0xd001f820, init=0x0)
HLE: W {PPU[0x1] Thread (main_thread)[0x00475a14]} sys_event_flag: sys_event_flag_create(id=*0x2370df4c, attr=*0xd001f820, init=0x0)
HLE: W {PPU[0x1] Thread (main_thread)[0x00672cb0]} sysPrxForUser: sys_lwmutex_create(lwmutex=*0x2370e400, attr=*0xd001f810)
HLE: W {PPU[0x1] Thread (main_thread)[0x00672cb0]} sysPrxForUser: sys_lwmutex_create(lwmutex=*0x2370e418, attr=*0xd001f810)
HLE: W {PPU[0x1] Thread (main_thread)[0x004759e0]} sys_event_flag: sys_event_flag_create(id=*0x2370e430, attr=*0xd001f820, init=0x0)
HLE: W {PPU[0x1] Thread (main_thread)[0x00475a14]} sys_event_flag: sys_event_flag_create(id=*0x2370e434, attr=*0xd001f820, init=0x0)
HLE: W {PPU[0x1] Thread (main_thread)[0x00672cb0]} sysPrxForUser: sys_lwmutex_create(lwmutex=*0x2370e8e8, attr=*0xd001f810)
HLE: W {PPU[0x1] Thread (main_thread)[0x00672cb0]} sysPrxForUser: sys_lwmutex_create(lwmutex=*0x2370e900, attr=*0xd001f810)
HLE: W {PPU[0x1] Thread (main_thread)[0x004759e0]} sys_event_flag: sys_event_flag_create(id=*0x2370e918, attr=*0xd001f820, init=0x0)
HLE: W {PPU[0x1] Thread (main_thread)[0x00475a14]} sys_event_flag: sys_event_flag_create(id=*0x2370e91c, attr=*0xd001f820, init=0x0)
HLE: W {PPU[0x1] Thread (main_thread)[0x00672cb0]} sysPrxForUser: sys_lwmutex_create(lwmutex=*0x2370edd0, attr=*0xd001f810)
HLE: W {PPU[0x1] Thread (main_thread)[0x00672cb0]} sysPrxForUser: sys_lwmutex_create(lwmutex=*0x2370ede8, attr=*0xd001f810)
HLE: W {PPU[0x1] Thread (main_thread)[0x004759e0]} sys_event_flag: sys_event_flag_create(id=*0x2370ee00, attr=*0xd001f820, init=0x0)
HLE: W {PPU[0x1] Thread (main_thread)[0x00475a14]} sys_event_flag: sys_event_flag_create(id=*0x2370ee04, attr=*0xd001f820, init=0x0)
HLE: W {PPU[0x1] Thread (main_thread)[0x00672cb0]} sysPrxForUser: sys_lwmutex_create(lwmutex=*0x2370f2b8, attr=*0xd001f810)
HLE: W {PPU[0x1] Thread (main_thread)[0x00672cb0]} sysPrxForUser: sys_lwmutex_create(lwmutex=*0x2370f2d0, attr=*0xd001f810)
HLE: W {PPU[0x1] Thread (main_thread)[0x004759e0]} sys_event_flag: sys_event_flag_create(id=*0x2370f2e8, attr=*0xd001f820, init=0x0)
HLE: W {PPU[0x1] Thread (main_thread)[0x00475a14]} sys_event_flag: sys_event_flag_create(id=*0x2370f2ec, attr=*0xd001f820, init=0x0)
HLE: W {PPU[0x1] Thread (main_thread)[0x00672cb0]} sysPrxForUser: sys_lwmutex_create(lwmutex=*0x2370f7a0, attr=*0xd001f810)
HLE: W {PPU[0x1] Thread (main_thread)[0x00672cb0]} sysPrxForUser: sys_lwmutex_create(lwmutex=*0x2370f7b8, attr=*0xd001f810)
HLE: W {PPU[0x1] Thread (main_thread)[0x004759e0]} sys_event_flag: sys_event_flag_create(id=*0x2370f7d0, attr=*0xd001f820, init=0x0)
HLE: W {PPU[0x1] Thread (main_thread)[0x00475a14]} sys_event_flag: sys_event_flag_create(id=*0x2370f7d4, attr=*0xd001f820, init=0x0)
HLE: W {PPU[0x1] Thread (main_thread)[0x00672cb0]} sysPrxForUser: sys_lwmutex_create(lwmutex=*0x2370fc88, attr=*0xd001f810)
HLE: W {PPU[0x1] Thread (main_thread)[0x00672cb0]} sysPrxForUser: sys_lwmutex_create(lwmutex=*0x2370fca0, attr=*0xd001f810)
HLE: W {PPU[0x1] Thread (main_thread)[0x004759e0]} sys_event_flag: sys_event_flag_create(id=*0x2370fcb8, attr=*0xd001f820, init=0x0)
HLE: W {PPU[0x1] Thread (main_thread)[0x00475a14]} sys_event_flag: sys_event_flag_create(id=*0x2370fcbc, attr=*0xd001f820, init=0x0)
HLE: W {PPU[0x1] Thread (main_thread)[0x00672cb0]} sysPrxForUser: sys_lwmutex_create(lwmutex=*0x23710170, attr=*0xd001f810)
HLE: W {PPU[0x1] Thread (main_thread)[0x00672cb0]} sysPrxForUser: sys_lwmutex_create(lwmutex=*0x23710188, attr=*0xd001f810)
HLE: W {PPU[0x1] Thread (main_thread)[0x004759e0]} sys_event_flag: sys_event_flag_create(id=*0x237101a0, attr=*0xd001f820, init=0x0)
HLE: W {PPU[0x1] Thread (main_thread)[0x00475a14]} sys_event_flag: sys_event_flag_create(id=*0x237101a4, attr=*0xd001f820, init=0x0)
HLE: W {PPU[0x1] Thread (main_thread)[0x00672cb0]} sysPrxForUser: sys_lwmutex_create(lwmutex=*0x23710658, attr=*0xd001f810)
HLE: W {PPU[0x1] Thread (main_thread)[0x00672cb0]} sysPrxForUser: sys_lwmutex_create(lwmutex=*0x23710670, attr=*0xd001f810)
HLE: W {PPU[0x1] Thread (main_thread)[0x004759e0]} sys_event_flag: sys_event_flag_create(id=*0x23710688, attr=*0xd001f820, init=0x0)
HLE: W {PPU[0x1] Thread (main_thread)[0x00475a14]} sys_event_flag: sys_event_flag_create(id=*0x2371068c, attr=*0xd001f820, init=0x0)
HLE: W {PPU[0x1] Thread (main_thread)[0x00672cb0]} sysPrxForUser: sys_lwmutex_create(lwmutex=*0x23710b40, attr=*0xd001f810)
HLE: W {PPU[0x1] Thread (main_thread)[0x00672cb0]} sysPrxForUser: sys_lwmutex_create(lwmutex=*0x23710b58, attr=*0xd001f810)
HLE: W {PPU[0x1] Thread (main_thread)[0x004759e0]} sys_event_flag: sys_event_flag_create(id=*0x23710b70, attr=*0xd001f820, init=0x0)
HLE: W {PPU[0x1] Thread (main_thread)[0x00475a14]} sys_event_flag: sys_event_flag_create(id=*0x23710b74, attr=*0xd001f820, init=0x0)
HLE: W {PPU[0x1] Thread (main_thread)[0x00672cb0]} sysPrxForUser: sys_lwmutex_create(lwmutex=*0x23711028, attr=*0xd001f810)
HLE: W {PPU[0x1] Thread (main_thread)[0x00672cb0]} sysPrxForUser: sys_lwmutex_create(lwmutex=*0x23711040, attr=*0xd001f810)
HLE: W {PPU[0x1] Thread (main_thread)[0x004759e0]} sys_event_flag: sys_event_flag_create(id=*0x23711058, attr=*0xd001f820, init=0x0)
HLE: W {PPU[0x1] Thread (main_thread)[0x00475a14]} sys_event_flag: sys_event_flag_create(id=*0x2371105c, attr=*0xd001f820, init=0x0)
HLE: W {PPU[0x1] Thread (main_thread)[0x00672cb0]} sysPrxForUser: sys_lwmutex_create(lwmutex=*0x23711510, attr=*0xd001f810)
HLE: W {PPU[0x1] Thread (main_thread)[0x00672cb0]} sysPrxForUser: sys_lwmutex_create(lwmutex=*0x23711528, attr=*0xd001f810)
HLE: W {PPU[0x1] Thread (main_thread)[0x004759e0]} sys_event_flag: sys_event_flag_create(id=*0x23711540, attr=*0xd001f820, init=0x0)
HLE: W {PPU[0x1] Thread (main_thread)[0x00475a14]} sys_event_flag: sys_event_flag_create(id=*0x23711544, attr=*0xd001f820, init=0x0)
HLE: W {PPU[0x1] Thread (main_thread)[0x00672cb0]} sysPrxForUser: sys_lwmutex_create(lwmutex=*0x237119f8, attr=*0xd001f810)
HLE: W {PPU[0x1] Thread (main_thread)[0x00672cb0]} sysPrxForUser: sys_lwmutex_create(lwmutex=*0x23711a10, attr=*0xd001f810)
HLE: W {PPU[0x1] Thread (main_thread)[0x004759e0]} sys_event_flag: sys_event_flag_create(id=*0x23711a28, attr=*0xd001f820, init=0x0)
HLE: W {PPU[0x1] Thread (main_thread)[0x00475a14]} sys_event_flag: sys_event_flag_create(id=*0x23711a2c, attr=*0xd001f820, init=0x0)
HLE: W {PPU[0x1] Thread (main_thread)[0x00672cb0]} sysPrxForUser: sys_lwmutex_create(lwmutex=*0x23711ee0, attr=*0xd001f810)
HLE: W {PPU[0x1] Thread (main_thread)[0x00672cb0]} sysPrxForUser: sys_lwmutex_create(lwmutex=*0x23711ef8, attr=*0xd001f810)
HLE: W {PPU[0x1] Thread (main_thread)[0x004759e0]} sys_event_flag: sys_event_flag_create(id=*0x23711f10, attr=*0xd001f820, init=0x0)
HLE: W {PPU[0x1] Thread (main_thread)[0x00475a14]} sys_event_flag: sys_event_flag_create(id=*0x23711f14, attr=*0xd001f820, init=0x0)
HLE: W {PPU[0x1] Thread (main_thread)[0x00672cb0]} sysPrxForUser: sys_lwmutex_create(lwmutex=*0x237123c8, attr=*0xd001f810)
HLE: W {PPU[0x1] Thread (main_thread)[0x00672cb0]} sysPrxForUser: sys_lwmutex_create(lwmutex=*0x237123e0, attr=*0xd001f810)
HLE: W {PPU[0x1] Thread (main_thread)[0x004759e0]} sys_event_flag: sys_event_flag_create(id=*0x237123f8, attr=*0xd001f820, init=0x0)
HLE: W {PPU[0x1] Thread (main_thread)[0x00475a14]} sys_event_flag: sys_event_flag_create(id=*0x237123fc, attr=*0xd001f820, init=0x0)
HLE: W {PPU[0x1] Thread (main_thread)[0x00672cb0]} sysPrxForUser: sys_lwmutex_create(lwmutex=*0x237128b0, attr=*0xd001f810)
HLE: W {PPU[0x1] Thread (main_thread)[0x00672cb0]} sysPrxForUser: sys_lwmutex_create(lwmutex=*0x237128c8, attr=*0xd001f810)
HLE: W {PPU[0x1] Thread (main_thread)[0x004759e0]} sys_event_flag: sys_event_flag_create(id=*0x237128e0, attr=*0xd001f820, init=0x0)
HLE: W {PPU[0x1] Thread (main_thread)[0x00475a14]} sys_event_flag: sys_event_flag_create(id=*0x237128e4, attr=*0xd001f820, init=0x0)
HLE: W {PPU[0x1] Thread (main_thread)[0x00672cb0]} sysPrxForUser: sys_lwmutex_create(lwmutex=*0x23712d98, attr=*0xd001f810)
HLE: W {PPU[0x1] Thread (main_thread)[0x00672cb0]} sysPrxForUser: sys_lwmutex_create(lwmutex=*0x23712db0, attr=*0xd001f810)
HLE: W {PPU[0x1] Thread (main_thread)[0x004759e0]} sys_event_flag: sys_event_flag_create(id=*0x23712dc8, attr=*0xd001f820, init=0x0)
HLE: W {PPU[0x1] Thread (main_thread)[0x00475a14]} sys_event_flag: sys_event_flag_create(id=*0x23712dcc, attr=*0xd001f820, init=0x0)
HLE: W {PPU[0x1] Thread (main_thread)[0x00672cb0]} sysPrxForUser: sys_lwmutex_create(lwmutex=*0x23713280, attr=*0xd001f810)
HLE: W {PPU[0x1] Thread (main_thread)[0x00672cb0]} sysPrxForUser: sys_lwmutex_create(lwmutex=*0x23713298, attr=*0xd001f810)
HLE: W {PPU[0x1] Thread (main_thread)[0x004759e0]} sys_event_flag: sys_event_flag_create(id=*0x237132b0, attr=*0xd001f820, init=0x0)
HLE: W {PPU[0x1] Thread (main_thread)[0x00475a14]} sys_event_flag: sys_event_flag_create(id=*0x237132b4, attr=*0xd001f820, init=0x0)
HLE: W {PPU[0x1] Thread (main_thread)[0x00672cb0]} sysPrxForUser: sys_lwmutex_create(lwmutex=*0x23713768, attr=*0xd001f810)
HLE: W {PPU[0x1] Thread (main_thread)[0x00672cb0]} sysPrxForUser: sys_lwmutex_create(lwmutex=*0x23713780, attr=*0xd001f810)
HLE: W {PPU[0x1] Thread (main_thread)[0x004759e0]} sys_event_flag: sys_event_flag_create(id=*0x23713798, attr=*0xd001f820, init=0x0)
HLE: W {PPU[0x1] Thread (main_thread)[0x00475a14]} sys_event_flag: sys_event_flag_create(id=*0x2371379c, attr=*0xd001f820, init=0x0)
HLE: W {PPU[0x1] Thread (main_thread)[0x00672cb0]} sysPrxForUser: sys_lwmutex_create(lwmutex=*0x23713c50, attr=*0xd001f810)
HLE: W {PPU[0x1] Thread (main_thread)[0x00672cb0]} sysPrxForUser: sys_lwmutex_create(lwmutex=*0x23713c68, attr=*0xd001f810)
HLE: W {PPU[0x1] Thread (main_thread)[0x004759e0]} sys_event_flag: sys_event_flag_create(id=*0x23713c80, attr=*0xd001f820, init=0x0)
HLE: W {PPU[0x1] Thread (main_thread)[0x00475a14]} sys_event_flag: sys_event_flag_create(id=*0x23713c84, attr=*0xd001f820, init=0x0)
HLE: W {PPU[0x1] Thread (main_thread)[0x00672cb0]} sysPrxForUser: sys_lwmutex_create(lwmutex=*0x23714138, attr=*0xd001f810)
HLE: W {PPU[0x1] Thread (main_thread)[0x00672cb0]} sysPrxForUser: sys_lwmutex_create(lwmutex=*0x23714150, attr=*0xd001f810)
HLE: W {PPU[0x1] Thread (main_thread)[0x004759e0]} sys_event_flag: sys_event_flag_create(id=*0x23714168, attr=*0xd001f820, init=0x0)
HLE: W {PPU[0x1] Thread (main_thread)[0x00475a14]} sys_event_flag: sys_event_flag_create(id=*0x2371416c, attr=*0xd001f820, init=0x0)
HLE: W {PPU[0x1] Thread (main_thread)[0x00672cb0]} sysPrxForUser: sys_lwmutex_create(lwmutex=*0x23714620, attr=*0xd001f810)
HLE: W {PPU[0x1] Thread (main_thread)[0x00672cb0]} sysPrxForUser: sys_lwmutex_create(lwmutex=*0x23714638, attr=*0xd001f810)
HLE: W {PPU[0x1] Thread (main_thread)[0x004759e0]} sys_event_flag: sys_event_flag_create(id=*0x23714650, attr=*0xd001f820, init=0x0)
HLE: W {PPU[0x1] Thread (main_thread)[0x00475a14]} sys_event_flag: sys_event_flag_create(id=*0x23714654, attr=*0xd001f820, init=0x0)
HLE: W {PPU[0x1] Thread (main_thread)[0x00672cb0]} sysPrxForUser: sys_lwmutex_create(lwmutex=*0x23714b08, attr=*0xd001f810)
HLE: W {PPU[0x1] Thread (main_thread)[0x00672cb0]} sysPrxForUser: sys_lwmutex_create(lwmutex=*0x23714b20, attr=*0xd001f810)
HLE: W {PPU[0x1] Thread (main_thread)[0x004759e0]} sys_event_flag: sys_event_flag_create(id=*0x23714b38, attr=*0xd001f820, init=0x0)
HLE: W {PPU[0x1] Thread (main_thread)[0x00475a14]} sys_event_flag: sys_event_flag_create(id=*0x23714b3c, attr=*0xd001f820, init=0x0)
HLE: W {PPU[0x1] Thread (main_thread)[0x00672cb0]} sysPrxForUser: sys_lwmutex_create(lwmutex=*0x23715450, attr=*0xd001f760)
HLE: W {PPU[0x1] Thread (main_thread)[0x00672cb0]} sysPrxForUser: sys_lwmutex_create(lwmutex=*0x23715d80, attr=*0xd001f760)
HLE: W {PPU[0x1] Thread (main_thread)[0x00672cb0]} sysPrxForUser: sys_lwmutex_create(lwmutex=*0x237166b0, attr=*0xd001f760)
HLE: W {PPU[0x1] Thread (main_thread)[0x00672cb0]} sysPrxForUser: sys_lwmutex_create(lwmutex=*0x23716fe8, attr=*0xd001f760)
HLE: W {PPU[0x1] Thread (main_thread)[0x00475ea8]} sys_event_flag: sys_event_flag_create(id=*0x23717058, attr=*0xd001f820, init=0x0)
HLE: W {PPU[0x1] Thread (main_thread)[0x00672cb0]} sysPrxForUser: sys_lwmutex_create(lwmutex=*0x23717088, attr=*0xd001f810)
HLE: W {PPU[0x1] Thread (main_thread)[0x00672c50]} sysPrxForUser: sys_ppu_thread_create(thread_id=*0x23717050, entry=0x859290, arg=0x237166d0, prio=999, stacksize=0x20000, flags=0x1, threadname=*0x6b2230)
HLE: W {PPU[0x1] Thread (main_thread)[0x00672c50]} sys_ppu_thread: _sys_ppu_thread_create(thread_id=*0x23717050, param=*0xd001f6e8, arg=0x237166d0, unk=0x0, prio=999, stacksize=0x20000, flags=0x1, threadname=*0x6b2230)
HLE: W {PPU[0x1] Thread (main_thread)[0x00672c50]} sys_ppu_thread: sys_ppu_thread_start(thread_id=0x133)
HLE: W {PPU[0x1] Thread (main_thread)[0x00672cb0]} sysPrxForUser: sys_lwmutex_create(lwmutex=*0x237179b8, attr=*0xd001f760)
HLE: W {PPU[0x1] Thread (main_thread)[0x004761c8]} sys_event_flag: sys_event_flag_create(id=*0x23717a28, attr=*0xd001f820, init=0x0)
HLE: W {PPU[0x1] Thread (main_thread)[0x00672cb0]} sysPrxForUser: sys_lwmutex_create(lwmutex=*0x23717a58, attr=*0xd001f810)
HLE: W {PPU[0x1] Thread (main_thread)[0x00672c50]} sysPrxForUser: sys_ppu_thread_create(thread_id=*0x23717a20, entry=0x859290, arg=0x237170a0, prio=999, stacksize=0x20000, flags=0x1, threadname=*0x6b2248)
HLE: W {PPU[0x1] Thread (main_thread)[0x00672c50]} sys_ppu_thread: _sys_ppu_thread_create(thread_id=*0x23717a20, param=*0xd001f6e8, arg=0x237170a0, unk=0x0, prio=999, stacksize=0x20000, flags=0x1, threadname=*0x6b2248)
HLE: W {PPU[0x1] Thread (main_thread)[0x00672c50]} sys_ppu_thread: sys_ppu_thread_start(thread_id=0x137)
HLE: W {PPU[0x1] Thread (main_thread)[0x00672cb0]} sysPrxForUser: sys_lwmutex_create(lwmutex=*0x23718388, attr=*0xd001f760)
HLE: W {PPU[0x1] Thread (main_thread)[0x004760bc]} sys_event_flag: sys_event_flag_create(id=*0x237183f8, attr=*0xd001f820, init=0x0)
HLE: W {PPU[0x1] Thread (main_thread)[0x00672cb0]} sysPrxForUser: sys_lwmutex_create(lwmutex=*0x23718428, attr=*0xd001f810)
HLE: W {PPU[0x1] Thread (main_thread)[0x00672c50]} sysPrxForUser: sys_ppu_thread_create(thread_id=*0x237183f0, entry=0x859290, arg=0x23717a70, prio=999, stacksize=0x20000, flags=0x1, threadname=*0x6b2260)
HLE: W {PPU[0x1] Thread (main_thread)[0x00672c50]} sys_ppu_thread: _sys_ppu_thread_create(thread_id=*0x237183f0, param=*0xd001f6e8, arg=0x23717a70, unk=0x0, prio=999, stacksize=0x20000, flags=0x1, threadname=*0x6b2260)
HLE: W {PPU[0x1] Thread (main_thread)[0x00672c50]} sys_ppu_thread: sys_ppu_thread_start(thread_id=0x13b)
HLE: W {PPU[0x1] Thread (main_thread)[0x00672cb0]} sysPrxForUser: sys_lwmutex_create(lwmutex=*0x23718d58, attr=*0xd001f760)
HLE: W {PPU[0x1] Thread (main_thread)[0x004762d4]} sys_event_flag: sys_event_flag_create(id=*0x23718dc8, attr=*0xd001f820, init=0x0)
HLE: W {PPU[0x1] Thread (main_thread)[0x00672cb0]} sysPrxForUser: sys_lwmutex_create(lwmutex=*0x23718df8, attr=*0xd001f810)
HLE: W {PPU[0x1] Thread (main_thread)[0x00672c50]} sysPrxForUser: sys_ppu_thread_create(thread_id=*0x23718dc0, entry=0x859290, arg=0x23718440, prio=999, stacksize=0x20000, flags=0x1, threadname=*0x6b2270)
HLE: W {PPU[0x1] Thread (main_thread)[0x00672c50]} sys_ppu_thread: _sys_ppu_thread_create(thread_id=*0x23718dc0, param=*0xd001f6e8, arg=0x23718440, unk=0x0, prio=999, stacksize=0x20000, flags=0x1, threadname=*0x6b2270)
HLE: W {PPU[0x1] Thread (main_thread)[0x00672c50]} sys_ppu_thread: sys_ppu_thread_start(thread_id=0x13f)
HLE: W {PPU[0x1] Thread (main_thread)[0x00672cb0]} sysPrxForUser: sys_lwmutex_create(lwmutex=*0x23719728, attr=*0xd001f760)
HLE: W {PPU[0x1] Thread (main_thread)[0x00475b88]} sys_event_flag: sys_event_flag_create(id=*0x23719798, attr=*0xd001f820, init=0x0)
HLE: W {PPU[0x1] Thread (main_thread)[0x00672cb0]} sysPrxForUser: sys_lwmutex_create(lwmutex=*0x237197c8, attr=*0xd001f810)
HLE: W {PPU[0x1] Thread (main_thread)[0x00672c50]} sysPrxForUser: sys_ppu_thread_create(thread_id=*0x23719790, entry=0x859290, arg=0x23718e10, prio=999, stacksize=0x20000, flags=0x1, threadname=*0x6b2280)
HLE: W {PPU[0x1] Thread (main_thread)[0x00672c50]} sys_ppu_thread: _sys_ppu_thread_create(thread_id=*0x23719790, param=*0xd001f6e8, arg=0x23718e10, unk=0x0, prio=999, stacksize=0x20000, flags=0x1, threadname=*0x6b2280)
HLE: W {PPU[0x1] Thread (main_thread)[0x00672c50]} sys_ppu_thread: sys_ppu_thread_start(thread_id=0x143)
HLE: W {PPU[0x1] Thread (main_thread)[0x00672cb0]} sysPrxForUser: sys_lwmutex_create(lwmutex=*0x23719808, attr=*0xd001f948)
HLE: W {PPU[0x1] Thread (main_thread)[0x00673bf0]} cellGcmSys: _cellGcmInitBody(context=**0x8f3230, cmdSize=0x10000, ioSize=0x3600000, ioAddress=0x20100000)
HLE: W {PPU[0x1] Thread (main_thread)[0x00673bf0]} cellGcmSys: *** local memory(addr=0xc0000000, size=0xf900000)
HLE: W {PPU[0x1] Thread (main_thread)[0x00673bf0]} cellGcmSys: cellGcmInit(): 256MB io address space used
RSX: ! {RSXThread} RSX thread started
HLE: W {PPU[0x1] Thread (main_thread)[0x006739b0]} cellSpurs: cellSpursCreateTaskset(spurs=*0x23700080, taskset=*0x2374c700, args=0x237484802374c700, priority=*0xd001f7f0, maxContention=5)
HLE: W {PPU[0x1] Thread (main_thread)[0x006739b0]} cellSpurs: _cellSpursWorkloadAttributeInitialize(attr=*0xd001f580, revision=1, sdkVersion=0x33, pm=*0x200, size=0x1e40, data=0x2374c700, priority=*0xd001f7f0, minCnt=0x8, maxCnt=0x5)
HLE: W {PPU[0x1] Thread (main_thread)[0x006739b0]} cellSpurs: cellSpursWorkloadAttributeSetName(attr=*0xd001f580, nameClass=*0x0, nameInstance=*0x0)
HLE: W {PPU[0x1] Thread (main_thread)[0x006739b0]} cellSpurs: cellSpursAddWorkloadWithAttribute(spurs=*0x23700080, wid=*0xd001f578, attr=*0xd001f580)
HLE: E {PPU[0x1] Thread (main_thread)[0x006738b0]} cellSpurs TODO: _cellSpursLFQueueInitialize(pTasksetOrSpurs=*0x2374c700, pQueue=*0x23748480, buffer=*0x23748680, size=0x10, depth=0x100, direction=0)
HLE: W {PPU[0x1] Thread (main_thread)[0x006738b0]} cellSync: cellSyncLFQueueInitialize(queue=*0x23748480, buffer=*0x23748680, size=0x10, depth=0x100, direction=0, eaSignal=*0x2374c700)
HLE: E {PPU[0x1] Thread (main_thread)[0x006738b0]} cellSpurs TODO: _cellSpursLFQueueInitialize(pTasksetOrSpurs=*0x2374c700, pQueue=*0x23748500, buffer=*0x23749680, size=0x10, depth=0x100, direction=0)
HLE: W {PPU[0x1] Thread (main_thread)[0x006738b0]} cellSync: cellSyncLFQueueInitialize(queue=*0x23748500, buffer=*0x23749680, size=0x10, depth=0x100, direction=0, eaSignal=*0x2374c700)
HLE: E {PPU[0x1] Thread (main_thread)[0x006738b0]} cellSpurs TODO: _cellSpursLFQueueInitialize(pTasksetOrSpurs=*0x2374c700, pQueue=*0x23748580, buffer=*0x2374a680, size=0x10, depth=0x100, direction=0)
HLE: W {PPU[0x1] Thread (main_thread)[0x006738b0]} cellSync: cellSyncLFQueueInitialize(queue=*0x23748580, buffer=*0x2374a680, size=0x10, depth=0x100, direction=0, eaSignal=*0x2374c700)
HLE: E {PPU[0x1] Thread (main_thread)[0x006738b0]} cellSpurs TODO: _cellSpursLFQueueInitialize(pTasksetOrSpurs=*0x2374c700, pQueue=*0x23748600, buffer=*0x2374b680, size=0x10, depth=0x100, direction=0)
HLE: W {PPU[0x1] Thread (main_thread)[0x006738b0]} cellSync: cellSyncLFQueueInitialize(queue=*0x23748600, buffer=*0x2374b680, size=0x10, depth=0x100, direction=0, eaSignal=*0x2374c700)
HLE: E {PPU[0x1] Thread (main_thread)[0x006738b0]} cellSpurs TODO: _cellSpursLFQueueInitialize(pTasksetOrSpurs=*0x2374c700, pQueue=*0x2378b500, buffer=*0x2378b580, size=0x10, depth=0x800, direction=2)
HLE: W {PPU[0x1] Thread (main_thread)[0x006738b0]} cellSync: cellSyncLFQueueInitialize(queue=*0x2378b500, buffer=*0x2378b580, size=0x10, depth=0x800, direction=2, eaSignal=*0x2374c700)
HLE: W {PPU[0x1] Thread (main_thread)[0x00673a90]} cellSpurs: cellSpursCreateTask(taskset=*0x2374c700, taskID=*0x237198a0, elf=*0x6d8b80, context=*0x2374e080, size=0x3d400, lsPattern=*0x6b1a70, argument=*0xd001f860)
HLE: W {PPU[0x1] Thread (main_thread)[0x00673a90]} cellSpurs: cellSpursSendWorkloadSignal(spurs=*0x23700080, wid=0)
HLE: W {PPU[0x1] Thread (main_thread)[0x00673a90]} cellSpurs: cellSpursWakeUp(spurs=*0x23700080)
HLE: E {PPU[0x1] Thread (main_thread)[0x00672af0]} cellSpurs: _cellSpursLFQueuePushBody
G: ! Stopping emulator...
G: ! All threads signaled...
G: ! {VBlank Thread} Thread aborted
G: ! {PPU[0x2] Thread (Callback Thread)[0x00000000]} Thread aborted
G: ! {PPU[0x1] Thread (main_thread)[0x00449654]} Thread aborted
G: ! {PPU[0x2a] Thread (SpursHdlr1)[0x00000000]} Thread aborted
HLE: S {PPU[0x133] Thread (KsgFsThread_Host)[0x0047b448]} Last syscall: 85 (sys_event_flag_wait)
HLE: S {PPU[0x137] Thread (KsgFsThread_Bdvd)[0x0047b448]} Last syscall: 85 (sys_event_flag_wait)
G: ! {PPU[0x133] Thread (KsgFsThread_Host)[0x0047b448]} Thread aborted
HLE: S {PPU[0x13b] Thread (KsgFsThread_Hdd)[0x0047b448]} Last syscall: 85 (sys_event_flag_wait)
HLE: S {PPU[0x13f] Thread (KsgFsThread_Ms)[0x0047b448]} Last syscall: 85 (sys_event_flag_wait)
G: ! {PPU[0x137] Thread (KsgFsThread_Bdvd)[0x0047b448]} Thread aborted
HLE: S {PPU[0x143] Thread (KsgFsThread_Usb)[0x0047b448]} Last syscall: 85 (sys_event_flag_wait)
G: ! {PPU[0x13b] Thread (KsgFsThread_Hdd)[0x0047b448]} Thread aborted
G: ! {PPU[0x13f] Thread (KsgFsThread_Ms)[0x0047b448]} Thread aborted
G: ! {PPU[0x143] Thread (KsgFsThread_Usb)[0x0047b448]} Thread aborted
G: ! {PPU[0x2b] Thread (SpursHdlr0)[0x00000000]} Thread aborted
G: ! {SPU[0x23] Thread (CellSpursKernel2)[0x00818]} Thread aborted
G: ! {SPU[0x22] Thread (CellSpursKernel1)[0x00818]} Thread aborted
G: ! {SPU[0x24] Thread (CellSpursKernel3)[0x00818]} Thread aborted
G: ! {SPU[0x21] Thread (CellSpursKernel0)[0x00818]} Thread aborted
G: ! {SPU[0x25] Thread (CellSpursKernel4)[0x00818]} Thread aborted
G: ! All threads stopped...
G: ! Objects cleared...
