LDR: ! Imported function 'listen' in 'sys_net' module (0x28c3f4)
LDR: ! Imported function 'socketselect' in 'sys_net' module (0x28c414)
LDR: ! Imported function '_sys_net_errno_loc' in 'sys_net' module (0x28c434)
LDR: ! Imported function 'connect' in 'sys_net' module (0x28c454)
LDR: ! Imported function 'socketclose' in 'sys_net' module (0x28c474)
LDR: ! Imported function 'gethostbyname' in 'sys_net' module (0x28c494)
LDR: ! Imported function 'setsockopt' in 'sys_net' module (0x28c4b4)
LDR: ! Imported function 'socket' in 'sys_net' module (0x28c4d4)
LDR: ! Imported function 'bind' in 'sys_net' module (0x28c4f4)
LDR: ! Imported function 'accept' in 'sys_net' module (0x28c514)
LDR: ! Imported function 'inet_addr' in 'sys_net' module (0x28c534)
LDR: ! Imported function 'send' in 'sys_net' module (0x28c554)
LDR: ! Imported function 'recv' in 'sys_net' module (0x28c574)

LDR: ! Imported function 'cellAudioCreateNotifyEventQueue' in 'cellAudio' module (0x28c594)
LDR: ! Imported function 'cellAudioInit' in 'cellAudio' module (0x28c5b4)
LDR: ! Imported function 'cellAudioSetNotifyEventQueue' in 'cellAudio' module (0x28c5d4)
LDR: ! Imported function 'cellAudioPortClose' in 'cellAudio' module (0x28c5f4)
LDR: ! Imported function 'cellAudioPortStop' in 'cellAudio' module (0x28c614)
LDR: ! Imported function 'cellAudioGetPortConfig' in 'cellAudio' module (0x28c634)
LDR: ! Imported function 'cellAudioPortStart' in 'cellAudio' module (0x28c654)
LDR: ! Imported function 'cellAudioQuit' in 'cellAudio' module (0x28c674)
LDR: ! Imported function 'cellAudioPortOpen' in 'cellAudio' module (0x28c694)
LDR: ! Imported function 'cellAudioRemoveNotifyEventQueue' in 'cellAudio' module (0x28c6b4)

LDR: ! Imported function 'cellMicOpenEx' in 'cellMic' module (0x28c6d4)
LDR: ! Imported function 'cellMicRead' in 'cellMic' module (0x28c6f4)
LDR: ! Imported function 'cellMicIsAttached' in 'cellMic' module (0x28c714)
LDR: ! Imported function 'cellMicSetNotifyEventQueue' in 'cellMic' module (0x28c734)
LDR: ! Imported function 'cellMicClose' in 'cellMic' module (0x28c754)
LDR: ! Imported function 'cellMicStart' in 'cellMic' module (0x28c774)
LDR: ! Imported function 'cellMicStop' in 'cellMic' module (0x28c794)

LDR: ! Imported function 'cellSpursEventFlagWait' in 'cellSpurs' module (0x28c7b4)
LDR: ! Imported function '_cellSpursEventFlagInitialize' in 'cellSpurs' module (0x28c7d4)
LDR: ! Imported function 'cellSpursEventFlagAttachLv2EventQueue' in 'cellSpurs' module (0x28c7f4)
LDR: ! Imported function 'cellSpursCreateTask' in 'cellSpurs' module (0x28c814)
LDR: ! Imported function 'cellSpursEventFlagSet' in 'cellSpurs' module (0x28c834)

LDR: ! Imported function 'cellSysutilUnregisterCallback' in 'cellSysutil' module (0x28c854)
LDR: ! Imported function 'cellVideoOutConfigure' in 'cellSysutil' module (0x28c874)
LDR: ! Imported function 'cellSysutilCheckCallback' in 'cellSysutil' module (0x28c894)
LDR: ! Imported function 'cellVideoOutGetDeviceInfo' in 'cellSysutil' module (0x28c8b4)
LDR: ! Imported function 'cellSaveDataListAutoLoad' in 'cellSysutil' module (0x28c8d4)
LDR: ! Imported function 'cellMsgDialogOpenErrorCode' in 'cellSysutil' module (0x28c8f4)
LDR: ! Imported function 'cellSysutilGetSystemParamInt' in 'cellSysutil' module (0x28c914)
LDR: ! Imported function 'cellAudioOutConfigure' in 'cellSysutil' module (0x28c934)
LDR: ! Imported function 'cellMsgDialogAbort' in 'cellSysutil' module (0x28c954)
LDR: ! Imported function 'cellMsgDialogOpen2' in 'cellSysutil' module (0x28c974)
LDR: ! Imported function 'cellVideoOutGetState' in 'cellSysutil' module (0x28c994)
LDR: ! Imported function 'cellSaveDataAutoSave2' in 'cellSysutil' module (0x28c9b4)
LDR: ! Imported function 'cellSysutilRegisterCallback' in 'cellSysutil' module (0x28c9d4)
LDR: ! Imported function 'cellSysutilGetBgmPlaybackStatus' in 'cellSysutil' module (0x28c9f4)
LDR: ! Imported function 'cellVideoOutGetResolutionAvailability' in 'cellSysutil' module (0x28ca14)
LDR: ! Imported function 'cellAudioOutGetSoundAvailability' in 'cellSysutil' module (0x28ca34)
LDR: ! Imported function 'cellSaveDataAutoLoad2' in 'cellSysutil' module (0x28ca54)

LDR: ! Imported function 'cellAudioInGetAvailableDeviceInfo' in 'cellSysutilAvconfExt' module (0x28ca74)
LDR: ! Imported function 'cellAudioInSetDeviceMode' in 'cellSysutilAvconfExt' module (0x28ca94)
LDR: ! Imported function 'cellAudioInRegisterDevice' in 'cellSysutilAvconfExt' module (0x28cab4)
LDR: ! Imported function 'cellAudioInUnregisterDevice' in 'cellSysutilAvconfExt' module (0x28cad4)

LDR: ! Imported function 'cellGameContentPermit' in 'cellGame' module (0x28caf4)
LDR: ! Imported function 'cellGameContentErrorDialog' in 'cellGame' module (0x28cb14)
LDR: ! Imported function 'cellGameBootCheck' in 'cellGame' module (0x28cb34)

LDR: ! Imported function 'cellSysmoduleUnloadModule' in 'cellSysmodule' module (0x28cb54)
LDR: ! Imported function 'cellSysmoduleLoadModule' in 'cellSysmodule' module (0x28cb74)
LDR: ! Imported function 'cellSysmoduleIsLoaded' in 'cellSysmodule' module (0x28cb94)
LDR: ! Imported function 'cellSysmoduleInitialize' in 'cellSysmodule' module (0x28cbb4)

LDR: ! Imported function 'cellUserInfoGetStat' in 'cellUserInfo' module (0x28cbd4)

LDR: ! Imported function 'sceNpBasicGetFriendListEntry' in 'sceNp' module (0x28cbf4)
LDR: ! Imported function 'sceNpScoreGetRankingByRangeAsync' in 'sceNp' module (0x28cc14)
LDR: ! Imported function 'sceNpScoreDestroyTitleCtx' in 'sceNp' module (0x28cc34)
LDR: ! Imported function 'sceNpScoreInit' in 'sceNp' module (0x28cc54)
LDR: ! Imported function 'sceNpScoreGetRankingByNpIdAsync' in 'sceNp' module (0x28cc74)
LDR: ! Imported function 'sceNpTerm' in 'sceNp' module (0x28cc94)
LDR: ! Imported function 'sceNpManagerUnregisterCallback' in 'sceNp' module (0x28ccb4)
LDR: ! Imported function 'sceNpManagerGetContentRatingFlag' in 'sceNp' module (0x28ccd4)
LDR: ! Imported function 'sceNpScoreCreateTransactionCtx' in 'sceNp' module (0x28ccf4)
LDR: ! Imported function 'sceNpScoreTerm' in 'sceNp' module (0x28cd14)
LDR: ! Imported function 'sceNpScorePollAsync' in 'sceNp' module (0x28cd34)
LDR: ! Imported function 'sceNpManagerGetStatus' in 'sceNp' module (0x28cd54)
LDR: ! Imported function 'sceNpBasicGetFriendListEntryCount' in 'sceNp' module (0x28cd74)
LDR: ! Imported function 'sceNpScoreCreateTitleCtx' in 'sceNp' module (0x28cd94)
LDR: ! Imported function 'sceNpInit' in 'sceNp' module (0x28cdb4)
LDR: ! Imported function 'sceNpDrmVerifyUpgradeLicense2' in 'sceNp' module (0x28cdd4)
LDR: ! Imported function 'sceNpScoreDestroyTransactionCtx' in 'sceNp' module (0x28cdf4)
LDR: ! Imported function 'sceNpManagerRegisterCallback' in 'sceNp' module (0x28ce14)
LDR: ! Imported function 'sceNpScoreAbortTransaction' in 'sceNp' module (0x28ce34)
LDR: ! Imported function 'sceNpDrmIsAvailable2' in 'sceNp' module (0x28ce54)
LDR: ! Imported function 'sceNpScoreRecordScoreAsync' in 'sceNp' module (0x28ce74)
LDR: ! Imported function 'sceNpDrmExecuteGamePurchase' in 'sceNp' module (0x28ce94)
LDR: ! Imported function 'sceNpManagerGetNpId' in 'sceNp' module (0x28ceb4)

LDR: ! Imported function 'sceNpTrophyRegisterContext' in 'sceNpTrophy' module (0x28ced4)
LDR: ! Imported function 'sceNpTrophyCreateHandle' in 'sceNpTrophy' module (0x28cef4)
LDR: ! Imported function 'sceNpTrophyGetRequiredDiskSpace' in 'sceNpTrophy' module (0x28cf14)
LDR: ! Imported function 'sceNpTrophyDestroyContext' in 'sceNpTrophy' module (0x28cf34)
LDR: ! Imported function 'sceNpTrophyInit' in 'sceNpTrophy' module (0x28cf54)
LDR: ! Imported function 'sceNpTrophyDestroyHandle' in 'sceNpTrophy' module (0x28cf74)
LDR: ! Imported function 'sceNpTrophyUnlockTrophy' in 'sceNpTrophy' module (0x28cf94)
LDR: ! Imported function 'sceNpTrophyTerm' in 'sceNpTrophy' module (0x28cfb4)
LDR: ! Imported function 'sceNpTrophyGetTrophyUnlockState' in 'sceNpTrophy' module (0x28cfd4)
LDR: ! Imported function 'sceNpTrophyCreateContext' in 'sceNpTrophy' module (0x28cff4)

LDR: ! Imported function 'cellGcmGetTiledPitchSize' in 'cellGcmSys' module (0x28d014)
LDR: ! Imported function '_cellGcmInitBody' in 'cellGcmSys' module (0x28d034)
LDR: ! Imported function '_cellGcmSetFlipCommand' in 'cellGcmSys' module (0x28d054)
LDR: ! Imported function 'cellGcmAddressToOffset' in 'cellGcmSys' module (0x28d074)
LDR: ! Imported function '_cellGcmFunc15' in 'cellGcmSys' module (0x28d094)
LDR: ! Imported function 'cellGcmBindTile' in 'cellGcmSys' module (0x28d0b4)
LDR: ! Imported function 'cellGcmSetFlipMode' in 'cellGcmSys' module (0x28d0d4)
LDR: ! Imported function 'cellGcmGetDefaultCommandWordSize' in 'cellGcmSys' module (0x28d0f4)
LDR: ! Imported function 'cellGcmGetVBlankCount' in 'cellGcmSys' module (0x28d114)
LDR: ! Imported function 'cellGcmGetFlipStatus' in 'cellGcmSys' module (0x28d134)
LDR: ! Imported function 'cellGcmGetDefaultSegmentWordSize' in 'cellGcmSys' module (0x28d154)
LDR: ! Imported function 'cellGcmSetDefaultFifoSize' in 'cellGcmSys' module (0x28d174)
LDR: ! Imported function 'cellGcmBindZcull' in 'cellGcmSys' module (0x28d194)
LDR: ! Imported function 'cellGcmMapMainMemory' in 'cellGcmSys' module (0x28d1b4)
LDR: ! Imported function 'cellGcmSetDisplayBuffer' in 'cellGcmSys' module (0x28d1d4)
LDR: ! Imported function 'cellGcmGetControlRegister' in 'cellGcmSys' module (0x28d1f4)
LDR: ! Imported function 'cellGcmUnbindZcull' in 'cellGcmSys' module (0x28d214)
LDR: ! Imported function 'cellGcmResetFlipStatus' in 'cellGcmSys' module (0x28d234)
LDR: ! Imported function 'cellGcmSetTileInfo' in 'cellGcmSys' module (0x28d254)
LDR: ! Imported function 'cellGcmSetGraphicsHandler' in 'cellGcmSys' module (0x28d274)
LDR: ! Imported function '_cellGcmSetFlipCommandWithWaitLabel' in 'cellGcmSys' module (0x28d294)
LDR: ! Imported function 'cellGcmUnbindTile' in 'cellGcmSys' module (0x28d2b4)
LDR: ! Imported function 'cellGcmGetConfiguration' in 'cellGcmSys' module (0x28d2d4)
LDR: ! Imported function 'cellGcmUnmapEaIoAddress' in 'cellGcmSys' module (0x28d2f4)
LDR: ! Imported function 'cellGcmGetLabelAddress' in 'cellGcmSys' module (0x28d314)

LDR: ! Imported function 'cellNetCtlNetStartDialogLoadAsync' in 'cellNetCtl' module (0x28d334)
LDR: ! Imported function 'cellNetCtlNetStartDialogUnloadAsync' in 'cellNetCtl' module (0x28d354)
LDR: ! Imported function 'cellNetCtlTerm' in 'cellNetCtl' module (0x28d374)
LDR: ! Imported function 'cellNetCtlInit' in 'cellNetCtl' module (0x28d394)

LDR: ! Imported function 'cellPadInit' in 'sys_io' module (0x28d3b4)
LDR: ! Imported function 'cellPadEnd' in 'sys_io' module (0x28d3d4)
LDR: ! Imported function 'cellPadGetData' in 'sys_io' module (0x28d3f4)
LDR: ! Imported function 'cellPadGetInfo2' in 'sys_io' module (0x28d414)
LDR: ! Imported function 'cellPadSetActDirect' in 'sys_io' module (0x28d434)

LDR: ! Imported function 'cellFsRmdir' in 'sys_fs' module (0x28d454)
LDR: ! Imported function 'cellFsClose' in 'sys_fs' module (0x28d474)
LDR: ! Imported function 'cellFsOpendir' in 'sys_fs' module (0x28d494)
LDR: ! Imported function 'cellFsRead' in 'sys_fs' module (0x28d4b4)
LDR: ! Imported function 'cellFsReaddir' in 'sys_fs' module (0x28d4d4)
LDR: ! Imported function 'cellFsSdataOpenByFd' in 'sys_fs' module (0x28d4f4)
LDR: ! Imported function 'cellFsOpen' in 'sys_fs' module (0x28d514)
LDR: ! Imported function 'cellFsStat' in 'sys_fs' module (0x28d534)
LDR: ! Imported function 'cellFsUnlink' in 'sys_fs' module (0x28d554)
LDR: ! Imported function 'cellFsFsync' in 'sys_fs' module (0x28d574)
LDR: ! Imported function 'cellFsLseek' in 'sys_fs' module (0x28d594)
LDR: ! Imported function 'cellFsGetFreeSize' in 'sys_fs' module (0x28d5b4)
LDR: ! Imported function 'cellFsSdataOpen' in 'sys_fs' module (0x28d5d4)
LDR: ! Imported function 'cellFsMkdir' in 'sys_fs' module (0x28d5f4)
LDR: ! Imported function 'cellFsWrite' in 'sys_fs' module (0x28d614)
LDR: ! Imported function 'cellFsFstat' in 'sys_fs' module (0x28d634)
LDR: ! Imported function 'cellFsClosedir' in 'sys_fs' module (0x28d654)

LDR: ! Imported function 'sys_lwmutex_lock' in 'sysPrxForUser' module (0x28d674)
LDR: ! Imported function 'sys_lwmutex_unlock' in 'sysPrxForUser' module (0x28d694)
LDR: ! Imported function 'sys_lwcond_destroy' in 'sysPrxForUser' module (0x28d6b4)
LDR: ! Imported function 'sys_ppu_thread_create' in 'sysPrxForUser' module (0x28d6d4)
LDR: ! Imported function 'sys_prx_load_module' in 'sysPrxForUser' module (0x28d6f4)
LDR: ! Imported function 'sys_lwcond_wait' in 'sysPrxForUser' module (0x28d714)
LDR: ! Imported function '_sys_process_atexitspawn' in 'sysPrxForUser' module (0x28d734)
LDR: ! Imported function 'sys_lwmutex_create' in 'sysPrxForUser' module (0x28d754)
LDR: ! Imported function 'sys_ppu_thread_get_id' in 'sysPrxForUser' module (0x28d774)
LDR: ! Imported function 'sys_prx_register_library' in 'sysPrxForUser' module (0x28d794)
LDR: ! Imported function 'sys_process_is_stack' in 'sysPrxForUser' module (0x28d7b4)
LDR: ! Imported function 'sys_initialize_tls' in 'sysPrxForUser' module (0x28d7d4)
LDR: ! Imported function 'sys_time_get_system_time' in 'sysPrxForUser' module (0x28d7f4)
LDR: ! Imported function '_sys_process_at_Exitspawn' in 'sysPrxForUser' module (0x28d814)
LDR: ! Imported function 'sys_prx_exitspawn_with_level' in 'sysPrxForUser' module (0x28d834)
LDR: ! Imported function 'sys_prx_load_module_on_memcontainer_by_fd' in 'sysPrxForUser' module (0x28d854)
LDR: ! Imported function 'sys_prx_load_module_on_memcontainer' in 'sysPrxForUser' module (0x28d874)
LDR: ! Imported function 'sys_lwmutex_trylock' in 'sysPrxForUser' module (0x28d894)
LDR: ! Imported function 'sys_ppu_thread_exit' in 'sysPrxForUser' module (0x28d8b4)
LDR: ! Imported function 'sys_lwmutex_destroy' in 'sysPrxForUser' module (0x28d8d4)
LDR: ! Imported function 'sys_lwcond_create' in 'sysPrxForUser' module (0x28d8f4)
LDR: ! Imported function 'sys_spu_image_close' in 'sysPrxForUser' module (0x28d914)
LDR: ! Imported function 'sys_process_exit' in 'sysPrxForUser' module (0x28d934)
LDR: ! Imported function 'sys_lwcond_signal_all' in 'sysPrxForUser' module (0x28d954)
LDR: ! Imported function 'sys_spu_image_import' in 'sysPrxForUser' module (0x28d974)
LDR: ! Imported function 'sys_prx_load_module_by_fd' in 'sysPrxForUser' module (0x28d994)
LDR: ! Imported function 'sys_lwcond_signal' in 'sysPrxForUser' module (0x28d9b4)