LDR: ! Imported function 'cellPadClearBuf' in 'sys_io' module (0x674724)
LDR: ! Imported function 'cellPadInit' in 'sys_io' module (0x674744)
LDR: ! Imported function 'cellPadEnd' in 'sys_io' module (0x674764)
LDR: ! Imported function 'cellPadGetData' in 'sys_io' module (0x674784)
LDR: ! Imported function 'cellPadGetInfo2' in 'sys_io' module (0x6747a4)
LDR: ! Imported function 'cellGcmGetTiledPitchSize' in 'cellGcmSys' module (0x6747c4)
LDR: ! Imported function 'cellGcmAddressToOffset' in 'cellGcmSys' module (0x6747e4)
LDR: ! Imported function 'cellGcmIoOffsetToAddress' in 'cellGcmSys' module (0x674804)
LDR: ! Imported function 'cellGcmBindTile' in 'cellGcmSys' module (0x674824)
LDR: ! Imported function 'cellGcmSetFlipMode' in 'cellGcmSys' module (0x674844)
LDR: ! Imported function 'cellGcmSetDebugOutputLevel' in 'cellGcmSys' module (0x674864)
LDR: ! Imported function 'cellGcmBindZcull' in 'cellGcmSys' module (0x674884)
LDR: ! Imported function 'cellGcmMapMainMemory' in 'cellGcmSys' module (0x6748a4)
LDR: ! Imported function 'cellGcmSetFlipHandler' in 'cellGcmSys' module (0x6748c4)
LDR: ! Imported function 'cellGcmSetDisplayBuffer' in 'cellGcmSys' module (0x6748e4)
LDR: ! Imported function 'cellGcmUnbindZcull' in 'cellGcmSys' module (0x674904)
LDR: ! Imported function 'cellGcmSetVBlankHandler' in 'cellGcmSys' module (0x674924)
LDR: ! Imported function 'cellGcmSetDefaultCommandBuffer' in 'cellGcmSys' module (0x674944)
LDR: ! Imported function 'cellGcmSetTileInfo' in 'cellGcmSys' module (0x674964)
LDR: ! Imported function 'cellGcmSetTile' in 'cellGcmSys' module (0x674984)
LDR: ! Imported function 'cellGcmSetZcull' in 'cellGcmSys' module (0x6749a4)
LDR: ! Imported function 'cellGcmUnbindTile' in 'cellGcmSys' module (0x6749c4)
LDR: ! Imported function 'cellGcmGetConfiguration' in 'cellGcmSys' module (0x6749e4)
LDR: ! Imported function 'cellGcmGetLabelAddress' in 'cellGcmSys' module (0x674a04)
LDR: ! Imported function '_cellGcmInitBody' in 'cellGcmSys' module (0x676164)
LDR: ! Imported function '_cellGcmSetFlipCommand' in 'cellGcmSys' module (0x676184)
LDR: ! Imported function '_cellGcmFunc15' in 'cellGcmSys' module (0x6761a4)
LDR: ! Imported function 'cellGcmGetControlRegister' in 'cellGcmSys' module (0x6761c4)
LDR: ! Imported function '_cellGcmSetFlipCommandWithWaitLabel' in 'cellGcmSys' module (0x6761e4)
LDR: ! Imported function 'cellSysmoduleUnloadModule' in 'cellSysmodule' module (0x674a24)
LDR: ! Imported function 'cellSysmoduleLoadModule' in 'cellSysmodule' module (0x674a44)
LDR: ! Imported function 'cellSysutilUnregisterCallback' in 'cellSysutil' module (0x674a64)
LDR: ! Imported function 'cellVideoOutConfigure' in 'cellSysutil' module (0x674a84)
LDR: ! Imported function 'cellSysutilCheckCallback' in 'cellSysutil' module (0x674aa4)
LDR: ! Imported function 'cellSysutilGetSystemParamInt' in 'cellSysutil' module (0x674ac4)
LDR: ! Imported function 'cellMsgDialogOpen2' in 'cellSysutil' module (0x674ae4)
LDR: ! Imported function 'cellVideoOutGetState' in 'cellSysutil' module (0x674b04)
LDR: ! Imported function 'cellSaveDataAutoSave2' in 'cellSysutil' module (0x674b24)
LDR: ! Imported function 'cellHddGameCheck' in 'cellSysutil' module (0x674b44)
LDR: ! Imported function 'cellSysutilRegisterCallback' in 'cellSysutil' module (0x674b64)
LDR: ! Imported function 'cellHddGameExitBroken' in 'cellSysutil' module (0x674b84)
LDR: ! Imported function 'cellVideoOutGetResolution' in 'cellSysutil' module (0x674ba4)
LDR: ! Imported function 'cellSaveDataAutoLoad2' in 'cellSysutil' module (0x674bc4)
LDR: ! Imported function 'cellAudioOutConfigure' in 'cellSysutil' module (0x676204)
LDR: ! Imported function 'cellAudioOutGetDeviceInfo' in 'cellSysutil' module (0x676224)
LDR: ! Imported function 'cellAudioOutGetSoundAvailability' in 'cellSysutil' module (0x676244)
LDR: ! Imported function 'cellAudioOutGetNumberOfDevice' in 'cellSysutil' module (0x676264)
LDR: ! Imported function 'cellAudioOutGetConfiguration' in 'cellSysutil' module (0x676284)
LDR: ! Imported function 'cellAudioOutGetState' in 'cellSysutil' module (0x6762a4)
LDR: ! Imported function 'cellAudioInit' in 'cellAudio' module (0x674be4)
LDR: ! Imported function 'cellAudioPortStop' in 'cellAudio' module (0x674c04)
LDR: ! Imported function 'cellAudioGetPortConfig' in 'cellAudio' module (0x674c24)
LDR: ! Imported function 'cellAudioPortStart' in 'cellAudio' module (0x674c44)
LDR: ! Imported function 'cellAudioQuit' in 'cellAudio' module (0x674c64)
LDR: ! Imported function 'cellAudioPortOpen' in 'cellAudio' module (0x674c84)
LDR: ! Imported function 'cellFsClose' in 'sys_fs' module (0x674ca4)
LDR: ! Imported function 'cellFsRead' in 'sys_fs' module (0x674cc4)
LDR: ! Imported function 'cellFsOpen' in 'sys_fs' module (0x674ce4)
LDR: ! Imported function 'cellFsAioFinish' in 'sys_fs' module (0x674d04)
LDR: ! Imported function 'cellFsLseek' in 'sys_fs' module (0x674d24)
LDR: ! Imported function 'cellFsGetFreeSize' in 'sys_fs' module (0x674d44)
LDR: ! Imported function 'cellFsAioRead' in 'sys_fs' module (0x674d64)
LDR: ! Imported function 'cellFsAioInit' in 'sys_fs' module (0x674d84)
cellSpurs = V
LDR: ! Imported function 'sys_net_initialize_network_ex' in 'sys_net' module (0x6752e4)
LDR: ! Imported function 'recvfrom' in 'sys_net' module (0x675304)
LDR: ! Imported function '_sys_net_errno_loc' in 'sys_net' module (0x675324)
LDR: ! Imported function 'socketclose' in 'sys_net' module (0x675344)
LDR: ! Imported function 'inet_ntoa' in 'sys_net' module (0x675364)
LDR: ! Imported function 'setsockopt' in 'sys_net' module (0x675384)
LDR: ! Imported function 'sendto' in 'sys_net' module (0x6753a4)
LDR: ! Imported function 'socket' in 'sys_net' module (0x6753c4)
LDR: ! Imported function 'shutdown' in 'sys_net' module (0x6753e4)
LDR: ! Imported function 'bind' in 'sys_net' module (0x675404)
LDR: ! Imported function 'sys_net_finalize_network' in 'sys_net' module (0x675424)
LDR: ! Imported function 'sys_net_free_thread_context' in 'sys_net' module (0x675444)
cellNetCtl = 
LDR: ! Imported function 'cellNetCtlNetStartDialogUnloadAsync' in 'cellNetCtl' module (0x675484)
LDR: ! Imported function 'cellNetCtlTerm' in 'cellNetCtl' module (0x6754a4)
LDR: ! Imported function 'cellNetCtlInit' in 'cellNetCtl' module (0x6754c4)
LDR: ! Imported function 'sceNpMatching2DestroyContext' in 'sceNp2' module (0x6754e4)
LDR: ! Imported function 'sceNpMatching2GetWorldInfoList' in 'sceNp2' module (0x675504)
LDR: ! Imported function 'sceNpMatching2SearchRoom' in 'sceNp2' module (0x675524)
LDR: ! Imported function 'sceNpMatching2LeaveRoom' in 'sceNp2' module (0x675544)
LDR: ! Imported function 'sceNpMatching2SetRoomDataExternal' in 'sceNp2' module (0x675564)
LDR: ! Imported function 'sceNpMatching2AbortRequest' in 'sceNp2' module (0x675584)
LDR: ! Imported function 'sceNpMatching2Term' in 'sceNp2' module (0x6755a4)
LDR: ! Imported function 'sceNpMatching2GetServerInfo' in 'sceNp2' module (0x6755c4)
LDR: ! Imported function 'sceNpMatching2GetEventData' in 'sceNp2' module (0x6755e4)
LDR: ! Imported function 'sceNpMatching2Init' in 'sceNp2' module (0x675604)
LDR: ! Imported function 'sceNp2Init' in 'sceNp2' module (0x675624)
LDR: ! Imported function 'sceNpMatching2JoinRoom' in 'sceNp2' module (0x675644)
LDR: ! Imported function 'sceNpMatching2ContextStartAsync' in 'sceNp2' module (0x675664)
LDR: ! Imported function 'sceNpMatching2RegisterContextCallback' in 'sceNp2' module (0x675684)
LDR: ! Imported function 'sceNpMatching2SignalingGetPingInfo' in 'sceNp2' module (0x6756a4)
LDR: ! Imported function 'sceNpMatching2GetServerIdListLocal' in 'sceNp2' module (0x6756c4)
LDR: ! Imported function 'sceNpMatching2CreateContext' in 'sceNp2' module (0x6756e4)
LDR: ! Imported function 'sceNp2Term' in 'sceNp2' module (0x675704)
LDR: ! Imported function 'sceNpMatching2SetRoomMemberDataInternal' in 'sceNp2' module (0x675724)
LDR: ! Imported function 'sceNpMatching2RegisterRoomEventCallback' in 'sceNp2' module (0x675744)
LDR: ! Imported function 'sceNpMatching2GetRoomDataExternalList' in 'sceNp2' module (0x675764)
LDR: ! Imported function 'sceNpMatching2CreateJoinRoom' in 'sceNp2' module (0x675784)
LDR: ! Imported function 'sceNpMatching2ContextStop' in 'sceNp2' module (0x6757a4)
LDR: ! Imported function 'sceNpMatching2RegisterRoomMessageCallback' in 'sceNp2' module (0x6757c4)
LDR: ! Imported function 'sceNpScoreGetRankingByRangeAsync' in 'sceNp' module (0x6757e4)
LDR: ! Imported function 'sceNpScoreDestroyTitleCtx' in 'sceNp' module (0x675804)
LDR: ! Imported function 'sceNpScoreInit' in 'sceNp' module (0x675824)
LDR: ! Imported function 'sceNpScoreGetRankingByNpIdAsync' in 'sceNp' module (0x675844)
LDR: ! Imported function 'sceNpBasicSetPresence' in 'sceNp' module (0x675864)
LDR: ! Imported function 'sceNpManagerUnregisterCallback' in 'sceNp' module (0x675884)
LDR: ! Imported function 'sceNpSignalingActivateConnection' in 'sceNp' module (0x6758a4)
LDR: ! Imported function 'sceNpSignalingCreateCtx' in 'sceNp' module (0x6758c4)
LDR: ! Imported function 'sceNpManagerGetContentRatingFlag' in 'sceNp' module (0x6758e4)
LDR: ! Imported function 'sceNpScoreCreateTransactionCtx' in 'sceNp' module (0x675904)
LDR: ! Imported function 'sceNpSignalingTerminateConnection' in 'sceNp' module (0x675924)
LDR: ! Imported function 'sceNpScoreTerm' in 'sceNp' module (0x675944)
LDR: ! Imported function 'sceNpSignalingGetLocalNetInfo' in 'sceNp' module (0x675964)
LDR: ! Imported function 'sceNpScorePollAsync' in 'sceNp' module (0x675984)
LDR: ! Imported function 'sceNpManagerGetStatus' in 'sceNp' module (0x6759a4)
LDR: ! Imported function 'sceNpSignalingDestroyCtx' in 'sceNp' module (0x6759c4)
LDR: ! Imported function 'sceNpBasicUnregisterHandler' in 'sceNp' module (0x6759e4)
LDR: ! Imported function 'sceNpManagerGetAccountRegion' in 'sceNp' module (0x675a04)
LDR: ! Imported function 'sceNpScoreCreateTitleCtx' in 'sceNp' module (0x675a24)
LDR: ! Imported function 'sceNpBasicRegisterHandler' in 'sceNp' module (0x675a44)
LDR: ! Imported function 'sceNpBasicAddPlayersHistoryAsync' in 'sceNp' module (0x675a64)
LDR: ! Imported function 'sceNpScoreDestroyTransactionCtx' in 'sceNp' module (0x675a84)
LDR: ! Imported function 'sceNpSignalingGetConnectionStatus' in 'sceNp' module (0x675aa4)
LDR: ! Imported function 'sceNpUtilCmpNpId' in 'sceNp' module (0x675ac4)
LDR: ! Imported function 'sceNpBasicGetEvent' in 'sceNp' module (0x675ae4)
LDR: ! Imported function 'sceNpManagerRegisterCallback' in 'sceNp' module (0x675b04)
LDR: ! Imported function 'sceNpManagerGetChatRestrictionFlag' in 'sceNp' module (0x675b24)
LDR: ! Imported function 'sceNpScoreRecordScoreAsync' in 'sceNp' module (0x675b44)
LDR: ! Imported function 'sceNpManagerGetOnlineName' in 'sceNp' module (0x675b64)
LDR: ! Imported function 'sceNpSignalingDeactivateConnection' in 'sceNp' module (0x675b84)
LDR: ! Imported function 'sceNpManagerGetNpId' in 'sceNp' module (0x675ba4)
LDR: ! Imported function 'cellSysutilAvc2StopStreaming' in 'cellSysutilAvc2' module (0x675bc4)
LDR: ! Imported function 'cellSysutilAvc2SetVoiceMuting' in 'cellSysutilAvc2' module (0x675be4)
LDR: ! Imported function 'cellSysutilAvc2UnloadAsync' in 'cellSysutilAvc2' module (0x675c04)
LDR: ! Imported function 'cellSysutilAvc2LoadAsync' in 'cellSysutilAvc2' module (0x675c24)
LDR: ! Imported function 'cellSysutilAvc2SetSpeakerVolumeLevel' in 'cellSysutilAvc2' module (0x675c44)
LDR: ! Imported function 'cellSysutilAvc2SetStreamingTarget' in 'cellSysutilAvc2' module (0x675c64)
LDR: ! Imported function 'cellSysutilAvc2Unload' in 'cellSysutilAvc2' module (0x675c84)
LDR: ! Imported function 'cellSysutilAvc2JoinChatRequest' in 'cellSysutilAvc2' module (0x675ca4)
LDR: ! Imported function 'cellSysutilAvc2StartStreaming' in 'cellSysutilAvc2' module (0x675cc4)
LDR: ! Imported function 'cellSysutilAvc2InitParam' in 'cellSysutilAvc2' module (0x675ce4)
LDR: ! Imported function 'cellSysutilAvc2LeaveChatRequest' in 'cellSysutilAvc2' module (0x675d04)
LDR: ! Imported function 'cellSysutilAvc2LeaveChat' in 'cellSysutilAvc2' module (0x675d24)
LDR: ! Imported function 'cellSysutilAvc2SetAttribute' in 'cellSysutilAvc2' module (0x675d44)
cellJpgDec = 
LDR: ! Imported function 'cellJpgDecSetParameter' in 'cellJpgDec' module (0x675e24)
LDR: ! Imported function 'cellJpgEncGetStreamInfo' in 'cellJpgEnc' module (0x675e44)
LDR: ! Imported function 'cellJpgEncWaitForOutput' in 'cellJpgEnc' module (0x675e64)
LDR: ! Imported function 'cellRescGcmSurface2RescSrc' in 'cellResc' module (0x675e84)
LDR: ! Imported function 'cellRescSetWaitFlip' in 'cellResc' module (0x675ea4)
LDR: ! Imported function 'cellRescSetDsts' in 'cellResc' module (0x675ec4)
LDR: ! Imported function 'cellRescSetDisplayMode' in 'cellResc' module (0x675ee4)
LDR: ! Imported function 'cellRescSetConvertAndFlip' in 'cellResc' module (0x675f04)
LDR: ! Imported function 'cellRescExit' in 'cellResc' module (0x675f24)
LDR: ! Imported function 'cellRescSetFlipHandler' in 'cellResc' module (0x675f44)
LDR: ! Imported function 'cellRescInit' in 'cellResc' module (0x675f64)
LDR: ! Imported function 'cellRescGetBufferSize' in 'cellResc' module (0x675f84)
LDR: ! Imported function 'cellRescSetSrc' in 'cellResc' module (0x675fa4)
LDR: ! Imported function 'cellRescSetBufferAddress' in 'cellResc' module (0x675fc4)
LDR: ! Imported function 'cellRescVideoOutResolutionId2RescBufferMode' in 'cellResc' module (0x675fe4)
LDR: ! Imported function 'cellRescSetVBlankHandler' in 'cellResc' module (0x676004)
LDR: ! Imported function 'cellRescCreateInterlaceTable' in 'cellResc' module (0x676024)
LDR: ! Imported function 'sceNpTrophyRegisterContext' in 'sceNpTrophy' module (0x676044)
LDR: ! Imported function 'sceNpTrophyCreateHandle' in 'sceNpTrophy' module (0x676064)
LDR: ! Imported function 'sceNpTrophyDestroyContext' in 'sceNpTrophy' module (0x676084)
LDR: ! Imported function 'sceNpTrophyInit' in 'sceNpTrophy' module (0x6760a4)
LDR: ! Imported function 'sceNpTrophyDestroyHandle' in 'sceNpTrophy' module (0x6760c4)
LDR: ! Imported function 'sceNpTrophyUnlockTrophy' in 'sceNpTrophy' module (0x6760e4)
LDR: ! Imported function 'sceNpTrophyTerm' in 'sceNpTrophy' module (0x676104)
LDR: ! Imported function 'sceNpTrophyCreateContext' in 'sceNpTrophy' module (0x676124)
LDR: ! Imported function 'UTF16stoUTF8s' in 'cellL10n' module (0x676144)
