cellAdec
cellCelpEnc
cellMic
cellRtc
cellPngDec
sceNpCommerce2
cellSysutilAvconfExt
cellBGDLUtility
LDR: ! Imported function 'cellGameContentPermit' in 'cellGame' module (0xef39d4)
LDR: ! Imported function 'cellGameBootCheck' in 'cellGame' module (0xef39f4)
LDR: ! Imported function 'sceNpTrophyRegisterContext' in 'sceNpTrophy' module (0xef3a14)
LDR: ! Imported function 'sceNpTrophyCreateHandle' in 'sceNpTrophy' module (0xef3a34)
LDR: ! Imported function 'sceNpTrophyGetRequiredDiskSpace' in 'sceNpTrophy' module (0xef3a54)
LDR: ! Imported function 'sceNpTrophyDestroyContext' in 'sceNpTrophy' module (0xef3a74)
LDR: ! Imported function 'sceNpTrophyInit' in 'sceNpTrophy' module (0xef3a94)
LDR: ! Imported function 'sceNpTrophyDestroyHandle' in 'sceNpTrophy' module (0xef3ab4)
LDR: ! Imported function 'sceNpTrophyUnlockTrophy' in 'sceNpTrophy' module (0xef3ad4)
LDR: ! Imported function 'sceNpTrophyTerm' in 'sceNpTrophy' module (0xef3af4)
LDR: ! Imported function 'sceNpTrophyCreateContext' in 'sceNpTrophy' module (0xef3b14)
cellHttp = 
cellHttpUtil
cellSsl = 
LDR: E Unknown module 'sysBdMediaId'
LDR: E Unknown function '0xEF666B52' in 'sysBdMediaId' module (0xef3d74)
LDR: ! Imported function 'sceNpBasicSendMessageGui' in 'sceNp' module (0xef3d94)
LDR: ! Imported function 'sceNpManagerGetTicket' in 'sceNp' module (0xef3db4)
LDR: ! Imported function 'sceNpManagerGetAccountAge' in 'sceNp' module (0xef3dd4)
LDR: ! Imported function 'sceNpLookupAbortTransaction' in 'sceNp' module (0xef3df4)
LDR: ! Imported function 'sceNpBasicSetPresence' in 'sceNp' module (0xef3e14)
LDR: E Unknown function '0x4210C462' in 'sceNp' module (0xef3e34)
LDR: ! Imported function 'sceNpTerm' in 'sceNp' module (0xef3e54)
LDR: ! Imported function 'sceNpManagerUnregisterCallback' in 'sceNp' module (0xef3e74)
LDR: ! Imported function 'sceNpManagerGetTicketParam' in 'sceNp' module (0xef3e94)
LDR: ! Imported function 'sceNpLookupDestroyTitleCtx' in 'sceNp' module (0xef3eb4)
LDR: ! Imported function 'sceNpLookupInit' in 'sceNp' module (0xef3ed4)
LDR: ! Imported function 'sceNpBasicGetFriendPresenceByIndex2' in 'sceNp' module (0xef3ef4)
LDR: ! Imported function 'sceNpBasicRecvMessageAttachmentLoad' in 'sceNp' module (0xef3f14)
LDR: ! Imported function 'sceNpManagerGetContentRatingFlag' in 'sceNp' module (0xef3f34)
LDR: ! Imported function 'sceNpLookupPollAsync' in 'sceNp' module (0xef3f54)
LDR: ! Imported function 'sceNpManagerRequestTicket2' in 'sceNp' module (0xef3f74)
LDR: ! Imported function 'sceNpLookupTerm' in 'sceNp' module (0xef3f94)
LDR: ! Imported function 'sceNpManagerGetEntitlementById' in 'sceNp' module (0xef3fb4)
LDR: ! Imported function 'sceNpManagerGetStatus' in 'sceNp' module (0xef3fd4)
LDR: ! Imported function 'sceNpBasicUnregisterHandler' in 'sceNp' module (0xef3ff4)
LDR: ! Imported function 'sceNpDrmIsAvailable' in 'sceNp' module (0xef4014)
LDR: ! Imported function 'sceNpBasicGetFriendListEntryCount' in 'sceNp' module (0xef4034)
LDR: ! Imported function 'sceNpManagerGetAccountRegion' in 'sceNp' module (0xef4054)
LDR: ! Imported function 'sceNpManagerGetEntitlementIdList' in 'sceNp' module (0xef4074)
LDR: ! Imported function 'sceNpBasicRegisterHandler' in 'sceNp' module (0xef4094)
LDR: ! Imported function 'sceNpBasicAddPlayersHistoryAsync' in 'sceNp' module (0xef40b4)
LDR: ! Imported function 'sceNpInit' in 'sceNp' module (0xef40d4)
LDR: ! Imported function 'sceNpBasicSetPresenceDetails' in 'sceNp' module (0xef40f4)
LDR: ! Imported function 'sceNpLookupCreateTitleCtx' in 'sceNp' module (0xef4114)
LDR: ! Imported function 'sceNpLookupNpIdAsync' in 'sceNp' module (0xef4134)
LDR: ! Imported function 'sceNpUtilCmpNpId' in 'sceNp' module (0xef4154)
LDR: ! Imported function 'sceNpBasicGetEvent' in 'sceNp' module (0xef4174)
LDR: ! Imported function 'sceNpManagerRegisterCallback' in 'sceNp' module (0xef4194)
LDR: ! Imported function 'sceNpLookupCreateTransactionCtx' in 'sceNp' module (0xef41b4)
LDR: ! Imported function 'sceNpManagerGetChatRestrictionFlag' in 'sceNp' module (0xef41d4)
LDR: ! Imported function 'sceNpManagerGetOnlineName' in 'sceNp' module (0xef41f4)
LDR: ! Imported function 'sceNpLookupDestroyTransactionCtx' in 'sceNp' module (0xef4214)
LDR: ! Imported function 'sceNpManagerGetNpId' in 'sceNp' module (0xef4234)
LDR: ! Imported function 'cellGcmGetTiledPitchSize' in 'cellGcmSys' module (0xef4254)
LDR: ! Imported function 'cellGcmSetUserHandler' in 'cellGcmSys' module (0xef4274)
LDR: ! Imported function '_cellGcmInitBody' in 'cellGcmSys' module (0xef4294)
LDR: ! Imported function '_cellGcmSetFlipCommand' in 'cellGcmSys' module (0xef42b4)
LDR: ! Imported function 'cellGcmAddressToOffset' in 'cellGcmSys' module (0xef42d4)
LDR: ! Imported function '_cellGcmFunc15' in 'cellGcmSys' module (0xef42f4)
LDR: ! Imported function 'cellGcmBindTile' in 'cellGcmSys' module (0xef4314)
LDR: ! Imported function 'cellGcmSetFlipMode' in 'cellGcmSys' module (0xef4334)
LDR: ! Imported function 'cellGcmSetDebugOutputLevel' in 'cellGcmSys' module (0xef4354)
LDR: ! Imported function 'cellGcmGetVBlankCount' in 'cellGcmSys' module (0xef4374)
LDR: ! Imported function 'cellGcmBindZcull' in 'cellGcmSys' module (0xef4394)
LDR: ! Imported function 'cellGcmSetDisplayBuffer' in 'cellGcmSys' module (0xef43b4)
LDR: ! Imported function 'cellGcmGetControlRegister' in 'cellGcmSys' module (0xef43d4)
LDR: ! Imported function 'cellGcmUnbindZcull' in 'cellGcmSys' module (0xef43f4)
LDR: ! Imported function 'cellGcmResetFlipStatus' in 'cellGcmSys' module (0xef4414)
LDR: ! Imported function 'cellGcmSetDefaultCommandBuffer' in 'cellGcmSys' module (0xef4434)
LDR: ! Imported function 'cellGcmSetTileInfo' in 'cellGcmSys' module (0xef4454)
LDR: ! Imported function '_cellGcmSetFlipCommandWithWaitLabel' in 'cellGcmSys' module (0xef4474)
LDR: ! Imported function 'cellGcmUnbindTile' in 'cellGcmSys' module (0xef4494)
LDR: ! Imported function 'cellGcmGetConfiguration' in 'cellGcmSys' module (0xef44b4)
LDR: ! Imported function 'cellGcmGetLabelAddress' in 'cellGcmSys' module (0xef44d4)
sys_net
cellNetCtl = ?
LDR: ! Imported function 'cellPadInit' in 'sys_io' module (0xef4914)
LDR: ! Imported function 'cellKbClearBuf' in 'sys_io' module (0xef4934)
LDR: ! Imported function 'cellKbGetInfo' in 'sys_io' module (0xef4954)
LDR: ! Imported function 'cellKbSetLEDStatus' in 'sys_io' module (0xef4974)
LDR: ! Imported function 'cellKbInit' in 'sys_io' module (0xef4994)
LDR: ! Imported function 'cellPadEnd' in 'sys_io' module (0xef49b4)
LDR: ! Imported function 'cellPadSetPortSetting' in 'sys_io' module (0xef49d4)
LDR: ! Imported function 'cellPadGetData' in 'sys_io' module (0xef49f4)
LDR: ! Imported function 'cellKbSetCodeType' in 'sys_io' module (0xef4a14)
LDR: ! Imported function 'cellPadGetInfo2' in 'sys_io' module (0xef4a34)
LDR: ! Imported function 'cellKbEnd' in 'sys_io' module (0xef4a54)
LDR: ! Imported function 'cellKbSetReadMode' in 'sys_io' module (0xef4a74)
LDR: ! Imported function 'cellPadSetActDirect' in 'sys_io' module (0xef4a94)
LDR: ! Imported function 'cellKbRead' in 'sys_io' module (0xef4ab4)
LDR: ! Imported function 'cellFsRmdir' in 'sys_fs' module (0xef4ad4)
LDR: ! Imported function 'cellFsClose' in 'sys_fs' module (0xef4af4)
LDR: ! Imported function 'cellFsOpendir' in 'sys_fs' module (0xef4b14)
LDR: ! Imported function 'cellFsRead' in 'sys_fs' module (0xef4b34)
LDR: ! Imported function 'cellFsReaddir' in 'sys_fs' module (0xef4b54)
LDR: ! Imported function 'cellFsOpen' in 'sys_fs' module (0xef4b74)
LDR: ! Imported function 'cellFsStat' in 'sys_fs' module (0xef4b94)
LDR: ! Imported function 'cellFsUnlink' in 'sys_fs' module (0xef4bb4)
LDR: ! Imported function 'cellFsLseek' in 'sys_fs' module (0xef4bd4)
LDR: ! Imported function 'cellFsMkdir' in 'sys_fs' module (0xef4bf4)
LDR: ! Imported function 'cellFsWrite' in 'sys_fs' module (0xef4c14)
LDR: ! Imported function 'cellFsFstat' in 'sys_fs' module (0xef4c34)
LDR: ! Imported function 'cellFsRename' in 'sys_fs' module (0xef4c54)
LDR: ! Imported function 'cellFsClosedir' in 'sys_fs' module (0xef4c74)
LDR: ! Imported function 'cellSysmoduleUnloadModule' in 'cellSysmodule' module (0xef4c94)
LDR: ! Imported function 'cellSysmoduleLoadModule' in 'cellSysmodule' module (0xef4cb4)
LDR: ! Imported function 'cellSysmoduleIsLoaded' in 'cellSysmodule' module (0xef4cd4)
LDR: ! Imported function 'cellSysutilUnregisterCallback' in 'cellSysutil' module (0xef4cf4)
LDR: ! Imported function 'cellVideoOutConfigure' in 'cellSysutil' module (0xef4d14)
LDR: ! Imported function 'cellSysutilCheckCallback' in 'cellSysutil' module (0xef4d34)
LDR: ! Imported function 'cellSaveDataListLoad2' in 'cellSysutil' module (0xef4d54)
LDR: ! Imported function 'cellSysCacheMount' in 'cellSysutil' module (0xef4d74)
LDR: ! Imported function 'cellMsgDialogClose' in 'cellSysutil' module (0xef4d94)
LDR: ! Imported function 'cellSysutilEnableBgmPlayback' in 'cellSysutil' module (0xef4db4)
LDR: ! Imported function 'cellSaveDataFixedLoad2' in 'cellSysutil' module (0xef4dd4)
LDR: ! Imported function 'cellSaveDataFixedSave2' in 'cellSysutil' module (0xef4df4)
LDR: ! Imported function 'cellSaveDataListSave2' in 'cellSysutil' module (0xef4e14)
LDR: ! Imported function 'cellOskDialogUnloadAsync' in 'cellSysutil' module (0xef4e34)
LDR: ! Imported function 'cellMsgDialogOpenErrorCode' in 'cellSysutil' module (0xef4e54)
LDR: ! Imported function 'cellSysutilGetSystemParamInt' in 'cellSysutil' module (0xef4e74)
LDR: ! Imported function 'cellOskDialogDisableDimmer' in 'cellSysutil' module (0xef4e94)
LDR: ! Imported function 'cellAudioOutConfigure' in 'cellSysutil' module (0xef4eb4)
LDR: ! Imported function 'cellMsgDialogAbort' in 'cellSysutil' module (0xef4ed4)
LDR: ! Imported function 'cellSysCacheClear' in 'cellSysutil' module (0xef4ef4)
LDR: ! Imported function 'cellMsgDialogOpen2' in 'cellSysutil' module (0xef4f14)
LDR: ! Imported function 'cellAudioOutGetDeviceInfo' in 'cellSysutil' module (0xef4f34)
LDR: ! Imported function 'cellOskDialogLoadAsync' in 'cellSysutil' module (0xef4f54)
LDR: ! Imported function 'cellVideoOutGetState' in 'cellSysutil' module (0xef4f74)
LDR: ! Imported function 'cellSaveDataAutoSave2' in 'cellSysutil' module (0xef4f94)
LDR: ! Imported function 'cellMsgDialogProgressBarInc' in 'cellSysutil' module (0xef4fb4)
LDR: ! Imported function 'cellMsgDialogProgressBarSetMsg' in 'cellSysutil' module (0xef4fd4)
LDR: ! Imported function 'cellSysutilRegisterCallback' in 'cellSysutil' module (0xef4ff4)
LDR: ! Imported function 'cellSysutilGetBgmPlaybackStatus' in 'cellSysutil' module (0xef5014)
LDR: ! Imported function 'cellVideoOutGetResolutionAvailability' in 'cellSysutil' module (0xef5034)
LDR: ! Imported function 'cellGameDataGetSizeKB' in 'cellSysutil' module (0xef5054)
LDR: ! Imported function 'cellOskDialogSetKeyLayoutOption' in 'cellSysutil' module (0xef5074)
LDR: ! Imported function 'cellOskDialogAbort' in 'cellSysutil' module (0xef5094)
LDR: ! Imported function 'cellAudioOutGetSoundAvailability' in 'cellSysutil' module (0xef50b4)
LDR: ! Imported function 'cellOskDialogSetInitialKeyLayout' in 'cellSysutil' module (0xef50d4)
LDR: ! Imported function 'cellGameDataCheckCreate2' in 'cellSysutil' module (0xef50f4)
LDR: ! Imported function 'cellSaveDataFixedDelete' in 'cellSysutil' module (0xef5114)
LDR: ! Imported function 'cellSysutilDisableBgmPlayback' in 'cellSysutil' module (0xef5134)
LDR: ! Imported function 'cellVideoOutGetResolution' in 'cellSysutil' module (0xef5154)
LDR: ! Imported function 'cellSaveDataDelete2' in 'cellSysutil' module (0xef5174)
LDR: ! Imported function 'cellOskDialogSetLayoutMode' in 'cellSysutil' module (0xef5194)
LDR: ! Imported function 'cellSaveDataAutoLoad2' in 'cellSysutil' module (0xef51b4)
LDR: ! Imported function 'cellAudioInit' in 'cellAudio' module (0xef51d4)
LDR: ! Imported function 'cellAudioSetNotifyEventQueue' in 'cellAudio' module (0xef51f4)
LDR: ! Imported function 'cellAudioPortClose' in 'cellAudio' module (0xef5214)
LDR: ! Imported function 'cellAudioPortStop' in 'cellAudio' module (0xef5234)
LDR: ! Imported function 'cellAudioGetPortConfig' in 'cellAudio' module (0xef5254)
LDR: ! Imported function 'cellAudioPortStart' in 'cellAudio' module (0xef5274)
LDR: ! Imported function 'cellAudioQuit' in 'cellAudio' module (0xef5294)
LDR: ! Imported function 'cellAudioPortOpen' in 'cellAudio' module (0xef52b4)
LDR: ! Imported function 'cellAudioRemoveNotifyEventQueue' in 'cellAudio' module (0xef52d4)
cellSpurs = V
LDR: ! Imported function 'cellSyncMutexUnlock' in 'cellSync' module (0xef54f4)
LDR: ! Imported function 'cellSyncMutexInitialize' in 'cellSync' module (0xef5514)
LDR: ! Imported function 'cellSyncMutexTryLock' in 'cellSync' module (0xef5534)