cellSpurs = V
libgem = V
cellAtrac = v

LDR: ! Imported function 'cellGcmGetTiledPitchSize' in 'cellGcmSys' module (0xf0a9c)
LDR: ! Imported function 'cellGcmSetUserHandler' in 'cellGcmSys' module (0xf0abc)
LDR: ! Imported function 'cellGcmSetQueueHandler' in 'cellGcmSys' module (0xf0adc)
LDR: ! Imported function '_cellGcmInitBody' in 'cellGcmSys' module (0xf0afc)
LDR: ! Imported function 'cellGcmAddressToOffset' in 'cellGcmSys' module (0xf0b1c)
LDR: ! Imported function '_cellGcmFunc15' in 'cellGcmSys' module (0xf0b3c)
LDR: ! Imported function 'cellGcmBindTile' in 'cellGcmSys' module (0xf0b5c)
LDR: ! Imported function 'cellGcmGetDefaultCommandWordSize' in 'cellGcmSys' module (0xf0b7c)
LDR: ! Imported function 'cellGcmGetDefaultSegmentWordSize' in 'cellGcmSys' module (0xf0b9c)
LDR: ! Imported function 'cellGcmSetDefaultFifoSize' in 'cellGcmSys' module (0xf0bbc)
LDR: ! Imported function 'cellGcmBindZcull' in 'cellGcmSys' module (0xf0bdc)
LDR: ! Imported function 'cellGcmMapMainMemory' in 'cellGcmSys' module (0xf0bfc)
LDR: ! Imported function 'cellGcmGetControlRegister' in 'cellGcmSys' module (0xf0c1c)
LDR: ! Imported function 'cellGcmSetTileInfo' in 'cellGcmSys' module (0xf0c3c)
LDR: ! Imported function 'cellGcmGetConfiguration' in 'cellGcmSys' module (0xf0c5c)
LDR: ! Imported function 'cellGcmGetLabelAddress' in 'cellGcmSys' module (0xf0c7c)

LDR: ! Imported function 'cellRescGcmSurface2RescSrc' in 'cellResc' module (0xf0c9c)
LDR: ! Imported function 'cellRescSetWaitFlip' in 'cellResc' module (0xf0cbc)
LDR: ! Imported function 'cellRescSetDsts' in 'cellResc' module (0xf0cdc)
LDR: ! Imported function 'cellRescResetFlipStatus' in 'cellResc' module (0xf0cfc)
LDR: ! Imported function 'cellRescAdjustAspectRatio' in 'cellResc' module (0xf0d1c)
LDR: ! Imported function 'cellRescSetDisplayMode' in 'cellResc' module (0xf0d3c)
LDR: ! Imported function 'cellRescSetConvertAndFlip' in 'cellResc' module (0xf0d5c)
LDR: ! Imported function 'cellRescExit' in 'cellResc' module (0xf0d7c)
LDR: ! Imported function 'cellRescInit' in 'cellResc' module (0xf0d9c)
LDR: ! Imported function 'cellRescGetBufferSize' in 'cellResc' module (0xf0dbc)
LDR: ! Imported function 'cellRescSetSrc' in 'cellResc' module (0xf0ddc)
LDR: ! Imported function 'cellRescSetBufferAddress' in 'cellResc' module (0xf0dfc)
LDR: ! Imported function 'cellRescGetFlipStatus' in 'cellResc' module (0xf0e1c)
LDR: ! Imported function 'cellRescVideoOutResolutionId2RescBufferMode' in 'cellResc' module (0xf0e3c)
LDR: ! Imported function 'cellRescSetVBlankHandler' in 'cellResc' module (0xf0e5c)

LDR: ! Imported function 'cellSysmoduleUnloadModule' in 'cellSysmodule' module (0xf0e7c)
LDR: ! Imported function 'cellSysmoduleLoadModule' in 'cellSysmodule' module (0xf0e9c)

LDR: ! Imported function 'cellVideoOutConfigure' in 'cellSysutil' module (0xf0ebc)
LDR: ! Imported function 'cellSysutilCheckCallback' in 'cellSysutil' module (0xf0edc)
LDR: ! Imported function 'cellMsgDialogClose' in 'cellSysutil' module (0xf0efc)
LDR: ! Imported function 'cellSysutilEnableBgmPlayback' in 'cellSysutil' module (0xf0f1c)
LDR: ! Imported function 'cellSysutilGetSystemParamInt' in 'cellSysutil' module (0xf0f3c)
LDR: ! Imported function 'cellAudioOutConfigure' in 'cellSysutil' module (0xf0f5c)
LDR: ! Imported function 'cellMsgDialogAbort' in 'cellSysutil' module (0xf0f7c)
LDR: ! Imported function 'cellMsgDialogOpen2' in 'cellSysutil' module (0xf0f9c)
LDR: ! Imported function 'cellVideoOutGetState' in 'cellSysutil' module (0xf0fbc)
LDR: ! Imported function 'cellMsgDialogProgressBarInc' in 'cellSysutil' module (0xf0fdc)
LDR: ! Imported function 'cellMsgDialogProgressBarSetMsg' in 'cellSysutil' module (0xf0ffc)
LDR: ! Imported function 'cellSysutilRegisterCallback' in 'cellSysutil' module (0xf101c)
LDR: ! Imported function 'cellSysutilGetBgmPlaybackStatus' in 'cellSysutil' module (0xf103c)
LDR: ! Imported function 'cellAudioOutGetSoundAvailability' in 'cellSysutil' module (0xf105c)
LDR: ! Imported function 'cellVideoOutGetResolution' in 'cellSysutil' module (0xf107c)
LDR: ! Imported function 'cellSaveDataEnableOverlay' in 'cellSysutil' module (0xf109c)
LDR: ! Imported function 'cellAudioOutGetConfiguration' in 'cellSysutil' module (0xf10bc)
LDR: ! Imported function 'cellAudioOutGetState' in 'cellSysutil' module (0xf10dc)
LDR: ! Imported function 'cellSaveDataAutoLoad2' in 'cellSysutil' module (0xf10fc)
LDR: ! Imported function 'cellSysutilDisableBgmPlayback' in 'cellSysutil' module (0xf1a3c)

LDR: ! Imported function 'cellAudioInit' in 'cellAudio' module (0xf111c)
LDR: ! Imported function 'cellAudioSetNotifyEventQueue' in 'cellAudio' module (0xf113c)
LDR: ! Imported function 'cellAudioGetPortTimestamp' in 'cellAudio' module (0xf115c)
LDR: ! Imported function 'cellAudioPortClose' in 'cellAudio' module (0xf117c)
LDR: ! Imported function 'cellAudioPortStop' in 'cellAudio' module (0xf119c)
LDR: ! Imported function 'cellAudioGetPortConfig' in 'cellAudio' module (0xf11bc)
LDR: ! Imported function 'cellAudioPortStart' in 'cellAudio' module (0xf11dc)
LDR: ! Imported function 'cellAudioQuit' in 'cellAudio' module (0xf11fc)
LDR: ! Imported function 'cellAudioPortOpen' in 'cellAudio' module (0xf121c)
LDR: ! Imported function 'cellAudioGetPortBlockTag' in 'cellAudio' module (0xf123c)
LDR: ! Imported function 'cellAudioRemoveNotifyEventQueue' in 'cellAudio' module (0xf125c)



LDR: ! Imported function 'sceNpTrophyRegisterContext' in 'sceNpTrophy' module (0xf14bc)
LDR: ! Imported function 'sceNpTrophyCreateHandle' in 'sceNpTrophy' module (0xf14dc)
LDR: ! Imported function 'sceNpTrophySetSoundLevel' in 'sceNpTrophy' module (0xf14fc)
LDR: ! Imported function 'sceNpTrophyGetRequiredDiskSpace' in 'sceNpTrophy' module (0xf151c)
LDR: ! Imported function 'sceNpTrophyDestroyContext' in 'sceNpTrophy' module (0xf153c)
LDR: ! Imported function 'sceNpTrophyInit' in 'sceNpTrophy' module (0xf155c)
LDR: ! Imported function 'sceNpTrophyAbortHandle' in 'sceNpTrophy' module (0xf157c)
LDR: ! Imported function 'sceNpTrophyDestroyHandle' in 'sceNpTrophy' module (0xf159c)
LDR: ! Imported function 'sceNpTrophyUnlockTrophy' in 'sceNpTrophy' module (0xf15bc)
LDR: ! Imported function 'sceNpTrophyTerm' in 'sceNpTrophy' module (0xf15dc)
LDR: ! Imported function 'sceNpTrophyGetTrophyUnlockState' in 'sceNpTrophy' module (0xf15fc)
LDR: ! Imported function 'sceNpTrophyCreateContext' in 'sceNpTrophy' module (0xf161c)
LDR: ! Imported function 'sceNpTrophyGetTrophyInfo' in 'sceNpTrophy' module (0xf163c)

LDR: ! Imported function 'cellGameContentPermit' in 'cellGame' module (0xf165c)
LDR: ! Imported function 'cellGameContentErrorDialog' in 'cellGame' module (0xf167c)
LDR: ! Imported function 'cellGameDataCheck' in 'cellGame' module (0xf169c)
LDR: ! Imported function 'cellGameBootCheck' in 'cellGame' module (0xf16bc)

LDR: ! Imported function 'cellSaveDataListDelete' in 'cellSaveData' module (0xf16dc)

LDR: ! Imported function 'cellPadClearBuf' in 'sys_io' module (0xf16fc)
LDR: ! Imported function 'cellPadInit' in 'sys_io' module (0xf171c)
LDR: ! Imported function 'cellKbGetInfo' in 'sys_io' module (0xf173c)
LDR: ! Imported function 'cellKbInit' in 'sys_io' module (0xf175c)
LDR: ! Imported function 'cellPadPeriphGetInfo' in 'sys_io' module (0xf177c)
LDR: ! Imported function 'cellPadEnd' in 'sys_io' module (0xf179c)
LDR: ! Imported function 'cellPadSetPortSetting' in 'sys_io' module (0xf17bc)
LDR: ! Imported function 'cellPadGetData' in 'sys_io' module (0xf17dc)
LDR: ! Imported function 'cellKbSetCodeType' in 'sys_io' module (0xf17fc)
LDR: ! Imported function 'cellPadGetInfo2' in 'sys_io' module (0xf181c)
LDR: ! Imported function 'cellKbSetReadMode' in 'sys_io' module (0xf183c)
LDR: ! Imported function 'cellPadSetActDirect' in 'sys_io' module (0xf185c)
LDR: ! Imported function 'cellKbRead' in 'sys_io' module (0xf187c)

LDR: ! Imported function 'cellFsClose' in 'sys_fs' module (0xf189c)
LDR: ! Imported function 'cellFsOpendir' in 'sys_fs' module (0xf18bc)
LDR: ! Imported function 'cellFsRead' in 'sys_fs' module (0xf18dc)
LDR: ! Imported function 'cellFsReaddir' in 'sys_fs' module (0xf18fc)
LDR: ! Imported function 'cellFsOpen' in 'sys_fs' module (0xf191c)
LDR: ! Imported function 'cellFsStat' in 'sys_fs' module (0xf193c)
LDR: ! Imported function 'cellFsUnlink' in 'sys_fs' module (0xf195c)
LDR: ! Imported function 'cellFsLseek' in 'sys_fs' module (0xf197c)
LDR: ! Imported function 'cellFsSdataOpen' in 'sys_fs' module (0xf199c)
LDR: ! Imported function 'cellFsWrite' in 'sys_fs' module (0xf19bc)
LDR: ! Imported function 'cellFsFstat' in 'sys_fs' module (0xf19dc)
LDR: ! Imported function 'cellFsRename' in 'sys_fs' module (0xf19fc)
LDR: ! Imported function 'cellFsClosedir' in 'sys_fs' module (0xf1a1c)



LDR: ! Imported function 'sceNpDrmIsAvailable' in 'sceNp' module (0xf1dbc)

LDR: ! Imported function 'cellSyncBarrierInitialize' in 'cellSync' module (0xf1ddc)
LDR: ! Imported function 'cellSyncBarrierTryWait' in 'cellSync' module (0xf1dfc)
LDR: ! Imported function 'cellSyncMutexUnlock' in 'cellSync' module (0xf1e1c)
LDR: ! Imported function 'cellSyncMutexInitialize' in 'cellSync' module (0xf1e3c)
LDR: ! Imported function 'cellSyncMutexTryLock' in 'cellSync' module (0xf1e5c)

LDR: ! Imported function 'sys_lwmutex_lock' in 'sysPrxForUser' module (0xf1e7c)
LDR: ! Imported function 'sys_lwmutex_unlock' in 'sysPrxForUser' module (0xf1e9c)
LDR: ! Imported function 'sys_ppu_thread_create' in 'sysPrxForUser' module (0xf1ebc)
LDR: ! Imported function '_sys_process_atexitspawn' in 'sysPrxForUser' module (0xf1edc)
LDR: ! Imported function 'sys_lwmutex_create' in 'sysPrxForUser' module (0xf1efc)
LDR: ! Imported function 'sys_ppu_thread_get_id' in 'sysPrxForUser' module (0xf1f1c)
LDR: ! Imported function '_sys_heap_malloc' in 'sysPrxForUser' module (0xf1f3c)
LDR: ! Imported function 'sys_prx_register_library' in 'sysPrxForUser' module (0xf1f5c)
LDR: ! Imported function '_sys_heap_memalign' in 'sysPrxForUser' module (0xf1f7c)
LDR: ! Imported function '_sys_spu_printf_initialize' in 'sysPrxForUser' module (0xf1f9c)
LDR: ! Imported function 'sys_game_process_exitspawn2' in 'sysPrxForUser' module (0xf1fbc)
LDR: ! Imported function 'sys_initialize_tls' in 'sysPrxForUser' module (0xf1fdc)
LDR: ! Imported function 'sys_time_get_system_time' in 'sysPrxForUser' module (0xf1ffc)
LDR: ! Imported function '_sys_heap_free' in 'sysPrxForUser' module (0xf201c)
LDR: ! Imported function '_sys_process_at_Exitspawn' in 'sysPrxForUser' module (0xf203c)
LDR: ! Imported function 'sys_prx_exitspawn_with_level' in 'sysPrxForUser' module (0xf205c)
LDR: ! Imported function 'sys_ppu_thread_once' in 'sysPrxForUser' module (0xf207c)
LDR: ! Imported function 'sys_lwmutex_trylock' in 'sysPrxForUser' module (0xf209c)
LDR: ! Imported function '_sys_heap_delete_heap' in 'sysPrxForUser' module (0xf20bc)
LDR: ! Imported function 'sys_ppu_thread_exit' in 'sysPrxForUser' module (0xf20dc)
LDR: ! Imported function '_sys_heap_create_heap' in 'sysPrxForUser' module (0xf20fc)
LDR: ! Imported function 'sys_lwmutex_destroy' in 'sysPrxForUser' module (0xf211c)
LDR: ! Imported function '_sys_spu_printf_finalize' in 'sysPrxForUser' module (0xf213c)
LDR: ! Imported function 'sys_spu_image_close' in 'sysPrxForUser' module (0xf215c)
LDR: ! Imported function 'sys_process_exit' in 'sysPrxForUser' module (0xf217c)
LDR: ! Imported function 'sys_spu_image_import' in 'sysPrxForUser' module (0xf219c)