·! LDR: Title: ETERNAL SONATA
·! LDR: Serial: BLES00444

  Load libraries:
    - libl10n.sprx
    - libresc.sprx
    - libsre.sprx

·! LDR: ** Imported module 'sys_io' (0x0, 0x0)
·! LDR: **** sys_io import: [cellPadClearBuf] -> 0x40efbc
·! LDR: **** sys_io import: [cellPadInit] -> 0x40efdc
·! LDR: **** sys_io import: [cellPadGetInfo] -> 0x40effc
·! LDR: **** sys_io import: [cellPadEnd] -> 0x40f01c
·! LDR: **** sys_io import: [cellPadGetData] -> 0x40f03c
·! LDR: **** sys_io import: [cellPadSetActDirect] -> 0x40f05c
·! LDR: **** sys_io import: [cellPadSetPressMode] -> 0x40f07c

·! LDR: ** Imported module 'cellGcmSys' (0x0, 0x0)
·! LDR: **** cellGcmSys import: [cellGcmGetTiledPitchSize] -> 0x40f09c
·! LDR: **** cellGcmSys import: [_cellGcmInitBody] -> 0x40f0bc
·! LDR: **** cellGcmSys import: [_cellGcmSetFlipCommand] -> 0x40f0dc
·! LDR: **** cellGcmSys import: [cellGcmAddressToOffset] -> 0x40f0fc
·! LDR: **** cellGcmSys import: [_cellGcmFunc15] -> 0x40f11c
·! LDR: **** cellGcmSys import: [cellGcmSetFlipMode] -> 0x40f13c
·! LDR: **** cellGcmSys import: [cellGcmGetFlipStatus] -> 0x40f15c
·! LDR: **** cellGcmSys import: [cellGcmGetReport] -> 0x40f17c
·! LDR: **** cellGcmSys import: [cellGcmMapMainMemory] -> 0x40f19c
·! LDR: **** cellGcmSys import: [cellGcmSetDisplayBuffer] -> 0x40f1bc
·! LDR: **** cellGcmSys import: [cellGcmGetControlRegister] -> 0x40f1dc
·! LDR: **** cellGcmSys import: [cellGcmSetVBlankHandler] -> 0x40f1fc
·! LDR: **** cellGcmSys import: [cellGcmResetFlipStatus] -> 0x40f21c
·! LDR: **** cellGcmSys import: [cellGcmSetTile] -> 0x40f23c
·! LDR: **** cellGcmSys import: [cellGcmSetZcull] -> 0x40f25c
·! LDR: **** cellGcmSys import: [cellGcmGetConfiguration] -> 0x40f27c
·! LDR: **** cellGcmSys import: [cellGcmGetLabelAddress] -> 0x40f29c

·! LDR: ** Imported module 'cellSysutil' (0x0, 0x0)
·! LDR: **** cellSysutil import: [cellSysutilUnregisterCallback] -> 0x40f2bc
·! LDR: **** cellSysutil import: [cellVideoOutConfigure] -> 0x40f2dc
·! LDR: **** cellSysutil import: [cellSysutilCheckCallback] -> 0x40f2fc
·! LDR: **** cellSysutil import: [cellSaveDataListLoad2] -> 0x40f31c
·! LDR: **** cellSysutil import: [cellSaveDataListSave2] -> 0x40f33c
·! LDR: **** cellSysutil import: [cellSysutilGetSystemParamInt] -> 0x40f35c
·! LDR: **** cellSysutil import: [cellAudioOutConfigure] -> 0x40f37c
·! LDR: **** cellSysutil import: [cellVideoOutGetNumberOfDevice] -> 0x40f39c
·! LDR: **** cellSysutil import: [cellVideoOutGetState] -> 0x40f3bc
·! LDR: **** cellSysutil import: [cellSaveDataAutoSave2] -> 0x40f3dc
·! LDR: **** cellSysutil import: [cellSysutilRegisterCallback] -> 0x40f3fc
·! LDR: **** cellSysutil import: [cellVideoOutGetResolutionAvailability] -> 0x40f41c
·! LDR: **** cellSysutil import: [cellAudioOutGetSoundAvailability] -> 0x40f43c
·! LDR: **** cellSysutil import: [cellVideoOutGetResolution] -> 0x40f45c
·! LDR: **** cellSysutil import: [cellSaveDataDelete2] -> 0x40f47c
·! LDR: **** cellSysutil import: [cellAudioOutGetState] -> 0x40f49c
·! LDR: **** cellSysutil import: [cellSaveDataAutoLoad2] -> 0x40f4bc

·! LDR: ** Imported module 'cellSysutilAvconfExt' (0x0, 0x0)
·! LDR: **** cellSysutilAvconfExt import: [cellVideoOutSetGamma] -> 0x40f4dc

·! LDR: ** Imported module 'sys_fs' (0x0, 0x0)
·! LDR: **** sys_fs import: [cellFsClose] -> 0x40f4fc
·! LDR: **** sys_fs import: [cellFsOpendir] -> 0x40f51c
·! LDR: **** sys_fs import: [cellFsRead] -> 0x40f53c
·! LDR: **** sys_fs import: [cellFsReaddir] -> 0x40f55c
·! LDR: **** sys_fs import: [cellFsOpen] -> 0x40f57c
·! LDR: **** sys_fs import: [cellFsStat] -> 0x40f59c
·! LDR: **** sys_fs import: [cellFsUnlink] -> 0x40f5bc
·! LDR: **** sys_fs import: [cellFsAioRead] -> 0x40f5dc
·! LDR: **** sys_fs import: [cellFsAioInit] -> 0x40f5fc
·! LDR: **** sys_fs import: [cellFsWrite] -> 0x40f61c
·! LDR: **** sys_fs import: [cellFsFstat] -> 0x40f63c
·! LDR: **** sys_fs import: [cellFsClosedir] -> 0x40f65c
·! LDR: **** sys_fs import: [cellFsLseek] -> 0x40fb1c

·! LDR: ** Imported module 'cellSysmodule' (0x0, 0x0)
·! LDR: **** cellSysmodule import: [cellSysmoduleUnloadModule] -> 0x40f67c
·! LDR: **** cellSysmodule import: [cellSysmoduleLoadModule] -> 0x40f69c

·! LDR: ** Imported module 'cellAudio' (0x0, 0x0)
·! LDR: **** cellAudio import: [cellAudioInit] -> 0x40f6bc
·! LDR: **** cellAudio import: [cellAudioPortClose] -> 0x40f6dc
·! LDR: **** cellAudio import: [cellAudioPortStop] -> 0x40f6fc
·! LDR: **** cellAudio import: [cellAudioGetPortConfig] -> 0x40f71c
·! LDR: **** cellAudio import: [cellAudioPortStart] -> 0x40f73c
·! LDR: **** cellAudio import: [cellAudioQuit] -> 0x40f75c
·! LDR: **** cellAudio import: [cellAudioPortOpen] -> 0x40f77c

·! LDR: ** Imported module 'cellSpurs' (0x0, 0x0)
·! LDR: **** cellSpurs import: [cellSpursAttributeSetNamePrefix] -> 0x40f79c
·! LDR: **** cellSpurs import: [cellSpursCreateJobChainWithAttribute] -> 0x40f7bc
·! LDR: **** cellSpurs import: [_cellSpursJobChainAttributeInitialize] -> 0x40f7dc
·! LDR: **** cellSpurs import: [cellSpursEventFlagWait] -> 0x40f7fc
·! LDR: **** cellSpurs import: [cellSpursDetachLv2EventQueue] -> 0x40f81c
·! LDR: **** cellSpurs import: [_cellSpursEventFlagInitialize] -> 0x40f83c
·! LDR: **** cellSpurs import: [cellSpursEventFlagAttachLv2EventQueue] -> 0x40f85c
·! LDR: **** cellSpurs import: [_cellSpursAttributeInitialize] -> 0x40f87c
·! LDR: **** cellSpurs import: [cellSpursJobChainAttributeSetName] -> 0x40f89c
·! LDR: **** cellSpurs import: [cellSpursInitializeWithAttribute] -> 0x40f8bc
·! LDR: **** cellSpurs import: [cellSpursInitialize] -> 0x40f8dc
·! LDR: **** cellSpurs import: [cellSpursAttachLv2EventQueue] -> 0x40f8fc
·! LDR: **** cellSpurs import: [cellSpursRunJobChain] -> 0x40f91c
·! LDR: **** cellSpurs import: [cellSpursEventFlagDetachLv2EventQueue] -> 0x40fb3c
·! LDR: **** cellSpurs import: [cellSpursCreateTaskset] -> 0x40fb5c
·! LDR: **** cellSpurs import: [cellSpursJoinTaskset] -> 0x40fb7c
·! LDR: **** cellSpurs import: [cellSpursShutdownTaskset] -> 0x40fb9c
·! LDR: **** cellSpurs import: [cellSpursCreateTask] -> 0x40fbbc
·! LDR: **** cellSpurs import: [_cellSpursSendSignal] -> 0x40fbdc

·! LDR: ** Imported module 'cellL10n' (0x0, 0x0)
·! LDR: **** cellL10n import: [jstrchk] -> 0x40f93c
·! LDR: **** cellL10n import: [l10n_convert_str] -> 0x40f95c
·! LDR: **** cellL10n import: [l10n_get_converter] -> 0x40f97c

·! LDR: ** Imported module 'cellResc' (0x0, 0x0)
·! LDR: **** cellResc import: [cellRescGcmSurface2RescSrc] -> 0x40f99c
·! LDR: **** cellResc import: [cellRescSetWaitFlip] -> 0x40f9bc
·! LDR: **** cellResc import: [cellRescResetFlipStatus] -> 0x40f9dc
·! LDR: **** cellResc import: [cellRescSetDisplayMode] -> 0x40f9fc
·! LDR: **** cellResc import: [cellRescSetConvertAndFlip] -> 0x40fa1c
·! LDR: **** cellResc import: [cellRescInit] -> 0x40fa3c
·! LDR: **** cellResc import: [cellRescGetBufferSize] -> 0x40fa5c
·! LDR: **** cellResc import: [cellRescSetSrc] -> 0x40fa7c
·! LDR: **** cellResc import: [cellRescSetBufferAddress] -> 0x40fa9c
·! LDR: **** cellResc import: [cellRescGetFlipStatus] -> 0x40fabc
·! LDR: **** cellResc import: [cellRescSetVBlankHandler] -> 0x40fadc
·! LDR: **** cellResc import: [cellRescCreateInterlaceTable] -> 0x40fafc

·! LDR: ** Imported module 'sysPrxForUser' (0x0, 0x0)
·! LDR: **** sysPrxForUser import: [sys_lwmutex_lock] -> 0x40fbfc
·! LDR: **** sysPrxForUser import: [sys_lwmutex_unlock] -> 0x40fc1c
·! LDR: **** sysPrxForUser import: [sys_ppu_thread_create] -> 0x40fc3c
·! LDR: **** sysPrxForUser import: [_sys_process_atexitspawn] -> 0x40fc5c
·! LDR: **** sysPrxForUser import: [sys_lwmutex_create] -> 0x40fc7c
·! LDR: **** sysPrxForUser import: [sys_ppu_thread_get_id] -> 0x40fc9c
·! LDR: **** sysPrxForUser import: [sys_initialize_tls] -> 0x40fcbc
·! LDR: **** sysPrxForUser import: [sys_time_get_system_time] -> 0x40fcdc
·! LDR: **** sysPrxForUser import: [_sys_process_at_Exitspawn] -> 0x40fcfc
·! LDR: **** sysPrxForUser import: [sys_prx_exitspawn_with_level] -> 0x40fd1c
·! LDR: **** sysPrxForUser import: [sys_ppu_thread_exit] -> 0x40fd3c
·! LDR: **** sysPrxForUser import: [sys_lwmutex_destroy] -> 0x40fd5c
·! LDR: **** sysPrxForUser import: [sys_spu_image_close] -> 0x40fd7c
·! LDR: **** sysPrxForUser import: [sys_process_exit] -> 0x40fd9c