·! LDR: Imported function 'cellPadInit' in 'sys_io' module (0x6f369c)
·! LDR: Imported function 'cellKbClearBuf' in 'sys_io' module (0x6f36bc)
·! LDR: Imported function 'cellKbGetInfo' in 'sys_io' module (0x6f36dc)
·! LDR: Imported function 'cellKbSetLEDStatus' in 'sys_io' module (0x6f36fc)
·! LDR: Imported function 'cellKbInit' in 'sys_io' module (0x6f371c)
·! LDR: Imported function 'cellPadEnd' in 'sys_io' module (0x6f373c)
·! LDR: Imported function 'cellPadSetPortSetting' in 'sys_io' module (0x6f375c)
·! LDR: Imported function 'cellPadGetData' in 'sys_io' module (0x6f377c)
·! LDR: Imported function 'cellKbSetCodeType' in 'sys_io' module (0x6f379c)
·! LDR: Imported function 'cellPadGetInfo2' in 'sys_io' module (0x6f37bc)
·! LDR: Imported function 'cellKbEnd' in 'sys_io' module (0x6f37dc)
·! LDR: Imported function 'cellKbSetReadMode' in 'sys_io' module (0x6f37fc)
·! LDR: Imported function 'cellPadSetActDirect' in 'sys_io' module (0x6f381c)
·! LDR: Imported function 'cellKbRead' in 'sys_io' module (0x6f383c)
·! LDR: Imported function 'cellPadClearBuf' in 'sys_io' module (0x6f5bbc)

·! LDR: Imported function 'cellSpursRequestIdleSpu' in 'cellSpurs' module (0x6f385c)
·! LDR: Imported function 'cellSpursGetInfo' in 'cellSpurs' module (0x6f387c)
·! LDR: Imported function 'cellSpursWorkloadAttributeSetName' in 'cellSpurs' module (0x6f389c)
·! LDR: Imported function 'cellSpursGetWorkloadInfo' in 'cellSpurs' module (0x6f38bc)
·! LDR: Imported function 'cellSpursDetachLv2EventQueue' in 'cellSpurs' module (0x6f38dc)
·! LDR: Imported function 'cellSpursRemoveWorkload' in 'cellSpurs' module (0x6f38fc)
·! LDR: Imported function 'cellSpursWaitForWorkloadShutdown' in 'cellSpurs' module (0x6f391c)
·! LDR: Imported function 'cellSpursSetPriorities' in 'cellSpurs' module (0x6f393c)
·! LDR: Imported function 'cellSpursShutdownWorkload' in 'cellSpurs' module (0x6f395c)
·! LDR: Imported function 'cellSpursInitialize' in 'cellSpurs' module (0x6f397c)
·! LDR: Imported function 'cellSpursAttachLv2EventQueue' in 'cellSpurs' module (0x6f399c)
·! LDR: Imported function 'cellSpursAddWorkloadWithAttribute' in 'cellSpurs' module (0x6f39bc)
·! LDR: Imported function 'cellSpursFinalize' in 'cellSpurs' module (0x6f39dc)
·! LDR: Imported function 'cellSpursSetExceptionEventHandler' in 'cellSpurs' module (0x6f39fc)
·! LDR: Imported function '_cellSpursWorkloadAttributeInitialize' in 'cellSpurs' module (0x6f3a1c)
·! LDR: Imported function 'cellSpursReadyCountStore' in 'cellSpurs' module (0x6f3a3c)

·! LDR: Imported function 'cellSysmoduleUnloadModule' in 'cellSysmodule' module (0x6f3a5c)
·! LDR: Imported function 'cellSysmoduleLoadModule' in 'cellSysmodule' module (0x6f3a7c)
·! LDR: Imported function 'cellSysmoduleIsLoaded' in 'cellSysmodule' module (0x6f3a9c)
·! LDR: Imported function 'cellSysmoduleInitialize' in 'cellSysmodule' module (0x6f3abc)
·! LDR: Imported function 'cellSysmoduleFinalize' in 'cellSysmodule' module (0x6f3adc)

·! LDR: Imported function 'cellFsRmdir' in 'sys_fs' module (0x6f3afc)
·! LDR: Imported function 'cellFsClose' in 'sys_fs' module (0x6f3b1c)
·! LDR: Imported function 'cellFsOpendir' in 'sys_fs' module (0x6f3b3c)
·! LDR: Imported function 'cellFsRead' in 'sys_fs' module (0x6f3b5c)
·! LDR: Imported function 'cellFsReaddir' in 'sys_fs' module (0x6f3b7c)
·! LDR: Imported function 'cellFsOpen' in 'sys_fs' module (0x6f3b9c)
·! LDR: Imported function 'cellFsStat' in 'sys_fs' module (0x6f3bbc)
·! LDR: Imported function 'cellFsUnlink' in 'sys_fs' module (0x6f3bdc)
·! LDR: Imported function 'cellFsLseek' in 'sys_fs' module (0x6f3bfc)
·! LDR: Imported function 'cellFsMkdir' in 'sys_fs' module (0x6f3c1c)
·! LDR: Imported function 'cellFsWrite' in 'sys_fs' module (0x6f3c3c)
·! LDR: Imported function 'cellFsFstat' in 'sys_fs' module (0x6f3c5c)
·! LDR: Imported function 'cellFsRename' in 'sys_fs' module (0x6f3c7c)
·! LDR: Imported function 'cellFsClosedir' in 'sys_fs' module (0x6f3c9c)
·! LDR: Imported function 'cellFsSdataOpenByFd' in 'sys_fs' module (0x6f5bdc)
·! LDR: Imported function 'cellFsFsync' in 'sys_fs' module (0x6f5bfc)
·! LDR: Imported function 'cellFsGetFreeSize' in 'sys_fs' module (0x6f5c1c)
·! LDR: Imported function 'cellFsSdataOpen' in 'sys_fs' module (0x6f5c3c)
·! LDR: Imported function 'cellFsUtime' in 'sys_fs' module (0x6f5c5c)

·! LDR: Imported function 'cellSysutilUnregisterCallback' in 'cellSysutil' module (0x6f3cbc)
·! LDR: Imported function 'cellVideoOutConfigure' in 'cellSysutil' module (0x6f3cdc)
·! LDR: Imported function 'cellSysutilCheckCallback' in 'cellSysutil' module (0x6f3cfc)
·! LDR: Imported function 'cellSysCacheMount' in 'cellSysutil' module (0x6f3d1c)
·! LDR: Imported function 'cellMsgDialogClose' in 'cellSysutil' module (0x6f3d3c)
·! LDR: Imported function 'cellSysutilEnableBgmPlayback' in 'cellSysutil' module (0x6f3d5c)
·! LDR: Imported function 'cellOskDialogUnloadAsync' in 'cellSysutil' module (0x6f3d7c)
·! LDR: Imported function 'cellSysutilGetSystemParamInt' in 'cellSysutil' module (0x6f3d9c)
·! LDR: Imported function 'cellAudioOutConfigure' in 'cellSysutil' module (0x6f3dbc)
·! LDR: Imported function 'cellSysutilGetBgmPlaybackStatus2' in 'cellSysutil' module (0x6f3ddc)
·! LDR: Imported function 'cellSysCacheClear' in 'cellSysutil' module (0x6f3dfc)
·! LDR: Imported function 'cellMsgDialogOpen2' in 'cellSysutil' module (0x6f3e1c)
·! LDR: Imported function 'cellAudioOutGetDeviceInfo' in 'cellSysutil' module (0x6f3e3c)
·! LDR: Imported function 'cellOskDialogAddSupportLanguage' in 'cellSysutil' module (0x6f3e5c)
·! LDR: Imported function 'cellOskDialogLoadAsync' in 'cellSysutil' module (0x6f3e7c)
·! LDR: Imported function 'cellVideoOutGetState' in 'cellSysutil' module (0x6f3e9c)
·! LDR: Imported function 'cellSaveDataAutoSave2' in 'cellSysutil' module (0x6f3ebc)
·! LDR: Imported function 'cellMsgDialogProgressBarInc' in 'cellSysutil' module (0x6f3edc)
·! LDR: Imported function 'cellMsgDialogProgressBarSetMsg' in 'cellSysutil' module (0x6f3efc)
·! LDR: Imported function 'cellSysutilRegisterCallback' in 'cellSysutil' module (0x6f3f1c)
·! LDR: Imported function 'cellVideoOutGetResolutionAvailability' in 'cellSysutil' module (0x6f3f3c)
·! LDR: Imported function 'cellOskDialogSetKeyLayoutOption' in 'cellSysutil' module (0x6f3f5c)
·! LDR: Imported function 'cellAudioOutGetSoundAvailability' in 'cellSysutil' module (0x6f3f7c)
·! LDR: Imported function 'cellVideoOutGetResolution' in 'cellSysutil' module (0x6f3f9c)
·! LDR: Imported function 'cellAudioOutGetNumberOfDevice' in 'cellSysutil' module (0x6f3fbc)
·! LDR: Imported function 'cellOskDialogSetLayoutMode' in 'cellSysutil' module (0x6f3fdc)
·! LDR: Imported function 'cellAudioOutGetState' in 'cellSysutil' module (0x6f3ffc)
·! LDR: Imported function 'cellSaveDataAutoLoad2' in 'cellSysutil' module (0x6f401c)
·! LDR: Imported function 'cellSysutilGetSystemParamString' in 'cellSysutil' module (0x6f5c7c)

·! LDR: Imported function 'cellGameCreateGameData' in 'cellGame' module (0x6f403c)
·! LDR: Imported function 'cellGameContentPermit' in 'cellGame' module (0x6f405c)
·! LDR: Imported function 'cellGameContentErrorDialog' in 'cellGame' module (0x6f407c)
·! LDR: Imported function 'cellGameDataCheck' in 'cellGame' module (0x6f409c)
·! LDR: Imported function 'cellGameBootCheck' in 'cellGame' module (0x6f40bc)

·! LDR: Imported function 'sys_net_initialize_network_ex' in 'sys_net' module (0x6f40dc)
·! LDR: Imported function 'sys_net_finalize_network' in 'sys_net' module (0x6f40fc)
·! LDR: Imported function 'sys_net_free_thread_context' in 'sys_net' module (0x6f411c)
·! LDR: Imported function 'socketpoll' in 'sys_net' module (0x6f5c9c)
·! LDR: Imported function 'getsockname' in 'sys_net' module (0x6f5cbc)
·! LDR: Imported function 'recvfrom' in 'sys_net' module (0x6f5cdc)
·! LDR: Imported function 'listen' in 'sys_net' module (0x6f5cfc)
·! LDR: Imported function 'socketselect' in 'sys_net' module (0x6f5d1c)
·! LDR: Imported function 'getsockopt' in 'sys_net' module (0x6f5d3c)
·! LDR: Imported function '_sys_net_errno_loc' in 'sys_net' module (0x6f5d5c)
·! LDR: Imported function 'connect' in 'sys_net' module (0x6f5d7c)
·! LDR: Imported function 'socketclose' in 'sys_net' module (0x6f5d9c)
·! LDR: Imported function 'gethostbyname' in 'sys_net' module (0x6f5dbc)
·! LDR: Imported function 'inet_ntoa' in 'sys_net' module (0x6f5ddc)
·! LDR: Imported function 'setsockopt' in 'sys_net' module (0x6f5dfc)
·! LDR: Imported function 'sendto' in 'sys_net' module (0x6f5e1c)
·! LDR: Imported function 'socket' in 'sys_net' module (0x6f5e3c)
·! LDR: Imported function 'shutdown' in 'sys_net' module (0x6f5e5c)
·! LDR: Imported function 'inet_aton' in 'sys_net' module (0x6f5e7c)
·! LDR: Imported function 'bind' in 'sys_net' module (0x6f5e9c)
·! LDR: Imported function 'accept' in 'sys_net' module (0x6f5ebc)
·! LDR: Imported function 'send' in 'sys_net' module (0x6f5edc)
·! LDR: Imported function 'getpeername' in 'sys_net' module (0x6f5efc)
·! LDR: Imported function 'recv' in 'sys_net' module (0x6f5f1c)

·! LDR: Imported function 'cellNetCtlNetStartDialogLoadAsync' in 'cellNetCtl' module (0x6f413c)
·! LDR: Imported function 'cellNetCtlAddHandler' in 'cellNetCtl' module (0x6f415c)
·! LDR: Imported function 'cellNetCtlNetStartDialogUnloadAsync' in 'cellNetCtl' module (0x6f417c)
·! LDR: Imported function 'cellNetCtlTerm' in 'cellNetCtl' module (0x6f419c)
·! LDR: Imported function 'cellNetCtlGetInfo' in 'cellNetCtl' module (0x6f41bc)
·! LDR: Imported function 'cellNetCtlGetState' in 'cellNetCtl' module (0x6f41dc)
·! LDR: Imported function 'cellNetCtlDelHandler' in 'cellNetCtl' module (0x6f41fc)
·! LDR: Imported function 'cellNetCtlInit' in 'cellNetCtl' module (0x6f421c)

·! LDR: Imported function 'cellAudioInit' in 'cellAudio' module (0x6f423c)
·! LDR: Imported function 'cellAudioPortClose' in 'cellAudio' module (0x6f425c)
·! LDR: Imported function 'cellAudioPortStop' in 'cellAudio' module (0x6f427c)
·! LDR: Imported function 'cellAudioGetPortConfig' in 'cellAudio' module (0x6f429c)
·! LDR: Imported function 'cellAudioPortStart' in 'cellAudio' module (0x6f42bc)
·! LDR: Imported function 'cellAudioQuit' in 'cellAudio' module (0x6f42dc)
·! LDR: Imported function 'cellAudioPortOpen' in 'cellAudio' module (0x6f42fc)
·! LDR: Imported function 'cellAudioSetNotifyEventQueue' in 'cellAudio' module (0x6f5f3c)
·! LDR: Imported function 'cellAudioGetPortTimestamp' in 'cellAudio' module (0x6f5f5c)
·! LDR: Imported function 'cellAudioGetPortBlockTag' in 'cellAudio' module (0x6f5f7c)
·! LDR: Imported function 'cellAudioRemoveNotifyEventQueue' in 'cellAudio' module (0x6f5f9c)

·! LDR: Imported function 'cellGcmSetUserHandler' in 'cellGcmSys' module (0x6f431c)
·! LDR: Imported function 'cellGcmSetQueueHandler' in 'cellGcmSys' module (0x6f433c)
·! LDR: Imported function '_cellGcmInitBody' in 'cellGcmSys' module (0x6f435c)
·! LDR: Imported function '_cellGcmSetFlipCommand' in 'cellGcmSys' module (0x6f437c)
·! LDR: Imported function '_cellGcmFunc15' in 'cellGcmSys' module (0x6f439c)
·! LDR: Imported function 'cellGcmSetFlipMode' in 'cellGcmSys' module (0x6f43bc)
·! LDR: Imported function 'cellGcmSetDebugOutputLevel' in 'cellGcmSys' module (0x6f43dc)
·! LDR: Imported function 'cellGcmTerminate' in 'cellGcmSys' module (0x6f43fc)
·! LDR: Imported function 'cellGcmMapMainMemory' in 'cellGcmSys' module (0x6f441c)
·! LDR: Imported function 'cellGcmSetFlipHandler' in 'cellGcmSys' module (0x6f443c)
·! LDR: Imported function 'cellGcmSetDisplayBuffer' in 'cellGcmSys' module (0x6f445c)
·! LDR: Imported function 'cellGcmGetControlRegister' in 'cellGcmSys' module (0x6f447c)
·! LDR: Imported function 'cellGcmSetVBlankHandler' in 'cellGcmSys' module (0x6f449c)
·! LDR: Imported function 'cellGcmSetFlipImmediate' in 'cellGcmSys' module (0x6f44bc)
·! LDR: Imported function 'cellGcmSetGraphicsHandler' in 'cellGcmSys' module (0x6f44dc)
·! LDR: Imported function 'cellGcmSetTile' in 'cellGcmSys' module (0x6f44fc)
·! LDR: Imported function 'cellGcmSetZcull' in 'cellGcmSys' module (0x6f451c)
·! LDR: Imported function '_cellGcmSetFlipCommandWithWaitLabel' in 'cellGcmSys' module (0x6f453c)
·! LDR: Imported function 'cellGcmGetConfiguration' in 'cellGcmSys' module (0x6f455c)
·! LDR: Imported function 'cellGcmGetLabelAddress' in 'cellGcmSys' module (0x6f457c)

·! LDR: Imported function 'cellVdecClose' in 'libvdec' module (0x6f459c)
·! LDR: Imported function 'cellVdecGetPicItem' in 'libvdec' module (0x6f45bc)
·! LDR: Imported function 'cellVdecDecodeAu' in 'libvdec' module (0x6f45dc)
·! LDR: Imported function 'cellVdecGetPicture' in 'libvdec' module (0x6f45fc)
·! LDR: Imported function 'cellVdecEndSeq' in 'libvdec' module (0x6f461c)
·! LDR: Imported function 'cellVdecOpen' in 'libvdec' module (0x6f463c)
·! LDR: Imported function 'cellVdecStartSeq' in 'libvdec' module (0x6f465c)
·! LDR: Imported function 'cellVdecQueryAttr' in 'libvdec' module (0x6f467c)

·! LDR: Imported function 'cellAdecDecodeAu' in 'cellAdec' module (0x6f469c)
·! LDR: Imported function 'cellAdecStartSeq' in 'cellAdec' module (0x6f46bc)
·! LDR: Imported function 'cellAdecQueryAttr' in 'cellAdec' module (0x6f46dc)
·! LDR: Imported function 'cellAdecClose' in 'cellAdec' module (0x6f46fc)
·! LDR: Imported function 'cellAdecGetPcm' in 'cellAdec' module (0x6f471c)
·! LDR: Imported function 'cellAdecGetPcmItem' in 'cellAdec' module (0x6f473c)
·! LDR: Imported function 'cellAdecOpen' in 'cellAdec' module (0x6f475c)
·! LDR: Imported function 'cellAdecEndSeq' in 'cellAdec' module (0x6f477c)

·! LDR: Imported function 'sceNpScoreGetRankingByNpId' in 'sceNp' module (0x6f479c)
·! LDR: Imported function 'sceNpManagerGetTicket' in 'sceNp' module (0x6f47bc)
·! LDR: Imported function 'sceNpScoreRecordScore' in 'sceNp' module (0x6f47dc)
·! LDR: Imported function 'sceNpScoreGetRankingByRangeAsync' in 'sceNp' module (0x6f47fc)
·! LDR: Imported function 'sceNpScoreDestroyTitleCtx' in 'sceNp' module (0x6f481c)
·! LDR: Imported function 'sceNpScoreSetTimeout' in 'sceNp' module (0x6f483c)
·! LDR: Imported function 'sceNpBasicGetFriendPresenceByIndex' in 'sceNp' module (0x6f485c)
·! LDR: Imported function 'sceNpScoreInit' in 'sceNp' module (0x6f487c)
·! LDR: Imported function 'sceNpScoreGetRankingByNpIdAsync' in 'sceNp' module (0x6f489c)
·! LDR: Imported function 'sceNpBasicSetPresence' in 'sceNp' module (0x6f48bc)
·! LDR: Imported function 'sceNpBasicRegisterContextSensitiveHandler' in 'sceNp' module (0x6f48dc)
·! LDR: Imported function 'sceNpTerm' in 'sceNp' module (0x6f48fc)
·! LDR: Imported function 'sceNpManagerUnregisterCallback' in 'sceNp' module (0x6f491c)
·! LDR: Imported function 'sceNpManagerGetTicketParam' in 'sceNp' module (0x6f493c)
·! LDR: Imported function 'sceNpLookupDestroyTitleCtx' in 'sceNp' module (0x6f495c)
·! LDR: Imported function 'sceNpLookupInit' in 'sceNp' module (0x6f497c)
·! LDR: Imported function 'sceNpScoreCreateTransactionCtx' in 'sceNp' module (0x6f499c)
·! LDR: Imported function 'sceNpManagerRequestTicket' in 'sceNp' module (0x6f49bc)
·! LDR: Imported function 'sceNpLookupTerm' in 'sceNp' module (0x6f49dc)
·! LDR: Imported function 'sceNpScoreTerm' in 'sceNp' module (0x6f49fc)
·! LDR: Imported function 'sceNpScorePollAsync' in 'sceNp' module (0x6f4a1c)
·! LDR: Imported function 'sceNpManagerGetStatus' in 'sceNp' module (0x6f4a3c)
·! LDR: Imported function 'sceNpBasicUnregisterHandler' in 'sceNp' module (0x6f4a5c)
·! LDR: Imported function 'sceNpDrmIsAvailable' in 'sceNp' module (0x6f4a7c)
·! LDR: Imported function 'sceNpBasicGetFriendListEntryCount' in 'sceNp' module (0x6f4a9c)
·! LDR: Imported function 'sceNpManagerGetAccountRegion' in 'sceNp' module (0x6f4abc)
·! LDR: Imported function 'sceNpScoreCreateTitleCtx' in 'sceNp' module (0x6f4adc)
·! LDR: Imported function 'sceNpInit' in 'sceNp' module (0x6f4afc)
·! LDR: Imported function 'sceNpManagerGetNetworkTime' in 'sceNp' module (0x6f4b1c)
·! LDR: Imported function 'sceNpScoreDestroyTransactionCtx' in 'sceNp' module (0x6f4b3c)
·! LDR: Imported function 'sceNpLookupCreateTitleCtx' in 'sceNp' module (0x6f4b5c)
·! LDR: Imported function 'sceNpBasicGetEvent' in 'sceNp' module (0x6f4b7c)
·! LDR: Imported function 'sceNpManagerRegisterCallback' in 'sceNp' module (0x6f4b9c)
·! LDR: Imported function 'sceNpLookupCreateTransactionCtx' in 'sceNp' module (0x6f4bbc)
·! LDR: Imported function 'sceNpManagerGetChatRestrictionFlag' in 'sceNp' module (0x6f4bdc)
·! LDR: Imported function 'sceNpScoreAbortTransaction' in 'sceNp' module (0x6f4bfc)
·! LDR: Imported function 'sceNpManagerGetOnlineName' in 'sceNp' module (0x6f4c1c)
·! LDR: Imported function 'sceNpLookupDestroyTransactionCtx' in 'sceNp' module (0x6f4c3c)
·! LDR: Imported function 'sceNpBasicGetFriendPresenceByNpId' in 'sceNp' module (0x6f4c5c)
·! LDR: Imported function 'sceNpManagerGetNpId' in 'sceNp' module (0x6f4c7c)
·! LDR: Imported function 'sceNpManagerGetAvatarUrl' in 'sceNp' module (0x6f5fbc)
·! LDR: Imported function 'sceNpBasicRegisterHandler' in 'sceNp' module (0x6f5fdc)
·! LDR: Imported function 'sceNpDrmIsAvailable2' in 'sceNp' module (0x6f5ffc)

·! LDR: Imported function 'cellRtcCheckValid' in 'cellRtc' module (0x6f4c9c)
·! LDR: Imported function 'cellRtcSetTick' in 'cellRtc' module (0x6f4cbc)
·! LDR: Imported function 'cellRtcGetCurrentTick' in 'cellRtc' module (0x6f4cdc)
·! LDR: Imported function 'cellRtcGetDayOfWeek' in 'cellRtc' module (0x6f4cfc)
·! LDR: Imported function 'cellRtcConvertUtcToLocalTime' in 'cellRtc' module (0x6f4d1c)
·! LDR: Imported function 'cellRtcParseDateTime' in 'cellRtc' module (0x6f4d3c)
·! LDR: Imported function 'cellRtcGetTick' in 'cellRtc' module (0x6f4d5c)

·! LDR: Imported function 'cellHttpCreateTransaction' in 'cellHttp' module (0x6f4d7c)
·! LDR: Imported function 'cellHttpResponseGetStatusCode' in 'cellHttp' module (0x6f4d9c)
·! LDR: Imported function 'cellHttpInit' in 'cellHttp' module (0x6f4dbc)
·! LDR: Imported function 'cellHttpDestroyTransaction' in 'cellHttp' module (0x6f4ddc)
·! LDR: Imported function 'cellHttpResponseGetContentLength' in 'cellHttp' module (0x6f4dfc)
·! LDR: Imported function 'cellHttpCreateClient' in 'cellHttp' module (0x6f4e1c)
·! LDR: Imported function 'cellHttpsInit' in 'cellHttp' module (0x6f4e3c)
·! LDR: Imported function 'cellHttpRecvResponse' in 'cellHttp' module (0x6f4e5c)
·! LDR: Imported function 'cellHttpInitCookie' in 'cellHttp' module (0x6f4e7c)
·! LDR: Imported function 'cellHttpDestroyClient' in 'cellHttp' module (0x6f4e9c)
·! LDR: Imported function 'cellHttpSendRequest' in 'cellHttp' module (0x6f4ebc)
·! LDR: Imported function 'cellHttpEnd' in 'cellHttp' module (0x6f4edc)

·! LDR: Imported function 'cellHttpUtilParseUri' in 'cellHttpUtil' module (0x6f4efc)

·! LDR: Imported function 'cellJpgDecReadHeader' in 'cellJpgDec' module (0x6f4f1c)
·! LDR: Imported function 'cellJpgDecClose' in 'cellJpgDec' module (0x6f4f3c)
·! LDR: Imported function 'cellJpgDecOpen' in 'cellJpgDec' module (0x6f4f5c)
·! LDR: Imported function 'cellJpgDecCreate' in 'cellJpgDec' module (0x6f4f7c)
·! LDR: Imported function 'cellJpgDecDecodeData' in 'cellJpgDec' module (0x6f4f9c)
·! LDR: Imported function 'cellJpgDecDestroy' in 'cellJpgDec' module (0x6f4fbc)
·! LDR: Imported function 'cellJpgDecSetParameter' in 'cellJpgDec' module (0x6f4fdc)

·! LDR: Imported function 'cellPngDecCreate' in 'cellPngDec' module (0x6f4ffc)
·! LDR: Imported function 'cellPngDecDecodeData' in 'cellPngDec' module (0x6f501c)
·! LDR: Imported function 'cellPngDecClose' in 'cellPngDec' module (0x6f503c)
·! LDR: Imported function 'cellPngDecDestroy' in 'cellPngDec' module (0x6f505c)
·! LDR: Imported function 'cellPngDecReadHeader' in 'cellPngDec' module (0x6f507c)
·! LDR: Imported function 'cellPngDecOpen' in 'cellPngDec' module (0x6f509c)
·! LDR: Imported function 'cellPngDecSetParameter' in 'cellPngDec' module (0x6f50bc)

·! LDR: Imported function 'UCS2stoUTF8s' in 'cellL10n' module (0x6f50dc)
·! LDR: Imported function 'UTF8stoUCS2s' in 'cellL10n' module (0x6f50fc)

·! LDR: Imported function 'cellVoiceDisconnectIPortFromOPort' in 'cellVoice' module (0x6f511c)
·! LDR: Imported function 'cellVoiceCreateNotifyEventQueue' in 'cellVoice' module (0x6f513c)
·! LDR: Imported function 'cellVoiceCreatePort' in 'cellVoice' module (0x6f515c)
·! LDR: Imported function 'cellVoiceSetNotifyEventQueue' in 'cellVoice' module (0x6f517c)
·! LDR: Imported function 'cellVoiceReadFromOPort' in 'cellVoice' module (0x6f519c)
·! LDR: Imported function 'cellVoiceWriteToIPort' in 'cellVoice' module (0x6f51bc)
·! LDR: Imported function 'cellVoiceGetMuteFlag' in 'cellVoice' module (0x6f51dc)
·! LDR: Imported function 'cellVoiceGetPortInfo' in 'cellVoice' module (0x6f51fc)
·! LDR: Imported function 'cellVoiceGetVolume' in 'cellVoice' module (0x6f521c)
·! LDR: Imported function 'cellVoiceStartEx' in 'cellVoice' module (0x6f523c)
·! LDR: Imported function 'cellVoiceSetPortAttr' in 'cellVoice' module (0x6f525c)
·! LDR: Imported function 'cellVoiceDeletePort' in 'cellVoice' module (0x6f527c)
·! LDR: Imported function 'cellVoiceConnectIPortToOPort' in 'cellVoice' module (0x6f529c)
·! LDR: Imported function 'cellVoiceInitEx' in 'cellVoice' module (0x6f52bc)
·! LDR: Imported function 'cellVoiceStop' in 'cellVoice' module (0x6f52dc)
·! LDR: Imported function 'cellVoiceSetMuteFlagAll' in 'cellVoice' module (0x6f52fc)
·! LDR: Imported function 'cellVoiceSetVolume' in 'cellVoice' module (0x6f531c)
·! LDR: Imported function 'cellVoiceRemoveNotifyEventQueue' in 'cellVoice' module (0x6f533c)
·! LDR: Imported function 'cellVoiceSetMuteFlag' in 'cellVoice' module (0x6f535c)
·! LDR: Imported function 'cellVoiceEnd' in 'cellVoice' module (0x6f537c)
·! LDR: Imported function 'cellVoiceResetPort' in 'cellVoice' module (0x6f539c)

·! LDR: Imported function 'sceNpTrophyRegisterContext' in 'sceNpTrophy' module (0x6f53bc)
·! LDR: Imported function 'sceNpTrophyCreateHandle' in 'sceNpTrophy' module (0x6f53dc)
·! LDR: Imported function 'sceNpTrophyGetRequiredDiskSpace' in 'sceNpTrophy' module (0x6f53fc)
·! LDR: Imported function 'sceNpTrophyDestroyContext' in 'sceNpTrophy' module (0x6f541c)
·! LDR: Imported function 'sceNpTrophyInit' in 'sceNpTrophy' module (0x6f543c)
·! LDR: Imported function 'sceNpTrophyDestroyHandle' in 'sceNpTrophy' module (0x6f545c)
·! LDR: Imported function 'sceNpTrophyUnlockTrophy' in 'sceNpTrophy' module (0x6f547c)
·! LDR: Imported function 'sceNpTrophyTerm' in 'sceNpTrophy' module (0x6f549c)
·! LDR: Imported function 'sceNpTrophyCreateContext' in 'sceNpTrophy' module (0x6f54bc)

·! LDR: Imported function 'sceNpCommerce2DoCheckoutStartAsync' in 'sceNpCommerce2' module (0x6f54dc)
·! LDR: Imported function 'sceNpCommerce2DestroyReq' in 'sceNpCommerce2' module (0x6f54fc)
·! LDR: Imported function 'sceNpCommerce2Init' in 'sceNpCommerce2' module (0x6f551c)
·! LDR: Imported function 'sceNpCommerce2GetCategoryContentsStart' in 'sceNpCommerce2' module (0x6f553c)
·! LDR: Imported function 'sceNpCommerce2Term' in 'sceNpCommerce2' module (0x6f555c)
·! LDR: Imported function 'sceNpCommerce2CreateSessionAbort' in 'sceNpCommerce2' module (0x6f557c)
·! LDR: Imported function 'sceNpCommerce2DestroyCtx' in 'sceNpCommerce2' module (0x6f559c)
·! LDR: Imported function 'sceNpCommerce2GetCategoryContentsCreateReq' in 'sceNpCommerce2' module (0x6f55bc)
·! LDR: Imported function 'sceNpCommerce2CreateSessionFinish' in 'sceNpCommerce2' module (0x6f55dc)
·! LDR: Imported function 'sceNpCommerce2GetContentInfo' in 'sceNpCommerce2' module (0x6f55fc)
·! LDR: Imported function 'sceNpCommerce2DestroyGetCategoryContentsResult' in 'sceNpCommerce2' module (0x6f561c)
·! LDR: Imported function 'sceNpCommerce2GetCategoryInfo' in 'sceNpCommerce2' module (0x6f563c)
·! LDR: Imported function 'sceNpCommerce2GetCategoryContentsGetResult' in 'sceNpCommerce2' module (0x6f565c)
·! LDR: Imported function 'sceNpCommerce2CreateSessionStart' in 'sceNpCommerce2' module (0x6f567c)
·! LDR: Imported function 'sceNpCommerce2DoCheckoutFinishAsync' in 'sceNpCommerce2' module (0x6f569c)
·! LDR: Imported function 'sceNpCommerce2InitGetCategoryContentsResult' in 'sceNpCommerce2' module (0x6f56bc)
·! LDR: Imported function 'sceNpCommerce2CreateCtx' in 'sceNpCommerce2' module (0x6f56dc)
·! LDR: Imported function 'sceNpCommerce2GetPrice' in 'sceNpCommerce2' module (0x6f56fc)
·! LDR: Imported function 'sceNpCommerce2GetGameSkuInfoFromGameProductInfo' in 'sceNpCommerce2' module (0x6f571c)
·! LDR: Imported function 'sceNpCommerce2GetGameProductInfoFromContentInfo' in 'sceNpCommerce2' module (0x6f573c)
·! LDR: Imported function 'sceNpCommerce2GetCategoryInfoFromContentInfo' in 'sceNpCommerce2' module (0x6f575c)

·! LDR: Imported function 'cellCameraGetBufferInfoEx' in 'cellCamera' module (0x6f577c)
·! LDR: Imported function 'cellCameraReadEx' in 'cellCamera' module (0x6f579c)
·! LDR: Imported function 'cellCameraRemoveNotifyEventQueue2' in 'cellCamera' module (0x6f57bc)
·! LDR: Imported function 'cellCameraStart' in 'cellCamera' module (0x6f57dc)
·! LDR: Imported function 'cellCameraGetType' in 'cellCamera' module (0x6f57fc)
·! LDR: Imported function 'cellCameraOpenEx' in 'cellCamera' module (0x6f581c)
·! LDR: Imported function 'cellCameraReset' in 'cellCamera' module (0x6f583c)
·! LDR: Imported function 'cellCameraSetAttribute' in 'cellCamera' module (0x6f585c)
·! LDR: Imported function 'cellCameraSetNotifyEventQueue2' in 'cellCamera' module (0x6f587c)
·! LDR: Imported function 'cellCameraInit' in 'cellCamera' module (0x6f589c)

·! LDR: Imported function 'cellGemUpdateStart' in 'libgem' module (0x6f58bc)
·! LDR: Imported function 'cellGemInit' in 'libgem' module (0x6f58dc)
·! LDR: Imported function 'cellGemConvertVideoFinish' in 'libgem' module (0x6f58fc)
·! LDR: Imported function 'cellGemEnableMagnetometer' in 'libgem' module (0x6f591c)
·! LDR: Imported function 'cellGemUpdateFinish' in 'libgem' module (0x6f593c)
·! LDR: Imported function 'cellGemSetRumble' in 'libgem' module (0x6f595c)
·! LDR: Imported function 'cellGemGetState' in 'libgem' module (0x6f597c)
·! LDR: Imported function 'cellGemGetAccelerometerPositionInDevice' in 'libgem' module (0x6f599c)
·! LDR: Imported function 'cellGemConvertVideoStart' in 'libgem' module (0x6f59bc)
·! LDR: Imported function 'cellGemTrackHues' in 'libgem' module (0x6f59dc)
·! LDR: Imported function 'cellGemClearStatusFlags' in 'libgem' module (0x6f59fc)
·! LDR: Imported function 'cellGemGetInfo' in 'libgem' module (0x6f5a1c)
·! LDR: Imported function 'cellGemPrepareCamera' in 'libgem' module (0x6f5a3c)
·! LDR: Imported function 'cellGemCalibrate' in 'libgem' module (0x6f5a5c)
·! LDR: Imported function 'cellGemPrepareVideoConvert' in 'libgem' module (0x6f5a7c)
·! LDR: Imported function 'cellGemHSVtoRGB' in 'libgem' module (0x6f5a9c)
·! LDR: Imported function 'cellGemForceRGB' in 'libgem' module (0x6f5abc)
·! LDR: Imported function 'cellGemGetInertialState' in 'libgem' module (0x6f5adc)
·! LDR: Imported function 'cellGemEnd' in 'libgem' module (0x6f5afc)
·! LDR: Imported function 'cellGemInvalidateCalibration' in 'libgem' module (0x6f5b1c)
·! LDR: Imported function 'cellGemGetStatusFlags' in 'libgem' module (0x6f5b3c)

·! LDR: Imported function 'cellVideoOutGetScreenSize' in 'cellSysutilAvconfExt' module (0x6f5b5c)

·! LDR: Imported function 'cellSslCertificateLoader' in 'cellSsl' module (0x6f5b7c)
·! LDR: Imported function 'cellSslInit' in 'cellSsl' module (0x6f5b9c)

·! LDR: Imported function 'sys_lwmutex_lock' in 'sysPrxForUser' module (0x6f601c)
·! LDR: Imported function 'sys_lwmutex_unlock' in 'sysPrxForUser' module (0x6f603c)
·! LDR: Imported function 'sys_lwcond_destroy' in 'sysPrxForUser' module (0x6f605c)
·! LDR: Imported function 'sys_ppu_thread_create' in 'sysPrxForUser' module (0x6f607c)
·! LDR: Imported function 'sys_prx_load_module' in 'sysPrxForUser' module (0x6f609c)
·! LDR: Imported function 'sys_lwcond_wait' in 'sysPrxForUser' module (0x6f60bc)
·! LDR: Imported function '_sys_process_atexitspawn' in 'sysPrxForUser' module (0x6f60dc)
·! LDR: Imported function 'sys_lwmutex_create' in 'sysPrxForUser' module (0x6f60fc)
·! LDR: Imported function 'sys_ppu_thread_get_id' in 'sysPrxForUser' module (0x6f611c)
·! LDR: Imported function '_sys_heap_malloc' in 'sysPrxForUser' module (0x6f613c)
·! LDR: Imported function 'sys_prx_register_library' in 'sysPrxForUser' module (0x6f615c)
·! LDR: Imported function '_sys_heap_memalign' in 'sysPrxForUser' module (0x6f617c)
·! LDR: Imported function 'sys_process_is_stack' in 'sysPrxForUser' module (0x6f619c)
·! LDR: Imported function 'sys_initialize_tls' in 'sysPrxForUser' module (0x6f61bc)
·! LDR: Imported function 'sys_time_get_system_time' in 'sysPrxForUser' module (0x6f61dc)
·! LDR: Imported function '_sys_heap_free' in 'sysPrxForUser' module (0x6f61fc)
·! LDR: Imported function '_sys_process_at_Exitspawn' in 'sysPrxForUser' module (0x6f621c)
·! LDR: Imported function 'sys_prx_exitspawn_with_level' in 'sysPrxForUser' module (0x6f623c)
·! LDR: Imported function 'sys_prx_load_module_on_memcontainer_by_fd' in 'sysPrxForUser' module (0x6f625c)
·! LDR: Imported function 'sys_prx_load_module_on_memcontainer' in 'sysPrxForUser' module (0x6f627c)
·! LDR: Imported function 'sys_lwmutex_trylock' in 'sysPrxForUser' module (0x6f629c)
·! LDR: Imported function '_sys_heap_delete_heap' in 'sysPrxForUser' module (0x6f62bc)
·! LDR: Imported function 'sys_ppu_thread_exit' in 'sysPrxForUser' module (0x6f62dc)
·! LDR: Imported function '_sys_heap_create_heap' in 'sysPrxForUser' module (0x6f62fc)
·! LDR: Imported function 'sys_lwmutex_destroy' in 'sysPrxForUser' module (0x6f631c)
·! LDR: Imported function 'sys_lwcond_create' in 'sysPrxForUser' module (0x6f633c)
·! LDR: Imported function 'sys_process_exit' in 'sysPrxForUser' module (0x6f635c)
·! LDR: Imported function 'sys_lwcond_signal_all' in 'sysPrxForUser' module (0x6f637c)
·! LDR: Imported function 'sys_prx_load_module_by_fd' in 'sysPrxForUser' module (0x6f639c)
·! LDR: Imported function 'sys_lwcond_signal' in 'sysPrxForUser' module (0x6f63bc)