Title: inFamous 2 (Digital)
Serial: NPEA00318

  Load libraries:
-librtc.sprx
-libsre.sprx
-libssl.sprx

·! LDR: ** Imported module 'cellSpurs' (0x0, 0x0)
·! LDR: **** cellSpurs import: [_cellSpursTasksetAttributeInitialize] -> 0x740858
·! LDR: **** cellSpurs import: [cellSpursRequestIdleSpu] -> 0x740878
·! LDR: **** cellSpurs import: [cellSpursGetInfo] -> 0x740898
·! LDR: **** cellSpurs import: [cellSpursEventFlagDetachLv2EventQueue] -> 0x7408b8
·! LDR: **** cellSpurs import: [cellSpursEventFlagWait] -> 0x7408d8
·! LDR: **** cellSpurs import: [cellSpursWorkloadAttributeSetName] -> 0x7408f8
·! LDR: **** cellSpurs import: [cellSpursEventFlagClear] -> 0x740918
·! LDR: **** cellSpurs import: [cellSpursGetWorkloadInfo] -> 0x740938
·! LDR: **** cellSpurs import: [cellSpursDetachLv2EventQueue] -> 0x740958
·! LDR: **** cellSpurs import: [cellSpursRemoveWorkload] -> 0x740978
·! LDR: **** cellSpurs import: [_cellSpursEventFlagInitialize] -> 0x740998
·! LDR: **** cellSpurs import: [cellSpursWaitForWorkloadShutdown] -> 0x7409b8
·! LDR: **** cellSpurs import: [cellSpursTasksetAttributeSetName] -> 0x7409d8
·! LDR: **** cellSpurs import: [cellSpursSetPriorities] -> 0x7409f8
·! LDR: **** cellSpurs import: [cellSpursEventFlagAttachLv2EventQueue] -> 0x740a18
·! LDR: **** cellSpurs import: [_cellSpursAttributeInitialize] -> 0x740a38
·! LDR: **** cellSpurs import: [cellSpursShutdownWorkload] -> 0x740a58
·! LDR: **** cellSpurs import: [cellSpursJoinTaskset] -> 0x740a78
·! LDR: **** cellSpurs import: [cellSpursShutdownTaskset] -> 0x740a98
·! LDR: **** cellSpurs import: [cellSpursInitializeWithAttribute] -> 0x740ab8
·! LDR: **** cellSpurs import: [cellSpursAttachLv2EventQueue] -> 0x740ad8
·! LDR: **** cellSpurs import: [cellSpursAddWorkloadWithAttribute] -> 0x740af8
·! LDR: **** cellSpurs import: [cellSpursCreateTasksetWithAttribute] -> 0x740b18
·! LDR: **** cellSpurs import: [cellSpursFinalize] -> 0x740b38
·! LDR: **** cellSpurs import: [cellSpursSetExceptionEventHandler] -> 0x740b58
·! LDR: **** cellSpurs import: [_cellSpursWorkloadAttributeInitialize] -> 0x740b78
·! LDR: **** cellSpurs import: [cellSpursReadyCountStore] -> 0x740b98
·! LDR: **** cellSpurs import: [_cellSpursLFQueueInitialize] -> 0x742c58
·! LDR: **** cellSpurs import: [cellSpursAttributeSetNamePrefix] -> 0x742c78
·! LDR: **** cellSpurs import: [cellSpursLFQueueAttachLv2EventQueue] -> 0x742c98
·! LDR: **** cellSpurs import: [cellSpursCreateJobChainWithAttribute] -> 0x742cb8
·! LDR: **** cellSpurs import: [_cellSpursJobChainAttributeInitialize] -> 0x742cd8
·! LDR: **** cellSpurs import: [cellSpursJobGuardInitialize] -> 0x742cf8
·! LDR: **** cellSpurs import: [cellSpursShutdownJobChain] -> 0x742d18
·! LDR: **** cellSpurs import: [cellSpursLFQueueDetachLv2EventQueue] -> 0x742d38
·! LDR: **** cellSpurs import: [_cellSpursLFQueuePushBody] -> 0x742d58
·! LDR: **** cellSpurs import: [cellSpursJobChainAttributeSetName] -> 0x742d78
·! LDR: **** cellSpurs import: [cellSpursJoinJobChain] -> 0x742d98
·! LDR: **** cellSpurs import: [cellSpursCreateTask] -> 0x742db8
·! LDR: **** cellSpurs import: [cellSpursJobGuardNotify] -> 0x742dd8
·! LDR: **** cellSpurs import: [cellSpursRunJobChain] -> 0x742df8

·! LDR: ** Imported module 'cellSysmodule' (0x0, 0x0)
·! LDR: **** cellSysmodule import: [cellSysmoduleUnloadModule] -> 0x740bb8
·! LDR: **** cellSysmodule import: [cellSysmoduleLoadModule] -> 0x740bd8
·! LDR: **** cellSysmodule import: [cellSysmoduleInitialize] -> 0x740bf8

·! LDR: ** Imported module 'sys_fs' (0x0, 0x0)
·! LDR: **** sys_fs import: [cellFsRmdir] -> 0x740c18
·! LDR: **** sys_fs import: [cellFsClose] -> 0x740c38
·! LDR: **** sys_fs import: [cellFsOpendir] -> 0x740c58
·! LDR: **** sys_fs import: [cellFsRead] -> 0x740c78
·! LDR: **** sys_fs import: [cellFsReaddir] -> 0x740c98
·! LDR: **** sys_fs import: [cellFsSdataOpenByFd] -> 0x740cb8
·! LDR: **** sys_fs import: [cellFsOpen] -> 0x740cd8
·! LDR: **** sys_fs import: [cellFsStat] -> 0x740cf8
·! LDR: **** sys_fs import: [cellFsUnlink] -> 0x740d18
·! LDR: **** sys_fs import: [cellFsFsync] -> 0x740d38
·! LDR: **** sys_fs import: [cellFsGetDirectoryEntries] -> 0x740d58
·! LDR: **** sys_fs import: [cellFsLseek] -> 0x740d78
·! LDR: **** sys_fs import: [cellFsGetFreeSize] -> 0x740d98
·! LDR: **** sys_fs import: [cellFsSdataOpen] -> 0x740db8
·! LDR: **** sys_fs import: [cellFsMkdir] -> 0x740dd8
·! LDR: **** sys_fs import: [cellFsUtime] -> 0x740df8
·! LDR: **** sys_fs import: [cellFsWrite] -> 0x740e18
·! LDR: **** sys_fs import: [cellFsFstat] -> 0x740e38
·! LDR: **** sys_fs import: [cellFsRename] -> 0x740e58
·! LDR: **** sys_fs import: [cellFsClosedir] -> 0x740e78

·! LDR: ** Imported module 'sys_io' (0x0, 0x0)
·! LDR: **** sys_io import: [cellPadInit] -> 0x740e98
·! LDR: **** sys_io import: [cellKbClearBuf] -> 0x740eb8
·! LDR: **** sys_io import: [cellKbGetInfo] -> 0x740ed8
·! LDR: **** sys_io import: [cellKbSetLEDStatus] -> 0x740ef8
·! LDR: **** sys_io import: [cellKbInit] -> 0x740f18
·! LDR: **** sys_io import: [cellPadPeriphGetInfo] -> 0x740f38
·! LDR: **** sys_io import: [cellPadEnd] -> 0x740f58
·! LDR: **** sys_io import: [cellPadSetPortSetting] -> 0x740f78
·! LDR: **** sys_io import: [cellPadGetData] -> 0x740f98
·! LDR: **** sys_io import: [cellKbSetCodeType] -> 0x740fb8
·! LDR: **** sys_io import: [cellPadGetInfo2] -> 0x740fd8
·! LDR: **** sys_io import: [cellKbEnd] -> 0x740ff8
·! LDR: **** sys_io import: [cellKbSetReadMode] -> 0x741018
·! LDR: **** sys_io import: [cellPadSetActDirect] -> 0x741038
·! LDR: **** sys_io import: [cellKbRead] -> 0x741058

·! LDR: ** Imported module 'cellRtc' (0x0, 0x0)
·! LDR: **** cellRtc import: [cellRtcConvertLocalTimeToUtc] -> 0x741078
·! LDR: **** cellRtc import: [cellRtcFormatRfc2822] -> 0x741098
·! LDR: **** cellRtc import: [cellRtcSetTick] -> 0x7410b8
·! LDR: **** cellRtc import: [cellRtcGetCurrentTick] -> 0x7410d8
·! LDR: **** cellRtc import: [cellRtcConvertUtcToLocalTime] -> 0x7410f8
·! LDR: **** cellRtc import: [cellRtcParseDateTime] -> 0x741118
·! LDR: **** cellRtc import: [cellRtcGetTick] -> 0x741138
·! LDR: **** cellRtc import: [cellRtcCompareTick] -> 0x741158

·! LDR: ** Imported module 'sys_net' (0x0, 0x0)
·! LDR: **** sys_net import: [sys_net::sys_net_initialize_network_ex] -> 0x741178
·! LDR: **** sys_net import: [sys_net::recvfrom] -> 0x741198
·! LDR: **** sys_net import: [sys_net::listen] -> 0x7411b8
·! LDR: **** sys_net import: [sys_net::socketselect] -> 0x7411d8
·! LDR: **** sys_net import: [sys_net::sys_net_close_dump] -> 0x7411f8
·! LDR: **** sys_net import: [sys_net::getsockopt] -> 0x741218
·! LDR: **** sys_net import: [sys_net::_sys_net_errno_loc] -> 0x741238
·! LDR: **** sys_net import: [sys_net::connect] -> 0x741258
·! LDR: **** sys_net import: [sys_net::socketclose] -> 0x741278
·! LDR: **** sys_net import: [sys_net::gethostbyname] -> 0x741298
·! LDR: **** sys_net import: [sys_net::inet_ntoa] -> 0x7412b8
·! LDR: **** sys_net import: [sys_net::setsockopt] -> 0x7412d8
·! LDR: **** sys_net import: [sys_net::sys_net_read_dump] -> 0x7412f8
·! LDR: **** sys_net import: [sys_net::sendto] -> 0x741318
·! LDR: **** sys_net import: [sys_net::socket] -> 0x741338
·! LDR: **** sys_net import: [sys_net::shutdown] -> 0x741358
·! LDR: **** sys_net import: [sys_net::sys_net_open_dump] -> 0x741378
·! LDR: **** sys_net import: [sys_net::bind] -> 0x741398
·! LDR: **** sys_net import: [sys_net::sys_net_show_ifconfig] -> 0x7413b8
·! LDR: **** sys_net import: [sys_net::sys_net_finalize_network] -> 0x7413d8
·! LDR: **** sys_net import: [sys_net::accept] -> 0x7413f8
·! LDR: **** sys_net import: [sys_net::inet_addr] -> 0x741418
·! LDR: **** sys_net import: [sys_net::send] -> 0x741438
·! LDR: **** sys_net import: [sys_net::recv] -> 0x741458

·! LDR: ** Imported module 'cellNetCtl' (0x0, 0x0)
·! LDR: **** cellNetCtl import: [cellNetCtlNetStartDialogLoadAsync] -> 0x741478
·! LDR: **** cellNetCtl import: [cellNetCtlAddHandler] -> 0x741498
·! LDR: **** cellNetCtl import: [cellNetCtlNetStartDialogUnloadAsync] -> 0x7414b8
·! LDR: **** cellNetCtl import: [cellNetCtlTerm] -> 0x7414d8
·! LDR: **** cellNetCtl import: [cellNetCtlGetInfo] -> 0x7414f8
·! LDR: **** cellNetCtl import: [cellNetCtlGetState] -> 0x741518
·! LDR: **** cellNetCtl import: [cellNetCtlDelHandler] -> 0x741538
·! LDR: **** cellNetCtl import: [cellNetCtlInit] -> 0x741558

·! LDR: ** Imported module 'cellHttp' (0x0, 0x0)
·! LDR: **** cellHttp import: [cellHttpCreateTransaction] -> 0x741578
·! LDR: **** cellHttp import: [cellHttpResponseGetStatusCode] -> 0x741598
·! LDR: **** cellHttp import: [cellHttpClientSetSslCallback] -> 0x7415b8
·! LDR: **** cellHttp import: [cellHttpClientSetRecvTimeout] -> 0x7415d8
·! LDR: **** cellHttp import: [cellHttpInit] -> 0x7415f8
·! LDR: **** cellHttp import: [cellHttpTransactionAbortConnection] -> 0x741618
·! LDR: **** cellHttp import: [cellHttpDestroyTransaction] -> 0x741638
·! LDR: **** cellHttp import: [cellHttpCreateClient] -> 0x741658
·! LDR: **** cellHttp import: [cellHttpsInit] -> 0x741678
·! LDR: **** cellHttp import: [cellHttpRecvResponse] -> 0x741698
·! LDR: **** cellHttp import: [cellHttpClientSetSendTimeout] -> 0x7416b8
·! LDR: **** cellHttp import: [cellHttpDestroyClient] -> 0x7416d8
·! LDR: **** cellHttp import: [cellHttpClientSetHeader] -> 0x7416f8
·! LDR: **** cellHttp import: [cellHttpSendRequest] -> 0x741718
·! LDR: **** cellHttp import: [cellHttpRequestSetContentLength] -> 0x741738
·! LDR: **** cellHttp import: [cellHttpResponseGetAllHeaders] -> 0x741758
·! LDR: **** cellHttp import: [cellHttpEnd] -> 0x741778
·! LDR: **** cellHttp import: [cellHttpClientSetConnTimeout] -> 0x741798
·! LDR: **** cellHttp import: [cellHttpsEnd] -> 0x7417b8

·! LDR: ** Imported module 'cellHttpUtil' (0x0, 0x0)
·! LDR: **** cellHttpUtil import: [cellHttpUtilParseUri] -> 0x7417d8

·! LDR: ** Imported module 'cellAudio' (0x0, 0x0)
·! LDR: **** cellAudio import: [cellAudioInit] -> 0x7417f8
·! LDR: **** cellAudio import: [cellAudioPortClose] -> 0x741818
·! LDR: **** cellAudio import: [cellAudioSetPortLevel] -> 0x741838
·! LDR: **** cellAudio import: [cellAudioPortStop] -> 0x741858
·! LDR: **** cellAudio import: [cellAudioGetPortConfig] -> 0x741878
·! LDR: **** cellAudio import: [cellAudioPortStart] -> 0x741898
·! LDR: **** cellAudio import: [cellAudioQuit] -> 0x7418b8
·! LDR: **** cellAudio import: [cellAudioPortOpen] -> 0x7418d8

·! LDR: ** Imported module 'cellCamera' (0x0, 0x0)
·! LDR: **** cellCamera import: [cellCameraStop] -> 0x7418f8
·! LDR: **** cellCamera import: [cellCameraGetBufferInfoEx] -> 0x741918
·! LDR: **** cellCamera import: [cellCameraReadEx] -> 0x741938
·! LDR: **** cellCamera import: [cellCameraClose] -> 0x741958
·! LDR: **** cellCamera import: [cellCameraRemoveNotifyEventQueue2] -> 0x741978
·! LDR: **** cellCamera import: [cellCameraStart] -> 0x741998
·! LDR: **** cellCamera import: [cellCameraGetType] -> 0x7419b8
·! LDR: **** cellCamera import: [cellCameraEnd] -> 0x7419d8
·! LDR: **** cellCamera import: [cellCameraOpenEx] -> 0x7419f8
·! LDR: **** cellCamera import: [cellCameraReset] -> 0x741a18
·! LDR: **** cellCamera import: [cellCameraSetAttribute] -> 0x741a38
·! LDR: **** cellCamera import: [cellCameraSetNotifyEventQueue2] -> 0x741a58
·! LDR: **** cellCamera import: [cellCameraInit] -> 0x741a78

·! LDR: ** Imported module 'cellSysutil' (0x0, 0x0)
·! LDR: **** cellSysutil import: [cellSysutilUnregisterCallback] -> 0x741a98
·! LDR: **** cellSysutil import: [cellVideoOutConfigure] -> 0x741ab8
·! LDR: **** cellSysutil import: [cellSysutilCheckCallback] -> 0x741ad8
·! LDR: **** cellSysutil import: [cellSaveDataListLoad2] -> 0x741af8
·! LDR: **** cellSysutil import: [cellVideoOutGetDeviceInfo] -> 0x741b18
·! LDR: **** cellSysutil import: [cellMsgDialogClose] -> 0x741b38
·! LDR: **** cellSysutil import: [cellSaveDataListAutoLoad] -> 0x741b58
·! LDR: **** cellSysutil import: [cellSaveDataListSave2] -> 0x741b78
·! LDR: **** cellSysutil import: [cellOskDialogUnloadAsync] -> 0x741b98
·! LDR: **** cellSysutil import: [cellSysutilGetSystemParamInt] -> 0x741bb8
·! LDR: **** cellSysutil import: [cellAudioOutConfigure] -> 0x741bd8
·! LDR: **** cellSysutil import: [cellMsgDialogAbort] -> 0x741bf8
·! LDR: **** cellSysutil import: [cellVideoOutGetNumberOfDevice] -> 0x741c18
·! LDR: **** cellSysutil import: [cellMsgDialogOpen2] -> 0x741c38
·! LDR: **** cellSysutil import: [cellOskDialogAddSupportLanguage] -> 0x741c58
·! LDR: **** cellSysutil import: [cellOskDialogLoadAsync] -> 0x741c78
·! LDR: **** cellSysutil import: [cellVideoOutGetState] -> 0x741c98
·! LDR: **** cellSysutil import: [cellSaveDataAutoSave2] -> 0x741cb8
·! LDR: **** cellSysutil import: [cellSysutilGetSystemParamString] -> 0x741cd8
·! LDR: **** cellSysutil import: [cellSysutilRegisterCallback] -> 0x741cf8
·! LDR: **** cellSysutil import: [cellSysutilGetBgmPlaybackStatus] -> 0x741d18
·! LDR: **** cellSysutil import: [cellVideoOutGetResolutionAvailability] -> 0x741d38
·! LDR: **** cellSysutil import: [cellOskDialogSetKeyLayoutOption] -> 0x741d58
·! LDR: **** cellSysutil import: [cellOskDialogAbort] -> 0x741d78
·! LDR: **** cellSysutil import: [cellAudioOutGetSoundAvailability] -> 0x741d98
·! LDR: **** cellSysutil import: [cellVideoOutGetResolution] -> 0x741db8
·! LDR: **** cellSysutil import: [cellAudioOutGetState] -> 0x741dd8

·! LDR: ** Imported module 'cellGame' (0x0, 0x0)
·! LDR: **** cellGame import: [cellGameGetParamString] -> 0x741df8
·! LDR: **** cellGame import: [cellGameCreateGameData] -> 0x741e18
·! LDR: **** cellGame import: [cellGameContentPermit] -> 0x741e38
·! LDR: **** cellGame import: [cellGameContentErrorDialog] -> 0x741e58
·! LDR: **** cellGame import: [cellGameGetParamInt] -> 0x741e78
·! LDR: **** cellGame import: [cellGameDataCheck] -> 0x741e98
·! LDR: **** cellGame import: [cellGameGetSizeKB] -> 0x741eb8
·! LDR: **** cellGame import: [cellGameBootCheck] -> 0x741ed8

·! LDR: ** Imported module 'sceNpTrophy' (0x0, 0x0)
·! LDR: **** sceNpTrophy import: [sceNpTrophyRegisterContext] -> 0x741ef8
·! LDR: **** sceNpTrophy import: [sceNpTrophyCreateHandle] -> 0x741f18
·! LDR: **** sceNpTrophy import: [sceNpTrophyGetRequiredDiskSpace] -> 0x741f38
·! LDR: **** sceNpTrophy import: [sceNpTrophyDestroyContext] -> 0x741f58
·! LDR: **** sceNpTrophy import: [sceNpTrophyInit] -> 0x741f78
·! LDR: **** sceNpTrophy import: [sceNpTrophyDestroyHandle] -> 0x741f98
·! LDR: **** sceNpTrophy import: [sceNpTrophyUnlockTrophy] -> 0x741fb8
·! LDR: **** sceNpTrophy import: [sceNpTrophyTerm] -> 0x741fd8
·! LDR: **** sceNpTrophy import: [sceNpTrophyGetTrophyUnlockState] -> 0x741ff8
·! LDR: **** sceNpTrophy import: [sceNpTrophyCreateContext] -> 0x742018

·! LDR: ** Imported module 'sceNp' (0x0, 0x0)
·! LDR: **** sceNp import: [sceNpManagerGetTicket] -> 0x742038
·! LDR: **** sceNp import: [sceNpTerm] -> 0x742058
·! LDR: **** sceNp import: [sceNpManagerUnregisterCallback] -> 0x742078
·! LDR: **** sceNp import: [sceNpManagerGetTicketParam] -> 0x742098
·! LDR: **** sceNp import: [sceNpManagerGetContentRatingFlag] -> 0x7420b8
·! LDR: **** sceNp import: [sceNpManagerRequestTicket2] -> 0x7420d8
·! LDR: **** sceNp import: [sceNpManagerGetStatus] -> 0x7420f8
·! LDR: **** sceNp import: [sceNpDrmIsAvailable] -> 0x742118
·! LDR: **** sceNp import: [sceNpManagerGetAccountRegion] -> 0x742138
·! LDR: **** sceNp import: [sceNpInit] -> 0x742158
·! LDR: **** sceNp import: [sceNpManagerGetNetworkTime] -> 0x742178
·! LDR: **** sceNp import: [sceNpManagerGetOnlineId] -> 0x742198
·! LDR: **** sceNp import: [sceNpManagerRegisterCallback] -> 0x7421b8
·! LDR: **** sceNp import: [sceNpManagerGetChatRestrictionFlag] -> 0x7421d8
·! LDR: **** sceNp import: [sceNpDrmIsAvailable2] -> 0x7421f8
·! LDR: **** sceNp import: [sceNpManagerGetNpId] -> 0x742218

·! LDR: ** Imported module 'cellSysutilAvconfExt' (0x0, 0x0)
·! LDR: **** cellSysutilAvconfExt import: [cellVideoOutSetGamma] -> 0x742238

·! LDR: ** Imported module 'cellGcmSys' (0x0, 0x0)
·! LDR: **** cellGcmSys import: [cellGcmSetUserHandler] -> 0x742258
·! LDR: **** cellGcmSys import: [cellGcmSetQueueHandler] -> 0x742278
·! LDR: **** cellGcmSys import: [_cellGcmInitBody] -> 0x742298
·! LDR: **** cellGcmSys import: [cellGcmDumpGraphicsError] -> 0x7422b8
·! LDR: **** cellGcmSys import: [_cellGcmSetFlipCommand] -> 0x7422d8
·! LDR: **** cellGcmSys import: [cellGcmSortRemapEaIoAddress] -> 0x7422f8
·! LDR: **** cellGcmSys import: [cellGcmGetOffsetTable] -> 0x742318
·! LDR: **** cellGcmSys import: [_cellGcmFunc15] -> 0x742338
·! LDR: **** cellGcmSys import: [cellGcmBindTile] -> 0x742358
·! LDR: **** cellGcmSys import: [cellGcmSetFlipMode] -> 0x742378
·! LDR: **** cellGcmSys import: [cellGcmSetDebugOutputLevel] -> 0x742398
·! LDR: **** cellGcmSys import: [cellGcmMapEaIoAddressWithFlags] -> 0x7423b8
·! LDR: **** cellGcmSys import: [cellGcmBindZcull] -> 0x7423d8
·! LDR: **** cellGcmSys import: [cellGcmMapMainMemory] -> 0x7423f8
·! LDR: **** cellGcmSys import: [cellGcmSetFlipHandler] -> 0x742418
·! LDR: **** cellGcmSys import: [cellGcmSetDisplayBuffer] -> 0x742438
·! LDR: **** cellGcmSys import: [cellGcmGetControlRegister] -> 0x742458
·! LDR: **** cellGcmSys import: [cellGcmUnbindZcull] -> 0x742478
·! LDR: **** cellGcmSys import: [cellGcmSetVBlankHandler] -> 0x742498
·! LDR: **** cellGcmSys import: [cellGcmSetFlipImmediate] -> 0x7424b8
·! LDR: **** cellGcmSys import: [cellGcmSetTileInfo] -> 0x7424d8
·! LDR: **** cellGcmSys import: [cellGcmSetGraphicsHandler] -> 0x7424f8
·! LDR: **** cellGcmSys import: [_cellGcmSetFlipCommandWithWaitLabel] -> 0x742518
·! LDR: **** cellGcmSys import: [cellGcmUnbindTile] -> 0x742538
·! LDR: **** cellGcmSys import: [cellGcmUnmapIoAddress] -> 0x742558
·! LDR: **** cellGcmSys import: [cellGcmGetConfiguration] -> 0x742578
·! LDR: **** cellGcmSys import: [cellGcmGetLabelAddress] -> 0x742598

·! LDR: ** Imported module 'libgem' (0x0, 0x0)
·! LDR: **** libgem import: [cellGemUpdateStart] -> 0x7425b8
·! LDR: **** libgem import: [cellGemInit] -> 0x7425d8
·! LDR: **** libgem import: [cellGemConvertVideoFinish] -> 0x7425f8
·! LDR: **** libgem import: [cellGemEnableMagnetometer] -> 0x742618
·! LDR: **** libgem import: [cellGemGetMemorySize] -> 0x742638
·! LDR: **** libgem import: [cellGemUpdateFinish] -> 0x742658
·! LDR: **** libgem import: [cellGemSetRumble] -> 0x742678
·! LDR: **** libgem import: [cellGemGetState] -> 0x742698
·! LDR: **** libgem import: [cellGemConvertVideoStart] -> 0x7426b8
·! LDR: **** libgem import: [cellGemSetYaw] -> 0x7426d8
·! LDR: **** libgem import: [cellGemTrackHues] -> 0x7426f8
·! LDR: **** libgem import: [cellGemGetImageState] -> 0x742718
·! LDR: **** libgem import: [cellGemClearStatusFlags] -> 0x742738
·! LDR: **** libgem import: [cellGemGetInfo] -> 0x742758
·! LDR: **** libgem import: [cellGemPrepareCamera] -> 0x742778
·! LDR: **** libgem import: [cellGemCalibrate] -> 0x742798
·! LDR: **** libgem import: [cellGemPrepareVideoConvert] -> 0x7427b8
·! LDR: **** libgem import: [cellGemGetInertialState] -> 0x7427d8
·! LDR: **** libgem import: [cellGemEnd] -> 0x7427f8
·! LDR: **** libgem import: [cellGemInvalidateCalibration] -> 0x742818
·! LDR: **** libgem import: [cellGemGetStatusFlags] -> 0x742838

·! LDR: ** Imported module 'cellSsl' (0x0, 0x0)
·! LDR: **** cellSsl import: [cellSslEnd] -> 0x742858
·! LDR: **** cellSsl import: [cellSslCertificateLoader] -> 0x742878
·! LDR: **** cellSsl import: [cellSslInit] -> 0x742898

·! LDR: ** Imported module 'cellSysutilNpEula' (0x0, 0x0)
·! LDR: **** cellSysutilNpEula import: [0x59D1629A] -> 0x7428b8
·! LDR: **** cellSysutilNpEula import: [0x6599500D] -> 0x7428d8

·! LDR: ** Imported module 'sysPrxForUser' (0x0, 0x0)
·! LDR: **** sysPrxForUser import: [sys_lwmutex_lock] -> 0x7428f8
·! LDR: **** sysPrxForUser import: [sys_lwmutex_unlock] -> 0x742918
·! LDR: **** sysPrxForUser import: [sys_lwcond_destroy] -> 0x742938
·! LDR: **** sysPrxForUser import: [sys_ppu_thread_create] -> 0x742958
·! LDR: **** sysPrxForUser import: [sys_prx_load_module] -> 0x742978
·! LDR: **** sysPrxForUser import: [sys_lwcond_wait] -> 0x742998
·! LDR: **** sysPrxForUser import: [_sys_process_atexitspawn] -> 0x7429b8
·! LDR: **** sysPrxForUser import: [sys_lwmutex_create] -> 0x7429d8
·! LDR: **** sysPrxForUser import: [sys_ppu_thread_get_id] -> 0x7429f8
·! LDR: **** sysPrxForUser import: [sys_prx_register_library] -> 0x742a18
·! LDR: **** sysPrxForUser import: [sys_process_is_stack] -> 0x742a38
·! LDR: **** sysPrxForUser import: [sys_initialize_tls] -> 0x742a58
·! LDR: **** sysPrxForUser import: [sys_time_get_system_time] -> 0x742a78
·! LDR: **** sysPrxForUser import: [_sys_process_at_Exitspawn] -> 0x742a98
·! LDR: **** sysPrxForUser import: [sys_prx_exitspawn_with_level] -> 0x742ab8
·! LDR: **** sysPrxForUser import: [sys_prx_load_module_on_memcontainer_by_fd] -> 0x742ad8
·! LDR: **** sysPrxForUser import: [sys_prx_load_module_on_memcontainer] -> 0x742af8
·! LDR: **** sysPrxForUser import: [sys_lwmutex_trylock] -> 0x742b18
·! LDR: **** sysPrxForUser import: [sys_ppu_thread_exit] -> 0x742b38
·! LDR: **** sysPrxForUser import: [sys_lwmutex_destroy] -> 0x742b58
·! LDR: **** sysPrxForUser import: [sys_lwcond_create] -> 0x742b78
·! LDR: **** sysPrxForUser import: [sys_spu_image_close] -> 0x742b98
·! LDR: **** sysPrxForUser import: [sys_process_exit] -> 0x742bb8
·! LDR: **** sysPrxForUser import: [sys_lwcond_signal_all] -> 0x742bd8
·! LDR: **** sysPrxForUser import: [sys_spu_image_import] -> 0x742bf8
·! LDR: **** sysPrxForUser import: [sys_prx_load_module_by_fd] -> 0x742c18
·! LDR: **** sysPrxForUser import: [sys_lwcond_signal] -> 0x742c38
