LLE a utiliser
libfont.sprx
libfontFT.sprx
libfreetype.sprx
libfreetypeTT.sprx
libsre.sprx


·! LDR: ** Imported module 'cellRec' (0x0, 0x0)
·! LDR: **** cellRec import: [cellRecOpen] -> 0x10ccae0
·! LDR: **** cellRec import: [cellRecClose] -> 0x10ccb18
·! LDR: **** cellRec import: [cellRecStop] -> 0x10ccb50
·! LDR: **** cellRec import: [cellRecStart] -> 0x10ccb88
·! LDR: **** cellRec import: [cellRecQueryMemSize] -> 0x10ccbc0

·! LDR: ** Imported module 'cellJpgEnc' (0x0, 0x0)
·! LDR: **** cellJpgEnc import: [cellJpgEncQueryAttr] -> 0x10ccbf8
·! LDR: **** cellJpgEnc import: [cellJpgEncWaitForInput] -> 0x10ccc30
·! LDR: **** cellJpgEnc import: [cellJpgEncGetStreamInfo] -> 0x10ccc68
·! LDR: **** cellJpgEnc import: [cellJpgEncEncodePicture2] -> 0x10ccca0
·! LDR: **** cellJpgEnc import: [cellJpgEncClose] -> 0x10cccd8
·! LDR: **** cellJpgEnc import: [cellJpgEncWaitForOutput] -> 0x10ccd10
·! LDR: **** cellJpgEnc import: [cellJpgEncOpen] -> 0x10ccd48

·! LDR: ** Imported module 'cellCamera' (0x0, 0x0)
·! LDR: **** cellCamera import: [cellCameraReadEx] -> 0x10ccd80
·! LDR: **** cellCamera import: [cellCameraRemoveNotifyEventQueue2] -> 0x10ccdb8
·! LDR: **** cellCamera import: [cellCameraStart] -> 0x10ccdf0
·! LDR: **** cellCamera import: [cellCameraGetType] -> 0x10cce28
·! LDR: **** cellCamera import: [cellCameraOpenEx] -> 0x10cce60
·! LDR: **** cellCamera import: [cellCameraIsAttached] -> 0x10cce98
·! LDR: **** cellCamera import: [cellCameraReset] -> 0x10cced0
·! LDR: **** cellCamera import: [cellCameraSetNotifyEventQueue2] -> 0x10ccf08
·! LDR: **** cellCamera import: [cellCameraInit] -> 0x10ccf40

·! LDR: ** Imported module 'cellPngEnc' (0x0, 0x0)
·! LDR: **** cellPngEnc import: [cellPngEncClose] -> 0x10ccf78
·! LDR: **** cellPngEnc import: [cellPngEncQueryAttr] -> 0x10ccfb0
·! LDR: **** cellPngEnc import: [cellPngEncGetStreamInfo] -> 0x10ccfe8
·! LDR: **** cellPngEnc import: [cellPngEncEncodePicture] -> 0x10cd020
·! LDR: **** cellPngEnc import: [cellPngEncWaitForInput] -> 0x10cd058
·! LDR: **** cellPngEnc import: [cellPngEncWaitForOutput] -> 0x10cd090
·! LDR: **** cellPngEnc import: [cellPngEncOpenEx] -> 0x10cd0c8

·! LDR: ** Imported module 'cellPngDec' (0x0, 0x0)
·! LDR: **** cellPngDec import: [cellPngDecCreate] -> 0x10cd100
·! LDR: **** cellPngDec import: [cellPngDecDecodeData] -> 0x10cd138
·! LDR: **** cellPngDec import: [cellPngDecClose] -> 0x10cd170
·! LDR: **** cellPngDec import: [cellPngDecDestroy] -> 0x10cd1a8
·! LDR: **** cellPngDec import: [cellPngDecReadHeader] -> 0x10cd1e0
·! LDR: **** cellPngDec import: [cellPngDecOpen] -> 0x10cd218
·! LDR: **** cellPngDec import: [cellPngDecSetParameter] -> 0x10cd250

·! LDR: ** Imported module 'cellJpgDec' (0x0, 0x0)
·! LDR: **** cellJpgDec import: [cellJpgDecReadHeader] -> 0x10cd288
·! LDR: **** cellJpgDec import: [cellJpgDecClose] -> 0x10cd2c0
·! LDR: **** cellJpgDec import: [cellJpgDecOpen] -> 0x10cd2f8
·! LDR: **** cellJpgDec import: [cellJpgDecCreate] -> 0x10cd330
·! LDR: **** cellJpgDec import: [cellJpgDecDecodeData] -> 0x10cd368
·! LDR: **** cellJpgDec import: [cellJpgDecDestroy] -> 0x10cd3a0
·! LDR: **** cellJpgDec import: [cellJpgDecSetParameter] -> 0x10cd3d8

·! LDR: ** Imported module 'cellGcmSys' (0x0, 0x0)
·! LDR: **** cellGcmSys import: [cellGcmGetTiledPitchSize] -> 0x10cd410
·! LDR: **** cellGcmSys import: [cellGcmSetUserHandler] -> 0x10cd448
·! LDR: **** cellGcmSys import: [cellGcmSetPrepareFlip] -> 0x10cd480
·! LDR: **** cellGcmSys import: [_cellGcmInitBody] -> 0x10cd4b8
·! LDR: **** cellGcmSys import: [cellGcmAddressToOffset] -> 0x10cd4f0
·! LDR: **** cellGcmSys import: [_cellGcmFunc15] -> 0x10cd528
·! LDR: **** cellGcmSys import: [cellGcmBindTile] -> 0x10cd560
·! LDR: **** cellGcmSys import: [cellGcmSetFlipMode] -> 0x10cd598
·! LDR: **** cellGcmSys import: [cellGcmGetDefaultCommandWordSize] -> 0x10cd5d0
·! LDR: **** cellGcmSys import: [cellGcmGetDefaultSegmentWordSize] -> 0x10cd608
·! LDR: **** cellGcmSys import: [cellGcmSetDefaultFifoSize] -> 0x10cd640
·! LDR: **** cellGcmSys import: [cellGcmBindZcull] -> 0x10cd678
·! LDR: **** cellGcmSys import: [cellGcmMapMainMemory] -> 0x10cd6b0
·! LDR: **** cellGcmSys import: [cellGcmSetDisplayBuffer] -> 0x10cd6e8
·! LDR: **** cellGcmSys import: [cellGcmGetControlRegister] -> 0x10cd720
·! LDR: **** cellGcmSys import: [cellGcmUnbindZcull] -> 0x10cd758
·! LDR: **** cellGcmSys import: [cellGcmSetVBlankHandler] -> 0x10cd790
·! LDR: **** cellGcmSys import: [cellGcmSetFlipImmediate] -> 0x10cd7c8
·! LDR: **** cellGcmSys import: [cellGcmSetTileInfo] -> 0x10cd800
·! LDR: **** cellGcmSys import: [cellGcmInitDefaultFifoMode] -> 0x10cd838
·! LDR: **** cellGcmSys import: [cellGcmUnbindTile] -> 0x10cd870
·! LDR: **** cellGcmSys import: [cellGcmGetConfiguration] -> 0x10cd8a8
·! LDR: **** cellGcmSys import: [cellGcmUnmapEaIoAddress] -> 0x10cd8e0
·! LDR: **** cellGcmSys import: [cellGcmGetLabelAddress] -> 0x10cd918

·! LDR: ** Imported module 'cellSysutil' (0x0, 0x0)
·! LDR: **** cellSysutil import: [cellSysutilUnregisterCallback] -> 0x10cd950
·! LDR: **** cellSysutil import: [cellVideoOutConfigure] -> 0x10cd988
·! LDR: **** cellSysutil import: [cellSysutilCheckCallback] -> 0x10cd9c0
·! LDR: **** cellSysutil import: [cellSysCacheMount] -> 0x10cd9f8
·! LDR: **** cellSysutil import: [cellVideoOutGetDeviceInfo] -> 0x10cda30
·! LDR: **** cellSysutil import: [cellOskDialogUnloadAsync] -> 0x10cda68
·! LDR: **** cellSysutil import: [cellSysutilGetSystemParamInt] -> 0x10cdaa0
·! LDR: **** cellSysutil import: [cellSaveDataUserAutoSave] -> 0x10cdad8
·! LDR: **** cellSysutil import: [cellSysutilGetBgmPlaybackStatus2] -> 0x10cdb10
·! LDR: **** cellSysutil import: [cellVideoOutGetNumberOfDevice] -> 0x10cdb48
·! LDR: **** cellSysutil import: [cellOskDialogAddSupportLanguage] -> 0x10cdb80
·! LDR: **** cellSysutil import: [cellOskDialogLoadAsync] -> 0x10cdbb8
·! LDR: **** cellSysutil import: [cellVideoOutGetState] -> 0x10cdbf0
·! LDR: **** cellSysutil import: [cellSysutilRegisterCallback] -> 0x10cdc28
·! LDR: **** cellSysutil import: [cellVideoOutGetResolutionAvailability] -> 0x10cdc60
·! LDR: **** cellSysutil import: [cellSysutilEnableBgmPlaybackEx] -> 0x10cdc98
·! LDR: **** cellSysutil import: [cellSysconfOpen] -> 0x10cdcd0
·! LDR: **** cellSysutil import: [cellOskDialogSetKeyLayoutOption] -> 0x10cdd08
·! LDR: **** cellSysutil import: [cellOskDialogAbort] -> 0x10cdd40
·! LDR: **** cellSysutil import: [cellOskDialogSetInitialKeyLayout] -> 0x10cdd78
·! LDR: **** cellSysutil import: [cellSaveDataUserAutoLoad] -> 0x10cddb0
·! LDR: **** cellSysutil import: [cellSysutilDisableBgmPlayback] -> 0x10cdde8
·! LDR: **** cellSysutil import: [cellOskDialogSetDeviceMask] -> 0x10cde20
·! LDR: **** cellSysutil import: [cellVideoOutGetResolution] -> 0x10cde58
·! LDR: **** cellSysutil import: [cellOskDialogSetLayoutMode] -> 0x10cde90
·! LDR: **** cellSysutil import: [cellAudioOutGetState] -> 0x10cdec8
·! LDR: **** cellSysutil import: [cellSysutilGetBgmPlaybackStatus] -> 0x10d1f88

·! LDR: ** Imported module 'cellSysutilAvconfExt' (0x0, 0x0)
·! LDR: **** cellSysutilAvconfExt import: [cellVideoOutGetScreenSize] -> 0x10cdf00

·! LDR: ** Imported module 'sys_fs' (0x0, 0x0)
·! LDR: **** sys_fs import: [cellFsRmdir] -> 0x10cdf38
·! LDR: **** sys_fs import: [cellFsClose] -> 0x10cdf70
·! LDR: **** sys_fs import: [cellFsOpendir] -> 0x10cdfa8
·! LDR: **** sys_fs import: [cellFsRead] -> 0x10cdfe0
·! LDR: **** sys_fs import: [cellFsReaddir] -> 0x10ce018
·! LDR: **** sys_fs import: [cellFsOpen] -> 0x10ce050
·! LDR: **** sys_fs import: [cellFsStat] -> 0x10ce088
·! LDR: **** sys_fs import: [cellFsUnlink] -> 0x10ce0c0
·! LDR: **** sys_fs import: [cellFsSetDiscReadRetrySetting] -> 0x10ce0f8
·! LDR: **** sys_fs import: [cellFsFsync] -> 0x10ce130
·! LDR: **** sys_fs import: [cellFsChmod] -> 0x10ce168
·! LDR: **** sys_fs import: [cellFsAioFinish] -> 0x10ce1a0
·! LDR: **** sys_fs import: [cellFsLseek] -> 0x10ce1d8
·! LDR: **** sys_fs import: [cellFsGetFreeSize] -> 0x10ce210
·! LDR: **** sys_fs import: [cellFsMkdir] -> 0x10ce248
·! LDR: **** sys_fs import: [cellFsUtime] -> 0x10ce280
·! LDR: **** sys_fs import: [cellFsAioInit] -> 0x10ce2b8
·! LDR: **** sys_fs import: [cellFsWrite] -> 0x10ce2f0
·! LDR: **** sys_fs import: [cellFsFstat] -> 0x10ce328
·! LDR: **** sys_fs import: [cellFsRename] -> 0x10ce360
·! LDR: **** sys_fs import: [cellFsClosedir] -> 0x10ce398
·! LDR: **** sys_fs import: [cellFsGetDirectoryEntries] -> 0x10d1fc0

·! LDR: ** Imported module 'cellSysmodule' (0x0, 0x0)
·! LDR: **** cellSysmodule import: [cellSysmoduleUnloadModule] -> 0x10ce3d0
·! LDR: **** cellSysmodule import: [cellSysmoduleLoadModule] -> 0x10ce408
·! LDR: **** cellSysmodule import: [cellSysmoduleIsLoaded] -> 0x10ce440

·! LDR: ** Imported module 'cellGame' (0x0, 0x0)
·! LDR: **** cellGame import: [cellGameGetParamString] -> 0x10ce478
·! LDR: **** cellGame import: [cellGameCreateGameData] -> 0x10ce4b0
·! LDR: **** cellGame import: [cellGameContentPermit] -> 0x10ce4e8
·! LDR: **** cellGame import: [cellGameContentErrorDialog] -> 0x10ce520
·! LDR: **** cellGame import: [cellGameSetParamString] -> 0x10ce558
·! LDR: **** cellGame import: [cellGameDataCheck] -> 0x10ce590
·! LDR: **** cellGame import: [cellGameBootCheck] -> 0x10ce5c8

·! LDR: ** Imported module 'sys_net' (0x0, 0x0)
·! LDR: **** sys_net import: [sys_net::sys_net_initialize_network_ex] -> 0x10ce600
·! LDR: **** sys_net import: [sys_net::recvfrom] -> 0x10ce638
·! LDR: **** sys_net import: [sys_net::listen] -> 0x10ce670
·! LDR: **** sys_net import: [sys_net::socketselect] -> 0x10ce6a8
·! LDR: **** sys_net import: [sys_net::_sys_net_errno_loc] -> 0x10ce6e0
·! LDR: **** sys_net import: [sys_net::connect] -> 0x10ce718
·! LDR: **** sys_net import: [sys_net::socketclose] -> 0x10ce750
·! LDR: **** sys_net import: [sys_net::gethostbyname] -> 0x10ce788
·! LDR: **** sys_net import: [sys_net::inet_ntoa] -> 0x10ce7c0
·! LDR: **** sys_net import: [sys_net::setsockopt] -> 0x10ce7f8
·! LDR: **** sys_net import: [sys_net::sendto] -> 0x10ce830
·! LDR: **** sys_net import: [sys_net::socket] -> 0x10ce868
·! LDR: **** sys_net import: [sys_net::shutdown] -> 0x10ce8a0
·! LDR: **** sys_net import: [sys_net::inet_aton] -> 0x10ce8d8
·! LDR: **** sys_net import: [sys_net::sendmsg] -> 0x10ce910
·! LDR: **** sys_net import: [sys_net::bind] -> 0x10ce948
·! LDR: **** sys_net import: [sys_net::sys_net_finalize_network] -> 0x10ce980
·! LDR: **** sys_net import: [sys_net::_sys_net_h_errno_loc] -> 0x10ce9b8
·! LDR: **** sys_net import: [sys_net::accept] -> 0x10ce9f0
·! LDR: **** sys_net import: [sys_net::inet_addr] -> 0x10cea28
·! LDR: **** sys_net import: [sys_net::send] -> 0x10cea60
·! LDR: **** sys_net import: [sys_net::recv] -> 0x10cea98
·! LDR: **** sys_net import: [sys_net::sys_net_show_ifconfig] -> 0x10d20a0
·! LDR: **** sys_net import: [sys_net::socketpoll] -> 0x10d2e68
·! LDR: **** sys_net import: [sys_net::getpeername] -> 0x10d2ea0

·! LDR: ** Imported module 'cellNetCtl' (0x0, 0x0)
·! LDR: **** cellNetCtl import: [cellNetCtlNetStartDialogLoadAsync] -> 0x10cead0
·! LDR: **** cellNetCtl import: [cellNetCtlNetStartDialogUnloadAsync] -> 0x10ceb08
·! LDR: **** cellNetCtl import: [cellNetCtlTerm] -> 0x10ceb40
·! LDR: **** cellNetCtl import: [cellNetCtlGetInfo] -> 0x10ceb78
·! LDR: **** cellNetCtl import: [cellNetCtlGetState] -> 0x10cebb0
·! LDR: **** cellNetCtl import: [cellNetCtlInit] -> 0x10cebe8
·! LDR: **** cellNetCtl import: [cellNetCtlAddHandler] -> 0x10d2ed8
·! LDR: **** cellNetCtl import: [cellNetCtlDelHandler] -> 0x10d2f10

·! LDR: ** Imported module 'cellRtc' (0x0, 0x0)
·! LDR: **** cellRtc import: [cellRtcSetWin32FileTime] -> 0x10cec20
·! LDR: **** cellRtc import: [cellRtcSetTick] -> 0x10cec58
·! LDR: **** cellRtc import: [cellRtcGetCurrentTick] -> 0x10cec90
·! LDR: **** cellRtc import: [cellRtcConvertUtcToLocalTime] -> 0x10cecc8
·! LDR: **** cellRtc import: [cellRtcParseDateTime] -> 0x10ced00
·! LDR: **** cellRtc import: [cellRtcGetWin32FileTime] -> 0x10ced38

·! LDR: ** Imported module 'sceNp' (0x0, 0x0)
·! LDR: **** sceNp import: [sceNpBasicSendMessageGui] -> 0x10ced70
·! LDR: **** sceNp import: [sceNpBasicGetFriendListEntry] -> 0x10ceda8
·! LDR: **** sceNp import: [sceNpManagerGetTicket] -> 0x10cede0
·! LDR: **** sceNp import: [sceNpBasicAddBlockListEntry] -> 0x10cee18
·! LDR: **** sceNp import: [sceNpLookupUserProfileWithAvatarSizeAsync] -> 0x10cee50
·! LDR: **** sceNp import: [sceNpBasicAddFriend] -> 0x10cee88
·! LDR: **** sceNp import: [sceNpBasicGetFriendPresenceByIndex] -> 0x10ceec0
·! LDR: **** sceNp import: [sceNpBasicRegisterContextSensitiveHandler] -> 0x10ceef8
·! LDR: **** sceNp import: [sceNpBasicAbortGui] -> 0x10cef30
·! LDR: **** sceNp import: [sceNpTerm] -> 0x10cef68
·! LDR: **** sceNp import: [sceNpManagerUnregisterCallback] -> 0x10cefa0
·! LDR: **** sceNp import: [sceNpLookupDestroyTitleCtx] -> 0x10cefd8
·! LDR: **** sceNp import: [sceNpLookupInit] -> 0x10cf010
·! LDR: **** sceNp import: [sceNpBasicRecvMessageAttachmentLoad] -> 0x10cf048
·! LDR: **** sceNp import: [sceNpManagerGetContentRatingFlag] -> 0x10cf080
·! LDR: **** sceNp import: [sceNpBasicGetBlockListEntryCount] -> 0x10cf0b8
·! LDR: **** sceNp import: [sceNpLookupPollAsync] -> 0x10cf0f0
·! LDR: **** sceNp import: [sceNpManagerRequestTicket2] -> 0x10cf128
·! LDR: **** sceNp import: [sceNpLookupTerm] -> 0x10cf160
·! LDR: **** sceNp import: [sceNpBasicGetPlayersHistoryEntryCount] -> 0x10cf198
·! LDR: **** sceNp import: [sceNpManagerGetStatus] -> 0x10cf1d0
·! LDR: **** sceNp import: [sceNpBasicUnregisterHandler] -> 0x10cf208
·! LDR: **** sceNp import: [sceNpDrmIsAvailable] -> 0x10cf240
·! LDR: **** sceNp import: [sceNpBasicGetFriendListEntryCount] -> 0x10cf278
·! LDR: **** sceNp import: [sceNpManagerGetAccountRegion] -> 0x10cf2b0
·! LDR: **** sceNp import: [sceNpBasicRecvMessageAttachment] -> 0x10cf2e8
·! LDR: **** sceNp import: [sceNpBasicGetPlayersHistoryEntry] -> 0x10cf320
·! LDR: **** sceNp import: [sceNpBasicAddPlayersHistoryAsync] -> 0x10cf358
·! LDR: **** sceNp import: [sceNpInit] -> 0x10cf390
·! LDR: **** sceNp import: [sceNpBasicSetPresenceDetails] -> 0x10cf3c8
·! LDR: **** sceNp import: [sceNpLookupCreateTitleCtx] -> 0x10cf400
·! LDR: **** sceNp import: [sceNpLookupNpIdAsync] -> 0x10cf438
·! LDR: **** sceNp import: [sceNpUtilCmpNpId] -> 0x10cf470
·! LDR: **** sceNp import: [sceNpBasicGetEvent] -> 0x10cf4a8
·! LDR: **** sceNp import: [sceNpManagerRegisterCallback] -> 0x10cf4e0
·! LDR: **** sceNp import: [sceNpLookupCreateTransactionCtx] -> 0x10cf518
·! LDR: **** sceNp import: [sceNpManagerGetChatRestrictionFlag] -> 0x10cf550
·! LDR: **** sceNp import: [sceNpBasicSendMessage] -> 0x10cf588
·! LDR: **** sceNp import: [sceNpFriendlist] -> 0x10cf5c0
·! LDR: **** sceNp import: [sceNpBasicGetBlockListEntry] -> 0x10cf5f8
·! LDR: **** sceNp import: [sceNpFriendlistAbortGui] -> 0x10cf630
·! LDR: **** sceNp import: [sceNpLookupDestroyTransactionCtx] -> 0x10cf668
·! LDR: **** sceNp import: [sceNpManagerGetNpId] -> 0x10cf6a0
·! LDR: **** sceNp import: [sceNpManagerGetNetworkTime] -> 0x10d20d8

·! LDR: ** Imported module 'cellVoice' (0x0, 0x0)
·! LDR: **** cellVoice import: [cellVoiceStart] -> 0x10cf6d8
·! LDR: **** cellVoice import: [cellVoiceDisconnectIPortFromOPort] -> 0x10cf710
·! LDR: **** cellVoice import: [cellVoiceCreateNotifyEventQueue] -> 0x10cf748
·! LDR: **** cellVoice import: [cellVoiceCreatePort] -> 0x10cf780
·! LDR: **** cellVoice import: [cellVoiceSetNotifyEventQueue] -> 0x10cf7b8
·! LDR: **** cellVoice import: [cellVoiceReadFromOPort] -> 0x10cf7f0
·! LDR: **** cellVoice import: [cellVoiceWriteToIPort] -> 0x10cf828
·! LDR: **** cellVoice import: [cellVoiceGetPortInfo] -> 0x10cf860
·! LDR: **** cellVoice import: [cellVoiceGetVolume] -> 0x10cf898
·! LDR: **** cellVoice import: [cellVoiceResumePortAll] -> 0x10cf8d0
·! LDR: **** cellVoice import: [cellVoiceSetPortAttr] -> 0x10cf908
·! LDR: **** cellVoice import: [cellVoiceDeletePort] -> 0x10cf940
·! LDR: **** cellVoice import: [cellVoiceConnectIPortToOPort] -> 0x10cf978
·! LDR: **** cellVoice import: [cellVoiceInit] -> 0x10cf9b0
·! LDR: **** cellVoice import: [cellVoicePausePortAll] -> 0x10cf9e8
·! LDR: **** cellVoice import: [cellVoiceStop] -> 0x10cfa20
·! LDR: **** cellVoice import: [cellVoiceSetVolume] -> 0x10cfa58
·! LDR: **** cellVoice import: [cellVoiceRemoveNotifyEventQueue] -> 0x10cfa90
·! LDR: **** cellVoice import: [cellVoiceEnd] -> 0x10cfac8

·! LDR: ** Imported module 'cellSpurs' (0x0, 0x0)
·! LDR: **** cellSpurs import: [_cellSpursLFQueueInitialize] -> 0x10cfb00
·! LDR: **** cellSpurs import: [cellSpursAttributeSetNamePrefix] -> 0x10cfb38
·! LDR: **** cellSpurs import: [cellSpursAttributeEnableSpuPrintfIfAvailable] -> 0x10cfb70
·! LDR: **** cellSpurs import: [_cellSpursTasksetAttributeInitialize] -> 0x10cfba8
·! LDR: **** cellSpurs import: [cellSpursLFQueueAttachLv2EventQueue] -> 0x10cfbe0
·! LDR: **** cellSpurs import: [cellSpursCreateTaskWithAttribute] -> 0x10cfc18
·! LDR: **** cellSpurs import: [_cellSpursLFQueuePopBody] -> 0x10cfc50
·! LDR: **** cellSpurs import: [cellSpursTasksetAttributeSetName] -> 0x10cfc88
·! LDR: **** cellSpurs import: [cellSpursLFQueueDetachLv2EventQueue] -> 0x10cfcc0
·! LDR: **** cellSpurs import: [_cellSpursLFQueuePushBody] -> 0x10cfcf8
·! LDR: **** cellSpurs import: [cellSpursTasksetAttributeSetTasksetSize] -> 0x10cfd30
·! LDR: **** cellSpurs import: [_cellSpursAttributeInitialize] -> 0x10cfd68
·! LDR: **** cellSpurs import: [cellSpursJoinTaskset] -> 0x10cfda0
·! LDR: **** cellSpurs import: [cellSpursShutdownTaskset] -> 0x10cfdd8
·! LDR: **** cellSpurs import: [cellSpursAttributeSetSpuThreadGroupType] -> 0x10cfe10
·! LDR: **** cellSpurs import: [cellSpursInitializeWithAttribute] -> 0x10cfe48
·! LDR: **** cellSpurs import: [_cellSpursTaskAttributeInitialize] -> 0x10cfe80
·! LDR: **** cellSpurs import: [cellSpursCreateTasksetWithAttribute] -> 0x10cfeb8
·! LDR: **** cellSpurs import: [cellSpursFinalize] -> 0x10cfef0
·! LDR: **** cellSpurs import: [cellSpursDestroyTaskset2] -> 0x10d23b0
·! LDR: **** cellSpurs import: [cellSpursCreateJobChainWithAttribute] -> 0x10d23e8
·! LDR: **** cellSpurs import: [_cellSpursJobChainAttributeInitialize] -> 0x10d2420
·! LDR: **** cellSpurs import: [cellSpursCreateTaskset2] -> 0x10d2458
·! LDR: **** cellSpurs import: [cellSpursDetachLv2EventQueue] -> 0x10d2490
·! LDR: **** cellSpurs import: [cellSpursJobGuardInitialize] -> 0x10d24c8
·! LDR: **** cellSpurs import: [cellSpursShutdownJobChain] -> 0x10d2500
·! LDR: **** cellSpurs import: [cellSpursTryJoinTask2] -> 0x10d2538
·! LDR: **** cellSpurs import: [cellSpursJobChainAttributeSetName] -> 0x10d2570
·! LDR: **** cellSpurs import: [cellSpursJoinTask2] -> 0x10d25a8
·! LDR: **** cellSpurs import: [cellSpursJoinJobChain] -> 0x10d25e0
·! LDR: **** cellSpurs import: [cellSpursAttachLv2EventQueue] -> 0x10d2618
·! LDR: **** cellSpurs import: [_cellSpursTasksetAttribute2Initialize] -> 0x10d2650
·! LDR: **** cellSpurs import: [cellSpursJobGuardNotify] -> 0x10d2688
·! LDR: **** cellSpurs import: [cellSpursCreateTask2] -> 0x10d26c0
·! LDR: **** cellSpurs import: [cellSpursRunJobChain] -> 0x10d26f8

·! LDR: ** Imported module 'sys_io' (0x0, 0x0)
·! LDR: **** sys_io import: [cellPadClearBuf] -> 0x10cff28
·! LDR: **** sys_io import: [cellPadInit] -> 0x10cff60
·! LDR: **** sys_io import: [cellPadPeriphGetInfo] -> 0x10cff98
·! LDR: **** sys_io import: [cellPadEnd] -> 0x10cffd0
·! LDR: **** sys_io import: [cellPadSetPortSetting] -> 0x10d0008
·! LDR: **** sys_io import: [cellPadGetData] -> 0x10d0040
·! LDR: **** sys_io import: [cellPadGetInfo2] -> 0x10d0078
·! LDR: **** sys_io import: [cellPadSetActDirect] -> 0x10d2730

·! LDR: ** Imported module 'sceNpTrophy' (0x0, 0x0)
·! LDR: **** sceNpTrophy import: [sceNpTrophyRegisterContext] -> 0x10d00b0
·! LDR: **** sceNpTrophy import: [sceNpTrophyCreateHandle] -> 0x10d00e8
·! LDR: **** sceNpTrophy import: [sceNpTrophyGetRequiredDiskSpace] -> 0x10d0120
·! LDR: **** sceNpTrophy import: [sceNpTrophyDestroyContext] -> 0x10d0158
·! LDR: **** sceNpTrophy import: [sceNpTrophyInit] -> 0x10d0190
·! LDR: **** sceNpTrophy import: [sceNpTrophyAbortHandle] -> 0x10d01c8
·! LDR: **** sceNpTrophy import: [sceNpTrophyGetGameInfo] -> 0x10d0200
·! LDR: **** sceNpTrophy import: [sceNpTrophyDestroyHandle] -> 0x10d0238
·! LDR: **** sceNpTrophy import: [sceNpTrophyUnlockTrophy] -> 0x10d0270
·! LDR: **** sceNpTrophy import: [sceNpTrophyTerm] -> 0x10d02a8
·! LDR: **** sceNpTrophy import: [sceNpTrophyCreateContext] -> 0x10d02e0
·! LDR: **** sceNpTrophy import: [sceNpTrophyGetTrophyInfo] -> 0x10d0318

·! LDR: ** Imported module 'cellPhotoUtility' (0x0, 0x0)
·! LDR: **** cellPhotoUtility import: [cellPhotoExportInitialize2] -> 0x10d0350
·! LDR: **** cellPhotoUtility import: [cellPhotoExportFromFile] -> 0x10d0388
·! LDR: **** cellPhotoUtility import: [cellPhotoExportFromFileWithCopy] -> 0x10d03c0
·! LDR: **** cellPhotoUtility import: [cellPhotoExportFinalize] -> 0x10d03f8

·! LDR: ** Imported module 'cellVideoExportUtility' (0x0, 0x0)
·! LDR: **** cellVideoExportUtility import: [cellVideoExportInitialize2] -> 0x10d0430
·! LDR: **** cellVideoExportUtility import: [cellVideoExportFromFile] -> 0x10d0468
·! LDR: **** cellVideoExportUtility import: [cellVideoExportFinalize] -> 0x10d04a0

·! LDR: ** Imported module 'cellUserInfo' (0x0, 0x0)
·! LDR: **** cellUserInfo import: [cellUserInfoGetStat] -> 0x10d04d8

·! LDR: ** Imported module 'sceNpCommerce2' (0x0, 0x0)
·! LDR: **** sceNpCommerce2 import: [sceNpCommerce2DoCheckoutStartAsync] -> 0x10d0510
·! LDR: **** sceNpCommerce2 import: [sceNpCommerce2DestroyReq] -> 0x10d0548
·! LDR: **** sceNpCommerce2 import: [sceNpCommerce2Init] -> 0x10d0580
·! LDR: **** sceNpCommerce2 import: [sceNpCommerce2GetCategoryContentsStart] -> 0x10d05b8
·! LDR: **** sceNpCommerce2 import: [sceNpCommerce2DoDlListFinishAsync] -> 0x10d05f0
·! LDR: **** sceNpCommerce2 import: [sceNpCommerce2Term] -> 0x10d0628
·! LDR: **** sceNpCommerce2 import: [sceNpCommerce2CreateSessionAbort] -> 0x10d0660
·! LDR: **** sceNpCommerce2 import: [sceNpCommerce2DoDlListStartAsync] -> 0x10d0698
·! LDR: **** sceNpCommerce2 import: [sceNpCommerce2DestroyCtx] -> 0x10d06d0
·! LDR: **** sceNpCommerce2 import: [sceNpCommerce2GetCategoryContentsCreateReq] -> 0x10d0708
·! LDR: **** sceNpCommerce2 import: [sceNpCommerce2AbortReq] -> 0x10d0740
·! LDR: **** sceNpCommerce2 import: [sceNpCommerce2GetProductInfoStart] -> 0x10d0778
·! LDR: **** sceNpCommerce2 import: [sceNpCommerce2CreateSessionFinish] -> 0x10d07b0
·! LDR: **** sceNpCommerce2 import: [sceNpCommerce2GetContentInfo] -> 0x10d07e8
·! LDR: **** sceNpCommerce2 import: [sceNpCommerce2DestroyGetCategoryContentsResult] -> 0x10d0820
·! LDR: **** sceNpCommerce2 import: [sceNpCommerce2GetProductInfoCreateReq] -> 0x10d0858
·! LDR: **** sceNpCommerce2 import: [sceNpCommerce2GetCategoryInfo] -> 0x10d0890
·! LDR: **** sceNpCommerce2 import: [sceNpCommerce2GetProductInfoGetResult] -> 0x10d08c8
·! LDR: **** sceNpCommerce2 import: [sceNpCommerce2GetCategoryContentsGetResult] -> 0x10d0900
·! LDR: **** sceNpCommerce2 import: [sceNpCommerce2CreateSessionStart] -> 0x10d0938
·! LDR: **** sceNpCommerce2 import: [sceNpCommerce2DoCheckoutFinishAsync] -> 0x10d0970
·! LDR: **** sceNpCommerce2 import: [sceNpCommerce2InitGetCategoryContentsResult] -> 0x10d09a8
·! LDR: **** sceNpCommerce2 import: [sceNpCommerce2CreateCtx] -> 0x10d09e0
·! LDR: **** sceNpCommerce2 import: [sceNpCommerce2GetPrice] -> 0x10d0a18
·! LDR: **** sceNpCommerce2 import: [sceNpCommerce2GetGameSkuInfoFromGameProductInfo] -> 0x10d0a50
·! LDR: **** sceNpCommerce2 import: [sceNpCommerce2GetGameProductInfoFromContentInfo] -> 0x10d0a88
·! LDR: **** sceNpCommerce2 import: [sceNpCommerce2ExecuteStoreBrowse] -> 0x10d0ac0
·! LDR: **** sceNpCommerce2 import: [sceNpCommerce2GetGameProductInfo] -> 0x10d0af8
·! LDR: **** sceNpCommerce2 import: [sceNpCommerce2DestroyGetProductInfoResult] -> 0x10d0b30
·! LDR: **** sceNpCommerce2 import: [sceNpCommerce2InitGetProductInfoResult] -> 0x10d0b68
·! LDR: **** sceNpCommerce2 import: [sceNpCommerce2GetCategoryInfoFromContentInfo] -> 0x10d0ba0

·! LDR: ** Imported module 'cellOskExtUtility' (0x0, 0x0)
·! LDR: **** cellOskExtUtility import: [cellOskDialogExtRegisterConfirmWordFilterCallback] -> 0x10d0bd8

·! LDR: ** Imported module 'cellFont' (0x0, 0x0)
·! LDR: **** cellFont import: [cellFontGetKerning] -> 0x10d0c10
·! LDR: **** cellFont import: [cellFontOpenFontFile] -> 0x10d0c48
·! LDR: **** cellFont import: [cellFontGetHorizontalLayout] -> 0x10d0c80
·! LDR: **** cellFont import: [cellFontSetScalePixel] -> 0x10d0cb8
·! LDR: **** cellFont import: [cellFontEndLibrary] -> 0x10d0cf0
·! LDR: **** cellFont import: [cellFontEnd] -> 0x10d0d28
·! LDR: **** cellFont import: [cellFontOpenFontMemory] -> 0x10d0d60
·! LDR: **** cellFont import: [cellFontOpenFontset] -> 0x10d0d98
·! LDR: **** cellFont import: [cellFontCloseFont] -> 0x10d0dd0
·! LDR: **** cellFont import: [cellFontGenerateCharGlyph] -> 0x10d0e08
·! LDR: **** cellFont import: [cellFontDeleteGlyph] -> 0x10d0e40
·! LDR: **** cellFont import: [cellFontGetCharGlyphMetrics] -> 0x10d0e78
·! LDR: **** cellFont import: [cellFontInitializeWithRevision] -> 0x10d0eb0

·! LDR: ** Imported module 'cellFontFT' (0x0, 0x0)
·! LDR: **** cellFontFT import: [cellFontInitLibraryFreeTypeWithRevision] -> 0x10d0ee8

·! LDR: ** Imported module 'cellVideoUpload' (0x0, 0x0)
·! LDR: **** cellVideoUpload import: [cellVideoUploadInitialize] -> 0x10d0f20

·! LDR: ** Imported module 'libgem' (0x0, 0x0)
·! LDR: **** libgem import: [cellGemUpdateStart] -> 0x10d0f58
·! LDR: **** libgem import: [cellGemReadExternalPortDeviceInfo] -> 0x10d0f90
·! LDR: **** libgem import: [cellGemInit] -> 0x10d0fc8
·! LDR: **** libgem import: [cellGemGetTrackerHue] -> 0x10d1000
·! LDR: **** libgem import: [cellGemConvertVideoFinish] -> 0x10d1038
·! LDR: **** libgem import: [cellGemEnableMagnetometer] -> 0x10d1070
·! LDR: **** libgem import: [cellGemWriteExternalPort] -> 0x10d10a8
·! LDR: **** libgem import: [cellGemGetAllTrackableHues] -> 0x10d10e0
·! LDR: **** libgem import: [cellGemGetMemorySize] -> 0x10d1118
·! LDR: **** libgem import: [cellGemUpdateFinish] -> 0x10d1150
·! LDR: **** libgem import: [cellGemEnableCameraPitchAngleCorrection] -> 0x10d1188
·! LDR: **** libgem import: [cellGemSetRumble] -> 0x10d11c0
·! LDR: **** libgem import: [cellGemGetState] -> 0x10d11f8
·! LDR: **** libgem import: [cellGemConvertVideoStart] -> 0x10d1230
·! LDR: **** libgem import: [cellGemFilterState] -> 0x10d1268
·! LDR: **** libgem import: [cellGemSetYaw] -> 0x10d12a0
·! LDR: **** libgem import: [cellGemTrackHues] -> 0x10d12d8
·! LDR: **** libgem import: [cellGemGetInfo] -> 0x10d1310
·! LDR: **** libgem import: [cellGemPrepareCamera] -> 0x10d1348
·! LDR: **** libgem import: [cellGemCalibrate] -> 0x10d1380
·! LDR: **** libgem import: [cellGemHSVtoRGB] -> 0x10d13b8
·! LDR: **** libgem import: [cellGemForceRGB] -> 0x10d13f0
·! LDR: **** libgem import: [cellGemGetInertialState] -> 0x10d1428
·! LDR: **** libgem import: [cellGemEnd] -> 0x10d1460

·! LDR: ** Imported module 'cellMic' (0x0, 0x0)
·! LDR: **** cellMic import: [cellMicIsOpen] -> 0x10d1498
·! LDR: **** cellMic import: [cellMicIsAttached] -> 0x10d14d0
·! LDR: **** cellMic import: [cellMicRemoveNotifyEventQueue] -> 0x10d1508
·! LDR: **** cellMic import: [cellMicSetNotifyEventQueue] -> 0x10d1540
·! LDR: **** cellMic import: [cellMicInit] -> 0x10d1578
·! LDR: **** cellMic import: [cellMicGetFormatDsp] -> 0x10d15b0
·! LDR: **** cellMic import: [cellMicClose] -> 0x10d15e8
·! LDR: **** cellMic import: [cellMicGetType] -> 0x10d1620
·! LDR: **** cellMic import: [cellMicEnd] -> 0x10d1658
·! LDR: **** cellMic import: [cellMicOpen] -> 0x10d1690
·! LDR: **** cellMic import: [cellMicStart] -> 0x10d16c8

·! LDR: ** Imported module 'cellCelpEnc' (0x0, 0x0)
·! LDR: **** cellCelpEnc import: [cellCelpEncClose] -> 0x10d1700
·! LDR: **** cellCelpEnc import: [cellCelpEncGetAu] -> 0x10d1738
·! LDR: **** cellCelpEnc import: [cellCelpEncStart] -> 0x10d1770
·! LDR: **** cellCelpEnc import: [cellCelpEncQueryAttr] -> 0x10d17a8
·! LDR: **** cellCelpEnc import: [cellCelpEncEncodeFrame] -> 0x10d17e0
·! LDR: **** cellCelpEnc import: [cellCelpEncWaitForOutput] -> 0x10d1818
·! LDR: **** cellCelpEnc import: [cellCelpEncOpenEx] -> 0x10d1850
·! LDR: **** cellCelpEnc import: [cellCelpEncEnd] -> 0x10d1888

·! LDR: ** Imported module 'cellAdec' (0x0, 0x0)
·! LDR: **** cellAdec import: [cellAdecDecodeAu] -> 0x10d18c0
·! LDR: **** cellAdec import: [cellAdecStartSeq] -> 0x10d18f8
·! LDR: **** cellAdec import: [cellAdecQueryAttr] -> 0x10d1930
·! LDR: **** cellAdec import: [cellAdecClose] -> 0x10d1968
·! LDR: **** cellAdec import: [cellAdecOpenEx] -> 0x10d19a0
·! LDR: **** cellAdec import: [cellAdecGetPcm] -> 0x10d19d8
·! LDR: **** cellAdec import: [cellAdecGetPcmItem] -> 0x10d1a10
·! LDR: **** cellAdec import: [cellAdecEndSeq] -> 0x10d1a48

·! LDR: ** Imported module 'sysPrxForUser' (0x0, 0x0)
·! LDR: **** sysPrxForUser import: [sys_lwmutex_lock] -> 0x10d1a80
·! LDR: **** sysPrxForUser import: [sys_lwmutex_unlock] -> 0x10d1ab8
·! LDR: **** sysPrxForUser import: [sys_lwcond_destroy] -> 0x10d1af0
·! LDR: **** sysPrxForUser import: [sys_ppu_thread_create] -> 0x10d1b28
·! LDR: **** sysPrxForUser import: [sys_lwcond_wait] -> 0x10d1b60
·! LDR: **** sysPrxForUser import: [_sys_process_atexitspawn] -> 0x10d1b98
·! LDR: **** sysPrxForUser import: [sys_lwmutex_create] -> 0x10d1bd0
·! LDR: **** sysPrxForUser import: [sys_ppu_thread_get_id] -> 0x10d1c08
·! LDR: **** sysPrxForUser import: [sys_prx_register_library] -> 0x10d1c40
·! LDR: **** sysPrxForUser import: [_sys_spu_printf_initialize] -> 0x10d1c78
·! LDR: **** sysPrxForUser import: [sys_lwcond_signal_to] -> 0x10d1cb0
·! LDR: **** sysPrxForUser import: [sys_initialize_tls] -> 0x10d1ce8
·! LDR: **** sysPrxForUser import: [sys_time_get_system_time] -> 0x10d1d20
·! LDR: **** sysPrxForUser import: [_sys_process_at_Exitspawn] -> 0x10d1d58
·! LDR: **** sysPrxForUser import: [sys_prx_exitspawn_with_level] -> 0x10d1d90
·! LDR: **** sysPrxForUser import: [sys_ppu_thread_once] -> 0x10d1dc8
·! LDR: **** sysPrxForUser import: [sys_lwmutex_trylock] -> 0x10d1e00
·! LDR: **** sysPrxForUser import: [sys_ppu_thread_exit] -> 0x10d1e38
·! LDR: **** sysPrxForUser import: [sys_lwmutex_destroy] -> 0x10d1e70
·! LDR: **** sysPrxForUser import: [sys_lwcond_create] -> 0x10d1ea8
·! LDR: **** sysPrxForUser import: [_sys_spu_printf_finalize] -> 0x10d1ee0
·! LDR: **** sysPrxForUser import: [sys_process_exit] -> 0x10d1f18
·! LDR: **** sysPrxForUser import: [sys_lwcond_signal] -> 0x10d1f50

·! LDR: ** Imported module 'cellSync' (0x0, 0x0)
·! LDR: **** cellSync import: [cellSyncMutexUnlock] -> 0x10d1ff8
·! LDR: **** cellSync import: [cellSyncMutexInitialize] -> 0x10d2030
·! LDR: **** cellSync import: [cellSyncMutexTryLock] -> 0x10d2068

·! LDR: ** Imported module 'cellAudio' (0x0, 0x0)
·! LDR: **** cellAudio import: [cellAudioCreateNotifyEventQueue] -> 0x10d2110
·! LDR: **** cellAudio import: [cellAudioInit] -> 0x10d2148
·! LDR: **** cellAudio import: [cellAudioRemoveNotifyEventQueueEx] -> 0x10d2180
·! LDR: **** cellAudio import: [cellAudioPortClose] -> 0x10d21b8
·! LDR: **** cellAudio import: [cellAudioSetPortLevel] -> 0x10d21f0
·! LDR: **** cellAudio import: [cellAudioPortStop] -> 0x10d2228
·! LDR: **** cellAudio import: [cellAudioGetPortConfig] -> 0x10d2260
·! LDR: **** cellAudio import: [cellAudioPortStart] -> 0x10d2298
·! LDR: **** cellAudio import: [cellAudioSetNotifyEventQueueEx] -> 0x10d22d0
·! LDR: **** cellAudio import: [cellAudioQuit] -> 0x10d2308
·! LDR: **** cellAudio import: [cellAudioPortOpen] -> 0x10d2340
·! LDR: **** cellAudio import: [cellAudioRemoveNotifyEventQueue] -> 0x10d2378

·! LDR: ** Imported module 'cellHttp' (0x0, 0x0)
·! LDR: **** cellHttp import: [cellHttpCreateTransaction] -> 0x10d2768
·! LDR: **** cellHttp import: [cellHttpResponseGetStatusCode] -> 0x10d27a0
·! LDR: **** cellHttp import: [cellHttpClientSetSslCallback] -> 0x10d27d8
·! LDR: **** cellHttp import: [cellHttpClientSetCookieRecvCallback] -> 0x10d2810
·! LDR: **** cellHttp import: [cellHttpClientSetAutoRedirect] -> 0x10d2848
·! LDR: **** cellHttp import: [cellHttpClientSetRecvTimeout] -> 0x10d2880
·! LDR: **** cellHttp import: [cellHttpInit] -> 0x10d28b8
·! LDR: **** cellHttp import: [cellHttpDestroyTransaction] -> 0x10d28f0
·! LDR: **** cellHttp import: [cellHttpClientSetVersion] -> 0x10d2928
·! LDR: **** cellHttp import: [cellHttpClientSetCookieStatus] -> 0x10d2960
·! LDR: **** cellHttp import: [cellHttpResponseGetContentLength] -> 0x10d2998
·! LDR: **** cellHttp import: [cellHttpCreateClient] -> 0x10d29d0
·! LDR: **** cellHttp import: [cellHttpsInit] -> 0x10d2a08
·! LDR: **** cellHttp import: [cellHttpRequestSetHeader] -> 0x10d2a40
·! LDR: **** cellHttp import: [cellHttpClientSetPerHostKeepAliveMax] -> 0x10d2a78
·! LDR: **** cellHttp import: [cellHttpClientSetKeepAlive] -> 0x10d2ab0
·! LDR: **** cellHttp import: [cellHttpEndCookie] -> 0x10d2ae8
·! LDR: **** cellHttp import: [cellHttpRecvResponse] -> 0x10d2b20
·! LDR: **** cellHttp import: [cellHttpClientSetSendTimeout] -> 0x10d2b58
·! LDR: **** cellHttp import: [cellHttpClientSetAutoAuthentication] -> 0x10d2b90
·! LDR: **** cellHttp import: [cellHttpInitCookie] -> 0x10d2bc8
·! LDR: **** cellHttp import: [cellHttpDestroyClient] -> 0x10d2c00
·! LDR: **** cellHttp import: [cellHttpSendRequest] -> 0x10d2c38
·! LDR: **** cellHttp import: [cellHttpRequestSetContentLength] -> 0x10d2c70
·! LDR: **** cellHttp import: [cellHttpResponseGetAllHeaders] -> 0x10d2ca8
·! LDR: **** cellHttp import: [cellHttpClientSetUserAgent] -> 0x10d2ce0
·! LDR: **** cellHttp import: [cellHttpEnd] -> 0x10d2d18
·! LDR: **** cellHttp import: [cellHttpClientSetConnTimeout] -> 0x10d2d50
·! LDR: **** cellHttp import: [cellHttpsEnd] -> 0x10d2d88

·! LDR: ** Imported module 'cellSsl' (0x0, 0x0)
·! LDR: **** cellSsl import: [cellSslEnd] -> 0x10d2dc0
·! LDR: **** cellSsl import: [cellSslCertificateLoader] -> 0x10d2df8
·! LDR: **** cellSsl import: [cellSslInit] -> 0x10d2e30