·! LDR: ** Imported module 'cellSysmodule' (0x0, 0x0)
·! LDR: **** cellSysmodule import: [cellSysmoduleUnloadModule] -> 0xf4a67c
·! LDR: **** cellSysmodule import: [cellSysmoduleLoadModule] -> 0xf4a6b4
·! LDR: **** cellSysmodule import: [cellSysmoduleIsLoaded] -> 0xf4a6ec
·! LDR: **** cellSysmodule import: [cellSysmoduleInitialize] -> 0xf4e42c
·! LDR: **** cellSysmodule import: [cellSysmoduleFinalize] -> 0xf4e464

·! LDR: ** Imported module 'cellUsbd' (0x0, 0x0)
·! LDR: **** cellUsbd import: [cellUsbdInit] -> 0xf4a724
·! LDR: **** cellUsbd import: [cellUsbdInterruptTransfer] -> 0xf4e544
·! LDR: **** cellUsbd import: [cellUsbdOpenPipe] -> 0xf4e57c
·! LDR: **** cellUsbd import: [cellUsbdScanStaticDescriptor] -> 0xf4e5b4
·! LDR: **** cellUsbd import: [cellUsbdGetPrivateData] -> 0xf4e5ec
·! LDR: **** cellUsbd import: [cellUsbdSetPrivateData] -> 0xf4e624
·! LDR: **** cellUsbd import: [cellUsbdUnregisterExtraLdd] -> 0xf4e65c
·! LDR: **** cellUsbd import: [cellUsbdClosePipe] -> 0xf4e694
·! LDR: **** cellUsbd import: [cellUsbdControlTransfer] -> 0xf4e6cc
·! LDR: **** cellUsbd import: [cellUsbdRegisterExtraLdd2] -> 0xf4e704
·! LDR: **** cellUsbd import: [cellUsbdGetDeviceLocation] -> 0xf4e73c

·! LDR: ** Imported module 'sys_io' (0x0, 0x0)
·! LDR: **** sys_io import: [cellPadGetInfo2] -> 0xf4a75c
·! LDR: **** sys_io import: [cellPadSetActDirect] -> 0xf4a794
·! LDR: **** sys_io import: [cellPadInit] -> 0xf4e774
·! LDR: **** sys_io import: [cellKbGetConfiguration] -> 0xf4e7ac
·! LDR: **** sys_io import: [cellKbClearBuf] -> 0xf4e7e4
·! LDR: **** sys_io import: [cellPadLddRegisterController] -> 0xf4e81c
·! LDR: **** sys_io import: [cellKbGetInfo] -> 0xf4e854
·! LDR: **** sys_io import: [cellMouseGetData] -> 0xf4e88c
·! LDR: **** sys_io import: [cellMouseClearBuf] -> 0xf4e8c4
·! LDR: **** sys_io import: [cellKbInit] -> 0xf4e8fc
·! LDR: **** sys_io import: [cellKbCnvRawCode] -> 0xf4e934
·! LDR: **** sys_io import: [cellPadEnd] -> 0xf4e96c
·! LDR: **** sys_io import: [cellPadSetPortSetting] -> 0xf4e9a4
·! LDR: **** sys_io import: [cellMouseGetInfo] -> 0xf4e9dc
·! LDR: **** sys_io import: [cellPadGetData] -> 0xf4ea14
·! LDR: **** sys_io import: [cellPadLddGetPortNo] -> 0xf4ea4c
·! LDR: **** sys_io import: [cellKbSetCodeType] -> 0xf4ea84
·! LDR: **** sys_io import: [cellPadLddDataInsert] -> 0xf4eabc
·! LDR: **** sys_io import: [cellKbEnd] -> 0xf4eaf4
·! LDR: **** sys_io import: [cellMouseInit] -> 0xf4eb2c
·! LDR: **** sys_io import: [cellKbSetReadMode] -> 0xf4eb64
·! LDR: **** sys_io import: [cellMouseEnd] -> 0xf4eb9c
·! LDR: **** sys_io import: [cellPadLddUnregisterController] -> 0xf4ebd4
·! LDR: **** sys_io import: [cellKbRead] -> 0xf4ec0c

·! LDR: ** Imported module 'sys_fs' (0x0, 0x0)
·! LDR: **** sys_fs import: [cellFsRmdir] -> 0xf4a7cc
·! LDR: **** sys_fs import: [cellFsClose] -> 0xf4a804
·! LDR: **** sys_fs import: [cellFsOpendir] -> 0xf4a83c
·! LDR: **** sys_fs import: [cellFsRead] -> 0xf4a874
·! LDR: **** sys_fs import: [cellFsReaddir] -> 0xf4a8ac
·! LDR: **** sys_fs import: [cellFsOpen] -> 0xf4a8e4
·! LDR: **** sys_fs import: [cellFsStat] -> 0xf4a91c
·! LDR: **** sys_fs import: [cellFsUnlink] -> 0xf4a954
·! LDR: **** sys_fs import: [cellFsGetDirectoryEntries] -> 0xf4a98c
·! LDR: **** sys_fs import: [cellFsLseek] -> 0xf4a9c4
·! LDR: **** sys_fs import: [cellFsGetFreeSize] -> 0xf4a9fc
·! LDR: **** sys_fs import: [cellFsMkdir] -> 0xf4aa34
·! LDR: **** sys_fs import: [cellFsUtime] -> 0xf4aa6c
·! LDR: **** sys_fs import: [cellFsWrite] -> 0xf4aaa4
·! LDR: **** sys_fs import: [cellFsFstat] -> 0xf4aadc
·! LDR: **** sys_fs import: [cellFsRename] -> 0xf4ab14
·! LDR: **** sys_fs import: [cellFsClosedir] -> 0xf4ab4c
·! LDR: **** sys_fs import: [cellFsSdataOpenByFd] -> 0xf4e49c
·! LDR: **** sys_fs import: [cellFsFsync] -> 0xf4e4d4
·! LDR: **** sys_fs import: [cellFsSdataOpen] -> 0xf4e50c

·! LDR: ** Imported module 'sceNp' (0x0, 0x0)
·! LDR: **** sceNp import: [sceNpManagerSubSignout] -> 0xf4ab84
·! LDR: **** sceNp import: [sceNpBasicSendMessageGui] -> 0xf4abbc
·! LDR: **** sceNp import: [sceNpManagerGetTicket] -> 0xf4abf4
·! LDR: **** sceNp import: [sceNpBasicGetFriendPresenceByNpId2] -> 0xf4ac2c
·! LDR: **** sceNp import: [sceNpBasicGetMessageEntry] -> 0xf4ac64
·! LDR: **** sceNp import: [sceNpBasicRegisterContextSensitiveHandler] -> 0xf4ac9c
·! LDR: **** sceNp import: [sceNpManagerSubSignin] -> 0xf4acd4
·! LDR: **** sceNp import: [sceNpBasicAbortGui] -> 0xf4ad0c
·! LDR: **** sceNp import: [sceNpManagerUnregisterCallback] -> 0xf4ad44
·! LDR: **** sceNp import: [sceNpManagerGetTicketParam] -> 0xf4ad7c
·! LDR: **** sceNp import: [sceNpBasicSetPresenceDetails2] -> 0xf4adb4
·! LDR: **** sceNp import: [sceNpLookupInit] -> 0xf4adec
·! LDR: **** sceNp import: [sceNpSignalingActivateConnection] -> 0xf4ae24
·! LDR: **** sceNp import: [sceNpSignalingCreateCtx] -> 0xf4ae5c
·! LDR: **** sceNp import: [sceNpBasicGetFriendPresenceByIndex2] -> 0xf4ae94
·! LDR: **** sceNp import: [sceNpBasicRecvMessageAttachmentLoad] -> 0xf4aecc
·! LDR: **** sceNp import: [sceNpManagerGetContentRatingFlag] -> 0xf4af04
·! LDR: **** sceNp import: [sceNpLookupPollAsync] -> 0xf4af3c
·! LDR: **** sceNp import: [sceNpBasicRecvMessageCustom] -> 0xf4af74
·! LDR: **** sceNp import: [sceNpManagerRequestTicket2] -> 0xf4afac
·! LDR: **** sceNp import: [sceNpLookupTerm] -> 0xf4afe4
·! LDR: **** sceNp import: [sceNpBasicGetPlayersHistoryEntryCount] -> 0xf4b01c
·! LDR: **** sceNp import: [sceNpManagerGetStatus] -> 0xf4b054
·! LDR: **** sceNp import: [sceNpSignalingDestroyCtx] -> 0xf4b08c
·! LDR: **** sceNp import: [sceNpBasicUnregisterHandler] -> 0xf4b0c4
·! LDR: **** sceNp import: [sceNpDrmIsAvailable] -> 0xf4b0fc
·! LDR: **** sceNp import: [sceNpBasicGetFriendListEntryCount] -> 0xf4b134
·! LDR: **** sceNp import: [sceNpManagerGetAccountRegion] -> 0xf4b16c
·! LDR: **** sceNp import: [sceNpBasicGetPlayersHistoryEntry] -> 0xf4b1a4
·! LDR: **** sceNp import: [sceNpBasicAddPlayersHistoryAsync] -> 0xf4b1dc
·! LDR: **** sceNp import: [sceNpManagerGetOnlineId] -> 0xf4b214
·! LDR: **** sceNp import: [sceNpSignalingGetConnectionStatus] -> 0xf4b24c
·! LDR: **** sceNp import: [sceNpLookupCreateTitleCtx] -> 0xf4b284
·! LDR: **** sceNp import: [sceNpLookupNpIdAsync] -> 0xf4b2bc
·! LDR: **** sceNp import: [sceNpUtilCmpNpId] -> 0xf4b2f4
·! LDR: **** sceNp import: [sceNpBasicGetEvent] -> 0xf4b32c
·! LDR: **** sceNp import: [sceNpManagerRegisterCallback] -> 0xf4b364
·! LDR: **** sceNp import: [sceNpLookupCreateTransactionCtx] -> 0xf4b39c
·! LDR: **** sceNp import: [sceNpManagerGetChatRestrictionFlag] -> 0xf4b3d4
·! LDR: **** sceNp import: [sceNpBasicGetMessageEntryCount] -> 0xf4b40c
·! LDR: **** sceNp import: [sceNpManagerGetOnlineName] -> 0xf4b444
·! LDR: **** sceNp import: [sceNpSignalingDeactivateConnection] -> 0xf4b47c
·! LDR: **** sceNp import: [sceNpManagerGetNpId] -> 0xf4b4b4
·! LDR: **** sceNp import: [sceNpDrmIsAvailable2] -> 0xf4ecec

·! LDR: ** Imported module 'sceNp2' (0x0, 0x0)
·! LDR: **** sceNp2 import: [sceNp2Init] -> 0xf4b4ec
·! LDR: **** sceNp2 import: [sceNp2Term] -> 0xf4b524

·! LDR: ** Imported module 'cellSpurs' (0x0, 0x0)
·! LDR: **** cellSpurs import: [cellSpursAttributeSetNamePrefix] -> 0xf4b55c
·! LDR: **** cellSpurs import: [_cellSpursTasksetAttributeInitialize] -> 0xf4b594
·! LDR: **** cellSpurs import: [cellSpursEventFlagDetachLv2EventQueue] -> 0xf4b5cc
·! LDR: **** cellSpurs import: [cellSpursEventFlagWait] -> 0xf4b604
·! LDR: **** cellSpurs import: [cellSpursEventFlagClear] -> 0xf4b63c
·! LDR: **** cellSpurs import: [_cellSpursEventFlagInitialize] -> 0xf4b674
·! LDR: **** cellSpurs import: [cellSpursTasksetAttributeSetName] -> 0xf4b6ac
·! LDR: **** cellSpurs import: [cellSpursEventFlagAttachLv2EventQueue] -> 0xf4b6e4
·! LDR: **** cellSpurs import: [_cellSpursAttributeInitialize] -> 0xf4b71c
·! LDR: **** cellSpurs import: [cellSpursJoinTaskset] -> 0xf4b754
·! LDR: **** cellSpurs import: [cellSpursShutdownTaskset] -> 0xf4b78c
·! LDR: **** cellSpurs import: [cellSpursAttributeSetSpuThreadGroupType] -> 0xf4b7c4
·! LDR: **** cellSpurs import: [cellSpursInitializeWithAttribute] -> 0xf4b7fc
·! LDR: **** cellSpurs import: [cellSpursInitialize] -> 0xf4b834
·! LDR: **** cellSpurs import: [cellSpursCreateTasksetWithAttribute] -> 0xf4b86c
·! LDR: **** cellSpurs import: [cellSpursFinalize] -> 0xf4b8a4
·! LDR: **** cellSpurs import: [_cellSpursLFQueueInitialize] -> 0xf4ed24
·! LDR: **** cellSpurs import: [cellSpursLFQueueAttachLv2EventQueue] -> 0xf4ed5c
·! LDR: **** cellSpurs import: [cellSpursRequestIdleSpu] -> 0xf4ed94
·! LDR: **** cellSpurs import: [cellSpursCreateTaskWithAttribute] -> 0xf4edcc
·! LDR: **** cellSpurs import: [cellSpursDestroyTaskset2] -> 0xf4ee04
·! LDR: **** cellSpurs import: [cellSpursGetInfo] -> 0xf4ee3c
·! LDR: **** cellSpurs import: [cellSpursWorkloadAttributeSetName] -> 0xf4ee74
·! LDR: **** cellSpurs import: [cellSpursCreateTaskset2] -> 0xf4eeac
·! LDR: **** cellSpurs import: [cellSpursGetWorkloadInfo] -> 0xf4eee4
·! LDR: **** cellSpurs import: [cellSpursDetachLv2EventQueue] -> 0xf4ef1c
·! LDR: **** cellSpurs import: [cellSpursCreateTaskset] -> 0xf4ef54
·! LDR: **** cellSpurs import: [cellSpursRemoveWorkload] -> 0xf4ef8c
·! LDR: **** cellSpurs import: [cellSpursWaitForWorkloadShutdown] -> 0xf4efc4
·! LDR: **** cellSpurs import: [cellSpursLFQueueDetachLv2EventQueue] -> 0xf4effc
·! LDR: **** cellSpurs import: [cellSpursBarrierInitialize] -> 0xf4f034
·! LDR: **** cellSpurs import: [cellSpursSetPriorities] -> 0xf4f06c
·! LDR: **** cellSpurs import: [cellSpursTryJoinTask2] -> 0xf4f0a4
·! LDR: **** cellSpurs import: [_cellSpursLFQueuePushBody] -> 0xf4f0dc
·! LDR: **** cellSpurs import: [cellSpursTaskGetContextSaveAreaSize] -> 0xf4f114
·! LDR: **** cellSpurs import: [cellSpursShutdownWorkload] -> 0xf4f14c
·! LDR: **** cellSpurs import: [cellSpursJoinTask2] -> 0xf4f184
·! LDR: **** cellSpurs import: [_cellSpursTaskAttributeInitialize] -> 0xf4f1bc
·! LDR: **** cellSpurs import: [cellSpursAttachLv2EventQueue] -> 0xf4f1f4
·! LDR: **** cellSpurs import: [cellSpursCreateTask] -> 0xf4f22c
·! LDR: **** cellSpurs import: [cellSpursAddWorkloadWithAttribute] -> 0xf4f264
·! LDR: **** cellSpurs import: [_cellSpursTasksetAttribute2Initialize] -> 0xf4f29c
·! LDR: **** cellSpurs import: [cellSpursSetExceptionEventHandler] -> 0xf4f2d4
·! LDR: **** cellSpurs import: [_cellSpursSendSignal] -> 0xf4f30c
·! LDR: **** cellSpurs import: [cellSpursCreateTask2] -> 0xf4f344
·! LDR: **** cellSpurs import: [_cellSpursWorkloadAttributeInitialize] -> 0xf4f37c
·! LDR: **** cellSpurs import: [cellSpursReadyCountStore] -> 0xf4f3b4

·! LDR: ** Imported module 'cellHttp' (0x0, 0x0)
·! LDR: **** cellHttp import: [cellHttpCreateTransaction] -> 0xf4b8dc
·! LDR: **** cellHttp import: [cellHttpResponseGetStatusCode] -> 0xf4b914
·! LDR: **** cellHttp import: [cellHttpClientSetSslCallback] -> 0xf4b94c
·! LDR: **** cellHttp import: [cellHttpClientSetAutoRedirect] -> 0xf4b984
·! LDR: **** cellHttp import: [cellHttpClientSetRecvTimeout] -> 0xf4b9bc
·! LDR: **** cellHttp import: [cellHttpInit] -> 0xf4b9f4
·! LDR: **** cellHttp import: [cellHttpClientSetPipeline] -> 0xf4ba2c
·! LDR: **** cellHttp import: [cellHttpTransactionGetSslId] -> 0xf4ba64
·! LDR: **** cellHttp import: [cellHttpTransactionAbortConnection] -> 0xf4ba9c
·! LDR: **** cellHttp import: [cellHttpDestroyTransaction] -> 0xf4bad4
·! LDR: **** cellHttp import: [cellHttpClientSetCookieStatus] -> 0xf4bb0c
·! LDR: **** cellHttp import: [cellHttpResponseGetContentLength] -> 0xf4bb44
·! LDR: **** cellHttp import: [cellHttpCreateClient] -> 0xf4bb7c
·! LDR: **** cellHttp import: [cellHttpsInit] -> 0xf4bbb4
·! LDR: **** cellHttp import: [cellHttpRequestSetHeader] -> 0xf4bbec
·! LDR: **** cellHttp import: [cellHttpClientSetPerHostKeepAliveMax] -> 0xf4bc24
·! LDR: **** cellHttp import: [cellHttpEndCookie] -> 0xf4bc5c
·! LDR: **** cellHttp import: [cellHttpRecvResponse] -> 0xf4bc94
·! LDR: **** cellHttp import: [cellHttpClientSetSendTimeout] -> 0xf4bccc
·! LDR: **** cellHttp import: [cellHttpClientSetTotalPoolSize] -> 0xf4bd04
·! LDR: **** cellHttp import: [cellHttpClientSetAutoAuthentication] -> 0xf4bd3c
·! LDR: **** cellHttp import: [cellHttpInitCookie] -> 0xf4bd74
·! LDR: **** cellHttp import: [cellHttpDestroyClient] -> 0xf4bdac
·! LDR: **** cellHttp import: [cellHttpClientSetHeader] -> 0xf4bde4
·! LDR: **** cellHttp import: [cellHttpSendRequest] -> 0xf4be1c
·! LDR: **** cellHttp import: [cellHttpClientPollConnections] -> 0xf4be54
·! LDR: **** cellHttp import: [cellHttpClientSetResponseBufferMax] -> 0xf4be8c
·! LDR: **** cellHttp import: [cellHttpRequestSetContentLength] -> 0xf4bec4
·! LDR: **** cellHttp import: [cellHttpResponseGetAllHeaders] -> 0xf4befc
·! LDR: **** cellHttp import: [cellHttpClientSetUserAgent] -> 0xf4bf34
·! LDR: **** cellHttp import: [cellHttpEnd] -> 0xf4bf6c
·! LDR: **** cellHttp import: [cellHttpClientSetConnTimeout] -> 0xf4bfa4
·! LDR: **** cellHttp import: [cellHttpsEnd] -> 0xf4bfdc
·! LDR: **** cellHttp import: [cellHttpClientSetTransactionStateCallback] -> 0xf4f92c

·! LDR: ** Imported module 'cellRtc' (0x0, 0x0)
·! LDR: **** cellRtc import: [cellRtcGetCurrentClockLocalTime] -> 0xf4c014
·! LDR: **** cellRtc import: [cellRtcGetCurrentClock] -> 0xf4c04c
·! LDR: **** cellRtc import: [cellRtcGetDosTime] -> 0xf4c084

·! LDR: ** Imported module 'cellSysutil' (0x0, 0x0)
·! LDR: **** cellSysutil import: [cellSysutilUnregisterCallback] -> 0xf4c0bc
·! LDR: **** cellSysutil import: [cellVideoOutConfigure] -> 0xf4c0f4
·! LDR: **** cellSysutil import: [cellSysutilCheckCallback] -> 0xf4c12c
·! LDR: **** cellSysutil import: [cellSysCacheMount] -> 0xf4c164
·! LDR: **** cellSysutil import: [cellVideoOutGetDeviceInfo] -> 0xf4c19c
·! LDR: **** cellSysutil import: [cellSysutilEnableBgmPlayback] -> 0xf4c1d4
·! LDR: **** cellSysutil import: [cellOskDialogUnloadAsync] -> 0xf4c20c
·! LDR: **** cellSysutil import: [cellSysutilGetSystemParamInt] -> 0xf4c244
·! LDR: **** cellSysutil import: [cellOskDialogDisableDimmer] -> 0xf4c27c
·! LDR: **** cellSysutil import: [cellAudioOutConfigure] -> 0xf4c2b4
·! LDR: **** cellSysutil import: [cellSaveDataUserAutoSave] -> 0xf4c2ec
·! LDR: **** cellSysutil import: [cellMsgDialogAbort] -> 0xf4c324
·! LDR: **** cellSysutil import: [cellSysCacheClear] -> 0xf4c35c
·! LDR: **** cellSysutil import: [cellVideoOutGetNumberOfDevice] -> 0xf4c394
·! LDR: **** cellSysutil import: [cellMsgDialogOpen2] -> 0xf4c3cc
·! LDR: **** cellSysutil import: [cellAudioOutGetDeviceInfo] -> 0xf4c404
·! LDR: **** cellSysutil import: [cellOskDialogLoadAsync] -> 0xf4c43c
·! LDR: **** cellSysutil import: [cellVideoOutGetState] -> 0xf4c474
·! LDR: **** cellSysutil import: [cellSysutilRegisterCallback] -> 0xf4c4ac
·! LDR: **** cellSysutil import: [cellVideoOutGetResolutionAvailability] -> 0xf4c4e4
·! LDR: **** cellSysutil import: [cellOskDialogSetKeyLayoutOption] -> 0xf4c51c
·! LDR: **** cellSysutil import: [cellOskDialogAbort] -> 0xf4c554
·! LDR: **** cellSysutil import: [cellAudioOutGetSoundAvailability] -> 0xf4c58c
·! LDR: **** cellSysutil import: [cellOskDialogSetInitialKeyLayout] -> 0xf4c5c4
·! LDR: **** cellSysutil import: [cellSaveDataUserAutoLoad] -> 0xf4c5fc
·! LDR: **** cellSysutil import: [cellSysutilDisableBgmPlayback] -> 0xf4c634
·! LDR: **** cellSysutil import: [cellVideoOutGetResolution] -> 0xf4c66c
·! LDR: **** cellSysutil import: [cellAudioOutGetNumberOfDevice] -> 0xf4c6a4
·! LDR: **** cellSysutil import: [cellSaveDataDelete2] -> 0xf4c6dc
·! LDR: **** cellSysutil import: [cellSysutilSetBgmPlaybackExtraParam] -> 0xf4c714
·! LDR: **** cellSysutil import: [cellAudioOutGetState] -> 0xf4c74c
·! LDR: **** cellSysutil import: [cellAudioOutGetConfiguration] -> 0xf4f964

·! LDR: ** Imported module 'cellUserInfo' (0x0, 0x0)
·! LDR: **** cellUserInfo import: [cellUserInfoGetStat] -> 0xf4c784
·! LDR: **** cellUserInfo import: [cellUserInfoSelectUser_ListType] -> 0xf4c7bc
·! LDR: **** cellUserInfo import: [cellUserInfoEnableOverlay] -> 0xf4c7f4
·! LDR: **** cellUserInfo import: [cellUserInfoGetList] -> 0xf4c82c

·! LDR: ** Imported module 'cellPhotoUtility' (0x0, 0x0)
·! LDR: **** cellPhotoUtility import: [cellPhotoExportInitialize2] -> 0xf4c864
·! LDR: **** cellPhotoUtility import: [cellPhotoExportFromFileWithCopy] -> 0xf4c89c
·! LDR: **** cellPhotoUtility import: [cellPhotoExportFinalize] -> 0xf4c8d4

·! LDR: ** Imported module 'cellFontFT' (0x0, 0x0)
·! LDR: **** cellFontFT import: [cellFontInitLibraryFreeTypeWithRevision] -> 0xf4c90c

·! LDR: ** Imported module 'cellFont' (0x0, 0x0)
·! LDR: **** cellFont import: [cellFontCreateRenderer] -> 0xf4c944
·! LDR: **** cellFont import: [cellFontGetKerning] -> 0xf4c97c
·! LDR: **** cellFont import: [cellFontOpenFontFile] -> 0xf4c9b4
·! LDR: **** cellFont import: [cellFontGetHorizontalLayout] -> 0xf4c9ec
·! LDR: **** cellFont import: [cellFontDestroyRenderer] -> 0xf4ca24
·! LDR: **** cellFont import: [cellFontSetScalePixel] -> 0xf4ca5c
·! LDR: **** cellFont import: [cellFontEndLibrary] -> 0xf4ca94
·! LDR: **** cellFont import: [cellFontSetupRenderScalePoint] -> 0xf4cacc
·! LDR: **** cellFont import: [cellFontBindRenderer] -> 0xf4cb04
·! LDR: **** cellFont import: [cellFontEnd] -> 0xf4cb3c
·! LDR: **** cellFont import: [cellFontRenderCharGlyphImage] -> 0xf4cb74
·! LDR: **** cellFont import: [cellFontRenderSurfaceInit] -> 0xf4cbac
·! LDR: **** cellFont import: [cellFontCloseFont] -> 0xf4cbe4
·! LDR: **** cellFont import: [cellFontRenderSurfaceSetScissor] -> 0xf4cc1c
·! LDR: **** cellFont import: [cellFontGetCharGlyphMetrics] -> 0xf4cc54
·! LDR: **** cellFont import: [cellFontInitializeWithRevision] -> 0xf4cc8c

·! LDR: ** Imported module 'cellSsl' (0x0, 0x0)
·! LDR: **** cellSsl import: [cellSslCertGetNameEntryInfo] -> 0xf4ccc4
·! LDR: **** cellSsl import: [cellSslEnd] -> 0xf4ccfc
·! LDR: **** cellSsl import: [cellSslCertGetSubjectName] -> 0xf4cd34
·! LDR: **** cellSsl import: [cellSslCertificateLoader] -> 0xf4cd6c
·! LDR: **** cellSsl import: [cellSslCertGetNameEntryCount] -> 0xf4cda4
·! LDR: **** cellSsl import: [cellSslCertGetIssuerName] -> 0xf4cddc
·! LDR: **** cellSsl import: [cellSslInit] -> 0xf4ce14

·! LDR: ** Imported module 'cellGcmSys' (0x0, 0x0)
·! LDR: **** cellGcmSys import: [_cellGcmInitBody] -> 0xf4ce4c
·! LDR: **** cellGcmSys import: [_cellGcmFunc15] -> 0xf4ce84
·! LDR: **** cellGcmSys import: [cellGcmSetFlipMode] -> 0xf4cebc
·! LDR: **** cellGcmSys import: [cellGcmSetFlipImmediate] -> 0xf4cef4
·! LDR: **** cellGcmSys import: [cellGcmSetUserHandler] -> 0xf4fce4
·! LDR: **** cellGcmSys import: [cellGcmSetQueueHandler] -> 0xf4fd1c
·! LDR: **** cellGcmSys import: [cellGcmSetPrepareFlip] -> 0xf4fd54
·! LDR: **** cellGcmSys import: [cellGcmDumpGraphicsError] -> 0xf4fd8c
·! LDR: **** cellGcmSys import: [_cellGcmSetFlipCommand] -> 0xf4fdc4
·! LDR: **** cellGcmSys import: [cellGcmSortRemapEaIoAddress] -> 0xf4fdfc
·! LDR: **** cellGcmSys import: [cellGcmGetOffsetTable] -> 0xf4fe34
·! LDR: **** cellGcmSys import: [cellGcmBindTile] -> 0xf4fe6c
·! LDR: **** cellGcmSys import: [cellGcmSetDebugOutputLevel] -> 0xf4fea4
·! LDR: **** cellGcmSys import: [cellGcmMapEaIoAddressWithFlags] -> 0xf4fedc
·! LDR: **** cellGcmSys import: [cellGcmBindZcull] -> 0xf4ff14
·! LDR: **** cellGcmSys import: [cellGcmMapMainMemory] -> 0xf4ff4c
·! LDR: **** cellGcmSys import: [cellGcmSetFlipHandler] -> 0xf4ff84
·! LDR: **** cellGcmSys import: [cellGcmSetDisplayBuffer] -> 0xf4ffbc
·! LDR: **** cellGcmSys import: [cellGcmGetControlRegister] -> 0xf4fff4
·! LDR: **** cellGcmSys import: [cellGcmUnbindZcull] -> 0xf5002c
·! LDR: **** cellGcmSys import: [cellGcmSetVBlankHandler] -> 0xf50064
·! LDR: **** cellGcmSys import: [cellGcmResetFlipStatus] -> 0xf5009c
·! LDR: **** cellGcmSys import: [cellGcmSetTileInfo] -> 0xf500d4
·! LDR: **** cellGcmSys import: [cellGcmSetGraphicsHandler] -> 0xf5010c
·! LDR: **** cellGcmSys import: [_cellGcmSetFlipCommandWithWaitLabel] -> 0xf50144
·! LDR: **** cellGcmSys import: [cellGcmUnbindTile] -> 0xf5017c
·! LDR: **** cellGcmSys import: [cellGcmUnmapIoAddress] -> 0xf501b4
·! LDR: **** cellGcmSys import: [cellGcmGetConfiguration] -> 0xf501ec
·! LDR: **** cellGcmSys import: [cellGcmGetLabelAddress] -> 0xf50224

·! LDR: ** Imported module 'cellAudio' (0x0, 0x0)
·! LDR: **** cellAudio import: [cellAudioInit] -> 0xf4cf2c
·! LDR: **** cellAudio import: [cellAudioPortClose] -> 0xf4cf64
·! LDR: **** cellAudio import: [cellAudioPortStop] -> 0xf4cf9c
·! LDR: **** cellAudio import: [cellAudioGetPortConfig] -> 0xf4cfd4
·! LDR: **** cellAudio import: [cellAudioPortStart] -> 0xf4d00c
·! LDR: **** cellAudio import: [cellAudioQuit] -> 0xf4d044
·! LDR: **** cellAudio import: [cellAudioPortOpen] -> 0xf4d07c
·! LDR: **** cellAudio import: [cellAudioSetNotifyEventQueue] -> 0xf5025c
·! LDR: **** cellAudio import: [cellAudioGetPortTimestamp] -> 0xf50294
·! LDR: **** cellAudio import: [cellAudioGetPortBlockTag] -> 0xf502cc
·! LDR: **** cellAudio import: [cellAudioRemoveNotifyEventQueue] -> 0xf50304

·! LDR: ** Imported module 'cellVoice' (0x0, 0x0)
·! LDR: **** cellVoice import: [cellVoiceStart] -> 0xf4d0b4
·! LDR: **** cellVoice import: [cellVoiceDisconnectIPortFromOPort] -> 0xf4d0ec
·! LDR: **** cellVoice import: [cellVoiceCreatePort] -> 0xf4d124
·! LDR: **** cellVoice import: [cellVoiceReadFromOPort] -> 0xf4d15c
·! LDR: **** cellVoice import: [cellVoiceWriteToIPort] -> 0xf4d194
·! LDR: **** cellVoice import: [cellVoiceGetPortInfo] -> 0xf4d1cc
·! LDR: **** cellVoice import: [cellVoiceStartEx] -> 0xf4d204
·! LDR: **** cellVoice import: [cellVoiceSetPortAttr] -> 0xf4d23c
·! LDR: **** cellVoice import: [cellVoiceDeletePort] -> 0xf4d274
·! LDR: **** cellVoice import: [cellVoiceConnectIPortToOPort] -> 0xf4d2ac
·! LDR: **** cellVoice import: [cellVoiceInitEx] -> 0xf4d2e4
·! LDR: **** cellVoice import: [cellVoiceInit] -> 0xf4d31c
·! LDR: **** cellVoice import: [cellVoiceStop] -> 0xf4d354
·! LDR: **** cellVoice import: [cellVoiceSetVolume] -> 0xf4d38c
·! LDR: **** cellVoice import: [cellVoiceEnd] -> 0xf4d3c4
·! LDR: **** cellVoice import: [cellVoiceGetPortAttr] -> 0xf4d3fc

·! LDR: ** Imported module 'sceNpTrophy' (0x0, 0x0)
·! LDR: **** sceNpTrophy import: [sceNpTrophyRegisterContext] -> 0xf4d434
·! LDR: **** sceNpTrophy import: [sceNpTrophyCreateHandle] -> 0xf4d46c
·! LDR: **** sceNpTrophy import: [sceNpTrophyGetRequiredDiskSpace] -> 0xf4d4a4
·! LDR: **** sceNpTrophy import: [sceNpTrophyDestroyContext] -> 0xf4d4dc
·! LDR: **** sceNpTrophy import: [sceNpTrophyInit] -> 0xf4d514
·! LDR: **** sceNpTrophy import: [sceNpTrophyDestroyHandle] -> 0xf4d54c
·! LDR: **** sceNpTrophy import: [sceNpTrophyUnlockTrophy] -> 0xf4d584
·! LDR: **** sceNpTrophy import: [sceNpTrophyTerm] -> 0xf4d5bc
·! LDR: **** sceNpTrophy import: [sceNpTrophyGetTrophyUnlockState] -> 0xf4d5f4
·! LDR: **** sceNpTrophy import: [sceNpTrophyCreateContext] -> 0xf4d62c
·! LDR: **** sceNpTrophy import: [sceNpTrophyGetTrophyInfo] -> 0xf4d664

·! LDR: ** Imported module 'cellGameExec' (0x0, 0x0)
·! LDR: **** cellGameExec import: [cellGameGetHomeDataExportPath] -> 0xf4d69c

·! LDR: ** Imported module 'cellNetCtl' (0x0, 0x0)
·! LDR: **** cellNetCtl import: [cellNetCtlNetStartDialogLoadAsync] -> 0xf4d6d4
·! LDR: **** cellNetCtl import: [cellNetCtlNetStartDialogUnloadAsync] -> 0xf4d70c
·! LDR: **** cellNetCtl import: [cellNetCtlTerm] -> 0xf4d744
·! LDR: **** cellNetCtl import: [cellNetCtlGetInfo] -> 0xf4d77c
·! LDR: **** cellNetCtl import: [cellNetCtlGetState] -> 0xf4d7b4
·! LDR: **** cellNetCtl import: [cellNetCtlInit] -> 0xf4d7ec

·! LDR: ** Imported module 'sys_net' (0x0, 0x0)
·! LDR: **** sys_net import: [sys_net::sys_net_initialize_network_ex] -> 0xf4d824
·! LDR: **** sys_net import: [sys_net::recvfrom] -> 0xf4d85c
·! LDR: **** sys_net import: [sys_net::_sys_net_errno_loc] -> 0xf4d894
·! LDR: **** sys_net import: [sys_net::connect] -> 0xf4d8cc
·! LDR: **** sys_net import: [sys_net::socketclose] -> 0xf4d904
·! LDR: **** sys_net import: [sys_net::inet_ntoa] -> 0xf4d93c
·! LDR: **** sys_net import: [sys_net::setsockopt] -> 0xf4d974
·! LDR: **** sys_net import: [sys_net::sendto] -> 0xf4d9ac
·! LDR: **** sys_net import: [sys_net::socket] -> 0xf4d9e4
·! LDR: **** sys_net import: [sys_net::shutdown] -> 0xf4da1c
·! LDR: **** sys_net import: [sys_net::bind] -> 0xf4da54
·! LDR: **** sys_net import: [sys_net::sys_net_finalize_network] -> 0xf4da8c
·! LDR: **** sys_net import: [sys_net::inet_addr] -> 0xf4dac4
·! LDR: **** sys_net import: [sys_net::send] -> 0xf4dafc
·! LDR: **** sys_net import: [sys_net::recv] -> 0xf4db34
·! LDR: **** sys_net import: [sys_net::sys_net_free_thread_context] -> 0xf4db6c
·! LDR: **** sys_net import: [sys_net::socketpoll] -> 0xf5041c
·! LDR: **** sys_net import: [sys_net::getsockname] -> 0xf50454
·! LDR: **** sys_net import: [sys_net::listen] -> 0xf5048c
·! LDR: **** sys_net import: [sys_net::socketselect] -> 0xf504c4
·! LDR: **** sys_net import: [sys_net::getsockopt] -> 0xf504fc
·! LDR: **** sys_net import: [sys_net::gethostbyname] -> 0xf50534
·! LDR: **** sys_net import: [sys_net::inet_aton] -> 0xf5056c
·! LDR: **** sys_net import: [sys_net::sys_net_show_ifconfig] -> 0xf505a4
·! LDR: **** sys_net import: [sys_net::accept] -> 0xf505dc
·! LDR: **** sys_net import: [sys_net::gethostbyaddr] -> 0xf50614
·! LDR: **** sys_net import: [sys_net::getpeername] -> 0xf5064c

·! LDR: ** Imported module 'cellL10n' (0x0, 0x0)
·! LDR: **** cellL10n import: [UTF16stoUTF8s] -> 0xf4dba4
·! LDR: **** cellL10n import: [UTF8stoUTF16s] -> 0xf4dbdc

·! LDR: ** Imported module 'cellGame' (0x0, 0x0)
·! LDR: **** cellGame import: [cellGameGetParamString] -> 0xf4dc14
·! LDR: **** cellGame import: [cellGameCreateGameData] -> 0xf4dc4c
·! LDR: **** cellGame import: [cellGameContentPermit] -> 0xf4dc84
·! LDR: **** cellGame import: [cellGameContentErrorDialog] -> 0xf4dcbc
·! LDR: **** cellGame import: [cellGameGetParamInt] -> 0xf4dcf4
·! LDR: **** cellGame import: [cellGameDataCheck] -> 0xf4dd2c
·! LDR: **** cellGame import: [cellGameBootCheck] -> 0xf4dd64

·! LDR: ** Imported module 'cellSysutilAvconfExt' (0x0, 0x0)
·! LDR: **** cellSysutilAvconfExt import: [cellVideoOutGetScreenSize] -> 0xf4dd9c

·! LDR: ** Imported module 'libgem' (0x0, 0x0)
·! LDR: **** libgem import: [cellGemUpdateStart] -> 0xf4ddd4
·! LDR: **** libgem import: [cellGemReadExternalPortDeviceInfo] -> 0xf4de0c
·! LDR: **** libgem import: [cellGemInit] -> 0xf4de44
·! LDR: **** libgem import: [cellGemEnableMagnetometer] -> 0xf4de7c
·! LDR: **** libgem import: [cellGemWriteExternalPort] -> 0xf4deb4
·! LDR: **** libgem import: [cellGemUpdateFinish] -> 0xf4deec
·! LDR: **** libgem import: [cellGemSetRumble] -> 0xf4df24
·! LDR: **** libgem import: [cellGemGetState] -> 0xf4df5c
·! LDR: **** libgem import: [cellGemSetYaw] -> 0xf4df94
·! LDR: **** libgem import: [cellGemTrackHues] -> 0xf4dfcc
·! LDR: **** libgem import: [cellGemGetInfo] -> 0xf4e004
·! LDR: **** libgem import: [cellGemPrepareCamera] -> 0xf4e03c
·! LDR: **** libgem import: [cellGemCalibrate] -> 0xf4e074
·! LDR: **** libgem import: [cellGemForceRGB] -> 0xf4e0ac
·! LDR: **** libgem import: [cellGemGetInertialState] -> 0xf4e0e4
·! LDR: **** libgem import: [cellGemEnd] -> 0xf4e11c
·! LDR: **** libgem import: [cellGemInvalidateCalibration] -> 0xf4e154

·! LDR: ** Imported module 'cellCamera' (0x0, 0x0)
·! LDR: **** cellCamera import: [cellCameraReadEx] -> 0xf4e18c
·! LDR: **** cellCamera import: [cellCameraRemoveNotifyEventQueue2] -> 0xf4e1c4
·! LDR: **** cellCamera import: [cellCameraStart] -> 0xf4e1fc
·! LDR: **** cellCamera import: [cellCameraGetType] -> 0xf4e234
·! LDR: **** cellCamera import: [cellCameraEnd] -> 0xf4e26c
·! LDR: **** cellCamera import: [cellCameraOpenEx] -> 0xf4e2a4
·! LDR: **** cellCamera import: [cellCameraReset] -> 0xf4e2dc
·! LDR: **** cellCamera import: [cellCameraSetNotifyEventQueue2] -> 0xf4e314
·! LDR: **** cellCamera import: [cellCameraInit] -> 0xf4e34c

·! LDR: ** Imported module 'cellSysutilNpEula' (0x0, 0x0)
·! LDR: **** cellSysutilNpEula import: [0x59D1629A] -> 0xf4e384
·! LDR: **** cellSysutilNpEula import: [0x5EC05AD8] -> 0xf4e3bc
·! LDR: **** cellSysutilNpEula import: [0x6599500D] -> 0xf4e3f4

·! LDR: ** Imported module 'cellSync' (0x0, 0x0)
·! LDR: **** cellSync import: [cellSyncMutexUnlock] -> 0xf4ec44
·! LDR: **** cellSync import: [cellSyncMutexInitialize] -> 0xf4ec7c
·! LDR: **** cellSync import: [cellSyncMutexTryLock] -> 0xf4ecb4

·! LDR: ** Imported module 'libmedi' (0x0, 0x0)
·! LDR: **** libmedi import: [0x40AD67EB] -> 0xf4f3ec
·! LDR: **** libmedi import: [0x4AECEA24] -> 0xf4f424
·! LDR: **** libmedi import: [0x4D249136] -> 0xf4f45c
·! LDR: **** libmedi import: [0x85DC6981] -> 0xf4f494
·! LDR: **** libmedi import: [0x9D11991D] -> 0xf4f4cc
·! LDR: **** libmedi import: [0xC324F60C] -> 0xf4f504
·! LDR: **** libmedi import: [0xF7E4A50A] -> 0xf4f53c

·! LDR: ** Imported module 'libvdec' (0x0, 0x0)
·! LDR: **** libvdec import: [cellVdecOpenEx] -> 0xf4f574
·! LDR: **** libvdec import: [cellVdecClose] -> 0xf4f5ac
·! LDR: **** libvdec import: [cellVdecGetPicItem] -> 0xf4f5e4
·! LDR: **** libvdec import: [cellVdecDecodeAu] -> 0xf4f61c
·! LDR: **** libvdec import: [cellVdecGetPicture] -> 0xf4f654
·! LDR: **** libvdec import: [cellVdecEndSeq] -> 0xf4f68c
·! LDR: **** libvdec import: [cellVdecStartSeq] -> 0xf4f6c4
·! LDR: **** libvdec import: [cellVdecQueryAttrEx] -> 0xf4f6fc
·! LDR: **** libvdec import: [cellVdecSetFrameRate] -> 0xf4f734

·! LDR: ** Imported module 'cellAdec' (0x0, 0x0)
·! LDR: **** cellAdec import: [cellAdecDecodeAu] -> 0xf4f76c
·! LDR: **** cellAdec import: [cellAdecStartSeq] -> 0xf4f7a4
·! LDR: **** cellAdec import: [cellAdecQueryAttr] -> 0xf4f7dc
·! LDR: **** cellAdec import: [cellAdecClose] -> 0xf4f814
·! LDR: **** cellAdec import: [cellAdecOpenEx] -> 0xf4f84c
·! LDR: **** cellAdec import: [cellAdecGetPcm] -> 0xf4f884
·! LDR: **** cellAdec import: [cellAdecGetPcmItem] -> 0xf4f8bc
·! LDR: **** cellAdec import: [cellAdecEndSeq] -> 0xf4f8f4

·! LDR: ** Imported module 'cellJpgEnc' (0x0, 0x0)
·! LDR: **** cellJpgEnc import: [cellJpgEncQueryAttr] -> 0xf4f99c
·! LDR: **** cellJpgEnc import: [cellJpgEncWaitForInput] -> 0xf4f9d4
·! LDR: **** cellJpgEnc import: [cellJpgEncGetStreamInfo] -> 0xf4fa0c
·! LDR: **** cellJpgEnc import: [cellJpgEncEncodePicture2] -> 0xf4fa44
·! LDR: **** cellJpgEnc import: [cellJpgEncOpenEx] -> 0xf4fa7c
·! LDR: **** cellJpgEnc import: [cellJpgEncClose] -> 0xf4fab4
·! LDR: **** cellJpgEnc import: [cellJpgEncWaitForOutput] -> 0xf4faec
·! LDR: **** cellJpgEnc import: [cellJpgEncOpen] -> 0xf4fb24

·! LDR: ** Imported module 'cellJpgDec' (0x0, 0x0)
·! LDR: **** cellJpgDec import: [cellJpgDecReadHeader] -> 0xf4fb5c
·! LDR: **** cellJpgDec import: [cellJpgDecExtCreate] -> 0xf4fb94
·! LDR: **** cellJpgDec import: [cellJpgDecClose] -> 0xf4fbcc
·! LDR: **** cellJpgDec import: [cellJpgDecOpen] -> 0xf4fc04
·! LDR: **** cellJpgDec import: [cellJpgDecDecodeData] -> 0xf4fc3c
·! LDR: **** cellJpgDec import: [cellJpgDecDestroy] -> 0xf4fc74
·! LDR: **** cellJpgDec import: [cellJpgDecSetParameter] -> 0xf4fcac

·! LDR: ** Imported module 'cellKey2char' (0x0, 0x0)
·! LDR: **** cellKey2char import: [cellKey2CharClose] -> 0xf5033c
·! LDR: **** cellKey2char import: [cellKey2CharGetChar] -> 0xf50374
·! LDR: **** cellKey2char import: [cellKey2CharOpen] -> 0xf503ac
·! LDR: **** cellKey2char import: [cellKey2CharSetMode] -> 0xf503e4

·! LDR: ** Imported module 'cellHttpUtil' (0x0, 0x0)
·! LDR: **** cellHttpUtil import: [cellHttpUtilParseUri] -> 0xf50684

·! LDR: ** Imported module 'sysPrxForUser' (0x0, 0x0)
·! LDR: **** sysPrxForUser import: [sys_mempool_try_allocate_block] -> 0xf506bc
·! LDR: **** sysPrxForUser import: [sys_lwmutex_lock] -> 0xf506f4
·! LDR: **** sysPrxForUser import: [sys_lwmutex_unlock] -> 0xf5072c
·! LDR: **** sysPrxForUser import: [sys_lwcond_destroy] -> 0xf50764
·! LDR: **** sysPrxForUser import: [sys_ppu_thread_create] -> 0xf5079c
·! LDR: **** sysPrxForUser import: [sys_prx_load_module] -> 0xf507d4
·! LDR: **** sysPrxForUser import: [sys_lwcond_wait] -> 0xf5080c
·! LDR: **** sysPrxForUser import: [_sys_process_atexitspawn] -> 0xf50844
·! LDR: **** sysPrxForUser import: [sys_lwmutex_create] -> 0xf5087c
·! LDR: **** sysPrxForUser import: [sys_ppu_thread_get_id] -> 0xf508b4
·! LDR: **** sysPrxForUser import: [_sys_heap_malloc] -> 0xf508ec
·! LDR: **** sysPrxForUser import: [sys_prx_register_library] -> 0xf50924
·! LDR: **** sysPrxForUser import: [_sys_heap_memalign] -> 0xf5095c
·! LDR: **** sysPrxForUser import: [sys_process_is_stack] -> 0xf50994
·! LDR: **** sysPrxForUser import: [sys_spinlock_unlock] -> 0xf509cc
·! LDR: **** sysPrxForUser import: [sys_mempool_free_block] -> 0xf50a04
·! LDR: **** sysPrxForUser import: [sys_initialize_tls] -> 0xf50a3c
·! LDR: **** sysPrxForUser import: [sys_time_get_system_time] -> 0xf50a74
·! LDR: **** sysPrxForUser import: [sys_prx_get_module_info] -> 0xf50aac
·! LDR: **** sysPrxForUser import: [_sys_heap_free] -> 0xf50ae4
·! LDR: **** sysPrxForUser import: [sys_spinlock_initialize] -> 0xf50b1c
·! LDR: **** sysPrxForUser import: [_sys_process_at_Exitspawn] -> 0xf50b54
·! LDR: **** sysPrxForUser import: [sys_mempool_destroy] -> 0xf50b8c
·! LDR: **** sysPrxForUser import: [sys_spinlock_lock] -> 0xf50bc4
·! LDR: **** sysPrxForUser import: [sys_prx_exitspawn_with_level] -> 0xf50bfc
·! LDR: **** sysPrxForUser import: [sys_prx_load_module_on_memcontainer_by_fd] -> 0xf50c34
·! LDR: **** sysPrxForUser import: [sys_prx_get_module_list] -> 0xf50c6c
·! LDR: **** sysPrxForUser import: [sys_prx_load_module_on_memcontainer] -> 0xf50ca4
·! LDR: **** sysPrxForUser import: [sys_lwmutex_trylock] -> 0xf50cdc
·! LDR: **** sysPrxForUser import: [_sys_heap_delete_heap] -> 0xf50d14
·! LDR: **** sysPrxForUser import: [sys_ppu_thread_exit] -> 0xf50d4c
·! LDR: **** sysPrxForUser import: [_sys_heap_create_heap] -> 0xf50d84
·! LDR: **** sysPrxForUser import: [sys_lwmutex_destroy] -> 0xf50dbc
·! LDR: **** sysPrxForUser import: [sys_mempool_create] -> 0xf50df4
·! LDR: **** sysPrxForUser import: [sys_lwcond_create] -> 0xf50e2c
·! LDR: **** sysPrxForUser import: [sys_spu_image_close] -> 0xf50e64
·! LDR: **** sysPrxForUser import: [sys_process_exit] -> 0xf50e9c
·! LDR: **** sysPrxForUser import: [sys_lwcond_signal_all] -> 0xf50ed4
·! LDR: **** sysPrxForUser import: [sys_prx_load_module_by_fd] -> 0xf50f0c
·! LDR: **** sysPrxForUser import: [sys_lwcond_signal] -> 0xf50f44