Title: MOTORSTORM®: PACIFIC RIFT DEMO 2.0
Serial: NPEA90033

  Load libraries:
    - libfont.sprx
    - libfontFT.sprx
    - libfreetype.sprx
    - libfreetypeTT.sprx
    - libjpgdec.sprx
    - libjpgenc.sprx
    - libkey2char.sprx
    - libpngdec.sprx
    - librtc.sprx
    - libsre.sprx
    - libvoice.sprx

·! LDR: ** Imported module 'cellSysutil' (0x0, 0x0)
·! LDR: **** cellSysutil import: [cellSysutilUnregisterCallback] -> 0xcfe8dc
·! LDR: **** cellSysutil import: [cellSysutilCheckCallback] -> 0xcfe8fc
·! LDR: **** cellSysutil import: [cellMsgDialogClose] -> 0xcfe91c
·! LDR: **** cellSysutil import: [cellSaveDataListAutoLoad] -> 0xcfe93c
·! LDR: **** cellSysutil import: [cellSysutilEnableBgmPlayback] -> 0xcfe95c
·! LDR: **** cellSysutil import: [cellSysutilGetSystemParamInt] -> 0xcfe97c
·! LDR: **** cellSysutil import: [cellSaveDataListAutoSave] -> 0xcfe99c
·! LDR: **** cellSysutil import: [cellMsgDialogAbort] -> 0xcfe9bc
·! LDR: **** cellSysutil import: [cellMsgDialogOpen2] -> 0xcfe9dc
·! LDR: **** cellSysutil import: [cellSaveDataAutoSave2] -> 0xcfe9fc
·! LDR: **** cellSysutil import: [cellMsgDialogProgressBarInc] -> 0xcfea1c
·! LDR: **** cellSysutil import: [cellMsgDialogProgressBarSetMsg] -> 0xcfea3c
·! LDR: **** cellSysutil import: [cellSysutilRegisterCallback] -> 0xcfea5c
·! LDR: **** cellSysutil import: [cellSaveDataDelete2] -> 0xcfea7c
·! LDR: **** cellSysutil import: [cellSaveDataAutoLoad2] -> 0xcfea9c
·! LDR: **** cellSysutil import: [cellVideoOutConfigure] -> 0xcff91c
·! LDR: **** cellSysutil import: [cellSysCacheMount] -> 0xcff93c
·! LDR: **** cellSysutil import: [cellVideoOutGetDeviceInfo] -> 0xcff95c
·! LDR: **** cellSysutil import: [cellAudioOutConfigure] -> 0xcff97c
·! LDR: **** cellSysutil import: [cellSysCacheClear] -> 0xcff99c
·! LDR: **** cellSysutil import: [cellVideoOutGetNumberOfDevice] -> 0xcff9bc
·! LDR: **** cellSysutil import: [cellAudioOutGetDeviceInfo] -> 0xcff9dc
·! LDR: **** cellSysutil import: [cellVideoOutGetState] -> 0xcff9fc
·! LDR: **** cellSysutil import: [cellVideoOutGetResolutionAvailability] -> 0xcffa1c
·! LDR: **** cellSysutil import: [cellAudioOutGetSoundAvailability] -> 0xcffa3c
·! LDR: **** cellSysutil import: [cellVideoOutGetResolution] -> 0xcffa5c
·! LDR: **** cellSysutil import: [cellAudioOutGetNumberOfDevice] -> 0xcffa7c
·! LDR: **** cellSysutil import: [cellAudioOutGetState] -> 0xcffa9c

·! LDR: ** Imported module 'cellGame' (0x0, 0x0)
·! LDR: **** cellGame import: [cellGameGetParamString] -> 0xcfeabc
·! LDR: **** cellGame import: [cellGameCreateGameData] -> 0xcfeadc
·! LDR: **** cellGame import: [cellGameContentPermit] -> 0xcfeafc
·! LDR: **** cellGame import: [cellGameGetParamInt] -> 0xcfeb1c
·! LDR: **** cellGame import: [cellGameDataCheck] -> 0xcfeb3c
·! LDR: **** cellGame import: [cellGameBootCheck] -> 0xcfeb5c

·! LDR: ** Imported module 'sceNpTrophy' (0x0, 0x0)
·! LDR: **** sceNpTrophy import: [sceNpTrophyRegisterContext] -> 0xcfeb7c
·! LDR: **** sceNpTrophy import: [sceNpTrophyCreateHandle] -> 0xcfeb9c
·! LDR: **** sceNpTrophy import: [sceNpTrophyDestroyContext] -> 0xcfebbc
·! LDR: **** sceNpTrophy import: [sceNpTrophyInit] -> 0xcfebdc
·! LDR: **** sceNpTrophy import: [sceNpTrophyGetGameInfo] -> 0xcfebfc
·! LDR: **** sceNpTrophy import: [sceNpTrophyDestroyHandle] -> 0xcfec1c
·! LDR: **** sceNpTrophy import: [sceNpTrophyUnlockTrophy] -> 0xcfec3c
·! LDR: **** sceNpTrophy import: [sceNpTrophyTerm] -> 0xcfec5c
·! LDR: **** sceNpTrophy import: [sceNpTrophyGetTrophyUnlockState] -> 0xcfec7c
·! LDR: **** sceNpTrophy import: [sceNpTrophyGetTrophyIcon] -> 0xcfec9c
·! LDR: **** sceNpTrophy import: [sceNpTrophyCreateContext] -> 0xcfecbc

·! LDR: ** Imported module 'cellGameExec' (0x0, 0x0)
·! LDR: **** cellGameExec import: [cellGameGetHomeDataExportPath] -> 0xcfecdc
·! LDR: **** cellGameExec import: [cellGameGetHomeLaunchOptionPath] -> 0xcfecfc
·! LDR: **** cellGameExec import: [cellGameGetBootGameInfo] -> 0xcfed1c

·! LDR: ** Imported module 'sceNp' (0x0, 0x0)
·! LDR: **** sceNp import: [sceNpCommerceGetChildProductSkuInfo] -> 0xcfed3c
·! LDR: **** sceNp import: [sceNpBasicSendMessageGui] -> 0xcfed5c
·! LDR: **** sceNp import: [sceNpBasicGetFriendListEntry] -> 0xcfed7c
·! LDR: **** sceNp import: [sceNpManagerGetTicket] -> 0xcfed9c
·! LDR: **** sceNp import: [sceNpCommerceGetProductCategoryStart] -> 0xcfedbc
·! LDR: **** sceNp import: [sceNpCommerceGetNumOfChildCategory] -> 0xcfeddc
·! LDR: **** sceNp import: [sceNpCommerceGetCategoryDescription] -> 0xcfedfc
·! LDR: **** sceNp import: [sceNpCommerceGetSkuId] -> 0xcfee1c
·! LDR: **** sceNp import: [sceNpBasicSetPresence] -> 0xcfee3c
·! LDR: **** sceNp import: [sceNpCommerceGetProductCategoryResult] -> 0xcfee5c
·! LDR: **** sceNp import: [sceNpBasicRegisterContextSensitiveHandler] -> 0xcfee7c
·! LDR: **** sceNp import: [sceNpBasicAbortGui] -> 0xcfee9c
·! LDR: **** sceNp import: [sceNpManagerUnregisterCallback] -> 0xcfeebc
·! LDR: **** sceNp import: [sceNpLookupInit] -> 0xcfeedc
·! LDR: **** sceNp import: [sceNpSignalingActivateConnection] -> 0xcfeefc
·! LDR: **** sceNp import: [sceNpSignalingCreateCtx] -> 0xcfef1c
·! LDR: **** sceNp import: [sceNpBasicRecvMessageAttachmentLoad] -> 0xcfef3c
·! LDR: **** sceNp import: [sceNpCommerceDestroyProductCategory] -> 0xcfef5c
·! LDR: **** sceNp import: [sceNpCommerceGetCategoryName] -> 0xcfef7c
·! LDR: **** sceNp import: [sceNpManagerGetContentRatingFlag] -> 0xcfef9c
·! LDR: **** sceNp import: [sceNpCommerceGetNumOfChildProductSku] -> 0xcfefbc
·! LDR: **** sceNp import: [sceNpLookupPollAsync] -> 0xcfefdc
·! LDR: **** sceNp import: [sceNpCommerceGetSkuPrice] -> 0xcfeffc
·! LDR: **** sceNp import: [sceNpCommerceGetCurrencyCode] -> 0xcff01c
·! LDR: **** sceNp import: [sceNpBasicRecvMessageCustom] -> 0xcff03c
·! LDR: **** sceNp import: [sceNpManagerRequestTicket2] -> 0xcff05c
·! LDR: **** sceNp import: [sceNpLookupTerm] -> 0xcff07c
·! LDR: **** sceNp import: [sceNpCommerceInitProductCategory] -> 0xcff09c
·! LDR: **** sceNp import: [sceNpCommerceGetProductId] -> 0xcff0bc
·! LDR: **** sceNp import: [sceNpCommerceGetCategoryImageURL] -> 0xcff0dc
·! LDR: **** sceNp import: [sceNpScoreTerm] -> 0xcff0fc
·! LDR: **** sceNp import: [sceNpManagerGetEntitlementById] -> 0xcff11c
·! LDR: **** sceNp import: [sceNpManagerGetStatus] -> 0xcff13c
·! LDR: **** sceNp import: [sceNpCommerceGetSkuDescription] -> 0xcff15c
·! LDR: **** sceNp import: [sceNpBasicGetCustomInvitationEntryCount] -> 0xcff17c
·! LDR: **** sceNp import: [sceNpSignalingDestroyCtx] -> 0xcff19c
·! LDR: **** sceNp import: [sceNpBasicUnregisterHandler] -> 0xcff1bc
·! LDR: **** sceNp import: [sceNpDrmIsAvailable] -> 0xcff1dc
·! LDR: **** sceNp import: [sceNpCommerceGetCategoryId] -> 0xcff1fc
·! LDR: **** sceNp import: [sceNpCommerceDoCheckoutFinishAsync] -> 0xcff21c
·! LDR: **** sceNp import: [sceNpCommerceGetCurrencyDecimals] -> 0xcff23c
·! LDR: **** sceNp import: [sceNpBasicGetFriendListEntryCount] -> 0xcff25c
·! LDR: **** sceNp import: [sceNpCommerceGetCurrencyInfo] -> 0xcff27c
·! LDR: **** sceNp import: [sceNpManagerGetAccountRegion] -> 0xcff29c
·! LDR: **** sceNp import: [sceNpManagerGetEntitlementIdList] -> 0xcff2bc
·! LDR: **** sceNp import: [sceNpCommerceGetChildCategoryInfo] -> 0xcff2dc
·! LDR: **** sceNp import: [sceNpBasicAddPlayersHistoryAsync] -> 0xcff2fc
·! LDR: **** sceNp import: [sceNpInit] -> 0xcff31c
·! LDR: **** sceNp import: [sceNpSignalingGetConnectionStatus] -> 0xcff33c
·! LDR: **** sceNp import: [sceNpCommerceGetSkuImageURL] -> 0xcff35c
·! LDR: **** sceNp import: [sceNpLookupCreateTitleCtx] -> 0xcff37c
·! LDR: **** sceNp import: [sceNpCommerceGetProductCategoryFinish] -> 0xcff39c
·! LDR: **** sceNp import: [sceNpLookupNpIdAsync] -> 0xcff3bc
·! LDR: **** sceNp import: [sceNpUtilCmpNpId] -> 0xcff3dc
·! LDR: **** sceNp import: [sceNpBasicGetEvent] -> 0xcff3fc
·! LDR: **** sceNp import: [sceNpCommerceDestroyCtx] -> 0xcff41c
·! LDR: **** sceNp import: [sceNpCommerceDoCheckoutStartAsync] -> 0xcff43c
·! LDR: **** sceNp import: [sceNpManagerRegisterCallback] -> 0xcff45c
·! LDR: **** sceNp import: [sceNpLookupCreateTransactionCtx] -> 0xcff47c
·! LDR: **** sceNp import: [sceNpCommerceGetProductName] -> 0xcff49c
·! LDR: **** sceNp import: [sceNpManagerGetChatRestrictionFlag] -> 0xcff4bc
·! LDR: **** sceNp import: [sceNpCommerceGetCategoryInfo] -> 0xcff4dc
·! LDR: **** sceNp import: [sceNpCommerceGetSkuName] -> 0xcff4fc
·! LDR: **** sceNp import: [sceNpFriendlist] -> 0xcff51c
·! LDR: **** sceNp import: [sceNpManagerGetOnlineName] -> 0xcff53c
·! LDR: **** sceNp import: [sceNpLookupDestroyTransactionCtx] -> 0xcff55c
·! LDR: **** sceNp import: [sceNpCommerceCreateCtx] -> 0xcff57c
·! LDR: **** sceNp import: [sceNpSignalingDeactivateConnection] -> 0xcff59c
·! LDR: **** sceNp import: [sceNpManagerGetNpId] -> 0xcff5bc

·! LDR: ** Imported module 'sceNp2' (0x0, 0x0)
·! LDR: **** sceNp2 import: [sceNpMatching2DestroyContext] -> 0xcff5dc
·! LDR: **** sceNp2 import: [sceNpMatching2GetWorldInfoList] -> 0xcff5fc
·! LDR: **** sceNp2 import: [sceNpMatching2LeaveRoom] -> 0xcff61c
·! LDR: **** sceNp2 import: [sceNpMatching2SetRoomDataExternal] -> 0xcff63c
·! LDR: **** sceNp2 import: [sceNpMatching2Term2] -> 0xcff65c
·! LDR: **** sceNp2 import: [sceNpMatching2GetEventData] -> 0xcff67c
·! LDR: **** sceNp2 import: [sceNp2Init] -> 0xcff69c
·! LDR: **** sceNp2 import: [sceNpMatching2AbortContextStart] -> 0xcff6bc
·! LDR: **** sceNp2 import: [sceNpMatching2JoinRoom] -> 0xcff6dc
·! LDR: **** sceNp2 import: [sceNpMatching2KickoutRoomMember] -> 0xcff6fc
·! LDR: **** sceNp2 import: [sceNpMatching2ContextStartAsync] -> 0xcff71c
·! LDR: **** sceNp2 import: [sceNpMatching2RegisterContextCallback] -> 0xcff73c
·! LDR: **** sceNp2 import: [sceNpMatching2SetRoomDataInternal] -> 0xcff75c
·! LDR: **** sceNp2 import: [sceNpMatching2GetRoomDataInternal] -> 0xcff77c
·! LDR: **** sceNp2 import: [sceNpMatching2GetServerIdListLocal] -> 0xcff79c
·! LDR: **** sceNp2 import: [sceNpMatching2GrantRoomOwner] -> 0xcff7bc
·! LDR: **** sceNp2 import: [sceNpMatching2CreateContext] -> 0xcff7dc
·! LDR: **** sceNp2 import: [sceNp2Term] -> 0xcff7fc
·! LDR: **** sceNp2 import: [sceNpMatching2GetRoomMemberDataInternal] -> 0xcff81c
·! LDR: **** sceNp2 import: [sceNpMatching2SetRoomMemberDataInternal] -> 0xcff83c
·! LDR: **** sceNp2 import: [sceNpMatching2RegisterRoomEventCallback] -> 0xcff85c
·! LDR: **** sceNp2 import: [sceNpMatching2GetRoomDataExternalList] -> 0xcff87c
·! LDR: **** sceNp2 import: [sceNpMatching2CreateJoinRoom] -> 0xcff89c
·! LDR: **** sceNp2 import: [sceNpMatching2Init2] -> 0xcff8bc
·! LDR: **** sceNp2 import: [sceNpMatching2RegisterRoomMessageCallback] -> 0xcff8dc

·! LDR: ** Imported module 'cellRtc' (0x0, 0x0)
·! LDR: **** cellRtc import: [cellRtcGetCurrentClockLocalTime] -> 0xcff8fc

·! LDR: ** Imported module 'cellSearchUtility' (0x0, 0x0)
·! LDR: **** cellSearchUtility import: [cellSearchStartListSearch] -> 0xcffabc
·! LDR: **** cellSearchUtility import: [cellSearchGetContentInfoByOffset] -> 0xcffadc
·! LDR: **** cellSearchUtility import: [cellSearchStartContentSearchInList] -> 0xcffafc
·! LDR: **** cellSearchUtility import: [cellSearchEnd] -> 0xcffb1c
·! LDR: **** cellSearchUtility import: [cellSearchFinalize] -> 0xcffb3c
·! LDR: **** cellSearchUtility import: [cellSearchInitialize] -> 0xcffb5c
·! LDR: **** cellSearchUtility import: [cellSearchPrepareFile] -> 0xcffb7c
·! LDR: **** cellSearchUtility import: [cellSearchGetContentInfoPath] -> 0xcffb9c

·! LDR: ** Imported module 'cellJpgEnc' (0x0, 0x0)
·! LDR: **** cellJpgEnc import: [cellJpgEncQueryAttr] -> 0xcffbbc
·! LDR: **** cellJpgEnc import: [cellJpgEncWaitForInput] -> 0xcffbdc
·! LDR: **** cellJpgEnc import: [cellJpgEncGetStreamInfo] -> 0xcffbfc
·! LDR: **** cellJpgEnc import: [cellJpgEncClose] -> 0xcffc1c
·! LDR: **** cellJpgEnc import: [cellJpgEncWaitForOutput] -> 0xcffc3c
·! LDR: **** cellJpgEnc import: [cellJpgEncOpen] -> 0xcffc5c
·! LDR: **** cellJpgEnc import: [cellJpgEncEncodePicture] -> 0xcffc7c

·! LDR: ** Imported module 'cellJpgDec' (0x0, 0x0)
·! LDR: **** cellJpgDec import: [cellJpgDecReadHeader] -> 0xcffc9c
·! LDR: **** cellJpgDec import: [cellJpgDecClose] -> 0xcffcbc
·! LDR: **** cellJpgDec import: [cellJpgDecOpen] -> 0xcffcdc
·! LDR: **** cellJpgDec import: [cellJpgDecCreate] -> 0xcffcfc
·! LDR: **** cellJpgDec import: [cellJpgDecDecodeData] -> 0xcffd1c
·! LDR: **** cellJpgDec import: [cellJpgDecDestroy] -> 0xcffd3c
·! LDR: **** cellJpgDec import: [cellJpgDecSetParameter] -> 0xcffd5c

·! LDR: ** Imported module 'cellPhotoUtility' (0x0, 0x0)
·! LDR: **** cellPhotoUtility import: [cellPhotoExportFromFile] -> 0xcffd7c
·! LDR: **** cellPhotoUtility import: [cellPhotoExportInitialize] -> 0xcffd9c
·! LDR: **** cellPhotoUtility import: [cellPhotoExportFinalize] -> 0xcffdbc

·! LDR: ** Imported module 'cellFontFT' (0x0, 0x0)
·! LDR: **** cellFontFT import: [cellFontInitLibraryFreeTypeWithRevision] -> 0xcffddc

·! LDR: ** Imported module 'cellFont' (0x0, 0x0)
·! LDR: **** cellFont import: [cellFontCreateRenderer] -> 0xcffdfc
·! LDR: **** cellFont import: [cellFontGetKerning] -> 0xcffe1c
·! LDR: **** cellFont import: [cellFontOpenFontFile] -> 0xcffe3c
·! LDR: **** cellFont import: [cellFontGetHorizontalLayout] -> 0xcffe5c
·! LDR: **** cellFont import: [cellFontDestroyRenderer] -> 0xcffe7c
·! LDR: **** cellFont import: [cellFontSetScalePixel] -> 0xcffe9c
·! LDR: **** cellFont import: [cellFontEndLibrary] -> 0xcffebc
·! LDR: **** cellFont import: [cellFontSetupRenderScalePoint] -> 0xcffedc
·! LDR: **** cellFont import: [cellFontBindRenderer] -> 0xcffefc
·! LDR: **** cellFont import: [cellFontEnd] -> 0xcfff1c
·! LDR: **** cellFont import: [cellFontRenderCharGlyphImage] -> 0xcfff3c
·! LDR: **** cellFont import: [cellFontRenderSurfaceInit] -> 0xcfff5c
·! LDR: **** cellFont import: [cellFontCloseFont] -> 0xcfff7c
·! LDR: **** cellFont import: [cellFontRenderSurfaceSetScissor] -> 0xcfff9c
·! LDR: **** cellFont import: [cellFontGetCharGlyphMetrics] -> 0xcfffbc
·! LDR: **** cellFont import: [cellFontInitializeWithRevision] -> 0xcfffdc

·! LDR: ** Imported module 'cellNetCtl' (0x0, 0x0)
·! LDR: **** cellNetCtl import: [cellNetCtlNetStartDialogLoadAsync] -> 0xcffffc
·! LDR: **** cellNetCtl import: [cellNetCtlNetStartDialogUnloadAsync] -> 0xd0001c
·! LDR: **** cellNetCtl import: [cellNetCtlTerm] -> 0xd0003c
·! LDR: **** cellNetCtl import: [cellNetCtlGetInfo] -> 0xd0005c
·! LDR: **** cellNetCtl import: [cellNetCtlGetState] -> 0xd0007c
·! LDR: **** cellNetCtl import: [cellNetCtlInit] -> 0xd0009c

·! LDR: ** Imported module 'sys_net' (0x0, 0x0)
·! LDR: **** sys_net import: [sys_net::socketpoll] -> 0xd000bc
·! LDR: **** sys_net import: [sys_net::sys_net_initialize_network_ex] -> 0xd000dc
·! LDR: **** sys_net import: [sys_net::getsockname] -> 0xd000fc
·! LDR: **** sys_net import: [sys_net::recvfrom] -> 0xd0011c
·! LDR: **** sys_net import: [sys_net::listen] -> 0xd0013c
·! LDR: **** sys_net import: [sys_net::socketselect] -> 0xd0015c
·! LDR: **** sys_net import: [sys_net::getsockopt] -> 0xd0017c
·! LDR: **** sys_net import: [sys_net::_sys_net_errno_loc] -> 0xd0019c
·! LDR: **** sys_net import: [sys_net::connect] -> 0xd001bc
·! LDR: **** sys_net import: [sys_net::socketclose] -> 0xd001dc
·! LDR: **** sys_net import: [sys_net::gethostbyname] -> 0xd001fc
·! LDR: **** sys_net import: [sys_net::inet_ntoa] -> 0xd0021c
·! LDR: **** sys_net import: [sys_net::setsockopt] -> 0xd0023c
·! LDR: **** sys_net import: [sys_net::sendto] -> 0xd0025c
·! LDR: **** sys_net import: [sys_net::socket] -> 0xd0027c
·! LDR: **** sys_net import: [sys_net::shutdown] -> 0xd0029c
·! LDR: **** sys_net import: [sys_net::inet_aton] -> 0xd002bc
·! LDR: **** sys_net import: [sys_net::bind] -> 0xd002dc
·! LDR: **** sys_net import: [sys_net::sys_net_show_ifconfig] -> 0xd002fc
·! LDR: **** sys_net import: [sys_net::sys_net_finalize_network] -> 0xd0031c
·! LDR: **** sys_net import: [sys_net::accept] -> 0xd0033c
·! LDR: **** sys_net import: [sys_net::inet_addr] -> 0xd0035c
·! LDR: **** sys_net import: [sys_net::send] -> 0xd0037c
·! LDR: **** sys_net import: [sys_net::recv] -> 0xd0039c
·! LDR: **** sys_net import: [sys_net::sys_net_free_thread_context] -> 0xd003bc

·! LDR: ** Imported module 'sys_io' (0x0, 0x0)
·! LDR: **** sys_io import: [cellPadGetInfo] -> 0xd003dc
·! LDR: **** sys_io import: [cellPadGetCapabilityInfo] -> 0xd003fc
·! LDR: **** sys_io import: [cellPadSetActDirect] -> 0xd0041c
·! LDR: **** sys_io import: [cellPadInit] -> 0xd013dc
·! LDR: **** sys_io import: [cellKbGetConfiguration] -> 0xd013fc
·! LDR: **** sys_io import: [cellKbClearBuf] -> 0xd0141c
·! LDR: **** sys_io import: [cellKbGetInfo] -> 0xd0143c
·! LDR: **** sys_io import: [cellMouseGetData] -> 0xd0145c
·! LDR: **** sys_io import: [cellMouseClearBuf] -> 0xd0147c
·! LDR: **** sys_io import: [cellKbInit] -> 0xd0149c
·! LDR: **** sys_io import: [cellKbCnvRawCode] -> 0xd014bc
·! LDR: **** sys_io import: [cellPadEnd] -> 0xd014dc
·! LDR: **** sys_io import: [cellMouseGetInfo] -> 0xd014fc
·! LDR: **** sys_io import: [cellPadGetData] -> 0xd0151c
·! LDR: **** sys_io import: [cellKbSetCodeType] -> 0xd0153c
·! LDR: **** sys_io import: [cellPadSetSensorMode] -> 0xd0155c
·! LDR: **** sys_io import: [cellKbEnd] -> 0xd0157c
·! LDR: **** sys_io import: [cellMouseInit] -> 0xd0159c
·! LDR: **** sys_io import: [cellKbSetReadMode] -> 0xd015bc
·! LDR: **** sys_io import: [cellMouseEnd] -> 0xd015dc
·! LDR: **** sys_io import: [cellPadSetPressMode] -> 0xd015fc
·! LDR: **** sys_io import: [cellKbRead] -> 0xd0161c

·! LDR: ** Imported module 'cellAudio' (0x0, 0x0)
·! LDR: **** cellAudio import: [cellAudioInit] -> 0xd0043c
·! LDR: **** cellAudio import: [cellAudioSetNotifyEventQueue] -> 0xd0045c
·! LDR: **** cellAudio import: [cellAudioGetPortTimestamp] -> 0xd0047c
·! LDR: **** cellAudio import: [cellAudioPortClose] -> 0xd0049c
·! LDR: **** cellAudio import: [cellAudioPortStop] -> 0xd004bc
·! LDR: **** cellAudio import: [cellAudioGetPortConfig] -> 0xd004dc
·! LDR: **** cellAudio import: [cellAudioPortStart] -> 0xd004fc
·! LDR: **** cellAudio import: [cellAudioQuit] -> 0xd0051c
·! LDR: **** cellAudio import: [cellAudioPortOpen] -> 0xd0053c
·! LDR: **** cellAudio import: [cellAudioGetPortBlockTag] -> 0xd0055c
·! LDR: **** cellAudio import: [cellAudioRemoveNotifyEventQueue] -> 0xd0057c

·! LDR: ** Imported module 'cellSync' (0x0, 0x0)
·! LDR: **** cellSync import: [cellSyncMutexUnlock] -> 0xd0059c
·! LDR: **** cellSync import: [cellSyncMutexInitialize] -> 0xd005bc
·! LDR: **** cellSync import: [cellSyncMutexTryLock] -> 0xd005dc

·! LDR: ** Imported module 'cellGcmSys' (0x0, 0x0)
·! LDR: **** cellGcmSys import: [cellGcmGetLabelAddress] -> 0xd005fc
·! LDR: **** cellGcmSys import: [cellGcmSetUserHandler] -> 0xd0163c
·! LDR: **** cellGcmSys import: [cellGcmSetQueueHandler] -> 0xd0165c
·! LDR: **** cellGcmSys import: [_cellGcmInitBody] -> 0xd0167c
·! LDR: **** cellGcmSys import: [cellGcmAddressToOffset] -> 0xd0169c
·! LDR: **** cellGcmSys import: [cellGcmSortRemapEaIoAddress] -> 0xd016bc
·! LDR: **** cellGcmSys import: [cellGcmGetOffsetTable] -> 0xd016dc
·! LDR: **** cellGcmSys import: [_cellGcmFunc15] -> 0xd016fc
·! LDR: **** cellGcmSys import: [cellGcmBindTile] -> 0xd0171c
·! LDR: **** cellGcmSys import: [cellGcmSetFlipMode] -> 0xd0173c
·! LDR: **** cellGcmSys import: [cellGcmSetDebugOutputLevel] -> 0xd0175c
·! LDR: **** cellGcmSys import: [cellGcmBindZcull] -> 0xd0177c
·! LDR: **** cellGcmSys import: [cellGcmMapMainMemory] -> 0xd0179c
·! LDR: **** cellGcmSys import: [cellGcmSetFlipHandler] -> 0xd017bc
·! LDR: **** cellGcmSys import: [cellGcmSetDisplayBuffer] -> 0xd017dc
·! LDR: **** cellGcmSys import: [cellGcmGetControlRegister] -> 0xd017fc
·! LDR: **** cellGcmSys import: [cellGcmUnbindZcull] -> 0xd0181c
·! LDR: **** cellGcmSys import: [cellGcmSetVBlankHandler] -> 0xd0183c
·! LDR: **** cellGcmSys import: [cellGcmSetFlipImmediate] -> 0xd0185c
·! LDR: **** cellGcmSys import: [cellGcmSetTileInfo] -> 0xd0187c
·! LDR: **** cellGcmSys import: [cellGcmSetGraphicsHandler] -> 0xd0189c
·! LDR: **** cellGcmSys import: [cellGcmUnbindTile] -> 0xd018bc
·! LDR: **** cellGcmSys import: [cellGcmUnmapIoAddress] -> 0xd018dc
·! LDR: **** cellGcmSys import: [cellGcmGetConfiguration] -> 0xd018fc
·! LDR: **** cellGcmSys import: [_cellGcmSetFlipCommand] -> 0xd0199c

·! LDR: ** Imported module 'sys_fs' (0x0, 0x0)
·! LDR: **** sys_fs import: [cellFsRmdir] -> 0xd0061c
·! LDR: **** sys_fs import: [cellFsClose] -> 0xd0063c
·! LDR: **** sys_fs import: [cellFsOpendir] -> 0xd0065c
·! LDR: **** sys_fs import: [cellFsRead] -> 0xd0067c
·! LDR: **** sys_fs import: [cellFsReaddir] -> 0xd0069c
·! LDR: **** sys_fs import: [cellFsOpen] -> 0xd006bc
·! LDR: **** sys_fs import: [cellFsStat] -> 0xd006dc
·! LDR: **** sys_fs import: [cellFsUnlink] -> 0xd006fc
·! LDR: **** sys_fs import: [cellFsFsync] -> 0xd0071c
·! LDR: **** sys_fs import: [cellFsGetDirectoryEntries] -> 0xd0073c
·! LDR: **** sys_fs import: [cellFsLseek] -> 0xd0075c
·! LDR: **** sys_fs import: [cellFsMkdir] -> 0xd0077c
·! LDR: **** sys_fs import: [cellFsWrite] -> 0xd0079c
·! LDR: **** sys_fs import: [cellFsFstat] -> 0xd007bc
·! LDR: **** sys_fs import: [cellFsClosedir] -> 0xd007dc

·! LDR: ** Imported module 'cellSysmodule' (0x0, 0x0)
·! LDR: **** cellSysmodule import: [cellSysmoduleUnloadModule] -> 0xd007fc
·! LDR: **** cellSysmodule import: [cellSysmoduleLoadModule] -> 0xd0081c
·! LDR: **** cellSysmodule import: [cellSysmoduleIsLoaded] -> 0xd0083c
·! LDR: **** cellSysmodule import: [cellSysmoduleInitialize] -> 0xd0085c

·! LDR: ** Imported module 'cellPngDec' (0x0, 0x0)
·! LDR: **** cellPngDec import: [cellPngDecCreate] -> 0xd0087c
·! LDR: **** cellPngDec import: [cellPngDecDecodeData] -> 0xd0089c
·! LDR: **** cellPngDec import: [cellPngDecClose] -> 0xd008bc
·! LDR: **** cellPngDec import: [cellPngDecDestroy] -> 0xd008dc
·! LDR: **** cellPngDec import: [cellPngDecReadHeader] -> 0xd008fc
·! LDR: **** cellPngDec import: [cellPngDecOpen] -> 0xd0091c
·! LDR: **** cellPngDec import: [cellPngDecSetParameter] -> 0xd0093c

·! LDR: ** Imported module 'cellVoice' (0x0, 0x0)
·! LDR: **** cellVoice import: [cellVoiceStart] -> 0xd0095c
·! LDR: **** cellVoice import: [cellVoiceDisconnectIPortFromOPort] -> 0xd0097c
·! LDR: **** cellVoice import: [cellVoiceCreatePort] -> 0xd0099c
·! LDR: **** cellVoice import: [cellVoiceReadFromOPort] -> 0xd009bc
·! LDR: **** cellVoice import: [cellVoiceWriteToIPort] -> 0xd009dc
·! LDR: **** cellVoice import: [cellVoiceGetPortInfo] -> 0xd009fc
·! LDR: **** cellVoice import: [cellVoiceSetPortAttr] -> 0xd00a1c
·! LDR: **** cellVoice import: [cellVoiceDeletePort] -> 0xd00a3c
·! LDR: **** cellVoice import: [cellVoiceConnectIPortToOPort] -> 0xd00a5c
·! LDR: **** cellVoice import: [cellVoiceInit] -> 0xd00a7c
·! LDR: **** cellVoice import: [cellVoiceStop] -> 0xd00a9c
·! LDR: **** cellVoice import: [cellVoiceSetVolume] -> 0xd00abc
·! LDR: **** cellVoice import: [cellVoiceEnd] -> 0xd00adc
·! LDR: **** cellVoice import: [cellVoiceGetPortAttr] -> 0xd00afc

·! LDR: ** Imported module 'sysPrxForUser' (0x0, 0x0)
·! LDR: **** sysPrxForUser import: [sys_lwmutex_lock] -> 0xd00b1c
·! LDR: **** sysPrxForUser import: [sys_lwmutex_unlock] -> 0xd00b3c
·! LDR: **** sysPrxForUser import: [sys_lwcond_destroy] -> 0xd00b5c
·! LDR: **** sysPrxForUser import: [sys_ppu_thread_create] -> 0xd00b7c
·! LDR: **** sysPrxForUser import: [sys_lwcond_wait] -> 0xd00b9c
·! LDR: **** sysPrxForUser import: [_sys_process_atexitspawn] -> 0xd00bbc
·! LDR: **** sysPrxForUser import: [sys_lwmutex_create] -> 0xd00bdc
·! LDR: **** sysPrxForUser import: [sys_ppu_thread_get_id] -> 0xd00bfc
·! LDR: **** sysPrxForUser import: [_sys_heap_malloc] -> 0xd00c1c
·! LDR: **** sysPrxForUser import: [sys_prx_register_library] -> 0xd00c3c
·! LDR: **** sysPrxForUser import: [_sys_heap_memalign] -> 0xd00c5c
·! LDR: **** sysPrxForUser import: [sys_process_is_stack] -> 0xd00c7c
·! LDR: **** sysPrxForUser import: [sys_spinlock_unlock] -> 0xd00c9c
·! LDR: **** sysPrxForUser import: [sys_spinlock_trylock] -> 0xd00cbc
·! LDR: **** sysPrxForUser import: [sys_initialize_tls] -> 0xd00cdc
·! LDR: **** sysPrxForUser import: [sys_time_get_system_time] -> 0xd00cfc
·! LDR: **** sysPrxForUser import: [_sys_heap_free] -> 0xd00d1c
·! LDR: **** sysPrxForUser import: [sys_spinlock_initialize] -> 0xd00d3c
·! LDR: **** sysPrxForUser import: [_sys_process_at_Exitspawn] -> 0xd00d5c
·! LDR: **** sysPrxForUser import: [sys_spinlock_lock] -> 0xd00d7c
·! LDR: **** sysPrxForUser import: [sys_prx_exitspawn_with_level] -> 0xd00d9c
·! LDR: **** sysPrxForUser import: [sys_lwmutex_trylock] -> 0xd00dbc
·! LDR: **** sysPrxForUser import: [_sys_heap_delete_heap] -> 0xd00ddc
·! LDR: **** sysPrxForUser import: [sys_ppu_thread_exit] -> 0xd00dfc
·! LDR: **** sysPrxForUser import: [_sys_heap_create_heap] -> 0xd00e1c
·! LDR: **** sysPrxForUser import: [sys_lwmutex_destroy] -> 0xd00e3c
·! LDR: **** sysPrxForUser import: [sys_lwcond_create] -> 0xd00e5c
·! LDR: **** sysPrxForUser import: [sys_spu_image_close] -> 0xd00e7c
·! LDR: **** sysPrxForUser import: [sys_process_exit] -> 0xd00e9c
·! LDR: **** sysPrxForUser import: [sys_lwcond_signal_all] -> 0xd00ebc
·! LDR: **** sysPrxForUser import: [sys_lwcond_signal] -> 0xd00edc

·! LDR: ** Imported module 'cellSpurs' (0x0, 0x0)
·! LDR: **** cellSpurs import: [_cellSpursLFQueueInitialize] -> 0xd00efc
·! LDR: **** cellSpurs import: [cellSpursAttributeSetNamePrefix] -> 0xd00f1c
·! LDR: **** cellSpurs import: [_cellSpursTasksetAttributeInitialize] -> 0xd00f3c
·! LDR: **** cellSpurs import: [cellSpursLFQueueAttachLv2EventQueue] -> 0xd00f5c
·! LDR: **** cellSpurs import: [cellSpursRequestIdleSpu] -> 0xd00f7c
·! LDR: **** cellSpurs import: [cellSpursCreateTaskWithAttribute] -> 0xd00f9c
·! LDR: **** cellSpurs import: [cellSpursGetInfo] -> 0xd00fbc
·! LDR: **** cellSpurs import: [cellSpursEventFlagDetachLv2EventQueue] -> 0xd00fdc
·! LDR: **** cellSpurs import: [cellSpursEventFlagWait] -> 0xd00ffc
·! LDR: **** cellSpurs import: [cellSpursWorkloadAttributeSetName] -> 0xd0101c
·! LDR: **** cellSpurs import: [cellSpursEventFlagClear] -> 0xd0103c
·! LDR: **** cellSpurs import: [cellSpursGetWorkloadInfo] -> 0xd0105c
·! LDR: **** cellSpurs import: [cellSpursDetachLv2EventQueue] -> 0xd0107c
·! LDR: **** cellSpurs import: [cellSpursCreateTaskset] -> 0xd0109c
·! LDR: **** cellSpurs import: [cellSpursRemoveWorkload] -> 0xd010bc
·! LDR: **** cellSpurs import: [_cellSpursEventFlagInitialize] -> 0xd010dc
·! LDR: **** cellSpurs import: [cellSpursWaitForWorkloadShutdown] -> 0xd010fc
·! LDR: **** cellSpurs import: [cellSpursTasksetAttributeSetName] -> 0xd0111c
·! LDR: **** cellSpurs import: [cellSpursLFQueueDetachLv2EventQueue] -> 0xd0113c
·! LDR: **** cellSpurs import: [cellSpursSetPriorities] -> 0xd0115c
·! LDR: **** cellSpurs import: [cellSpursEventFlagAttachLv2EventQueue] -> 0xd0117c
·! LDR: **** cellSpurs import: [_cellSpursLFQueuePushBody] -> 0xd0119c
·! LDR: **** cellSpurs import: [_cellSpursAttributeInitialize] -> 0xd011bc
·! LDR: **** cellSpurs import: [cellSpursShutdownWorkload] -> 0xd011dc
·! LDR: **** cellSpurs import: [cellSpursJoinTaskset] -> 0xd011fc
·! LDR: **** cellSpurs import: [cellSpursShutdownTaskset] -> 0xd0121c
·! LDR: **** cellSpurs import: [cellSpursAttributeSetSpuThreadGroupType] -> 0xd0123c
·! LDR: **** cellSpurs import: [cellSpursInitializeWithAttribute] -> 0xd0125c
·! LDR: **** cellSpurs import: [_cellSpursTaskAttributeInitialize] -> 0xd0127c
·! LDR: **** cellSpurs import: [cellSpursAttachLv2EventQueue] -> 0xd0129c
·! LDR: **** cellSpurs import: [cellSpursCreateTask] -> 0xd012bc
·! LDR: **** cellSpurs import: [cellSpursAddWorkloadWithAttribute] -> 0xd012dc
·! LDR: **** cellSpurs import: [cellSpursCreateTasksetWithAttribute] -> 0xd012fc
·! LDR: **** cellSpurs import: [cellSpursFinalize] -> 0xd0131c
·! LDR: **** cellSpurs import: [cellSpursSetExceptionEventHandler] -> 0xd0133c
·! LDR: **** cellSpurs import: [_cellSpursSendSignal] -> 0xd0135c
·! LDR: **** cellSpurs import: [_cellSpursWorkloadAttributeInitialize] -> 0xd0137c
·! LDR: **** cellSpurs import: [cellSpursEventFlagSet] -> 0xd0139c
·! LDR: **** cellSpurs import: [cellSpursReadyCountStore] -> 0xd013bc

·! LDR: ** Imported module 'cellKey2char' (0x0, 0x0)
·! LDR: **** cellKey2char import: [cellKey2CharClose] -> 0xd0191c
·! LDR: **** cellKey2char import: [cellKey2CharGetChar] -> 0xd0193c
·! LDR: **** cellKey2char import: [cellKey2CharOpen] -> 0xd0195c
·! LDR: **** cellKey2char import: [cellKey2CharSetMode] -> 0xd0197c
