LDR: ! Imported function 'cellSysmoduleUnloadModule' in 'cellSysmodule' module (0x67805c)
LDR: ! Imported function 'cellSysmoduleLoadModule' in 'cellSysmodule' module (0x678094)
LDR: ! Imported function 'cellSysmoduleIsLoaded' in 'cellSysmodule' module (0x6780cc)
LDR: ! Imported function 'cellSysmoduleInitialize' in 'cellSysmodule' module (0x67bc14)
LDR: ! Imported function 'cellSysmoduleFinalize' in 'cellSysmodule' module (0x67bc4c)

LDR: ! Imported function 'cellUsbdInit' in 'cellUsbd' module (0x678104)
LDR: ! Imported function 'cellUsbdInterruptTransfer' in 'cellUsbd' module (0x67c384)
LDR: ! Imported function 'cellUsbdOpenPipe' in 'cellUsbd' module (0x67c3bc)
LDR: ! Imported function 'cellUsbdScanStaticDescriptor' in 'cellUsbd' module (0x67c3f4)
LDR: ! Imported function 'cellUsbdGetPrivateData' in 'cellUsbd' module (0x67c42c)
LDR: ! Imported function 'cellUsbdSetPrivateData' in 'cellUsbd' module (0x67c464)
LDR: ! Imported function 'cellUsbdUnregisterExtraLdd' in 'cellUsbd' module (0x67c49c)
LDR: ! Imported function 'cellUsbdClosePipe' in 'cellUsbd' module (0x67c4d4)
LDR: ! Imported function 'cellUsbdControlTransfer' in 'cellUsbd' module (0x67c50c)
LDR: ! Imported function 'cellUsbdRegisterExtraLdd2' in 'cellUsbd' module (0x67c544)
LDR: ! Imported function 'cellUsbdGetDeviceLocation' in 'cellUsbd' module (0x67c57c)

LDR: ! Imported function 'cellPadClearBuf' in 'sys_io' module (0x67813c)
LDR: ! Imported function 'cellPadInit' in 'sys_io' module (0x678174)
LDR: ! Imported function 'cellPadEnd' in 'sys_io' module (0x6781ac)
LDR: ! Imported function 'cellPadSetPortSetting' in 'sys_io' module (0x6781e4)
LDR: ! Imported function 'cellPadGetData' in 'sys_io' module (0x67821c)
LDR: ! Imported function 'cellPadGetInfo2' in 'sys_io' module (0x678254)
LDR: ! Imported function 'cellPadSetActDirect' in 'sys_io' module (0x67828c)
LDR: ! Imported function 'cellPadLddRegisterController' in 'sys_io' module (0x67c5b4)
LDR: ! Imported function 'cellPadLddGetPortNo' in 'sys_io' module (0x67c5ec)
LDR: ! Imported function 'cellPadLddDataInsert' in 'sys_io' module (0x67c624)
LDR: ! Imported function 'cellPadLddUnregisterController' in 'sys_io' module (0x67c65c)

LDR: ! Imported function 'cellFsClose' in 'sys_fs' module (0x6782c4)
LDR: ! Imported function 'cellFsOpendir' in 'sys_fs' module (0x6782fc)
LDR: ! Imported function 'cellFsRead' in 'sys_fs' module (0x678334)
LDR: ! Imported function 'cellFsOpen' in 'sys_fs' module (0x67836c)
LDR: ! Imported function 'cellFsStat' in 'sys_fs' module (0x6783a4)
LDR: ! Imported function 'cellFsUnlink' in 'sys_fs' module (0x6783dc)
LDR: ! Imported function 'cellFsGetDirectoryEntries' in 'sys_fs' module (0x678414)
LDR: ! Imported function 'cellFsLseek' in 'sys_fs' module (0x67844c)
LDR: ! Imported function 'cellFsGetFreeSize' in 'sys_fs' module (0x678484)
LDR: ! Imported function 'cellFsWrite' in 'sys_fs' module (0x6784bc)
LDR: ! Imported function 'cellFsRename' in 'sys_fs' module (0x6784f4)
LDR: ! Imported function 'cellFsClosedir' in 'sys_fs' module (0x67852c)
LDR: ! Imported function 'cellFsReaddir' in 'sys_fs' module (0x67bc84)
LDR: ! Imported function 'cellFsRmdir' in 'sys_fs' module (0x67dcac)
LDR: ! Imported function 'cellFsSdataOpenByFd' in 'sys_fs' module (0x67dce4)
LDR: ! Imported function 'cellFsFsync' in 'sys_fs' module (0x67dd1c)
LDR: ! Imported function 'cellFsSdataOpen' in 'sys_fs' module (0x67dd54)
LDR: ! Imported function 'cellFsMkdir' in 'sys_fs' module (0x67dd8c)
LDR: ! Imported function 'cellFsFstat' in 'sys_fs' module (0x67ddc4)

LDR: ! Imported function 'sceNpBasicSendMessageGui' in 'sceNp' module (0x678564)
LDR: ! Imported function 'sceNpBasicGetFriendListEntry' in 'sceNp' module (0x67859c)
LDR: ! Imported function 'sceNpScoreGetRankingByNpId' in 'sceNp' module (0x6785d4)
LDR: ! Imported function 'sceNpScoreRecordScore' in 'sceNp' module (0x67860c)
LDR: ! Imported function 'sceNpScoreDestroyTitleCtx' in 'sceNp' module (0x678644)
LDR: ! Imported function 'sceNpBasicAddFriend' in 'sceNp' module (0x67867c)
LDR: ! Imported function 'sceNpLookupUserProfileWithAvatarSize' in 'sceNp' module (0x6786b4)
LDR: ! Imported function 'sceNpScoreInit' in 'sceNp' module (0x6786ec)
LDR: ! Imported function 'sceNpBasicSetPresence' in 'sceNp' module (0x678724)
LDR: ! Imported function 'sceNpBasicRegisterContextSensitiveHandler' in 'sceNp' module (0x67875c)
LDR: ! Imported function 'sceNpTerm' in 'sceNp' module (0x678794)
LDR: ! Imported function 'sceNpManagerUnregisterCallback' in 'sceNp' module (0x6787cc)
LDR: ! Imported function 'sceNpLookupInit' in 'sceNp' module (0x678804)
LDR: ! Imported function 'sceNpBasicRecvMessageAttachmentLoad' in 'sceNp' module (0x67883c)
LDR: ! Imported function 'sceNpManagerGetContentRatingFlag' in 'sceNp' module (0x678874)
LDR: ! Imported function 'sceNpScoreCreateTransactionCtx' in 'sceNp' module (0x6788ac)
LDR: ! Imported function 'sceNpBasicRecvMessageCustom' in 'sceNp' module (0x6788e4)
LDR: ! Imported function 'sceNpLookupTerm' in 'sceNp' module (0x67891c)
LDR: ! Imported function 'sceNpScoreTerm' in 'sceNp' module (0x678954)
LDR: ! Imported function 'sceNpManagerGetStatus' in 'sceNp' module (0x67898c)
LDR: ! Imported function 'sceNpBasicUnregisterHandler' in 'sceNp' module (0x6789c4)
LDR: ! Imported function 'sceNpDrmIsAvailable' in 'sceNp' module (0x6789fc)
LDR: ! Imported function 'sceNpBasicGetFriendListEntryCount' in 'sceNp' module (0x678a34)
LDR: ! Imported function 'sceNpManagerGetAccountRegion' in 'sceNp' module (0x678a6c)
LDR: ! Imported function 'sceNpScoreCreateTitleCtx' in 'sceNp' module (0x678aa4)
LDR: ! Imported function 'sceNpScoreDestroyTransactionCtx' in 'sceNp' module (0x678adc)
LDR: ! Imported function 'sceNpLookupTitleSmallStorage' in 'sceNp' module (0x678b14)
LDR: ! Imported function 'sceNpLookupCreateTitleCtx' in 'sceNp' module (0x678b4c)
LDR: ! Imported function 'sceNpUtilCmpNpId' in 'sceNp' module (0x678b84)
LDR: ! Imported function 'sceNpBasicGetEvent' in 'sceNp' module (0x678bbc)
LDR: ! Imported function 'sceNpDrmProcessExitSpawn2' in 'sceNp' module (0x678bf4)
LDR: ! Imported function 'sceNpManagerRegisterCallback' in 'sceNp' module (0x678c2c)
LDR: ! Imported function 'sceNpLookupCreateTransactionCtx' in 'sceNp' module (0x678c64)
LDR: ! Imported function 'sceNpManagerGetChatRestrictionFlag' in 'sceNp' module (0x678c9c)
LDR: ! Imported function 'sceNpBasicGetMessageEntryCount' in 'sceNp' module (0x678cd4)
LDR: ! Imported function 'sceNpManagerGetOnlineName' in 'sceNp' module (0x678d0c)
LDR: ! Imported function 'sceNpLookupDestroyTransactionCtx' in 'sceNp' module (0x678d44)
LDR: ! Imported function 'sceNpScoreGetRankingByRange' in 'sceNp' module (0x678d7c)
LDR: ! Imported function 'sceNpBasicGetFriendPresenceByNpId' in 'sceNp' module (0x678db4)
LDR: ! Imported function 'sceNpManagerGetNpId' in 'sceNp' module (0x678dec)
LDR: ! Imported function 'sceNpDrmIsAvailable2' in 'sceNp' module (0x67dff4)

LDR: ! Imported function 'sceNp2Init' in 'sceNp2' module (0x678e24)

cellSpurs = V

LDR: ! Imported function 'cellHttpCreateTransaction' in 'cellHttp' module (0x67916c)
LDR: ! Imported function 'cellHttpResponseGetStatusCode' in 'cellHttp' module (0x6791a4)
LDR: ! Imported function 'cellHttpClientSetAutoRedirect' in 'cellHttp' module (0x6791dc)
LDR: ! Imported function 'cellHttpInit' in 'cellHttp' module (0x679214)
LDR: ! Imported function 'cellHttpClientSetPipeline' in 'cellHttp' module (0x67924c)
LDR: ! Imported function 'cellHttpDestroyTransaction' in 'cellHttp' module (0x679284)
LDR: ! Imported function 'cellHttpResponseGetContentLength' in 'cellHttp' module (0x6792bc)
LDR: ! Imported function 'cellHttpCreateClient' in 'cellHttp' module (0x6792f4)
LDR: ! Imported function 'cellHttpResponseGetHeader' in 'cellHttp' module (0x67932c)
LDR: ! Imported function 'cellHttpsInit' in 'cellHttp' module (0x679364)
LDR: ! Imported function 'cellHttpRequestSetHeader' in 'cellHttp' module (0x67939c)
LDR: ! Imported function 'cellHttpEndCookie' in 'cellHttp' module (0x6793d4)
LDR: ! Imported function 'cellHttpRecvResponse' in 'cellHttp' module (0x67940c)
LDR: ! Imported function 'cellHttpClientSetAuthenticationCallback' in 'cellHttp' module (0x679444)
LDR: ! Imported function 'cellHttpClientSetAutoAuthentication' in 'cellHttp' module (0x67947c)
LDR: ! Imported function 'cellHttpInitCookie' in 'cellHttp' module (0x6794b4)
LDR: ! Imported function 'cellHttpSendRequest' in 'cellHttp' module (0x6794ec)
LDR: ! Imported function 'cellHttpRequestSetContentLength' in 'cellHttp' module (0x679524)
LDR: ! Imported function 'cellHttpClientSetTransactionStateCallback' in 'cellHttp' module (0x67955c)
LDR: ! Imported function 'cellHttpEnd' in 'cellHttp' module (0x679594)
LDR: ! Imported function 'cellHttpsEnd' in 'cellHttp' module (0x6795cc)

LDR: ! Imported function 'cellRtcSetTick' in 'cellRtc' module (0x679604)
LDR: ! Imported function 'cellRtcGetCurrentTick' in 'cellRtc' module (0x67963c)

LDR: ! Imported function 'cellSysutilUnregisterCallback' in 'cellSysutil' module (0x679674)
LDR: ! Imported function 'cellVideoOutConfigure' in 'cellSysutil' module (0x6796ac)
LDR: ! Imported function 'cellSysutilCheckCallback' in 'cellSysutil' module (0x6796e4)
LDR: ! Imported function 'cellVideoOutGetDeviceInfo' in 'cellSysutil' module (0x67971c)
LDR: ! Imported function 'cellMsgDialogClose' in 'cellSysutil' module (0x679754)
LDR: ! Imported function 'cellSysutilEnableBgmPlayback' in 'cellSysutil' module (0x67978c)
LDR: ! Imported function 'cellOskDialogUnloadAsync' in 'cellSysutil' module (0x6797c4)
LDR: ! Imported function 'cellSysutilGetSystemParamInt' in 'cellSysutil' module (0x6797fc)
LDR: ! Imported function 'cellOskDialogDisableDimmer' in 'cellSysutil' module (0x679834)
LDR: ! Imported function 'cellAudioOutConfigure' in 'cellSysutil' module (0x67986c)
LDR: ! Imported function 'cellSaveDataUserAutoSave' in 'cellSysutil' module (0x6798a4)
LDR: ! Imported function 'cellMsgDialogAbort' in 'cellSysutil' module (0x6798dc)
LDR: ! Imported function 'cellSysutilGetBgmPlaybackStatus2' in 'cellSysutil' module (0x679914)
LDR: ! Imported function 'cellVideoOutGetNumberOfDevice' in 'cellSysutil' module (0x67994c)
LDR: ! Imported function 'cellMsgDialogOpen2' in 'cellSysutil' module (0x679984)
LDR: ! Imported function 'cellAudioOutGetDeviceInfo' in 'cellSysutil' module (0x6799bc)
LDR: ! Imported function 'cellOskDialogLoadAsync' in 'cellSysutil' module (0x6799f4)
LDR: ! Imported function 'cellVideoOutGetState' in 'cellSysutil' module (0x679a2c)
LDR: ! Imported function 'cellSysutilRegisterCallback' in 'cellSysutil' module (0x679a64)
LDR: ! Imported function 'cellVideoOutGetResolutionAvailability' in 'cellSysutil' module (0x679a9c)
LDR: ! Imported function 'cellOskDialogSetKeyLayoutOption' in 'cellSysutil' module (0x679ad4)
LDR: ! Imported function 'cellOskDialogAbort' in 'cellSysutil' module (0x679b0c)
LDR: ! Imported function 'cellAudioOutGetSoundAvailability' in 'cellSysutil' module (0x679b44)
LDR: ! Imported function 'cellOskDialogSetInitialKeyLayout' in 'cellSysutil' module (0x679b7c)
LDR: ! Imported function 'cellSaveDataUserAutoLoad' in 'cellSysutil' module (0x679bb4)
LDR: ! Imported function 'cellVideoOutGetResolution' in 'cellSysutil' module (0x679bec)
LDR: ! Imported function 'cellAudioOutGetNumberOfDevice' in 'cellSysutil' module (0x679c24)
LDR: ! Imported function 'cellSaveDataDelete2' in 'cellSysutil' module (0x679c5c)
LDR: ! Imported function 'cellSysutilSetBgmPlaybackExtraParam' in 'cellSysutil' module (0x679c94)
LDR: ! Imported function 'cellAudioOutGetState' in 'cellSysutil' module (0x679ccc)
LDR: ! Imported function 'cellAudioOutGetConfiguration' in 'cellSysutil' module (0x67d1bc)

LDR: ! Imported function 'cellUserInfoGetStat' in 'cellUserInfo' module (0x679d04)
LDR: ! Imported function 'cellUserInfoGetList' in 'cellUserInfo' module (0x679d3c)

LDR: ! Imported function 'cellFontInitLibraryFreeTypeWithRevision' in 'cellFontFT' module (0x679d74)

LDR: ! Imported function 'cellFontCreateRenderer' in 'cellFont' module (0x679dac)
LDR: ! Imported function 'cellFontGetKerning' in 'cellFont' module (0x679de4)
LDR: ! Imported function 'cellFontOpenFontFile' in 'cellFont' module (0x679e1c)
LDR: ! Imported function 'cellFontGetHorizontalLayout' in 'cellFont' module (0x679e54)
LDR: ! Imported function 'cellFontDestroyRenderer' in 'cellFont' module (0x679e8c)
LDR: ! Imported function 'cellFontSetScalePixel' in 'cellFont' module (0x679ec4)
LDR: ! Imported function 'cellFontEndLibrary' in 'cellFont' module (0x679efc)
LDR: ! Imported function 'cellFontSetupRenderScalePoint' in 'cellFont' module (0x679f34)
LDR: ! Imported function 'cellFontBindRenderer' in 'cellFont' module (0x679f6c)
LDR: ! Imported function 'cellFontEnd' in 'cellFont' module (0x679fa4)
LDR: ! Imported function 'cellFontRenderCharGlyphImage' in 'cellFont' module (0x679fdc)
LDR: ! Imported function 'cellFontRenderSurfaceInit' in 'cellFont' module (0x67a014)
LDR: ! Imported function 'cellFontCloseFont' in 'cellFont' module (0x67a04c)
LDR: ! Imported function 'cellFontRenderSurfaceSetScissor' in 'cellFont' module (0x67a084)
LDR: ! Imported function 'cellFontGetCharGlyphMetrics' in 'cellFont' module (0x67a0bc)
LDR: ! Imported function 'cellFontInitializeWithRevision' in 'cellFont' module (0x67a0f4)
LDR: ! Imported function 'cellFontUnbindRenderer' in 'cellFont' module (0x67a12c)

LDR: ! Imported function 'cellSslEnd' in 'cellSsl' module (0x67a164)
LDR: ! Imported function 'cellSslCertificateLoader' in 'cellSsl' module (0x67a19c)
LDR: ! Imported function 'cellSslInit' in 'cellSsl' module (0x67a1d4)

LDR: ! Imported function 'cellPngDecCreate' in 'cellPngDec' module (0x67a20c)
LDR: ! Imported function 'cellPngDecDecodeData' in 'cellPngDec' module (0x67a244)
LDR: ! Imported function 'cellPngDecClose' in 'cellPngDec' module (0x67a27c)
LDR: ! Imported function 'cellPngDecDestroy' in 'cellPngDec' module (0x67a2b4)
LDR: ! Imported function 'cellPngDecReadHeader' in 'cellPngDec' module (0x67a2ec)
LDR: ! Imported function 'cellPngDecOpen' in 'cellPngDec' module (0x67a324)
LDR: ! Imported function 'cellPngDecSetParameter' in 'cellPngDec' module (0x67a35c)

LDR: ! Imported function '_cellGcmInitBody' in 'cellGcmSys' module (0x67a394)
LDR: ! Imported function '_cellGcmFunc15' in 'cellGcmSys' module (0x67a3cc)
LDR: ! Imported function 'cellGcmSetFlipMode' in 'cellGcmSys' module (0x67a404)
LDR: ! Imported function 'cellGcmSetFlipImmediate' in 'cellGcmSys' module (0x67a43c)
LDR: ! Imported function 'cellGcmSetUserHandler' in 'cellGcmSys' module (0x67d53c)
LDR: ! Imported function 'cellGcmSetQueueHandler' in 'cellGcmSys' module (0x67d574)
LDR: ! Imported function 'cellGcmSetPrepareFlip' in 'cellGcmSys' module (0x67d5ac)
LDR: ! Imported function 'cellGcmDumpGraphicsError' in 'cellGcmSys' module (0x67d5e4)
LDR: ! Imported function '_cellGcmSetFlipCommand' in 'cellGcmSys' module (0x67d61c)
LDR: ! Imported function 'cellGcmSortRemapEaIoAddress' in 'cellGcmSys' module (0x67d654)
LDR: ! Imported function 'cellGcmGetOffsetTable' in 'cellGcmSys' module (0x67d68c)
LDR: ! Imported function 'cellGcmBindTile' in 'cellGcmSys' module (0x67d6c4)
LDR: ! Imported function 'cellGcmSetDebugOutputLevel' in 'cellGcmSys' module (0x67d6fc)
LDR: ! Imported function 'cellGcmMapEaIoAddressWithFlags' in 'cellGcmSys' module (0x67d734)
LDR: ! Imported function 'cellGcmBindZcull' in 'cellGcmSys' module (0x67d76c)
LDR: ! Imported function 'cellGcmMapMainMemory' in 'cellGcmSys' module (0x67d7a4)
LDR: ! Imported function 'cellGcmSetFlipHandler' in 'cellGcmSys' module (0x67d7dc)
LDR: ! Imported function 'cellGcmSetDisplayBuffer' in 'cellGcmSys' module (0x67d814)
LDR: ! Imported function 'cellGcmGetControlRegister' in 'cellGcmSys' module (0x67d84c)
LDR: ! Imported function 'cellGcmUnbindZcull' in 'cellGcmSys' module (0x67d884)
LDR: ! Imported function 'cellGcmSetVBlankHandler' in 'cellGcmSys' module (0x67d8bc)
LDR: ! Imported function 'cellGcmResetFlipStatus' in 'cellGcmSys' module (0x67d8f4)
LDR: ! Imported function 'cellGcmSetTileInfo' in 'cellGcmSys' module (0x67d92c)
LDR: ! Imported function 'cellGcmSetGraphicsHandler' in 'cellGcmSys' module (0x67d964)
LDR: ! Imported function '_cellGcmSetFlipCommandWithWaitLabel' in 'cellGcmSys' module (0x67d99c)
LDR: ! Imported function 'cellGcmUnbindTile' in 'cellGcmSys' module (0x67d9d4)
LDR: ! Imported function 'cellGcmUnmapIoAddress' in 'cellGcmSys' module (0x67da0c)
LDR: ! Imported function 'cellGcmGetConfiguration' in 'cellGcmSys' module (0x67da44)
LDR: ! Imported function 'cellGcmGetLabelAddress' in 'cellGcmSys' module (0x67da7c)

LDR: ! Imported function 'cellAudioInit' in 'cellAudio' module (0x67a474)
LDR: ! Imported function 'cellAudioPortClose' in 'cellAudio' module (0x67a4ac)
LDR: ! Imported function 'cellAudioPortStop' in 'cellAudio' module (0x67a4e4)
LDR: ! Imported function 'cellAudioGetPortConfig' in 'cellAudio' module (0x67a51c)
LDR: ! Imported function 'cellAudioPortStart' in 'cellAudio' module (0x67a554)
LDR: ! Imported function 'cellAudioQuit' in 'cellAudio' module (0x67a58c)
LDR: ! Imported function 'cellAudioPortOpen' in 'cellAudio' module (0x67a5c4)
LDR: ! Imported function 'cellAudioSetNotifyEventQueue' in 'cellAudio' module (0x67dab4)
LDR: ! Imported function 'cellAudioGetPortTimestamp' in 'cellAudio' module (0x67daec)
LDR: ! Imported function 'cellAudioGetPortBlockTag' in 'cellAudio' module (0x67db24)
LDR: ! Imported function 'cellAudioRemoveNotifyEventQueue' in 'cellAudio' module (0x67db5c)

LDR: ! Imported function 'sceNpTrophyRegisterContext' in 'sceNpTrophy' module (0x67a5fc)
LDR: ! Imported function 'sceNpTrophyCreateHandle' in 'sceNpTrophy' module (0x67a634)
LDR: ! Imported function 'sceNpTrophyGetRequiredDiskSpace' in 'sceNpTrophy' module (0x67a66c)
LDR: ! Imported function 'sceNpTrophyDestroyContext' in 'sceNpTrophy' module (0x67a6a4)
LDR: ! Imported function 'sceNpTrophyInit' in 'sceNpTrophy' module (0x67a6dc)
LDR: ! Imported function 'sceNpTrophyDestroyHandle' in 'sceNpTrophy' module (0x67a714)
LDR: ! Imported function 'sceNpTrophyUnlockTrophy' in 'sceNpTrophy' module (0x67a74c)
LDR: ! Imported function 'sceNpTrophyTerm' in 'sceNpTrophy' module (0x67a784)
LDR: ! Imported function 'sceNpTrophyGetTrophyUnlockState' in 'sceNpTrophy' module (0x67a7bc)
LDR: ! Imported function 'sceNpTrophyCreateContext' in 'sceNpTrophy' module (0x67a7f4)

LDR: ! Imported function 'cellGameGetHomeDataExportPath' in 'cellGameExec' module (0x67a82c)

LDR: ! Imported function 'cellNetCtlNetStartDialogLoadAsync' in 'cellNetCtl' module (0x67a864)
LDR: ! Imported function 'cellNetCtlAddHandler' in 'cellNetCtl' module (0x67a89c)
LDR: ! Imported function 'cellNetCtlNetStartDialogUnloadAsync' in 'cellNetCtl' module (0x67a8d4)
LDR: ! Imported function 'cellNetCtlTerm' in 'cellNetCtl' module (0x67a90c)
LDR: ! Imported function 'cellNetCtlGetInfo' in 'cellNetCtl' module (0x67a944)
LDR: ! Imported function 'cellNetCtlNetStartDialogAbortAsync' in 'cellNetCtl' module (0x67a97c)
LDR: ! Imported function 'cellNetCtlGetState' in 'cellNetCtl' module (0x67a9b4)
LDR: ! Imported function 'cellNetCtlDelHandler' in 'cellNetCtl' module (0x67a9ec)
LDR: ! Imported function 'cellNetCtlInit' in 'cellNetCtl' module (0x67aa24)

LDR: ! Imported function 'sys_net_initialize_network_ex' in 'sys_net' module (0x67aa5c)
LDR: ! Imported function '_sys_net_errno_loc' in 'sys_net' module (0x67aa94)
LDR: ! Imported function 'connect' in 'sys_net' module (0x67aacc)
LDR: ! Imported function 'socketclose' in 'sys_net' module (0x67ab04)
LDR: ! Imported function 'inet_ntoa' in 'sys_net' module (0x67ab3c)
LDR: ! Imported function 'setsockopt' in 'sys_net' module (0x67ab74)
LDR: ! Imported function 'socket' in 'sys_net' module (0x67abac)
LDR: ! Imported function 'shutdown' in 'sys_net' module (0x67abe4)
LDR: ! Imported function 'sys_net_finalize_network' in 'sys_net' module (0x67ac1c)
LDR: ! Imported function 'inet_addr' in 'sys_net' module (0x67ac54)
LDR: ! Imported function 'send' in 'sys_net' module (0x67ac8c)
LDR: ! Imported function 'recv' in 'sys_net' module (0x67acc4)
LDR: ! Imported function 'listen' in 'sys_net' module (0x67db94)
LDR: ! Imported function 'socketselect' in 'sys_net' module (0x67dbcc)
LDR: ! Imported function 'bind' in 'sys_net' module (0x67dc04)
LDR: ! Imported function 'sys_net_show_ifconfig' in 'sys_net' module (0x67dc3c)
LDR: ! Imported function 'accept' in 'sys_net' module (0x67dc74)

LDR: ! Imported function 'UTF16stoUTF8s' in 'cellL10n' module (0x67acfc)
LDR: ! Imported function 'UTF8stoUTF16s' in 'cellL10n' module (0x67ad34)

LDR: ! Imported function 'cellHttpUtilParseUri' in 'cellHttpUtil' module (0x67ad6c)

LDR: ! Imported function 'cellGameGetParamString' in 'cellGame' module (0x67ada4)
LDR: ! Imported function 'cellGameCreateGameData' in 'cellGame' module (0x67addc)
LDR: ! Imported function 'cellGameContentPermit' in 'cellGame' module (0x67ae14)
LDR: ! Imported function 'cellGameContentErrorDialog' in 'cellGame' module (0x67ae4c)
LDR: ! Imported function 'cellGameGetParamInt' in 'cellGame' module (0x67ae84)
LDR: ! Imported function 'cellGameDataCheck' in 'cellGame' module (0x67aebc)
LDR: ! Imported function 'cellGameBootCheck' in 'cellGame' module (0x67aef4)

LDR: ! Imported function 'cellVideoOutGetScreenSize' in 'cellSysutilAvconfExt' module (0x67af2c)

LDR: ! Imported function 'sceNpCommerce2DestroyReq' in 'sceNpCommerce2' module (0x67af64)
LDR: ! Imported function 'sceNpCommerce2Init' in 'sceNpCommerce2' module (0x67af9c)
LDR: ! Imported function 'sceNpCommerce2GetCategoryContentsStart' in 'sceNpCommerce2' module (0x67afd4)
LDR: ! Imported function 'sceNpCommerce2DoDlListFinishAsync' in 'sceNpCommerce2' module (0x67b00c)
LDR: ! Imported function 'sceNpCommerce2Term' in 'sceNpCommerce2' module (0x67b044)
LDR: ! Imported function 'sceNpCommerce2DoDlListStartAsync' in 'sceNpCommerce2' module (0x67b07c)
LDR: ! Imported function 'sceNpCommerce2DestroyCtx' in 'sceNpCommerce2' module (0x67b0b4)
LDR: ! Imported function 'sceNpCommerce2GetCategoryContentsCreateReq' in 'sceNpCommerce2' module (0x67b0ec)
LDR: ! Imported function 'sceNpCommerce2AbortReq' in 'sceNpCommerce2' module (0x67b124)
LDR: ! Imported function 'sceNpCommerce2GetProductInfoStart' in 'sceNpCommerce2' module (0x67b15c)
LDR: ! Imported function 'sceNpCommerce2CreateSessionFinish' in 'sceNpCommerce2' module (0x67b194)
LDR: ! Imported function 'sceNpCommerce2GetContentInfo' in 'sceNpCommerce2' module (0x67b1cc)
LDR: ! Imported function 'sceNpCommerce2DoProductBrowseStartAsync' in 'sceNpCommerce2' module (0x67b204)
LDR: ! Imported function 'sceNpCommerce2SetBGDLAvailability' in 'sceNpCommerce2' module (0x67b23c)
LDR: ! Imported function 'sceNpCommerce2GetProductInfoCreateReq' in 'sceNpCommerce2' module (0x67b274)
LDR: ! Imported function 'sceNpCommerce2DoProductBrowseFinishAsync' in 'sceNpCommerce2' module (0x67b2ac)
LDR: ! Imported function 'sceNpCommerce2GetCategoryInfo' in 'sceNpCommerce2' module (0x67b2e4)
LDR: ! Imported function 'sceNpCommerce2GetProductInfoGetResult' in 'sceNpCommerce2' module (0x67b31c)
LDR: ! Imported function 'sceNpCommerce2GetCategoryContentsGetResult' in 'sceNpCommerce2' module (0x67b354)
LDR: ! Imported function 'sceNpCommerce2CreateSessionStart' in 'sceNpCommerce2' module (0x67b38c)
LDR: ! Imported function 'sceNpCommerce2InitGetCategoryContentsResult' in 'sceNpCommerce2' module (0x67b3c4)
LDR: ! Imported function 'sceNpCommerce2CreateCtx' in 'sceNpCommerce2' module (0x67b3fc)
LDR: ! Imported function 'sceNpCommerce2GetPrice' in 'sceNpCommerce2' module (0x67b434)
LDR: ! Imported function 'sceNpCommerce2GetGameSkuInfoFromGameProductInfo' in 'sceNpCommerce2' module (0x67b46c)
LDR: ! Imported function 'sceNpCommerce2GetGameProductInfoFromContentInfo' in 'sceNpCommerce2' module (0x67b4a4)
LDR: ! Imported function 'sceNpCommerce2GetGameProductInfo' in 'sceNpCommerce2' module (0x67b4dc)
LDR: ! Imported function 'sceNpCommerce2InitGetProductInfoResult' in 'sceNpCommerce2' module (0x67b514)
LDR: ! Imported function 'sceNpCommerce2GetCategoryInfoFromContentInfo' in 'sceNpCommerce2' module (0x67b54c)

LDR: ! Imported function 'sceNpTusSetDataVUser' in 'sceNpTus' module (0x67b584)
LDR: ! Imported function 'sceNpTusCreateTransactionCtx' in 'sceNpTus' module (0x67b5bc)
LDR: ! Imported function 'sceNpTusTerm' in 'sceNpTus' module (0x67b5f4)
LDR: ! Imported function 'sceNpTusGetMultiSlotVariableVUser' in 'sceNpTus' module (0x67b62c)
LDR: ! Imported function 'sceNpTusDestroyTitleCtx' in 'sceNpTus' module (0x67b664)
LDR: ! Imported function 'sceNpTusDestroyTransactionCtx' in 'sceNpTus' module (0x67b69c)
LDR: ! Imported function 'sceNpTusCreateTitleCtx' in 'sceNpTus' module (0x67b6d4)
LDR: ! Imported function 'sceNpTusSetData' in 'sceNpTus' module (0x67b70c)
LDR: ! Imported function 'sceNpTusGetData' in 'sceNpTus' module (0x67b744)
LDR: ! Imported function 'sceNpTusInit' in 'sceNpTus' module (0x67b77c)
LDR: ! Imported function 'sceNpTusGetDataVUser' in 'sceNpTus' module (0x67b7b4)
LDR: ! Imported function 'sceNpTusGetMultiSlotDataStatus' in 'sceNpTus' module (0x67b7ec)
LDR: ! Imported function 'sceNpTusAddAndGetVariableVUser' in 'sceNpTus' module (0x67b824)

LDR: ! Imported function 'sceNpSnsFbInit' in 'sceNpSns' module (0x67b85c)
LDR: ! Imported function 'sceNpSnsFbDestroyHandle' in 'sceNpSns' module (0x67b894)
LDR: ! Imported function 'sceNpSnsFbGetAccessToken' in 'sceNpSns' module (0x67b8cc)
LDR: ! Imported function 'sceNpSnsFbCreateHandle' in 'sceNpSns' module (0x67b904)
LDR: ! Imported function 'sceNpSnsFbTerm' in 'sceNpSns' module (0x67b93c)

LDR: ! Imported function 'cellCameraClose' in 'cellCamera' module (0x67b974)
LDR: ! Imported function 'cellCameraRead' in 'cellCamera' module (0x67b9ac)
LDR: ! Imported function 'cellCameraStart' in 'cellCamera' module (0x67b9e4)
LDR: ! Imported function 'cellCameraGetType' in 'cellCamera' module (0x67ba1c)
LDR: ! Imported function 'cellCameraOpenEx' in 'cellCamera' module (0x67ba54)
LDR: ! Imported function 'cellCameraGetBufferSize' in 'cellCamera' module (0x67ba8c)
LDR: ! Imported function 'cellCameraReset' in 'cellCamera' module (0x67bac4)
LDR: ! Imported function 'cellCameraSetAttribute' in 'cellCamera' module (0x67bafc)
LDR: ! Imported function 'cellCameraInit' in 'cellCamera' module (0x67bb34)

LDR: E Unknown module 'cellSysutilNpEula'
LDR: E Unknown function '0x59D1629A' in 'cellSysutilNpEula' module (0x67bb6c)
LDR: E Unknown function '0x5EC05AD8' in 'cellSysutilNpEula' module (0x67bba4)
LDR: E Unknown function '0x6599500D' in 'cellSysutilNpEula' module (0x67bbdc)

LDR: ! Imported function 'sys_mempool_try_allocate_block' in 'sysPrxForUser' module (0x67bcbc)
LDR: ! Imported function 'sys_lwmutex_lock' in 'sysPrxForUser' module (0x67bcf4)
LDR: ! Imported function 'sys_lwmutex_unlock' in 'sysPrxForUser' module (0x67bd2c)
LDR: ! Imported function 'sys_lwcond_destroy' in 'sysPrxForUser' module (0x67bd64)
LDR: ! Imported function 'sys_ppu_thread_create' in 'sysPrxForUser' module (0x67bd9c)
LDR: ! Imported function 'sys_lwcond_wait' in 'sysPrxForUser' module (0x67bdd4)
LDR: ! Imported function '_sys_process_atexitspawn' in 'sysPrxForUser' module (0x67be0c)
LDR: ! Imported function 'sys_lwmutex_create' in 'sysPrxForUser' module (0x67be44)
LDR: ! Imported function 'sys_ppu_thread_get_id' in 'sysPrxForUser' module (0x67be7c)
LDR: ! Imported function 'sys_prx_register_library' in 'sysPrxForUser' module (0x67beb4)
LDR: ! Imported function 'sys_process_is_stack' in 'sysPrxForUser' module (0x67beec)
LDR: ! Imported function 'sys_spinlock_unlock' in 'sysPrxForUser' module (0x67bf24)
LDR: ! Imported function 'sys_mempool_free_block' in 'sysPrxForUser' module (0x67bf5c)
LDR: ! Imported function 'sys_initialize_tls' in 'sysPrxForUser' module (0x67bf94)
LDR: ! Imported function 'sys_time_get_system_time' in 'sysPrxForUser' module (0x67bfcc)
LDR: ! Imported function 'sys_prx_get_module_info' in 'sysPrxForUser' module (0x67c004)
LDR: ! Imported function 'sys_spinlock_initialize' in 'sysPrxForUser' module (0x67c03c)
LDR: ! Imported function '_sys_process_at_Exitspawn' in 'sysPrxForUser' module (0x67c074)
LDR: ! Imported function 'sys_mempool_destroy' in 'sysPrxForUser' module (0x67c0ac)
LDR: ! Imported function 'sys_spinlock_lock' in 'sysPrxForUser' module (0x67c0e4)
LDR: ! Imported function 'sys_prx_exitspawn_with_level' in 'sysPrxForUser' module (0x67c11c)
LDR: ! Imported function 'sys_prx_get_module_list' in 'sysPrxForUser' module (0x67c154)
LDR: ! Imported function 'sys_lwmutex_trylock' in 'sysPrxForUser' module (0x67c18c)
LDR: ! Imported function 'sys_ppu_thread_exit' in 'sysPrxForUser' module (0x67c1c4)
LDR: ! Imported function 'sys_lwmutex_destroy' in 'sysPrxForUser' module (0x67c1fc)
LDR: ! Imported function 'sys_mempool_create' in 'sysPrxForUser' module (0x67c234)
LDR: ! Imported function 'sys_lwcond_create' in 'sysPrxForUser' module (0x67c26c)
LDR: ! Imported function 'sys_spu_image_close' in 'sysPrxForUser' module (0x67c2a4)
LDR: ! Imported function 'sys_process_exit' in 'sysPrxForUser' module (0x67c2dc)
LDR: ! Imported function 'sys_lwcond_signal_all' in 'sysPrxForUser' module (0x67c314)
LDR: ! Imported function 'sys_lwcond_signal' in 'sysPrxForUser' module (0x67c34c)
LDR: ! Imported function 'sys_prx_load_module' in 'sysPrxForUser' module (0x67ddfc)
LDR: ! Imported function '_sys_heap_malloc' in 'sysPrxForUser' module (0x67de34)
LDR: ! Imported function '_sys_heap_memalign' in 'sysPrxForUser' module (0x67de6c)
LDR: ! Imported function '_sys_heap_free' in 'sysPrxForUser' module (0x67dea4)
LDR: ! Imported function 'sys_prx_load_module_on_memcontainer_by_fd' in 'sysPrxForUser' module (0x67dedc)
LDR: ! Imported function 'sys_prx_load_module_on_memcontainer' in 'sysPrxForUser' module (0x67df14)
LDR: ! Imported function '_sys_heap_delete_heap' in 'sysPrxForUser' module (0x67df4c)
LDR: ! Imported function '_sys_heap_create_heap' in 'sysPrxForUser' module (0x67df84)
LDR: ! Imported function 'sys_prx_load_module_by_fd' in 'sysPrxForUser' module (0x67dfbc)

LDR: ! Imported function 'cellSyncMutexUnlock' in 'cellSync' module (0x67c694)
LDR: ! Imported function 'cellSyncMutexInitialize' in 'cellSync' module (0x67c6cc)
LDR: ! Imported function 'cellSyncMutexTryLock' in 'cellSync' module (0x67c704)
LDR: ! Imported function 'cellVdecOpenEx' in 'libvdec' module (0x67ce04)
LDR: ! Imported function 'cellVdecClose' in 'libvdec' module (0x67ce3c)
LDR: ! Imported function 'cellVdecGetPicItem' in 'libvdec' module (0x67ce74)
LDR: ! Imported function 'cellVdecDecodeAu' in 'libvdec' module (0x67ceac)
LDR: ! Imported function 'cellVdecGetPicture' in 'libvdec' module (0x67cee4)
LDR: ! Imported function 'cellVdecEndSeq' in 'libvdec' module (0x67cf1c)
LDR: ! Imported function 'cellVdecStartSeq' in 'libvdec' module (0x67cf54)
LDR: ! Imported function 'cellVdecQueryAttrEx' in 'libvdec' module (0x67cf8c)
LDR: ! Imported function 'cellVdecSetFrameRate' in 'libvdec' module (0x67cfc4)
LDR: ! Imported function 'cellAdecDecodeAu' in 'cellAdec' module (0x67cffc)
LDR: ! Imported function 'cellAdecStartSeq' in 'cellAdec' module (0x67d034)
LDR: ! Imported function 'cellAdecQueryAttr' in 'cellAdec' module (0x67d06c)
LDR: ! Imported function 'cellAdecClose' in 'cellAdec' module (0x67d0a4)
LDR: ! Imported function 'cellAdecOpenEx' in 'cellAdec' module (0x67d0dc)
LDR: ! Imported function 'cellAdecGetPcm' in 'cellAdec' module (0x67d114)
LDR: ! Imported function 'cellAdecGetPcmItem' in 'cellAdec' module (0x67d14c)
LDR: ! Imported function 'cellAdecEndSeq' in 'cellAdec' module (0x67d184)
LDR: ! Imported function 'cellJpgEncQueryAttr' in 'cellJpgEnc' module (0x67d1f4)
LDR: ! Imported function 'cellJpgEncWaitForInput' in 'cellJpgEnc' module (0x67d22c)
LDR: ! Imported function 'cellJpgEncGetStreamInfo' in 'cellJpgEnc' module (0x67d264)
LDR: ! Imported function 'cellJpgEncEncodePicture2' in 'cellJpgEnc' module (0x67d29c)
LDR: ! Imported function 'cellJpgEncOpenEx' in 'cellJpgEnc' module (0x67d2d4)
LDR: ! Imported function 'cellJpgEncClose' in 'cellJpgEnc' module (0x67d30c)
LDR: ! Imported function 'cellJpgEncWaitForOutput' in 'cellJpgEnc' module (0x67d344)
LDR: ! Imported function 'cellJpgEncOpen' in 'cellJpgEnc' module (0x67d37c)

LDR: ! Imported function 'cellJpgDecReadHeader' in 'cellJpgDec' module (0x67d3b4)
LDR: ! Imported function 'cellJpgDecExtCreate' in 'cellJpgDec' module (0x67d3ec)
LDR: ! Imported function 'cellJpgDecClose' in 'cellJpgDec' module (0x67d424)
LDR: ! Imported function 'cellJpgDecOpen' in 'cellJpgDec' module (0x67d45c)
LDR: ! Imported function 'cellJpgDecDecodeData' in 'cellJpgDec' module (0x67d494)
LDR: ! Imported function 'cellJpgDecDestroy' in 'cellJpgDec' module (0x67d4cc)
LDR: ! Imported function 'cellJpgDecSetParameter' in 'cellJpgDec' module (0x67d504)