LDR: ! Imported function 'cellPadInit' in 'sys_io' module (0x8c104c)
LDR: ! Imported function 'cellKbGetConfiguration' in 'sys_io' module (0x8c106c)
LDR: ! Imported function 'cellKbClearBuf' in 'sys_io' module (0x8c108c)
LDR: ! Imported function 'cellKbGetInfo' in 'sys_io' module (0x8c10ac)
LDR: ! Imported function 'cellMouseGetData' in 'sys_io' module (0x8c10cc)
LDR: ! Imported function 'cellKbSetLEDStatus' in 'sys_io' module (0x8c10ec)
LDR: ! Imported function 'cellKbInit' in 'sys_io' module (0x8c110c)
LDR: ! Imported function 'cellKbCnvRawCode' in 'sys_io' module (0x8c112c)
LDR: ! Imported function 'cellPadEnd' in 'sys_io' module (0x8c114c)
LDR: ! Imported function 'cellPadSetPortSetting' in 'sys_io' module (0x8c116c)
LDR: ! Imported function 'cellMouseGetInfo' in 'sys_io' module (0x8c118c)
LDR: ! Imported function 'cellPadGetData' in 'sys_io' module (0x8c11ac)
LDR: ! Imported function 'cellKbSetCodeType' in 'sys_io' module (0x8c11cc)
LDR: ! Imported function 'cellPadGetInfo2' in 'sys_io' module (0x8c11ec)
LDR: ! Imported function 'cellKbEnd' in 'sys_io' module (0x8c120c)
LDR: ! Imported function 'cellMouseInit' in 'sys_io' module (0x8c122c)
LDR: ! Imported function 'cellKbSetReadMode' in 'sys_io' module (0x8c124c)
LDR: ! Imported function 'cellMouseEnd' in 'sys_io' module (0x8c126c)
LDR: ! Imported function 'cellPadSetActDirect' in 'sys_io' module (0x8c128c)
LDR: ! Imported function 'cellKbRead' in 'sys_io' module (0x8c12ac)

LDR: ! Imported function 'cellFsClose' in 'sys_fs' module (0x8c12cc)
LDR: ! Imported function 'cellFsRead' in 'sys_fs' module (0x8c12ec)
LDR: ! Imported function 'cellFsOpen' in 'sys_fs' module (0x8c130c)
LDR: ! Imported function 'cellFsStat' in 'sys_fs' module (0x8c132c)
LDR: ! Imported function 'cellFsLseek' in 'sys_fs' module (0x8c134c)
LDR: ! Imported function 'cellFsUtime' in 'sys_fs' module (0x8c136c)
LDR: ! Imported function 'cellFsFstat' in 'sys_fs' module (0x8c138c)
LDR: ! Imported function 'cellFsRmdir' in 'sys_fs' module (0x8c244c)
LDR: ! Imported function 'cellFsOpendir' in 'sys_fs' module (0x8c246c)
LDR: ! Imported function 'cellFsReaddir' in 'sys_fs' module (0x8c248c)
LDR: ! Imported function 'cellFsUnlink' in 'sys_fs' module (0x8c24ac)
LDR: ! Imported function 'cellFsMkdir' in 'sys_fs' module (0x8c24cc)
LDR: ! Imported function 'cellFsWrite' in 'sys_fs' module (0x8c24ec)
LDR: ! Imported function 'cellFsClosedir' in 'sys_fs' module (0x8c250c)

LDR: ! Imported function 'cellGcmGetTiledPitchSize' in 'cellGcmSys' module (0x8c13ac)
LDR: ! Imported function 'cellGcmSetUserHandler' in 'cellGcmSys' module (0x8c13cc)
LDR: ! Imported function '_cellGcmInitBody' in 'cellGcmSys' module (0x8c13ec)
LDR: ! Imported function '_cellGcmSetFlipCommand' in 'cellGcmSys' module (0x8c140c)
LDR: ! Imported function 'cellGcmAddressToOffset' in 'cellGcmSys' module (0x8c142c)
LDR: ! Imported function '_cellGcmFunc15' in 'cellGcmSys' module (0x8c144c)
LDR: ! Imported function 'cellGcmSetFlipMode' in 'cellGcmSys' module (0x8c146c)
LDR: ! Imported function 'cellGcmGetFlipStatus' in 'cellGcmSys' module (0x8c148c)
LDR: ! Imported function 'cellGcmGetReport' in 'cellGcmSys' module (0x8c14ac)
LDR: ! Imported function 'cellGcmMapMainMemory' in 'cellGcmSys' module (0x8c14cc)
LDR: ! Imported function 'cellGcmSetDisplayBuffer' in 'cellGcmSys' module (0x8c14ec)
LDR: ! Imported function 'cellGcmGetControlRegister' in 'cellGcmSys' module (0x8c150c)
LDR: ! Imported function 'cellGcmSetVBlankHandler' in 'cellGcmSys' module (0x8c152c)
LDR: ! Imported function 'cellGcmResetFlipStatus' in 'cellGcmSys' module (0x8c154c)
LDR: ! Imported function 'cellGcmSetInvalidateTile' in 'cellGcmSys' module (0x8c156c)
LDR: ! Imported function 'cellGcmSetTile' in 'cellGcmSys' module (0x8c158c)
LDR: ! Imported function 'cellGcmSetZcull' in 'cellGcmSys' module (0x8c15ac)
LDR: ! Imported function 'cellGcmGetConfiguration' in 'cellGcmSys' module (0x8c15cc)
LDR: ! Imported function 'cellGcmUnmapEaIoAddress' in 'cellGcmSys' module (0x8c15ec)
LDR: ! Imported function 'cellGcmGetLabelAddress' in 'cellGcmSys' module (0x8c160c)

cellSpurs = V

LDR: ! Imported function 'cellSysutilUnregisterCallback' in 'cellSysutil' module (0x8c192c)
LDR: ! Imported function 'cellVideoOutConfigure' in 'cellSysutil' module (0x8c194c)
LDR: ! Imported function 'cellSysutilCheckCallback' in 'cellSysutil' module (0x8c196c)
LDR: ! Imported function 'cellSaveDataListLoad2' in 'cellSysutil' module (0x8c198c)
LDR: ! Imported function 'cellVideoOutGetDeviceInfo' in 'cellSysutil' module (0x8c19ac)
LDR: ! Imported function 'cellMsgDialogClose' in 'cellSysutil' module (0x8c19cc)
LDR: ! Imported function 'cellSaveDataListAutoLoad' in 'cellSysutil' module (0x8c19ec)
LDR: ! Imported function 'cellSaveDataFixedSave2' in 'cellSysutil' module (0x8c1a0c)
LDR: ! Imported function 'cellSaveDataListSave2' in 'cellSysutil' module (0x8c1a2c)
LDR: ! Imported function 'cellMsgDialogOpenErrorCode' in 'cellSysutil' module (0x8c1a4c)
LDR: ! Imported function 'cellSysutilGetSystemParamInt' in 'cellSysutil' module (0x8c1a6c)
LDR: ! Imported function 'cellMsgDialogAbort' in 'cellSysutil' module (0x8c1a8c)
LDR: ! Imported function 'cellVideoOutGetNumberOfDevice' in 'cellSysutil' module (0x8c1aac)
LDR: ! Imported function 'cellMsgDialogOpen2' in 'cellSysutil' module (0x8c1acc)
LDR: ! Imported function 'cellVideoOutGetState' in 'cellSysutil' module (0x8c1aec)
LDR: ! Imported function 'cellHddGameCheck' in 'cellSysutil' module (0x8c1b0c)
LDR: ! Imported function 'cellSysutilGetSystemParamString' in 'cellSysutil' module (0x8c1b2c)
LDR: ! Imported function 'cellMsgDialogProgressBarInc' in 'cellSysutil' module (0x8c1b4c)
LDR: ! Imported function 'cellGameDataExitBroken' in 'cellSysutil' module (0x8c1b6c)
LDR: ! Imported function 'cellSysutilRegisterCallback' in 'cellSysutil' module (0x8c1b8c)
LDR: ! Imported function 'cellGameDataGetSizeKB' in 'cellSysutil' module (0x8c1bac)
LDR: ! Imported function 'cellHddGameExitBroken' in 'cellSysutil' module (0x8c1bcc)
LDR: ! Imported function 'cellDiscGameGetBootDiscInfo' in 'cellSysutil' module (0x8c1bec)
LDR: ! Imported function 'cellGameDataCheckCreate2' in 'cellSysutil' module (0x8c1c0c)
LDR: ! Imported function 'cellVideoOutGetResolution' in 'cellSysutil' module (0x8c1c2c)
LDR: ! Imported function 'cellSaveDataDelete2' in 'cellSysutil' module (0x8c1c4c)
LDR: ! Imported function 'cellHddGameGetSizeKB' in 'cellSysutil' module (0x8c1c6c)
LDR: ! Imported function 'cellSaveDataAutoLoad2' in 'cellSysutil' module (0x8c1c8c)
LDR: ! Imported function 'cellSysCacheMount' in 'cellSysutil' module (0x8c252c)
LDR: ! Imported function 'cellAudioOutConfigure' in 'cellSysutil' module (0x8c254c)
LDR: ! Imported function 'cellAudioOutGetSoundAvailability' in 'cellSysutil' module (0x8c256c)

LDR: ! Imported function 'cellSysmoduleUnloadModule' in 'cellSysmodule' module (0x8c1cac)
LDR: ! Imported function 'cellSysmoduleLoadModule' in 'cellSysmodule' module (0x8c1ccc)

LDR: ! Imported function 'cellRescSetWaitFlip' in 'cellResc' module (0x8c1cec)
LDR: ! Imported function 'cellRescSetDsts' in 'cellResc' module (0x8c1d0c)
LDR: ! Imported function 'cellRescResetFlipStatus' in 'cellResc' module (0x8c1d2c)
LDR: ! Imported function 'cellRescAdjustAspectRatio' in 'cellResc' module (0x8c1d4c)
LDR: ! Imported function 'cellRescSetDisplayMode' in 'cellResc' module (0x8c1d6c)
LDR: ! Imported function 'cellRescSetConvertAndFlip' in 'cellResc' module (0x8c1d8c)
LDR: ! Imported function 'cellRescExit' in 'cellResc' module (0x8c1dac)
LDR: ! Imported function 'cellRescInit' in 'cellResc' module (0x8c1dcc)
LDR: ! Imported function 'cellRescGetBufferSize' in 'cellResc' module (0x8c1dec)
LDR: ! Imported function 'cellRescGetLastFlipTime' in 'cellResc' module (0x8c1e0c)
LDR: ! Imported function 'cellRescSetSrc' in 'cellResc' module (0x8c1e2c)
LDR: ! Imported function 'cellRescSetBufferAddress' in 'cellResc' module (0x8c1e4c)
LDR: ! Imported function 'cellRescGetFlipStatus' in 'cellResc' module (0x8c1e6c)
LDR: ! Imported function 'cellRescVideoOutResolutionId2RescBufferMode' in 'cellResc' module (0x8c1e8c)
LDR: ! Imported function 'cellRescSetVBlankHandler' in 'cellResc' module (0x8c1eac)
LDR: ! Imported function 'cellRescCreateInterlaceTable' in 'cellResc' module (0x8c1ecc)

cellSail = V

LDR: ! Imported function 'sceNpTerm' in 'sceNp' module (0x8c23ec)
LDR: ! Imported function 'sceNpDrmIsAvailable' in 'sceNp' module (0x8c240c)
LDR: ! Imported function 'sceNpInit' in 'sceNp' module (0x8c242c)

LDR: ! Imported function 'cellAudioInit' in 'cellAudio' module (0x8c258c)
LDR: ! Imported function 'cellAudioSetNotifyEventQueue' in 'cellAudio' module (0x8c25ac)
LDR: ! Imported function 'cellAudioGetPortTimestamp' in 'cellAudio' module (0x8c25cc)
LDR: ! Imported function 'cellAudioPortClose' in 'cellAudio' module (0x8c25ec)
LDR: ! Imported function 'cellAudioPortStop' in 'cellAudio' module (0x8c260c)
LDR: ! Imported function 'cellAudioGetPortConfig' in 'cellAudio' module (0x8c262c)
LDR: ! Imported function 'cellAudioPortStart' in 'cellAudio' module (0x8c264c)
LDR: ! Imported function 'cellAudioQuit' in 'cellAudio' module (0x8c266c)
LDR: ! Imported function 'cellAudioPortOpen' in 'cellAudio' module (0x8c268c)
LDR: ! Imported function 'cellAudioGetPortBlockTag' in 'cellAudio' module (0x8c26ac)
LDR: ! Imported function 'cellAudioRemoveNotifyEventQueue' in 'cellAudio' module (0x8c26cc)

cellAtrac = V

LDR: ! Imported function 'sys_lwmutex_lock' in 'sysPrxForUser' module (0x8c28cc)
LDR: ! Imported function 'sys_lwmutex_unlock' in 'sysPrxForUser' module (0x8c28ec)
LDR: ! Imported function 'sys_ppu_thread_create' in 'sysPrxForUser' module (0x8c290c)
LDR: ! Imported function '_sys_process_atexitspawn' in 'sysPrxForUser' module (0x8c292c)
LDR: ! Imported function 'sys_lwmutex_create' in 'sysPrxForUser' module (0x8c294c)
LDR: ! Imported function 'sys_ppu_thread_get_id' in 'sysPrxForUser' module (0x8c296c)
LDR: ! Imported function '_sys_heap_malloc' in 'sysPrxForUser' module (0x8c298c)
LDR: ! Imported function 'sys_prx_register_library' in 'sysPrxForUser' module (0x8c29ac)
LDR: ! Imported function '_sys_heap_memalign' in 'sysPrxForUser' module (0x8c29cc)
LDR: ! Imported function '_sys_spu_printf_initialize' in 'sysPrxForUser' module (0x8c29ec)
LDR: ! Imported function 'sys_initialize_tls' in 'sysPrxForUser' module (0x8c2a0c)
LDR: ! Imported function 'sys_time_get_system_time' in 'sysPrxForUser' module (0x8c2a2c)
LDR: ! Imported function '_sys_heap_free' in 'sysPrxForUser' module (0x8c2a4c)
LDR: ! Imported function '_sys_process_at_Exitspawn' in 'sysPrxForUser' module (0x8c2a6c)
LDR: ! Imported function 'sys_prx_exitspawn_with_level' in 'sysPrxForUser' module (0x8c2a8c)
LDR: ! Imported function 'sys_ppu_thread_once' in 'sysPrxForUser' module (0x8c2aac)
LDR: ! Imported function 'sys_lwmutex_trylock' in 'sysPrxForUser' module (0x8c2acc)
LDR: ! Imported function '_sys_heap_delete_heap' in 'sysPrxForUser' module (0x8c2aec)
LDR: ! Imported function 'sys_ppu_thread_exit' in 'sysPrxForUser' module (0x8c2b0c)
LDR: ! Imported function '_sys_heap_create_heap' in 'sysPrxForUser' module (0x8c2b2c)
LDR: ! Imported function 'sys_lwmutex_destroy' in 'sysPrxForUser' module (0x8c2b4c)
LDR: ! Imported function '_sys_spu_printf_finalize' in 'sysPrxForUser' module (0x8c2b6c)
LDR: ! Imported function 'sys_spu_image_close' in 'sysPrxForUser' module (0x8c2b8c)
LDR: ! Imported function 'sys_process_exit' in 'sysPrxForUser' module (0x8c2bac)
LDR: ! Imported function 'sys_spu_image_import' in 'sysPrxForUser' module (0x8c2bcc)