LDR: ! Imported function 'cellPadInit' in 'sys_io' module (0x5e44fc)
LDR: ! Imported function 'cellPadEnd' in 'sys_io' module (0x5e451c)
LDR: ! Imported function 'cellPadSetPortSetting' in 'sys_io' module (0x5e453c)
LDR: ! Imported function 'cellPadGetData' in 'sys_io' module (0x5e455c)
LDR: ! Imported function 'cellPadGetInfo2' in 'sys_io' module (0x5e457c)
LDR: ! Imported function 'cellPadSetActDirect' in 'sys_io' module (0x5e459c)

LDR: ! Imported function 'cellFsRmdir' in 'sys_fs' module (0x5e45bc)
LDR: ! Imported function 'cellFsClose' in 'sys_fs' module (0x5e45dc)
LDR: ! Imported function 'cellFsOpendir' in 'sys_fs' module (0x5e45fc)
LDR: ! Imported function 'cellFsAioWrite' in 'sys_fs' module (0x5e461c)
LDR: ! Imported function 'cellFsRead' in 'sys_fs' module (0x5e463c)
LDR: ! Imported function 'cellFsReaddir' in 'sys_fs' module (0x5e465c)
LDR: ! Imported function 'cellFsOpen' in 'sys_fs' module (0x5e467c)
LDR: ! Imported function 'cellFsStat' in 'sys_fs' module (0x5e469c)
LDR: ! Imported function 'cellFsAioCancel' in 'sys_fs' module (0x5e46bc)
LDR: ! Imported function 'cellFsUnlink' in 'sys_fs' module (0x5e46dc)
LDR: ! Imported function 'cellFsFsync' in 'sys_fs' module (0x5e46fc)
LDR: ! Imported function 'cellFsAioFinish' in 'sys_fs' module (0x5e471c)
LDR: ! Imported function 'cellFsLseek' in 'sys_fs' module (0x5e473c)
LDR: ! Imported function 'cellFsMkdir' in 'sys_fs' module (0x5e475c)
LDR: ! Imported function 'cellFsAioRead' in 'sys_fs' module (0x5e477c)
LDR: ! Imported function 'cellFsAioInit' in 'sys_fs' module (0x5e479c)
LDR: ! Imported function 'cellFsWrite' in 'sys_fs' module (0x5e47bc)
LDR: ! Imported function 'cellFsFstat' in 'sys_fs' module (0x5e47dc)
LDR: ! Imported function 'cellFsRename' in 'sys_fs' module (0x5e47fc)
LDR: ! Imported function 'cellFsClosedir' in 'sys_fs' module (0x5e481c)
LDR: ! Imported function 'cellFsSdataOpen' in 'sys_fs' module (0x5e623c)

LDR: ! Imported function 'sys_lwmutex_lock' in 'sysPrxForUser' module (0x5e483c)
LDR: ! Imported function 'sys_lwmutex_unlock' in 'sysPrxForUser' module (0x5e485c)
LDR: ! Imported function 'sys_ppu_thread_create' in 'sysPrxForUser' module (0x5e487c)
LDR: ! Imported function '_sys_process_atexitspawn' in 'sysPrxForUser' module (0x5e489c)
LDR: ! Imported function 'sys_lwmutex_create' in 'sysPrxForUser' module (0x5e48bc)
LDR: ! Imported function 'sys_ppu_thread_get_id' in 'sysPrxForUser' module (0x5e48dc)
LDR: ! Imported function 'sys_prx_register_library' in 'sysPrxForUser' module (0x5e48fc)
LDR: ! Imported function 'sys_process_is_stack' in 'sysPrxForUser' module (0x5e491c)
LDR: ! Imported function 'sys_initialize_tls' in 'sysPrxForUser' module (0x5e493c)
LDR: ! Imported function 'sys_time_get_system_time' in 'sysPrxForUser' module (0x5e495c)
LDR: ! Imported function '_sys_process_at_Exitspawn' in 'sysPrxForUser' module (0x5e497c)
LDR: ! Imported function 'sys_prx_exitspawn_with_level' in 'sysPrxForUser' module (0x5e499c)
LDR: ! Imported function 'sys_ppu_thread_exit' in 'sysPrxForUser' module (0x5e49bc)
LDR: ! Imported function 'sys_lwmutex_destroy' in 'sysPrxForUser' module (0x5e49dc)
LDR: ! Imported function 'sys_process_exit' in 'sysPrxForUser' module (0x5e49fc)

LDR: ! Imported function '_cellSpursLFQueueInitialize' in 'cellSpurs' module (0x5e4a1c)
LDR: ! Imported function 'cellSpursQueueDetachLv2EventQueue' in 'cellSpurs' module (0x5e4a3c)
LDR: ! Imported function 'cellSpursAttributeSetNamePrefix' in 'cellSpurs' module (0x5e4a5c)
LDR: ! Imported function '_cellSpursQueueInitialize' in 'cellSpurs' module (0x5e4a7c)
LDR: ! Imported function 'cellSpursAttributeEnableSpuPrintfIfAvailable' in 'cellSpurs' module (0x5e4a9c)
LDR: ! Imported function '_cellSpursTasksetAttributeInitialize' in 'cellSpurs' module (0x5e4abc)
LDR: ! Imported function 'cellSpursLFQueueAttachLv2EventQueue' in 'cellSpurs' module (0x5e4adc)
LDR: ! Imported function 'cellSpursRequestIdleSpu' in 'cellSpurs' module (0x5e4afc)
LDR: ! Imported function 'cellSpursDestroyTaskset2' in 'cellSpurs' module (0x5e4b1c)
LDR: ! Imported function 'cellSpursGetInfo' in 'cellSpurs' module (0x5e4b3c)
LDR: ! Imported function 'cellSpursCreateJobChainWithAttribute' in 'cellSpurs' module (0x5e4b5c)
LDR: ! Imported function 'cellSpursInitializeWithAttribute2' in 'cellSpurs' module (0x5e4b7c)
LDR: ! Imported function '_cellSpursJobChainAttributeInitialize' in 'cellSpurs' module (0x5e4b9c)
LDR: ! Imported function 'cellSpursEventFlagWait' in 'cellSpurs' module (0x5e4bbc)
LDR: ! Imported function 'cellSpursWorkloadAttributeSetName' in 'cellSpurs' module (0x5e4bdc)
LDR: ! Imported function 'cellSpursCreateTaskset2' in 'cellSpurs' module (0x5e4bfc)
LDR: ! Imported function 'cellSpursGetWorkloadInfo' in 'cellSpurs' module (0x5e4c1c)
LDR: ! Imported function 'cellSpursDetachLv2EventQueue' in 'cellSpurs' module (0x5e4c3c)
LDR: ! Imported function 'cellSpursRemoveWorkload' in 'cellSpurs' module (0x5e4c5c)
LDR: ! Imported function '_cellSpursEventFlagInitialize' in 'cellSpurs' module (0x5e4c7c)
LDR: ! Imported function 'cellSpursWaitForWorkloadShutdown' in 'cellSpurs' module (0x5e4c9c)
LDR: ! Imported function 'cellSpursTasksetAttributeSetName' in 'cellSpurs' module (0x5e4cbc)
LDR: ! Imported function 'cellSpursShutdownJobChain' in 'cellSpurs' module (0x5e4cdc)
LDR: ! Imported function 'cellSpursLFQueueDetachLv2EventQueue' in 'cellSpurs' module (0x5e4cfc)
LDR: ! Imported function 'cellSpursBarrierInitialize' in 'cellSpurs' module (0x5e4d1c)
LDR: ! Imported function 'cellSpursSetPriorities' in 'cellSpurs' module (0x5e4d3c)
LDR: ! Imported function 'cellSpursEventFlagAttachLv2EventQueue' in 'cellSpurs' module (0x5e4d5c)
LDR: ! Imported function '_cellSpursLFQueuePushBody' in 'cellSpurs' module (0x5e4d7c)
LDR: ! Imported function '_cellSpursTaskAttribute2Initialize' in 'cellSpurs' module (0x5e4d9c)
LDR: ! Imported function 'cellSpursQueuePopBody' in 'cellSpurs' module (0x5e4dbc)
LDR: ! Imported function 'cellSpursQueuePushBody' in 'cellSpurs' module (0x5e4ddc)
LDR: ! Imported function '_cellSpursAttributeInitialize' in 'cellSpurs' module (0x5e4dfc)
LDR: ! Imported function 'cellSpursShutdownWorkload' in 'cellSpurs' module (0x5e4e1c)
LDR: ! Imported function 'cellSpursAttributeEnableSystemWorkload' in 'cellSpurs' module (0x5e4e3c)
LDR: ! Imported function 'cellSpursJoinTaskset' in 'cellSpurs' module (0x5e4e5c)
LDR: ! Imported function 'cellSpursJobChainAttributeSetName' in 'cellSpurs' module (0x5e4e7c)
LDR: ! Imported function 'cellSpursShutdownTaskset' in 'cellSpurs' module (0x5e4e9c)
LDR: ! Imported function 'cellSpursJoinTask2' in 'cellSpurs' module (0x5e4ebc)
LDR: ! Imported function 'cellSpursJoinJobChain' in 'cellSpurs' module (0x5e4edc)
LDR: ! Imported function 'cellSpursAttachLv2EventQueue' in 'cellSpurs' module (0x5e4efc)
LDR: ! Imported function 'cellSpursJobChainAttributeSetHaltOnError' in 'cellSpurs' module (0x5e4f1c)
LDR: ! Imported function 'cellSpursCreateTask' in 'cellSpurs' module (0x5e4f3c)
LDR: ! Imported function 'cellSpursAddWorkloadWithAttribute' in 'cellSpurs' module (0x5e4f5c)
LDR: ! Imported function 'cellSpursCreateTasksetWithAttribute' in 'cellSpurs' module (0x5e4f7c)
LDR: ! Imported function '_cellSpursTasksetAttribute2Initialize' in 'cellSpurs' module (0x5e4f9c)
LDR: ! Imported function 'cellSpursGetNumSpuThread' in 'cellSpurs' module (0x5e4fbc)
LDR: ! Imported function 'cellSpursFinalize' in 'cellSpurs' module (0x5e4fdc)
LDR: ! Imported function 'cellSpursSetExceptionEventHandler' in 'cellSpurs' module (0x5e4ffc)
LDR: ! Imported function '_cellSpursSendSignal' in 'cellSpurs' module (0x5e501c)
LDR: ! Imported function 'cellSpursCreateTask2' in 'cellSpurs' module (0x5e503c)
LDR: ! Imported function 'cellSpursQueueAttachLv2EventQueue' in 'cellSpurs' module (0x5e505c)
LDR: ! Imported function '_cellSpursWorkloadAttributeInitialize' in 'cellSpurs' module (0x5e507c)
LDR: ! Imported function 'cellSpursRunJobChain' in 'cellSpurs' module (0x5e509c)
LDR: ! Imported function 'cellSpursReadyCountStore' in 'cellSpurs' module (0x5e50bc)
LDR: ! Imported function 'cellSpursCreateTaskWithAttribute' in 'cellSpurs' module (0x5e625c)
LDR: ! Imported function 'cellSpursJobGuardInitialize' in 'cellSpurs' module (0x5e627c)
LDR: ! Imported function 'cellSpursTaskGetContextSaveAreaSize' in 'cellSpurs' module (0x5e629c)
LDR: ! Imported function 'cellSpursInitializeWithAttribute' in 'cellSpurs' module (0x5e62bc)
LDR: ! Imported function '_cellSpursTaskAttributeInitialize' in 'cellSpurs' module (0x5e62dc)
LDR: ! Imported function 'cellSpursJobGuardNotify' in 'cellSpurs' module (0x5e62fc)

LDR: ! Imported function 'cellSpursJobQueueAttributeSetDoBusyWaiting' in 'cellSpursJq' module (0x5e50dc)
LDR: ! Imported function 'cellSpursJobQueueAttributeSetSubmitWithEntryLock' in 'cellSpursJq' module (0x5e50fc)
LDR: ! Imported function 'cellSpursJobQueueAttributeSetMaxSizeJobDescriptor' in 'cellSpursJq' module (0x5e511c)
LDR: ! Imported function 'cellSpursJobQueueClose' in 'cellSpursJq' module (0x5e513c)
LDR: ! Imported function '_cellSpursJobQueuePushJob2Body' in 'cellSpursJq' module (0x5e515c)
LDR: ! Imported function 'cellSpursJobQueueAttributeInitialize' in 'cellSpursJq' module (0x5e517c)
LDR: ! Imported function 'cellSpursJobQueueSemaphoreInitialize' in 'cellSpursJq' module (0x5e519c)
LDR: ! Imported function 'cellSpursJobQueueSemaphoreAcquire' in 'cellSpursJq' module (0x5e51bc)
LDR: ! Imported function 'cellSpursJobQueueAttributeSetIsJobTypeMemoryCheck' in 'cellSpursJq' module (0x5e51dc)
LDR: ! Imported function 'cellSpursShutdownJobQueue' in 'cellSpursJq' module (0x5e51fc)
LDR: ! Imported function 'cellSpursJoinJobQueue' in 'cellSpursJq' module (0x5e521c)
LDR: ! Imported function 'cellSpursJobQueuePort2Destroy' in 'cellSpursJq' module (0x5e523c)
LDR: ! Imported function '_cellSpursJobQueuePort2PushJobBody' in 'cellSpursJq' module (0x5e525c)
LDR: ! Imported function 'cellSpursJobQueueAttributeSetGrabParameters' in 'cellSpursJq' module (0x5e527c)
LDR: ! Imported function 'cellSpursJobQueuePort2Create' in 'cellSpursJq' module (0x5e529c)
LDR: ! Imported function '_cellSpursCreateJobQueue' in 'cellSpursJq' module (0x5e52bc)
LDR: ! Imported function 'cellSpursJobQueuePort2Sync' in 'cellSpursJq' module (0x5e52dc)
LDR: ! Imported function 'cellSpursJobQueueAttributeSetIsHaltOnError' in 'cellSpursJq' module (0x5e52fc)
LDR: ! Imported function 'cellSpursJobQueueOpen' in 'cellSpursJq' module (0x5e531c)

LDR: ! Imported function 'cellSysmoduleUnloadModule' in 'cellSysmodule' module (0x5e533c)
LDR: ! Imported function 'cellSysmoduleLoadModule' in 'cellSysmodule' module (0x5e535c)
LDR: ! Imported function 'cellSysmoduleIsLoaded' in 'cellSysmodule' module (0x5e631c)

LDR: ! Imported function 'cellVideoOutConfigure' in 'cellSysutil' module (0x5e537c)
LDR: ! Imported function 'cellSysutilCheckCallback' in 'cellSysutil' module (0x5e539c)
LDR: ! Imported function 'cellSysCacheMount' in 'cellSysutil' module (0x5e53bc)
LDR: ! Imported function 'cellVideoOutGetDeviceInfo' in 'cellSysutil' module (0x5e53dc)
LDR: ! Imported function 'cellMsgDialogClose' in 'cellSysutil' module (0x5e53fc)
LDR: ! Imported function 'cellMsgDialogOpenErrorCode' in 'cellSysutil' module (0x5e541c)
LDR: ! Imported function 'cellSysutilGetSystemParamInt' in 'cellSysutil' module (0x5e543c)
LDR: ! Imported function 'cellMsgDialogAbort' in 'cellSysutil' module (0x5e545c)
LDR: ! Imported function 'cellSysCacheClear' in 'cellSysutil' module (0x5e547c)
LDR: ! Imported function 'cellVideoOutGetNumberOfDevice' in 'cellSysutil' module (0x5e549c)
LDR: ! Imported function 'cellMsgDialogOpen2' in 'cellSysutil' module (0x5e54bc)
LDR: ! Imported function 'cellMsgDialogProgressBarReset' in 'cellSysutil' module (0x5e54dc)
LDR: ! Imported function 'cellVideoOutGetState' in 'cellSysutil' module (0x5e54fc)
LDR: ! Imported function 'cellSaveDataAutoSave2' in 'cellSysutil' module (0x5e551c)
LDR: ! Imported function 'cellMsgDialogProgressBarInc' in 'cellSysutil' module (0x5e553c)
LDR: ! Imported function 'cellMsgDialogProgressBarSetMsg' in 'cellSysutil' module (0x5e555c)
LDR: ! Imported function 'cellSysutilRegisterCallback' in 'cellSysutil' module (0x5e557c)
LDR: ! Imported function 'cellVideoOutGetResolution' in 'cellSysutil' module (0x5e559c)
LDR: ! Imported function 'cellSaveDataDelete2' in 'cellSysutil' module (0x5e55bc)
LDR: ! Imported function 'cellSaveDataAutoLoad2' in 'cellSysutil' module (0x5e55dc)
LDR: ! Imported function 'cellSysutilUnregisterCallback' in 'cellSysutil' module (0x5e633c)
LDR: ! Imported function 'cellAudioOutConfigure' in 'cellSysutil' module (0x5e635c)
LDR: ! Imported function 'cellAudioOutGetDeviceInfo' in 'cellSysutil' module (0x5e637c)
LDR: ! Imported function 'cellAudioOutGetSoundAvailability' in 'cellSysutil' module (0x5e639c)
LDR: ! Imported function 'cellAudioOutSetCopyControl' in 'cellSysutil' module (0x5e63bc)

LDR: ! Imported function 'cellVideoOutGetScreenSize' in 'cellSysutilAvconfExt' module (0x5e55fc)

LDR: ! Imported function 'cellGcmGetTiledPitchSize' in 'cellGcmSys' module (0x5e561c)
LDR: ! Imported function 'cellGcmSetUserHandler' in 'cellGcmSys' module (0x5e563c)
LDR: ! Imported function '_cellGcmInitBody' in 'cellGcmSys' module (0x5e565c)
LDR: ! Imported function '_cellGcmSetFlipCommand' in 'cellGcmSys' module (0x5e567c)
LDR: ! Imported function 'cellGcmAddressToOffset' in 'cellGcmSys' module (0x5e569c)
LDR: ! Imported function 'cellGcmIoOffsetToAddress' in 'cellGcmSys' module (0x5e56bc)
LDR: ! Imported function '_cellGcmFunc15' in 'cellGcmSys' module (0x5e56dc)
LDR: ! Imported function 'cellGcmBindTile' in 'cellGcmSys' module (0x5e56fc)
LDR: ! Imported function 'cellGcmSetFlipMode' in 'cellGcmSys' module (0x5e571c)
LDR: ! Imported function 'cellGcmSetSecondVFrequency' in 'cellGcmSys' module (0x5e573c)
LDR: ! Imported function 'cellGcmGetTimeStamp' in 'cellGcmSys' module (0x5e575c)
LDR: ! Imported function 'cellGcmGetDefaultCommandWordSize' in 'cellGcmSys' module (0x5e577c)
LDR: ! Imported function 'cellGcmGetLastFlipTime' in 'cellGcmSys' module (0x5e579c)
LDR: ! Imported function 'cellGcmGetFlipStatus' in 'cellGcmSys' module (0x5e57bc)
LDR: ! Imported function 'cellGcmGetDefaultSegmentWordSize' in 'cellGcmSys' module (0x5e57dc)
LDR: ! Imported function 'cellGcmGetReport' in 'cellGcmSys' module (0x5e57fc)
LDR: ! Imported function 'cellGcmSetDefaultFifoSize' in 'cellGcmSys' module (0x5e581c)
LDR: ! Imported function 'cellGcmBindZcull' in 'cellGcmSys' module (0x5e583c)
LDR: ! Imported function 'cellGcmSetFlipHandler' in 'cellGcmSys' module (0x5e585c)
LDR: ! Imported function 'cellGcmSetDisplayBuffer' in 'cellGcmSys' module (0x5e587c)
LDR: ! Imported function 'cellGcmGetControlRegister' in 'cellGcmSys' module (0x5e589c)
LDR: ! Imported function 'cellGcmUnbindZcull' in 'cellGcmSys' module (0x5e58bc)
LDR: ! Imported function 'cellGcmSetVBlankHandler' in 'cellGcmSys' module (0x5e58dc)
LDR: ! Imported function 'cellGcmResetFlipStatus' in 'cellGcmSys' module (0x5e58fc)
LDR: ! Imported function 'cellGcmSetTileInfo' in 'cellGcmSys' module (0x5e591c)
LDR: ! Imported function 'cellGcmInitDefaultFifoMode' in 'cellGcmSys' module (0x5e593c)
LDR: ! Imported function '_cellGcmSetFlipCommandWithWaitLabel' in 'cellGcmSys' module (0x5e595c)
LDR: ! Imported function 'cellGcmUnbindTile' in 'cellGcmSys' module (0x5e597c)
LDR: ! Imported function 'cellGcmSetSecondVHandler' in 'cellGcmSys' module (0x5e599c)
LDR: ! Imported function 'cellGcmGetConfiguration' in 'cellGcmSys' module (0x5e59bc)
LDR: ! Imported function 'cellGcmGetLabelAddress' in 'cellGcmSys' module (0x5e59dc)

LDR: ! Imported function 'cellSyncBarrierInitialize' in 'cellSync' module (0x5e59fc)
LDR: ! Imported function 'cellSyncBarrierTryNotify' in 'cellSync' module (0x5e5a1c)
LDR: ! Imported function 'cellSyncBarrierTryWait' in 'cellSync' module (0x5e5a3c)
LDR: ! Imported function 'cellSyncLFQueueGetDirection' in 'cellSync' module (0x5e5a5c)

LDR: ! Imported function 'cellFiberPpuUtilWorkerControlRunFibers' in 'cellFiber' module (0x5e5a7c)
LDR: ! Imported function 'cellFiberPpuUtilWorkerControlJoinFiber' in 'cellFiber' module (0x5e5a9c)
LDR: ! Imported function '_cellFiberPpuUtilWorkerControlAttributeInitialize' in 'cellFiber' module (0x5e5abc)
LDR: ! Imported function 'cellFiberPpuUtilWorkerControlFinalize' in 'cellFiber' module (0x5e5adc)
LDR: ! Imported function 'cellFiberPpuUtilWorkerControlWakeup' in 'cellFiber' module (0x5e5afc)
LDR: ! Imported function 'cellFiberPpuUtilWorkerControlCreateFiber' in 'cellFiber' module (0x5e5b1c)
LDR: ! Imported function 'cellFiberPpuUtilWorkerControlShutdown' in 'cellFiber' module (0x5e5b3c)
LDR: ! Imported function '_cellFiberPpuAttributeInitialize' in 'cellFiber' module (0x5e5b5c)
LDR: ! Imported function 'cellFiberPpuUtilWorkerControlInitializeWithAttribute' in 'cellFiber' module (0x5e5b7c)
LDR: ! Imported function '_cellFiberPpuInitialize' in 'cellFiber' module (0x5e5b9c)

LDR: ! Imported function 'cellGameContentPermit' in 'cellGame' module (0x5e5bbc)
LDR: ! Imported function 'cellGameContentErrorDialog' in 'cellGame' module (0x5e5bdc)
LDR: ! Imported function 'cellGameBootCheck' in 'cellGame' module (0x5e5bfc)

LDR: ! Imported function 'sceNpTerm' in 'sceNp' module (0x5e5c1c)
LDR: ! Imported function 'sceNpDrmIsAvailable' in 'sceNp' module (0x5e5c3c)
LDR: ! Imported function 'sceNpInit' in 'sceNp' module (0x5e5c5c

LDR: ! Imported function 'cellNetCtlTerm' in 'cellNetCtl' module (0x5e5c7c)
LDR: ! Imported function 'cellNetCtlInit' in 'cellNetCtl' module (0x5e5c9c)

LDR: ! Imported function 'sys_net_initialize_network_ex' in 'sys_net' module (0x5e5cbc)
LDR: ! Imported function 'sys_net_finalize_network' in 'sys_net' module (0x5e5cdc)

LDR: ! Imported function 'sceNpTrophyRegisterContext' in 'sceNpTrophy' module (0x5e5cfc)
LDR: ! Imported function 'sceNpTrophyCreateHandle' in 'sceNpTrophy' module (0x5e5d1c)
LDR: ! Imported function 'sceNpTrophySetSoundLevel' in 'sceNpTrophy' module (0x5e5d3c)
LDR: ! Imported function 'sceNpTrophyGetRequiredDiskSpace' in 'sceNpTrophy' module (0x5e5d5c)
LDR: ! Imported function 'sceNpTrophyInit' in 'sceNpTrophy' module (0x5e5d7c)
LDR: ! Imported function 'sceNpTrophyUnlockTrophy' in 'sceNpTrophy' module (0x5e5d9c)
LDR: ! Imported function 'sceNpTrophyTerm' in 'sceNpTrophy' module (0x5e5dbc)
LDR: ! Imported function 'sceNpTrophyGetTrophyUnlockState' in 'sceNpTrophy' module (0x5e5ddc)
LDR: ! Imported function 'sceNpTrophyCreateContext' in 'sceNpTrophy' module (0x5e5dfc)

LDR: ! Imported function 'cellGemUpdateStart' in 'libgem' module (0x5e5e1c)
LDR: ! Imported function 'cellGemInit' in 'libgem' module (0x5e5e3c)
LDR: ! Imported function 'cellGemConvertVideoFinish' in 'libgem' module (0x5e5e5c)
LDR: ! Imported function 'cellGemGetMemorySize' in 'libgem' module (0x5e5e7c)
LDR: ! Imported function 'cellGemUpdateFinish' in 'libgem' module (0x5e5e9c)
LDR: ! Imported function 'cellGemSetRumble' in 'libgem' module (0x5e5ebc)
LDR: ! Imported function 'cellGemGetState' in 'libgem' module (0x5e5edc)
LDR: ! Imported function 'cellGemConvertVideoStart' in 'libgem' module (0x5e5efc)
LDR: ! Imported function 'cellGemTrackHues' in 'libgem' module (0x5e5f1c)
LDR: ! Imported function 'cellGemGetImageState' in 'libgem' module (0x5e5f3c)
LDR: ! Imported function 'cellGemGetInfo' in 'libgem' module (0x5e5f5c)
LDR: ! Imported function 'cellGemPrepareCamera' in 'libgem' module (0x5e5f7c)
LDR: ! Imported function 'cellGemCalibrate' in 'libgem' module (0x5e5f9c)
LDR: ! Imported function 'cellGemPrepareVideoConvert' in 'libgem' module (0x5e5fbc)
LDR: ! Imported function 'cellGemForceRGB' in 'libgem' module (0x5e5fdc)
LDR: ! Imported function 'cellGemGetInertialState' in 'libgem' module (0x5e5ffc)
LDR: ! Imported function 'cellGemEnd' in 'libgem' module (0x5e601c)
LDR: ! Imported function 'cellGemInvalidateCalibration' in 'libgem' module (0x5e603c)
LDR: ! Imported function 'cellGemGetStatusFlags' in 'libgem' module (0x5e605c)

LDR: ! Imported function 'cellCameraGetBufferInfoEx' in 'cellCamera' module (0x5e607c)
LDR: ! Imported function 'cellCameraReadEx' in 'cellCamera' module (0x5e609c)
LDR: ! Imported function 'cellCameraClose' in 'cellCamera' module (0x5e60bc)
LDR: ! Imported function 'cellCameraRemoveNotifyEventQueue2' in 'cellCamera' module (0x5e60dc)
LDR: ! Imported function 'cellCameraStart' in 'cellCamera' module (0x5e60fc)
LDR: ! Imported function 'cellCameraGetType' in 'cellCamera' module (0x5e611c)
LDR: ! Imported function 'cellCameraEnd' in 'cellCamera' module (0x5e613c)
LDR: ! Imported function 'cellCameraOpenEx' in 'cellCamera' module (0x5e615c)
LDR: ! Imported function 'cellCameraIsStarted' in 'cellCamera' module (0x5e617c)
LDR: ! Imported function 'cellCameraReset' in 'cellCamera' module (0x5e619c)
LDR: ! Imported function 'cellCameraSetAttribute' in 'cellCamera' module (0x5e61bc)
LDR: ! Imported function 'cellCameraSetNotifyEventQueue2' in 'cellCamera' module (0x5e61dc)
LDR: ! Imported function 'cellCameraInit' in 'cellCamera' module (0x5e61fc)
LDR: ! Imported function 'cellCameraIsOpen' in 'cellCamera' module (0x5e621c)

LDR: ! Imported function 'cellAudioInit' in 'cellAudio' module (0x5e63dc)
LDR: ! Imported function 'cellAudioSetNotifyEventQueue' in 'cellAudio' module (0x5e63fc)
LDR: ! Imported function 'cellAudioGetPortTimestamp' in 'cellAudio' module (0x5e641c)
LDR: ! Imported function 'cellAudioPortClose' in 'cellAudio' module (0x5e643c)
LDR: ! Imported function 'cellAudioPortStop' in 'cellAudio' module (0x5e645c)
LDR: ! Imported function 'cellAudioGetPortConfig' in 'cellAudio' module (0x5e647c)
LDR: ! Imported function 'cellAudioPortStart' in 'cellAudio' module (0x5e649c)
LDR: ! Imported function 'cellAudioQuit' in 'cellAudio' module (0x5e64bc)
LDR: ! Imported function 'cellAudioPortOpen' in 'cellAudio' module (0x5e64dc)
LDR: ! Imported function 'cellAudioGetPortBlockTag' in 'cellAudio' module (0x5e64fc)
LDR: ! Imported function 'cellAudioRemoveNotifyEventQueue' in 'cellAudio' module (0x5e651c)