·! LDR: **** sysPrxForUser import: [sys_lwmutex_lock] -> 0x8393cc
·! LDR: **** sysPrxForUser import: [sys_lwmutex_unlock] -> 0x8393ec
·! LDR: **** sysPrxForUser import: [sys_ppu_thread_create] -> 0x83940c
·! LDR: **** sysPrxForUser import: [_sys_process_atexitspawn] -> 0x83942c
·! LDR: **** sysPrxForUser import: [sys_lwmutex_create] -> 0x83944c
·! LDR: **** sysPrxForUser import: [sys_mmapper_free_memory] -> 0x83946c
·! LDR: **** sysPrxForUser import: [sys_mmapper_unmap_memory] -> 0x83948c
·! LDR: **** sysPrxForUser import: [sys_initialize_tls] -> 0x8394ac
·! LDR: **** sysPrxForUser import: [sys_time_get_system_time] -> 0x8394cc
·! LDR: **** sysPrxForUser import: [sys_prx_exitspawn_with_level] -> 0x8394ec
·! LDR: **** sysPrxForUser import: [sys_ppu_thread_exit] -> 0x83950c
·! LDR: **** sysPrxForUser import: [sys_mmapper_allocate_memory] -> 0x83952c
·! LDR: **** sysPrxForUser import: [sys_lwmutex_destroy] -> 0x83954c
·! LDR: **** sysPrxForUser import: [sys_mmapper_map_memory] -> 0x83956c
·! LDR: **** sysPrxForUser import: [sys_process_exit] -> 0x83958c
·! LDR: **** sysPrxForUser import: [sys_game_process_exitspawn] -> 0x8395ac
·! LDR: **** sysPrxForUser import: [sys_ppu_thread_get_id] -> 0x839e6c
·! LDR: **** sysPrxForUser import: [sys_process_is_stack] -> 0x839e8c
·! LDR: **** sysPrxForUser import: [sys_lwmutex_trylock] -> 0x839eac
·! LDR: ** Imported module 'sys_fs' (0x0, 0x0)
·! LDR: **** sys_fs import: [cellFsClose] -> 0x8395cc
·! LDR: **** sys_fs import: [cellFsRead] -> 0x8395ec
·! LDR: **** sys_fs import: [cellFsOpen] -> 0x83960c
·! LDR: **** sys_fs import: [cellFsStat] -> 0x83962c
·! LDR: **** sys_fs import: [cellFsUnlink] -> 0x83964c
·! LDR: **** sys_fs import: [cellFsMkdir] -> 0x83966c
·! LDR: **** sys_fs import: [cellFsWrite] -> 0x83968c
·! LDR: **** sys_fs import: [cellFsFstat] -> 0x8396ac
·! LDR: **** sys_fs import: [cellFsRmdir] -> 0x839ecc
·! LDR: **** sys_fs import: [cellFsOpendir] -> 0x839eec
·! LDR: **** sys_fs import: [cellFsReaddir] -> 0x839f0c
·! LDR: **** sys_fs import: [cellFsFsync] -> 0x839f2c
·! LDR: **** sys_fs import: [cellFsLseek] -> 0x839f4c
·! LDR: **** sys_fs import: [cellFsClosedir] -> 0x839f6c
·! LDR: ** Imported module 'sys_io' (0x0, 0x0)
·! LDR: **** sys_io import: [cellPadInfoPressMode] -> 0x8396cc
·! LDR: **** sys_io import: [cellPadInit] -> 0x8396ec
·! LDR: **** sys_io import: [cellPadGetInfo] -> 0x83970c
·! LDR: **** sys_io import: [cellPadEnd] -> 0x83972c
·! LDR: **** sys_io import: [cellPadInfoSensorMode] -> 0x83974c
·! LDR: **** sys_io import: [cellPadGetData] -> 0x83976c
·! LDR: **** sys_io import: [cellPadSetSensorMode] -> 0x83978c
·! LDR: **** sys_io import: [cellPadSetActDirect] -> 0x8397ac
·! LDR: **** sys_io import: [cellPadSetPressMode] -> 0x8397cc
·! LDR: ** Imported module 'cellGcmSys' (0x0, 0x0)
·! LDR: **** cellGcmSys import: [cellGcmGetTiledPitchSize] -> 0x8397ec
·! LDR: **** cellGcmSys import: [_cellGcmInitBody] -> 0x83980c
·! LDR: **** cellGcmSys import: [cellGcmAddressToOffset] -> 0x83982c
·! LDR: **** cellGcmSys import: [_cellGcmFunc15] -> 0x83984c
·! LDR: **** cellGcmSys import: [cellGcmSetFlipMode] -> 0x83986c
·! LDR: **** cellGcmSys import: [cellGcmMapEaIoAddress] -> 0x83988c
·! LDR: **** cellGcmSys import: [cellGcmSetWaitFlip] -> 0x8398ac
·! LDR: **** cellGcmSys import: [cellGcmSetDisplayBuffer] -> 0x8398cc
·! LDR: **** cellGcmSys import: [cellGcmGetControlRegister] -> 0x8398ec
·! LDR: **** cellGcmSys import: [cellGcmSetVBlankHandler] -> 0x83990c
·! LDR: **** cellGcmSys import: [cellGcmSetTile] -> 0x83992c
·! LDR: **** cellGcmSys import: [cellGcmSetZcull] -> 0x83994c
·! LDR: **** cellGcmSys import: [cellGcmSetFlip] -> 0x83996c
·! LDR: **** cellGcmSys import: [cellGcmGetConfiguration] -> 0x83998c
·! LDR: **** cellGcmSys import: [cellGcmGetLabelAddress] -> 0x8399ac
·! LDR: ** Imported module 'cellAudio' (0x0, 0x0)
·! LDR: **** cellAudio import: [cellAudioInit] -> 0x8399cc
·! LDR: **** cellAudio import: [cellAudioQuit] -> 0x8399ec
·! LDR: **** cellAudio import: [cellAudioPortClose] -> 0x839f8c
·! LDR: **** cellAudio import: [cellAudioPortStop] -> 0x839fac
·! LDR: **** cellAudio import: [cellAudioGetPortConfig] -> 0x839fcc
·! LDR: **** cellAudio import: [cellAudioPortStart] -> 0x839fec
·! LDR: **** cellAudio import: [cellAudioPortOpen] -> 0x83a00c
·! LDR: ** Imported module 'cellSysutil' (0x0, 0x0)
·! LDR: **** cellSysutil import: [cellVideoOutConfigure] -> 0x839a0c
·! LDR: **** cellSysutil import: [cellSysutilCheckCallback] -> 0x839a2c
·! LDR: **** cellSysutil import: [cellSaveDataListLoad2] -> 0x839a4c
·! LDR: **** cellSysutil import: [cellSysCacheMount] -> 0x839a6c
·! LDR: **** cellSysutil import: [cellSaveDataListAutoLoad] -> 0x839a8c
·! LDR: **** cellSysutil import: [cellSaveDataListSave2] -> 0x839aac
·! LDR: **** cellSysutil import: [cellSysutilGetSystemParamInt] -> 0x839acc
·! LDR: **** cellSysutil import: [cellAudioOutConfigure] -> 0x839aec
·! LDR: **** cellSysutil import: [cellSaveDataListAutoSave] -> 0x839b0c
·! LDR: **** cellSysutil import: [cellSysCacheClear] -> 0x839b2c
·! LDR: **** cellSysutil import: [cellVideoOutGetState] -> 0x839b4c
·! LDR: **** cellSysutil import: [cellSysutilRegisterCallback] -> 0x839b6c
·! LDR: **** cellSysutil import: [cellVideoOutGetResolutionAvailability] -> 0x839b8c
·! LDR: **** cellSysutil import: [cellDiscGameGetBootDiscInfo] -> 0x839bac
·! LDR: **** cellSysutil import: [cellAudioOutGetSoundAvailability] -> 0x839bcc
·! LDR: **** cellSysutil import: [cellGameDataCheckCreate2] -> 0x839bec
·! LDR: **** cellSysutil import: [cellVideoOutGetResolution] -> 0x839c0c
·! LDR: **** cellSysutil import: [cellGameDataCheckCreate] -> 0x839c2c
·! LDR: **** cellSysutil import: [cellSaveDataDelete2] -> 0x839c4c
·! LDR: ** Imported module 'cellSysmodule' (0x0, 0x0)
·! LDR: **** cellSysmodule import: [cellSysmoduleUnloadModule] -> 0x839c6c
·! LDR: **** cellSysmodule import: [cellSysmoduleLoadModule] -> 0x839c8c
·! LDR: **** cellSysmodule import: [cellSysmoduleInitialize] -> 0x839cac
·! LDR: ** Imported module 'cellSpurs' (0x0, 0x0)
·! LDR: **** cellSpurs import: [_cellSpursTasksetAttributeInitialize] -> 0x839ccc
·! LDR: **** cellSpurs import: [cellSpursEventFlagDetachLv2EventQueue] -> 0x839cec
·! LDR: **** cellSpurs import: [cellSpursEventFlagWait] -> 0x839d0c
·! LDR: **** cellSpurs import: [cellSpursEventFlagClear] -> 0x839d2c
·! LDR: **** cellSpurs import: [_cellSpursEventFlagInitialize] -> 0x839d4c
·! LDR: **** cellSpurs import: [cellSpursTasksetAttributeSetName] -> 0x839d6c
·! LDR: **** cellSpurs import: [cellSpursEventFlagAttachLv2EventQueue] -> 0x839d8c
·! LDR: **** cellSpurs import: [_cellSpursAttributeInitialize] -> 0x839dac
·! LDR: **** cellSpurs import: [cellSpursJoinTaskset] -> 0x839dcc
·! LDR: **** cellSpurs import: [cellSpursShutdownTaskset] -> 0x839dec
·! LDR: **** cellSpurs import: [cellSpursInitializeWithAttribute] -> 0x839e0c
·! LDR: **** cellSpurs import: [cellSpursCreateTasksetWithAttribute] -> 0x839e2c
·! LDR: **** cellSpurs import: [cellSpursFinalize] -> 0x839e4c
·! LDR: **** cellSpurs import: [_cellSpursLFQueueInitialize] -> 0x83a02c
·! LDR: **** cellSpurs import: [cellSpursLFQueueAttachLv2EventQueue] -> 0x83a04c
·! LDR: **** cellSpurs import: [cellSpursRequestIdleSpu] -> 0x83a06c
·! LDR: **** cellSpurs import: [cellSpursGetInfo] -> 0x83a08c
·! LDR: **** cellSpurs import: [cellSpursWorkloadAttributeSetName] -> 0x83a0ac
·! LDR: **** cellSpurs import: [cellSpursDetachLv2EventQueue] -> 0x83a0cc
·! LDR: **** cellSpurs import: [cellSpursRemoveWorkload] -> 0x83a0ec
·! LDR: **** cellSpurs import: [cellSpursWaitForWorkloadShutdown] -> 0x83a10c
·! LDR: **** cellSpurs import: [cellSpursLFQueueDetachLv2EventQueue] -> 0x83a12c
·! LDR: **** cellSpurs import: [cellSpursSetPriorities] -> 0x83a14c
·! LDR: **** cellSpurs import: [_cellSpursLFQueuePushBody] -> 0x83a16c
·! LDR: **** cellSpurs import: [cellSpursShutdownWorkload] -> 0x83a18c
·! LDR: **** cellSpurs import: [cellSpursAttachLv2EventQueue] -> 0x83a1ac
·! LDR: **** cellSpurs import: [cellSpursCreateTask] -> 0x83a1cc
·! LDR: **** cellSpurs import: [cellSpursAddWorkloadWithAttribute] -> 0x83a1ec
·! LDR: **** cellSpurs import: [cellSpursSetExceptionEventHandler] -> 0x83a20c
·! LDR: **** cellSpurs import: [_cellSpursWorkloadAttributeInitialize] -> 0x83a22c
·! LDR: **** cellSpurs import: [cellSpursReadyCountStore] -> 0x83a24c
·! LDR: ** Imported module 'cellSync' (0x0, 0x0)
·! LDR: **** cellSync import: [cellSyncLFQueueGetDirection] -> 0x83a26c