·! LDR: Imported function 'cellSysmoduleUnloadModule' in 'cellSysmodule' module (0x7dba10)
·! LDR: Imported function 'cellSysmoduleLoadModule' in 'cellSysmodule' module (0x7dba30)
·! LDR: Imported function 'cellSysmoduleInitialize' in 'cellSysmodule' module (0x7dba50)
·! LDR: Imported function 'cellSysmoduleFinalize' in 'cellSysmodule' module (0x7dba70)
·! LDR: Imported function 'cellSysmoduleIsLoaded' in 'cellSysmodule' module (0x7dd8f0)

·! LDR: Imported function 'cellGcmGetTiledPitchSize' in 'cellGcmSys' module (0x7dba90)
·! LDR: Imported function '_cellGcmInitBody' in 'cellGcmSys' module (0x7dbab0)
·! LDR: Imported function 'cellGcmAddressToOffset' in 'cellGcmSys' module (0x7dbad0)
·! LDR: Imported function '_cellGcmFunc15' in 'cellGcmSys' module (0x7dbaf0)
·! LDR: Imported function 'cellGcmBindTile' in 'cellGcmSys' module (0x7dbb10)
·! LDR: Imported function 'cellGcmGetDefaultCommandWordSize' in 'cellGcmSys' module (0x7dbb30)
·! LDR: Imported function 'cellGcmGetLastFlipTime' in 'cellGcmSys' module (0x7dbb50)
·! LDR: Imported function 'cellGcmGetDefaultSegmentWordSize' in 'cellGcmSys' module (0x7dbb70)
·! LDR: Imported function 'cellGcmSetDefaultFifoSize' in 'cellGcmSys' module (0x7dbb90)
·! LDR: Imported function 'cellGcmGetControlRegister' in 'cellGcmSys' module (0x7dbbb0)
·! LDR: Imported function 'cellGcmSetTileInfo' in 'cellGcmSys' module (0x7dbbd0)
·! LDR: Imported function 'cellGcmUnbindTile' in 'cellGcmSys' module (0x7dbbf0)
·! LDR: Imported function 'cellGcmGetConfiguration' in 'cellGcmSys' module (0x7dbc10)
·! LDR: Imported function 'cellGcmGetLabelAddress' in 'cellGcmSys' module (0x7dbc30)
·! LDR: Imported function 'cellGcmSetUserHandler' in 'cellGcmSys' module (0x7dcef0)
·! LDR: Imported function '_cellGcmSetFlipCommand' in 'cellGcmSys' module (0x7dcf10)
·! LDR: Imported function 'cellGcmSetFlipMode' in 'cellGcmSys' module (0x7dcf30)
·! LDR: Imported function 'cellGcmGetFlipStatus' in 'cellGcmSys' module (0x7dcf50)
·! LDR: Imported function 'cellGcmGetReportDataAddress' in 'cellGcmSys' module (0x7dcf70)
·! LDR: Imported function 'cellGcmBindZcull' in 'cellGcmSys' module (0x7dcf90)
·! LDR: Imported function 'cellGcmSetFlipHandler' in 'cellGcmSys' module (0x7dcfb0)
·! LDR: Imported function 'cellGcmSetDisplayBuffer' in 'cellGcmSys' module (0x7dcfd0)
·! LDR: Imported function 'cellGcmUnbindZcull' in 'cellGcmSys' module (0x7dcff0)
·! LDR: Imported function 'cellGcmSetVBlankHandler' in 'cellGcmSys' module (0x7dd010)
·! LDR: Imported function 'cellGcmResetFlipStatus' in 'cellGcmSys' module (0x7dd030)
·! LDR: Imported function 'cellGcmSetGraphicsHandler' in 'cellGcmSys' module (0x7dd050)
·! LDR: Imported function '_cellGcmSetFlipCommandWithWaitLabel' in 'cellGcmSys' module (0x7dd070)
·! LDR: Imported function 'cellGcmSetVBlankFrequency' in 'cellGcmSys' module (0x7dd090)

·! LDR: Imported function 'sys_lwmutex_lock' in 'sysPrxForUser' module (0x7dbc50)
·! LDR: Imported function 'sys_lwmutex_unlock' in 'sysPrxForUser' module (0x7dbc70)
·! LDR: Imported function 'sys_ppu_thread_create' in 'sysPrxForUser' module (0x7dbc90)
·! LDR: Imported function '_sys_process_atexitspawn' in 'sysPrxForUser' module (0x7dbcb0)
·! LDR: Imported function 'sys_lwmutex_create' in 'sysPrxForUser' module (0x7dbcd0)
·! LDR: Imported function 'sys_ppu_thread_get_id' in 'sysPrxForUser' module (0x7dbcf0)
·! LDR: Imported function 'sys_prx_register_library' in 'sysPrxForUser' module (0x7dbd10)
·! LDR: Imported function 'sys_initialize_tls' in 'sysPrxForUser' module (0x7dbd30)
·! LDR: Imported function 'sys_time_get_system_time' in 'sysPrxForUser' module (0x7dbd50)
·! LDR: Imported function '_sys_process_at_Exitspawn' in 'sysPrxForUser' module (0x7dbd70)
·! LDR: Imported function 'sys_prx_exitspawn_with_level' in 'sysPrxForUser' module (0x7dbd90)
·! LDR: Imported function 'sys_ppu_thread_exit' in 'sysPrxForUser' module (0x7dbdb0)
·! LDR: Imported function 'sys_lwmutex_destroy' in 'sysPrxForUser' module (0x7dbdd0)
·! LDR: Imported function 'sys_process_exit' in 'sysPrxForUser' module (0x7dbdf0)
·! LDR: Imported function 'sys_lwcond_destroy' in 'sysPrxForUser' module (0x7dddb0)
·! LDR: Imported function 'sys_lwcond_wait' in 'sysPrxForUser' module (0x7dddd0)
·! LDR: Imported function 'sys_lwcond_signal_to' in 'sysPrxForUser' module (0x7dddf0)
·! LDR: Imported function 'sys_lwcond_create' in 'sysPrxForUser' module (0x7dde10)
·! LDR: Imported function 'sys_lwcond_signal' in 'sysPrxForUser' module (0x7dde30)

·! LDR: Imported function 'cellFsReadWithOffset' in 'sys_fs' module (0x7dbe10)
·! LDR: Imported function 'cellFsClose' in 'sys_fs' module (0x7dbe30)
·! LDR: Imported function 'cellFsAioWrite' in 'sys_fs' module (0x7dbe50)
·! LDR: Imported function 'cellFsRead' in 'sys_fs' module (0x7dbe70)
·! LDR: Imported function 'cellFsOpen' in 'sys_fs' module (0x7dbe90)
·! LDR: Imported function 'cellFsStat' in 'sys_fs' module (0x7dbeb0)
·! LDR: Imported function 'cellFsAioCancel' in 'sys_fs' module (0x7dbed0)
·! LDR: Imported function 'cellFsWriteWithOffset' in 'sys_fs' module (0x7dbef0)
·! LDR: Imported function 'cellFsAioFinish' in 'sys_fs' module (0x7dbf10)
·! LDR: Imported function 'cellFsLseek' in 'sys_fs' module (0x7dbf30)
·! LDR: Imported function 'cellFsMkdir' in 'sys_fs' module (0x7dbf50)
·! LDR: Imported function 'cellFsAioRead' in 'sys_fs' module (0x7dbf70)
·! LDR: Imported function 'cellFsAioInit' in 'sys_fs' module (0x7dbf90)
·! LDR: Imported function 'cellFsWrite' in 'sys_fs' module (0x7dbfb0)
·! LDR: Imported function 'cellFsFstat' in 'sys_fs' module (0x7dbfd0)

·! LDR: Imported function 'cellSysutilUnregisterCallback' in 'cellSysutil' module (0x7dbff0)
·! LDR: Imported function 'cellVideoOutConfigure' in 'cellSysutil' module (0x7dc010)
·! LDR: Imported function 'cellSysutilCheckCallback' in 'cellSysutil' module (0x7dc030)
·! LDR: Imported function 'cellVideoOutGetDeviceInfo' in 'cellSysutil' module (0x7dc050)
·! LDR: Imported function 'cellSysutilEnableBgmPlayback' in 'cellSysutil' module (0x7dc070)
·! LDR: Imported function 'cellSysutilGetSystemParamInt' in 'cellSysutil' module (0x7dc090)
·! LDR: Imported function 'cellVideoOutGetNumberOfDevice' in 'cellSysutil' module (0x7dc0b0)
·! LDR: Imported function 'cellVideoOutGetState' in 'cellSysutil' module (0x7dc0d0)
·! LDR: Imported function 'cellSaveDataAutoSave2' in 'cellSysutil' module (0x7dc0f0)
·! LDR: Imported function 'cellSysutilGetSystemParamString' in 'cellSysutil' module (0x7dc110)
·! LDR: Imported function 'cellSysutilRegisterCallback' in 'cellSysutil' module (0x7dc130)
·! LDR: Imported function 'cellVideoOutGetResolutionAvailability' in 'cellSysutil' module (0x7dc150)
·! LDR: Imported function 'cellSysconfOpen' in 'cellSysutil' module (0x7dc170)
·! LDR: Imported function 'cellSysutilDisableBgmPlayback' in 'cellSysutil' module (0x7dc190)
·! LDR: Imported function 'cellVideoOutGetResolution' in 'cellSysutil' module (0x7dc1b0)
·! LDR: Imported function 'cellSaveDataAutoLoad2' in 'cellSysutil' module (0x7dc1d0)
·! LDR: Imported function 'cellMsgDialogOpenErrorCode' in 'cellSysutil' module (0x7dd2d0)
·! LDR: Imported function 'cellMsgDialogOpenSimulViewWarning' in 'cellSysutil' module (0x7dd2f0)
·! LDR: Imported function 'cellMsgDialogAbort' in 'cellSysutil' module (0x7dd310)
·! LDR: Imported function 'cellMsgDialogOpen2' in 'cellSysutil' module (0x7dd330)
·! LDR: Imported function 'cellSysutilGetBgmPlaybackStatus' in 'cellSysutil' module (0x7dde50)
·! LDR: Imported function 'cellAudioOutGetState' in 'cellSysutil' module (0x7dde70)

·! LDR: Imported function 'cellGameContentPermit' in 'cellGame' module (0x7dc1f0)
·! LDR: Imported function 'cellGameContentErrorDialog' in 'cellGame' module (0x7dc210)
·! LDR: Imported function 'cellGameBootCheck' in 'cellGame' module (0x7dc230)

·! LDR: Imported function 'sceNpBasicGetFriendListEntry' in 'sceNp' module (0x7dc250)
·! LDR: Imported function 'sceNpScoreGetRankingByRangeAsync' in 'sceNp' module (0x7dc270)
·! LDR: Imported function 'sceNpScoreDestroyTitleCtx' in 'sceNp' module (0x7dc290)
·! LDR: Imported function 'sceNpScoreInit' in 'sceNp' module (0x7dc2b0)
·! LDR: Imported function 'sceNpLookupAbortTransaction' in 'sceNp' module (0x7dc2d0)
·! LDR: Imported function 'sceNpScoreGetRankingByNpIdAsync' in 'sceNp' module (0x7dc2f0)
·! LDR: Imported function 'sceNpBasicRegisterContextSensitiveHandler' in 'sceNp' module (0x7dc310)
·! LDR: Imported function 'sceNpManagerGetCachedInfo' in 'sceNp' module (0x7dc330)
·! LDR: Imported function 'sceNpManagerUnregisterCallback' in 'sceNp' module (0x7dc350)
·! LDR: Imported function 'sceNpLookupDestroyTitleCtx' in 'sceNp' module (0x7dc370)
·! LDR: Imported function 'sceNpLookupInit' in 'sceNp' module (0x7dc390)
·! LDR: Imported function 'sceNpBasicGetFriendPresenceByIndex2' in 'sceNp' module (0x7dc3b0)
·! LDR: Imported function 'sceNpBasicRecvMessageAttachmentLoad' in 'sceNp' module (0x7dc3d0)
·! LDR: Imported function 'sceNpManagerGetContentRatingFlag' in 'sceNp' module (0x7dc3f0)
·! LDR: Imported function 'sceNpScoreCreateTransactionCtx' in 'sceNp' module (0x7dc410)
·! LDR: Imported function 'sceNpBasicGetBlockListEntryCount' in 'sceNp' module (0x7dc430)
·! LDR: Imported function 'sceNpLookupPollAsync' in 'sceNp' module (0x7dc450)
·! LDR: Imported function 'sceNpLookupTerm' in 'sceNp' module (0x7dc470)
·E LDR: Unknown function '0x8C760B52' in 'sceNp' module (0x7dc490)
·! LDR: Imported function 'sceNpScoreTerm' in 'sceNp' module (0x7dc4b0)
·! LDR: Imported function 'sceNpScorePollAsync' in 'sceNp' module (0x7dc4d0)
·! LDR: Imported function 'sceNpManagerGetStatus' in 'sceNp' module (0x7dc4f0)
·! LDR: Imported function 'sceNpBasicUnregisterHandler' in 'sceNp' module (0x7dc510)
·! LDR: Imported function 'sceNpDrmIsAvailable' in 'sceNp' module (0x7dc530)
·! LDR: Imported function 'sceNpBasicGetFriendListEntryCount' in 'sceNp' module (0x7dc550)
·! LDR: Imported function 'sceNpManagerGetAccountRegion' in 'sceNp' module (0x7dc570)
·! LDR: Imported function 'sceNpScoreCreateTitleCtx' in 'sceNp' module (0x7dc590)
·! LDR: Imported function 'sceNpScoreDestroyTransactionCtx' in 'sceNp' module (0x7dc5b0)
·! LDR: Imported function 'sceNpLookupCreateTitleCtx' in 'sceNp' module (0x7dc5d0)
·! LDR: Imported function 'sceNpProfileCallGui' in 'sceNp' module (0x7dc5f0)
·! LDR: Imported function 'sceNpUtilCmpNpId' in 'sceNp' module (0x7dc610)
·! LDR: Imported function 'sceNpBasicGetEvent' in 'sceNp' module (0x7dc630)
·! LDR: Imported function 'sceNpManagerRegisterCallback' in 'sceNp' module (0x7dc650)
·! LDR: Imported function 'sceNpLookupCreateTransactionCtx' in 'sceNp' module (0x7dc670)
·! LDR: Imported function 'sceNpManagerGetChatRestrictionFlag' in 'sceNp' module (0x7dc690)
·! LDR: Imported function 'sceNpScoreAbortTransaction' in 'sceNp' module (0x7dc6b0)
·! LDR: Imported function 'sceNpScoreRecordScoreAsync' in 'sceNp' module (0x7dc6d0)
·! LDR: Imported function 'sceNpBasicGetBlockListEntry' in 'sceNp' module (0x7dc6f0)
·! LDR: Imported function 'sceNpLookupDestroyTransactionCtx' in 'sceNp' module (0x7dc710)
·! LDR: Imported function 'sceNpManagerGetNpId' in 'sceNp' module (0x7dc730)
·! LDR: Imported function 'sceNpLookupUserProfileAsync' in 'sceNp' module (0x7dc750)
·! LDR: Imported function 'sceNpBasicSendMessageGui' in 'sceNp' module (0x7dd350)
·! LDR: Imported function 'sceNpBasicRecvMessageCustom' in 'sceNp' module (0x7dd370)

·! LDR: Imported function 'sceNpMatching2SignalingGetConnectionStatus' in 'sceNp2' module (0x7dc770)
·! LDR: Imported function 'sceNpMatching2Term2' in 'sceNp2' module (0x7dc790)
·! LDR: Imported function 'sceNpMatching2GetEventData' in 'sceNp2' module (0x7dc7b0)
·! LDR: Imported function 'sceNp2Init' in 'sceNp2' module (0x7dc7d0)
·! LDR: Imported function 'sceNpMatching2RegisterSignalingCallback' in 'sceNp2' module (0x7dc7f0)
·! LDR: Imported function 'sceNp2Term' in 'sceNp2' module (0x7dc810)
·! LDR: Imported function 'sceNpMatching2SetDefaultRequestOptParam' in 'sceNp2' module (0x7dc830)
·! LDR: Imported function 'sceNpMatching2RegisterRoomEventCallback' in 'sceNp2' module (0x7dc850)
·! LDR: Imported function 'sceNpMatching2Init2' in 'sceNp2' module (0x7dc870)
·! LDR: Imported function 'sceNpMatching2RegisterRoomMessageCallback' in 'sceNp2' module (0x7dc890)
·! LDR: Imported function 'sceNpMatching2DestroyContext' in 'sceNp2' module (0x7dd390)
·! LDR: Imported function 'sceNpMatching2GetWorldInfoList' in 'sceNp2' module (0x7dd3b0)
·! LDR: Imported function 'sceNpMatching2SearchRoom' in 'sceNp2' module (0x7dd3d0)
·! LDR: Imported function 'sceNpMatching2CreateServerContext' in 'sceNp2' module (0x7dd3f0)
·! LDR: Imported function 'sceNpMatching2LeaveRoom' in 'sceNp2' module (0x7dd410)
·! LDR: Imported function 'sceNpMatching2AbortRequest' in 'sceNp2' module (0x7dd430)
·! LDR: Imported function 'sceNpMatching2GetServerInfo' in 'sceNp2' module (0x7dd450)
·! LDR: Imported function 'sceNpMatching2JoinRoom' in 'sceNp2' module (0x7dd470)
·! LDR: Imported function 'sceNpMatching2ContextStartAsync' in 'sceNp2' module (0x7dd490)
·! LDR: Imported function 'sceNpMatching2RegisterContextCallback' in 'sceNp2' module (0x7dd4b0)
·! LDR: Imported function 'sceNpMatching2SignalingGetPingInfo' in 'sceNp2' module (0x7dd4d0)
·! LDR: Imported function 'sceNpMatching2GetServerIdListLocal' in 'sceNp2' module (0x7dd4f0)
·! LDR: Imported function 'sceNpMatching2CreateContext' in 'sceNp2' module (0x7dd510)
·! LDR: Imported function 'sceNpMatching2ClearEventData' in 'sceNp2' module (0x7dd530)
·! LDR: Imported function 'sceNpMatching2DeleteServerContext' in 'sceNp2' module (0x7dd550)
·! LDR: Imported function 'sceNpMatching2CreateJoinRoom' in 'sceNp2' module (0x7dd570)
·! LDR: Imported function 'sceNpMatching2ContextStop' in 'sceNp2' module (0x7dd590)

·! LDR: Imported function 'sceNpTusCreateTransactionCtx' in 'sceNpTus' module (0x7dc8b0)
·! LDR: Imported function 'sceNpTusPollAsync' in 'sceNpTus' module (0x7dc8d0)
·! LDR: Imported function 'sceNpTusTerm' in 'sceNpTus' module (0x7dc8f0)
·! LDR: Imported function 'sceNpTusDestroyTitleCtx' in 'sceNpTus' module (0x7dc910)
·! LDR: Imported function 'sceNpTusDeleteMultiSlotDataAsync' in 'sceNpTus' module (0x7dc930)
·! LDR: Imported function 'sceNpTusAbortTransaction' in 'sceNpTus' module (0x7dc950)
·! LDR: Imported function 'sceNpTusDestroyTransactionCtx' in 'sceNpTus' module (0x7dc970)
·! LDR: Imported function 'sceNpTusGetDataAsync' in 'sceNpTus' module (0x7dc990)
·! LDR: Imported function 'sceNpTusCreateTitleCtx' in 'sceNpTus' module (0x7dc9b0)
·! LDR: Imported function 'sceNpTusInit' in 'sceNpTus' module (0x7dc9d0)
·! LDR: Imported function 'sceNpTusAddAndGetVariableVUserAsync' in 'sceNpTus' module (0x7dc9f0)
·! LDR: Imported function 'sceNpTusSetDataAsync' in 'sceNpTus' module (0x7dca10)
·! LDR: Imported function 'sceNpTusGetMultiSlotVariableVUserAsync' in 'sceNpTus' module (0x7dca30)

·! LDR: Imported function 'cellUserInfoGetList' in 'cellUserInfo' module (0x7dca50)

·! LDR: Imported function 'cellNetCtlNetStartDialogLoadAsync' in 'cellNetCtl' module (0x7dca70)
·! LDR: Imported function 'cellNetCtlNetStartDialogUnloadAsync' in 'cellNetCtl' module (0x7dca90)
·! LDR: Imported function 'cellNetCtlTerm' in 'cellNetCtl' module (0x7dcab0)
·! LDR: Imported function 'cellNetCtlInit' in 'cellNetCtl' module (0x7dcad0)
·! LDR: Imported function 'cellNetCtlAddHandler' in 'cellNetCtl' module (0x7dd5b0)
·! LDR: Imported function 'cellNetCtlGetNatInfo' in 'cellNetCtl' module (0x7dd5d0)
·! LDR: Imported function 'cellNetCtlGetState' in 'cellNetCtl' module (0x7dd5f0)
·! LDR: Imported function 'cellNetCtlDelHandler' in 'cellNetCtl' module (0x7dd610)

·! LDR: Imported function '_cellSpursTasksetAttributeInitialize' in 'cellSpurs' module (0x7dcaf0)
·! LDR: Imported function 'cellSpursTasksetAttributeSetName' in 'cellSpurs' module (0x7dcb10)
·! LDR: Imported function 'cellSpursTasksetAttributeSetTasksetSize' in 'cellSpurs' module (0x7dcb30)
·! LDR: Imported function 'cellSpursJoinTaskset' in 'cellSpurs' module (0x7dcb50)
·! LDR: Imported function 'cellSpursShutdownTaskset' in 'cellSpurs' module (0x7dcb70)
·! LDR: Imported function 'cellSpursInitialize' in 'cellSpurs' module (0x7dcb90)
·! LDR: Imported function 'cellSpursCreateTask' in 'cellSpurs' module (0x7dcbb0)
·! LDR: Imported function 'cellSpursCreateTasksetWithAttribute' in 'cellSpurs' module (0x7dcbd0)
·! LDR: Imported function 'cellSpursFinalize' in 'cellSpurs' module (0x7dcbf0)
·! LDR: Imported function 'cellSpursDetachLv2EventQueue' in 'cellSpurs' module (0x7dd630)
·! LDR: Imported function 'cellSpursAttachLv2EventQueue' in 'cellSpurs' module (0x7dd650)
·! LDR: Imported function '_cellSpursLFQueueInitialize' in 'cellSpurs' module (0x7dd910)
·! LDR: Imported function 'cellSpursLFQueueAttachLv2EventQueue' in 'cellSpurs' module (0x7dd930)
·! LDR: Imported function 'cellSpursEventFlagDetachLv2EventQueue' in 'cellSpurs' module (0x7dd950)
·! LDR: Imported function 'cellSpursEventFlagWait' in 'cellSpurs' module (0x7dd970)
·! LDR: Imported function '_cellSpursEventFlagInitialize' in 'cellSpurs' module (0x7dd990)
·! LDR: Imported function 'cellSpursLFQueueDetachLv2EventQueue' in 'cellSpurs' module (0x7dd9b0)
·! LDR: Imported function 'cellSpursEventFlagAttachLv2EventQueue' in 'cellSpurs' module (0x7dd9d0)
·! LDR: Imported function '_cellSpursLFQueuePushBody' in 'cellSpurs' module (0x7dd9f0)
·! LDR: Imported function 'cellSpursAttributeSetNamePrefix' in 'cellSpurs' module (0x7dde90)
·! LDR: Imported function 'cellSpursCreateJobChainWithAttribute' in 'cellSpurs' module (0x7ddeb0)
·! LDR: Imported function '_cellSpursJobChainAttributeInitialize' in 'cellSpurs' module (0x7dded0)
·! LDR: Imported function 'cellSpursJobGuardInitialize' in 'cellSpurs' module (0x7ddef0)
·! LDR: Imported function 'cellSpursShutdownJobChain' in 'cellSpurs' module (0x7ddf10)
·! LDR: Imported function '_cellSpursAttributeInitialize' in 'cellSpurs' module (0x7ddf30)
·! LDR: Imported function 'cellSpursJobChainAttributeSetName' in 'cellSpurs' module (0x7ddf50)
·! LDR: Imported function 'cellSpursJoinJobChain' in 'cellSpurs' module (0x7ddf70)
·! LDR: Imported function 'cellSpursInitializeWithAttribute' in 'cellSpurs' module (0x7ddf90)
·! LDR: Imported function 'cellSpursJobGuardNotify' in 'cellSpurs' module (0x7ddfb0)
·! LDR: Imported function 'cellSpursRunJobChain' in 'cellSpurs' module (0x7ddfd0)

·! LDR: Imported function 'sys_net_initialize_network_ex' in 'sys_net' module (0x7dcc10)
·! LDR: Imported function 'recvfrom' in 'sys_net' module (0x7dcc30)
·! LDR: Imported function 'socketselect' in 'sys_net' module (0x7dcc50)
·! LDR: Imported function 'socketclose' in 'sys_net' module (0x7dcc70)
·! LDR: Imported function 'inet_ntoa' in 'sys_net' module (0x7dcc90)
·! LDR: Imported function 'setsockopt' in 'sys_net' module (0x7dccb0)
·! LDR: Imported function 'sendto' in 'sys_net' module (0x7dccd0)
·! LDR: Imported function 'socket' in 'sys_net' module (0x7dccf0)
·! LDR: Imported function 'bind' in 'sys_net' module (0x7dcd10)
·! LDR: Imported function 'sys_net_finalize_network' in 'sys_net' module (0x7dcd30)
·! LDR: Imported function 'inet_addr' in 'sys_net' module (0x7dcd50)
·! LDR: Imported function 'listen' in 'sys_net' module (0x7dda10)
·! LDR: Imported function 'sys_net_get_sockinfo' in 'sys_net' module (0x7dda30)
·! LDR: Imported function '_sys_net_errno_loc' in 'sys_net' module (0x7dda50)
·! LDR: Imported function 'connect' in 'sys_net' module (0x7dda70)
·! LDR: Imported function 'gethostbyname' in 'sys_net' module (0x7dda90)
·! LDR: Imported function 'shutdown' in 'sys_net' module (0x7ddab0)
·! LDR: Imported function 'accept' in 'sys_net' module (0x7ddad0)
·! LDR: Imported function 'send' in 'sys_net' module (0x7ddaf0)
·! LDR: Imported function 'recv' in 'sys_net' module (0x7ddb10)

·! LDR: Imported function 'cellRtcSetTick' in 'cellRtc' module (0x7dcd70)
·! LDR: Imported function 'cellRtcGetTime_t' in 'cellRtc' module (0x7dcd90)

·! LDR: Imported function 'sceNpTrophyRegisterContext' in 'sceNpTrophy' module (0x7dcdb0)
·! LDR: Imported function 'sceNpTrophyCreateHandle' in 'sceNpTrophy' module (0x7dcdd0)
·! LDR: Imported function 'sceNpTrophySetSoundLevel' in 'sceNpTrophy' module (0x7dcdf0)
·! LDR: Imported function 'sceNpTrophyGetRequiredDiskSpace' in 'sceNpTrophy' module (0x7dce10)
·! LDR: Imported function 'sceNpTrophyDestroyContext' in 'sceNpTrophy' module (0x7dce30)
·! LDR: Imported function 'sceNpTrophyInit' in 'sceNpTrophy' module (0x7dce50)
·! LDR: Imported function 'sceNpTrophyDestroyHandle' in 'sceNpTrophy' module (0x7dce70)
·! LDR: Imported function 'sceNpTrophyUnlockTrophy' in 'sceNpTrophy' module (0x7dce90)
·! LDR: Imported function 'sceNpTrophyTerm' in 'sceNpTrophy' module (0x7dceb0)
·! LDR: Imported function 'sceNpTrophyCreateContext' in 'sceNpTrophy' module (0x7dced0)

·! LDR: Imported function 'cellRescGcmSurface2RescSrc' in 'cellResc' module (0x7dd0b0)
·! LDR: Imported function 'cellRescSetWaitFlip' in 'cellResc' module (0x7dd0d0)
·! LDR: Imported function 'cellRescSetDsts' in 'cellResc' module (0x7dd0f0)
·! LDR: Imported function 'cellRescResetFlipStatus' in 'cellResc' module (0x7dd110)
·! LDR: Imported function 'cellRescGetRegisterCount' in 'cellResc' module (0x7dd130)
·! LDR: Imported function 'cellRescSetDisplayMode' in 'cellResc' module (0x7dd150)
·! LDR: Imported function 'cellRescSetConvertAndFlip' in 'cellResc' module (0x7dd170)
·! LDR: Imported function 'cellRescExit' in 'cellResc' module (0x7dd190)
·! LDR: Imported function 'cellRescSetFlipHandler' in 'cellResc' module (0x7dd1b0)
·! LDR: Imported function 'cellRescInit' in 'cellResc' module (0x7dd1d0)
·! LDR: Imported function 'cellRescGetBufferSize' in 'cellResc' module (0x7dd1f0)
·! LDR: Imported function 'cellRescSetSrc' in 'cellResc' module (0x7dd210)
·! LDR: Imported function 'cellRescSetRegisterCount' in 'cellResc' module (0x7dd230)
·! LDR: Imported function 'cellRescSetBufferAddress' in 'cellResc' module (0x7dd250)
·! LDR: Imported function 'cellRescGetFlipStatus' in 'cellResc' module (0x7dd270)
·! LDR: Imported function 'cellRescSetVBlankHandler' in 'cellResc' module (0x7dd290)
·! LDR: Imported function 'cellRescCreateInterlaceTable' in 'cellResc' module (0x7dd2b0)

·! LDR: Imported function 'cellFiberPpuContextReturnToThread' in 'cellFiber' module (0x7dd670)
·! LDR: Imported function '_cellFiberPpuContextAttributeInitialize' in 'cellFiber' module (0x7dd690)
·! LDR: Imported function 'cellFiberPpuContextSelf' in 'cellFiber' module (0x7dd6b0)
·! LDR: Imported function 'cellFiberPpuContextInitialize' in 'cellFiber' module (0x7dd6d0)
·! LDR: Imported function 'cellFiberPpuContextRun' in 'cellFiber' module (0x7dd6f0)
·! LDR: Imported function 'cellFiberPpuContextFinalize' in 'cellFiber' module (0x7dd710)
·! LDR: Imported function 'cellFiberPpuContextSwitch' in 'cellFiber' module (0x7dd730)
·! LDR: Imported function '_cellFiberPpuInitialize' in 'cellFiber' module (0x7dd750)

·! LDR: Imported function 'cellPadInit' in 'sys_io' module (0x7dd770)
·! LDR: Imported function 'cellKbClearBuf' in 'sys_io' module (0x7dd790)
·! LDR: Imported function 'cellKbInit' in 'sys_io' module (0x7dd7b0)
·! LDR: Imported function 'cellPadEnd' in 'sys_io' module (0x7dd7d0)
·! LDR: Imported function 'cellPadSetPortSetting' in 'sys_io' module (0x7dd7f0)
·! LDR: Imported function 'cellPadGetData' in 'sys_io' module (0x7dd810)
·! LDR: Imported function 'cellKbSetCodeType' in 'sys_io' module (0x7dd830)
·! LDR: Imported function 'cellPadGetInfo2' in 'sys_io' module (0x7dd850)
·! LDR: Imported function 'cellKbEnd' in 'sys_io' module (0x7dd870)
·! LDR: Imported function 'cellKbSetReadMode' in 'sys_io' module (0x7dd890)
·! LDR: Imported function 'cellPadSetActDirect' in 'sys_io' module (0x7dd8b0)
·! LDR: Imported function 'cellKbRead' in 'sys_io' module (0x7dd8d0)

·! LDR: Imported function 'cellSailGraphicsAdapterGetFrame' in 'cellSail' module (0x7ddb30)
·! LDR: Imported function 'cellSailPlayerFinalize' in 'cellSail' module (0x7ddb50)
·! LDR: Imported function 'cellSailPlayerSetGraphicsAdapter' in 'cellSail' module (0x7ddb70)
·! LDR: Imported function 'cellSailGraphicsAdapterInitialize' in 'cellSail' module (0x7ddb90)
·! LDR: Imported function 'cellSailPlayerInitialize2' in 'cellSail' module (0x7ddbb0)
·! LDR: Imported function 'cellSailGraphicsAdapterSetPreferredFormat' in 'cellSail' module (0x7ddbd0)
·! LDR: Imported function 'cellSailMemAllocatorInitialize' in 'cellSail' module (0x7ddbf0)
·! LDR: Imported function 'cellSailPlayerOpenStream' in 'cellSail' module (0x7ddc10)
·! LDR: Imported function 'cellSailGraphicsAdapterUpdateAvSync' in 'cellSail' module (0x7ddc30)
·! LDR: Imported function 'cellSailGraphicsAdapterFinalize' in 'cellSail' module (0x7ddc50)
·! LDR: Imported function 'cellSailPlayerAddDescriptor' in 'cellSail' module (0x7ddc70)
·! LDR: Imported function 'cellSailPlayerCloseStream' in 'cellSail' module (0x7ddc90)
·! LDR: Imported function 'cellSailPlayerRemoveDescriptor' in 'cellSail' module (0x7ddcb0)
·! LDR: Imported function 'cellSailPlayerBoot' in 'cellSail' module (0x7ddcd0)
·! LDR: Imported function 'cellSailPlayerCreateDescriptor' in 'cellSail' module (0x7ddcf0)
·! LDR: Imported function 'cellSailPlayerStart' in 'cellSail' module (0x7ddd10)
·! LDR: Imported function 'cellSailPlayerStop' in 'cellSail' module (0x7ddd30)
·! LDR: Imported function 'cellSailPlayerSetRepeatMode' in 'cellSail' module (0x7ddd50)
·! LDR: Imported function 'cellSailPlayerDestroyDescriptor' in 'cellSail' module (0x7ddd70)
·! LDR: Imported function 'cellSailGraphicsAdapterGetFormat' in 'cellSail' module (0x7ddd90)

·! LDR: Imported function 'cellAudioCreateNotifyEventQueue' in 'cellAudio' module (0x7ddff0)
·! LDR: Imported function 'cellAudioInit' in 'cellAudio' module (0x7de010)
·! LDR: Imported function 'cellAudioRemoveNotifyEventQueueEx' in 'cellAudio' module (0x7de030)
·! LDR: Imported function 'cellAudioPortClose' in 'cellAudio' module (0x7de050)
·! LDR: Imported function 'cellAudioSetPortLevel' in 'cellAudio' module (0x7de070)
·! LDR: Imported function 'cellAudioPortStop' in 'cellAudio' module (0x7de090)
·! LDR: Imported function 'cellAudioGetPortConfig' in 'cellAudio' module (0x7de0b0)
·! LDR: Imported function 'cellAudioPortStart' in 'cellAudio' module (0x7de0d0)
·! LDR: Imported function 'cellAudioSetNotifyEventQueueEx' in 'cellAudio' module (0x7de0f0)
·! LDR: Imported function 'cellAudioQuit' in 'cellAudio' module (0x7de110)
·! LDR: Imported function 'cellAudioPortOpen' in 'cellAudio' module (0x7de130)
·! LDR: Imported function 'cellAudioRemoveNotifyEventQueue' in 'cellAudio' module (0x7de150)
