·! LDR: ** Imported module 'cellSync' (0x0, 0x0)
·! LDR: **** cellSync import: [cellSyncLFQueueGetDirection] -> 0x7399e4

·! LDR: ** Imported module 'cellSpurs' (0x0, 0x0)
·! LDR: **** cellSpurs import: [_cellSpursLFQueueInitialize] -> 0x739a44
·! LDR: **** cellSpurs import: [_cellSpursTasksetAttributeInitialize] -> 0x739a64
·! LDR: **** cellSpurs import: [cellSpursLFQueueAttachLv2EventQueue] -> 0x739a84
·! LDR: **** cellSpurs import: [cellSpursRequestIdleSpu] -> 0x739aa4
·! LDR: **** cellSpurs import: [cellSpursGetInfo] -> 0x739ac4
·! LDR: **** cellSpurs import: [cellSpursEventFlagDetachLv2EventQueue] -> 0x739ae4
·! LDR: **** cellSpurs import: [cellSpursEventFlagWait] -> 0x739b04
·! LDR: **** cellSpurs import: [cellSpursEventFlagClear] -> 0x739b24
·! LDR: **** cellSpurs import: [cellSpursGetWorkloadInfo] -> 0x739b44
·! LDR: **** cellSpurs import: [cellSpursDetachLv2EventQueue] -> 0x739b64
·! LDR: **** cellSpurs import: [cellSpursRemoveWorkload] -> 0x739b84
·! LDR: **** cellSpurs import: [_cellSpursEventFlagInitialize] -> 0x739ba4
·! LDR: **** cellSpurs import: [cellSpursWaitForWorkloadShutdown] -> 0x739bc4
·! LDR: **** cellSpurs import: [cellSpursTasksetAttributeSetName] -> 0x739be4
·! LDR: **** cellSpurs import: [cellSpursAddWorkload] -> 0x739c04
·! LDR: **** cellSpurs import: [cellSpursLFQueueDetachLv2EventQueue] -> 0x739c24
·! LDR: **** cellSpurs import: [cellSpursSetPriorities] -> 0x739c44
·! LDR: **** cellSpurs import: [cellSpursEventFlagAttachLv2EventQueue] -> 0x739c64
·! LDR: **** cellSpurs import: [_cellSpursLFQueuePushBody] -> 0x739c84
·! LDR: **** cellSpurs import: [cellSpursShutdownWorkload] -> 0x739ca4
·! LDR: **** cellSpurs import: [cellSpursJoinTaskset] -> 0x739cc4
·! LDR: **** cellSpurs import: [cellSpursShutdownTaskset] -> 0x739ce4
·! LDR: **** cellSpurs import: [cellSpursInitialize] -> 0x739d04
·! LDR: **** cellSpurs import: [cellSpursAttachLv2EventQueue] -> 0x739d24
·! LDR: **** cellSpurs import: [cellSpursCreateTask] -> 0x739d44
·! LDR: **** cellSpurs import: [cellSpursCreateTasksetWithAttribute] -> 0x739d64
·! LDR: **** cellSpurs import: [cellSpursFinalize] -> 0x739d84
·! LDR: **** cellSpurs import: [cellSpursSetExceptionEventHandler] -> 0x739da4
·! LDR: **** cellSpurs import: [cellSpursReadyCountStore] -> 0x739dc4

·! LDR: ** Imported module 'cellGcmSys' (0x0, 0x0)
·! LDR: **** cellGcmSys import: [cellGcmGetZcullInfo] -> 0x739a04
·! LDR: **** cellGcmSys import: [cellGcmGetTileInfo] -> 0x739a24
·! LDR: **** cellGcmSys import: [cellGcmSetUserHandler] -> 0x739de4
·! LDR: **** cellGcmSys import: [cellGcmSetQueueHandler] -> 0x739e04
·! LDR: **** cellGcmSys import: [_cellGcmInitBody] -> 0x739e24
·! LDR: **** cellGcmSys import: [_cellGcmSetFlipCommand] -> 0x739e44
·! LDR: **** cellGcmSys import: [cellGcmAddressToOffset] -> 0x739e64
·! LDR: **** cellGcmSys import: [cellGcmSortRemapEaIoAddress] -> 0x739e84
·! LDR: **** cellGcmSys import: [cellGcmGetOffsetTable] -> 0x739ea4
·! LDR: **** cellGcmSys import: [cellGcmIoOffsetToAddress] -> 0x739ec4
·! LDR: **** cellGcmSys import: [_cellGcmFunc15] -> 0x739ee4
·! LDR: **** cellGcmSys import: [cellGcmSetFlipMode] -> 0x739f04
·! LDR: **** cellGcmSys import: [cellGcmSetDebugOutputLevel] -> 0x739f24
·! LDR: **** cellGcmSys import: [cellGcmMapMainMemory] -> 0x739f44
·! LDR: **** cellGcmSys import: [cellGcmSetFlipHandler] -> 0x739f64
·! LDR: **** cellGcmSys import: [cellGcmSetDisplayBuffer] -> 0x739f84
·! LDR: **** cellGcmSys import: [cellGcmGetControlRegister] -> 0x739fa4
·! LDR: **** cellGcmSys import: [cellGcmSetVBlankHandler] -> 0x739fc4
·! LDR: **** cellGcmSys import: [cellGcmSetInvalidateTile] -> 0x739fe4
·! LDR: **** cellGcmSys import: [cellGcmSetGraphicsHandler] -> 0x73a004
·! LDR: **** cellGcmSys import: [cellGcmSetTile] -> 0x73a024
·! LDR: **** cellGcmSys import: [cellGcmSetZcull] -> 0x73a044
·! LDR: **** cellGcmSys import: [cellGcmUnmapIoAddress] -> 0x73a064
·! LDR: **** cellGcmSys import: [cellGcmGetConfiguration] -> 0x73a084
·! LDR: **** cellGcmSys import: [cellGcmGetLabelAddress] -> 0x73a0a4

·! LDR: ** Imported module 'sys_net' (0x0, 0x0)
·! LDR: **** sys_net import: [sys_net::sys_net_initialize_network_ex] -> 0x73a0c4
·! LDR: **** sys_net import: [sys_net::listen] -> 0x73a0e4
·! LDR: **** sys_net import: [sys_net::socketselect] -> 0x73a104
·! LDR: **** sys_net import: [sys_net::getsockopt] -> 0x73a124
·! LDR: **** sys_net import: [sys_net::_sys_net_errno_loc] -> 0x73a144
·! LDR: **** sys_net import: [sys_net::connect] -> 0x73a164
·! LDR: **** sys_net import: [sys_net::socketclose] -> 0x73a184
·! LDR: **** sys_net import: [sys_net::gethostbyname] -> 0x73a1a4
·! LDR: **** sys_net import: [sys_net::inet_ntoa] -> 0x73a1c4
·! LDR: **** sys_net import: [sys_net::setsockopt] -> 0x73a1e4
·! LDR: **** sys_net import: [sys_net::socket] -> 0x73a204
·! LDR: **** sys_net import: [sys_net::bind] -> 0x73a224
·! LDR: **** sys_net import: [sys_net::sys_net_finalize_network] -> 0x73a244
·! LDR: **** sys_net import: [sys_net::accept] -> 0x73a264
·! LDR: **** sys_net import: [sys_net::send] -> 0x73a284
·! LDR: **** sys_net import: [sys_net::gethostbyaddr] -> 0x73a2a4
·! LDR: **** sys_net import: [sys_net::getpeername] -> 0x73a2c4
·! LDR: **** sys_net import: [sys_net::recv] -> 0x73a2e4

·! LDR: ** Imported module 'cellNetCtl' (0x0, 0x0)
·! LDR: **** cellNetCtl import: [cellNetCtlTerm] -> 0x73a304
·! LDR: **** cellNetCtl import: [cellNetCtlGetInfo] -> 0x73a324
·! LDR: **** cellNetCtl import: [cellNetCtlGetState] -> 0x73a344
·! LDR: **** cellNetCtl import: [cellNetCtlInit] -> 0x73a364

·! LDR: ** Imported module 'cellSysutil' (0x0, 0x0)
·! LDR: **** cellSysutil import: [cellVideoOutConfigure] -> 0x73a384
·! LDR: **** cellSysutil import: [cellSysutilCheckCallback] -> 0x73a3a4
·! LDR: **** cellSysutil import: [cellSaveDataListLoad2] -> 0x73a3c4
·! LDR: **** cellSysutil import: [cellSysCacheMount] -> 0x73a3e4
·! LDR: **** cellSysutil import: [cellVideoOutGetDeviceInfo] -> 0x73a404
·! LDR: **** cellSysutil import: [cellSaveDataListAutoLoad] -> 0x73a424
·! LDR: **** cellSysutil import: [cellSaveDataListSave2] -> 0x73a444
·! LDR: **** cellSysutil import: [cellSysutilGetSystemParamInt] -> 0x73a464
·! LDR: **** cellSysutil import: [cellAudioOutConfigure] -> 0x73a484
·! LDR: **** cellSysutil import: [cellSaveDataListAutoSave] -> 0x73a4a4
·! LDR: **** cellSysutil import: [cellMsgDialogAbort] -> 0x73a4c4
·! LDR: **** cellSysutil import: [cellVideoOutGetNumberOfDevice] -> 0x73a4e4
·! LDR: **** cellSysutil import: [cellMsgDialogOpen2] -> 0x73a504
·! LDR: **** cellSysutil import: [cellAudioOutGetDeviceInfo] -> 0x73a524
·! LDR: **** cellSysutil import: [cellVideoOutGetState] -> 0x73a544
·! LDR: **** cellSysutil import: [cellSysutilGetSystemParamString] -> 0x73a564
·! LDR: **** cellSysutil import: [cellSysutilRegisterCallback] -> 0x73a584
·! LDR: **** cellSysutil import: [cellVideoOutGetResolutionAvailability] -> 0x73a5a4
·! LDR: **** cellSysutil import: [cellDiscGameGetBootDiscInfo] -> 0x73a5c4
·! LDR: **** cellSysutil import: [cellAudioOutGetSoundAvailability] -> 0x73a5e4
·! LDR: **** cellSysutil import: [cellDiscGameRegisterDiscChangeCallback] -> 0x73a604
·! LDR: **** cellSysutil import: [cellVideoOutGetResolution] -> 0x73a624
·! LDR: **** cellSysutil import: [cellAudioOutGetNumberOfDevice] -> 0x73a644
·! LDR: **** cellSysutil import: [cellDiscGameUnregisterDiscChangeCallback] -> 0x73a664

·! LDR: ** Imported module 'cellGame' (0x0, 0x0)
·! LDR: **** cellGame import: [cellGameGetParamString] -> 0x73a684
·! LDR: **** cellGame import: [cellGameContentPermit] -> 0x73a6a4
·! LDR: **** cellGame import: [cellGameBootCheck] -> 0x73a6c4

·! LDR: ** Imported module 'sceNpTrophy' (0x0, 0x0)
·! LDR: **** sceNpTrophy import: [sceNpTrophyRegisterContext] -> 0x73a6e4
·! LDR: **** sceNpTrophy import: [sceNpTrophyCreateHandle] -> 0x73a704
·! LDR: **** sceNpTrophy import: [sceNpTrophySetSoundLevel] -> 0x73a724
·! LDR: **** sceNpTrophy import: [sceNpTrophyDestroyContext] -> 0x73a744
·! LDR: **** sceNpTrophy import: [sceNpTrophyInit] -> 0x73a764
·! LDR: **** sceNpTrophy import: [sceNpTrophyDestroyHandle] -> 0x73a784
·! LDR: **** sceNpTrophy import: [sceNpTrophyUnlockTrophy] -> 0x73a7a4
·! LDR: **** sceNpTrophy import: [sceNpTrophyTerm] -> 0x73a7c4
·! LDR: **** sceNpTrophy import: [sceNpTrophyGetTrophyUnlockState] -> 0x73a7e4
·! LDR: **** sceNpTrophy import: [sceNpTrophyCreateContext] -> 0x73a804

·! LDR: ** Imported module 'sys_fs' (0x0, 0x0)
·! LDR: **** sys_fs import: [cellFsRmdir] -> 0x73a824
·! LDR: **** sys_fs import: [cellFsClose] -> 0x73a844
·! LDR: **** sys_fs import: [cellFsOpendir] -> 0x73a864
·! LDR: **** sys_fs import: [cellFsRead] -> 0x73a884
·! LDR: **** sys_fs import: [cellFsReaddir] -> 0x73a8a4
·! LDR: **** sys_fs import: [cellFsOpen] -> 0x73a8c4
·! LDR: **** sys_fs import: [cellFsStat] -> 0x73a8e4
·! LDR: **** sys_fs import: [cellFsUnlink] -> 0x73a904
·! LDR: **** sys_fs import: [cellFsFsync] -> 0x73a924
·! LDR: **** sys_fs import: [cellFsLseek] -> 0x73a944
·! LDR: **** sys_fs import: [cellFsMkdir] -> 0x73a964
·! LDR: **** sys_fs import: [cellFsWrite] -> 0x73a984
·! LDR: **** sys_fs import: [cellFsFstat] -> 0x73a9a4
·! LDR: **** sys_fs import: [cellFsClosedir] -> 0x73a9c4

·! LDR: ** Imported module 'sys_io' (0x0, 0x0)
·! LDR: **** sys_io import: [cellPadInit] -> 0x73a9e4
·! LDR: **** sys_io import: [cellKbGetInfo] -> 0x73aa04
·! LDR: **** sys_io import: [cellMouseGetData] -> 0x73aa24
·! LDR: **** sys_io import: [cellPadGetInfo] -> 0x73aa44
·! LDR: **** sys_io import: [cellKbInit] -> 0x73aa64
·! LDR: **** sys_io import: [cellPadEnd] -> 0x73aa84
·! LDR: **** sys_io import: [cellMouseGetInfo] -> 0x73aaa4
·! LDR: **** sys_io import: [cellPadInfoSensorMode] -> 0x73aac4
·! LDR: **** sys_io import: [cellPadGetData] -> 0x73aae4
·! LDR: **** sys_io import: [cellKbSetCodeType] -> 0x73ab04
·! LDR: **** sys_io import: [cellPadSetSensorMode] -> 0x73ab24
·! LDR: **** sys_io import: [cellMouseInit] -> 0x73ab44
·! LDR: **** sys_io import: [cellKbSetReadMode] -> 0x73ab64
·! LDR: **** sys_io import: [cellMouseEnd] -> 0x73ab84
·! LDR: **** sys_io import: [cellPadSetActDirect] -> 0x73aba4
·! LDR: **** sys_io import: [cellPadSetPressMode] -> 0x73abc4
·! LDR: **** sys_io import: [cellKbRead] -> 0x73abe4
·! LDR: ** Imported module 'cellAudio' (0x0, 0x0)
·! LDR: **** cellAudio import: [cellAudioInit] -> 0x73ac04
·! LDR: **** cellAudio import: [cellAudioPortClose] -> 0x73ac24
·! LDR: **** cellAudio import: [cellAudioPortStop] -> 0x73ac44
·! LDR: **** cellAudio import: [cellAudioGetPortConfig] -> 0x73ac64
·! LDR: **** cellAudio import: [cellAudioPortStart] -> 0x73ac84
·! LDR: **** cellAudio import: [cellAudioQuit] -> 0x73aca4
·! LDR: **** cellAudio import: [cellAudioPortOpen] -> 0x73acc4

·! LDR: ** Imported module 'cellSysmodule' (0x0, 0x0)
·! LDR: **** cellSysmodule import: [cellSysmoduleUnloadModule] -> 0x73ace4
·! LDR: **** cellSysmodule import: [cellSysmoduleLoadModule] -> 0x73ad04
·! LDR: **** cellSysmodule import: [cellSysmoduleInitialize] -> 0x73ad24

·! LDR: ** Imported module 'libvdec' (0x0, 0x0)
·! LDR: **** libvdec import: [cellVdecClose] -> 0x73ad44
·! LDR: **** libvdec import: [cellVdecGetPicItem] -> 0x73ad64
·! LDR: **** libvdec import: [cellVdecDecodeAu] -> 0x73ad84
·! LDR: **** libvdec import: [cellVdecGetPicture] -> 0x73ada4
·! LDR: **** libvdec import: [cellVdecEndSeq] -> 0x73adc4
·! LDR: **** libvdec import: [cellVdecOpen] -> 0x73ade4
·! LDR: **** libvdec import: [cellVdecStartSeq] -> 0x73ae04
·! LDR: **** libvdec import: [cellVdecQueryAttr] -> 0x73ae24

·! LDR: ** Imported module 'sysPrxForUser' (0x0, 0x0)
·! LDR: **** sysPrxForUser import: [sys_lwmutex_lock] -> 0x73ae44
·! LDR: **** sysPrxForUser import: [sys_lwmutex_unlock] -> 0x73ae64
·! LDR: **** sysPrxForUser import: [sys_ppu_thread_create] -> 0x73ae84
·! LDR: **** sysPrxForUser import: [_sys_process_atexitspawn] -> 0x73aea4
·! LDR: **** sysPrxForUser import: [sys_lwmutex_create] -> 0x73aec4
·! LDR: **** sysPrxForUser import: [sys_ppu_thread_get_id] -> 0x73aee4
·! LDR: **** sysPrxForUser import: [sys_mmapper_free_memory] -> 0x73af04
·! LDR: **** sysPrxForUser import: [sys_prx_register_library] -> 0x73af24
·! LDR: **** sysPrxForUser import: [sys_mmapper_unmap_memory] -> 0x73af44
·! LDR: **** sysPrxForUser import: [sys_process_is_stack] -> 0x73af64
·! LDR: **** sysPrxForUser import: [sys_initialize_tls] -> 0x73af84
·! LDR: **** sysPrxForUser import: [sys_time_get_system_time] -> 0x73afa4
·! LDR: **** sysPrxForUser import: [sys_prx_get_module_info] -> 0x73afc4
·! LDR: **** sysPrxForUser import: [_sys_process_at_Exitspawn] -> 0x73afe4
·! LDR: **** sysPrxForUser import: [sys_prx_exitspawn_with_level] -> 0x73b004
·! LDR: **** sysPrxForUser import: [sys_lwmutex_trylock] -> 0x73b024
·! LDR: **** sysPrxForUser import: [sys_ppu_thread_exit] -> 0x73b044
·! LDR: **** sysPrxForUser import: [sys_mmapper_allocate_memory] -> 0x73b064
·! LDR: **** sysPrxForUser import: [sys_lwmutex_destroy] -> 0x73b084
·! LDR: **** sysPrxForUser import: [sys_mmapper_map_memory] -> 0x73b0a4
·! LDR: **** sysPrxForUser import: [sys_prx_get_module_id_by_name] -> 0x73b0c4
·! LDR: **** sysPrxForUser import: [sys_process_exit] -> 0x73b0e4