·! LDR: ** Imported module 'cellHttpUtil' (0x0, 0x0)
·! LDR: **** cellHttpUtil import: [cellHttpUtilParseUri] -> 0xadfbe4
·! LDR: **** cellHttpUtil import: [cellHttpUtilBase64Encoder] -> 0xadfc04
·! LDR: **** cellHttpUtil import: [cellHttpUtilEscapeUri] -> 0xadfc24
·! LDR: ** Imported module 'cellHttp' (0x0, 0x0)
·! LDR: **** cellHttp import: [cellHttpCreateTransaction] -> 0xadfc44
·! LDR: **** cellHttp import: [cellHttpResponseGetStatusCode] -> 0xadfc64
·! LDR: **** cellHttp import: [cellHttpClientSetSslCallback] -> 0xadfc84
·! LDR: **** cellHttp import: [cellHttpClientSetRecvTimeout] -> 0xadfca4
·! LDR: **** cellHttp import: [cellHttpInit] -> 0xadfcc4
·! LDR: **** cellHttp import: [cellHttpDestroyTransaction] -> 0xadfce4
·! LDR: **** cellHttp import: [cellHttpRequestGetAllHeaders] -> 0xadfd04
·! LDR: **** cellHttp import: [cellHttpResponseGetContentLength] -> 0xadfd24
·! LDR: **** cellHttp import: [cellHttpCreateClient] -> 0xadfd44
·! LDR: **** cellHttp import: [cellHttpsInit] -> 0xadfd64
·! LDR: **** cellHttp import: [cellHttpRecvResponse] -> 0xadfd84
·! LDR: **** cellHttp import: [cellHttpClientSetAuthenticationCacheStatus] -> 0xadfda4
·! LDR: **** cellHttp import: [cellHttpClientSetSendTimeout] -> 0xadfdc4
·! LDR: **** cellHttp import: [cellHttpDestroyClient] -> 0xadfde4
·! LDR: **** cellHttp import: [cellHttpTransactionCloseConnection] -> 0xadfe04
·! LDR: **** cellHttp import: [cellHttpSendRequest] -> 0xadfe24
·! LDR: **** cellHttp import: [cellHttpRequestSetContentLength] -> 0xadfe44
·! LDR: **** cellHttp import: [cellHttpResponseGetAllHeaders] -> 0xadfe64
·! LDR: **** cellHttp import: [cellHttpEnd] -> 0xadfe84
·! LDR: **** cellHttp import: [cellHttpClientSetConnTimeout] -> 0xadfea4
·! LDR: **** cellHttp import: [cellHttpsEnd] -> 0xadfec4
·! LDR: **** cellHttp import: [cellHttpRequestAddHeader] -> 0xadfee4
·! LDR: ** Imported module 'cellSsl' (0x0, 0x0)
·! LDR: **** cellSsl import: [cellSslCertGetNameEntryInfo] -> 0xadff04
·! LDR: **** cellSsl import: [cellSslCertGetRsaPublicKeyExponent] -> 0xadff24
·! LDR: **** cellSsl import: [cellSslEnd] -> 0xadff44
·! LDR: **** cellSsl import: [cellSslCertGetNotAfter] -> 0xadff64
·! LDR: **** cellSsl import: [cellSslCertGetNotBefore] -> 0xadff84
·! LDR: **** cellSsl import: [cellSslCertGetSubjectName] -> 0xadffa4
·! LDR: **** cellSsl import: [cellSslCertGetMd5Fingerprint] -> 0xadffc4
·! LDR: **** cellSsl import: [cellSslCertGetNameEntryCount] -> 0xadffe4
·! LDR: **** cellSsl import: [cellSslCertGetSerialNumber] -> 0xae0004
·! LDR: **** cellSsl import: [cellSslCertGetRsaPublicKeyModulus] -> 0xae0024
·! LDR: **** cellSsl import: [cellSslCertGetIssuerName] -> 0xae0044
·! LDR: **** cellSsl import: [cellSslCertGetPublicKey] -> 0xae0064
·! LDR: **** cellSsl import: [cellSslInit] -> 0xae0084
·! LDR: ** Imported module 'cellSync' (0x0, 0x0)
·! LDR: **** cellSync import: [cellSyncMutexUnlock] -> 0xae00a4
·! LDR: **** cellSync import: [cellSyncMutexInitialize] -> 0xae00c4
·! LDR: **** cellSync import: [cellSyncMutexTryLock] -> 0xae00e4
·! LDR: ** Imported module 'cellSpurs' (0x0, 0x0)
·! LDR: **** cellSpurs import: [_cellSpursLFQueueInitialize] -> 0xae0104
·! LDR: **** cellSpurs import: [cellSpursAttributeSetNamePrefix] -> 0xae0124
·! LDR: **** cellSpurs import: [_cellSpursTasksetAttributeInitialize] -> 0xae0144
·! LDR: **** cellSpurs import: [cellSpursLFQueueAttachLv2EventQueue] -> 0xae0164
·! LDR: **** cellSpurs import: [cellSpursRequestIdleSpu] -> 0xae0184
·! LDR: **** cellSpurs import: [cellSpursCreateTaskWithAttribute] -> 0xae01a4
·! LDR: **** cellSpurs import: [cellSpursGetInfo] -> 0xae01c4
·! LDR: **** cellSpurs import: [cellSpursEventFlagDetachLv2EventQueue] -> 0xae01e4
·! LDR: **** cellSpurs import: [cellSpursTaskExitCodeInitialize] -> 0xae0204
·! LDR: **** cellSpurs import: [cellSpursEventFlagWait] -> 0xae0224
·! LDR: **** cellSpurs import: [cellSpursWorkloadAttributeSetName] -> 0xae0244
·! LDR: **** cellSpurs import: [cellSpursEventFlagClear] -> 0xae0264
·! LDR: **** cellSpurs import: [cellSpursGetWorkloadInfo] -> 0xae0284
·! LDR: **** cellSpurs import: [cellSpursDetachLv2EventQueue] -> 0xae02a4
·! LDR: **** cellSpurs import: [cellSpursTraceInitialize] -> 0xae02c4
·! LDR: **** cellSpurs import: [cellSpursRemoveWorkload] -> 0xae02e4
·! LDR: **** cellSpurs import: [_cellSpursEventFlagInitialize] -> 0xae0304
·! LDR: **** cellSpurs import: [cellSpursWaitForWorkloadShutdown] -> 0xae0324
·! LDR: **** cellSpurs import: [cellSpursTasksetAttributeSetName] -> 0xae0344
·! LDR: **** cellSpurs import: [cellSpursLFQueueDetachLv2EventQueue] -> 0xae0364
·! LDR: **** cellSpurs import: [cellSpursSetPriorities] -> 0xae0384
·! LDR: **** cellSpurs import: [cellSpursEventFlagAttachLv2EventQueue] -> 0xae03a4
·! LDR: **** cellSpurs import: [_cellSpursLFQueuePushBody] -> 0xae03c4
·! LDR: **** cellSpurs import: [cellSpursTasksetAttributeSetTasksetSize] -> 0xae03e4
·! LDR: **** cellSpurs import: [_cellSpursAttributeInitialize] -> 0xae0404
·! LDR: **** cellSpurs import: [cellSpursShutdownWorkload] -> 0xae0424
·! LDR: **** cellSpurs import: [cellSpursAttributeEnableSystemWorkload] -> 0xae0444
·! LDR: **** cellSpurs import: [cellSpursJoinTaskset] -> 0xae0464
·! LDR: **** cellSpurs import: [cellSpursTaskAttributeSetExitCodeContainer] -> 0xae0484
·! LDR: **** cellSpurs import: [_cellSpursWorkloadFlagReceiver] -> 0xae04a4
·! LDR: **** cellSpurs import: [cellSpursShutdownTaskset] -> 0xae04c4
·! LDR: **** cellSpurs import: [cellSpursInitializeWithAttribute] -> 0xae04e4
·! LDR: **** cellSpurs import: [_cellSpursTaskAttributeInitialize] -> 0xae0504
·! LDR: **** cellSpurs import: [cellSpursAttachLv2EventQueue] -> 0xae0524
·! LDR: **** cellSpurs import: [cellSpursCreateTask] -> 0xae0544
·! LDR: **** cellSpurs import: [cellSpursAddWorkloadWithAttribute] -> 0xae0564
·! LDR: **** cellSpurs import: [cellSpursCreateTasksetWithAttribute] -> 0xae0584
·! LDR: **** cellSpurs import: [cellSpursGetWorkloadFlag] -> 0xae05a4
·! LDR: **** cellSpurs import: [cellSpursFinalize] -> 0xae05c4
·! LDR: **** cellSpurs import: [cellSpursTraceStart] -> 0xae05e4
·! LDR: **** cellSpurs import: [cellSpursSetExceptionEventHandler] -> 0xae0604
·! LDR: **** cellSpurs import: [_cellSpursWorkloadAttributeInitialize] -> 0xae0624
·! LDR: **** cellSpurs import: [cellSpursReadyCountStore] -> 0xae0644
·! LDR: ** Imported module 'cellGcmSys' (0x0, 0x0)
·! LDR: **** cellGcmSys import: [cellGcmSetUserHandler] -> 0xae0664
·! LDR: **** cellGcmSys import: [cellGcmSetQueueHandler] -> 0xae0684
·! LDR: **** cellGcmSys import: [_cellGcmInitBody] -> 0xae06a4
·! LDR: **** cellGcmSys import: [_cellGcmSetFlipCommand] -> 0xae06c4
·! LDR: **** cellGcmSys import: [cellGcmSortRemapEaIoAddress] -> 0xae06e4
·! LDR: **** cellGcmSys import: [cellGcmGetOffsetTable] -> 0xae0704
·! LDR: **** cellGcmSys import: [_cellGcmFunc15] -> 0xae0724
·! LDR: **** cellGcmSys import: [cellGcmBindTile] -> 0xae0744
·! LDR: **** cellGcmSys import: [cellGcmSetFlipMode] -> 0xae0764
·! LDR: **** cellGcmSys import: [cellGcmSetDebugOutputLevel] -> 0xae0784
·! LDR: **** cellGcmSys import: [cellGcmMapEaIoAddressWithFlags] -> 0xae07a4
·! LDR: **** cellGcmSys import: [cellGcmBindZcull] -> 0xae07c4
·! LDR: **** cellGcmSys import: [cellGcmMapMainMemory] -> 0xae07e4
·! LDR: **** cellGcmSys import: [cellGcmSetFlipHandler] -> 0xae0804
·! LDR: **** cellGcmSys import: [cellGcmSetDisplayBuffer] -> 0xae0824
·! LDR: **** cellGcmSys import: [cellGcmGetControlRegister] -> 0xae0844
·! LDR: **** cellGcmSys import: [cellGcmUnbindZcull] -> 0xae0864
·! LDR: **** cellGcmSys import: [cellGcmSetVBlankHandler] -> 0xae0884
·! LDR: **** cellGcmSys import: [cellGcmSetTileInfo] -> 0xae08a4
·! LDR: **** cellGcmSys import: [cellGcmSetGraphicsHandler] -> 0xae08c4
·! LDR: **** cellGcmSys import: [_cellGcmSetFlipCommandWithWaitLabel] -> 0xae08e4
·! LDR: **** cellGcmSys import: [cellGcmUnbindTile] -> 0xae0904
·! LDR: **** cellGcmSys import: [cellGcmUnmapIoAddress] -> 0xae0924
·! LDR: **** cellGcmSys import: [cellGcmGetConfiguration] -> 0xae0944
·! LDR: **** cellGcmSys import: [cellGcmGetLabelAddress] -> 0xae0964
·! LDR: **** cellGcmSys import: [cellGcmInitSystemMode] -> 0xae0984
·! LDR: ** Imported module 'sys_net' (0x0, 0x0)
·! LDR: **** sys_net import: [sys_net::sys_net_initialize_network_ex] -> 0xae09a4
·! LDR: **** sys_net import: [sys_net::recvfrom] -> 0xae09c4
·! LDR: **** sys_net import: [sys_net::listen] -> 0xae09e4
·! LDR: **** sys_net import: [sys_net::socketselect] -> 0xae0a04
·! LDR: **** sys_net import: [sys_net::getsockopt] -> 0xae0a24
·! LDR: **** sys_net import: [sys_net::_sys_net_errno_loc] -> 0xae0a44
·! LDR: **** sys_net import: [sys_net::connect] -> 0xae0a64
·! LDR: **** sys_net import: [sys_net::socketclose] -> 0xae0a84
·! LDR: **** sys_net import: [sys_net::gethostbyname] -> 0xae0aa4
·! LDR: **** sys_net import: [sys_net::inet_ntoa] -> 0xae0ac4
·! LDR: **** sys_net import: [sys_net::setsockopt] -> 0xae0ae4
·! LDR: **** sys_net import: [sys_net::sendto] -> 0xae0b04
·! LDR: **** sys_net import: [sys_net::socket] -> 0xae0b24
·! LDR: **** sys_net import: [sys_net::bind] -> 0xae0b44
·! LDR: **** sys_net import: [sys_net::sys_net_show_ifconfig] -> 0xae0b64
·! LDR: **** sys_net import: [sys_net::sys_net_finalize_network] -> 0xae0b84
·! LDR: **** sys_net import: [sys_net::accept] -> 0xae0ba4
·! LDR: **** sys_net import: [sys_net::inet_addr] -> 0xae0bc4
·! LDR: **** sys_net import: [sys_net::send] -> 0xae0be4
·! LDR: **** sys_net import: [sys_net::gethostbyaddr] -> 0xae0c04
·! LDR: **** sys_net import: [sys_net::getpeername] -> 0xae0c24
·! LDR: **** sys_net import: [sys_net::recv] -> 0xae0c44
·! LDR: **** sys_net import: [sys_net::sys_net_free_thread_context] -> 0xae0c64
·! LDR: ** Imported module 'cellNetCtl' (0x0, 0x0)
·! LDR: **** cellNetCtl import: [cellNetCtlNetStartDialogLoadAsync] -> 0xae0c84
·! LDR: **** cellNetCtl import: [cellNetCtlNetStartDialogUnloadAsync] -> 0xae0ca4
·! LDR: **** cellNetCtl import: [cellNetCtlTerm] -> 0xae0cc4
·! LDR: **** cellNetCtl import: [cellNetCtlGetInfo] -> 0xae0ce4
·! LDR: **** cellNetCtl import: [cellNetCtlGetNatInfo] -> 0xae0d04
·! LDR: **** cellNetCtl import: [cellNetCtlGetState] -> 0xae0d24
·! LDR: **** cellNetCtl import: [cellNetCtlInit] -> 0xae0d44
·! LDR: ** Imported module 'cellSysutil' (0x0, 0x0)
·! LDR: **** cellSysutil import: [cellVideoOutConfigure] -> 0xae0d64
·! LDR: **** cellSysutil import: [cellSysutilCheckCallback] -> 0xae0d84
·! LDR: **** cellSysutil import: [cellOskDialogGetInputText] -> 0xae0da4
·! LDR: **** cellSysutil import: [cellSaveDataListLoad2] -> 0xae0dc4
·! LDR: **** cellSysutil import: [cellSysCacheMount] -> 0xae0de4
·! LDR: **** cellSysutil import: [cellVideoOutGetDeviceInfo] -> 0xae0e04
·! LDR: **** cellSysutil import: [cellSaveDataListAutoLoad] -> 0xae0e24
·! LDR: **** cellSysutil import: [cellGameUnregisterDiscChangeCallback] -> 0xae0e44
·! LDR: **** cellSysutil import: [cellSaveDataListSave2] -> 0xae0e64
·! LDR: **** cellSysutil import: [cellOskDialogGetSize] -> 0xae0e84
·! LDR: **** cellSysutil import: [cellOskDialogUnloadAsync] -> 0xae0ea4
·! LDR: **** cellSysutil import: [cellSysutilGetSystemParamInt] -> 0xae0ec4
·! LDR: **** cellSysutil import: [cellAudioOutConfigure] -> 0xae0ee4
·! LDR: **** cellSysutil import: [cellSaveDataListAutoSave] -> 0xae0f04
·! LDR: **** cellSysutil import: [cellMsgDialogAbort] -> 0xae0f24
·! LDR: **** cellSysutil import: [cellSysCacheClear] -> 0xae0f44
·! LDR: **** cellSysutil import: [cellVideoOutGetNumberOfDevice] -> 0xae0f64
·! LDR: **** cellSysutil import: [cellMsgDialogOpen2] -> 0xae0f84
·! LDR: **** cellSysutil import: [cellAudioOutGetDeviceInfo] -> 0xae0fa4
·! LDR: **** cellSysutil import: [cellOskDialogAddSupportLanguage] -> 0xae0fc4
·! LDR: **** cellSysutil import: [cellOskDialogLoadAsync] -> 0xae0fe4
·! LDR: **** cellSysutil import: [cellVideoOutGetState] -> 0xae1004
·! LDR: **** cellSysutil import: [cellSysutilGetSystemParamString] -> 0xae1024
·! LDR: **** cellSysutil import: [cellSysutilRegisterCallback] -> 0xae1044
·! LDR: **** cellSysutil import: [cellVideoOutGetResolutionAvailability] -> 0xae1064
·! LDR: **** cellSysutil import: [cellOskDialogSetKeyLayoutOption] -> 0xae1084
·! LDR: **** cellSysutil import: [cellOskDialogAbort] -> 0xae10a4
·! LDR: **** cellSysutil import: [cellAudioOutGetSoundAvailability] -> 0xae10c4
·! LDR: **** cellSysutil import: [cellOskDialogSetInitialKeyLayout] -> 0xae10e4
·! LDR: **** cellSysutil import: [cellVideoOutGetResolution] -> 0xae1104
·! LDR: **** cellSysutil import: [cellAudioOutGetNumberOfDevice] -> 0xae1124
·! LDR: **** cellSysutil import: [cellOskDialogSetLayoutMode] -> 0xae1144
·! LDR: **** cellSysutil import: [cellAudioOutGetState] -> 0xae1164
·! LDR: ** Imported module 'cellVoice' (0x0, 0x0)
·! LDR: **** cellVoice import: [cellVoiceStart] -> 0xae1184
·! LDR: **** cellVoice import: [cellVoiceCreatePort] -> 0xae11a4
·! LDR: **** cellVoice import: [cellVoiceReadFromOPort] -> 0xae11c4
·! LDR: **** cellVoice import: [cellVoiceWriteToIPort] -> 0xae11e4
·! LDR: **** cellVoice import: [cellVoiceGetMuteFlag] -> 0xae1204
·! LDR: **** cellVoice import: [cellVoiceGetPortInfo] -> 0xae1224
·! LDR: **** cellVoice import: [cellVoiceGetVolume] -> 0xae1244
·! LDR: **** cellVoice import: [cellVoiceSetPortAttr] -> 0xae1264
·! LDR: **** cellVoice import: [cellVoiceDeletePort] -> 0xae1284
·! LDR: **** cellVoice import: [cellVoiceConnectIPortToOPort] -> 0xae12a4
·! LDR: **** cellVoice import: [cellVoiceInit] -> 0xae12c4
·! LDR: **** cellVoice import: [cellVoiceStop] -> 0xae12e4
·! LDR: **** cellVoice import: [cellVoiceSetMuteFlagAll] -> 0xae1304
·! LDR: **** cellVoice import: [cellVoiceSetVolume] -> 0xae1324
·! LDR: **** cellVoice import: [cellVoiceSetMuteFlag] -> 0xae1344
·! LDR: **** cellVoice import: [cellVoiceEnd] -> 0xae1364
·! LDR: **** cellVoice import: [cellVoiceGetPortAttr] -> 0xae1384
·! LDR: ** Imported module 'cellUsbd' (0x0, 0x0)
·! LDR: **** cellUsbd import: [cellUsbdInterruptTransfer] -> 0xae13a4
·! LDR: **** cellUsbd import: [cellUsbdOpenPipe] -> 0xae13c4
·! LDR: **** cellUsbd import: [cellUsbdScanStaticDescriptor] -> 0xae13e4
·! LDR: **** cellUsbd import: [cellUsbdEnd] -> 0xae1404
·! LDR: **** cellUsbd import: [cellUsbdSetThreadPriority2] -> 0xae1424
·! LDR: **** cellUsbd import: [cellUsbdGetPrivateData] -> 0xae1444
·! LDR: **** cellUsbd import: [cellUsbdSetPrivateData] -> 0xae1464
·! LDR: **** cellUsbd import: [cellUsbdRegisterExtraLdd] -> 0xae1484
·! LDR: **** cellUsbd import: [cellUsbdUnregisterExtraLdd] -> 0xae14a4
·! LDR: **** cellUsbd import: [cellUsbdControlTransfer] -> 0xae14c4
·! LDR: **** cellUsbd import: [cellUsbdInit] -> 0xae14e4
·! LDR: ** Imported module 'sys_fs' (0x0, 0x0)
·! LDR: **** sys_fs import: [cellFsReadWithOffset] -> 0xae1504
·! LDR: **** sys_fs import: [cellFsRmdir] -> 0xae1524
·! LDR: **** sys_fs import: [cellFsClose] -> 0xae1544
·! LDR: **** sys_fs import: [cellFsOpendir] -> 0xae1564
·! LDR: **** sys_fs import: [cellFsRead] -> 0xae1584
·! LDR: **** sys_fs import: [cellFsReaddir] -> 0xae15a4
·! LDR: **** sys_fs import: [cellFsOpen] -> 0xae15c4
·! LDR: **** sys_fs import: [cellFsStat] -> 0xae15e4
·! LDR: **** sys_fs import: [cellFsUnlink] -> 0xae1604
·! LDR: **** sys_fs import: [cellFsWriteWithOffset] -> 0xae1624
·! LDR: **** sys_fs import: [cellFsFsync] -> 0xae1644
·! LDR: **** sys_fs import: [cellFsChmod] -> 0xae1664
·! LDR: **** sys_fs import: [cellFsLseek] -> 0xae1684
·! LDR: **** sys_fs import: [cellFsGetFreeSize] -> 0xae16a4
·! LDR: **** sys_fs import: [cellFsSdataOpen] -> 0xae16c4
·! LDR: **** sys_fs import: [cellFsMkdir] -> 0xae16e4
·! LDR: **** sys_fs import: [cellFsUtime] -> 0xae1704
·! LDR: **** sys_fs import: [cellFsWrite] -> 0xae1724
·! LDR: **** sys_fs import: [cellFsFstat] -> 0xae1744
·! LDR: **** sys_fs import: [cellFsRename] -> 0xae1764
·! LDR: **** sys_fs import: [cellFsClosedir] -> 0xae1784
·! LDR: ** Imported module 'sys_io' (0x0, 0x0)
·! LDR: **** sys_io import: [cellPadInit] -> 0xae17a4
·! LDR: **** sys_io import: [cellKbGetInfo] -> 0xae17c4
·! LDR: **** sys_io import: [cellMouseGetData] -> 0xae17e4
·! LDR: **** sys_io import: [cellKbInit] -> 0xae1804
·! LDR: **** sys_io import: [cellPadEnd] -> 0xae1824
·! LDR: **** sys_io import: [cellPadSetPortSetting] -> 0xae1844
·! LDR: **** sys_io import: [cellMouseGetInfo] -> 0xae1864
·! LDR: **** sys_io import: [cellPadGetData] -> 0xae1884
·! LDR: **** sys_io import: [cellKbSetCodeType] -> 0xae18a4
·! LDR: **** sys_io import: [cellPadGetInfo2] -> 0xae18c4
·! LDR: **** sys_io import: [cellMouseInit] -> 0xae18e4
·! LDR: **** sys_io import: [cellKbSetReadMode] -> 0xae1904
·! LDR: **** sys_io import: [cellMouseEnd] -> 0xae1924
·! LDR: **** sys_io import: [cellPadSetActDirect] -> 0xae1944
·! LDR: **** sys_io import: [cellKbRead] -> 0xae1964
·! LDR: ** Imported module 'cellAudio' (0x0, 0x0)
·! LDR: **** cellAudio import: [cellAudioInit] -> 0xae1984
·! LDR: **** cellAudio import: [cellAudioPortClose] -> 0xae19a4
·! LDR: **** cellAudio import: [cellAudioPortStop] -> 0xae19c4
·! LDR: **** cellAudio import: [cellAudioGetPortConfig] -> 0xae19e4
·! LDR: **** cellAudio import: [cellAudioPortStart] -> 0xae1a04
·! LDR: **** cellAudio import: [cellAudioQuit] -> 0xae1a24
·! LDR: **** cellAudio import: [cellAudioPortOpen] -> 0xae1a44
·! LDR: ** Imported module 'cellSysmodule' (0x0, 0x0)
·! LDR: **** cellSysmodule import: [cellSysmoduleUnloadModule] -> 0xae1a64
·! LDR: **** cellSysmodule import: [cellSysmoduleLoadModule] -> 0xae1a84
·! LDR: **** cellSysmodule import: [cellSysmoduleIsLoaded] -> 0xae1aa4
·! LDR: **** cellSysmodule import: [cellSysmoduleInitialize] -> 0xae1ac4
·! LDR: ** Imported module 'sceNp' (0x0, 0x0)
·! LDR: **** sceNp import: [sceNpBasicSendMessageGui] -> 0xae1ae4
·! LDR: **** sceNp import: [sceNpBasicGetFriendListEntry] -> 0xae1b04
·! LDR: **** sceNp import: [sceNpManagerGetTicket] -> 0xae1b24
·! LDR: **** sceNp import: [sceNpSignalingGetConnectionInfo] -> 0xae1b44
·! LDR: **** sceNp import: [sceNpScoreRecordScore] -> 0xae1b64
·! LDR: **** sceNp import: [sceNpBasicAddPlayersHistory] -> 0xae1b84
·! LDR: **** sceNp import: [sceNpScoreWaitAsync] -> 0xae1ba4
·! LDR: **** sceNp import: [sceNpScoreGetRankingByRangeAsync] -> 0xae1bc4
·! LDR: **** sceNp import: [sceNpScoreDestroyTitleCtx] -> 0xae1be4
·! LDR: **** sceNp import: [sceNpBasicAddFriend] -> 0xae1c04
·! LDR: **** sceNp import: [sceNpManagerGetMyLanguages] -> 0xae1c24
·! LDR: **** sceNp import: [sceNpBasicGetFriendPresenceByIndex] -> 0xae1c44
·! LDR: **** sceNp import: [sceNpScoreInit] -> 0xae1c64
·! LDR: **** sceNp import: [sceNpManagerGetAvatarUrl] -> 0xae1c84
·! LDR: **** sceNp import: [sceNpScoreGetRankingByNpIdAsync] -> 0xae1ca4
·! LDR: **** sceNp import: [sceNpBasicAbortGui] -> 0xae1cc4
·! LDR: **** sceNp import: [sceNpTerm] -> 0xae1ce4
·! LDR: **** sceNp import: [sceNpSignalingAddExtendedHandler] -> 0xae1d04
·! LDR: **** sceNp import: [sceNpManagerGetTicketParam] -> 0xae1d24
·! LDR: **** sceNp import: [sceNpLookupDestroyTitleCtx] -> 0xae1d44
·! LDR: **** sceNp import: [sceNpLookupInit] -> 0xae1d64
·! LDR: **** sceNp import: [sceNpSignalingActivateConnection] -> 0xae1d84
·! LDR: **** sceNp import: [sceNpSignalingCreateCtx] -> 0xae1da4
·! LDR: **** sceNp import: [sceNpBasicRecvMessageAttachmentLoad] -> 0xae1dc4
·! LDR: **** sceNp import: [sceNpManagerGetContentRatingFlag] -> 0xae1de4
·! LDR: **** sceNp import: [sceNpScoreCreateTransactionCtx] -> 0xae1e04
·! LDR: **** sceNp import: [sceNpLookupPollAsync] -> 0xae1e24
·! LDR: **** sceNp import: [sceNpSignalingGetPeerNetInfo] -> 0xae1e44
·! LDR: **** sceNp import: [sceNpScoreCensorCommentAsync] -> 0xae1e64
·! LDR: **** sceNp import: [sceNpBasicRecvMessageCustom] -> 0xae1e84
·! LDR: **** sceNp import: [sceNpManagerRequestTicket2] -> 0xae1ea4
·! LDR: **** sceNp import: [sceNpLookupTerm] -> 0xae1ec4
·! LDR: **** sceNp import: [sceNpLookupTitleSmallStorageAsync] -> 0xae1ee4
·! LDR: **** sceNp import: [sceNpSignalingTerminateConnection] -> 0xae1f04
·! LDR: **** sceNp import: [sceNpScoreTerm] -> 0xae1f24
·! LDR: **** sceNp import: [sceNpBasicGetPlayersHistoryEntryCount] -> 0xae1f44
·! LDR: **** sceNp import: [sceNpScorePollAsync] -> 0xae1f64
·! LDR: **** sceNp import: [sceNpManagerGetStatus] -> 0xae1f84
·! LDR: **** sceNp import: [sceNpBasicGetCustomInvitationEntryCount] -> 0xae1fa4
·! LDR: **** sceNp import: [sceNpSignalingDestroyCtx] -> 0xae1fc4
·! LDR: **** sceNp import: [sceNpBasicUnregisterHandler] -> 0xae1fe4
·! LDR: **** sceNp import: [sceNpDrmIsAvailable] -> 0xae2004
·! LDR: **** sceNp import: [sceNpBasicGetFriendListEntryCount] -> 0xae2024
·! LDR: **** sceNp import: [sceNpManagerGetAccountRegion] -> 0xae2044
·! LDR: **** sceNp import: [sceNpScoreCreateTitleCtx] -> 0xae2064
·! LDR: **** sceNp import: [sceNpBasicGetPlayersHistoryEntry] -> 0xae2084
·! LDR: **** sceNp import: [sceNpBasicRegisterHandler] -> 0xae20a4
·! LDR: **** sceNp import: [sceNpInit] -> 0xae20c4
·! LDR: **** sceNp import: [sceNpManagerGetNetworkTime] -> 0xae20e4
·! LDR: **** sceNp import: [sceNpBasicSetPresenceDetails] -> 0xae2104
·! LDR: **** sceNp import: [sceNpScoreDestroyTransactionCtx] -> 0xae2124
·! LDR: **** sceNp import: [sceNpSignalingGetConnectionStatus] -> 0xae2144
·! LDR: **** sceNp import: [sceNpLookupCreateTitleCtx] -> 0xae2164
·! LDR: **** sceNp import: [sceNpProfileCallGui] -> 0xae2184
·! LDR: **** sceNp import: [sceNpSignalingGetPeerNetInfoResult] -> 0xae21a4
·! LDR: **** sceNp import: [sceNpUtilCmpNpId] -> 0xae21c4
·! LDR: **** sceNp import: [sceNpBasicGetEvent] -> 0xae21e4
·! LDR: **** sceNp import: [sceNpManagerRegisterCallback] -> 0xae2204
·! LDR: **** sceNp import: [sceNpSignalingGetConnectionFromNpId] -> 0xae2224
·! LDR: **** sceNp import: [sceNpLookupCreateTransactionCtx] -> 0xae2244
·! LDR: **** sceNp import: [sceNpManagerGetChatRestrictionFlag] -> 0xae2264
·! LDR: **** sceNp import: [sceNpBasicSendMessage] -> 0xae2284
·! LDR: **** sceNp import: [sceNpBasicGetMessageEntryCount] -> 0xae22a4
·! LDR: **** sceNp import: [sceNpDrmIsAvailable2] -> 0xae22c4
·! LDR: **** sceNp import: [sceNpLookupDestroyTransactionCtx] -> 0xae22e4
·! LDR: **** sceNp import: [sceNpBasicGetFriendPresenceByNpId] -> 0xae2304
·! LDR: **** sceNp import: [sceNpManagerGetNpId] -> 0xae2324
·! LDR: ** Imported module 'sceNp2' (0x0, 0x0)
·! LDR: **** sceNp2 import: [sceNpMatching2DestroyContext] -> 0xae2344
·! LDR: **** sceNp2 import: [sceNpMatching2GetWorldInfoList] -> 0xae2364
·! LDR: **** sceNp2 import: [sceNpMatching2SearchRoom] -> 0xae2384
·! LDR: **** sceNp2 import: [sceNpMatching2CreateServerContext] -> 0xae23a4
·! LDR: **** sceNp2 import: [sceNpMatching2LeaveRoom] -> 0xae23c4
·! LDR: **** sceNp2 import: [sceNpMatching2SetRoomDataExternal] -> 0xae23e4
·! LDR: **** sceNp2 import: [sceNpMatching2Term2] -> 0xae2404
·! LDR: **** sceNp2 import: [sceNpMatching2GetRoomMemberDataExternalList] -> 0xae2424
·! LDR: **** sceNp2 import: [sceNpMatching2GetServerInfo] -> 0xae2444
·! LDR: **** sceNp2 import: [sceNpMatching2GetEventData] -> 0xae2464
·! LDR: **** sceNp2 import: [sceNp2Init] -> 0xae2484
·! LDR: **** sceNp2 import: [sceNpMatching2AbortContextStart] -> 0xae24a4
·! LDR: **** sceNp2 import: [sceNpMatching2JoinRoom] -> 0xae24c4
·! LDR: **** sceNp2 import: [sceNpMatching2KickoutRoomMember] -> 0xae24e4
·! LDR: **** sceNp2 import: [sceNpMatching2ContextStartAsync] -> 0xae2504
·! LDR: **** sceNp2 import: [sceNpMatching2RegisterContextCallback] -> 0xae2524
·! LDR: **** sceNp2 import: [sceNpMatching2SetRoomDataInternal] -> 0xae2544
·! LDR: **** sceNp2 import: [sceNpMatching2SignalingGetPingInfo] -> 0xae2564
·! LDR: **** sceNp2 import: [sceNpMatching2GetServerIdListLocal] -> 0xae2584
·! LDR: **** sceNp2 import: [sceNpMatching2GrantRoomOwner] -> 0xae25a4
·! LDR: **** sceNp2 import: [sceNpMatching2CreateContext] -> 0xae25c4
·! LDR: **** sceNp2 import: [sceNpMatching2ClearEventData] -> 0xae25e4
·! LDR: **** sceNp2 import: [sceNp2Term] -> 0xae2604
·! LDR: **** sceNp2 import: [sceNpMatching2SetRoomMemberDataInternal] -> 0xae2624
·! LDR: **** sceNp2 import: [sceNpMatching2DeleteServerContext] -> 0xae2644
·! LDR: **** sceNp2 import: [sceNpMatching2SetDefaultRequestOptParam] -> 0xae2664
·! LDR: **** sceNp2 import: [sceNpMatching2RegisterRoomEventCallback] -> 0xae2684
·! LDR: **** sceNp2 import: [sceNpMatching2CreateJoinRoom] -> 0xae26a4
·! LDR: **** sceNp2 import: [sceNpMatching2ContextStop] -> 0xae26c4
·! LDR: **** sceNp2 import: [sceNpMatching2Init2] -> 0xae26e4
·! LDR: **** sceNp2 import: [sceNpMatching2RegisterRoomMessageCallback] -> 0xae2704
·! LDR: ** Imported module 'cellRtc' (0x0, 0x0)
·! LDR: **** cellRtc import: [cellRtcGetCurrentClockLocalTime] -> 0xae2724
·! LDR: **** cellRtc import: [cellRtcFormatRfc2822] -> 0xae2744
·! LDR: **** cellRtc import: [cellRtcSetTick] -> 0xae2764
·! LDR: **** cellRtc import: [cellRtcGetCurrentTick] -> 0xae2784
·! LDR: **** cellRtc import: [cellRtcFormatRfc2822LocalTime] -> 0xae27a4
·! LDR: **** cellRtc import: [cellRtcSetTime_t] -> 0xae27c4
·! LDR: **** cellRtc import: [cellRtcParseDateTime] -> 0xae27e4
·! LDR: **** cellRtc import: [cellRtcGetTick] -> 0xae2804
·! LDR: **** cellRtc import: [cellRtcGetTime_t] -> 0xae2824
·! LDR: **** cellRtc import: [cellRtcTickAddSeconds] -> 0xae2844
·! LDR: ** Imported module 'cellGame' (0x0, 0x0)
·! LDR: **** cellGame import: [cellGameGetParamString] -> 0xae2864
·! LDR: **** cellGame import: [cellGameCreateGameData] -> 0xae2884
·! LDR: **** cellGame import: [cellGameContentPermit] -> 0xae28a4
·! LDR: **** cellGame import: [cellGameContentErrorDialog] -> 0xae28c4
·! LDR: **** cellGame import: [cellGameGetParamInt] -> 0xae28e4
·! LDR: **** cellGame import: [cellGamePatchCheck] -> 0xae2904
·! LDR: **** cellGame import: [cellGameSetParamString] -> 0xae2924
·! LDR: **** cellGame import: [cellGameDataCheck] -> 0xae2944
·! LDR: **** cellGame import: [cellGameGetSizeKB] -> 0xae2964
·! LDR: **** cellGame import: [cellGameBootCheck] -> 0xae2984
·! LDR: ** Imported module 'sceNpCommerce2' (0x0, 0x0)
·! LDR: **** sceNpCommerce2 import: [sceNpCommerce2Init] -> 0xae29a4
·! LDR: **** sceNpCommerce2 import: [sceNpCommerce2Term] -> 0xae29c4
·! LDR: **** sceNpCommerce2 import: [sceNpCommerce2ExecuteStoreBrowse] -> 0xae29e4
·! LDR: ** Imported module 'libvdec' (0x0, 0x0)
·! LDR: **** libvdec import: [cellVdecOpenEx] -> 0xae2a04
·! LDR: **** libvdec import: [cellVdecClose] -> 0xae2a24
·! LDR: **** libvdec import: [cellVdecGetPicItem] -> 0xae2a44
·! LDR: **** libvdec import: [cellVdecDecodeAu] -> 0xae2a64
·! LDR: **** libvdec import: [cellVdecGetPicture] -> 0xae2a84
·! LDR: **** libvdec import: [cellVdecEndSeq] -> 0xae2aa4
·! LDR: **** libvdec import: [cellVdecStartSeq] -> 0xae2ac4
·! LDR: **** libvdec import: [cellVdecQueryAttrEx] -> 0xae2ae4
·! LDR: **** libvdec import: [cellVdecSetFrameRate] -> 0xae2b04
·! LDR: ** Imported module 'cellRec' (0x0, 0x0)
·! LDR: **** cellRec import: [cellRecOpen] -> 0xae2b24
·! LDR: **** cellRec import: [cellRecClose] -> 0xae2b44
·! LDR: **** cellRec import: [cellRecStop] -> 0xae2b64
·! LDR: **** cellRec import: [cellRecStart] -> 0xae2b84
·! LDR: **** cellRec import: [cellRecQueryMemSize] -> 0xae2ba4
·! LDR: ** Imported module 'sceNpTrophy' (0x0, 0x0)
·! LDR: **** sceNpTrophy import: [sceNpTrophyRegisterContext] -> 0xae2bc4
·! LDR: **** sceNpTrophy import: [sceNpTrophyCreateHandle] -> 0xae2be4
·! LDR: **** sceNpTrophy import: [sceNpTrophySetSoundLevel] -> 0xae2c04
·! LDR: **** sceNpTrophy import: [sceNpTrophyDestroyContext] -> 0xae2c24
·! LDR: **** sceNpTrophy import: [sceNpTrophyInit] -> 0xae2c44
·! LDR: **** sceNpTrophy import: [sceNpTrophyDestroyHandle] -> 0xae2c64
·! LDR: **** sceNpTrophy import: [sceNpTrophyUnlockTrophy] -> 0xae2c84
·! LDR: **** sceNpTrophy import: [sceNpTrophyTerm] -> 0xae2ca4
·! LDR: **** sceNpTrophy import: [sceNpTrophyGetTrophyUnlockState] -> 0xae2cc4
·! LDR: **** sceNpTrophy import: [sceNpTrophyCreateContext] -> 0xae2ce4
·! LDR: ** Imported module 'cellPngDec' (0x0, 0x0)
·! LDR: **** cellPngDec import: [cellPngDecCreate] -> 0xae2d04
·! LDR: **** cellPngDec import: [cellPngDecDecodeData] -> 0xae2d24
·! LDR: **** cellPngDec import: [cellPngDecClose] -> 0xae2d44
·! LDR: **** cellPngDec import: [cellPngDecDestroy] -> 0xae2d64
·! LDR: **** cellPngDec import: [cellPngDecReadHeader] -> 0xae2d84
·! LDR: **** cellPngDec import: [cellPngDecOpen] -> 0xae2da4
·! LDR: **** cellPngDec import: [cellPngDecSetParameter] -> 0xae2dc4
·! LDR: ** Imported module 'sceNpTus' (0x0, 0x0)
·! LDR: **** sceNpTus import: [sceNpTusCreateTransactionCtx] -> 0xae2de4
·! LDR: **** sceNpTus import: [sceNpTusTerm] -> 0xae2e04
·! LDR: **** sceNpTus import: [sceNpTusDestroyTitleCtx] -> 0xae2e24
·! LDR: **** sceNpTus import: [sceNpTusDestroyTransactionCtx] -> 0xae2e44
·! LDR: **** sceNpTus import: [sceNpTusSetTimeout] -> 0xae2e64
·! LDR: **** sceNpTus import: [sceNpTusCreateTitleCtx] -> 0xae2e84
·! LDR: **** sceNpTus import: [sceNpTusSetData] -> 0xae2ea4
·! LDR: **** sceNpTus import: [sceNpTusGetData] -> 0xae2ec4
·! LDR: **** sceNpTus import: [sceNpTusInit] -> 0xae2ee4
·! LDR: ** Imported module 'cellJpgDec' (0x0, 0x0)
·! LDR: **** cellJpgDec import: [cellJpgDecReadHeader] -> 0xae2f04
·! LDR: **** cellJpgDec import: [cellJpgDecClose] -> 0xae2f24
·! LDR: **** cellJpgDec import: [cellJpgDecOpen] -> 0xae2f44
·! LDR: **** cellJpgDec import: [cellJpgDecCreate] -> 0xae2f64
·! LDR: **** cellJpgDec import: [cellJpgDecDecodeData] -> 0xae2f84
·! LDR: **** cellJpgDec import: [cellJpgDecDestroy] -> 0xae2fa4
·! LDR: **** cellJpgDec import: [cellJpgDecSetParameter] -> 0xae2fc4
·! LDR: ** Imported module 'cellL10n' (0x0, 0x0)
·! LDR: **** cellL10n import: [UCS2stoUTF8s] -> 0xae2fe4
·! LDR: **** cellL10n import: [UTF8stoUCS2s] -> 0xae3004
·! LDR: ** Imported module 'cellPhotoUtility' (0x0, 0x0)
·! LDR: **** cellPhotoUtility import: [cellPhotoExportInitialize2] -> 0xae3024
·! LDR: **** cellPhotoUtility import: [cellPhotoExportFromFile] -> 0xae3044
·! LDR: **** cellPhotoUtility import: [cellPhotoExportFinalize] -> 0xae3064
·! LDR: ** Imported module 'cellJpgEnc' (0x0, 0x0)
·! LDR: **** cellJpgEnc import: [cellJpgEncQueryAttr] -> 0xae3084
·! LDR: **** cellJpgEnc import: [cellJpgEncWaitForInput] -> 0xae30a4
·! LDR: **** cellJpgEnc import: [cellJpgEncGetStreamInfo] -> 0xae30c4
·! LDR: **** cellJpgEnc import: [cellJpgEncEncodePicture2] -> 0xae30e4
·! LDR: **** cellJpgEnc import: [cellJpgEncClose] -> 0xae3104
·! LDR: **** cellJpgEnc import: [cellJpgEncWaitForOutput] -> 0xae3124
·! LDR: **** cellJpgEnc import: [cellJpgEncOpen] -> 0xae3144
·! LDR: ** Imported module 'cellSysutilNpEula' (0x0, 0x0)
·! LDR: **** cellSysutilNpEula import: [0x59D1629A] -> 0xae3164
·! LDR: **** cellSysutilNpEula import: [0x6599500D] -> 0xae3184
·! LDR: ** Imported module 'sceNpUtil' (0x0, 0x0)
·! LDR: **** sceNpUtil import: [sceNpUtilBandwidthTestShutdown] -> 0xae31a4
·! LDR: **** sceNpUtil import: [sceNpUtilBandwidthTestInitStart] -> 0xae31c4
·! LDR: **** sceNpUtil import: [sceNpUtilBandwidthTestGetStatus] -> 0xae31e4
·! LDR: ** Imported module 'sysPrxForUser' (0x0, 0x0)
·! LDR: **** sysPrxForUser import: [sys_lwmutex_lock] -> 0xae3204
·! LDR: **** sysPrxForUser import: [sys_lwmutex_unlock] -> 0xae3224
·! LDR: **** sysPrxForUser import: [sys_lwcond_destroy] -> 0xae3244
·! LDR: **** sysPrxForUser import: [sys_ppu_thread_create] -> 0xae3264
·! LDR: **** sysPrxForUser import: [sys_prx_load_module] -> 0xae3284
·! LDR: **** sysPrxForUser import: [sys_lwcond_wait] -> 0xae32a4
·! LDR: **** sysPrxForUser import: [_sys_process_atexitspawn] -> 0xae32c4
·! LDR: **** sysPrxForUser import: [sys_lwmutex_create] -> 0xae32e4
·! LDR: **** sysPrxForUser import: [sys_ppu_thread_get_id] -> 0xae3304
·! LDR: **** sysPrxForUser import: [sys_mmapper_free_memory] -> 0xae3324
·! LDR: **** sysPrxForUser import: [sys_prx_register_library] -> 0xae3344
·! LDR: **** sysPrxForUser import: [sys_mmapper_unmap_memory] -> 0xae3364
·! LDR: **** sysPrxForUser import: [sys_process_is_stack] -> 0xae3384
·! LDR: **** sysPrxForUser import: [sys_spinlock_unlock] -> 0xae33a4
·! LDR: **** sysPrxForUser import: [sys_spinlock_trylock] -> 0xae33c4
·! LDR: **** sysPrxForUser import: [sys_initialize_tls] -> 0xae33e4
·! LDR: **** sysPrxForUser import: [sys_time_get_system_time] -> 0xae3404
·! LDR: **** sysPrxForUser import: [sys_prx_get_module_info] -> 0xae3424
·! LDR: **** sysPrxForUser import: [sys_spinlock_initialize] -> 0xae3444
·! LDR: **** sysPrxForUser import: [_sys_process_at_Exitspawn] -> 0xae3464
·! LDR: **** sysPrxForUser import: [sys_prx_exitspawn_with_level] -> 0xae3484
·! LDR: **** sysPrxForUser import: [sys_prx_get_module_list] -> 0xae34a4
·! LDR: **** sysPrxForUser import: [sys_prx_load_module_on_memcontainer] -> 0xae34c4
·! LDR: **** sysPrxForUser import: [sys_lwmutex_trylock] -> 0xae34e4
·! LDR: **** sysPrxForUser import: [sys_ppu_thread_exit] -> 0xae3504
·! LDR: **** sysPrxForUser import: [sys_mmapper_allocate_memory] -> 0xae3524
·! LDR: **** sysPrxForUser import: [sys_lwmutex_destroy] -> 0xae3544
·! LDR: **** sysPrxForUser import: [sys_lwcond_create] -> 0xae3564
·! LDR: **** sysPrxForUser import: [sys_mmapper_map_memory] -> 0xae3584
·! LDR: **** sysPrxForUser import: [sys_process_exit] -> 0xae35a4
·! LDR: **** sysPrxForUser import: [sys_lwcond_signal_all] -> 0xae35c4
·! LDR: **** sysPrxForUser import: [sys_lwcond_signal] -> 0xae35e4
·! LDR: Injected hack for function 'cellAudioInit' in module 'cellAudio' (*0xae1984)
·! LDR: Injected hack for function 'cellAudioQuit' in module 'cellAudio' (*0xae1a24)
·! LDR: Injected hack for function 'cellAudioPortClose' in module 'cellAudio' (*0xae19a4)
·! LDR: Injected hack for function 'cellAudioGetPortConfig' in module 'cellAudio' (*0xae19e4)
·! LDR: Injected hack for function 'cellAudioPortStop' in module 'cellAudio' (*0xae19c4)
·! LDR: Injected hack for function 'cellAudioPortStart' in module 'cellAudio' (*0xae1a04)
·! LDR: Injected hack for function 'cellAudioPortOpen' in module 'cellAudio' (*0xae1a44)
·! LDR: Injected hack for function 'cellNetCtlTerm' in module 'cellNetCtl' (*0xae0cc4)
·! LDR: Injected hack for function 'cellNetCtlNetStartDialogLoadAsync' in module 'cellNetCtl' (*0xae0c84)
·! LDR: Injected hack for function 'cellNetCtlNetStartDialogUnloadAsync' in module 'cellNetCtl' (*0xae0ca4)
·! LDR: Injected hack for function 'cellNetCtlGetInfo' in module 'cellNetCtl' (*0xae0ce4)
·! LDR: Injected hack for function 'cellNetCtlGetNatInfo' in module 'cellNetCtl' (*0xae0d04)
·! LDR: Injected hack for function 'cellNetCtlGetState' in module 'cellNetCtl' (*0xae0d24)
·! LDR: Injected hack for function 'cellNetCtlInit' in module 'cellNetCtl' (*0xae0d44)
·E LDR: Unknown module 'cellSysutilNpEula'
·E LDR: Unknown function '0x59D1629A' in module 'cellSysutilNpEula' (index 2972)
·W LDR: ** Not linked at *0xd8f2e0
·E LDR: Unknown function '0x6599500D' in module 'cellSysutilNpEula' (index 2973)
·W LDR: ** Not linked at *0xd8f2e4
