LDR: ! Imported function 'cellSysutilUnregisterCallback' in 'cellSysutil' module (0x652824)
LDR: ! Imported function 'cellVideoOutConfigure' in 'cellSysutil' module (0x652844)
LDR: ! Imported function 'cellSysutilCheckCallback' in 'cellSysutil' module (0x652864)
LDR: ! Imported function 'cellOskDialogGetSize' in 'cellSysutil' module (0x652884)
LDR: ! Imported function 'cellOskDialogUnloadAsync' in 'cellSysutil' module (0x6528a4)
LDR: ! Imported function 'cellSysutilGetSystemParamInt' in 'cellSysutil' module (0x6528c4)
LDR: ! Imported function 'cellAudioOutConfigure' in 'cellSysutil' module (0x6528e4)
LDR: ! Imported function 'cellMsgDialogAbort' in 'cellSysutil' module (0x652904)
LDR: ! Imported function 'cellMsgDialogOpen2' in 'cellSysutil' module (0x652924)
LDR: ! Imported function 'cellOskDialogAddSupportLanguage' in 'cellSysutil' module (0x652944)
LDR: ! Imported function 'cellOskDialogLoadAsync' in 'cellSysutil' module (0x652964)
LDR: ! Imported function 'cellVideoOutGetState' in 'cellSysutil' module (0x652984)
LDR: ! Imported function 'cellSaveDataAutoSave2' in 'cellSysutil' module (0x6529a4)
LDR: ! Imported function 'cellHddGameCheck' in 'cellSysutil' module (0x6529c4)
LDR: ! Imported function 'cellSysutilGetSystemParamString' in 'cellSysutil' module (0x6529e4)
LDR: ! Imported function 'cellSysutilRegisterCallback' in 'cellSysutil' module (0x652a04)
LDR: ! Imported function 'cellVideoOutGetResolutionAvailability' in 'cellSysutil' module (0x652a24)
LDR: ! Imported function 'cellOskDialogSetKeyLayoutOption' in 'cellSysutil' module (0x652a44)
LDR: ! Imported function 'cellOskDialogAbort' in 'cellSysutil' module (0x652a64)
LDR: ! Imported function 'cellDiscGameGetBootDiscInfo' in 'cellSysutil' module (0x652a84)
LDR: ! Imported function 'cellAudioOutGetSoundAvailability' in 'cellSysutil' module (0x652aa4)
LDR: ! Imported function 'cellGameDataCheckCreate2' in 'cellSysutil' module (0x652ac4)
LDR: ! Imported function 'cellVideoOutGetResolution' in 'cellSysutil' module (0x652ae4)
LDR: ! Imported function 'cellSaveDataDelete2' in 'cellSysutil' module (0x652b04)
LDR: ! Imported function 'cellOskDialogSetLayoutMode' in 'cellSysutil' module (0x652b24)
LDR: ! Imported function 'cellSaveDataAutoLoad2' in 'cellSysutil' module (0x652b44)
LDR: ! Imported function 'cellWebBrowserConfigSetDisableTabs' in 'cellSysutil' module (0x6540c4)
LDR: ! Imported function 'cellWebBrowserEstimate' in 'cellSysutil' module (0x6540e4)
LDR: ! Imported function 'cellWebBrowserConfigWithVer' in 'cellSysutil' module (0x654104)
LDR: ! Imported function 'cellWebBrowserInitialize' in 'cellSysutil' module (0x654124)
LDR: ! Imported function 'cellWebBrowserConfigSetHeapSize' in 'cellSysutil' module (0x654144)
LDR: ! Imported function 'cellWebBrowserCreateWithConfig' in 'cellSysutil' module (0x654164)
LDR: ! Imported function 'cellWebBrowserShutdown' in 'cellSysutil' module (0x654184)
LDR: ! Imported function 'cellWebBrowserConfigSetFunction' in 'cellSysutil' module (0x6541a4)
LDR: ! Imported function 'cellWebBrowserDestroy2' in 'cellSysutil' module (0x6541c4)
LDR: ! Imported function 'sceNpManagerGetTicket' in 'sceNp' module (0x652b64)
LDR: ! Imported function 'sceNpBasicAddPlayersHistory' in 'sceNp' module (0x652b84)
LDR: ! Imported function 'sceNpManagerGetAccountAge' in 'sceNp' module (0x652ba4)
LDR: ! Imported function 'sceNpBasicAddFriend' in 'sceNp' module (0x652bc4)
LDR: ! Imported function 'sceNpBasicSetPresence' in 'sceNp' module (0x652be4)
LDR: ! Imported function 'sceNpTerm' in 'sceNp' module (0x652c04)
LDR: ! Imported function 'sceNpManagerUnregisterCallback' in 'sceNp' module (0x652c24)
LDR: ! Imported function 'sceNpManagerGetContentRatingFlag' in 'sceNp' module (0x652c44)
LDR: ! Imported function 'sceNpManagerRequestTicket' in 'sceNp' module (0x652c64)
LDR: ! Imported function 'sceNpManagerGetStatus' in 'sceNp' module (0x652c84)
LDR: ! Imported function 'sceNpBasicUnregisterHandler' in 'sceNp' module (0x652ca4)
LDR: ! Imported function 'sceNpManagerGetAccountRegion' in 'sceNp' module (0x652cc4)
LDR: ! Imported function 'sceNpBasicRegisterHandler' in 'sceNp' module (0x652ce4)
LDR: ! Imported function 'sceNpInit' in 'sceNp' module (0x652d04)
LDR: ! Imported function 'sceNpManagerGetOnlineId' in 'sceNp' module (0x652d24)
LDR: ! Imported function 'sceNpUtilCmpNpId' in 'sceNp' module (0x652d44)
LDR: ! Imported function 'sceNpBasicGetEvent' in 'sceNp' module (0x652d64)
LDR: ! Imported function 'sceNpManagerRegisterCallback' in 'sceNp' module (0x652d84)
LDR: ! Imported function 'sceNpManagerGetChatRestrictionFlag' in 'sceNp' module (0x652da4)
LDR: ! Imported function 'sceNpBasicSendMessage' in 'sceNp' module (0x652dc4)
LDR: ! Imported function 'sceNpManagerGetNpId' in 'sceNp' module (0x652de4)
LDR: ! Imported function 'cellSysmoduleUnloadModule' in 'cellSysmodule' module (0x652e04)
LDR: ! Imported function 'cellSysmoduleLoadModule' in 'cellSysmodule' module (0x652e24)
LDR: ! Imported function 'cellSysmoduleInitialize' in 'cellSysmodule' module (0x652e44)
LDR: ! Imported function 'cellSysmoduleFinalize' in 'cellSysmodule' module (0x652e64)
LDR: ! Imported function 'cellPadClearBuf' in 'sys_io' module (0x652e84)
LDR: ! Imported function 'cellPadInfoPressMode' in 'sys_io' module (0x652ea4)
LDR: ! Imported function 'cellPadInit' in 'sys_io' module (0x652ec4)
LDR: ! Imported function 'cellKbGetInfo' in 'sys_io' module (0x652ee4)
LDR: ! Imported function 'cellPadGetInfo' in 'sys_io' module (0x652f04)
LDR: ! Imported function 'cellKbInit' in 'sys_io' module (0x652f24)
LDR: ! Imported function 'cellPadEnd' in 'sys_io' module (0x652f44)
LDR: ! Imported function 'cellPadInfoSensorMode' in 'sys_io' module (0x652f64)
LDR: ! Imported function 'cellPadGetData' in 'sys_io' module (0x652f84)
LDR: ! Imported function 'cellKbSetCodeType' in 'sys_io' module (0x652fa4)
LDR: ! Imported function 'cellPadSetSensorMode' in 'sys_io' module (0x652fc4)
LDR: ! Imported function 'cellKbEnd' in 'sys_io' module (0x652fe4)
LDR: ! Imported function 'cellPadSetPressMode' in 'sys_io' module (0x653004)
LDR: ! Imported function 'cellKbRead' in 'sys_io' module (0x653024)
LDR: ! Imported function 'socketpoll' in 'sys_net' module (0x653044)
LDR: ! Imported function 'getsockname' in 'sys_net' module (0x653064)
LDR: ! Imported function 'recvfrom' in 'sys_net' module (0x653084)
LDR: ! Imported function 'listen' in 'sys_net' module (0x6530a4)
LDR: ! Imported function 'socketselect' in 'sys_net' module (0x6530c4)
LDR: ! Imported function 'getsockopt' in 'sys_net' module (0x6530e4)
LDR: ! Imported function '_sys_net_errno_loc' in 'sys_net' module (0x653104)
LDR: ! Imported function 'connect' in 'sys_net' module (0x653124)
LDR: ! Imported function 'socketclose' in 'sys_net' module (0x653144)
LDR: ! Imported function 'gethostbyname' in 'sys_net' module (0x653164)
LDR: ! Imported function 'inet_ntoa' in 'sys_net' module (0x653184)
LDR: ! Imported function 'setsockopt' in 'sys_net' module (0x6531a4)
LDR: ! Imported function 'sendto' in 'sys_net' module (0x6531c4)
LDR: ! Imported function 'socket' in 'sys_net' module (0x6531e4)
LDR: ! Imported function 'shutdown' in 'sys_net' module (0x653204)
LDR: ! Imported function 'inet_aton' in 'sys_net' module (0x653224)
LDR: ! Imported function 'bind' in 'sys_net' module (0x653244)
LDR: ! Imported function 'sys_net_show_ifconfig' in 'sys_net' module (0x653264)
LDR: ! Imported function 'accept' in 'sys_net' module (0x653284)
LDR: ! Imported function 'send' in 'sys_net' module (0x6532a4)
LDR: ! Imported function 'recv' in 'sys_net' module (0x6532c4)
LDR: ! Imported function 'sys_net_initialize_network_ex' in 'sys_net' module (0x6541e4)
LDR: ! Imported function 'sys_net_finalize_network' in 'sys_net' module (0x654204)
cellNetCtl = V
LDR: ! Imported function 'cellFsRmdir' in 'sys_fs' module (0x653384)
LDR: ! Imported function 'cellFsClose' in 'sys_fs' module (0x6533a4)
LDR: ! Imported function 'cellFsOpendir' in 'sys_fs' module (0x6533c4)
LDR: ! Imported function 'cellFsRead' in 'sys_fs' module (0x6533e4)
LDR: ! Imported function 'cellFsReaddir' in 'sys_fs' module (0x653404)
LDR: ! Imported function 'cellFsOpen' in 'sys_fs' module (0x653424)
LDR: ! Imported function 'cellFsStat' in 'sys_fs' module (0x653444)
LDR: ! Imported function 'cellFsUnlink' in 'sys_fs' module (0x653464)
LDR: ! Imported function 'cellFsFsync' in 'sys_fs' module (0x653484)
LDR: ! Imported function 'cellFsChmod' in 'sys_fs' module (0x6534a4)
LDR: ! Imported function 'cellFsLseek' in 'sys_fs' module (0x6534c4)
LDR: ! Imported function 'cellFsGetFreeSize' in 'sys_fs' module (0x6534e4)
LDR: ! Imported function 'cellFsMkdir' in 'sys_fs' module (0x653504)
LDR: ! Imported function 'cellFsWrite' in 'sys_fs' module (0x653524)
LDR: ! Imported function 'cellFsFstat' in 'sys_fs' module (0x653544)
LDR: ! Imported function 'cellFsRename' in 'sys_fs' module (0x653564)
LDR: ! Imported function 'cellFsClosedir' in 'sys_fs' module (0x653584)
LDR: ! Imported function 'cellAudioInit' in 'cellAudio' module (0x6535a4)
LDR: ! Imported function 'cellAudioPortClose' in 'cellAudio' module (0x6535c4)
LDR: ! Imported function 'cellAudioSetPortLevel' in 'cellAudio' module (0x6535e4)
LDR: ! Imported function 'cellAudioPortStop' in 'cellAudio' module (0x653604)
LDR: ! Imported function 'cellAudioGetPortConfig' in 'cellAudio' module (0x653624)
LDR: ! Imported function 'cellAudioPortStart' in 'cellAudio' module (0x653644)
LDR: ! Imported function 'cellAudioQuit' in 'cellAudio' module (0x653664)
LDR: ! Imported function 'cellAudioPortOpen' in 'cellAudio' module (0x653684)
LDR: ! Imported function 'cellAudioSetNotifyEventQueue' in 'cellAudio' module (0x654244)
LDR: ! Imported function 'cellAudioGetPortTimestamp' in 'cellAudio' module (0x654264)
LDR: ! Imported function 'cellAudioGetPortBlockTag' in 'cellAudio' module (0x654284)
LDR: ! Imported function 'cellAudioRemoveNotifyEventQueue' in 'cellAudio' module (0x6542a4)
LDR: ! Imported function 'cellAdecDecodeAu' in 'cellAdec' module (0x6536a4)
LDR: ! Imported function 'cellAdecStartSeq' in 'cellAdec' module (0x6536c4)
LDR: ! Imported function 'cellAdecQueryAttr' in 'cellAdec' module (0x6536e4)
LDR: ! Imported function 'cellAdecClose' in 'cellAdec' module (0x653704)
LDR: ! Imported function 'cellAdecGetPcm' in 'cellAdec' module (0x653724)
LDR: ! Imported function 'cellAdecGetPcmItem' in 'cellAdec' module (0x653744)
LDR: ! Imported function 'cellAdecOpen' in 'cellAdec' module (0x653764)
LDR: ! Imported function 'cellAdecEndSeq' in 'cellAdec' module (0x653784)
LDR: ! Imported function 'cellVdecClose' in 'libvdec' module (0x6537a4)
LDR: ! Imported function 'cellVdecGetPicItem' in 'libvdec' module (0x6537c4)
LDR: ! Imported function 'cellVdecDecodeAu' in 'libvdec' module (0x6537e4)
LDR: ! Imported function 'cellVdecGetPicture' in 'libvdec' module (0x653804)
LDR: ! Imported function 'cellVdecEndSeq' in 'libvdec' module (0x653824)
LDR: ! Imported function 'cellVdecOpen' in 'libvdec' module (0x653844)
LDR: ! Imported function 'cellVdecStartSeq' in 'libvdec' module (0x653864)
LDR: ! Imported function 'cellVdecQueryAttr' in 'libvdec' module (0x653884)
LDR: ! Imported function 'cellSpursRequestIdleSpu' in 'cellSpurs' module (0x6538a4)
LDR: ! Imported function 'cellSpursGetInfo' in 'cellSpurs' module (0x6538c4)
LDR: ! Imported function 'cellSpursRemoveWorkload' in 'cellSpurs' module (0x6538e4)
LDR: ! Imported function 'cellSpursWaitForWorkloadShutdown' in 'cellSpurs' module (0x653904)
LDR: ! Imported function 'cellSpursAddWorkload' in 'cellSpurs' module (0x653924)
LDR: ! Imported function 'cellSpursSetPriorities' in 'cellSpurs' module (0x653944)
LDR: ! Imported function 'cellSpursShutdownWorkload' in 'cellSpurs' module (0x653964)
LDR: ! Imported function 'cellSpursSetExceptionEventHandler' in 'cellSpurs' module (0x653984)
LDR: ! Imported function 'cellSpursReadyCountStore' in 'cellSpurs' module (0x6539a4)
LDR: ! Imported function 'cellSpursDetachLv2EventQueue' in 'cellSpurs' module (0x6542c4)
LDR: ! Imported function 'cellSpursInitialize' in 'cellSpurs' module (0x6542e4)
LDR: ! Imported function 'cellSpursAttachLv2EventQueue' in 'cellSpurs' module (0x654304)
LDR: ! Imported function 'cellSpursFinalize' in 'cellSpurs' module (0x654324)
LDR: ! Imported function 'cellGcmSetUserHandler' in 'cellGcmSys' module (0x6539c4)
LDR: ! Imported function 'cellGcmSetQueueHandler' in 'cellGcmSys' module (0x6539e4)
LDR: ! Imported function 'cellGcmGetOffsetTable' in 'cellGcmSys' module (0x653a04)
LDR: ! Imported function 'cellGcmSetFlipMode' in 'cellGcmSys' module (0x653a24)
LDR: ! Imported function 'cellGcmSetDebugOutputLevel' in 'cellGcmSys' module (0x653a44)
LDR: ! Imported function 'cellGcmSetWaitFlip' in 'cellGcmSys' module (0x653a64)
LDR: ! Imported function 'cellGcmMapMainMemory' in 'cellGcmSys' module (0x653a84)
LDR: ! Imported function 'cellGcmSetFlipHandler' in 'cellGcmSys' module (0x653aa4)
LDR: ! Imported function 'cellGcmSetDisplayBuffer' in 'cellGcmSys' module (0x653ac4)
LDR: ! Imported function 'cellGcmGetControlRegister' in 'cellGcmSys' module (0x653ae4)
LDR: ! Imported function 'cellGcmSetVBlankHandler' in 'cellGcmSys' module (0x653b04)
LDR: ! Imported function 'cellGcmSetFlipImmediate' in 'cellGcmSys' module (0x653b24)
LDR: ! Imported function 'cellGcmSetInvalidateTile' in 'cellGcmSys' module (0x653b44)
LDR: ! Imported function 'cellGcmSetGraphicsHandler' in 'cellGcmSys' module (0x653b64)
LDR: ! Imported function 'cellGcmSetTile' in 'cellGcmSys' module (0x653b84)
LDR: ! Imported function 'cellGcmSetZcull' in 'cellGcmSys' module (0x653ba4)
LDR: ! Imported function 'cellGcmSetFlip' in 'cellGcmSys' module (0x653bc4)
LDR: ! Imported function 'cellGcmGetConfiguration' in 'cellGcmSys' module (0x653be4)
LDR: ! Imported function 'cellGcmGetLabelAddress' in 'cellGcmSys' module (0x653c04)
LDR: ! Imported function '_cellGcmInitBody' in 'cellGcmSys' module (0x654344)
LDR: ! Imported function 'cellGcmAddressToOffset' in 'cellGcmSys' module (0x654364)
LDR: ! Imported function '_cellGcmFunc15' in 'cellGcmSys' module (0x654384)
LDR: ! Imported function 'cellGcmMapEaIoAddress' in 'cellGcmSys' module (0x6543a4)
LDR: ! Imported function 'cellGcmUnmapEaIoAddress' in 'cellGcmSys' module (0x6543c4)
LDR: ! Imported function 'cellMicRead' in 'cellMic' module (0x653c24)
LDR: ! Imported function 'cellMicRemoveNotifyEventQueue' in 'cellMic' module (0x653c44)
LDR: ! Imported function 'cellMicReset' in 'cellMic' module (0x653c64)
LDR: ! Imported function 'cellMicSetNotifyEventQueue' in 'cellMic' module (0x653c84)
LDR: ! Imported function 'cellMicInit' in 'cellMic' module (0x653ca4)
LDR: ! Imported function 'cellMicClose' in 'cellMic' module (0x653cc4)
LDR: ! Imported function 'cellMicEnd' in 'cellMic' module (0x653ce4)
LDR: ! Imported function 'cellMicOpen' in 'cellMic' module (0x653d04)
cellMic
cellHttp
cellHttpUtil
cellFont
cellFontFT
sysPrxForUser
