LDR: E PSFLoader::Load() failed: unknown magic (0x0)
G: ! Stopping emulator...
LDR: ! Loading 'D:/Emulateurs/Rpcs3/dev_hdd0/game/NPUB30460/USRDIR/BOOT.BIN'...
G: W fs::file::open('D:/Emulateurs/Rpcs3/dev_hdd0/game/NPUB30460/dev_bdvd.path', 0x1) failed: error 0x2
LDR: !  
LDR: ! Mount info:
LDR: ! /dev_usb000/ -> D:/Emulateurs/Rpcs3/dev_usb000/
LDR: ! /dev_flash/ -> D:/Emulateurs/Rpcs3/dev_flash/
LDR: ! /host_root/ -> 
LDR: ! /dev_hdd0/ -> D:/Emulateurs/Rpcs3/dev_hdd0/
LDR: ! /dev_hdd1/ -> D:/Emulateurs/Rpcs3/dev_hdd1/
LDR: ! /dev_usb/ -> D:/Emulateurs/Rpcs3/dev_usb000/
LDR: !  
LDR: ! Title: Comix Zone
LDR: ! Serial: NPUB30460
LDR: ! Elf path: /dev_hdd0/game/NPUB30460/USRDIR/BOOT.BIN
LDR: ! loader::init() failed: Broken file
LDR: ! *** sdk version: 0x350001
LDR: ! *** primary prio: 1001
LDR: ! *** primary stacksize: 0x20000
LDR: ! *** malloc pagesize: 0x100000
LDR: ! *** ppc seg: 0x0
LDR: ! Imported function '_cellGcmInitBody' in 'cellGcmSys' module (0x164de4)
LDR: ! Imported function '_cellGcmSetFlipCommand' in 'cellGcmSys' module (0x164e04)
LDR: ! Imported function 'cellGcmAddressToOffset' in 'cellGcmSys' module (0x164e24)
LDR: ! Imported function 'cellGcmSortRemapEaIoAddress' in 'cellGcmSys' module (0x164e44)
LDR: ! Imported function '_cellGcmFunc15' in 'cellGcmSys' module (0x164e64)
LDR: ! Imported function 'cellGcmSetFlipMode' in 'cellGcmSys' module (0x164e84)
LDR: ! Imported function 'cellGcmGetDefaultCommandWordSize' in 'cellGcmSys' module (0x164ea4)
LDR: ! Imported function 'cellGcmGetLastFlipTime' in 'cellGcmSys' module (0x164ec4)
LDR: ! Imported function 'cellGcmGetDefaultSegmentWordSize' in 'cellGcmSys' module (0x164ee4)
LDR: ! Imported function 'cellGcmSetDefaultFifoSize' in 'cellGcmSys' module (0x164f04)
LDR: ! Imported function 'cellGcmMapMainMemory' in 'cellGcmSys' module (0x164f24)
LDR: ! Imported function 'cellGcmSetFlipHandler' in 'cellGcmSys' module (0x164f44)
LDR: ! Imported function 'cellGcmGetControlRegister' in 'cellGcmSys' module (0x164f64)
LDR: ! Imported function '_cellGcmSetFlipCommandWithWaitLabel' in 'cellGcmSys' module (0x164f84)
LDR: ! Imported function 'cellGcmUnmapIoAddress' in 'cellGcmSys' module (0x164fa4)
LDR: ! Imported function 'cellGcmGetConfiguration' in 'cellGcmSys' module (0x164fc4)
LDR: ! Imported function 'cellGcmGetLabelAddress' in 'cellGcmSys' module (0x164fe4)
LDR: ! Imported function 'cellGcmGetTiledPitchSize' in 'cellGcmSys' module (0x166984)
LDR: ! Imported function 'cellGcmSetDisplayBuffer' in 'cellGcmSys' module (0x1669a4)
LDR: ! Imported function 'cellGcmSetInvalidateTile' in 'cellGcmSys' module (0x1669c4)
LDR: ! Imported function 'cellGcmSetTile' in 'cellGcmSys' module (0x1669e4)
LDR: ! Imported function 'cellGcmSetZcull' in 'cellGcmSys' module (0x166a04)
LDR: ! Imported function 'cellSysmoduleUnloadModule' in 'cellSysmodule' module (0x165004)
LDR: ! Imported function 'cellSysmoduleLoadModule' in 'cellSysmodule' module (0x165024)
LDR: ! Imported function 'cellVideoOutConfigure' in 'cellSysutil' module (0x165044)
LDR: ! Imported function 'cellVideoOutGetConfiguration' in 'cellSysutil' module (0x165064)
LDR: ! Imported function 'cellSysutilCheckCallback' in 'cellSysutil' module (0x165084)
LDR: ! Imported function 'cellSaveDataListLoad2' in 'cellSysutil' module (0x1650a4)
LDR: ! Imported function 'cellVideoOutGetDeviceInfo' in 'cellSysutil' module (0x1650c4)
LDR: ! Imported function 'cellMsgDialogClose' in 'cellSysutil' module (0x1650e4)
LDR: ! Imported function 'cellSysutilEnableBgmPlayback' in 'cellSysutil' module (0x165104)
LDR: ! Imported function 'cellSaveDataFixedLoad2' in 'cellSysutil' module (0x165124)
LDR: ! Imported function 'cellSaveDataFixedSave2' in 'cellSysutil' module (0x165144)
LDR: ! Imported function 'cellSaveDataListSave2' in 'cellSysutil' module (0x165164)
LDR: ! Imported function 'cellOskDialogUnloadAsync' in 'cellSysutil' module (0x165184)
LDR: ! Imported function 'cellSysutilGetSystemParamInt' in 'cellSysutil' module (0x1651a4)
LDR: ! Imported function 'cellVideoOutGetNumberOfDevice' in 'cellSysutil' module (0x1651c4)
LDR: ! Imported function 'cellMsgDialogOpen2' in 'cellSysutil' module (0x1651e4)
LDR: ! Imported function 'cellOskDialogLoadAsync' in 'cellSysutil' module (0x165204)
LDR: ! Imported function 'cellVideoOutGetState' in 'cellSysutil' module (0x165224)
LDR: ! Imported function 'cellSaveDataAutoSave2' in 'cellSysutil' module (0x165244)
LDR: ! Imported function 'cellSysutilRegisterCallback' in 'cellSysutil' module (0x165264)
LDR: ! Imported function 'cellVideoOutGetResolutionAvailability' in 'cellSysutil' module (0x165284)
LDR: ! Imported function 'cellOskDialogAbort' in 'cellSysutil' module (0x1652a4)
LDR: ! Imported function 'cellOskDialogSetDeviceMask' in 'cellSysutil' module (0x1652c4)
LDR: ! Imported function 'cellVideoOutGetResolution' in 'cellSysutil' module (0x1652e4)
LDR: ! Imported function 'cellSaveDataDelete2' in 'cellSysutil' module (0x165304)
LDR: ! Imported function 'cellSaveDataAutoLoad2' in 'cellSysutil' module (0x165324)
LDR: ! Imported function 'cellSysCacheMount' in 'cellSysutil' module (0x166a24)
LDR: ! Imported function 'cellGameGetParamString' in 'cellGame' module (0x165344)
LDR: ! Imported function 'cellGameContentPermit' in 'cellGame' module (0x165364)
LDR: ! Imported function 'cellGameContentErrorDialog' in 'cellGame' module (0x165384)
LDR: ! Imported function 'cellGameGetParamInt' in 'cellGame' module (0x1653a4)
LDR: ! Imported function 'cellGameBootCheck' in 'cellGame' module (0x1653c4)
LDR: ! Imported function 'sceNpBasicSendMessageGui' in 'sceNp' module (0x1653e4)
LDR: ! Imported function 'sceNpBasicGetFriendListEntry' in 'sceNp' module (0x165404)
LDR: ! Imported function 'sceNpScoreGetRankingByRangeAsync' in 'sceNp' module (0x165424)
LDR: ! Imported function 'sceNpScoreDestroyTitleCtx' in 'sceNp' module (0x165444)
LDR: ! Imported function 'sceNpScoreInit' in 'sceNp' module (0x165464)
LDR: ! Imported function 'sceNpScoreGetRankingByNpIdAsync' in 'sceNp' module (0x165484)
LDR: ! Imported function 'sceNpBasicRegisterContextSensitiveHandler' in 'sceNp' module (0x1654a4)
LDR: ! Imported function 'sceNpLookupDestroyTitleCtx' in 'sceNp' module (0x1654c4)
LDR: ! Imported function 'sceNpLookupInit' in 'sceNp' module (0x1654e4)
LDR: ! Imported function 'sceNpBasicRecvMessageAttachmentLoad' in 'sceNp' module (0x165504)
LDR: ! Imported function 'sceNpManagerGetContentRatingFlag' in 'sceNp' module (0x165524)
LDR: ! Imported function 'sceNpScoreCreateTransactionCtx' in 'sceNp' module (0x165544)
LDR: ! Imported function 'sceNpBasicGetBlockListEntryCount' in 'sceNp' module (0x165564)
LDR: ! Imported function 'sceNpLookupPollAsync' in 'sceNp' module (0x165584)
LDR: ! Imported function 'sceNpBasicRecvMessageCustom' in 'sceNp' module (0x1655a4)
LDR: ! Imported function 'sceNpBasicGetPlayersHistoryEntryCount' in 'sceNp' module (0x1655c4)
LDR: ! Imported function 'sceNpScorePollAsync' in 'sceNp' module (0x1655e4)
LDR: ! Imported function 'sceNpManagerGetStatus' in 'sceNp' module (0x165604)
LDR: ! Imported function 'sceNpDrmIsAvailable' in 'sceNp' module (0x165624)
LDR: ! Imported function 'sceNpBasicGetFriendListEntryCount' in 'sceNp' module (0x165644)
LDR: ! Imported function 'sceNpScoreCreateTitleCtx' in 'sceNp' module (0x165664)
LDR: ! Imported function 'sceNpBasicGetPlayersHistoryEntry' in 'sceNp' module (0x165684)
LDR: ! Imported function 'sceNpBasicAddPlayersHistoryAsync' in 'sceNp' module (0x1656a4)
LDR: ! Imported function 'sceNpManagerGetOnlineId' in 'sceNp' module (0x1656c4)
LDR: ! Imported function 'sceNpLookupAvatarImageAsync' in 'sceNp' module (0x1656e4)
LDR: ! Imported function 'sceNpScoreDestroyTransactionCtx' in 'sceNp' module (0x165704)
LDR: ! Imported function 'sceNpLookupCreateTitleCtx' in 'sceNp' module (0x165724)
LDR: ! Imported function 'sceNpProfileCallGui' in 'sceNp' module (0x165744)
LDR: ! Imported function 'sceNpBasicGetEvent' in 'sceNp' module (0x165764)
LDR: ! Imported function 'sceNpManagerRegisterCallback' in 'sceNp' module (0x165784)
LDR: ! Imported function 'sceNpLookupCreateTransactionCtx' in 'sceNp' module (0x1657a4)
LDR: ! Imported function 'sceNpManagerGetChatRestrictionFlag' in 'sceNp' module (0x1657c4)
LDR: ! Imported function 'sceNpScoreRecordScoreAsync' in 'sceNp' module (0x1657e4)
LDR: ! Imported function 'sceNpBasicGetBlockListEntry' in 'sceNp' module (0x165804)
LDR: ! Imported function 'sceNpManagerGetOnlineName' in 'sceNp' module (0x165824)
LDR: ! Imported function 'sceNpLookupDestroyTransactionCtx' in 'sceNp' module (0x165844)
LDR: ! Imported function 'sceNpManagerGetNpId' in 'sceNp' module (0x165864)
LDR: ! Imported function 'sceNpLookupUserProfileAsync' in 'sceNp' module (0x165884)
LDR: ! Imported function 'sceNpMatching2DestroyContext' in 'sceNp2' module (0x1658a4)
LDR: ! Imported function 'sceNpMatching2RegisterLobbyMessageCallback' in 'sceNp2' module (0x1658c4)
LDR: ! Imported function 'sceNpMatching2GetWorldInfoList' in 'sceNp2' module (0x1658e4)
LDR: ! Imported function 'sceNpMatching2RegisterLobbyEventCallback' in 'sceNp2' module (0x165904)
LDR: ! Imported function 'sceNpMatching2SearchRoom' in 'sceNp2' module (0x165924)
LDR: ! Imported function 'sceNpMatching2SignalingGetConnectionStatus' in 'sceNp2' module (0x165944)
LDR: ! Imported function 'sceNpMatching2CreateServerContext' in 'sceNp2' module (0x165964)
LDR: ! Imported function 'sceNpMatching2LeaveRoom' in 'sceNp2' module (0x165984)
LDR: ! Imported function 'sceNpMatching2SendRoomMessage' in 'sceNp2' module (0x1659a4)
LDR: ! Imported function 'sceNpMatching2GetServerInfo' in 'sceNp2' module (0x1659c4)
LDR: ! Imported function 'sceNpMatching2GetEventData' in 'sceNp2' module (0x1659e4)
LDR: ! Imported function 'sceNp2Init' in 'sceNp2' module (0x165a04)
LDR: ! Imported function 'sceNpMatching2JoinRoom' in 'sceNp2' module (0x165a24)
LDR: ! Imported function 'sceNpMatching2KickoutRoomMember' in 'sceNp2' module (0x165a44)
LDR: ! Imported function 'sceNpMatching2ContextStartAsync' in 'sceNp2' module (0x165a64)
LDR: ! Imported function 'sceNpMatching2RegisterContextCallback' in 'sceNp2' module (0x165a84)
LDR: ! Imported function 'sceNpMatching2SignalingGetPingInfo' in 'sceNp2' module (0x165aa4)
LDR: ! Imported function 'sceNpMatching2GetServerIdListLocal' in 'sceNp2' module (0x165ac4)
LDR: ! Imported function 'sceNpMatching2CreateContext' in 'sceNp2' module (0x165ae4)
LDR: ! Imported function 'sceNpMatching2RegisterSignalingCallback' in 'sceNp2' module (0x165b04)
LDR: ! Imported function 'sceNpMatching2SetDefaultRequestOptParam' in 'sceNp2' module (0x165b24)
LDR: ! Imported function 'sceNpMatching2RegisterRoomEventCallback' in 'sceNp2' module (0x165b44)
LDR: ! Imported function 'sceNpMatching2CreateJoinRoom' in 'sceNp2' module (0x165b64)
LDR: ! Imported function 'sceNpMatching2Init2' in 'sceNp2' module (0x165b84)
LDR: ! Imported function 'sceNpMatching2RegisterRoomMessageCallback' in 'sceNp2' module (0x165ba4)
LDR: ! Imported function 'sceNpTrophyRegisterContext' in 'sceNpTrophy' module (0x165bc4)
LDR: ! Imported function 'sceNpTrophyCreateHandle' in 'sceNpTrophy' module (0x165be4)
LDR: ! Imported function 'sceNpTrophyGetRequiredDiskSpace' in 'sceNpTrophy' module (0x165c04)
LDR: ! Imported function 'sceNpTrophyDestroyContext' in 'sceNpTrophy' module (0x165c24)
LDR: ! Imported function 'sceNpTrophyInit' in 'sceNpTrophy' module (0x165c44)
LDR: ! Imported function 'sceNpTrophyAbortHandle' in 'sceNpTrophy' module (0x165c64)
LDR: ! Imported function 'sceNpTrophyGetGameInfo' in 'sceNpTrophy' module (0x165c84)
LDR: ! Imported function 'sceNpTrophyDestroyHandle' in 'sceNpTrophy' module (0x165ca4)
LDR: ! Imported function 'sceNpTrophyUnlockTrophy' in 'sceNpTrophy' module (0x165cc4)
LDR: ! Imported function 'sceNpTrophyTerm' in 'sceNpTrophy' module (0x165ce4)
LDR: ! Imported function 'sceNpTrophyGetTrophyUnlockState' in 'sceNpTrophy' module (0x165d04)
LDR: ! Imported function 'sceNpTrophyCreateContext' in 'sceNpTrophy' module (0x165d24)
LDR: ! Imported function 'sceNpTrophyGetTrophyInfo' in 'sceNpTrophy' module (0x165d44)
LDR: ! Imported function 'cellUserInfoGetStat' in 'cellUserInfo' module (0x165d64)
LDR: ! Imported function 'cellSysutilAvc2StopStreaming' in 'cellSysutilAvc2' module (0x165d84)
LDR: ! Imported function 'cellSysutilAvc2UnloadAsync' in 'cellSysutilAvc2' module (0x165da4)
LDR: ! Imported function 'cellSysutilAvc2LoadAsync' in 'cellSysutilAvc2' module (0x165dc4)
LDR: ! Imported function 'cellSysutilAvc2JoinChatRequest' in 'cellSysutilAvc2' module (0x165de4)
LDR: ! Imported function 'cellSysutilAvc2StartStreaming' in 'cellSysutilAvc2' module (0x165e04)
LDR: ! Imported function 'cellSysutilAvc2InitParam' in 'cellSysutilAvc2' module (0x165e24)
LDR: ! Imported function 'cellSysutilAvc2LeaveChatRequest' in 'cellSysutilAvc2' module (0x165e44)
LDR: ! Imported function 'cellSysutilAvc2IsMicAttached' in 'cellSysutilAvc2' module (0x165e64)
LDR: ! Imported function 'cellAudioInit' in 'cellAudio' module (0x165e84)
LDR: ! Imported function 'cellAudioSetPortLevel' in 'cellAudio' module (0x165ea4)
LDR: ! Imported function 'cellAudioPortStop' in 'cellAudio' module (0x165ec4)
LDR: ! Imported function 'cellAudioGetPortConfig' in 'cellAudio' module (0x165ee4)
LDR: ! Imported function 'cellAudioPortStart' in 'cellAudio' module (0x165f04)
LDR: ! Imported function 'cellAudioQuit' in 'cellAudio' module (0x165f24)
LDR: ! Imported function 'cellAudioPortOpen' in 'cellAudio' module (0x165f44)
LDR: ! Imported function 'cellAudioSetNotifyEventQueue' in 'cellAudio' module (0x166a44)
LDR: ! Imported function 'cellAudioGetPortTimestamp' in 'cellAudio' module (0x166a64)
LDR: ! Imported function 'cellAudioPortClose' in 'cellAudio' module (0x166a84)
LDR: ! Imported function 'cellAudioGetPortBlockTag' in 'cellAudio' module (0x166aa4)
LDR: ! Imported function 'cellAudioRemoveNotifyEventQueue' in 'cellAudio' module (0x166ac4)
LDR: ! Imported function 'cellFsOpendir' in 'sys_fs' module (0x165f64)
LDR: ! Imported function 'cellFsReaddir' in 'sys_fs' module (0x165f84)
LDR: ! Imported function 'cellFsGetFreeSize' in 'sys_fs' module (0x165fa4)
LDR: ! Imported function 'cellFsClosedir' in 'sys_fs' module (0x165fc4)
LDR: ! Imported function 'cellFsClose' in 'sys_fs' module (0x166b84)
LDR: ! Imported function 'cellFsRead' in 'sys_fs' module (0x166ba4)
LDR: ! Imported function 'cellFsOpen' in 'sys_fs' module (0x166bc4)
LDR: ! Imported function 'cellFsStat' in 'sys_fs' module (0x166be4)
LDR: ! Imported function 'cellFsUnlink' in 'sys_fs' module (0x166c04)
LDR: ! Imported function 'cellFsFsync' in 'sys_fs' module (0x166c24)
LDR: ! Imported function 'cellFsAioFinish' in 'sys_fs' module (0x166c44)
LDR: ! Imported function 'cellFsLseek' in 'sys_fs' module (0x166c64)
LDR: ! Imported function 'cellFsAioRead' in 'sys_fs' module (0x166c84)
LDR: ! Imported function 'cellFsWrite' in 'sys_fs' module (0x166ca4)
LDR: ! Imported function 'cellFsFstat' in 'sys_fs' module (0x166cc4)
LDR: ! Imported function 'sys_net_initialize_network_ex' in 'sys_net' module (0x165fe4)
LDR: ! Imported function 'recvfrom' in 'sys_net' module (0x166004)
LDR: ! Imported function 'listen' in 'sys_net' module (0x166024)
LDR: ! Imported function 'socketselect' in 'sys_net' module (0x166044)
LDR: ! Imported function '_sys_net_errno_loc' in 'sys_net' module (0x166064)
LDR: ! Imported function 'connect' in 'sys_net' module (0x166084)
LDR: ! Imported function 'socketclose' in 'sys_net' module (0x1660a4)
LDR: ! Imported function 'setsockopt' in 'sys_net' module (0x1660c4)
LDR: ! Imported function 'sendto' in 'sys_net' module (0x1660e4)
LDR: ! Imported function 'socket' in 'sys_net' module (0x166104)
LDR: ! Imported function 'bind' in 'sys_net' module (0x166124)
LDR: ! Imported function 'accept' in 'sys_net' module (0x166144)
LDR: ! Imported function 'send' in 'sys_net' module (0x166164)
LDR: ! Imported function 'recv' in 'sys_net' module (0x166184)
LDR: ! Imported function 'cellNetCtlNetStartDialogLoadAsync' in 'cellNetCtl' module (0x1661a4)
LDR: ! Imported function 'cellNetCtlAddHandler' in 'cellNetCtl' module (0x1661c4)
LDR: ! Imported function 'cellNetCtlNetStartDialogUnloadAsync' in 'cellNetCtl' module (0x1661e4)
LDR: ! Imported function 'cellNetCtlGetInfo' in 'cellNetCtl' module (0x166204)
LDR: ! Imported function 'cellNetCtlGetState' in 'cellNetCtl' module (0x166224)
LDR: ! Imported function 'cellNetCtlInit' in 'cellNetCtl' module (0x166244)
LDR: ! Imported function 'cellSpursAttributeSetNamePrefix' in 'cellSpurs' module (0x166264)
LDR: ! Imported function 'cellSpursCreateJobChainWithAttribute' in 'cellSpurs' module (0x166284)
LDR: ! Imported function 'cellSpursInitializeWithAttribute2' in 'cellSpurs' module (0x1662a4)
LDR: ! Imported function '_cellSpursJobChainAttributeInitialize' in 'cellSpurs' module (0x1662c4)
LDR: ! Imported function '_cellSpursAttributeInitialize' in 'cellSpurs' module (0x1662e4)
LDR: ! Imported function 'cellSpursJobChainAttributeSetName' in 'cellSpurs' module (0x166304)
LDR: ! Imported function 'cellSpursJoinJobChain' in 'cellSpurs' module (0x166324)
LDR: ! Imported function 'cellSpursFinalize' in 'cellSpurs' module (0x166344)
LDR: ! Imported function 'cellSpursRunJobChain' in 'cellSpurs' module (0x166364)
LDR: ! Imported function 'cellAtracGetChannel' in 'cellAtrac' module (0x166384)
LDR: ! Imported function 'cellAtracGetMaxSample' in 'cellAtrac' module (0x1663a4)
LDR: ! Imported function 'cellAtracSetDataAndGetMemSize' in 'cellAtrac' module (0x1663c4)
LDR: ! Imported function 'cellAtracDeleteDecoder' in 'cellAtrac' module (0x1663e4)
LDR: ! Imported function 'cellAtracResetPlayPosition' in 'cellAtrac' module (0x166404)
LDR: ! Imported function 'cellAtracSetLoopNum' in 'cellAtrac' module (0x166424)
LDR: ! Imported function 'cellAtracDecode' in 'cellAtrac' module (0x166444)
LDR: ! Imported function 'cellAtracCreateDecoder' in 'cellAtrac' module (0x166464)
LDR: ! Imported function 'sys_lwmutex_lock' in 'sysPrxForUser' module (0x166484)
LDR: ! Imported function 'sys_lwmutex_unlock' in 'sysPrxForUser' module (0x1664a4)
LDR: ! Imported function 'sys_ppu_thread_create' in 'sysPrxForUser' module (0x1664c4)
LDR: ! Imported function '_sys_process_atexitspawn' in 'sysPrxForUser' module (0x1664e4)
LDR: ! Imported function 'sys_lwmutex_create' in 'sysPrxForUser' module (0x166504)
LDR: ! Imported function 'sys_prx_register_library' in 'sysPrxForUser' module (0x166524)
LDR: ! Imported function 'sys_initialize_tls' in 'sysPrxForUser' module (0x166544)
LDR: ! Imported function 'sys_time_get_system_time' in 'sysPrxForUser' module (0x166564)
LDR: ! Imported function '_sys_process_at_Exitspawn' in 'sysPrxForUser' module (0x166584)
LDR: ! Imported function 'sys_prx_exitspawn_with_level' in 'sysPrxForUser' module (0x1665a4)
LDR: ! Imported function 'sys_ppu_thread_exit' in 'sysPrxForUser' module (0x1665c4)
LDR: ! Imported function 'sys_process_exit' in 'sysPrxForUser' module (0x1665e4)
LDR: ! Imported function '_sys_heap_malloc' in 'sysPrxForUser' module (0x166d24)
LDR: ! Imported function '_sys_heap_memalign' in 'sysPrxForUser' module (0x166d44)
LDR: ! Imported function '_sys_heap_free' in 'sysPrxForUser' module (0x166d64)
LDR: ! Imported function 'sys_lwmutex_trylock' in 'sysPrxForUser' module (0x166d84)
LDR: ! Imported function '_sys_heap_delete_heap' in 'sysPrxForUser' module (0x166da4)
LDR: ! Imported function '_sys_heap_create_heap' in 'sysPrxForUser' module (0x166dc4)
LDR: ! Imported function 'sys_lwmutex_destroy' in 'sysPrxForUser' module (0x166de4)
LDR: ! Imported function 'sys_ppu_thread_get_id' in 'sysPrxForUser' module (0x166e04)
LDR: ! Imported function 'cellSailGraphicsAdapterGetFrame' in 'cellSail' module (0x166604)
LDR: ! Imported function 'cellSailPlayerSetSoundAdapter' in 'cellSail' module (0x166624)
LDR: ! Imported function 'cellSailGraphicsAdapterPtsToTimePosition' in 'cellSail' module (0x166644)
LDR: ! Imported function 'cellSailPlayerFinalize' in 'cellSail' module (0x166664)
LDR: ! Imported function 'cellSailPlayerSetGraphicsAdapter' in 'cellSail' module (0x166684)
LDR: ! Imported function 'cellSailGraphicsAdapterInitialize' in 'cellSail' module (0x1666a4)
LDR: ! Imported function 'cellSailPlayerInitialize2' in 'cellSail' module (0x1666c4)
LDR: ! Imported function 'cellSailGraphicsAdapterSetPreferredFormat' in 'cellSail' module (0x1666e4)
LDR: ! Imported function 'cellSailMemAllocatorInitialize' in 'cellSail' module (0x166704)
LDR: ! Imported function 'cellSailPlayerOpenStream' in 'cellSail' module (0x166724)
LDR: ! Imported function 'cellSailSoundAdapterInitialize' in 'cellSail' module (0x166744)
LDR: ! Imported function 'cellSailGraphicsAdapterUpdateAvSync' in 'cellSail' module (0x166764)
LDR: ! Imported function 'cellSailSoundAdapterPtsToTimePosition' in 'cellSail' module (0x166784)
LDR: ! Imported function 'cellSailPlayerSetParameter' in 'cellSail' module (0x1667a4)
LDR: ! Imported function 'cellSailGraphicsAdapterFinalize' in 'cellSail' module (0x1667c4)
LDR: ! Imported function 'cellSailPlayerAddDescriptor' in 'cellSail' module (0x1667e4)
LDR: ! Imported function 'cellSailSoundAdapterGetFrame' in 'cellSail' module (0x166804)
LDR: ! Imported function 'cellSailPlayerCloseStream' in 'cellSail' module (0x166824)
LDR: ! Imported function 'cellSailPlayerCancel' in 'cellSail' module (0x166844)
LDR: ! Imported function 'cellSailPlayerBoot' in 'cellSail' module (0x166864)
LDR: ! Imported function 'cellSailSoundAdapterFinalize' in 'cellSail' module (0x166884)
LDR: ! Imported function 'cellSailPlayerCreateDescriptor' in 'cellSail' module (0x1668a4)
LDR: ! Imported function 'cellSailPlayerStart' in 'cellSail' module (0x1668c4)
LDR: ! Imported function 'cellSailPlayerStop' in 'cellSail' module (0x1668e4)
LDR: ! Imported function 'cellSailSoundAdapterUpdateAvSync' in 'cellSail' module (0x166904)
LDR: ! Imported function 'cellSailSoundAdapterGetFormat' in 'cellSail' module (0x166924)
LDR: ! Imported function 'cellSailPlayerDestroyDescriptor' in 'cellSail' module (0x166944)
LDR: ! Imported function 'cellSailGraphicsAdapterGetFormat' in 'cellSail' module (0x166964)
LDR: ! Imported function 'cellPadInit' in 'sys_io' module (0x166ae4)
LDR: ! Imported function 'cellPadSetPortSetting' in 'sys_io' module (0x166b04)
LDR: ! Imported function 'cellPadGetData' in 'sys_io' module (0x166b24)
LDR: ! Imported function 'cellPadGetInfo2' in 'sys_io' module (0x166b44)
LDR: ! Imported function 'cellPadSetActDirect' in 'sys_io' module (0x166b64)
LDR: ! Imported function 'cellRtcGetCurrentClockLocalTime' in 'cellRtc' module (0x166ce4)
LDR: ! Imported function 'cellRtcGetTime_t' in 'cellRtc' module (0x166d04)
MEM: ! Thread Local Storage initialized (g_tls_start=0x253000, user_size=0x134)
*** TLS segment addr: 0x0019e2ac
*** TLS segment size: 0x00000004
HLE: W {PPU[0x1] Thread (main_thread)[0x00166504]} sysPrxForUser: sys_lwmutex_create(lwmutex=*0x1af838, attr=*0x1680d0)
HLE: W {PPU[0x1] Thread (main_thread)[0x000288e8]} sys_memory: sys_memory_get_user_memory_size(mem_info=*0xd001fc04)
HLE: W {PPU[0x1] Thread (main_thread)[0x00166504]} sysPrxForUser: sys_lwmutex_create(lwmutex=*0x1af640, attr=*0x1680d0)
HLE: W {PPU[0x1] Thread (main_thread)[0x00166504]} sysPrxForUser: sys_lwmutex_create(lwmutex=*0x1aedd0, attr=*0x1680d0)
HLE: W {PPU[0x1] Thread (main_thread)[0x00166504]} sysPrxForUser: sys_lwmutex_create(lwmutex=*0x1aedf8, attr=*0x1680d0)
HLE: W {PPU[0x1] Thread (main_thread)[0x00166504]} sysPrxForUser: sys_lwmutex_create(lwmutex=*0x1aee20, attr=*0x1680d0)
HLE: W {PPU[0x1] Thread (main_thread)[0x00166504]} sysPrxForUser: sys_lwmutex_create(lwmutex=*0x1aed08, attr=*0x1680d0)
HLE: W {PPU[0x1] Thread (main_thread)[0x00166504]} sysPrxForUser: sys_lwmutex_create(lwmutex=*0x1aed30, attr=*0x1680d0)
HLE: W {PPU[0x1] Thread (main_thread)[0x00166504]} sysPrxForUser: sys_lwmutex_create(lwmutex=*0x1aed58, attr=*0x1680d0)
HLE: W {PPU[0x1] Thread (main_thread)[0x00166504]} sysPrxForUser: sys_lwmutex_create(lwmutex=*0x1aed80, attr=*0x1680d0)
HLE: W {PPU[0x1] Thread (main_thread)[0x00166504]} sysPrxForUser: sys_lwmutex_create(lwmutex=*0x1aeda8, attr=*0x1680d0)
HLE: W {PPU[0x1] Thread (main_thread)[0x00165024]} cellSysmodule: cellSysmoduleLoadModule(id=0x001c: CELL_SYSMODULE_USBD)
HLE: W {PPU[0x1] Thread (main_thread)[0x00165024]} cellSysmodule: cellSysmoduleLoadModule(id=0x0000: CELL_SYSMODULE_NET)
HLE: W {PPU[0x1] Thread (main_thread)[0x00165024]} cellSysmodule: cellSysmoduleLoadModule(id=0x0009: CELL_SYSMODULE_RTC)
HLE: W {PPU[0x1] Thread (main_thread)[0x00165024]} cellSysmodule: cellSysmoduleLoadModule(id=0x0021: CELL_SYSMODULE_KEY2CHAR)
HLE: W {PPU[0x1] Thread (main_thread)[0x00027478]} sys_memory: sys_memory_allocate(size=0x100000, flags=0x400, alloc_addr=*0xd001f9c0)
HLE: W {PPU[0x1] Thread (main_thread)[0x00027478]} sys_memory: sys_memory_allocate(size=0x100000, flags=0x400, alloc_addr=*0xd001f7d0)
HLE: W {PPU[0x1] Thread (main_thread)[0x00165024]} cellSysmodule: cellSysmoduleLoadModule(id=0x0010: CELL_SYSMODULE_GCM_SYS)
HLE: W {PPU[0x1] Thread (main_thread)[0x00165024]} cellSysmodule: cellSysmoduleLoadModule(id=0x0000: CELL_SYSMODULE_NET)
HLE: W {PPU[0x1] Thread (main_thread)[0x00165024]} cellSysmodule: cellSysmoduleLoadModule(id=0x0014: CELL_SYSMODULE_NETCTL)
HLE: W {PPU[0x1] Thread (main_thread)[0x00165024]} cellSysmodule: cellSysmoduleLoadModule(id=0x0038: CELL_SYSMODULE_SYSUTIL_NP2)
HLE: W {PPU[0x1] Thread (main_thread)[0x00165024]} cellSysmodule: cellSysmoduleLoadModule(id=0xf030: CELL_SYSMODULE_SYSUTIL_AVCHAT2)
HLE: W {PPU[0x1] Thread (main_thread)[0x00165024]} cellSysmodule: cellSysmoduleLoadModule(id=0x003e: CELL_SYSMODULE_SYSUTIL_GAME)
HLE: W {PPU[0x1] Thread (main_thread)[0x00165024]} cellSysmodule: cellSysmoduleLoadModule(id=0x0032: CELL_SYSMODULE_SYSUTIL_USERINFO)
HLE: W {PPU[0x1] Thread (main_thread)[0x00165024]} cellSysmodule: cellSysmoduleLoadModule(id=0x0012: CELL_SYSMODULE_PAMF)
HLE: W {PPU[0x1] Thread (main_thread)[0x00165024]} cellSysmodule: cellSysmoduleLoadModule(id=0x001d: CELL_SYSMODULE_SAIL)
HLE: W {PPU[0x1] Thread (main_thread)[0x00165024]} cellSysmodule: cellSysmoduleLoadModule(id=0x0013: CELL_SYSMODULE_ATRAC3PLUS)
HLE: W {PPU[0x1] Thread (main_thread)[0x00165fe4]} sys_net: sys_net_initialize_network_ex(param=*0xd001fb10)
HLE: W {PPU[0x1] Thread (main_thread)[0x00166244]} cellNetCtl: cellNetCtlInit()
HLE: W {PPU[0x1] Thread (main_thread)[0x00165a04]} sceNp2: sceNp2Init(poolsize=0x20000, poolptr=*0x1baa58)
HLE: W {PPU[0x1] Thread (main_thread)[0x001654e4]} sceNp: sceNpLookupInit()
HLE: E {PPU[0x1] Thread (main_thread)[0x00165b84]} sceNp2 TODO: sceNpMatching2Init2(poolsize=0x0, priority=0, param=*0x0)
HLE: W {PPU[0x1] Thread (main_thread)[0x00165464]} sceNp: sceNpScoreInit()
HLE: W {PPU[0x1] Thread (main_thread)[0x00165e84]} cellAudio: cellAudioInit()
HLE: W {PPU[0x1] Thread (main_thread)[0x00165104]} cellSysutil: cellSysutilEnableBgmPlayback()
HLE: W {PPU[0x1] Thread (main_thread)[0x00165264]} cellSysutil: cellSysutilRegisterCallback(slot=0, func=*0x1973d8, userdata=*0x0)
HLE: W {PPU[0x1] Thread (main_thread)[0x001653c4]} cellGame: cellGameBootCheck(type=*0xd001f9a0, attributes=*0xd001f9ac, size=*0xd001f9b8, dirName=*0xd001f9e0)
HLE: W {PPU[0x1] Thread (main_thread)[0x00165344]} cellGame: cellGameGetParamString(id=100, buf=*0xd001f9c8, bufsize=20)
HLE: W {PPU[0x1] Thread (main_thread)[0x001653a4]} cellGame: cellGameGetParamInt(id=102, value=*0x1a6c70)
HLE: W {PPU[0x1] Thread (main_thread)[0x00165524]} sceNp: sceNpManagerGetContentRatingFlag(isRestricted=*0xd001f9a4, age=*0xd001f9a8)
HLE: W {PPU[0x1] Thread (main_thread)[0x00165364]} cellGame: cellGameContentPermit(contentInfoPath=*0xd001fa88, usrdirPath=*0xd001fa08)
HLE: W {PPU[0x1] Thread (main_thread)[0x001664c4]} sysPrxForUser: sys_ppu_thread_create(thread_id=*0xd001f9b0, entry=0x1973c0, arg=0x0, prio=1001, stacksize=0x8000, flags=0x0, threadname=*0x16a340)
HLE: W {PPU[0x1] Thread (main_thread)[0x001664c4]} sys_ppu_thread: _sys_ppu_thread_create(thread_id=*0xd001f9b0, param=*0xd001f928, arg=0x0, unk=0x0, prio=1001, stacksize=0x8000, flags=0x0, threadname=*0x16a340)
HLE: W {PPU[0x1] Thread (main_thread)[0x001664c4]} sys_ppu_thread: sys_ppu_thread_start(thread_id=0xd)
HLE: E {PPU[0x1] Thread (main_thread)[0x001654a4]} sceNp: sceNpBasicRegisterContextSensitiveHandler
HLE: W {PPU[0xd] Thread (DRMAvailableThread)[0x00165624]} sceNp: sceNpDrmIsAvailable(k_licensee=*0x16a2f8, drm_path=*0x1daa78)
HLE: W {PPU[0x1] Thread (main_thread)[0x001651a4]} cellSysutil: cellSysutilGetSystemParamInt(id=0x111(ID_LANG), value=*0xd001fbb0)
HLE: W {PPU[0x1] Thread (main_thread)[0x001651a4]} cellSysutil: cellSysutilGetSystemParamInt(id=0x112(ID_ENTER_BUTTON_ASSIGN), value=*0xd001fbb4)
HLE: W {PPU[0xd] Thread (DRMAvailableThread)[0x00165624]} sceNp: npDrmIsAvailable(): Found DRM license file at /dev_hdd0/game/NPUB30460/USRDIR/GAMEDATA1.EDAT
HLE: E {PPU[0x1] Thread (main_thread)[0x00165784]} sceNp: sceNpManagerRegisterCallback
HLE: W {PPU[0xd] Thread (DRMAvailableThread)[0x00165624]} sceNp: npDrmIsAvailable(): Using k_licensee 0x0dbf15ad00d0116443812338171850116
HLE: W {PPU[0x1] Thread (main_thread)[0x00165264]} cellSysutil: cellSysutilRegisterCallback(slot=1, func=*0x197750, userdata=*0x1ffb18)
HLE: E {PPU[0x1] Thread (main_thread)[0x001661c4]} cellNetCtl TODO: cellNetCtlAddHandler(handler=*0x197718, arg=*0x1ffb18, hid=*0x2058b8)
HLE: E {PPU[0x1] Thread (main_thread)[0x00166204]} cellNetCtl TODO: cellNetCtlGetInfo(code=0x4 (INFO_LINK), info=*0xd001fa20)
HLE: E {PPU[0x1] Thread (main_thread)[0x00166204]} cellNetCtl TODO: cellNetCtlGetInfo(code=0x1 (INFO_DEVICE), info=*0xd001fa20)
HLE: W {PPU[0x1] Thread (main_thread)[0x00165d64]} cellUserInfo: cellUserInfoGetStat(id=0, stat=*0x1ffbac)
HLE: W {PPU[0x1] Thread (main_thread)[0x00166ae4]} sys_io: cellPadInit(max_connect=7)
HLE: W {PPU[0x1] Thread (main_thread)[0x00165064]} cellSysutil: cellVideoOutGetConfiguration(videoOut=0, config=*0xd001fb10, option=*0x0)
HLE: W {PPU[0x1] Thread (main_thread)[0x00027478]} sys_memory: sys_memory_allocate(size=0x3400000, flags=0x400, alloc_addr=*0xd001f700)
LDR: E {PPU[0xd] Thread (DRMAvailableThread)[0x00165624]} EDAT: D:/Emulateurs/Rpcs3/dev_hdd0/game/NPUB30460/USRDIR/GAMEDATA1.EDAT has invalid NPD header or already decrypted.
HLE: W {PPU[0x1] Thread (main_thread)[0x00164de4]} cellGcmSys: _cellGcmInitBody(context=**0x1ad530, cmdSize=0x400000, ioSize=0x3200000, ioAddress=0x20200000)
HLE: W {PPU[0x1] Thread (main_thread)[0x00164de4]} cellGcmSys: *** local memory(addr=0xc0000000, size=0xf900000)
HLE: W {PPU[0x1] Thread (main_thread)[0x00164de4]} cellGcmSys: cellGcmInit(): 256MB io address space used
HLE: W {PPU[0x1] Thread (main_thread)[0x00166504]} sysPrxForUser: sys_lwmutex_create(lwmutex=*0x23bba8, attr=*0xd001f8d8)
RSX: ! {RSXThread} RSX thread started
HLE: W {PPU[0x1] Thread (main_thread)[0x001450e8]} sys_semaphore: sys_semaphore_create(sem_id=*0x23bbc0, attr=*0xd001f8e8, initial_val=0, max_val=1)
HLE: W {PPU[0x1] Thread (main_thread)[0x00145100]} sys_semaphore: sys_semaphore_create(sem_id=*0x23bbc4, attr=*0xd001f8e8, initial_val=0, max_val=1)
HLE: W {PPU[0x1] Thread (main_thread)[0x001664c4]} sysPrxForUser: sys_ppu_thread_create(thread_id=*0xd001f8d0, entry=0x198de8, arg=0x0, prio=256, stacksize=0x2000, flags=0x0, threadname=*0x172dd0)
HLE: W {PPU[0x1] Thread (main_thread)[0x001664c4]} sys_ppu_thread: _sys_ppu_thread_create(thread_id=*0xd001f8d0, param=*0xd001f858, arg=0x0, unk=0x0, prio=256, stacksize=0x2000, flags=0x0, threadname=*0x172dd0)
HLE: W {PPU[0x1] Thread (main_thread)[0x001664c4]} sys_ppu_thread: sys_ppu_thread_start(thread_id=0x11)
HLE: W {PPU[0x1] Thread (main_thread)[0x00148810]} sys_semaphore: sys_semaphore_create(sem_id=*0x23df84, attr=*0xd001f900, initial_val=0, max_val=1)
HLE: W {PPU[0x1] Thread (main_thread)[0x00164f44]} cellGcmSys: cellGcmSetFlipHandler(handler=*0x198df8)
HLE: W {PPU[0x1] Thread (main_thread)[0x001651c4]} cellSysutil: cellVideoOutGetNumberOfDevice(videoOut=0)
HLE: W {PPU[0x1] Thread (main_thread)[0x001650c4]} cellSysutil: cellVideoOutGetDeviceInfo(videoOut=0, deviceIndex=0, info=*0xd001f71c)
HLE: W {PPU[0x1] Thread (main_thread)[0x00165064]} cellSysutil: cellVideoOutGetConfiguration(videoOut=0, config=*0xd001f70c, option=*0xd001f6f8)
HLE: W {PPU[0x1] Thread (main_thread)[0x00165284]} cellSysutil: cellVideoOutGetResolutionAvailability(videoOut=0, resolutionId=0x1, aspect=0, option=0)
HLE: W {PPU[0x1] Thread (main_thread)[0x00027478]} sys_memory: sys_memory_allocate(size=0x500000, flags=0x400, alloc_addr=*0xd001f710)
HLE: W {PPU[0x1] Thread (main_thread)[0x001456a4]} sys_semaphore: sys_semaphore_create(sem_id=*0x23bbf4, attr=*0xd001f920, initial_val=0, max_val=1)
HLE: W {PPU[0x1] Thread (main_thread)[0x00145864]} sys_semaphore: sys_semaphore_create(sem_id=*0x23bc04, attr=*0xd001f920, initial_val=0, max_val=1)
HLE: W {PPU[0x1] Thread (main_thread)[0x00166504]} sysPrxForUser: sys_lwmutex_create(lwmutex=*0x23df00, attr=*0xd001f8d8)
HLE: W {PPU[0x1] Thread (main_thread)[0x00145cec]} sys_semaphore: sys_semaphore_create(sem_id=*0x23df18, attr=*0xd001f8e8, initial_val=0, max_val=1)
HLE: W {PPU[0x1] Thread (main_thread)[0x00145d04]} sys_semaphore: sys_semaphore_create(sem_id=*0x23df1c, attr=*0xd001f8e8, initial_val=0, max_val=1)
HLE: W {PPU[0x1] Thread (main_thread)[0x001664c4]} sysPrxForUser: sys_ppu_thread_create(thread_id=*0xd001f8d0, entry=0x198df0, arg=0x0, prio=256, stacksize=0x1000, flags=0x0, threadname=*0x172df8)
HLE: W {PPU[0x1] Thread (main_thread)[0x001664c4]} sys_ppu_thread: _sys_ppu_thread_create(thread_id=*0xd001f8d0, param=*0xd001f858, arg=0x0, unk=0x0, prio=256, stacksize=0x1000, flags=0x0, threadname=*0x172df8)
HLE: W {PPU[0x1] Thread (main_thread)[0x001664c4]} sys_ppu_thread: sys_ppu_thread_start(thread_id=0x18)
HLE: W {PPU[0x1] Thread (main_thread)[0x00146358]} sys_spu: sys_spu_initialize(max_usable_spu=6, max_raw_spu=0)
HLE: W {PPU[0x1] Thread (main_thread)[0x001662e4]} cellSpurs: _cellSpursAttributeInitialize(attr=*0xd001f720, revision=2, sdkVersion=0x330000, nSpus=3, spuPriority=250, ppuPriority=128, exitIfNoWork=0)
HLE: W {PPU[0x1] Thread (main_thread)[0x00166264]} cellSpurs: cellSpursAttributeSetNamePrefix(attr=*0xd001f720, prefix=*0x172e08, size=2)
HLE: W {PPU[0x1] Thread (main_thread)[0x001662a4]} cellSpurs: cellSpursInitializeWithAttribute2(spurs=*0x201b8780, attr=*0xd001f720)
HLE: W {PPU[0x1] Thread (main_thread)[0x001662a4]} sys_process: sys_process_is_spu_lock_line_reservation_address(addr=0x201b8780, flags=0x2)
HLE: W {PPU[0x1] Thread (main_thread)[0x001662a4]} sys_semaphore: sys_semaphore_create(sem_id=*0xd001f6a8, attr=*0xd001f688, initial_val=0, max_val=1)
HLE: W {PPU[0x1] Thread (main_thread)[0x001662a4]} sys_semaphore: sys_semaphore_create(sem_id=*0xd001f6a8, attr=*0xd001f688, initial_val=0, max_val=1)
HLE: W {PPU[0x1] Thread (main_thread)[0x001662a4]} sys_semaphore: sys_semaphore_create(sem_id=*0xd001f6a8, attr=*0xd001f688, initial_val=0, max_val=1)
HLE: W {PPU[0x1] Thread (main_thread)[0x001662a4]} sys_semaphore: sys_semaphore_create(sem_id=*0xd001f6a8, attr=*0xd001f688, initial_val=0, max_val=1)
HLE: W {PPU[0x1] Thread (main_thread)[0x001662a4]} sys_semaphore: sys_semaphore_create(sem_id=*0xd001f6a8, attr=*0xd001f688, initial_val=0, max_val=1)
HLE: W {PPU[0x1] Thread (main_thread)[0x001662a4]} sys_semaphore: sys_semaphore_create(sem_id=*0xd001f6a8, attr=*0xd001f688, initial_val=0, max_val=1)
HLE: W {PPU[0x1] Thread (main_thread)[0x001662a4]} sys_semaphore: sys_semaphore_create(sem_id=*0xd001f6a8, attr=*0xd001f688, initial_val=0, max_val=1)
HLE: W {PPU[0x1] Thread (main_thread)[0x001662a4]} sys_semaphore: sys_semaphore_create(sem_id=*0xd001f6a8, attr=*0xd001f688, initial_val=0, max_val=1)
HLE: W {PPU[0x1] Thread (main_thread)[0x001662a4]} sys_semaphore: sys_semaphore_create(sem_id=*0xd001f6a8, attr=*0xd001f688, initial_val=0, max_val=1)
HLE: W {PPU[0x1] Thread (main_thread)[0x001662a4]} sys_semaphore: sys_semaphore_create(sem_id=*0xd001f6a8, attr=*0xd001f688, initial_val=0, max_val=1)
HLE: W {PPU[0x1] Thread (main_thread)[0x001662a4]} sys_semaphore: sys_semaphore_create(sem_id=*0xd001f6a8, attr=*0xd001f688, initial_val=0, max_val=1)
HLE: W {PPU[0x1] Thread (main_thread)[0x001662a4]} sys_semaphore: sys_semaphore_create(sem_id=*0xd001f6a8, attr=*0xd001f688, initial_val=0, max_val=1)
HLE: W {PPU[0x1] Thread (main_thread)[0x001662a4]} sys_semaphore: sys_semaphore_create(sem_id=*0xd001f6a8, attr=*0xd001f688, initial_val=0, max_val=1)
HLE: W {PPU[0x1] Thread (main_thread)[0x001662a4]} sys_semaphore: sys_semaphore_create(sem_id=*0xd001f6a8, attr=*0xd001f688, initial_val=0, max_val=1)
HLE: W {PPU[0x1] Thread (main_thread)[0x001662a4]} sys_semaphore: sys_semaphore_create(sem_id=*0xd001f6a8, attr=*0xd001f688, initial_val=0, max_val=1)
HLE: W {PPU[0x1] Thread (main_thread)[0x001662a4]} sys_semaphore: sys_semaphore_create(sem_id=*0xd001f6a8, attr=*0xd001f688, initial_val=0, max_val=1)
HLE: W {PPU[0x1] Thread (main_thread)[0x001662a4]} sys_semaphore: sys_semaphore_create(sem_id=*0xd001f6a8, attr=*0xd001f688, initial_val=0, max_val=1)
HLE: W {PPU[0x1] Thread (main_thread)[0x001662a4]} sys_semaphore: sys_semaphore_create(sem_id=*0xd001f6a8, attr=*0xd001f688, initial_val=0, max_val=1)
HLE: W {PPU[0x1] Thread (main_thread)[0x001662a4]} sys_semaphore: sys_semaphore_create(sem_id=*0xd001f6a8, attr=*0xd001f688, initial_val=0, max_val=1)
HLE: W {PPU[0x1] Thread (main_thread)[0x001662a4]} sys_semaphore: sys_semaphore_create(sem_id=*0xd001f6a8, attr=*0xd001f688, initial_val=0, max_val=1)
HLE: W {PPU[0x1] Thread (main_thread)[0x001662a4]} sys_semaphore: sys_semaphore_create(sem_id=*0xd001f6a8, attr=*0xd001f688, initial_val=0, max_val=1)
HLE: W {PPU[0x1] Thread (main_thread)[0x001662a4]} sys_semaphore: sys_semaphore_create(sem_id=*0xd001f6a8, attr=*0xd001f688, initial_val=0, max_val=1)
HLE: W {PPU[0x1] Thread (main_thread)[0x001662a4]} sys_semaphore: sys_semaphore_create(sem_id=*0xd001f6a8, attr=*0xd001f688, initial_val=0, max_val=1)
HLE: W {PPU[0x1] Thread (main_thread)[0x001662a4]} sys_semaphore: sys_semaphore_create(sem_id=*0xd001f6a8, attr=*0xd001f688, initial_val=0, max_val=1)
HLE: W {PPU[0x1] Thread (main_thread)[0x001662a4]} sys_semaphore: sys_semaphore_create(sem_id=*0xd001f6a8, attr=*0xd001f688, initial_val=0, max_val=1)
HLE: W {PPU[0x1] Thread (main_thread)[0x001662a4]} sys_semaphore: sys_semaphore_create(sem_id=*0xd001f6a8, attr=*0xd001f688, initial_val=0, max_val=1)
HLE: W {PPU[0x1] Thread (main_thread)[0x001662a4]} sys_semaphore: sys_semaphore_create(sem_id=*0xd001f6a8, attr=*0xd001f688, initial_val=0, max_val=1)
HLE: W {PPU[0x1] Thread (main_thread)[0x001662a4]} sys_semaphore: sys_semaphore_create(sem_id=*0xd001f6a8, attr=*0xd001f688, initial_val=0, max_val=1)
HLE: W {PPU[0x1] Thread (main_thread)[0x001662a4]} sys_semaphore: sys_semaphore_create(sem_id=*0xd001f6a8, attr=*0xd001f688, initial_val=0, max_val=1)
HLE: W {PPU[0x1] Thread (main_thread)[0x001662a4]} sys_semaphore: sys_semaphore_create(sem_id=*0xd001f6a8, attr=*0xd001f688, initial_val=0, max_val=1)
HLE: W {PPU[0x1] Thread (main_thread)[0x001662a4]} sys_semaphore: sys_semaphore_create(sem_id=*0xd001f6a8, attr=*0xd001f688, initial_val=0, max_val=1)
HLE: W {PPU[0x1] Thread (main_thread)[0x001662a4]} sys_semaphore: sys_semaphore_create(sem_id=*0xd001f6a8, attr=*0xd001f688, initial_val=0, max_val=1)
HLE: W {PPU[0x1] Thread (main_thread)[0x001662a4]} sys_semaphore: sys_semaphore_create(sem_id=*0xd001f6a8, attr=*0xd001f688, initial_val=0, max_val=1)
HLE: W {PPU[0x1] Thread (main_thread)[0x001662a4]} sys_spu: sys_spu_thread_group_create(id=*0xd001f668, num=3, prio=250, attr=*0xd001f5d8)
HLE: W {PPU[0x1] Thread (main_thread)[0x001662a4]} sys_spu: sys_spu_thread_initialize(thread=*0xd001f5b0, group=0x3a, spu_num=0, img=*0x201b94f0, attr=*0xd001f5a0, arg=*0xd001f5b8)
HLE: E {PPU[0x1] Thread (main_thread)[0x001662a4]} sys_spu: Unsupported SPU Thread options (0x2)
HLE: W {PPU[0x1] Thread (main_thread)[0x001662a4]} sys_spu: sys_spu_thread_initialize(thread=*0xd001f5b0, group=0x3a, spu_num=1, img=*0x201b94f0, attr=*0xd001f5a0, arg=*0xd001f5b8)
HLE: E {PPU[0x1] Thread (main_thread)[0x001662a4]} sys_spu: Unsupported SPU Thread options (0x2)
HLE: W {PPU[0x1] Thread (main_thread)[0x001662a4]} sys_spu: sys_spu_thread_initialize(thread=*0xd001f5b0, group=0x3a, spu_num=2, img=*0x201b94f0, attr=*0xd001f5a0, arg=*0xd001f5b8)
HLE: E {PPU[0x1] Thread (main_thread)[0x001662a4]} sys_spu: Unsupported SPU Thread options (0x2)
HLE: W {PPU[0x1] Thread (main_thread)[0x001662a4]} sysPrxForUser: sys_lwmutex_create(lwmutex=*0x201b9530, attr=*0xd001f670)
HLE: W {PPU[0x1] Thread (main_thread)[0x001662a4]} sysPrxForUser: sys_lwcond_create(lwcond=*0x201b9548, lwmutex=*0x201b9530, attr=*0xd001f680)
HLE: W {PPU[0x1] Thread (main_thread)[0x001662a4]} sys_event: sys_event_queue_create(equeue_id=*0x201b94dc, attr=*0xd001f508, event_queue_key=0x0, size=42)
HLE: W {PPU[0x1] Thread (main_thread)[0x001662a4]} sys_spu: sys_spu_thread_group_connect_event_all_threads(id=0x3a, eq=0x40, req=0xffffffffffff0000, spup=*0x201b8849)
HLE: W {PPU[0x1] Thread (main_thread)[0x001662a4]} sys_event: sys_event_port_create(eport_id=*0x201b94e0, port_type=1, name=0x0)
HLE: W {PPU[0x1] Thread (main_thread)[0x001662a4]} sys_event: sys_event_port_connect_local(eport_id=0x41, equeue_id=0x40)
HLE: W {PPU[0x1] Thread (main_thread)[0x001662a4]} cellSpurs: cellSpursEnableExceptionEventHandler(spurs=*0x201b8780, flag=1)
HLE: W {PPU[0x43] Thread (CrSpursHdlr0)[0x00000000]} sys_spu: sys_spu_thread_group_start(id=0x3a)
HLE: W {PPU[0x1] Thread (main_thread)[0x001662a4]} sys_spu: sys_spu_thread_group_connect_event(id=0x3a, eq=0x40, et=2)
HLE: W {PPU[0x43] Thread (CrSpursHdlr0)[0x00000000]} sys_spu: sys_spu_thread_group_join(id=0x3a, cause=*0x0, status=*0x0)
HLE: E {PPU[0x18] Thread (crTaskQueue)[0x001662c4]} cellSpurs: _cellSpursJobChainAttributeInitialize
HLE: E {PPU[0x18] Thread (crTaskQueue)[0x00166304]} cellSpurs: cellSpursJobChainAttributeSetName
HLE: E {PPU[0x18] Thread (crTaskQueue)[0x00166284]} cellSpurs: cellSpursCreateJobChainWithAttribute
HLE: E {PPU[0x18] Thread (crTaskQueue)[0x00166364]} cellSpurs: cellSpursRunJobChain
HLE: E {PPU[0x18] Thread (crTaskQueue)[0x00166324]} cellSpurs: cellSpursJoinJobChain
HLE: E {PPU[0x18] Thread (crTaskQueue)[0x001662c4]} cellSpurs: _cellSpursJobChainAttributeInitialize
HLE: E {PPU[0x18] Thread (crTaskQueue)[0x00166304]} cellSpurs: cellSpursJobChainAttributeSetName
HLE: E {PPU[0x18] Thread (crTaskQueue)[0x00166284]} cellSpurs: cellSpursCreateJobChainWithAttribute
HLE: E {PPU[0x18] Thread (crTaskQueue)[0x00166364]} cellSpurs: cellSpursRunJobChain
HLE: E {PPU[0x18] Thread (crTaskQueue)[0x00166324]} cellSpurs: cellSpursJoinJobChain
HLE: E {PPU[0x18] Thread (crTaskQueue)[0x001662c4]} cellSpurs: _cellSpursJobChainAttributeInitialize
HLE: E {PPU[0x18] Thread (crTaskQueue)[0x00166304]} cellSpurs: cellSpursJobChainAttributeSetName
HLE: E {PPU[0x18] Thread (crTaskQueue)[0x00166284]} cellSpurs: cellSpursCreateJobChainWithAttribute
HLE: E {PPU[0x18] Thread (crTaskQueue)[0x00166364]} cellSpurs: cellSpursRunJobChain
HLE: E {PPU[0x18] Thread (crTaskQueue)[0x00166324]} cellSpurs: cellSpursJoinJobChain
HLE: W {PPU[0x1] Thread (main_thread)[0x001669e4]} cellGcmSys: cellGcmSetTile(index=0, location=0, offset=0, size=8912896, pitch=8192, comp=0, base=0, bank=0)
HLE: E {PPU[0x18] Thread (crTaskQueue)[0x001662c4]} cellSpurs: _cellSpursJobChainAttributeInitialize
HLE: E {PPU[0x18] Thread (crTaskQueue)[0x00166304]} cellSpurs: cellSpursJobChainAttributeSetName
HLE: E {PPU[0x18] Thread (crTaskQueue)[0x00166284]} cellSpurs: cellSpursCreateJobChainWithAttribute
HLE: E {PPU[0x18] Thread (crTaskQueue)[0x00166364]} cellSpurs: cellSpursRunJobChain
HLE: E {PPU[0x18] Thread (crTaskQueue)[0x00166324]} cellSpurs: cellSpursJoinJobChain
HLE: E {PPU[0x18] Thread (crTaskQueue)[0x001662c4]} cellSpurs: _cellSpursJobChainAttributeInitialize
HLE: E {PPU[0x18] Thread (crTaskQueue)[0x00166304]} cellSpurs: cellSpursJobChainAttributeSetName
HLE: E {PPU[0x18] Thread (crTaskQueue)[0x00166284]} cellSpurs: cellSpursCreateJobChainWithAttribute
HLE: E {PPU[0x18] Thread (crTaskQueue)[0x00166364]} cellSpurs: cellSpursRunJobChain
HLE: E {PPU[0x18] Thread (crTaskQueue)[0x00166324]} cellSpurs: cellSpursJoinJobChain
HLE: E {PPU[0x18] Thread (crTaskQueue)[0x001662c4]} cellSpurs: _cellSpursJobChainAttributeInitialize
HLE: E {PPU[0x18] Thread (crTaskQueue)[0x00166304]} cellSpurs: cellSpursJobChainAttributeSetName
HLE: E {PPU[0x18] Thread (crTaskQueue)[0x00166284]} cellSpurs: cellSpursCreateJobChainWithAttribute
HLE: E {PPU[0x18] Thread (crTaskQueue)[0x00166364]} cellSpurs: cellSpursRunJobChain
HLE: E {PPU[0x18] Thread (crTaskQueue)[0x00166324]} cellSpurs: cellSpursJoinJobChain
HLE: W {PPU[0x1] Thread (main_thread)[0x001669e4]} cellGcmSys: cellGcmSetTile(index=1, location=0, offset=8912896, size=8912896, pitch=8192, comp=0, base=0, bank=0)
HLE: E {PPU[0x18] Thread (crTaskQueue)[0x001662c4]} cellSpurs: _cellSpursJobChainAttributeInitialize
HLE: E {PPU[0x18] Thread (crTaskQueue)[0x00166304]} cellSpurs: cellSpursJobChainAttributeSetName
HLE: E {PPU[0x18] Thread (crTaskQueue)[0x00166284]} cellSpurs: cellSpursCreateJobChainWithAttribute
HLE: E {PPU[0x18] Thread (crTaskQueue)[0x00166364]} cellSpurs: cellSpursRunJobChain
HLE: E {PPU[0x18] Thread (crTaskQueue)[0x00166324]} cellSpurs: cellSpursJoinJobChain
HLE: E {PPU[0x18] Thread (crTaskQueue)[0x001662c4]} cellSpurs: _cellSpursJobChainAttributeInitialize
HLE: E {PPU[0x18] Thread (crTaskQueue)[0x00166304]} cellSpurs: cellSpursJobChainAttributeSetName
HLE: E {PPU[0x18] Thread (crTaskQueue)[0x00166284]} cellSpurs: cellSpursCreateJobChainWithAttribute
HLE: E {PPU[0x18] Thread (crTaskQueue)[0x00166364]} cellSpurs: cellSpursRunJobChain
HLE: E {PPU[0x18] Thread (crTaskQueue)[0x00166324]} cellSpurs: cellSpursJoinJobChain
HLE: E {PPU[0x18] Thread (crTaskQueue)[0x001662c4]} cellSpurs: _cellSpursJobChainAttributeInitialize
HLE: E {PPU[0x18] Thread (crTaskQueue)[0x00166304]} cellSpurs: cellSpursJobChainAttributeSetName
HLE: E {PPU[0x18] Thread (crTaskQueue)[0x00166284]} cellSpurs: cellSpursCreateJobChainWithAttribute
HLE: E {PPU[0x18] Thread (crTaskQueue)[0x00166364]} cellSpurs: cellSpursRunJobChain
HLE: E {PPU[0x18] Thread (crTaskQueue)[0x00166324]} cellSpurs: cellSpursJoinJobChain
HLE: W {PPU[0x1] Thread (main_thread)[0x001669e4]} cellGcmSys: cellGcmSetTile(index=2, location=0, offset=17825792, size=8912896, pitch=8192, comp=9, base=0, bank=1)
HLE: E {PPU[0x1] Thread (main_thread)[0x001669e4]} cellGcmSys: cellGcmSetTile: bad compression mode! (9)
HLE: E {PPU[0x18] Thread (crTaskQueue)[0x001662c4]} cellSpurs: _cellSpursJobChainAttributeInitialize
HLE: E {PPU[0x18] Thread (crTaskQueue)[0x00166304]} cellSpurs: cellSpursJobChainAttributeSetName
HLE: E {PPU[0x18] Thread (crTaskQueue)[0x00166284]} cellSpurs: cellSpursCreateJobChainWithAttribute
HLE: E {PPU[0x18] Thread (crTaskQueue)[0x00166364]} cellSpurs: cellSpursRunJobChain
HLE: E {PPU[0x18] Thread (crTaskQueue)[0x00166324]} cellSpurs: cellSpursJoinJobChain
HLE: E {PPU[0x18] Thread (crTaskQueue)[0x001662c4]} cellSpurs: _cellSpursJobChainAttributeInitialize
HLE: E {PPU[0x18] Thread (crTaskQueue)[0x00166304]} cellSpurs: cellSpursJobChainAttributeSetName
HLE: E {PPU[0x18] Thread (crTaskQueue)[0x00166284]} cellSpurs: cellSpursCreateJobChainWithAttribute
HLE: E {PPU[0x18] Thread (crTaskQueue)[0x00166364]} cellSpurs: cellSpursRunJobChain
HLE: E {PPU[0x18] Thread (crTaskQueue)[0x00166324]} cellSpurs: cellSpursJoinJobChain
HLE: E {PPU[0x18] Thread (crTaskQueue)[0x001662c4]} cellSpurs: _cellSpursJobChainAttributeInitialize
HLE: E {PPU[0x18] Thread (crTaskQueue)[0x00166304]} cellSpurs: cellSpursJobChainAttributeSetName
HLE: E {PPU[0x18] Thread (crTaskQueue)[0x00166284]} cellSpurs: cellSpursCreateJobChainWithAttribute
HLE: E {PPU[0x18] Thread (crTaskQueue)[0x00166364]} cellSpurs: cellSpursRunJobChain
HLE: E {PPU[0x18] Thread (crTaskQueue)[0x00166324]} cellSpurs: cellSpursJoinJobChain
HLE: W {PPU[0x1] Thread (main_thread)[0x001669e4]} cellGcmSys: cellGcmSetTile(index=3, location=0, offset=26738688, size=8912896, pitch=8192, comp=0, base=0, bank=3)
HLE: E {PPU[0x18] Thread (crTaskQueue)[0x001662c4]} cellSpurs: _cellSpursJobChainAttributeInitialize
HLE: E {PPU[0x18] Thread (crTaskQueue)[0x00166304]} cellSpurs: cellSpursJobChainAttributeSetName
HLE: E {PPU[0x18] Thread (crTaskQueue)[0x00166284]} cellSpurs: cellSpursCreateJobChainWithAttribute
HLE: E {PPU[0x18] Thread (crTaskQueue)[0x00166364]} cellSpurs: cellSpursRunJobChain
HLE: E {PPU[0x18] Thread (crTaskQueue)[0x00166324]} cellSpurs: cellSpursJoinJobChain
HLE: E {PPU[0x18] Thread (crTaskQueue)[0x001662c4]} cellSpurs: _cellSpursJobChainAttributeInitialize
HLE: E {PPU[0x18] Thread (crTaskQueue)[0x00166304]} cellSpurs: cellSpursJobChainAttributeSetName
HLE: E {PPU[0x18] Thread (crTaskQueue)[0x00166284]} cellSpurs: cellSpursCreateJobChainWithAttribute
HLE: E {PPU[0x18] Thread (crTaskQueue)[0x00166364]} cellSpurs: cellSpursRunJobChain
HLE: E {PPU[0x18] Thread (crTaskQueue)[0x00166324]} cellSpurs: cellSpursJoinJobChain
HLE: E {PPU[0x18] Thread (crTaskQueue)[0x001662c4]} cellSpurs: _cellSpursJobChainAttributeInitialize
HLE: E {PPU[0x18] Thread (crTaskQueue)[0x00166304]} cellSpurs: cellSpursJobChainAttributeSetName
HLE: E {PPU[0x18] Thread (crTaskQueue)[0x00166284]} cellSpurs: cellSpursCreateJobChainWithAttribute
HLE: E {PPU[0x18] Thread (crTaskQueue)[0x00166364]} cellSpurs: cellSpursRunJobChain
HLE: E {PPU[0x18] Thread (crTaskQueue)[0x00166324]} cellSpurs: cellSpursJoinJobChain
HLE: W {PPU[0x1] Thread (main_thread)[0x001669e4]} cellGcmSys: cellGcmSetTile(index=4, location=0, offset=35651584, size=8912896, pitch=8192, comp=0, base=0, bank=2)
HLE: E {PPU[0x18] Thread (crTaskQueue)[0x001662c4]} cellSpurs: _cellSpursJobChainAttributeInitialize
HLE: E {PPU[0x18] Thread (crTaskQueue)[0x00166304]} cellSpurs: cellSpursJobChainAttributeSetName
HLE: E {PPU[0x18] Thread (crTaskQueue)[0x00166284]} cellSpurs: cellSpursCreateJobChainWithAttribute
HLE: E {PPU[0x18] Thread (crTaskQueue)[0x00166364]} cellSpurs: cellSpursRunJobChain
HLE: E {PPU[0x18] Thread (crTaskQueue)[0x00166324]} cellSpurs: cellSpursJoinJobChain
HLE: E {PPU[0x18] Thread (crTaskQueue)[0x001662c4]} cellSpurs: _cellSpursJobChainAttributeInitialize
HLE: E {PPU[0x18] Thread (crTaskQueue)[0x00166304]} cellSpurs: cellSpursJobChainAttributeSetName
HLE: E {PPU[0x18] Thread (crTaskQueue)[0x00166284]} cellSpurs: cellSpursCreateJobChainWithAttribute
HLE: E {PPU[0x18] Thread (crTaskQueue)[0x00166364]} cellSpurs: cellSpursRunJobChain
HLE: E {PPU[0x18] Thread (crTaskQueue)[0x00166324]} cellSpurs: cellSpursJoinJobChain
HLE: E {PPU[0x18] Thread (crTaskQueue)[0x001662c4]} cellSpurs: _cellSpursJobChainAttributeInitialize
HLE: E {PPU[0x18] Thread (crTaskQueue)[0x00166304]} cellSpurs: cellSpursJobChainAttributeSetName
HLE: E {PPU[0x18] Thread (crTaskQueue)[0x00166284]} cellSpurs: cellSpursCreateJobChainWithAttribute
HLE: E {PPU[0x18] Thread (crTaskQueue)[0x00166364]} cellSpurs: cellSpursRunJobChain
HLE: E {PPU[0x18] Thread (crTaskQueue)[0x00166324]} cellSpurs: cellSpursJoinJobChain
HLE: W {PPU[0x1] Thread (main_thread)[0x001669e4]} cellGcmSys: cellGcmSetTile(index=5, location=0, offset=44564480, size=2359296, pitch=4096, comp=0, base=0, bank=1)
HLE: E {PPU[0x18] Thread (crTaskQueue)[0x001662c4]} cellSpurs: _cellSpursJobChainAttributeInitialize
HLE: E {PPU[0x18] Thread (crTaskQueue)[0x00166304]} cellSpurs: cellSpursJobChainAttributeSetName
HLE: E {PPU[0x18] Thread (crTaskQueue)[0x00166284]} cellSpurs: cellSpursCreateJobChainWithAttribute
HLE: E {PPU[0x18] Thread (crTaskQueue)[0x00166364]} cellSpurs: cellSpursRunJobChain
HLE: E {PPU[0x18] Thread (crTaskQueue)[0x00166324]} cellSpurs: cellSpursJoinJobChain
HLE: E {PPU[0x18] Thread (crTaskQueue)[0x001662c4]} cellSpurs: _cellSpursJobChainAttributeInitialize
HLE: E {PPU[0x18] Thread (crTaskQueue)[0x00166304]} cellSpurs: cellSpursJobChainAttributeSetName
HLE: E {PPU[0x18] Thread (crTaskQueue)[0x00166284]} cellSpurs: cellSpursCreateJobChainWithAttribute
HLE: E {PPU[0x18] Thread (crTaskQueue)[0x00166364]} cellSpurs: cellSpursRunJobChain
HLE: E {PPU[0x18] Thread (crTaskQueue)[0x00166324]} cellSpurs: cellSpursJoinJobChain
HLE: E {PPU[0x18] Thread (crTaskQueue)[0x001662c4]} cellSpurs: _cellSpursJobChainAttributeInitialize
HLE: E {PPU[0x18] Thread (crTaskQueue)[0x00166304]} cellSpurs: cellSpursJobChainAttributeSetName
HLE: E {PPU[0x18] Thread (crTaskQueue)[0x00166284]} cellSpurs: cellSpursCreateJobChainWithAttribute
HLE: E {PPU[0x18] Thread (crTaskQueue)[0x00166364]} cellSpurs: cellSpursRunJobChain
HLE: E {PPU[0x18] Thread (crTaskQueue)[0x00166324]} cellSpurs: cellSpursJoinJobChain
HLE: W {PPU[0x1] Thread (main_thread)[0x001669e4]} cellGcmSys: cellGcmSetTile(index=6, location=0, offset=46923776, size=655360, pitch=2048, comp=0, base=0, bank=2)
HLE: E {PPU[0x18] Thread (crTaskQueue)[0x001662c4]} cellSpurs: _cellSpursJobChainAttributeInitialize
HLE: E {PPU[0x18] Thread (crTaskQueue)[0x00166304]} cellSpurs: cellSpursJobChainAttributeSetName
HLE: E {PPU[0x18] Thread (crTaskQueue)[0x00166284]} cellSpurs: cellSpursCreateJobChainWithAttribute
HLE: E {PPU[0x18] Thread (crTaskQueue)[0x00166364]} cellSpurs: cellSpursRunJobChain
HLE: E {PPU[0x18] Thread (crTaskQueue)[0x00166324]} cellSpurs: cellSpursJoinJobChain
HLE: E {PPU[0x18] Thread (crTaskQueue)[0x001662c4]} cellSpurs: _cellSpursJobChainAttributeInitialize
HLE: E {PPU[0x18] Thread (crTaskQueue)[0x00166304]} cellSpurs: cellSpursJobChainAttributeSetName
HLE: E {PPU[0x18] Thread (crTaskQueue)[0x00166284]} cellSpurs: cellSpursCreateJobChainWithAttribute
HLE: E {PPU[0x18] Thread (crTaskQueue)[0x00166364]} cellSpurs: cellSpursRunJobChain
HLE: E {PPU[0x18] Thread (crTaskQueue)[0x00166324]} cellSpurs: cellSpursJoinJobChain
HLE: E {PPU[0x18] Thread (crTaskQueue)[0x001662c4]} cellSpurs: _cellSpursJobChainAttributeInitialize
HLE: E {PPU[0x18] Thread (crTaskQueue)[0x00166304]} cellSpurs: cellSpursJobChainAttributeSetName
HLE: E {PPU[0x18] Thread (crTaskQueue)[0x00166284]} cellSpurs: cellSpursCreateJobChainWithAttribute
HLE: E {PPU[0x18] Thread (crTaskQueue)[0x00166364]} cellSpurs: cellSpursRunJobChain
HLE: E {PPU[0x18] Thread (crTaskQueue)[0x00166324]} cellSpurs: cellSpursJoinJobChain
HLE: W {PPU[0x1] Thread (main_thread)[0x001669e4]} cellGcmSys: cellGcmSetTile(index=7, location=0, offset=47579136, size=196608, pitch=1024, comp=0, base=0, bank=1)
HLE: W {PPU[0x1] Thread (main_thread)[0x00165044]} cellSysutil: cellVideoOutConfigure(videoOut=0, config=*0xd001f8d0, option=*0x0, waitForEvent=0x0)
HLE: E {PPU[0x18] Thread (crTaskQueue)[0x001662c4]} cellSpurs: _cellSpursJobChainAttributeInitialize
HLE: E {PPU[0x18] Thread (crTaskQueue)[0x00166304]} cellSpurs: cellSpursJobChainAttributeSetName
HLE: E {PPU[0x18] Thread (crTaskQueue)[0x00166284]} cellSpurs: cellSpursCreateJobChainWithAttribute
HLE: E {PPU[0x18] Thread (crTaskQueue)[0x00166364]} cellSpurs: cellSpursRunJobChain
HLE: E {PPU[0x18] Thread (crTaskQueue)[0x00166324]} cellSpurs: cellSpursJoinJobChain
HLE: E {PPU[0x18] Thread (crTaskQueue)[0x001662c4]} cellSpurs: _cellSpursJobChainAttributeInitialize
HLE: E {PPU[0x18] Thread (crTaskQueue)[0x00166304]} cellSpurs: cellSpursJobChainAttributeSetName
HLE: E {PPU[0x18] Thread (crTaskQueue)[0x00166284]} cellSpurs: cellSpursCreateJobChainWithAttribute
HLE: E {PPU[0x18] Thread (crTaskQueue)[0x00166364]} cellSpurs: cellSpursRunJobChain
HLE: E {PPU[0x18] Thread (crTaskQueue)[0x00166324]} cellSpurs: cellSpursJoinJobChain
HLE: E {PPU[0x18] Thread (crTaskQueue)[0x001662c4]} cellSpurs: _cellSpursJobChainAttributeInitialize
HLE: E {PPU[0x18] Thread (crTaskQueue)[0x00166304]} cellSpurs: cellSpursJobChainAttributeSetName
HLE: E {PPU[0x18] Thread (crTaskQueue)[0x00166284]} cellSpurs: cellSpursCreateJobChainWithAttribute
HLE: E {PPU[0x18] Thread (crTaskQueue)[0x00166364]} cellSpurs: cellSpursRunJobChain
HLE: E {PPU[0x18] Thread (crTaskQueue)[0x00166324]} cellSpurs: cellSpursJoinJobChain
HLE: E {PPU[0x18] Thread (crTaskQueue)[0x001662c4]} cellSpurs: _cellSpursJobChainAttributeInitialize
HLE: E {PPU[0x18] Thread (crTaskQueue)[0x00166304]} cellSpurs: cellSpursJobChainAttributeSetName
HLE: E {PPU[0x18] Thread (crTaskQueue)[0x00166284]} cellSpurs: cellSpursCreateJobChainWithAttribute
HLE: E {PPU[0x18] Thread (crTaskQueue)[0x00166364]} cellSpurs: cellSpursRunJobChain
HLE: E {PPU[0x18] Thread (crTaskQueue)[0x00166324]} cellSpurs: cellSpursJoinJobChain
HLE: E {PPU[0x18] Thread (crTaskQueue)[0x001662c4]} cellSpurs: _cellSpursJobChainAttributeInitialize
HLE: E {PPU[0x18] Thread (crTaskQueue)[0x00166304]} cellSpurs: cellSpursJobChainAttributeSetName
HLE: E {PPU[0x18] Thread (crTaskQueue)[0x00166284]} cellSpurs: cellSpursCreateJobChainWithAttribute
HLE: E {PPU[0x18] Thread (crTaskQueue)[0x00166364]} cellSpurs: cellSpursRunJobChain
HLE: E {PPU[0x18] Thread (crTaskQueue)[0x00166324]} cellSpurs: cellSpursJoinJobChain
HLE: E {PPU[0x18] Thread (crTaskQueue)[0x001662c4]} cellSpurs: _cellSpursJobChainAttributeInitialize
HLE: E {PPU[0x18] Thread (crTaskQueue)[0x00166304]} cellSpurs: cellSpursJobChainAttributeSetName
HLE: E {PPU[0x18] Thread (crTaskQueue)[0x00166284]} cellSpurs: cellSpursCreateJobChainWithAttribute
HLE: E {PPU[0x18] Thread (crTaskQueue)[0x00166364]} cellSpurs: cellSpursRunJobChain
HLE: E {PPU[0x18] Thread (crTaskQueue)[0x00166324]} cellSpurs: cellSpursJoinJobChain
HLE: E {PPU[0x18] Thread (crTaskQueue)[0x001662c4]} cellSpurs: _cellSpursJobChainAttributeInitialize
HLE: E {PPU[0x18] Thread (crTaskQueue)[0x00166304]} cellSpurs: cellSpursJobChainAttributeSetName
HLE: E {PPU[0x18] Thread (crTaskQueue)[0x00166284]} cellSpurs: cellSpursCreateJobChainWithAttribute
HLE: E {PPU[0x18] Thread (crTaskQueue)[0x00166364]} cellSpurs: cellSpursRunJobChain
HLE: E {PPU[0x18] Thread (crTaskQueue)[0x00166324]} cellSpurs: cellSpursJoinJobChain
HLE: E {PPU[0x18] Thread (crTaskQueue)[0x001662c4]} cellSpurs: _cellSpursJobChainAttributeInitialize
HLE: E {PPU[0x18] Thread (crTaskQueue)[0x00166304]} cellSpurs: cellSpursJobChainAttributeSetName
HLE: E {PPU[0x18] Thread (crTaskQueue)[0x00166284]} cellSpurs: cellSpursCreateJobChainWithAttribute
HLE: E {PPU[0x18] Thread (crTaskQueue)[0x00166364]} cellSpurs: cellSpursRunJobChain
HLE: E {PPU[0x18] Thread (crTaskQueue)[0x00166324]} cellSpurs: cellSpursJoinJobChain
HLE: E {PPU[0x18] Thread (crTaskQueue)[0x001662c4]} cellSpurs: _cellSpursJobChainAttributeInitialize
HLE: E {PPU[0x18] Thread (crTaskQueue)[0x00166304]} cellSpurs: cellSpursJobChainAttributeSetName
HLE: E {PPU[0x18] Thread (crTaskQueue)[0x00166284]} cellSpurs: cellSpursCreateJobChainWithAttribute
HLE: E {PPU[0x18] Thread (crTaskQueue)[0x00166364]} cellSpurs: cellSpursRunJobChain
HLE: E {PPU[0x18] Thread (crTaskQueue)[0x00166324]} cellSpurs: cellSpursJoinJobChain
HLE: E {PPU[0x1] Thread (main_thread)[0x00166a04]} cellGcmSys TODO: cellGcmSetZcull(index=0, offset=0x1100000, width=1920, height=1088, cullStart=0x0, zFormat=0x2, aaFormat=0x0, zCullDir=0x201, zCullFormat=0x1, sFunc=0x7, sRef=0x80, sMask=0xff)
HLE: E {PPU[0x18] Thread (crTaskQueue)[0x001662c4]} cellSpurs: _cellSpursJobChainAttributeInitialize
HLE: E {PPU[0x18] Thread (crTaskQueue)[0x00166304]} cellSpurs: cellSpursJobChainAttributeSetName
HLE: E {PPU[0x18] Thread (crTaskQueue)[0x00166284]} cellSpurs: cellSpursCreateJobChainWithAttribute
HLE: E {PPU[0x18] Thread (crTaskQueue)[0x00166364]} cellSpurs: cellSpursRunJobChain
HLE: E {PPU[0x18] Thread (crTaskQueue)[0x00166324]} cellSpurs: cellSpursJoinJobChain
HLE: E {PPU[0x18] Thread (crTaskQueue)[0x001662c4]} cellSpurs: _cellSpursJobChainAttributeInitialize
HLE: E {PPU[0x18] Thread (crTaskQueue)[0x00166304]} cellSpurs: cellSpursJobChainAttributeSetName
HLE: E {PPU[0x18] Thread (crTaskQueue)[0x00166284]} cellSpurs: cellSpursCreateJobChainWithAttribute
HLE: E {PPU[0x18] Thread (crTaskQueue)[0x00166364]} cellSpurs: cellSpursRunJobChain
HLE: E {PPU[0x18] Thread (crTaskQueue)[0x00166324]} cellSpurs: cellSpursJoinJobChain
HLE: E {PPU[0x18] Thread (crTaskQueue)[0x001662c4]} cellSpurs: _cellSpursJobChainAttributeInitialize
HLE: E {PPU[0x18] Thread (crTaskQueue)[0x00166304]} cellSpurs: cellSpursJobChainAttributeSetName
HLE: E {PPU[0x18] Thread (crTaskQueue)[0x00166284]} cellSpurs: cellSpursCreateJobChainWithAttribute
HLE: E {PPU[0x18] Thread (crTaskQueue)[0x00166364]} cellSpurs: cellSpursRunJobChain
HLE: E {PPU[0x18] Thread (crTaskQueue)[0x00166324]} cellSpurs: cellSpursJoinJobChain
HLE: E {PPU[0x18] Thread (crTaskQueue)[0x001662c4]} cellSpurs: _cellSpursJobChainAttributeInitialize
HLE: E {PPU[0x18] Thread (crTaskQueue)[0x00166304]} cellSpurs: cellSpursJobChainAttributeSetName
HLE: E {PPU[0x18] Thread (crTaskQueue)[0x00166284]} cellSpurs: cellSpursCreateJobChainWithAttribute
HLE: E {PPU[0x18] Thread (crTaskQueue)[0x00166364]} cellSpurs: cellSpursRunJobChain
HLE: E {PPU[0x18] Thread (crTaskQueue)[0x00166324]} cellSpurs: cellSpursJoinJobChain
HLE: W {PPU[0x11] Thread (crCommandQueue)[0x00164e84]} cellGcmSys: cellGcmSetFlipMode(mode=1)
HLE: W {PPU[0x11] Thread (crCommandQueue)[0x00164e84]} cellGcmSys: cellGcmSetFlipMode(mode=1)
RSX: W {RSXThread} TODO: NV4097_INVALIDATE_L2: 0x1
RSX: W {RSXThread} TODO: NV4097_INVALIDATE_L2: 0x2
RSX: W {RSXThread} TODO: NV4097_SET_WINDOW_OFFSET: x=0, y=0
RSX: W {RSXThread} TODO: NV4097_SET_ANTI_ALIASING_CONTROL: 0xffff0000
RSX: W {RSXThread} TODO: NV4097_SET_ZCULL_CONTROL0: 0x10
RSX: W {RSXThread} Creating RTT
RSX: W {RSXThread} TODO: NV4097_SET_VERTEX_ATTRIB_INPUT_MASK: 0x109
RSX: W {RSXThread} TODO: NV4097_SET_VERTEX_ATTRIB_OUTPUT_MASK: 0x4001
RSX: W {RSXThread} TODO: NV4097_SET_TEX_COORD_CONTROL(texMask2D=1, texMaskCentroid=0)
RSX: W {RSXThread} TODO: NV4097_INVALIDATE_L2: 0x1
RSX: W {RSXThread} TODO: NV4097_SET_WINDOW_OFFSET: x=0, y=0
RSX: W {RSXThread} TODO: NV4097_SET_ANTI_ALIASING_CONTROL: 0xffff0000
RSX: W {RSXThread} TODO: NV4097_SET_ZCULL_CONTROL0: 0x10
RSX: W {RSXThread} TODO: NV4097_SET_VERTEX_ATTRIB_OUTPUT_MASK: 0x4000
RSX: W {RSXThread} TODO: NV4097_SET_TEX_COORD_CONTROL(texMask2D=1, texMaskCentroid=0)
RSX: W {RSXThread} Creating RTT
RSX: W {RSXThread} VP not found in buffer!
RSX: W {RSXThread} FP not found in buffer!
RSX: E {RSXThread} Unimplemented TEX_SRB instruction: UPB
RSX: E {RSXThread} Unimplemented SCB instruction: PKG
RSX: E {RSXThread} Unknown/illegal instruction: 0x30 (forced unit 0)
RSX: E {RSXThread} Unimplemented TEX_SRB instruction: UPB
RSX: E {RSXThread} Unimplemented SCB instruction: PKG
RSX: E {RSXThread} Unknown/illegal instruction: 0x30 (forced unit 0)
RSX: E {RSXThread} Unknown/illegal instruction: 0x48 (forced unit 0)
RSX: E {RSXThread} Unknown/illegal instruction: 0x4c (forced unit 0)
RSX: E {RSXThread} Unknown/illegal instruction: 0x50 (forced unit 0)
RSX: E {RSXThread} Unknown/illegal instruction: 0x54 (forced unit 0)
RSX: E {RSXThread} Unknown/illegal instruction: 0x58 (forced unit 0)
RSX: E {RSXThread} Unknown/illegal instruction: 0x5c (forced unit 0)
RSX: E {RSXThread} Unknown/illegal instruction: 0x60 (forced unit 0)
RSX: E {RSXThread} Unknown/illegal instruction: 0x64 (forced unit 0)
RSX: E {RSXThread} Unknown/illegal instruction: 0x68 (forced unit 0)
RSX: E {RSXThread} Unknown/illegal instruction: 0x6c (forced unit 0)
RSX: E {RSXThread} Unknown/illegal instruction: 0x70 (forced unit 0)
RSX: E {RSXThread} Unknown/illegal instruction: 0x74 (forced unit 0)
RSX: E {RSXThread} Unknown/illegal instruction: 0x78 (forced unit 0)
RSX: E {RSXThread} Unknown/illegal instruction: 0x7c (forced unit 0)
RSX: E {RSXThread} Unknown/illegal instruction: 0x48 (forced unit 0)
RSX: E {RSXThread} Unknown/illegal instruction: 0x4c (forced unit 0)
RSX: E {RSXThread} Unknown/illegal instruction: 0x50 (forced unit 0)
RSX: E {RSXThread} Unknown/illegal instruction: 0x54 (forced unit 0)
RSX: E {RSXThread} Unknown/illegal instruction: 0x58 (forced unit 0)
RSX: E {RSXThread} Unknown/illegal instruction: 0x5c (forced unit 0)
RSX: E {RSXThread} Unknown/illegal instruction: 0x60 (forced unit 0)
RSX: E {RSXThread} Unknown/illegal instruction: 0x64 (forced unit 0)
RSX: E {RSXThread} Unknown/illegal instruction: 0x68 (forced unit 0)
RSX: E {RSXThread} Unknown/illegal instruction: 0x6c (forced unit 0)
RSX: E {RSXThread} Unknown/illegal instruction: 0x70 (forced unit 0)
RSX: E {RSXThread} Unknown/illegal instruction: 0x74 (forced unit 0)
RSX: E {RSXThread} Unknown/illegal instruction: 0x78 (forced unit 0)
RSX: E {RSXThread} Unknown/illegal instruction: 0x7c (forced unit 0)
RSX: E {RSXThread} Unimplemented TEX_SRB instruction: UPB
RSX: E {RSXThread} Unimplemented SCB instruction: PKG
RSX: E {RSXThread} Unknown/illegal instruction: 0x30 (forced unit 0)
RSX: E {RSXThread} Unimplemented TEX_SRB instruction: UPB
RSX: E {RSXThread} Unimplemented SCB instruction: PKG
RSX: E {RSXThread} Unknown/illegal instruction: 0x30 (forced unit 0)
RSX: E {RSXThread} Unknown/illegal instruction: 0x48 (forced unit 0)
RSX: E {RSXThread} Unknown/illegal instruction: 0x4c (forced unit 0)
RSX: E {RSXThread} Unknown/illegal instruction: 0x50 (forced unit 0)
RSX: E {RSXThread} Unknown/illegal instruction: 0x54 (forced unit 0)
RSX: E {RSXThread} Unknown/illegal instruction: 0x58 (forced unit 0)
RSX: E {RSXThread} Unknown/illegal instruction: 0x5c (forced unit 0)
RSX: E {RSXThread} Unknown/illegal instruction: 0x60 (forced unit 0)
RSX: E {RSXThread} Unknown/illegal instruction: 0x64 (forced unit 0)
RSX: E {RSXThread} Unknown/illegal instruction: 0x68 (forced unit 0)
RSX: E {RSXThread} Unknown/illegal instruction: 0x6c (forced unit 0)
RSX: E {RSXThread} Unknown/illegal instruction: 0x70 (forced unit 0)
RSX: E {RSXThread} Unknown/illegal instruction: 0x74 (forced unit 0)
RSX: E {RSXThread} Unknown/illegal instruction: 0x78 (forced unit 0)
RSX: E {RSXThread} Unknown/illegal instruction: 0x7c (forced unit 0)
RSX: E {RSXThread} Unknown/illegal instruction: 0x48 (forced unit 0)
RSX: E {RSXThread} Unknown/illegal instruction: 0x4c (forced unit 0)
RSX: E {RSXThread} Unknown/illegal instruction: 0x50 (forced unit 0)
RSX: E {RSXThread} Unknown/illegal instruction: 0x54 (forced unit 0)
RSX: E {RSXThread} Unknown/illegal instruction: 0x58 (forced unit 0)
RSX: E {RSXThread} Unknown/illegal instruction: 0x5c (forced unit 0)
RSX: E {RSXThread} Unknown/illegal instruction: 0x60 (forced unit 0)
RSX: E {RSXThread} Unknown/illegal instruction: 0x64 (forced unit 0)
RSX: E {RSXThread} Unknown/illegal instruction: 0x68 (forced unit 0)
RSX: E {RSXThread} Unknown/illegal instruction: 0x6c (forced unit 0)
RSX: E {RSXThread} Unknown/illegal instruction: 0x70 (forced unit 0)
RSX: E {RSXThread} Unknown/illegal instruction: 0x74 (forced unit 0)
RSX: E {RSXThread} Unknown/illegal instruction: 0x78 (forced unit 0)
RSX: E {RSXThread} Unknown/illegal instruction: 0x7c (forced unit 0)
RSX: E {RSXThread} Unknown/illegal instruction: 0x5c (forced unit 0)
RSX: E {RSXThread} Unknown/illegal instruction: 0x5c (forced unit 0)
RSX: E {RSXThread} Unknown/illegal instruction: 0x5c (forced unit 0)
RSX: E {RSXThread} Unknown/illegal instruction: 0x5c (forced unit 0)
RSX: E {RSXThread} FS build failed:D:\Emulateurs\Rpcs3\FragmentProgram.hlsl(40,20-21): warning X3078: 'i0': loop control variable conflicts with a previous declaration in the outer scope; most recent declaration will be used
D:\Emulateurs\Rpcs3\FragmentProgram.hlsl(41,20-21): warning X3078: 'i0': loop control variable conflicts with a previous declaration in the outer scope; most recent declaration will be used
D:\Emulateurs\Rpcs3\FragmentProgram.hlsl(42,20-21): warning X3078: 'i0': loop control variable conflicts with a previous declaration in the outer scope; most recent declaration will be used
D:\Emulateurs\Rpcs3\FragmentProgram.hlsl(45,23-31): error X3018: invalid subscript 'ocol0'

RSX: W {RSXThread} Add program :
RSX: W {RSXThread} *** vp id = 0
RSX: W {RSXThread} *** fp id = 1
RSX: E {RSXThread} LoadProgram failed.
G: ! Stopping emulator...
G: ! All threads signaled...
G: ! {PPU[0x11] Thread (crCommandQueue)[0x00145200]} Thread aborted
HLE: S {PPU[0x18] Thread (crTaskQueue)[0x00145e44]} Last syscall: 92 (sys_semaphore_wait)
G: ! {PPU[0x1] Thread (main_thread)[0x00143840]} Thread aborted
G: ! {PPU[0x18] Thread (crTaskQueue)[0x00145e44]} Thread aborted
G: ! {PPU[0x2] Thread (Callback Thread)[0x00000000]} Thread aborted
G: ! {PPU[0x42] Thread (CrSpursHdlr1)[0x00000000]} Thread aborted
G: ! {VBlank Thread} Thread aborted
G: ! {PPU[0x43] Thread (CrSpursHdlr0)[0x00000000]} Thread aborted
G: ! {SPU[0x3c] Thread (CrCellSpursKernel1)[0x00000848]} Thread aborted
G: ! {SPU[0x3b] Thread (CrCellSpursKernel0)[0x00000848]} Thread aborted
G: ! {SPU[0x3d] Thread (CrCellSpursKernel2)[0x00000848]} Thread aborted
G: ! All threads stopped...
G: ! Objects cleared...
